
   Program  MARK  - Survival Rate Estimation with Capture-Recapture Data
   gfortran(dble) Vers. 9.0 Mar 2018     2-Dec-2019 16:22:46    Page  001
 - - - - - - - - - - - - - - - - - - - - - - - - - - - - - - - - - - - - - -
 
   This version was compiled by GCC version 7.2.0 using the options: 
     -cpp -iprefix C:/Program Files/mingw-w64/x86_64-7.2.0-posix-seh-rt_v5-rev1/
     mingw64/bin/../lib/gcc/x86_64-w64-mingw32/7.2.0/ -D_MT -D_REENTRANT
     -U_REENTRANT -D IEEE -D DBLEPRECISION -m64 -mtune=core2 -march=nocona -mthreads
     -O2 -fimplicit-none -fbounds-check -funroll-loops -ftree-vectorize
     -ffpe-summary=invalid,zero,overflow,underflow -fno-unsafe-math-optimizations
     -frounding-math -fsignaling-nans -fopenmp.

   This problem will use 7 of 8 possible threads.


  INPUT --- proc title ;

   CPU Time for the last procedure was 0.01 seconds.     


  INPUT --- proc chmatrix occasions= 3 groups= 1 etype= Occupancy 
  INPUT --- Nodes= 101 icovar = 2 ICMeans  NoHist hist= 137 ;

  INPUT ---    time interval 1 1 1 ;

  INPUT ---     icovariates maxflow avgT ;

  INPUT ---    glabel(1)=freq1;

      Number of unique encounter histories read was 137.

      Number of individual covariates read was 2.
      Time interval lengths are all equal to 1.

      Data type number is 27
      Data type is Occupancy Estimation with Detection < 1                                                             

   CPU Time for the last procedure was 0.01 seconds.     

  Program  MARK  - Survival Rate Estimation with Capture-Recapture Data
   gfortran(dble) Vers. 9.0 Mar 2018     2-Dec-2019 16:22:46    Page  002
 - - - - - - - - - - - - - - - - - - - - - - - - - - - - - - - - - - - - - -
 


  INPUT --- proc estimate link=Logit NOLOOP varest=2ndPart    ;


  INPUT --- model={ p(~maxflow)Psi(~avgT) };

  INPUT ---    group=1 p    rows=1 cols=3 Square ;
  INPUT ---        1 1 1 ;

  INPUT ---    group=1 Psi    rows=1 cols=1 Square ;
  INPUT ---        2 ;

  INPUT ---    design matrix constraints=2 covariates=4;
  INPUT ---        1 maxflow 0 0;
  INPUT ---        0 0 1 avgT;
  INPUT ---       blabel(1)=p:(Intercept);
  INPUT ---       blabel(2)=p:maxflow;
  INPUT ---       blabel(3)=Psi:(Intercept);
  INPUT ---       blabel(4)=Psi:avgT;
  INPUT ---       rlabel(1)=p g1 a0 t1;
  INPUT ---       rlabel(2)=Psi g1 a0 t1;

 Link Function Used is LOGIT        

 Variance Estimation Procedure Used is 2ndPart 
 -2logL(saturated) = 0.0000000     
 Effective Sample Size = 138

 Number of function evaluations was 31 for 4 parameters.
 Time for numerical optimization was 0.06 seconds.     
 -2logL { p(~maxflow)Psi(~avgT) } = 152.70874     
 Penalty { p(~maxflow)Psi(~avgT) } = 0.0000000     
 Gradient { p(~maxflow)Psi(~avgT) }:
   0.000000     -0.1962142E-07 -0.1714664E-05 -0.9692202E-06
 Maximum ABS(G) { p(~maxflow)Psi(~avgT) } = 0.1714664E-05 
 S Vector { p(~maxflow)Psi(~avgT) }:
   19.87480      9.137109     0.5933914E-01 0.6719916E-04
 Time to compute number of parameters was 0.08 seconds.     
 Ratio Threshold = 50.000000       Max Gap (3/4) = 883.03401       Next Max Gap (2/3) = 153.98114     
 Gap Method for Num. of Estimated Parameters { p(~maxflow)Psi(~avgT) } = 2          
 Threshold { p(~maxflow)Psi(~avgT) } = 0.3429328E-05                 
 Numerical Threshold Method for Num. of Estimated Parameters { p(~maxflow)Psi(~avgT) } = 4          
 Number of Estimated Parameters { p(~maxflow)Psi(~avgT) } = 4          

   * *  WARNING  * *   Number of parameters estimated from gap method (=2) and threshold method (=4) differ.  Inspect full output.                                                                                                                                                                                                                                                                                                                                                                                                                      
 Ratios of S Vector { p(~maxflow)Psi(~avgT) }:
   1/2    2.175173       2/3    153.9811       3/4    883.0340    
 DEVIANCE { p(~maxflow)Psi(~avgT) } = 152.70874                     
 DEVIANCE Degrees of Freedom { p(~maxflow)Psi(~avgT) } = 134            
 c-hat { p(~maxflow)Psi(~avgT) } = 1.1396175                     
 AIC { p(~maxflow)Psi(~avgT) } = 160.70874                  
 AICc { p(~maxflow)Psi(~avgT) } = 161.00949                    
 BIC { p(~maxflow)Psi(~avgT) } = 172.41776                    
 Pearson Chisquare { p(~maxflow)Psi(~avgT) } = 671.10522                  

  Program  MARK  - Survival Rate Estimation with Capture-Recapture Data
   gfortran(dble) Vers. 9.0 Mar 2018     2-Dec-2019 16:22:46    Page  003
 - - - - - - - - - - - - - - - - - - - - - - - - - - - - - - - - - - - - - -
 


                  LOGIT Link Function Parameters of { p(~maxflow)Psi(~avgT) }
                                                              95% Confidence Interval
 Parameter                    Beta         Standard Error      Lower           Upper
 -------------------------  --------------  --------------  --------------  --------------
    1:p:(Intercept)          2.0774724       1.5016673      -0.8657956       5.0207404    
    2:p:maxflow             -1.4576891       1.8481738      -5.0801099       2.1647316    
    3:Psi:(Intercept)        7.8989976       2.4505907       3.0958398       12.702156    
    4:Psi:avgT              -0.6441284       0.1664442      -0.9703590      -0.3178978    


                  Real Function Parameters of { p(~maxflow)Psi(~avgT) }

      Following estimates based on unstandardized individual covariate values:
          Variable   Value         
          ---------  ------------- 
          MAXFLOW     1.5131159    
          AVGT        15.739451    
                                                               95% Confidence Interval
  Parameter                  Estimate       Standard Error      Lower           Upper
 --------------------------  --------------  --------------  --------------  --------------
     1:p g1 a0 t1             0.4679987       0.3415943       0.0563967       0.9283047                          
     2:Psi g1 a0 t1           0.0962826       0.0294773       0.0519945       0.1714711                          


                      Estimates of Derived Parameters
             Occupancy Estimates of { p(~maxflow)Psi(~avgT) }
                                            95% Confidence Interval
 Group   Psi-hat         Standard Error      Lower           Upper
 -----   --------------  --------------  --------------  --------------
   1      0.0962826       0.0294773       0.0519945       0.1714711    

 Attempted ordering of parameters by estimatibility:
  3 1 4 2
 Beta number 2 is a singular value.

   CPU Time for the last procedure was 0.16 seconds.     

  Program  MARK  - Survival Rate Estimation with Capture-Recapture Data
   gfortran(dble) Vers. 9.0 Mar 2018     2-Dec-2019 16:22:46    Page  004
 - - - - - - - - - - - - - - - - - - - - - - - - - - - - - - - - - - - - - -
 


  INPUT --- proc stop;

     CPU Time in minutes for this job was 0.00

     Time Start = 16:22:46.224   Time End = 16:22:46.397

     Wall Clock Time in minutes for this job was 0.00


          E X E C U T I O N   S U C C E S S F U L 
