
   Program  MARK  - Survival Rate Estimation with Capture-Recapture Data
   gfortran(dble) Vers. 9.0 Mar 2018     2-Dec-2019 16:22:48    Page  001
 - - - - - - - - - - - - - - - - - - - - - - - - - - - - - - - - - - - - - -
 
   This version was compiled by GCC version 7.2.0 using the options: 
     -cpp -iprefix C:/Program Files/mingw-w64/x86_64-7.2.0-posix-seh-rt_v5-rev1/
     mingw64/bin/../lib/gcc/x86_64-w64-mingw32/7.2.0/ -D_MT -D_REENTRANT
     -U_REENTRANT -D IEEE -D DBLEPRECISION -m64 -mtune=core2 -march=nocona -mthreads
     -O2 -fimplicit-none -fbounds-check -funroll-loops -ftree-vectorize
     -ffpe-summary=invalid,zero,overflow,underflow -fno-unsafe-math-optimizations
     -frounding-math -fsignaling-nans -fopenmp.

   This problem will use 7 of 8 possible threads.


  INPUT --- proc title ;

   CPU Time for the last procedure was 0.01 seconds.     


  INPUT --- proc chmatrix occasions= 3 groups= 1 etype= Occupancy 
  INPUT --- Nodes= 101 icovar = 4 ICMeans  NoHist hist= 138 ;

  INPUT ---    time interval 1 1 1 ;

  INPUT ---     icovariates mxflow1 mxflow2 mxflow3 avgT ;

  INPUT ---    glabel(1)=freq1;

      Number of unique encounter histories read was 138.

      Number of individual covariates read was 4.
      Time interval lengths are all equal to 1.

      Data type number is 27
      Data type is Occupancy Estimation with Detection < 1                                                             

   CPU Time for the last procedure was 0.02 seconds.     

  Program  MARK  - Survival Rate Estimation with Capture-Recapture Data
   gfortran(dble) Vers. 9.0 Mar 2018     2-Dec-2019 16:22:48    Page  002
 - - - - - - - - - - - - - - - - - - - - - - - - - - - - - - - - - - - - - -
 


  INPUT --- proc estimate link=Logit NOLOOP varest=2ndPart    ;


  INPUT --- model={ p(~mxflow)Psi(~avgT) };

  INPUT ---    group=1 p    rows=1 cols=3 Square ;
  INPUT ---        1 2 3 ;

  INPUT ---    group=1 Psi    rows=1 cols=1 Square ;
  INPUT ---        4 ;

  INPUT ---    design matrix constraints=4 covariates=4;
  INPUT ---        1 mxflow1 0 0;
  INPUT ---        1 mxflow2 0 0;
  INPUT ---        1 mxflow3 0 0;
  INPUT ---        0 0 1 avgT;
  INPUT ---       blabel(1)=p:(Intercept);
  INPUT ---       blabel(2)=p:mxflow;
  INPUT ---       blabel(3)=Psi:(Intercept);
  INPUT ---       blabel(4)=Psi:avgT;
  INPUT ---       rlabel(1)=p g1 a0 t1;
  INPUT ---       rlabel(2)=p g1 a1 t2;
  INPUT ---       rlabel(3)=p g1 a2 t3;
  INPUT ---       rlabel(4)=Psi g1 a0 t1;

 Link Function Used is LOGIT        

 Variance Estimation Procedure Used is 2ndPart 
 -2logL(saturated) = 0.0000000     
 Effective Sample Size = 138

 Number of function evaluations was 28 for 4 parameters.
 Time for numerical optimization was 0.11 seconds.     
 -2logL { p(~mxflow)Psi(~avgT) } = 154.25022     
 Penalty { p(~mxflow)Psi(~avgT) } = 0.0000000     
 Gradient { p(~mxflow)Psi(~avgT) }:
 -0.9598706E-06  0.2303739E-06 -0.1306068E-05 -0.6991181E-06
 Maximum ABS(G) { p(~mxflow)Psi(~avgT) } = 0.1306068E-05 
 S Vector { p(~mxflow)Psi(~avgT) }:
   20.06001      9.298094     0.6043744E-01 0.2895225E-03
 Time to compute number of parameters was 0.05 seconds.     
 Ratio Threshold = 50.000000       Max Gap (3/4) = 208.74869       Next Max Gap (2/3) = 153.84657     
 Gap Method for Num. of Estimated Parameters { p(~mxflow)Psi(~avgT) } = 2          
 Threshold { p(~mxflow)Psi(~avgT) } = 0.2612135E-05                 
 Numerical Threshold Method for Num. of Estimated Parameters { p(~mxflow)Psi(~avgT) } = 4          
 Number of Estimated Parameters { p(~mxflow)Psi(~avgT) } = 4          

   * *  WARNING  * *   Number of parameters estimated from gap method (=2) and threshold method (=4) differ.  Inspect full output.                                                                                                                                                                                                                                                                                                                                                                                                                      
 Ratios of S Vector { p(~mxflow)Psi(~avgT) }:
   1/2    2.157432       2/3    153.8466       3/4    208.7487    
 DEVIANCE { p(~mxflow)Psi(~avgT) } = 154.25022                     
 DEVIANCE Degrees of Freedom { p(~mxflow)Psi(~avgT) } = 134            
 c-hat { p(~mxflow)Psi(~avgT) } = 1.1511211                     
 AIC { p(~mxflow)Psi(~avgT) } = 162.25022                  
 AICc { p(~mxflow)Psi(~avgT) } = 162.55097                    
 BIC { p(~mxflow)Psi(~avgT) } = 173.95924                    
 Pearson Chisquare { p(~mxflow)Psi(~avgT) } = 710.48165                  

  Program  MARK  - Survival Rate Estimation with Capture-Recapture Data
   gfortran(dble) Vers. 9.0 Mar 2018     2-Dec-2019 16:22:48    Page  003
 - - - - - - - - - - - - - - - - - - - - - - - - - - - - - - - - - - - - - -
 


                   LOGIT Link Function Parameters of { p(~mxflow)Psi(~avgT) }
                                                              95% Confidence Interval
 Parameter                    Beta         Standard Error      Lower           Upper
 -------------------------  --------------  --------------  --------------  --------------
    1:p:(Intercept)          0.9870893       0.6058804      -0.2004363       2.1746149    
    2:p:mxflow              -0.1102933       0.8904271      -1.8555305       1.6349439    
    3:Psi:(Intercept)        7.7622502       2.4249829       3.0092836       12.515217    
    4:Psi:avgT              -0.6373550       0.1650688      -0.9608898      -0.3138202    


                   Real Function Parameters of { p(~mxflow)Psi(~avgT) }

      Following estimates based on unstandardized individual covariate values:
          Variable   Value         
          ---------  ------------- 
          MXFLOW1     0.8952899    
          MXFLOW2     1.0911594    
          MXFLOW3     0.5689855    
          AVGT        15.739451    
                                                               95% Confidence Interval
  Parameter                  Estimate       Standard Error      Lower           Upper
 --------------------------  --------------  --------------  --------------  --------------
     1:p g1 a0 t1             0.7085485       0.0900564       0.5084001       0.8510786                          
     2:p g1 a1 t2             0.7040673       0.1180346       0.4393983       0.8783704                          
     3:p g1 a2 t3             0.7159244       0.0666666       0.5699995       0.8273297                          
     4:Psi g1 a0 t1           0.0936919       0.0287159       0.0505847       0.1670696                          


                      Estimates of Derived Parameters
             Occupancy Estimates of { p(~mxflow)Psi(~avgT) }
                                            95% Confidence Interval
 Group   Psi-hat         Standard Error      Lower           Upper
 -----   --------------  --------------  --------------  --------------
   1      0.0936919       0.0287159       0.0505847       0.1670696    

 Attempted ordering of parameters by estimatibility:
  3 1 4 2
 Beta number 2 is a singular value.

   CPU Time for the last procedure was 0.16 seconds.     

  Program  MARK  - Survival Rate Estimation with Capture-Recapture Data
   gfortran(dble) Vers. 9.0 Mar 2018     2-Dec-2019 16:22:48    Page  004
 - - - - - - - - - - - - - - - - - - - - - - - - - - - - - - - - - - - - - -
 


  INPUT --- proc stop;

     CPU Time in minutes for this job was 0.00

     Time Start = 16:22:48.769   Time End = 16:22:48.933

     Wall Clock Time in minutes for this job was 0.00


          E X E C U T I O N   S U C C E S S F U L 
