
   Program  MARK  - Survival Rate Estimation with Capture-Recapture Data
   gfortran(dble) Vers. 9.0 Mar 2018     2-Dec-2019 17:00:33    Page  001
 - - - - - - - - - - - - - - - - - - - - - - - - - - - - - - - - - - - - - -
 
   This version was compiled by GCC version 7.2.0 using the options: 
     -cpp -iprefix C:/Program Files/mingw-w64/x86_64-7.2.0-posix-seh-rt_v5-rev1/
     mingw64/bin/../lib/gcc/x86_64-w64-mingw32/7.2.0/ -D_MT -D_REENTRANT
     -U_REENTRANT -D IEEE -D DBLEPRECISION -m64 -mtune=core2 -march=nocona -mthreads
     -O2 -fimplicit-none -fbounds-check -funroll-loops -ftree-vectorize
     -ffpe-summary=invalid,zero,overflow,underflow -fno-unsafe-math-optimizations
     -frounding-math -fsignaling-nans -fopenmp.

   This problem will use 7 of 8 possible threads.


  INPUT --- proc title ;

   CPU Time for the last procedure was 0.01 seconds.     


  INPUT --- proc chmatrix occasions= 3 groups= 1 etype= Occupancy 
  INPUT --- Nodes= 101 icovar = 4 ICMeans  NoHist hist= 138 ;

  INPUT ---    time interval 1 1 1 ;

  INPUT ---     icovariates undr1 undr2 undr3 WidDep ;

  INPUT ---    glabel(1)=freq1;

      Number of unique encounter histories read was 138.

      Number of individual covariates read was 4.
      Time interval lengths are all equal to 1.

      Data type number is 27
      Data type is Occupancy Estimation with Detection < 1                                                             

   CPU Time for the last procedure was 0.01 seconds.     

  Program  MARK  - Survival Rate Estimation with Capture-Recapture Data
   gfortran(dble) Vers. 9.0 Mar 2018     2-Dec-2019 17:00:33    Page  002
 - - - - - - - - - - - - - - - - - - - - - - - - - - - - - - - - - - - - - -
 


  INPUT --- proc estimate link=Logit NOLOOP varest=2ndPart    ;


  INPUT --- model={ p(~undr)Psi(~WidDep) };

  INPUT ---    group=1 p    rows=1 cols=3 Square ;
  INPUT ---        1 2 3 ;

  INPUT ---    group=1 Psi    rows=1 cols=1 Square ;
  INPUT ---        4 ;

  INPUT ---    design matrix constraints=4 covariates=4;
  INPUT ---        1 undr1 0 0;
  INPUT ---        1 undr2 0 0;
  INPUT ---        1 undr3 0 0;
  INPUT ---        0 0 1 WidDep;
  INPUT ---       blabel(1)=p:(Intercept);
  INPUT ---       blabel(2)=p:undr;
  INPUT ---       blabel(3)=Psi:(Intercept);
  INPUT ---       blabel(4)=Psi:WidDep;
  INPUT ---       rlabel(1)=p g1 a0 t1;
  INPUT ---       rlabel(2)=p g1 a1 t2;
  INPUT ---       rlabel(3)=p g1 a2 t3;
  INPUT ---       rlabel(4)=Psi g1 a0 t1;

 Link Function Used is LOGIT        

 Variance Estimation Procedure Used is 2ndPart 
 -2logL(saturated) = 0.0000000     
 Effective Sample Size = 138

 Number of function evaluations was 11 for 4 parameters.
 Time for numerical optimization was 0.01 seconds.     
 -2logL { p(~undr)Psi(~WidDep) } = 173.84012     
 Penalty { p(~undr)Psi(~WidDep) } = 0.0000000     
 Gradient { p(~undr)Psi(~WidDep) }:
 -0.1234002E-05   0.000000      0.7333528E-06  0.2697877E-05
 Maximum ABS(G) { p(~undr)Psi(~WidDep) } = 0.2697877E-05 
 S Vector { p(~undr)Psi(~WidDep) }:
   20.06855      9.391659     0.5002493     0.3591983    
 Time to compute number of parameters was 0.01 seconds.     
 Ratio Threshold = 50.000000       Max Gap (2/3) = 18.773956       Next Max Gap (1/2) = 2.1368487     
 Gap Method for Num. of Estimated Parameters { p(~undr)Psi(~WidDep) } = 4          
 Threshold { p(~undr)Psi(~WidDep) } = 0.5395753E-05                 
 Numerical Threshold Method for Num. of Estimated Parameters { p(~undr)Psi(~WidDep) } = 4          
 Number of Estimated Parameters { p(~undr)Psi(~WidDep) } = 4          
 DEVIANCE { p(~undr)Psi(~WidDep) } = 173.84012                     
 DEVIANCE Degrees of Freedom { p(~undr)Psi(~WidDep) } = 134            
 c-hat { p(~undr)Psi(~WidDep) } = 1.2973143                     
 AIC { p(~undr)Psi(~WidDep) } = 181.84012                  
 AICc { p(~undr)Psi(~WidDep) } = 182.14087                    
 BIC { p(~undr)Psi(~WidDep) } = 193.54913                    
 Pearson Chisquare { p(~undr)Psi(~WidDep) } = 991.39859                  

  Program  MARK  - Survival Rate Estimation with Capture-Recapture Data
   gfortran(dble) Vers. 9.0 Mar 2018     2-Dec-2019 17:00:33    Page  003
 - - - - - - - - - - - - - - - - - - - - - - - - - - - - - - - - - - - - - -
 


                   LOGIT Link Function Parameters of { p(~undr)Psi(~WidDep) }
                                                              95% Confidence Interval
 Parameter                    Beta         Standard Error      Lower           Upper
 -------------------------  --------------  --------------  --------------  --------------
    1:p:(Intercept)          0.5456615       0.4535445      -0.3432857       1.4346087    
    2:p:undr                 0.5524046       0.4678809      -0.3646420       1.4694512    
    3:Psi:(Intercept)       -1.6008604       0.6491424      -2.8731794      -0.3285413    
    4:Psi:WidDep            -0.0153154       0.0472421      -0.1079100       0.0772792    


                   Real Function Parameters of { p(~undr)Psi(~WidDep) }

      Following estimates based on unstandardized individual covariate values:
          Variable   Value         
          ---------  ------------- 
          UNDR1       0.5869565    
          UNDR2       0.5483092    
          UNDR3       0.5042271    
          WIDDEP      13.033426    
                                                               95% Confidence Interval
  Parameter                  Estimate       Standard Error      Lower           Upper
 --------------------------  --------------  --------------  --------------  --------------
     1:p g1 a0 t1             0.7047247       0.0692526       0.5541868       0.8208617                          
     2:p g1 a1 t2             0.7002629       0.0703606       0.5477345       0.8184050                          
     3:p g1 a2 t3             0.6951269       0.0718703       0.5397917       0.8159122                          
     4:Psi g1 a0 t1           0.1417935       0.0304774       0.0918407       0.2125569                          


                      Estimates of Derived Parameters
             Occupancy Estimates of { p(~undr)Psi(~WidDep) }
                                            95% Confidence Interval
 Group   Psi-hat         Standard Error      Lower           Upper
 -----   --------------  --------------  --------------  --------------
   1      0.1417935       0.0304774       0.0918407       0.2125569    

   CPU Time for the last procedure was 0.01 seconds.     

  Program  MARK  - Survival Rate Estimation with Capture-Recapture Data
   gfortran(dble) Vers. 9.0 Mar 2018     2-Dec-2019 17:00:33    Page  004
 - - - - - - - - - - - - - - - - - - - - - - - - - - - - - - - - - - - - - -
 


  INPUT --- proc stop;

     CPU Time in minutes for this job was 0.00

     Time Start = 17:00:33.199   Time End = 17:00:33.535

     Wall Clock Time in minutes for this job was 0.01


          E X E C U T I O N   S U C C E S S F U L 
