
   Program  MARK  - Survival Rate Estimation with Capture-Recapture Data
   gfortran(dble) Vers. 9.0 Mar 2018     2-Dec-2019 16:22:45    Page  001
 - - - - - - - - - - - - - - - - - - - - - - - - - - - - - - - - - - - - - -
 
   This version was compiled by GCC version 7.2.0 using the options: 
     -cpp -iprefix C:/Program Files/mingw-w64/x86_64-7.2.0-posix-seh-rt_v5-rev1/
     mingw64/bin/../lib/gcc/x86_64-w64-mingw32/7.2.0/ -D_MT -D_REENTRANT
     -U_REENTRANT -D IEEE -D DBLEPRECISION -m64 -mtune=core2 -march=nocona -mthreads
     -O2 -fimplicit-none -fbounds-check -funroll-loops -ftree-vectorize
     -ffpe-summary=invalid,zero,overflow,underflow -fno-unsafe-math-optimizations
     -frounding-math -fsignaling-nans -fopenmp.

   This problem will use 7 of 8 possible threads.


  INPUT --- proc title ;

   CPU Time for the last procedure was 0.01 seconds.     


  INPUT --- proc chmatrix occasions= 3 groups= 1 etype= Occupancy 
  INPUT --- Nodes= 101 icovar = 2 ICMeans  NoHist hist= 138 ;

  INPUT ---    time interval 1 1 1 ;

  INPUT ---     icovariates maxdep avgT ;

  INPUT ---    glabel(1)=freq1;

      Number of unique encounter histories read was 138.

      Number of individual covariates read was 2.
      Time interval lengths are all equal to 1.

      Data type number is 27
      Data type is Occupancy Estimation with Detection < 1                                                             

   CPU Time for the last procedure was 0.01 seconds.     

  Program  MARK  - Survival Rate Estimation with Capture-Recapture Data
   gfortran(dble) Vers. 9.0 Mar 2018     2-Dec-2019 16:22:45    Page  002
 - - - - - - - - - - - - - - - - - - - - - - - - - - - - - - - - - - - - - -
 


  INPUT --- proc estimate link=Logit NOLOOP varest=2ndPart    ;


  INPUT --- model={ p(~maxdep)Psi(~avgT) };

  INPUT ---    group=1 p    rows=1 cols=3 Square ;
  INPUT ---        1 1 1 ;

  INPUT ---    group=1 Psi    rows=1 cols=1 Square ;
  INPUT ---        2 ;

  INPUT ---    design matrix constraints=2 covariates=4;
  INPUT ---        1 maxdep 0 0;
  INPUT ---        0 0 1 avgT;
  INPUT ---       blabel(1)=p:(Intercept);
  INPUT ---       blabel(2)=p:maxdep;
  INPUT ---       blabel(3)=Psi:(Intercept);
  INPUT ---       blabel(4)=Psi:avgT;
  INPUT ---       rlabel(1)=p g1 a0 t1;
  INPUT ---       rlabel(2)=Psi g1 a0 t1;

 Link Function Used is LOGIT        

 Variance Estimation Procedure Used is 2ndPart 
 -2logL(saturated) = 0.0000000     
 Effective Sample Size = 138

 Number of function evaluations was 25 for 4 parameters.
 Time for numerical optimization was 0.01 seconds.     
 -2logL { p(~maxdep)Psi(~avgT) } = 152.85043     
 Penalty { p(~maxdep)Psi(~avgT) } = 0.0000000     
 Gradient { p(~maxdep)Psi(~avgT) }:
  0.1469993E-05  0.6594109E-07  0.6605379E-06  0.7069883E-06
 Maximum ABS(G) { p(~maxdep)Psi(~avgT) } = 0.1469993E-05 
 S Vector { p(~maxdep)Psi(~avgT) }:
   20.11000      8.919316     0.6323712E-01 0.1591238E-02
 Time to compute number of parameters was 0.02 seconds.     
 Ratio Threshold = 50.000000       Max Gap (2/3) = 141.04557       Next Max Gap (3/4) = 39.740833     
 Gap Method for Num. of Estimated Parameters { p(~maxdep)Psi(~avgT) } = 2          
 Threshold { p(~maxdep)Psi(~avgT) } = 0.2939986E-05                 
 Numerical Threshold Method for Num. of Estimated Parameters { p(~maxdep)Psi(~avgT) } = 4          
 Number of Estimated Parameters { p(~maxdep)Psi(~avgT) } = 4          

   * *  WARNING  * *   Number of parameters estimated from gap method (=2) and threshold method (=4) differ.  Inspect full output.                                                                                                                                                                                                                                                                                                                                                                                                                      
 Ratios of S Vector { p(~maxdep)Psi(~avgT) }:
   1/2    2.254657       2/3    141.0456       3/4    39.74083    
 DEVIANCE { p(~maxdep)Psi(~avgT) } = 152.85043                     
 DEVIANCE Degrees of Freedom { p(~maxdep)Psi(~avgT) } = 134            
 c-hat { p(~maxdep)Psi(~avgT) } = 1.1406749                     
 AIC { p(~maxdep)Psi(~avgT) } = 160.85043                  
 AICc { p(~maxdep)Psi(~avgT) } = 161.15118                    
 BIC { p(~maxdep)Psi(~avgT) } = 172.55945                    
 Pearson Chisquare { p(~maxdep)Psi(~avgT) } = 707.06617                  

  Program  MARK  - Survival Rate Estimation with Capture-Recapture Data
   gfortran(dble) Vers. 9.0 Mar 2018     2-Dec-2019 16:22:45    Page  003
 - - - - - - - - - - - - - - - - - - - - - - - - - - - - - - - - - - - - - -
 


                   LOGIT Link Function Parameters of { p(~maxdep)Psi(~avgT) }
                                                              95% Confidence Interval
 Parameter                    Beta         Standard Error      Lower           Upper
 -------------------------  --------------  --------------  --------------  --------------
    1:p:(Intercept)         -0.2975224       1.1281513      -2.5086990       1.9136542    
    2:p:maxdep               1.7453150       1.5653422      -1.3227557       4.8133857    
    3:Psi:(Intercept)        7.6627062       2.3700408       3.0174262       12.307986    
    4:Psi:avgT              -0.6296987       0.1614300      -0.9461014      -0.3132959    


                   Real Function Parameters of { p(~maxdep)Psi(~avgT) }

      Following estimates based on unstandardized individual covariate values:
          Variable   Value         
          ---------  ------------- 
          MAXDEP      0.7703623    
          AVGT        15.739451    
                                                               95% Confidence Interval
  Parameter                  Estimate       Standard Error      Lower           Upper
 --------------------------  --------------  --------------  --------------  --------------
     1:p g1 a0 t1             0.7401989       0.0687294       0.5857687       0.8516378                          
     2:Psi g1 a0 t1           0.0954871       0.0292649       0.0515381       0.1701887                          


                      Estimates of Derived Parameters
             Occupancy Estimates of { p(~maxdep)Psi(~avgT) }
                                            95% Confidence Interval
 Group   Psi-hat         Standard Error      Lower           Upper
 -----   --------------  --------------  --------------  --------------
   1      0.0954871       0.0292649       0.0515381       0.1701887    

 Attempted ordering of parameters by estimatibility:
  3 1 4 2
 Beta number 2 is a singular value.

   CPU Time for the last procedure was 0.02 seconds.     

  Program  MARK  - Survival Rate Estimation with Capture-Recapture Data
   gfortran(dble) Vers. 9.0 Mar 2018     2-Dec-2019 16:22:45    Page  004
 - - - - - - - - - - - - - - - - - - - - - - - - - - - - - - - - - - - - - -
 


  INPUT --- proc stop;

     CPU Time in minutes for this job was 0.00

     Time Start = 16:22:45.652   Time End = 16:22:45.809

     Wall Clock Time in minutes for this job was 0.00


          E X E C U T I O N   S U C C E S S F U L 
