
   Program  MARK  - Survival Rate Estimation with Capture-Recapture Data
   gfortran(dble) Vers. 9.0 Mar 2018    18-Dec-2019 13:13:17    Page  001
 - - - - - - - - - - - - - - - - - - - - - - - - - - - - - - - - - - - - - -
 
   This version was compiled by GCC version 7.2.0 using the options: 
     -cpp -iprefix C:/Program Files/mingw-w64/x86_64-7.2.0-posix-seh-rt_v5-rev1/
     mingw64/bin/../lib/gcc/x86_64-w64-mingw32/7.2.0/ -D_MT -D_REENTRANT
     -U_REENTRANT -D IEEE -D DBLEPRECISION -m64 -mtune=core2 -march=nocona -mthreads
     -O2 -fimplicit-none -fbounds-check -funroll-loops -ftree-vectorize
     -ffpe-summary=invalid,zero,overflow,underflow -fno-unsafe-math-optimizations
     -frounding-math -fsignaling-nans -fopenmp.

   This problem will use 7 of 8 possible threads.


  INPUT --- proc title ;

   CPU Time for the last procedure was 0.01 seconds.     


  INPUT --- proc chmatrix occasions= 3 groups= 1 etype= Occupancy 
  INPUT --- Nodes= 101 icovar = 6 ICMeans  NoHist hist= 138 ;

  INPUT ---    time interval 1 1 1 ;

  INPUT ---     icovariates effort1 effort2 effort3 HAiFLS_nat AvgSlope  
  INPUT ---    Cross_Cat ;

  INPUT ---    glabel(1)=freq1;

      Number of unique encounter histories read was 138.

      Number of individual covariates read was 6.
      Time interval lengths are all equal to 1.

      Data type number is 27
      Data type is Occupancy Estimation with Detection < 1                                                             

   CPU Time for the last procedure was 0.02 seconds.     

  Program  MARK  - Survival Rate Estimation with Capture-Recapture Data
   gfortran(dble) Vers. 9.0 Mar 2018    18-Dec-2019 13:13:17    Page  002
 - - - - - - - - - - - - - - - - - - - - - - - - - - - - - - - - - - - - - -
 


  INPUT --- proc estimate link=Logit NOLOOP varest=2ndPart    ;


  INPUT --- model={ p(~effort)Psi(~HAiFLS_nat + AvgSlope + Cross_Cat) };

  INPUT ---    group=1 p    rows=1 cols=3 Square ;
  INPUT ---        1 2 3 ;

  INPUT ---    group=1 Psi    rows=1 cols=1 Square ;
  INPUT ---        4 ;

  INPUT ---    design matrix constraints=4 covariates=6;
  INPUT ---        1 effort1 0 0 0 0;
  INPUT ---        1 effort2 0 0 0 0;
  INPUT ---        1 effort3 0 0 0 0;
  INPUT ---        0 0 1 HAiFLS_nat AvgSlope Cross_Cat;
  INPUT ---       blabel(1)=p:(Intercept);
  INPUT ---       blabel(2)=p:effort;
  INPUT ---       blabel(3)=Psi:(Intercept);
  INPUT ---       blabel(4)=Psi:HAiFLS_nat;
  INPUT ---       blabel(5)=Psi:AvgSlope;
  INPUT ---       blabel(6)=Psi:Cross_Cat;
  INPUT ---       rlabel(1)=p g1 a0 t1;
  INPUT ---       rlabel(2)=p g1 a1 t2;
  INPUT ---       rlabel(3)=p g1 a2 t3;
  INPUT ---       rlabel(4)=Psi g1 a0 t1;

 Link Function Used is LOGIT        

 Variance Estimation Procedure Used is 2ndPart 
 -2logL(saturated) = 0.0000000     
 Effective Sample Size = 138

 Number of function evaluations was 18 for 6 parameters.
 Time for numerical optimization was 0.02 seconds.     
 -2logL { p(~effort)Psi(~HAiFLS_nat + AvgSlope + Cross_Cat) } = 382.87487     
 Penalty { p(~effort)Psi(~HAiFLS_nat + AvgSlope + Cross_Cat) } = 0.0000000     
 Gradient { p(~effort)Psi(~HAiFLS_nat + AvgSlope + Cross_Cat) }:
  0.2202314E-05   0.000000       0.000000       0.000000       0.000000    
 -0.1915599E-05
 Maximum ABS(G) { p(~effort)Psi(~HAiFLS_nat + AvgSlope + Cross_Cat) } = 0.2202314E-05 
 S Vector { p(~effort)Psi(~HAiFLS_nat + AvgSlope + Cross_Cat) }:
   35.88592      29.11123      1.913156     0.5436468     0.4156491    
  0.3478833    
 Time to compute number of parameters was 0.01 seconds.     
 Ratio Threshold = 50.000000       Max Gap (2/3) = 15.216338       Next Max Gap (3/4) = 3.5191156     
 Gap Method for Num. of Estimated Parameters { p(~effort)Psi(~HAiFLS_nat + AvgSlope + Cross_Cat) } = 6          
 Threshold { p(~effort)Psi(~HAiFLS_nat + AvgSlope + Cross_Cat) } = 0.4404628E-05                 
 Numerical Threshold Method for Num. of Estimated Parameters { p(~effort)Psi(~HAiFLS_nat + AvgSlope + Cross_Cat) } = 6          
 Number of Estimated Parameters { p(~effort)Psi(~HAiFLS_nat + AvgSlope + Cross_Cat) } = 6          
 DEVIANCE { p(~effort)Psi(~HAiFLS_nat + AvgSlope + Cross_Cat) } = 382.87487                     
 DEVIANCE Degrees of Freedom { p(~effort)Psi(~HAiFLS_nat + AvgSlope + Cross_Cat) } = 132            
 c-hat { p(~effort)Psi(~HAiFLS_nat + AvgSlope + Cross_Cat) } = 2.9005672                     
 AIC { p(~effort)Psi(~HAiFLS_nat + AvgSlope + Cross_Cat) } = 394.87487                  
 AICc { p(~effort)Psi(~HAiFLS_nat + AvgSlope + Cross_Cat) } = 395.51609                    
 BIC { p(~effort)Psi(~HAiFLS_nat + AvgSlope + Cross_Cat) } = 412.43839                    
 Pearson Chisquare { p(~effort)Psi(~HAiFLS_nat + AvgSlope + Cross_Cat) } = 1384.7092                  

  Program  MARK  - Survival Rate Estimation with Capture-Recapture Data
   gfortran(dble) Vers. 9.0 Mar 2018    18-Dec-2019 13:13:17    Page  003
 - - - - - - - - - - - - - - - - - - - - - - - - - - - - - - - - - - - - - -
 


    LOGIT Link Function Parameters of { p(~effort)Psi(~HAiFLS_nat + AvgSlope + Cross_Cat) }
                                                              95% Confidence Interval
 Parameter                    Beta         Standard Error      Lower           Upper
 -------------------------  --------------  --------------  --------------  --------------
    1:p:(Intercept)          0.7321313       0.3735356       0.1553355E-05   1.4642610    
    2:p:effort               0.8120804E-03   0.3804159E-03   0.6646521E-04   0.0015577    
    3:Psi:(Intercept)       -0.8457676       0.4279031      -1.6844577      -0.0070775    
    4:Psi:HAiFLS_nat         0.0203635       0.0072353       0.0061824       0.0345447    
    5:Psi:AvgSlope           0.0270039       0.0249504      -0.0218988       0.0759067    
    6:Psi:Cross_Cat          0.0137693       0.0221922      -0.0297275       0.0572660    


    Real Function Parameters of { p(~effort)Psi(~HAiFLS_nat + AvgSlope + Cross_Cat) }

      Following estimates based on unstandardized individual covariate values:
          Variable   Value         
          ---------  ------------- 
          EFFORT1     906.23188    
          EFFORT2     834.18841    
          EFFORT3     818.18116    
          HAIFLS_NAT  30.404180    
          AVGSLOPE    12.952003    
          CROSS_CAT   5.6956522    
                                                               95% Confidence Interval
  Parameter                  Estimate       Standard Error      Lower           Upper
 --------------------------  --------------  --------------  --------------  --------------
     1:p g1 a0 t1             0.8127630       0.0286154       0.7501684       0.8625482                          
     2:p g1 a1 t2             0.8036964       0.0294915       0.7394630       0.8551948                          
     3:p g1 a2 t3             0.8016375       0.0297719       0.7368374       0.8536506                          
     4:Psi g1 a0 t1           0.5502172       0.0453640       0.4606491       0.6366437                          


                      Estimates of Derived Parameters
 Occupancy Estimates of { p(~effort)Psi(~HAiFLS_nat + AvgSlope + Cross_Cat) }
                                            95% Confidence Interval
 Group   Psi-hat         Standard Error      Lower           Upper
 -----   --------------  --------------  --------------  --------------
   1      0.5502172       0.0453640       0.4606491       0.6366437    

   CPU Time for the last procedure was 0.02 seconds.     

  Program  MARK  - Survival Rate Estimation with Capture-Recapture Data
   gfortran(dble) Vers. 9.0 Mar 2018    18-Dec-2019 13:13:17    Page  004
 - - - - - - - - - - - - - - - - - - - - - - - - - - - - - - - - - - - - - -
 


  INPUT --- proc stop;

     CPU Time in minutes for this job was 0.00

     Time Start = 13:13:17.848   Time End = 13:13:17.963

     Wall Clock Time in minutes for this job was 0.00


          E X E C U T I O N   S U C C E S S F U L 
