
   Program  MARK  - Survival Rate Estimation with Capture-Recapture Data
   gfortran(dble) Vers. 9.0 Mar 2018    18-Dec-2019 13:12:53    Page  001
 - - - - - - - - - - - - - - - - - - - - - - - - - - - - - - - - - - - - - -
 
   This version was compiled by GCC version 7.2.0 using the options: 
     -cpp -iprefix C:/Program Files/mingw-w64/x86_64-7.2.0-posix-seh-rt_v5-rev1/
     mingw64/bin/../lib/gcc/x86_64-w64-mingw32/7.2.0/ -D_MT -D_REENTRANT
     -U_REENTRANT -D IEEE -D DBLEPRECISION -m64 -mtune=core2 -march=nocona -mthreads
     -O2 -fimplicit-none -fbounds-check -funroll-loops -ftree-vectorize
     -ffpe-summary=invalid,zero,overflow,underflow -fno-unsafe-math-optimizations
     -frounding-math -fsignaling-nans -fopenmp.

   This problem will use 7 of 8 possible threads.


  INPUT --- proc title ;

   CPU Time for the last procedure was 0.01 seconds.     


  INPUT --- proc chmatrix occasions= 3 groups= 1 etype= Occupancy 
  INPUT --- Nodes= 101 icovar = 6 ICMeans  NoHist hist= 138 ;

  INPUT ---    time interval 1 1 1 ;

  INPUT ---     icovariates effort1 effort2 effort3 HAiFLS_for Area2  
  INPUT ---    AvgSlope ;

  INPUT ---    glabel(1)=freq1;

      Number of unique encounter histories read was 138.

      Number of individual covariates read was 6.
      Time interval lengths are all equal to 1.

      Data type number is 27
      Data type is Occupancy Estimation with Detection < 1                                                             

   CPU Time for the last procedure was 0.02 seconds.     

  Program  MARK  - Survival Rate Estimation with Capture-Recapture Data
   gfortran(dble) Vers. 9.0 Mar 2018    18-Dec-2019 13:12:53    Page  002
 - - - - - - - - - - - - - - - - - - - - - - - - - - - - - - - - - - - - - -
 


  INPUT --- proc estimate link=Logit NOLOOP varest=2ndPart    ;


  INPUT --- model={ p(~effort)Psi(~HAiFLS_for + Area2 + AvgSlope) };

  INPUT ---    group=1 p    rows=1 cols=3 Square ;
  INPUT ---        1 2 3 ;

  INPUT ---    group=1 Psi    rows=1 cols=1 Square ;
  INPUT ---        4 ;

  INPUT ---    design matrix constraints=4 covariates=6;
  INPUT ---        1 effort1 0 0 0 0;
  INPUT ---        1 effort2 0 0 0 0;
  INPUT ---        1 effort3 0 0 0 0;
  INPUT ---        0 0 1 HAiFLS_for Area2 AvgSlope;
  INPUT ---       blabel(1)=p:(Intercept);
  INPUT ---       blabel(2)=p:effort;
  INPUT ---       blabel(3)=Psi:(Intercept);
  INPUT ---       blabel(4)=Psi:HAiFLS_for;
  INPUT ---       blabel(5)=Psi:Area2;
  INPUT ---       blabel(6)=Psi:AvgSlope;
  INPUT ---       rlabel(1)=p g1 a0 t1;
  INPUT ---       rlabel(2)=p g1 a1 t2;
  INPUT ---       rlabel(3)=p g1 a2 t3;
  INPUT ---       rlabel(4)=Psi g1 a0 t1;

 Link Function Used is LOGIT        

 Variance Estimation Procedure Used is 2ndPart 
 -2logL(saturated) = 0.0000000     
 Effective Sample Size = 138

 Number of function evaluations was 15 for 6 parameters.
 Time for numerical optimization was 0.02 seconds.     
 -2logL { p(~effort)Psi(~HAiFLS_for + Area2 + AvgSlope) } = 380.52897     
 Penalty { p(~effort)Psi(~HAiFLS_for + Area2 + AvgSlope) } = 0.0000000     
 Gradient { p(~effort)Psi(~HAiFLS_for + Area2 + AvgSlope) }:
   0.000000     -0.1794008E-05   0.000000      0.1170409E-05  0.1976209E-05
   0.000000    
 Maximum ABS(G) { p(~effort)Psi(~HAiFLS_for + Area2 + AvgSlope) } = 0.1976209E-05 
 S Vector { p(~effort)Psi(~HAiFLS_for + Area2 + AvgSlope) }:
   34.59501      28.63351      1.804193     0.5011969     0.4136822    
  0.2715716    
 Time to compute number of parameters was 0.01 seconds.     
 Ratio Threshold = 50.000000       Max Gap (2/3) = 15.870533       Next Max Gap (3/4) = 3.5997694     
 Gap Method for Num. of Estimated Parameters { p(~effort)Psi(~HAiFLS_for + Area2 + AvgSlope) } = 6          
 Threshold { p(~effort)Psi(~HAiFLS_for + Area2 + AvgSlope) } = 0.3952419E-05                 
 Numerical Threshold Method for Num. of Estimated Parameters { p(~effort)Psi(~HAiFLS_for + Area2 + AvgSlope) } = 6          
 Number of Estimated Parameters { p(~effort)Psi(~HAiFLS_for + Area2 + AvgSlope) } = 6          
 DEVIANCE { p(~effort)Psi(~HAiFLS_for + Area2 + AvgSlope) } = 380.52897                     
 DEVIANCE Degrees of Freedom { p(~effort)Psi(~HAiFLS_for + Area2 + AvgSlope) } = 132            
 c-hat { p(~effort)Psi(~HAiFLS_for + Area2 + AvgSlope) } = 2.8827953                     
 AIC { p(~effort)Psi(~HAiFLS_for + Area2 + AvgSlope) } = 392.52897                  
 AICc { p(~effort)Psi(~HAiFLS_for + Area2 + AvgSlope) } = 393.17020                    
 BIC { p(~effort)Psi(~HAiFLS_for + Area2 + AvgSlope) } = 410.09250                    
 Pearson Chisquare { p(~effort)Psi(~HAiFLS_for + Area2 + AvgSlope) } = 1409.8674                  

  Program  MARK  - Survival Rate Estimation with Capture-Recapture Data
   gfortran(dble) Vers. 9.0 Mar 2018    18-Dec-2019 13:12:53    Page  003
 - - - - - - - - - - - - - - - - - - - - - - - - - - - - - - - - - - - - - -
 


      LOGIT Link Function Parameters of { p(~effort)Psi(~HAiFLS_for + Area2 + AvgSlope) }
                                                              95% Confidence Interval
 Parameter                    Beta         Standard Error      Lower           Upper
 -------------------------  --------------  --------------  --------------  --------------
    1:p:(Intercept)          0.7261456       0.3749485      -0.0087535       1.4610446    
    2:p:effort               0.8156240E-03   0.3811484E-03   0.6857307E-04   0.0015627    
    3:Psi:(Intercept)       -0.7783056       0.4077604      -1.5775161       0.0209048    
    4:Psi:HAiFLS_for         0.0226197       0.0073630       0.0081882       0.0370512    
    5:Psi:Area2              0.3592333E-03   0.7197321E-03  -0.0010514       0.0017699    
    6:Psi:AvgSlope           0.0276828       0.0254153      -0.0221312       0.0774969    


      Real Function Parameters of { p(~effort)Psi(~HAiFLS_for + Area2 + AvgSlope) }

      Following estimates based on unstandardized individual covariate values:
          Variable   Value         
          ---------  ------------- 
          EFFORT1     906.23188    
          EFFORT2     834.18841    
          EFFORT3     818.18116    
          HAIFLS_FOR  26.272482    
          AREA2       112.64471    
          AVGSLOPE    12.952003    
                                                               95% Confidence Interval
  Parameter                  Estimate       Standard Error      Lower           Upper
 --------------------------  --------------  --------------  --------------  --------------
     1:p g1 a0 t1             0.8123404       0.0287410       0.7494649       0.8623349                          
     2:p g1 a1 t2             0.8032180       0.0296399       0.7386534       0.8549641                          
     3:p g1 a2 t3             0.8011462       0.0299258       0.7360032       0.8534162                          
     4:Psi g1 a0 t1           0.5535400       0.0461203       0.4623731       0.6412426                          


                      Estimates of Derived Parameters
 Occupancy Estimates of { p(~effort)Psi(~HAiFLS_for + Area2 + AvgSlope) }
                                            95% Confidence Interval
 Group   Psi-hat         Standard Error      Lower           Upper
 -----   --------------  --------------  --------------  --------------
   1      0.5535400       0.0461203       0.4623731       0.6412426    

   CPU Time for the last procedure was 0.02 seconds.     

  Program  MARK  - Survival Rate Estimation with Capture-Recapture Data
   gfortran(dble) Vers. 9.0 Mar 2018    18-Dec-2019 13:12:53    Page  004
 - - - - - - - - - - - - - - - - - - - - - - - - - - - - - - - - - - - - - -
 


  INPUT --- proc stop;

     CPU Time in minutes for this job was 0.00

     Time Start = 13:12:53.267   Time End = 13:12:53.516

     Wall Clock Time in minutes for this job was 0.00


          E X E C U T I O N   S U C C E S S F U L 
