
   Program  MARK  - Survival Rate Estimation with Capture-Recapture Data
   gfortran(dble) Vers. 9.0 Mar 2018    18-Dec-2019 13:13:12    Page  001
 - - - - - - - - - - - - - - - - - - - - - - - - - - - - - - - - - - - - - -
 
   This version was compiled by GCC version 7.2.0 using the options: 
     -cpp -iprefix C:/Program Files/mingw-w64/x86_64-7.2.0-posix-seh-rt_v5-rev1/
     mingw64/bin/../lib/gcc/x86_64-w64-mingw32/7.2.0/ -D_MT -D_REENTRANT
     -U_REENTRANT -D IEEE -D DBLEPRECISION -m64 -mtune=core2 -march=nocona -mthreads
     -O2 -fimplicit-none -fbounds-check -funroll-loops -ftree-vectorize
     -ffpe-summary=invalid,zero,overflow,underflow -fno-unsafe-math-optimizations
     -frounding-math -fsignaling-nans -fopenmp.

   This problem will use 7 of 8 possible threads.


  INPUT --- proc title ;

   CPU Time for the last procedure was 0.01 seconds.     


  INPUT --- proc chmatrix occasions= 3 groups= 1 etype= Occupancy 
  INPUT --- Nodes= 101 icovar = 3 ICMeans  NoHist hist= 138 ;

  INPUT ---    time interval 1 1 1 ;

  INPUT ---     icovariates HAiFLS_nat Area_km2 Cross_Cat ;

  INPUT ---    glabel(1)=freq1;

      Number of unique encounter histories read was 138.

      Number of individual covariates read was 3.
      Time interval lengths are all equal to 1.

      Data type number is 27
      Data type is Occupancy Estimation with Detection < 1                                                             

   CPU Time for the last procedure was 0.01 seconds.     

  Program  MARK  - Survival Rate Estimation with Capture-Recapture Data
   gfortran(dble) Vers. 9.0 Mar 2018    18-Dec-2019 13:13:12    Page  002
 - - - - - - - - - - - - - - - - - - - - - - - - - - - - - - - - - - - - - -
 


  INPUT --- proc estimate link=Logit NOLOOP varest=2ndPart    ;


  INPUT --- model={ p(~1)Psi(~HAiFLS_nat + Area_km2 + Cross_Cat) };

  INPUT ---    group=1 p    rows=1 cols=3 Square ;
  INPUT ---        1 1 1 ;

  INPUT ---    group=1 Psi    rows=1 cols=1 Square ;
  INPUT ---        2 ;

  INPUT ---    design matrix constraints=2 covariates=5;
  INPUT ---        1 0 0 0 0;
  INPUT ---        0 1 HAiFLS_nat Area_km2 Cross_Cat;
  INPUT ---       blabel(1)=p:(Intercept);
  INPUT ---       blabel(2)=Psi:(Intercept);
  INPUT ---       blabel(3)=Psi:HAiFLS_nat;
  INPUT ---       blabel(4)=Psi:Area_km2;
  INPUT ---       blabel(5)=Psi:Cross_Cat;
  INPUT ---       rlabel(1)=p g1 a0 t1;
  INPUT ---       rlabel(2)=Psi g1 a0 t1;

 Link Function Used is LOGIT        

 Variance Estimation Procedure Used is 2ndPart 
 -2logL(saturated) = 0.0000000     
 Effective Sample Size = 138

 Number of function evaluations was 18 for 5 parameters.
 Time for numerical optimization was 0.03 seconds.     
 -2logL { p(~1)Psi(~HAiFLS_nat + Area_km2 + Cross_Cat) } = 379.28514     
 Penalty { p(~1)Psi(~HAiFLS_nat + Area_km2 + Cross_Cat) } = 0.0000000     
 Gradient { p(~1)Psi(~HAiFLS_nat + Area_km2 + Cross_Cat) }:
  0.3079484E-05  0.5581087E-05  0.4465155E-05  0.1135511E-05  0.1307489E-05
 Maximum ABS(G) { p(~1)Psi(~HAiFLS_nat + Area_km2 + Cross_Cat) } = 0.5581087E-05 
 S Vector { p(~1)Psi(~HAiFLS_nat + Area_km2 + Cross_Cat) }:
   33.16692      30.06041      2.054407     0.7992667     0.4509642E-01
 Time to compute number of parameters was 0.06 seconds.     
 Ratio Threshold = 50.000000       Max Gap (4/5) = 17.723507       Next Max Gap (2/3) = 14.632163     
 Gap Method for Num. of Estimated Parameters { p(~1)Psi(~HAiFLS_nat + Area_km2 + Cross_Cat) } = 5          
 Threshold { p(~1)Psi(~HAiFLS_nat + Area_km2 + Cross_Cat) } = 0.1116217E-04                 
 Numerical Threshold Method for Num. of Estimated Parameters { p(~1)Psi(~HAiFLS_nat + Area_km2 + Cross_Cat) } = 5          
 Number of Estimated Parameters { p(~1)Psi(~HAiFLS_nat + Area_km2 + Cross_Cat) } = 5          
 DEVIANCE { p(~1)Psi(~HAiFLS_nat + Area_km2 + Cross_Cat) } = 379.28514                     
 DEVIANCE Degrees of Freedom { p(~1)Psi(~HAiFLS_nat + Area_km2 + Cross_Cat) } = 133            
 c-hat { p(~1)Psi(~HAiFLS_nat + Area_km2 + Cross_Cat) } = 2.8517680                     
 AIC { p(~1)Psi(~HAiFLS_nat + Area_km2 + Cross_Cat) } = 389.28514                  
 AICc { p(~1)Psi(~HAiFLS_nat + Area_km2 + Cross_Cat) } = 389.73969                    
 BIC { p(~1)Psi(~HAiFLS_nat + Area_km2 + Cross_Cat) } = 403.92141                    
 Pearson Chisquare { p(~1)Psi(~HAiFLS_nat + Area_km2 + Cross_Cat) } = 1179.8527                  


       LOGIT Link Function Parameters of { p(~1)Psi(~HAiFLS_nat + Area_km2 + Cross_Cat) }
                                                              95% Confidence Interval
 Parameter                    Beta         Standard Error      Lower           Upper
 -------------------------  --------------  --------------  --------------  --------------

  Program  MARK  - Survival Rate Estimation with Capture-Recapture Data
   gfortran(dble) Vers. 9.0 Mar 2018    18-Dec-2019 13:13:12    Page  003
 - - - - - - - - - - - - - - - - - - - - - - - - - - - - - - - - - - - - - -
 
    1:p:(Intercept)          1.4774914       0.1803404       1.1240242       1.8309586    
    2:Psi:(Intercept)       -1.0505129       0.3616911      -1.7594276      -0.3415983    
    3:Psi:HAiFLS_nat         0.0156483       0.0070603       0.0018102       0.0294865    
    4:Psi:Area_km2           0.1783946       0.0626563       0.0555882       0.3012010    
    5:Psi:Cross_Cat         -0.1076768       0.0503626      -0.2063875      -0.0089660    


       Real Function Parameters of { p(~1)Psi(~HAiFLS_nat + Area_km2 + Cross_Cat) }

      Following estimates based on unstandardized individual covariate values:
          Variable   Value         
          ---------  ------------- 
          HAIFLS_NAT  30.404180    
          AREA_KM2    7.8085664    
          CROSS_CAT   5.6956522    
                                                               95% Confidence Interval
  Parameter                  Estimate       Standard Error      Lower           Upper
 --------------------------  --------------  --------------  --------------  --------------
     1:p g1 a0 t1             0.8141934       0.0272823       0.7547344       0.8618759                          
     2:Psi g1 a0 t1           0.5510661       0.0464057       0.4594204       0.6393709                          


                      Estimates of Derived Parameters
 Occupancy Estimates of { p(~1)Psi(~HAiFLS_nat + Area_km2 + Cross_Cat) }
                                            95% Confidence Interval
 Group   Psi-hat         Standard Error      Lower           Upper
 -----   --------------  --------------  --------------  --------------
   1      0.5510661       0.0464057       0.4594204       0.6393709    

   CPU Time for the last procedure was 0.09 seconds.     

  Program  MARK  - Survival Rate Estimation with Capture-Recapture Data
   gfortran(dble) Vers. 9.0 Mar 2018    18-Dec-2019 13:13:12    Page  004
 - - - - - - - - - - - - - - - - - - - - - - - - - - - - - - - - - - - - - -
 


  INPUT --- proc stop;

     CPU Time in minutes for this job was 0.00

     Time Start = 13:13:12.749   Time End = 13:13:12.902

     Wall Clock Time in minutes for this job was 0.00


          E X E C U T I O N   S U C C E S S F U L 
