
   Program  MARK  - Survival Rate Estimation with Capture-Recapture Data
   gfortran(dble) Vers. 9.0 Mar 2018    19-Dec-2019 22:31:52    Page  001
 - - - - - - - - - - - - - - - - - - - - - - - - - - - - - - - - - - - - - -
 
   This version was compiled by GCC version 7.2.0 using the options: 
     -cpp -iprefix C:/Program Files/mingw-w64/x86_64-7.2.0-posix-seh-rt_v5-rev1/
     mingw64/bin/../lib/gcc/x86_64-w64-mingw32/7.2.0/ -D_MT -D_REENTRANT
     -U_REENTRANT -D IEEE -D DBLEPRECISION -m64 -mtune=core2 -march=nocona -mthreads
     -O2 -fimplicit-none -fbounds-check -funroll-loops -ftree-vectorize
     -ffpe-summary=invalid,zero,overflow,underflow -fno-unsafe-math-optimizations
     -frounding-math -fsignaling-nans -fopenmp.

   This problem will use 7 of 8 possible threads.


  INPUT --- proc title ;

   CPU Time for the last procedure was 0.01 seconds.     


  INPUT --- proc chmatrix occasions= 3 groups= 1 etype= Occupancy 
  INPUT --- Nodes= 101 icovar = 10 ICMeans  NoHist hist= 138 ;

  INPUT ---    time interval 1 1 1 ;

  INPUT ---     icovariates effort1 effort2 effort3 MEANT avdep mFlow  
  INPUT ---    pctpool pctBrBnk HAiFLS_for Area_km2 ;

  INPUT ---    glabel(1)=freq1;

      Number of unique encounter histories read was 138.

      Number of individual covariates read was 10.
      Time interval lengths are all equal to 1.

      Data type number is 27
      Data type is Occupancy Estimation with Detection < 1                                                             

   CPU Time for the last procedure was 0.02 seconds.     

  Program  MARK  - Survival Rate Estimation with Capture-Recapture Data
   gfortran(dble) Vers. 9.0 Mar 2018    19-Dec-2019 22:31:52    Page  002
 - - - - - - - - - - - - - - - - - - - - - - - - - - - - - - - - - - - - - -
 


  INPUT --- proc estimate link=Logit NOLOOP varest=2ndPart    ;


  INPUT --- model={ p(~effort)Psi(~MEANT + avdep + mFlow + pctpool + 
  INPUT --- pctBrBnk + HAiFLS_for + Area_km2) };

  INPUT ---    group=1 p    rows=1 cols=3 Square ;
  INPUT ---        1 2 3 ;

  INPUT ---    group=1 Psi    rows=1 cols=1 Square ;
  INPUT ---        4 ;

  INPUT ---    design matrix constraints=4 covariates=10;
  INPUT ---        1 effort1 0 0 0 0 0 0 0 0;
  INPUT ---        1 effort2 0 0 0 0 0 0 0 0;
  INPUT ---        1 effort3 0 0 0 0 0 0 0 0;
  INPUT ---        0 0 1 MEANT avdep mFlow pctpool pctBrBnk HAiFLS_for 
  INPUT ---       Area_km2;
  INPUT ---       blabel(1)=p:(Intercept);
  INPUT ---       blabel(2)=p:effort;
  INPUT ---       blabel(3)=Psi:(Intercept);
  INPUT ---       blabel(4)=Psi:MEANT;
  INPUT ---       blabel(5)=Psi:avdep;
  INPUT ---       blabel(6)=Psi:mFlow;
  INPUT ---       blabel(7)=Psi:pctpool;
  INPUT ---       blabel(8)=Psi:pctBrBnk;
  INPUT ---       blabel(9)=Psi:HAiFLS_for;
  INPUT ---       blabel(10)=Psi:Area_km2;
  INPUT ---       rlabel(1)=p g1 a0 t1;
  INPUT ---       rlabel(2)=p g1 a1 t2;
  INPUT ---       rlabel(3)=p g1 a2 t3;
  INPUT ---       rlabel(4)=Psi g1 a0 t1;

 Link Function Used is LOGIT        

 Variance Estimation Procedure Used is 2ndPart 
 -2logL(saturated) = 0.0000000     
 Effective Sample Size = 138

 Number of function evaluations was 32 for 10 parameters.
 Time for numerical optimization was 0.02 seconds.     

  Program  MARK  - Survival Rate Estimation with Capture-Recapture Data
   gfortran(dble) Vers. 9.0 Mar 2018    19-Dec-2019 22:31:52    Page  003
 - - - - - - - - - - - - - - - - - - - - - - - - - - - - - - - - - - - - - -
 
 -2logL { p(~effort)Psi(~MEANT + avdep + mFlow + pctpool + pctBrBnk + HAiFLS_for + Area_km2) } = 361.00971     
 Penalty { p(~effort)Psi(~MEANT + avdep + mFlow + pctpool + pctBrBnk + HAiFLS_for + Area_km2) } = 0.0000000     
 Gradient { p(~effort)Psi(~MEANT + avdep + mFlow + pctpool + pctBrBnk + HAiFLS_for + Area_km2) }:
   0.000000       0.000000      0.2220988E-05 -0.1093090E-05   0.000000    
  0.3108061E-06   0.000000       0.000000       0.000000      0.7588607E-06
 Maximum ABS(G) { p(~effort)Psi(~MEANT + avdep + mFlow + pctpool + pctBrBnk + HAiFLS_for + Area_km2) } = 0.2220988E-05 
 S Vector { p(~effort)Psi(~MEANT + avdep + mFlow + pctpool + pctBrBnk + HAiFLS_for + Area_km2) }:
   48.47299      31.52286      1.656777      1.214188     0.7264291    
  0.4223908     0.3500502     0.1680829     0.1077866     0.2205131E-01
 Time to compute number of parameters was 0.09 seconds.     
 Ratio Threshold = 50.000000       Max Gap (2/3) = 19.026615       Next Max Gap (9/10) = 4.8879907     
 Gap Method for Num. of Estimated Parameters { p(~effort)Psi(~MEANT + avdep + mFlow + pctpool + pctBrBnk + HAiFLS_for + Area_km2) } = 10          
 Threshold { p(~effort)Psi(~MEANT + avdep + mFlow + pctpool + pctBrBnk + HAiFLS_for + Area_km2) } = 0.4441976E-05                 
 Numerical Threshold Method for Num. of Estimated Parameters { p(~effort)Psi(~MEANT + avdep + mFlow + pctpool + pctBrBnk + HAiFLS_for + Area_km2) } = 10          
 Number of Estimated Parameters { p(~effort)Psi(~MEANT + avdep + mFlow + pctpool + pctBrBnk + HAiFLS_for + Area_km2) } = 10          
 DEVIANCE { p(~effort)Psi(~MEANT + avdep + mFlow + pctpool + pctBrBnk + HAiFLS_for + Area_km2) } = 361.00971                     
 DEVIANCE Degrees of Freedom { p(~effort)Psi(~MEANT + avdep + mFlow + pctpool + pctBrBnk + HAiFLS_for + Area_km2) } = 128            
 c-hat { p(~effort)Psi(~MEANT + avdep + mFlow + pctpool + pctBrBnk + HAiFLS_for + Area_km2) } = 2.8203884                     
 AIC { p(~effort)Psi(~MEANT + avdep + mFlow + pctpool + pctBrBnk + HAiFLS_for + Area_km2) } = 381.00971                  
 AICc { p(~effort)Psi(~MEANT + avdep + mFlow + pctpool + pctBrBnk + HAiFLS_for + Area_km2) } = 382.74199                    
 BIC { p(~effort)Psi(~MEANT + avdep + mFlow + pctpool + pctBrBnk + HAiFLS_for + Area_km2) } = 410.28225                    
 Pearson Chisquare { p(~effort)Psi(~MEANT + avdep + mFlow + pctpool + pctBrBnk + HAiFLS_for + Area_km2) } = 1283.6296                  


 LOGIT Link Function Parameters of { p(~effort)Psi(~MEANT + avdep + mFlow + pctpool + pctBrBnk + HAiFLS_for + Area_km2) }
                                                              95% Confidence Interval
 Parameter                    Beta         Standard Error      Lower           Upper
 -------------------------  --------------  --------------  --------------  --------------
    1:p:(Intercept)          0.5970279       0.3604591      -0.1094719       1.3035277    
    2:p:effort               0.9026856E-03   0.3822787E-03   0.1534192E-03   0.0016520    
    3:Psi:(Intercept)       -2.4351357       2.1343730      -6.6185068       1.7482354    
    4:Psi:MEANT             -0.0981947       0.0844824      -0.2637801       0.0673908    
    5:Psi:avdep             -3.4058600       2.6244997      -8.5498794       1.7381594    
    6:Psi:mFlow              13.565310       3.7375164       6.2397781       20.890843    
    7:Psi:pctpool            0.0488441       0.0192993       0.0110176       0.0866707    
    8:Psi:pctBrBnk          -0.3643309       0.3718486      -1.0931542       0.3644923    
    9:Psi:HAiFLS_for         0.0267027       0.0084727       0.0100962       0.0433093    
   10:Psi:Area_km2           0.0791302       0.0375028       0.0056247       0.1526357    


 Real Function Parameters of { p(~effort)Psi(~MEANT + avdep + mFlow + pctpool + pctBrBnk + HAiFLS_for + Area_km2) }

  Program  MARK  - Survival Rate Estimation with Capture-Recapture Data
   gfortran(dble) Vers. 9.0 Mar 2018    19-Dec-2019 22:31:52    Page  004
 - - - - - - - - - - - - - - - - - - - - - - - - - - - - - - - - - - - - - -
 

      Following estimates based on unstandardized individual covariate values:
          Variable   Value         
          ---------  ------------- 
          EFFORT1     906.23188    
          EFFORT2     834.18841    
          EFFORT3     818.18116    
          MEANT       20.182899    
          AVDEP       0.2562426    
          MFLOW       0.2587289    
          PCTPOOL     25.664251    
          PCTBRBNK    0.8740586    
          HAIFLS_FOR  26.272482    
          AREA_KM2    7.8085664    
                                                               95% Confidence Interval
  Parameter                  Estimate       Standard Error      Lower           Upper
 --------------------------  --------------  --------------  --------------  --------------
     1:p g1 a0 t1             0.8045644       0.0290175       0.7414212       0.8552979                          
     2:p g1 a1 t2             0.7941358       0.0296511       0.7299862       0.8462547                          
     3:p g1 a2 t3             0.7917635       0.0298796       0.7271844       0.8443284                          
     4:Psi g1 a0 t1           0.6164639       0.0527544       0.5093101       0.7133862                          


                      Estimates of Derived Parameters
 Occupancy Estimates of { p(~effort)Psi(~MEANT + avdep + mFlow + pctpool + pctBrBnk + HAiFLS_for + Area_km2) }
                                            95% Confidence Interval
 Group   Psi-hat         Standard Error      Lower           Upper
 -----   --------------  --------------  --------------  --------------
   1      0.6164639       0.0527544       0.5093101       0.7133862    

   CPU Time for the last procedure was 0.11 seconds.     

  Program  MARK  - Survival Rate Estimation with Capture-Recapture Data
   gfortran(dble) Vers. 9.0 Mar 2018    19-Dec-2019 22:31:52    Page  005
 - - - - - - - - - - - - - - - - - - - - - - - - - - - - - - - - - - - - - -
 


  INPUT --- proc stop;

     CPU Time in minutes for this job was 0.00

     Time Start = 22:31:52.439   Time End = 22:31:52.632

     Wall Clock Time in minutes for this job was 0.00


          E X E C U T I O N   S U C C E S S F U L 
