
   Program  MARK  - Survival Rate Estimation with Capture-Recapture Data
   gfortran(dble) Vers. 9.0 Mar 2018    18-Dec-2019 13:13:04    Page  001
 - - - - - - - - - - - - - - - - - - - - - - - - - - - - - - - - - - - - - -
 
   This version was compiled by GCC version 7.2.0 using the options: 
     -cpp -iprefix C:/Program Files/mingw-w64/x86_64-7.2.0-posix-seh-rt_v5-rev1/
     mingw64/bin/../lib/gcc/x86_64-w64-mingw32/7.2.0/ -D_MT -D_REENTRANT
     -U_REENTRANT -D IEEE -D DBLEPRECISION -m64 -mtune=core2 -march=nocona -mthreads
     -O2 -fimplicit-none -fbounds-check -funroll-loops -ftree-vectorize
     -ffpe-summary=invalid,zero,overflow,underflow -fno-unsafe-math-optimizations
     -frounding-math -fsignaling-nans -fopenmp.

   This problem will use 7 of 8 possible threads.


  INPUT --- proc title ;

   CPU Time for the last procedure was 0.01 seconds.     


  INPUT --- proc chmatrix occasions= 3 groups= 1 etype= Occupancy 
  INPUT --- Nodes= 101 icovar = 7 ICMeans  NoHist hist= 138 ;

  INPUT ---    time interval 1 1 1 ;

  INPUT ---     icovariates effort1 effort2 effort3 HAiFLS_nat Area_km2  
  INPUT ---    AvgSlope Cross_Cat ;

  INPUT ---    glabel(1)=freq1;

      Number of unique encounter histories read was 138.

      Number of individual covariates read was 7.
      Time interval lengths are all equal to 1.

      Data type number is 27
      Data type is Occupancy Estimation with Detection < 1                                                             

   CPU Time for the last procedure was 0.01 seconds.     

  Program  MARK  - Survival Rate Estimation with Capture-Recapture Data
   gfortran(dble) Vers. 9.0 Mar 2018    18-Dec-2019 13:13:04    Page  002
 - - - - - - - - - - - - - - - - - - - - - - - - - - - - - - - - - - - - - -
 


  INPUT --- proc estimate link=Logit NOLOOP varest=2ndPart    ;


  INPUT --- model={ p(~effort)Psi(~HAiFLS_nat + Area_km2 + AvgSlope + 
  INPUT --- Cross_Cat) };

  INPUT ---    group=1 p    rows=1 cols=3 Square ;
  INPUT ---        1 2 3 ;

  INPUT ---    group=1 Psi    rows=1 cols=1 Square ;
  INPUT ---        4 ;

  INPUT ---    design matrix constraints=4 covariates=7;
  INPUT ---        1 effort1 0 0 0 0 0;
  INPUT ---        1 effort2 0 0 0 0 0;
  INPUT ---        1 effort3 0 0 0 0 0;
  INPUT ---        0 0 1 HAiFLS_nat Area_km2 AvgSlope Cross_Cat;
  INPUT ---       blabel(1)=p:(Intercept);
  INPUT ---       blabel(2)=p:effort;
  INPUT ---       blabel(3)=Psi:(Intercept);
  INPUT ---       blabel(4)=Psi:HAiFLS_nat;
  INPUT ---       blabel(5)=Psi:Area_km2;
  INPUT ---       blabel(6)=Psi:AvgSlope;
  INPUT ---       blabel(7)=Psi:Cross_Cat;
  INPUT ---       rlabel(1)=p g1 a0 t1;
  INPUT ---       rlabel(2)=p g1 a1 t2;
  INPUT ---       rlabel(3)=p g1 a2 t3;
  INPUT ---       rlabel(4)=Psi g1 a0 t1;

 Link Function Used is LOGIT        

 Variance Estimation Procedure Used is 2ndPart 
 -2logL(saturated) = 0.0000000     
 Effective Sample Size = 138

 Number of function evaluations was 20 for 7 parameters.
 Time for numerical optimization was 0.11 seconds.     
 -2logL { p(~effort)Psi(~HAiFLS_nat + Area_km2 + AvgSlope + Cross_Cat) } = 373.60083     
 Penalty { p(~effort)Psi(~HAiFLS_nat + Area_km2 + AvgSlope + Cross_Cat) } = 0.0000000     
 Gradient { p(~effort)Psi(~HAiFLS_nat + Area_km2 + AvgSlope + Cross_Cat) }:
  0.6513908E-05  0.2753438E-05  0.3577401E-05  0.1464997E-05  0.3903772E-06
  0.2501519E-05   0.000000    
 Maximum ABS(G) { p(~effort)Psi(~HAiFLS_nat + Area_km2 + AvgSlope + Cross_Cat) } = 0.6513908E-05 

  Program  MARK  - Survival Rate Estimation with Capture-Recapture Data
   gfortran(dble) Vers. 9.0 Mar 2018    18-Dec-2019 13:13:04    Page  003
 - - - - - - - - - - - - - - - - - - - - - - - - - - - - - - - - - - - - - -
 
 S Vector { p(~effort)Psi(~HAiFLS_nat + Area_km2 + AvgSlope + Cross_Cat) }:
   34.52122      29.34324      2.013342     0.8543681     0.4721887    
  0.4284180     0.4393902E-01
 Time to compute number of parameters was 0.01 seconds.     
 Ratio Threshold = 50.000000       Max Gap (2/3) = 14.574391       Next Max Gap (6/7) = 9.7502873     
 Gap Method for Num. of Estimated Parameters { p(~effort)Psi(~HAiFLS_nat + Area_km2 + AvgSlope + Cross_Cat) } = 7          
 Threshold { p(~effort)Psi(~HAiFLS_nat + Area_km2 + AvgSlope + Cross_Cat) } = 0.1302782E-04                 
 Numerical Threshold Method for Num. of Estimated Parameters { p(~effort)Psi(~HAiFLS_nat + Area_km2 + AvgSlope + Cross_Cat) } = 7          
 Number of Estimated Parameters { p(~effort)Psi(~HAiFLS_nat + Area_km2 + AvgSlope + Cross_Cat) } = 7          
 DEVIANCE { p(~effort)Psi(~HAiFLS_nat + Area_km2 + AvgSlope + Cross_Cat) } = 373.60083                     
 DEVIANCE Degrees of Freedom { p(~effort)Psi(~HAiFLS_nat + Area_km2 + AvgSlope + Cross_Cat) } = 131            
 c-hat { p(~effort)Psi(~HAiFLS_nat + Area_km2 + AvgSlope + Cross_Cat) } = 2.8519147                     
 AIC { p(~effort)Psi(~HAiFLS_nat + Area_km2 + AvgSlope + Cross_Cat) } = 387.60083                  
 AICc { p(~effort)Psi(~HAiFLS_nat + Area_km2 + AvgSlope + Cross_Cat) } = 388.46237                    
 BIC { p(~effort)Psi(~HAiFLS_nat + Area_km2 + AvgSlope + Cross_Cat) } = 408.09160                    
 Pearson Chisquare { p(~effort)Psi(~HAiFLS_nat + Area_km2 + AvgSlope + Cross_Cat) } = 1241.2509                  


 LOGIT Link Function Parameters of { p(~effort)Psi(~HAiFLS_nat + Area_km2 + AvgSlope + Cross_Cat) }
                                                              95% Confidence Interval
 Parameter                    Beta         Standard Error      Lower           Upper
 -------------------------  --------------  --------------  --------------  --------------
    1:p:(Intercept)          0.7568703       0.3658981       0.0397100       1.4740306    
    2:p:effort               0.7914472E-03   0.3746214E-03   0.5718925E-04   0.0015257    
    3:Psi:(Intercept)       -1.1326643       0.4396636      -1.9944050      -0.2709237    
    4:Psi:HAiFLS_nat         0.0160580       0.0071969       0.0019521       0.0301639    
    5:Psi:Area_km2           0.1723710       0.0642175       0.0465047       0.2982373    
    6:Psi:AvgSlope           0.0092495       0.0245557      -0.0388796       0.0573786    
    7:Psi:Cross_Cat         -0.1059245       0.0505432      -0.2049892      -0.0068597    


 Real Function Parameters of { p(~effort)Psi(~HAiFLS_nat + Area_km2 + AvgSlope + Cross_Cat) }

      Following estimates based on unstandardized individual covariate values:
          Variable   Value         
          ---------  ------------- 
          EFFORT1     906.23188    
          EFFORT2     834.18841    
          EFFORT3     818.18116    
          HAIFLS_NAT  30.404180    
          AREA_KM2    7.8085664    
          AVGSLOPE    12.952003    
          CROSS_CAT   5.6956522    
                                                               95% Confidence Interval
  Parameter                  Estimate       Standard Error      Lower           Upper
 --------------------------  --------------  --------------  --------------  --------------
     1:p g1 a0 t1             0.8136805       0.0283492       0.7516806       0.8630214                          
     2:p g1 a1 t2             0.8048813       0.0291264       0.7414618       0.8557700                          
     3:p g1 a2 t3             0.8028839       0.0293818       0.7389535       0.8542460                          
     4:Psi g1 a0 t1           0.5542920       0.0468860       0.4615897       0.6433652                          


                      Estimates of Derived Parameters
 Occupancy Estimates of { p(~effort)Psi(~HAiFLS_nat + Area_km2 + AvgSlope + Cross_Cat) }
                                            95% Confidence Interval
 Group   Psi-hat         Standard Error      Lower           Upper
 -----   --------------  --------------  --------------  --------------
   1      0.5542920       0.0468860       0.4615897       0.6433652    

  Program  MARK  - Survival Rate Estimation with Capture-Recapture Data
   gfortran(dble) Vers. 9.0 Mar 2018    18-Dec-2019 13:13:04    Page  004
 - - - - - - - - - - - - - - - - - - - - - - - - - - - - - - - - - - - - - -
 

   CPU Time for the last procedure was 0.11 seconds.     


  INPUT --- proc stop;

     CPU Time in minutes for this job was 0.00

     Time Start = 13:13:04.727   Time End = 13:13:04.894

     Wall Clock Time in minutes for this job was 0.00


          E X E C U T I O N   S U C C E S S F U L 
