
   Program  MARK  - Survival Rate Estimation with Capture-Recapture Data
   gfortran(dble) Vers. 9.0 Mar 2018    17-Dec-2019 15:56:41    Page  001
 - - - - - - - - - - - - - - - - - - - - - - - - - - - - - - - - - - - - - -
 
   This version was compiled by GCC version 7.2.0 using the options: 
     -cpp -iprefix C:/Program Files/mingw-w64/x86_64-7.2.0-posix-seh-rt_v5-rev1/
     mingw64/bin/../lib/gcc/x86_64-w64-mingw32/7.2.0/ -D_MT -D_REENTRANT
     -U_REENTRANT -D IEEE -D DBLEPRECISION -m64 -mtune=core2 -march=nocona -mthreads
     -O2 -fimplicit-none -fbounds-check -funroll-loops -ftree-vectorize
     -ffpe-summary=invalid,zero,overflow,underflow -fno-unsafe-math-optimizations
     -frounding-math -fsignaling-nans -fopenmp.

   This problem will use 7 of 8 possible threads.


  INPUT --- proc title ;

   CPU Time for the last procedure was 0.01 seconds.     


  INPUT --- proc chmatrix occasions= 3 groups= 1 etype= Occupancy 
  INPUT --- Nodes= 101 icovar = 7 ICMeans  NoHist hist= 138 ;

  INPUT ---    time interval 1 1 1 ;

  INPUT ---     icovariates effort1 effort2 effort3 HAiFLS_al2 Area_km2  
  INPUT ---    AvgSlope Cross_Cat ;

  INPUT ---    glabel(1)=freq1;

      Number of unique encounter histories read was 138.

      Number of individual covariates read was 7.
      Time interval lengths are all equal to 1.

      Data type number is 27
      Data type is Occupancy Estimation with Detection < 1                                                             

   CPU Time for the last procedure was 0.01 seconds.     

  Program  MARK  - Survival Rate Estimation with Capture-Recapture Data
   gfortran(dble) Vers. 9.0 Mar 2018    17-Dec-2019 15:56:41    Page  002
 - - - - - - - - - - - - - - - - - - - - - - - - - - - - - - - - - - - - - -
 


  INPUT --- proc estimate link=Logit NOLOOP varest=2ndPart    ;


  INPUT --- model={ p(~effort)Psi(~HAiFLS_al2 + Area_km2 + AvgSlope + 
  INPUT --- Cross_Cat) };

  INPUT ---    group=1 p    rows=1 cols=3 Square ;
  INPUT ---        1 2 3 ;

  INPUT ---    group=1 Psi    rows=1 cols=1 Square ;
  INPUT ---        4 ;

  INPUT ---    design matrix constraints=4 covariates=7;
  INPUT ---        1 effort1 0 0 0 0 0;
  INPUT ---        1 effort2 0 0 0 0 0;
  INPUT ---        1 effort3 0 0 0 0 0;
  INPUT ---        0 0 1 HAiFLS_al2 Area_km2 AvgSlope Cross_Cat;
  INPUT ---       blabel(1)=p:(Intercept);
  INPUT ---       blabel(2)=p:effort;
  INPUT ---       blabel(3)=Psi:(Intercept);
  INPUT ---       blabel(4)=Psi:HAiFLS_al2;
  INPUT ---       blabel(5)=Psi:Area_km2;
  INPUT ---       blabel(6)=Psi:AvgSlope;
  INPUT ---       blabel(7)=Psi:Cross_Cat;
  INPUT ---       rlabel(1)=p g1 a0 t1;
  INPUT ---       rlabel(2)=p g1 a1 t2;
  INPUT ---       rlabel(3)=p g1 a2 t3;
  INPUT ---       rlabel(4)=Psi g1 a0 t1;

 Link Function Used is LOGIT        

 Variance Estimation Procedure Used is 2ndPart 
 -2logL(saturated) = 0.0000000     
 Effective Sample Size = 138

 Number of function evaluations was 19 for 7 parameters.
 Time for numerical optimization was 0.02 seconds.     
 -2logL { p(~effort)Psi(~HAiFLS_al2 + Area_km2 + AvgSlope + Cross_Cat) } = 369.24110     
 Penalty { p(~effort)Psi(~HAiFLS_al2 + Area_km2 + AvgSlope + Cross_Cat) } = 0.0000000     
 Gradient { p(~effort)Psi(~HAiFLS_al2 + Area_km2 + AvgSlope + Cross_Cat) }:
 -0.2184115E-05   0.000000      0.2600109E-05  0.1322925E-05  0.4275919E-06
   0.000000       0.000000    
 Maximum ABS(G) { p(~effort)Psi(~HAiFLS_al2 + Area_km2 + AvgSlope + Cross_Cat) } = 0.2600109E-05 

  Program  MARK  - Survival Rate Estimation with Capture-Recapture Data
   gfortran(dble) Vers. 9.0 Mar 2018    17-Dec-2019 15:56:41    Page  003
 - - - - - - - - - - - - - - - - - - - - - - - - - - - - - - - - - - - - - -
 
 S Vector { p(~effort)Psi(~HAiFLS_al2 + Area_km2 + AvgSlope + Cross_Cat) }:
   40.79249      29.98724      1.946969     0.8929332     0.4381468    
  0.4234143     0.4338859E-01
 Time to compute number of parameters was 0.09 seconds.     
 Ratio Threshold = 50.000000       Max Gap (2/3) = 15.402008       Next Max Gap (6/7) = 9.7586544     
 Gap Method for Num. of Estimated Parameters { p(~effort)Psi(~HAiFLS_al2 + Area_km2 + AvgSlope + Cross_Cat) } = 7          
 Threshold { p(~effort)Psi(~HAiFLS_al2 + Area_km2 + AvgSlope + Cross_Cat) } = 0.5200219E-05                 
 Numerical Threshold Method for Num. of Estimated Parameters { p(~effort)Psi(~HAiFLS_al2 + Area_km2 + AvgSlope + Cross_Cat) } = 7          
 Number of Estimated Parameters { p(~effort)Psi(~HAiFLS_al2 + Area_km2 + AvgSlope + Cross_Cat) } = 7          
 DEVIANCE { p(~effort)Psi(~HAiFLS_al2 + Area_km2 + AvgSlope + Cross_Cat) } = 369.24110                     
 DEVIANCE Degrees of Freedom { p(~effort)Psi(~HAiFLS_al2 + Area_km2 + AvgSlope + Cross_Cat) } = 131            
 c-hat { p(~effort)Psi(~HAiFLS_al2 + Area_km2 + AvgSlope + Cross_Cat) } = 2.8186343                     
 AIC { p(~effort)Psi(~HAiFLS_al2 + Area_km2 + AvgSlope + Cross_Cat) } = 383.24110                  
 AICc { p(~effort)Psi(~HAiFLS_al2 + Area_km2 + AvgSlope + Cross_Cat) } = 384.10264                    
 BIC { p(~effort)Psi(~HAiFLS_al2 + Area_km2 + AvgSlope + Cross_Cat) } = 403.73187                    
 Pearson Chisquare { p(~effort)Psi(~HAiFLS_al2 + Area_km2 + AvgSlope + Cross_Cat) } = 1228.6802                  


 LOGIT Link Function Parameters of { p(~effort)Psi(~HAiFLS_al2 + Area_km2 + AvgSlope + Cross_Cat) }
                                                              95% Confidence Interval
 Parameter                    Beta         Standard Error      Lower           Upper
 -------------------------  --------------  --------------  --------------  --------------
    1:p:(Intercept)          0.7465646       0.3686168       0.0240757       1.4690535    
    2:p:effort               0.7995202E-03   0.3764861E-03   0.6160752E-04   0.0015374    
    3:Psi:(Intercept)        0.4671295       0.5477486      -0.6064578       1.5407167    
    4:Psi:HAiFLS_al2        -0.1910645E-03   0.6406145E-04  -0.3166250E-03  -0.6550408E-04
    5:Psi:Area_km2           0.1556588       0.0646139       0.0290155       0.2823021    
    6:Psi:AvgSlope           0.0105540       0.0255028      -0.0394315       0.0605394    
    7:Psi:Cross_Cat         -0.0924282       0.0508172      -0.1920299       0.0071736    


 Real Function Parameters of { p(~effort)Psi(~HAiFLS_al2 + Area_km2 + AvgSlope + Cross_Cat) }

      Following estimates based on unstandardized individual covariate values:
          Variable   Value         
          ---------  ------------- 
          EFFORT1     906.23188    
          EFFORT2     834.18841    
          EFFORT3     818.18116    
          HAIFLS_AL2  5578.3218    
          AREA_KM2    7.8085664    
          AVGSLOPE    12.952003    
          CROSS_CAT   5.6956522    
                                                               95% Confidence Interval
  Parameter                  Estimate       Standard Error      Lower           Upper
 --------------------------  --------------  --------------  --------------  --------------
     1:p g1 a0 t1             0.8132269       0.0284693       0.7509607       0.8627698                          
     2:p g1 a1 t2             0.8043198       0.0292857       0.7405472       0.8554764                          
     3:p g1 a2 t3             0.8022976       0.0295509       0.7379925       0.8539437                          
     4:Psi g1 a0 t1           0.5565170       0.0478688       0.4617970       0.6472988                          


                      Estimates of Derived Parameters
 Occupancy Estimates of { p(~effort)Psi(~HAiFLS_al2 + Area_km2 + AvgSlope + Cross_Cat) }
                                            95% Confidence Interval
 Group   Psi-hat         Standard Error      Lower           Upper
 -----   --------------  --------------  --------------  --------------
   1      0.5565170       0.0478688       0.4617970       0.6472988    

  Program  MARK  - Survival Rate Estimation with Capture-Recapture Data
   gfortran(dble) Vers. 9.0 Mar 2018    17-Dec-2019 15:56:42    Page  004
 - - - - - - - - - - - - - - - - - - - - - - - - - - - - - - - - - - - - - -
 

   CPU Time for the last procedure was 0.12 seconds.     


  INPUT --- proc stop;

     CPU Time in minutes for this job was 0.00

     Time Start = 15:56:41.018   Time End = 15:56:42.000

     Wall Clock Time in minutes for this job was 0.02


          E X E C U T I O N   S U C C E S S F U L 
