
   Program  MARK  - Survival Rate Estimation with Capture-Recapture Data
   gfortran(dble) Vers. 9.0 Mar 2018    17-Dec-2019 15:56:54    Page  001
 - - - - - - - - - - - - - - - - - - - - - - - - - - - - - - - - - - - - - -
 
   This version was compiled by GCC version 7.2.0 using the options: 
     -cpp -iprefix C:/Program Files/mingw-w64/x86_64-7.2.0-posix-seh-rt_v5-rev1/
     mingw64/bin/../lib/gcc/x86_64-w64-mingw32/7.2.0/ -D_MT -D_REENTRANT
     -U_REENTRANT -D IEEE -D DBLEPRECISION -m64 -mtune=core2 -march=nocona -mthreads
     -O2 -fimplicit-none -fbounds-check -funroll-loops -ftree-vectorize
     -ffpe-summary=invalid,zero,overflow,underflow -fno-unsafe-math-optimizations
     -frounding-math -fsignaling-nans -fopenmp.

   This problem will use 7 of 8 possible threads.


  INPUT --- proc title ;

   CPU Time for the last procedure was 0.01 seconds.     


  INPUT --- proc chmatrix occasions= 3 groups= 1 etype= Occupancy 
  INPUT --- Nodes= 101 icovar = 2 ICMeans  NoHist hist= 138 ;

  INPUT ---    time interval 1 1 1 ;

  INPUT ---     icovariates AvgSlope Cross_Cat ;

  INPUT ---    glabel(1)=freq1;

      Number of unique encounter histories read was 138.

      Number of individual covariates read was 2.
      Time interval lengths are all equal to 1.

      Data type number is 27
      Data type is Occupancy Estimation with Detection < 1                                                             

   CPU Time for the last procedure was 0.02 seconds.     

  Program  MARK  - Survival Rate Estimation with Capture-Recapture Data
   gfortran(dble) Vers. 9.0 Mar 2018    17-Dec-2019 15:56:55    Page  002
 - - - - - - - - - - - - - - - - - - - - - - - - - - - - - - - - - - - - - -
 


  INPUT --- proc estimate link=Logit NOLOOP varest=2ndPart    ;


  INPUT --- model={ p(~1)Psi(~AvgSlope + Cross_Cat) };

  INPUT ---    group=1 p    rows=1 cols=3 Square ;
  INPUT ---        1 1 1 ;

  INPUT ---    group=1 Psi    rows=1 cols=1 Square ;
  INPUT ---        2 ;

  INPUT ---    design matrix constraints=2 covariates=4;
  INPUT ---        1 0 0 0;
  INPUT ---        0 1 AvgSlope Cross_Cat;
  INPUT ---       blabel(1)=p:(Intercept);
  INPUT ---       blabel(2)=Psi:(Intercept);
  INPUT ---       blabel(3)=Psi:AvgSlope;
  INPUT ---       blabel(4)=Psi:Cross_Cat;
  INPUT ---       rlabel(1)=p g1 a0 t1;
  INPUT ---       rlabel(2)=Psi g1 a0 t1;

 Link Function Used is LOGIT        

 Variance Estimation Procedure Used is 2ndPart 
 -2logL(saturated) = 0.0000000     
 Effective Sample Size = 138

 Number of function evaluations was 11 for 4 parameters.
 Time for numerical optimization was 0.01 seconds.     
 -2logL { p(~1)Psi(~AvgSlope + Cross_Cat) } = 397.47597     
 Penalty { p(~1)Psi(~AvgSlope + Cross_Cat) } = 0.0000000     
 Gradient { p(~1)Psi(~AvgSlope + Cross_Cat) }:
  0.1538305E-05 -0.3187345E-05  0.1495298E-05  0.3574064E-05
 Maximum ABS(G) { p(~1)Psi(~AvgSlope + Cross_Cat) } = 0.3574064E-05 
 S Vector { p(~1)Psi(~AvgSlope + Cross_Cat) }:
   35.61577      30.60635     0.6578164     0.4122467    
 Time to compute number of parameters was 0.01 seconds.     
 Ratio Threshold = 50.000000       Max Gap (2/3) = 46.527198       Next Max Gap (3/4) = 1.5956864     
 Gap Method for Num. of Estimated Parameters { p(~1)Psi(~AvgSlope + Cross_Cat) } = 4          
 Threshold { p(~1)Psi(~AvgSlope + Cross_Cat) } = 0.7148128E-05                 
 Numerical Threshold Method for Num. of Estimated Parameters { p(~1)Psi(~AvgSlope + Cross_Cat) } = 4          
 Number of Estimated Parameters { p(~1)Psi(~AvgSlope + Cross_Cat) } = 4          
 DEVIANCE { p(~1)Psi(~AvgSlope + Cross_Cat) } = 397.47597                     
 DEVIANCE Degrees of Freedom { p(~1)Psi(~AvgSlope + Cross_Cat) } = 134            
 c-hat { p(~1)Psi(~AvgSlope + Cross_Cat) } = 2.9662386                     
 AIC { p(~1)Psi(~AvgSlope + Cross_Cat) } = 405.47597                  
 AICc { p(~1)Psi(~AvgSlope + Cross_Cat) } = 405.77672                    
 BIC { p(~1)Psi(~AvgSlope + Cross_Cat) } = 417.18498                    
 Pearson Chisquare { p(~1)Psi(~AvgSlope + Cross_Cat) } = 1282.9600                  


             LOGIT Link Function Parameters of { p(~1)Psi(~AvgSlope + Cross_Cat) }
                                                              95% Confidence Interval
 Parameter                    Beta         Standard Error      Lower           Upper
 -------------------------  --------------  --------------  --------------  --------------
    1:p:(Intercept)          1.4798062       0.1799792       1.1270469       1.8325655    
    2:Psi:(Intercept)       -0.1968259       0.3348154      -0.8530640       0.4594123    
    3:Psi:AvgSlope           0.0273305       0.0228213      -0.0173993       0.0720603    

  Program  MARK  - Survival Rate Estimation with Capture-Recapture Data
   gfortran(dble) Vers. 9.0 Mar 2018    17-Dec-2019 15:56:55    Page  003
 - - - - - - - - - - - - - - - - - - - - - - - - - - - - - - - - - - - - - -
 
    4:Psi:Cross_Cat          0.9351050E-03   0.0205283      -0.0393003       0.0411706    


             Real Function Parameters of { p(~1)Psi(~AvgSlope + Cross_Cat) }

      Following estimates based on unstandardized individual covariate values:
          Variable   Value         
          ---------  ------------- 
          AVGSLOPE    12.952003    
          CROSS_CAT   5.6956522    
                                                               95% Confidence Interval
  Parameter                  Estimate       Standard Error      Lower           Upper
 --------------------------  --------------  --------------  --------------  --------------
     1:p g1 a0 t1             0.8145433       0.0271881       0.7552935       0.8620671                          
     2:Psi g1 a0 t1           0.5405321       0.0430329       0.4558343       0.6229515                          


                      Estimates of Derived Parameters
        Occupancy Estimates of { p(~1)Psi(~AvgSlope + Cross_Cat) }
                                            95% Confidence Interval
 Group   Psi-hat         Standard Error      Lower           Upper
 -----   --------------  --------------  --------------  --------------
   1      0.5405321       0.0430329       0.4558343       0.6229515    

   CPU Time for the last procedure was 0.01 seconds.     

  Program  MARK  - Survival Rate Estimation with Capture-Recapture Data
   gfortran(dble) Vers. 9.0 Mar 2018    17-Dec-2019 15:56:55    Page  004
 - - - - - - - - - - - - - - - - - - - - - - - - - - - - - - - - - - - - - -
 


  INPUT --- proc stop;

     CPU Time in minutes for this job was 0.00

     Time Start = 15:56:54.994   Time End = 15:56:55.089

     Wall Clock Time in minutes for this job was 0.00


          E X E C U T I O N   S U C C E S S F U L 
