
   Program  MARK  - Survival Rate Estimation with Capture-Recapture Data
   gfortran(dble) Vers. 9.0 Mar 2018    17-Dec-2019 15:56:03    Page  001
 - - - - - - - - - - - - - - - - - - - - - - - - - - - - - - - - - - - - - -
 
   This version was compiled by GCC version 7.2.0 using the options: 
     -cpp -iprefix C:/Program Files/mingw-w64/x86_64-7.2.0-posix-seh-rt_v5-rev1/
     mingw64/bin/../lib/gcc/x86_64-w64-mingw32/7.2.0/ -D_MT -D_REENTRANT
     -U_REENTRANT -D IEEE -D DBLEPRECISION -m64 -mtune=core2 -march=nocona -mthreads
     -O2 -fimplicit-none -fbounds-check -funroll-loops -ftree-vectorize
     -ffpe-summary=invalid,zero,overflow,underflow -fno-unsafe-math-optimizations
     -frounding-math -fsignaling-nans -fopenmp.

   This problem will use 7 of 8 possible threads.


  INPUT --- proc title ;

   CPU Time for the last procedure was 0.01 seconds.     


  INPUT --- proc chmatrix occasions= 3 groups= 1 etype= Occupancy 
  INPUT --- Nodes= 101 icovar = 1 ICMeans  NoHist hist= 138 ;

  INPUT ---    time interval 1 1 1 ;

  INPUT ---     icovariates Area2 ;

  INPUT ---    glabel(1)=freq1;

      Number of unique encounter histories read was 138.

      Number of individual covariates read was 1.
      Time interval lengths are all equal to 1.

      Data type number is 27
      Data type is Occupancy Estimation with Detection < 1                                                             

   CPU Time for the last procedure was 0.01 seconds.     

  Program  MARK  - Survival Rate Estimation with Capture-Recapture Data
   gfortran(dble) Vers. 9.0 Mar 2018    17-Dec-2019 15:56:03    Page  002
 - - - - - - - - - - - - - - - - - - - - - - - - - - - - - - - - - - - - - -
 


  INPUT --- proc estimate link=Logit NOLOOP varest=2ndPart    ;


  INPUT --- model={ p(~1)Psi(~Area2) };

  INPUT ---    group=1 p    rows=1 cols=3 Square ;
  INPUT ---        1 1 1 ;

  INPUT ---    group=1 Psi    rows=1 cols=1 Square ;
  INPUT ---        2 ;

  INPUT ---    design matrix constraints=2 covariates=3;
  INPUT ---        1 0 0;
  INPUT ---        0 1 Area2;
  INPUT ---       blabel(1)=p:(Intercept);
  INPUT ---       blabel(2)=Psi:(Intercept);
  INPUT ---       blabel(3)=Psi:Area2;
  INPUT ---       rlabel(1)=p g1 a0 t1;
  INPUT ---       rlabel(2)=Psi g1 a0 t1;

 Link Function Used is LOGIT        

 Variance Estimation Procedure Used is 2ndPart 
 -2logL(saturated) = 0.0000000     
 Effective Sample Size = 138

 Number of function evaluations was 11 for 3 parameters.
 Time for numerical optimization was 0.01 seconds.     
 -2logL { p(~1)Psi(~Area2) } = 398.85841     
 Penalty { p(~1)Psi(~Area2) } = 0.0000000     
 Gradient { p(~1)Psi(~Area2) }:
 -0.4614628E-05 -0.3401361E-05 -0.2030389E-05
 Maximum ABS(G) { p(~1)Psi(~Area2) } = 0.4614628E-05 
 S Vector { p(~1)Psi(~Area2) }:
   34.21535      30.51296     0.2843694    
 Time to compute number of parameters was 0.01 seconds.     
 Ratio Threshold = 50.000000       Max Gap (2/3) = 107.30046       Next Max Gap (1/2) = 1.1213382     
 Gap Method for Num. of Estimated Parameters { p(~1)Psi(~Area2) } = 2          
 Threshold { p(~1)Psi(~Area2) } = 0.9229256E-05                 
 Numerical Threshold Method for Num. of Estimated Parameters { p(~1)Psi(~Area2) } = 3          
 Number of Estimated Parameters { p(~1)Psi(~Area2) } = 3          

   * *  WARNING  * *   Number of parameters estimated from gap method (=2) and threshold method (=3) differ.  Inspect full output.                                                                                                                                                                                                                                                                                                                                                                                                                      
 Ratios of S Vector { p(~1)Psi(~Area2) }:
   1/2    1.121338       2/3    107.3005    
 DEVIANCE { p(~1)Psi(~Area2) } = 398.85841                     
 DEVIANCE Degrees of Freedom { p(~1)Psi(~Area2) } = 135            
 c-hat { p(~1)Psi(~Area2) } = 2.9545068                     
 AIC { p(~1)Psi(~Area2) } = 404.85841                  
 AICc { p(~1)Psi(~Area2) } = 405.03752                    
 BIC { p(~1)Psi(~Area2) } = 413.64018                    
 Pearson Chisquare { p(~1)Psi(~Area2) } = 1267.7178                  


                     LOGIT Link Function Parameters of { p(~1)Psi(~Area2) }
                                                              95% Confidence Interval
 Parameter                    Beta         Standard Error      Lower           Upper
 -------------------------  --------------  --------------  --------------  --------------

  Program  MARK  - Survival Rate Estimation with Capture-Recapture Data
   gfortran(dble) Vers. 9.0 Mar 2018    17-Dec-2019 15:56:03    Page  003
 - - - - - - - - - - - - - - - - - - - - - - - - - - - - - - - - - - - - - -
 
    1:p:(Intercept)          1.4799598       0.1799555       1.1272471       1.8326725    
    2:Psi:(Intercept)        0.1215209       0.1889182      -0.2487587       0.4918006    
    3:Psi:Area2              0.3393434E-03   0.7234889E-03  -0.0010787       0.0017574    


                     Real Function Parameters of { p(~1)Psi(~Area2) }

      Following estimates based on unstandardized individual covariate values:
          Variable   Value         
          ---------  ------------- 
          AREA2       112.64471    
                                                               95% Confidence Interval
  Parameter                  Estimate       Standard Error      Lower           Upper
 --------------------------  --------------  --------------  --------------  --------------
     1:p g1 a0 t1             0.8145665       0.0271819       0.7553305       0.8620798                          
     2:Psi g1 a0 t1           0.5398518       0.0427988       0.4556316       0.6218561                          


                      Estimates of Derived Parameters
               Occupancy Estimates of { p(~1)Psi(~Area2) }
                                            95% Confidence Interval
 Group   Psi-hat         Standard Error      Lower           Upper
 -----   --------------  --------------  --------------  --------------
   1      0.5398518       0.0427988       0.4556316       0.6218561    

 Attempted ordering of parameters by estimatibility:
  2 1 3
 Beta number 3 is a singular value.

   CPU Time for the last procedure was 0.02 seconds.     

  Program  MARK  - Survival Rate Estimation with Capture-Recapture Data
   gfortran(dble) Vers. 9.0 Mar 2018    17-Dec-2019 15:56:03    Page  004
 - - - - - - - - - - - - - - - - - - - - - - - - - - - - - - - - - - - - - -
 


  INPUT --- proc stop;

     CPU Time in minutes for this job was 0.00

     Time Start = 15:56:03.445   Time End = 15:56:03.463

     Wall Clock Time in minutes for this job was 0.00


          E X E C U T I O N   S U C C E S S F U L 
