
   Program  MARK  - Survival Rate Estimation with Capture-Recapture Data
   gfortran(dble) Vers. 9.0 Mar 2018    18-Dec-2019 13:12:55    Page  001
 - - - - - - - - - - - - - - - - - - - - - - - - - - - - - - - - - - - - - -
 
   This version was compiled by GCC version 7.2.0 using the options: 
     -cpp -iprefix C:/Program Files/mingw-w64/x86_64-7.2.0-posix-seh-rt_v5-rev1/
     mingw64/bin/../lib/gcc/x86_64-w64-mingw32/7.2.0/ -D_MT -D_REENTRANT
     -U_REENTRANT -D IEEE -D DBLEPRECISION -m64 -mtune=core2 -march=nocona -mthreads
     -O2 -fimplicit-none -fbounds-check -funroll-loops -ftree-vectorize
     -ffpe-summary=invalid,zero,overflow,underflow -fno-unsafe-math-optimizations
     -frounding-math -fsignaling-nans -fopenmp.

   This problem will use 7 of 8 possible threads.


  INPUT --- proc title ;

   CPU Time for the last procedure was 0.01 seconds.     


  INPUT --- proc chmatrix occasions= 3 groups= 1 etype= Occupancy 
  INPUT --- Nodes= 101 icovar = 3 ICMeans  NoHist hist= 138 ;

  INPUT ---    time interval 1 1 1 ;

  INPUT ---     icovariates HAiFLS_for Area_km2 Cross_Cat ;

  INPUT ---    glabel(1)=freq1;

      Number of unique encounter histories read was 138.

      Number of individual covariates read was 3.
      Time interval lengths are all equal to 1.

      Data type number is 27
      Data type is Occupancy Estimation with Detection < 1                                                             

   CPU Time for the last procedure was 0.02 seconds.     

  Program  MARK  - Survival Rate Estimation with Capture-Recapture Data
   gfortran(dble) Vers. 9.0 Mar 2018    18-Dec-2019 13:12:55    Page  002
 - - - - - - - - - - - - - - - - - - - - - - - - - - - - - - - - - - - - - -
 


  INPUT --- proc estimate link=Logit NOLOOP varest=2ndPart    ;


  INPUT --- model={ p(~1)Psi(~HAiFLS_for + Area_km2 + Cross_Cat) };

  INPUT ---    group=1 p    rows=1 cols=3 Square ;
  INPUT ---        1 1 1 ;

  INPUT ---    group=1 Psi    rows=1 cols=1 Square ;
  INPUT ---        2 ;

  INPUT ---    design matrix constraints=2 covariates=5;
  INPUT ---        1 0 0 0 0;
  INPUT ---        0 1 HAiFLS_for Area_km2 Cross_Cat;
  INPUT ---       blabel(1)=p:(Intercept);
  INPUT ---       blabel(2)=Psi:(Intercept);
  INPUT ---       blabel(3)=Psi:HAiFLS_for;
  INPUT ---       blabel(4)=Psi:Area_km2;
  INPUT ---       blabel(5)=Psi:Cross_Cat;
  INPUT ---       rlabel(1)=p g1 a0 t1;
  INPUT ---       rlabel(2)=Psi g1 a0 t1;

 Link Function Used is LOGIT        

 Variance Estimation Procedure Used is 2ndPart 
 -2logL(saturated) = 0.0000000     
 Effective Sample Size = 138

 Number of function evaluations was 19 for 5 parameters.
 Time for numerical optimization was 0.02 seconds.     
 -2logL { p(~1)Psi(~HAiFLS_for + Area_km2 + Cross_Cat) } = 377.32082     
 Penalty { p(~1)Psi(~HAiFLS_for + Area_km2 + Cross_Cat) } = 0.0000000     
 Gradient { p(~1)Psi(~HAiFLS_for + Area_km2 + Cross_Cat) }:
 -0.1540464E-05   0.000000     -0.2660466E-05 -0.7893501E-06 -0.4724310E-06
 Maximum ABS(G) { p(~1)Psi(~HAiFLS_for + Area_km2 + Cross_Cat) } = 0.2660466E-05 
 S Vector { p(~1)Psi(~HAiFLS_for + Area_km2 + Cross_Cat) }:
   32.30002      29.55048      2.009754     0.7793056     0.4509797E-01
 Time to compute number of parameters was 0.09 seconds.     
 Ratio Threshold = 50.000000       Max Gap (4/5) = 17.280280       Next Max Gap (2/3) = 14.703534     
 Gap Method for Num. of Estimated Parameters { p(~1)Psi(~HAiFLS_for + Area_km2 + Cross_Cat) } = 5          
 Threshold { p(~1)Psi(~HAiFLS_for + Area_km2 + Cross_Cat) } = 0.5320933E-05                 
 Numerical Threshold Method for Num. of Estimated Parameters { p(~1)Psi(~HAiFLS_for + Area_km2 + Cross_Cat) } = 5          
 Number of Estimated Parameters { p(~1)Psi(~HAiFLS_for + Area_km2 + Cross_Cat) } = 5          
 DEVIANCE { p(~1)Psi(~HAiFLS_for + Area_km2 + Cross_Cat) } = 377.32082                     
 DEVIANCE Degrees of Freedom { p(~1)Psi(~HAiFLS_for + Area_km2 + Cross_Cat) } = 133            
 c-hat { p(~1)Psi(~HAiFLS_for + Area_km2 + Cross_Cat) } = 2.8369987                     
 AIC { p(~1)Psi(~HAiFLS_for + Area_km2 + Cross_Cat) } = 387.32082                  
 AICc { p(~1)Psi(~HAiFLS_for + Area_km2 + Cross_Cat) } = 387.77537                    
 BIC { p(~1)Psi(~HAiFLS_for + Area_km2 + Cross_Cat) } = 401.95709                    
 Pearson Chisquare { p(~1)Psi(~HAiFLS_for + Area_km2 + Cross_Cat) } = 1173.7851                  


       LOGIT Link Function Parameters of { p(~1)Psi(~HAiFLS_for + Area_km2 + Cross_Cat) }
                                                              95% Confidence Interval
 Parameter                    Beta         Standard Error      Lower           Upper
 -------------------------  --------------  --------------  --------------  --------------

  Program  MARK  - Survival Rate Estimation with Capture-Recapture Data
   gfortran(dble) Vers. 9.0 Mar 2018    18-Dec-2019 13:12:55    Page  003
 - - - - - - - - - - - - - - - - - - - - - - - - - - - - - - - - - - - - - -
 
    1:p:(Intercept)          1.4763308       0.1805261       1.1224996       1.8301619    
    2:Psi:(Intercept)       -1.0497742       0.3482230      -1.7322914      -0.3672571    
    3:Psi:HAiFLS_for         0.0186991       0.0073079       0.0043756       0.0330226    
    4:Psi:Area_km2           0.1702800       0.0624561       0.0478661       0.2926939    
    5:Psi:Cross_Cat         -0.0982585       0.0505201      -0.1972779       0.7609097E-03


       Real Function Parameters of { p(~1)Psi(~HAiFLS_for + Area_km2 + Cross_Cat) }

      Following estimates based on unstandardized individual covariate values:
          Variable   Value         
          ---------  ------------- 
          HAIFLS_FOR  26.272482    
          AREA_KM2    7.8085664    
          CROSS_CAT   5.6956522    
                                                               95% Confidence Interval
  Parameter                  Estimate       Standard Error      Lower           Upper
 --------------------------  --------------  --------------  --------------  --------------
     1:p g1 a0 t1             0.8140177       0.0273304       0.7544521       0.8617810                          
     2:Psi g1 a0 t1           0.5526772       0.0468475       0.4601066       0.6417346                          


                      Estimates of Derived Parameters
 Occupancy Estimates of { p(~1)Psi(~HAiFLS_for + Area_km2 + Cross_Cat) }
                                            95% Confidence Interval
 Group   Psi-hat         Standard Error      Lower           Upper
 -----   --------------  --------------  --------------  --------------
   1      0.5526772       0.0468475       0.4601066       0.6417346    

   CPU Time for the last procedure was 0.11 seconds.     

  Program  MARK  - Survival Rate Estimation with Capture-Recapture Data
   gfortran(dble) Vers. 9.0 Mar 2018    18-Dec-2019 13:12:55    Page  004
 - - - - - - - - - - - - - - - - - - - - - - - - - - - - - - - - - - - - - -
 


  INPUT --- proc stop;

     CPU Time in minutes for this job was 0.00

     Time Start = 13:12:55.021   Time End = 13:12:55.144

     Wall Clock Time in minutes for this job was 0.00


          E X E C U T I O N   S U C C E S S F U L 
