
   Program  MARK  - Survival Rate Estimation with Capture-Recapture Data
   gfortran(dble) Vers. 9.0 Mar 2018    18-Dec-2019 13:12:43    Page  001
 - - - - - - - - - - - - - - - - - - - - - - - - - - - - - - - - - - - - - -
 
   This version was compiled by GCC version 7.2.0 using the options: 
     -cpp -iprefix C:/Program Files/mingw-w64/x86_64-7.2.0-posix-seh-rt_v5-rev1/
     mingw64/bin/../lib/gcc/x86_64-w64-mingw32/7.2.0/ -D_MT -D_REENTRANT
     -U_REENTRANT -D IEEE -D DBLEPRECISION -m64 -mtune=core2 -march=nocona -mthreads
     -O2 -fimplicit-none -fbounds-check -funroll-loops -ftree-vectorize
     -ffpe-summary=invalid,zero,overflow,underflow -fno-unsafe-math-optimizations
     -frounding-math -fsignaling-nans -fopenmp.

   This problem will use 7 of 8 possible threads.


  INPUT --- proc title ;

   CPU Time for the last procedure was 0.01 seconds.     


  INPUT --- proc chmatrix occasions= 3 groups= 1 etype= Occupancy 
  INPUT --- Nodes= 101 icovar = 3 ICMeans  NoHist hist= 138 ;

  INPUT ---    time interval 1 1 1 ;

  INPUT ---     icovariates Area2 AvgSlope Cross_Cat ;

  INPUT ---    glabel(1)=freq1;

      Number of unique encounter histories read was 138.

      Number of individual covariates read was 3.
      Time interval lengths are all equal to 1.

      Data type number is 27
      Data type is Occupancy Estimation with Detection < 1                                                             

   CPU Time for the last procedure was 0.01 seconds.     

  Program  MARK  - Survival Rate Estimation with Capture-Recapture Data
   gfortran(dble) Vers. 9.0 Mar 2018    18-Dec-2019 13:12:43    Page  002
 - - - - - - - - - - - - - - - - - - - - - - - - - - - - - - - - - - - - - -
 


  INPUT --- proc estimate link=Logit NOLOOP varest=2ndPart    ;


  INPUT --- model={ p(~1)Psi(~Area2 + AvgSlope + Cross_Cat) };

  INPUT ---    group=1 p    rows=1 cols=3 Square ;
  INPUT ---        1 1 1 ;

  INPUT ---    group=1 Psi    rows=1 cols=1 Square ;
  INPUT ---        2 ;

  INPUT ---    design matrix constraints=2 covariates=5;
  INPUT ---        1 0 0 0 0;
  INPUT ---        0 1 Area2 AvgSlope Cross_Cat;
  INPUT ---       blabel(1)=p:(Intercept);
  INPUT ---       blabel(2)=Psi:(Intercept);
  INPUT ---       blabel(3)=Psi:Area2;
  INPUT ---       blabel(4)=Psi:AvgSlope;
  INPUT ---       blabel(5)=Psi:Cross_Cat;
  INPUT ---       rlabel(1)=p g1 a0 t1;
  INPUT ---       rlabel(2)=Psi g1 a0 t1;

 Link Function Used is LOGIT        

 Variance Estimation Procedure Used is 2ndPart 
 -2logL(saturated) = 0.0000000     
 Effective Sample Size = 138

 Number of function evaluations was 15 for 5 parameters.
 Time for numerical optimization was 0.01 seconds.     
 -2logL { p(~1)Psi(~Area2 + AvgSlope + Cross_Cat) } = 397.31487     
 Penalty { p(~1)Psi(~Area2 + AvgSlope + Cross_Cat) } = 0.0000000     
 Gradient { p(~1)Psi(~Area2 + AvgSlope + Cross_Cat) }:
   0.000000      0.3243460E-05   0.000000     -0.1503834E-05 -0.1992655E-05
 Maximum ABS(G) { p(~1)Psi(~Area2 + AvgSlope + Cross_Cat) } = 0.3243460E-05 
 S Vector { p(~1)Psi(~Area2 + AvgSlope + Cross_Cat) }:
   35.63013      30.60174     0.7811125     0.5029080     0.5252982E-01
 Time to compute number of parameters was 0.01 seconds.     
 Ratio Threshold = 50.000000       Max Gap (2/3) = 39.177125       Next Max Gap (4/5) = 9.5737618     
 Gap Method for Num. of Estimated Parameters { p(~1)Psi(~Area2 + AvgSlope + Cross_Cat) } = 5          
 Threshold { p(~1)Psi(~Area2 + AvgSlope + Cross_Cat) } = 0.6486921E-05                 
 Numerical Threshold Method for Num. of Estimated Parameters { p(~1)Psi(~Area2 + AvgSlope + Cross_Cat) } = 5          
 Number of Estimated Parameters { p(~1)Psi(~Area2 + AvgSlope + Cross_Cat) } = 5          
 DEVIANCE { p(~1)Psi(~Area2 + AvgSlope + Cross_Cat) } = 397.31487                     
 DEVIANCE Degrees of Freedom { p(~1)Psi(~Area2 + AvgSlope + Cross_Cat) } = 133            
 c-hat { p(~1)Psi(~Area2 + AvgSlope + Cross_Cat) } = 2.9873299                     
 AIC { p(~1)Psi(~Area2 + AvgSlope + Cross_Cat) } = 407.31487                  
 AICc { p(~1)Psi(~Area2 + AvgSlope + Cross_Cat) } = 407.76942                    
 BIC { p(~1)Psi(~Area2 + AvgSlope + Cross_Cat) } = 421.95114                    
 Pearson Chisquare { p(~1)Psi(~Area2 + AvgSlope + Cross_Cat) } = 1278.3320                  


         LOGIT Link Function Parameters of { p(~1)Psi(~Area2 + AvgSlope + Cross_Cat) }
                                                              95% Confidence Interval
 Parameter                    Beta         Standard Error      Lower           Upper
 -------------------------  --------------  --------------  --------------  --------------

  Program  MARK  - Survival Rate Estimation with Capture-Recapture Data
   gfortran(dble) Vers. 9.0 Mar 2018    18-Dec-2019 13:12:43    Page  003
 - - - - - - - - - - - - - - - - - - - - - - - - - - - - - - - - - - - - - -
 
    1:p:(Intercept)          1.4797357       0.1799915       1.1269523       1.8325191    
    2:Psi:(Intercept)       -0.1761198       0.3390258      -0.8406103       0.4883708    
    3:Psi:Area2              0.5387134E-03   0.0013554      -0.0021179       0.0031953    
    4:Psi:AvgSlope           0.0270754       0.0228629      -0.0177358       0.0718866    
    5:Psi:Cross_Cat         -0.0126997       0.0398059      -0.0907193       0.0653200    


         Real Function Parameters of { p(~1)Psi(~Area2 + AvgSlope + Cross_Cat) }

      Following estimates based on unstandardized individual covariate values:
          Variable   Value         
          ---------  ------------- 
          AREA2       112.64471    
          AVGSLOPE    12.952003    
          CROSS_CAT   5.6956522    
                                                               95% Confidence Interval
  Parameter                  Estimate       Standard Error      Lower           Upper
 --------------------------  --------------  --------------  --------------  --------------
     1:p g1 a0 t1             0.8145327       0.0271912       0.7552760       0.8620615                          
     2:Psi g1 a0 t1           0.5406379       0.0430618       0.4558804       0.6231079                          


                      Estimates of Derived Parameters
    Occupancy Estimates of { p(~1)Psi(~Area2 + AvgSlope + Cross_Cat) }
                                            95% Confidence Interval
 Group   Psi-hat         Standard Error      Lower           Upper
 -----   --------------  --------------  --------------  --------------
   1      0.5406379       0.0430618       0.4558804       0.6231079    

   CPU Time for the last procedure was 0.02 seconds.     

  Program  MARK  - Survival Rate Estimation with Capture-Recapture Data
   gfortran(dble) Vers. 9.0 Mar 2018    18-Dec-2019 13:12:43    Page  004
 - - - - - - - - - - - - - - - - - - - - - - - - - - - - - - - - - - - - - -
 


  INPUT --- proc stop;

     CPU Time in minutes for this job was 0.00

     Time Start = 13:12:43.264   Time End = 13:12:43.410

     Wall Clock Time in minutes for this job was 0.00


          E X E C U T I O N   S U C C E S S F U L 
