
   Program  MARK  - Survival Rate Estimation with Capture-Recapture Data
   gfortran(dble) Vers. 9.0 Mar 2018    18-Dec-2019 13:13:17    Page  001
 - - - - - - - - - - - - - - - - - - - - - - - - - - - - - - - - - - - - - -
 
   This version was compiled by GCC version 7.2.0 using the options: 
     -cpp -iprefix C:/Program Files/mingw-w64/x86_64-7.2.0-posix-seh-rt_v5-rev1/
     mingw64/bin/../lib/gcc/x86_64-w64-mingw32/7.2.0/ -D_MT -D_REENTRANT
     -U_REENTRANT -D IEEE -D DBLEPRECISION -m64 -mtune=core2 -march=nocona -mthreads
     -O2 -fimplicit-none -fbounds-check -funroll-loops -ftree-vectorize
     -ffpe-summary=invalid,zero,overflow,underflow -fno-unsafe-math-optimizations
     -frounding-math -fsignaling-nans -fopenmp.

   This problem will use 7 of 8 possible threads.


  INPUT --- proc title ;

   CPU Time for the last procedure was 0.01 seconds.     


  INPUT --- proc chmatrix occasions= 3 groups= 1 etype= Occupancy 
  INPUT --- Nodes= 101 icovar = 3 ICMeans  NoHist hist= 138 ;

  INPUT ---    time interval 1 1 1 ;

  INPUT ---     icovariates HAiFLS_nat AvgSlope Cross_Cat ;

  INPUT ---    glabel(1)=freq1;

      Number of unique encounter histories read was 138.

      Number of individual covariates read was 3.
      Time interval lengths are all equal to 1.

      Data type number is 27
      Data type is Occupancy Estimation with Detection < 1                                                             

   CPU Time for the last procedure was 0.01 seconds.     

  Program  MARK  - Survival Rate Estimation with Capture-Recapture Data
   gfortran(dble) Vers. 9.0 Mar 2018    18-Dec-2019 13:13:17    Page  002
 - - - - - - - - - - - - - - - - - - - - - - - - - - - - - - - - - - - - - -
 


  INPUT --- proc estimate link=Logit NOLOOP varest=2ndPart    ;


  INPUT --- model={ p(~1)Psi(~HAiFLS_nat + AvgSlope + Cross_Cat) };

  INPUT ---    group=1 p    rows=1 cols=3 Square ;
  INPUT ---        1 1 1 ;

  INPUT ---    group=1 Psi    rows=1 cols=1 Square ;
  INPUT ---        2 ;

  INPUT ---    design matrix constraints=2 covariates=5;
  INPUT ---        1 0 0 0 0;
  INPUT ---        0 1 HAiFLS_nat AvgSlope Cross_Cat;
  INPUT ---       blabel(1)=p:(Intercept);
  INPUT ---       blabel(2)=Psi:(Intercept);
  INPUT ---       blabel(3)=Psi:HAiFLS_nat;
  INPUT ---       blabel(4)=Psi:AvgSlope;
  INPUT ---       blabel(5)=Psi:Cross_Cat;
  INPUT ---       rlabel(1)=p g1 a0 t1;
  INPUT ---       rlabel(2)=Psi g1 a0 t1;

 Link Function Used is LOGIT        

 Variance Estimation Procedure Used is 2ndPart 
 -2logL(saturated) = 0.0000000     
 Effective Sample Size = 138

 Number of function evaluations was 15 for 5 parameters.
 Time for numerical optimization was 0.02 seconds.     
 -2logL { p(~1)Psi(~HAiFLS_nat + AvgSlope + Cross_Cat) } = 388.57940     
 Penalty { p(~1)Psi(~HAiFLS_nat + AvgSlope + Cross_Cat) } = 0.0000000     
 Gradient { p(~1)Psi(~HAiFLS_nat + AvgSlope + Cross_Cat) }:
   0.000000      0.4111056E-05  0.1271437E-05  0.1514840E-05  0.3689050E-05
 Maximum ABS(G) { p(~1)Psi(~HAiFLS_nat + AvgSlope + Cross_Cat) } = 0.4111056E-05 
 S Vector { p(~1)Psi(~HAiFLS_nat + AvgSlope + Cross_Cat) }:
   35.89930      30.40601      1.997224     0.5570449     0.3460533    
 Time to compute number of parameters was 0.08 seconds.     
 Ratio Threshold = 50.000000       Max Gap (2/3) = 15.224134       Next Max Gap (3/4) = 3.5853918     
 Gap Method for Num. of Estimated Parameters { p(~1)Psi(~HAiFLS_nat + AvgSlope + Cross_Cat) } = 5          
 Threshold { p(~1)Psi(~HAiFLS_nat + AvgSlope + Cross_Cat) } = 0.8222112E-05                 
 Numerical Threshold Method for Num. of Estimated Parameters { p(~1)Psi(~HAiFLS_nat + AvgSlope + Cross_Cat) } = 5          
 Number of Estimated Parameters { p(~1)Psi(~HAiFLS_nat + AvgSlope + Cross_Cat) } = 5          
 DEVIANCE { p(~1)Psi(~HAiFLS_nat + AvgSlope + Cross_Cat) } = 388.57940                     
 DEVIANCE Degrees of Freedom { p(~1)Psi(~HAiFLS_nat + AvgSlope + Cross_Cat) } = 133            
 c-hat { p(~1)Psi(~HAiFLS_nat + AvgSlope + Cross_Cat) } = 2.9216496                     
 AIC { p(~1)Psi(~HAiFLS_nat + AvgSlope + Cross_Cat) } = 398.57940                  
 AICc { p(~1)Psi(~HAiFLS_nat + AvgSlope + Cross_Cat) } = 399.03395                    
 BIC { p(~1)Psi(~HAiFLS_nat + AvgSlope + Cross_Cat) } = 413.21567                    
 Pearson Chisquare { p(~1)Psi(~HAiFLS_nat + AvgSlope + Cross_Cat) } = 1206.9831                  


       LOGIT Link Function Parameters of { p(~1)Psi(~HAiFLS_nat + AvgSlope + Cross_Cat) }
                                                              95% Confidence Interval
 Parameter                    Beta         Standard Error      Lower           Upper
 -------------------------  --------------  --------------  --------------  --------------

  Program  MARK  - Survival Rate Estimation with Capture-Recapture Data
   gfortran(dble) Vers. 9.0 Mar 2018    18-Dec-2019 13:13:17    Page  003
 - - - - - - - - - - - - - - - - - - - - - - - - - - - - - - - - - - - - - -
 
    1:p:(Intercept)          1.4769898       0.1804533       1.1233014       1.8306782    
    2:Psi:(Intercept)       -0.8558237       0.4220223      -1.6829874      -0.0286599    
    3:Psi:HAiFLS_nat         0.0200268       0.0070714       0.0061669       0.0338867    
    4:Psi:AvgSlope           0.0267506       0.0244263      -0.0211249       0.0746261    
    5:Psi:Cross_Cat          0.0148350       0.0224597      -0.0291860       0.0588560    


       Real Function Parameters of { p(~1)Psi(~HAiFLS_nat + AvgSlope + Cross_Cat) }

      Following estimates based on unstandardized individual covariate values:
          Variable   Value         
          ---------  ------------- 
          HAIFLS_NAT  30.404180    
          AVGSLOPE    12.952003    
          CROSS_CAT   5.6956522    
                                                               95% Confidence Interval
  Parameter                  Estimate       Standard Error      Lower           Upper
 --------------------------  --------------  --------------  --------------  --------------
     1:p g1 a0 t1             0.8141175       0.0273080       0.7546006       0.8618425                          
     2:Psi g1 a0 t1           0.5458815       0.0447052       0.4577457       0.6312326                          


                      Estimates of Derived Parameters
 Occupancy Estimates of { p(~1)Psi(~HAiFLS_nat + AvgSlope + Cross_Cat) }
                                            95% Confidence Interval
 Group   Psi-hat         Standard Error      Lower           Upper
 -----   --------------  --------------  --------------  --------------
   1      0.5458815       0.0447052       0.4577457       0.6312326    

   CPU Time for the last procedure was 0.09 seconds.     

  Program  MARK  - Survival Rate Estimation with Capture-Recapture Data
   gfortran(dble) Vers. 9.0 Mar 2018    18-Dec-2019 13:13:17    Page  004
 - - - - - - - - - - - - - - - - - - - - - - - - - - - - - - - - - - - - - -
 


  INPUT --- proc stop;

     CPU Time in minutes for this job was 0.00

     Time Start = 13:13:17.339   Time End = 13:13:17.482

     Wall Clock Time in minutes for this job was 0.00


          E X E C U T I O N   S U C C E S S F U L 
