
   Program  MARK  - Survival Rate Estimation with Capture-Recapture Data
   gfortran(dble) Vers. 9.0 Mar 2018    19-Dec-2019 22:31:45    Page  001
 - - - - - - - - - - - - - - - - - - - - - - - - - - - - - - - - - - - - - -
 
   This version was compiled by GCC version 7.2.0 using the options: 
     -cpp -iprefix C:/Program Files/mingw-w64/x86_64-7.2.0-posix-seh-rt_v5-rev1/
     mingw64/bin/../lib/gcc/x86_64-w64-mingw32/7.2.0/ -D_MT -D_REENTRANT
     -U_REENTRANT -D IEEE -D DBLEPRECISION -m64 -mtune=core2 -march=nocona -mthreads
     -O2 -fimplicit-none -fbounds-check -funroll-loops -ftree-vectorize
     -ffpe-summary=invalid,zero,overflow,underflow -fno-unsafe-math-optimizations
     -frounding-math -fsignaling-nans -fopenmp.

   This problem will use 7 of 8 possible threads.


  INPUT --- proc title ;

   CPU Time for the last procedure was 0.01 seconds.     


  INPUT --- proc chmatrix occasions= 3 groups= 1 etype= Occupancy 
  INPUT --- Nodes= 101 icovar = 4 ICMeans  NoHist hist= 138 ;

  INPUT ---    time interval 1 1 1 ;

  INPUT ---     icovariates MEANT avdep mFlow pctrun ;

  INPUT ---    glabel(1)=freq1;

      Number of unique encounter histories read was 138.

      Number of individual covariates read was 4.
      Time interval lengths are all equal to 1.

      Data type number is 27
      Data type is Occupancy Estimation with Detection < 1                                                             

   CPU Time for the last procedure was 0.01 seconds.     

  Program  MARK  - Survival Rate Estimation with Capture-Recapture Data
   gfortran(dble) Vers. 9.0 Mar 2018    19-Dec-2019 22:31:45    Page  002
 - - - - - - - - - - - - - - - - - - - - - - - - - - - - - - - - - - - - - -
 


  INPUT --- proc estimate link=Logit NOLOOP varest=2ndPart    ;


  INPUT --- model={ p(~1)Psi(~MEANT + avdep + mFlow + pctrun) };

  INPUT ---    group=1 p    rows=1 cols=3 Square ;
  INPUT ---        1 1 1 ;

  INPUT ---    group=1 Psi    rows=1 cols=1 Square ;
  INPUT ---        2 ;

  INPUT ---    design matrix constraints=2 covariates=6;
  INPUT ---        1 0 0 0 0 0;
  INPUT ---        0 1 MEANT avdep mFlow pctrun;
  INPUT ---       blabel(1)=p:(Intercept);
  INPUT ---       blabel(2)=Psi:(Intercept);
  INPUT ---       blabel(3)=Psi:MEANT;
  INPUT ---       blabel(4)=Psi:avdep;
  INPUT ---       blabel(5)=Psi:mFlow;
  INPUT ---       blabel(6)=Psi:pctrun;
  INPUT ---       rlabel(1)=p g1 a0 t1;
  INPUT ---       rlabel(2)=Psi g1 a0 t1;

 Link Function Used is LOGIT        

 Variance Estimation Procedure Used is 2ndPart 
 -2logL(saturated) = 0.0000000     
 Effective Sample Size = 138

 Number of function evaluations was 22 for 6 parameters.
 Time for numerical optimization was 0.06 seconds.     
 -2logL { p(~1)Psi(~MEANT + avdep + mFlow + pctrun) } = 372.00081     
 Penalty { p(~1)Psi(~MEANT + avdep + mFlow + pctrun) } = 0.0000000     
 Gradient { p(~1)Psi(~MEANT + avdep + mFlow + pctrun) }:
  0.1594824E-05   0.000000       0.000000     -0.1741462E-05 -0.1690524E-06
 -0.5612711E-06
 Maximum ABS(G) { p(~1)Psi(~MEANT + avdep + mFlow + pctrun) } = 0.1741462E-05 
 S Vector { p(~1)Psi(~MEANT + avdep + mFlow + pctrun) }:
   49.38343      31.89673     0.9585193     0.1923274     0.1080659    
  0.3430191E-01
 Time to compute number of parameters was 0.01 seconds.     
 Ratio Threshold = 50.000000       Max Gap (2/3) = 33.277092       Next Max Gap (3/4) = 4.9837901     
 Gap Method for Num. of Estimated Parameters { p(~1)Psi(~MEANT + avdep + mFlow + pctrun) } = 6          
 Threshold { p(~1)Psi(~MEANT + avdep + mFlow + pctrun) } = 0.3482924E-05                 
 Numerical Threshold Method for Num. of Estimated Parameters { p(~1)Psi(~MEANT + avdep + mFlow + pctrun) } = 6          
 Number of Estimated Parameters { p(~1)Psi(~MEANT + avdep + mFlow + pctrun) } = 6          
 DEVIANCE { p(~1)Psi(~MEANT + avdep + mFlow + pctrun) } = 372.00081                     
 DEVIANCE Degrees of Freedom { p(~1)Psi(~MEANT + avdep + mFlow + pctrun) } = 132            
 c-hat { p(~1)Psi(~MEANT + avdep + mFlow + pctrun) } = 2.8181879                     
 AIC { p(~1)Psi(~MEANT + avdep + mFlow + pctrun) } = 384.00081                  
 AICc { p(~1)Psi(~MEANT + avdep + mFlow + pctrun) } = 384.64203                    
 BIC { p(~1)Psi(~MEANT + avdep + mFlow + pctrun) } = 401.56433                    
 Pearson Chisquare { p(~1)Psi(~MEANT + avdep + mFlow + pctrun) } = 1326.0555                  

  Program  MARK  - Survival Rate Estimation with Capture-Recapture Data
   gfortran(dble) Vers. 9.0 Mar 2018    19-Dec-2019 22:31:45    Page  003
 - - - - - - - - - - - - - - - - - - - - - - - - - - - - - - - - - - - - - -
 


        LOGIT Link Function Parameters of { p(~1)Psi(~MEANT + avdep + mFlow + pctrun) }
                                                              95% Confidence Interval
 Parameter                    Beta         Standard Error      Lower           Upper
 -------------------------  --------------  --------------  --------------  --------------
    1:p:(Intercept)          1.3919237       0.1773135       1.0443893       1.7394581    
    2:Psi:(Intercept)        2.4371772       1.9622424      -1.4088180       6.2831723    
    3:Psi:MEANT             -0.1413579       0.0877827      -0.3134119       0.0306961    
    4:Psi:avdep              1.1905165       2.4252500      -3.5629736       5.9440067    
    5:Psi:mFlow              12.423530       3.0445580       6.4561957       18.390863    
    6:Psi:pctrun            -5.7965324       1.4329364      -8.6050878      -2.9879769    


        Real Function Parameters of { p(~1)Psi(~MEANT + avdep + mFlow + pctrun) }

      Following estimates based on unstandardized individual covariate values:
          Variable   Value         
          ---------  ------------- 
          MEANT       20.182899    
          AVDEP       0.2562426    
          MFLOW       0.2587289    
          PCTRUN      0.4539599    
                                                               95% Confidence Interval
  Parameter                  Estimate       Standard Error      Lower           Upper
 --------------------------  --------------  --------------  --------------  --------------
     1:p g1 a0 t1             0.8008992       0.0282744       0.7396960       0.8506182                          
     2:Psi g1 a0 t1           0.6158947       0.0523398       0.5096280       0.7121403                          


                      Estimates of Derived Parameters
   Occupancy Estimates of { p(~1)Psi(~MEANT + avdep + mFlow + pctrun) }
                                            95% Confidence Interval
 Group   Psi-hat         Standard Error      Lower           Upper
 -----   --------------  --------------  --------------  --------------
   1      0.6158947       0.0523398       0.5096280       0.7121403    

   CPU Time for the last procedure was 0.06 seconds.     

  Program  MARK  - Survival Rate Estimation with Capture-Recapture Data
   gfortran(dble) Vers. 9.0 Mar 2018    19-Dec-2019 22:31:45    Page  004
 - - - - - - - - - - - - - - - - - - - - - - - - - - - - - - - - - - - - - -
 


  INPUT --- proc stop;

     CPU Time in minutes for this job was 0.00

     Time Start = 22:31:45.129   Time End = 22:31:45.324

     Wall Clock Time in minutes for this job was 0.00


          E X E C U T I O N   S U C C E S S F U L 
