
   Program  MARK  - Survival Rate Estimation with Capture-Recapture Data
   gfortran(dble) Vers. 9.0 Mar 2018    18-Dec-2019 13:09:36    Page  001
 - - - - - - - - - - - - - - - - - - - - - - - - - - - - - - - - - - - - - -
 
   This version was compiled by GCC version 7.2.0 using the options: 
     -cpp -iprefix C:/Program Files/mingw-w64/x86_64-7.2.0-posix-seh-rt_v5-rev1/
     mingw64/bin/../lib/gcc/x86_64-w64-mingw32/7.2.0/ -D_MT -D_REENTRANT
     -U_REENTRANT -D IEEE -D DBLEPRECISION -m64 -mtune=core2 -march=nocona -mthreads
     -O2 -fimplicit-none -fbounds-check -funroll-loops -ftree-vectorize
     -ffpe-summary=invalid,zero,overflow,underflow -fno-unsafe-math-optimizations
     -frounding-math -fsignaling-nans -fopenmp.

   This problem will use 7 of 8 possible threads.


  INPUT --- proc title ;

   CPU Time for the last procedure was 0.01 seconds.     


  INPUT --- proc chmatrix occasions= 3 groups= 1 etype= Occupancy 
  INPUT --- Nodes= 101 icovar = 2 ICMeans  NoHist hist= 138 ;

  INPUT ---    time interval 1 1 1 ;

  INPUT ---     icovariates HAiFLS_al2 Area2 ;

  INPUT ---    glabel(1)=freq1;

      Number of unique encounter histories read was 138.

      Number of individual covariates read was 2.
      Time interval lengths are all equal to 1.

      Data type number is 27
      Data type is Occupancy Estimation with Detection < 1                                                             

   CPU Time for the last procedure was 0.01 seconds.     

  Program  MARK  - Survival Rate Estimation with Capture-Recapture Data
   gfortran(dble) Vers. 9.0 Mar 2018    18-Dec-2019 13:09:36    Page  002
 - - - - - - - - - - - - - - - - - - - - - - - - - - - - - - - - - - - - - -
 


  INPUT --- proc estimate link=Logit NOLOOP varest=2ndPart    ;


  INPUT --- model={ p(~1)Psi(~HAiFLS_al2 + Area2) };

  INPUT ---    group=1 p    rows=1 cols=3 Square ;
  INPUT ---        1 1 1 ;

  INPUT ---    group=1 Psi    rows=1 cols=1 Square ;
  INPUT ---        2 ;

  INPUT ---    design matrix constraints=2 covariates=4;
  INPUT ---        1 0 0 0;
  INPUT ---        0 1 HAiFLS_al2 Area2;
  INPUT ---       blabel(1)=p:(Intercept);
  INPUT ---       blabel(2)=Psi:(Intercept);
  INPUT ---       blabel(3)=Psi:HAiFLS_al2;
  INPUT ---       blabel(4)=Psi:Area2;
  INPUT ---       rlabel(1)=p g1 a0 t1;
  INPUT ---       rlabel(2)=Psi g1 a0 t1;

 Link Function Used is LOGIT        

 Variance Estimation Procedure Used is 2ndPart 
 -2logL(saturated) = 0.0000000     
 Effective Sample Size = 138

 Number of function evaluations was 13 for 4 parameters.
 Time for numerical optimization was 0.02 seconds.     
 -2logL { p(~1)Psi(~HAiFLS_al2 + Area2) } = 384.11875     
 Penalty { p(~1)Psi(~HAiFLS_al2 + Area2) } = 0.0000000     
 Gradient { p(~1)Psi(~HAiFLS_al2 + Area2) }:
 -0.7700248E-05  0.3240193E-05  0.2425791E-05 -0.1808362E-05
 Maximum ABS(G) { p(~1)Psi(~HAiFLS_al2 + Area2) } = 0.7700248E-05 
 S Vector { p(~1)Psi(~HAiFLS_al2 + Area2) }:
   41.94244      30.62908      2.055487     0.2851826    
 Time to compute number of parameters was 0.01 seconds.     
 Ratio Threshold = 50.000000       Max Gap (2/3) = 14.901130       Next Max Gap (3/4) = 7.2076177     
 Gap Method for Num. of Estimated Parameters { p(~1)Psi(~HAiFLS_al2 + Area2) } = 4          
 Threshold { p(~1)Psi(~HAiFLS_al2 + Area2) } = 0.1540050E-04                 
 Numerical Threshold Method for Num. of Estimated Parameters { p(~1)Psi(~HAiFLS_al2 + Area2) } = 4          
 Number of Estimated Parameters { p(~1)Psi(~HAiFLS_al2 + Area2) } = 4          
 DEVIANCE { p(~1)Psi(~HAiFLS_al2 + Area2) } = 384.11875                     
 DEVIANCE Degrees of Freedom { p(~1)Psi(~HAiFLS_al2 + Area2) } = 134            
 c-hat { p(~1)Psi(~HAiFLS_al2 + Area2) } = 2.8665578                     
 AIC { p(~1)Psi(~HAiFLS_al2 + Area2) } = 392.11875                  
 AICc { p(~1)Psi(~HAiFLS_al2 + Area2) } = 392.41950                    
 BIC { p(~1)Psi(~HAiFLS_al2 + Area2) } = 403.82777                    
 Pearson Chisquare { p(~1)Psi(~HAiFLS_al2 + Area2) } = 1191.5654                  


              LOGIT Link Function Parameters of { p(~1)Psi(~HAiFLS_al2 + Area2) }
                                                              95% Confidence Interval
 Parameter                    Beta         Standard Error      Lower           Upper
 -------------------------  --------------  --------------  --------------  --------------
    1:p:(Intercept)          1.4769965       0.1804532       1.1233081       1.8306848    
    2:Psi:(Intercept)        1.3546114       0.4063843       0.5580982       2.1511246    
    3:Psi:HAiFLS_al2        -0.2175994E-03   0.6010482E-04  -0.3354048E-03  -0.9979393E-04

  Program  MARK  - Survival Rate Estimation with Capture-Recapture Data
   gfortran(dble) Vers. 9.0 Mar 2018    18-Dec-2019 13:09:36    Page  003
 - - - - - - - - - - - - - - - - - - - - - - - - - - - - - - - - - - - - - -
 
    4:Psi:Area2              0.4284173E-03   0.7224834E-03  -0.9876503E-03   0.0018445    


              Real Function Parameters of { p(~1)Psi(~HAiFLS_al2 + Area2) }

      Following estimates based on unstandardized individual covariate values:
          Variable   Value         
          ---------  ------------- 
          HAIFLS_AL2  5578.3218    
          AREA2       112.64471    
                                                               95% Confidence Interval
  Parameter                  Estimate       Standard Error      Lower           Upper
 --------------------------  --------------  --------------  --------------  --------------
     1:p g1 a0 t1             0.8141185       0.0273079       0.7546018       0.8618433                          
     2:Psi g1 a0 t1           0.5471175       0.0454829       0.4574160       0.6338598                          


                      Estimates of Derived Parameters
         Occupancy Estimates of { p(~1)Psi(~HAiFLS_al2 + Area2) }
                                            95% Confidence Interval
 Group   Psi-hat         Standard Error      Lower           Upper
 -----   --------------  --------------  --------------  --------------
   1      0.5471175       0.0454829       0.4574160       0.6338598    

   CPU Time for the last procedure was 0.02 seconds.     

  Program  MARK  - Survival Rate Estimation with Capture-Recapture Data
   gfortran(dble) Vers. 9.0 Mar 2018    18-Dec-2019 13:09:36    Page  004
 - - - - - - - - - - - - - - - - - - - - - - - - - - - - - - - - - - - - - -
 


  INPUT --- proc stop;

     CPU Time in minutes for this job was 0.00

     Time Start = 13:09:36.726   Time End = 13:09:36.820

     Wall Clock Time in minutes for this job was 0.00


          E X E C U T I O N   S U C C E S S F U L 
