
   Program  MARK  - Survival Rate Estimation with Capture-Recapture Data
   gfortran(dble) Vers. 9.0 Mar 2018    19-Dec-2019 22:31:45    Page  001
 - - - - - - - - - - - - - - - - - - - - - - - - - - - - - - - - - - - - - -
 
   This version was compiled by GCC version 7.2.0 using the options: 
     -cpp -iprefix C:/Program Files/mingw-w64/x86_64-7.2.0-posix-seh-rt_v5-rev1/
     mingw64/bin/../lib/gcc/x86_64-w64-mingw32/7.2.0/ -D_MT -D_REENTRANT
     -U_REENTRANT -D IEEE -D DBLEPRECISION -m64 -mtune=core2 -march=nocona -mthreads
     -O2 -fimplicit-none -fbounds-check -funroll-loops -ftree-vectorize
     -ffpe-summary=invalid,zero,overflow,underflow -fno-unsafe-math-optimizations
     -frounding-math -fsignaling-nans -fopenmp.

   This problem will use 7 of 8 possible threads.


  INPUT --- proc title ;

   CPU Time for the last procedure was 0.01 seconds.     


  INPUT --- proc chmatrix occasions= 3 groups= 1 etype= Occupancy 
  INPUT --- Nodes= 101 icovar = 7 ICMeans  NoHist hist= 138 ;

  INPUT ---    time interval 1 1 1 ;

  INPUT ---     icovariates effort1 effort2 effort3 MEANT avdep mFlow  
  INPUT ---    pctrun ;

  INPUT ---    glabel(1)=freq1;

      Number of unique encounter histories read was 138.

      Number of individual covariates read was 7.
      Time interval lengths are all equal to 1.

      Data type number is 27
      Data type is Occupancy Estimation with Detection < 1                                                             

   CPU Time for the last procedure was 0.02 seconds.     

  Program  MARK  - Survival Rate Estimation with Capture-Recapture Data
   gfortran(dble) Vers. 9.0 Mar 2018    19-Dec-2019 22:31:45    Page  002
 - - - - - - - - - - - - - - - - - - - - - - - - - - - - - - - - - - - - - -
 


  INPUT --- proc estimate link=Logit NOLOOP varest=2ndPart    ;


  INPUT --- model={ p(~effort)Psi(~MEANT + avdep + mFlow + pctrun) };

  INPUT ---    group=1 p    rows=1 cols=3 Square ;
  INPUT ---        1 2 3 ;

  INPUT ---    group=1 Psi    rows=1 cols=1 Square ;
  INPUT ---        4 ;

  INPUT ---    design matrix constraints=4 covariates=7;
  INPUT ---        1 effort1 0 0 0 0 0;
  INPUT ---        1 effort2 0 0 0 0 0;
  INPUT ---        1 effort3 0 0 0 0 0;
  INPUT ---        0 0 1 MEANT avdep mFlow pctrun;
  INPUT ---       blabel(1)=p:(Intercept);
  INPUT ---       blabel(2)=p:effort;
  INPUT ---       blabel(3)=Psi:(Intercept);
  INPUT ---       blabel(4)=Psi:MEANT;
  INPUT ---       blabel(5)=Psi:avdep;
  INPUT ---       blabel(6)=Psi:mFlow;
  INPUT ---       blabel(7)=Psi:pctrun;
  INPUT ---       rlabel(1)=p g1 a0 t1;
  INPUT ---       rlabel(2)=p g1 a1 t2;
  INPUT ---       rlabel(3)=p g1 a2 t3;
  INPUT ---       rlabel(4)=Psi g1 a0 t1;

 Link Function Used is LOGIT        

 Variance Estimation Procedure Used is 2ndPart 
 -2logL(saturated) = 0.0000000     
 Effective Sample Size = 138

 Number of function evaluations was 24 for 7 parameters.
 Time for numerical optimization was 0.01 seconds.     
 -2logL { p(~effort)Psi(~MEANT + avdep + mFlow + pctrun) } = 364.28319     
 Penalty { p(~effort)Psi(~MEANT + avdep + mFlow + pctrun) } = 0.0000000     
 Gradient { p(~effort)Psi(~MEANT + avdep + mFlow + pctrun) }:
  0.7484048E-05  0.1583036E-05  0.5867838E-05  0.3811033E-05  0.2434992E-05
  0.9731813E-06  0.3299257E-05
 Maximum ABS(G) { p(~effort)Psi(~MEANT + avdep + mFlow + pctrun) } = 0.7484048E-05 
 S Vector { p(~effort)Psi(~MEANT + avdep + mFlow + pctrun) }:
   48.12081      31.24596     0.9203949     0.4098082     0.2011511    
  0.9514386E-01 0.2954082E-01
 Time to compute number of parameters was 0.01 seconds.     
 Ratio Threshold = 50.000000       Max Gap (2/3) = 33.948428       Next Max Gap (6/7) = 3.2207590     
 Gap Method for Num. of Estimated Parameters { p(~effort)Psi(~MEANT + avdep + mFlow + pctrun) } = 7          
 Threshold { p(~effort)Psi(~MEANT + avdep + mFlow + pctrun) } = 0.1496810E-04                 
 Numerical Threshold Method for Num. of Estimated Parameters { p(~effort)Psi(~MEANT + avdep + mFlow + pctrun) } = 7          
 Number of Estimated Parameters { p(~effort)Psi(~MEANT + avdep + mFlow + pctrun) } = 7          
 DEVIANCE { p(~effort)Psi(~MEANT + avdep + mFlow + pctrun) } = 364.28319                     
 DEVIANCE Degrees of Freedom { p(~effort)Psi(~MEANT + avdep + mFlow + pctrun) } = 131            
 c-hat { p(~effort)Psi(~MEANT + avdep + mFlow + pctrun) } = 2.7807877                     
 AIC { p(~effort)Psi(~MEANT + avdep + mFlow + pctrun) } = 378.28319                  
 AICc { p(~effort)Psi(~MEANT + avdep + mFlow + pctrun) } = 379.14473                    
 BIC { p(~effort)Psi(~MEANT + avdep + mFlow + pctrun) } = 398.77397                    
 Pearson Chisquare { p(~effort)Psi(~MEANT + avdep + mFlow + pctrun) } = 1528.0633                  

  Program  MARK  - Survival Rate Estimation with Capture-Recapture Data
   gfortran(dble) Vers. 9.0 Mar 2018    19-Dec-2019 22:31:45    Page  003
 - - - - - - - - - - - - - - - - - - - - - - - - - - - - - - - - - - - - - -
 


      LOGIT Link Function Parameters of { p(~effort)Psi(~MEANT + avdep + mFlow + pctrun) }
                                                              95% Confidence Interval
 Parameter                    Beta         Standard Error      Lower           Upper
 -------------------------  --------------  --------------  --------------  --------------
    1:p:(Intercept)          0.5291312       0.3723272      -0.2006302       1.2588926    
    2:p:effort               0.9577405E-03   0.3888119E-03   0.1956692E-03   0.0017198    
    3:Psi:(Intercept)        2.9006160       2.1146942      -1.2441848       7.0454167    
    4:Psi:MEANT             -0.1579429       0.0932355      -0.3406845       0.0247986    
    5:Psi:avdep              0.5666161       2.4778033      -4.2898784       5.4231107    
    6:Psi:mFlow              12.972979       3.2568242       6.5896039       19.356355    
    7:Psi:pctrun            -5.9373747       1.4864691      -8.8508542      -3.0238952    


      Real Function Parameters of { p(~effort)Psi(~MEANT + avdep + mFlow + pctrun) }

      Following estimates based on unstandardized individual covariate values:
          Variable   Value         
          ---------  ------------- 
          EFFORT1     906.23188    
          EFFORT2     834.18841    
          EFFORT3     818.18116    
          MEANT       20.182899    
          AVDEP       0.2562426    
          MFLOW       0.2587289    
          PCTRUN      0.4539599    
                                                               95% Confidence Interval
  Parameter                  Estimate       Standard Error      Lower           Upper
 --------------------------  --------------  --------------  --------------  --------------
     1:p g1 a0 t1             0.8017179       0.0295635       0.7374115       0.8534067                          
     2:p g1 a1 t2             0.7905208       0.0304321       0.7246958       0.8439951                          
     3:p g1 a2 t3             0.7879707       0.0307178       0.7215921       0.8419887                          
     4:Psi g1 a0 t1           0.6269644       0.0550506       0.5144639       0.7272193                          


                      Estimates of Derived Parameters
 Occupancy Estimates of { p(~effort)Psi(~MEANT + avdep + mFlow + pctrun) }
                                            95% Confidence Interval
 Group   Psi-hat         Standard Error      Lower           Upper
 -----   --------------  --------------  --------------  --------------
   1      0.6269644       0.0550506       0.5144639       0.7272193    

   CPU Time for the last procedure was 0.01 seconds.     

  Program  MARK  - Survival Rate Estimation with Capture-Recapture Data
   gfortran(dble) Vers. 9.0 Mar 2018    19-Dec-2019 22:31:45    Page  004
 - - - - - - - - - - - - - - - - - - - - - - - - - - - - - - - - - - - - - -
 


  INPUT --- proc stop;

     CPU Time in minutes for this job was 0.00

     Time Start = 22:31:45.655   Time End = 22:31:45.858

     Wall Clock Time in minutes for this job was 0.00


          E X E C U T I O N   S U C C E S S F U L 
