
   Program  MARK  - Survival Rate Estimation with Capture-Recapture Data
   gfortran(dble) Vers. 9.0 Mar 2018    17-Dec-2019 15:56:48    Page  001
 - - - - - - - - - - - - - - - - - - - - - - - - - - - - - - - - - - - - - -
 
   This version was compiled by GCC version 7.2.0 using the options: 
     -cpp -iprefix C:/Program Files/mingw-w64/x86_64-7.2.0-posix-seh-rt_v5-rev1/
     mingw64/bin/../lib/gcc/x86_64-w64-mingw32/7.2.0/ -D_MT -D_REENTRANT
     -U_REENTRANT -D IEEE -D DBLEPRECISION -m64 -mtune=core2 -march=nocona -mthreads
     -O2 -fimplicit-none -fbounds-check -funroll-loops -ftree-vectorize
     -ffpe-summary=invalid,zero,overflow,underflow -fno-unsafe-math-optimizations
     -frounding-math -fsignaling-nans -fopenmp.

   This problem will use 7 of 8 possible threads.


  INPUT --- proc title ;

   CPU Time for the last procedure was 0.01 seconds.     


  INPUT --- proc chmatrix occasions= 3 groups= 1 etype= Occupancy 
  INPUT --- Nodes= 101 icovar = 7 ICMeans  NoHist hist= 138 ;

  INPUT ---    time interval 1 1 1 ;

  INPUT ---     icovariates effort1 effort2 effort3 HAiFLS_al2 Area2  
  INPUT ---    AvgSlope Cross_Cat ;

  INPUT ---    glabel(1)=freq1;

      Number of unique encounter histories read was 138.

      Number of individual covariates read was 7.
      Time interval lengths are all equal to 1.

      Data type number is 27
      Data type is Occupancy Estimation with Detection < 1                                                             

   CPU Time for the last procedure was 0.01 seconds.     

  Program  MARK  - Survival Rate Estimation with Capture-Recapture Data
   gfortran(dble) Vers. 9.0 Mar 2018    17-Dec-2019 15:56:48    Page  002
 - - - - - - - - - - - - - - - - - - - - - - - - - - - - - - - - - - - - - -
 


  INPUT --- proc estimate link=Logit NOLOOP varest=2ndPart    ;


  INPUT --- model={ p(~effort)Psi(~HAiFLS_al2 + Area2 + AvgSlope + 
  INPUT --- Cross_Cat) };

  INPUT ---    group=1 p    rows=1 cols=3 Square ;
  INPUT ---        1 2 3 ;

  INPUT ---    group=1 Psi    rows=1 cols=1 Square ;
  INPUT ---        4 ;

  INPUT ---    design matrix constraints=4 covariates=7;
  INPUT ---        1 effort1 0 0 0 0 0;
  INPUT ---        1 effort2 0 0 0 0 0;
  INPUT ---        1 effort3 0 0 0 0 0;
  INPUT ---        0 0 1 HAiFLS_al2 Area2 AvgSlope Cross_Cat;
  INPUT ---       blabel(1)=p:(Intercept);
  INPUT ---       blabel(2)=p:effort;
  INPUT ---       blabel(3)=Psi:(Intercept);
  INPUT ---       blabel(4)=Psi:HAiFLS_al2;
  INPUT ---       blabel(5)=Psi:Area2;
  INPUT ---       blabel(6)=Psi:AvgSlope;
  INPUT ---       blabel(7)=Psi:Cross_Cat;
  INPUT ---       rlabel(1)=p g1 a0 t1;
  INPUT ---       rlabel(2)=p g1 a1 t2;
  INPUT ---       rlabel(3)=p g1 a2 t3;
  INPUT ---       rlabel(4)=Psi g1 a0 t1;

 Link Function Used is LOGIT        

 Variance Estimation Procedure Used is 2ndPart 
 -2logL(saturated) = 0.0000000     
 Effective Sample Size = 138

 Number of function evaluations was 21 for 7 parameters.
 Time for numerical optimization was 0.20 seconds.     
 -2logL { p(~effort)Psi(~HAiFLS_al2 + Area2 + AvgSlope + Cross_Cat) } = 376.19323     
 Penalty { p(~effort)Psi(~HAiFLS_al2 + Area2 + AvgSlope + Cross_Cat) } = 0.0000000     
 Gradient { p(~effort)Psi(~HAiFLS_al2 + Area2 + AvgSlope + Cross_Cat) }:
  0.2218029E-05  0.8915004E-06  0.1832689E-05  0.1136213E-05  0.2465740E-05
  0.1517834E-05  0.3133854E-05
 Maximum ABS(G) { p(~effort)Psi(~HAiFLS_al2 + Area2 + AvgSlope + Cross_Cat) } = 0.3133854E-05 

  Program  MARK  - Survival Rate Estimation with Capture-Recapture Data
   gfortran(dble) Vers. 9.0 Mar 2018    17-Dec-2019 15:56:48    Page  003
 - - - - - - - - - - - - - - - - - - - - - - - - - - - - - - - - - - - - - -
 
 S Vector { p(~effort)Psi(~HAiFLS_al2 + Area2 + AvgSlope + Cross_Cat) }:
   42.48806      29.58205      1.933471     0.7607157     0.4218731    
  0.4084093     0.4528176E-01
 Time to compute number of parameters was 0.14 seconds.     
 Ratio Threshold = 50.000000       Max Gap (2/3) = 15.299969       Next Max Gap (6/7) = 9.0192907     
 Gap Method for Num. of Estimated Parameters { p(~effort)Psi(~HAiFLS_al2 + Area2 + AvgSlope + Cross_Cat) } = 7          
 Threshold { p(~effort)Psi(~HAiFLS_al2 + Area2 + AvgSlope + Cross_Cat) } = 0.6267708E-05                 
 Numerical Threshold Method for Num. of Estimated Parameters { p(~effort)Psi(~HAiFLS_al2 + Area2 + AvgSlope + Cross_Cat) } = 7          
 Number of Estimated Parameters { p(~effort)Psi(~HAiFLS_al2 + Area2 + AvgSlope + Cross_Cat) } = 7          
 DEVIANCE { p(~effort)Psi(~HAiFLS_al2 + Area2 + AvgSlope + Cross_Cat) } = 376.19323                     
 DEVIANCE Degrees of Freedom { p(~effort)Psi(~HAiFLS_al2 + Area2 + AvgSlope + Cross_Cat) } = 131            
 c-hat { p(~effort)Psi(~HAiFLS_al2 + Area2 + AvgSlope + Cross_Cat) } = 2.8717041                     
 AIC { p(~effort)Psi(~HAiFLS_al2 + Area2 + AvgSlope + Cross_Cat) } = 390.19323                  
 AICc { p(~effort)Psi(~HAiFLS_al2 + Area2 + AvgSlope + Cross_Cat) } = 391.05477                    
 BIC { p(~effort)Psi(~HAiFLS_al2 + Area2 + AvgSlope + Cross_Cat) } = 410.68401                    
 Pearson Chisquare { p(~effort)Psi(~HAiFLS_al2 + Area2 + AvgSlope + Cross_Cat) } = 1357.7931                  


 LOGIT Link Function Parameters of { p(~effort)Psi(~HAiFLS_al2 + Area2 + AvgSlope + Cross_Cat) }
                                                              95% Confidence Interval
 Parameter                    Beta         Standard Error      Lower           Upper
 -------------------------  --------------  --------------  --------------  --------------
    1:p:(Intercept)          0.7198591       0.3772102      -0.0194728       1.4591911    
    2:p:effort               0.8222074E-03   0.3831675E-03   0.7119904E-04   0.0015732    
    3:Psi:(Intercept)        1.0814756       0.5094062       0.0830396       2.0799117    
    4:Psi:HAiFLS_al2        -0.2391312E-03   0.6512372E-04  -0.3667737E-03  -0.1114887E-03
    5:Psi:Area2             -0.8086463E-03   0.0014160      -0.0035840       0.0019667    
    6:Psi:AvgSlope           0.0266631       0.0256760      -0.0236618       0.0769880    
    7:Psi:Cross_Cat          0.0368300       0.0440787      -0.0495641       0.1232242    


 Real Function Parameters of { p(~effort)Psi(~HAiFLS_al2 + Area2 + AvgSlope + Cross_Cat) }

      Following estimates based on unstandardized individual covariate values:
          Variable   Value         
          ---------  ------------- 
          EFFORT1     906.23188    
          EFFORT2     834.18841    
          EFFORT3     818.18116    
          HAIFLS_AL2  5578.3218    
          AREA2       112.64471    
          AVGSLOPE    12.952003    
          CROSS_CAT   5.6956522    
                                                               95% Confidence Interval
  Parameter                  Estimate       Standard Error      Lower           Upper
 --------------------------  --------------  --------------  --------------  --------------
     1:p g1 a0 t1             0.8122916       0.0287464       0.7494057       0.8622963                          
     2:p g1 a1 t2             0.8030924       0.0296717       0.7384580       0.8548925                          
     3:p g1 a2 t3             0.8010028       0.0299646       0.7357743       0.8533383                          
     4:Psi g1 a0 t1           0.5526904       0.0467586       0.4602946       0.6415852                          


                      Estimates of Derived Parameters
 Occupancy Estimates of { p(~effort)Psi(~HAiFLS_al2 + Area2 + AvgSlope + Cross_Cat) }
                                            95% Confidence Interval
 Group   Psi-hat         Standard Error      Lower           Upper
 -----   --------------  --------------  --------------  --------------
   1      0.5526904       0.0467586       0.4602946       0.6415852    

  Program  MARK  - Survival Rate Estimation with Capture-Recapture Data
   gfortran(dble) Vers. 9.0 Mar 2018    17-Dec-2019 15:56:48    Page  004
 - - - - - - - - - - - - - - - - - - - - - - - - - - - - - - - - - - - - - -
 

   CPU Time for the last procedure was 0.34 seconds.     


  INPUT --- proc stop;

     CPU Time in minutes for this job was 0.01

     Time Start = 15:56:48.846   Time End = 15:56:48.990

     Wall Clock Time in minutes for this job was 0.00


          E X E C U T I O N   S U C C E S S F U L 
