
   Program  MARK  - Survival Rate Estimation with Capture-Recapture Data
   gfortran(dble) Vers. 9.0 Mar 2018    18-Dec-2019 13:13:16    Page  001
 - - - - - - - - - - - - - - - - - - - - - - - - - - - - - - - - - - - - - -
 
   This version was compiled by GCC version 7.2.0 using the options: 
     -cpp -iprefix C:/Program Files/mingw-w64/x86_64-7.2.0-posix-seh-rt_v5-rev1/
     mingw64/bin/../lib/gcc/x86_64-w64-mingw32/7.2.0/ -D_MT -D_REENTRANT
     -U_REENTRANT -D IEEE -D DBLEPRECISION -m64 -mtune=core2 -march=nocona -mthreads
     -O2 -fimplicit-none -fbounds-check -funroll-loops -ftree-vectorize
     -ffpe-summary=invalid,zero,overflow,underflow -fno-unsafe-math-optimizations
     -frounding-math -fsignaling-nans -fopenmp.

   This problem will use 7 of 8 possible threads.


  INPUT --- proc title ;

   CPU Time for the last procedure was 0.01 seconds.     


  INPUT --- proc chmatrix occasions= 3 groups= 1 etype= Occupancy 
  INPUT --- Nodes= 101 icovar = 5 ICMeans  NoHist hist= 138 ;

  INPUT ---    time interval 1 1 1 ;

  INPUT ---     icovariates effort1 effort2 effort3 HAiFLS_nat AvgSlope ;

  INPUT ---    glabel(1)=freq1;

      Number of unique encounter histories read was 138.

      Number of individual covariates read was 5.
      Time interval lengths are all equal to 1.

      Data type number is 27
      Data type is Occupancy Estimation with Detection < 1                                                             

   CPU Time for the last procedure was 0.02 seconds.     

  Program  MARK  - Survival Rate Estimation with Capture-Recapture Data
   gfortran(dble) Vers. 9.0 Mar 2018    18-Dec-2019 13:13:16    Page  002
 - - - - - - - - - - - - - - - - - - - - - - - - - - - - - - - - - - - - - -
 


  INPUT --- proc estimate link=Logit NOLOOP varest=2ndPart    ;


  INPUT --- model={ p(~effort)Psi(~HAiFLS_nat + AvgSlope) };

  INPUT ---    group=1 p    rows=1 cols=3 Square ;
  INPUT ---        1 2 3 ;

  INPUT ---    group=1 Psi    rows=1 cols=1 Square ;
  INPUT ---        4 ;

  INPUT ---    design matrix constraints=4 covariates=5;
  INPUT ---        1 effort1 0 0 0;
  INPUT ---        1 effort2 0 0 0;
  INPUT ---        1 effort3 0 0 0;
  INPUT ---        0 0 1 HAiFLS_nat AvgSlope;
  INPUT ---       blabel(1)=p:(Intercept);
  INPUT ---       blabel(2)=p:effort;
  INPUT ---       blabel(3)=Psi:(Intercept);
  INPUT ---       blabel(4)=Psi:HAiFLS_nat;
  INPUT ---       blabel(5)=Psi:AvgSlope;
  INPUT ---       rlabel(1)=p g1 a0 t1;
  INPUT ---       rlabel(2)=p g1 a1 t2;
  INPUT ---       rlabel(3)=p g1 a2 t3;
  INPUT ---       rlabel(4)=Psi g1 a0 t1;

 Link Function Used is LOGIT        

 Variance Estimation Procedure Used is 2ndPart 
 -2logL(saturated) = 0.0000000     
 Effective Sample Size = 138

 Number of function evaluations was 14 for 5 parameters.
 Time for numerical optimization was 0.05 seconds.     
 -2logL { p(~effort)Psi(~HAiFLS_nat + AvgSlope) } = 383.27977     
 Penalty { p(~effort)Psi(~HAiFLS_nat + AvgSlope) } = 0.0000000     
 Gradient { p(~effort)Psi(~HAiFLS_nat + AvgSlope) }:
 -0.2211013E-05 -0.8953810E-06  0.2134868E-05 -0.2586635E-05   0.000000    
 Maximum ABS(G) { p(~effort)Psi(~HAiFLS_nat + AvgSlope) } = 0.2586635E-05 
 S Vector { p(~effort)Psi(~HAiFLS_nat + AvgSlope) }:
   35.78689      28.94337      1.868413     0.4795220     0.4127243    
 Time to compute number of parameters was 0.01 seconds.     
 Ratio Threshold = 50.000000       Max Gap (2/3) = 15.490882       Next Max Gap (3/4) = 3.8964077     
 Gap Method for Num. of Estimated Parameters { p(~effort)Psi(~HAiFLS_nat + AvgSlope) } = 5          
 Threshold { p(~effort)Psi(~HAiFLS_nat + AvgSlope) } = 0.5173270E-05                 
 Numerical Threshold Method for Num. of Estimated Parameters { p(~effort)Psi(~HAiFLS_nat + AvgSlope) } = 5          
 Number of Estimated Parameters { p(~effort)Psi(~HAiFLS_nat + AvgSlope) } = 5          
 DEVIANCE { p(~effort)Psi(~HAiFLS_nat + AvgSlope) } = 383.27977                     
 DEVIANCE Degrees of Freedom { p(~effort)Psi(~HAiFLS_nat + AvgSlope) } = 133            
 c-hat { p(~effort)Psi(~HAiFLS_nat + AvgSlope) } = 2.8818027                     
 AIC { p(~effort)Psi(~HAiFLS_nat + AvgSlope) } = 393.27977                  
 AICc { p(~effort)Psi(~HAiFLS_nat + AvgSlope) } = 393.73431                    
 BIC { p(~effort)Psi(~HAiFLS_nat + AvgSlope) } = 407.91603                    
 Pearson Chisquare { p(~effort)Psi(~HAiFLS_nat + AvgSlope) } = 1418.7282                  

  Program  MARK  - Survival Rate Estimation with Capture-Recapture Data
   gfortran(dble) Vers. 9.0 Mar 2018    18-Dec-2019 13:13:16    Page  003
 - - - - - - - - - - - - - - - - - - - - - - - - - - - - - - - - - - - - - -
 


          LOGIT Link Function Parameters of { p(~effort)Psi(~HAiFLS_nat + AvgSlope) }
                                                              95% Confidence Interval
 Parameter                    Beta         Standard Error      Lower           Upper
 -------------------------  --------------  --------------  --------------  --------------
    1:p:(Intercept)          0.7253162       0.3751848      -0.0100461       1.4606785    
    2:p:effort               0.8175572E-03   0.3814943E-03   0.6982832E-04   0.0015653    
    3:Psi:(Intercept)       -0.7868541       0.4203825      -1.6108038       0.0370955    
    4:Psi:HAiFLS_nat         0.0195186       0.0071332       0.0055375       0.0334998    
    5:Psi:AvgSlope           0.0307364       0.0247071      -0.0176895       0.0791624    


          Real Function Parameters of { p(~effort)Psi(~HAiFLS_nat + AvgSlope) }

      Following estimates based on unstandardized individual covariate values:
          Variable   Value         
          ---------  ------------- 
          EFFORT1     906.23188    
          EFFORT2     834.18841    
          EFFORT3     818.18116    
          HAIFLS_NAT  30.404180    
          AVGSLOPE    12.952003    
                                                               95% Confidence Interval
  Parameter                  Estimate       Standard Error      Lower           Upper
 --------------------------  --------------  --------------  --------------  --------------
     1:p g1 a0 t1             0.8124810       0.0286901       0.7497209       0.8623920                          
     2:p g1 a1 t2             0.8033418       0.0295922       0.7388852       0.8550094                          
     3:p g1 a2 t3             0.8012660       0.0298790       0.7362288       0.8534591                          
     4:Psi g1 a0 t1           0.5509949       0.0453805       0.4613693       0.6374271                          


                      Estimates of Derived Parameters
     Occupancy Estimates of { p(~effort)Psi(~HAiFLS_nat + AvgSlope) }
                                            95% Confidence Interval
 Group   Psi-hat         Standard Error      Lower           Upper
 -----   --------------  --------------  --------------  --------------
   1      0.5509949       0.0453805       0.4613693       0.6374271    

   CPU Time for the last procedure was 0.05 seconds.     

  Program  MARK  - Survival Rate Estimation with Capture-Recapture Data
   gfortran(dble) Vers. 9.0 Mar 2018    18-Dec-2019 13:13:16    Page  004
 - - - - - - - - - - - - - - - - - - - - - - - - - - - - - - - - - - - - - -
 


  INPUT --- proc stop;

     CPU Time in minutes for this job was 0.00

     Time Start = 13:13:16.544   Time End = 13:13:16.705

     Wall Clock Time in minutes for this job was 0.00


          E X E C U T I O N   S U C C E S S F U L 
