
   Program  MARK  - Survival Rate Estimation with Capture-Recapture Data
   gfortran(dble) Vers. 9.0 Mar 2018    18-Dec-2019 13:09:55    Page  001
 - - - - - - - - - - - - - - - - - - - - - - - - - - - - - - - - - - - - - -
 
   This version was compiled by GCC version 7.2.0 using the options: 
     -cpp -iprefix C:/Program Files/mingw-w64/x86_64-7.2.0-posix-seh-rt_v5-rev1/
     mingw64/bin/../lib/gcc/x86_64-w64-mingw32/7.2.0/ -D_MT -D_REENTRANT
     -U_REENTRANT -D IEEE -D DBLEPRECISION -m64 -mtune=core2 -march=nocona -mthreads
     -O2 -fimplicit-none -fbounds-check -funroll-loops -ftree-vectorize
     -ffpe-summary=invalid,zero,overflow,underflow -fno-unsafe-math-optimizations
     -frounding-math -fsignaling-nans -fopenmp.

   This problem will use 7 of 8 possible threads.


  INPUT --- proc title ;

   CPU Time for the last procedure was 0.01 seconds.     


  INPUT --- proc chmatrix occasions= 3 groups= 1 etype= Occupancy 
  INPUT --- Nodes= 101 icovar = 5 ICMeans  NoHist hist= 138 ;

  INPUT ---    time interval 1 1 1 ;

  INPUT ---     icovariates effort1 effort2 effort3 HAiFLS_alt AvgSlope ;

  INPUT ---    glabel(1)=freq1;

      Number of unique encounter histories read was 138.

      Number of individual covariates read was 5.
      Time interval lengths are all equal to 1.

      Data type number is 27
      Data type is Occupancy Estimation with Detection < 1                                                             

   CPU Time for the last procedure was 0.01 seconds.     

  Program  MARK  - Survival Rate Estimation with Capture-Recapture Data
   gfortran(dble) Vers. 9.0 Mar 2018    18-Dec-2019 13:09:55    Page  002
 - - - - - - - - - - - - - - - - - - - - - - - - - - - - - - - - - - - - - -
 


  INPUT --- proc estimate link=Logit NOLOOP varest=2ndPart    ;


  INPUT --- model={ p(~effort)Psi(~HAiFLS_alt + AvgSlope) };

  INPUT ---    group=1 p    rows=1 cols=3 Square ;
  INPUT ---        1 2 3 ;

  INPUT ---    group=1 Psi    rows=1 cols=1 Square ;
  INPUT ---        4 ;

  INPUT ---    design matrix constraints=4 covariates=5;
  INPUT ---        1 effort1 0 0 0;
  INPUT ---        1 effort2 0 0 0;
  INPUT ---        1 effort3 0 0 0;
  INPUT ---        0 0 1 HAiFLS_alt AvgSlope;
  INPUT ---       blabel(1)=p:(Intercept);
  INPUT ---       blabel(2)=p:effort;
  INPUT ---       blabel(3)=Psi:(Intercept);
  INPUT ---       blabel(4)=Psi:HAiFLS_alt;
  INPUT ---       blabel(5)=Psi:AvgSlope;
  INPUT ---       rlabel(1)=p g1 a0 t1;
  INPUT ---       rlabel(2)=p g1 a1 t2;
  INPUT ---       rlabel(3)=p g1 a2 t3;
  INPUT ---       rlabel(4)=Psi g1 a0 t1;

 Link Function Used is LOGIT        

 Variance Estimation Procedure Used is 2ndPart 
 -2logL(saturated) = 0.0000000     
 Effective Sample Size = 138

 Number of function evaluations was 15 for 5 parameters.
 Time for numerical optimization was 0.01 seconds.     
 -2logL { p(~effort)Psi(~HAiFLS_alt + AvgSlope) } = 382.92331     
 Penalty { p(~effort)Psi(~HAiFLS_alt + AvgSlope) } = 0.0000000     
 Gradient { p(~effort)Psi(~HAiFLS_alt + AvgSlope) }:
   0.000000      0.8950705E-06   0.000000     -0.1275405E-05   0.000000    
 Maximum ABS(G) { p(~effort)Psi(~HAiFLS_alt + AvgSlope) } = 0.1275405E-05 
 S Vector { p(~effort)Psi(~HAiFLS_alt + AvgSlope) }:
   49.54866      29.72974      1.279277     0.4849083     0.4121955    
 Time to compute number of parameters was 0.01 seconds.     
 Ratio Threshold = 50.000000       Max Gap (2/3) = 23.239481       Next Max Gap (3/4) = 2.6381844     
 Gap Method for Num. of Estimated Parameters { p(~effort)Psi(~HAiFLS_alt + AvgSlope) } = 5          
 Threshold { p(~effort)Psi(~HAiFLS_alt + AvgSlope) } = 0.2550811E-05                 
 Numerical Threshold Method for Num. of Estimated Parameters { p(~effort)Psi(~HAiFLS_alt + AvgSlope) } = 5          
 Number of Estimated Parameters { p(~effort)Psi(~HAiFLS_alt + AvgSlope) } = 5          
 DEVIANCE { p(~effort)Psi(~HAiFLS_alt + AvgSlope) } = 382.92331                     
 DEVIANCE Degrees of Freedom { p(~effort)Psi(~HAiFLS_alt + AvgSlope) } = 133            
 c-hat { p(~effort)Psi(~HAiFLS_alt + AvgSlope) } = 2.8791226                     
 AIC { p(~effort)Psi(~HAiFLS_alt + AvgSlope) } = 392.92331                  
 AICc { p(~effort)Psi(~HAiFLS_alt + AvgSlope) } = 393.37786                    
 BIC { p(~effort)Psi(~HAiFLS_alt + AvgSlope) } = 407.55958                    
 Pearson Chisquare { p(~effort)Psi(~HAiFLS_alt + AvgSlope) } = 1412.8552                  

  Program  MARK  - Survival Rate Estimation with Capture-Recapture Data
   gfortran(dble) Vers. 9.0 Mar 2018    18-Dec-2019 13:09:56    Page  003
 - - - - - - - - - - - - - - - - - - - - - - - - - - - - - - - - - - - - - -
 


          LOGIT Link Function Parameters of { p(~effort)Psi(~HAiFLS_alt + AvgSlope) }
                                                              95% Confidence Interval
 Parameter                    Beta         Standard Error      Lower           Upper
 -------------------------  --------------  --------------  --------------  --------------
    1:p:(Intercept)          0.7245759       0.3753448      -0.0111000       1.4602518    
    2:p:effort               0.8179278E-03   0.3815490E-03   0.7009182E-04   0.0015658    
    3:Psi:(Intercept)        1.1950162       0.6144460      -0.0092981       2.3993304    
    4:Psi:HAiFLS_alt        -0.0200525       0.0072006      -0.0341657      -0.0059393    
    5:Psi:AvgSlope           0.0309161       0.0247864      -0.0176652       0.0794974    


          Real Function Parameters of { p(~effort)Psi(~HAiFLS_alt + AvgSlope) }

      Following estimates based on unstandardized individual covariate values:
          Variable   Value         
          ---------  ------------- 
          EFFORT1     906.23188    
          EFFORT2     834.18841    
          EFFORT3     818.18116    
          HAIFLS_ALT  69.284136    
          AVGSLOPE    12.952003    
                                                               95% Confidence Interval
  Parameter                  Estimate       Standard Error      Lower           Upper
 --------------------------  --------------  --------------  --------------  --------------
     1:p g1 a0 t1             0.8124194       0.0287088       0.7496174       0.8623614                          
     2:p g1 a1 t2             0.8032737       0.0296139       0.7387686       0.8549774                          
     3:p g1 a2 t3             0.8011964       0.0299013       0.7361093       0.8534268                          
     4:Psi g1 a0 t1           0.5513493       0.0454767       0.4615227       0.6379464                          


                      Estimates of Derived Parameters
     Occupancy Estimates of { p(~effort)Psi(~HAiFLS_alt + AvgSlope) }
                                            95% Confidence Interval
 Group   Psi-hat         Standard Error      Lower           Upper
 -----   --------------  --------------  --------------  --------------
   1      0.5513493       0.0454767       0.4615227       0.6379464    

   CPU Time for the last procedure was 0.02 seconds.     

  Program  MARK  - Survival Rate Estimation with Capture-Recapture Data
   gfortran(dble) Vers. 9.0 Mar 2018    18-Dec-2019 13:09:56    Page  004
 - - - - - - - - - - - - - - - - - - - - - - - - - - - - - - - - - - - - - -
 


  INPUT --- proc stop;

     CPU Time in minutes for this job was 0.00

     Time Start = 13:09:55.981   Time End = 13:09:56.084

     Wall Clock Time in minutes for this job was 0.00


          E X E C U T I O N   S U C C E S S F U L 
