
   Program  MARK  - Survival Rate Estimation with Capture-Recapture Data
   gfortran(dble) Vers. 9.0 Mar 2018    18-Dec-2019 13:09:46    Page  001
 - - - - - - - - - - - - - - - - - - - - - - - - - - - - - - - - - - - - - -
 
   This version was compiled by GCC version 7.2.0 using the options: 
     -cpp -iprefix C:/Program Files/mingw-w64/x86_64-7.2.0-posix-seh-rt_v5-rev1/
     mingw64/bin/../lib/gcc/x86_64-w64-mingw32/7.2.0/ -D_MT -D_REENTRANT
     -U_REENTRANT -D IEEE -D DBLEPRECISION -m64 -mtune=core2 -march=nocona -mthreads
     -O2 -fimplicit-none -fbounds-check -funroll-loops -ftree-vectorize
     -ffpe-summary=invalid,zero,overflow,underflow -fno-unsafe-math-optimizations
     -frounding-math -fsignaling-nans -fopenmp.

   This problem will use 7 of 8 possible threads.


  INPUT --- proc title ;

   CPU Time for the last procedure was 0.01 seconds.     


  INPUT --- proc chmatrix occasions= 3 groups= 1 etype= Occupancy 
  INPUT --- Nodes= 101 icovar = 6 ICMeans  NoHist hist= 138 ;

  INPUT ---    time interval 1 1 1 ;

  INPUT ---     icovariates effort1 effort2 effort3 HAiFLS_al2 AvgSlope  
  INPUT ---    Cross_Cat ;

  INPUT ---    glabel(1)=freq1;

      Number of unique encounter histories read was 138.

      Number of individual covariates read was 6.
      Time interval lengths are all equal to 1.

      Data type number is 27
      Data type is Occupancy Estimation with Detection < 1                                                             

   CPU Time for the last procedure was 0.01 seconds.     

  Program  MARK  - Survival Rate Estimation with Capture-Recapture Data
   gfortran(dble) Vers. 9.0 Mar 2018    18-Dec-2019 13:09:46    Page  002
 - - - - - - - - - - - - - - - - - - - - - - - - - - - - - - - - - - - - - -
 


  INPUT --- proc estimate link=Logit NOLOOP varest=2ndPart    ;


  INPUT --- model={ p(~effort)Psi(~HAiFLS_al2 + AvgSlope + Cross_Cat) };

  INPUT ---    group=1 p    rows=1 cols=3 Square ;
  INPUT ---        1 2 3 ;

  INPUT ---    group=1 Psi    rows=1 cols=1 Square ;
  INPUT ---        4 ;

  INPUT ---    design matrix constraints=4 covariates=6;
  INPUT ---        1 effort1 0 0 0 0;
  INPUT ---        1 effort2 0 0 0 0;
  INPUT ---        1 effort3 0 0 0 0;
  INPUT ---        0 0 1 HAiFLS_al2 AvgSlope Cross_Cat;
  INPUT ---       blabel(1)=p:(Intercept);
  INPUT ---       blabel(2)=p:effort;
  INPUT ---       blabel(3)=Psi:(Intercept);
  INPUT ---       blabel(4)=Psi:HAiFLS_al2;
  INPUT ---       blabel(5)=Psi:AvgSlope;
  INPUT ---       blabel(6)=Psi:Cross_Cat;
  INPUT ---       rlabel(1)=p g1 a0 t1;
  INPUT ---       rlabel(2)=p g1 a1 t2;
  INPUT ---       rlabel(3)=p g1 a2 t3;
  INPUT ---       rlabel(4)=Psi g1 a0 t1;

 Link Function Used is LOGIT        

 Variance Estimation Procedure Used is 2ndPart 
 -2logL(saturated) = 0.0000000     
 Effective Sample Size = 138

 Number of function evaluations was 15 for 6 parameters.
 Time for numerical optimization was 0.01 seconds.     
 -2logL { p(~effort)Psi(~HAiFLS_al2 + AvgSlope + Cross_Cat) } = 376.51996     
 Penalty { p(~effort)Psi(~HAiFLS_al2 + AvgSlope + Cross_Cat) } = 0.0000000     
 Gradient { p(~effort)Psi(~HAiFLS_al2 + AvgSlope + Cross_Cat) }:
  0.2215874E-05  0.1785726E-05   0.000000       0.000000     -0.1527732E-05
   0.000000    
 Maximum ABS(G) { p(~effort)Psi(~HAiFLS_al2 + AvgSlope + Cross_Cat) } = 0.2215874E-05 
 S Vector { p(~effort)Psi(~HAiFLS_al2 + AvgSlope + Cross_Cat) }:
   42.54883      29.59423      1.939438     0.5388156     0.4091904    
  0.3365111    
 Time to compute number of parameters was 0.01 seconds.     
 Ratio Threshold = 50.000000       Max Gap (2/3) = 15.259181       Next Max Gap (3/4) = 3.5994459     
 Gap Method for Num. of Estimated Parameters { p(~effort)Psi(~HAiFLS_al2 + AvgSlope + Cross_Cat) } = 6          
 Threshold { p(~effort)Psi(~HAiFLS_al2 + AvgSlope + Cross_Cat) } = 0.4431747E-05                 
 Numerical Threshold Method for Num. of Estimated Parameters { p(~effort)Psi(~HAiFLS_al2 + AvgSlope + Cross_Cat) } = 6          
 Number of Estimated Parameters { p(~effort)Psi(~HAiFLS_al2 + AvgSlope + Cross_Cat) } = 6          
 DEVIANCE { p(~effort)Psi(~HAiFLS_al2 + AvgSlope + Cross_Cat) } = 376.51996                     
 DEVIANCE Degrees of Freedom { p(~effort)Psi(~HAiFLS_al2 + AvgSlope + Cross_Cat) } = 132            
 c-hat { p(~effort)Psi(~HAiFLS_al2 + AvgSlope + Cross_Cat) } = 2.8524240                     
 AIC { p(~effort)Psi(~HAiFLS_al2 + AvgSlope + Cross_Cat) } = 388.51996                  
 AICc { p(~effort)Psi(~HAiFLS_al2 + AvgSlope + Cross_Cat) } = 389.16118                    
 BIC { p(~effort)Psi(~HAiFLS_al2 + AvgSlope + Cross_Cat) } = 406.08348                    
 Pearson Chisquare { p(~effort)Psi(~HAiFLS_al2 + AvgSlope + Cross_Cat) } = 1343.5312                  

  Program  MARK  - Survival Rate Estimation with Capture-Recapture Data
   gfortran(dble) Vers. 9.0 Mar 2018    18-Dec-2019 13:09:46    Page  003
 - - - - - - - - - - - - - - - - - - - - - - - - - - - - - - - - - - - - - -
 


    LOGIT Link Function Parameters of { p(~effort)Psi(~HAiFLS_al2 + AvgSlope + Cross_Cat) }
                                                              95% Confidence Interval
 Parameter                    Beta         Standard Error      Lower           Upper
 -------------------------  --------------  --------------  --------------  --------------
    1:p:(Intercept)          0.7215321       0.3767230      -0.0168450       1.4599091    
    2:p:effort               0.8205699E-03   0.3828235E-03   0.7023579E-04   0.0015709    
    3:Psi:(Intercept)        1.0675611       0.5083362       0.0712222       2.0639000    
    4:Psi:HAiFLS_al2        -0.2304504E-03   0.6306473E-04  -0.3540573E-03  -0.1068436E-03
    5:Psi:AvgSlope           0.0263762       0.0256461      -0.0238902       0.0766426    
    6:Psi:Cross_Cat          0.0155040       0.0224301      -0.0284591       0.0594670    


    Real Function Parameters of { p(~effort)Psi(~HAiFLS_al2 + AvgSlope + Cross_Cat) }

      Following estimates based on unstandardized individual covariate values:
          Variable   Value         
          ---------  ------------- 
          EFFORT1     906.23188    
          EFFORT2     834.18841    
          EFFORT3     818.18116    
          HAIFLS_AL2  5578.3218    
          AVGSLOPE    12.952003    
          CROSS_CAT   5.6956522    
                                                               95% Confidence Interval
  Parameter                  Estimate       Standard Error      Lower           Upper
 --------------------------  --------------  --------------  --------------  --------------
     1:p g1 a0 t1             0.8123204       0.0287389       0.7494510       0.8623125                          
     2:p g1 a1 t2             0.8031409       0.0296567       0.7385401       0.8549159                          
     3:p g1 a2 t3             0.8010559       0.0299476       0.7358652       0.8533632                          
     4:Psi g1 a0 t1           0.5527936       0.0466801       0.4605487       0.6415418                          


                      Estimates of Derived Parameters
 Occupancy Estimates of { p(~effort)Psi(~HAiFLS_al2 + AvgSlope + Cross_Cat) }
                                            95% Confidence Interval
 Group   Psi-hat         Standard Error      Lower           Upper
 -----   --------------  --------------  --------------  --------------
   1      0.5527936       0.0466801       0.4605487       0.6415418    

   CPU Time for the last procedure was 0.01 seconds.     

  Program  MARK  - Survival Rate Estimation with Capture-Recapture Data
   gfortran(dble) Vers. 9.0 Mar 2018    18-Dec-2019 13:09:46    Page  004
 - - - - - - - - - - - - - - - - - - - - - - - - - - - - - - - - - - - - - -
 


  INPUT --- proc stop;

     CPU Time in minutes for this job was 0.00

     Time Start = 13:09:46.337   Time End = 13:09:46.492

     Wall Clock Time in minutes for this job was 0.00


          E X E C U T I O N   S U C C E S S F U L 
