
   Program  MARK  - Survival Rate Estimation with Capture-Recapture Data
   gfortran(dble) Vers. 9.0 Mar 2018    18-Dec-2019 13:12:56    Page  001
 - - - - - - - - - - - - - - - - - - - - - - - - - - - - - - - - - - - - - -
 
   This version was compiled by GCC version 7.2.0 using the options: 
     -cpp -iprefix C:/Program Files/mingw-w64/x86_64-7.2.0-posix-seh-rt_v5-rev1/
     mingw64/bin/../lib/gcc/x86_64-w64-mingw32/7.2.0/ -D_MT -D_REENTRANT
     -U_REENTRANT -D IEEE -D DBLEPRECISION -m64 -mtune=core2 -march=nocona -mthreads
     -O2 -fimplicit-none -fbounds-check -funroll-loops -ftree-vectorize
     -ffpe-summary=invalid,zero,overflow,underflow -fno-unsafe-math-optimizations
     -frounding-math -fsignaling-nans -fopenmp.

   This problem will use 7 of 8 possible threads.


  INPUT --- proc title ;

   CPU Time for the last procedure was 0.01 seconds.     


  INPUT --- proc chmatrix occasions= 3 groups= 1 etype= Occupancy 
  INPUT --- Nodes= 101 icovar = 6 ICMeans  NoHist hist= 138 ;

  INPUT ---    time interval 1 1 1 ;

  INPUT ---     icovariates effort1 effort2 effort3 HAiFLS_for Area_km2  
  INPUT ---    AvgSlope ;

  INPUT ---    glabel(1)=freq1;

      Number of unique encounter histories read was 138.

      Number of individual covariates read was 6.
      Time interval lengths are all equal to 1.

      Data type number is 27
      Data type is Occupancy Estimation with Detection < 1                                                             

   CPU Time for the last procedure was 0.02 seconds.     

  Program  MARK  - Survival Rate Estimation with Capture-Recapture Data
   gfortran(dble) Vers. 9.0 Mar 2018    18-Dec-2019 13:12:56    Page  002
 - - - - - - - - - - - - - - - - - - - - - - - - - - - - - - - - - - - - - -
 


  INPUT --- proc estimate link=Logit NOLOOP varest=2ndPart    ;


  INPUT --- model={ p(~effort)Psi(~HAiFLS_for + Area_km2 + AvgSlope) };

  INPUT ---    group=1 p    rows=1 cols=3 Square ;
  INPUT ---        1 2 3 ;

  INPUT ---    group=1 Psi    rows=1 cols=1 Square ;
  INPUT ---        4 ;

  INPUT ---    design matrix constraints=4 covariates=6;
  INPUT ---        1 effort1 0 0 0 0;
  INPUT ---        1 effort2 0 0 0 0;
  INPUT ---        1 effort3 0 0 0 0;
  INPUT ---        0 0 1 HAiFLS_for Area_km2 AvgSlope;
  INPUT ---       blabel(1)=p:(Intercept);
  INPUT ---       blabel(2)=p:effort;
  INPUT ---       blabel(3)=Psi:(Intercept);
  INPUT ---       blabel(4)=Psi:HAiFLS_for;
  INPUT ---       blabel(5)=Psi:Area_km2;
  INPUT ---       blabel(6)=Psi:AvgSlope;
  INPUT ---       rlabel(1)=p g1 a0 t1;
  INPUT ---       rlabel(2)=p g1 a1 t2;
  INPUT ---       rlabel(3)=p g1 a2 t3;
  INPUT ---       rlabel(4)=Psi g1 a0 t1;

 Link Function Used is LOGIT        

 Variance Estimation Procedure Used is 2ndPart 
 -2logL(saturated) = 0.0000000     
 Effective Sample Size = 138

 Number of function evaluations was 18 for 6 parameters.
 Time for numerical optimization was 0.06 seconds.     
 -2logL { p(~effort)Psi(~HAiFLS_for + Area_km2 + AvgSlope) } = 375.75295     
 Penalty { p(~effort)Psi(~HAiFLS_for + Area_km2 + AvgSlope) } = 0.0000000     
 Gradient { p(~effort)Psi(~HAiFLS_for + Area_km2 + AvgSlope) }:
   0.000000      0.9178965E-06  0.1843713E-05  0.1144795E-05  0.8799647E-06
  0.2242088E-05
 Maximum ABS(G) { p(~effort)Psi(~HAiFLS_for + Area_km2 + AvgSlope) } = 0.2242088E-05 
 S Vector { p(~effort)Psi(~HAiFLS_for + Area_km2 + AvgSlope) }:
   34.14529      28.90250      1.850777     0.5836646     0.4254701    
  0.3197024    
 Time to compute number of parameters was 0.01 seconds.     
 Ratio Threshold = 50.000000       Max Gap (2/3) = 15.616415       Next Max Gap (3/4) = 3.1709600     
 Gap Method for Num. of Estimated Parameters { p(~effort)Psi(~HAiFLS_for + Area_km2 + AvgSlope) } = 6          
 Threshold { p(~effort)Psi(~HAiFLS_for + Area_km2 + AvgSlope) } = 0.4484176E-05                 
 Numerical Threshold Method for Num. of Estimated Parameters { p(~effort)Psi(~HAiFLS_for + Area_km2 + AvgSlope) } = 6          
 Number of Estimated Parameters { p(~effort)Psi(~HAiFLS_for + Area_km2 + AvgSlope) } = 6          
 DEVIANCE { p(~effort)Psi(~HAiFLS_for + Area_km2 + AvgSlope) } = 375.75295                     
 DEVIANCE Degrees of Freedom { p(~effort)Psi(~HAiFLS_for + Area_km2 + AvgSlope) } = 132            
 c-hat { p(~effort)Psi(~HAiFLS_for + Area_km2 + AvgSlope) } = 2.8466133                     
 AIC { p(~effort)Psi(~HAiFLS_for + Area_km2 + AvgSlope) } = 387.75295                  
 AICc { p(~effort)Psi(~HAiFLS_for + Area_km2 + AvgSlope) } = 388.39417                    
 BIC { p(~effort)Psi(~HAiFLS_for + Area_km2 + AvgSlope) } = 405.31647                    
 Pearson Chisquare { p(~effort)Psi(~HAiFLS_for + Area_km2 + AvgSlope) } = 1270.1886                  

  Program  MARK  - Survival Rate Estimation with Capture-Recapture Data
   gfortran(dble) Vers. 9.0 Mar 2018    18-Dec-2019 13:12:56    Page  003
 - - - - - - - - - - - - - - - - - - - - - - - - - - - - - - - - - - - - - -
 


     LOGIT Link Function Parameters of { p(~effort)Psi(~HAiFLS_for + Area_km2 + AvgSlope) }
                                                              95% Confidence Interval
 Parameter                    Beta         Standard Error      Lower           Upper
 -------------------------  --------------  --------------  --------------  --------------
    1:p:(Intercept)          0.7527703       0.3675426       0.0323867       1.4731538    
    2:p:effort               0.7913520E-03   0.3763090E-03   0.5378639E-04   0.0015289    
    3:Psi:(Intercept)       -1.0690294       0.4277541      -1.9074274      -0.2306314    
    4:Psi:HAiFLS_for         0.0233498       0.0072528       0.0091343       0.0375653    
    5:Psi:Area_km2           0.0655356       0.0324340       0.0019649       0.1291064    
    6:Psi:AvgSlope           0.0123586       0.0247711      -0.0361927       0.0609099    


     Real Function Parameters of { p(~effort)Psi(~HAiFLS_for + Area_km2 + AvgSlope) }

      Following estimates based on unstandardized individual covariate values:
          Variable   Value         
          ---------  ------------- 
          EFFORT1     906.23188    
          EFFORT2     834.18841    
          EFFORT3     818.18116    
          HAIFLS_FOR  26.272482    
          AREA_KM2    7.8085664    
          AVGSLOPE    12.952003    
                                                               95% Confidence Interval
  Parameter                  Estimate       Standard Error      Lower           Upper
 --------------------------  --------------  --------------  --------------  --------------
     1:p g1 a0 t1             0.8130450       0.0285525       0.7505875       0.8627226                          
     2:p g1 a1 t2             0.8042240       0.0293328       0.7403436       0.8554570                          
     3:p g1 a2 t3             0.8022219       0.0295895       0.7378283       0.8539305                          
     4:Psi g1 a0 t1           0.5538492       0.0466815       0.4615654       0.6425647                          


                      Estimates of Derived Parameters
 Occupancy Estimates of { p(~effort)Psi(~HAiFLS_for + Area_km2 + AvgSlope) }
                                            95% Confidence Interval
 Group   Psi-hat         Standard Error      Lower           Upper
 -----   --------------  --------------  --------------  --------------
   1      0.5538492       0.0466815       0.4615654       0.6425647    

   CPU Time for the last procedure was 0.06 seconds.     

  Program  MARK  - Survival Rate Estimation with Capture-Recapture Data
   gfortran(dble) Vers. 9.0 Mar 2018    18-Dec-2019 13:12:56    Page  004
 - - - - - - - - - - - - - - - - - - - - - - - - - - - - - - - - - - - - - -
 


  INPUT --- proc stop;

     CPU Time in minutes for this job was 0.00

     Time Start = 13:12:56.566   Time End = 13:12:56.913

     Wall Clock Time in minutes for this job was 0.01


          E X E C U T I O N   S U C C E S S F U L 
