
   Program  MARK  - Survival Rate Estimation with Capture-Recapture Data
   gfortran(dble) Vers. 9.0 Mar 2018    18-Dec-2019 13:09:52    Page  001
 - - - - - - - - - - - - - - - - - - - - - - - - - - - - - - - - - - - - - -
 
   This version was compiled by GCC version 7.2.0 using the options: 
     -cpp -iprefix C:/Program Files/mingw-w64/x86_64-7.2.0-posix-seh-rt_v5-rev1/
     mingw64/bin/../lib/gcc/x86_64-w64-mingw32/7.2.0/ -D_MT -D_REENTRANT
     -U_REENTRANT -D IEEE -D DBLEPRECISION -m64 -mtune=core2 -march=nocona -mthreads
     -O2 -fimplicit-none -fbounds-check -funroll-loops -ftree-vectorize
     -ffpe-summary=invalid,zero,overflow,underflow -fno-unsafe-math-optimizations
     -frounding-math -fsignaling-nans -fopenmp.

   This problem will use 7 of 8 possible threads.


  INPUT --- proc title ;

   CPU Time for the last procedure was 0.01 seconds.     


  INPUT --- proc chmatrix occasions= 3 groups= 1 etype= Occupancy 
  INPUT --- Nodes= 101 icovar = 3 ICMeans  NoHist hist= 138 ;

  INPUT ---    time interval 1 1 1 ;

  INPUT ---     icovariates HAiFLS_alt Area_km2 Cross_Cat ;

  INPUT ---    glabel(1)=freq1;

      Number of unique encounter histories read was 138.

      Number of individual covariates read was 3.
      Time interval lengths are all equal to 1.

      Data type number is 27
      Data type is Occupancy Estimation with Detection < 1                                                             

   CPU Time for the last procedure was 0.02 seconds.     

  Program  MARK  - Survival Rate Estimation with Capture-Recapture Data
   gfortran(dble) Vers. 9.0 Mar 2018    18-Dec-2019 13:09:52    Page  002
 - - - - - - - - - - - - - - - - - - - - - - - - - - - - - - - - - - - - - -
 


  INPUT --- proc estimate link=Logit NOLOOP varest=2ndPart    ;


  INPUT --- model={ p(~1)Psi(~HAiFLS_alt + Area_km2 + Cross_Cat) };

  INPUT ---    group=1 p    rows=1 cols=3 Square ;
  INPUT ---        1 1 1 ;

  INPUT ---    group=1 Psi    rows=1 cols=1 Square ;
  INPUT ---        2 ;

  INPUT ---    design matrix constraints=2 covariates=5;
  INPUT ---        1 0 0 0 0;
  INPUT ---        0 1 HAiFLS_alt Area_km2 Cross_Cat;
  INPUT ---       blabel(1)=p:(Intercept);
  INPUT ---       blabel(2)=Psi:(Intercept);
  INPUT ---       blabel(3)=Psi:HAiFLS_alt;
  INPUT ---       blabel(4)=Psi:Area_km2;
  INPUT ---       blabel(5)=Psi:Cross_Cat;
  INPUT ---       rlabel(1)=p g1 a0 t1;
  INPUT ---       rlabel(2)=Psi g1 a0 t1;

 Link Function Used is LOGIT        

 Variance Estimation Procedure Used is 2ndPart 
 -2logL(saturated) = 0.0000000     
 Effective Sample Size = 138

 Number of function evaluations was 18 for 5 parameters.
 Time for numerical optimization was 0.01 seconds.     
 -2logL { p(~1)Psi(~HAiFLS_alt + Area_km2 + Cross_Cat) } = 378.98541     
 Penalty { p(~1)Psi(~HAiFLS_alt + Area_km2 + Cross_Cat) } = 0.0000000     
 Gradient { p(~1)Psi(~HAiFLS_alt + Area_km2 + Cross_Cat) }:
 -0.1539863E-05   0.000000     -0.1463159E-05 -0.3794077E-06   0.000000    
 Maximum ABS(G) { p(~1)Psi(~HAiFLS_alt + Area_km2 + Cross_Cat) } = 0.1539863E-05 
 S Vector { p(~1)Psi(~HAiFLS_alt + Area_km2 + Cross_Cat) }:
   45.60910      30.68334      1.398825     0.8297886     0.4490896E-01
 Time to compute number of parameters was 0.03 seconds.     
 Ratio Threshold = 50.000000       Max Gap (2/3) = 21.935076       Next Max Gap (4/5) = 18.477129     
 Gap Method for Num. of Estimated Parameters { p(~1)Psi(~HAiFLS_alt + Area_km2 + Cross_Cat) } = 5          
 Threshold { p(~1)Psi(~HAiFLS_alt + Area_km2 + Cross_Cat) } = 0.3079726E-05                 
 Numerical Threshold Method for Num. of Estimated Parameters { p(~1)Psi(~HAiFLS_alt + Area_km2 + Cross_Cat) } = 5          
 Number of Estimated Parameters { p(~1)Psi(~HAiFLS_alt + Area_km2 + Cross_Cat) } = 5          
 DEVIANCE { p(~1)Psi(~HAiFLS_alt + Area_km2 + Cross_Cat) } = 378.98541                     
 DEVIANCE Degrees of Freedom { p(~1)Psi(~HAiFLS_alt + Area_km2 + Cross_Cat) } = 133            
 c-hat { p(~1)Psi(~HAiFLS_alt + Area_km2 + Cross_Cat) } = 2.8495144                     
 AIC { p(~1)Psi(~HAiFLS_alt + Area_km2 + Cross_Cat) } = 388.98541                  
 AICc { p(~1)Psi(~HAiFLS_alt + Area_km2 + Cross_Cat) } = 389.43995                    
 BIC { p(~1)Psi(~HAiFLS_alt + Area_km2 + Cross_Cat) } = 403.62168                    
 Pearson Chisquare { p(~1)Psi(~HAiFLS_alt + Area_km2 + Cross_Cat) } = 1172.4538                  


       LOGIT Link Function Parameters of { p(~1)Psi(~HAiFLS_alt + Area_km2 + Cross_Cat) }
                                                              95% Confidence Interval
 Parameter                    Beta         Standard Error      Lower           Upper
 -------------------------  --------------  --------------  --------------  --------------

  Program  MARK  - Survival Rate Estimation with Capture-Recapture Data
   gfortran(dble) Vers. 9.0 Mar 2018    18-Dec-2019 13:09:52    Page  003
 - - - - - - - - - - - - - - - - - - - - - - - - - - - - - - - - - - - - - -
 
    1:p:(Intercept)          1.4772965       0.1803724       1.1237666       1.8308264    
    2:Psi:(Intercept)        0.5470083       0.5931851      -0.6156345       1.7096511    
    3:Psi:HAiFLS_alt        -0.0161869       0.0071151      -0.0301324      -0.0022414    
    4:Psi:Area_km2           0.1779228       0.0627127       0.0550060       0.3008396    
    5:Psi:Cross_Cat         -0.1069260       0.0504098      -0.2057293      -0.0081228    


       Real Function Parameters of { p(~1)Psi(~HAiFLS_alt + Area_km2 + Cross_Cat) }

      Following estimates based on unstandardized individual covariate values:
          Variable   Value         
          ---------  ------------- 
          HAIFLS_ALT  69.284136    
          AREA_KM2    7.8085664    
          CROSS_CAT   5.6956522    
                                                               95% Confidence Interval
  Parameter                  Estimate       Standard Error      Lower           Upper
 --------------------------  --------------  --------------  --------------  --------------
     1:p g1 a0 t1             0.8141639       0.0272905       0.7546867       0.8618601                          
     2:Psi g1 a0 t1           0.5512743       0.0464702       0.4594945       0.6396902                          


                      Estimates of Derived Parameters
 Occupancy Estimates of { p(~1)Psi(~HAiFLS_alt + Area_km2 + Cross_Cat) }
                                            95% Confidence Interval
 Group   Psi-hat         Standard Error      Lower           Upper
 -----   --------------  --------------  --------------  --------------
   1      0.5512743       0.0464702       0.4594945       0.6396902    

   CPU Time for the last procedure was 0.03 seconds.     

  Program  MARK  - Survival Rate Estimation with Capture-Recapture Data
   gfortran(dble) Vers. 9.0 Mar 2018    18-Dec-2019 13:09:52    Page  004
 - - - - - - - - - - - - - - - - - - - - - - - - - - - - - - - - - - - - - -
 


  INPUT --- proc stop;

     CPU Time in minutes for this job was 0.00

     Time Start = 13:09:52.265   Time End = 13:09:52.372

     Wall Clock Time in minutes for this job was 0.00


          E X E C U T I O N   S U C C E S S F U L 
