
   Program  MARK  - Survival Rate Estimation with Capture-Recapture Data
   gfortran(dble) Vers. 9.0 Mar 2018    19-Dec-2019 22:40:17    Page  001
 - - - - - - - - - - - - - - - - - - - - - - - - - - - - - - - - - - - - - -
 
   This version was compiled by GCC version 7.2.0 using the options: 
     -cpp -iprefix C:/Program Files/mingw-w64/x86_64-7.2.0-posix-seh-rt_v5-rev1/
     mingw64/bin/../lib/gcc/x86_64-w64-mingw32/7.2.0/ -D_MT -D_REENTRANT
     -U_REENTRANT -D IEEE -D DBLEPRECISION -m64 -mtune=core2 -march=nocona -mthreads
     -O2 -fimplicit-none -fbounds-check -funroll-loops -ftree-vectorize
     -ffpe-summary=invalid,zero,overflow,underflow -fno-unsafe-math-optimizations
     -frounding-math -fsignaling-nans -fopenmp.

   This problem will use 7 of 8 possible threads.


  INPUT --- proc title ;

   CPU Time for the last procedure was 0.01 seconds.     


  INPUT --- proc chmatrix occasions= 3 groups= 1 etype= Occupancy 
  INPUT --- Nodes= 101 icovar = 5 ICMeans  NoHist hist= 138 ;

  INPUT ---    time interval 1 1 1 ;

  INPUT ---     icovariates MEANT avdep mFlow pctpool pctBrBnk ;

  INPUT ---    glabel(1)=freq1;

      Number of unique encounter histories read was 138.

      Number of individual covariates read was 5.
      Time interval lengths are all equal to 1.

      Data type number is 27
      Data type is Occupancy Estimation with Detection < 1                                                             

   CPU Time for the last procedure was 0.01 seconds.     

  Program  MARK  - Survival Rate Estimation with Capture-Recapture Data
   gfortran(dble) Vers. 9.0 Mar 2018    19-Dec-2019 22:40:17    Page  002
 - - - - - - - - - - - - - - - - - - - - - - - - - - - - - - - - - - - - - -
 


  INPUT --- proc estimate link=Logit NOLOOP varest=2ndPart    ;


  INPUT --- model={ p(~1)Psi(~MEANT + avdep + mFlow + pctpool + 
  INPUT --- pctBrBnk) };

  INPUT ---    group=1 p    rows=1 cols=3 Square ;
  INPUT ---        1 1 1 ;

  INPUT ---    group=1 Psi    rows=1 cols=1 Square ;
  INPUT ---        2 ;

  INPUT ---    design matrix constraints=2 covariates=7;
  INPUT ---        1 0 0 0 0 0 0;
  INPUT ---        0 1 MEANT avdep mFlow pctpool pctBrBnk;
  INPUT ---       blabel(1)=p:(Intercept);
  INPUT ---       blabel(2)=Psi:(Intercept);
  INPUT ---       blabel(3)=Psi:MEANT;
  INPUT ---       blabel(4)=Psi:avdep;
  INPUT ---       blabel(5)=Psi:mFlow;
  INPUT ---       blabel(6)=Psi:pctpool;
  INPUT ---       blabel(7)=Psi:pctBrBnk;
  INPUT ---       rlabel(1)=p g1 a0 t1;
  INPUT ---       rlabel(2)=Psi g1 a0 t1;

 Link Function Used is LOGIT        

 Variance Estimation Procedure Used is 2ndPart 
 -2logL(saturated) = 0.0000000     
 Effective Sample Size = 138

 Number of function evaluations was 22 for 7 parameters.
 Time for numerical optimization was 0.12 seconds.     
 -2logL { p(~1)Psi(~MEANT + avdep + mFlow + pctpool + pctBrBnk) } = 386.56281     
 Penalty { p(~1)Psi(~MEANT + avdep + mFlow + pctpool + pctBrBnk) } = 0.0000000     
 Gradient { p(~1)Psi(~MEANT + avdep + mFlow + pctpool + pctBrBnk) }:
 -0.1588861E-05   0.000000     -0.1697072E-05  0.1083327E-05 -0.1763476E-06
  0.8176796E-06   0.000000    
 Maximum ABS(G) { p(~1)Psi(~MEANT + avdep + mFlow + pctpool + pctBrBnk) } = 0.1697072E-05 
 S Vector { p(~1)Psi(~MEANT + avdep + mFlow + pctpool + pctBrBnk) }:
   54.82814      32.30790      1.428037     0.8983195     0.2539564    
  0.1322844     0.2665020E-01
 Time to compute number of parameters was 0.01 seconds.     
 Ratio Threshold = 50.000000       Max Gap (2/3) = 22.624001       Next Max Gap (6/7) = 4.9637308     
 Gap Method for Num. of Estimated Parameters { p(~1)Psi(~MEANT + avdep + mFlow + pctpool + pctBrBnk) } = 7          
 Threshold { p(~1)Psi(~MEANT + avdep + mFlow + pctpool + pctBrBnk) } = 0.3394143E-05                 
 Numerical Threshold Method for Num. of Estimated Parameters { p(~1)Psi(~MEANT + avdep + mFlow + pctpool + pctBrBnk) } = 7          
 Number of Estimated Parameters { p(~1)Psi(~MEANT + avdep + mFlow + pctpool + pctBrBnk) } = 7          
 DEVIANCE { p(~1)Psi(~MEANT + avdep + mFlow + pctpool + pctBrBnk) } = 386.56281                     
 DEVIANCE Degrees of Freedom { p(~1)Psi(~MEANT + avdep + mFlow + pctpool + pctBrBnk) } = 131            
 c-hat { p(~1)Psi(~MEANT + avdep + mFlow + pctpool + pctBrBnk) } = 2.9508611                     
 AIC { p(~1)Psi(~MEANT + avdep + mFlow + pctpool + pctBrBnk) } = 400.56281                  
 AICc { p(~1)Psi(~MEANT + avdep + mFlow + pctpool + pctBrBnk) } = 401.42435                    
 BIC { p(~1)Psi(~MEANT + avdep + mFlow + pctpool + pctBrBnk) } = 421.05358                    
 Pearson Chisquare { p(~1)Psi(~MEANT + avdep + mFlow + pctpool + pctBrBnk) } = 1274.0291                  

  Program  MARK  - Survival Rate Estimation with Capture-Recapture Data
   gfortran(dble) Vers. 9.0 Mar 2018    19-Dec-2019 22:40:17    Page  003
 - - - - - - - - - - - - - - - - - - - - - - - - - - - - - - - - - - - - - -
 


  LOGIT Link Function Parameters of { p(~1)Psi(~MEANT + avdep + mFlow + pctpool + pctBrBnk) }
                                                              95% Confidence Interval
 Parameter                    Beta         Standard Error      Lower           Upper
 -------------------------  --------------  --------------  --------------  --------------
    1:p:(Intercept)          1.4009001       0.1758099       1.0563126       1.7454876    
    2:Psi:(Intercept)       -0.1890066       1.8663734      -3.8470985       3.4690852    
    3:Psi:MEANT             -0.1378616       0.0788415      -0.2923909       0.0166678    
    4:Psi:avdep             -2.5212785       2.3010350      -7.0313072       1.9887502    
    5:Psi:mFlow              11.885756       3.4103249       5.2015188       18.569993    
    6:Psi:pctpool            0.0462982       0.0174710       0.0120550       0.0805413    
    7:Psi:pctBrBnk          -0.2814275       0.3343456      -0.9367449       0.3738899    


  Real Function Parameters of { p(~1)Psi(~MEANT + avdep + mFlow + pctpool + pctBrBnk) }

      Following estimates based on unstandardized individual covariate values:
          Variable   Value         
          ---------  ------------- 
          MEANT       20.182899    
          AVDEP       0.2562426    
          MFLOW       0.2587289    
          PCTPOOL     25.664251    
          PCTBRBNK    0.8740586    
                                                               95% Confidence Interval
  Parameter                  Estimate       Standard Error      Lower           Upper
 --------------------------  --------------  --------------  --------------  --------------
     1:p g1 a0 t1             0.8023267       0.0278832       0.7419853       0.8513828                          
     2:Psi g1 a0 t1           0.5986639       0.0485531       0.5009555       0.6891139                          


                      Estimates of Derived Parameters
 Occupancy Estimates of { p(~1)Psi(~MEANT + avdep + mFlow + pctpool + pctBrBnk) }
                                            95% Confidence Interval
 Group   Psi-hat         Standard Error      Lower           Upper
 -----   --------------  --------------  --------------  --------------
   1      0.5986639       0.0485531       0.5009555       0.6891139    

   CPU Time for the last procedure was 0.12 seconds.     

  Program  MARK  - Survival Rate Estimation with Capture-Recapture Data
   gfortran(dble) Vers. 9.0 Mar 2018    19-Dec-2019 22:40:17    Page  004
 - - - - - - - - - - - - - - - - - - - - - - - - - - - - - - - - - - - - - -
 


  INPUT --- proc stop;

     CPU Time in minutes for this job was 0.00

     Time Start = 22:40:17.058   Time End = 22:40:17.270

     Wall Clock Time in minutes for this job was 0.00


          E X E C U T I O N   S U C C E S S F U L 
