
   Program  MARK  - Survival Rate Estimation with Capture-Recapture Data
   gfortran(dble) Vers. 9.0 Mar 2018    18-Dec-2019 13:12:58    Page  001
 - - - - - - - - - - - - - - - - - - - - - - - - - - - - - - - - - - - - - -
 
   This version was compiled by GCC version 7.2.0 using the options: 
     -cpp -iprefix C:/Program Files/mingw-w64/x86_64-7.2.0-posix-seh-rt_v5-rev1/
     mingw64/bin/../lib/gcc/x86_64-w64-mingw32/7.2.0/ -D_MT -D_REENTRANT
     -U_REENTRANT -D IEEE -D DBLEPRECISION -m64 -mtune=core2 -march=nocona -mthreads
     -O2 -fimplicit-none -fbounds-check -funroll-loops -ftree-vectorize
     -ffpe-summary=invalid,zero,overflow,underflow -fno-unsafe-math-optimizations
     -frounding-math -fsignaling-nans -fopenmp.

   This problem will use 7 of 8 possible threads.


  INPUT --- proc title ;

   CPU Time for the last procedure was 0.01 seconds.     


  INPUT --- proc chmatrix occasions= 3 groups= 1 etype= Occupancy 
  INPUT --- Nodes= 101 icovar = 5 ICMeans  NoHist hist= 138 ;

  INPUT ---    time interval 1 1 1 ;

  INPUT ---     icovariates effort1 effort2 effort3 HAiFLS_for AvgSlope ;

  INPUT ---    glabel(1)=freq1;

      Number of unique encounter histories read was 138.

      Number of individual covariates read was 5.
      Time interval lengths are all equal to 1.

      Data type number is 27
      Data type is Occupancy Estimation with Detection < 1                                                             

   CPU Time for the last procedure was 0.02 seconds.     

  Program  MARK  - Survival Rate Estimation with Capture-Recapture Data
   gfortran(dble) Vers. 9.0 Mar 2018    18-Dec-2019 13:12:58    Page  002
 - - - - - - - - - - - - - - - - - - - - - - - - - - - - - - - - - - - - - -
 


  INPUT --- proc estimate link=Logit NOLOOP varest=2ndPart    ;


  INPUT --- model={ p(~effort)Psi(~HAiFLS_for + AvgSlope) };

  INPUT ---    group=1 p    rows=1 cols=3 Square ;
  INPUT ---        1 2 3 ;

  INPUT ---    group=1 Psi    rows=1 cols=1 Square ;
  INPUT ---        4 ;

  INPUT ---    design matrix constraints=4 covariates=5;
  INPUT ---        1 effort1 0 0 0;
  INPUT ---        1 effort2 0 0 0;
  INPUT ---        1 effort3 0 0 0;
  INPUT ---        0 0 1 HAiFLS_for AvgSlope;
  INPUT ---       blabel(1)=p:(Intercept);
  INPUT ---       blabel(2)=p:effort;
  INPUT ---       blabel(3)=Psi:(Intercept);
  INPUT ---       blabel(4)=Psi:HAiFLS_for;
  INPUT ---       blabel(5)=Psi:AvgSlope;
  INPUT ---       rlabel(1)=p g1 a0 t1;
  INPUT ---       rlabel(2)=p g1 a1 t2;
  INPUT ---       rlabel(3)=p g1 a2 t3;
  INPUT ---       rlabel(4)=Psi g1 a0 t1;

 Link Function Used is LOGIT        

 Variance Estimation Procedure Used is 2ndPart 
 -2logL(saturated) = 0.0000000     
 Effective Sample Size = 138

 Number of function evaluations was 17 for 5 parameters.
 Time for numerical optimization was 0.01 seconds.     
 -2logL { p(~effort)Psi(~HAiFLS_for + AvgSlope) } = 380.79334     
 Penalty { p(~effort)Psi(~HAiFLS_for + AvgSlope) } = 0.0000000     
 Gradient { p(~effort)Psi(~HAiFLS_for + AvgSlope) }:
   0.000000     -0.8937047E-06   0.000000       0.000000     -0.1396328E-05
 Maximum ABS(G) { p(~effort)Psi(~HAiFLS_for + AvgSlope) } = 0.1396328E-05 
 S Vector { p(~effort)Psi(~HAiFLS_for + AvgSlope) }:
   34.59669      28.51760      1.793709     0.4637312     0.4117579    
 Time to compute number of parameters was 0.11 seconds.     
 Ratio Threshold = 50.000000       Max Gap (2/3) = 15.898680       Next Max Gap (3/4) = 3.8679926     
 Gap Method for Num. of Estimated Parameters { p(~effort)Psi(~HAiFLS_for + AvgSlope) } = 5          
 Threshold { p(~effort)Psi(~HAiFLS_for + AvgSlope) } = 0.2792657E-05                 
 Numerical Threshold Method for Num. of Estimated Parameters { p(~effort)Psi(~HAiFLS_for + AvgSlope) } = 5          
 Number of Estimated Parameters { p(~effort)Psi(~HAiFLS_for + AvgSlope) } = 5          
 DEVIANCE { p(~effort)Psi(~HAiFLS_for + AvgSlope) } = 380.79334                     
 DEVIANCE Degrees of Freedom { p(~effort)Psi(~HAiFLS_for + AvgSlope) } = 133            
 c-hat { p(~effort)Psi(~HAiFLS_for + AvgSlope) } = 2.8631078                     
 AIC { p(~effort)Psi(~HAiFLS_for + AvgSlope) } = 390.79334                  
 AICc { p(~effort)Psi(~HAiFLS_for + AvgSlope) } = 391.24789                    
 BIC { p(~effort)Psi(~HAiFLS_for + AvgSlope) } = 405.42961                    
 Pearson Chisquare { p(~effort)Psi(~HAiFLS_for + AvgSlope) } = 1446.1851                  

  Program  MARK  - Survival Rate Estimation with Capture-Recapture Data
   gfortran(dble) Vers. 9.0 Mar 2018    18-Dec-2019 13:12:59    Page  003
 - - - - - - - - - - - - - - - - - - - - - - - - - - - - - - - - - - - - - -
 


          LOGIT Link Function Parameters of { p(~effort)Psi(~HAiFLS_for + AvgSlope) }
                                                              95% Confidence Interval
 Parameter                    Beta         Standard Error      Lower           Upper
 -------------------------  --------------  --------------  --------------  --------------
    1:p:(Intercept)          0.7211401       0.3761212      -0.0160576       1.4583377    
    2:p:effort               0.8195610E-03   0.3818845E-03   0.7106729E-04   0.0015681    
    3:Psi:(Intercept)       -0.7653706       0.4098537      -1.5686839       0.0379427    
    4:Psi:HAiFLS_for         0.0223600       0.0073664       0.0079219       0.0367981    
    5:Psi:AvgSlope           0.0305165       0.0251433      -0.0187644       0.0797974    


          Real Function Parameters of { p(~effort)Psi(~HAiFLS_for + AvgSlope) }

      Following estimates based on unstandardized individual covariate values:
          Variable   Value         
          ---------  ------------- 
          EFFORT1     906.23188    
          EFFORT2     834.18841    
          EFFORT3     818.18116    
          HAIFLS_FOR  26.272482    
          AVGSLOPE    12.952003    
                                                               95% Confidence Interval
  Parameter                  Estimate       Standard Error      Lower           Upper
 --------------------------  --------------  --------------  --------------  --------------
     1:p g1 a0 t1             0.8121212       0.0287998       0.7491152       0.8622145                          
     2:p g1 a1 t2             0.8029458       0.0297178       0.7382086       0.8548227                          
     3:p g1 a2 t3             0.8008618       0.0300083       0.7355359       0.8532704                          
     4:Psi g1 a0 t1           0.5541200       0.0461501       0.4628749       0.6418579                          


                      Estimates of Derived Parameters
     Occupancy Estimates of { p(~effort)Psi(~HAiFLS_for + AvgSlope) }
                                            95% Confidence Interval
 Group   Psi-hat         Standard Error      Lower           Upper
 -----   --------------  --------------  --------------  --------------
   1      0.5541200       0.0461501       0.4628749       0.6418579    

   CPU Time for the last procedure was 0.11 seconds.     

  Program  MARK  - Survival Rate Estimation with Capture-Recapture Data
   gfortran(dble) Vers. 9.0 Mar 2018    18-Dec-2019 13:12:59    Page  004
 - - - - - - - - - - - - - - - - - - - - - - - - - - - - - - - - - - - - - -
 


  INPUT --- proc stop;

     CPU Time in minutes for this job was 0.00

     Time Start = 13:12:58.767   Time End = 13:12:59.012

     Wall Clock Time in minutes for this job was 0.00


          E X E C U T I O N   S U C C E S S F U L 
