
   Program  MARK  - Survival Rate Estimation with Capture-Recapture Data
   gfortran(dble) Vers. 9.0 Mar 2018    19-Dec-2019 22:31:57    Page  001
 - - - - - - - - - - - - - - - - - - - - - - - - - - - - - - - - - - - - - -
 
   This version was compiled by GCC version 7.2.0 using the options: 
     -cpp -iprefix C:/Program Files/mingw-w64/x86_64-7.2.0-posix-seh-rt_v5-rev1/
     mingw64/bin/../lib/gcc/x86_64-w64-mingw32/7.2.0/ -D_MT -D_REENTRANT
     -U_REENTRANT -D IEEE -D DBLEPRECISION -m64 -mtune=core2 -march=nocona -mthreads
     -O2 -fimplicit-none -fbounds-check -funroll-loops -ftree-vectorize
     -ffpe-summary=invalid,zero,overflow,underflow -fno-unsafe-math-optimizations
     -frounding-math -fsignaling-nans -fopenmp.

   This problem will use 7 of 8 possible threads.


  INPUT --- proc title ;

   CPU Time for the last procedure was 0.01 seconds.     


  INPUT --- proc chmatrix occasions= 3 groups= 1 etype= Occupancy 
  INPUT --- Nodes= 101 icovar = 4 ICMeans  NoHist hist= 138 ;

  INPUT ---    time interval 1 1 1 ;

  INPUT ---     icovariates effort1 effort2 effort3 pctrun ;

  INPUT ---    glabel(1)=freq1;

      Number of unique encounter histories read was 138.

      Number of individual covariates read was 4.
      Time interval lengths are all equal to 1.

      Data type number is 27
      Data type is Occupancy Estimation with Detection < 1                                                             

   CPU Time for the last procedure was 0.02 seconds.     

  Program  MARK  - Survival Rate Estimation with Capture-Recapture Data
   gfortran(dble) Vers. 9.0 Mar 2018    19-Dec-2019 22:31:57    Page  002
 - - - - - - - - - - - - - - - - - - - - - - - - - - - - - - - - - - - - - -
 


  INPUT --- proc estimate link=Logit NOLOOP varest=2ndPart    ;


  INPUT --- model={ p(~effort)Psi(~pctrun) };

  INPUT ---    group=1 p    rows=1 cols=3 Square ;
  INPUT ---        1 2 3 ;

  INPUT ---    group=1 Psi    rows=1 cols=1 Square ;
  INPUT ---        4 ;

  INPUT ---    design matrix constraints=4 covariates=4;
  INPUT ---        1 effort1 0 0;
  INPUT ---        1 effort2 0 0;
  INPUT ---        1 effort3 0 0;
  INPUT ---        0 0 1 pctrun;
  INPUT ---       blabel(1)=p:(Intercept);
  INPUT ---       blabel(2)=p:effort;
  INPUT ---       blabel(3)=Psi:(Intercept);
  INPUT ---       blabel(4)=Psi:pctrun;
  INPUT ---       rlabel(1)=p g1 a0 t1;
  INPUT ---       rlabel(2)=p g1 a1 t2;
  INPUT ---       rlabel(3)=p g1 a2 t3;
  INPUT ---       rlabel(4)=Psi g1 a0 t1;

 Link Function Used is LOGIT        

 Variance Estimation Procedure Used is 2ndPart 
 -2logL(saturated) = 0.0000000     
 Effective Sample Size = 138

 Number of function evaluations was 14 for 4 parameters.
 Time for numerical optimization was 0.01 seconds.     
 -2logL { p(~effort)Psi(~pctrun) } = 385.97574     
 Penalty { p(~effort)Psi(~pctrun) } = 0.0000000     
 Gradient { p(~effort)Psi(~pctrun) }:
   0.000000       0.000000       0.000000      0.1142922E-05
 Maximum ABS(G) { p(~effort)Psi(~pctrun) } = 0.1142922E-05 
 S Vector { p(~effort)Psi(~pctrun) }:
   38.86946      29.82170      1.046924     0.4211062    
 Time to compute number of parameters was 0.01 seconds.     
 Ratio Threshold = 50.000000       Max Gap (2/3) = 28.485061       Next Max Gap (3/4) = 2.4861283     
 Gap Method for Num. of Estimated Parameters { p(~effort)Psi(~pctrun) } = 4          
 Threshold { p(~effort)Psi(~pctrun) } = 0.2285843E-05                 
 Numerical Threshold Method for Num. of Estimated Parameters { p(~effort)Psi(~pctrun) } = 4          
 Number of Estimated Parameters { p(~effort)Psi(~pctrun) } = 4          
 DEVIANCE { p(~effort)Psi(~pctrun) } = 385.97574                     
 DEVIANCE Degrees of Freedom { p(~effort)Psi(~pctrun) } = 134            
 c-hat { p(~effort)Psi(~pctrun) } = 2.8804160                     
 AIC { p(~effort)Psi(~pctrun) } = 393.97574                  
 AICc { p(~effort)Psi(~pctrun) } = 394.27649                    
 BIC { p(~effort)Psi(~pctrun) } = 405.68476                    
 Pearson Chisquare { p(~effort)Psi(~pctrun) } = 1520.9388                  

  Program  MARK  - Survival Rate Estimation with Capture-Recapture Data
   gfortran(dble) Vers. 9.0 Mar 2018    19-Dec-2019 22:31:57    Page  003
 - - - - - - - - - - - - - - - - - - - - - - - - - - - - - - - - - - - - - -
 


                  LOGIT Link Function Parameters of { p(~effort)Psi(~pctrun) }
                                                              95% Confidence Interval
 Parameter                    Beta         Standard Error      Lower           Upper
 -------------------------  --------------  --------------  --------------  --------------
    1:p:(Intercept)          0.7445280       0.3698980       0.0195279       1.4695282    
    2:p:effort               0.8037439E-03   0.3778574E-03   0.6314333E-04   0.0015443    
    3:Psi:(Intercept)        1.2394415       0.4432785       0.3706155       2.1082675    
    4:Psi:pctrun            -2.3376714       0.8860485      -4.0743266      -0.6010163    


                  Real Function Parameters of { p(~effort)Psi(~pctrun) }

      Following estimates based on unstandardized individual covariate values:
          Variable   Value         
          ---------  ------------- 
          EFFORT1     906.23188    
          EFFORT2     834.18841    
          EFFORT3     818.18116    
          PCTRUN      0.4539599    
                                                               95% Confidence Interval
  Parameter                  Estimate       Standard Error      Lower           Upper
 --------------------------  --------------  --------------  --------------  --------------
     1:p g1 a0 t1             0.8134987       0.0283989       0.7513885       0.8629229                          
     2:p g1 a1 t2             0.8045537       0.0292277       0.7409082       0.8556116                          
     3:p g1 a2 t3             0.8025226       0.0294964       0.7383364       0.8540757                          
     4:Psi g1 a0 t1           0.5444405       0.0444070       0.4569343       0.6292861                          


                      Estimates of Derived Parameters
            Occupancy Estimates of { p(~effort)Psi(~pctrun) }
                                            95% Confidence Interval
 Group   Psi-hat         Standard Error      Lower           Upper
 -----   --------------  --------------  --------------  --------------
   1      0.5444405       0.0444070       0.4569343       0.6292861    

   CPU Time for the last procedure was 0.01 seconds.     

  Program  MARK  - Survival Rate Estimation with Capture-Recapture Data
   gfortran(dble) Vers. 9.0 Mar 2018    19-Dec-2019 22:31:57    Page  004
 - - - - - - - - - - - - - - - - - - - - - - - - - - - - - - - - - - - - - -
 


  INPUT --- proc stop;

     CPU Time in minutes for this job was 0.00

     Time Start = 22:31:57.324   Time End = 22:31:57.419

     Wall Clock Time in minutes for this job was 0.00


          E X E C U T I O N   S U C C E S S F U L 
