
   Program  MARK  - Survival Rate Estimation with Capture-Recapture Data
   gfortran(dble) Vers. 9.0 Mar 2018    18-Dec-2019 13:09:35    Page  001
 - - - - - - - - - - - - - - - - - - - - - - - - - - - - - - - - - - - - - -
 
   This version was compiled by GCC version 7.2.0 using the options: 
     -cpp -iprefix C:/Program Files/mingw-w64/x86_64-7.2.0-posix-seh-rt_v5-rev1/
     mingw64/bin/../lib/gcc/x86_64-w64-mingw32/7.2.0/ -D_MT -D_REENTRANT
     -U_REENTRANT -D IEEE -D DBLEPRECISION -m64 -mtune=core2 -march=nocona -mthreads
     -O2 -fimplicit-none -fbounds-check -funroll-loops -ftree-vectorize
     -ffpe-summary=invalid,zero,overflow,underflow -fno-unsafe-math-optimizations
     -frounding-math -fsignaling-nans -fopenmp.

   This problem will use 7 of 8 possible threads.


  INPUT --- proc title ;

   CPU Time for the last procedure was 0.01 seconds.     


  INPUT --- proc chmatrix occasions= 3 groups= 1 etype= Occupancy 
  INPUT --- Nodes= 101 icovar = 1 ICMeans  NoHist hist= 138 ;

  INPUT ---    time interval 1 1 1 ;

  INPUT ---     icovariates HAiFLS_al2 ;

  INPUT ---    glabel(1)=freq1;

      Number of unique encounter histories read was 138.

      Number of individual covariates read was 1.
      Time interval lengths are all equal to 1.

      Data type number is 27
      Data type is Occupancy Estimation with Detection < 1                                                             

   CPU Time for the last procedure was 0.01 seconds.     

  Program  MARK  - Survival Rate Estimation with Capture-Recapture Data
   gfortran(dble) Vers. 9.0 Mar 2018    18-Dec-2019 13:09:35    Page  002
 - - - - - - - - - - - - - - - - - - - - - - - - - - - - - - - - - - - - - -
 


  INPUT --- proc estimate link=Logit NOLOOP varest=2ndPart    ;


  INPUT --- model={ p(~1)Psi(~HAiFLS_al2) };

  INPUT ---    group=1 p    rows=1 cols=3 Square ;
  INPUT ---        1 1 1 ;

  INPUT ---    group=1 Psi    rows=1 cols=1 Square ;
  INPUT ---        2 ;

  INPUT ---    design matrix constraints=2 covariates=3;
  INPUT ---        1 0 0;
  INPUT ---        0 1 HAiFLS_al2;
  INPUT ---       blabel(1)=p:(Intercept);
  INPUT ---       blabel(2)=Psi:(Intercept);
  INPUT ---       blabel(3)=Psi:HAiFLS_al2;
  INPUT ---       rlabel(1)=p g1 a0 t1;
  INPUT ---       rlabel(2)=Psi g1 a0 t1;

 Link Function Used is LOGIT        

 Variance Estimation Procedure Used is 2ndPart 
 -2logL(saturated) = 0.0000000     
 Effective Sample Size = 138

 Number of function evaluations was 14 for 3 parameters.
 Time for numerical optimization was 0.01 seconds.     
 -2logL { p(~1)Psi(~HAiFLS_al2) } = 384.50358     
 Penalty { p(~1)Psi(~HAiFLS_al2) } = 0.0000000     
 Gradient { p(~1)Psi(~HAiFLS_al2) }:
 -0.1540060E-05 -0.1589681E-05 -0.1216270E-05
 Maximum ABS(G) { p(~1)Psi(~HAiFLS_al2) } = 0.1589681E-05 
 S Vector { p(~1)Psi(~HAiFLS_al2) }:
   42.10332      30.63240      2.043110    
 Time to compute number of parameters was 0.01 seconds.     
 Ratio Threshold = 50.000000       Max Gap (2/3) = 14.993027       Next Max Gap (1/2) = 1.3744700     
 Gap Method for Num. of Estimated Parameters { p(~1)Psi(~HAiFLS_al2) } = 3          
 Threshold { p(~1)Psi(~HAiFLS_al2) } = 0.3179362E-05                 
 Numerical Threshold Method for Num. of Estimated Parameters { p(~1)Psi(~HAiFLS_al2) } = 3          
 Number of Estimated Parameters { p(~1)Psi(~HAiFLS_al2) } = 3          
 DEVIANCE { p(~1)Psi(~HAiFLS_al2) } = 384.50358                     
 DEVIANCE Degrees of Freedom { p(~1)Psi(~HAiFLS_al2) } = 135            
 c-hat { p(~1)Psi(~HAiFLS_al2) } = 2.8481747                     
 AIC { p(~1)Psi(~HAiFLS_al2) } = 390.50358                  
 AICc { p(~1)Psi(~HAiFLS_al2) } = 390.68269                    
 BIC { p(~1)Psi(~HAiFLS_al2) } = 399.28534                    
 Pearson Chisquare { p(~1)Psi(~HAiFLS_al2) } = 1197.5788                  


                  LOGIT Link Function Parameters of { p(~1)Psi(~HAiFLS_al2) }
                                                              95% Confidence Interval
 Parameter                    Beta         Standard Error      Lower           Upper
 -------------------------  --------------  --------------  --------------  --------------
    1:p:(Intercept)          1.4769802       0.1804571       1.1232843       1.8306762    
    2:Psi:(Intercept)        1.3996624       0.4013646       0.6129879       2.1863370    
    3:Psi:HAiFLS_al2        -0.2167143E-03   0.6019966E-04  -0.3347056E-03  -0.9872294E-04

  Program  MARK  - Survival Rate Estimation with Capture-Recapture Data
   gfortran(dble) Vers. 9.0 Mar 2018    18-Dec-2019 13:09:35    Page  003
 - - - - - - - - - - - - - - - - - - - - - - - - - - - - - - - - - - - - - -
 


                  Real Function Parameters of { p(~1)Psi(~HAiFLS_al2) }

      Following estimates based on unstandardized individual covariate values:
          Variable   Value         
          ---------  ------------- 
          HAIFLS_AL2  5578.3218    
                                                               95% Confidence Interval
  Parameter                  Estimate       Standard Error      Lower           Upper
 --------------------------  --------------  --------------  --------------  --------------
     1:p g1 a0 t1             0.8141160       0.0273088       0.7545974       0.8618423                          
     2:Psi g1 a0 t1           0.5475460       0.0454436       0.4579079       0.6342026                          


                      Estimates of Derived Parameters
             Occupancy Estimates of { p(~1)Psi(~HAiFLS_al2) }
                                            95% Confidence Interval
 Group   Psi-hat         Standard Error      Lower           Upper
 -----   --------------  --------------  --------------  --------------
   1      0.5475460       0.0454436       0.4579079       0.6342026    

   CPU Time for the last procedure was 0.02 seconds.     

  Program  MARK  - Survival Rate Estimation with Capture-Recapture Data
   gfortran(dble) Vers. 9.0 Mar 2018    18-Dec-2019 13:09:35    Page  004
 - - - - - - - - - - - - - - - - - - - - - - - - - - - - - - - - - - - - - -
 


  INPUT --- proc stop;

     CPU Time in minutes for this job was 0.00

     Time Start = 13:09:35.707   Time End = 13:09:35.723

     Wall Clock Time in minutes for this job was 0.00


          E X E C U T I O N   S U C C E S S F U L 
