
   Program  MARK  - Survival Rate Estimation with Capture-Recapture Data
   gfortran(dble) Vers. 9.0 Mar 2018    19-Dec-2019 22:40:15    Page  001
 - - - - - - - - - - - - - - - - - - - - - - - - - - - - - - - - - - - - - -
 
   This version was compiled by GCC version 7.2.0 using the options: 
     -cpp -iprefix C:/Program Files/mingw-w64/x86_64-7.2.0-posix-seh-rt_v5-rev1/
     mingw64/bin/../lib/gcc/x86_64-w64-mingw32/7.2.0/ -D_MT -D_REENTRANT
     -U_REENTRANT -D IEEE -D DBLEPRECISION -m64 -mtune=core2 -march=nocona -mthreads
     -O2 -fimplicit-none -fbounds-check -funroll-loops -ftree-vectorize
     -ffpe-summary=invalid,zero,overflow,underflow -fno-unsafe-math-optimizations
     -frounding-math -fsignaling-nans -fopenmp.

   This problem will use 7 of 8 possible threads.


  INPUT --- proc title ;

   CPU Time for the last procedure was 0.01 seconds.     


  INPUT --- proc chmatrix occasions= 3 groups= 1 etype= Occupancy 
  INPUT --- Nodes= 101 icovar = 5 ICMeans  NoHist hist= 138 ;

  INPUT ---    time interval 1 1 1 ;

  INPUT ---     icovariates MEANT2 avdep mFlow pctrun pctBrBnk ;

  INPUT ---    glabel(1)=freq1;

      Number of unique encounter histories read was 138.

      Number of individual covariates read was 5.
      Time interval lengths are all equal to 1.

      Data type number is 27
      Data type is Occupancy Estimation with Detection < 1                                                             

   CPU Time for the last procedure was 0.02 seconds.     

  Program  MARK  - Survival Rate Estimation with Capture-Recapture Data
   gfortran(dble) Vers. 9.0 Mar 2018    19-Dec-2019 22:40:15    Page  002
 - - - - - - - - - - - - - - - - - - - - - - - - - - - - - - - - - - - - - -
 


  INPUT --- proc estimate link=Logit NOLOOP varest=2ndPart    ;


  INPUT --- model={ p(~1)Psi(~MEANT2 + avdep + mFlow + pctrun + 
  INPUT --- pctBrBnk) };

  INPUT ---    group=1 p    rows=1 cols=3 Square ;
  INPUT ---        1 1 1 ;

  INPUT ---    group=1 Psi    rows=1 cols=1 Square ;
  INPUT ---        2 ;

  INPUT ---    design matrix constraints=2 covariates=7;
  INPUT ---        1 0 0 0 0 0 0;
  INPUT ---        0 1 MEANT2 avdep mFlow pctrun pctBrBnk;
  INPUT ---       blabel(1)=p:(Intercept);
  INPUT ---       blabel(2)=Psi:(Intercept);
  INPUT ---       blabel(3)=Psi:MEANT2;
  INPUT ---       blabel(4)=Psi:avdep;
  INPUT ---       blabel(5)=Psi:mFlow;
  INPUT ---       blabel(6)=Psi:pctrun;
  INPUT ---       blabel(7)=Psi:pctBrBnk;
  INPUT ---       rlabel(1)=p g1 a0 t1;
  INPUT ---       rlabel(2)=Psi g1 a0 t1;

 Link Function Used is LOGIT        

 Variance Estimation Procedure Used is 2ndPart 
 -2logL(saturated) = 0.0000000     
 Effective Sample Size = 138

 Number of function evaluations was 26 for 7 parameters.
 Time for numerical optimization was 0.01 seconds.     
 -2logL { p(~1)Psi(~MEANT2 + avdep + mFlow + pctrun + pctBrBnk) } = 370.32107     
 Penalty { p(~1)Psi(~MEANT2 + avdep + mFlow + pctrun + pctBrBnk) } = 0.0000000     
 Gradient { p(~1)Psi(~MEANT2 + avdep + mFlow + pctrun + pctBrBnk) }:
 -0.1597901E-05 -0.4971835E-05 -0.1212039E-05 -0.3024469E-05   0.000000    
 -0.5419339E-06 -0.1774633E-05
 Maximum ABS(G) { p(~1)Psi(~MEANT2 + avdep + mFlow + pctrun + pctBrBnk) } = 0.4971835E-05 
 S Vector { p(~1)Psi(~MEANT2 + avdep + mFlow + pctrun + pctBrBnk) }:
   45.38089      31.65960      1.148176     0.6428794     0.3632819    
  0.1448759     0.3277943E-01
 Time to compute number of parameters was 0.01 seconds.     
 Ratio Threshold = 50.000000       Max Gap (2/3) = 27.573821       Next Max Gap (6/7) = 4.4197191     
 Gap Method for Num. of Estimated Parameters { p(~1)Psi(~MEANT2 + avdep + mFlow + pctrun + pctBrBnk) } = 7          
 Threshold { p(~1)Psi(~MEANT2 + avdep + mFlow + pctrun + pctBrBnk) } = 0.9943670E-05                 
 Numerical Threshold Method for Num. of Estimated Parameters { p(~1)Psi(~MEANT2 + avdep + mFlow + pctrun + pctBrBnk) } = 7          
 Number of Estimated Parameters { p(~1)Psi(~MEANT2 + avdep + mFlow + pctrun + pctBrBnk) } = 7          
 DEVIANCE { p(~1)Psi(~MEANT2 + avdep + mFlow + pctrun + pctBrBnk) } = 370.32107                     
 DEVIANCE Degrees of Freedom { p(~1)Psi(~MEANT2 + avdep + mFlow + pctrun + pctBrBnk) } = 131            
 c-hat { p(~1)Psi(~MEANT2 + avdep + mFlow + pctrun + pctBrBnk) } = 2.8268784                     
 AIC { p(~1)Psi(~MEANT2 + avdep + mFlow + pctrun + pctBrBnk) } = 384.32107                  
 AICc { p(~1)Psi(~MEANT2 + avdep + mFlow + pctrun + pctBrBnk) } = 385.18261                    
 BIC { p(~1)Psi(~MEANT2 + avdep + mFlow + pctrun + pctBrBnk) } = 404.81185                    
 Pearson Chisquare { p(~1)Psi(~MEANT2 + avdep + mFlow + pctrun + pctBrBnk) } = 1336.0133                  

  Program  MARK  - Survival Rate Estimation with Capture-Recapture Data
   gfortran(dble) Vers. 9.0 Mar 2018    19-Dec-2019 22:40:16    Page  003
 - - - - - - - - - - - - - - - - - - - - - - - - - - - - - - - - - - - - - -
 


  LOGIT Link Function Parameters of { p(~1)Psi(~MEANT2 + avdep + mFlow + pctrun + pctBrBnk) }
                                                              95% Confidence Interval
 Parameter                    Beta         Standard Error      Lower           Upper
 -------------------------  --------------  --------------  --------------  --------------
    1:p:(Intercept)          1.3873172       0.1781958       1.0380535       1.7365809    
    2:Psi:(Intercept)        1.3017843       1.2209825      -1.0913414       3.6949100    
    3:Psi:MEANT2            -0.0033399       0.0022843      -0.0078171       0.0011372    
    4:Psi:avdep              1.5225563       2.4888500      -3.3555897       6.4007024    
    5:Psi:mFlow              12.508048       3.1167349       6.3992477       18.616849    
    6:Psi:pctrun            -6.0390451       1.4984320      -8.9759719      -3.1021182    
    7:Psi:pctBrBnk          -0.3630221       0.3535663      -1.0560120       0.3299679    


  Real Function Parameters of { p(~1)Psi(~MEANT2 + avdep + mFlow + pctrun + pctBrBnk) }

      Following estimates based on unstandardized individual covariate values:
          Variable   Value         
          ---------  ------------- 
          MEANT2      414.61712    
          AVDEP       0.2562426    
          MFLOW       0.2587289    
          PCTRUN      0.4539599    
          PCTBRBNK    0.8740586    
                                                               95% Confidence Interval
  Parameter                  Estimate       Standard Error      Lower           Upper
 --------------------------  --------------  --------------  --------------  --------------
     1:p g1 a0 t1             0.8001636       0.0284938       0.7384742       0.8502523                          
     2:Psi g1 a0 t1           0.6188199       0.0532333       0.5105519       0.7164399                          


                      Estimates of Derived Parameters
 Occupancy Estimates of { p(~1)Psi(~MEANT2 + avdep + mFlow + pctrun + pctBrBnk) }
                                            95% Confidence Interval
 Group   Psi-hat         Standard Error      Lower           Upper
 -----   --------------  --------------  --------------  --------------
   1      0.6188199       0.0532333       0.5105519       0.7164399    

   CPU Time for the last procedure was 0.01 seconds.     

  Program  MARK  - Survival Rate Estimation with Capture-Recapture Data
   gfortran(dble) Vers. 9.0 Mar 2018    19-Dec-2019 22:40:16    Page  004
 - - - - - - - - - - - - - - - - - - - - - - - - - - - - - - - - - - - - - -
 


  INPUT --- proc stop;

     CPU Time in minutes for this job was 0.00

     Time Start = 22:40:15.958   Time End = 22:40:16.080

     Wall Clock Time in minutes for this job was 0.00


          E X E C U T I O N   S U C C E S S F U L 
