
   Program  MARK  - Survival Rate Estimation with Capture-Recapture Data
   gfortran(dble) Vers. 9.0 Mar 2018    19-Dec-2019 22:40:18    Page  001
 - - - - - - - - - - - - - - - - - - - - - - - - - - - - - - - - - - - - - -
 
   This version was compiled by GCC version 7.2.0 using the options: 
     -cpp -iprefix C:/Program Files/mingw-w64/x86_64-7.2.0-posix-seh-rt_v5-rev1/
     mingw64/bin/../lib/gcc/x86_64-w64-mingw32/7.2.0/ -D_MT -D_REENTRANT
     -U_REENTRANT -D IEEE -D DBLEPRECISION -m64 -mtune=core2 -march=nocona -mthreads
     -O2 -fimplicit-none -fbounds-check -funroll-loops -ftree-vectorize
     -ffpe-summary=invalid,zero,overflow,underflow -fno-unsafe-math-optimizations
     -frounding-math -fsignaling-nans -fopenmp.

   This problem will use 7 of 8 possible threads.


  INPUT --- proc title ;

   CPU Time for the last procedure was 0.01 seconds.     


  INPUT --- proc chmatrix occasions= 3 groups= 1 etype= Occupancy 
  INPUT --- Nodes= 101 icovar = 8 ICMeans  NoHist hist= 138 ;

  INPUT ---    time interval 1 1 1 ;

  INPUT ---     icovariates effort1 effort2 effort3 MEANT2 avdep mFlow  
  INPUT ---    pctpool pctBrBnk ;

  INPUT ---    glabel(1)=freq1;

      Number of unique encounter histories read was 138.

      Number of individual covariates read was 8.
      Time interval lengths are all equal to 1.

      Data type number is 27
      Data type is Occupancy Estimation with Detection < 1                                                             

   CPU Time for the last procedure was 0.02 seconds.     

  Program  MARK  - Survival Rate Estimation with Capture-Recapture Data
   gfortran(dble) Vers. 9.0 Mar 2018    19-Dec-2019 22:40:18    Page  002
 - - - - - - - - - - - - - - - - - - - - - - - - - - - - - - - - - - - - - -
 


  INPUT --- proc estimate link=Logit NOLOOP varest=2ndPart    ;


  INPUT --- model={ p(~effort)Psi(~MEANT2 + avdep + mFlow + pctpool + 
  INPUT --- pctBrBnk) };

  INPUT ---    group=1 p    rows=1 cols=3 Square ;
  INPUT ---        1 2 3 ;

  INPUT ---    group=1 Psi    rows=1 cols=1 Square ;
  INPUT ---        4 ;

  INPUT ---    design matrix constraints=4 covariates=8;
  INPUT ---        1 effort1 0 0 0 0 0 0;
  INPUT ---        1 effort2 0 0 0 0 0 0;
  INPUT ---        1 effort3 0 0 0 0 0 0;
  INPUT ---        0 0 1 MEANT2 avdep mFlow pctpool pctBrBnk;
  INPUT ---       blabel(1)=p:(Intercept);
  INPUT ---       blabel(2)=p:effort;
  INPUT ---       blabel(3)=Psi:(Intercept);
  INPUT ---       blabel(4)=Psi:MEANT2;
  INPUT ---       blabel(5)=Psi:avdep;
  INPUT ---       blabel(6)=Psi:mFlow;
  INPUT ---       blabel(7)=Psi:pctpool;
  INPUT ---       blabel(8)=Psi:pctBrBnk;
  INPUT ---       rlabel(1)=p g1 a0 t1;
  INPUT ---       rlabel(2)=p g1 a1 t2;
  INPUT ---       rlabel(3)=p g1 a2 t3;
  INPUT ---       rlabel(4)=Psi g1 a0 t1;

 Link Function Used is LOGIT        

 Variance Estimation Procedure Used is 2ndPart 
 -2logL(saturated) = 0.0000000     
 Effective Sample Size = 138

 Number of function evaluations was 27 for 8 parameters.
 Time for numerical optimization was 0.12 seconds.     
 -2logL { p(~effort)Psi(~MEANT2 + avdep + mFlow + pctpool + pctBrBnk) } = 378.37565     
 Penalty { p(~effort)Psi(~MEANT2 + avdep + mFlow + pctpool + pctBrBnk) } = 0.0000000     
 Gradient { p(~effort)Psi(~MEANT2 + avdep + mFlow + pctpool + pctBrBnk) }:
   0.000000       0.000000     -0.1651347E-05 -0.1099251E-05 -0.9962235E-06
  0.1732715E-06   0.000000       0.000000    
 Maximum ABS(G) { p(~effort)Psi(~MEANT2 + avdep + mFlow + pctpool + pctBrBnk) } = 0.1651347E-05 

  Program  MARK  - Survival Rate Estimation with Capture-Recapture Data
   gfortran(dble) Vers. 9.0 Mar 2018    19-Dec-2019 22:40:19    Page  003
 - - - - - - - - - - - - - - - - - - - - - - - - - - - - - - - - - - - - - -
 
 S Vector { p(~effort)Psi(~MEANT2 + avdep + mFlow + pctpool + pctBrBnk) }:
   47.65281      30.56335      1.384277     0.8655561     0.4682085    
  0.3827882     0.1820878     0.2541183E-01
 Time to compute number of parameters was 0.09 seconds.     
 Ratio Threshold = 50.000000       Max Gap (2/3) = 22.078934       Next Max Gap (7/8) = 7.1654732     
 Gap Method for Num. of Estimated Parameters { p(~effort)Psi(~MEANT2 + avdep + mFlow + pctpool + pctBrBnk) } = 8          
 Threshold { p(~effort)Psi(~MEANT2 + avdep + mFlow + pctpool + pctBrBnk) } = 0.3302695E-05                 
 Numerical Threshold Method for Num. of Estimated Parameters { p(~effort)Psi(~MEANT2 + avdep + mFlow + pctpool + pctBrBnk) } = 8          
 Number of Estimated Parameters { p(~effort)Psi(~MEANT2 + avdep + mFlow + pctpool + pctBrBnk) } = 8          
 DEVIANCE { p(~effort)Psi(~MEANT2 + avdep + mFlow + pctpool + pctBrBnk) } = 378.37565                     
 DEVIANCE Degrees of Freedom { p(~effort)Psi(~MEANT2 + avdep + mFlow + pctpool + pctBrBnk) } = 130            
 c-hat { p(~effort)Psi(~MEANT2 + avdep + mFlow + pctpool + pctBrBnk) } = 2.9105820                     
 AIC { p(~effort)Psi(~MEANT2 + avdep + mFlow + pctpool + pctBrBnk) } = 394.37565                  
 AICc { p(~effort)Psi(~MEANT2 + avdep + mFlow + pctpool + pctBrBnk) } = 395.49193                    
 BIC { p(~effort)Psi(~MEANT2 + avdep + mFlow + pctpool + pctBrBnk) } = 417.79368                    
 Pearson Chisquare { p(~effort)Psi(~MEANT2 + avdep + mFlow + pctpool + pctBrBnk) } = 1513.6221                  


 LOGIT Link Function Parameters of { p(~effort)Psi(~MEANT2 + avdep + mFlow + pctpool + pctBrBnk) }
                                                              95% Confidence Interval
 Parameter                    Beta         Standard Error      Lower           Upper
 -------------------------  --------------  --------------  --------------  --------------
    1:p:(Intercept)          0.5227243       0.3801198      -0.2223104       1.2677591    
    2:p:effort               0.9699415E-03   0.3961796E-03   0.1934295E-03   0.0017465    
    3:Psi:(Intercept)       -1.3100515       1.3759174      -4.0068496       1.3867466    
    4:Psi:MEANT2            -0.0038422       0.0020522      -0.0078645       0.1801130E-03
    5:Psi:avdep             -2.8291581       2.3332834      -7.4023936       1.7440775    
    6:Psi:mFlow              12.106990       3.4899649       5.2666583       18.947321    
    7:Psi:pctpool            0.0461013       0.0175610       0.0116818       0.0805208    
    8:Psi:pctBrBnk          -0.2937772       0.3418890      -0.9638796       0.3763251    


 Real Function Parameters of { p(~effort)Psi(~MEANT2 + avdep + mFlow + pctpool + pctBrBnk) }

      Following estimates based on unstandardized individual covariate values:
          Variable   Value         
          ---------  ------------- 
          EFFORT1     906.23188    
          EFFORT2     834.18841    
          EFFORT3     818.18116    
          MEANT2      414.61712    
          AVDEP       0.2562426    
          MFLOW       0.2587289    
          PCTPOOL     25.664251    
          PCTBRBNK    0.8740586    
                                                               95% Confidence Interval
  Parameter                  Estimate       Standard Error      Lower           Upper
 --------------------------  --------------  --------------  --------------  --------------
     1:p g1 a0 t1             0.8024561       0.0295088       0.7382437       0.8540309                          
     2:p g1 a1 t2             0.7911446       0.0304460       0.7252571       0.8446164                          
     3:p g1 a2 t3             0.7885675       0.0307509       0.7220828       0.8426141                          
     4:Psi g1 a0 t1           0.6060540       0.0500170       0.5050370       0.6987519                          


                      Estimates of Derived Parameters
 Occupancy Estimates of { p(~effort)Psi(~MEANT2 + avdep + mFlow + pctpool + pctBrBnk) }
                                            95% Confidence Interval
 Group   Psi-hat         Standard Error      Lower           Upper
 -----   --------------  --------------  --------------  --------------

  Program  MARK  - Survival Rate Estimation with Capture-Recapture Data
   gfortran(dble) Vers. 9.0 Mar 2018    19-Dec-2019 22:40:19    Page  004
 - - - - - - - - - - - - - - - - - - - - - - - - - - - - - - - - - - - - - -
 
   1      0.6060540       0.0500170       0.5050370       0.6987519    

   CPU Time for the last procedure was 0.22 seconds.     


  INPUT --- proc stop;

     CPU Time in minutes for this job was 0.00

     Time Start = 22:40:18.741   Time End = 22:40:19.019

     Wall Clock Time in minutes for this job was 0.00


          E X E C U T I O N   S U C C E S S F U L 
