
   Program  MARK  - Survival Rate Estimation with Capture-Recapture Data
   gfortran(dble) Vers. 9.0 Mar 2018    18-Dec-2019 13:09:44    Page  001
 - - - - - - - - - - - - - - - - - - - - - - - - - - - - - - - - - - - - - -
 
   This version was compiled by GCC version 7.2.0 using the options: 
     -cpp -iprefix C:/Program Files/mingw-w64/x86_64-7.2.0-posix-seh-rt_v5-rev1/
     mingw64/bin/../lib/gcc/x86_64-w64-mingw32/7.2.0/ -D_MT -D_REENTRANT
     -U_REENTRANT -D IEEE -D DBLEPRECISION -m64 -mtune=core2 -march=nocona -mthreads
     -O2 -fimplicit-none -fbounds-check -funroll-loops -ftree-vectorize
     -ffpe-summary=invalid,zero,overflow,underflow -fno-unsafe-math-optimizations
     -frounding-math -fsignaling-nans -fopenmp.

   This problem will use 7 of 8 possible threads.


  INPUT --- proc title ;

   CPU Time for the last procedure was 0.01 seconds.     


  INPUT --- proc chmatrix occasions= 3 groups= 1 etype= Occupancy 
  INPUT --- Nodes= 101 icovar = 5 ICMeans  NoHist hist= 138 ;

  INPUT ---    time interval 1 1 1 ;

  INPUT ---     icovariates effort1 effort2 effort3 HAiFLS_al2 Cross_Cat  ;

  INPUT ---    glabel(1)=freq1;

      Number of unique encounter histories read was 138.

      Number of individual covariates read was 5.
      Time interval lengths are all equal to 1.

      Data type number is 27
      Data type is Occupancy Estimation with Detection < 1                                                             

   CPU Time for the last procedure was 0.01 seconds.     

  Program  MARK  - Survival Rate Estimation with Capture-Recapture Data
   gfortran(dble) Vers. 9.0 Mar 2018    18-Dec-2019 13:09:44    Page  002
 - - - - - - - - - - - - - - - - - - - - - - - - - - - - - - - - - - - - - -
 


  INPUT --- proc estimate link=Logit NOLOOP varest=2ndPart    ;


  INPUT --- model={ p(~effort)Psi(~HAiFLS_al2 + Cross_Cat) };

  INPUT ---    group=1 p    rows=1 cols=3 Square ;
  INPUT ---        1 2 3 ;

  INPUT ---    group=1 Psi    rows=1 cols=1 Square ;
  INPUT ---        4 ;

  INPUT ---    design matrix constraints=4 covariates=5;
  INPUT ---        1 effort1 0 0 0;
  INPUT ---        1 effort2 0 0 0;
  INPUT ---        1 effort3 0 0 0;
  INPUT ---        0 0 1 HAiFLS_al2 Cross_Cat;
  INPUT ---       blabel(1)=p:(Intercept);
  INPUT ---       blabel(2)=p:effort;
  INPUT ---       blabel(3)=Psi:(Intercept);
  INPUT ---       blabel(4)=Psi:HAiFLS_al2;
  INPUT ---       blabel(5)=Psi:Cross_Cat;
  INPUT ---       rlabel(1)=p g1 a0 t1;
  INPUT ---       rlabel(2)=p g1 a1 t2;
  INPUT ---       rlabel(3)=p g1 a2 t3;
  INPUT ---       rlabel(4)=Psi g1 a0 t1;

 Link Function Used is LOGIT        

 Variance Estimation Procedure Used is 2ndPart 
 -2logL(saturated) = 0.0000000     
 Effective Sample Size = 138

 Number of function evaluations was 16 for 5 parameters.
 Time for numerical optimization was 0.09 seconds.     
 -2logL { p(~effort)Psi(~HAiFLS_al2 + Cross_Cat) } = 377.63665     
 Penalty { p(~effort)Psi(~HAiFLS_al2 + Cross_Cat) } = 0.0000000     
 Gradient { p(~effort)Psi(~HAiFLS_al2 + Cross_Cat) }:
   0.000000       0.000000      0.3197020E-05   0.000000       0.000000    
 Maximum ABS(G) { p(~effort)Psi(~HAiFLS_al2 + Cross_Cat) } = 0.3197020E-05 
 S Vector { p(~effort)Psi(~HAiFLS_al2 + Cross_Cat) }:
   41.43430      29.51956      1.930326     0.4091570     0.3828476    
 Time to compute number of parameters was 0.01 seconds.     
 Ratio Threshold = 50.000000       Max Gap (2/3) = 15.292529       Next Max Gap (3/4) = 4.7178118     
 Gap Method for Num. of Estimated Parameters { p(~effort)Psi(~HAiFLS_al2 + Cross_Cat) } = 5          
 Threshold { p(~effort)Psi(~HAiFLS_al2 + Cross_Cat) } = 0.6394040E-05                 
 Numerical Threshold Method for Num. of Estimated Parameters { p(~effort)Psi(~HAiFLS_al2 + Cross_Cat) } = 5          
 Number of Estimated Parameters { p(~effort)Psi(~HAiFLS_al2 + Cross_Cat) } = 5          
 DEVIANCE { p(~effort)Psi(~HAiFLS_al2 + Cross_Cat) } = 377.63665                     
 DEVIANCE Degrees of Freedom { p(~effort)Psi(~HAiFLS_al2 + Cross_Cat) } = 133            
 c-hat { p(~effort)Psi(~HAiFLS_al2 + Cross_Cat) } = 2.8393733                     
 AIC { p(~effort)Psi(~HAiFLS_al2 + Cross_Cat) } = 387.63665                  
 AICc { p(~effort)Psi(~HAiFLS_al2 + Cross_Cat) } = 388.09119                    
 BIC { p(~effort)Psi(~HAiFLS_al2 + Cross_Cat) } = 402.27292                    
 Pearson Chisquare { p(~effort)Psi(~HAiFLS_al2 + Cross_Cat) } = 1348.1139                  

  Program  MARK  - Survival Rate Estimation with Capture-Recapture Data
   gfortran(dble) Vers. 9.0 Mar 2018    18-Dec-2019 13:09:44    Page  003
 - - - - - - - - - - - - - - - - - - - - - - - - - - - - - - - - - - - - - -
 


          LOGIT Link Function Parameters of { p(~effort)Psi(~HAiFLS_al2 + Cross_Cat) }
                                                              95% Confidence Interval
 Parameter                    Beta         Standard Error      Lower           Upper
 -------------------------  --------------  --------------  --------------  --------------
    1:p:(Intercept)          0.7138146       0.3800306      -0.0310453       1.4586746    
    2:p:effort               0.8283571E-03   0.3860912E-03   0.7161833E-04   0.0015851    
    3:Psi:(Intercept)        1.3864081       0.4221103       0.5590719       2.2137442    
    4:Psi:HAiFLS_al2        -0.2321132E-03   0.6285385E-04  -0.3553068E-03  -0.1089197E-03
    5:Psi:Cross_Cat          0.0206351       0.0221997      -0.0228762       0.0641465    


          Real Function Parameters of { p(~effort)Psi(~HAiFLS_al2 + Cross_Cat) }

      Following estimates based on unstandardized individual covariate values:
          Variable   Value         
          ---------  ------------- 
          EFFORT1     906.23188    
          EFFORT2     834.18841    
          EFFORT3     818.18116    
          HAIFLS_AL2  5578.3218    
          CROSS_CAT   5.6956522    
                                                               95% Confidence Interval
  Parameter                  Estimate       Standard Error      Lower           Upper
 --------------------------  --------------  --------------  --------------  --------------
     1:p g1 a0 t1             0.8122197       0.0287638       0.7492954       0.8622540                          
     2:p g1 a1 t2             0.8029477       0.0297114       0.7382258       0.8548147                          
     3:p g1 a2 t3             0.8008413       0.0300107       0.7355109       0.8532543                          
     4:Psi g1 a0 t1           0.5520944       0.0465022       0.4602237       0.6405414                          


                      Estimates of Derived Parameters
    Occupancy Estimates of { p(~effort)Psi(~HAiFLS_al2 + Cross_Cat) }
                                            95% Confidence Interval
 Group   Psi-hat         Standard Error      Lower           Upper
 -----   --------------  --------------  --------------  --------------
   1      0.5520944       0.0465022       0.4602237       0.6405414    

   CPU Time for the last procedure was 0.09 seconds.     

  Program  MARK  - Survival Rate Estimation with Capture-Recapture Data
   gfortran(dble) Vers. 9.0 Mar 2018    18-Dec-2019 13:09:44    Page  004
 - - - - - - - - - - - - - - - - - - - - - - - - - - - - - - - - - - - - - -
 


  INPUT --- proc stop;

     CPU Time in minutes for this job was 0.00

     Time Start = 13:09:44.193   Time End = 13:09:44.386

     Wall Clock Time in minutes for this job was 0.00


          E X E C U T I O N   S U C C E S S F U L 
