
   Program  MARK  - Survival Rate Estimation with Capture-Recapture Data
   gfortran(dble) Vers. 9.0 Mar 2018    18-Dec-2019 13:12:57    Page  001
 - - - - - - - - - - - - - - - - - - - - - - - - - - - - - - - - - - - - - -
 
   This version was compiled by GCC version 7.2.0 using the options: 
     -cpp -iprefix C:/Program Files/mingw-w64/x86_64-7.2.0-posix-seh-rt_v5-rev1/
     mingw64/bin/../lib/gcc/x86_64-w64-mingw32/7.2.0/ -D_MT -D_REENTRANT
     -U_REENTRANT -D IEEE -D DBLEPRECISION -m64 -mtune=core2 -march=nocona -mthreads
     -O2 -fimplicit-none -fbounds-check -funroll-loops -ftree-vectorize
     -ffpe-summary=invalid,zero,overflow,underflow -fno-unsafe-math-optimizations
     -frounding-math -fsignaling-nans -fopenmp.

   This problem will use 7 of 8 possible threads.


  INPUT --- proc title ;

   CPU Time for the last procedure was 0.01 seconds.     


  INPUT --- proc chmatrix occasions= 3 groups= 1 etype= Occupancy 
  INPUT --- Nodes= 101 icovar = 5 ICMeans  NoHist hist= 138 ;

  INPUT ---    time interval 1 1 1 ;

  INPUT ---     icovariates effort1 effort2 effort3 HAiFLS_for Cross_Cat  ;

  INPUT ---    glabel(1)=freq1;

      Number of unique encounter histories read was 138.

      Number of individual covariates read was 5.
      Time interval lengths are all equal to 1.

      Data type number is 27
      Data type is Occupancy Estimation with Detection < 1                                                             

   CPU Time for the last procedure was 0.02 seconds.     

  Program  MARK  - Survival Rate Estimation with Capture-Recapture Data
   gfortran(dble) Vers. 9.0 Mar 2018    18-Dec-2019 13:12:57    Page  002
 - - - - - - - - - - - - - - - - - - - - - - - - - - - - - - - - - - - - - -
 


  INPUT --- proc estimate link=Logit NOLOOP varest=2ndPart    ;


  INPUT --- model={ p(~effort)Psi(~HAiFLS_for + Cross_Cat) };

  INPUT ---    group=1 p    rows=1 cols=3 Square ;
  INPUT ---        1 2 3 ;

  INPUT ---    group=1 Psi    rows=1 cols=1 Square ;
  INPUT ---        4 ;

  INPUT ---    design matrix constraints=4 covariates=5;
  INPUT ---        1 effort1 0 0 0;
  INPUT ---        1 effort2 0 0 0;
  INPUT ---        1 effort3 0 0 0;
  INPUT ---        0 0 1 HAiFLS_for Cross_Cat;
  INPUT ---       blabel(1)=p:(Intercept);
  INPUT ---       blabel(2)=p:effort;
  INPUT ---       blabel(3)=Psi:(Intercept);
  INPUT ---       blabel(4)=Psi:HAiFLS_for;
  INPUT ---       blabel(5)=Psi:Cross_Cat;
  INPUT ---       rlabel(1)=p g1 a0 t1;
  INPUT ---       rlabel(2)=p g1 a1 t2;
  INPUT ---       rlabel(3)=p g1 a2 t3;
  INPUT ---       rlabel(4)=Psi g1 a0 t1;

 Link Function Used is LOGIT        

 Variance Estimation Procedure Used is 2ndPart 
 -2logL(saturated) = 0.0000000     
 Effective Sample Size = 138

 Number of function evaluations was 15 for 5 parameters.
 Time for numerical optimization was 0.01 seconds.     
 -2logL { p(~effort)Psi(~HAiFLS_for + Cross_Cat) } = 381.19086     
 Penalty { p(~effort)Psi(~HAiFLS_for + Cross_Cat) } = 0.0000000     
 Gradient { p(~effort)Psi(~HAiFLS_for + Cross_Cat) }:
 -0.4421274E-05   0.000000       0.000000     -0.1125680E-05  0.1425910E-05
 Maximum ABS(G) { p(~effort)Psi(~HAiFLS_for + Cross_Cat) } = 0.4421274E-05 
 S Vector { p(~effort)Psi(~HAiFLS_for + Cross_Cat) }:
   33.68523      28.46638      1.827429     0.4112930     0.3732622    
 Time to compute number of parameters was 0.01 seconds.     
 Ratio Threshold = 50.000000       Max Gap (2/3) = 15.577282       Next Max Gap (3/4) = 4.4431319     
 Gap Method for Num. of Estimated Parameters { p(~effort)Psi(~HAiFLS_for + Cross_Cat) } = 5          
 Threshold { p(~effort)Psi(~HAiFLS_for + Cross_Cat) } = 0.8842547E-05                 
 Numerical Threshold Method for Num. of Estimated Parameters { p(~effort)Psi(~HAiFLS_for + Cross_Cat) } = 5          
 Number of Estimated Parameters { p(~effort)Psi(~HAiFLS_for + Cross_Cat) } = 5          
 DEVIANCE { p(~effort)Psi(~HAiFLS_for + Cross_Cat) } = 381.19086                     
 DEVIANCE Degrees of Freedom { p(~effort)Psi(~HAiFLS_for + Cross_Cat) } = 133            
 c-hat { p(~effort)Psi(~HAiFLS_for + Cross_Cat) } = 2.8660967                     
 AIC { p(~effort)Psi(~HAiFLS_for + Cross_Cat) } = 391.19086                  
 AICc { p(~effort)Psi(~HAiFLS_for + Cross_Cat) } = 391.64540                    
 BIC { p(~effort)Psi(~HAiFLS_for + Cross_Cat) } = 405.82713                    
 Pearson Chisquare { p(~effort)Psi(~HAiFLS_for + Cross_Cat) } = 1398.1529                  

  Program  MARK  - Survival Rate Estimation with Capture-Recapture Data
   gfortran(dble) Vers. 9.0 Mar 2018    18-Dec-2019 13:12:57    Page  003
 - - - - - - - - - - - - - - - - - - - - - - - - - - - - - - - - - - - - - -
 


          LOGIT Link Function Parameters of { p(~effort)Psi(~HAiFLS_for + Cross_Cat) }
                                                              95% Confidence Interval
 Parameter                    Beta         Standard Error      Lower           Upper
 -------------------------  --------------  --------------  --------------  --------------
    1:p:(Intercept)          0.7256101       0.3764732      -0.0122774       1.4634976    
    2:p:effort               0.8183230E-03   0.3834059E-03   0.6684747E-04   0.0015698    
    3:Psi:(Intercept)       -0.5502728       0.2962488      -1.1309205       0.0303750    
    4:Psi:HAiFLS_for         0.0239163       0.0074776       0.0092603       0.0385723    
    5:Psi:Cross_Cat          0.0232677       0.0223833      -0.0206037       0.0671390    


          Real Function Parameters of { p(~effort)Psi(~HAiFLS_for + Cross_Cat) }

      Following estimates based on unstandardized individual covariate values:
          Variable   Value         
          ---------  ------------- 
          EFFORT1     906.23188    
          EFFORT2     834.18841    
          EFFORT3     818.18116    
          HAIFLS_FOR  26.272482    
          CROSS_CAT   5.6956522    
                                                               95% Confidence Interval
  Parameter                  Estimate       Standard Error      Lower           Upper
 --------------------------  --------------  --------------  --------------  --------------
     1:p g1 a0 t1             0.8126315       0.0286527       0.7499539       0.8624790                          
     2:p g1 a1 t2             0.8034891       0.0295519       0.7391215       0.8550888                          
     3:p g1 a2 t3             0.8014126       0.0298389       0.7364637       0.8535381                          
     4:Psi g1 a0 t1           0.5524545       0.0458950       0.4617678       0.6397810                          


                      Estimates of Derived Parameters
    Occupancy Estimates of { p(~effort)Psi(~HAiFLS_for + Cross_Cat) }
                                            95% Confidence Interval
 Group   Psi-hat         Standard Error      Lower           Upper
 -----   --------------  --------------  --------------  --------------
   1      0.5524545       0.0458950       0.4617678       0.6397810    

   CPU Time for the last procedure was 0.01 seconds.     

  Program  MARK  - Survival Rate Estimation with Capture-Recapture Data
   gfortran(dble) Vers. 9.0 Mar 2018    18-Dec-2019 13:12:57    Page  004
 - - - - - - - - - - - - - - - - - - - - - - - - - - - - - - - - - - - - - -
 


  INPUT --- proc stop;

     CPU Time in minutes for this job was 0.00

     Time Start = 13:12:57.706   Time End = 13:12:57.865

     Wall Clock Time in minutes for this job was 0.00


          E X E C U T I O N   S U C C E S S F U L 
