
   Program  MARK  - Survival Rate Estimation with Capture-Recapture Data
   gfortran(dble) Vers. 9.0 Mar 2018    18-Dec-2019 13:13:04    Page  001
 - - - - - - - - - - - - - - - - - - - - - - - - - - - - - - - - - - - - - -
 
   This version was compiled by GCC version 7.2.0 using the options: 
     -cpp -iprefix C:/Program Files/mingw-w64/x86_64-7.2.0-posix-seh-rt_v5-rev1/
     mingw64/bin/../lib/gcc/x86_64-w64-mingw32/7.2.0/ -D_MT -D_REENTRANT
     -U_REENTRANT -D IEEE -D DBLEPRECISION -m64 -mtune=core2 -march=nocona -mthreads
     -O2 -fimplicit-none -fbounds-check -funroll-loops -ftree-vectorize
     -ffpe-summary=invalid,zero,overflow,underflow -fno-unsafe-math-optimizations
     -frounding-math -fsignaling-nans -fopenmp.

   This problem will use 7 of 8 possible threads.


  INPUT --- proc title ;

   CPU Time for the last procedure was 0.01 seconds.     


  INPUT --- proc chmatrix occasions= 3 groups= 1 etype= Occupancy 
  INPUT --- Nodes= 101 icovar = 4 ICMeans  NoHist hist= 138 ;

  INPUT ---    time interval 1 1 1 ;

  INPUT ---     icovariates HAiFLS_nat Area_km2 AvgSlope Cross_Cat ;

  INPUT ---    glabel(1)=freq1;

      Number of unique encounter histories read was 138.

      Number of individual covariates read was 4.
      Time interval lengths are all equal to 1.

      Data type number is 27
      Data type is Occupancy Estimation with Detection < 1                                                             

   CPU Time for the last procedure was 0.02 seconds.     

  Program  MARK  - Survival Rate Estimation with Capture-Recapture Data
   gfortran(dble) Vers. 9.0 Mar 2018    18-Dec-2019 13:13:04    Page  002
 - - - - - - - - - - - - - - - - - - - - - - - - - - - - - - - - - - - - - -
 


  INPUT --- proc estimate link=Logit NOLOOP varest=2ndPart    ;


  INPUT --- model={ p(~1)Psi(~HAiFLS_nat + Area_km2 + AvgSlope + 
  INPUT --- Cross_Cat) };

  INPUT ---    group=1 p    rows=1 cols=3 Square ;
  INPUT ---        1 1 1 ;

  INPUT ---    group=1 Psi    rows=1 cols=1 Square ;
  INPUT ---        2 ;

  INPUT ---    design matrix constraints=2 covariates=6;
  INPUT ---        1 0 0 0 0 0;
  INPUT ---        0 1 HAiFLS_nat Area_km2 AvgSlope Cross_Cat;
  INPUT ---       blabel(1)=p:(Intercept);
  INPUT ---       blabel(2)=Psi:(Intercept);
  INPUT ---       blabel(3)=Psi:HAiFLS_nat;
  INPUT ---       blabel(4)=Psi:Area_km2;
  INPUT ---       blabel(5)=Psi:AvgSlope;
  INPUT ---       blabel(6)=Psi:Cross_Cat;
  INPUT ---       rlabel(1)=p g1 a0 t1;
  INPUT ---       rlabel(2)=Psi g1 a0 t1;

 Link Function Used is LOGIT        

 Variance Estimation Procedure Used is 2ndPart 
 -2logL(saturated) = 0.0000000     
 Effective Sample Size = 138

 Number of function evaluations was 20 for 6 parameters.
 Time for numerical optimization was 0.05 seconds.     
 -2logL { p(~1)Psi(~HAiFLS_nat + Area_km2 + AvgSlope + Cross_Cat) } = 379.13484     
 Penalty { p(~1)Psi(~HAiFLS_nat + Area_km2 + AvgSlope + Cross_Cat) } = 0.0000000     
 Gradient { p(~1)Psi(~HAiFLS_nat + Area_km2 + AvgSlope + Cross_Cat) }:
  0.1539654E-05  0.1780645E-05  0.1485726E-05  0.3893071E-06  0.2492593E-05
  0.4432353E-06
 Maximum ABS(G) { p(~1)Psi(~HAiFLS_nat + Area_km2 + AvgSlope + Cross_Cat) } = 0.2492593E-05 
 S Vector { p(~1)Psi(~HAiFLS_nat + Area_km2 + AvgSlope + Cross_Cat) }:
   34.36435      30.30442      2.076181     0.8554609     0.4802004    
  0.4445666E-01
 Time to compute number of parameters was 0.01 seconds.     
 Ratio Threshold = 50.000000       Max Gap (2/3) = 14.596229       Next Max Gap (5/6) = 10.801540     
 Gap Method for Num. of Estimated Parameters { p(~1)Psi(~HAiFLS_nat + Area_km2 + AvgSlope + Cross_Cat) } = 6          
 Threshold { p(~1)Psi(~HAiFLS_nat + Area_km2 + AvgSlope + Cross_Cat) } = 0.4985187E-05                 
 Numerical Threshold Method for Num. of Estimated Parameters { p(~1)Psi(~HAiFLS_nat + Area_km2 + AvgSlope + Cross_Cat) } = 6          
 Number of Estimated Parameters { p(~1)Psi(~HAiFLS_nat + Area_km2 + AvgSlope + Cross_Cat) } = 6          
 DEVIANCE { p(~1)Psi(~HAiFLS_nat + Area_km2 + AvgSlope + Cross_Cat) } = 379.13484                     
 DEVIANCE Degrees of Freedom { p(~1)Psi(~HAiFLS_nat + Area_km2 + AvgSlope + Cross_Cat) } = 132            
 c-hat { p(~1)Psi(~HAiFLS_nat + Area_km2 + AvgSlope + Cross_Cat) } = 2.8722336                     
 AIC { p(~1)Psi(~HAiFLS_nat + Area_km2 + AvgSlope + Cross_Cat) } = 391.13484                  
 AICc { p(~1)Psi(~HAiFLS_nat + Area_km2 + AvgSlope + Cross_Cat) } = 391.77606                    
 BIC { p(~1)Psi(~HAiFLS_nat + Area_km2 + AvgSlope + Cross_Cat) } = 408.69836                    
 Pearson Chisquare { p(~1)Psi(~HAiFLS_nat + Area_km2 + AvgSlope + Cross_Cat) } = 1181.0474                  

  Program  MARK  - Survival Rate Estimation with Capture-Recapture Data
   gfortran(dble) Vers. 9.0 Mar 2018    18-Dec-2019 13:13:04    Page  003
 - - - - - - - - - - - - - - - - - - - - - - - - - - - - - - - - - - - - - -
 


 LOGIT Link Function Parameters of { p(~1)Psi(~HAiFLS_nat + Area_km2 + AvgSlope + Cross_Cat) }
                                                              95% Confidence Interval
 Parameter                    Beta         Standard Error      Lower           Upper
 -------------------------  --------------  --------------  --------------  --------------
    1:p:(Intercept)          1.4776328       0.1803188       1.1242081       1.8310576    
    2:Psi:(Intercept)       -1.1423118       0.4350141      -1.9949394      -0.2896842    
    3:Psi:HAiFLS_nat         0.0156943       0.0070765       0.0018243       0.0295642    
    4:Psi:Area_km2           0.1728988       0.0637700       0.0479097       0.2978880    
    5:Psi:AvgSlope           0.0093457       0.0242680      -0.0382195       0.0569110    
    6:Psi:Cross_Cat         -0.1056456       0.0503447      -0.2043212      -0.0069700    


 Real Function Parameters of { p(~1)Psi(~HAiFLS_nat + Area_km2 + AvgSlope + Cross_Cat) }

      Following estimates based on unstandardized individual covariate values:
          Variable   Value         
          ---------  ------------- 
          HAIFLS_NAT  30.404180    
          AREA_KM2    7.8085664    
          AVGSLOPE    12.952003    
          CROSS_CAT   5.6956522    
                                                               95% Confidence Interval
  Parameter                  Estimate       Standard Error      Lower           Upper
 --------------------------  --------------  --------------  --------------  --------------
     1:p g1 a0 t1             0.8142148       0.0272767       0.7547684       0.8618877                          
     2:Psi g1 a0 t1           0.5508924       0.0464200       0.4592243       0.6392292                          


                      Estimates of Derived Parameters
 Occupancy Estimates of { p(~1)Psi(~HAiFLS_nat + Area_km2 + AvgSlope + Cross_Cat) }
                                            95% Confidence Interval
 Group   Psi-hat         Standard Error      Lower           Upper
 -----   --------------  --------------  --------------  --------------
   1      0.5508924       0.0464200       0.4592243       0.6392292    

   CPU Time for the last procedure was 0.05 seconds.     

  Program  MARK  - Survival Rate Estimation with Capture-Recapture Data
   gfortran(dble) Vers. 9.0 Mar 2018    18-Dec-2019 13:13:04    Page  004
 - - - - - - - - - - - - - - - - - - - - - - - - - - - - - - - - - - - - - -
 


  INPUT --- proc stop;

     CPU Time in minutes for this job was 0.00

     Time Start = 13:13:04.176   Time End = 13:13:04.348

     Wall Clock Time in minutes for this job was 0.00


          E X E C U T I O N   S U C C E S S F U L 
