
   Program  MARK  - Survival Rate Estimation with Capture-Recapture Data
   gfortran(dble) Vers. 9.0 Mar 2018    19-Dec-2019 22:40:25    Page  001
 - - - - - - - - - - - - - - - - - - - - - - - - - - - - - - - - - - - - - -
 
   This version was compiled by GCC version 7.2.0 using the options: 
     -cpp -iprefix C:/Program Files/mingw-w64/x86_64-7.2.0-posix-seh-rt_v5-rev1/
     mingw64/bin/../lib/gcc/x86_64-w64-mingw32/7.2.0/ -D_MT -D_REENTRANT
     -U_REENTRANT -D IEEE -D DBLEPRECISION -m64 -mtune=core2 -march=nocona -mthreads
     -O2 -fimplicit-none -fbounds-check -funroll-loops -ftree-vectorize
     -ffpe-summary=invalid,zero,overflow,underflow -fno-unsafe-math-optimizations
     -frounding-math -fsignaling-nans -fopenmp.

   This problem will use 7 of 8 possible threads.


  INPUT --- proc title ;

   CPU Time for the last procedure was 0.01 seconds.     


  INPUT --- proc chmatrix occasions= 3 groups= 1 etype= Occupancy 
  INPUT --- Nodes= 101 icovar = 10 ICMeans  NoHist hist= 138 ;

  INPUT ---    time interval 1 1 1 ;

  INPUT ---     icovariates effort1 effort2 effort3 MEANT2 avdep mFlow  
  INPUT ---    pctpool pctBrBnk HAiFLS_for Area_km2 ;

  INPUT ---    glabel(1)=freq1;

      Number of unique encounter histories read was 138.

      Number of individual covariates read was 10.
      Time interval lengths are all equal to 1.

      Data type number is 27
      Data type is Occupancy Estimation with Detection < 1                                                             

   CPU Time for the last procedure was 0.02 seconds.     

  Program  MARK  - Survival Rate Estimation with Capture-Recapture Data
   gfortran(dble) Vers. 9.0 Mar 2018    19-Dec-2019 22:40:25    Page  002
 - - - - - - - - - - - - - - - - - - - - - - - - - - - - - - - - - - - - - -
 


  INPUT --- proc estimate link=Logit NOLOOP varest=2ndPart    ;


  INPUT --- model={ p(~effort)Psi(~MEANT2 + avdep + mFlow + pctpool + 
  INPUT --- pctBrBnk + HAiFLS_for + Area_km2) };

  INPUT ---    group=1 p    rows=1 cols=3 Square ;
  INPUT ---        1 2 3 ;

  INPUT ---    group=1 Psi    rows=1 cols=1 Square ;
  INPUT ---        4 ;

  INPUT ---    design matrix constraints=4 covariates=10;
  INPUT ---        1 effort1 0 0 0 0 0 0 0 0;
  INPUT ---        1 effort2 0 0 0 0 0 0 0 0;
  INPUT ---        1 effort3 0 0 0 0 0 0 0 0;
  INPUT ---        0 0 1 MEANT2 avdep mFlow pctpool pctBrBnk HAiFLS_for 
  INPUT ---       Area_km2;
  INPUT ---       blabel(1)=p:(Intercept);
  INPUT ---       blabel(2)=p:effort;
  INPUT ---       blabel(3)=Psi:(Intercept);
  INPUT ---       blabel(4)=Psi:MEANT2;
  INPUT ---       blabel(5)=Psi:avdep;
  INPUT ---       blabel(6)=Psi:mFlow;
  INPUT ---       blabel(7)=Psi:pctpool;
  INPUT ---       blabel(8)=Psi:pctBrBnk;
  INPUT ---       blabel(9)=Psi:HAiFLS_for;
  INPUT ---       blabel(10)=Psi:Area_km2;
  INPUT ---       rlabel(1)=p g1 a0 t1;
  INPUT ---       rlabel(2)=p g1 a1 t2;
  INPUT ---       rlabel(3)=p g1 a2 t3;
  INPUT ---       rlabel(4)=Psi g1 a0 t1;

 Link Function Used is LOGIT        

 Variance Estimation Procedure Used is 2ndPart 
 -2logL(saturated) = 0.0000000     
 Effective Sample Size = 138

 Number of function evaluations was 28 for 10 parameters.
 Time for numerical optimization was 0.12 seconds.     

  Program  MARK  - Survival Rate Estimation with Capture-Recapture Data
   gfortran(dble) Vers. 9.0 Mar 2018    19-Dec-2019 22:40:25    Page  003
 - - - - - - - - - - - - - - - - - - - - - - - - - - - - - - - - - - - - - -
 
 -2logL { p(~effort)Psi(~MEANT2 + avdep + mFlow + pctpool + pctBrBnk + HAiFLS_for + Area_km2) } = 360.89667     
 Penalty { p(~effort)Psi(~MEANT2 + avdep + mFlow + pctpool + pctBrBnk + HAiFLS_for + Area_km2) } = 0.0000000     
 Gradient { p(~effort)Psi(~MEANT2 + avdep + mFlow + pctpool + pctBrBnk + HAiFLS_for + Area_km2) }:
   0.000000       0.000000      0.8817760E-06  0.2828387E-05   0.000000    
   0.000000      0.7841723E-06  0.1796624E-05   0.000000      0.1529623E-05
 Maximum ABS(G) { p(~effort)Psi(~MEANT2 + avdep + mFlow + pctpool + pctBrBnk + HAiFLS_for + Area_km2) } = 0.2828387E-05 
 S Vector { p(~effort)Psi(~MEANT2 + avdep + mFlow + pctpool + pctBrBnk + HAiFLS_for + Area_km2) }:
   43.32999      31.34389      1.674863      1.205558     0.7232611    
  0.4653808     0.4159242     0.2733209     0.1340804     0.2190116E-01
 Time to compute number of parameters was 0.11 seconds.     
 Ratio Threshold = 50.000000       Max Gap (2/3) = 18.714302       Next Max Gap (9/10) = 6.1220702     
 Gap Method for Num. of Estimated Parameters { p(~effort)Psi(~MEANT2 + avdep + mFlow + pctpool + pctBrBnk + HAiFLS_for + Area_km2) } = 10          
 Threshold { p(~effort)Psi(~MEANT2 + avdep + mFlow + pctpool + pctBrBnk + HAiFLS_for + Area_km2) } = 0.5656773E-05                 
 Numerical Threshold Method for Num. of Estimated Parameters { p(~effort)Psi(~MEANT2 + avdep + mFlow + pctpool + pctBrBnk + HAiFLS_for + Area_km2) } = 10          
 Number of Estimated Parameters { p(~effort)Psi(~MEANT2 + avdep + mFlow + pctpool + pctBrBnk + HAiFLS_for + Area_km2) } = 10          
 DEVIANCE { p(~effort)Psi(~MEANT2 + avdep + mFlow + pctpool + pctBrBnk + HAiFLS_for + Area_km2) } = 360.89667                     
 DEVIANCE Degrees of Freedom { p(~effort)Psi(~MEANT2 + avdep + mFlow + pctpool + pctBrBnk + HAiFLS_for + Area_km2) } = 128            
 c-hat { p(~effort)Psi(~MEANT2 + avdep + mFlow + pctpool + pctBrBnk + HAiFLS_for + Area_km2) } = 2.8195052                     
 AIC { p(~effort)Psi(~MEANT2 + avdep + mFlow + pctpool + pctBrBnk + HAiFLS_for + Area_km2) } = 380.89667                  
 AICc { p(~effort)Psi(~MEANT2 + avdep + mFlow + pctpool + pctBrBnk + HAiFLS_for + Area_km2) } = 382.62895                    
 BIC { p(~effort)Psi(~MEANT2 + avdep + mFlow + pctpool + pctBrBnk + HAiFLS_for + Area_km2) } = 410.16920                    
 Pearson Chisquare { p(~effort)Psi(~MEANT2 + avdep + mFlow + pctpool + pctBrBnk + HAiFLS_for + Area_km2) } = 1280.5669                  


 LOGIT Link Function Parameters of { p(~effort)Psi(~MEANT2 + avdep + mFlow + pctpool + pctBrBnk + HAiFLS_for + Area_km2) }
                                                              95% Confidence Interval
 Parameter                    Beta         Standard Error      Lower           Upper
 -------------------------  --------------  --------------  --------------  --------------
    1:p:(Intercept)          0.5950062       0.3609107      -0.1123787       1.3023911    
    2:p:effort               0.9046277E-03   0.3824883E-03   0.1549506E-03   0.0016543    
    3:Psi:(Intercept)       -3.3261525       1.6009626      -6.4640393      -0.1882657    
    4:Psi:MEANT2            -0.0026402       0.0021811      -0.0069152       0.0016348    
    5:Psi:avdep             -3.4241079       2.6219964      -8.5632209       1.7150052    
    6:Psi:mFlow              13.590280       3.7457009       6.2487065       20.931854    
    7:Psi:pctpool            0.0488162       0.0193099       0.0109687       0.0866637    
    8:Psi:pctBrBnk          -0.3547133       0.3730565      -1.0859040       0.3764774    
    9:Psi:HAiFLS_for         0.0266258       0.0084815       0.0100022       0.0432495    
   10:Psi:Area_km2           0.0783616       0.0373227       0.0052092       0.1515141    


 Real Function Parameters of { p(~effort)Psi(~MEANT2 + avdep + mFlow + pctpool + pctBrBnk + HAiFLS_for + Area_km2) }

  Program  MARK  - Survival Rate Estimation with Capture-Recapture Data
   gfortran(dble) Vers. 9.0 Mar 2018    19-Dec-2019 22:40:25    Page  004
 - - - - - - - - - - - - - - - - - - - - - - - - - - - - - - - - - - - - - -
 

      Following estimates based on unstandardized individual covariate values:
          Variable   Value         
          ---------  ------------- 
          EFFORT1     906.23188    
          EFFORT2     834.18841    
          EFFORT3     818.18116    
          MEANT2      414.61712    
          AVDEP       0.2562426    
          MFLOW       0.2587289    
          PCTPOOL     25.664251    
          PCTBRBNK    0.8740586    
          HAIFLS_FOR  26.272482    
          AREA_KM2    7.8085664    
                                                               95% Confidence Interval
  Parameter                  Estimate       Standard Error      Lower           Upper
 --------------------------  --------------  --------------  --------------  --------------
     1:p g1 a0 t1             0.8045233       0.0290236       0.7413673       0.8552679                          
     2:p g1 a1 t2             0.7940701       0.0296670       0.7298862       0.8462162                          
     3:p g1 a2 t3             0.7916921       0.0298978       0.7270734       0.8442881                          
     4:Psi g1 a0 t1           0.6159035       0.0527889       0.5087066       0.7129107                          


                      Estimates of Derived Parameters
 Occupancy Estimates of { p(~effort)Psi(~MEANT2 + avdep + mFlow + pctpool + pctBrBnk + HAiFLS_for + Area_km2) }
                                            95% Confidence Interval
 Group   Psi-hat         Standard Error      Lower           Upper
 -----   --------------  --------------  --------------  --------------
   1      0.6159035       0.0527889       0.5087066       0.7129107    

   CPU Time for the last procedure was 0.23 seconds.     

  Program  MARK  - Survival Rate Estimation with Capture-Recapture Data
   gfortran(dble) Vers. 9.0 Mar 2018    19-Dec-2019 22:40:25    Page  005
 - - - - - - - - - - - - - - - - - - - - - - - - - - - - - - - - - - - - - -
 


  INPUT --- proc stop;

     CPU Time in minutes for this job was 0.00

     Time Start = 22:40:25.049   Time End = 22:40:25.240

     Wall Clock Time in minutes for this job was 0.00


          E X E C U T I O N   S U C C E S S F U L 
