
   Program  MARK  - Survival Rate Estimation with Capture-Recapture Data
   gfortran(dble) Vers. 9.0 Mar 2018    19-Dec-2019 22:40:18    Page  001
 - - - - - - - - - - - - - - - - - - - - - - - - - - - - - - - - - - - - - -
 
   This version was compiled by GCC version 7.2.0 using the options: 
     -cpp -iprefix C:/Program Files/mingw-w64/x86_64-7.2.0-posix-seh-rt_v5-rev1/
     mingw64/bin/../lib/gcc/x86_64-w64-mingw32/7.2.0/ -D_MT -D_REENTRANT
     -U_REENTRANT -D IEEE -D DBLEPRECISION -m64 -mtune=core2 -march=nocona -mthreads
     -O2 -fimplicit-none -fbounds-check -funroll-loops -ftree-vectorize
     -ffpe-summary=invalid,zero,overflow,underflow -fno-unsafe-math-optimizations
     -frounding-math -fsignaling-nans -fopenmp.

   This problem will use 7 of 8 possible threads.


  INPUT --- proc title ;

   CPU Time for the last procedure was 0.01 seconds.     


  INPUT --- proc chmatrix occasions= 3 groups= 1 etype= Occupancy 
  INPUT --- Nodes= 101 icovar = 5 ICMeans  NoHist hist= 138 ;

  INPUT ---    time interval 1 1 1 ;

  INPUT ---     icovariates MEANT2 avdep mFlow pctpool pctBrBnk ;

  INPUT ---    glabel(1)=freq1;

      Number of unique encounter histories read was 138.

      Number of individual covariates read was 5.
      Time interval lengths are all equal to 1.

      Data type number is 27
      Data type is Occupancy Estimation with Detection < 1                                                             

   CPU Time for the last procedure was 0.01 seconds.     

  Program  MARK  - Survival Rate Estimation with Capture-Recapture Data
   gfortran(dble) Vers. 9.0 Mar 2018    19-Dec-2019 22:40:18    Page  002
 - - - - - - - - - - - - - - - - - - - - - - - - - - - - - - - - - - - - - -
 


  INPUT --- proc estimate link=Logit NOLOOP varest=2ndPart    ;


  INPUT --- model={ p(~1)Psi(~MEANT2 + avdep + mFlow + pctpool + 
  INPUT --- pctBrBnk) };

  INPUT ---    group=1 p    rows=1 cols=3 Square ;
  INPUT ---        1 1 1 ;

  INPUT ---    group=1 Psi    rows=1 cols=1 Square ;
  INPUT ---        2 ;

  INPUT ---    design matrix constraints=2 covariates=7;
  INPUT ---        1 0 0 0 0 0 0;
  INPUT ---        0 1 MEANT2 avdep mFlow pctpool pctBrBnk;
  INPUT ---       blabel(1)=p:(Intercept);
  INPUT ---       blabel(2)=Psi:(Intercept);
  INPUT ---       blabel(3)=Psi:MEANT2;
  INPUT ---       blabel(4)=Psi:avdep;
  INPUT ---       blabel(5)=Psi:mFlow;
  INPUT ---       blabel(6)=Psi:pctpool;
  INPUT ---       blabel(7)=Psi:pctBrBnk;
  INPUT ---       rlabel(1)=p g1 a0 t1;
  INPUT ---       rlabel(2)=Psi g1 a0 t1;

 Link Function Used is LOGIT        

 Variance Estimation Procedure Used is 2ndPart 
 -2logL(saturated) = 0.0000000     
 Effective Sample Size = 138

 Number of function evaluations was 31 for 7 parameters.
 Time for numerical optimization was 0.02 seconds.     
 -2logL { p(~1)Psi(~MEANT2 + avdep + mFlow + pctpool + pctBrBnk) } = 386.20493     
 Penalty { p(~1)Psi(~MEANT2 + avdep + mFlow + pctpool + pctBrBnk) } = 0.0000000     
 Gradient { p(~1)Psi(~MEANT2 + avdep + mFlow + pctpool + pctBrBnk) }:
  0.1588838E-05   0.000000       0.000000       0.000000      0.1758425E-06
   0.000000       0.000000    
 Maximum ABS(G) { p(~1)Psi(~MEANT2 + avdep + mFlow + pctpool + pctBrBnk) } = 0.1588838E-05 
 S Vector { p(~1)Psi(~MEANT2 + avdep + mFlow + pctpool + pctBrBnk) }:
   48.53771      32.27423      1.435640     0.9007914     0.4805102    
  0.1885480     0.2643373E-01
 Time to compute number of parameters was 0.01 seconds.     
 Ratio Threshold = 50.000000       Max Gap (2/3) = 22.480734       Next Max Gap (6/7) = 7.1328575     
 Gap Method for Num. of Estimated Parameters { p(~1)Psi(~MEANT2 + avdep + mFlow + pctpool + pctBrBnk) } = 7          
 Threshold { p(~1)Psi(~MEANT2 + avdep + mFlow + pctpool + pctBrBnk) } = 0.3177676E-05                 
 Numerical Threshold Method for Num. of Estimated Parameters { p(~1)Psi(~MEANT2 + avdep + mFlow + pctpool + pctBrBnk) } = 7          
 Number of Estimated Parameters { p(~1)Psi(~MEANT2 + avdep + mFlow + pctpool + pctBrBnk) } = 7          
 DEVIANCE { p(~1)Psi(~MEANT2 + avdep + mFlow + pctpool + pctBrBnk) } = 386.20493                     
 DEVIANCE Degrees of Freedom { p(~1)Psi(~MEANT2 + avdep + mFlow + pctpool + pctBrBnk) } = 131            
 c-hat { p(~1)Psi(~MEANT2 + avdep + mFlow + pctpool + pctBrBnk) } = 2.9481292                     
 AIC { p(~1)Psi(~MEANT2 + avdep + mFlow + pctpool + pctBrBnk) } = 400.20493                  
 AICc { p(~1)Psi(~MEANT2 + avdep + mFlow + pctpool + pctBrBnk) } = 401.06647                    
 BIC { p(~1)Psi(~MEANT2 + avdep + mFlow + pctpool + pctBrBnk) } = 420.69571                    
 Pearson Chisquare { p(~1)Psi(~MEANT2 + avdep + mFlow + pctpool + pctBrBnk) } = 1268.9290                  

  Program  MARK  - Survival Rate Estimation with Capture-Recapture Data
   gfortran(dble) Vers. 9.0 Mar 2018    19-Dec-2019 22:40:18    Page  003
 - - - - - - - - - - - - - - - - - - - - - - - - - - - - - - - - - - - - - -
 


  LOGIT Link Function Parameters of { p(~1)Psi(~MEANT2 + avdep + mFlow + pctpool + pctBrBnk) }
                                                              95% Confidence Interval
 Parameter                    Beta         Standard Error      Lower           Upper
 -------------------------  --------------  --------------  --------------  --------------
    1:p:(Intercept)          1.4009353       0.1757942       1.0563786       1.7454920    
    2:Psi:(Intercept)       -1.4422642       1.3502070      -4.0886700       1.2041416    
    3:Psi:MEANT2            -0.0037089       0.0020083      -0.0076451       0.2272616E-03
    4:Psi:avdep             -2.5688327       2.3000975      -7.0770238       1.9393584    
    5:Psi:mFlow              11.921557       3.4189669       5.2203816       18.622732    
    6:Psi:pctpool            0.0461789       0.0174619       0.0119535       0.0804043    
    7:Psi:pctBrBnk          -0.2677546       0.3356364      -0.9256020       0.3900929    


  Real Function Parameters of { p(~1)Psi(~MEANT2 + avdep + mFlow + pctpool + pctBrBnk) }

      Following estimates based on unstandardized individual covariate values:
          Variable   Value         
          ---------  ------------- 
          MEANT2      414.61712    
          AVDEP       0.2562426    
          MFLOW       0.2587289    
          PCTPOOL     25.664251    
          PCTBRBNK    0.8740586    
                                                               95% Confidence Interval
  Parameter                  Estimate       Standard Error      Lower           Upper
 --------------------------  --------------  --------------  --------------  --------------
     1:p g1 a0 t1             0.8023323       0.0278801       0.7419979       0.8513833                          
     2:Psi g1 a0 t1           0.5980332       0.0485528       0.5003511       0.6885070                          


                      Estimates of Derived Parameters
 Occupancy Estimates of { p(~1)Psi(~MEANT2 + avdep + mFlow + pctpool + pctBrBnk) }
                                            95% Confidence Interval
 Group   Psi-hat         Standard Error      Lower           Upper
 -----   --------------  --------------  --------------  --------------
   1      0.5980332       0.0485528       0.5003511       0.6885070    

   CPU Time for the last procedure was 0.02 seconds.     

  Program  MARK  - Survival Rate Estimation with Capture-Recapture Data
   gfortran(dble) Vers. 9.0 Mar 2018    19-Dec-2019 22:40:18    Page  004
 - - - - - - - - - - - - - - - - - - - - - - - - - - - - - - - - - - - - - -
 


  INPUT --- proc stop;

     CPU Time in minutes for this job was 0.00

     Time Start = 22:40:18.203   Time End = 22:40:18.432

     Wall Clock Time in minutes for this job was 0.00


          E X E C U T I O N   S U C C E S S F U L 
