
   Program  MARK  - Survival Rate Estimation with Capture-Recapture Data
   gfortran(dble) Vers. 9.0 Mar 2018    18-Dec-2019 13:13:05    Page  001
 - - - - - - - - - - - - - - - - - - - - - - - - - - - - - - - - - - - - - -
 
   This version was compiled by GCC version 7.2.0 using the options: 
     -cpp -iprefix C:/Program Files/mingw-w64/x86_64-7.2.0-posix-seh-rt_v5-rev1/
     mingw64/bin/../lib/gcc/x86_64-w64-mingw32/7.2.0/ -D_MT -D_REENTRANT
     -U_REENTRANT -D IEEE -D DBLEPRECISION -m64 -mtune=core2 -march=nocona -mthreads
     -O2 -fimplicit-none -fbounds-check -funroll-loops -ftree-vectorize
     -ffpe-summary=invalid,zero,overflow,underflow -fno-unsafe-math-optimizations
     -frounding-math -fsignaling-nans -fopenmp.

   This problem will use 7 of 8 possible threads.


  INPUT --- proc title ;

   CPU Time for the last procedure was 0.01 seconds.     


  INPUT --- proc chmatrix occasions= 3 groups= 1 etype= Occupancy 
  INPUT --- Nodes= 101 icovar = 4 ICMeans  NoHist hist= 138 ;

  INPUT ---    time interval 1 1 1 ;

  INPUT ---     icovariates HAiFLS_for Area2 AvgSlope Cross_Cat ;

  INPUT ---    glabel(1)=freq1;

      Number of unique encounter histories read was 138.

      Number of individual covariates read was 4.
      Time interval lengths are all equal to 1.

      Data type number is 27
      Data type is Occupancy Estimation with Detection < 1                                                             

   CPU Time for the last procedure was 0.02 seconds.     

  Program  MARK  - Survival Rate Estimation with Capture-Recapture Data
   gfortran(dble) Vers. 9.0 Mar 2018    18-Dec-2019 13:13:05    Page  002
 - - - - - - - - - - - - - - - - - - - - - - - - - - - - - - - - - - - - - -
 


  INPUT --- proc estimate link=Logit NOLOOP varest=2ndPart    ;


  INPUT --- model={ p(~1)Psi(~HAiFLS_for + Area2 + AvgSlope + 
  INPUT --- Cross_Cat) };

  INPUT ---    group=1 p    rows=1 cols=3 Square ;
  INPUT ---        1 1 1 ;

  INPUT ---    group=1 Psi    rows=1 cols=1 Square ;
  INPUT ---        2 ;

  INPUT ---    design matrix constraints=2 covariates=6;
  INPUT ---        1 0 0 0 0 0;
  INPUT ---        0 1 HAiFLS_for Area2 AvgSlope Cross_Cat;
  INPUT ---       blabel(1)=p:(Intercept);
  INPUT ---       blabel(2)=Psi:(Intercept);
  INPUT ---       blabel(3)=Psi:HAiFLS_for;
  INPUT ---       blabel(4)=Psi:Area2;
  INPUT ---       blabel(5)=Psi:AvgSlope;
  INPUT ---       blabel(6)=Psi:Cross_Cat;
  INPUT ---       rlabel(1)=p g1 a0 t1;
  INPUT ---       rlabel(2)=Psi g1 a0 t1;

 Link Function Used is LOGIT        

 Variance Estimation Procedure Used is 2ndPart 
 -2logL(saturated) = 0.0000000     
 Effective Sample Size = 138

 Number of function evaluations was 23 for 6 parameters.
 Time for numerical optimization was 0.05 seconds.     
 -2logL { p(~1)Psi(~HAiFLS_for + Area2 + AvgSlope + Cross_Cat) } = 385.65659     
 Penalty { p(~1)Psi(~HAiFLS_for + Area2 + AvgSlope + Cross_Cat) } = 0.0000000     
 Gradient { p(~1)Psi(~HAiFLS_for + Area2 + AvgSlope + Cross_Cat) }:
 -0.3082222E-05  0.4036378E-05  0.1126795E-05  0.1560271E-05 -0.1564669E-05
   0.000000    
 Maximum ABS(G) { p(~1)Psi(~HAiFLS_for + Area2 + AvgSlope + Cross_Cat) } = 0.4036378E-05 
 S Vector { p(~1)Psi(~HAiFLS_for + Area2 + AvgSlope + Cross_Cat) }:
   34.49910      30.16378      1.939212     0.7043810     0.4447636    
  0.4530148E-01
 Time to compute number of parameters was 0.01 seconds.     
 Ratio Threshold = 50.000000       Max Gap (2/3) = 15.554658       Next Max Gap (5/6) = 9.8178604     
 Gap Method for Num. of Estimated Parameters { p(~1)Psi(~HAiFLS_for + Area2 + AvgSlope + Cross_Cat) } = 6          
 Threshold { p(~1)Psi(~HAiFLS_for + Area2 + AvgSlope + Cross_Cat) } = 0.8072756E-05                 
 Numerical Threshold Method for Num. of Estimated Parameters { p(~1)Psi(~HAiFLS_for + Area2 + AvgSlope + Cross_Cat) } = 6          
 Number of Estimated Parameters { p(~1)Psi(~HAiFLS_for + Area2 + AvgSlope + Cross_Cat) } = 6          
 DEVIANCE { p(~1)Psi(~HAiFLS_for + Area2 + AvgSlope + Cross_Cat) } = 385.65659                     
 DEVIANCE Degrees of Freedom { p(~1)Psi(~HAiFLS_for + Area2 + AvgSlope + Cross_Cat) } = 132            
 c-hat { p(~1)Psi(~HAiFLS_for + Area2 + AvgSlope + Cross_Cat) } = 2.9216408                     
 AIC { p(~1)Psi(~HAiFLS_for + Area2 + AvgSlope + Cross_Cat) } = 397.65659                  
 AICc { p(~1)Psi(~HAiFLS_for + Area2 + AvgSlope + Cross_Cat) } = 398.29781                    
 BIC { p(~1)Psi(~HAiFLS_for + Area2 + AvgSlope + Cross_Cat) } = 415.22011                    
 Pearson Chisquare { p(~1)Psi(~HAiFLS_for + Area2 + AvgSlope + Cross_Cat) } = 1201.3916                  

  Program  MARK  - Survival Rate Estimation with Capture-Recapture Data
   gfortran(dble) Vers. 9.0 Mar 2018    18-Dec-2019 13:13:05    Page  003
 - - - - - - - - - - - - - - - - - - - - - - - - - - - - - - - - - - - - - -
 


   LOGIT Link Function Parameters of { p(~1)Psi(~HAiFLS_for + Area2 + AvgSlope + Cross_Cat) }
                                                              95% Confidence Interval
 Parameter                    Beta         Standard Error      Lower           Upper
 -------------------------  --------------  --------------  --------------  --------------
    1:p:(Intercept)          1.4752901       0.1807478       1.1210244       1.8295559    
    2:Psi:(Intercept)       -0.8901585       0.4230785      -1.7193923      -0.0609246    
    3:Psi:HAiFLS_for         0.0238827       0.0075184       0.0091467       0.0386188    
    4:Psi:Area2             -0.5579362E-03   0.0014218      -0.0033446       0.0022287    
    5:Psi:AvgSlope           0.0253376       0.0247133      -0.0231005       0.0737757    
    6:Psi:Cross_Cat          0.0337315       0.0439657      -0.0524413       0.1199043    


   Real Function Parameters of { p(~1)Psi(~HAiFLS_for + Area2 + AvgSlope + Cross_Cat) }

      Following estimates based on unstandardized individual covariate values:
          Variable   Value         
          ---------  ------------- 
          HAIFLS_FOR  26.272482    
          AREA2       112.64471    
          AVGSLOPE    12.952003    
          CROSS_CAT   5.6956522    
                                                               95% Confidence Interval
  Parameter                  Estimate       Standard Error      Lower           Upper
 --------------------------  --------------  --------------  --------------  --------------
     1:p g1 a0 t1             0.8138601       0.0273818       0.7541787       0.8617088                          
     2:Psi g1 a0 t1           0.5485336       0.0453945       0.4589599       0.6350690                          


                      Estimates of Derived Parameters
 Occupancy Estimates of { p(~1)Psi(~HAiFLS_for + Area2 + AvgSlope + Cross_Cat) }
                                            95% Confidence Interval
 Group   Psi-hat         Standard Error      Lower           Upper
 -----   --------------  --------------  --------------  --------------
   1      0.5485336       0.0453945       0.4589599       0.6350690    

   CPU Time for the last procedure was 0.05 seconds.     

  Program  MARK  - Survival Rate Estimation with Capture-Recapture Data
   gfortran(dble) Vers. 9.0 Mar 2018    18-Dec-2019 13:13:05    Page  004
 - - - - - - - - - - - - - - - - - - - - - - - - - - - - - - - - - - - - - -
 


  INPUT --- proc stop;

     CPU Time in minutes for this job was 0.00

     Time Start = 13:13:05.285   Time End = 13:13:05.456

     Wall Clock Time in minutes for this job was 0.00


          E X E C U T I O N   S U C C E S S F U L 
