
   Program  MARK  - Survival Rate Estimation with Capture-Recapture Data
   gfortran(dble) Vers. 9.0 Mar 2018    19-Dec-2019 22:31:49    Page  001
 - - - - - - - - - - - - - - - - - - - - - - - - - - - - - - - - - - - - - -
 
   This version was compiled by GCC version 7.2.0 using the options: 
     -cpp -iprefix C:/Program Files/mingw-w64/x86_64-7.2.0-posix-seh-rt_v5-rev1/
     mingw64/bin/../lib/gcc/x86_64-w64-mingw32/7.2.0/ -D_MT -D_REENTRANT
     -U_REENTRANT -D IEEE -D DBLEPRECISION -m64 -mtune=core2 -march=nocona -mthreads
     -O2 -fimplicit-none -fbounds-check -funroll-loops -ftree-vectorize
     -ffpe-summary=invalid,zero,overflow,underflow -fno-unsafe-math-optimizations
     -frounding-math -fsignaling-nans -fopenmp.

   This problem will use 7 of 8 possible threads.


  INPUT --- proc title ;

   CPU Time for the last procedure was 0.01 seconds.     


  INPUT --- proc chmatrix occasions= 3 groups= 1 etype= Occupancy 
  INPUT --- Nodes= 101 icovar = 7 ICMeans  NoHist hist= 138 ;

  INPUT ---    time interval 1 1 1 ;

  INPUT ---     icovariates MEANT avdep mFlow pctrun pctBrBnk HAiFLS_for  
  INPUT ---    Area_km2 ;

  INPUT ---    glabel(1)=freq1;

      Number of unique encounter histories read was 138.

      Number of individual covariates read was 7.
      Time interval lengths are all equal to 1.

      Data type number is 27
      Data type is Occupancy Estimation with Detection < 1                                                             

   CPU Time for the last procedure was 0.01 seconds.     

  Program  MARK  - Survival Rate Estimation with Capture-Recapture Data
   gfortran(dble) Vers. 9.0 Mar 2018    19-Dec-2019 22:31:49    Page  002
 - - - - - - - - - - - - - - - - - - - - - - - - - - - - - - - - - - - - - -
 


  INPUT --- proc estimate link=Logit NOLOOP varest=2ndPart    ;


  INPUT --- model={ p(~1)Psi(~MEANT + avdep + mFlow + pctrun + pctBrBnk 
  INPUT --- + HAiFLS_for + Area_km2) };

  INPUT ---    group=1 p    rows=1 cols=3 Square ;
  INPUT ---        1 1 1 ;

  INPUT ---    group=1 Psi    rows=1 cols=1 Square ;
  INPUT ---        2 ;

  INPUT ---    design matrix constraints=2 covariates=9;
  INPUT ---        1 0 0 0 0 0 0 0 0;
  INPUT ---        0 1 MEANT avdep mFlow pctrun pctBrBnk HAiFLS_for Area_km2;
  INPUT ---       blabel(1)=p:(Intercept);
  INPUT ---       blabel(2)=Psi:(Intercept);
  INPUT ---       blabel(3)=Psi:MEANT;
  INPUT ---       blabel(4)=Psi:avdep;
  INPUT ---       blabel(5)=Psi:mFlow;
  INPUT ---       blabel(6)=Psi:pctrun;
  INPUT ---       blabel(7)=Psi:pctBrBnk;
  INPUT ---       blabel(8)=Psi:HAiFLS_for;
  INPUT ---       blabel(9)=Psi:Area_km2;
  INPUT ---       rlabel(1)=p g1 a0 t1;
  INPUT ---       rlabel(2)=Psi g1 a0 t1;

 Link Function Used is LOGIT        

 Variance Estimation Procedure Used is 2ndPart 
 -2logL(saturated) = 0.0000000     
 Effective Sample Size = 138

 Number of function evaluations was 29 for 9 parameters.
 Time for numerical optimization was 0.11 seconds.     
 -2logL { p(~1)Psi(~MEANT + avdep + mFlow + pctrun + pctBrBnk + HAiFLS_for + Area_km2) } = 358.71390     
 Penalty { p(~1)Psi(~MEANT + avdep + mFlow + pctrun + pctBrBnk + HAiFLS_for + Area_km2) } = 0.0000000     
 Gradient { p(~1)Psi(~MEANT + avdep + mFlow + pctrun + pctBrBnk + HAiFLS_for + Area_km2) }:
  0.1601959E-05  0.4975506E-05  0.1199605E-05  0.4739953E-05  0.3237084E-06
  0.5751263E-06  0.3110871E-05 -0.1290081E-05  0.7482793E-06
 Maximum ABS(G) { p(~1)Psi(~MEANT + avdep + mFlow + pctrun + pctBrBnk + HAiFLS_for + Area_km2) } = 0.4975506E-05 
 S Vector { p(~1)Psi(~MEANT + avdep + mFlow + pctrun + pctBrBnk + HAiFLS_for + Area_km2) }:
   47.10413      31.37291      1.707480     0.9878894     0.5174989    
  0.2649898     0.1287401     0.8829778E-01 0.2812475E-01
 Time to compute number of parameters was 0.01 seconds.     
 Ratio Threshold = 50.000000       Max Gap (2/3) = 18.373810       Next Max Gap (8/9) = 3.1395044     
 Gap Method for Num. of Estimated Parameters { p(~1)Psi(~MEANT + avdep + mFlow + pctrun + pctBrBnk + HAiFLS_for + Area_km2) } = 9          
 Threshold { p(~1)Psi(~MEANT + avdep + mFlow + pctrun + pctBrBnk + HAiFLS_for + Area_km2) } = 0.9951012E-05                 
 Numerical Threshold Method for Num. of Estimated Parameters { p(~1)Psi(~MEANT + avdep + mFlow + pctrun + pctBrBnk + HAiFLS_for + Area_km2) } = 9          
 Number of Estimated Parameters { p(~1)Psi(~MEANT + avdep + mFlow + pctrun + pctBrBnk + HAiFLS_for + Area_km2) } = 9          
 DEVIANCE { p(~1)Psi(~MEANT + avdep + mFlow + pctrun + pctBrBnk + HAiFLS_for + Area_km2) } = 358.71390                     
 DEVIANCE Degrees of Freedom { p(~1)Psi(~MEANT + avdep + mFlow + pctrun + pctBrBnk + HAiFLS_for + Area_km2) } = 129            
 c-hat { p(~1)Psi(~MEANT + avdep + mFlow + pctrun + pctBrBnk + HAiFLS_for + Area_km2) } = 2.7807279                     
 AIC { p(~1)Psi(~MEANT + avdep + mFlow + pctrun + pctBrBnk + HAiFLS_for + Area_km2) } = 376.71390                  
 AICc { p(~1)Psi(~MEANT + avdep + mFlow + pctrun + pctBrBnk + HAiFLS_for + Area_km2) } = 378.12015                    
 BIC { p(~1)Psi(~MEANT + avdep + mFlow + pctrun + pctBrBnk + HAiFLS_for + Area_km2) } = 403.05918                    
 Pearson Chisquare { p(~1)Psi(~MEANT + avdep + mFlow + pctrun + pctBrBnk + HAiFLS_for + Area_km2) } = 1211.7644                  

  Program  MARK  - Survival Rate Estimation with Capture-Recapture Data
   gfortran(dble) Vers. 9.0 Mar 2018    19-Dec-2019 22:31:49    Page  003
 - - - - - - - - - - - - - - - - - - - - - - - - - - - - - - - - - - - - - -
 


 LOGIT Link Function Parameters of { p(~1)Psi(~MEANT + avdep + mFlow + pctrun + pctBrBnk + HAiFLS_for + Area_km2) }
                                                              95% Confidence Interval
 Parameter                    Beta         Standard Error      Lower           Upper
 -------------------------  --------------  --------------  --------------  --------------
    1:p:(Intercept)          1.3812704       0.1793470       1.0297502       1.7327905    
    2:Psi:(Intercept)        0.5333907       2.1512162      -3.6829932       4.7497745    
    3:Psi:MEANT             -0.0859741       0.0944844      -0.2711635       0.0992154    
    4:Psi:avdep              0.6095928       2.8217255      -4.9209893       6.1401749    
    5:Psi:mFlow              13.001668       3.3583793       6.4192439       19.584091    
    6:Psi:pctrun            -5.6327993       1.6312036      -8.8299583      -2.4356402    
    7:Psi:pctBrBnk          -0.4586826       0.3842527      -1.2118179       0.2944527    
    8:Psi:HAiFLS_for         0.0195927       0.0086460       0.0026465       0.0365388    
    9:Psi:Area_km2           0.0805271       0.0429308      -0.0036173       0.1646714    


 Real Function Parameters of { p(~1)Psi(~MEANT + avdep + mFlow + pctrun + pctBrBnk + HAiFLS_for + Area_km2) }

      Following estimates based on unstandardized individual covariate values:
          Variable   Value         
          ---------  ------------- 
          MEANT       20.182899    
          AVDEP       0.2562426    
          MFLOW       0.2587289    
          PCTRUN      0.4539599    
          PCTBRBNK    0.8740586    
          HAIFLS_FOR  26.272482    
          AREA_KM2    7.8085664    
                                                               95% Confidence Interval
  Parameter                  Estimate       Standard Error      Lower           Upper
 --------------------------  --------------  --------------  --------------  --------------
     1:p g1 a0 t1             0.7991949       0.0287820       0.7368675       0.8497690                          
     2:Psi g1 a0 t1           0.6233672       0.0564370       0.5081785       0.7261176                          


                      Estimates of Derived Parameters
 Occupancy Estimates of { p(~1)Psi(~MEANT + avdep + mFlow + pctrun + pctBrBnk + HAiFLS_for + Area_km2) }
                                            95% Confidence Interval
 Group   Psi-hat         Standard Error      Lower           Upper
 -----   --------------  --------------  --------------  --------------
   1      0.6233672       0.0564370       0.5081785       0.7261176    

   CPU Time for the last procedure was 0.11 seconds.     

  Program  MARK  - Survival Rate Estimation with Capture-Recapture Data
   gfortran(dble) Vers. 9.0 Mar 2018    19-Dec-2019 22:31:49    Page  004
 - - - - - - - - - - - - - - - - - - - - - - - - - - - - - - - - - - - - - -
 


  INPUT --- proc stop;

     CPU Time in minutes for this job was 0.00

     Time Start = 22:31:49.243   Time End = 22:31:49.393

     Wall Clock Time in minutes for this job was 0.00


          E X E C U T I O N   S U C C E S S F U L 
