
   Program  MARK  - Survival Rate Estimation with Capture-Recapture Data
   gfortran(dble) Vers. 9.0 Mar 2018    18-Dec-2019 13:12:59    Page  001
 - - - - - - - - - - - - - - - - - - - - - - - - - - - - - - - - - - - - - -
 
   This version was compiled by GCC version 7.2.0 using the options: 
     -cpp -iprefix C:/Program Files/mingw-w64/x86_64-7.2.0-posix-seh-rt_v5-rev1/
     mingw64/bin/../lib/gcc/x86_64-w64-mingw32/7.2.0/ -D_MT -D_REENTRANT
     -U_REENTRANT -D IEEE -D DBLEPRECISION -m64 -mtune=core2 -march=nocona -mthreads
     -O2 -fimplicit-none -fbounds-check -funroll-loops -ftree-vectorize
     -ffpe-summary=invalid,zero,overflow,underflow -fno-unsafe-math-optimizations
     -frounding-math -fsignaling-nans -fopenmp.

   This problem will use 7 of 8 possible threads.


  INPUT --- proc title ;

   CPU Time for the last procedure was 0.01 seconds.     


  INPUT --- proc chmatrix occasions= 3 groups= 1 etype= Occupancy 
  INPUT --- Nodes= 101 icovar = 6 ICMeans  NoHist hist= 138 ;

  INPUT ---    time interval 1 1 1 ;

  INPUT ---     icovariates effort1 effort2 effort3 HAiFLS_for AvgSlope  
  INPUT ---    Cross_Cat ;

  INPUT ---    glabel(1)=freq1;

      Number of unique encounter histories read was 138.

      Number of individual covariates read was 6.
      Time interval lengths are all equal to 1.

      Data type number is 27
      Data type is Occupancy Estimation with Detection < 1                                                             

   CPU Time for the last procedure was 0.01 seconds.     

  Program  MARK  - Survival Rate Estimation with Capture-Recapture Data
   gfortran(dble) Vers. 9.0 Mar 2018    18-Dec-2019 13:13:00    Page  002
 - - - - - - - - - - - - - - - - - - - - - - - - - - - - - - - - - - - - - -
 


  INPUT --- proc estimate link=Logit NOLOOP varest=2ndPart    ;


  INPUT --- model={ p(~effort)Psi(~HAiFLS_for + AvgSlope + Cross_Cat) };

  INPUT ---    group=1 p    rows=1 cols=3 Square ;
  INPUT ---        1 2 3 ;

  INPUT ---    group=1 Psi    rows=1 cols=1 Square ;
  INPUT ---        4 ;

  INPUT ---    design matrix constraints=4 covariates=6;
  INPUT ---        1 effort1 0 0 0 0;
  INPUT ---        1 effort2 0 0 0 0;
  INPUT ---        1 effort3 0 0 0 0;
  INPUT ---        0 0 1 HAiFLS_for AvgSlope Cross_Cat;
  INPUT ---       blabel(1)=p:(Intercept);
  INPUT ---       blabel(2)=p:effort;
  INPUT ---       blabel(3)=Psi:(Intercept);
  INPUT ---       blabel(4)=Psi:HAiFLS_for;
  INPUT ---       blabel(5)=Psi:AvgSlope;
  INPUT ---       blabel(6)=Psi:Cross_Cat;
  INPUT ---       rlabel(1)=p g1 a0 t1;
  INPUT ---       rlabel(2)=p g1 a1 t2;
  INPUT ---       rlabel(3)=p g1 a2 t3;
  INPUT ---       rlabel(4)=Psi g1 a0 t1;

 Link Function Used is LOGIT        

 Variance Estimation Procedure Used is 2ndPart 
 -2logL(saturated) = 0.0000000     
 Effective Sample Size = 138

 Number of function evaluations was 16 for 6 parameters.
 Time for numerical optimization was 0.01 seconds.     
 -2logL { p(~effort)Psi(~HAiFLS_for + AvgSlope + Cross_Cat) } = 380.10692     
 Penalty { p(~effort)Psi(~HAiFLS_for + AvgSlope + Cross_Cat) } = 0.0000000     
 Gradient { p(~effort)Psi(~HAiFLS_for + AvgSlope + Cross_Cat) }:
  0.2205062E-05  0.8996145E-06 -0.2071857E-05 -0.1134685E-05   0.000000    
   0.000000    
 Maximum ABS(G) { p(~effort)Psi(~HAiFLS_for + AvgSlope + Cross_Cat) } = 0.2205062E-05 
 S Vector { p(~effort)Psi(~HAiFLS_for + AvgSlope + Cross_Cat) }:
   34.62448      28.72887      1.835678     0.5299148     0.4151973    
  0.3353444    
 Time to compute number of parameters was 0.01 seconds.     
 Ratio Threshold = 50.000000       Max Gap (2/3) = 15.650279       Next Max Gap (3/4) = 3.4640991     
 Gap Method for Num. of Estimated Parameters { p(~effort)Psi(~HAiFLS_for + AvgSlope + Cross_Cat) } = 6          
 Threshold { p(~effort)Psi(~HAiFLS_for + AvgSlope + Cross_Cat) } = 0.4410124E-05                 
 Numerical Threshold Method for Num. of Estimated Parameters { p(~effort)Psi(~HAiFLS_for + AvgSlope + Cross_Cat) } = 6          
 Number of Estimated Parameters { p(~effort)Psi(~HAiFLS_for + AvgSlope + Cross_Cat) } = 6          
 DEVIANCE { p(~effort)Psi(~HAiFLS_for + AvgSlope + Cross_Cat) } = 380.10692                     
 DEVIANCE Degrees of Freedom { p(~effort)Psi(~HAiFLS_for + AvgSlope + Cross_Cat) } = 132            
 c-hat { p(~effort)Psi(~HAiFLS_for + AvgSlope + Cross_Cat) } = 2.8795979                     
 AIC { p(~effort)Psi(~HAiFLS_for + AvgSlope + Cross_Cat) } = 392.10692                  
 AICc { p(~effort)Psi(~HAiFLS_for + AvgSlope + Cross_Cat) } = 392.74814                    
 BIC { p(~effort)Psi(~HAiFLS_for + AvgSlope + Cross_Cat) } = 409.67044                    
 Pearson Chisquare { p(~effort)Psi(~HAiFLS_for + AvgSlope + Cross_Cat) } = 1396.9802                  

  Program  MARK  - Survival Rate Estimation with Capture-Recapture Data
   gfortran(dble) Vers. 9.0 Mar 2018    18-Dec-2019 13:13:00    Page  003
 - - - - - - - - - - - - - - - - - - - - - - - - - - - - - - - - - - - - - -
 


    LOGIT Link Function Parameters of { p(~effort)Psi(~HAiFLS_for + AvgSlope + Cross_Cat) }
                                                              95% Confidence Interval
 Parameter                    Beta         Standard Error      Lower           Upper
 -------------------------  --------------  --------------  --------------  --------------
    1:p:(Intercept)          0.7299727       0.3739502      -0.0029698       1.4629152    
    2:p:effort               0.8125297E-03   0.3804977E-03   0.6675414E-04   0.0015583    
    3:Psi:(Intercept)       -0.8411972       0.4167482      -1.6580237      -0.0243707    
    4:Psi:HAiFLS_for         0.0236471       0.0075153       0.0089170       0.0383771    
    5:Psi:AvgSlope           0.0254984       0.0252794      -0.0240493       0.0750461    
    6:Psi:Cross_Cat          0.0181035       0.0226012      -0.0261949       0.0624019    


    Real Function Parameters of { p(~effort)Psi(~HAiFLS_for + AvgSlope + Cross_Cat) }

      Following estimates based on unstandardized individual covariate values:
          Variable   Value         
          ---------  ------------- 
          EFFORT1     906.23188    
          EFFORT2     834.18841    
          EFFORT3     818.18116    
          HAIFLS_FOR  26.272482    
          AVGSLOPE    12.952003    
          CROSS_CAT   5.6956522    
                                                               95% Confidence Interval
  Parameter                  Estimate       Standard Error      Lower           Upper
 --------------------------  --------------  --------------  --------------  --------------
     1:p g1 a0 t1             0.8124963       0.0286978       0.7497169       0.8624184                          
     2:p g1 a1 t2             0.8034149       0.0295812       0.7389808       0.8550626                          
     3:p g1 a2 t3             0.8013525       0.0298633       0.7363485       0.8535179                          
     4:Psi g1 a0 t1           0.5531574       0.0461336       0.4619771       0.6408968                          


                      Estimates of Derived Parameters
 Occupancy Estimates of { p(~effort)Psi(~HAiFLS_for + AvgSlope + Cross_Cat) }
                                            95% Confidence Interval
 Group   Psi-hat         Standard Error      Lower           Upper
 -----   --------------  --------------  --------------  --------------
   1      0.5531574       0.0461336       0.4619771       0.6408968    

   CPU Time for the last procedure was 0.02 seconds.     

  Program  MARK  - Survival Rate Estimation with Capture-Recapture Data
   gfortran(dble) Vers. 9.0 Mar 2018    18-Dec-2019 13:13:00    Page  004
 - - - - - - - - - - - - - - - - - - - - - - - - - - - - - - - - - - - - - -
 


  INPUT --- proc stop;

     CPU Time in minutes for this job was 0.00

     Time Start = 13:12:59.999   Time End = 13:13:00.124

     Wall Clock Time in minutes for this job was 0.00


          E X E C U T I O N   S U C C E S S F U L 
