
   Program  MARK  - Survival Rate Estimation with Capture-Recapture Data
   gfortran(dble) Vers. 9.0 Mar 2018    17-Dec-2019 15:55:12    Page  001
 - - - - - - - - - - - - - - - - - - - - - - - - - - - - - - - - - - - - - -
 
   This version was compiled by GCC version 7.2.0 using the options: 
     -cpp -iprefix C:/Program Files/mingw-w64/x86_64-7.2.0-posix-seh-rt_v5-rev1/
     mingw64/bin/../lib/gcc/x86_64-w64-mingw32/7.2.0/ -D_MT -D_REENTRANT
     -U_REENTRANT -D IEEE -D DBLEPRECISION -m64 -mtune=core2 -march=nocona -mthreads
     -O2 -fimplicit-none -fbounds-check -funroll-loops -ftree-vectorize
     -ffpe-summary=invalid,zero,overflow,underflow -fno-unsafe-math-optimizations
     -frounding-math -fsignaling-nans -fopenmp.

   This problem will use 7 of 8 possible threads.


  INPUT --- proc title ;

   CPU Time for the last procedure was 0.01 seconds.     


  INPUT --- proc chmatrix occasions= 3 groups= 1 etype= Occupancy 
  INPUT --- Nodes= 101 icovar = 3 ICMeans  NoHist hist= 138 ;

  INPUT ---    time interval 1 1 1 ;

  INPUT ---     icovariates HAiFLS_al2 Area2 AvgSlope ;

  INPUT ---    glabel(1)=freq1;

      Number of unique encounter histories read was 138.

      Number of individual covariates read was 3.
      Time interval lengths are all equal to 1.

      Data type number is 27
      Data type is Occupancy Estimation with Detection < 1                                                             

   CPU Time for the last procedure was 0.02 seconds.     

  Program  MARK  - Survival Rate Estimation with Capture-Recapture Data
   gfortran(dble) Vers. 9.0 Mar 2018    17-Dec-2019 15:55:12    Page  002
 - - - - - - - - - - - - - - - - - - - - - - - - - - - - - - - - - - - - - -
 


  INPUT --- proc estimate link=Logit NOLOOP varest=2ndPart    ;


  INPUT --- model={ p(~1)Psi(~HAiFLS_al2 + Area2 + AvgSlope) };

  INPUT ---    group=1 p    rows=1 cols=3 Square ;
  INPUT ---        1 1 1 ;

  INPUT ---    group=1 Psi    rows=1 cols=1 Square ;
  INPUT ---        2 ;

  INPUT ---    design matrix constraints=2 covariates=5;
  INPUT ---        1 0 0 0 0;
  INPUT ---        0 1 HAiFLS_al2 Area2 AvgSlope;
  INPUT ---       blabel(1)=p:(Intercept);
  INPUT ---       blabel(2)=Psi:(Intercept);
  INPUT ---       blabel(3)=Psi:HAiFLS_al2;
  INPUT ---       blabel(4)=Psi:Area2;
  INPUT ---       blabel(5)=Psi:AvgSlope;
  INPUT ---       rlabel(1)=p g1 a0 t1;
  INPUT ---       rlabel(2)=Psi g1 a0 t1;

 Link Function Used is LOGIT        

 Variance Estimation Procedure Used is 2ndPart 
 -2logL(saturated) = 0.0000000     
 Effective Sample Size = 138

 Number of function evaluations was 15 for 5 parameters.
 Time for numerical optimization was 0.03 seconds.     
 -2logL { p(~1)Psi(~HAiFLS_al2 + Area2 + AvgSlope) } = 382.73905     
 Penalty { p(~1)Psi(~HAiFLS_al2 + Area2 + AvgSlope) } = 0.0000000     
 Gradient { p(~1)Psi(~HAiFLS_al2 + Area2 + AvgSlope) }:
   0.000000     -0.5685985E-05 -0.2417076E-05   0.000000     -0.1450440E-05
 Maximum ABS(G) { p(~1)Psi(~HAiFLS_al2 + Area2 + AvgSlope) } = 0.5685985E-05 
 S Vector { p(~1)Psi(~HAiFLS_al2 + Area2 + AvgSlope) }:
   43.00386      30.62713      2.051995     0.5173743     0.2758930    
 Time to compute number of parameters was 0.01 seconds.     
 Ratio Threshold = 50.000000       Max Gap (2/3) = 14.925540       Next Max Gap (3/4) = 3.9661700     
 Gap Method for Num. of Estimated Parameters { p(~1)Psi(~HAiFLS_al2 + Area2 + AvgSlope) } = 5          
 Threshold { p(~1)Psi(~HAiFLS_al2 + Area2 + AvgSlope) } = 0.1137197E-04                 
 Numerical Threshold Method for Num. of Estimated Parameters { p(~1)Psi(~HAiFLS_al2 + Area2 + AvgSlope) } = 5          
 Number of Estimated Parameters { p(~1)Psi(~HAiFLS_al2 + Area2 + AvgSlope) } = 5          
 DEVIANCE { p(~1)Psi(~HAiFLS_al2 + Area2 + AvgSlope) } = 382.73905                     
 DEVIANCE Degrees of Freedom { p(~1)Psi(~HAiFLS_al2 + Area2 + AvgSlope) } = 133            
 c-hat { p(~1)Psi(~HAiFLS_al2 + Area2 + AvgSlope) } = 2.8777372                     
 AIC { p(~1)Psi(~HAiFLS_al2 + Area2 + AvgSlope) } = 392.73905                  
 AICc { p(~1)Psi(~HAiFLS_al2 + Area2 + AvgSlope) } = 393.19359                    
 BIC { p(~1)Psi(~HAiFLS_al2 + Area2 + AvgSlope) } = 407.37532                    
 Pearson Chisquare { p(~1)Psi(~HAiFLS_al2 + Area2 + AvgSlope) } = 1186.6129                  


         LOGIT Link Function Parameters of { p(~1)Psi(~HAiFLS_al2 + Area2 + AvgSlope) }
                                                              95% Confidence Interval
 Parameter                    Beta         Standard Error      Lower           Upper
 -------------------------  --------------  --------------  --------------  --------------

  Program  MARK  - Survival Rate Estimation with Capture-Recapture Data
   gfortran(dble) Vers. 9.0 Mar 2018    17-Dec-2019 15:55:13    Page  003
 - - - - - - - - - - - - - - - - - - - - - - - - - - - - - - - - - - - - - -
 
    1:p:(Intercept)          1.4767565       0.1804884       1.1229992       1.8305137    
    2:Psi:(Intercept)        1.0126840       0.4921735       0.0480239       1.9773441    
    3:Psi:HAiFLS_al2        -0.2187497E-03   0.6058814E-04  -0.3375024E-03  -0.9999694E-04
    4:Psi:Area2              0.2580580E-03   0.7152645E-03  -0.0011439       0.0016600    
    5:Psi:AvgSlope           0.0287207       0.0251536      -0.0205804       0.0780218    


         Real Function Parameters of { p(~1)Psi(~HAiFLS_al2 + Area2 + AvgSlope) }

      Following estimates based on unstandardized individual covariate values:
          Variable   Value         
          ---------  ------------- 
          HAIFLS_AL2  5578.3218    
          AREA2       112.64471    
          AVGSLOPE    12.952003    
                                                               95% Confidence Interval
  Parameter                  Estimate       Standard Error      Lower           Upper
 --------------------------  --------------  --------------  --------------  --------------
     1:p g1 a0 t1             0.8140822       0.0273173       0.7545446       0.8618229                          
     2:Psi g1 a0 t1           0.5482214       0.0457536       0.4579523       0.6354253                          


                      Estimates of Derived Parameters
   Occupancy Estimates of { p(~1)Psi(~HAiFLS_al2 + Area2 + AvgSlope) }
                                            95% Confidence Interval
 Group   Psi-hat         Standard Error      Lower           Upper
 -----   --------------  --------------  --------------  --------------
   1      0.5482214       0.0457536       0.4579523       0.6354253    

   CPU Time for the last procedure was 0.03 seconds.     

  Program  MARK  - Survival Rate Estimation with Capture-Recapture Data
   gfortran(dble) Vers. 9.0 Mar 2018    17-Dec-2019 15:55:13    Page  004
 - - - - - - - - - - - - - - - - - - - - - - - - - - - - - - - - - - - - - -
 


  INPUT --- proc stop;

     CPU Time in minutes for this job was 0.00

     Time Start = 15:55:12.420   Time End = 15:55:13.091

     Wall Clock Time in minutes for this job was 0.01


          E X E C U T I O N   S U C C E S S F U L 
