
   Program  MARK  - Survival Rate Estimation with Capture-Recapture Data
   gfortran(dble) Vers. 9.0 Mar 2018    19-Dec-2019 22:40:17    Page  001
 - - - - - - - - - - - - - - - - - - - - - - - - - - - - - - - - - - - - - -
 
   This version was compiled by GCC version 7.2.0 using the options: 
     -cpp -iprefix C:/Program Files/mingw-w64/x86_64-7.2.0-posix-seh-rt_v5-rev1/
     mingw64/bin/../lib/gcc/x86_64-w64-mingw32/7.2.0/ -D_MT -D_REENTRANT
     -U_REENTRANT -D IEEE -D DBLEPRECISION -m64 -mtune=core2 -march=nocona -mthreads
     -O2 -fimplicit-none -fbounds-check -funroll-loops -ftree-vectorize
     -ffpe-summary=invalid,zero,overflow,underflow -fno-unsafe-math-optimizations
     -frounding-math -fsignaling-nans -fopenmp.

   This problem will use 7 of 8 possible threads.


  INPUT --- proc title ;

   CPU Time for the last procedure was 0.01 seconds.     


  INPUT --- proc chmatrix occasions= 3 groups= 1 etype= Occupancy 
  INPUT --- Nodes= 101 icovar = 8 ICMeans  NoHist hist= 138 ;

  INPUT ---    time interval 1 1 1 ;

  INPUT ---     icovariates effort1 effort2 effort3 MEANT avdep mFlow  
  INPUT ---    pctpool pctBrBnk ;

  INPUT ---    glabel(1)=freq1;

      Number of unique encounter histories read was 138.

      Number of individual covariates read was 8.
      Time interval lengths are all equal to 1.

      Data type number is 27
      Data type is Occupancy Estimation with Detection < 1                                                             

   CPU Time for the last procedure was 0.02 seconds.     

  Program  MARK  - Survival Rate Estimation with Capture-Recapture Data
   gfortran(dble) Vers. 9.0 Mar 2018    19-Dec-2019 22:40:17    Page  002
 - - - - - - - - - - - - - - - - - - - - - - - - - - - - - - - - - - - - - -
 


  INPUT --- proc estimate link=Logit NOLOOP varest=2ndPart    ;


  INPUT --- model={ p(~effort)Psi(~MEANT + avdep + mFlow + pctpool + 
  INPUT --- pctBrBnk) };

  INPUT ---    group=1 p    rows=1 cols=3 Square ;
  INPUT ---        1 2 3 ;

  INPUT ---    group=1 Psi    rows=1 cols=1 Square ;
  INPUT ---        4 ;

  INPUT ---    design matrix constraints=4 covariates=8;
  INPUT ---        1 effort1 0 0 0 0 0 0;
  INPUT ---        1 effort2 0 0 0 0 0 0;
  INPUT ---        1 effort3 0 0 0 0 0 0;
  INPUT ---        0 0 1 MEANT avdep mFlow pctpool pctBrBnk;
  INPUT ---       blabel(1)=p:(Intercept);
  INPUT ---       blabel(2)=p:effort;
  INPUT ---       blabel(3)=Psi:(Intercept);
  INPUT ---       blabel(4)=Psi:MEANT;
  INPUT ---       blabel(5)=Psi:avdep;
  INPUT ---       blabel(6)=Psi:mFlow;
  INPUT ---       blabel(7)=Psi:pctpool;
  INPUT ---       blabel(8)=Psi:pctBrBnk;
  INPUT ---       rlabel(1)=p g1 a0 t1;
  INPUT ---       rlabel(2)=p g1 a1 t2;
  INPUT ---       rlabel(3)=p g1 a2 t3;
  INPUT ---       rlabel(4)=Psi g1 a0 t1;

 Link Function Used is LOGIT        

 Variance Estimation Procedure Used is 2ndPart 
 -2logL(saturated) = 0.0000000     
 Effective Sample Size = 138

 Number of function evaluations was 29 for 8 parameters.
 Time for numerical optimization was 0.08 seconds.     
 -2logL { p(~effort)Psi(~MEANT + avdep + mFlow + pctpool + pctBrBnk) } = 378.76908     
 Penalty { p(~effort)Psi(~MEANT + avdep + mFlow + pctpool + pctBrBnk) } = 0.0000000     
 Gradient { p(~effort)Psi(~MEANT + avdep + mFlow + pctpool + pctBrBnk) }:
  0.9995531E-05   0.000000      0.7462879E-05  0.2486200E-05  0.4037095E-05
  0.5220149E-06  0.2459193E-05  0.3868753E-05
 Maximum ABS(G) { p(~effort)Psi(~MEANT + avdep + mFlow + pctpool + pctBrBnk) } = 0.9995531E-05 

  Program  MARK  - Survival Rate Estimation with Capture-Recapture Data
   gfortran(dble) Vers. 9.0 Mar 2018    19-Dec-2019 22:40:17    Page  003
 - - - - - - - - - - - - - - - - - - - - - - - - - - - - - - - - - - - - - -
 
 S Vector { p(~effort)Psi(~MEANT + avdep + mFlow + pctpool + pctBrBnk) }:
   53.69193      30.74533      1.371049     0.8696104     0.3856257    
  0.2548542     0.1250651     0.2572485E-01
 Time to compute number of parameters was 0.08 seconds.     
 Ratio Threshold = 50.000000       Max Gap (2/3) = 22.424681       Next Max Gap (7/8) = 4.8616479     
 Gap Method for Num. of Estimated Parameters { p(~effort)Psi(~MEANT + avdep + mFlow + pctpool + pctBrBnk) } = 8          
 Threshold { p(~effort)Psi(~MEANT + avdep + mFlow + pctpool + pctBrBnk) } = 0.1999106E-04                 
 Numerical Threshold Method for Num. of Estimated Parameters { p(~effort)Psi(~MEANT + avdep + mFlow + pctpool + pctBrBnk) } = 8          
 Number of Estimated Parameters { p(~effort)Psi(~MEANT + avdep + mFlow + pctpool + pctBrBnk) } = 8          
 DEVIANCE { p(~effort)Psi(~MEANT + avdep + mFlow + pctpool + pctBrBnk) } = 378.76908                     
 DEVIANCE Degrees of Freedom { p(~effort)Psi(~MEANT + avdep + mFlow + pctpool + pctBrBnk) } = 130            
 c-hat { p(~effort)Psi(~MEANT + avdep + mFlow + pctpool + pctBrBnk) } = 2.9136083                     
 AIC { p(~effort)Psi(~MEANT + avdep + mFlow + pctpool + pctBrBnk) } = 394.76908                  
 AICc { p(~effort)Psi(~MEANT + avdep + mFlow + pctpool + pctBrBnk) } = 395.88536                    
 BIC { p(~effort)Psi(~MEANT + avdep + mFlow + pctpool + pctBrBnk) } = 418.18711                    
 Pearson Chisquare { p(~effort)Psi(~MEANT + avdep + mFlow + pctpool + pctBrBnk) } = 1514.1295                  


 LOGIT Link Function Parameters of { p(~effort)Psi(~MEANT + avdep + mFlow + pctpool + pctBrBnk) }
                                                              95% Confidence Interval
 Parameter                    Beta         Standard Error      Lower           Upper
 -------------------------  --------------  --------------  --------------  --------------
    1:p:(Intercept)          0.5265611       0.3790184      -0.2163150       1.2694372    
    2:p:effort               0.9669272E-03   0.3954043E-03   0.1919348E-03   0.0017419    
    3:Psi:(Intercept)       -0.0223125       1.9115601      -3.7689704       3.7243454    
    4:Psi:MEANT             -0.1420981       0.0803692      -0.2996217       0.0154254    
    5:Psi:avdep             -2.7796461       2.3315760      -7.3495351       1.7902429    
    6:Psi:mFlow              12.053532       3.4734923       5.2454872       18.861577    
    7:Psi:pctpool            0.0461507       0.0175343       0.0117834       0.0805179    
    8:Psi:pctBrBnk          -0.3069648       0.3404530      -0.9742528       0.3603232    


 Real Function Parameters of { p(~effort)Psi(~MEANT + avdep + mFlow + pctpool + pctBrBnk) }

      Following estimates based on unstandardized individual covariate values:
          Variable   Value         
          ---------  ------------- 
          EFFORT1     906.23188    
          EFFORT2     834.18841    
          EFFORT3     818.18116    
          MEANT       20.182899    
          AVDEP       0.2562426    
          MFLOW       0.2587289    
          PCTPOOL     25.664251    
          PCTBRBNK    0.8740586    
                                                               95% Confidence Interval
  Parameter                  Estimate       Standard Error      Lower           Upper
 --------------------------  --------------  --------------  --------------  --------------
     1:p g1 a0 t1             0.8026312       0.0294607       0.7385248       0.8541250                          
     2:p g1 a1 t2             0.7913629       0.0303819       0.7256167       0.8447265                          
     3:p g1 a2 t3             0.7887959       0.0306827       0.7224612       0.8427273                          
     4:Psi g1 a0 t1           0.6063957       0.0499404       0.5055208       0.6989471                          


                      Estimates of Derived Parameters
 Occupancy Estimates of { p(~effort)Psi(~MEANT + avdep + mFlow + pctpool + pctBrBnk) }
                                            95% Confidence Interval
 Group   Psi-hat         Standard Error      Lower           Upper
 -----   --------------  --------------  --------------  --------------

  Program  MARK  - Survival Rate Estimation with Capture-Recapture Data
   gfortran(dble) Vers. 9.0 Mar 2018    19-Dec-2019 22:40:17    Page  004
 - - - - - - - - - - - - - - - - - - - - - - - - - - - - - - - - - - - - - -
 
   1      0.6063957       0.0499404       0.5055208       0.6989471    

   CPU Time for the last procedure was 0.16 seconds.     


  INPUT --- proc stop;

     CPU Time in minutes for this job was 0.00

     Time Start = 22:40:17.676   Time End = 22:40:17.893

     Wall Clock Time in minutes for this job was 0.00


          E X E C U T I O N   S U C C E S S F U L 
