
   Program  MARK  - Survival Rate Estimation with Capture-Recapture Data
   gfortran(dble) Vers. 9.0 Mar 2018    19-Dec-2019 22:31:46    Page  001
 - - - - - - - - - - - - - - - - - - - - - - - - - - - - - - - - - - - - - -
 
   This version was compiled by GCC version 7.2.0 using the options: 
     -cpp -iprefix C:/Program Files/mingw-w64/x86_64-7.2.0-posix-seh-rt_v5-rev1/
     mingw64/bin/../lib/gcc/x86_64-w64-mingw32/7.2.0/ -D_MT -D_REENTRANT
     -U_REENTRANT -D IEEE -D DBLEPRECISION -m64 -mtune=core2 -march=nocona -mthreads
     -O2 -fimplicit-none -fbounds-check -funroll-loops -ftree-vectorize
     -ffpe-summary=invalid,zero,overflow,underflow -fno-unsafe-math-optimizations
     -frounding-math -fsignaling-nans -fopenmp.

   This problem will use 7 of 8 possible threads.


  INPUT --- proc title ;

   CPU Time for the last procedure was 0.01 seconds.     


  INPUT --- proc chmatrix occasions= 3 groups= 1 etype= Occupancy 
  INPUT --- Nodes= 101 icovar = 7 ICMeans  NoHist hist= 138 ;

  INPUT ---    time interval 1 1 1 ;

  INPUT ---     icovariates effort1 effort2 effort3 MEANT2 avdep mFlow  
  INPUT ---    pctrun ;

  INPUT ---    glabel(1)=freq1;

      Number of unique encounter histories read was 138.

      Number of individual covariates read was 7.
      Time interval lengths are all equal to 1.

      Data type number is 27
      Data type is Occupancy Estimation with Detection < 1                                                             

   CPU Time for the last procedure was 0.01 seconds.     

  Program  MARK  - Survival Rate Estimation with Capture-Recapture Data
   gfortran(dble) Vers. 9.0 Mar 2018    19-Dec-2019 22:31:46    Page  002
 - - - - - - - - - - - - - - - - - - - - - - - - - - - - - - - - - - - - - -
 


  INPUT --- proc estimate link=Logit NOLOOP varest=2ndPart    ;


  INPUT --- model={ p(~effort)Psi(~MEANT2 + avdep + mFlow + pctrun) };

  INPUT ---    group=1 p    rows=1 cols=3 Square ;
  INPUT ---        1 2 3 ;

  INPUT ---    group=1 Psi    rows=1 cols=1 Square ;
  INPUT ---        4 ;

  INPUT ---    design matrix constraints=4 covariates=7;
  INPUT ---        1 effort1 0 0 0 0 0;
  INPUT ---        1 effort2 0 0 0 0 0;
  INPUT ---        1 effort3 0 0 0 0 0;
  INPUT ---        0 0 1 MEANT2 avdep mFlow pctrun;
  INPUT ---       blabel(1)=p:(Intercept);
  INPUT ---       blabel(2)=p:effort;
  INPUT ---       blabel(3)=Psi:(Intercept);
  INPUT ---       blabel(4)=Psi:MEANT2;
  INPUT ---       blabel(5)=Psi:avdep;
  INPUT ---       blabel(6)=Psi:mFlow;
  INPUT ---       blabel(7)=Psi:pctrun;
  INPUT ---       rlabel(1)=p g1 a0 t1;
  INPUT ---       rlabel(2)=p g1 a1 t2;
  INPUT ---       rlabel(3)=p g1 a2 t3;
  INPUT ---       rlabel(4)=Psi g1 a0 t1;

 Link Function Used is LOGIT        

 Variance Estimation Procedure Used is 2ndPart 
 -2logL(saturated) = 0.0000000     
 Effective Sample Size = 138

 Number of function evaluations was 25 for 7 parameters.
 Time for numerical optimization was 0.08 seconds.     
 -2logL { p(~effort)Psi(~MEANT2 + avdep + mFlow + pctrun) } = 363.59139     
 Penalty { p(~effort)Psi(~MEANT2 + avdep + mFlow + pctrun) } = 0.0000000     
 Gradient { p(~effort)Psi(~MEANT2 + avdep + mFlow + pctrun) }:
   0.000000       0.000000      0.1505651E-05 -0.2001805E-05  0.2571420E-05
   0.000000       0.000000    
 Maximum ABS(G) { p(~effort)Psi(~MEANT2 + avdep + mFlow + pctrun) } = 0.2571420E-05 
 S Vector { p(~effort)Psi(~MEANT2 + avdep + mFlow + pctrun) }:
   42.77614      30.96812     0.9244080     0.4164888     0.3615165    
  0.1394251     0.2911658E-01
 Time to compute number of parameters was 0.01 seconds.     
 Ratio Threshold = 50.000000       Max Gap (2/3) = 33.500489       Next Max Gap (6/7) = 4.7885121     
 Gap Method for Num. of Estimated Parameters { p(~effort)Psi(~MEANT2 + avdep + mFlow + pctrun) } = 7          
 Threshold { p(~effort)Psi(~MEANT2 + avdep + mFlow + pctrun) } = 0.5142840E-05                 
 Numerical Threshold Method for Num. of Estimated Parameters { p(~effort)Psi(~MEANT2 + avdep + mFlow + pctrun) } = 7          
 Number of Estimated Parameters { p(~effort)Psi(~MEANT2 + avdep + mFlow + pctrun) } = 7          
 DEVIANCE { p(~effort)Psi(~MEANT2 + avdep + mFlow + pctrun) } = 363.59139                     
 DEVIANCE Degrees of Freedom { p(~effort)Psi(~MEANT2 + avdep + mFlow + pctrun) } = 131            
 c-hat { p(~effort)Psi(~MEANT2 + avdep + mFlow + pctrun) } = 2.7755068                     
 AIC { p(~effort)Psi(~MEANT2 + avdep + mFlow + pctrun) } = 377.59139                  
 AICc { p(~effort)Psi(~MEANT2 + avdep + mFlow + pctrun) } = 378.45293                    
 BIC { p(~effort)Psi(~MEANT2 + avdep + mFlow + pctrun) } = 398.08216                    
 Pearson Chisquare { p(~effort)Psi(~MEANT2 + avdep + mFlow + pctrun) } = 1531.5693                  

  Program  MARK  - Survival Rate Estimation with Capture-Recapture Data
   gfortran(dble) Vers. 9.0 Mar 2018    19-Dec-2019 22:31:46    Page  003
 - - - - - - - - - - - - - - - - - - - - - - - - - - - - - - - - - - - - - -
 


     LOGIT Link Function Parameters of { p(~effort)Psi(~MEANT2 + avdep + mFlow + pctrun) }
                                                              95% Confidence Interval
 Parameter                    Beta         Standard Error      Lower           Upper
 -------------------------  --------------  --------------  --------------  --------------
    1:p:(Intercept)          0.5203047       0.3738748      -0.2124899       1.2530992    
    2:p:effort               0.9643609E-03   0.3899591E-03   0.2000409E-03   0.0017287    
    3:Psi:(Intercept)        1.5335865       1.3047299      -1.0236842       4.0908572    
    4:Psi:MEANT2            -0.0043726       0.0023501      -0.0089788       0.2336447E-03
    5:Psi:avdep              0.4834984       2.4895555      -4.3960304       5.3630273    
    6:Psi:mFlow              13.138925       3.3008491       6.6692602       19.608589    
    7:Psi:pctrun            -5.9954224       1.5001230      -8.9356636      -3.0551812    


     Real Function Parameters of { p(~effort)Psi(~MEANT2 + avdep + mFlow + pctrun) }

      Following estimates based on unstandardized individual covariate values:
          Variable   Value         
          ---------  ------------- 
          EFFORT1     906.23188    
          EFFORT2     834.18841    
          EFFORT3     818.18116    
          MEANT2      414.61712    
          AVDEP       0.2562426    
          MFLOW       0.2587289    
          PCTRUN      0.4539599    
                                                               95% Confidence Interval
  Parameter                  Estimate       Standard Error      Lower           Upper
 --------------------------  --------------  --------------  --------------  --------------
     1:p g1 a0 t1             0.8012682       0.0296537       0.7367688       0.8531141                          
     2:p g1 a1 t2             0.7899731       0.0305463       0.7239044       0.8436465                          
     3:p g1 a2 t3             0.7874004       0.0308381       0.7207654       0.8416280                          
     4:Psi g1 a0 t1           0.6276787       0.0552705       0.5146767       0.7282613                          


                      Estimates of Derived Parameters
 Occupancy Estimates of { p(~effort)Psi(~MEANT2 + avdep + mFlow + pctrun) }
                                            95% Confidence Interval
 Group   Psi-hat         Standard Error      Lower           Upper
 -----   --------------  --------------  --------------  --------------
   1      0.6276787       0.0552705       0.5146767       0.7282613    

   CPU Time for the last procedure was 0.08 seconds.     

  Program  MARK  - Survival Rate Estimation with Capture-Recapture Data
   gfortran(dble) Vers. 9.0 Mar 2018    19-Dec-2019 22:31:46    Page  004
 - - - - - - - - - - - - - - - - - - - - - - - - - - - - - - - - - - - - - -
 


  INPUT --- proc stop;

     CPU Time in minutes for this job was 0.00

     Time Start = 22:31:46.691   Time End = 22:31:46.913

     Wall Clock Time in minutes for this job was 0.00


          E X E C U T I O N   S U C C E S S F U L 
