
   Program  MARK  - Survival Rate Estimation with Capture-Recapture Data
   gfortran(dble) Vers. 9.0 Mar 2018    19-Dec-2019 22:40:16    Page  001
 - - - - - - - - - - - - - - - - - - - - - - - - - - - - - - - - - - - - - -
 
   This version was compiled by GCC version 7.2.0 using the options: 
     -cpp -iprefix C:/Program Files/mingw-w64/x86_64-7.2.0-posix-seh-rt_v5-rev1/
     mingw64/bin/../lib/gcc/x86_64-w64-mingw32/7.2.0/ -D_MT -D_REENTRANT
     -U_REENTRANT -D IEEE -D DBLEPRECISION -m64 -mtune=core2 -march=nocona -mthreads
     -O2 -fimplicit-none -fbounds-check -funroll-loops -ftree-vectorize
     -ffpe-summary=invalid,zero,overflow,underflow -fno-unsafe-math-optimizations
     -frounding-math -fsignaling-nans -fopenmp.

   This problem will use 7 of 8 possible threads.


  INPUT --- proc title ;

   CPU Time for the last procedure was 0.01 seconds.     


  INPUT --- proc chmatrix occasions= 3 groups= 1 etype= Occupancy 
  INPUT --- Nodes= 101 icovar = 8 ICMeans  NoHist hist= 138 ;

  INPUT ---    time interval 1 1 1 ;

  INPUT ---     icovariates effort1 effort2 effort3 MEANT2 avdep mFlow  
  INPUT ---    pctrun pctBrBnk ;

  INPUT ---    glabel(1)=freq1;

      Number of unique encounter histories read was 138.

      Number of individual covariates read was 8.
      Time interval lengths are all equal to 1.

      Data type number is 27
      Data type is Occupancy Estimation with Detection < 1                                                             

   CPU Time for the last procedure was 0.01 seconds.     

  Program  MARK  - Survival Rate Estimation with Capture-Recapture Data
   gfortran(dble) Vers. 9.0 Mar 2018    19-Dec-2019 22:40:16    Page  002
 - - - - - - - - - - - - - - - - - - - - - - - - - - - - - - - - - - - - - -
 


  INPUT --- proc estimate link=Logit NOLOOP varest=2ndPart    ;


  INPUT --- model={ p(~effort)Psi(~MEANT2 + avdep + mFlow + pctrun + 
  INPUT --- pctBrBnk) };

  INPUT ---    group=1 p    rows=1 cols=3 Square ;
  INPUT ---        1 2 3 ;

  INPUT ---    group=1 Psi    rows=1 cols=1 Square ;
  INPUT ---        4 ;

  INPUT ---    design matrix constraints=4 covariates=8;
  INPUT ---        1 effort1 0 0 0 0 0 0;
  INPUT ---        1 effort2 0 0 0 0 0 0;
  INPUT ---        1 effort3 0 0 0 0 0 0;
  INPUT ---        0 0 1 MEANT2 avdep mFlow pctrun pctBrBnk;
  INPUT ---       blabel(1)=p:(Intercept);
  INPUT ---       blabel(2)=p:effort;
  INPUT ---       blabel(3)=Psi:(Intercept);
  INPUT ---       blabel(4)=Psi:MEANT2;
  INPUT ---       blabel(5)=Psi:avdep;
  INPUT ---       blabel(6)=Psi:mFlow;
  INPUT ---       blabel(7)=Psi:pctrun;
  INPUT ---       blabel(8)=Psi:pctBrBnk;
  INPUT ---       rlabel(1)=p g1 a0 t1;
  INPUT ---       rlabel(2)=p g1 a1 t2;
  INPUT ---       rlabel(3)=p g1 a2 t3;
  INPUT ---       rlabel(4)=Psi g1 a0 t1;

 Link Function Used is LOGIT        

 Variance Estimation Procedure Used is 2ndPart 
 -2logL(saturated) = 0.0000000     
 Effective Sample Size = 138

 Number of function evaluations was 23 for 8 parameters.
 Time for numerical optimization was 0.23 seconds.     
 -2logL { p(~effort)Psi(~MEANT2 + avdep + mFlow + pctrun + pctBrBnk) } = 362.43756     
 Penalty { p(~effort)Psi(~MEANT2 + avdep + mFlow + pctrun + pctBrBnk) } = 0.0000000     
 Gradient { p(~effort)Psi(~MEANT2 + avdep + mFlow + pctrun + pctBrBnk) }:
 -0.2539840E-05 -0.7782084E-06 -0.2865915E-05 -0.2208816E-05 -0.2104012E-05
 -0.4782405E-06 -0.1584006E-05   0.000000    
 Maximum ABS(G) { p(~effort)Psi(~MEANT2 + avdep + mFlow + pctrun + pctBrBnk) } = 0.2865915E-05 

  Program  MARK  - Survival Rate Estimation with Capture-Recapture Data
   gfortran(dble) Vers. 9.0 Mar 2018    19-Dec-2019 22:40:16    Page  003
 - - - - - - - - - - - - - - - - - - - - - - - - - - - - - - - - - - - - - -
 
 S Vector { p(~effort)Psi(~MEANT2 + avdep + mFlow + pctrun + pctBrBnk) }:
   44.12851      30.95328      1.078293     0.6146000     0.4081737    
  0.3520498     0.1351719     0.2774449E-01
 Time to compute number of parameters was 0.01 seconds.     
 Ratio Threshold = 50.000000       Max Gap (2/3) = 28.705808       Next Max Gap (7/8) = 4.8720277     
 Gap Method for Num. of Estimated Parameters { p(~effort)Psi(~MEANT2 + avdep + mFlow + pctrun + pctBrBnk) } = 8          
 Threshold { p(~effort)Psi(~MEANT2 + avdep + mFlow + pctrun + pctBrBnk) } = 0.5731829E-05                 
 Numerical Threshold Method for Num. of Estimated Parameters { p(~effort)Psi(~MEANT2 + avdep + mFlow + pctrun + pctBrBnk) } = 8          
 Number of Estimated Parameters { p(~effort)Psi(~MEANT2 + avdep + mFlow + pctrun + pctBrBnk) } = 8          
 DEVIANCE { p(~effort)Psi(~MEANT2 + avdep + mFlow + pctrun + pctBrBnk) } = 362.43756                     
 DEVIANCE Degrees of Freedom { p(~effort)Psi(~MEANT2 + avdep + mFlow + pctrun + pctBrBnk) } = 130            
 c-hat { p(~effort)Psi(~MEANT2 + avdep + mFlow + pctrun + pctBrBnk) } = 2.7879812                     
 AIC { p(~effort)Psi(~MEANT2 + avdep + mFlow + pctrun + pctBrBnk) } = 378.43756                  
 AICc { p(~effort)Psi(~MEANT2 + avdep + mFlow + pctrun + pctBrBnk) } = 379.55384                    
 BIC { p(~effort)Psi(~MEANT2 + avdep + mFlow + pctrun + pctBrBnk) } = 401.85559                    
 Pearson Chisquare { p(~effort)Psi(~MEANT2 + avdep + mFlow + pctrun + pctBrBnk) } = 1547.2495                  


 LOGIT Link Function Parameters of { p(~effort)Psi(~MEANT2 + avdep + mFlow + pctrun + pctBrBnk) }
                                                              95% Confidence Interval
 Parameter                    Beta         Standard Error      Lower           Upper
 -------------------------  --------------  --------------  --------------  --------------
    1:p:(Intercept)          0.5019439       0.3783720      -0.2396653       1.2435532    
    2:p:effort               0.9784094E-03   0.3935398E-03   0.2070713E-03   0.0017497    
    3:Psi:(Intercept)        1.6621151       1.3334988      -0.9515426       4.2757727    
    4:Psi:MEANT2            -0.0038170       0.0024355      -0.0085906       0.9565720E-03
    5:Psi:avdep              0.8130591       2.5195688      -4.1252958       5.7514140    
    6:Psi:mFlow              13.209548       3.3789097       6.5868853       19.832211    
    7:Psi:pctrun            -6.2247760       1.5606140      -9.2835795      -3.1659724    
    8:Psi:pctBrBnk          -0.3862043       0.3628219      -1.0973352       0.3249266    


 Real Function Parameters of { p(~effort)Psi(~MEANT2 + avdep + mFlow + pctrun + pctBrBnk) }

      Following estimates based on unstandardized individual covariate values:
          Variable   Value         
          ---------  ------------- 
          EFFORT1     906.23188    
          EFFORT2     834.18841    
          EFFORT3     818.18116    
          MEANT2      414.61712    
          AVDEP       0.2562426    
          MFLOW       0.2587289    
          PCTRUN      0.4539599    
          PCTBRBNK    0.8740586    
                                                               95% Confidence Interval
  Parameter                  Estimate       Standard Error      Lower           Upper
 --------------------------  --------------  --------------  --------------  --------------
     1:p g1 a0 t1             0.8003702       0.0298603       0.7354228       0.8525706                          
     2:p g1 a1 t2             0.7888690       0.0308120       0.7222257       0.8429991                          
     3:p g1 a2 t3             0.7862487       0.0311190       0.7190063       0.8409591                          
     4:Psi g1 a0 t1           0.6323209       0.0566590       0.5161261       0.7349426                          


                      Estimates of Derived Parameters
 Occupancy Estimates of { p(~effort)Psi(~MEANT2 + avdep + mFlow + pctrun + pctBrBnk) }
                                            95% Confidence Interval
 Group   Psi-hat         Standard Error      Lower           Upper
 -----   --------------  --------------  --------------  --------------

  Program  MARK  - Survival Rate Estimation with Capture-Recapture Data
   gfortran(dble) Vers. 9.0 Mar 2018    19-Dec-2019 22:40:16    Page  004
 - - - - - - - - - - - - - - - - - - - - - - - - - - - - - - - - - - - - - -
 
   1      0.6323209       0.0566590       0.5161261       0.7349426    

   CPU Time for the last procedure was 0.23 seconds.     


  INPUT --- proc stop;

     CPU Time in minutes for this job was 0.00

     Time Start = 22:40:16.403   Time End = 22:40:16.611

     Wall Clock Time in minutes for this job was 0.00


          E X E C U T I O N   S U C C E S S F U L 
