
   Program  MARK  - Survival Rate Estimation with Capture-Recapture Data
   gfortran(dble) Vers. 9.0 Mar 2018    19-Dec-2019 22:31:47    Page  001
 - - - - - - - - - - - - - - - - - - - - - - - - - - - - - - - - - - - - - -
 
   This version was compiled by GCC version 7.2.0 using the options: 
     -cpp -iprefix C:/Program Files/mingw-w64/x86_64-7.2.0-posix-seh-rt_v5-rev1/
     mingw64/bin/../lib/gcc/x86_64-w64-mingw32/7.2.0/ -D_MT -D_REENTRANT
     -U_REENTRANT -D IEEE -D DBLEPRECISION -m64 -mtune=core2 -march=nocona -mthreads
     -O2 -fimplicit-none -fbounds-check -funroll-loops -ftree-vectorize
     -ffpe-summary=invalid,zero,overflow,underflow -fno-unsafe-math-optimizations
     -frounding-math -fsignaling-nans -fopenmp.

   This problem will use 7 of 8 possible threads.


  INPUT --- proc title ;

   CPU Time for the last procedure was 0.01 seconds.     


  INPUT --- proc chmatrix occasions= 3 groups= 1 etype= Occupancy 
  INPUT --- Nodes= 101 icovar = 7 ICMeans  NoHist hist= 138 ;

  INPUT ---    time interval 1 1 1 ;

  INPUT ---     icovariates effort1 effort2 effort3 MEANT avdep mFlow  
  INPUT ---    pctpool ;

  INPUT ---    glabel(1)=freq1;

      Number of unique encounter histories read was 138.

      Number of individual covariates read was 7.
      Time interval lengths are all equal to 1.

      Data type number is 27
      Data type is Occupancy Estimation with Detection < 1                                                             

   CPU Time for the last procedure was 0.02 seconds.     

  Program  MARK  - Survival Rate Estimation with Capture-Recapture Data
   gfortran(dble) Vers. 9.0 Mar 2018    19-Dec-2019 22:31:47    Page  002
 - - - - - - - - - - - - - - - - - - - - - - - - - - - - - - - - - - - - - -
 


  INPUT --- proc estimate link=Logit NOLOOP varest=2ndPart    ;


  INPUT --- model={ p(~effort)Psi(~MEANT + avdep + mFlow + pctpool) };

  INPUT ---    group=1 p    rows=1 cols=3 Square ;
  INPUT ---        1 2 3 ;

  INPUT ---    group=1 Psi    rows=1 cols=1 Square ;
  INPUT ---        4 ;

  INPUT ---    design matrix constraints=4 covariates=7;
  INPUT ---        1 effort1 0 0 0 0 0;
  INPUT ---        1 effort2 0 0 0 0 0;
  INPUT ---        1 effort3 0 0 0 0 0;
  INPUT ---        0 0 1 MEANT avdep mFlow pctpool;
  INPUT ---       blabel(1)=p:(Intercept);
  INPUT ---       blabel(2)=p:effort;
  INPUT ---       blabel(3)=Psi:(Intercept);
  INPUT ---       blabel(4)=Psi:MEANT;
  INPUT ---       blabel(5)=Psi:avdep;
  INPUT ---       blabel(6)=Psi:mFlow;
  INPUT ---       blabel(7)=Psi:pctpool;
  INPUT ---       rlabel(1)=p g1 a0 t1;
  INPUT ---       rlabel(2)=p g1 a1 t2;
  INPUT ---       rlabel(3)=p g1 a2 t3;
  INPUT ---       rlabel(4)=Psi g1 a0 t1;

 Link Function Used is LOGIT        

 Variance Estimation Procedure Used is 2ndPart 
 -2logL(saturated) = 0.0000000     
 Effective Sample Size = 138

 Number of function evaluations was 26 for 7 parameters.
 Time for numerical optimization was 0.09 seconds.     
 -2logL { p(~effort)Psi(~MEANT + avdep + mFlow + pctpool) } = 379.59064     
 Penalty { p(~effort)Psi(~MEANT + avdep + mFlow + pctpool) } = 0.0000000     
 Gradient { p(~effort)Psi(~MEANT + avdep + mFlow + pctpool) }:
  0.4940991E-05  0.7946328E-06  0.3204136E-05  0.1499122E-05   0.000000    
  0.5228287E-06   0.000000    
 Maximum ABS(G) { p(~effort)Psi(~MEANT + avdep + mFlow + pctpool) } = 0.4940991E-05 
 S Vector { p(~effort)Psi(~MEANT + avdep + mFlow + pctpool) }:
   51.97895      31.00100      1.412514     0.3958141     0.2572679    
  0.1316013     0.2602684E-01
 Time to compute number of parameters was 0.01 seconds.     
 Ratio Threshold = 50.000000       Max Gap (2/3) = 21.947390       Next Max Gap (6/7) = 5.0563687     
 Gap Method for Num. of Estimated Parameters { p(~effort)Psi(~MEANT + avdep + mFlow + pctpool) } = 7          
 Threshold { p(~effort)Psi(~MEANT + avdep + mFlow + pctpool) } = 0.9881983E-05                 
 Numerical Threshold Method for Num. of Estimated Parameters { p(~effort)Psi(~MEANT + avdep + mFlow + pctpool) } = 7          
 Number of Estimated Parameters { p(~effort)Psi(~MEANT + avdep + mFlow + pctpool) } = 7          
 DEVIANCE { p(~effort)Psi(~MEANT + avdep + mFlow + pctpool) } = 379.59064                     
 DEVIANCE Degrees of Freedom { p(~effort)Psi(~MEANT + avdep + mFlow + pctpool) } = 131            
 c-hat { p(~effort)Psi(~MEANT + avdep + mFlow + pctpool) } = 2.8976385                     
 AIC { p(~effort)Psi(~MEANT + avdep + mFlow + pctpool) } = 393.59064                  
 AICc { p(~effort)Psi(~MEANT + avdep + mFlow + pctpool) } = 394.45218                    
 BIC { p(~effort)Psi(~MEANT + avdep + mFlow + pctpool) } = 414.08142                    
 Pearson Chisquare { p(~effort)Psi(~MEANT + avdep + mFlow + pctpool) } = 1522.7131                  

  Program  MARK  - Survival Rate Estimation with Capture-Recapture Data
   gfortran(dble) Vers. 9.0 Mar 2018    19-Dec-2019 22:31:47    Page  003
 - - - - - - - - - - - - - - - - - - - - - - - - - - - - - - - - - - - - - -
 


     LOGIT Link Function Parameters of { p(~effort)Psi(~MEANT + avdep + mFlow + pctpool) }
                                                              95% Confidence Interval
 Parameter                    Beta         Standard Error      Lower           Upper
 -------------------------  --------------  --------------  --------------  --------------
    1:p:(Intercept)          0.5441020       0.3735002      -0.1879583       1.2761623    
    2:p:effort               0.9530037E-03   0.3912188E-03   0.1862149E-03   0.0017198    
    3:Psi:(Intercept)        0.1905541       1.8923519      -3.5184557       3.8995639    
    4:Psi:MEANT             -0.1612728       0.0777840      -0.3137294      -0.0088163    
    5:Psi:avdep             -3.0243182       2.3317068      -7.5944635       1.5458272    
    6:Psi:mFlow              12.033873       3.4480519       5.2756915       18.792055    
    7:Psi:pctpool            0.0448405       0.0173604       0.0108141       0.0788669    


     Real Function Parameters of { p(~effort)Psi(~MEANT + avdep + mFlow + pctpool) }

      Following estimates based on unstandardized individual covariate values:
          Variable   Value         
          ---------  ------------- 
          EFFORT1     906.23188    
          EFFORT2     834.18841    
          EFFORT3     818.18116    
          MEANT       20.182899    
          AVDEP       0.2562426    
          MFLOW       0.2587289    
          PCTPOOL     25.664251    
                                                               95% Confidence Interval
  Parameter                  Estimate       Standard Error      Lower           Upper
 --------------------------  --------------  --------------  --------------  --------------
     1:p g1 a0 t1             0.8034099       0.0292445       0.7397813       0.8545393                          
     2:p g1 a1 t2             0.7923397       0.0300930       0.7272298       0.8452158                          
     3:p g1 a2 t3             0.7898185       0.0303753       0.7241606       0.8432312                          
     4:Psi g1 a0 t1           0.6046674       0.0493684       0.5050410       0.6962994                          


                      Estimates of Derived Parameters
 Occupancy Estimates of { p(~effort)Psi(~MEANT + avdep + mFlow + pctpool) }
                                            95% Confidence Interval
 Group   Psi-hat         Standard Error      Lower           Upper
 -----   --------------  --------------  --------------  --------------
   1      0.6046674       0.0493684       0.5050410       0.6962994    

   CPU Time for the last procedure was 0.11 seconds.     

  Program  MARK  - Survival Rate Estimation with Capture-Recapture Data
   gfortran(dble) Vers. 9.0 Mar 2018    19-Dec-2019 22:31:47    Page  004
 - - - - - - - - - - - - - - - - - - - - - - - - - - - - - - - - - - - - - -
 


  INPUT --- proc stop;

     CPU Time in minutes for this job was 0.00

     Time Start = 22:31:47.716   Time End = 22:31:47.927

     Wall Clock Time in minutes for this job was 0.00


          E X E C U T I O N   S U C C E S S F U L 
