
   Program  MARK  - Survival Rate Estimation with Capture-Recapture Data
   gfortran(dble) Vers. 9.0 Mar 2018    18-Dec-2019 13:09:38    Page  001
 - - - - - - - - - - - - - - - - - - - - - - - - - - - - - - - - - - - - - -
 
   This version was compiled by GCC version 7.2.0 using the options: 
     -cpp -iprefix C:/Program Files/mingw-w64/x86_64-7.2.0-posix-seh-rt_v5-rev1/
     mingw64/bin/../lib/gcc/x86_64-w64-mingw32/7.2.0/ -D_MT -D_REENTRANT
     -U_REENTRANT -D IEEE -D DBLEPRECISION -m64 -mtune=core2 -march=nocona -mthreads
     -O2 -fimplicit-none -fbounds-check -funroll-loops -ftree-vectorize
     -ffpe-summary=invalid,zero,overflow,underflow -fno-unsafe-math-optimizations
     -frounding-math -fsignaling-nans -fopenmp.

   This problem will use 7 of 8 possible threads.


  INPUT --- proc title ;

   CPU Time for the last procedure was 0.01 seconds.     


  INPUT --- proc chmatrix occasions= 3 groups= 1 etype= Occupancy 
  INPUT --- Nodes= 101 icovar = 6 ICMeans  NoHist hist= 138 ;

  INPUT ---    time interval 1 1 1 ;

  INPUT ---     icovariates effort1 effort2 effort3 HAiFLS_al2 Area2  
  INPUT ---    Cross_Cat ;

  INPUT ---    glabel(1)=freq1;

      Number of unique encounter histories read was 138.

      Number of individual covariates read was 6.
      Time interval lengths are all equal to 1.

      Data type number is 27
      Data type is Occupancy Estimation with Detection < 1                                                             

   CPU Time for the last procedure was 0.02 seconds.     

  Program  MARK  - Survival Rate Estimation with Capture-Recapture Data
   gfortran(dble) Vers. 9.0 Mar 2018    18-Dec-2019 13:09:38    Page  002
 - - - - - - - - - - - - - - - - - - - - - - - - - - - - - - - - - - - - - -
 


  INPUT --- proc estimate link=Logit NOLOOP varest=2ndPart    ;


  INPUT --- model={ p(~effort)Psi(~HAiFLS_al2 + Area2 + Cross_Cat) };

  INPUT ---    group=1 p    rows=1 cols=3 Square ;
  INPUT ---        1 2 3 ;

  INPUT ---    group=1 Psi    rows=1 cols=1 Square ;
  INPUT ---        4 ;

  INPUT ---    design matrix constraints=4 covariates=6;
  INPUT ---        1 effort1 0 0 0 0;
  INPUT ---        1 effort2 0 0 0 0;
  INPUT ---        1 effort3 0 0 0 0;
  INPUT ---        0 0 1 HAiFLS_al2 Area2 Cross_Cat;
  INPUT ---       blabel(1)=p:(Intercept);
  INPUT ---       blabel(2)=p:effort;
  INPUT ---       blabel(3)=Psi:(Intercept);
  INPUT ---       blabel(4)=Psi:HAiFLS_al2;
  INPUT ---       blabel(5)=Psi:Area2;
  INPUT ---       blabel(6)=Psi:Cross_Cat;
  INPUT ---       rlabel(1)=p g1 a0 t1;
  INPUT ---       rlabel(2)=p g1 a1 t2;
  INPUT ---       rlabel(3)=p g1 a2 t3;
  INPUT ---       rlabel(4)=Psi g1 a0 t1;

 Link Function Used is LOGIT        

 Variance Estimation Procedure Used is 2ndPart 
 -2logL(saturated) = 0.0000000     
 Effective Sample Size = 138

 Number of function evaluations was 20 for 6 parameters.
 Time for numerical optimization was 0.01 seconds.     
 -2logL { p(~effort)Psi(~HAiFLS_al2 + Area2 + Cross_Cat) } = 377.33190     
 Penalty { p(~effort)Psi(~HAiFLS_al2 + Area2 + Cross_Cat) } = 0.0000000     
 Gradient { p(~effort)Psi(~HAiFLS_al2 + Area2 + Cross_Cat) }:
  0.2228308E-05   0.000000       0.000000      0.1131545E-05  0.1253110E-05
   0.000000    
 Maximum ABS(G) { p(~effort)Psi(~HAiFLS_al2 + Area2 + Cross_Cat) } = 0.2228308E-05 
 S Vector { p(~effort)Psi(~HAiFLS_al2 + Area2 + Cross_Cat) }:
   41.38262      29.51078      1.923869     0.6951683     0.4011197    
  0.4456227E-01
 Time to compute number of parameters was 0.03 seconds.     
 Ratio Threshold = 50.000000       Max Gap (2/3) = 15.339288       Next Max Gap (5/6) = 9.0013316     
 Gap Method for Num. of Estimated Parameters { p(~effort)Psi(~HAiFLS_al2 + Area2 + Cross_Cat) } = 6          
 Threshold { p(~effort)Psi(~HAiFLS_al2 + Area2 + Cross_Cat) } = 0.4456616E-05                 
 Numerical Threshold Method for Num. of Estimated Parameters { p(~effort)Psi(~HAiFLS_al2 + Area2 + Cross_Cat) } = 6          
 Number of Estimated Parameters { p(~effort)Psi(~HAiFLS_al2 + Area2 + Cross_Cat) } = 6          
 DEVIANCE { p(~effort)Psi(~HAiFLS_al2 + Area2 + Cross_Cat) } = 377.33190                     
 DEVIANCE Degrees of Freedom { p(~effort)Psi(~HAiFLS_al2 + Area2 + Cross_Cat) } = 132            
 c-hat { p(~effort)Psi(~HAiFLS_al2 + Area2 + Cross_Cat) } = 2.8585750                     
 AIC { p(~effort)Psi(~HAiFLS_al2 + Area2 + Cross_Cat) } = 389.33190                  
 AICc { p(~effort)Psi(~HAiFLS_al2 + Area2 + Cross_Cat) } = 389.97312                    
 BIC { p(~effort)Psi(~HAiFLS_al2 + Area2 + Cross_Cat) } = 406.89543                    
 Pearson Chisquare { p(~effort)Psi(~HAiFLS_al2 + Area2 + Cross_Cat) } = 1360.3968                  

  Program  MARK  - Survival Rate Estimation with Capture-Recapture Data
   gfortran(dble) Vers. 9.0 Mar 2018    18-Dec-2019 13:09:38    Page  003
 - - - - - - - - - - - - - - - - - - - - - - - - - - - - - - - - - - - - - -
 


      LOGIT Link Function Parameters of { p(~effort)Psi(~HAiFLS_al2 + Area2 + Cross_Cat) }
                                                              95% Confidence Interval
 Parameter                    Beta         Standard Error      Lower           Upper
 -------------------------  --------------  --------------  --------------  --------------
    1:p:(Intercept)          0.7119254       0.3806156      -0.0340812       1.4579319    
    2:p:effort               0.8302996E-03   0.3865203E-03   0.7271985E-04   0.0015879    
    3:Psi:(Intercept)        1.4043285       0.4233111       0.5746388       2.2340182    
    4:Psi:HAiFLS_al2        -0.2405362E-03   0.6493756E-04  -0.3678138E-03  -0.1132586E-03
    5:Psi:Area2             -0.7893478E-03   0.0014310      -0.0035942       0.0020155    
    6:Psi:Cross_Cat          0.0412902       0.0441524      -0.0452485       0.1278289    


      Real Function Parameters of { p(~effort)Psi(~HAiFLS_al2 + Area2 + Cross_Cat) }

      Following estimates based on unstandardized individual covariate values:
          Variable   Value         
          ---------  ------------- 
          EFFORT1     906.23188    
          EFFORT2     834.18841    
          EFFORT3     818.18116    
          HAIFLS_AL2  5578.3218    
          AREA2       112.64471    
          CROSS_CAT   5.6956522    
                                                               95% Confidence Interval
  Parameter                  Estimate       Standard Error      Lower           Upper
 --------------------------  --------------  --------------  --------------  --------------
     1:p g1 a0 t1             0.8122000       0.0287687       0.7492649       0.8622426                          
     2:p g1 a1 t2             0.8029052       0.0297253       0.7381523       0.8547952                          
     3:p g1 a2 t3             0.8007935       0.0300267       0.7354270       0.8532331                          
     4:Psi g1 a0 t1           0.5520109       0.0465793       0.4599913       0.6406015                          


                      Estimates of Derived Parameters
 Occupancy Estimates of { p(~effort)Psi(~HAiFLS_al2 + Area2 + Cross_Cat) }
                                            95% Confidence Interval
 Group   Psi-hat         Standard Error      Lower           Upper
 -----   --------------  --------------  --------------  --------------
   1      0.5520109       0.0465793       0.4599913       0.6406015    

   CPU Time for the last procedure was 0.03 seconds.     

  Program  MARK  - Survival Rate Estimation with Capture-Recapture Data
   gfortran(dble) Vers. 9.0 Mar 2018    18-Dec-2019 13:09:38    Page  004
 - - - - - - - - - - - - - - - - - - - - - - - - - - - - - - - - - - - - - -
 


  INPUT --- proc stop;

     CPU Time in minutes for this job was 0.00

     Time Start = 13:09:38.187   Time End = 13:09:38.387

     Wall Clock Time in minutes for this job was 0.00


          E X E C U T I O N   S U C C E S S F U L 
