
   Program  MARK  - Survival Rate Estimation with Capture-Recapture Data
   gfortran(dble) Vers. 9.0 Mar 2018    18-Dec-2019 13:12:42    Page  001
 - - - - - - - - - - - - - - - - - - - - - - - - - - - - - - - - - - - - - -
 
   This version was compiled by GCC version 7.2.0 using the options: 
     -cpp -iprefix C:/Program Files/mingw-w64/x86_64-7.2.0-posix-seh-rt_v5-rev1/
     mingw64/bin/../lib/gcc/x86_64-w64-mingw32/7.2.0/ -D_MT -D_REENTRANT
     -U_REENTRANT -D IEEE -D DBLEPRECISION -m64 -mtune=core2 -march=nocona -mthreads
     -O2 -fimplicit-none -fbounds-check -funroll-loops -ftree-vectorize
     -ffpe-summary=invalid,zero,overflow,underflow -fno-unsafe-math-optimizations
     -frounding-math -fsignaling-nans -fopenmp.

   This problem will use 7 of 8 possible threads.


  INPUT --- proc title ;

   CPU Time for the last procedure was 0.01 seconds.     


  INPUT --- proc chmatrix occasions= 3 groups= 1 etype= Occupancy 
  INPUT --- Nodes= 101 icovar = 2 ICMeans  NoHist hist= 138 ;

  INPUT ---    time interval 1 1 1 ;

  INPUT ---     icovariates Area2 AvgSlope ;

  INPUT ---    glabel(1)=freq1;

      Number of unique encounter histories read was 138.

      Number of individual covariates read was 2.
      Time interval lengths are all equal to 1.

      Data type number is 27
      Data type is Occupancy Estimation with Detection < 1                                                             

   CPU Time for the last procedure was 0.01 seconds.     

  Program  MARK  - Survival Rate Estimation with Capture-Recapture Data
   gfortran(dble) Vers. 9.0 Mar 2018    18-Dec-2019 13:12:42    Page  002
 - - - - - - - - - - - - - - - - - - - - - - - - - - - - - - - - - - - - - -
 


  INPUT --- proc estimate link=Logit NOLOOP varest=2ndPart    ;


  INPUT --- model={ p(~1)Psi(~Area2 + AvgSlope) };

  INPUT ---    group=1 p    rows=1 cols=3 Square ;
  INPUT ---        1 1 1 ;

  INPUT ---    group=1 Psi    rows=1 cols=1 Square ;
  INPUT ---        2 ;

  INPUT ---    design matrix constraints=2 covariates=4;
  INPUT ---        1 0 0 0;
  INPUT ---        0 1 Area2 AvgSlope;
  INPUT ---       blabel(1)=p:(Intercept);
  INPUT ---       blabel(2)=Psi:(Intercept);
  INPUT ---       blabel(3)=Psi:Area2;
  INPUT ---       blabel(4)=Psi:AvgSlope;
  INPUT ---       rlabel(1)=p g1 a0 t1;
  INPUT ---       rlabel(2)=Psi g1 a0 t1;

 Link Function Used is LOGIT        

 Variance Estimation Procedure Used is 2ndPart 
 -2logL(saturated) = 0.0000000     
 Effective Sample Size = 138

 Number of function evaluations was 14 for 4 parameters.
 Time for numerical optimization was 0.09 seconds.     
 -2logL { p(~1)Psi(~Area2 + AvgSlope) } = 397.41691     
 Penalty { p(~1)Psi(~Area2 + AvgSlope) } = 0.0000000     
 Gradient { p(~1)Psi(~Area2 + AvgSlope) }:
 -0.1538327E-05  0.3181086E-05   0.000000       0.000000    
 Maximum ABS(G) { p(~1)Psi(~Area2 + AvgSlope) } = 0.3181086E-05 
 S Vector { p(~1)Psi(~Area2 + AvgSlope) }:
   35.45863      30.59466     0.6206903     0.2834185    
 Time to compute number of parameters was 0.01 seconds.     
 Ratio Threshold = 50.000000       Max Gap (2/3) = 49.291351       Next Max Gap (3/4) = 2.1900137     
 Gap Method for Num. of Estimated Parameters { p(~1)Psi(~Area2 + AvgSlope) } = 4          
 Threshold { p(~1)Psi(~Area2 + AvgSlope) } = 0.6362172E-05                 
 Numerical Threshold Method for Num. of Estimated Parameters { p(~1)Psi(~Area2 + AvgSlope) } = 4          
 Number of Estimated Parameters { p(~1)Psi(~Area2 + AvgSlope) } = 4          
 DEVIANCE { p(~1)Psi(~Area2 + AvgSlope) } = 397.41691                     
 DEVIANCE Degrees of Freedom { p(~1)Psi(~Area2 + AvgSlope) } = 134            
 c-hat { p(~1)Psi(~Area2 + AvgSlope) } = 2.9657979                     
 AIC { p(~1)Psi(~Area2 + AvgSlope) } = 405.41691                  
 AICc { p(~1)Psi(~Area2 + AvgSlope) } = 405.71766                    
 BIC { p(~1)Psi(~Area2 + AvgSlope) } = 417.12593                    
 Pearson Chisquare { p(~1)Psi(~Area2 + AvgSlope) } = 1280.9036                  


               LOGIT Link Function Parameters of { p(~1)Psi(~Area2 + AvgSlope) }
                                                              95% Confidence Interval
 Parameter                    Beta         Standard Error      Lower           Upper
 -------------------------  --------------  --------------  --------------  --------------
    1:p:(Intercept)          1.4797694       0.1799856       1.1269976       1.8325412    
    2:Psi:(Intercept)       -0.1991808       0.3305099      -0.8469802       0.4486185    
    3:Psi:Area2              0.1731251E-03   0.7127191E-03  -0.0012238       0.0015701    

  Program  MARK  - Survival Rate Estimation with Capture-Recapture Data
   gfortran(dble) Vers. 9.0 Mar 2018    18-Dec-2019 13:12:42    Page  003
 - - - - - - - - - - - - - - - - - - - - - - - - - - - - - - - - - - - - - -
 
    4:Psi:AvgSlope           0.0264193       0.0226465      -0.0179679       0.0708065    


               Real Function Parameters of { p(~1)Psi(~Area2 + AvgSlope) }

      Following estimates based on unstandardized individual covariate values:
          Variable   Value         
          ---------  ------------- 
          AREA2       112.64471    
          AVGSLOPE    12.952003    
                                                               95% Confidence Interval
  Parameter                  Estimate       Standard Error      Lower           Upper
 --------------------------  --------------  --------------  --------------  --------------
     1:p g1 a0 t1             0.8145377       0.0271897       0.7552844       0.8620642                          
     2:Psi g1 a0 t1           0.5405367       0.0430411       0.4558226       0.6229711                          


                      Estimates of Derived Parameters
          Occupancy Estimates of { p(~1)Psi(~Area2 + AvgSlope) }
                                            95% Confidence Interval
 Group   Psi-hat         Standard Error      Lower           Upper
 -----   --------------  --------------  --------------  --------------
   1      0.5405367       0.0430411       0.4558226       0.6229711    

   CPU Time for the last procedure was 0.09 seconds.     

  Program  MARK  - Survival Rate Estimation with Capture-Recapture Data
   gfortran(dble) Vers. 9.0 Mar 2018    18-Dec-2019 13:12:42    Page  004
 - - - - - - - - - - - - - - - - - - - - - - - - - - - - - - - - - - - - - -
 


  INPUT --- proc stop;

     CPU Time in minutes for this job was 0.00

     Time Start = 13:12:42.181   Time End = 13:12:42.379

     Wall Clock Time in minutes for this job was 0.00


          E X E C U T I O N   S U C C E S S F U L 
