
   Program  MARK  - Survival Rate Estimation with Capture-Recapture Data
   gfortran(dble) Vers. 9.0 Mar 2018    17-Dec-2019 15:55:19    Page  001
 - - - - - - - - - - - - - - - - - - - - - - - - - - - - - - - - - - - - - -
 
   This version was compiled by GCC version 7.2.0 using the options: 
     -cpp -iprefix C:/Program Files/mingw-w64/x86_64-7.2.0-posix-seh-rt_v5-rev1/
     mingw64/bin/../lib/gcc/x86_64-w64-mingw32/7.2.0/ -D_MT -D_REENTRANT
     -U_REENTRANT -D IEEE -D DBLEPRECISION -m64 -mtune=core2 -march=nocona -mthreads
     -O2 -fimplicit-none -fbounds-check -funroll-loops -ftree-vectorize
     -ffpe-summary=invalid,zero,overflow,underflow -fno-unsafe-math-optimizations
     -frounding-math -fsignaling-nans -fopenmp.

   This problem will use 7 of 8 possible threads.


  INPUT --- proc title ;

   CPU Time for the last procedure was 0.01 seconds.     


  INPUT --- proc chmatrix occasions= 3 groups= 1 etype= Occupancy 
  INPUT --- Nodes= 101 icovar = 6 ICMeans  NoHist hist= 138 ;

  INPUT ---    time interval 1 1 1 ;

  INPUT ---     icovariates effort1 effort2 effort3 HAiFLS_al2 Area_km2  
  INPUT ---    Cross_Cat ;

  INPUT ---    glabel(1)=freq1;

      Number of unique encounter histories read was 138.

      Number of individual covariates read was 6.
      Time interval lengths are all equal to 1.

      Data type number is 27
      Data type is Occupancy Estimation with Detection < 1                                                             

   CPU Time for the last procedure was 0.01 seconds.     

  Program  MARK  - Survival Rate Estimation with Capture-Recapture Data
   gfortran(dble) Vers. 9.0 Mar 2018    17-Dec-2019 15:55:19    Page  002
 - - - - - - - - - - - - - - - - - - - - - - - - - - - - - - - - - - - - - -
 


  INPUT --- proc estimate link=Logit NOLOOP varest=2ndPart    ;


  INPUT --- model={ p(~effort)Psi(~HAiFLS_al2 + Area_km2 + Cross_Cat) };

  INPUT ---    group=1 p    rows=1 cols=3 Square ;
  INPUT ---        1 2 3 ;

  INPUT ---    group=1 Psi    rows=1 cols=1 Square ;
  INPUT ---        4 ;

  INPUT ---    design matrix constraints=4 covariates=6;
  INPUT ---        1 effort1 0 0 0 0;
  INPUT ---        1 effort2 0 0 0 0;
  INPUT ---        1 effort3 0 0 0 0;
  INPUT ---        0 0 1 HAiFLS_al2 Area_km2 Cross_Cat;
  INPUT ---       blabel(1)=p:(Intercept);
  INPUT ---       blabel(2)=p:effort;
  INPUT ---       blabel(3)=Psi:(Intercept);
  INPUT ---       blabel(4)=Psi:HAiFLS_al2;
  INPUT ---       blabel(5)=Psi:Area_km2;
  INPUT ---       blabel(6)=Psi:Cross_Cat;
  INPUT ---       rlabel(1)=p g1 a0 t1;
  INPUT ---       rlabel(2)=p g1 a1 t2;
  INPUT ---       rlabel(3)=p g1 a2 t3;
  INPUT ---       rlabel(4)=Psi g1 a0 t1;

 Link Function Used is LOGIT        

 Variance Estimation Procedure Used is 2ndPart 
 -2logL(saturated) = 0.0000000     
 Effective Sample Size = 138

 Number of function evaluations was 24 for 6 parameters.
 Time for numerical optimization was 0.02 seconds.     
 -2logL { p(~effort)Psi(~HAiFLS_al2 + Area_km2 + Cross_Cat) } = 369.41511     
 Penalty { p(~effort)Psi(~HAiFLS_al2 + Area_km2 + Cross_Cat) } = 0.0000000     
 Gradient { p(~effort)Psi(~HAiFLS_al2 + Area_km2 + Cross_Cat) }:
   0.000000       0.000000     -0.2436112E-05 -0.1326242E-05  0.4136031E-06
  0.4884624E-06
 Maximum ABS(G) { p(~effort)Psi(~HAiFLS_al2 + Area_km2 + Cross_Cat) } = 0.2436112E-05 
 S Vector { p(~effort)Psi(~HAiFLS_al2 + Area_km2 + Cross_Cat) }:
   39.46917      29.92917      1.933331     0.8298543     0.4222648    
  0.4388758E-01
 Time to compute number of parameters was 0.01 seconds.     
 Ratio Threshold = 50.000000       Max Gap (2/3) = 15.480624       Next Max Gap (5/6) = 9.6215093     
 Gap Method for Num. of Estimated Parameters { p(~effort)Psi(~HAiFLS_al2 + Area_km2 + Cross_Cat) } = 6          
 Threshold { p(~effort)Psi(~HAiFLS_al2 + Area_km2 + Cross_Cat) } = 0.4872224E-05                 
 Numerical Threshold Method for Num. of Estimated Parameters { p(~effort)Psi(~HAiFLS_al2 + Area_km2 + Cross_Cat) } = 6          
 Number of Estimated Parameters { p(~effort)Psi(~HAiFLS_al2 + Area_km2 + Cross_Cat) } = 6          
 DEVIANCE { p(~effort)Psi(~HAiFLS_al2 + Area_km2 + Cross_Cat) } = 369.41511                     
 DEVIANCE Degrees of Freedom { p(~effort)Psi(~HAiFLS_al2 + Area_km2 + Cross_Cat) } = 132            
 c-hat { p(~effort)Psi(~HAiFLS_al2 + Area_km2 + Cross_Cat) } = 2.7985993                     
 AIC { p(~effort)Psi(~HAiFLS_al2 + Area_km2 + Cross_Cat) } = 381.41511                  
 AICc { p(~effort)Psi(~HAiFLS_al2 + Area_km2 + Cross_Cat) } = 382.05633                    
 BIC { p(~effort)Psi(~HAiFLS_al2 + Area_km2 + Cross_Cat) } = 398.97863                    
 Pearson Chisquare { p(~effort)Psi(~HAiFLS_al2 + Area_km2 + Cross_Cat) } = 1229.0482                  

  Program  MARK  - Survival Rate Estimation with Capture-Recapture Data
   gfortran(dble) Vers. 9.0 Mar 2018    17-Dec-2019 15:55:20    Page  003
 - - - - - - - - - - - - - - - - - - - - - - - - - - - - - - - - - - - - - -
 


    LOGIT Link Function Parameters of { p(~effort)Psi(~HAiFLS_al2 + Area_km2 + Cross_Cat) }
                                                              95% Confidence Interval
 Parameter                    Beta         Standard Error      Lower           Upper
 -------------------------  --------------  --------------  --------------  --------------
    1:p:(Intercept)          0.7449724       0.3692571       0.0212286       1.4687163    
    2:p:effort               0.8010656E-03   0.3771382E-03   0.6187475E-04   0.0015403    
    3:Psi:(Intercept)        0.5658957       0.4969629      -0.4081516       1.5399430    
    4:Psi:HAiFLS_al2        -0.1903328E-03   0.6390454E-04  -0.3155857E-03  -0.6507989E-04
    5:Psi:Area_km2           0.1615881       0.0635692       0.0369924       0.2861838    
    6:Psi:Cross_Cat         -0.0945778       0.0508934      -0.1943288       0.0051732    


    Real Function Parameters of { p(~effort)Psi(~HAiFLS_al2 + Area_km2 + Cross_Cat) }

      Following estimates based on unstandardized individual covariate values:
          Variable   Value         
          ---------  ------------- 
          EFFORT1     906.23188    
          EFFORT2     834.18841    
          EFFORT3     818.18116    
          HAIFLS_AL2  5578.3218    
          AREA_KM2    7.8085664    
          CROSS_CAT   5.6956522    
                                                               95% Confidence Interval
  Parameter                  Estimate       Standard Error      Lower           Upper
 --------------------------  --------------  --------------  --------------  --------------
     1:p g1 a0 t1             0.8131977       0.0284755       0.7509181       0.8627514                          
     2:p g1 a1 t2             0.8042721       0.0292972       0.7404744       0.8554483                          
     3:p g1 a2 t3             0.8022456       0.0295638       0.7379121       0.8539138                          
     4:Psi g1 a0 t1           0.5565685       0.0478468       0.4618901       0.6473085                          


                      Estimates of Derived Parameters
 Occupancy Estimates of { p(~effort)Psi(~HAiFLS_al2 + Area_km2 + Cross_Cat) }
                                            95% Confidence Interval
 Group   Psi-hat         Standard Error      Lower           Upper
 -----   --------------  --------------  --------------  --------------
   1      0.5565685       0.0478468       0.4618901       0.6473085    

   CPU Time for the last procedure was 0.02 seconds.     

  Program  MARK  - Survival Rate Estimation with Capture-Recapture Data
   gfortran(dble) Vers. 9.0 Mar 2018    17-Dec-2019 15:55:20    Page  004
 - - - - - - - - - - - - - - - - - - - - - - - - - - - - - - - - - - - - - -
 


  INPUT --- proc stop;

     CPU Time in minutes for this job was 0.00

     Time Start = 15:55:19.539   Time End = 15:55:20.231

     Wall Clock Time in minutes for this job was 0.01


          E X E C U T I O N   S U C C E S S F U L 
