
   Program  MARK  - Survival Rate Estimation with Capture-Recapture Data
   gfortran(dble) Vers. 9.0 Mar 2018    18-Dec-2019 13:13:14    Page  001
 - - - - - - - - - - - - - - - - - - - - - - - - - - - - - - - - - - - - - -
 
   This version was compiled by GCC version 7.2.0 using the options: 
     -cpp -iprefix C:/Program Files/mingw-w64/x86_64-7.2.0-posix-seh-rt_v5-rev1/
     mingw64/bin/../lib/gcc/x86_64-w64-mingw32/7.2.0/ -D_MT -D_REENTRANT
     -U_REENTRANT -D IEEE -D DBLEPRECISION -m64 -mtune=core2 -march=nocona -mthreads
     -O2 -fimplicit-none -fbounds-check -funroll-loops -ftree-vectorize
     -ffpe-summary=invalid,zero,overflow,underflow -fno-unsafe-math-optimizations
     -frounding-math -fsignaling-nans -fopenmp.

   This problem will use 7 of 8 possible threads.


  INPUT --- proc title ;

   CPU Time for the last procedure was 0.01 seconds.     


  INPUT --- proc chmatrix occasions= 3 groups= 1 etype= Occupancy 
  INPUT --- Nodes= 101 icovar = 6 ICMeans  NoHist hist= 138 ;

  INPUT ---    time interval 1 1 1 ;

  INPUT ---     icovariates effort1 effort2 effort3 HAiFLS_nat Area_km2  
  INPUT ---    AvgSlope ;

  INPUT ---    glabel(1)=freq1;

      Number of unique encounter histories read was 138.

      Number of individual covariates read was 6.
      Time interval lengths are all equal to 1.

      Data type number is 27
      Data type is Occupancy Estimation with Detection < 1                                                             

   CPU Time for the last procedure was 0.01 seconds.     

  Program  MARK  - Survival Rate Estimation with Capture-Recapture Data
   gfortran(dble) Vers. 9.0 Mar 2018    18-Dec-2019 13:13:14    Page  002
 - - - - - - - - - - - - - - - - - - - - - - - - - - - - - - - - - - - - - -
 


  INPUT --- proc estimate link=Logit NOLOOP varest=2ndPart    ;


  INPUT --- model={ p(~effort)Psi(~HAiFLS_nat + Area_km2 + AvgSlope) };

  INPUT ---    group=1 p    rows=1 cols=3 Square ;
  INPUT ---        1 2 3 ;

  INPUT ---    group=1 Psi    rows=1 cols=1 Square ;
  INPUT ---        4 ;

  INPUT ---    design matrix constraints=4 covariates=6;
  INPUT ---        1 effort1 0 0 0 0;
  INPUT ---        1 effort2 0 0 0 0;
  INPUT ---        1 effort3 0 0 0 0;
  INPUT ---        0 0 1 HAiFLS_nat Area_km2 AvgSlope;
  INPUT ---       blabel(1)=p:(Intercept);
  INPUT ---       blabel(2)=p:effort;
  INPUT ---       blabel(3)=Psi:(Intercept);
  INPUT ---       blabel(4)=Psi:HAiFLS_nat;
  INPUT ---       blabel(5)=Psi:Area_km2;
  INPUT ---       blabel(6)=Psi:AvgSlope;
  INPUT ---       rlabel(1)=p g1 a0 t1;
  INPUT ---       rlabel(2)=p g1 a1 t2;
  INPUT ---       rlabel(3)=p g1 a2 t3;
  INPUT ---       rlabel(4)=Psi g1 a0 t1;

 Link Function Used is LOGIT        

 Variance Estimation Procedure Used is 2ndPart 
 -2logL(saturated) = 0.0000000     
 Effective Sample Size = 138

 Number of function evaluations was 16 for 6 parameters.
 Time for numerical optimization was 0.05 seconds.     
 -2logL { p(~effort)Psi(~HAiFLS_nat + Area_km2 + AvgSlope) } = 378.59078     
 Penalty { p(~effort)Psi(~HAiFLS_nat + Area_km2 + AvgSlope) } = 0.0000000     
 Gradient { p(~effort)Psi(~HAiFLS_nat + Area_km2 + AvgSlope) }:
  0.4343649E-05  0.9200060E-06  0.1832564E-05  0.1263273E-05  0.1803057E-05
  0.2146940E-05
 Maximum ABS(G) { p(~effort)Psi(~HAiFLS_nat + Area_km2 + AvgSlope) } = 0.4343649E-05 
 S Vector { p(~effort)Psi(~HAiFLS_nat + Area_km2 + AvgSlope) }:
   35.37446      29.32877      1.941645     0.5935029     0.4265641    
  0.3200900    
 Time to compute number of parameters was 0.01 seconds.     
 Ratio Threshold = 50.000000       Max Gap (2/3) = 15.105111       Next Max Gap (3/4) = 3.2715009     
 Gap Method for Num. of Estimated Parameters { p(~effort)Psi(~HAiFLS_nat + Area_km2 + AvgSlope) } = 6          
 Threshold { p(~effort)Psi(~HAiFLS_nat + Area_km2 + AvgSlope) } = 0.8687297E-05                 
 Numerical Threshold Method for Num. of Estimated Parameters { p(~effort)Psi(~HAiFLS_nat + Area_km2 + AvgSlope) } = 6          
 Number of Estimated Parameters { p(~effort)Psi(~HAiFLS_nat + Area_km2 + AvgSlope) } = 6          
 DEVIANCE { p(~effort)Psi(~HAiFLS_nat + Area_km2 + AvgSlope) } = 378.59078                     
 DEVIANCE Degrees of Freedom { p(~effort)Psi(~HAiFLS_nat + Area_km2 + AvgSlope) } = 132            
 c-hat { p(~effort)Psi(~HAiFLS_nat + Area_km2 + AvgSlope) } = 2.8681120                     
 AIC { p(~effort)Psi(~HAiFLS_nat + Area_km2 + AvgSlope) } = 390.59078                  
 AICc { p(~effort)Psi(~HAiFLS_nat + Area_km2 + AvgSlope) } = 391.23200                    
 BIC { p(~effort)Psi(~HAiFLS_nat + Area_km2 + AvgSlope) } = 408.15430                    
 Pearson Chisquare { p(~effort)Psi(~HAiFLS_nat + Area_km2 + AvgSlope) } = 1268.0576                  

  Program  MARK  - Survival Rate Estimation with Capture-Recapture Data
   gfortran(dble) Vers. 9.0 Mar 2018    18-Dec-2019 13:13:14    Page  003
 - - - - - - - - - - - - - - - - - - - - - - - - - - - - - - - - - - - - - -
 


     LOGIT Link Function Parameters of { p(~effort)Psi(~HAiFLS_nat + Area_km2 + AvgSlope) }
                                                              95% Confidence Interval
 Parameter                    Beta         Standard Error      Lower           Upper
 -------------------------  --------------  --------------  --------------  --------------
    1:p:(Intercept)          0.7564483       0.3668584       0.0374059       1.4754908    
    2:p:effort               0.7889626E-03   0.3761425E-03   0.5172332E-04   0.0015262    
    3:Psi:(Intercept)       -1.0816180       0.4382056      -1.9405011      -0.2227349    
    4:Psi:HAiFLS_nat         0.0202209       0.0069941       0.0065124       0.0339294    
    5:Psi:Area_km2           0.0634981       0.0325893      -0.3769391E-03   0.1273731    
    6:Psi:AvgSlope           0.0136871       0.0243861      -0.0341096       0.0614839    


     Real Function Parameters of { p(~effort)Psi(~HAiFLS_nat + Area_km2 + AvgSlope) }

      Following estimates based on unstandardized individual covariate values:
          Variable   Value         
          ---------  ------------- 
          EFFORT1     906.23188    
          EFFORT2     834.18841    
          EFFORT3     818.18116    
          HAIFLS_NAT  30.404180    
          AREA_KM2    7.8085664    
          AVGSLOPE    12.952003    
                                                               95% Confidence Interval
  Parameter                  Estimate       Standard Error      Lower           Upper
 --------------------------  --------------  --------------  --------------  --------------
     1:p g1 a0 t1             0.8132749       0.0284898       0.7509567       0.8628472                          
     2:p g1 a1 t2             0.8044892       0.0292548       0.7407822       0.8555914                          
     3:p g1 a2 t3             0.8024952       0.0295079       0.7382828       0.8540671                          
     4:Psi g1 a0 t1           0.5513899       0.0459886       0.4605542       0.6389219                          


                      Estimates of Derived Parameters
 Occupancy Estimates of { p(~effort)Psi(~HAiFLS_nat + Area_km2 + AvgSlope) }
                                            95% Confidence Interval
 Group   Psi-hat         Standard Error      Lower           Upper
 -----   --------------  --------------  --------------  --------------
   1      0.5513899       0.0459886       0.4605542       0.6389219    

   CPU Time for the last procedure was 0.05 seconds.     

  Program  MARK  - Survival Rate Estimation with Capture-Recapture Data
   gfortran(dble) Vers. 9.0 Mar 2018    18-Dec-2019 13:13:14    Page  004
 - - - - - - - - - - - - - - - - - - - - - - - - - - - - - - - - - - - - - -
 


  INPUT --- proc stop;

     CPU Time in minutes for this job was 0.00

     Time Start = 13:13:14.461   Time End = 13:13:14.574

     Wall Clock Time in minutes for this job was 0.00


          E X E C U T I O N   S U C C E S S F U L 
