
   Program  MARK  - Survival Rate Estimation with Capture-Recapture Data
   gfortran(dble) Vers. 9.0 Mar 2018    18-Dec-2019 13:09:52    Page  001
 - - - - - - - - - - - - - - - - - - - - - - - - - - - - - - - - - - - - - -
 
   This version was compiled by GCC version 7.2.0 using the options: 
     -cpp -iprefix C:/Program Files/mingw-w64/x86_64-7.2.0-posix-seh-rt_v5-rev1/
     mingw64/bin/../lib/gcc/x86_64-w64-mingw32/7.2.0/ -D_MT -D_REENTRANT
     -U_REENTRANT -D IEEE -D DBLEPRECISION -m64 -mtune=core2 -march=nocona -mthreads
     -O2 -fimplicit-none -fbounds-check -funroll-loops -ftree-vectorize
     -ffpe-summary=invalid,zero,overflow,underflow -fno-unsafe-math-optimizations
     -frounding-math -fsignaling-nans -fopenmp.

   This problem will use 7 of 8 possible threads.


  INPUT --- proc title ;

   CPU Time for the last procedure was 0.01 seconds.     


  INPUT --- proc chmatrix occasions= 3 groups= 1 etype= Occupancy 
  INPUT --- Nodes= 101 icovar = 6 ICMeans  NoHist hist= 138 ;

  INPUT ---    time interval 1 1 1 ;

  INPUT ---     icovariates effort1 effort2 effort3 HAiFLS_alt Area_km2  
  INPUT ---    Cross_Cat ;

  INPUT ---    glabel(1)=freq1;

      Number of unique encounter histories read was 138.

      Number of individual covariates read was 6.
      Time interval lengths are all equal to 1.

      Data type number is 27
      Data type is Occupancy Estimation with Detection < 1                                                             

   CPU Time for the last procedure was 0.01 seconds.     

  Program  MARK  - Survival Rate Estimation with Capture-Recapture Data
   gfortran(dble) Vers. 9.0 Mar 2018    18-Dec-2019 13:09:52    Page  002
 - - - - - - - - - - - - - - - - - - - - - - - - - - - - - - - - - - - - - -
 


  INPUT --- proc estimate link=Logit NOLOOP varest=2ndPart    ;


  INPUT --- model={ p(~effort)Psi(~HAiFLS_alt + Area_km2 + Cross_Cat) };

  INPUT ---    group=1 p    rows=1 cols=3 Square ;
  INPUT ---        1 2 3 ;

  INPUT ---    group=1 Psi    rows=1 cols=1 Square ;
  INPUT ---        4 ;

  INPUT ---    design matrix constraints=4 covariates=6;
  INPUT ---        1 effort1 0 0 0 0;
  INPUT ---        1 effort2 0 0 0 0;
  INPUT ---        1 effort3 0 0 0 0;
  INPUT ---        0 0 1 HAiFLS_alt Area_km2 Cross_Cat;
  INPUT ---       blabel(1)=p:(Intercept);
  INPUT ---       blabel(2)=p:effort;
  INPUT ---       blabel(3)=Psi:(Intercept);
  INPUT ---       blabel(4)=Psi:HAiFLS_alt;
  INPUT ---       blabel(5)=Psi:Area_km2;
  INPUT ---       blabel(6)=Psi:Cross_Cat;
  INPUT ---       rlabel(1)=p g1 a0 t1;
  INPUT ---       rlabel(2)=p g1 a1 t2;
  INPUT ---       rlabel(3)=p g1 a2 t3;
  INPUT ---       rlabel(4)=Psi g1 a0 t1;

 Link Function Used is LOGIT        

 Variance Estimation Procedure Used is 2ndPart 
 -2logL(saturated) = 0.0000000     
 Effective Sample Size = 138

 Number of function evaluations was 20 for 6 parameters.
 Time for numerical optimization was 0.02 seconds.     
 -2logL { p(~effort)Psi(~HAiFLS_alt + Area_km2 + Cross_Cat) } = 373.44042     
 Penalty { p(~effort)Psi(~HAiFLS_alt + Area_km2 + Cross_Cat) } = 0.0000000     
 Gradient { p(~effort)Psi(~HAiFLS_alt + Area_km2 + Cross_Cat) }:
  0.2173909E-05  0.9163450E-06  0.2393522E-05  0.4326130E-05  0.1141271E-05
  0.8746023E-06
 Maximum ABS(G) { p(~effort)Psi(~HAiFLS_alt + Area_km2 + Cross_Cat) } = 0.4326130E-05 
 S Vector { p(~effort)Psi(~HAiFLS_alt + Area_km2 + Cross_Cat) }:
   45.31335      30.22427      1.341793     0.8370681     0.4268887    
  0.4439471E-01
 Time to compute number of parameters was 0.01 seconds.     
 Ratio Threshold = 50.000000       Max Gap (2/3) = 22.525285       Next Max Gap (5/6) = 9.6157563     
 Gap Method for Num. of Estimated Parameters { p(~effort)Psi(~HAiFLS_alt + Area_km2 + Cross_Cat) } = 6          
 Threshold { p(~effort)Psi(~HAiFLS_alt + Area_km2 + Cross_Cat) } = 0.8652259E-05                 
 Numerical Threshold Method for Num. of Estimated Parameters { p(~effort)Psi(~HAiFLS_alt + Area_km2 + Cross_Cat) } = 6          
 Number of Estimated Parameters { p(~effort)Psi(~HAiFLS_alt + Area_km2 + Cross_Cat) } = 6          
 DEVIANCE { p(~effort)Psi(~HAiFLS_alt + Area_km2 + Cross_Cat) } = 373.44042                     
 DEVIANCE Degrees of Freedom { p(~effort)Psi(~HAiFLS_alt + Area_km2 + Cross_Cat) } = 132            
 c-hat { p(~effort)Psi(~HAiFLS_alt + Area_km2 + Cross_Cat) } = 2.8290941                     
 AIC { p(~effort)Psi(~HAiFLS_alt + Area_km2 + Cross_Cat) } = 385.44042                  
 AICc { p(~effort)Psi(~HAiFLS_alt + Area_km2 + Cross_Cat) } = 386.08164                    
 BIC { p(~effort)Psi(~HAiFLS_alt + Area_km2 + Cross_Cat) } = 403.00394                    
 Pearson Chisquare { p(~effort)Psi(~HAiFLS_alt + Area_km2 + Cross_Cat) } = 1234.4737                  

  Program  MARK  - Survival Rate Estimation with Capture-Recapture Data
   gfortran(dble) Vers. 9.0 Mar 2018    18-Dec-2019 13:09:52    Page  003
 - - - - - - - - - - - - - - - - - - - - - - - - - - - - - - - - - - - - - -
 


    LOGIT Link Function Parameters of { p(~effort)Psi(~HAiFLS_alt + Area_km2 + Cross_Cat) }
                                                              95% Confidence Interval
 Parameter                    Beta         Standard Error      Lower           Upper
 -------------------------  --------------  --------------  --------------  --------------
    1:p:(Intercept)          0.7547638       0.3665348       0.0363555       1.4731721    
    2:p:effort               0.7931166E-03   0.3751836E-03   0.5775671E-04   0.0015285    
    3:Psi:(Intercept)        0.5937591       0.6036097      -0.5893158       1.7768341    
    4:Psi:HAiFLS_alt        -0.0165714       0.0072429      -0.0307675      -0.0023753    
    5:Psi:Area_km2           0.1773950       0.0631633       0.0535950       0.3011951    
    6:Psi:Cross_Cat         -0.1072677       0.0506065      -0.2064565      -0.0080789    


    Real Function Parameters of { p(~effort)Psi(~HAiFLS_alt + Area_km2 + Cross_Cat) }

      Following estimates based on unstandardized individual covariate values:
          Variable   Value         
          ---------  ------------- 
          EFFORT1     906.23188    
          EFFORT2     834.18841    
          EFFORT3     818.18116    
          HAIFLS_ALT  69.284136    
          AREA_KM2    7.8085664    
          CROSS_CAT   5.6956522    
                                                               95% Confidence Interval
  Parameter                  Estimate       Standard Error      Lower           Upper
 --------------------------  --------------  --------------  --------------  --------------
     1:p g1 a0 t1             0.8135905       0.0283714       0.7515417       0.8629689                          
     2:p g1 a1 t2             0.8047691       0.0291552       0.7412863       0.8557068                          
     3:p g1 a2 t3             0.8027667       0.0294124       0.7387690       0.8541806                          
     4:Psi g1 a0 t1           0.5547458       0.0469535       0.4618948       0.6439263                          


                      Estimates of Derived Parameters
 Occupancy Estimates of { p(~effort)Psi(~HAiFLS_alt + Area_km2 + Cross_Cat) }
                                            95% Confidence Interval
 Group   Psi-hat         Standard Error      Lower           Upper
 -----   --------------  --------------  --------------  --------------
   1      0.5547458       0.0469535       0.4618948       0.6439263    

   CPU Time for the last procedure was 0.03 seconds.     

  Program  MARK  - Survival Rate Estimation with Capture-Recapture Data
   gfortran(dble) Vers. 9.0 Mar 2018    18-Dec-2019 13:09:52    Page  004
 - - - - - - - - - - - - - - - - - - - - - - - - - - - - - - - - - - - - - -
 


  INPUT --- proc stop;

     CPU Time in minutes for this job was 0.00

     Time Start = 13:09:52.699   Time End = 13:09:52.868

     Wall Clock Time in minutes for this job was 0.00


          E X E C U T I O N   S U C C E S S F U L 
