
   Program  MARK  - Survival Rate Estimation with Capture-Recapture Data
   gfortran(dble) Vers. 9.0 Mar 2018    19-Dec-2019 22:40:15    Page  001
 - - - - - - - - - - - - - - - - - - - - - - - - - - - - - - - - - - - - - -
 
   This version was compiled by GCC version 7.2.0 using the options: 
     -cpp -iprefix C:/Program Files/mingw-w64/x86_64-7.2.0-posix-seh-rt_v5-rev1/
     mingw64/bin/../lib/gcc/x86_64-w64-mingw32/7.2.0/ -D_MT -D_REENTRANT
     -U_REENTRANT -D IEEE -D DBLEPRECISION -m64 -mtune=core2 -march=nocona -mthreads
     -O2 -fimplicit-none -fbounds-check -funroll-loops -ftree-vectorize
     -ffpe-summary=invalid,zero,overflow,underflow -fno-unsafe-math-optimizations
     -frounding-math -fsignaling-nans -fopenmp.

   This problem will use 7 of 8 possible threads.


  INPUT --- proc title ;

   CPU Time for the last procedure was 0.01 seconds.     


  INPUT --- proc chmatrix occasions= 3 groups= 1 etype= Occupancy 
  INPUT --- Nodes= 101 icovar = 8 ICMeans  NoHist hist= 138 ;

  INPUT ---    time interval 1 1 1 ;

  INPUT ---     icovariates effort1 effort2 effort3 MEANT avdep mFlow  
  INPUT ---    pctrun pctBrBnk ;

  INPUT ---    glabel(1)=freq1;

      Number of unique encounter histories read was 138.

      Number of individual covariates read was 8.
      Time interval lengths are all equal to 1.

      Data type number is 27
      Data type is Occupancy Estimation with Detection < 1                                                             

   CPU Time for the last procedure was 0.01 seconds.     

  Program  MARK  - Survival Rate Estimation with Capture-Recapture Data
   gfortran(dble) Vers. 9.0 Mar 2018    19-Dec-2019 22:40:15    Page  002
 - - - - - - - - - - - - - - - - - - - - - - - - - - - - - - - - - - - - - -
 


  INPUT --- proc estimate link=Logit NOLOOP varest=2ndPart    ;


  INPUT --- model={ p(~effort)Psi(~MEANT + avdep + mFlow + pctrun + 
  INPUT --- pctBrBnk) };

  INPUT ---    group=1 p    rows=1 cols=3 Square ;
  INPUT ---        1 2 3 ;

  INPUT ---    group=1 Psi    rows=1 cols=1 Square ;
  INPUT ---        4 ;

  INPUT ---    design matrix constraints=4 covariates=8;
  INPUT ---        1 effort1 0 0 0 0 0 0;
  INPUT ---        1 effort2 0 0 0 0 0 0;
  INPUT ---        1 effort3 0 0 0 0 0 0;
  INPUT ---        0 0 1 MEANT avdep mFlow pctrun pctBrBnk;
  INPUT ---       blabel(1)=p:(Intercept);
  INPUT ---       blabel(2)=p:effort;
  INPUT ---       blabel(3)=Psi:(Intercept);
  INPUT ---       blabel(4)=Psi:MEANT;
  INPUT ---       blabel(5)=Psi:avdep;
  INPUT ---       blabel(6)=Psi:mFlow;
  INPUT ---       blabel(7)=Psi:pctrun;
  INPUT ---       blabel(8)=Psi:pctBrBnk;
  INPUT ---       rlabel(1)=p g1 a0 t1;
  INPUT ---       rlabel(2)=p g1 a1 t2;
  INPUT ---       rlabel(3)=p g1 a2 t3;
  INPUT ---       rlabel(4)=Psi g1 a0 t1;

 Link Function Used is LOGIT        

 Variance Estimation Procedure Used is 2ndPart 
 -2logL(saturated) = 0.0000000     
 Effective Sample Size = 138

 Number of function evaluations was 34 for 8 parameters.
 Time for numerical optimization was 0.09 seconds.     
 -2logL { p(~effort)Psi(~MEANT + avdep + mFlow + pctrun + pctBrBnk) } = 363.02766     
 Penalty { p(~effort)Psi(~MEANT + avdep + mFlow + pctrun + pctBrBnk) } = 0.0000000     
 Gradient { p(~effort)Psi(~MEANT + avdep + mFlow + pctrun + pctBrBnk) }:
  0.2523748E-05   0.000000       0.000000      0.8670900E-06  0.1989976E-05
  0.1614994E-06   0.000000      0.1683169E-05
 Maximum ABS(G) { p(~effort)Psi(~MEANT + avdep + mFlow + pctrun + pctBrBnk) } = 0.2523748E-05 

  Program  MARK  - Survival Rate Estimation with Capture-Recapture Data
   gfortran(dble) Vers. 9.0 Mar 2018    19-Dec-2019 22:40:15    Page  003
 - - - - - - - - - - - - - - - - - - - - - - - - - - - - - - - - - - - - - -
 
 S Vector { p(~effort)Psi(~MEANT + avdep + mFlow + pctrun + pctBrBnk) }:
   49.40073      31.18396      1.074257     0.6319878     0.4012713    
  0.1980453     0.9092819E-01 0.2819001E-01
 Time to compute number of parameters was 0.01 seconds.     
 Ratio Threshold = 50.000000       Max Gap (2/3) = 29.028404       Next Max Gap (7/8) = 3.2255463     
 Gap Method for Num. of Estimated Parameters { p(~effort)Psi(~MEANT + avdep + mFlow + pctrun + pctBrBnk) } = 8          
 Threshold { p(~effort)Psi(~MEANT + avdep + mFlow + pctrun + pctBrBnk) } = 0.5047496E-05                 
 Numerical Threshold Method for Num. of Estimated Parameters { p(~effort)Psi(~MEANT + avdep + mFlow + pctrun + pctBrBnk) } = 8          
 Number of Estimated Parameters { p(~effort)Psi(~MEANT + avdep + mFlow + pctrun + pctBrBnk) } = 8          
 DEVIANCE { p(~effort)Psi(~MEANT + avdep + mFlow + pctrun + pctBrBnk) } = 363.02766                     
 DEVIANCE Degrees of Freedom { p(~effort)Psi(~MEANT + avdep + mFlow + pctrun + pctBrBnk) } = 130            
 c-hat { p(~effort)Psi(~MEANT + avdep + mFlow + pctrun + pctBrBnk) } = 2.7925205                     
 AIC { p(~effort)Psi(~MEANT + avdep + mFlow + pctrun + pctBrBnk) } = 379.02766                  
 AICc { p(~effort)Psi(~MEANT + avdep + mFlow + pctrun + pctBrBnk) } = 380.14394                    
 BIC { p(~effort)Psi(~MEANT + avdep + mFlow + pctrun + pctBrBnk) } = 402.44569                    
 Pearson Chisquare { p(~effort)Psi(~MEANT + avdep + mFlow + pctrun + pctBrBnk) } = 1547.6978                  


 LOGIT Link Function Parameters of { p(~effort)Psi(~MEANT + avdep + mFlow + pctrun + pctBrBnk) }
                                                              95% Confidence Interval
 Parameter                    Beta         Standard Error      Lower           Upper
 -------------------------  --------------  --------------  --------------  --------------
    1:p:(Intercept)          0.5115208       0.3767072      -0.2268254       1.2498670    
    2:p:effort               0.9712329E-03   0.3922884E-03   0.2023477E-03   0.0017401    
    3:Psi:(Intercept)        2.7895191       2.1439955      -1.4127122       6.9917504    
    4:Psi:MEANT             -0.1340677       0.0964163      -0.3230437       0.0549083    
    5:Psi:avdep              0.9169561       2.5068175      -3.9964063       5.8303185    
    6:Psi:mFlow              13.031499       3.3312232       6.5023018       19.560697    
    7:Psi:pctrun            -6.1738160       1.5469126      -9.2057647      -3.1418672    
    8:Psi:pctBrBnk          -0.3999087       0.3602685      -1.1060350       0.3062176    


 Real Function Parameters of { p(~effort)Psi(~MEANT + avdep + mFlow + pctrun + pctBrBnk) }

      Following estimates based on unstandardized individual covariate values:
          Variable   Value         
          ---------  ------------- 
          EFFORT1     906.23188    
          EFFORT2     834.18841    
          EFFORT3     818.18116    
          MEANT       20.182899    
          AVDEP       0.2562426    
          MFLOW       0.2587289    
          PCTRUN      0.4539599    
          PCTBRBNK    0.8740586    
                                                               95% Confidence Interval
  Parameter                  Estimate       Standard Error      Lower           Upper
 --------------------------  --------------  --------------  --------------  --------------
     1:p g1 a0 t1             0.8008608       0.0297635       0.7361197       0.8528924                          
     2:p g1 a1 t2             0.7894664       0.0306894       0.7230840       0.8433824                          
     3:p g1 a2 t3             0.7868708       0.0309899       0.7199031       0.8413556                          
     4:Psi g1 a0 t1           0.6313530       0.0563901       0.5157833       0.7335868                          


                      Estimates of Derived Parameters
 Occupancy Estimates of { p(~effort)Psi(~MEANT + avdep + mFlow + pctrun + pctBrBnk) }
                                            95% Confidence Interval
 Group   Psi-hat         Standard Error      Lower           Upper
 -----   --------------  --------------  --------------  --------------

  Program  MARK  - Survival Rate Estimation with Capture-Recapture Data
   gfortran(dble) Vers. 9.0 Mar 2018    19-Dec-2019 22:40:15    Page  004
 - - - - - - - - - - - - - - - - - - - - - - - - - - - - - - - - - - - - - -
 
   1      0.6313530       0.0563901       0.5157833       0.7335868    

   CPU Time for the last procedure was 0.09 seconds.     


  INPUT --- proc stop;

     CPU Time in minutes for this job was 0.00

     Time Start = 22:40:15.325   Time End = 22:40:15.552

     Wall Clock Time in minutes for this job was 0.00


          E X E C U T I O N   S U C C E S S F U L 
