
   Program  MARK  - Survival Rate Estimation with Capture-Recapture Data
   gfortran(dble) Vers. 9.0 Mar 2018    18-Dec-2019 13:13:07    Page  001
 - - - - - - - - - - - - - - - - - - - - - - - - - - - - - - - - - - - - - -
 
   This version was compiled by GCC version 7.2.0 using the options: 
     -cpp -iprefix C:/Program Files/mingw-w64/x86_64-7.2.0-posix-seh-rt_v5-rev1/
     mingw64/bin/../lib/gcc/x86_64-w64-mingw32/7.2.0/ -D_MT -D_REENTRANT
     -U_REENTRANT -D IEEE -D DBLEPRECISION -m64 -mtune=core2 -march=nocona -mthreads
     -O2 -fimplicit-none -fbounds-check -funroll-loops -ftree-vectorize
     -ffpe-summary=invalid,zero,overflow,underflow -fno-unsafe-math-optimizations
     -frounding-math -fsignaling-nans -fopenmp.

   This problem will use 7 of 8 possible threads.


  INPUT --- proc title ;

   CPU Time for the last procedure was 0.01 seconds.     


  INPUT --- proc chmatrix occasions= 3 groups= 1 etype= Occupancy 
  INPUT --- Nodes= 101 icovar = 1 ICMeans  NoHist hist= 138 ;

  INPUT ---    time interval 1 1 1 ;

  INPUT ---     icovariates HAiFLS_nat ;

  INPUT ---    glabel(1)=freq1;

      Number of unique encounter histories read was 138.

      Number of individual covariates read was 1.
      Time interval lengths are all equal to 1.

      Data type number is 27
      Data type is Occupancy Estimation with Detection < 1                                                             

   CPU Time for the last procedure was 0.01 seconds.     

  Program  MARK  - Survival Rate Estimation with Capture-Recapture Data
   gfortran(dble) Vers. 9.0 Mar 2018    18-Dec-2019 13:13:07    Page  002
 - - - - - - - - - - - - - - - - - - - - - - - - - - - - - - - - - - - - - -
 


  INPUT --- proc estimate link=Logit NOLOOP varest=2ndPart    ;


  INPUT --- model={ p(~1)Psi(~HAiFLS_nat) };

  INPUT ---    group=1 p    rows=1 cols=3 Square ;
  INPUT ---        1 1 1 ;

  INPUT ---    group=1 Psi    rows=1 cols=1 Square ;
  INPUT ---        2 ;

  INPUT ---    design matrix constraints=2 covariates=3;
  INPUT ---        1 0 0;
  INPUT ---        0 1 HAiFLS_nat;
  INPUT ---       blabel(1)=p:(Intercept);
  INPUT ---       blabel(2)=Psi:(Intercept);
  INPUT ---       blabel(3)=Psi:HAiFLS_nat;
  INPUT ---       rlabel(1)=p g1 a0 t1;
  INPUT ---       rlabel(2)=Psi g1 a0 t1;

 Link Function Used is LOGIT        

 Variance Estimation Procedure Used is 2ndPart 
 -2logL(saturated) = 0.0000000     
 Effective Sample Size = 138

 Number of function evaluations was 12 for 3 parameters.
 Time for numerical optimization was 0.01 seconds.     
 -2logL { p(~1)Psi(~HAiFLS_nat) } = 390.76473     
 Penalty { p(~1)Psi(~HAiFLS_nat) } = 0.0000000     
 Gradient { p(~1)Psi(~HAiFLS_nat) }:
   0.000000      0.5478328E-05   0.000000    
 Maximum ABS(G) { p(~1)Psi(~HAiFLS_nat) } = 0.5478328E-05 
 S Vector { p(~1)Psi(~HAiFLS_nat) }:
   34.74440      30.36833      1.944270    
 Time to compute number of parameters was 0.02 seconds.     
 Ratio Threshold = 50.000000       Max Gap (2/3) = 15.619397       Next Max Gap (1/2) = 1.1440997     
 Gap Method for Num. of Estimated Parameters { p(~1)Psi(~HAiFLS_nat) } = 3          
 Threshold { p(~1)Psi(~HAiFLS_nat) } = 0.1095666E-04                 
 Numerical Threshold Method for Num. of Estimated Parameters { p(~1)Psi(~HAiFLS_nat) } = 3          
 Number of Estimated Parameters { p(~1)Psi(~HAiFLS_nat) } = 3          
 DEVIANCE { p(~1)Psi(~HAiFLS_nat) } = 390.76473                     
 DEVIANCE Degrees of Freedom { p(~1)Psi(~HAiFLS_nat) } = 135            
 c-hat { p(~1)Psi(~HAiFLS_nat) } = 2.8945535                     
 AIC { p(~1)Psi(~HAiFLS_nat) } = 396.76473                  
 AICc { p(~1)Psi(~HAiFLS_nat) } = 396.94383                    
 BIC { p(~1)Psi(~HAiFLS_nat) } = 405.54649                    
 Pearson Chisquare { p(~1)Psi(~HAiFLS_nat) } = 1213.6002                  


                  LOGIT Link Function Parameters of { p(~1)Psi(~HAiFLS_nat) }
                                                              95% Confidence Interval
 Parameter                    Beta         Standard Error      Lower           Upper
 -------------------------  --------------  --------------  --------------  --------------
    1:p:(Intercept)          1.4777229       0.1803346       1.1242671       1.8311786    
    2:Psi:(Intercept)       -0.3926501       0.2599662      -0.9021839       0.1168836    
    3:Psi:HAiFLS_nat         0.0188679       0.0069070       0.0053302       0.0324057    

  Program  MARK  - Survival Rate Estimation with Capture-Recapture Data
   gfortran(dble) Vers. 9.0 Mar 2018    18-Dec-2019 13:13:07    Page  003
 - - - - - - - - - - - - - - - - - - - - - - - - - - - - - - - - - - - - - -
 


                  Real Function Parameters of { p(~1)Psi(~HAiFLS_nat) }

      Following estimates based on unstandardized individual covariate values:
          Variable   Value         
          ---------  ------------- 
          HAIFLS_NAT  30.404180    
                                                               95% Confidence Interval
  Parameter                  Estimate       Standard Error      Lower           Upper
 --------------------------  --------------  --------------  --------------  --------------
     1:p g1 a0 t1             0.8142284       0.0272775       0.7547794       0.8619021                          
     2:Psi g1 a0 t1           0.5451304       0.0443362       0.4577419       0.6298248                          


                      Estimates of Derived Parameters
             Occupancy Estimates of { p(~1)Psi(~HAiFLS_nat) }
                                            95% Confidence Interval
 Group   Psi-hat         Standard Error      Lower           Upper
 -----   --------------  --------------  --------------  --------------
   1      0.5451304       0.0443362       0.4577419       0.6298248    

   CPU Time for the last procedure was 0.02 seconds.     

  Program  MARK  - Survival Rate Estimation with Capture-Recapture Data
   gfortran(dble) Vers. 9.0 Mar 2018    18-Dec-2019 13:13:07    Page  004
 - - - - - - - - - - - - - - - - - - - - - - - - - - - - - - - - - - - - - -
 


  INPUT --- proc stop;

     CPU Time in minutes for this job was 0.00

     Time Start = 13:13:07.775   Time End = 13:13:07.789

     Wall Clock Time in minutes for this job was 0.00


          E X E C U T I O N   S U C C E S S F U L 
