
   Program  MARK  - Survival Rate Estimation with Capture-Recapture Data
   gfortran(dble) Vers. 9.0 Mar 2018    18-Dec-2019 13:09:50    Page  001
 - - - - - - - - - - - - - - - - - - - - - - - - - - - - - - - - - - - - - -
 
   This version was compiled by GCC version 7.2.0 using the options: 
     -cpp -iprefix C:/Program Files/mingw-w64/x86_64-7.2.0-posix-seh-rt_v5-rev1/
     mingw64/bin/../lib/gcc/x86_64-w64-mingw32/7.2.0/ -D_MT -D_REENTRANT
     -U_REENTRANT -D IEEE -D DBLEPRECISION -m64 -mtune=core2 -march=nocona -mthreads
     -O2 -fimplicit-none -fbounds-check -funroll-loops -ftree-vectorize
     -ffpe-summary=invalid,zero,overflow,underflow -fno-unsafe-math-optimizations
     -frounding-math -fsignaling-nans -fopenmp.

   This problem will use 7 of 8 possible threads.


  INPUT --- proc title ;

   CPU Time for the last procedure was 0.01 seconds.     


  INPUT --- proc chmatrix occasions= 3 groups= 1 etype= Occupancy 
  INPUT --- Nodes= 101 icovar = 6 ICMeans  NoHist hist= 138 ;

  INPUT ---    time interval 1 1 1 ;

  INPUT ---     icovariates effort1 effort2 effort3 HAiFLS_alt Area2  
  INPUT ---    AvgSlope ;

  INPUT ---    glabel(1)=freq1;

      Number of unique encounter histories read was 138.

      Number of individual covariates read was 6.
      Time interval lengths are all equal to 1.

      Data type number is 27
      Data type is Occupancy Estimation with Detection < 1                                                             

   CPU Time for the last procedure was 0.02 seconds.     

  Program  MARK  - Survival Rate Estimation with Capture-Recapture Data
   gfortran(dble) Vers. 9.0 Mar 2018    18-Dec-2019 13:09:50    Page  002
 - - - - - - - - - - - - - - - - - - - - - - - - - - - - - - - - - - - - - -
 


  INPUT --- proc estimate link=Logit NOLOOP varest=2ndPart    ;


  INPUT --- model={ p(~effort)Psi(~HAiFLS_alt + Area2 + AvgSlope) };

  INPUT ---    group=1 p    rows=1 cols=3 Square ;
  INPUT ---        1 2 3 ;

  INPUT ---    group=1 Psi    rows=1 cols=1 Square ;
  INPUT ---        4 ;

  INPUT ---    design matrix constraints=4 covariates=6;
  INPUT ---        1 effort1 0 0 0 0;
  INPUT ---        1 effort2 0 0 0 0;
  INPUT ---        1 effort3 0 0 0 0;
  INPUT ---        0 0 1 HAiFLS_alt Area2 AvgSlope;
  INPUT ---       blabel(1)=p:(Intercept);
  INPUT ---       blabel(2)=p:effort;
  INPUT ---       blabel(3)=Psi:(Intercept);
  INPUT ---       blabel(4)=Psi:HAiFLS_alt;
  INPUT ---       blabel(5)=Psi:Area2;
  INPUT ---       blabel(6)=Psi:AvgSlope;
  INPUT ---       rlabel(1)=p g1 a0 t1;
  INPUT ---       rlabel(2)=p g1 a1 t2;
  INPUT ---       rlabel(3)=p g1 a2 t3;
  INPUT ---       rlabel(4)=Psi g1 a0 t1;

 Link Function Used is LOGIT        

 Variance Estimation Procedure Used is 2ndPart 
 -2logL(saturated) = 0.0000000     
 Effective Sample Size = 138

 Number of function evaluations was 18 for 6 parameters.
 Time for numerical optimization was 0.01 seconds.     
 -2logL { p(~effort)Psi(~HAiFLS_alt + Area2 + AvgSlope) } = 382.76842     
 Penalty { p(~effort)Psi(~HAiFLS_alt + Area2 + AvgSlope) } = 0.0000000     
 Gradient { p(~effort)Psi(~HAiFLS_alt + Area2 + AvgSlope) }:
  0.2206844E-05   0.000000       0.000000      0.1270571E-05   0.000000    
  0.1448421E-05
 Maximum ABS(G) { p(~effort)Psi(~HAiFLS_alt + Area2 + AvgSlope) } = 0.2206844E-05 
 S Vector { p(~effort)Psi(~HAiFLS_alt + Area2 + AvgSlope) }:
   49.54022      29.79818      1.288351     0.5218803     0.4137581    
  0.2756480    
 Time to compute number of parameters was 0.01 seconds.     
 Ratio Threshold = 50.000000       Max Gap (2/3) = 23.128940       Next Max Gap (3/4) = 2.4686706     
 Gap Method for Num. of Estimated Parameters { p(~effort)Psi(~HAiFLS_alt + Area2 + AvgSlope) } = 6          
 Threshold { p(~effort)Psi(~HAiFLS_alt + Area2 + AvgSlope) } = 0.4413688E-05                 
 Numerical Threshold Method for Num. of Estimated Parameters { p(~effort)Psi(~HAiFLS_alt + Area2 + AvgSlope) } = 6          
 Number of Estimated Parameters { p(~effort)Psi(~HAiFLS_alt + Area2 + AvgSlope) } = 6          
 DEVIANCE { p(~effort)Psi(~HAiFLS_alt + Area2 + AvgSlope) } = 382.76842                     
 DEVIANCE Degrees of Freedom { p(~effort)Psi(~HAiFLS_alt + Area2 + AvgSlope) } = 132            
 c-hat { p(~effort)Psi(~HAiFLS_alt + Area2 + AvgSlope) } = 2.8997607                     
 AIC { p(~effort)Psi(~HAiFLS_alt + Area2 + AvgSlope) } = 394.76842                  
 AICc { p(~effort)Psi(~HAiFLS_alt + Area2 + AvgSlope) } = 395.40964                    
 BIC { p(~effort)Psi(~HAiFLS_alt + Area2 + AvgSlope) } = 412.33194                    
 Pearson Chisquare { p(~effort)Psi(~HAiFLS_alt + Area2 + AvgSlope) } = 1388.1163                  

  Program  MARK  - Survival Rate Estimation with Capture-Recapture Data
   gfortran(dble) Vers. 9.0 Mar 2018    18-Dec-2019 13:09:51    Page  003
 - - - - - - - - - - - - - - - - - - - - - - - - - - - - - - - - - - - - - -
 


      LOGIT Link Function Parameters of { p(~effort)Psi(~HAiFLS_alt + Area2 + AvgSlope) }
                                                              95% Confidence Interval
 Parameter                    Beta         Standard Error      Lower           Upper
 -------------------------  --------------  --------------  --------------  --------------
    1:p:(Intercept)          0.7285758       0.3744378      -0.0053222       1.4624738    
    2:p:effort               0.8147428E-03   0.3809675E-03   0.6804641E-04   0.0015614    
    3:Psi:(Intercept)        1.1976982       0.6131667      -0.0041087       2.3995050    
    4:Psi:HAiFLS_alt        -0.0201671       0.0071842      -0.0342482      -0.0060860    
    5:Psi:Area2              0.2746855E-03   0.7145659E-03  -0.0011259       0.0016752    
    6:Psi:AvgSlope           0.0287853       0.0251234      -0.0204565       0.0780271    


      Real Function Parameters of { p(~effort)Psi(~HAiFLS_alt + Area2 + AvgSlope) }

      Following estimates based on unstandardized individual covariate values:
          Variable   Value         
          ---------  ------------- 
          EFFORT1     906.23188    
          EFFORT2     834.18841    
          EFFORT3     818.18116    
          HAIFLS_ALT  69.284136    
          AREA2       112.64471    
          AVGSLOPE    12.952003    
                                                               95% Confidence Interval
  Parameter                  Estimate       Standard Error      Lower           Upper
 --------------------------  --------------  --------------  --------------  --------------
     1:p g1 a0 t1             0.8125890       0.0286647       0.7498846       0.8624567                          
     2:p g1 a1 t2             0.8034858       0.0295550       0.7391108       0.8550904                          
     3:p g1 a2 t3             0.8014184       0.0298389       0.7364692       0.8535436                          
     4:Psi g1 a0 t1           0.5508753       0.0454550       0.4611068       0.6374477                          


                      Estimates of Derived Parameters
 Occupancy Estimates of { p(~effort)Psi(~HAiFLS_alt + Area2 + AvgSlope) }
                                            95% Confidence Interval
 Group   Psi-hat         Standard Error      Lower           Upper
 -----   --------------  --------------  --------------  --------------
   1      0.5508753       0.0454550       0.4611068       0.6374477    

   CPU Time for the last procedure was 0.01 seconds.     

  Program  MARK  - Survival Rate Estimation with Capture-Recapture Data
   gfortran(dble) Vers. 9.0 Mar 2018    18-Dec-2019 13:09:51    Page  004
 - - - - - - - - - - - - - - - - - - - - - - - - - - - - - - - - - - - - - -
 


  INPUT --- proc stop;

     CPU Time in minutes for this job was 0.00

     Time Start = 13:09:50.908   Time End = 13:09:51.018

     Wall Clock Time in minutes for this job was 0.00


          E X E C U T I O N   S U C C E S S F U L 
