
   Program  MARK  - Survival Rate Estimation with Capture-Recapture Data
   gfortran(dble) Vers. 9.0 Mar 2018    18-Dec-2019 13:13:16    Page  001
 - - - - - - - - - - - - - - - - - - - - - - - - - - - - - - - - - - - - - -
 
   This version was compiled by GCC version 7.2.0 using the options: 
     -cpp -iprefix C:/Program Files/mingw-w64/x86_64-7.2.0-posix-seh-rt_v5-rev1/
     mingw64/bin/../lib/gcc/x86_64-w64-mingw32/7.2.0/ -D_MT -D_REENTRANT
     -U_REENTRANT -D IEEE -D DBLEPRECISION -m64 -mtune=core2 -march=nocona -mthreads
     -O2 -fimplicit-none -fbounds-check -funroll-loops -ftree-vectorize
     -ffpe-summary=invalid,zero,overflow,underflow -fno-unsafe-math-optimizations
     -frounding-math -fsignaling-nans -fopenmp.

   This problem will use 7 of 8 possible threads.


  INPUT --- proc title ;

   CPU Time for the last procedure was 0.01 seconds.     


  INPUT --- proc chmatrix occasions= 3 groups= 1 etype= Occupancy 
  INPUT --- Nodes= 101 icovar = 2 ICMeans  NoHist hist= 138 ;

  INPUT ---    time interval 1 1 1 ;

  INPUT ---     icovariates HAiFLS_nat AvgSlope ;

  INPUT ---    glabel(1)=freq1;

      Number of unique encounter histories read was 138.

      Number of individual covariates read was 2.
      Time interval lengths are all equal to 1.

      Data type number is 27
      Data type is Occupancy Estimation with Detection < 1                                                             

   CPU Time for the last procedure was 0.01 seconds.     

  Program  MARK  - Survival Rate Estimation with Capture-Recapture Data
   gfortran(dble) Vers. 9.0 Mar 2018    18-Dec-2019 13:13:16    Page  002
 - - - - - - - - - - - - - - - - - - - - - - - - - - - - - - - - - - - - - -
 


  INPUT --- proc estimate link=Logit NOLOOP varest=2ndPart    ;


  INPUT --- model={ p(~1)Psi(~HAiFLS_nat + AvgSlope) };

  INPUT ---    group=1 p    rows=1 cols=3 Square ;
  INPUT ---        1 1 1 ;

  INPUT ---    group=1 Psi    rows=1 cols=1 Square ;
  INPUT ---        2 ;

  INPUT ---    design matrix constraints=2 covariates=4;
  INPUT ---        1 0 0 0;
  INPUT ---        0 1 HAiFLS_nat AvgSlope;
  INPUT ---       blabel(1)=p:(Intercept);
  INPUT ---       blabel(2)=Psi:(Intercept);
  INPUT ---       blabel(3)=Psi:HAiFLS_nat;
  INPUT ---       blabel(4)=Psi:AvgSlope;
  INPUT ---       rlabel(1)=p g1 a0 t1;
  INPUT ---       rlabel(2)=Psi g1 a0 t1;

 Link Function Used is LOGIT        

 Variance Estimation Procedure Used is 2ndPart 
 -2logL(saturated) = 0.0000000     
 Effective Sample Size = 138

 Number of function evaluations was 12 for 4 parameters.
 Time for numerical optimization was 0.06 seconds.     
 -2logL { p(~1)Psi(~HAiFLS_nat + AvgSlope) } = 389.04398     
 Penalty { p(~1)Psi(~HAiFLS_nat + AvgSlope) } = 0.0000000     
 Gradient { p(~1)Psi(~HAiFLS_nat + AvgSlope) }:
   0.000000     -0.2129123E-05  0.1311416E-05   0.000000    
 Maximum ABS(G) { p(~1)Psi(~HAiFLS_nat + AvgSlope) } = 0.2129123E-05 
 S Vector { p(~1)Psi(~HAiFLS_nat + AvgSlope) }:
   35.79953      30.40859      1.956913     0.5017365    
 Time to compute number of parameters was 0.01 seconds.     
 Ratio Threshold = 50.000000       Max Gap (2/3) = 15.539064       Next Max Gap (3/4) = 3.9002798     
 Gap Method for Num. of Estimated Parameters { p(~1)Psi(~HAiFLS_nat + AvgSlope) } = 4          
 Threshold { p(~1)Psi(~HAiFLS_nat + AvgSlope) } = 0.4258246E-05                 
 Numerical Threshold Method for Num. of Estimated Parameters { p(~1)Psi(~HAiFLS_nat + AvgSlope) } = 4          
 Number of Estimated Parameters { p(~1)Psi(~HAiFLS_nat + AvgSlope) } = 4          
 DEVIANCE { p(~1)Psi(~HAiFLS_nat + AvgSlope) } = 389.04398                     
 DEVIANCE Degrees of Freedom { p(~1)Psi(~HAiFLS_nat + AvgSlope) } = 134            
 c-hat { p(~1)Psi(~HAiFLS_nat + AvgSlope) } = 2.9033133                     
 AIC { p(~1)Psi(~HAiFLS_nat + AvgSlope) } = 397.04398                  
 AICc { p(~1)Psi(~HAiFLS_nat + AvgSlope) } = 397.34473                    
 BIC { p(~1)Psi(~HAiFLS_nat + AvgSlope) } = 408.75299                    
 Pearson Chisquare { p(~1)Psi(~HAiFLS_nat + AvgSlope) } = 1213.0149                  


             LOGIT Link Function Parameters of { p(~1)Psi(~HAiFLS_nat + AvgSlope) }
                                                              95% Confidence Interval
 Parameter                    Beta         Standard Error      Lower           Upper
 -------------------------  --------------  --------------  --------------  --------------
    1:p:(Intercept)          1.4770876       0.1804363       1.1234325       1.8307426    
    2:Psi:(Intercept)       -0.7916754       0.4132017      -1.6015507       0.0181998    
    3:Psi:HAiFLS_nat         0.0191111       0.0069529       0.0054833       0.0327388    

  Program  MARK  - Survival Rate Estimation with Capture-Recapture Data
   gfortran(dble) Vers. 9.0 Mar 2018    18-Dec-2019 13:13:16    Page  003
 - - - - - - - - - - - - - - - - - - - - - - - - - - - - - - - - - - - - - -
 
    4:Psi:AvgSlope           0.0306151       0.0241547      -0.0167281       0.0779583    


             Real Function Parameters of { p(~1)Psi(~HAiFLS_nat + AvgSlope) }

      Following estimates based on unstandardized individual covariate values:
          Variable   Value         
          ---------  ------------- 
          HAIFLS_NAT  30.404180    
          AVGSLOPE    12.952003    
                                                               95% Confidence Interval
  Parameter                  Estimate       Standard Error      Lower           Upper
 --------------------------  --------------  --------------  --------------  --------------
     1:p g1 a0 t1             0.8141323       0.0273038       0.7546249       0.8618502                          
     2:Psi g1 a0 t1           0.5463435       0.0446602       0.4582816       0.6315978                          


                      Estimates of Derived Parameters
       Occupancy Estimates of { p(~1)Psi(~HAiFLS_nat + AvgSlope) }
                                            95% Confidence Interval
 Group   Psi-hat         Standard Error      Lower           Upper
 -----   --------------  --------------  --------------  --------------
   1      0.5463435       0.0446602       0.4582816       0.6315978    

   CPU Time for the last procedure was 0.06 seconds.     

  Program  MARK  - Survival Rate Estimation with Capture-Recapture Data
   gfortran(dble) Vers. 9.0 Mar 2018    18-Dec-2019 13:13:16    Page  004
 - - - - - - - - - - - - - - - - - - - - - - - - - - - - - - - - - - - - - -
 


  INPUT --- proc stop;

     CPU Time in minutes for this job was 0.00

     Time Start = 13:13:16.139   Time End = 13:13:16.235

     Wall Clock Time in minutes for this job was 0.00


          E X E C U T I O N   S U C C E S S F U L 
