
   Program  MARK  - Survival Rate Estimation with Capture-Recapture Data
   gfortran(dble) Vers. 9.0 Mar 2018    17-Dec-2019 15:55:04    Page  001
 - - - - - - - - - - - - - - - - - - - - - - - - - - - - - - - - - - - - - -
 
   This version was compiled by GCC version 7.2.0 using the options: 
     -cpp -iprefix C:/Program Files/mingw-w64/x86_64-7.2.0-posix-seh-rt_v5-rev1/
     mingw64/bin/../lib/gcc/x86_64-w64-mingw32/7.2.0/ -D_MT -D_REENTRANT
     -U_REENTRANT -D IEEE -D DBLEPRECISION -m64 -mtune=core2 -march=nocona -mthreads
     -O2 -fimplicit-none -fbounds-check -funroll-loops -ftree-vectorize
     -ffpe-summary=invalid,zero,overflow,underflow -fno-unsafe-math-optimizations
     -frounding-math -fsignaling-nans -fopenmp.

   This problem will use 7 of 8 possible threads.


  INPUT --- proc title ;

   CPU Time for the last procedure was 0.01 seconds.     


  INPUT --- proc chmatrix occasions= 3 groups= 1 etype= Occupancy 
  INPUT --- Nodes= 101 icovar = 4 ICMeans  NoHist hist= 138 ;

  INPUT ---    time interval 1 1 1 ;

  INPUT ---     icovariates effort1 effort2 effort3 HAiFLS_al2 ;

  INPUT ---    glabel(1)=freq1;

      Number of unique encounter histories read was 138.

      Number of individual covariates read was 4.
      Time interval lengths are all equal to 1.

      Data type number is 27
      Data type is Occupancy Estimation with Detection < 1                                                             

   CPU Time for the last procedure was 0.02 seconds.     

  Program  MARK  - Survival Rate Estimation with Capture-Recapture Data
   gfortran(dble) Vers. 9.0 Mar 2018    17-Dec-2019 15:55:04    Page  002
 - - - - - - - - - - - - - - - - - - - - - - - - - - - - - - - - - - - - - -
 


  INPUT --- proc estimate link=Logit NOLOOP varest=2ndPart    ;


  INPUT --- model={ p(~effort)Psi(~HAiFLS_al2) };

  INPUT ---    group=1 p    rows=1 cols=3 Square ;
  INPUT ---        1 2 3 ;

  INPUT ---    group=1 Psi    rows=1 cols=1 Square ;
  INPUT ---        4 ;

  INPUT ---    design matrix constraints=4 covariates=4;
  INPUT ---        1 effort1 0 0;
  INPUT ---        1 effort2 0 0;
  INPUT ---        1 effort3 0 0;
  INPUT ---        0 0 1 HAiFLS_al2;
  INPUT ---       blabel(1)=p:(Intercept);
  INPUT ---       blabel(2)=p:effort;
  INPUT ---       blabel(3)=Psi:(Intercept);
  INPUT ---       blabel(4)=Psi:HAiFLS_al2;
  INPUT ---       rlabel(1)=p g1 a0 t1;
  INPUT ---       rlabel(2)=p g1 a1 t2;
  INPUT ---       rlabel(3)=p g1 a2 t3;
  INPUT ---       rlabel(4)=Psi g1 a0 t1;

 Link Function Used is LOGIT        

 Variance Estimation Procedure Used is 2ndPart 
 -2logL(saturated) = 0.0000000     
 Effective Sample Size = 138

 Number of function evaluations was 15 for 4 parameters.
 Time for numerical optimization was 0.01 seconds.     
 -2logL { p(~effort)Psi(~HAiFLS_al2) } = 378.58109     
 Penalty { p(~effort)Psi(~HAiFLS_al2) } = 0.0000000     
 Gradient { p(~effort)Psi(~HAiFLS_al2) }:
   0.000000     -0.8773844E-06 -0.1552216E-05 -0.1193652E-05
 Maximum ABS(G) { p(~effort)Psi(~HAiFLS_al2) } = 0.1552216E-05 
 S Vector { p(~effort)Psi(~HAiFLS_al2) }:
   41.67852      29.32926      1.897843     0.3963695    
 Time to compute number of parameters was 0.01 seconds.     
 Ratio Threshold = 50.000000       Max Gap (2/3) = 15.453993       Next Max Gap (3/4) = 4.7880663     
 Gap Method for Num. of Estimated Parameters { p(~effort)Psi(~HAiFLS_al2) } = 4          
 Threshold { p(~effort)Psi(~HAiFLS_al2) } = 0.3104431E-05                 
 Numerical Threshold Method for Num. of Estimated Parameters { p(~effort)Psi(~HAiFLS_al2) } = 4          
 Number of Estimated Parameters { p(~effort)Psi(~HAiFLS_al2) } = 4          
 DEVIANCE { p(~effort)Psi(~HAiFLS_al2) } = 378.58109                     
 DEVIANCE Degrees of Freedom { p(~effort)Psi(~HAiFLS_al2) } = 134            
 c-hat { p(~effort)Psi(~HAiFLS_al2) } = 2.8252320                     
 AIC { p(~effort)Psi(~HAiFLS_al2) } = 386.58109                  
 AICc { p(~effort)Psi(~HAiFLS_al2) } = 386.88184                    
 BIC { p(~effort)Psi(~HAiFLS_al2) } = 398.29010                    
 Pearson Chisquare { p(~effort)Psi(~HAiFLS_al2) } = 1407.1736                  

  Program  MARK  - Survival Rate Estimation with Capture-Recapture Data
   gfortran(dble) Vers. 9.0 Mar 2018    17-Dec-2019 15:55:05    Page  003
 - - - - - - - - - - - - - - - - - - - - - - - - - - - - - - - - - - - - - -
 


                LOGIT Link Function Parameters of { p(~effort)Psi(~HAiFLS_al2) }
                                                              95% Confidence Interval
 Parameter                    Beta         Standard Error      Lower           Upper
 -------------------------  --------------  --------------  --------------  --------------
    1:p:(Intercept)          0.7006835       0.3838093      -0.0515827       1.4529497    
    2:p:effort               0.8394699E-03   0.3888912E-03   0.7724305E-04   0.0016017    
    3:Psi:(Intercept)        1.4575820       0.4210647       0.6322951       2.2828689    
    4:Psi:HAiFLS_al2        -0.2227427E-03   0.6236760E-04  -0.3449832E-03  -0.1005022E-03


                Real Function Parameters of { p(~effort)Psi(~HAiFLS_al2) }

      Following estimates based on unstandardized individual covariate values:
          Variable   Value         
          ---------  ------------- 
          EFFORT1     906.23188    
          EFFORT2     834.18841    
          EFFORT3     818.18116    
          HAIFLS_AL2  5578.3218    
                                                               95% Confidence Interval
  Parameter                  Estimate       Standard Error      Lower           Upper
 --------------------------  --------------  --------------  --------------  --------------
     1:p g1 a0 t1             0.8117525       0.0288921       0.7485432       0.8620020                          
     2:p g1 a1 t2             0.8023361       0.0298930       0.7372108       0.8545071                          
     3:p g1 a2 t3             0.8001963       0.0302056       0.7344329       0.8529355                          
     4:Psi g1 a0 t1           0.5535567       0.0465233       0.4615947       0.6419937                          


                      Estimates of Derived Parameters
          Occupancy Estimates of { p(~effort)Psi(~HAiFLS_al2) }
                                            95% Confidence Interval
 Group   Psi-hat         Standard Error      Lower           Upper
 -----   --------------  --------------  --------------  --------------
   1      0.5535567       0.0465233       0.4615947       0.6419937    

   CPU Time for the last procedure was 0.01 seconds.     

  Program  MARK  - Survival Rate Estimation with Capture-Recapture Data
   gfortran(dble) Vers. 9.0 Mar 2018    17-Dec-2019 15:55:05    Page  004
 - - - - - - - - - - - - - - - - - - - - - - - - - - - - - - - - - - - - - -
 


  INPUT --- proc stop;

     CPU Time in minutes for this job was 0.00

     Time Start = 15:55:04.950   Time End = 15:55:05.634

     Wall Clock Time in minutes for this job was 0.01


          E X E C U T I O N   S U C C E S S F U L 
