
   Program  MARK  - Survival Rate Estimation with Capture-Recapture Data
   gfortran(dble) Vers. 9.0 Mar 2018    18-Dec-2019 13:12:55    Page  001
 - - - - - - - - - - - - - - - - - - - - - - - - - - - - - - - - - - - - - -
 
   This version was compiled by GCC version 7.2.0 using the options: 
     -cpp -iprefix C:/Program Files/mingw-w64/x86_64-7.2.0-posix-seh-rt_v5-rev1/
     mingw64/bin/../lib/gcc/x86_64-w64-mingw32/7.2.0/ -D_MT -D_REENTRANT
     -U_REENTRANT -D IEEE -D DBLEPRECISION -m64 -mtune=core2 -march=nocona -mthreads
     -O2 -fimplicit-none -fbounds-check -funroll-loops -ftree-vectorize
     -ffpe-summary=invalid,zero,overflow,underflow -fno-unsafe-math-optimizations
     -frounding-math -fsignaling-nans -fopenmp.

   This problem will use 7 of 8 possible threads.


  INPUT --- proc title ;

   CPU Time for the last procedure was 0.01 seconds.     


  INPUT --- proc chmatrix occasions= 3 groups= 1 etype= Occupancy 
  INPUT --- Nodes= 101 icovar = 6 ICMeans  NoHist hist= 138 ;

  INPUT ---    time interval 1 1 1 ;

  INPUT ---     icovariates effort1 effort2 effort3 HAiFLS_for Area_km2  
  INPUT ---    Cross_Cat ;

  INPUT ---    glabel(1)=freq1;

      Number of unique encounter histories read was 138.

      Number of individual covariates read was 6.
      Time interval lengths are all equal to 1.

      Data type number is 27
      Data type is Occupancy Estimation with Detection < 1                                                             

   CPU Time for the last procedure was 0.01 seconds.     

  Program  MARK  - Survival Rate Estimation with Capture-Recapture Data
   gfortran(dble) Vers. 9.0 Mar 2018    18-Dec-2019 13:12:55    Page  002
 - - - - - - - - - - - - - - - - - - - - - - - - - - - - - - - - - - - - - -
 


  INPUT --- proc estimate link=Logit NOLOOP varest=2ndPart    ;


  INPUT --- model={ p(~effort)Psi(~HAiFLS_for + Area_km2 + Cross_Cat) };

  INPUT ---    group=1 p    rows=1 cols=3 Square ;
  INPUT ---        1 2 3 ;

  INPUT ---    group=1 Psi    rows=1 cols=1 Square ;
  INPUT ---        4 ;

  INPUT ---    design matrix constraints=4 covariates=6;
  INPUT ---        1 effort1 0 0 0 0;
  INPUT ---        1 effort2 0 0 0 0;
  INPUT ---        1 effort3 0 0 0 0;
  INPUT ---        0 0 1 HAiFLS_for Area_km2 Cross_Cat;
  INPUT ---       blabel(1)=p:(Intercept);
  INPUT ---       blabel(2)=p:effort;
  INPUT ---       blabel(3)=Psi:(Intercept);
  INPUT ---       blabel(4)=Psi:HAiFLS_for;
  INPUT ---       blabel(5)=Psi:Area_km2;
  INPUT ---       blabel(6)=Psi:Cross_Cat;
  INPUT ---       rlabel(1)=p g1 a0 t1;
  INPUT ---       rlabel(2)=p g1 a1 t2;
  INPUT ---       rlabel(3)=p g1 a2 t3;
  INPUT ---       rlabel(4)=Psi g1 a0 t1;

 Link Function Used is LOGIT        

 Variance Estimation Procedure Used is 2ndPart 
 -2logL(saturated) = 0.0000000     
 Effective Sample Size = 138

 Number of function evaluations was 23 for 6 parameters.
 Time for numerical optimization was 0.05 seconds.     
 -2logL { p(~effort)Psi(~HAiFLS_for + Area_km2 + Cross_Cat) } = 371.74348     
 Penalty { p(~effort)Psi(~HAiFLS_for + Area_km2 + Cross_Cat) } = 0.0000000     
 Gradient { p(~effort)Psi(~HAiFLS_for + Area_km2 + Cross_Cat) }:
  0.4359276E-05  0.9138722E-06   0.000000       0.000000      0.3948771E-06
  0.4699045E-06
 Maximum ABS(G) { p(~effort)Psi(~HAiFLS_for + Area_km2 + Cross_Cat) } = 0.4359276E-05 
 S Vector { p(~effort)Psi(~HAiFLS_for + Area_km2 + Cross_Cat) }:
   32.72419      28.25480      1.931441     0.7829580     0.4261553    
  0.4446927E-01
 Time to compute number of parameters was 0.01 seconds.     
 Ratio Threshold = 50.000000       Max Gap (2/3) = 14.628875       Next Max Gap (5/6) = 9.5831427     
 Gap Method for Num. of Estimated Parameters { p(~effort)Psi(~HAiFLS_for + Area_km2 + Cross_Cat) } = 6          
 Threshold { p(~effort)Psi(~HAiFLS_for + Area_km2 + Cross_Cat) } = 0.8718552E-05                 
 Numerical Threshold Method for Num. of Estimated Parameters { p(~effort)Psi(~HAiFLS_for + Area_km2 + Cross_Cat) } = 6          
 Number of Estimated Parameters { p(~effort)Psi(~HAiFLS_for + Area_km2 + Cross_Cat) } = 6          
 DEVIANCE { p(~effort)Psi(~HAiFLS_for + Area_km2 + Cross_Cat) } = 371.74348                     
 DEVIANCE Degrees of Freedom { p(~effort)Psi(~HAiFLS_for + Area_km2 + Cross_Cat) } = 132            
 c-hat { p(~effort)Psi(~HAiFLS_for + Area_km2 + Cross_Cat) } = 2.8162385                     
 AIC { p(~effort)Psi(~HAiFLS_for + Area_km2 + Cross_Cat) } = 383.74348                  
 AICc { p(~effort)Psi(~HAiFLS_for + Area_km2 + Cross_Cat) } = 384.38471                    
 BIC { p(~effort)Psi(~HAiFLS_for + Area_km2 + Cross_Cat) } = 401.30701                    
 Pearson Chisquare { p(~effort)Psi(~HAiFLS_for + Area_km2 + Cross_Cat) } = 1242.2431                  

  Program  MARK  - Survival Rate Estimation with Capture-Recapture Data
   gfortran(dble) Vers. 9.0 Mar 2018    18-Dec-2019 13:12:55    Page  003
 - - - - - - - - - - - - - - - - - - - - - - - - - - - - - - - - - - - - - -
 


    LOGIT Link Function Parameters of { p(~effort)Psi(~HAiFLS_for + Area_km2 + Cross_Cat) }
                                                              95% Confidence Interval
 Parameter                    Beta         Standard Error      Lower           Upper
 -------------------------  --------------  --------------  --------------  --------------
    1:p:(Intercept)          0.7501517       0.3674003       0.0300472       1.4702562    
    2:p:effort               0.7959411E-03   0.3755620E-03   0.5983954E-04   0.0015320    
    3:Psi:(Intercept)       -1.0419745       0.3519310      -1.7317593      -0.3521896    
    4:Psi:HAiFLS_for         0.0191584       0.0074669       0.0045233       0.0337935    
    5:Psi:Area_km2           0.1701828       0.0630268       0.0466502       0.2937154    
    6:Psi:Cross_Cat         -0.0988615       0.0507454      -0.1983225       0.5994960E-03


    Real Function Parameters of { p(~effort)Psi(~HAiFLS_for + Area_km2 + Cross_Cat) }

      Following estimates based on unstandardized individual covariate values:
          Variable   Value         
          ---------  ------------- 
          EFFORT1     906.23188    
          EFFORT2     834.18841    
          EFFORT3     818.18116    
          HAIFLS_FOR  26.272482    
          AREA_KM2    7.8085664    
          CROSS_CAT   5.6956522    
                                                               95% Confidence Interval
  Parameter                  Estimate       Standard Error      Lower           Upper
 --------------------------  --------------  --------------  --------------  --------------
     1:p g1 a0 t1             0.8132790       0.0284533       0.7510488       0.8627954                          
     2:p g1 a1 t2             0.8044144       0.0292531       0.7407153       0.8555169                          
     3:p g1 a2 t3             0.8024021       0.0295140       0.7381798       0.8539872                          
     4:Psi g1 a0 t1           0.5565487       0.0474524       0.4626496       0.6465741                          


                      Estimates of Derived Parameters
 Occupancy Estimates of { p(~effort)Psi(~HAiFLS_for + Area_km2 + Cross_Cat) }
                                            95% Confidence Interval
 Group   Psi-hat         Standard Error      Lower           Upper
 -----   --------------  --------------  --------------  --------------
   1      0.5565487       0.0474524       0.4626496       0.6465741    

   CPU Time for the last procedure was 0.05 seconds.     

  Program  MARK  - Survival Rate Estimation with Capture-Recapture Data
   gfortran(dble) Vers. 9.0 Mar 2018    18-Dec-2019 13:12:55    Page  004
 - - - - - - - - - - - - - - - - - - - - - - - - - - - - - - - - - - - - - -
 


  INPUT --- proc stop;

     CPU Time in minutes for this job was 0.00

     Time Start = 13:12:55.570   Time End = 13:12:55.683

     Wall Clock Time in minutes for this job was 0.00


          E X E C U T I O N   S U C C E S S F U L 
