
   Program  MARK  - Survival Rate Estimation with Capture-Recapture Data
   gfortran(dble) Vers. 9.0 Mar 2018    18-Dec-2019 13:12:56    Page  001
 - - - - - - - - - - - - - - - - - - - - - - - - - - - - - - - - - - - - - -
 
   This version was compiled by GCC version 7.2.0 using the options: 
     -cpp -iprefix C:/Program Files/mingw-w64/x86_64-7.2.0-posix-seh-rt_v5-rev1/
     mingw64/bin/../lib/gcc/x86_64-w64-mingw32/7.2.0/ -D_MT -D_REENTRANT
     -U_REENTRANT -D IEEE -D DBLEPRECISION -m64 -mtune=core2 -march=nocona -mthreads
     -O2 -fimplicit-none -fbounds-check -funroll-loops -ftree-vectorize
     -ffpe-summary=invalid,zero,overflow,underflow -fno-unsafe-math-optimizations
     -frounding-math -fsignaling-nans -fopenmp.

   This problem will use 7 of 8 possible threads.


  INPUT --- proc title ;

   CPU Time for the last procedure was 0.01 seconds.     


  INPUT --- proc chmatrix occasions= 3 groups= 1 etype= Occupancy 
  INPUT --- Nodes= 101 icovar = 3 ICMeans  NoHist hist= 138 ;

  INPUT ---    time interval 1 1 1 ;

  INPUT ---     icovariates HAiFLS_for Area_km2 AvgSlope ;

  INPUT ---    glabel(1)=freq1;

      Number of unique encounter histories read was 138.

      Number of individual covariates read was 3.
      Time interval lengths are all equal to 1.

      Data type number is 27
      Data type is Occupancy Estimation with Detection < 1                                                             

   CPU Time for the last procedure was 0.01 seconds.     

  Program  MARK  - Survival Rate Estimation with Capture-Recapture Data
   gfortran(dble) Vers. 9.0 Mar 2018    18-Dec-2019 13:12:56    Page  002
 - - - - - - - - - - - - - - - - - - - - - - - - - - - - - - - - - - - - - -
 


  INPUT --- proc estimate link=Logit NOLOOP varest=2ndPart    ;


  INPUT --- model={ p(~1)Psi(~HAiFLS_for + Area_km2 + AvgSlope) };

  INPUT ---    group=1 p    rows=1 cols=3 Square ;
  INPUT ---        1 1 1 ;

  INPUT ---    group=1 Psi    rows=1 cols=1 Square ;
  INPUT ---        2 ;

  INPUT ---    design matrix constraints=2 covariates=5;
  INPUT ---        1 0 0 0 0;
  INPUT ---        0 1 HAiFLS_for Area_km2 AvgSlope;
  INPUT ---       blabel(1)=p:(Intercept);
  INPUT ---       blabel(2)=Psi:(Intercept);
  INPUT ---       blabel(3)=Psi:HAiFLS_for;
  INPUT ---       blabel(4)=Psi:Area_km2;
  INPUT ---       blabel(5)=Psi:AvgSlope;
  INPUT ---       rlabel(1)=p g1 a0 t1;
  INPUT ---       rlabel(2)=Psi g1 a0 t1;

 Link Function Used is LOGIT        

 Variance Estimation Procedure Used is 2ndPart 
 -2logL(saturated) = 0.0000000     
 Effective Sample Size = 138

 Number of function evaluations was 18 for 5 parameters.
 Time for numerical optimization was 0.01 seconds.     
 -2logL { p(~1)Psi(~HAiFLS_for + Area_km2 + AvgSlope) } = 381.24682     
 Penalty { p(~1)Psi(~HAiFLS_for + Area_km2 + AvgSlope) } = 0.0000000     
 Gradient { p(~1)Psi(~HAiFLS_for + Area_km2 + AvgSlope) }:
 -0.1543258E-05 -0.1826250E-05 -0.1159349E-05 -0.8505956E-06   0.000000    
 Maximum ABS(G) { p(~1)Psi(~HAiFLS_for + Area_km2 + AvgSlope) } = 0.1826250E-05 
 S Vector { p(~1)Psi(~HAiFLS_for + Area_km2 + AvgSlope) }:
   33.89011      29.83234      1.925087     0.5863578     0.2978540    
 Time to compute number of parameters was 0.01 seconds.     
 Ratio Threshold = 50.000000       Max Gap (2/3) = 15.496619       Next Max Gap (3/4) = 3.2831270     
 Gap Method for Num. of Estimated Parameters { p(~1)Psi(~HAiFLS_for + Area_km2 + AvgSlope) } = 5          
 Threshold { p(~1)Psi(~HAiFLS_for + Area_km2 + AvgSlope) } = 0.3652500E-05                 
 Numerical Threshold Method for Num. of Estimated Parameters { p(~1)Psi(~HAiFLS_for + Area_km2 + AvgSlope) } = 5          
 Number of Estimated Parameters { p(~1)Psi(~HAiFLS_for + Area_km2 + AvgSlope) } = 5          
 DEVIANCE { p(~1)Psi(~HAiFLS_for + Area_km2 + AvgSlope) } = 381.24682                     
 DEVIANCE Degrees of Freedom { p(~1)Psi(~HAiFLS_for + Area_km2 + AvgSlope) } = 133            
 c-hat { p(~1)Psi(~HAiFLS_for + Area_km2 + AvgSlope) } = 2.8665175                     
 AIC { p(~1)Psi(~HAiFLS_for + Area_km2 + AvgSlope) } = 391.24682                  
 AICc { p(~1)Psi(~HAiFLS_for + Area_km2 + AvgSlope) } = 391.70137                    
 BIC { p(~1)Psi(~HAiFLS_for + Area_km2 + AvgSlope) } = 405.88309                    
 Pearson Chisquare { p(~1)Psi(~HAiFLS_for + Area_km2 + AvgSlope) } = 1178.8651                  


       LOGIT Link Function Parameters of { p(~1)Psi(~HAiFLS_for + Area_km2 + AvgSlope) }
                                                              95% Confidence Interval
 Parameter                    Beta         Standard Error      Lower           Upper
 -------------------------  --------------  --------------  --------------  --------------

  Program  MARK  - Survival Rate Estimation with Capture-Recapture Data
   gfortran(dble) Vers. 9.0 Mar 2018    18-Dec-2019 13:12:56    Page  003
 - - - - - - - - - - - - - - - - - - - - - - - - - - - - - - - - - - - - - -
 
    1:p:(Intercept)          1.4718470       0.1814619       1.1161818       1.8275123    
    2:Psi:(Intercept)       -1.0888143       0.4259305      -1.9236381      -0.2539905    
    3:Psi:HAiFLS_for         0.0229310       0.0070857       0.0090431       0.0368189    
    4:Psi:Area_km2           0.0684769       0.0340693       0.0017011       0.1352528    
    5:Psi:AvgSlope           0.0119972       0.0244409      -0.0359070       0.0599014    


       Real Function Parameters of { p(~1)Psi(~HAiFLS_for + Area_km2 + AvgSlope) }

      Following estimates based on unstandardized individual covariate values:
          Variable   Value         
          ---------  ------------- 
          HAIFLS_FOR  26.272482    
          AREA_KM2    7.8085664    
          AVGSLOPE    12.952003    
                                                               95% Confidence Interval
  Parameter                  Estimate       Standard Error      Lower           Upper
 --------------------------  --------------  --------------  --------------  --------------
     1:p g1 a0 t1             0.8133380       0.0275494       0.7532798       0.8614651                          
     2:Psi g1 a0 t1           0.5507583       0.0463018       0.4593273       0.6388834                          


                      Estimates of Derived Parameters
  Occupancy Estimates of { p(~1)Psi(~HAiFLS_for + Area_km2 + AvgSlope) }
                                            95% Confidence Interval
 Group   Psi-hat         Standard Error      Lower           Upper
 -----   --------------  --------------  --------------  --------------
   1      0.5507583       0.0463018       0.4593273       0.6388834    

   CPU Time for the last procedure was 0.01 seconds.     

  Program  MARK  - Survival Rate Estimation with Capture-Recapture Data
   gfortran(dble) Vers. 9.0 Mar 2018    18-Dec-2019 13:12:56    Page  004
 - - - - - - - - - - - - - - - - - - - - - - - - - - - - - - - - - - - - - -
 


  INPUT --- proc stop;

     CPU Time in minutes for this job was 0.00

     Time Start = 13:12:56.013   Time End = 13:12:56.282

     Wall Clock Time in minutes for this job was 0.00


          E X E C U T I O N   S U C C E S S F U L 
