
   Program  MARK  - Survival Rate Estimation with Capture-Recapture Data
   gfortran(dble) Vers. 9.0 Mar 2018    18-Dec-2019 13:12:47    Page  001
 - - - - - - - - - - - - - - - - - - - - - - - - - - - - - - - - - - - - - -
 
   This version was compiled by GCC version 7.2.0 using the options: 
     -cpp -iprefix C:/Program Files/mingw-w64/x86_64-7.2.0-posix-seh-rt_v5-rev1/
     mingw64/bin/../lib/gcc/x86_64-w64-mingw32/7.2.0/ -D_MT -D_REENTRANT
     -U_REENTRANT -D IEEE -D DBLEPRECISION -m64 -mtune=core2 -march=nocona -mthreads
     -O2 -fimplicit-none -fbounds-check -funroll-loops -ftree-vectorize
     -ffpe-summary=invalid,zero,overflow,underflow -fno-unsafe-math-optimizations
     -frounding-math -fsignaling-nans -fopenmp.

   This problem will use 7 of 8 possible threads.


  INPUT --- proc title ;

   CPU Time for the last procedure was 0.01 seconds.     


  INPUT --- proc chmatrix occasions= 3 groups= 1 etype= Occupancy 
  INPUT --- Nodes= 101 icovar = 6 ICMeans  NoHist hist= 138 ;

  INPUT ---    time interval 1 1 1 ;

  INPUT ---     icovariates effort1 effort2 effort3 Area_km2 AvgSlope  
  INPUT ---    Cross_Cat ;

  INPUT ---    glabel(1)=freq1;

      Number of unique encounter histories read was 138.

      Number of individual covariates read was 6.
      Time interval lengths are all equal to 1.

      Data type number is 27
      Data type is Occupancy Estimation with Detection < 1                                                             

   CPU Time for the last procedure was 0.02 seconds.     

  Program  MARK  - Survival Rate Estimation with Capture-Recapture Data
   gfortran(dble) Vers. 9.0 Mar 2018    18-Dec-2019 13:12:47    Page  002
 - - - - - - - - - - - - - - - - - - - - - - - - - - - - - - - - - - - - - -
 


  INPUT --- proc estimate link=Logit NOLOOP varest=2ndPart    ;


  INPUT --- model={ p(~effort)Psi(~Area_km2 + AvgSlope + Cross_Cat) };

  INPUT ---    group=1 p    rows=1 cols=3 Square ;
  INPUT ---        1 2 3 ;

  INPUT ---    group=1 Psi    rows=1 cols=1 Square ;
  INPUT ---        4 ;

  INPUT ---    design matrix constraints=4 covariates=6;
  INPUT ---        1 effort1 0 0 0 0;
  INPUT ---        1 effort2 0 0 0 0;
  INPUT ---        1 effort3 0 0 0 0;
  INPUT ---        0 0 1 Area_km2 AvgSlope Cross_Cat;
  INPUT ---       blabel(1)=p:(Intercept);
  INPUT ---       blabel(2)=p:effort;
  INPUT ---       blabel(3)=Psi:(Intercept);
  INPUT ---       blabel(4)=Psi:Area_km2;
  INPUT ---       blabel(5)=Psi:AvgSlope;
  INPUT ---       blabel(6)=Psi:Cross_Cat;
  INPUT ---       rlabel(1)=p g1 a0 t1;
  INPUT ---       rlabel(2)=p g1 a1 t2;
  INPUT ---       rlabel(3)=p g1 a2 t3;
  INPUT ---       rlabel(4)=Psi g1 a0 t1;

 Link Function Used is LOGIT        

 Variance Estimation Procedure Used is 2ndPart 
 -2logL(saturated) = 0.0000000     
 Effective Sample Size = 138

 Number of function evaluations was 19 for 6 parameters.
 Time for numerical optimization was 0.08 seconds.     
 -2logL { p(~effort)Psi(~Area_km2 + AvgSlope + Cross_Cat) } = 378.93028     
 Penalty { p(~effort)Psi(~Area_km2 + AvgSlope + Cross_Cat) } = 0.0000000     
 Gradient { p(~effort)Psi(~Area_km2 + AvgSlope + Cross_Cat) }:
  0.4309171E-05   0.000000       0.000000      0.3479766E-06   0.000000    
  0.3599561E-06
 Maximum ABS(G) { p(~effort)Psi(~Area_km2 + AvgSlope + Cross_Cat) } = 0.4309171E-05 
 S Vector { p(~effort)Psi(~Area_km2 + AvgSlope + Cross_Cat) }:
   33.65632      29.57685     0.9572345     0.5310210     0.4304806    
  0.4655957E-01
 Time to compute number of parameters was 0.01 seconds.     
 Ratio Threshold = 50.000000       Max Gap (2/3) = 30.898223       Next Max Gap (5/6) = 9.2458028     
 Gap Method for Num. of Estimated Parameters { p(~effort)Psi(~Area_km2 + AvgSlope + Cross_Cat) } = 6          
 Threshold { p(~effort)Psi(~Area_km2 + AvgSlope + Cross_Cat) } = 0.8618342E-05                 
 Numerical Threshold Method for Num. of Estimated Parameters { p(~effort)Psi(~Area_km2 + AvgSlope + Cross_Cat) } = 6          
 Number of Estimated Parameters { p(~effort)Psi(~Area_km2 + AvgSlope + Cross_Cat) } = 6          
 DEVIANCE { p(~effort)Psi(~Area_km2 + AvgSlope + Cross_Cat) } = 378.93028                     
 DEVIANCE Degrees of Freedom { p(~effort)Psi(~Area_km2 + AvgSlope + Cross_Cat) } = 132            
 c-hat { p(~effort)Psi(~Area_km2 + AvgSlope + Cross_Cat) } = 2.8706840                     
 AIC { p(~effort)Psi(~Area_km2 + AvgSlope + Cross_Cat) } = 390.93028                  
 AICc { p(~effort)Psi(~Area_km2 + AvgSlope + Cross_Cat) } = 391.57150                    
 BIC { p(~effort)Psi(~Area_km2 + AvgSlope + Cross_Cat) } = 408.49380                    
 Pearson Chisquare { p(~effort)Psi(~Area_km2 + AvgSlope + Cross_Cat) } = 1256.9803                  

  Program  MARK  - Survival Rate Estimation with Capture-Recapture Data
   gfortran(dble) Vers. 9.0 Mar 2018    18-Dec-2019 13:12:48    Page  003
 - - - - - - - - - - - - - - - - - - - - - - - - - - - - - - - - - - - - - -
 


     LOGIT Link Function Parameters of { p(~effort)Psi(~Area_km2 + AvgSlope + Cross_Cat) }
                                                              95% Confidence Interval
 Parameter                    Beta         Standard Error      Lower           Upper
 -------------------------  --------------  --------------  --------------  --------------
    1:p:(Intercept)          0.7705017       0.3635541       0.0579355       1.4830678    
    2:p:effort               0.7823546E-03   0.3738114E-03   0.4968431E-04   0.0015150    
    3:Psi:(Intercept)       -0.6748093       0.3749051      -1.4096234       0.0600047    
    4:Psi:Area_km2           0.1957687       0.0628498       0.0725830       0.3189543    
    5:Psi:AvgSlope           0.0084497       0.0230720      -0.0367714       0.0536709    
    6:Psi:Cross_Cat         -0.1333010       0.0488148      -0.2289780      -0.0376240    


     Real Function Parameters of { p(~effort)Psi(~Area_km2 + AvgSlope + Cross_Cat) }

      Following estimates based on unstandardized individual covariate values:
          Variable   Value         
          ---------  ------------- 
          EFFORT1     906.23188    
          EFFORT2     834.18841    
          EFFORT3     818.18116    
          AREA_KM2    7.8085664    
          AVGSLOPE    12.952003    
          CROSS_CAT   5.6956522    
                                                               95% Confidence Interval
  Parameter                  Estimate       Standard Error      Lower           Upper
 --------------------------  --------------  --------------  --------------  --------------
     1:p g1 a0 t1             0.8144965       0.0281426       0.7529529       0.8634882                          
     2:p g1 a1 t2             0.8058291       0.0288704       0.7429748       0.8562858                          
     3:p g1 a2 t3             0.8038621       0.0291143       0.7405221       0.8547727                          
     4:Psi g1 a0 t1           0.5508408       0.0456681       0.4606540       0.6378042                          


                      Estimates of Derived Parameters
 Occupancy Estimates of { p(~effort)Psi(~Area_km2 + AvgSlope + Cross_Cat) }
                                            95% Confidence Interval
 Group   Psi-hat         Standard Error      Lower           Upper
 -----   --------------  --------------  --------------  --------------
   1      0.5508408       0.0456681       0.4606540       0.6378042    

   CPU Time for the last procedure was 0.08 seconds.     

  Program  MARK  - Survival Rate Estimation with Capture-Recapture Data
   gfortran(dble) Vers. 9.0 Mar 2018    18-Dec-2019 13:12:48    Page  004
 - - - - - - - - - - - - - - - - - - - - - - - - - - - - - - - - - - - - - -
 


  INPUT --- proc stop;

     CPU Time in minutes for this job was 0.00

     Time Start = 13:12:47.893   Time End = 13:12:48.019

     Wall Clock Time in minutes for this job was 0.00


          E X E C U T I O N   S U C C E S S F U L 
