
   Program  MARK  - Survival Rate Estimation with Capture-Recapture Data
   gfortran(dble) Vers. 9.0 Mar 2018    18-Dec-2019 13:12:51    Page  001
 - - - - - - - - - - - - - - - - - - - - - - - - - - - - - - - - - - - - - -
 
   This version was compiled by GCC version 7.2.0 using the options: 
     -cpp -iprefix C:/Program Files/mingw-w64/x86_64-7.2.0-posix-seh-rt_v5-rev1/
     mingw64/bin/../lib/gcc/x86_64-w64-mingw32/7.2.0/ -D_MT -D_REENTRANT
     -U_REENTRANT -D IEEE -D DBLEPRECISION -m64 -mtune=core2 -march=nocona -mthreads
     -O2 -fimplicit-none -fbounds-check -funroll-loops -ftree-vectorize
     -ffpe-summary=invalid,zero,overflow,underflow -fno-unsafe-math-optimizations
     -frounding-math -fsignaling-nans -fopenmp.

   This problem will use 7 of 8 possible threads.


  INPUT --- proc title ;

   CPU Time for the last procedure was 0.01 seconds.     


  INPUT --- proc chmatrix occasions= 3 groups= 1 etype= Occupancy 
  INPUT --- Nodes= 101 icovar = 5 ICMeans  NoHist hist= 138 ;

  INPUT ---    time interval 1 1 1 ;

  INPUT ---     icovariates effort1 effort2 effort3 HAiFLS_for Area2 ;

  INPUT ---    glabel(1)=freq1;

      Number of unique encounter histories read was 138.

      Number of individual covariates read was 5.
      Time interval lengths are all equal to 1.

      Data type number is 27
      Data type is Occupancy Estimation with Detection < 1                                                             

   CPU Time for the last procedure was 0.02 seconds.     

  Program  MARK  - Survival Rate Estimation with Capture-Recapture Data
   gfortran(dble) Vers. 9.0 Mar 2018    18-Dec-2019 13:12:51    Page  002
 - - - - - - - - - - - - - - - - - - - - - - - - - - - - - - - - - - - - - -
 


  INPUT --- proc estimate link=Logit NOLOOP varest=2ndPart    ;


  INPUT --- model={ p(~effort)Psi(~HAiFLS_for + Area2) };

  INPUT ---    group=1 p    rows=1 cols=3 Square ;
  INPUT ---        1 2 3 ;

  INPUT ---    group=1 Psi    rows=1 cols=1 Square ;
  INPUT ---        4 ;

  INPUT ---    design matrix constraints=4 covariates=5;
  INPUT ---        1 effort1 0 0 0;
  INPUT ---        1 effort2 0 0 0;
  INPUT ---        1 effort3 0 0 0;
  INPUT ---        0 0 1 HAiFLS_for Area2;
  INPUT ---       blabel(1)=p:(Intercept);
  INPUT ---       blabel(2)=p:effort;
  INPUT ---       blabel(3)=Psi:(Intercept);
  INPUT ---       blabel(4)=Psi:HAiFLS_for;
  INPUT ---       blabel(5)=Psi:Area2;
  INPUT ---       rlabel(1)=p g1 a0 t1;
  INPUT ---       rlabel(2)=p g1 a1 t2;
  INPUT ---       rlabel(3)=p g1 a2 t3;
  INPUT ---       rlabel(4)=Psi g1 a0 t1;

 Link Function Used is LOGIT        

 Variance Estimation Procedure Used is 2ndPart 
 -2logL(saturated) = 0.0000000     
 Effective Sample Size = 138

 Number of function evaluations was 20 for 5 parameters.
 Time for numerical optimization was 0.01 seconds.     
 -2logL { p(~effort)Psi(~HAiFLS_for + Area2) } = 381.80212     
 Penalty { p(~effort)Psi(~HAiFLS_for + Area2) } = 0.0000000     
 Gradient { p(~effort)Psi(~HAiFLS_for + Area2) }:
   0.000000       0.000000      0.2645084E-05  0.1170546E-05  0.1615960E-05
 Maximum ABS(G) { p(~effort)Psi(~HAiFLS_for + Area2) } = 0.2645084E-05 
 S Vector { p(~effort)Psi(~HAiFLS_for + Area2) }:
   33.69703      28.38064      1.802381     0.4071604     0.2817402    
 Time to compute number of parameters was 0.02 seconds.     
 Ratio Threshold = 50.000000       Max Gap (2/3) = 15.746198       Next Max Gap (3/4) = 4.4267093     
 Gap Method for Num. of Estimated Parameters { p(~effort)Psi(~HAiFLS_for + Area2) } = 5          
 Threshold { p(~effort)Psi(~HAiFLS_for + Area2) } = 0.5290167E-05                 
 Numerical Threshold Method for Num. of Estimated Parameters { p(~effort)Psi(~HAiFLS_for + Area2) } = 5          
 Number of Estimated Parameters { p(~effort)Psi(~HAiFLS_for + Area2) } = 5          
 DEVIANCE { p(~effort)Psi(~HAiFLS_for + Area2) } = 381.80212                     
 DEVIANCE Degrees of Freedom { p(~effort)Psi(~HAiFLS_for + Area2) } = 133            
 c-hat { p(~effort)Psi(~HAiFLS_for + Area2) } = 2.8706926                     
 AIC { p(~effort)Psi(~HAiFLS_for + Area2) } = 391.80212                  
 AICc { p(~effort)Psi(~HAiFLS_for + Area2) } = 392.25666                    
 BIC { p(~effort)Psi(~HAiFLS_for + Area2) } = 406.43838                    
 Pearson Chisquare { p(~effort)Psi(~HAiFLS_for + Area2) } = 1413.6009                  

  Program  MARK  - Survival Rate Estimation with Capture-Recapture Data
   gfortran(dble) Vers. 9.0 Mar 2018    18-Dec-2019 13:12:52    Page  003
 - - - - - - - - - - - - - - - - - - - - - - - - - - - - - - - - - - - - - -
 


            LOGIT Link Function Parameters of { p(~effort)Psi(~HAiFLS_for + Area2) }
                                                              95% Confidence Interval
 Parameter                    Beta         Standard Error      Lower           Upper
 -------------------------  --------------  --------------  --------------  --------------
    1:p:(Intercept)          0.7209370       0.3778290      -0.0196079       1.4614818    
    2:p:effort               0.8223534E-03   0.3844249E-03   0.6888057E-04   0.0015758    
    3:Psi:(Intercept)       -0.4421840       0.2607364      -0.9532272       0.0688593    
    4:Psi:HAiFLS_for         0.0226159       0.0073102       0.0082880       0.0369438    
    5:Psi:Area2              0.5254015E-03   0.7255931E-03  -0.8967610E-03   0.0019476    


            Real Function Parameters of { p(~effort)Psi(~HAiFLS_for + Area2) }

      Following estimates based on unstandardized individual covariate values:
          Variable   Value         
          ---------  ------------- 
          EFFORT1     906.23188    
          EFFORT2     834.18841    
          EFFORT3     818.18116    
          HAIFLS_FOR  26.272482    
          AREA2       112.64471    
                                                               95% Confidence Interval
  Parameter                  Estimate       Standard Error      Lower           Upper
 --------------------------  --------------  --------------  --------------  --------------
     1:p g1 a0 t1             0.8124760       0.0286939       0.7497070       0.8623930                          
     2:p g1 a1 t2             0.8032820       0.0296119       0.7387812       0.8549824                          
     3:p g1 a2 t3             0.8011936       0.0299037       0.7361009       0.8534276                          
     4:Psi g1 a0 t1           0.5525985       0.0458365       0.4620222       0.6398135                          


                      Estimates of Derived Parameters
      Occupancy Estimates of { p(~effort)Psi(~HAiFLS_for + Area2) }
                                            95% Confidence Interval
 Group   Psi-hat         Standard Error      Lower           Upper
 -----   --------------  --------------  --------------  --------------
   1      0.5525985       0.0458365       0.4620222       0.6398135    

   CPU Time for the last procedure was 0.06 seconds.     

  Program  MARK  - Survival Rate Estimation with Capture-Recapture Data
   gfortran(dble) Vers. 9.0 Mar 2018    18-Dec-2019 13:12:52    Page  004
 - - - - - - - - - - - - - - - - - - - - - - - - - - - - - - - - - - - - - -
 


  INPUT --- proc stop;

     CPU Time in minutes for this job was 0.00

     Time Start = 13:12:51.925   Time End = 13:12:52.309

     Wall Clock Time in minutes for this job was 0.01


          E X E C U T I O N   S U C C E S S F U L 
