
   Program  MARK  - Survival Rate Estimation with Capture-Recapture Data
   gfortran(dble) Vers. 9.0 Mar 2018    19-Dec-2019 22:31:47    Page  001
 - - - - - - - - - - - - - - - - - - - - - - - - - - - - - - - - - - - - - -
 
   This version was compiled by GCC version 7.2.0 using the options: 
     -cpp -iprefix C:/Program Files/mingw-w64/x86_64-7.2.0-posix-seh-rt_v5-rev1/
     mingw64/bin/../lib/gcc/x86_64-w64-mingw32/7.2.0/ -D_MT -D_REENTRANT
     -U_REENTRANT -D IEEE -D DBLEPRECISION -m64 -mtune=core2 -march=nocona -mthreads
     -O2 -fimplicit-none -fbounds-check -funroll-loops -ftree-vectorize
     -ffpe-summary=invalid,zero,overflow,underflow -fno-unsafe-math-optimizations
     -frounding-math -fsignaling-nans -fopenmp.

   This problem will use 7 of 8 possible threads.


  INPUT --- proc title ;

   CPU Time for the last procedure was 0.01 seconds.     


  INPUT --- proc chmatrix occasions= 3 groups= 1 etype= Occupancy 
  INPUT --- Nodes= 101 icovar = 4 ICMeans  NoHist hist= 138 ;

  INPUT ---    time interval 1 1 1 ;

  INPUT ---     icovariates MEANT avdep mFlow pctpool ;

  INPUT ---    glabel(1)=freq1;

      Number of unique encounter histories read was 138.

      Number of individual covariates read was 4.
      Time interval lengths are all equal to 1.

      Data type number is 27
      Data type is Occupancy Estimation with Detection < 1                                                             

   CPU Time for the last procedure was 0.01 seconds.     

  Program  MARK  - Survival Rate Estimation with Capture-Recapture Data
   gfortran(dble) Vers. 9.0 Mar 2018    19-Dec-2019 22:31:47    Page  002
 - - - - - - - - - - - - - - - - - - - - - - - - - - - - - - - - - - - - - -
 


  INPUT --- proc estimate link=Logit NOLOOP varest=2ndPart    ;


  INPUT --- model={ p(~1)Psi(~MEANT + avdep + mFlow + pctpool) };

  INPUT ---    group=1 p    rows=1 cols=3 Square ;
  INPUT ---        1 1 1 ;

  INPUT ---    group=1 Psi    rows=1 cols=1 Square ;
  INPUT ---        2 ;

  INPUT ---    design matrix constraints=2 covariates=6;
  INPUT ---        1 0 0 0 0 0;
  INPUT ---        0 1 MEANT avdep mFlow pctpool;
  INPUT ---       blabel(1)=p:(Intercept);
  INPUT ---       blabel(2)=Psi:(Intercept);
  INPUT ---       blabel(3)=Psi:MEANT;
  INPUT ---       blabel(4)=Psi:avdep;
  INPUT ---       blabel(5)=Psi:mFlow;
  INPUT ---       blabel(6)=Psi:pctpool;
  INPUT ---       rlabel(1)=p g1 a0 t1;
  INPUT ---       rlabel(2)=Psi g1 a0 t1;

 Link Function Used is LOGIT        

 Variance Estimation Procedure Used is 2ndPart 
 -2logL(saturated) = 0.0000000     
 Effective Sample Size = 138

 Number of function evaluations was 22 for 6 parameters.
 Time for numerical optimization was 0.09 seconds.     
 -2logL { p(~1)Psi(~MEANT + avdep + mFlow + pctpool) } = 387.27540     
 Penalty { p(~1)Psi(~MEANT + avdep + mFlow + pctpool) } = 0.0000000     
 Gradient { p(~1)Psi(~MEANT + avdep + mFlow + pctpool) }:
  0.6350683E-05   0.000000      0.1540907E-05 -0.1012100E-05  0.3519313E-06
  0.8344078E-06
 Maximum ABS(G) { p(~1)Psi(~MEANT + avdep + mFlow + pctpool) } = 0.6350683E-05 
 S Vector { p(~1)Psi(~MEANT + avdep + mFlow + pctpool) }:
   52.89419      32.39947      1.454543     0.2567562     0.1393201    
  0.2678466E-01
 Time to compute number of parameters was 0.08 seconds.     
 Ratio Threshold = 50.000000       Max Gap (2/3) = 22.274670       Next Max Gap (3/4) = 5.6650748     
 Gap Method for Num. of Estimated Parameters { p(~1)Psi(~MEANT + avdep + mFlow + pctpool) } = 6          
 Threshold { p(~1)Psi(~MEANT + avdep + mFlow + pctpool) } = 0.1270137E-04                 
 Numerical Threshold Method for Num. of Estimated Parameters { p(~1)Psi(~MEANT + avdep + mFlow + pctpool) } = 6          
 Number of Estimated Parameters { p(~1)Psi(~MEANT + avdep + mFlow + pctpool) } = 6          
 DEVIANCE { p(~1)Psi(~MEANT + avdep + mFlow + pctpool) } = 387.27540                     
 DEVIANCE Degrees of Freedom { p(~1)Psi(~MEANT + avdep + mFlow + pctpool) } = 132            
 c-hat { p(~1)Psi(~MEANT + avdep + mFlow + pctpool) } = 2.9339045                     
 AIC { p(~1)Psi(~MEANT + avdep + mFlow + pctpool) } = 399.27540                  
 AICc { p(~1)Psi(~MEANT + avdep + mFlow + pctpool) } = 399.91662                    
 BIC { p(~1)Psi(~MEANT + avdep + mFlow + pctpool) } = 416.83892                    
 Pearson Chisquare { p(~1)Psi(~MEANT + avdep + mFlow + pctpool) } = 1270.8191                  

  Program  MARK  - Survival Rate Estimation with Capture-Recapture Data
   gfortran(dble) Vers. 9.0 Mar 2018    19-Dec-2019 22:31:47    Page  003
 - - - - - - - - - - - - - - - - - - - - - - - - - - - - - - - - - - - - - -
 


        LOGIT Link Function Parameters of { p(~1)Psi(~MEANT + avdep + mFlow + pctpool) }
                                                              95% Confidence Interval
 Parameter                    Beta         Standard Error      Lower           Upper
 -------------------------  --------------  --------------  --------------  --------------
    1:p:(Intercept)          1.4027002       0.1754873       1.0587452       1.7466553    
    2:Psi:(Intercept)        0.0118946       1.8510712      -3.6162051       3.6399943    
    3:Psi:MEANT             -0.1558302       0.0762455      -0.3052713      -0.0063891    
    4:Psi:avdep             -2.7690896       2.2997476      -7.2765949       1.7384157    
    5:Psi:mFlow              11.912803       3.3977151       5.2532813       18.572325    
    6:Psi:pctpool            0.0451167       0.0173012       0.0112064       0.0790271    


        Real Function Parameters of { p(~1)Psi(~MEANT + avdep + mFlow + pctpool) }

      Following estimates based on unstandardized individual covariate values:
          Variable   Value         
          ---------  ------------- 
          MEANT       20.182899    
          AVDEP       0.2562426    
          MFLOW       0.2587289    
          PCTPOOL     25.664251    
                                                               95% Confidence Interval
  Parameter                  Estimate       Standard Error      Lower           Upper
 --------------------------  --------------  --------------  --------------  --------------
     1:p g1 a0 t1             0.8026120       0.0278017       0.7424507       0.8515304                          
     2:Psi g1 a0 t1           0.5980399       0.0483041       0.5008646       0.6880785                          


                      Estimates of Derived Parameters
  Occupancy Estimates of { p(~1)Psi(~MEANT + avdep + mFlow + pctpool) }
                                            95% Confidence Interval
 Group   Psi-hat         Standard Error      Lower           Upper
 -----   --------------  --------------  --------------  --------------
   1      0.5980399       0.0483041       0.5008646       0.6880785    

   CPU Time for the last procedure was 0.17 seconds.     

  Program  MARK  - Survival Rate Estimation with Capture-Recapture Data
   gfortran(dble) Vers. 9.0 Mar 2018    19-Dec-2019 22:31:47    Page  004
 - - - - - - - - - - - - - - - - - - - - - - - - - - - - - - - - - - - - - -
 


  INPUT --- proc stop;

     CPU Time in minutes for this job was 0.00

     Time Start = 22:31:47.226   Time End = 22:31:47.383

     Wall Clock Time in minutes for this job was 0.00


          E X E C U T I O N   S U C C E S S F U L 
