
   Program  MARK  - Survival Rate Estimation with Capture-Recapture Data
   gfortran(dble) Vers. 9.0 Mar 2018    18-Dec-2019 13:13:18    Page  001
 - - - - - - - - - - - - - - - - - - - - - - - - - - - - - - - - - - - - - -
 
   This version was compiled by GCC version 7.2.0 using the options: 
     -cpp -iprefix C:/Program Files/mingw-w64/x86_64-7.2.0-posix-seh-rt_v5-rev1/
     mingw64/bin/../lib/gcc/x86_64-w64-mingw32/7.2.0/ -D_MT -D_REENTRANT
     -U_REENTRANT -D IEEE -D DBLEPRECISION -m64 -mtune=core2 -march=nocona -mthreads
     -O2 -fimplicit-none -fbounds-check -funroll-loops -ftree-vectorize
     -ffpe-summary=invalid,zero,overflow,underflow -fno-unsafe-math-optimizations
     -frounding-math -fsignaling-nans -fopenmp.

   This problem will use 7 of 8 possible threads.


  INPUT --- proc title ;

   CPU Time for the last procedure was 0.01 seconds.     


  INPUT --- proc chmatrix occasions= 3 groups= 1 etype= Occupancy 
  INPUT --- Nodes= 101 icovar = 4 ICMeans  NoHist hist= 138 ;

  INPUT ---    time interval 1 1 1 ;

  INPUT ---     icovariates effort1 effort2 effort3 AvgSlope ;

  INPUT ---    glabel(1)=freq1;

      Number of unique encounter histories read was 138.

      Number of individual covariates read was 4.
      Time interval lengths are all equal to 1.

      Data type number is 27
      Data type is Occupancy Estimation with Detection < 1                                                             

   CPU Time for the last procedure was 0.01 seconds.     

  Program  MARK  - Survival Rate Estimation with Capture-Recapture Data
   gfortran(dble) Vers. 9.0 Mar 2018    18-Dec-2019 13:13:18    Page  002
 - - - - - - - - - - - - - - - - - - - - - - - - - - - - - - - - - - - - - -
 


  INPUT --- proc estimate link=Logit NOLOOP varest=2ndPart    ;


  INPUT --- model={ p(~effort)Psi(~AvgSlope) };

  INPUT ---    group=1 p    rows=1 cols=3 Square ;
  INPUT ---        1 2 3 ;

  INPUT ---    group=1 Psi    rows=1 cols=1 Square ;
  INPUT ---        4 ;

  INPUT ---    design matrix constraints=4 covariates=4;
  INPUT ---        1 effort1 0 0;
  INPUT ---        1 effort2 0 0;
  INPUT ---        1 effort3 0 0;
  INPUT ---        0 0 1 AvgSlope;
  INPUT ---       blabel(1)=p:(Intercept);
  INPUT ---       blabel(2)=p:effort;
  INPUT ---       blabel(3)=Psi:(Intercept);
  INPUT ---       blabel(4)=Psi:AvgSlope;
  INPUT ---       rlabel(1)=p g1 a0 t1;
  INPUT ---       rlabel(2)=p g1 a1 t2;
  INPUT ---       rlabel(3)=p g1 a2 t3;
  INPUT ---       rlabel(4)=Psi g1 a0 t1;

 Link Function Used is LOGIT        

 Variance Estimation Procedure Used is 2ndPart 
 -2logL(saturated) = 0.0000000     
 Effective Sample Size = 138

 Number of function evaluations was 12 for 4 parameters.
 Time for numerical optimization was 0.05 seconds.     
 -2logL { p(~effort)Psi(~AvgSlope) } = 391.79230     
 Penalty { p(~effort)Psi(~AvgSlope) } = 0.0000000     
 Gradient { p(~effort)Psi(~AvgSlope) }:
  0.2196083E-05  0.9008968E-06   0.000000       0.000000    
 Maximum ABS(G) { p(~effort)Psi(~AvgSlope) } = 0.2196083E-05 
 S Vector { p(~effort)Psi(~AvgSlope) }:
   35.49325      29.41726     0.5774215     0.4146668    
 Time to compute number of parameters was 0.01 seconds.     
 Ratio Threshold = 50.000000       Max Gap (2/3) = 50.945908       Next Max Gap (3/4) = 1.3924952     
 Gap Method for Num. of Estimated Parameters { p(~effort)Psi(~AvgSlope) } = 2          
 Threshold { p(~effort)Psi(~AvgSlope) } = 0.4392166E-05                 
 Numerical Threshold Method for Num. of Estimated Parameters { p(~effort)Psi(~AvgSlope) } = 4          
 Number of Estimated Parameters { p(~effort)Psi(~AvgSlope) } = 4          

   * *  WARNING  * *   Number of parameters estimated from gap method (=2) and threshold method (=4) differ.  Inspect full output.                                                                                                                                                                                                                                                                                                                                                                                                                      
 Ratios of S Vector { p(~effort)Psi(~AvgSlope) }:
   1/2    1.206545       2/3    50.94591       3/4    1.392495    
 DEVIANCE { p(~effort)Psi(~AvgSlope) } = 391.79230                     
 DEVIANCE Degrees of Freedom { p(~effort)Psi(~AvgSlope) } = 134            
 c-hat { p(~effort)Psi(~AvgSlope) } = 2.9238231                     
 AIC { p(~effort)Psi(~AvgSlope) } = 399.79230                  
 AICc { p(~effort)Psi(~AvgSlope) } = 400.09305                    
 BIC { p(~effort)Psi(~AvgSlope) } = 411.50132                    
 Pearson Chisquare { p(~effort)Psi(~AvgSlope) } = 1464.2266                  

  Program  MARK  - Survival Rate Estimation with Capture-Recapture Data
   gfortran(dble) Vers. 9.0 Mar 2018    18-Dec-2019 13:13:19    Page  003
 - - - - - - - - - - - - - - - - - - - - - - - - - - - - - - - - - - - - - -
 


                 LOGIT Link Function Parameters of { p(~effort)Psi(~AvgSlope) }
                                                              95% Confidence Interval
 Parameter                    Beta         Standard Error      Lower           Upper
 -------------------------  --------------  --------------  --------------  --------------
    1:p:(Intercept)          0.7370462       0.3728239       0.0063113       1.4677811    
    2:p:effort               0.8110164E-03   0.3807415E-03   0.6476302E-04   0.0015573    
    3:Psi:(Intercept)       -0.1797381       0.3351166      -0.8365667       0.4770904    
    4:Psi:AvgSlope           0.0275714       0.0226244      -0.0167724       0.0719153    


                 Real Function Parameters of { p(~effort)Psi(~AvgSlope) }

      Following estimates based on unstandardized individual covariate values:
          Variable   Value         
          ---------  ------------- 
          EFFORT1     906.23188    
          EFFORT2     834.18841    
          EFFORT3     818.18116    
          AVGSLOPE    12.952003    
                                                               95% Confidence Interval
  Parameter                  Estimate       Standard Error      Lower           Upper
 --------------------------  --------------  --------------  --------------  --------------
     1:p g1 a0 t1             0.8133635       0.0284334       0.7511768       0.8628460                          
     2:p g1 a1 t2             0.8043310       0.0292884       0.7405516       0.8554913                          
     3:p g1 a2 t3             0.8022798       0.0295643       0.7379436       0.8539472                          
     4:Psi g1 a0 t1           0.5442258       0.0434734       0.4585573       0.6273548                          


                      Estimates of Derived Parameters
           Occupancy Estimates of { p(~effort)Psi(~AvgSlope) }
                                            95% Confidence Interval
 Group   Psi-hat         Standard Error      Lower           Upper
 -----   --------------  --------------  --------------  --------------
   1      0.5442258       0.0434734       0.4585573       0.6273548    

 Attempted ordering of parameters by estimatibility:
  3 1 4 2
 Beta number 2 is a singular value.

   CPU Time for the last procedure was 0.06 seconds.     

  Program  MARK  - Survival Rate Estimation with Capture-Recapture Data
   gfortran(dble) Vers. 9.0 Mar 2018    18-Dec-2019 13:13:19    Page  004
 - - - - - - - - - - - - - - - - - - - - - - - - - - - - - - - - - - - - - -
 


  INPUT --- proc stop;

     CPU Time in minutes for this job was 0.00

     Time Start = 13:13:18.981   Time End = 13:13:19.088

     Wall Clock Time in minutes for this job was 0.00


          E X E C U T I O N   S U C C E S S F U L 
