
   Program  MARK  - Survival Rate Estimation with Capture-Recapture Data
   gfortran(dble) Vers. 9.0 Mar 2018    17-Dec-2019 15:55:42    Page  001
 - - - - - - - - - - - - - - - - - - - - - - - - - - - - - - - - - - - - - -
 
   This version was compiled by GCC version 7.2.0 using the options: 
     -cpp -iprefix C:/Program Files/mingw-w64/x86_64-7.2.0-posix-seh-rt_v5-rev1/
     mingw64/bin/../lib/gcc/x86_64-w64-mingw32/7.2.0/ -D_MT -D_REENTRANT
     -U_REENTRANT -D IEEE -D DBLEPRECISION -m64 -mtune=core2 -march=nocona -mthreads
     -O2 -fimplicit-none -fbounds-check -funroll-loops -ftree-vectorize
     -ffpe-summary=invalid,zero,overflow,underflow -fno-unsafe-math-optimizations
     -frounding-math -fsignaling-nans -fopenmp.

   This problem will use 7 of 8 possible threads.


  INPUT --- proc title ;

   CPU Time for the last procedure was 0.01 seconds.     


  INPUT --- proc chmatrix occasions= 3 groups= 1 etype= Occupancy 
  INPUT --- Nodes= 101 icovar = 3 ICMeans  NoHist hist= 138 ;

  INPUT ---    time interval 1 1 1 ;

  INPUT ---     icovariates HAiFLS_alt Area2 AvgSlope ;

  INPUT ---    glabel(1)=freq1;

      Number of unique encounter histories read was 138.

      Number of individual covariates read was 3.
      Time interval lengths are all equal to 1.

      Data type number is 27
      Data type is Occupancy Estimation with Detection < 1                                                             

   CPU Time for the last procedure was 0.02 seconds.     

  Program  MARK  - Survival Rate Estimation with Capture-Recapture Data
   gfortran(dble) Vers. 9.0 Mar 2018    17-Dec-2019 15:55:42    Page  002
 - - - - - - - - - - - - - - - - - - - - - - - - - - - - - - - - - - - - - -
 


  INPUT --- proc estimate link=Logit NOLOOP varest=2ndPart    ;


  INPUT --- model={ p(~1)Psi(~HAiFLS_alt + Area2 + AvgSlope) };

  INPUT ---    group=1 p    rows=1 cols=3 Square ;
  INPUT ---        1 1 1 ;

  INPUT ---    group=1 Psi    rows=1 cols=1 Square ;
  INPUT ---        2 ;

  INPUT ---    design matrix constraints=2 covariates=5;
  INPUT ---        1 0 0 0 0;
  INPUT ---        0 1 HAiFLS_alt Area2 AvgSlope;
  INPUT ---       blabel(1)=p:(Intercept);
  INPUT ---       blabel(2)=Psi:(Intercept);
  INPUT ---       blabel(3)=Psi:HAiFLS_alt;
  INPUT ---       blabel(4)=Psi:Area2;
  INPUT ---       blabel(5)=Psi:AvgSlope;
  INPUT ---       rlabel(1)=p g1 a0 t1;
  INPUT ---       rlabel(2)=Psi g1 a0 t1;

 Link Function Used is LOGIT        

 Variance Estimation Procedure Used is 2ndPart 
 -2logL(saturated) = 0.0000000     
 Effective Sample Size = 138

 Number of function evaluations was 13 for 5 parameters.
 Time for numerical optimization was 0.01 seconds.     
 -2logL { p(~1)Psi(~HAiFLS_alt + Area2 + AvgSlope) } = 388.50355     
 Penalty { p(~1)Psi(~HAiFLS_alt + Area2 + AvgSlope) } = 0.0000000     
 Gradient { p(~1)Psi(~HAiFLS_alt + Area2 + AvgSlope) }:
 -0.1540098E-05 -0.3546671E-05  0.1287914E-05 -0.2129681E-05 -0.1456786E-05
 Maximum ABS(G) { p(~1)Psi(~HAiFLS_alt + Area2 + AvgSlope) } = 0.3546671E-05 
 S Vector { p(~1)Psi(~HAiFLS_alt + Area2 + AvgSlope) }:
   50.07686      30.67363      1.360147     0.5395294     0.2691419    
 Time to compute number of parameters was 0.06 seconds.     
 Ratio Threshold = 50.000000       Max Gap (2/3) = 22.551700       Next Max Gap (3/4) = 2.5209879     
 Gap Method for Num. of Estimated Parameters { p(~1)Psi(~HAiFLS_alt + Area2 + AvgSlope) } = 5          
 Threshold { p(~1)Psi(~HAiFLS_alt + Area2 + AvgSlope) } = 0.7093342E-05                 
 Numerical Threshold Method for Num. of Estimated Parameters { p(~1)Psi(~HAiFLS_alt + Area2 + AvgSlope) } = 5          
 Number of Estimated Parameters { p(~1)Psi(~HAiFLS_alt + Area2 + AvgSlope) } = 5          
 DEVIANCE { p(~1)Psi(~HAiFLS_alt + Area2 + AvgSlope) } = 388.50355                     
 DEVIANCE Degrees of Freedom { p(~1)Psi(~HAiFLS_alt + Area2 + AvgSlope) } = 133            
 c-hat { p(~1)Psi(~HAiFLS_alt + Area2 + AvgSlope) } = 2.9210793                     
 AIC { p(~1)Psi(~HAiFLS_alt + Area2 + AvgSlope) } = 398.50355                  
 AICc { p(~1)Psi(~HAiFLS_alt + Area2 + AvgSlope) } = 398.95809                    
 BIC { p(~1)Psi(~HAiFLS_alt + Area2 + AvgSlope) } = 413.13981                    
 Pearson Chisquare { p(~1)Psi(~HAiFLS_alt + Area2 + AvgSlope) } = 1201.2236                  


         LOGIT Link Function Parameters of { p(~1)Psi(~HAiFLS_alt + Area2 + AvgSlope) }
                                                              95% Confidence Interval
 Parameter                    Beta         Standard Error      Lower           Upper
 -------------------------  --------------  --------------  --------------  --------------

  Program  MARK  - Survival Rate Estimation with Capture-Recapture Data
   gfortran(dble) Vers. 9.0 Mar 2018    17-Dec-2019 15:55:42    Page  003
 - - - - - - - - - - - - - - - - - - - - - - - - - - - - - - - - - - - - - -
 
    1:p:(Intercept)          1.4769192       0.1804654       1.1232071       1.8306313    
    2:Psi:(Intercept)        1.1511429       0.5960558      -0.0171265       2.3194123    
    3:Psi:HAiFLS_alt        -0.0197599       0.0070019      -0.0334837      -0.0060361    
    4:Psi:Area2              0.3055196E-03   0.7267950E-03  -0.0011190       0.0017300    
    5:Psi:AvgSlope           0.0285188       0.0245602      -0.0196192       0.0766569    


         Real Function Parameters of { p(~1)Psi(~HAiFLS_alt + Area2 + AvgSlope) }

      Following estimates based on unstandardized individual covariate values:
          Variable   Value         
          ---------  ------------- 
          HAIFLS_ALT  69.284136    
          AREA2       112.64471    
          AVGSLOPE    12.952003    
                                                               95% Confidence Interval
  Parameter                  Estimate       Standard Error      Lower           Upper
 --------------------------  --------------  --------------  --------------  --------------
     1:p g1 a0 t1             0.8141068       0.0273111       0.7545831       0.8618369                          
     2:Psi g1 a0 t1           0.5463384       0.0447483       0.4581038       0.6317549                          


                      Estimates of Derived Parameters
   Occupancy Estimates of { p(~1)Psi(~HAiFLS_alt + Area2 + AvgSlope) }
                                            95% Confidence Interval
 Group   Psi-hat         Standard Error      Lower           Upper
 -----   --------------  --------------  --------------  --------------
   1      0.5463384       0.0447483       0.4581038       0.6317549    

   CPU Time for the last procedure was 0.06 seconds.     

  Program  MARK  - Survival Rate Estimation with Capture-Recapture Data
   gfortran(dble) Vers. 9.0 Mar 2018    17-Dec-2019 15:55:42    Page  004
 - - - - - - - - - - - - - - - - - - - - - - - - - - - - - - - - - - - - - -
 


  INPUT --- proc stop;

     CPU Time in minutes for this job was 0.00

     Time Start = 15:55:42.201   Time End = 15:55:42.301

     Wall Clock Time in minutes for this job was 0.00


          E X E C U T I O N   S U C C E S S F U L 
