
   Program  MARK  - Survival Rate Estimation with Capture-Recapture Data
   gfortran(dble) Vers. 9.0 Mar 2018    19-Dec-2019 22:40:19    Page  001
 - - - - - - - - - - - - - - - - - - - - - - - - - - - - - - - - - - - - - -
 
   This version was compiled by GCC version 7.2.0 using the options: 
     -cpp -iprefix C:/Program Files/mingw-w64/x86_64-7.2.0-posix-seh-rt_v5-rev1/
     mingw64/bin/../lib/gcc/x86_64-w64-mingw32/7.2.0/ -D_MT -D_REENTRANT
     -U_REENTRANT -D IEEE -D DBLEPRECISION -m64 -mtune=core2 -march=nocona -mthreads
     -O2 -fimplicit-none -fbounds-check -funroll-loops -ftree-vectorize
     -ffpe-summary=invalid,zero,overflow,underflow -fno-unsafe-math-optimizations
     -frounding-math -fsignaling-nans -fopenmp.

   This problem will use 7 of 8 possible threads.


  INPUT --- proc title ;

   CPU Time for the last procedure was 0.01 seconds.     


  INPUT --- proc chmatrix occasions= 3 groups= 1 etype= Occupancy 
  INPUT --- Nodes= 101 icovar = 4 ICMeans  NoHist hist= 138 ;

  INPUT ---    time interval 1 1 1 ;

  INPUT ---     icovariates effort1 effort2 effort3 mFlow ;

  INPUT ---    glabel(1)=freq1;

      Number of unique encounter histories read was 138.

      Number of individual covariates read was 4.
      Time interval lengths are all equal to 1.

      Data type number is 27
      Data type is Occupancy Estimation with Detection < 1                                                             

   CPU Time for the last procedure was 0.01 seconds.     

  Program  MARK  - Survival Rate Estimation with Capture-Recapture Data
   gfortran(dble) Vers. 9.0 Mar 2018    19-Dec-2019 22:40:19    Page  002
 - - - - - - - - - - - - - - - - - - - - - - - - - - - - - - - - - - - - - -
 


  INPUT --- proc estimate link=Logit NOLOOP varest=2ndPart    ;


  INPUT --- model={ p(~effort)Psi(~mFlow) };

  INPUT ---    group=1 p    rows=1 cols=3 Square ;
  INPUT ---        1 2 3 ;

  INPUT ---    group=1 Psi    rows=1 cols=1 Square ;
  INPUT ---        4 ;

  INPUT ---    design matrix constraints=4 covariates=4;
  INPUT ---        1 effort1 0 0;
  INPUT ---        1 effort2 0 0;
  INPUT ---        1 effort3 0 0;
  INPUT ---        0 0 1 mFlow;
  INPUT ---       blabel(1)=p:(Intercept);
  INPUT ---       blabel(2)=p:effort;
  INPUT ---       blabel(3)=Psi:(Intercept);
  INPUT ---       blabel(4)=Psi:mFlow;
  INPUT ---       rlabel(1)=p g1 a0 t1;
  INPUT ---       rlabel(2)=p g1 a1 t2;
  INPUT ---       rlabel(3)=p g1 a2 t3;
  INPUT ---       rlabel(4)=Psi g1 a0 t1;

 Link Function Used is LOGIT        

 Variance Estimation Procedure Used is 2ndPart 
 -2logL(saturated) = 0.0000000     
 Effective Sample Size = 138

 Number of function evaluations was 16 for 4 parameters.
 Time for numerical optimization was 0.03 seconds.     
 -2logL { p(~effort)Psi(~mFlow) } = 390.06889     
 Penalty { p(~effort)Psi(~mFlow) } = 0.0000000     
 Gradient { p(~effort)Psi(~mFlow) }:
  0.4462865E-05 -0.8831542E-06  0.2632670E-05   0.000000    
 Maximum ABS(G) { p(~effort)Psi(~mFlow) } = 0.4462865E-05 
 S Vector { p(~effort)Psi(~mFlow) }:
   34.30598      28.64797     0.4050461     0.8500902E-01
 Time to compute number of parameters was 0.01 seconds.     
 Ratio Threshold = 50.000000       Max Gap (2/3) = 70.727671       Next Max Gap (3/4) = 4.7647428     
 Gap Method for Num. of Estimated Parameters { p(~effort)Psi(~mFlow) } = 2          
 Threshold { p(~effort)Psi(~mFlow) } = 0.8925730E-05                 
 Numerical Threshold Method for Num. of Estimated Parameters { p(~effort)Psi(~mFlow) } = 4          
 Number of Estimated Parameters { p(~effort)Psi(~mFlow) } = 4          

   * *  WARNING  * *   Number of parameters estimated from gap method (=2) and threshold method (=4) differ.  Inspect full output.                                                                                                                                                                                                                                                                                                                                                                                                                      
 Ratios of S Vector { p(~effort)Psi(~mFlow) }:
   1/2    1.197502       2/3    70.72767       3/4    4.764743    
 DEVIANCE { p(~effort)Psi(~mFlow) } = 390.06889                     
 DEVIANCE Degrees of Freedom { p(~effort)Psi(~mFlow) } = 134            
 c-hat { p(~effort)Psi(~mFlow) } = 2.9109618                     
 AIC { p(~effort)Psi(~mFlow) } = 398.06889                  
 AICc { p(~effort)Psi(~mFlow) } = 398.36964                    
 BIC { p(~effort)Psi(~mFlow) } = 409.77790                    
 Pearson Chisquare { p(~effort)Psi(~mFlow) } = 1476.2435                  

  Program  MARK  - Survival Rate Estimation with Capture-Recapture Data
   gfortran(dble) Vers. 9.0 Mar 2018    19-Dec-2019 22:40:19    Page  003
 - - - - - - - - - - - - - - - - - - - - - - - - - - - - - - - - - - - - - -
 


                  LOGIT Link Function Parameters of { p(~effort)Psi(~mFlow) }
                                                              95% Confidence Interval
 Parameter                    Beta         Standard Error      Lower           Upper
 -------------------------  --------------  --------------  --------------  --------------
    1:p:(Intercept)          0.7095283       0.3838119      -0.0427430       1.4617997    
    2:p:effort               0.8323473E-03   0.3882652E-03   0.7134753E-04   0.0015933    
    3:Psi:(Intercept)       -0.4489840       0.4914172      -1.4121618       0.5141938    
    4:Psi:mFlow              2.5186482       1.9544745      -1.3121218       6.3494182    


                  Real Function Parameters of { p(~effort)Psi(~mFlow) }

      Following estimates based on unstandardized individual covariate values:
          Variable   Value         
          ---------  ------------- 
          EFFORT1     906.23188    
          EFFORT2     834.18841    
          EFFORT3     818.18116    
          MFLOW       0.2587289    
                                                               95% Confidence Interval
  Parameter                  Estimate       Standard Error      Lower           Upper
 --------------------------  --------------  --------------  --------------  --------------
     1:p g1 a0 t1             0.8121175       0.0288804       0.7489172       0.8623338                          
     2:p g1 a1 t2             0.8027961       0.0298828       0.7376715       0.8549327                          
     3:p g1 a2 t3             0.8006783       0.0301953       0.7349146       0.8533819                          
     4:Psi g1 a0 t1           0.5504931       0.0453424       0.4609587       0.6368713                          


                      Estimates of Derived Parameters
             Occupancy Estimates of { p(~effort)Psi(~mFlow) }
                                            95% Confidence Interval
 Group   Psi-hat         Standard Error      Lower           Upper
 -----   --------------  --------------  --------------  --------------
   1      0.5504931       0.0453424       0.4609587       0.6368713    

 Attempted ordering of parameters by estimatibility:
  3 1 2 4
 Beta number 4 is a singular value.

   CPU Time for the last procedure was 0.05 seconds.     

  Program  MARK  - Survival Rate Estimation with Capture-Recapture Data
   gfortran(dble) Vers. 9.0 Mar 2018    19-Dec-2019 22:40:20    Page  004
 - - - - - - - - - - - - - - - - - - - - - - - - - - - - - - - - - - - - - -
 


  INPUT --- proc stop;

     CPU Time in minutes for this job was 0.00

     Time Start = 22:40:19.890   Time End = 22:40:20.000

     Wall Clock Time in minutes for this job was 0.00


          E X E C U T I O N   S U C C E S S F U L 
