
   Program  MARK  - Survival Rate Estimation with Capture-Recapture Data
   gfortran(dble) Vers. 9.0 Mar 2018    18-Dec-2019 13:12:49    Page  001
 - - - - - - - - - - - - - - - - - - - - - - - - - - - - - - - - - - - - - -
 
   This version was compiled by GCC version 7.2.0 using the options: 
     -cpp -iprefix C:/Program Files/mingw-w64/x86_64-7.2.0-posix-seh-rt_v5-rev1/
     mingw64/bin/../lib/gcc/x86_64-w64-mingw32/7.2.0/ -D_MT -D_REENTRANT
     -U_REENTRANT -D IEEE -D DBLEPRECISION -m64 -mtune=core2 -march=nocona -mthreads
     -O2 -fimplicit-none -fbounds-check -funroll-loops -ftree-vectorize
     -ffpe-summary=invalid,zero,overflow,underflow -fno-unsafe-math-optimizations
     -frounding-math -fsignaling-nans -fopenmp.

   This problem will use 7 of 8 possible threads.


  INPUT --- proc title ;

   CPU Time for the last procedure was 0.01 seconds.     


  INPUT --- proc chmatrix occasions= 3 groups= 1 etype= Occupancy 
  INPUT --- Nodes= 101 ICMeans NoHist hist=  8 ;

  INPUT ---    time interval 1 1 1 ;

  INPUT ---    glabel(1)=freq1;

      Number of unique encounter histories read was 8.

      Number of individual covariates read was 0.
      Time interval lengths are all equal to 1.

      Data type number is 27
      Data type is Occupancy Estimation with Detection < 1                                                             

   CPU Time for the last procedure was 0.01 seconds.     

  Program  MARK  - Survival Rate Estimation with Capture-Recapture Data
   gfortran(dble) Vers. 9.0 Mar 2018    18-Dec-2019 13:12:49    Page  002
 - - - - - - - - - - - - - - - - - - - - - - - - - - - - - - - - - - - - - -
 


  INPUT --- proc estimate link=Logit NOLOOP varest=2ndPart    ;


  INPUT --- model={ p(~1)Psi(~1) };

  INPUT ---    group=1 p    rows=1 cols=3 Square ;
  INPUT ---        1 1 1 ;

  INPUT ---    group=1 Psi    rows=1 cols=1 Square ;
  INPUT ---        2 ;

  INPUT ---    design matrix constraints=2 covariates=2 identity;
  INPUT ---       blabel(1)=p:(Intercept);
  INPUT ---       blabel(2)=Psi:(Intercept);
  INPUT ---       rlabel(1)=p g1 a0 t1;
  INPUT ---       rlabel(2)=Psi g1 a0 t1;

 Link Function Used is LOGIT        

 Variance Estimation Procedure Used is 2ndPart 
 -2logL(saturated) = 375.66086     
 Effective Sample Size = 138

   * *  WARNING  * *   Error number 0 from VA09AD optimization routine. 

 Number of function evaluations was 9 for 2 parameters.
 Time for numerical optimization was 0.01 seconds.     
 -2logL { p(~1)Psi(~1) } = 399.09747     
 Penalty { p(~1)Psi(~1) } = 0.0000000     
 Gradient { p(~1)Psi(~1) }:
   0.000000       0.000000    
 Maximum ABS(G) { p(~1)Psi(~1) } = 0.0000000     
 S Vector { p(~1)Psi(~1) }:
   34.21520      30.52659    
 Time to compute number of parameters was 0.01 seconds.     
 Gap Method for Num. of Estimated Parameters { p(~1)Psi(~1) } = 2          
 Threshold { p(~1)Psi(~1) } = 0.0000000                     
 Numerical Threshold Method for Num. of Estimated Parameters { p(~1)Psi(~1) } = 2          
 Number of Estimated Parameters { p(~1)Psi(~1) } = 2          
 DEVIANCE { p(~1)Psi(~1) } = 23.436614                     
 DEVIANCE Degrees of Freedom { p(~1)Psi(~1) } = 5            
 c-hat { p(~1)Psi(~1) } = 4.6873227                     
 AIC { p(~1)Psi(~1) } = 403.09747                  
 AICc { p(~1)Psi(~1) } = 403.18636                    
 BIC { p(~1)Psi(~1) } = 408.95198                    
 Pearson Chisquare { p(~1)Psi(~1) } = 24.829648                  
 Possible Encounter Histories { p(~1)Psi(~1) } = 8             
 Pearson Chisquare df { p(~1)Psi(~1) } = 5        
 Pearson chat { p(~1)Psi(~1) } = 4.9659297                  
 Sum(Observed/Expected) { p(~1)Psi(~1) } = 10.215321                  
 Fletcher chat { p(~1)Psi(~1) } = 3.8890052                  


                       LOGIT Link Function Parameters of { p(~1)Psi(~1) }
                                                              95% Confidence Interval
 Parameter                    Beta         Standard Error      Lower           Upper
 -------------------------  --------------  --------------  --------------  --------------
    1:p:(Intercept)          1.4801474       0.1799222       1.1275000       1.8327949    
    2:Psi:(Intercept)        0.1590198       0.1720846      -0.1782661       0.4963056    

  Program  MARK  - Survival Rate Estimation with Capture-Recapture Data
   gfortran(dble) Vers. 9.0 Mar 2018    18-Dec-2019 13:12:49    Page  003
 - - - - - - - - - - - - - - - - - - - - - - - - - - - - - - - - - - - - - -
 


                       Real Function Parameters of { p(~1)Psi(~1) }
                                                               95% Confidence Interval
  Parameter                  Estimate       Standard Error      Lower           Upper
 --------------------------  --------------  --------------  --------------  --------------
     1:p g1 a0 t1             0.8145948       0.0271737       0.7553772       0.8620943                          
     2:Psi g1 a0 t1           0.5396714       0.0427503       0.4555511       0.6215907                          


                      Estimates of Derived Parameters
                 Occupancy Estimates of { p(~1)Psi(~1) }
                                            95% Confidence Interval
 Group   Psi-hat         Standard Error      Lower           Upper
 -----   --------------  --------------  --------------  --------------
   1      0.5396714       0.0427503       0.4555511       0.6215907    

   CPU Time for the last procedure was 0.01 seconds.     

  Program  MARK  - Survival Rate Estimation with Capture-Recapture Data
   gfortran(dble) Vers. 9.0 Mar 2018    18-Dec-2019 13:12:49    Page  004
 - - - - - - - - - - - - - - - - - - - - - - - - - - - - - - - - - - - - - -
 


  INPUT --- proc stop;

     CPU Time in minutes for this job was 0.00

     Time Start = 13:12:49.350   Time End = 13:12:49.357

     Wall Clock Time in minutes for this job was 0.00


          E X E C U T I O N   S U C C E S S F U L 
