
   Program  MARK  - Survival Rate Estimation with Capture-Recapture Data
   gfortran(dble) Vers. 9.0 Mar 2018    18-Dec-2019 13:12:43    Page  001
 - - - - - - - - - - - - - - - - - - - - - - - - - - - - - - - - - - - - - -
 
   This version was compiled by GCC version 7.2.0 using the options: 
     -cpp -iprefix C:/Program Files/mingw-w64/x86_64-7.2.0-posix-seh-rt_v5-rev1/
     mingw64/bin/../lib/gcc/x86_64-w64-mingw32/7.2.0/ -D_MT -D_REENTRANT
     -U_REENTRANT -D IEEE -D DBLEPRECISION -m64 -mtune=core2 -march=nocona -mthreads
     -O2 -fimplicit-none -fbounds-check -funroll-loops -ftree-vectorize
     -ffpe-summary=invalid,zero,overflow,underflow -fno-unsafe-math-optimizations
     -frounding-math -fsignaling-nans -fopenmp.

   This problem will use 7 of 8 possible threads.


  INPUT --- proc title ;

   CPU Time for the last procedure was 0.01 seconds.     


  INPUT --- proc chmatrix occasions= 3 groups= 1 etype= Occupancy 
  INPUT --- Nodes= 101 icovar = 6 ICMeans  NoHist hist= 138 ;

  INPUT ---    time interval 1 1 1 ;

  INPUT ---     icovariates effort1 effort2 effort3 Area2 AvgSlope  
  INPUT ---    Cross_Cat ;

  INPUT ---    glabel(1)=freq1;

      Number of unique encounter histories read was 138.

      Number of individual covariates read was 6.
      Time interval lengths are all equal to 1.

      Data type number is 27
      Data type is Occupancy Estimation with Detection < 1                                                             

   CPU Time for the last procedure was 0.01 seconds.     

  Program  MARK  - Survival Rate Estimation with Capture-Recapture Data
   gfortran(dble) Vers. 9.0 Mar 2018    18-Dec-2019 13:12:43    Page  002
 - - - - - - - - - - - - - - - - - - - - - - - - - - - - - - - - - - - - - -
 


  INPUT --- proc estimate link=Logit NOLOOP varest=2ndPart    ;


  INPUT --- model={ p(~effort)Psi(~Area2 + AvgSlope + Cross_Cat) };

  INPUT ---    group=1 p    rows=1 cols=3 Square ;
  INPUT ---        1 2 3 ;

  INPUT ---    group=1 Psi    rows=1 cols=1 Square ;
  INPUT ---        4 ;

  INPUT ---    design matrix constraints=4 covariates=6;
  INPUT ---        1 effort1 0 0 0 0;
  INPUT ---        1 effort2 0 0 0 0;
  INPUT ---        1 effort3 0 0 0 0;
  INPUT ---        0 0 1 Area2 AvgSlope Cross_Cat;
  INPUT ---       blabel(1)=p:(Intercept);
  INPUT ---       blabel(2)=p:effort;
  INPUT ---       blabel(3)=Psi:(Intercept);
  INPUT ---       blabel(4)=Psi:Area2;
  INPUT ---       blabel(5)=Psi:AvgSlope;
  INPUT ---       blabel(6)=Psi:Cross_Cat;
  INPUT ---       rlabel(1)=p g1 a0 t1;
  INPUT ---       rlabel(2)=p g1 a1 t2;
  INPUT ---       rlabel(3)=p g1 a2 t3;
  INPUT ---       rlabel(4)=Psi g1 a0 t1;

 Link Function Used is LOGIT        

 Variance Estimation Procedure Used is 2ndPart 
 -2logL(saturated) = 0.0000000     
 Effective Sample Size = 138

 Number of function evaluations was 18 for 6 parameters.
 Time for numerical optimization was 0.09 seconds.     
 -2logL { p(~effort)Psi(~Area2 + AvgSlope + Cross_Cat) } = 391.63472     
 Penalty { p(~effort)Psi(~Area2 + AvgSlope + Cross_Cat) } = 0.0000000     
 Gradient { p(~effort)Psi(~Area2 + AvgSlope + Cross_Cat) }:
  0.4390901E-05   0.000000       0.000000      0.1609654E-05  0.1495098E-05
   0.000000    
 Maximum ABS(G) { p(~effort)Psi(~Area2 + AvgSlope + Cross_Cat) } = 0.4390901E-05 
 S Vector { p(~effort)Psi(~Area2 + AvgSlope + Cross_Cat) }:
   35.69477      29.45477     0.7915167     0.4943703     0.4136799    
  0.5298695E-01
 Time to compute number of parameters was 0.08 seconds.     
 Ratio Threshold = 50.000000       Max Gap (2/3) = 37.213076       Next Max Gap (5/6) = 7.8072037     
 Gap Method for Num. of Estimated Parameters { p(~effort)Psi(~Area2 + AvgSlope + Cross_Cat) } = 6          
 Threshold { p(~effort)Psi(~Area2 + AvgSlope + Cross_Cat) } = 0.8781803E-05                 
 Numerical Threshold Method for Num. of Estimated Parameters { p(~effort)Psi(~Area2 + AvgSlope + Cross_Cat) } = 6          
 Number of Estimated Parameters { p(~effort)Psi(~Area2 + AvgSlope + Cross_Cat) } = 6          
 DEVIANCE { p(~effort)Psi(~Area2 + AvgSlope + Cross_Cat) } = 391.63472                     
 DEVIANCE Degrees of Freedom { p(~effort)Psi(~Area2 + AvgSlope + Cross_Cat) } = 132            
 c-hat { p(~effort)Psi(~Area2 + AvgSlope + Cross_Cat) } = 2.9669297                     
 AIC { p(~effort)Psi(~Area2 + AvgSlope + Cross_Cat) } = 403.63472                  
 AICc { p(~effort)Psi(~Area2 + AvgSlope + Cross_Cat) } = 404.27594                    
 BIC { p(~effort)Psi(~Area2 + AvgSlope + Cross_Cat) } = 421.19824                    
 Pearson Chisquare { p(~effort)Psi(~Area2 + AvgSlope + Cross_Cat) } = 1447.8430                  

  Program  MARK  - Survival Rate Estimation with Capture-Recapture Data
   gfortran(dble) Vers. 9.0 Mar 2018    18-Dec-2019 13:12:43    Page  003
 - - - - - - - - - - - - - - - - - - - - - - - - - - - - - - - - - - - - - -
 


       LOGIT Link Function Parameters of { p(~effort)Psi(~Area2 + AvgSlope + Cross_Cat) }
                                                              95% Confidence Interval
 Parameter                    Beta         Standard Error      Lower           Upper
 -------------------------  --------------  --------------  --------------  --------------
    1:p:(Intercept)          0.7375464       0.3729178       0.0066274       1.4684653    
    2:p:effort               0.8104799E-03   0.3808312E-03   0.6405066E-04   0.0015569    
    3:Psi:(Intercept)       -0.1587779       0.3435614      -0.8321581       0.5146024    
    4:Psi:Area2              0.5289726E-03   0.0013440      -0.0021053       0.0031632    
    5:Psi:AvgSlope           0.0273365       0.0232535      -0.0182403       0.0729133    
    6:Psi:Cross_Cat         -0.0135530       0.0398153      -0.0915911       0.0644850    


       Real Function Parameters of { p(~effort)Psi(~Area2 + AvgSlope + Cross_Cat) }

      Following estimates based on unstandardized individual covariate values:
          Variable   Value         
          ---------  ------------- 
          EFFORT1     906.23188    
          EFFORT2     834.18841    
          EFFORT3     818.18116    
          AREA2       112.64471    
          AVGSLOPE    12.952003    
          CROSS_CAT   5.6956522    
                                                               95% Confidence Interval
  Parameter                  Estimate       Standard Error      Lower           Upper
 --------------------------  --------------  --------------  --------------  --------------
     1:p g1 a0 t1             0.8133656       0.0284375       0.7511690       0.8628542                          
     2:p g1 a1 t2             0.8043393       0.0292922       0.7405503       0.8555051                          
     3:p g1 a2 t3             0.8022895       0.0295681       0.7379437       0.8539624                          
     4:Psi g1 a0 t1           0.5443028       0.0435026       0.4585747       0.6274836                          


                      Estimates of Derived Parameters
 Occupancy Estimates of { p(~effort)Psi(~Area2 + AvgSlope + Cross_Cat) }
                                            95% Confidence Interval
 Group   Psi-hat         Standard Error      Lower           Upper
 -----   --------------  --------------  --------------  --------------
   1      0.5443028       0.0435026       0.4585747       0.6274836    

   CPU Time for the last procedure was 0.17 seconds.     

  Program  MARK  - Survival Rate Estimation with Capture-Recapture Data
   gfortran(dble) Vers. 9.0 Mar 2018    18-Dec-2019 13:12:43    Page  004
 - - - - - - - - - - - - - - - - - - - - - - - - - - - - - - - - - - - - - -
 


  INPUT --- proc stop;

     CPU Time in minutes for this job was 0.00

     Time Start = 13:12:43.807   Time End = 13:12:43.970

     Wall Clock Time in minutes for this job was 0.00


          E X E C U T I O N   S U C C E S S F U L 
