
   Program  MARK  - Survival Rate Estimation with Capture-Recapture Data
   gfortran(dble) Vers. 9.0 Mar 2018    18-Dec-2019 13:10:02    Page  001
 - - - - - - - - - - - - - - - - - - - - - - - - - - - - - - - - - - - - - -
 
   This version was compiled by GCC version 7.2.0 using the options: 
     -cpp -iprefix C:/Program Files/mingw-w64/x86_64-7.2.0-posix-seh-rt_v5-rev1/
     mingw64/bin/../lib/gcc/x86_64-w64-mingw32/7.2.0/ -D_MT -D_REENTRANT
     -U_REENTRANT -D IEEE -D DBLEPRECISION -m64 -mtune=core2 -march=nocona -mthreads
     -O2 -fimplicit-none -fbounds-check -funroll-loops -ftree-vectorize
     -ffpe-summary=invalid,zero,overflow,underflow -fno-unsafe-math-optimizations
     -frounding-math -fsignaling-nans -fopenmp.

   This problem will use 7 of 8 possible threads.


  INPUT --- proc title ;

   CPU Time for the last procedure was 0.01 seconds.     


  INPUT --- proc chmatrix occasions= 3 groups= 1 etype= Occupancy 
  INPUT --- Nodes= 101 icovar = 4 ICMeans  NoHist hist= 138 ;

  INPUT ---    time interval 1 1 1 ;

  INPUT ---     icovariates effort1 effort2 effort3 Area_km2 ;

  INPUT ---    glabel(1)=freq1;

      Number of unique encounter histories read was 138.

      Number of individual covariates read was 4.
      Time interval lengths are all equal to 1.

      Data type number is 27
      Data type is Occupancy Estimation with Detection < 1                                                             

   CPU Time for the last procedure was 0.01 seconds.     

  Program  MARK  - Survival Rate Estimation with Capture-Recapture Data
   gfortran(dble) Vers. 9.0 Mar 2018    18-Dec-2019 13:10:02    Page  002
 - - - - - - - - - - - - - - - - - - - - - - - - - - - - - - - - - - - - - -
 


  INPUT --- proc estimate link=Logit NOLOOP varest=2ndPart    ;


  INPUT --- model={ p(~effort)Psi(~Area_km2) };

  INPUT ---    group=1 p    rows=1 cols=3 Square ;
  INPUT ---        1 2 3 ;

  INPUT ---    group=1 Psi    rows=1 cols=1 Square ;
  INPUT ---        4 ;

  INPUT ---    design matrix constraints=4 covariates=4;
  INPUT ---        1 effort1 0 0;
  INPUT ---        1 effort2 0 0;
  INPUT ---        1 effort3 0 0;
  INPUT ---        0 0 1 Area_km2;
  INPUT ---       blabel(1)=p:(Intercept);
  INPUT ---       blabel(2)=p:effort;
  INPUT ---       blabel(3)=Psi:(Intercept);
  INPUT ---       blabel(4)=Psi:Area_km2;
  INPUT ---       rlabel(1)=p g1 a0 t1;
  INPUT ---       rlabel(2)=p g1 a1 t2;
  INPUT ---       rlabel(3)=p g1 a2 t3;
  INPUT ---       rlabel(4)=Psi g1 a0 t1;

 Link Function Used is LOGIT        

 Variance Estimation Procedure Used is 2ndPart 
 -2logL(saturated) = 0.0000000     
 Effective Sample Size = 138

 Number of function evaluations was 12 for 4 parameters.
 Time for numerical optimization was 0.03 seconds.     
 -2logL { p(~effort)Psi(~Area_km2) } = 388.34306     
 Penalty { p(~effort)Psi(~Area_km2) } = 0.0000000     
 Gradient { p(~effort)Psi(~Area_km2) }:
   0.000000      0.9263796E-06  0.5899945E-05   0.000000    
 Maximum ABS(G) { p(~effort)Psi(~Area_km2) } = 0.5899945E-05 
 S Vector { p(~effort)Psi(~Area_km2) }:
   33.94903      29.46584     0.4389321     0.3886536    
 Time to compute number of parameters was 0.01 seconds.     
 Ratio Threshold = 50.000000       Max Gap (2/3) = 67.130739       Next Max Gap (1/2) = 1.1521489     
 Gap Method for Num. of Estimated Parameters { p(~effort)Psi(~Area_km2) } = 2          
 Threshold { p(~effort)Psi(~Area_km2) } = 0.1179989E-04                 
 Numerical Threshold Method for Num. of Estimated Parameters { p(~effort)Psi(~Area_km2) } = 4          
 Number of Estimated Parameters { p(~effort)Psi(~Area_km2) } = 4          

   * *  WARNING  * *   Number of parameters estimated from gap method (=2) and threshold method (=4) differ.  Inspect full output.                                                                                                                                                                                                                                                                                                                                                                                                                      
 Ratios of S Vector { p(~effort)Psi(~Area_km2) }:
   1/2    1.152149       2/3    67.13074       3/4    1.129366    
 DEVIANCE { p(~effort)Psi(~Area_km2) } = 388.34306                     
 DEVIANCE Degrees of Freedom { p(~effort)Psi(~Area_km2) } = 134            
 c-hat { p(~effort)Psi(~Area_km2) } = 2.8980825                     
 AIC { p(~effort)Psi(~Area_km2) } = 396.34306                  
 AICc { p(~effort)Psi(~Area_km2) } = 396.64381                    
 BIC { p(~effort)Psi(~Area_km2) } = 408.05208                    
 Pearson Chisquare { p(~effort)Psi(~Area_km2) } = 1311.8101                  

  Program  MARK  - Survival Rate Estimation with Capture-Recapture Data
   gfortran(dble) Vers. 9.0 Mar 2018    18-Dec-2019 13:10:02    Page  003
 - - - - - - - - - - - - - - - - - - - - - - - - - - - - - - - - - - - - - -
 


                 LOGIT Link Function Parameters of { p(~effort)Psi(~Area_km2) }
                                                              95% Confidence Interval
 Parameter                    Beta         Standard Error      Lower           Upper
 -------------------------  --------------  --------------  --------------  --------------
    1:p:(Intercept)          0.7674476       0.3651244       0.0518037       1.4830914    
    2:p:effort               0.7818093E-03   0.3759348E-03   0.4497707E-04   0.0015186    
    3:Psi:(Intercept)       -0.2931297       0.2813038      -0.8444852       0.2582258    
    4:Psi:Area_km2           0.0617719       0.0307862       0.0014309       0.1221128    


                 Real Function Parameters of { p(~effort)Psi(~Area_km2) }

      Following estimates based on unstandardized individual covariate values:
          Variable   Value         
          ---------  ------------- 
          EFFORT1     906.23188    
          EFFORT2     834.18841    
          EFFORT3     818.18116    
          AREA_KM2    7.8085664    
                                                               95% Confidence Interval
  Parameter                  Estimate       Standard Error      Lower           Upper
 --------------------------  --------------  --------------  --------------  --------------
     1:p g1 a0 t1             0.8139598       0.0283050       0.7520521       0.8632216                          
     2:p g1 a1 t2             0.8052794       0.0290262       0.7420798       0.8559980                          
     3:p g1 a2 t3             0.8033096       0.0292693       0.7396266       0.8544813                          
     4:Psi g1 a0 t1           0.5471644       0.0441379       0.4601032       0.6314326                          


                      Estimates of Derived Parameters
           Occupancy Estimates of { p(~effort)Psi(~Area_km2) }
                                            95% Confidence Interval
 Group   Psi-hat         Standard Error      Lower           Upper
 -----   --------------  --------------  --------------  --------------
   1      0.5471644       0.0441379       0.4601032       0.6314326    

 Attempted ordering of parameters by estimatibility:
  3 1 2 4
 Beta number 4 is a singular value.

   CPU Time for the last procedure was 0.03 seconds.     

  Program  MARK  - Survival Rate Estimation with Capture-Recapture Data
   gfortran(dble) Vers. 9.0 Mar 2018    18-Dec-2019 13:10:02    Page  004
 - - - - - - - - - - - - - - - - - - - - - - - - - - - - - - - - - - - - - -
 


  INPUT --- proc stop;

     CPU Time in minutes for this job was 0.00

     Time Start = 13:10:02.461   Time End = 13:10:02.557

     Wall Clock Time in minutes for this job was 0.00


          E X E C U T I O N   S U C C E S S F U L 
