
   Program  MARK  - Survival Rate Estimation with Capture-Recapture Data
   gfortran(dble) Vers. 9.0 Mar 2018    18-Dec-2019 13:09:59    Page  001
 - - - - - - - - - - - - - - - - - - - - - - - - - - - - - - - - - - - - - -
 
   This version was compiled by GCC version 7.2.0 using the options: 
     -cpp -iprefix C:/Program Files/mingw-w64/x86_64-7.2.0-posix-seh-rt_v5-rev1/
     mingw64/bin/../lib/gcc/x86_64-w64-mingw32/7.2.0/ -D_MT -D_REENTRANT
     -U_REENTRANT -D IEEE -D DBLEPRECISION -m64 -mtune=core2 -march=nocona -mthreads
     -O2 -fimplicit-none -fbounds-check -funroll-loops -ftree-vectorize
     -ffpe-summary=invalid,zero,overflow,underflow -fno-unsafe-math-optimizations
     -frounding-math -fsignaling-nans -fopenmp.

   This problem will use 7 of 8 possible threads.


  INPUT --- proc title ;

   CPU Time for the last procedure was 0.01 seconds.     


  INPUT --- proc chmatrix occasions= 3 groups= 1 etype= Occupancy 
  INPUT --- Nodes= 101 icovar = 5 ICMeans  NoHist hist= 138 ;

  INPUT ---    time interval 1 1 1 ;

  INPUT ---     icovariates effort1 effort2 effort3 Area2 Cross_Cat ;

  INPUT ---    glabel(1)=freq1;

      Number of unique encounter histories read was 138.

      Number of individual covariates read was 5.
      Time interval lengths are all equal to 1.

      Data type number is 27
      Data type is Occupancy Estimation with Detection < 1                                                             

   CPU Time for the last procedure was 0.01 seconds.     

  Program  MARK  - Survival Rate Estimation with Capture-Recapture Data
   gfortran(dble) Vers. 9.0 Mar 2018    18-Dec-2019 13:09:59    Page  002
 - - - - - - - - - - - - - - - - - - - - - - - - - - - - - - - - - - - - - -
 


  INPUT --- proc estimate link=Logit NOLOOP varest=2ndPart    ;


  INPUT --- model={ p(~effort)Psi(~Area2 + Cross_Cat) };

  INPUT ---    group=1 p    rows=1 cols=3 Square ;
  INPUT ---        1 2 3 ;

  INPUT ---    group=1 Psi    rows=1 cols=1 Square ;
  INPUT ---        4 ;

  INPUT ---    design matrix constraints=4 covariates=5;
  INPUT ---        1 effort1 0 0 0;
  INPUT ---        1 effort2 0 0 0;
  INPUT ---        1 effort3 0 0 0;
  INPUT ---        0 0 1 Area2 Cross_Cat;
  INPUT ---       blabel(1)=p:(Intercept);
  INPUT ---       blabel(2)=p:effort;
  INPUT ---       blabel(3)=Psi:(Intercept);
  INPUT ---       blabel(4)=Psi:Area2;
  INPUT ---       blabel(5)=Psi:Cross_Cat;
  INPUT ---       rlabel(1)=p g1 a0 t1;
  INPUT ---       rlabel(2)=p g1 a1 t2;
  INPUT ---       rlabel(3)=p g1 a2 t3;
  INPUT ---       rlabel(4)=Psi g1 a0 t1;

 Link Function Used is LOGIT        

 Variance Estimation Procedure Used is 2ndPart 
 -2logL(saturated) = 0.0000000     
 Effective Sample Size = 138

 Number of function evaluations was 22 for 5 parameters.
 Time for numerical optimization was 0.06 seconds.     
 -2logL { p(~effort)Psi(~Area2 + Cross_Cat) } = 393.11590     
 Penalty { p(~effort)Psi(~Area2 + Cross_Cat) } = 0.0000000     
 Gradient { p(~effort)Psi(~Area2 + Cross_Cat) }:
  0.2198264E-05  0.8993176E-06  0.9833195E-05  0.1516190E-05  0.6742504E-05
 Maximum ABS(G) { p(~effort)Psi(~Area2 + Cross_Cat) } = 0.9833195E-05 
 S Vector { p(~effort)Psi(~Area2 + Cross_Cat) }:
   34.58652      29.25689     0.6842881     0.4114620     0.5291433E-01
 Time to compute number of parameters was 0.01 seconds.     
 Ratio Threshold = 50.000000       Max Gap (2/3) = 42.755220       Next Max Gap (4/5) = 7.7760036     
 Gap Method for Num. of Estimated Parameters { p(~effort)Psi(~Area2 + Cross_Cat) } = 5          
 Threshold { p(~effort)Psi(~Area2 + Cross_Cat) } = 0.1966639E-04                 
 Numerical Threshold Method for Num. of Estimated Parameters { p(~effort)Psi(~Area2 + Cross_Cat) } = 5          
 Number of Estimated Parameters { p(~effort)Psi(~Area2 + Cross_Cat) } = 5          
 DEVIANCE { p(~effort)Psi(~Area2 + Cross_Cat) } = 393.11590                     
 DEVIANCE Degrees of Freedom { p(~effort)Psi(~Area2 + Cross_Cat) } = 133            
 c-hat { p(~effort)Psi(~Area2 + Cross_Cat) } = 2.9557587                     
 AIC { p(~effort)Psi(~Area2 + Cross_Cat) } = 403.11590                  
 AICc { p(~effort)Psi(~Area2 + Cross_Cat) } = 403.57045                    
 BIC { p(~effort)Psi(~Area2 + Cross_Cat) } = 417.75217                    
 Pearson Chisquare { p(~effort)Psi(~Area2 + Cross_Cat) } = 1438.8192                  

  Program  MARK  - Survival Rate Estimation with Capture-Recapture Data
   gfortran(dble) Vers. 9.0 Mar 2018    18-Dec-2019 13:09:59    Page  003
 - - - - - - - - - - - - - - - - - - - - - - - - - - - - - - - - - - - - - -
 


            LOGIT Link Function Parameters of { p(~effort)Psi(~Area2 + Cross_Cat) }
                                                              95% Confidence Interval
 Parameter                    Beta         Standard Error      Lower           Upper
 -------------------------  --------------  --------------  --------------  --------------
    1:p:(Intercept)          0.7353227       0.3739824       0.0023173       1.4683282    
    2:p:effort               0.8128808E-03   0.3819282E-03   0.6430149E-04   0.0015615    
    3:Psi:(Intercept)        0.1638223       0.2142385      -0.2560851       0.5837297    
    4:Psi:Area2              0.5853843E-03   0.0013538      -0.0020680       0.0032388    
    5:Psi:Cross_Cat         -0.0096848       0.0394216      -0.0869511       0.0675814    


            Real Function Parameters of { p(~effort)Psi(~Area2 + Cross_Cat) }

      Following estimates based on unstandardized individual covariate values:
          Variable   Value         
          ---------  ------------- 
          EFFORT1     906.23188    
          EFFORT2     834.18841    
          EFFORT3     818.18116    
          AREA2       112.64471    
          CROSS_CAT   5.6956522    
                                                               95% Confidence Interval
  Parameter                  Estimate       Standard Error      Lower           Upper
 --------------------------  --------------  --------------  --------------  --------------
     1:p g1 a0 t1             0.8133583       0.0284381       0.7511607       0.8628482                          
     2:p g1 a1 t2             0.8043046       0.0293013       0.7404954       0.8554858                          
     3:p g1 a2 t3             0.8022484       0.0295797       0.7378769       0.8539408                          
     4:Psi g1 a0 t1           0.5435398       0.0432358       0.4583574       0.6262494                          


                      Estimates of Derived Parameters
       Occupancy Estimates of { p(~effort)Psi(~Area2 + Cross_Cat) }
                                            95% Confidence Interval
 Group   Psi-hat         Standard Error      Lower           Upper
 -----   --------------  --------------  --------------  --------------
   1      0.5435398       0.0432358       0.4583574       0.6262494    

   CPU Time for the last procedure was 0.06 seconds.     

  Program  MARK  - Survival Rate Estimation with Capture-Recapture Data
   gfortran(dble) Vers. 9.0 Mar 2018    18-Dec-2019 13:09:59    Page  004
 - - - - - - - - - - - - - - - - - - - - - - - - - - - - - - - - - - - - - -
 


  INPUT --- proc stop;

     CPU Time in minutes for this job was 0.00

     Time Start = 13:09:59.121   Time End = 13:09:59.359

     Wall Clock Time in minutes for this job was 0.00


          E X E C U T I O N   S U C C E S S F U L 
