
   Program  MARK  - Survival Rate Estimation with Capture-Recapture Data
   gfortran(dble) Vers. 9.0 Mar 2018    19-Dec-2019 22:40:22    Page  001
 - - - - - - - - - - - - - - - - - - - - - - - - - - - - - - - - - - - - - -
 
   This version was compiled by GCC version 7.2.0 using the options: 
     -cpp -iprefix C:/Program Files/mingw-w64/x86_64-7.2.0-posix-seh-rt_v5-rev1/
     mingw64/bin/../lib/gcc/x86_64-w64-mingw32/7.2.0/ -D_MT -D_REENTRANT
     -U_REENTRANT -D IEEE -D DBLEPRECISION -m64 -mtune=core2 -march=nocona -mthreads
     -O2 -fimplicit-none -fbounds-check -funroll-loops -ftree-vectorize
     -ffpe-summary=invalid,zero,overflow,underflow -fno-unsafe-math-optimizations
     -frounding-math -fsignaling-nans -fopenmp.

   This problem will use 7 of 8 possible threads.


  INPUT --- proc title ;

   CPU Time for the last procedure was 0.01 seconds.     


  INPUT --- proc chmatrix occasions= 3 groups= 1 etype= Occupancy 
  INPUT --- Nodes= 101 icovar = 7 ICMeans  NoHist hist= 138 ;

  INPUT ---    time interval 1 1 1 ;

  INPUT ---     icovariates MEANT2 avdep mFlow pctrun pctBrBnk HAiFLS_for  
  INPUT ---    Area_km2 ;

  INPUT ---    glabel(1)=freq1;

      Number of unique encounter histories read was 138.

      Number of individual covariates read was 7.
      Time interval lengths are all equal to 1.

      Data type number is 27
      Data type is Occupancy Estimation with Detection < 1                                                             

   CPU Time for the last procedure was 0.01 seconds.     

  Program  MARK  - Survival Rate Estimation with Capture-Recapture Data
   gfortran(dble) Vers. 9.0 Mar 2018    19-Dec-2019 22:40:22    Page  002
 - - - - - - - - - - - - - - - - - - - - - - - - - - - - - - - - - - - - - -
 


  INPUT --- proc estimate link=Logit NOLOOP varest=2ndPart    ;


  INPUT --- model={ p(~1)Psi(~MEANT2 + avdep + mFlow + pctrun + 
  INPUT --- pctBrBnk + HAiFLS_for + Area_km2) };

  INPUT ---    group=1 p    rows=1 cols=3 Square ;
  INPUT ---        1 1 1 ;

  INPUT ---    group=1 Psi    rows=1 cols=1 Square ;
  INPUT ---        2 ;

  INPUT ---    design matrix constraints=2 covariates=9;
  INPUT ---        1 0 0 0 0 0 0 0 0;
  INPUT ---        0 1 MEANT2 avdep mFlow pctrun pctBrBnk HAiFLS_for Area_km2;
  INPUT ---       blabel(1)=p:(Intercept);
  INPUT ---       blabel(2)=Psi:(Intercept);
  INPUT ---       blabel(3)=Psi:MEANT2;
  INPUT ---       blabel(4)=Psi:avdep;
  INPUT ---       blabel(5)=Psi:mFlow;
  INPUT ---       blabel(6)=Psi:pctrun;
  INPUT ---       blabel(7)=Psi:pctBrBnk;
  INPUT ---       blabel(8)=Psi:HAiFLS_for;
  INPUT ---       blabel(9)=Psi:Area_km2;
  INPUT ---       rlabel(1)=p g1 a0 t1;
  INPUT ---       rlabel(2)=Psi g1 a0 t1;

 Link Function Used is LOGIT        

 Variance Estimation Procedure Used is 2ndPart 
 -2logL(saturated) = 0.0000000     
 Effective Sample Size = 138

 Number of function evaluations was 26 for 9 parameters.
 Time for numerical optimization was 0.03 seconds.     
 -2logL { p(~1)Psi(~MEANT2 + avdep + mFlow + pctrun + pctBrBnk + HAiFLS_for + Area_km2) } = 358.49460     
 Penalty { p(~1)Psi(~MEANT2 + avdep + mFlow + pctrun + pctBrBnk + HAiFLS_for + Area_km2) } = 0.0000000     
 Gradient { p(~1)Psi(~MEANT2 + avdep + mFlow + pctrun + pctBrBnk + HAiFLS_for + Area_km2) }:
 -0.1602083E-05 -0.9696076E-05 -0.1037779E-04   0.000000     -0.1288021E-05
 -0.6300373E-05 -0.1577593E-05 -0.1300060E-05 -0.7540872E-06
 Maximum ABS(G) { p(~1)Psi(~MEANT2 + avdep + mFlow + pctrun + pctBrBnk + HAiFLS_for + Area_km2) } = 0.1037779E-04 
 S Vector { p(~1)Psi(~MEANT2 + avdep + mFlow + pctrun + pctBrBnk + HAiFLS_for + Area_km2) }:
   42.36911      31.24525      1.710141      1.007487     0.5351834    
  0.3238163     0.2257879     0.1071625     0.2796540E-01
 Time to compute number of parameters was 0.01 seconds.     
 Ratio Threshold = 50.000000       Max Gap (2/3) = 18.270572       Next Max Gap (8/9) = 3.8319672     
 Gap Method for Num. of Estimated Parameters { p(~1)Psi(~MEANT2 + avdep + mFlow + pctrun + pctBrBnk + HAiFLS_for + Area_km2) } = 9          
 Threshold { p(~1)Psi(~MEANT2 + avdep + mFlow + pctrun + pctBrBnk + HAiFLS_for + Area_km2) } = 0.2075558E-04                 
 Numerical Threshold Method for Num. of Estimated Parameters { p(~1)Psi(~MEANT2 + avdep + mFlow + pctrun + pctBrBnk + HAiFLS_for + Area_km2) } = 9          
 Number of Estimated Parameters { p(~1)Psi(~MEANT2 + avdep + mFlow + pctrun + pctBrBnk + HAiFLS_for + Area_km2) } = 9          
 DEVIANCE { p(~1)Psi(~MEANT2 + avdep + mFlow + pctrun + pctBrBnk + HAiFLS_for + Area_km2) } = 358.49460                     
 DEVIANCE Degrees of Freedom { p(~1)Psi(~MEANT2 + avdep + mFlow + pctrun + pctBrBnk + HAiFLS_for + Area_km2) } = 129            
 c-hat { p(~1)Psi(~MEANT2 + avdep + mFlow + pctrun + pctBrBnk + HAiFLS_for + Area_km2) } = 2.7790279                     
 AIC { p(~1)Psi(~MEANT2 + avdep + mFlow + pctrun + pctBrBnk + HAiFLS_for + Area_km2) } = 376.49460                  
 AICc { p(~1)Psi(~MEANT2 + avdep + mFlow + pctrun + pctBrBnk + HAiFLS_for + Area_km2) } = 377.90085                    
 BIC { p(~1)Psi(~MEANT2 + avdep + mFlow + pctrun + pctBrBnk + HAiFLS_for + Area_km2) } = 402.83989                    
 Pearson Chisquare { p(~1)Psi(~MEANT2 + avdep + mFlow + pctrun + pctBrBnk + HAiFLS_for + Area_km2) } = 1208.4183                  

  Program  MARK  - Survival Rate Estimation with Capture-Recapture Data
   gfortran(dble) Vers. 9.0 Mar 2018    19-Dec-2019 22:40:22    Page  003
 - - - - - - - - - - - - - - - - - - - - - - - - - - - - - - - - - - - - - -
 


 LOGIT Link Function Parameters of { p(~1)Psi(~MEANT2 + avdep + mFlow + pctrun + pctBrBnk + HAiFLS_for + Area_km2) }
                                                              95% Confidence Interval
 Parameter                    Beta         Standard Error      Lower           Upper
 -------------------------  --------------  --------------  --------------  --------------
    1:p:(Intercept)          1.3810866       0.1792842       1.0296895       1.7324837    
    2:Psi:(Intercept)       -0.1802808       1.4101868      -2.9442469       2.5836854    
    3:Psi:MEANT2            -0.0024467       0.0024004      -0.0071516       0.0022581    
    4:Psi:avdep              0.5620873       2.8101351      -4.9457776       6.0699523    
    5:Psi:mFlow              13.073483       3.3704349       6.4674302       19.679535    
    6:Psi:pctrun            -5.6601878       1.6360828      -8.8669102      -2.4534654    
    7:Psi:pctBrBnk          -0.4478051       0.3852383      -1.2028721       0.3072620    
    8:Psi:HAiFLS_for         0.0193654       0.0086528       0.0024059       0.0363250    
    9:Psi:Area_km2           0.0797555       0.0424596      -0.0034653       0.1629764    


 Real Function Parameters of { p(~1)Psi(~MEANT2 + avdep + mFlow + pctrun + pctBrBnk + HAiFLS_for + Area_km2) }

      Following estimates based on unstandardized individual covariate values:
          Variable   Value         
          ---------  ------------- 
          MEANT2      414.61712    
          AVDEP       0.2562426    
          MFLOW       0.2587289    
          PCTRUN      0.4539599    
          PCTBRBNK    0.8740586    
          HAIFLS_FOR  26.272482    
          AREA_KM2    7.8085664    
                                                               95% Confidence Interval
  Parameter                  Estimate       Standard Error      Lower           Upper
 --------------------------  --------------  --------------  --------------  --------------
     1:p g1 a0 t1             0.7991655       0.0287751       0.7368557       0.8497298                          
     2:Psi g1 a0 t1           0.6230294       0.0564229       0.5078900       0.7257748                          


                      Estimates of Derived Parameters
 Occupancy Estimates of { p(~1)Psi(~MEANT2 + avdep + mFlow + pctrun + pctBrBnk + HAiFLS_for + Area_km2) }
                                            95% Confidence Interval
 Group   Psi-hat         Standard Error      Lower           Upper
 -----   --------------  --------------  --------------  --------------
   1      0.6230294       0.0564229       0.5078900       0.7257748    

   CPU Time for the last procedure was 0.03 seconds.     

  Program  MARK  - Survival Rate Estimation with Capture-Recapture Data
   gfortran(dble) Vers. 9.0 Mar 2018    19-Dec-2019 22:40:22    Page  004
 - - - - - - - - - - - - - - - - - - - - - - - - - - - - - - - - - - - - - -
 


  INPUT --- proc stop;

     CPU Time in minutes for this job was 0.00

     Time Start = 22:40:22.405   Time End = 22:40:22.608

     Wall Clock Time in minutes for this job was 0.00


          E X E C U T I O N   S U C C E S S F U L 
