
   Program  MARK  - Survival Rate Estimation with Capture-Recapture Data
   gfortran(dble) Vers. 9.0 Mar 2018    17-Dec-2019 15:56:29    Page  001
 - - - - - - - - - - - - - - - - - - - - - - - - - - - - - - - - - - - - - -
 
   This version was compiled by GCC version 7.2.0 using the options: 
     -cpp -iprefix C:/Program Files/mingw-w64/x86_64-7.2.0-posix-seh-rt_v5-rev1/
     mingw64/bin/../lib/gcc/x86_64-w64-mingw32/7.2.0/ -D_MT -D_REENTRANT
     -U_REENTRANT -D IEEE -D DBLEPRECISION -m64 -mtune=core2 -march=nocona -mthreads
     -O2 -fimplicit-none -fbounds-check -funroll-loops -ftree-vectorize
     -ffpe-summary=invalid,zero,overflow,underflow -fno-unsafe-math-optimizations
     -frounding-math -fsignaling-nans -fopenmp.

   This problem will use 7 of 8 possible threads.


  INPUT --- proc title ;

   CPU Time for the last procedure was 0.01 seconds.     


  INPUT --- proc chmatrix occasions= 3 groups= 1 etype= Occupancy 
  INPUT --- Nodes= 101 icovar = 1 ICMeans  NoHist hist= 58 ;

  INPUT ---    time interval 1 1 1 ;

  INPUT ---     icovariates Cross_Cat ;

  INPUT ---    glabel(1)=freq1;

      Number of unique encounter histories read was 58.

      Number of individual covariates read was 1.
      Time interval lengths are all equal to 1.

      Data type number is 27
      Data type is Occupancy Estimation with Detection < 1                                                             

   CPU Time for the last procedure was 0.01 seconds.     

  Program  MARK  - Survival Rate Estimation with Capture-Recapture Data
   gfortran(dble) Vers. 9.0 Mar 2018    17-Dec-2019 15:56:29    Page  002
 - - - - - - - - - - - - - - - - - - - - - - - - - - - - - - - - - - - - - -
 


  INPUT --- proc estimate link=Logit NOLOOP varest=2ndPart    ;


  INPUT --- model={ p(~1)Psi(~Cross_Cat) };

  INPUT ---    group=1 p    rows=1 cols=3 Square ;
  INPUT ---        1 1 1 ;

  INPUT ---    group=1 Psi    rows=1 cols=1 Square ;
  INPUT ---        2 ;

  INPUT ---    design matrix constraints=2 covariates=3;
  INPUT ---        1 0 0;
  INPUT ---        0 1 Cross_Cat;
  INPUT ---       blabel(1)=p:(Intercept);
  INPUT ---       blabel(2)=Psi:(Intercept);
  INPUT ---       blabel(3)=Psi:Cross_Cat;
  INPUT ---       rlabel(1)=p g1 a0 t1;
  INPUT ---       rlabel(2)=Psi g1 a0 t1;

 Link Function Used is LOGIT        

 Variance Estimation Procedure Used is 2ndPart 
 -2logL(saturated) = 0.0000000     
 Effective Sample Size = 138

 Number of function evaluations was 9 for 3 parameters.
 Time for numerical optimization was 0.02 seconds.     
 -2logL { p(~1)Psi(~Cross_Cat) } = 399.00373     
 Penalty { p(~1)Psi(~Cross_Cat) } = 0.0000000     
 Gradient { p(~1)Psi(~Cross_Cat) }:
  0.4614349E-05   0.000000       0.000000    
 Maximum ABS(G) { p(~1)Psi(~Cross_Cat) } = 0.4614349E-05 
 S Vector { p(~1)Psi(~Cross_Cat) }:
   34.38395      30.54099     0.4697673    
 Time to compute number of parameters was 0.01 seconds.     
 Ratio Threshold = 50.000000       Max Gap (2/3) = 65.013023       Next Max Gap (1/2) = 1.1258298     
 Gap Method for Num. of Estimated Parameters { p(~1)Psi(~Cross_Cat) } = 2          
 Threshold { p(~1)Psi(~Cross_Cat) } = 0.9228697E-05                 
 Numerical Threshold Method for Num. of Estimated Parameters { p(~1)Psi(~Cross_Cat) } = 3          
 Number of Estimated Parameters { p(~1)Psi(~Cross_Cat) } = 3          

   * *  WARNING  * *   Number of parameters estimated from gap method (=2) and threshold method (=3) differ.  Inspect full output.                                                                                                                                                                                                                                                                                                                                                                                                                      
 Ratios of S Vector { p(~1)Psi(~Cross_Cat) }:
   1/2    1.125830       2/3    65.01302    
 DEVIANCE { p(~1)Psi(~Cross_Cat) } = 399.00373                     
 DEVIANCE Degrees of Freedom { p(~1)Psi(~Cross_Cat) } = 135            
 c-hat { p(~1)Psi(~Cross_Cat) } = 2.9555832                     
 AIC { p(~1)Psi(~Cross_Cat) } = 405.00373                  
 AICc { p(~1)Psi(~Cross_Cat) } = 405.18283                    
 BIC { p(~1)Psi(~Cross_Cat) } = 413.78549                    
 Pearson Chisquare { p(~1)Psi(~Cross_Cat) } = 1270.4493                  


                   LOGIT Link Function Parameters of { p(~1)Psi(~Cross_Cat) }
                                                              95% Confidence Interval
 Parameter                    Beta         Standard Error      Lower           Upper
 -------------------------  --------------  --------------  --------------  --------------

  Program  MARK  - Survival Rate Estimation with Capture-Recapture Data
   gfortran(dble) Vers. 9.0 Mar 2018    17-Dec-2019 15:56:29    Page  003
 - - - - - - - - - - - - - - - - - - - - - - - - - - - - - - - - - - - - - -
 
    1:p:(Intercept)          1.4801099       0.1799285       1.1274500       1.8327698    
    2:Psi:(Intercept)        0.1242862       0.2062756      -0.2800140       0.5285863    
    3:Psi:Cross_Cat          0.0061295       0.0202016      -0.0334656       0.0457247    


                   Real Function Parameters of { p(~1)Psi(~Cross_Cat) }

      Following estimates based on unstandardized individual covariate values:
          Variable   Value         
          ---------  ------------- 
          CROSS_CAT   5.6956522    
                                                               95% Confidence Interval
  Parameter                  Estimate       Standard Error      Lower           Upper
 --------------------------  --------------  --------------  --------------  --------------
     1:p g1 a0 t1             0.8145892       0.0271753       0.7553680       0.8620914                          
     2:Psi g1 a0 t1           0.5397156       0.0427666       0.4555623       0.6216639                          


                      Estimates of Derived Parameters
             Occupancy Estimates of { p(~1)Psi(~Cross_Cat) }
                                            95% Confidence Interval
 Group   Psi-hat         Standard Error      Lower           Upper
 -----   --------------  --------------  --------------  --------------
   1      0.5397156       0.0427666       0.4555623       0.6216639    

 Attempted ordering of parameters by estimatibility:
  2 1 3
 Beta number 3 is a singular value.

   CPU Time for the last procedure was 0.02 seconds.     

  Program  MARK  - Survival Rate Estimation with Capture-Recapture Data
   gfortran(dble) Vers. 9.0 Mar 2018    17-Dec-2019 15:56:29    Page  004
 - - - - - - - - - - - - - - - - - - - - - - - - - - - - - - - - - - - - - -
 


  INPUT --- proc stop;

     CPU Time in minutes for this job was 0.00

     Time Start = 15:56:29.194   Time End = 15:56:29.205

     Wall Clock Time in minutes for this job was 0.00


          E X E C U T I O N   S U C C E S S F U L 
