
   Program  MARK  - Survival Rate Estimation with Capture-Recapture Data
   gfortran(dble) Vers. 9.0 Mar 2018    18-Dec-2019 13:12:29    Page  001
 - - - - - - - - - - - - - - - - - - - - - - - - - - - - - - - - - - - - - -
 
   This version was compiled by GCC version 7.2.0 using the options: 
     -cpp -iprefix C:/Program Files/mingw-w64/x86_64-7.2.0-posix-seh-rt_v5-rev1/
     mingw64/bin/../lib/gcc/x86_64-w64-mingw32/7.2.0/ -D_MT -D_REENTRANT
     -U_REENTRANT -D IEEE -D DBLEPRECISION -m64 -mtune=core2 -march=nocona -mthreads
     -O2 -fimplicit-none -fbounds-check -funroll-loops -ftree-vectorize
     -ffpe-summary=invalid,zero,overflow,underflow -fno-unsafe-math-optimizations
     -frounding-math -fsignaling-nans -fopenmp.

   This problem will use 7 of 8 possible threads.


  INPUT --- proc title ;

   CPU Time for the last procedure was 0.02 seconds.     


  INPUT --- proc chmatrix occasions= 3 groups= 1 etype= Occupancy 
  INPUT --- Nodes= 101 icovar = 1 ICMeans  NoHist hist= 138 ;

  INPUT ---    time interval 1 1 1 ;

  INPUT ---     icovariates HAiFLS_alt ;

  INPUT ---    glabel(1)=freq1;

      Number of unique encounter histories read was 138.

      Number of individual covariates read was 1.
      Time interval lengths are all equal to 1.

      Data type number is 27
      Data type is Occupancy Estimation with Detection < 1                                                             

   CPU Time for the last procedure was 0.01 seconds.     

  Program  MARK  - Survival Rate Estimation with Capture-Recapture Data
   gfortran(dble) Vers. 9.0 Mar 2018    18-Dec-2019 13:12:29    Page  002
 - - - - - - - - - - - - - - - - - - - - - - - - - - - - - - - - - - - - - -
 


  INPUT --- proc estimate link=Logit NOLOOP varest=2ndPart    ;


  INPUT --- model={ p(~1)Psi(~HAiFLS_alt) };

  INPUT ---    group=1 p    rows=1 cols=3 Square ;
  INPUT ---        1 1 1 ;

  INPUT ---    group=1 Psi    rows=1 cols=1 Square ;
  INPUT ---        2 ;

  INPUT ---    design matrix constraints=2 covariates=3;
  INPUT ---        1 0 0;
  INPUT ---        0 1 HAiFLS_alt;
  INPUT ---       blabel(1)=p:(Intercept);
  INPUT ---       blabel(2)=Psi:(Intercept);
  INPUT ---       blabel(3)=Psi:HAiFLS_alt;
  INPUT ---       rlabel(1)=p g1 a0 t1;
  INPUT ---       rlabel(2)=Psi g1 a0 t1;

 Link Function Used is LOGIT        

 Variance Estimation Procedure Used is 2ndPart 
 -2logL(saturated) = 0.0000000     
 Effective Sample Size = 138

 Number of function evaluations was 13 for 3 parameters.
 Time for numerical optimization was 0.01 seconds.     
 -2logL { p(~1)Psi(~HAiFLS_alt) } = 390.42188     
 Penalty { p(~1)Psi(~HAiFLS_alt) } = 0.0000000     
 Gradient { p(~1)Psi(~HAiFLS_alt) }:
   0.000000      0.1511473E-05  0.1305187E-05
 Maximum ABS(G) { p(~1)Psi(~HAiFLS_alt) } = 0.1511473E-05 
 S Vector { p(~1)Psi(~HAiFLS_alt) }:
   49.25806      30.70154      1.346829    
 Time to compute number of parameters was 0.01 seconds.     
 Ratio Threshold = 50.000000       Max Gap (2/3) = 22.795432       Next Max Gap (1/2) = 1.6044165     
 Gap Method for Num. of Estimated Parameters { p(~1)Psi(~HAiFLS_alt) } = 3          
 Threshold { p(~1)Psi(~HAiFLS_alt) } = 0.3022946E-05                 
 Numerical Threshold Method for Num. of Estimated Parameters { p(~1)Psi(~HAiFLS_alt) } = 3          
 Number of Estimated Parameters { p(~1)Psi(~HAiFLS_alt) } = 3          
 DEVIANCE { p(~1)Psi(~HAiFLS_alt) } = 390.42188                     
 DEVIANCE Degrees of Freedom { p(~1)Psi(~HAiFLS_alt) } = 135            
 c-hat { p(~1)Psi(~HAiFLS_alt) } = 2.8920139                     
 AIC { p(~1)Psi(~HAiFLS_alt) } = 396.42188                  
 AICc { p(~1)Psi(~HAiFLS_alt) } = 396.60098                    
 BIC { p(~1)Psi(~HAiFLS_alt) } = 405.20364                    
 Pearson Chisquare { p(~1)Psi(~HAiFLS_alt) } = 1207.7302                  


                  LOGIT Link Function Parameters of { p(~1)Psi(~HAiFLS_alt) }
                                                              95% Confidence Interval
 Parameter                    Beta         Standard Error      Lower           Upper
 -------------------------  --------------  --------------  --------------  --------------
    1:p:(Intercept)          1.4775264       0.1803689       1.1240034       1.8310493    
    2:Psi:(Intercept)        1.5238279       0.5337697       0.4776394       2.5700164    
    3:Psi:HAiFLS_alt        -0.0193651       0.0069627      -0.0330120      -0.0057182    

  Program  MARK  - Survival Rate Estimation with Capture-Recapture Data
   gfortran(dble) Vers. 9.0 Mar 2018    18-Dec-2019 13:12:29    Page  003
 - - - - - - - - - - - - - - - - - - - - - - - - - - - - - - - - - - - - - -
 


                  Real Function Parameters of { p(~1)Psi(~HAiFLS_alt) }

      Following estimates based on unstandardized individual covariate values:
          Variable   Value         
          ---------  ------------- 
          HAIFLS_ALT  69.284136    
                                                               95% Confidence Interval
  Parameter                  Estimate       Standard Error      Lower           Upper
 --------------------------  --------------  --------------  --------------  --------------
     1:p g1 a0 t1             0.8141987       0.0272861       0.7547306       0.8618867                          
     2:Psi g1 a0 t1           0.5454082       0.0444093       0.4578676       0.6302290                          


                      Estimates of Derived Parameters
             Occupancy Estimates of { p(~1)Psi(~HAiFLS_alt) }
                                            95% Confidence Interval
 Group   Psi-hat         Standard Error      Lower           Upper
 -----   --------------  --------------  --------------  --------------
   1      0.5454082       0.0444093       0.4578676       0.6302290    

   CPU Time for the last procedure was 0.01 seconds.     

  Program  MARK  - Survival Rate Estimation with Capture-Recapture Data
   gfortran(dble) Vers. 9.0 Mar 2018    18-Dec-2019 13:12:29    Page  004
 - - - - - - - - - - - - - - - - - - - - - - - - - - - - - - - - - - - - - -
 


  INPUT --- proc stop;

     CPU Time in minutes for this job was 0.00

     Time Start = 13:12:29.646   Time End = 13:12:29.662

     Wall Clock Time in minutes for this job was 0.00


          E X E C U T I O N   S U C C E S S F U L 
