
   Program  MARK  - Survival Rate Estimation with Capture-Recapture Data
   gfortran(dble) Vers. 9.0 Mar 2018    17-Dec-2019 15:55:09    Page  001
 - - - - - - - - - - - - - - - - - - - - - - - - - - - - - - - - - - - - - -
 
   This version was compiled by GCC version 7.2.0 using the options: 
     -cpp -iprefix C:/Program Files/mingw-w64/x86_64-7.2.0-posix-seh-rt_v5-rev1/
     mingw64/bin/../lib/gcc/x86_64-w64-mingw32/7.2.0/ -D_MT -D_REENTRANT
     -U_REENTRANT -D IEEE -D DBLEPRECISION -m64 -mtune=core2 -march=nocona -mthreads
     -O2 -fimplicit-none -fbounds-check -funroll-loops -ftree-vectorize
     -ffpe-summary=invalid,zero,overflow,underflow -fno-unsafe-math-optimizations
     -frounding-math -fsignaling-nans -fopenmp.

   This problem will use 7 of 8 possible threads.


  INPUT --- proc title ;

   CPU Time for the last procedure was 0.01 seconds.     


  INPUT --- proc chmatrix occasions= 3 groups= 1 etype= Occupancy 
  INPUT --- Nodes= 101 icovar = 3 ICMeans  NoHist hist= 138 ;

  INPUT ---    time interval 1 1 1 ;

  INPUT ---     icovariates HAiFLS_al2 Area2 Cross_Cat ;

  INPUT ---    glabel(1)=freq1;

      Number of unique encounter histories read was 138.

      Number of individual covariates read was 3.
      Time interval lengths are all equal to 1.

      Data type number is 27
      Data type is Occupancy Estimation with Detection < 1                                                             

   CPU Time for the last procedure was 0.01 seconds.     

  Program  MARK  - Survival Rate Estimation with Capture-Recapture Data
   gfortran(dble) Vers. 9.0 Mar 2018    17-Dec-2019 15:55:09    Page  002
 - - - - - - - - - - - - - - - - - - - - - - - - - - - - - - - - - - - - - -
 


  INPUT --- proc estimate link=Logit NOLOOP varest=2ndPart    ;


  INPUT --- model={ p(~1)Psi(~HAiFLS_al2 + Area2 + Cross_Cat) };

  INPUT ---    group=1 p    rows=1 cols=3 Square ;
  INPUT ---        1 1 1 ;

  INPUT ---    group=1 Psi    rows=1 cols=1 Square ;
  INPUT ---        2 ;

  INPUT ---    design matrix constraints=2 covariates=5;
  INPUT ---        1 0 0 0 0;
  INPUT ---        0 1 HAiFLS_al2 Area2 Cross_Cat;
  INPUT ---       blabel(1)=p:(Intercept);
  INPUT ---       blabel(2)=Psi:(Intercept);
  INPUT ---       blabel(3)=Psi:HAiFLS_al2;
  INPUT ---       blabel(4)=Psi:Area2;
  INPUT ---       blabel(5)=Psi:Cross_Cat;
  INPUT ---       rlabel(1)=p g1 a0 t1;
  INPUT ---       rlabel(2)=Psi g1 a0 t1;

 Link Function Used is LOGIT        

 Variance Estimation Procedure Used is 2ndPart 
 -2logL(saturated) = 0.0000000     
 Effective Sample Size = 138

 Number of function evaluations was 16 for 5 parameters.
 Time for numerical optimization was 0.06 seconds.     
 -2logL { p(~1)Psi(~HAiFLS_al2 + Area2 + Cross_Cat) } = 383.15729     
 Penalty { p(~1)Psi(~HAiFLS_al2 + Area2 + Cross_Cat) } = 0.0000000     
 Gradient { p(~1)Psi(~HAiFLS_al2 + Area2 + Cross_Cat) }:
  0.6161027E-05 -0.1625244E-05   0.000000     -0.1252455E-05 -0.9418169E-06
 Maximum ABS(G) { p(~1)Psi(~HAiFLS_al2 + Area2 + Cross_Cat) } = 0.6161027E-05 
 S Vector { p(~1)Psi(~HAiFLS_al2 + Area2 + Cross_Cat) }:
   41.72102      30.60417      2.057519     0.6793899     0.4356858E-01
 Time to compute number of parameters was 0.01 seconds.     
 Ratio Threshold = 50.000000       Max Gap (4/5) = 15.593576       Next Max Gap (2/3) = 14.874303     
 Gap Method for Num. of Estimated Parameters { p(~1)Psi(~HAiFLS_al2 + Area2 + Cross_Cat) } = 5          
 Threshold { p(~1)Psi(~HAiFLS_al2 + Area2 + Cross_Cat) } = 0.1232205E-04                 
 Numerical Threshold Method for Num. of Estimated Parameters { p(~1)Psi(~HAiFLS_al2 + Area2 + Cross_Cat) } = 5          
 Number of Estimated Parameters { p(~1)Psi(~HAiFLS_al2 + Area2 + Cross_Cat) } = 5          
 DEVIANCE { p(~1)Psi(~HAiFLS_al2 + Area2 + Cross_Cat) } = 383.15729                     
 DEVIANCE Degrees of Freedom { p(~1)Psi(~HAiFLS_al2 + Area2 + Cross_Cat) } = 133            
 c-hat { p(~1)Psi(~HAiFLS_al2 + Area2 + Cross_Cat) } = 2.8808818                     
 AIC { p(~1)Psi(~HAiFLS_al2 + Area2 + Cross_Cat) } = 393.15729                  
 AICc { p(~1)Psi(~HAiFLS_al2 + Area2 + Cross_Cat) } = 393.61183                    
 BIC { p(~1)Psi(~HAiFLS_al2 + Area2 + Cross_Cat) } = 407.79355                    
 Pearson Chisquare { p(~1)Psi(~HAiFLS_al2 + Area2 + Cross_Cat) } = 1182.4816                  


        LOGIT Link Function Parameters of { p(~1)Psi(~HAiFLS_al2 + Area2 + Cross_Cat) }
                                                              95% Confidence Interval
 Parameter                    Beta         Standard Error      Lower           Upper
 -------------------------  --------------  --------------  --------------  --------------

  Program  MARK  - Survival Rate Estimation with Capture-Recapture Data
   gfortran(dble) Vers. 9.0 Mar 2018    17-Dec-2019 15:55:09    Page  003
 - - - - - - - - - - - - - - - - - - - - - - - - - - - - - - - - - - - - - -
 
    1:p:(Intercept)          1.4766631       0.1805093       1.1228649       1.8304612    
    2:Psi:(Intercept)        1.3471535       0.4050458       0.5532638       2.1410432    
    3:Psi:HAiFLS_al2        -0.2353149E-03   0.6310483E-04  -0.3590003E-03  -0.1116294E-03
    4:Psi:Area2             -0.7899628E-03   0.0014498      -0.0036317       0.0020517    
    5:Psi:Cross_Cat          0.0423661       0.0445432      -0.0449386       0.1296708    


        Real Function Parameters of { p(~1)Psi(~HAiFLS_al2 + Area2 + Cross_Cat) }

      Following estimates based on unstandardized individual covariate values:
          Variable   Value         
          ---------  ------------- 
          HAIFLS_AL2  5578.3218    
          AREA2       112.64471    
          CROSS_CAT   5.6956522    
                                                               95% Confidence Interval
  Parameter                  Estimate       Standard Error      Lower           Upper
 --------------------------  --------------  --------------  --------------  --------------
     1:p g1 a0 t1             0.8140680       0.0273221       0.7545197       0.8618167                          
     2:Psi g1 a0 t1           0.5465669       0.0456275       0.4565992       0.6335922                          


                      Estimates of Derived Parameters
   Occupancy Estimates of { p(~1)Psi(~HAiFLS_al2 + Area2 + Cross_Cat) }
                                            95% Confidence Interval
 Group   Psi-hat         Standard Error      Lower           Upper
 -----   --------------  --------------  --------------  --------------
   1      0.5465669       0.0456275       0.4565992       0.6335922    

   CPU Time for the last procedure was 0.06 seconds.     

  Program  MARK  - Survival Rate Estimation with Capture-Recapture Data
   gfortran(dble) Vers. 9.0 Mar 2018    17-Dec-2019 15:55:09    Page  004
 - - - - - - - - - - - - - - - - - - - - - - - - - - - - - - - - - - - - - -
 


  INPUT --- proc stop;

     CPU Time in minutes for this job was 0.00

     Time Start = 15:55:09.101   Time End = 15:55:09.935

     Wall Clock Time in minutes for this job was 0.01


          E X E C U T I O N   S U C C E S S F U L 
