
   Program  MARK  - Survival Rate Estimation with Capture-Recapture Data
   gfortran(dble) Vers. 9.0 Mar 2018    17-Dec-2019 15:56:04    Page  001
 - - - - - - - - - - - - - - - - - - - - - - - - - - - - - - - - - - - - - -
 
   This version was compiled by GCC version 7.2.0 using the options: 
     -cpp -iprefix C:/Program Files/mingw-w64/x86_64-7.2.0-posix-seh-rt_v5-rev1/
     mingw64/bin/../lib/gcc/x86_64-w64-mingw32/7.2.0/ -D_MT -D_REENTRANT
     -U_REENTRANT -D IEEE -D DBLEPRECISION -m64 -mtune=core2 -march=nocona -mthreads
     -O2 -fimplicit-none -fbounds-check -funroll-loops -ftree-vectorize
     -ffpe-summary=invalid,zero,overflow,underflow -fno-unsafe-math-optimizations
     -frounding-math -fsignaling-nans -fopenmp.

   This problem will use 7 of 8 possible threads.


  INPUT --- proc title ;

   CPU Time for the last procedure was 0.01 seconds.     


  INPUT --- proc chmatrix occasions= 3 groups= 1 etype= Occupancy 
  INPUT --- Nodes= 101 icovar = 4 ICMeans  NoHist hist= 138 ;

  INPUT ---    time interval 1 1 1 ;

  INPUT ---     icovariates effort1 effort2 effort3 Area2 ;

  INPUT ---    glabel(1)=freq1;

      Number of unique encounter histories read was 138.

      Number of individual covariates read was 4.
      Time interval lengths are all equal to 1.

      Data type number is 27
      Data type is Occupancy Estimation with Detection < 1                                                             

   CPU Time for the last procedure was 0.01 seconds.     

  Program  MARK  - Survival Rate Estimation with Capture-Recapture Data
   gfortran(dble) Vers. 9.0 Mar 2018    17-Dec-2019 15:56:04    Page  002
 - - - - - - - - - - - - - - - - - - - - - - - - - - - - - - - - - - - - - -
 


  INPUT --- proc estimate link=Logit NOLOOP varest=2ndPart    ;


  INPUT --- model={ p(~effort)Psi(~Area2) };

  INPUT ---    group=1 p    rows=1 cols=3 Square ;
  INPUT ---        1 2 3 ;

  INPUT ---    group=1 Psi    rows=1 cols=1 Square ;
  INPUT ---        4 ;

  INPUT ---    design matrix constraints=4 covariates=4;
  INPUT ---        1 effort1 0 0;
  INPUT ---        1 effort2 0 0;
  INPUT ---        1 effort3 0 0;
  INPUT ---        0 0 1 Area2;
  INPUT ---       blabel(1)=p:(Intercept);
  INPUT ---       blabel(2)=p:effort;
  INPUT ---       blabel(3)=Psi:(Intercept);
  INPUT ---       blabel(4)=Psi:Area2;
  INPUT ---       rlabel(1)=p g1 a0 t1;
  INPUT ---       rlabel(2)=p g1 a1 t2;
  INPUT ---       rlabel(3)=p g1 a2 t3;
  INPUT ---       rlabel(4)=Psi g1 a0 t1;

 Link Function Used is LOGIT        

 Variance Estimation Procedure Used is 2ndPart 
 -2logL(saturated) = 0.0000000     
 Effective Sample Size = 138

 Number of function evaluations was 12 for 4 parameters.
 Time for numerical optimization was 0.01 seconds.     
 -2logL { p(~effort)Psi(~Area2) } = 393.17628     
 Penalty { p(~effort)Psi(~Area2) } = 0.0000000     
 Gradient { p(~effort)Psi(~Area2) }:
  0.8786503E-05  0.9001690E-06 -0.6691888E-05 -0.4274143E-05
 Maximum ABS(G) { p(~effort)Psi(~Area2) } = 0.8786503E-05 
 S Vector { p(~effort)Psi(~Area2) }:
   34.43022      29.24728     0.4139015     0.2976056    
 Time to compute number of parameters was 0.01 seconds.     
 Ratio Threshold = 50.000000       Max Gap (2/3) = 70.662409       Next Max Gap (3/4) = 1.3907719     
 Gap Method for Num. of Estimated Parameters { p(~effort)Psi(~Area2) } = 2          
 Threshold { p(~effort)Psi(~Area2) } = 0.1757301E-04                 
 Numerical Threshold Method for Num. of Estimated Parameters { p(~effort)Psi(~Area2) } = 4          
 Number of Estimated Parameters { p(~effort)Psi(~Area2) } = 4          

   * *  WARNING  * *   Number of parameters estimated from gap method (=2) and threshold method (=4) differ.  Inspect full output.                                                                                                                                                                                                                                                                                                                                                                                                                      
 Ratios of S Vector { p(~effort)Psi(~Area2) }:
   1/2    1.177211       2/3    70.66241       3/4    1.390772    
 DEVIANCE { p(~effort)Psi(~Area2) } = 393.17628                     
 DEVIANCE Degrees of Freedom { p(~effort)Psi(~Area2) } = 134            
 c-hat { p(~effort)Psi(~Area2) } = 2.9341514                     
 AIC { p(~effort)Psi(~Area2) } = 401.17628                  
 AICc { p(~effort)Psi(~Area2) } = 401.47704                    
 BIC { p(~effort)Psi(~Area2) } = 412.88530                    
 Pearson Chisquare { p(~effort)Psi(~Area2) } = 1440.5944                  

  Program  MARK  - Survival Rate Estimation with Capture-Recapture Data
   gfortran(dble) Vers. 9.0 Mar 2018    17-Dec-2019 15:56:05    Page  003
 - - - - - - - - - - - - - - - - - - - - - - - - - - - - - - - - - - - - - -
 


                  LOGIT Link Function Parameters of { p(~effort)Psi(~Area2) }
                                                              95% Confidence Interval
 Parameter                    Beta         Standard Error      Lower           Upper
 -------------------------  --------------  --------------  --------------  --------------
    1:p:(Intercept)          0.7366168       0.3735560       0.0044470       1.4687867    
    2:p:effort               0.8118748E-03   0.3815992E-03   0.6394043E-04   0.0015598    
    3:Psi:(Intercept)        0.1400959       0.1909224      -0.2341120       0.5143038    
    4:Psi:Area2              0.3031271E-03   0.7064945E-03  -0.0010816       0.0016879    


                  Real Function Parameters of { p(~effort)Psi(~Area2) }

      Following estimates based on unstandardized individual covariate values:
          Variable   Value         
          ---------  ------------- 
          EFFORT1     906.23188    
          EFFORT2     834.18841    
          EFFORT3     818.18116    
          AREA2       112.64471    
                                                               95% Confidence Interval
  Parameter                  Estimate       Standard Error      Lower           Upper
 --------------------------  --------------  --------------  --------------  --------------
     1:p g1 a0 t1             0.8134164       0.0284213       0.7512562       0.8628782                          
     2:p g1 a1 t2             0.8043762       0.0292793       0.7406160       0.8555207                          
     3:p g1 a2 t3             0.8023231       0.0295563       0.7380036       0.8539766                          
     4:Psi g1 a0 t1           0.5434505       0.0432162       0.4583092       0.6261264                          


                      Estimates of Derived Parameters
             Occupancy Estimates of { p(~effort)Psi(~Area2) }
                                            95% Confidence Interval
 Group   Psi-hat         Standard Error      Lower           Upper
 -----   --------------  --------------  --------------  --------------
   1      0.5434505       0.0432162       0.4583092       0.6261264    

 Attempted ordering of parameters by estimatibility:
  3 1 2 4
 Beta number 4 is a singular value.

   CPU Time for the last procedure was 0.02 seconds.     

  Program  MARK  - Survival Rate Estimation with Capture-Recapture Data
   gfortran(dble) Vers. 9.0 Mar 2018    17-Dec-2019 15:56:05    Page  004
 - - - - - - - - - - - - - - - - - - - - - - - - - - - - - - - - - - - - - -
 


  INPUT --- proc stop;

     CPU Time in minutes for this job was 0.00

     Time Start = 15:56:04.365   Time End = 15:56:05.040

     Wall Clock Time in minutes for this job was 0.01


          E X E C U T I O N   S U C C E S S F U L 
