
   Program  MARK  - Survival Rate Estimation with Capture-Recapture Data
   gfortran(dble) Vers. 9.0 Mar 2018    18-Dec-2019 13:13:13    Page  001
 - - - - - - - - - - - - - - - - - - - - - - - - - - - - - - - - - - - - - -
 
   This version was compiled by GCC version 7.2.0 using the options: 
     -cpp -iprefix C:/Program Files/mingw-w64/x86_64-7.2.0-posix-seh-rt_v5-rev1/
     mingw64/bin/../lib/gcc/x86_64-w64-mingw32/7.2.0/ -D_MT -D_REENTRANT
     -U_REENTRANT -D IEEE -D DBLEPRECISION -m64 -mtune=core2 -march=nocona -mthreads
     -O2 -fimplicit-none -fbounds-check -funroll-loops -ftree-vectorize
     -ffpe-summary=invalid,zero,overflow,underflow -fno-unsafe-math-optimizations
     -frounding-math -fsignaling-nans -fopenmp.

   This problem will use 7 of 8 possible threads.


  INPUT --- proc title ;

   CPU Time for the last procedure was 0.01 seconds.     


  INPUT --- proc chmatrix occasions= 3 groups= 1 etype= Occupancy 
  INPUT --- Nodes= 101 icovar = 6 ICMeans  NoHist hist= 138 ;

  INPUT ---    time interval 1 1 1 ;

  INPUT ---     icovariates effort1 effort2 effort3 HAiFLS_nat Area_km2  
  INPUT ---    Cross_Cat ;

  INPUT ---    glabel(1)=freq1;

      Number of unique encounter histories read was 138.

      Number of individual covariates read was 6.
      Time interval lengths are all equal to 1.

      Data type number is 27
      Data type is Occupancy Estimation with Detection < 1                                                             

   CPU Time for the last procedure was 0.01 seconds.     

  Program  MARK  - Survival Rate Estimation with Capture-Recapture Data
   gfortran(dble) Vers. 9.0 Mar 2018    18-Dec-2019 13:13:13    Page  002
 - - - - - - - - - - - - - - - - - - - - - - - - - - - - - - - - - - - - - -
 


  INPUT --- proc estimate link=Logit NOLOOP varest=2ndPart    ;


  INPUT --- model={ p(~effort)Psi(~HAiFLS_nat + Area_km2 + Cross_Cat) };

  INPUT ---    group=1 p    rows=1 cols=3 Square ;
  INPUT ---        1 2 3 ;

  INPUT ---    group=1 Psi    rows=1 cols=1 Square ;
  INPUT ---        4 ;

  INPUT ---    design matrix constraints=4 covariates=6;
  INPUT ---        1 effort1 0 0 0 0;
  INPUT ---        1 effort2 0 0 0 0;
  INPUT ---        1 effort3 0 0 0 0;
  INPUT ---        0 0 1 HAiFLS_nat Area_km2 Cross_Cat;
  INPUT ---       blabel(1)=p:(Intercept);
  INPUT ---       blabel(2)=p:effort;
  INPUT ---       blabel(3)=Psi:(Intercept);
  INPUT ---       blabel(4)=Psi:HAiFLS_nat;
  INPUT ---       blabel(5)=Psi:Area_km2;
  INPUT ---       blabel(6)=Psi:Cross_Cat;
  INPUT ---       rlabel(1)=p g1 a0 t1;
  INPUT ---       rlabel(2)=p g1 a1 t2;
  INPUT ---       rlabel(3)=p g1 a2 t3;
  INPUT ---       rlabel(4)=Psi g1 a0 t1;

 Link Function Used is LOGIT        

 Variance Estimation Procedure Used is 2ndPart 
 -2logL(saturated) = 0.0000000     
 Effective Sample Size = 138

 Number of function evaluations was 18 for 6 parameters.
 Time for numerical optimization was 0.06 seconds.     
 -2logL { p(~effort)Psi(~HAiFLS_nat + Area_km2 + Cross_Cat) } = 373.74472     
 Penalty { p(~effort)Psi(~HAiFLS_nat + Area_km2 + Cross_Cat) } = 0.0000000     
 Gradient { p(~effort)Psi(~HAiFLS_nat + Area_km2 + Cross_Cat) }:
 -0.4346005E-05 -0.9167162E-06 -0.5605305E-05 -0.2934508E-05 -0.7592174E-06
   0.000000    
 Maximum ABS(G) { p(~effort)Psi(~HAiFLS_nat + Area_km2 + Cross_Cat) } = 0.5605305E-05 
 S Vector { p(~effort)Psi(~HAiFLS_nat + Area_km2 + Cross_Cat) }:
   33.48698      28.94405      1.990962     0.8044872     0.4272695    
  0.4459966E-01
 Time to compute number of parameters was 0.02 seconds.     
 Ratio Threshold = 50.000000       Max Gap (2/3) = 14.537720       Next Max Gap (5/6) = 9.5801065     
 Gap Method for Num. of Estimated Parameters { p(~effort)Psi(~HAiFLS_nat + Area_km2 + Cross_Cat) } = 6          
 Threshold { p(~effort)Psi(~HAiFLS_nat + Area_km2 + Cross_Cat) } = 0.1121061E-04                 
 Numerical Threshold Method for Num. of Estimated Parameters { p(~effort)Psi(~HAiFLS_nat + Area_km2 + Cross_Cat) } = 6          
 Number of Estimated Parameters { p(~effort)Psi(~HAiFLS_nat + Area_km2 + Cross_Cat) } = 6          
 DEVIANCE { p(~effort)Psi(~HAiFLS_nat + Area_km2 + Cross_Cat) } = 373.74472                     
 DEVIANCE Degrees of Freedom { p(~effort)Psi(~HAiFLS_nat + Area_km2 + Cross_Cat) } = 132            
 c-hat { p(~effort)Psi(~HAiFLS_nat + Area_km2 + Cross_Cat) } = 2.8313994                     
 AIC { p(~effort)Psi(~HAiFLS_nat + Area_km2 + Cross_Cat) } = 385.74472                  
 AICc { p(~effort)Psi(~HAiFLS_nat + Area_km2 + Cross_Cat) } = 386.38594                    
 BIC { p(~effort)Psi(~HAiFLS_nat + Area_km2 + Cross_Cat) } = 403.30824                    
 Pearson Chisquare { p(~effort)Psi(~HAiFLS_nat + Area_km2 + Cross_Cat) } = 1239.8600                  

  Program  MARK  - Survival Rate Estimation with Capture-Recapture Data
   gfortran(dble) Vers. 9.0 Mar 2018    18-Dec-2019 13:13:13    Page  003
 - - - - - - - - - - - - - - - - - - - - - - - - - - - - - - - - - - - - - -
 


    LOGIT Link Function Parameters of { p(~effort)Psi(~HAiFLS_nat + Area_km2 + Cross_Cat) }
                                                              95% Confidence Interval
 Parameter                    Beta         Standard Error      Lower           Upper
 -------------------------  --------------  --------------  --------------  --------------
    1:p:(Intercept)          0.7554959       0.3663936       0.0373644       1.4736275    
    2:p:effort               0.7926938E-03   0.3751195E-03   0.5745960E-04   0.0015279    
    3:Psi:(Intercept)       -1.0416538       0.3651110      -1.7572714      -0.3260361    
    4:Psi:HAiFLS_nat         0.0160179       0.0071820       0.0019412       0.0300946    
    5:Psi:Area_km2           0.1778182       0.0630833       0.0541748       0.3014615    
    6:Psi:Cross_Cat         -0.1079860       0.0505487      -0.2070614      -0.0089106    


    Real Function Parameters of { p(~effort)Psi(~HAiFLS_nat + Area_km2 + Cross_Cat) }

      Following estimates based on unstandardized individual covariate values:
          Variable   Value         
          ---------  ------------- 
          EFFORT1     906.23188    
          EFFORT2     834.18841    
          EFFORT3     818.18116    
          HAIFLS_NAT  30.404180    
          AREA_KM2    7.8085664    
          CROSS_CAT   5.6956522    
                                                               95% Confidence Interval
  Parameter                  Estimate       Standard Error      Lower           Upper
 --------------------------  --------------  --------------  --------------  --------------
     1:p g1 a0 t1             0.8136434       0.0283572       0.7516262       0.8629980                          
     2:p g1 a1 t2             0.8048287       0.0291385       0.7413829       0.8557383                          
     3:p g1 a2 t3             0.8028278       0.0293951       0.7388684       0.8542126                          
     4:Psi g1 a0 t1           0.5544857       0.0468738       0.4618007       0.6435300                          


                      Estimates of Derived Parameters
 Occupancy Estimates of { p(~effort)Psi(~HAiFLS_nat + Area_km2 + Cross_Cat) }
                                            95% Confidence Interval
 Group   Psi-hat         Standard Error      Lower           Upper
 -----   --------------  --------------  --------------  --------------
   1      0.5544857       0.0468738       0.4618007       0.6435300    

   CPU Time for the last procedure was 0.08 seconds.     

  Program  MARK  - Survival Rate Estimation with Capture-Recapture Data
   gfortran(dble) Vers. 9.0 Mar 2018    18-Dec-2019 13:13:13    Page  004
 - - - - - - - - - - - - - - - - - - - - - - - - - - - - - - - - - - - - - -
 


  INPUT --- proc stop;

     CPU Time in minutes for this job was 0.00

     Time Start = 13:13:13.292   Time End = 13:13:13.407

     Wall Clock Time in minutes for this job was 0.00


          E X E C U T I O N   S U C C E S S F U L 
