
   Program  MARK  - Survival Rate Estimation with Capture-Recapture Data
   gfortran(dble) Vers. 9.0 Mar 2018    17-Dec-2019 15:56:47    Page  001
 - - - - - - - - - - - - - - - - - - - - - - - - - - - - - - - - - - - - - -
 
   This version was compiled by GCC version 7.2.0 using the options: 
     -cpp -iprefix C:/Program Files/mingw-w64/x86_64-7.2.0-posix-seh-rt_v5-rev1/
     mingw64/bin/../lib/gcc/x86_64-w64-mingw32/7.2.0/ -D_MT -D_REENTRANT
     -U_REENTRANT -D IEEE -D DBLEPRECISION -m64 -mtune=core2 -march=nocona -mthreads
     -O2 -fimplicit-none -fbounds-check -funroll-loops -ftree-vectorize
     -ffpe-summary=invalid,zero,overflow,underflow -fno-unsafe-math-optimizations
     -frounding-math -fsignaling-nans -fopenmp.

   This problem will use 7 of 8 possible threads.


  INPUT --- proc title ;

   CPU Time for the last procedure was 0.01 seconds.     


  INPUT --- proc chmatrix occasions= 3 groups= 1 etype= Occupancy 
  INPUT --- Nodes= 101 icovar = 4 ICMeans  NoHist hist= 138 ;

  INPUT ---    time interval 1 1 1 ;

  INPUT ---     icovariates HAiFLS_al2 Area2 AvgSlope Cross_Cat ;

  INPUT ---    glabel(1)=freq1;

      Number of unique encounter histories read was 138.

      Number of individual covariates read was 4.
      Time interval lengths are all equal to 1.

      Data type number is 27
      Data type is Occupancy Estimation with Detection < 1                                                             

   CPU Time for the last procedure was 0.02 seconds.     

  Program  MARK  - Survival Rate Estimation with Capture-Recapture Data
   gfortran(dble) Vers. 9.0 Mar 2018    17-Dec-2019 15:56:47    Page  002
 - - - - - - - - - - - - - - - - - - - - - - - - - - - - - - - - - - - - - -
 


  INPUT --- proc estimate link=Logit NOLOOP varest=2ndPart    ;


  INPUT --- model={ p(~1)Psi(~HAiFLS_al2 + Area2 + AvgSlope + 
  INPUT --- Cross_Cat) };

  INPUT ---    group=1 p    rows=1 cols=3 Square ;
  INPUT ---        1 1 1 ;

  INPUT ---    group=1 Psi    rows=1 cols=1 Square ;
  INPUT ---        2 ;

  INPUT ---    design matrix constraints=2 covariates=6;
  INPUT ---        1 0 0 0 0 0;
  INPUT ---        0 1 HAiFLS_al2 Area2 AvgSlope Cross_Cat;
  INPUT ---       blabel(1)=p:(Intercept);
  INPUT ---       blabel(2)=Psi:(Intercept);
  INPUT ---       blabel(3)=Psi:HAiFLS_al2;
  INPUT ---       blabel(4)=Psi:Area2;
  INPUT ---       blabel(5)=Psi:AvgSlope;
  INPUT ---       blabel(6)=Psi:Cross_Cat;
  INPUT ---       rlabel(1)=p g1 a0 t1;
  INPUT ---       rlabel(2)=Psi g1 a0 t1;

 Link Function Used is LOGIT        

 Variance Estimation Procedure Used is 2ndPart 
 -2logL(saturated) = 0.0000000     
 Effective Sample Size = 138

 Number of function evaluations was 19 for 6 parameters.
 Time for numerical optimization was 0.03 seconds.     
 -2logL { p(~1)Psi(~HAiFLS_al2 + Area2 + AvgSlope + Cross_Cat) } = 381.98109     
 Penalty { p(~1)Psi(~HAiFLS_al2 + Area2 + AvgSlope + Cross_Cat) } = 0.0000000     
 Gradient { p(~1)Psi(~HAiFLS_al2 + Area2 + AvgSlope + Cross_Cat) }:
 -0.3080688E-05   0.000000       0.000000     -0.2466275E-05   0.000000    
 -0.1026513E-05
 Maximum ABS(G) { p(~1)Psi(~HAiFLS_al2 + Area2 + AvgSlope + Cross_Cat) } = 0.3080688E-05 
 S Vector { p(~1)Psi(~HAiFLS_al2 + Area2 + AvgSlope + Cross_Cat) }:
   42.86476      30.60930      2.058111     0.7565493     0.4375311    
  0.4455798E-01
 Time to compute number of parameters was 0.01 seconds.     
 Ratio Threshold = 50.000000       Max Gap (2/3) = 14.872521       Next Max Gap (5/6) = 9.8193656     
 Gap Method for Num. of Estimated Parameters { p(~1)Psi(~HAiFLS_al2 + Area2 + AvgSlope + Cross_Cat) } = 6          
 Threshold { p(~1)Psi(~HAiFLS_al2 + Area2 + AvgSlope + Cross_Cat) } = 0.6161375E-05                 
 Numerical Threshold Method for Num. of Estimated Parameters { p(~1)Psi(~HAiFLS_al2 + Area2 + AvgSlope + Cross_Cat) } = 6          
 Number of Estimated Parameters { p(~1)Psi(~HAiFLS_al2 + Area2 + AvgSlope + Cross_Cat) } = 6          
 DEVIANCE { p(~1)Psi(~HAiFLS_al2 + Area2 + AvgSlope + Cross_Cat) } = 381.98109                     
 DEVIANCE Degrees of Freedom { p(~1)Psi(~HAiFLS_al2 + Area2 + AvgSlope + Cross_Cat) } = 132            
 c-hat { p(~1)Psi(~HAiFLS_al2 + Area2 + AvgSlope + Cross_Cat) } = 2.8937961                     
 AIC { p(~1)Psi(~HAiFLS_al2 + Area2 + AvgSlope + Cross_Cat) } = 393.98109                  
 AICc { p(~1)Psi(~HAiFLS_al2 + Area2 + AvgSlope + Cross_Cat) } = 394.62231                    
 BIC { p(~1)Psi(~HAiFLS_al2 + Area2 + AvgSlope + Cross_Cat) } = 411.54461                    
 Pearson Chisquare { p(~1)Psi(~HAiFLS_al2 + Area2 + AvgSlope + Cross_Cat) } = 1181.5287                  

  Program  MARK  - Survival Rate Estimation with Capture-Recapture Data
   gfortran(dble) Vers. 9.0 Mar 2018    17-Dec-2019 15:56:48    Page  003
 - - - - - - - - - - - - - - - - - - - - - - - - - - - - - - - - - - - - - -
 


   LOGIT Link Function Parameters of { p(~1)Psi(~HAiFLS_al2 + Area2 + AvgSlope + Cross_Cat) }
                                                              95% Confidence Interval
 Parameter                    Beta         Standard Error      Lower           Upper
 -------------------------  --------------  --------------  --------------  --------------
    1:p:(Intercept)          1.4765232       0.1805273       1.1226896       1.8303567    
    2:Psi:(Intercept)        1.0300567       0.4921111       0.0655189       1.9945945    
    3:Psi:HAiFLS_al2        -0.2342917E-03   0.6340204E-04  -0.3585597E-03  -0.1100238E-03
    4:Psi:Area2             -0.8083871E-03   0.0014296      -0.0036103       0.0019935    
    5:Psi:AvgSlope           0.0265251       0.0250892      -0.0226497       0.0756998    
    6:Psi:Cross_Cat          0.0377246       0.0443425      -0.0491867       0.1246358    


   Real Function Parameters of { p(~1)Psi(~HAiFLS_al2 + Area2 + AvgSlope + Cross_Cat) }

      Following estimates based on unstandardized individual covariate values:
          Variable   Value         
          ---------  ------------- 
          HAIFLS_AL2  5578.3218    
          AREA2       112.64471    
          AVGSLOPE    12.952003    
          CROSS_CAT   5.6956522    
                                                               95% Confidence Interval
  Parameter                  Estimate       Standard Error      Lower           Upper
 --------------------------  --------------  --------------  --------------  --------------
     1:p g1 a0 t1             0.8140469       0.0273272       0.7544873       0.8618042                          
     2:Psi g1 a0 t1           0.5474716       0.0458621       0.4570141       0.6348985                          


                      Estimates of Derived Parameters
 Occupancy Estimates of { p(~1)Psi(~HAiFLS_al2 + Area2 + AvgSlope + Cross_Cat) }
                                            95% Confidence Interval
 Group   Psi-hat         Standard Error      Lower           Upper
 -----   --------------  --------------  --------------  --------------
   1      0.5474716       0.0458621       0.4570141       0.6348985    

   CPU Time for the last procedure was 0.03 seconds.     

  Program  MARK  - Survival Rate Estimation with Capture-Recapture Data
   gfortran(dble) Vers. 9.0 Mar 2018    17-Dec-2019 15:56:48    Page  004
 - - - - - - - - - - - - - - - - - - - - - - - - - - - - - - - - - - - - - -
 


  INPUT --- proc stop;

     CPU Time in minutes for this job was 0.00

     Time Start = 15:56:47.059   Time End = 15:56:48.001

     Wall Clock Time in minutes for this job was 0.02


          E X E C U T I O N   S U C C E S S F U L 
