
   Program  MARK  - Survival Rate Estimation with Capture-Recapture Data
   gfortran(dble) Vers. 9.0 Mar 2018    19-Dec-2019 22:40:24    Page  001
 - - - - - - - - - - - - - - - - - - - - - - - - - - - - - - - - - - - - - -
 
   This version was compiled by GCC version 7.2.0 using the options: 
     -cpp -iprefix C:/Program Files/mingw-w64/x86_64-7.2.0-posix-seh-rt_v5-rev1/
     mingw64/bin/../lib/gcc/x86_64-w64-mingw32/7.2.0/ -D_MT -D_REENTRANT
     -U_REENTRANT -D IEEE -D DBLEPRECISION -m64 -mtune=core2 -march=nocona -mthreads
     -O2 -fimplicit-none -fbounds-check -funroll-loops -ftree-vectorize
     -ffpe-summary=invalid,zero,overflow,underflow -fno-unsafe-math-optimizations
     -frounding-math -fsignaling-nans -fopenmp.

   This problem will use 7 of 8 possible threads.


  INPUT --- proc title ;

   CPU Time for the last procedure was 0.01 seconds.     


  INPUT --- proc chmatrix occasions= 3 groups= 1 etype= Occupancy 
  INPUT --- Nodes= 101 icovar = 7 ICMeans  NoHist hist= 138 ;

  INPUT ---    time interval 1 1 1 ;

  INPUT ---     icovariates MEANT2 avdep mFlow pctpool pctBrBnk  
  INPUT ---    HAiFLS_for Area_km2 ;

  INPUT ---    glabel(1)=freq1;

      Number of unique encounter histories read was 138.

      Number of individual covariates read was 7.
      Time interval lengths are all equal to 1.

      Data type number is 27
      Data type is Occupancy Estimation with Detection < 1                                                             

   CPU Time for the last procedure was 0.02 seconds.     

  Program  MARK  - Survival Rate Estimation with Capture-Recapture Data
   gfortran(dble) Vers. 9.0 Mar 2018    19-Dec-2019 22:40:24    Page  002
 - - - - - - - - - - - - - - - - - - - - - - - - - - - - - - - - - - - - - -
 


  INPUT --- proc estimate link=Logit NOLOOP varest=2ndPart    ;


  INPUT --- model={ p(~1)Psi(~MEANT2 + avdep + mFlow + pctpool + 
  INPUT --- pctBrBnk + HAiFLS_for + Area_km2) };

  INPUT ---    group=1 p    rows=1 cols=3 Square ;
  INPUT ---        1 1 1 ;

  INPUT ---    group=1 Psi    rows=1 cols=1 Square ;
  INPUT ---        2 ;

  INPUT ---    design matrix constraints=2 covariates=9;
  INPUT ---        1 0 0 0 0 0 0 0 0;
  INPUT ---        0 1 MEANT2 avdep mFlow pctpool pctBrBnk HAiFLS_for 
  INPUT ---       Area_km2;
  INPUT ---       blabel(1)=p:(Intercept);
  INPUT ---       blabel(2)=Psi:(Intercept);
  INPUT ---       blabel(3)=Psi:MEANT2;
  INPUT ---       blabel(4)=Psi:avdep;
  INPUT ---       blabel(5)=Psi:mFlow;
  INPUT ---       blabel(6)=Psi:pctpool;
  INPUT ---       blabel(7)=Psi:pctBrBnk;
  INPUT ---       blabel(8)=Psi:HAiFLS_for;
  INPUT ---       blabel(9)=Psi:Area_km2;
  INPUT ---       rlabel(1)=p g1 a0 t1;
  INPUT ---       rlabel(2)=Psi g1 a0 t1;

 Link Function Used is LOGIT        

 Variance Estimation Procedure Used is 2ndPart 
 -2logL(saturated) = 0.0000000     
 Effective Sample Size = 138

 Number of function evaluations was 27 for 9 parameters.
 Time for numerical optimization was 0.08 seconds.     
 -2logL { p(~1)Psi(~MEANT2 + avdep + mFlow + pctpool + pctBrBnk + HAiFLS_for + Area_km2) } = 367.95092     
 Penalty { p(~1)Psi(~MEANT2 + avdep + mFlow + pctpool + pctBrBnk + HAiFLS_for + Area_km2) } = 0.0000000     
 Gradient { p(~1)Psi(~MEANT2 + avdep + mFlow + pctpool + pctBrBnk + HAiFLS_for + Area_km2) }:
 -0.1595421E-05   0.000000     -0.1436095E-05 -0.9365208E-06   0.000000    
 -0.7654000E-06   0.000000       0.000000       0.000000    
 Maximum ABS(G) { p(~1)Psi(~MEANT2 + avdep + mFlow + pctpool + pctBrBnk + HAiFLS_for + Area_km2) } = 0.1595421E-05 
 S Vector { p(~1)Psi(~MEANT2 + avdep + mFlow + pctpool + pctBrBnk + HAiFLS_for + Area_km2) }:
   43.14993      31.69650      1.635742      1.216521     0.7162324    
  0.4379256     0.2409817     0.1141792     0.2108341E-01
 Time to compute number of parameters was 0.06 seconds.     
 Ratio Threshold = 50.000000       Max Gap (2/3) = 19.377441       Next Max Gap (8/9) = 5.4155946     
 Gap Method for Num. of Estimated Parameters { p(~1)Psi(~MEANT2 + avdep + mFlow + pctpool + pctBrBnk + HAiFLS_for + Area_km2) } = 9          
 Threshold { p(~1)Psi(~MEANT2 + avdep + mFlow + pctpool + pctBrBnk + HAiFLS_for + Area_km2) } = 0.3190843E-05                 
 Numerical Threshold Method for Num. of Estimated Parameters { p(~1)Psi(~MEANT2 + avdep + mFlow + pctpool + pctBrBnk + HAiFLS_for + Area_km2) } = 9          
 Number of Estimated Parameters { p(~1)Psi(~MEANT2 + avdep + mFlow + pctpool + pctBrBnk + HAiFLS_for + Area_km2) } = 9          
 DEVIANCE { p(~1)Psi(~MEANT2 + avdep + mFlow + pctpool + pctBrBnk + HAiFLS_for + Area_km2) } = 367.95092                     
 DEVIANCE Degrees of Freedom { p(~1)Psi(~MEANT2 + avdep + mFlow + pctpool + pctBrBnk + HAiFLS_for + Area_km2) } = 129            
 c-hat { p(~1)Psi(~MEANT2 + avdep + mFlow + pctpool + pctBrBnk + HAiFLS_for + Area_km2) } = 2.8523327                     
 AIC { p(~1)Psi(~MEANT2 + avdep + mFlow + pctpool + pctBrBnk + HAiFLS_for + Area_km2) } = 385.95092                  
 AICc { p(~1)Psi(~MEANT2 + avdep + mFlow + pctpool + pctBrBnk + HAiFLS_for + Area_km2) } = 387.35717                    
 BIC { p(~1)Psi(~MEANT2 + avdep + mFlow + pctpool + pctBrBnk + HAiFLS_for + Area_km2) } = 412.29621                    
 Pearson Chisquare { p(~1)Psi(~MEANT2 + avdep + mFlow + pctpool + pctBrBnk + HAiFLS_for + Area_km2) } = 1170.8399                  

  Program  MARK  - Survival Rate Estimation with Capture-Recapture Data
   gfortran(dble) Vers. 9.0 Mar 2018    19-Dec-2019 22:40:24    Page  003
 - - - - - - - - - - - - - - - - - - - - - - - - - - - - - - - - - - - - - -
 


 LOGIT Link Function Parameters of { p(~1)Psi(~MEANT2 + avdep + mFlow + pctpool + pctBrBnk + HAiFLS_for + Area_km2) }
                                                              95% Confidence Interval
 Parameter                    Beta         Standard Error      Lower           Upper
 -------------------------  --------------  --------------  --------------  --------------
    1:p:(Intercept)          1.3910281       0.1776961       1.0427438       1.7393125    
    2:Psi:(Intercept)       -3.5800639       1.6383612      -6.7912519      -0.3688759    
    3:Psi:MEANT2            -0.0025762       0.0021860      -0.0068607       0.0017083    
    4:Psi:avdep             -3.0732648       2.7247223      -8.4137206       2.2671911    
    5:Psi:mFlow              13.801498       3.8215236       6.3113114       21.291684    
    6:Psi:pctpool            0.0503233       0.0199904       0.0111422       0.0895044    
    7:Psi:pctBrBnk          -0.3581343       0.3734722      -1.0901399       0.3738712    
    8:Psi:HAiFLS_for         0.0270672       0.0086945       0.0100261       0.0441084    
    9:Psi:Area_km2           0.0819763       0.0427375      -0.0017892       0.1657418    


 Real Function Parameters of { p(~1)Psi(~MEANT2 + avdep + mFlow + pctpool + pctBrBnk + HAiFLS_for + Area_km2) }

      Following estimates based on unstandardized individual covariate values:
          Variable   Value         
          ---------  ------------- 
          MEANT2      414.61712    
          AVDEP       0.2562426    
          MFLOW       0.2587289    
          PCTPOOL     25.664251    
          PCTBRBNK    0.8740586    
          HAIFLS_FOR  26.272482    
          AREA_KM2    7.8085664    
                                                               95% Confidence Interval
  Parameter                  Estimate       Standard Error      Lower           Upper
 --------------------------  --------------  --------------  --------------  --------------
     1:p g1 a0 t1             0.8007563       0.0283506       0.7393791       0.8505997                          
     2:Psi g1 a0 t1           0.6141698       0.0529422       0.5067434       0.7115190                          


                      Estimates of Derived Parameters
 Occupancy Estimates of { p(~1)Psi(~MEANT2 + avdep + mFlow + pctpool + pctBrBnk + HAiFLS_for + Area_km2) }
                                            95% Confidence Interval
 Group   Psi-hat         Standard Error      Lower           Upper
 -----   --------------  --------------  --------------  --------------
   1      0.6141698       0.0529422       0.5067434       0.7115190    

   CPU Time for the last procedure was 0.14 seconds.     

  Program  MARK  - Survival Rate Estimation with Capture-Recapture Data
   gfortran(dble) Vers. 9.0 Mar 2018    19-Dec-2019 22:40:24    Page  004
 - - - - - - - - - - - - - - - - - - - - - - - - - - - - - - - - - - - - - -
 


  INPUT --- proc stop;

     CPU Time in minutes for this job was 0.00

     Time Start = 22:40:24.522   Time End = 22:40:24.716

     Wall Clock Time in minutes for this job was 0.00


          E X E C U T I O N   S U C C E S S F U L 
