
   Program  MARK  - Survival Rate Estimation with Capture-Recapture Data
   gfortran(dble) Vers. 9.0 Mar 2018    18-Dec-2019 13:13:12    Page  001
 - - - - - - - - - - - - - - - - - - - - - - - - - - - - - - - - - - - - - -
 
   This version was compiled by GCC version 7.2.0 using the options: 
     -cpp -iprefix C:/Program Files/mingw-w64/x86_64-7.2.0-posix-seh-rt_v5-rev1/
     mingw64/bin/../lib/gcc/x86_64-w64-mingw32/7.2.0/ -D_MT -D_REENTRANT
     -U_REENTRANT -D IEEE -D DBLEPRECISION -m64 -mtune=core2 -march=nocona -mthreads
     -O2 -fimplicit-none -fbounds-check -funroll-loops -ftree-vectorize
     -ffpe-summary=invalid,zero,overflow,underflow -fno-unsafe-math-optimizations
     -frounding-math -fsignaling-nans -fopenmp.

   This problem will use 7 of 8 possible threads.


  INPUT --- proc title ;

   CPU Time for the last procedure was 0.01 seconds.     


  INPUT --- proc chmatrix occasions= 3 groups= 1 etype= Occupancy 
  INPUT --- Nodes= 101 icovar = 5 ICMeans  NoHist hist= 138 ;

  INPUT ---    time interval 1 1 1 ;

  INPUT ---     icovariates effort1 effort2 effort3 HAiFLS_nat Area_km2 ;

  INPUT ---    glabel(1)=freq1;

      Number of unique encounter histories read was 138.

      Number of individual covariates read was 5.
      Time interval lengths are all equal to 1.

      Data type number is 27
      Data type is Occupancy Estimation with Detection < 1                                                             

   CPU Time for the last procedure was 0.01 seconds.     

  Program  MARK  - Survival Rate Estimation with Capture-Recapture Data
   gfortran(dble) Vers. 9.0 Mar 2018    18-Dec-2019 13:13:12    Page  002
 - - - - - - - - - - - - - - - - - - - - - - - - - - - - - - - - - - - - - -
 


  INPUT --- proc estimate link=Logit NOLOOP varest=2ndPart    ;


  INPUT --- model={ p(~effort)Psi(~HAiFLS_nat + Area_km2) };

  INPUT ---    group=1 p    rows=1 cols=3 Square ;
  INPUT ---        1 2 3 ;

  INPUT ---    group=1 Psi    rows=1 cols=1 Square ;
  INPUT ---        4 ;

  INPUT ---    design matrix constraints=4 covariates=5;
  INPUT ---        1 effort1 0 0 0;
  INPUT ---        1 effort2 0 0 0;
  INPUT ---        1 effort3 0 0 0;
  INPUT ---        0 0 1 HAiFLS_nat Area_km2;
  INPUT ---       blabel(1)=p:(Intercept);
  INPUT ---       blabel(2)=p:effort;
  INPUT ---       blabel(3)=Psi:(Intercept);
  INPUT ---       blabel(4)=Psi:HAiFLS_nat;
  INPUT ---       blabel(5)=Psi:Area_km2;
  INPUT ---       rlabel(1)=p g1 a0 t1;
  INPUT ---       rlabel(2)=p g1 a1 t2;
  INPUT ---       rlabel(3)=p g1 a2 t3;
  INPUT ---       rlabel(4)=Psi g1 a0 t1;

 Link Function Used is LOGIT        

 Variance Estimation Procedure Used is 2ndPart 
 -2logL(saturated) = 0.0000000     
 Effective Sample Size = 138

 Number of function evaluations was 18 for 5 parameters.
 Time for numerical optimization was 0.02 seconds.     
 -2logL { p(~effort)Psi(~HAiFLS_nat + Area_km2) } = 378.91356     
 Penalty { p(~effort)Psi(~HAiFLS_nat + Area_km2) } = 0.0000000     
 Gradient { p(~effort)Psi(~HAiFLS_nat + Area_km2) }:
 -0.2172916E-05 -0.9195303E-06   0.000000       0.000000       0.000000    
 Maximum ABS(G) { p(~effort)Psi(~HAiFLS_nat + Area_km2) } = 0.2172916E-05 
 S Vector { p(~effort)Psi(~HAiFLS_nat + Area_km2) }:
   34.22273      29.02951      1.926590     0.4305917     0.3676201    
 Time to compute number of parameters was 0.02 seconds.     
 Ratio Threshold = 50.000000       Max Gap (2/3) = 15.067817       Next Max Gap (3/4) = 4.4742864     
 Gap Method for Num. of Estimated Parameters { p(~effort)Psi(~HAiFLS_nat + Area_km2) } = 5          
 Threshold { p(~effort)Psi(~HAiFLS_nat + Area_km2) } = 0.4345832E-05                 
 Numerical Threshold Method for Num. of Estimated Parameters { p(~effort)Psi(~HAiFLS_nat + Area_km2) } = 5          
 Number of Estimated Parameters { p(~effort)Psi(~HAiFLS_nat + Area_km2) } = 5          
 DEVIANCE { p(~effort)Psi(~HAiFLS_nat + Area_km2) } = 378.91356                     
 DEVIANCE Degrees of Freedom { p(~effort)Psi(~HAiFLS_nat + Area_km2) } = 133            
 c-hat { p(~effort)Psi(~HAiFLS_nat + Area_km2) } = 2.8489742                     
 AIC { p(~effort)Psi(~HAiFLS_nat + Area_km2) } = 388.91356                  
 AICc { p(~effort)Psi(~HAiFLS_nat + Area_km2) } = 389.36811                    
 BIC { p(~effort)Psi(~HAiFLS_nat + Area_km2) } = 403.54983                    
 Pearson Chisquare { p(~effort)Psi(~HAiFLS_nat + Area_km2) } = 1262.1459                  

  Program  MARK  - Survival Rate Estimation with Capture-Recapture Data
   gfortran(dble) Vers. 9.0 Mar 2018    18-Dec-2019 13:13:12    Page  003
 - - - - - - - - - - - - - - - - - - - - - - - - - - - - - - - - - - - - - -
 


          LOGIT Link Function Parameters of { p(~effort)Psi(~HAiFLS_nat + Area_km2) }
                                                              95% Confidence Interval
 Parameter                    Beta         Standard Error      Lower           Upper
 -------------------------  --------------  --------------  --------------  --------------
    1:p:(Intercept)          0.7555658       0.3674915       0.0352825       1.4758490    
    2:p:effort               0.7895005E-03   0.3769908E-03   0.5059859E-04   0.0015284    
    3:Psi:(Intercept)       -0.9459747       0.3635334      -1.6585002      -0.2334493    
    4:Psi:HAiFLS_nat         0.0202451       0.0069780       0.0065683       0.0339219    
    5:Psi:Area_km2           0.0688233       0.0317586       0.0065764       0.1310702    


          Real Function Parameters of { p(~effort)Psi(~HAiFLS_nat + Area_km2) }

      Following estimates based on unstandardized individual covariate values:
          Variable   Value         
          ---------  ------------- 
          EFFORT1     906.23188    
          EFFORT2     834.18841    
          EFFORT3     818.18116    
          HAIFLS_NAT  30.404180    
          AREA_KM2    7.8085664    
                                                               95% Confidence Interval
  Parameter                  Estimate       Standard Error      Lower           Upper
 --------------------------  --------------  --------------  --------------  --------------
     1:p g1 a0 t1             0.8132148       0.0285100       0.7508512       0.8628204                          
     2:p g1 a1 t2             0.8044209       0.0292745       0.7406702       0.8555562                          
     3:p g1 a2 t3             0.8024250       0.0295278       0.7381685       0.8540305                          
     4:Psi g1 a0 t1           0.5515590       0.0459633       0.4607675       0.6390392                          


                      Estimates of Derived Parameters
     Occupancy Estimates of { p(~effort)Psi(~HAiFLS_nat + Area_km2) }
                                            95% Confidence Interval
 Group   Psi-hat         Standard Error      Lower           Upper
 -----   --------------  --------------  --------------  --------------
   1      0.5515590       0.0459633       0.4607675       0.6390392    

   CPU Time for the last procedure was 0.03 seconds.     

  Program  MARK  - Survival Rate Estimation with Capture-Recapture Data
   gfortran(dble) Vers. 9.0 Mar 2018    18-Dec-2019 13:13:12    Page  004
 - - - - - - - - - - - - - - - - - - - - - - - - - - - - - - - - - - - - - -
 


  INPUT --- proc stop;

     CPU Time in minutes for this job was 0.00

     Time Start = 13:13:12.069   Time End = 13:13:12.172

     Wall Clock Time in minutes for this job was 0.00


          E X E C U T I O N   S U C C E S S F U L 
