
   Program  MARK  - Survival Rate Estimation with Capture-Recapture Data
   gfortran(dble) Vers. 9.0 Mar 2018    11-Nov-2019 14:43:50    Page  001
 - - - - - - - - - - - - - - - - - - - - - - - - - - - - - - - - - - - - - -
 
   This version was compiled by GCC version 7.2.0 using the options: 
     -cpp -iprefix C:/Program Files/mingw-w64/x86_64-7.2.0-posix-seh-rt_v5-rev1/
     mingw64/bin/../lib/gcc/x86_64-w64-mingw32/7.2.0/ -D_MT -D_REENTRANT
     -U_REENTRANT -D IEEE -D DBLEPRECISION -m64 -mtune=core2 -march=nocona -mthreads
     -O2 -fimplicit-none -fbounds-check -funroll-loops -ftree-vectorize
     -ffpe-summary=invalid,zero,overflow,underflow -fno-unsafe-math-optimizations
     -frounding-math -fsignaling-nans -fopenmp.

   This problem will use 7 of 8 possible threads.


  INPUT --- proc title ;

   CPU Time for the last procedure was 0.01 seconds.     


  INPUT --- proc chmatrix occasions= 3 groups= 1 etype= Occupancy 
  INPUT --- Nodes= 101 icovar = 1 ICMeans  NoHist hist= 98 ;

  INPUT ---    time interval 1 1 1 ;

  INPUT ---     icovariates MAXT ;

  INPUT ---    glabel(1)=Group 1;

      Number of unique encounter histories read was 98.

      Number of individual covariates read was 1.
      Time interval lengths are all equal to 1.

      Data type number is 27
      Data type is Occupancy Estimation with Detection < 1                                                             

   CPU Time for the last procedure was 0.01 seconds.     

  Program  MARK  - Survival Rate Estimation with Capture-Recapture Data
   gfortran(dble) Vers. 9.0 Mar 2018    11-Nov-2019 14:43:50    Page  002
 - - - - - - - - - - - - - - - - - - - - - - - - - - - - - - - - - - - - - -
 


  INPUT --- proc estimate link=Logit NOLOOP varest=2ndPart    ;


  INPUT --- model={ p(~1)Psi(~MAXT) };

  INPUT ---    group=1 p    rows=1 cols=3 Square ;
  INPUT ---        1 1 1 ;

  INPUT ---    group=1 Psi    rows=1 cols=1 Square ;
  INPUT ---        2 ;

  INPUT ---    design matrix constraints=2 covariates=3;
  INPUT ---        1 0 0;
  INPUT ---        0 1 MAXT;
  INPUT ---       blabel(1)=p:(Intercept);
  INPUT ---       blabel(2)=Psi:(Intercept);
  INPUT ---       blabel(3)=Psi:MAXT;
  INPUT ---       rlabel(1)=p g1 a0 t1;
  INPUT ---       rlabel(2)=Psi g1 a0 t1;

 Link Function Used is LOGIT        

 Variance Estimation Procedure Used is 2ndPart 
 -2logL(saturated) = 0.0000000     
 Effective Sample Size = 138

 Number of function evaluations was 14 for 3 parameters.
 Time for numerical optimization was 0.01 seconds.     
 -2logL { p(~1)Psi(~MAXT) } = 160.69270     
 Penalty { p(~1)Psi(~MAXT) } = 0.0000000     
 Gradient { p(~1)Psi(~MAXT) }:
  0.9781060E-06 -0.4114318E-06 -0.1780672E-06
 Maximum ABS(G) { p(~1)Psi(~MAXT) } = 0.9781060E-06 
 S Vector { p(~1)Psi(~MAXT) }:
   18.60408      9.675136     0.7807246E-01
 Time to compute number of parameters was 0.01 seconds.     
 Ratio Threshold = 50.000000       Max Gap (2/3) = 123.92508       Next Max Gap (1/2) = 1.9228757     
 Gap Method for Num. of Estimated Parameters { p(~1)Psi(~MAXT) } = 2          
 Threshold { p(~1)Psi(~MAXT) } = 0.1956212E-05                 
 Numerical Threshold Method for Num. of Estimated Parameters { p(~1)Psi(~MAXT) } = 3          
 Number of Estimated Parameters { p(~1)Psi(~MAXT) } = 3          

   * *  WARNING  * *   Number of parameters estimated from gap method (=2) and threshold method (=3) differ.  Inspect full output.                                                                                                                                                                                                                                                                                                                                                                                                                      
 Ratios of S Vector { p(~1)Psi(~MAXT) }:
   1/2    1.922876       2/3    123.9251    
 DEVIANCE { p(~1)Psi(~MAXT) } = 160.69270                     
 DEVIANCE Degrees of Freedom { p(~1)Psi(~MAXT) } = 135            
 c-hat { p(~1)Psi(~MAXT) } = 1.1903163                     
 AIC { p(~1)Psi(~MAXT) } = 166.69270                  
 AICc { p(~1)Psi(~MAXT) } = 166.87180                    
 BIC { p(~1)Psi(~MAXT) } = 175.47446                    
 Pearson Chisquare { p(~1)Psi(~MAXT) } = 1860.2221                  


                     LOGIT Link Function Parameters of { p(~1)Psi(~MAXT) }
                                                              95% Confidence Interval
 Parameter                    Beta         Standard Error      Lower           Upper
 -------------------------  --------------  --------------  --------------  --------------

  Program  MARK  - Survival Rate Estimation with Capture-Recapture Data
   gfortran(dble) Vers. 9.0 Mar 2018    11-Nov-2019 14:43:50    Page  003
 - - - - - - - - - - - - - - - - - - - - - - - - - - - - - - - - - - - - - -
 
    1:p:(Intercept)          0.9500429       0.3205338       0.3217966       1.5782892    
    2:Psi:(Intercept)        3.6358809       1.6894914       0.3244777       6.9472842    
    3:Psi:MAXT              -0.2322745       0.0756670      -0.3805819      -0.0839672    


                     Real Function Parameters of { p(~1)Psi(~MAXT) }

      Following estimates based on unstandardized individual covariate values:
          Variable   Value         
          ---------  ------------- 
          MAXT        25.532098    
                                                               95% Confidence Interval
  Parameter                  Estimate       Standard Error      Lower           Upper
 --------------------------  --------------  --------------  --------------  --------------
     1:p g1 a0 t1             0.7211238       0.0644607       0.5797620       0.8289621                          
     2:Psi g1 a0 t1           0.0915732       0.0309985       0.0463119       0.1730428                          


                      Estimates of Derived Parameters
                Occupancy Estimates of { p(~1)Psi(~MAXT) }
                                            95% Confidence Interval
 Group   Psi-hat         Standard Error      Lower           Upper
 -----   --------------  --------------  --------------  --------------
   1      0.0915732       0.0309985       0.0463119       0.1730428    

 Attempted ordering of parameters by estimatibility:
  2 1 3
 Beta number 3 is a singular value.

   CPU Time for the last procedure was 0.01 seconds.     

  Program  MARK  - Survival Rate Estimation with Capture-Recapture Data
   gfortran(dble) Vers. 9.0 Mar 2018    11-Nov-2019 14:43:50    Page  004
 - - - - - - - - - - - - - - - - - - - - - - - - - - - - - - - - - - - - - -
 


  INPUT --- proc stop;

     CPU Time in minutes for this job was 0.00

     Time Start = 14:43:50.095   Time End = 14:43:50.243

     Wall Clock Time in minutes for this job was 0.00


          E X E C U T I O N   S U C C E S S F U L 
