
   Program  MARK  - Survival Rate Estimation with Capture-Recapture Data
   gfortran(dble) Vers. 9.0 Mar 2018    11-Nov-2019 14:43:51    Page  001
 - - - - - - - - - - - - - - - - - - - - - - - - - - - - - - - - - - - - - -
 
   This version was compiled by GCC version 7.2.0 using the options: 
     -cpp -iprefix C:/Program Files/mingw-w64/x86_64-7.2.0-posix-seh-rt_v5-rev1/
     mingw64/bin/../lib/gcc/x86_64-w64-mingw32/7.2.0/ -D_MT -D_REENTRANT
     -U_REENTRANT -D IEEE -D DBLEPRECISION -m64 -mtune=core2 -march=nocona -mthreads
     -O2 -fimplicit-none -fbounds-check -funroll-loops -ftree-vectorize
     -ffpe-summary=invalid,zero,overflow,underflow -fno-unsafe-math-optimizations
     -frounding-math -fsignaling-nans -fopenmp.

   This problem will use 7 of 8 possible threads.


  INPUT --- proc title ;

   CPU Time for the last procedure was 0.01 seconds.     


  INPUT --- proc chmatrix occasions= 3 groups= 1 etype= Occupancy 
  INPUT --- Nodes= 101 icovar = 1 ICMeans  NoHist hist= 129 ;

  INPUT ---    time interval 1 1 1 ;

  INPUT ---     icovariates RNGT ;

  INPUT ---    glabel(1)=Group 1;

      Number of unique encounter histories read was 129.

      Number of individual covariates read was 1.
      Time interval lengths are all equal to 1.

      Data type number is 27
      Data type is Occupancy Estimation with Detection < 1                                                             

   CPU Time for the last procedure was 0.01 seconds.     

  Program  MARK  - Survival Rate Estimation with Capture-Recapture Data
   gfortran(dble) Vers. 9.0 Mar 2018    11-Nov-2019 14:43:51    Page  002
 - - - - - - - - - - - - - - - - - - - - - - - - - - - - - - - - - - - - - -
 


  INPUT --- proc estimate link=Logit NOLOOP varest=2ndPart    ;


  INPUT --- model={ p(~1)Psi(~RNGT) };

  INPUT ---    group=1 p    rows=1 cols=3 Square ;
  INPUT ---        1 1 1 ;

  INPUT ---    group=1 Psi    rows=1 cols=1 Square ;
  INPUT ---        2 ;

  INPUT ---    design matrix constraints=2 covariates=3;
  INPUT ---        1 0 0;
  INPUT ---        0 1 RNGT;
  INPUT ---       blabel(1)=p:(Intercept);
  INPUT ---       blabel(2)=Psi:(Intercept);
  INPUT ---       blabel(3)=Psi:RNGT;
  INPUT ---       rlabel(1)=p g1 a0 t1;
  INPUT ---       rlabel(2)=Psi g1 a0 t1;

 Link Function Used is LOGIT        

 Variance Estimation Procedure Used is 2ndPart 
 -2logL(saturated) = 0.0000000     
 Effective Sample Size = 138

 Number of function evaluations was 11 for 3 parameters.
 Time for numerical optimization was 0.01 seconds.     
 -2logL { p(~1)Psi(~RNGT) } = 170.76197     
 Penalty { p(~1)Psi(~RNGT) } = 0.0000000     
 Gradient { p(~1)Psi(~RNGT) }:
   0.000000       0.000000      0.4756581E-06
 Maximum ABS(G) { p(~1)Psi(~RNGT) } = 0.4756581E-06 
 S Vector { p(~1)Psi(~RNGT) }:
   17.55771      9.648177     0.3794956    
 Time to compute number of parameters was 0.01 seconds.     
 Ratio Threshold = 50.000000       Max Gap (2/3) = 25.423688       Next Max Gap (1/2) = 1.8197951     
 Gap Method for Num. of Estimated Parameters { p(~1)Psi(~RNGT) } = 3          
 Threshold { p(~1)Psi(~RNGT) } = 0.9513162E-06                 
 Numerical Threshold Method for Num. of Estimated Parameters { p(~1)Psi(~RNGT) } = 3          
 Number of Estimated Parameters { p(~1)Psi(~RNGT) } = 3          
 DEVIANCE { p(~1)Psi(~RNGT) } = 170.76197                     
 DEVIANCE Degrees of Freedom { p(~1)Psi(~RNGT) } = 135            
 c-hat { p(~1)Psi(~RNGT) } = 1.2649035                     
 AIC { p(~1)Psi(~RNGT) } = 176.76197                  
 AICc { p(~1)Psi(~RNGT) } = 176.94107                    
 BIC { p(~1)Psi(~RNGT) } = 185.54373                    
 Pearson Chisquare { p(~1)Psi(~RNGT) } = 1393.7456                  


                     LOGIT Link Function Parameters of { p(~1)Psi(~RNGT) }
                                                              95% Confidence Interval
 Parameter                    Beta         Standard Error      Lower           Upper
 -------------------------  --------------  --------------  --------------  --------------
    1:p:(Intercept)          0.9488285       0.3208852       0.3198936       1.5777634    
    2:Psi:(Intercept)       -0.7139180       0.5621550      -1.8157417       0.3879058    
    3:Psi:RNGT              -0.1194780       0.0611956      -0.2394213       0.4653922E-03

  Program  MARK  - Survival Rate Estimation with Capture-Recapture Data
   gfortran(dble) Vers. 9.0 Mar 2018    11-Nov-2019 14:43:51    Page  003
 - - - - - - - - - - - - - - - - - - - - - - - - - - - - - - - - - - - - - -
 


                     Real Function Parameters of { p(~1)Psi(~RNGT) }

      Following estimates based on unstandardized individual covariate values:
          Variable   Value         
          ---------  ------------- 
          RNGT        10.290570    
                                                               95% Confidence Interval
  Parameter                  Estimate       Standard Error      Lower           Upper
 --------------------------  --------------  --------------  --------------  --------------
     1:p g1 a0 t1             0.7208795       0.0645660       0.5792983       0.8288875                          
     2:Psi g1 a0 t1           0.1252733       0.0310316       0.0759662       0.1996684                          


                      Estimates of Derived Parameters
                Occupancy Estimates of { p(~1)Psi(~RNGT) }
                                            95% Confidence Interval
 Group   Psi-hat         Standard Error      Lower           Upper
 -----   --------------  --------------  --------------  --------------
   1      0.1252733       0.0310316       0.0759662       0.1996684    

   CPU Time for the last procedure was 0.01 seconds.     

  Program  MARK  - Survival Rate Estimation with Capture-Recapture Data
   gfortran(dble) Vers. 9.0 Mar 2018    11-Nov-2019 14:43:51    Page  004
 - - - - - - - - - - - - - - - - - - - - - - - - - - - - - - - - - - - - - -
 


  INPUT --- proc stop;

     CPU Time in minutes for this job was 0.00

     Time Start = 14:43:51.350   Time End = 14:43:51.362

     Wall Clock Time in minutes for this job was 0.00


          E X E C U T I O N   S U C C E S S F U L 
