
   Program  MARK  - Survival Rate Estimation with Capture-Recapture Data
   gfortran(dble) Vers. 9.0 Mar 2018     3-Dec-2019 11:10:49    Page  001
 - - - - - - - - - - - - - - - - - - - - - - - - - - - - - - - - - - - - - -
 
   This version was compiled by GCC version 7.2.0 using the options: 
     -cpp -iprefix C:/Program Files/mingw-w64/x86_64-7.2.0-posix-seh-rt_v5-rev1/
     mingw64/bin/../lib/gcc/x86_64-w64-mingw32/7.2.0/ -D_MT -D_REENTRANT
     -U_REENTRANT -D IEEE -D DBLEPRECISION -m64 -mtune=core2 -march=nocona -mthreads
     -O2 -fimplicit-none -fbounds-check -funroll-loops -ftree-vectorize
     -ffpe-summary=invalid,zero,overflow,underflow -fno-unsafe-math-optimizations
     -frounding-math -fsignaling-nans -fopenmp.

   This problem will use 7 of 8 possible threads.


  INPUT --- proc title ;

   CPU Time for the last procedure was 0.02 seconds.     


  INPUT --- proc chmatrix occasions= 3 groups= 1 etype= Occupancy 
  INPUT --- Nodes= 101 icovar = 4 ICMeans  NoHist hist= 138 ;

  INPUT ---    time interval 1 1 1 ;

  INPUT ---     icovariates effort1 effort2 effort3 WidDep ;

  INPUT ---    glabel(1)=freq1;

      Number of unique encounter histories read was 138.

      Number of individual covariates read was 4.
      Time interval lengths are all equal to 1.

      Data type number is 27
      Data type is Occupancy Estimation with Detection < 1                                                             

   CPU Time for the last procedure was 0.01 seconds.     

  Program  MARK  - Survival Rate Estimation with Capture-Recapture Data
   gfortran(dble) Vers. 9.0 Mar 2018     3-Dec-2019 11:10:49    Page  002
 - - - - - - - - - - - - - - - - - - - - - - - - - - - - - - - - - - - - - -
 


  INPUT --- proc estimate link=Logit NOLOOP varest=2ndPart    ;


  INPUT --- model={ p(~effort)Psi(~WidDep) };

  INPUT ---    group=1 p    rows=1 cols=3 Square ;
  INPUT ---        1 2 3 ;

  INPUT ---    group=1 Psi    rows=1 cols=1 Square ;
  INPUT ---        4 ;

  INPUT ---    design matrix constraints=4 covariates=4;
  INPUT ---        1 effort1 0 0;
  INPUT ---        1 effort2 0 0;
  INPUT ---        1 effort3 0 0;
  INPUT ---        0 0 1 WidDep;
  INPUT ---       blabel(1)=p:(Intercept);
  INPUT ---       blabel(2)=p:effort;
  INPUT ---       blabel(3)=Psi:(Intercept);
  INPUT ---       blabel(4)=Psi:WidDep;
  INPUT ---       rlabel(1)=p g1 a0 t1;
  INPUT ---       rlabel(2)=p g1 a1 t2;
  INPUT ---       rlabel(3)=p g1 a2 t3;
  INPUT ---       rlabel(4)=Psi g1 a0 t1;

 Link Function Used is LOGIT        

 Variance Estimation Procedure Used is 2ndPart 
 -2logL(saturated) = 0.0000000     
 Effective Sample Size = 138

 Number of function evaluations was 15 for 4 parameters.
 Time for numerical optimization was 0.09 seconds.     
 -2logL { p(~effort)Psi(~WidDep) } = 169.10619     
 Penalty { p(~effort)Psi(~WidDep) } = 0.0000000     
 Gradient { p(~effort)Psi(~WidDep) }:
   0.000000      0.2574999E-06 -0.1521133E-05   0.000000    
 Maximum ABS(G) { p(~effort)Psi(~WidDep) } = 0.1521133E-05 
 S Vector { p(~effort)Psi(~WidDep) }:
   20.06872      8.264035     0.4898585     0.9950841E-01
 Time to compute number of parameters was 0.01 seconds.     
 Ratio Threshold = 50.000000       Max Gap (2/3) = 16.870250       Next Max Gap (3/4) = 4.9227844     
 Gap Method for Num. of Estimated Parameters { p(~effort)Psi(~WidDep) } = 4          
 Threshold { p(~effort)Psi(~WidDep) } = 0.3042267E-05                 
 Numerical Threshold Method for Num. of Estimated Parameters { p(~effort)Psi(~WidDep) } = 4          
 Number of Estimated Parameters { p(~effort)Psi(~WidDep) } = 4          
 DEVIANCE { p(~effort)Psi(~WidDep) } = 169.10619                     
 DEVIANCE Degrees of Freedom { p(~effort)Psi(~WidDep) } = 134            
 c-hat { p(~effort)Psi(~WidDep) } = 1.2619865                     
 AIC { p(~effort)Psi(~WidDep) } = 177.10619                  
 AICc { p(~effort)Psi(~WidDep) } = 177.40694                    
 BIC { p(~effort)Psi(~WidDep) } = 188.81521                    
 Pearson Chisquare { p(~effort)Psi(~WidDep) } = 912.28938                  

  Program  MARK  - Survival Rate Estimation with Capture-Recapture Data
   gfortran(dble) Vers. 9.0 Mar 2018     3-Dec-2019 11:10:50    Page  003
 - - - - - - - - - - - - - - - - - - - - - - - - - - - - - - - - - - - - - -
 


                  LOGIT Link Function Parameters of { p(~effort)Psi(~WidDep) }
                                                              95% Confidence Interval
 Parameter                    Beta         Standard Error      Lower           Upper
 -------------------------  --------------  --------------  --------------  --------------
    1:p:(Intercept)         -0.3886261       0.6654507      -1.6929094       0.9156573    
    2:p:effort               0.0016066       0.7816942E-03   0.7449441E-04   0.0031387    
    3:Psi:(Intercept)       -1.5077992       0.6612733      -2.8038948      -0.2117036    
    4:Psi:WidDep            -0.0207664       0.0477157      -0.1142892       0.0727564    


                  Real Function Parameters of { p(~effort)Psi(~WidDep) }

      Following estimates based on unstandardized individual covariate values:
          Variable   Value         
          ---------  ------------- 
          EFFORT1     906.23188    
          EFFORT2     834.18841    
          EFFORT3     818.18116    
          WIDDEP      13.033426    
                                                               95% Confidence Interval
  Parameter                  Estimate       Standard Error      Lower           Upper
 --------------------------  --------------  --------------  --------------  --------------
     1:p g1 a0 t1             0.7440907       0.0723459       0.5799772       0.8596034                          
     2:p g1 a1 t2             0.7214356       0.0728351       0.5600196       0.8404990                          
     3:p g1 a2 t3             0.7162379       0.0730893       0.5550320       0.8362695                          
     4:Psi g1 a0 t1           0.1444938       0.0313090       0.0932247       0.2172045                          


                      Estimates of Derived Parameters
            Occupancy Estimates of { p(~effort)Psi(~WidDep) }
                                            95% Confidence Interval
 Group   Psi-hat         Standard Error      Lower           Upper
 -----   --------------  --------------  --------------  --------------
   1      0.1444938       0.0313090       0.0932247       0.2172045    

   CPU Time for the last procedure was 0.09 seconds.     

  Program  MARK  - Survival Rate Estimation with Capture-Recapture Data
   gfortran(dble) Vers. 9.0 Mar 2018     3-Dec-2019 11:10:50    Page  004
 - - - - - - - - - - - - - - - - - - - - - - - - - - - - - - - - - - - - - -
 


  INPUT --- proc stop;

     CPU Time in minutes for this job was 0.00

     Time Start = 11:10:49.793   Time End = 11:10:50.472

     Wall Clock Time in minutes for this job was 0.01


          E X E C U T I O N   S U C C E S S F U L 
