
   Program  MARK  - Survival Rate Estimation with Capture-Recapture Data
   gfortran(dble) Vers. 9.0 Mar 2018     3-Dec-2019 10:55:14    Page  001
 - - - - - - - - - - - - - - - - - - - - - - - - - - - - - - - - - - - - - -
 
   This version was compiled by GCC version 7.2.0 using the options: 
     -cpp -iprefix C:/Program Files/mingw-w64/x86_64-7.2.0-posix-seh-rt_v5-rev1/
     mingw64/bin/../lib/gcc/x86_64-w64-mingw32/7.2.0/ -D_MT -D_REENTRANT
     -U_REENTRANT -D IEEE -D DBLEPRECISION -m64 -mtune=core2 -march=nocona -mthreads
     -O2 -fimplicit-none -fbounds-check -funroll-loops -ftree-vectorize
     -ffpe-summary=invalid,zero,overflow,underflow -fno-unsafe-math-optimizations
     -frounding-math -fsignaling-nans -fopenmp.

   This problem will use 7 of 8 possible threads.


  INPUT --- proc title ;

   CPU Time for the last procedure was 0.01 seconds.     


  INPUT --- proc chmatrix occasions= 3 groups= 1 etype= Occupancy 
  INPUT --- Nodes= 101 icovar = 2 ICMeans  NoHist hist= 122 ;

  INPUT ---    time interval 1 1 1 ;

  INPUT ---     icovariates LWD pctBrBnk ;

  INPUT ---    glabel(1)=freq1;

      Number of unique encounter histories read was 122.

      Number of individual covariates read was 2.
      Time interval lengths are all equal to 1.

      Data type number is 27
      Data type is Occupancy Estimation with Detection < 1                                                             

   CPU Time for the last procedure was 0.01 seconds.     

  Program  MARK  - Survival Rate Estimation with Capture-Recapture Data
   gfortran(dble) Vers. 9.0 Mar 2018     3-Dec-2019 10:55:14    Page  002
 - - - - - - - - - - - - - - - - - - - - - - - - - - - - - - - - - - - - - -
 


  INPUT --- proc estimate link=Logit NOLOOP varest=2ndPart    ;


  INPUT --- model={ p(~LWD)Psi(~pctBrBnk) };

  INPUT ---    group=1 p    rows=1 cols=3 Square ;
  INPUT ---        1 1 1 ;

  INPUT ---    group=1 Psi    rows=1 cols=1 Square ;
  INPUT ---        2 ;

  INPUT ---    design matrix constraints=2 covariates=4;
  INPUT ---        1 LWD 0 0;
  INPUT ---        0 0 1 pctBrBnk;
  INPUT ---       blabel(1)=p:(Intercept);
  INPUT ---       blabel(2)=p:LWD;
  INPUT ---       blabel(3)=Psi:(Intercept);
  INPUT ---       blabel(4)=Psi:pctBrBnk;
  INPUT ---       rlabel(1)=p g1 a0 t1;
  INPUT ---       rlabel(2)=Psi g1 a0 t1;

 Link Function Used is LOGIT        

 Variance Estimation Procedure Used is 2ndPart 
 -2logL(saturated) = 0.0000000     
 Effective Sample Size = 138

 Number of function evaluations was 17 for 4 parameters.
 Time for numerical optimization was 0.01 seconds.     
 -2logL { p(~LWD)Psi(~pctBrBnk) } = 168.63078     
 Penalty { p(~LWD)Psi(~pctBrBnk) } = 0.0000000     
 Gradient { p(~LWD)Psi(~pctBrBnk) }:
  0.2100579E-05   0.000000      0.1049523E-05  0.3596982E-06
 Maximum ABS(G) { p(~LWD)Psi(~pctBrBnk) } = 0.2100579E-05 
 S Vector { p(~LWD)Psi(~pctBrBnk) }:
   16.20507      9.926212     0.2949268     0.2778228    
 Time to compute number of parameters was 0.01 seconds.     
 Ratio Threshold = 50.000000       Max Gap (2/3) = 33.656532       Next Max Gap (1/2) = 1.6325530     
 Gap Method for Num. of Estimated Parameters { p(~LWD)Psi(~pctBrBnk) } = 4          
 Threshold { p(~LWD)Psi(~pctBrBnk) } = 0.4201159E-05                 
 Numerical Threshold Method for Num. of Estimated Parameters { p(~LWD)Psi(~pctBrBnk) } = 4          
 Number of Estimated Parameters { p(~LWD)Psi(~pctBrBnk) } = 4          
 DEVIANCE { p(~LWD)Psi(~pctBrBnk) } = 168.63078                     
 DEVIANCE Degrees of Freedom { p(~LWD)Psi(~pctBrBnk) } = 134            
 c-hat { p(~LWD)Psi(~pctBrBnk) } = 1.2584386                     
 AIC { p(~LWD)Psi(~pctBrBnk) } = 176.63078                  
 AICc { p(~LWD)Psi(~pctBrBnk) } = 176.93153                    
 BIC { p(~LWD)Psi(~pctBrBnk) } = 188.33979                    
 Pearson Chisquare { p(~LWD)Psi(~pctBrBnk) } = 1326.3333                  


                  LOGIT Link Function Parameters of { p(~LWD)Psi(~pctBrBnk) }
                                                              95% Confidence Interval
 Parameter                    Beta         Standard Error      Lower           Upper
 -------------------------  --------------  --------------  --------------  --------------
    1:p:(Intercept)          0.8160215       0.4651228      -0.0956193       1.7276623    
    2:p:LWD                  0.7060903       1.8152072      -2.8517159       4.2638966    
    3:Psi:(Intercept)       -0.8173475       0.4414612      -1.6826114       0.0479164    

  Program  MARK  - Survival Rate Estimation with Capture-Recapture Data
   gfortran(dble) Vers. 9.0 Mar 2018     3-Dec-2019 10:55:14    Page  003
 - - - - - - - - - - - - - - - - - - - - - - - - - - - - - - - - - - - - - -
 
    4:Psi:pctBrBnk          -1.3587271       0.5862414      -2.5077603      -0.2096940    


                  Real Function Parameters of { p(~LWD)Psi(~pctBrBnk) }

      Following estimates based on unstandardized individual covariate values:
          Variable   Value         
          ---------  ------------- 
          LWD         0.2273503    
          PCTBRBNK    0.8740586    
                                                               95% Confidence Interval
  Parameter                  Estimate       Standard Error      Lower           Upper
 --------------------------  --------------  --------------  --------------  --------------
     1:p g1 a0 t1             0.7264234       0.0656866       0.5814472       0.8353990                          
     2:Psi g1 a0 t1           0.1186837       0.0310586       0.0699835       0.1941970                          


                      Estimates of Derived Parameters
             Occupancy Estimates of { p(~LWD)Psi(~pctBrBnk) }
                                            95% Confidence Interval
 Group   Psi-hat         Standard Error      Lower           Upper
 -----   --------------  --------------  --------------  --------------
   1      0.1186837       0.0310586       0.0699835       0.1941970    

   CPU Time for the last procedure was 0.01 seconds.     

  Program  MARK  - Survival Rate Estimation with Capture-Recapture Data
   gfortran(dble) Vers. 9.0 Mar 2018     3-Dec-2019 10:55:14    Page  004
 - - - - - - - - - - - - - - - - - - - - - - - - - - - - - - - - - - - - - -
 


  INPUT --- proc stop;

     CPU Time in minutes for this job was 0.00

     Time Start = 10:55:14.264   Time End = 10:55:14.966

     Wall Clock Time in minutes for this job was 0.01


          E X E C U T I O N   S U C C E S S F U L 
