
   Program  MARK  - Survival Rate Estimation with Capture-Recapture Data
   gfortran(dble) Vers. 9.0 Mar 2018     3-Dec-2019 12:26:21    Page  001
 - - - - - - - - - - - - - - - - - - - - - - - - - - - - - - - - - - - - - -
 
   This version was compiled by GCC version 7.2.0 using the options: 
     -cpp -iprefix C:/Program Files/mingw-w64/x86_64-7.2.0-posix-seh-rt_v5-rev1/
     mingw64/bin/../lib/gcc/x86_64-w64-mingw32/7.2.0/ -D_MT -D_REENTRANT
     -U_REENTRANT -D IEEE -D DBLEPRECISION -m64 -mtune=core2 -march=nocona -mthreads
     -O2 -fimplicit-none -fbounds-check -funroll-loops -ftree-vectorize
     -ffpe-summary=invalid,zero,overflow,underflow -fno-unsafe-math-optimizations
     -frounding-math -fsignaling-nans -fopenmp.

   This problem will use 7 of 8 possible threads.


  INPUT --- proc title ;

   CPU Time for the last procedure was 0.01 seconds.     


  INPUT --- proc chmatrix occasions= 3 groups= 1 etype= Occupancy 
  INPUT --- Nodes= 101 icovar = 4 ICMeans  NoHist hist= 138 ;

  INPUT ---    time interval 1 1 1 ;

  INPUT ---     icovariates effort1 effort2 effort3 pctSlope ;

  INPUT ---    glabel(1)=freq1;

      Number of unique encounter histories read was 138.

      Number of individual covariates read was 4.
      Time interval lengths are all equal to 1.

      Data type number is 27
      Data type is Occupancy Estimation with Detection < 1                                                             

   CPU Time for the last procedure was 0.01 seconds.     

  Program  MARK  - Survival Rate Estimation with Capture-Recapture Data
   gfortran(dble) Vers. 9.0 Mar 2018     3-Dec-2019 12:26:21    Page  002
 - - - - - - - - - - - - - - - - - - - - - - - - - - - - - - - - - - - - - -
 


  INPUT --- proc estimate link=Logit NOLOOP varest=2ndPart    ;


  INPUT --- model={ p(~effort)Psi(~pctSlope) };

  INPUT ---    group=1 p    rows=1 cols=3 Square ;
  INPUT ---        1 2 3 ;

  INPUT ---    group=1 Psi    rows=1 cols=1 Square ;
  INPUT ---        4 ;

  INPUT ---    design matrix constraints=4 covariates=4;
  INPUT ---        1 effort1 0 0;
  INPUT ---        1 effort2 0 0;
  INPUT ---        1 effort3 0 0;
  INPUT ---        0 0 1 pctSlope;
  INPUT ---       blabel(1)=p:(Intercept);
  INPUT ---       blabel(2)=p:effort;
  INPUT ---       blabel(3)=Psi:(Intercept);
  INPUT ---       blabel(4)=Psi:pctSlope;
  INPUT ---       rlabel(1)=p g1 a0 t1;
  INPUT ---       rlabel(2)=p g1 a1 t2;
  INPUT ---       rlabel(3)=p g1 a2 t3;
  INPUT ---       rlabel(4)=Psi g1 a0 t1;

 Link Function Used is LOGIT        

 Variance Estimation Procedure Used is 2ndPart 
 -2logL(saturated) = 0.0000000     
 Effective Sample Size = 138

 Number of function evaluations was 15 for 4 parameters.
 Time for numerical optimization was 0.01 seconds.     
 -2logL { p(~effort)Psi(~pctSlope) } = 169.26944     
 Penalty { p(~effort)Psi(~pctSlope) } = 0.0000000     
 Gradient { p(~effort)Psi(~pctSlope) }:
 -0.1390584E-05 -0.2594020E-06  0.6936305E-06   0.000000    
 Maximum ABS(G) { p(~effort)Psi(~pctSlope) } = 0.1390584E-05 
 S Vector { p(~effort)Psi(~pctSlope) }:
   16.64072      8.287028     0.4024078     0.1007883    
 Time to compute number of parameters was 0.01 seconds.     
 Ratio Threshold = 50.000000       Max Gap (2/3) = 20.593609       Next Max Gap (3/4) = 3.9926056     
 Gap Method for Num. of Estimated Parameters { p(~effort)Psi(~pctSlope) } = 4          
 Threshold { p(~effort)Psi(~pctSlope) } = 0.2781168E-05                 
 Numerical Threshold Method for Num. of Estimated Parameters { p(~effort)Psi(~pctSlope) } = 4          
 Number of Estimated Parameters { p(~effort)Psi(~pctSlope) } = 4          
 DEVIANCE { p(~effort)Psi(~pctSlope) } = 169.26944                     
 DEVIANCE Degrees of Freedom { p(~effort)Psi(~pctSlope) } = 134            
 c-hat { p(~effort)Psi(~pctSlope) } = 1.2632048                     
 AIC { p(~effort)Psi(~pctSlope) } = 177.26944                  
 AICc { p(~effort)Psi(~pctSlope) } = 177.57020                    
 BIC { p(~effort)Psi(~pctSlope) } = 188.97846                    
 Pearson Chisquare { p(~effort)Psi(~pctSlope) } = 908.97996                  

  Program  MARK  - Survival Rate Estimation with Capture-Recapture Data
   gfortran(dble) Vers. 9.0 Mar 2018     3-Dec-2019 12:26:22    Page  003
 - - - - - - - - - - - - - - - - - - - - - - - - - - - - - - - - - - - - - -
 


                 LOGIT Link Function Parameters of { p(~effort)Psi(~pctSlope) }
                                                              95% Confidence Interval
 Parameter                    Beta         Standard Error      Lower           Upper
 -------------------------  --------------  --------------  --------------  --------------
    1:p:(Intercept)         -0.3716171       0.6588896      -1.6630407       0.9198064    
    2:p:effort               0.0015930       0.7771240E-03   0.6983315E-04   0.0031162    
    3:Psi:(Intercept)       -1.7498051       0.3014186      -2.3405856      -1.1590247    
    4:Psi:pctSlope          -0.0049422       0.0298846      -0.0635161       0.0536316    


                 Real Function Parameters of { p(~effort)Psi(~pctSlope) }

      Following estimates based on unstandardized individual covariate values:
          Variable   Value         
          ---------  ------------- 
          EFFORT1     906.23188    
          EFFORT2     834.18841    
          EFFORT3     818.18116    
          PCTSLOPE    5.7132415    
                                                               95% Confidence Interval
  Parameter                  Estimate       Standard Error      Lower           Upper
 --------------------------  --------------  --------------  --------------  --------------
     1:p g1 a0 t1             0.7449784       0.0719384       0.5817227       0.8598644                          
     2:p g1 a1 t2             0.7225692       0.0723328       0.5621808       0.8408366                          
     3:p g1 a2 t3             0.7174286       0.0725631       0.5572928       0.8366216                          
     4:Psi g1 a0 t1           0.1445452       0.0312104       0.0934046       0.2169845                          


                      Estimates of Derived Parameters
           Occupancy Estimates of { p(~effort)Psi(~pctSlope) }
                                            95% Confidence Interval
 Group   Psi-hat         Standard Error      Lower           Upper
 -----   --------------  --------------  --------------  --------------
   1      0.1445452       0.0312104       0.0934046       0.2169845    

   CPU Time for the last procedure was 0.01 seconds.     

  Program  MARK  - Survival Rate Estimation with Capture-Recapture Data
   gfortran(dble) Vers. 9.0 Mar 2018     3-Dec-2019 12:26:22    Page  004
 - - - - - - - - - - - - - - - - - - - - - - - - - - - - - - - - - - - - - -
 


  INPUT --- proc stop;

     CPU Time in minutes for this job was 0.00

     Time Start = 12:26:21.044   Time End = 12:26:22.372

     Wall Clock Time in minutes for this job was 0.02


          E X E C U T I O N   S U C C E S S F U L 
