
   Program  MARK  - Survival Rate Estimation with Capture-Recapture Data
   gfortran(dble) Vers. 9.0 Mar 2018     3-Dec-2019 11:06:06    Page  001
 - - - - - - - - - - - - - - - - - - - - - - - - - - - - - - - - - - - - - -
 
   This version was compiled by GCC version 7.2.0 using the options: 
     -cpp -iprefix C:/Program Files/mingw-w64/x86_64-7.2.0-posix-seh-rt_v5-rev1/
     mingw64/bin/../lib/gcc/x86_64-w64-mingw32/7.2.0/ -D_MT -D_REENTRANT
     -U_REENTRANT -D IEEE -D DBLEPRECISION -m64 -mtune=core2 -march=nocona -mthreads
     -O2 -fimplicit-none -fbounds-check -funroll-loops -ftree-vectorize
     -ffpe-summary=invalid,zero,overflow,underflow -fno-unsafe-math-optimizations
     -frounding-math -fsignaling-nans -fopenmp.

   This problem will use 7 of 8 possible threads.


  INPUT --- proc title ;

   CPU Time for the last procedure was 0.01 seconds.     


  INPUT --- proc chmatrix occasions= 3 groups= 1 etype= Occupancy 
  INPUT --- Nodes= 101 icovar = 5 ICMeans  NoHist hist= 138 ;

  INPUT ---    time interval 1 1 1 ;

  INPUT ---     icovariates mxflow1 mxflow2 mxflow3 pctex21 WidDep ;

  INPUT ---    glabel(1)=freq1;

      Number of unique encounter histories read was 138.

      Number of individual covariates read was 5.
      Time interval lengths are all equal to 1.

      Data type number is 27
      Data type is Occupancy Estimation with Detection < 1                                                             

   CPU Time for the last procedure was 0.02 seconds.     

  Program  MARK  - Survival Rate Estimation with Capture-Recapture Data
   gfortran(dble) Vers. 9.0 Mar 2018     3-Dec-2019 11:06:06    Page  002
 - - - - - - - - - - - - - - - - - - - - - - - - - - - - - - - - - - - - - -
 


  INPUT --- proc estimate link=Logit NOLOOP varest=2ndPart    ;


  INPUT --- model={ p(~mxflow)Psi(~pctex21 + WidDep) };

  INPUT ---    group=1 p    rows=1 cols=3 Square ;
  INPUT ---        1 2 3 ;

  INPUT ---    group=1 Psi    rows=1 cols=1 Square ;
  INPUT ---        4 ;

  INPUT ---    design matrix constraints=4 covariates=5;
  INPUT ---        1 mxflow1 0 0 0;
  INPUT ---        1 mxflow2 0 0 0;
  INPUT ---        1 mxflow3 0 0 0;
  INPUT ---        0 0 1 pctex21 WidDep;
  INPUT ---       blabel(1)=p:(Intercept);
  INPUT ---       blabel(2)=p:mxflow;
  INPUT ---       blabel(3)=Psi:(Intercept);
  INPUT ---       blabel(4)=Psi:pctex21;
  INPUT ---       blabel(5)=Psi:WidDep;
  INPUT ---       rlabel(1)=p g1 a0 t1;
  INPUT ---       rlabel(2)=p g1 a1 t2;
  INPUT ---       rlabel(3)=p g1 a2 t3;
  INPUT ---       rlabel(4)=Psi g1 a0 t1;

 Link Function Used is LOGIT        

 Variance Estimation Procedure Used is 2ndPart 
 -2logL(saturated) = 0.0000000     
 Effective Sample Size = 138

 Number of function evaluations was 26 for 5 parameters.
 Time for numerical optimization was 0.08 seconds.     
 -2logL { p(~mxflow)Psi(~pctex21 + WidDep) } = 153.20090     
 Penalty { p(~mxflow)Psi(~pctex21 + WidDep) } = 0.0000000     
 Gradient { p(~mxflow)Psi(~pctex21 + WidDep) }:
 -0.2837626E-05   0.000000     -0.6405242E-05 -0.1861929E-06 -0.1183370E-05
 Maximum ABS(G) { p(~mxflow)Psi(~pctex21 + WidDep) } = 0.6405242E-05 
 S Vector { p(~mxflow)Psi(~pctex21 + WidDep) }:
   17.11861      9.597763     0.4236865     0.2018652E-01 0.3852535E-03
 Time to compute number of parameters was 0.01 seconds.     
 Ratio Threshold = 50.000000       Max Gap (4/5) = 52.398012       Next Max Gap (2/3) = 22.652983     
 Gap Method for Num. of Estimated Parameters { p(~mxflow)Psi(~pctex21 + WidDep) } = 4          
 Threshold { p(~mxflow)Psi(~pctex21 + WidDep) } = 0.1281048E-04                 
 Numerical Threshold Method for Num. of Estimated Parameters { p(~mxflow)Psi(~pctex21 + WidDep) } = 5          
 Number of Estimated Parameters { p(~mxflow)Psi(~pctex21 + WidDep) } = 5          

   * *  WARNING  * *   Number of parameters estimated from gap method (=4) and threshold method (=5) differ.  Inspect full output.                                                                                                                                                                                                                                                                                                                                                                                                                      

  Program  MARK  - Survival Rate Estimation with Capture-Recapture Data
   gfortran(dble) Vers. 9.0 Mar 2018     3-Dec-2019 11:06:06    Page  003
 - - - - - - - - - - - - - - - - - - - - - - - - - - - - - - - - - - - - - -
 
 Ratios of S Vector { p(~mxflow)Psi(~pctex21 + WidDep) }:
   1/2    1.783604       2/3    22.65298       3/4    20.98859       4/5    52.39801    
 DEVIANCE { p(~mxflow)Psi(~pctex21 + WidDep) } = 153.20090                     
 DEVIANCE Degrees of Freedom { p(~mxflow)Psi(~pctex21 + WidDep) } = 133            
 c-hat { p(~mxflow)Psi(~pctex21 + WidDep) } = 1.1518865                     
 AIC { p(~mxflow)Psi(~pctex21 + WidDep) } = 163.20090                  
 AICc { p(~mxflow)Psi(~pctex21 + WidDep) } = 163.65545                    
 BIC { p(~mxflow)Psi(~pctex21 + WidDep) } = 177.83717                    
 Pearson Chisquare { p(~mxflow)Psi(~pctex21 + WidDep) } = 968.53533                  


             LOGIT Link Function Parameters of { p(~mxflow)Psi(~pctex21 + WidDep) }
                                                              95% Confidence Interval
 Parameter                    Beta         Standard Error      Lower           Upper
 -------------------------  --------------  --------------  --------------  --------------
    1:p:(Intercept)          1.0164907       0.5468836      -0.0554012       2.0883827    
    2:p:mxflow              -0.1255837       0.7719094      -1.6385262       1.3873588    
    3:Psi:(Intercept)       -1.0844550       0.7016081      -2.4596070       0.2906969    
    4:Psi:pctex21           -0.6292811       0.2272103      -1.0746132      -0.1839489    
    5:Psi:WidDep             0.0226345       0.0517366      -0.0787691       0.1240382    


             Real Function Parameters of { p(~mxflow)Psi(~pctex21 + WidDep) }

      Following estimates based on unstandardized individual covariate values:
          Variable   Value         
          ---------  ------------- 
          MXFLOW1     0.8952899    
          MXFLOW2     1.0911594    
          MXFLOW3     0.5689855    
          PCTEX21     4.8306834    
          WIDDEP      13.033426    
                                                               95% Confidence Interval
  Parameter                  Estimate       Standard Error      Lower           Upper
 --------------------------  --------------  --------------  --------------  --------------
     1:p g1 a0 t1             0.7117825       0.0833503       0.5269045       0.8455859                          
     2:p g1 a1 t2             0.7067101       0.1063167       0.4685677       0.8681630                          
     3:p g1 a2 t3             0.7201157       0.0647753       0.5781337       0.8284887                          
     4:Psi g1 a0 t1           0.0212627       0.0205100       0.0031381       0.1303777                          


                      Estimates of Derived Parameters
       Occupancy Estimates of { p(~mxflow)Psi(~pctex21 + WidDep) }
                                            95% Confidence Interval
 Group   Psi-hat         Standard Error      Lower           Upper
 -----   --------------  --------------  --------------  --------------
   1      0.0212627       0.0205100       0.0031381       0.1303777    

 Attempted ordering of parameters by estimatibility:
  3 1 5 4 2
 Beta number 2 is a singular value.

   CPU Time for the last procedure was 0.09 seconds.     

  Program  MARK  - Survival Rate Estimation with Capture-Recapture Data
   gfortran(dble) Vers. 9.0 Mar 2018     3-Dec-2019 11:06:06    Page  004
 - - - - - - - - - - - - - - - - - - - - - - - - - - - - - - - - - - - - - -
 


  INPUT --- proc stop;

     CPU Time in minutes for this job was 0.00

     Time Start = 11:06:06.681   Time End = 11:06:06.793

     Wall Clock Time in minutes for this job was 0.00


          E X E C U T I O N   S U C C E S S F U L 
