
   Program  MARK  - Survival Rate Estimation with Capture-Recapture Data
   gfortran(dble) Vers. 9.0 Mar 2018     3-Dec-2019 12:25:56    Page  001
 - - - - - - - - - - - - - - - - - - - - - - - - - - - - - - - - - - - - - -
 
   This version was compiled by GCC version 7.2.0 using the options: 
     -cpp -iprefix C:/Program Files/mingw-w64/x86_64-7.2.0-posix-seh-rt_v5-rev1/
     mingw64/bin/../lib/gcc/x86_64-w64-mingw32/7.2.0/ -D_MT -D_REENTRANT
     -U_REENTRANT -D IEEE -D DBLEPRECISION -m64 -mtune=core2 -march=nocona -mthreads
     -O2 -fimplicit-none -fbounds-check -funroll-loops -ftree-vectorize
     -ffpe-summary=invalid,zero,overflow,underflow -fno-unsafe-math-optimizations
     -frounding-math -fsignaling-nans -fopenmp.

   This problem will use 7 of 8 possible threads.


  INPUT --- proc title ;

   CPU Time for the last procedure was 0.01 seconds.     


  INPUT --- proc chmatrix occasions= 3 groups= 1 etype= Occupancy 
  INPUT --- Nodes= 101 icovar = 2 ICMeans  NoHist hist= 138 ;

  INPUT ---    time interval 1 1 1 ;

  INPUT ---     icovariates effsec depool ;

  INPUT ---    glabel(1)=freq1;

      Number of unique encounter histories read was 138.

      Number of individual covariates read was 2.
      Time interval lengths are all equal to 1.

      Data type number is 27
      Data type is Occupancy Estimation with Detection < 1                                                             

   CPU Time for the last procedure was 0.02 seconds.     

  Program  MARK  - Survival Rate Estimation with Capture-Recapture Data
   gfortran(dble) Vers. 9.0 Mar 2018     3-Dec-2019 12:25:56    Page  002
 - - - - - - - - - - - - - - - - - - - - - - - - - - - - - - - - - - - - - -
 


  INPUT --- proc estimate link=Logit NOLOOP varest=2ndPart    ;


  INPUT --- model={ p(~effsec)Psi(~depool) };

  INPUT ---    group=1 p    rows=1 cols=3 Square ;
  INPUT ---        1 1 1 ;

  INPUT ---    group=1 Psi    rows=1 cols=1 Square ;
  INPUT ---        2 ;

  INPUT ---    design matrix constraints=2 covariates=4;
  INPUT ---        1 effsec 0 0;
  INPUT ---        0 0 1 depool;
  INPUT ---       blabel(1)=p:(Intercept);
  INPUT ---       blabel(2)=p:effsec;
  INPUT ---       blabel(3)=Psi:(Intercept);
  INPUT ---       blabel(4)=Psi:depool;
  INPUT ---       rlabel(1)=p g1 a0 t1;
  INPUT ---       rlabel(2)=Psi g1 a0 t1;

 Link Function Used is LOGIT        

 Variance Estimation Procedure Used is 2ndPart 
 -2logL(saturated) = 0.0000000     
 Effective Sample Size = 138

 Number of function evaluations was 14 for 4 parameters.
 Time for numerical optimization was 0.01 seconds.     
 -2logL { p(~effsec)Psi(~depool) } = 171.29205     
 Penalty { p(~effsec)Psi(~depool) } = 0.0000000     
 Gradient { p(~effsec)Psi(~depool) }:
  0.1606324E-05 -0.3911918E-06 -0.6551181E-06  0.1351793E-05
 Maximum ABS(G) { p(~effsec)Psi(~depool) } = 0.1606324E-05 
 S Vector { p(~effsec)Psi(~depool) }:
   18.21643      8.983496     0.7152292     0.2062440    
 Time to compute number of parameters was 0.01 seconds.     
 Ratio Threshold = 50.000000       Max Gap (2/3) = 12.560305       Next Max Gap (3/4) = 3.4678785     
 Gap Method for Num. of Estimated Parameters { p(~effsec)Psi(~depool) } = 4          
 Threshold { p(~effsec)Psi(~depool) } = 0.3212648E-05                 
 Numerical Threshold Method for Num. of Estimated Parameters { p(~effsec)Psi(~depool) } = 4          
 Number of Estimated Parameters { p(~effsec)Psi(~depool) } = 4          
 DEVIANCE { p(~effsec)Psi(~depool) } = 171.29205                     
 DEVIANCE Degrees of Freedom { p(~effsec)Psi(~depool) } = 134            
 c-hat { p(~effsec)Psi(~depool) } = 1.2782989                     
 AIC { p(~effsec)Psi(~depool) } = 179.29205                  
 AICc { p(~effsec)Psi(~depool) } = 179.59281                    
 BIC { p(~effsec)Psi(~depool) } = 191.00107                    
 Pearson Chisquare { p(~effsec)Psi(~depool) } = 988.59658                  


                  LOGIT Link Function Parameters of { p(~effsec)Psi(~depool) }
                                                              95% Confidence Interval
 Parameter                    Beta         Standard Error      Lower           Upper
 -------------------------  --------------  --------------  --------------  --------------
    1:p:(Intercept)         -0.1873997       0.6671810      -1.4950745       1.1202751    
    2:p:effsec               0.4241342E-03   0.2323766E-03  -0.3132390E-04   0.8795923E-03
    3:Psi:(Intercept)       -1.9114575       0.4453902      -2.7844224      -1.0384926    

  Program  MARK  - Survival Rate Estimation with Capture-Recapture Data
   gfortran(dble) Vers. 9.0 Mar 2018     3-Dec-2019 12:25:56    Page  003
 - - - - - - - - - - - - - - - - - - - - - - - - - - - - - - - - - - - - - -
 
    4:Psi:depool             0.1450507       0.3962410      -0.6315817       0.9216832    


                  Real Function Parameters of { p(~effsec)Psi(~depool) }

      Following estimates based on unstandardized individual covariate values:
          Variable   Value         
          ---------  ------------- 
          EFFSEC      2558.6014    
          DEPOOL      0.8757795    
                                                               95% Confidence Interval
  Parameter                  Estimate       Standard Error      Lower           Upper
 --------------------------  --------------  --------------  --------------  --------------
     1:p g1 a0 t1             0.7104953       0.0707406       0.5556968       0.8280494                          
     2:Psi g1 a0 t1           0.1437576       0.0311473       0.0927603       0.2161132                          


                      Estimates of Derived Parameters
            Occupancy Estimates of { p(~effsec)Psi(~depool) }
                                            95% Confidence Interval
 Group   Psi-hat         Standard Error      Lower           Upper
 -----   --------------  --------------  --------------  --------------
   1      0.1437576       0.0311473       0.0927603       0.2161132    

   CPU Time for the last procedure was 0.02 seconds.     

  Program  MARK  - Survival Rate Estimation with Capture-Recapture Data
   gfortran(dble) Vers. 9.0 Mar 2018     3-Dec-2019 12:25:56    Page  004
 - - - - - - - - - - - - - - - - - - - - - - - - - - - - - - - - - - - - - -
 


  INPUT --- proc stop;

     CPU Time in minutes for this job was 0.00

     Time Start = 12:25:56.052   Time End = 12:25:56.193

     Wall Clock Time in minutes for this job was 0.00


          E X E C U T I O N   S U C C E S S F U L 
