
   Program  MARK  - Survival Rate Estimation with Capture-Recapture Data
   gfortran(dble) Vers. 9.0 Mar 2018     3-Dec-2019 10:58:53    Page  001
 - - - - - - - - - - - - - - - - - - - - - - - - - - - - - - - - - - - - - -
 
   This version was compiled by GCC version 7.2.0 using the options: 
     -cpp -iprefix C:/Program Files/mingw-w64/x86_64-7.2.0-posix-seh-rt_v5-rev1/
     mingw64/bin/../lib/gcc/x86_64-w64-mingw32/7.2.0/ -D_MT -D_REENTRANT
     -U_REENTRANT -D IEEE -D DBLEPRECISION -m64 -mtune=core2 -march=nocona -mthreads
     -O2 -fimplicit-none -fbounds-check -funroll-loops -ftree-vectorize
     -ffpe-summary=invalid,zero,overflow,underflow -fno-unsafe-math-optimizations
     -frounding-math -fsignaling-nans -fopenmp.

   This problem will use 7 of 8 possible threads.


  INPUT --- proc title ;

   CPU Time for the last procedure was 0.01 seconds.     


  INPUT --- proc chmatrix occasions= 3 groups= 1 etype= Occupancy 
  INPUT --- Nodes= 101 icovar = 4 ICMeans  NoHist hist= 124 ;

  INPUT ---    time interval 1 1 1 ;

  INPUT ---     icovariates lwd1 lwd2 lwd3 machabprop ;

  INPUT ---    glabel(1)=freq1;

      Number of unique encounter histories read was 124.

      Number of individual covariates read was 4.
      Time interval lengths are all equal to 1.

      Data type number is 27
      Data type is Occupancy Estimation with Detection < 1                                                             

   CPU Time for the last procedure was 0.02 seconds.     

  Program  MARK  - Survival Rate Estimation with Capture-Recapture Data
   gfortran(dble) Vers. 9.0 Mar 2018     3-Dec-2019 10:58:53    Page  002
 - - - - - - - - - - - - - - - - - - - - - - - - - - - - - - - - - - - - - -
 


  INPUT --- proc estimate link=Logit NOLOOP varest=2ndPart    ;


  INPUT --- model={ p(~lwd)Psi(~machabprop) };

  INPUT ---    group=1 p    rows=1 cols=3 Square ;
  INPUT ---        1 2 3 ;

  INPUT ---    group=1 Psi    rows=1 cols=1 Square ;
  INPUT ---        4 ;

  INPUT ---    design matrix constraints=4 covariates=4;
  INPUT ---        1 lwd1 0 0;
  INPUT ---        1 lwd2 0 0;
  INPUT ---        1 lwd3 0 0;
  INPUT ---        0 0 1 machabprop;
  INPUT ---       blabel(1)=p:(Intercept);
  INPUT ---       blabel(2)=p:lwd;
  INPUT ---       blabel(3)=Psi:(Intercept);
  INPUT ---       blabel(4)=Psi:machabprop;
  INPUT ---       rlabel(1)=p g1 a0 t1;
  INPUT ---       rlabel(2)=p g1 a1 t2;
  INPUT ---       rlabel(3)=p g1 a2 t3;
  INPUT ---       rlabel(4)=Psi g1 a0 t1;

 Link Function Used is LOGIT        

 Variance Estimation Procedure Used is 2ndPart 
 -2logL(saturated) = 0.0000000     
 Effective Sample Size = 138

 Number of function evaluations was 14 for 4 parameters.
 Time for numerical optimization was 0.01 seconds.     
 -2logL { p(~lwd)Psi(~machabprop) } = 172.60985     
 Penalty { p(~lwd)Psi(~machabprop) } = 0.0000000     
 Gradient { p(~lwd)Psi(~machabprop) }:
 -0.2118495E-05 -0.1523514E-05 -0.1351707E-05 -0.1638104E-05
 Maximum ABS(G) { p(~lwd)Psi(~machabprop) } = 0.2118495E-05 
 S Vector { p(~lwd)Psi(~machabprop) }:
   20.78589      9.744284     0.2738832     0.1867584    
 Time to compute number of parameters was 0.02 seconds.     
 Ratio Threshold = 50.000000       Max Gap (2/3) = 35.578244       Next Max Gap (1/2) = 2.1331366     
 Gap Method for Num. of Estimated Parameters { p(~lwd)Psi(~machabprop) } = 4          
 Threshold { p(~lwd)Psi(~machabprop) } = 0.4236989E-05                 
 Numerical Threshold Method for Num. of Estimated Parameters { p(~lwd)Psi(~machabprop) } = 4          
 Number of Estimated Parameters { p(~lwd)Psi(~machabprop) } = 4          
 DEVIANCE { p(~lwd)Psi(~machabprop) } = 172.60985                     
 DEVIANCE Degrees of Freedom { p(~lwd)Psi(~machabprop) } = 134            
 c-hat { p(~lwd)Psi(~machabprop) } = 1.2881332                     
 AIC { p(~lwd)Psi(~machabprop) } = 180.60985                  
 AICc { p(~lwd)Psi(~machabprop) } = 180.91060                    
 BIC { p(~lwd)Psi(~machabprop) } = 192.31886                    
 Pearson Chisquare { p(~lwd)Psi(~machabprop) } = 1020.1341                  

  Program  MARK  - Survival Rate Estimation with Capture-Recapture Data
   gfortran(dble) Vers. 9.0 Mar 2018     3-Dec-2019 10:58:53    Page  003
 - - - - - - - - - - - - - - - - - - - - - - - - - - - - - - - - - - - - - -
 


                 LOGIT Link Function Parameters of { p(~lwd)Psi(~machabprop) }
                                                              95% Confidence Interval
 Parameter                    Beta         Standard Error      Lower           Upper
 -------------------------  --------------  --------------  --------------  --------------
    1:p:(Intercept)          0.8006641       0.3843410       0.0473558       1.5539724    
    2:p:lwd                  0.8593604       1.3166413      -1.7212567       3.4399775    
    3:Psi:(Intercept)       -0.4110669       0.9380825      -2.2497086       1.4275747    
    4:Psi:machabprop        -0.0271974       0.0183186      -0.0631019       0.0087072    


                 Real Function Parameters of { p(~lwd)Psi(~machabprop) }

      Following estimates based on unstandardized individual covariate values:
          Variable   Value         
          ---------  ------------- 
          LWD1        0.2346014    
          LWD2        0.2355072    
          LWD3        0.2114389    
          MACHABPROP  53.717706    
                                                               95% Confidence Interval
  Parameter                  Estimate       Standard Error      Lower           Upper
 --------------------------  --------------  --------------  --------------  --------------
     1:p g1 a0 t1             0.7315049       0.0659051       0.5853028       0.8402329                          
     2:p g1 a1 t2             0.7316578       0.0659498       0.5853258       0.8404290                          
     3:p g1 a2 t3             0.7275775       0.0650098       0.5840719       0.8355139                          
     4:Psi g1 a0 t1           0.1333051       0.0304070       0.0841009       0.2048580                          


                      Estimates of Derived Parameters
            Occupancy Estimates of { p(~lwd)Psi(~machabprop) }
                                            95% Confidence Interval
 Group   Psi-hat         Standard Error      Lower           Upper
 -----   --------------  --------------  --------------  --------------
   1      0.1333051       0.0304070       0.0841009       0.2048580    

   CPU Time for the last procedure was 0.02 seconds.     

  Program  MARK  - Survival Rate Estimation with Capture-Recapture Data
   gfortran(dble) Vers. 9.0 Mar 2018     3-Dec-2019 10:58:53    Page  004
 - - - - - - - - - - - - - - - - - - - - - - - - - - - - - - - - - - - - - -
 


  INPUT --- proc stop;

     CPU Time in minutes for this job was 0.00

     Time Start = 10:58:53.101   Time End = 10:58:53.801

     Wall Clock Time in minutes for this job was 0.01


          E X E C U T I O N   S U C C E S S F U L 
