
   Program  MARK  - Survival Rate Estimation with Capture-Recapture Data
   gfortran(dble) Vers. 9.0 Mar 2018     3-Dec-2019 10:58:29    Page  001
 - - - - - - - - - - - - - - - - - - - - - - - - - - - - - - - - - - - - - -
 
   This version was compiled by GCC version 7.2.0 using the options: 
     -cpp -iprefix C:/Program Files/mingw-w64/x86_64-7.2.0-posix-seh-rt_v5-rev1/
     mingw64/bin/../lib/gcc/x86_64-w64-mingw32/7.2.0/ -D_MT -D_REENTRANT
     -U_REENTRANT -D IEEE -D DBLEPRECISION -m64 -mtune=core2 -march=nocona -mthreads
     -O2 -fimplicit-none -fbounds-check -funroll-loops -ftree-vectorize
     -ffpe-summary=invalid,zero,overflow,underflow -fno-unsafe-math-optimizations
     -frounding-math -fsignaling-nans -fopenmp.

   This problem will use 7 of 8 possible threads.


  INPUT --- proc title ;

   CPU Time for the last procedure was 0.01 seconds.     


  INPUT --- proc chmatrix occasions= 3 groups= 1 etype= Occupancy 
  INPUT --- Nodes= 101 icovar = 4 ICMeans  NoHist hist= 138 ;

  INPUT ---    time interval 1 1 1 ;

  INPUT ---     icovariates mxflow1 mxflow2 mxflow3 LWD ;

  INPUT ---    glabel(1)=freq1;

      Number of unique encounter histories read was 138.

      Number of individual covariates read was 4.
      Time interval lengths are all equal to 1.

      Data type number is 27
      Data type is Occupancy Estimation with Detection < 1                                                             

   CPU Time for the last procedure was 0.01 seconds.     

  Program  MARK  - Survival Rate Estimation with Capture-Recapture Data
   gfortran(dble) Vers. 9.0 Mar 2018     3-Dec-2019 10:58:29    Page  002
 - - - - - - - - - - - - - - - - - - - - - - - - - - - - - - - - - - - - - -
 


  INPUT --- proc estimate link=Logit NOLOOP varest=2ndPart    ;


  INPUT --- model={ p(~mxflow)Psi(~LWD) };

  INPUT ---    group=1 p    rows=1 cols=3 Square ;
  INPUT ---        1 2 3 ;

  INPUT ---    group=1 Psi    rows=1 cols=1 Square ;
  INPUT ---        4 ;

  INPUT ---    design matrix constraints=4 covariates=4;
  INPUT ---        1 mxflow1 0 0;
  INPUT ---        1 mxflow2 0 0;
  INPUT ---        1 mxflow3 0 0;
  INPUT ---        0 0 1 LWD;
  INPUT ---       blabel(1)=p:(Intercept);
  INPUT ---       blabel(2)=p:mxflow;
  INPUT ---       blabel(3)=Psi:(Intercept);
  INPUT ---       blabel(4)=Psi:LWD;
  INPUT ---       rlabel(1)=p g1 a0 t1;
  INPUT ---       rlabel(2)=p g1 a1 t2;
  INPUT ---       rlabel(3)=p g1 a2 t3;
  INPUT ---       rlabel(4)=Psi g1 a0 t1;

 Link Function Used is LOGIT        

 Variance Estimation Procedure Used is 2ndPart 
 -2logL(saturated) = 0.0000000     
 Effective Sample Size = 138

 Number of function evaluations was 25 for 4 parameters.
 Time for numerical optimization was 0.02 seconds.     
 -2logL { p(~mxflow)Psi(~LWD) } = 174.91951     
 Penalty { p(~mxflow)Psi(~LWD) } = 0.0000000     
 Gradient { p(~mxflow)Psi(~LWD) }:
  0.2832699E-05  0.1993675E-06  0.1454456E-05   0.000000    
 Maximum ABS(G) { p(~mxflow)Psi(~LWD) } = 0.2832699E-05 
 S Vector { p(~mxflow)Psi(~LWD) }:
   16.97225      9.607344     0.6830683     0.2261732E-03
 Time to compute number of parameters was 0.01 seconds.     
 Ratio Threshold = 50.000000       Max Gap (3/4) = 3020.1110       Next Max Gap (2/3) = 14.064984     
 Gap Method for Num. of Estimated Parameters { p(~mxflow)Psi(~LWD) } = 3          
 Threshold { p(~mxflow)Psi(~LWD) } = 0.5665398E-05                 
 Numerical Threshold Method for Num. of Estimated Parameters { p(~mxflow)Psi(~LWD) } = 4          
 Number of Estimated Parameters { p(~mxflow)Psi(~LWD) } = 4          

   * *  WARNING  * *   Number of parameters estimated from gap method (=3) and threshold method (=4) differ.  Inspect full output.                                                                                                                                                                                                                                                                                                                                                                                                                      
 Ratios of S Vector { p(~mxflow)Psi(~LWD) }:
   1/2    1.766591       2/3    14.06498       3/4    3020.111    
 DEVIANCE { p(~mxflow)Psi(~LWD) } = 174.91951                     
 DEVIANCE Degrees of Freedom { p(~mxflow)Psi(~LWD) } = 134            
 c-hat { p(~mxflow)Psi(~LWD) } = 1.3053695                     
 AIC { p(~mxflow)Psi(~LWD) } = 182.91951                  
 AICc { p(~mxflow)Psi(~LWD) } = 183.22026                    
 BIC { p(~mxflow)Psi(~LWD) } = 194.62852                    
 Pearson Chisquare { p(~mxflow)Psi(~LWD) } = 1071.5004                  

  Program  MARK  - Survival Rate Estimation with Capture-Recapture Data
   gfortran(dble) Vers. 9.0 Mar 2018     3-Dec-2019 10:58:29    Page  003
 - - - - - - - - - - - - - - - - - - - - - - - - - - - - - - - - - - - - - -
 


                   LOGIT Link Function Parameters of { p(~mxflow)Psi(~LWD) }
                                                              95% Confidence Interval
 Parameter                    Beta         Standard Error      Lower           Upper
 -------------------------  --------------  --------------  --------------  --------------
    1:p:(Intercept)          1.0199980       0.6578380      -0.2693645       2.3093605    
    2:p:mxflow              -0.1298030       1.0074402      -2.1043858       1.8447798    
    3:Psi:(Intercept)       -1.6227648       0.3411262      -2.2913721      -0.9541575    
    4:Psi:LWD               -0.8736079       1.1863170      -3.1987892       1.4515734    


                   Real Function Parameters of { p(~mxflow)Psi(~LWD) }

      Following estimates based on unstandardized individual covariate values:
          Variable   Value         
          ---------  ------------- 
          MXFLOW1     0.8952899    
          MXFLOW2     1.0911594    
          MXFLOW3     0.5689855    
          LWD         0.2273503    
                                                               95% Confidence Interval
  Parameter                  Estimate       Standard Error      Lower           Upper
 --------------------------  --------------  --------------  --------------  --------------
     1:p g1 a0 t1             0.7117270       0.0942180       0.5009311       0.8586168                          
     2:p g1 a1 t2             0.7064827       0.1277030       0.4185622       0.8894763                          
     3:p g1 a2 t3             0.7203386       0.0647496       0.5783895       0.8286541                          
     4:Psi g1 a0 t1           0.1392684       0.0302031       0.0898702       0.2095667                          


                      Estimates of Derived Parameters
              Occupancy Estimates of { p(~mxflow)Psi(~LWD) }
                                            95% Confidence Interval
 Group   Psi-hat         Standard Error      Lower           Upper
 -----   --------------  --------------  --------------  --------------
   1      0.1392684       0.0302031       0.0898702       0.2095667    

 Attempted ordering of parameters by estimatibility:
  3 1 4 2
 Beta number 2 is a singular value.

   CPU Time for the last procedure was 0.02 seconds.     

  Program  MARK  - Survival Rate Estimation with Capture-Recapture Data
   gfortran(dble) Vers. 9.0 Mar 2018     3-Dec-2019 10:58:29    Page  004
 - - - - - - - - - - - - - - - - - - - - - - - - - - - - - - - - - - - - - -
 


  INPUT --- proc stop;

     CPU Time in minutes for this job was 0.00

     Time Start = 10:58:29.483   Time End = 10:58:29.597

     Wall Clock Time in minutes for this job was 0.00


          E X E C U T I O N   S U C C E S S F U L 
