
   Program  MARK  - Survival Rate Estimation with Capture-Recapture Data
   gfortran(dble) Vers. 9.0 Mar 2018     3-Dec-2019 11:04:39    Page  001
 - - - - - - - - - - - - - - - - - - - - - - - - - - - - - - - - - - - - - -
 
   This version was compiled by GCC version 7.2.0 using the options: 
     -cpp -iprefix C:/Program Files/mingw-w64/x86_64-7.2.0-posix-seh-rt_v5-rev1/
     mingw64/bin/../lib/gcc/x86_64-w64-mingw32/7.2.0/ -D_MT -D_REENTRANT
     -U_REENTRANT -D IEEE -D DBLEPRECISION -m64 -mtune=core2 -march=nocona -mthreads
     -O2 -fimplicit-none -fbounds-check -funroll-loops -ftree-vectorize
     -ffpe-summary=invalid,zero,overflow,underflow -fno-unsafe-math-optimizations
     -frounding-math -fsignaling-nans -fopenmp.

   This problem will use 7 of 8 possible threads.


  INPUT --- proc title ;

   CPU Time for the last procedure was 0.01 seconds.     


  INPUT --- proc chmatrix occasions= 3 groups= 1 etype= Occupancy 
  INPUT --- Nodes= 101 icovar = 5 ICMeans  NoHist hist= 138 ;

  INPUT ---    time interval 1 1 1 ;

  INPUT ---     icovariates undr1 undr2 undr3 pctex21 pctslow ;

  INPUT ---    glabel(1)=freq1;

      Number of unique encounter histories read was 138.

      Number of individual covariates read was 5.
      Time interval lengths are all equal to 1.

      Data type number is 27
      Data type is Occupancy Estimation with Detection < 1                                                             

   CPU Time for the last procedure was 0.02 seconds.     

  Program  MARK  - Survival Rate Estimation with Capture-Recapture Data
   gfortran(dble) Vers. 9.0 Mar 2018     3-Dec-2019 11:04:39    Page  002
 - - - - - - - - - - - - - - - - - - - - - - - - - - - - - - - - - - - - - -
 


  INPUT --- proc estimate link=Logit NOLOOP varest=2ndPart    ;


  INPUT --- model={ p(~undr)Psi(~pctex21 + pctslow) };

  INPUT ---    group=1 p    rows=1 cols=3 Square ;
  INPUT ---        1 2 3 ;

  INPUT ---    group=1 Psi    rows=1 cols=1 Square ;
  INPUT ---        4 ;

  INPUT ---    design matrix constraints=4 covariates=5;
  INPUT ---        1 undr1 0 0 0;
  INPUT ---        1 undr2 0 0 0;
  INPUT ---        1 undr3 0 0 0;
  INPUT ---        0 0 1 pctex21 pctslow;
  INPUT ---       blabel(1)=p:(Intercept);
  INPUT ---       blabel(2)=p:undr;
  INPUT ---       blabel(3)=Psi:(Intercept);
  INPUT ---       blabel(4)=Psi:pctex21;
  INPUT ---       blabel(5)=Psi:pctslow;
  INPUT ---       rlabel(1)=p g1 a0 t1;
  INPUT ---       rlabel(2)=p g1 a1 t2;
  INPUT ---       rlabel(3)=p g1 a2 t3;
  INPUT ---       rlabel(4)=Psi g1 a0 t1;

 Link Function Used is LOGIT        

 Variance Estimation Procedure Used is 2ndPart 
 -2logL(saturated) = 0.0000000     
 Effective Sample Size = 138

 Number of function evaluations was 18 for 5 parameters.
 Time for numerical optimization was 0.02 seconds.     
 -2logL { p(~undr)Psi(~pctex21 + pctslow) } = 150.77988     
 Penalty { p(~undr)Psi(~pctex21 + pctslow) } = 0.0000000     
 Gradient { p(~undr)Psi(~pctex21 + pctslow) }:
 -0.1225420E-05  0.6560844E-06  0.8596582E-06  0.1859655E-06  0.8659430E-06
 Maximum ABS(G) { p(~undr)Psi(~pctex21 + pctslow) } = 0.1225420E-05 
 S Vector { p(~undr)Psi(~pctex21 + pctslow) }:
   15.83486      9.418298     0.7117919     0.3581435     0.1960689E-01
 Time to compute number of parameters was 0.05 seconds.     
 Ratio Threshold = 50.000000       Max Gap (4/5) = 18.266208       Next Max Gap (2/3) = 13.231814     
 Gap Method for Num. of Estimated Parameters { p(~undr)Psi(~pctex21 + pctslow) } = 5          
 Threshold { p(~undr)Psi(~pctex21 + pctslow) } = 0.2450839E-05                 
 Numerical Threshold Method for Num. of Estimated Parameters { p(~undr)Psi(~pctex21 + pctslow) } = 5          
 Number of Estimated Parameters { p(~undr)Psi(~pctex21 + pctslow) } = 5          
 DEVIANCE { p(~undr)Psi(~pctex21 + pctslow) } = 150.77988                     
 DEVIANCE Degrees of Freedom { p(~undr)Psi(~pctex21 + pctslow) } = 133            
 c-hat { p(~undr)Psi(~pctex21 + pctslow) } = 1.1336833                     
 AIC { p(~undr)Psi(~pctex21 + pctslow) } = 160.77988                  
 AICc { p(~undr)Psi(~pctex21 + pctslow) } = 161.23443                    
 BIC { p(~undr)Psi(~pctex21 + pctslow) } = 175.41615                    
 Pearson Chisquare { p(~undr)Psi(~pctex21 + pctslow) } = 779.59290                  

  Program  MARK  - Survival Rate Estimation with Capture-Recapture Data
   gfortran(dble) Vers. 9.0 Mar 2018     3-Dec-2019 11:04:40    Page  003
 - - - - - - - - - - - - - - - - - - - - - - - - - - - - - - - - - - - - - -
 


             LOGIT Link Function Parameters of { p(~undr)Psi(~pctex21 + pctslow) }
                                                              95% Confidence Interval
 Parameter                    Beta         Standard Error      Lower           Upper
 -------------------------  --------------  --------------  --------------  --------------
    1:p:(Intercept)          0.5564862       0.4505062      -0.3265061       1.4394784    
    2:p:undr                 0.5449054       0.4689049      -0.3741482       1.4639590    
    3:Psi:(Intercept)       -1.2187288       0.5026491      -2.2039212      -0.2335365    
    4:Psi:pctex21           -0.6300902       0.2305630      -1.0819938      -0.1781866    
    5:Psi:pctslow            0.0151911       0.0140525      -0.0123518       0.0427339    


             Real Function Parameters of { p(~undr)Psi(~pctex21 + pctslow) }

      Following estimates based on unstandardized individual covariate values:
          Variable   Value         
          ---------  ------------- 
          UNDR1       0.5869565    
          UNDR2       0.5483092    
          UNDR3       0.5042271    
          PCTEX21     4.8306834    
          PCTSLOW     25.664251    
                                                               95% Confidence Interval
  Parameter                  Estimate       Standard Error      Lower           Upper
 --------------------------  --------------  --------------  --------------  --------------
     1:p g1 a0 t1             0.7060595       0.0686510       0.5567501       0.8212239                          
     2:p g1 a1 t2             0.7016700       0.0697159       0.5504517       0.8187690                          
     3:p g1 a2 t3             0.6966175       0.0711788       0.5426769       0.8162824                          
     4:Psi g1 a0 t1           0.0203797       0.0200798       0.0028890       0.1299624                          


                      Estimates of Derived Parameters
        Occupancy Estimates of { p(~undr)Psi(~pctex21 + pctslow) }
                                            95% Confidence Interval
 Group   Psi-hat         Standard Error      Lower           Upper
 -----   --------------  --------------  --------------  --------------
   1      0.0203797       0.0200798       0.0028890       0.1299624    

   CPU Time for the last procedure was 0.06 seconds.     

  Program  MARK  - Survival Rate Estimation with Capture-Recapture Data
   gfortran(dble) Vers. 9.0 Mar 2018     3-Dec-2019 11:04:40    Page  004
 - - - - - - - - - - - - - - - - - - - - - - - - - - - - - - - - - - - - - -
 


  INPUT --- proc stop;

     CPU Time in minutes for this job was 0.00

     Time Start = 11:04:39.322   Time End = 11:04:40.035

     Wall Clock Time in minutes for this job was 0.01


          E X E C U T I O N   S U C C E S S F U L 
