
   Program  MARK  - Survival Rate Estimation with Capture-Recapture Data
   gfortran(dble) Vers. 9.0 Mar 2018     3-Dec-2019 10:58:15    Page  001
 - - - - - - - - - - - - - - - - - - - - - - - - - - - - - - - - - - - - - -
 
   This version was compiled by GCC version 7.2.0 using the options: 
     -cpp -iprefix C:/Program Files/mingw-w64/x86_64-7.2.0-posix-seh-rt_v5-rev1/
     mingw64/bin/../lib/gcc/x86_64-w64-mingw32/7.2.0/ -D_MT -D_REENTRANT
     -U_REENTRANT -D IEEE -D DBLEPRECISION -m64 -mtune=core2 -march=nocona -mthreads
     -O2 -fimplicit-none -fbounds-check -funroll-loops -ftree-vectorize
     -ffpe-summary=invalid,zero,overflow,underflow -fno-unsafe-math-optimizations
     -frounding-math -fsignaling-nans -fopenmp.

   This problem will use 7 of 8 possible threads.


  INPUT --- proc title ;

   CPU Time for the last procedure was 0.01 seconds.     


  INPUT --- proc chmatrix occasions= 3 groups= 1 etype= Occupancy 
  INPUT --- Nodes= 101 icovar = 7 ICMeans  NoHist hist= 138 ;

  INPUT ---    time interval 1 1 1 ;

  INPUT ---     icovariates effort1 effort2 effort3 mxdep1 mxdep2 mxdep3  
  INPUT ---    LWD ;

  INPUT ---    glabel(1)=freq1;

      Number of unique encounter histories read was 138.

      Number of individual covariates read was 7.
      Time interval lengths are all equal to 1.

      Data type number is 27
      Data type is Occupancy Estimation with Detection < 1                                                             

   CPU Time for the last procedure was 0.01 seconds.     

  Program  MARK  - Survival Rate Estimation with Capture-Recapture Data
   gfortran(dble) Vers. 9.0 Mar 2018     3-Dec-2019 10:58:15    Page  002
 - - - - - - - - - - - - - - - - - - - - - - - - - - - - - - - - - - - - - -
 


  INPUT --- proc estimate link=Logit NOLOOP varest=2ndPart    ;


  INPUT --- model={ p(~effort + mxdep)Psi(~LWD) };

  INPUT ---    group=1 p    rows=1 cols=3 Square ;
  INPUT ---        1 2 3 ;

  INPUT ---    group=1 Psi    rows=1 cols=1 Square ;
  INPUT ---        4 ;

  INPUT ---    design matrix constraints=4 covariates=5;
  INPUT ---        1 effort1 mxdep1 0 0;
  INPUT ---        1 effort2 mxdep2 0 0;
  INPUT ---        1 effort3 mxdep3 0 0;
  INPUT ---        0 0 0 1 LWD;
  INPUT ---       blabel(1)=p:(Intercept);
  INPUT ---       blabel(2)=p:effort;
  INPUT ---       blabel(3)=p:mxdep;
  INPUT ---       blabel(4)=Psi:(Intercept);
  INPUT ---       blabel(5)=Psi:LWD;
  INPUT ---       rlabel(1)=p g1 a0 t1;
  INPUT ---       rlabel(2)=p g1 a1 t2;
  INPUT ---       rlabel(3)=p g1 a2 t3;
  INPUT ---       rlabel(4)=Psi g1 a0 t1;

 Link Function Used is LOGIT        

 Variance Estimation Procedure Used is 2ndPart 
 -2logL(saturated) = 0.0000000     
 Effective Sample Size = 138

 Number of function evaluations was 29 for 5 parameters.
 Time for numerical optimization was 0.11 seconds.     
 -2logL { p(~effort + mxdep)Psi(~LWD) } = 166.87188     
 Penalty { p(~effort + mxdep)Psi(~LWD) } = 0.0000000     
 Gradient { p(~effort + mxdep)Psi(~LWD) }:
   0.000000      0.3972174E-06   0.000000      0.2218261E-05  0.1002827E-05
 Maximum ABS(G) { p(~effort + mxdep)Psi(~LWD) } = 0.2218261E-05 
 S Vector { p(~effort + mxdep)Psi(~LWD) }:
   17.01043      8.032099     0.6672985     0.1251708     0.8702338E-03
 Time to compute number of parameters was 0.01 seconds.     
 Ratio Threshold = 50.000000       Max Gap (4/5) = 143.83578       Next Max Gap (2/3) = 12.036742     
 Gap Method for Num. of Estimated Parameters { p(~effort + mxdep)Psi(~LWD) } = 4          
 Threshold { p(~effort + mxdep)Psi(~LWD) } = 0.4436522E-05                 
 Numerical Threshold Method for Num. of Estimated Parameters { p(~effort + mxdep)Psi(~LWD) } = 5          
 Number of Estimated Parameters { p(~effort + mxdep)Psi(~LWD) } = 5          

   * *  WARNING  * *   Number of parameters estimated from gap method (=4) and threshold method (=5) differ.  Inspect full output.                                                                                                                                                                                                                                                                                                                                                                                                                      

  Program  MARK  - Survival Rate Estimation with Capture-Recapture Data
   gfortran(dble) Vers. 9.0 Mar 2018     3-Dec-2019 10:58:17    Page  003
 - - - - - - - - - - - - - - - - - - - - - - - - - - - - - - - - - - - - - -
 
 Ratios of S Vector { p(~effort + mxdep)Psi(~LWD) }:
   1/2    2.117806       2/3    12.03674       3/4    5.331105       4/5    143.8358    
 DEVIANCE { p(~effort + mxdep)Psi(~LWD) } = 166.87188                     
 DEVIANCE Degrees of Freedom { p(~effort + mxdep)Psi(~LWD) } = 133            
 c-hat { p(~effort + mxdep)Psi(~LWD) } = 1.2546758                     
 AIC { p(~effort + mxdep)Psi(~LWD) } = 176.87188                  
 AICc { p(~effort + mxdep)Psi(~LWD) } = 177.32642                    
 BIC { p(~effort + mxdep)Psi(~LWD) } = 191.50815                    
 Pearson Chisquare { p(~effort + mxdep)Psi(~LWD) } = 955.33929                  


               LOGIT Link Function Parameters of { p(~effort + mxdep)Psi(~LWD) }
                                                              95% Confidence Interval
 Parameter                    Beta         Standard Error      Lower           Upper
 -------------------------  --------------  --------------  --------------  --------------
    1:p:(Intercept)         -1.2852911       0.9690811      -3.1846902       0.6141080    
    2:p:effort               0.9533038E-03   0.7884705E-03  -0.5920985E-03   0.0024987    
    3:p:mxdep                2.7968656       2.1161583      -1.3508047       6.9445359    
    4:Psi:(Intercept)       -1.5795186       0.3471550      -2.2599425      -0.8990947    
    5:Psi:LWD               -0.9019727       1.2000767      -3.2541230       1.4501776    


               Real Function Parameters of { p(~effort + mxdep)Psi(~LWD) }

      Following estimates based on unstandardized individual covariate values:
          Variable   Value         
          ---------  ------------- 
          EFFORT1     906.23188    
          EFFORT2     834.18841    
          EFFORT3     818.18116    
          MXDEP1      0.5167391    
          MXDEP2      0.4846377    
          MXDEP3      0.6304348    
          LWD         0.2273503    
                                                               95% Confidence Interval
  Parameter                  Estimate       Standard Error      Lower           Upper
 --------------------------  --------------  --------------  --------------  --------------
     1:p g1 a0 t1             0.7357263       0.0730000       0.5715040       0.8531791                          
     2:p g1 a1 t2             0.7037898       0.0756531       0.5384568       0.8287351                          
     3:p g1 a2 t3             0.7786688       0.0798562       0.5865571       0.8971637                          
     4:Psi g1 a0 t1           0.1437382       0.0315125       0.0922542       0.2170828                          


                      Estimates of Derived Parameters
          Occupancy Estimates of { p(~effort + mxdep)Psi(~LWD) }
                                            95% Confidence Interval
 Group   Psi-hat         Standard Error      Lower           Upper
 -----   --------------  --------------  --------------  --------------
   1      0.1437382       0.0315125       0.0922542       0.2170828    

 Attempted ordering of parameters by estimatibility:
  4 1 5 2 3
 Beta number 3 is a singular value.

   CPU Time for the last procedure was 0.12 seconds.     

  Program  MARK  - Survival Rate Estimation with Capture-Recapture Data
   gfortran(dble) Vers. 9.0 Mar 2018     3-Dec-2019 10:58:17    Page  004
 - - - - - - - - - - - - - - - - - - - - - - - - - - - - - - - - - - - - - -
 


  INPUT --- proc stop;

     CPU Time in minutes for this job was 0.00

     Time Start = 10:58:15.603   Time End = 10:58:17.651

     Wall Clock Time in minutes for this job was 0.03


          E X E C U T I O N   S U C C E S S F U L 
