
   Program  MARK  - Survival Rate Estimation with Capture-Recapture Data
   gfortran(dble) Vers. 9.0 Mar 2018     3-Dec-2019 12:25:42    Page  001
 - - - - - - - - - - - - - - - - - - - - - - - - - - - - - - - - - - - - - -
 
   This version was compiled by GCC version 7.2.0 using the options: 
     -cpp -iprefix C:/Program Files/mingw-w64/x86_64-7.2.0-posix-seh-rt_v5-rev1/
     mingw64/bin/../lib/gcc/x86_64-w64-mingw32/7.2.0/ -D_MT -D_REENTRANT
     -U_REENTRANT -D IEEE -D DBLEPRECISION -m64 -mtune=core2 -march=nocona -mthreads
     -O2 -fimplicit-none -fbounds-check -funroll-loops -ftree-vectorize
     -ffpe-summary=invalid,zero,overflow,underflow -fno-unsafe-math-optimizations
     -frounding-math -fsignaling-nans -fopenmp.

   This problem will use 7 of 8 possible threads.


  INPUT --- proc title ;

   CPU Time for the last procedure was 0.01 seconds.     


  INPUT --- proc chmatrix occasions= 3 groups= 1 etype= Occupancy 
  INPUT --- Nodes= 101 icovar = 2 ICMeans  NoHist hist= 138 ;

  INPUT ---    time interval 1 1 1 ;

  INPUT ---     icovariates pctex21 WidDep ;

  INPUT ---    glabel(1)=freq1;

      Number of unique encounter histories read was 138.

      Number of individual covariates read was 2.
      Time interval lengths are all equal to 1.

      Data type number is 27
      Data type is Occupancy Estimation with Detection < 1                                                             

   CPU Time for the last procedure was 0.02 seconds.     

  Program  MARK  - Survival Rate Estimation with Capture-Recapture Data
   gfortran(dble) Vers. 9.0 Mar 2018     3-Dec-2019 12:25:42    Page  002
 - - - - - - - - - - - - - - - - - - - - - - - - - - - - - - - - - - - - - -
 


  INPUT --- proc estimate link=Logit NOLOOP varest=2ndPart    ;


  INPUT --- model={ p(~1)Psi(~pctex21 + WidDep) };

  INPUT ---    group=1 p    rows=1 cols=3 Square ;
  INPUT ---        1 1 1 ;

  INPUT ---    group=1 Psi    rows=1 cols=1 Square ;
  INPUT ---        2 ;

  INPUT ---    design matrix constraints=2 covariates=4;
  INPUT ---        1 0 0 0;
  INPUT ---        0 1 pctex21 WidDep;
  INPUT ---       blabel(1)=p:(Intercept);
  INPUT ---       blabel(2)=Psi:(Intercept);
  INPUT ---       blabel(3)=Psi:pctex21;
  INPUT ---       blabel(4)=Psi:WidDep;
  INPUT ---       rlabel(1)=p g1 a0 t1;
  INPUT ---       rlabel(2)=Psi g1 a0 t1;

 Link Function Used is LOGIT        

 Variance Estimation Procedure Used is 2ndPart 
 -2logL(saturated) = 0.0000000     
 Effective Sample Size = 138

 Number of function evaluations was 16 for 4 parameters.
 Time for numerical optimization was 0.01 seconds.     
 -2logL { p(~1)Psi(~pctex21 + WidDep) } = 153.27023     
 Penalty { p(~1)Psi(~pctex21 + WidDep) } = 0.0000000     
 Gradient { p(~1)Psi(~pctex21 + WidDep) }:
  0.9787645E-06   0.000000       0.000000      0.1186712E-05
 Maximum ABS(G) { p(~1)Psi(~pctex21 + WidDep) } = 0.1186712E-05 
 S Vector { p(~1)Psi(~pctex21 + WidDep) }:
   17.12911      9.633493     0.4239361     0.2016631E-01
 Time to compute number of parameters was 0.01 seconds.     
 Ratio Threshold = 50.000000       Max Gap (2/3) = 22.723926       Next Max Gap (3/4) = 21.021996     
 Gap Method for Num. of Estimated Parameters { p(~1)Psi(~pctex21 + WidDep) } = 4          
 Threshold { p(~1)Psi(~pctex21 + WidDep) } = 0.2373423E-05                 
 Numerical Threshold Method for Num. of Estimated Parameters { p(~1)Psi(~pctex21 + WidDep) } = 4          
 Number of Estimated Parameters { p(~1)Psi(~pctex21 + WidDep) } = 4          
 DEVIANCE { p(~1)Psi(~pctex21 + WidDep) } = 153.27023                     
 DEVIANCE Degrees of Freedom { p(~1)Psi(~pctex21 + WidDep) } = 134            
 c-hat { p(~1)Psi(~pctex21 + WidDep) } = 1.1438077                     
 AIC { p(~1)Psi(~pctex21 + WidDep) } = 161.27023                  
 AICc { p(~1)Psi(~pctex21 + WidDep) } = 161.57098                    
 BIC { p(~1)Psi(~pctex21 + WidDep) } = 172.97925                    
 Pearson Chisquare { p(~1)Psi(~pctex21 + WidDep) } = 959.00842                  


               LOGIT Link Function Parameters of { p(~1)Psi(~pctex21 + WidDep) }
                                                              95% Confidence Interval
 Parameter                    Beta         Standard Error      Lower           Upper
 -------------------------  --------------  --------------  --------------  --------------
    1:p:(Intercept)          0.9487308       0.3209134       0.3197405       1.5777211    
    2:Psi:(Intercept)       -1.0853961       0.7014152      -2.4601700       0.2893778    
    3:Psi:pctex21           -0.6290349       0.2273229      -1.0745878      -0.1834820    

  Program  MARK  - Survival Rate Estimation with Capture-Recapture Data
   gfortran(dble) Vers. 9.0 Mar 2018     3-Dec-2019 12:25:43    Page  003
 - - - - - - - - - - - - - - - - - - - - - - - - - - - - - - - - - - - - - -
 
    4:Psi:WidDep             0.0224666       0.0517209      -0.0789064       0.1238397    


               Real Function Parameters of { p(~1)Psi(~pctex21 + WidDep) }

      Following estimates based on unstandardized individual covariate values:
          Variable   Value         
          ---------  ------------- 
          PCTEX21     4.8306834    
          WIDDEP      13.033426    
                                                               95% Confidence Interval
  Parameter                  Estimate       Standard Error      Lower           Upper
 --------------------------  --------------  --------------  --------------  --------------
     1:p g1 a0 t1             0.7208599       0.0645745       0.5792610       0.8288815                          
     2:Psi g1 a0 t1           0.0212224       0.0204829       0.0031288       0.1302756                          


                      Estimates of Derived Parameters
          Occupancy Estimates of { p(~1)Psi(~pctex21 + WidDep) }
                                            95% Confidence Interval
 Group   Psi-hat         Standard Error      Lower           Upper
 -----   --------------  --------------  --------------  --------------
   1      0.0212224       0.0204829       0.0031288       0.1302756    

   CPU Time for the last procedure was 0.01 seconds.     

  Program  MARK  - Survival Rate Estimation with Capture-Recapture Data
   gfortran(dble) Vers. 9.0 Mar 2018     3-Dec-2019 12:25:43    Page  004
 - - - - - - - - - - - - - - - - - - - - - - - - - - - - - - - - - - - - - -
 


  INPUT --- proc stop;

     CPU Time in minutes for this job was 0.00

     Time Start = 12:25:42.161   Time End = 12:25:43.458

     Wall Clock Time in minutes for this job was 0.02


          E X E C U T I O N   S U C C E S S F U L 
