
   Program  MARK  - Survival Rate Estimation with Capture-Recapture Data
   gfortran(dble) Vers. 9.0 Mar 2018     3-Dec-2019 10:58:23    Page  001
 - - - - - - - - - - - - - - - - - - - - - - - - - - - - - - - - - - - - - -
 
   This version was compiled by GCC version 7.2.0 using the options: 
     -cpp -iprefix C:/Program Files/mingw-w64/x86_64-7.2.0-posix-seh-rt_v5-rev1/
     mingw64/bin/../lib/gcc/x86_64-w64-mingw32/7.2.0/ -D_MT -D_REENTRANT
     -U_REENTRANT -D IEEE -D DBLEPRECISION -m64 -mtune=core2 -march=nocona -mthreads
     -O2 -fimplicit-none -fbounds-check -funroll-loops -ftree-vectorize
     -ffpe-summary=invalid,zero,overflow,underflow -fno-unsafe-math-optimizations
     -frounding-math -fsignaling-nans -fopenmp.

   This problem will use 7 of 8 possible threads.


  INPUT --- proc title ;

   CPU Time for the last procedure was 0.01 seconds.     


  INPUT --- proc chmatrix occasions= 3 groups= 1 etype= Occupancy 
  INPUT --- Nodes= 101 icovar = 1 ICMeans  NoHist hist= 40 ;

  INPUT ---    time interval 1 1 1 ;

  INPUT ---     icovariates LWD ;

  INPUT ---    glabel(1)=freq1;

      Number of unique encounter histories read was 40.

      Number of individual covariates read was 1.
      Time interval lengths are all equal to 1.

      Data type number is 27
      Data type is Occupancy Estimation with Detection < 1                                                             

   CPU Time for the last procedure was 0.01 seconds.     

  Program  MARK  - Survival Rate Estimation with Capture-Recapture Data
   gfortran(dble) Vers. 9.0 Mar 2018     3-Dec-2019 10:58:23    Page  002
 - - - - - - - - - - - - - - - - - - - - - - - - - - - - - - - - - - - - - -
 


  INPUT --- proc estimate link=Logit NOLOOP varest=2ndPart    ;


  INPUT --- model={ p(~LWD)Psi(~LWD) };

  INPUT ---    group=1 p    rows=1 cols=3 Square ;
  INPUT ---        1 1 1 ;

  INPUT ---    group=1 Psi    rows=1 cols=1 Square ;
  INPUT ---        2 ;

  INPUT ---    design matrix constraints=2 covariates=4;
  INPUT ---        1 LWD 0 0;
  INPUT ---        0 0 1 LWD;
  INPUT ---       blabel(1)=p:(Intercept);
  INPUT ---       blabel(2)=p:LWD;
  INPUT ---       blabel(3)=Psi:(Intercept);
  INPUT ---       blabel(4)=Psi:LWD;
  INPUT ---       rlabel(1)=p g1 a0 t1;
  INPUT ---       rlabel(2)=Psi g1 a0 t1;

 Link Function Used is LOGIT        

 Variance Estimation Procedure Used is 2ndPart 
 -2logL(saturated) = 0.0000000     
 Effective Sample Size = 138

 Number of function evaluations was 12 for 4 parameters.
 Time for numerical optimization was 0.01 seconds.     
 -2logL { p(~LWD)Psi(~LWD) } = 174.80141     
 Penalty { p(~LWD)Psi(~LWD) } = 0.0000000     
 Gradient { p(~LWD)Psi(~LWD) }:
 -0.2103974E-05   0.000000      0.3644573E-05   0.000000    
 Maximum ABS(G) { p(~LWD)Psi(~LWD) } = 0.3644573E-05 
 S Vector { p(~LWD)Psi(~LWD) }:
   16.97506      9.924089     0.6840714     0.2985055    
 Time to compute number of parameters was 0.01 seconds.     
 Ratio Threshold = 50.000000       Max Gap (2/3) = 14.507387       Next Max Gap (3/4) = 2.2916544     
 Gap Method for Num. of Estimated Parameters { p(~LWD)Psi(~LWD) } = 4          
 Threshold { p(~LWD)Psi(~LWD) } = 0.7289146E-05                 
 Numerical Threshold Method for Num. of Estimated Parameters { p(~LWD)Psi(~LWD) } = 4          
 Number of Estimated Parameters { p(~LWD)Psi(~LWD) } = 4          
 DEVIANCE { p(~LWD)Psi(~LWD) } = 174.80141                     
 DEVIANCE Degrees of Freedom { p(~LWD)Psi(~LWD) } = 134            
 c-hat { p(~LWD)Psi(~LWD) } = 1.3044881                     
 AIC { p(~LWD)Psi(~LWD) } = 182.80141                  
 AICc { p(~LWD)Psi(~LWD) } = 183.10216                    
 BIC { p(~LWD)Psi(~LWD) } = 194.51043                    
 Pearson Chisquare { p(~LWD)Psi(~LWD) } = 1068.2830                  


                     LOGIT Link Function Parameters of { p(~LWD)Psi(~LWD) }
                                                              95% Confidence Interval
 Parameter                    Beta         Standard Error      Lower           Upper
 -------------------------  --------------  --------------  --------------  --------------
    1:p:(Intercept)          0.8130910       0.4639761      -0.0963022       1.7224843    
    2:p:LWD                  0.7161804       1.7956739      -2.8033406       4.2357014    
    3:Psi:(Intercept)       -1.6166969       0.3422735      -2.2875530      -0.9458408    

  Program  MARK  - Survival Rate Estimation with Capture-Recapture Data
   gfortran(dble) Vers. 9.0 Mar 2018     3-Dec-2019 10:58:23    Page  003
 - - - - - - - - - - - - - - - - - - - - - - - - - - - - - - - - - - - - - -
 
    4:Psi:LWD               -0.9075756       1.1893960      -3.2387919       1.4236407    


                     Real Function Parameters of { p(~LWD)Psi(~LWD) }

      Following estimates based on unstandardized individual covariate values:
          Variable   Value         
          ---------  ------------- 
          LWD         0.2273503    
                                                               95% Confidence Interval
  Parameter                  Estimate       Standard Error      Lower           Upper
 --------------------------  --------------  --------------  --------------  --------------
     1:p g1 a0 t1             0.7262969       0.0656597       0.5814023       0.8352494                          
     2:Psi g1 a0 t1           0.1390702       0.0301523       0.0897546       0.2092530                          


                      Estimates of Derived Parameters
               Occupancy Estimates of { p(~LWD)Psi(~LWD) }
                                            95% Confidence Interval
 Group   Psi-hat         Standard Error      Lower           Upper
 -----   --------------  --------------  --------------  --------------
   1      0.1390702       0.0301523       0.0897546       0.2092530    

   CPU Time for the last procedure was 0.01 seconds.     

  Program  MARK  - Survival Rate Estimation with Capture-Recapture Data
   gfortran(dble) Vers. 9.0 Mar 2018     3-Dec-2019 10:58:23    Page  004
 - - - - - - - - - - - - - - - - - - - - - - - - - - - - - - - - - - - - - -
 


  INPUT --- proc stop;

     CPU Time in minutes for this job was 0.00

     Time Start = 10:58:23.340   Time End = 10:58:23.352

     Wall Clock Time in minutes for this job was 0.00


          E X E C U T I O N   S U C C E S S F U L 
