
   Program  MARK  - Survival Rate Estimation with Capture-Recapture Data
   gfortran(dble) Vers. 9.0 Mar 2018     3-Dec-2019 11:10:18    Page  001
 - - - - - - - - - - - - - - - - - - - - - - - - - - - - - - - - - - - - - -
 
   This version was compiled by GCC version 7.2.0 using the options: 
     -cpp -iprefix C:/Program Files/mingw-w64/x86_64-7.2.0-posix-seh-rt_v5-rev1/
     mingw64/bin/../lib/gcc/x86_64-w64-mingw32/7.2.0/ -D_MT -D_REENTRANT
     -U_REENTRANT -D IEEE -D DBLEPRECISION -m64 -mtune=core2 -march=nocona -mthreads
     -O2 -fimplicit-none -fbounds-check -funroll-loops -ftree-vectorize
     -ffpe-summary=invalid,zero,overflow,underflow -fno-unsafe-math-optimizations
     -frounding-math -fsignaling-nans -fopenmp.

   This problem will use 7 of 8 possible threads.


  INPUT --- proc title ;

   CPU Time for the last procedure was 0.01 seconds.     


  INPUT --- proc chmatrix occasions= 3 groups= 1 etype= Occupancy 
  INPUT --- Nodes= 101 icovar = 7 ICMeans  NoHist hist= 138 ;

  INPUT ---    time interval 1 1 1 ;

  INPUT ---     icovariates effort1 effort2 effort3 undr1 undr2 undr3  
  INPUT ---    pctVertbnk ;

  INPUT ---    glabel(1)=freq1;

      Number of unique encounter histories read was 138.

      Number of individual covariates read was 7.
      Time interval lengths are all equal to 1.

      Data type number is 27
      Data type is Occupancy Estimation with Detection < 1                                                             

   CPU Time for the last procedure was 0.01 seconds.     

  Program  MARK  - Survival Rate Estimation with Capture-Recapture Data
   gfortran(dble) Vers. 9.0 Mar 2018     3-Dec-2019 11:10:18    Page  002
 - - - - - - - - - - - - - - - - - - - - - - - - - - - - - - - - - - - - - -
 


  INPUT --- proc estimate link=Logit NOLOOP varest=2ndPart    ;


  INPUT --- model={ p(~effort + undr)Psi(~pctVertbnk) };

  INPUT ---    group=1 p    rows=1 cols=3 Square ;
  INPUT ---        1 2 3 ;

  INPUT ---    group=1 Psi    rows=1 cols=1 Square ;
  INPUT ---        4 ;

  INPUT ---    design matrix constraints=4 covariates=5;
  INPUT ---        1 effort1 undr1 0 0;
  INPUT ---        1 effort2 undr2 0 0;
  INPUT ---        1 effort3 undr3 0 0;
  INPUT ---        0 0 0 1 pctVertbnk;
  INPUT ---       blabel(1)=p:(Intercept);
  INPUT ---       blabel(2)=p:effort;
  INPUT ---       blabel(3)=p:undr;
  INPUT ---       blabel(4)=Psi:(Intercept);
  INPUT ---       blabel(5)=Psi:pctVertbnk;
  INPUT ---       rlabel(1)=p g1 a0 t1;
  INPUT ---       rlabel(2)=p g1 a1 t2;
  INPUT ---       rlabel(3)=p g1 a2 t3;
  INPUT ---       rlabel(4)=Psi g1 a0 t1;

 Link Function Used is LOGIT        

 Variance Estimation Procedure Used is 2ndPart 
 -2logL(saturated) = 0.0000000     
 Effective Sample Size = 138

 Number of function evaluations was 19 for 5 parameters.
 Time for numerical optimization was 0.05 seconds.     
 -2logL { p(~effort + undr)Psi(~pctVertbnk) } = 168.38161     
 Penalty { p(~effort + undr)Psi(~pctVertbnk) } = 0.0000000     
 Gradient { p(~effort + undr)Psi(~pctVertbnk) }:
   0.000000      0.2683723E-06  0.7484650E-06  0.2132133E-05  0.2830917E-05
 Maximum ABS(G) { p(~effort + undr)Psi(~pctVertbnk) } = 0.2830917E-05 
 S Vector { p(~effort + undr)Psi(~pctVertbnk) }:
   17.39730      8.292224     0.6709493     0.3130707     0.1027174    
 Time to compute number of parameters was 0.01 seconds.     
 Ratio Threshold = 50.000000       Max Gap (2/3) = 12.358943       Next Max Gap (4/5) = 3.0478846     
 Gap Method for Num. of Estimated Parameters { p(~effort + undr)Psi(~pctVertbnk) } = 5          
 Threshold { p(~effort + undr)Psi(~pctVertbnk) } = 0.5661834E-05                 
 Numerical Threshold Method for Num. of Estimated Parameters { p(~effort + undr)Psi(~pctVertbnk) } = 5          
 Number of Estimated Parameters { p(~effort + undr)Psi(~pctVertbnk) } = 5          
 DEVIANCE { p(~effort + undr)Psi(~pctVertbnk) } = 168.38161                     
 DEVIANCE Degrees of Freedom { p(~effort + undr)Psi(~pctVertbnk) } = 133            
 c-hat { p(~effort + undr)Psi(~pctVertbnk) } = 1.2660271                     
 AIC { p(~effort + undr)Psi(~pctVertbnk) } = 178.38161                  
 AICc { p(~effort + undr)Psi(~pctVertbnk) } = 178.83615                    
 BIC { p(~effort + undr)Psi(~pctVertbnk) } = 193.01788                    
 Pearson Chisquare { p(~effort + undr)Psi(~pctVertbnk) } = 850.38673                  

  Program  MARK  - Survival Rate Estimation with Capture-Recapture Data
   gfortran(dble) Vers. 9.0 Mar 2018     3-Dec-2019 11:10:18    Page  003
 - - - - - - - - - - - - - - - - - - - - - - - - - - - - - - - - - - - - - -
 


            LOGIT Link Function Parameters of { p(~effort + undr)Psi(~pctVertbnk) }
                                                              95% Confidence Interval
 Parameter                    Beta         Standard Error      Lower           Upper
 -------------------------  --------------  --------------  --------------  --------------
    1:p:(Intercept)         -0.6389386       0.7286137      -2.0670215       0.7891444    
    2:p:effort               0.0015314       0.7701045E-03   0.2196409E-04   0.0030408    
    3:p:undr                 0.4423849       0.5014967      -0.5405487       1.4253185    
    4:Psi:(Intercept)       -1.6837196       0.3768558      -2.4223571      -0.9450822    
    5:Psi:pctVertbnk        -0.0055602       0.0190140      -0.0428276       0.0317072    


            Real Function Parameters of { p(~effort + undr)Psi(~pctVertbnk) }

      Following estimates based on unstandardized individual covariate values:
          Variable   Value         
          ---------  ------------- 
          EFFORT1     906.23188    
          EFFORT2     834.18841    
          EFFORT3     818.18116    
          UNDR1       0.5869565    
          UNDR2       0.5483092    
          UNDR3       0.5042271    
          PCTVERTBNK  15.307971    
                                                               95% Confidence Interval
  Parameter                  Estimate       Standard Error      Lower           Upper
 --------------------------  --------------  --------------  --------------  --------------
     1:p g1 a0 t1             0.7327260       0.0754736       0.5629490       0.8536919                          
     2:p g1 a1 t2             0.7070450       0.0768157       0.5384746       0.8331262                          
     3:p g1 a2 t3             0.6978459       0.0785108       0.5267923       0.8273341                          
     4:Psi g1 a0 t1           0.1456872       0.0316600       0.0938584       0.2192124                          


                      Estimates of Derived Parameters
       Occupancy Estimates of { p(~effort + undr)Psi(~pctVertbnk) }
                                            95% Confidence Interval
 Group   Psi-hat         Standard Error      Lower           Upper
 -----   --------------  --------------  --------------  --------------
   1      0.1456872       0.0316600       0.0938584       0.2192124    

   CPU Time for the last procedure was 0.05 seconds.     

  Program  MARK  - Survival Rate Estimation with Capture-Recapture Data
   gfortran(dble) Vers. 9.0 Mar 2018     3-Dec-2019 11:10:18    Page  004
 - - - - - - - - - - - - - - - - - - - - - - - - - - - - - - - - - - - - - -
 


  INPUT --- proc stop;

     CPU Time in minutes for this job was 0.00

     Time Start = 11:10:18.863   Time End = 11:10:18.984

     Wall Clock Time in minutes for this job was 0.00


          E X E C U T I O N   S U C C E S S F U L 
