
   Program  MARK  - Survival Rate Estimation with Capture-Recapture Data
   gfortran(dble) Vers. 9.0 Mar 2018     3-Dec-2019 11:00:41    Page  001
 - - - - - - - - - - - - - - - - - - - - - - - - - - - - - - - - - - - - - -
 
   This version was compiled by GCC version 7.2.0 using the options: 
     -cpp -iprefix C:/Program Files/mingw-w64/x86_64-7.2.0-posix-seh-rt_v5-rev1/
     mingw64/bin/../lib/gcc/x86_64-w64-mingw32/7.2.0/ -D_MT -D_REENTRANT
     -U_REENTRANT -D IEEE -D DBLEPRECISION -m64 -mtune=core2 -march=nocona -mthreads
     -O2 -fimplicit-none -fbounds-check -funroll-loops -ftree-vectorize
     -ffpe-summary=invalid,zero,overflow,underflow -fno-unsafe-math-optimizations
     -frounding-math -fsignaling-nans -fopenmp.

   This problem will use 7 of 8 possible threads.


  INPUT --- proc title ;

   CPU Time for the last procedure was 0.01 seconds.     


  INPUT --- proc chmatrix occasions= 3 groups= 1 etype= Occupancy 
  INPUT --- Nodes= 101 icovar = 2 ICMeans  NoHist hist= 125 ;

  INPUT ---    time interval 1 1 1 ;

  INPUT ---     icovariates pctex21 LWD ;

  INPUT ---    glabel(1)=freq1;

      Number of unique encounter histories read was 125.

      Number of individual covariates read was 2.
      Time interval lengths are all equal to 1.

      Data type number is 27
      Data type is Occupancy Estimation with Detection < 1                                                             

   CPU Time for the last procedure was 0.01 seconds.     

  Program  MARK  - Survival Rate Estimation with Capture-Recapture Data
   gfortran(dble) Vers. 9.0 Mar 2018     3-Dec-2019 11:00:41    Page  002
 - - - - - - - - - - - - - - - - - - - - - - - - - - - - - - - - - - - - - -
 


  INPUT --- proc estimate link=Logit NOLOOP varest=2ndPart    ;


  INPUT --- model={ p(~1)Psi(~pctex21 + LWD) };

  INPUT ---    group=1 p    rows=1 cols=3 Square ;
  INPUT ---        1 1 1 ;

  INPUT ---    group=1 Psi    rows=1 cols=1 Square ;
  INPUT ---        2 ;

  INPUT ---    design matrix constraints=2 covariates=4;
  INPUT ---        1 0 0 0;
  INPUT ---        0 1 pctex21 LWD;
  INPUT ---       blabel(1)=p:(Intercept);
  INPUT ---       blabel(2)=Psi:(Intercept);
  INPUT ---       blabel(3)=Psi:pctex21;
  INPUT ---       blabel(4)=Psi:LWD;
  INPUT ---       rlabel(1)=p g1 a0 t1;
  INPUT ---       rlabel(2)=Psi g1 a0 t1;

 Link Function Used is LOGIT        

 Variance Estimation Procedure Used is 2ndPart 
 -2logL(saturated) = 0.0000000     
 Effective Sample Size = 138

 Number of function evaluations was 18 for 4 parameters.
 Time for numerical optimization was 0.09 seconds.     
 -2logL { p(~1)Psi(~pctex21 + LWD) } = 153.25239     
 Penalty { p(~1)Psi(~pctex21 + LWD) } = 0.0000000     
 Gradient { p(~1)Psi(~pctex21 + LWD) }:
 -0.9785876E-06  0.1120264E-05   0.000000      0.1220890E-05
 Maximum ABS(G) { p(~1)Psi(~pctex21 + LWD) } = 0.1220890E-05 
 S Vector { p(~1)Psi(~pctex21 + LWD) }:
   14.67386      9.603360     0.6107085     0.2023358E-01
 Time to compute number of parameters was 0.01 seconds.     
 Ratio Threshold = 50.000000       Max Gap (3/4) = 30.182925       Next Max Gap (2/3) = 15.724949     
 Gap Method for Num. of Estimated Parameters { p(~1)Psi(~pctex21 + LWD) } = 4          
 Threshold { p(~1)Psi(~pctex21 + LWD) } = 0.2441780E-05                 
 Numerical Threshold Method for Num. of Estimated Parameters { p(~1)Psi(~pctex21 + LWD) } = 4          
 Number of Estimated Parameters { p(~1)Psi(~pctex21 + LWD) } = 4          
 DEVIANCE { p(~1)Psi(~pctex21 + LWD) } = 153.25239                     
 DEVIANCE Degrees of Freedom { p(~1)Psi(~pctex21 + LWD) } = 134            
 c-hat { p(~1)Psi(~pctex21 + LWD) } = 1.1436746                     
 AIC { p(~1)Psi(~pctex21 + LWD) } = 161.25239                  
 AICc { p(~1)Psi(~pctex21 + LWD) } = 161.55314                    
 BIC { p(~1)Psi(~pctex21 + LWD) } = 172.96140                    
 Pearson Chisquare { p(~1)Psi(~pctex21 + LWD) } = 986.58959                  


                 LOGIT Link Function Parameters of { p(~1)Psi(~pctex21 + LWD) }
                                                              95% Confidence Interval
 Parameter                    Beta         Standard Error      Lower           Upper
 -------------------------  --------------  --------------  --------------  --------------
    1:p:(Intercept)          0.9490831       0.3208127       0.3202902       1.5778759    
    2:Psi:(Intercept)       -0.7025889       0.3894492      -1.4659093       0.0607315    
    3:Psi:pctex21           -0.6130665       0.2269583      -1.0579047      -0.1682283    

  Program  MARK  - Survival Rate Estimation with Capture-Recapture Data
   gfortran(dble) Vers. 9.0 Mar 2018     3-Dec-2019 11:00:42    Page  003
 - - - - - - - - - - - - - - - - - - - - - - - - - - - - - - - - - - - - - -
 
    4:Psi:LWD               -0.5622608       1.2559551      -3.0239327       1.8994112    


                 Real Function Parameters of { p(~1)Psi(~pctex21 + LWD) }

      Following estimates based on unstandardized individual covariate values:
          Variable   Value         
          ---------  ------------- 
          PCTEX21     4.8306834    
          LWD         0.2273503    
                                                               95% Confidence Interval
  Parameter                  Estimate       Standard Error      Lower           Upper
 --------------------------  --------------  --------------  --------------  --------------
     1:p g1 a0 t1             0.7209307       0.0645442       0.5793950       0.8289035                          
     2:Psi g1 a0 t1           0.0220542       0.0212759       0.0032514       0.1348799                          


                      Estimates of Derived Parameters
           Occupancy Estimates of { p(~1)Psi(~pctex21 + LWD) }
                                            95% Confidence Interval
 Group   Psi-hat         Standard Error      Lower           Upper
 -----   --------------  --------------  --------------  --------------
   1      0.0220542       0.0212759       0.0032514       0.1348799    

   CPU Time for the last procedure was 0.11 seconds.     

  Program  MARK  - Survival Rate Estimation with Capture-Recapture Data
   gfortran(dble) Vers. 9.0 Mar 2018     3-Dec-2019 11:00:42    Page  004
 - - - - - - - - - - - - - - - - - - - - - - - - - - - - - - - - - - - - - -
 


  INPUT --- proc stop;

     CPU Time in minutes for this job was 0.00

     Time Start = 11:00:41.641   Time End = 11:00:42.041

     Wall Clock Time in minutes for this job was 0.01


          E X E C U T I O N   S U C C E S S F U L 
