
   Program  MARK  - Survival Rate Estimation with Capture-Recapture Data
   gfortran(dble) Vers. 9.0 Mar 2018     3-Dec-2019 11:08:45    Page  001
 - - - - - - - - - - - - - - - - - - - - - - - - - - - - - - - - - - - - - -
 
   This version was compiled by GCC version 7.2.0 using the options: 
     -cpp -iprefix C:/Program Files/mingw-w64/x86_64-7.2.0-posix-seh-rt_v5-rev1/
     mingw64/bin/../lib/gcc/x86_64-w64-mingw32/7.2.0/ -D_MT -D_REENTRANT
     -U_REENTRANT -D IEEE -D DBLEPRECISION -m64 -mtune=core2 -march=nocona -mthreads
     -O2 -fimplicit-none -fbounds-check -funroll-loops -ftree-vectorize
     -ffpe-summary=invalid,zero,overflow,underflow -fno-unsafe-math-optimizations
     -frounding-math -fsignaling-nans -fopenmp.

   This problem will use 7 of 8 possible threads.


  INPUT --- proc title ;

   CPU Time for the last procedure was 0.01 seconds.     


  INPUT --- proc chmatrix occasions= 3 groups= 1 etype= Occupancy 
  INPUT --- Nodes= 101 icovar = 7 ICMeans  NoHist hist= 138 ;

  INPUT ---    time interval 1 1 1 ;

  INPUT ---     icovariates effort1 effort2 effort3 mxdep1 mxdep2 mxdep3  
  INPUT ---    pctSlope ;

  INPUT ---    glabel(1)=freq1;

      Number of unique encounter histories read was 138.

      Number of individual covariates read was 7.
      Time interval lengths are all equal to 1.

      Data type number is 27
      Data type is Occupancy Estimation with Detection < 1                                                             

   CPU Time for the last procedure was 0.02 seconds.     

  Program  MARK  - Survival Rate Estimation with Capture-Recapture Data
   gfortran(dble) Vers. 9.0 Mar 2018     3-Dec-2019 11:08:45    Page  002
 - - - - - - - - - - - - - - - - - - - - - - - - - - - - - - - - - - - - - -
 


  INPUT --- proc estimate link=Logit NOLOOP varest=2ndPart    ;


  INPUT --- model={ p(~effort + mxdep)Psi(~pctSlope) };

  INPUT ---    group=1 p    rows=1 cols=3 Square ;
  INPUT ---        1 2 3 ;

  INPUT ---    group=1 Psi    rows=1 cols=1 Square ;
  INPUT ---        4 ;

  INPUT ---    design matrix constraints=4 covariates=5;
  INPUT ---        1 effort1 mxdep1 0 0;
  INPUT ---        1 effort2 mxdep2 0 0;
  INPUT ---        1 effort3 mxdep3 0 0;
  INPUT ---        0 0 0 1 pctSlope;
  INPUT ---       blabel(1)=p:(Intercept);
  INPUT ---       blabel(2)=p:effort;
  INPUT ---       blabel(3)=p:mxdep;
  INPUT ---       blabel(4)=Psi:(Intercept);
  INPUT ---       blabel(5)=Psi:pctSlope;
  INPUT ---       rlabel(1)=p g1 a0 t1;
  INPUT ---       rlabel(2)=p g1 a1 t2;
  INPUT ---       rlabel(3)=p g1 a2 t3;
  INPUT ---       rlabel(4)=Psi g1 a0 t1;

 Link Function Used is LOGIT        

 Variance Estimation Procedure Used is 2ndPart 
 -2logL(saturated) = 0.0000000     
 Effective Sample Size = 138

 Number of function evaluations was 31 for 5 parameters.
 Time for numerical optimization was 0.05 seconds.     
 -2logL { p(~effort + mxdep)Psi(~pctSlope) } = 167.44324     
 Penalty { p(~effort + mxdep)Psi(~pctSlope) } = 0.0000000     
 Gradient { p(~effort + mxdep)Psi(~pctSlope) }:
  0.4175934E-05  0.7972023E-06  0.8315202E-07 -0.2087560E-05   0.000000    
 Maximum ABS(G) { p(~effort + mxdep)Psi(~pctSlope) } = 0.4175934E-05 
 S Vector { p(~effort + mxdep)Psi(~pctSlope) }:
   16.61985      8.055413     0.4035946     0.1254978     0.8737934E-03
 Time to compute number of parameters was 0.03 seconds.     
 Ratio Threshold = 50.000000       Max Gap (4/5) = 143.62410       Next Max Gap (2/3) = 19.959170     
 Gap Method for Num. of Estimated Parameters { p(~effort + mxdep)Psi(~pctSlope) } = 4          
 Threshold { p(~effort + mxdep)Psi(~pctSlope) } = 0.8351869E-05                 
 Numerical Threshold Method for Num. of Estimated Parameters { p(~effort + mxdep)Psi(~pctSlope) } = 5          
 Number of Estimated Parameters { p(~effort + mxdep)Psi(~pctSlope) } = 5          

   * *  WARNING  * *   Number of parameters estimated from gap method (=4) and threshold method (=5) differ.  Inspect full output.                                                                                                                                                                                                                                                                                                                                                                                                                      

  Program  MARK  - Survival Rate Estimation with Capture-Recapture Data
   gfortran(dble) Vers. 9.0 Mar 2018     3-Dec-2019 11:08:47    Page  003
 - - - - - - - - - - - - - - - - - - - - - - - - - - - - - - - - - - - - - -
 
 Ratios of S Vector { p(~effort + mxdep)Psi(~pctSlope) }:
   1/2    2.063190       2/3    19.95917       3/4    3.215950       4/5    143.6241    
 DEVIANCE { p(~effort + mxdep)Psi(~pctSlope) } = 167.44324                     
 DEVIANCE Degrees of Freedom { p(~effort + mxdep)Psi(~pctSlope) } = 133            
 c-hat { p(~effort + mxdep)Psi(~pctSlope) } = 1.2589718                     
 AIC { p(~effort + mxdep)Psi(~pctSlope) } = 177.44324                  
 AICc { p(~effort + mxdep)Psi(~pctSlope) } = 177.89779                    
 BIC { p(~effort + mxdep)Psi(~pctSlope) } = 192.07951                    
 Pearson Chisquare { p(~effort + mxdep)Psi(~pctSlope) } = 964.31347                  


             LOGIT Link Function Parameters of { p(~effort + mxdep)Psi(~pctSlope) }
                                                              95% Confidence Interval
 Parameter                    Beta         Standard Error      Lower           Upper
 -------------------------  --------------  --------------  --------------  --------------
    1:p:(Intercept)         -1.2837388       0.9679051      -3.1808328       0.6133552    
    2:p:effort               0.9491237E-03   0.7867760E-03  -0.5929573E-03   0.0024912    
    3:p:mxdep                2.8047614       2.1118545      -1.3344736       6.9439963    
    4:Psi:(Intercept)       -1.7410206       0.3019530      -2.3328485      -1.1491927    
    5:Psi:pctSlope          -0.0053187       0.0298418      -0.0638087       0.0531713    


             Real Function Parameters of { p(~effort + mxdep)Psi(~pctSlope) }

      Following estimates based on unstandardized individual covariate values:
          Variable   Value         
          ---------  ------------- 
          EFFORT1     906.23188    
          EFFORT2     834.18841    
          EFFORT3     818.18116    
          MXDEP1      0.5167391    
          MXDEP2      0.4846377    
          MXDEP3      0.6304348    
          PCTSLOPE    5.7132415    
                                                               95% Confidence Interval
  Parameter                  Estimate       Standard Error      Lower           Upper
 --------------------------  --------------  --------------  --------------  --------------
     1:p g1 a0 t1             0.7360848       0.0728750       0.5721074       0.8533324                          
     2:p g1 a1 t2             0.7041840       0.0755092       0.5391270       0.8288893                          
     3:p g1 a2 t3             0.7792043       0.0795290       0.5878324       0.8972522                          
     4:Psi g1 a0 t1           0.1453674       0.0314169       0.0938884       0.2182729                          


                      Estimates of Derived Parameters
       Occupancy Estimates of { p(~effort + mxdep)Psi(~pctSlope) }
                                            95% Confidence Interval
 Group   Psi-hat         Standard Error      Lower           Upper
 -----   --------------  --------------  --------------  --------------
   1      0.1453674       0.0314169       0.0938884       0.2182729    

 Attempted ordering of parameters by estimatibility:
  4 1 5 2 3
 Beta number 3 is a singular value.

   CPU Time for the last procedure was 0.08 seconds.     

  Program  MARK  - Survival Rate Estimation with Capture-Recapture Data
   gfortran(dble) Vers. 9.0 Mar 2018     3-Dec-2019 11:08:47    Page  004
 - - - - - - - - - - - - - - - - - - - - - - - - - - - - - - - - - - - - - -
 


  INPUT --- proc stop;

     CPU Time in minutes for this job was 0.00

     Time Start = 11:08:45.776   Time End = 11:08:47.349

     Wall Clock Time in minutes for this job was 0.03


          E X E C U T I O N   S U C C E S S F U L 
