
   Program  MARK  - Survival Rate Estimation with Capture-Recapture Data
   gfortran(dble) Vers. 9.0 Mar 2018     3-Dec-2019 11:09:45    Page  001
 - - - - - - - - - - - - - - - - - - - - - - - - - - - - - - - - - - - - - -
 
   This version was compiled by GCC version 7.2.0 using the options: 
     -cpp -iprefix C:/Program Files/mingw-w64/x86_64-7.2.0-posix-seh-rt_v5-rev1/
     mingw64/bin/../lib/gcc/x86_64-w64-mingw32/7.2.0/ -D_MT -D_REENTRANT
     -U_REENTRANT -D IEEE -D DBLEPRECISION -m64 -mtune=core2 -march=nocona -mthreads
     -O2 -fimplicit-none -fbounds-check -funroll-loops -ftree-vectorize
     -ffpe-summary=invalid,zero,overflow,underflow -fno-unsafe-math-optimizations
     -frounding-math -fsignaling-nans -fopenmp.

   This problem will use 7 of 8 possible threads.


  INPUT --- proc title ;

   CPU Time for the last procedure was 0.01 seconds.     


  INPUT --- proc chmatrix occasions= 3 groups= 1 etype= Occupancy 
  INPUT --- Nodes= 101 icovar = 5 ICMeans  NoHist hist= 138 ;

  INPUT ---    time interval 1 1 1 ;

  INPUT ---     icovariates effort1 effort2 effort3 LWD under ;

  INPUT ---    glabel(1)=freq1;

      Number of unique encounter histories read was 138.

      Number of individual covariates read was 5.
      Time interval lengths are all equal to 1.

      Data type number is 27
      Data type is Occupancy Estimation with Detection < 1                                                             

   CPU Time for the last procedure was 0.01 seconds.     

  Program  MARK  - Survival Rate Estimation with Capture-Recapture Data
   gfortran(dble) Vers. 9.0 Mar 2018     3-Dec-2019 11:09:45    Page  002
 - - - - - - - - - - - - - - - - - - - - - - - - - - - - - - - - - - - - - -
 


  INPUT --- proc estimate link=Logit NOLOOP varest=2ndPart    ;


  INPUT --- model={ p(~effort + LWD)Psi(~under) };

  INPUT ---    group=1 p    rows=1 cols=3 Square ;
  INPUT ---        1 2 3 ;

  INPUT ---    group=1 Psi    rows=1 cols=1 Square ;
  INPUT ---        4 ;

  INPUT ---    design matrix constraints=4 covariates=5;
  INPUT ---        1 effort1 LWD 0 0;
  INPUT ---        1 effort2 LWD 0 0;
  INPUT ---        1 effort3 LWD 0 0;
  INPUT ---        0 0 0 1 under;
  INPUT ---       blabel(1)=p:(Intercept);
  INPUT ---       blabel(2)=p:effort;
  INPUT ---       blabel(3)=p:LWD;
  INPUT ---       blabel(4)=Psi:(Intercept);
  INPUT ---       blabel(5)=Psi:under;
  INPUT ---       rlabel(1)=p g1 a0 t1;
  INPUT ---       rlabel(2)=p g1 a1 t2;
  INPUT ---       rlabel(3)=p g1 a2 t3;
  INPUT ---       rlabel(4)=Psi g1 a0 t1;

 Link Function Used is LOGIT        

 Variance Estimation Procedure Used is 2ndPart 
 -2logL(saturated) = 0.0000000     
 Effective Sample Size = 138

 Number of function evaluations was 17 for 5 parameters.
 Time for numerical optimization was 0.08 seconds.     
 -2logL { p(~effort + LWD)Psi(~under) } = 165.07165     
 Penalty { p(~effort + LWD)Psi(~under) } = 0.0000000     
 Gradient { p(~effort + LWD)Psi(~under) }:
  0.3848792E-05  0.4654741E-06  0.1215998E-05  0.5946587E-06   0.000000    
 Maximum ABS(G) { p(~effort + LWD)Psi(~under) } = 0.3848792E-05 
 S Vector { p(~effort + LWD)Psi(~under) }:
   17.40412      8.266842     0.9481429     0.2915868     0.8990631E-01
 Time to compute number of parameters was 0.01 seconds.     
 Ratio Threshold = 50.000000       Max Gap (2/3) = 8.7189836       Next Max Gap (3/4) = 3.2516660     
 Gap Method for Num. of Estimated Parameters { p(~effort + LWD)Psi(~under) } = 5          
 Threshold { p(~effort + LWD)Psi(~under) } = 0.7697583E-05                 
 Numerical Threshold Method for Num. of Estimated Parameters { p(~effort + LWD)Psi(~under) } = 5          
 Number of Estimated Parameters { p(~effort + LWD)Psi(~under) } = 5          
 DEVIANCE { p(~effort + LWD)Psi(~under) } = 165.07165                     
 DEVIANCE Degrees of Freedom { p(~effort + LWD)Psi(~under) } = 133            
 c-hat { p(~effort + LWD)Psi(~under) } = 1.2411402                     
 AIC { p(~effort + LWD)Psi(~under) } = 175.07165                  
 AICc { p(~effort + LWD)Psi(~under) } = 175.52620                    
 BIC { p(~effort + LWD)Psi(~under) } = 189.70792                    
 Pearson Chisquare { p(~effort + LWD)Psi(~under) } = 895.07823                  

  Program  MARK  - Survival Rate Estimation with Capture-Recapture Data
   gfortran(dble) Vers. 9.0 Mar 2018     3-Dec-2019 11:09:45    Page  003
 - - - - - - - - - - - - - - - - - - - - - - - - - - - - - - - - - - - - - -
 


               LOGIT Link Function Parameters of { p(~effort + LWD)Psi(~under) }
                                                              95% Confidence Interval
 Parameter                    Beta         Standard Error      Lower           Upper
 -------------------------  --------------  --------------  --------------  --------------
    1:p:(Intercept)         -0.9822830       0.8547925      -2.6576764       0.6931104    
    2:p:effort               0.0018042       0.8055132E-03   0.2254303E-03   0.0033830    
    3:p:LWD                  2.1370913       1.9015005      -1.5898498       5.8640324    
    4:Psi:(Intercept)       -2.2074677       0.3809258      -2.9540823      -1.4608531    
    5:Psi:under              0.7303824       0.4084643      -0.0702076       1.5309724    


               Real Function Parameters of { p(~effort + LWD)Psi(~under) }

      Following estimates based on unstandardized individual covariate values:
          Variable   Value         
          ---------  ------------- 
          EFFORT1     906.23188    
          EFFORT2     834.18841    
          EFFORT3     818.18116    
          LWD         0.2273503    
          UNDER       0.5466074    
                                                               95% Confidence Interval
  Parameter                  Estimate       Standard Error      Lower           Upper
 --------------------------  --------------  --------------  --------------  --------------
     1:p g1 a0 t1             0.7574302       0.0714659       0.5929693       0.8700080                          
     2:p g1 a1 t2             0.7327575       0.0724729       0.5703497       0.8499283                          
     3:p g1 a2 t3             0.7270640       0.0728307       0.5647427       0.8454200                          
     4:Psi g1 a0 t1           0.1408515       0.0322531       0.0886179       0.2165573                          


                      Estimates of Derived Parameters
          Occupancy Estimates of { p(~effort + LWD)Psi(~under) }
                                            95% Confidence Interval
 Group   Psi-hat         Standard Error      Lower           Upper
 -----   --------------  --------------  --------------  --------------
   1      0.1408515       0.0322531       0.0886179       0.2165573    

   CPU Time for the last procedure was 0.08 seconds.     

  Program  MARK  - Survival Rate Estimation with Capture-Recapture Data
   gfortran(dble) Vers. 9.0 Mar 2018     3-Dec-2019 11:09:45    Page  004
 - - - - - - - - - - - - - - - - - - - - - - - - - - - - - - - - - - - - - -
 


  INPUT --- proc stop;

     CPU Time in minutes for this job was 0.00

     Time Start = 11:09:45.626   Time End = 11:09:45.732

     Wall Clock Time in minutes for this job was 0.00


          E X E C U T I O N   S U C C E S S F U L 
