
   Program  MARK  - Survival Rate Estimation with Capture-Recapture Data
   gfortran(dble) Vers. 9.0 Mar 2018     3-Dec-2019 10:56:23    Page  001
 - - - - - - - - - - - - - - - - - - - - - - - - - - - - - - - - - - - - - -
 
   This version was compiled by GCC version 7.2.0 using the options: 
     -cpp -iprefix C:/Program Files/mingw-w64/x86_64-7.2.0-posix-seh-rt_v5-rev1/
     mingw64/bin/../lib/gcc/x86_64-w64-mingw32/7.2.0/ -D_MT -D_REENTRANT
     -U_REENTRANT -D IEEE -D DBLEPRECISION -m64 -mtune=core2 -march=nocona -mthreads
     -O2 -fimplicit-none -fbounds-check -funroll-loops -ftree-vectorize
     -ffpe-summary=invalid,zero,overflow,underflow -fno-unsafe-math-optimizations
     -frounding-math -fsignaling-nans -fopenmp.

   This problem will use 7 of 8 possible threads.


  INPUT --- proc title ;

   CPU Time for the last procedure was 0.01 seconds.     


  INPUT --- proc chmatrix occasions= 3 groups= 1 etype= Occupancy 
  INPUT --- Nodes= 101 icovar = 4 ICMeans  NoHist hist= 138 ;

  INPUT ---    time interval 1 1 1 ;

  INPUT ---     icovariates lwd1 lwd2 lwd3 avdep ;

  INPUT ---    glabel(1)=freq1;

      Number of unique encounter histories read was 138.

      Number of individual covariates read was 4.
      Time interval lengths are all equal to 1.

      Data type number is 27
      Data type is Occupancy Estimation with Detection < 1                                                             

   CPU Time for the last procedure was 0.02 seconds.     

  Program  MARK  - Survival Rate Estimation with Capture-Recapture Data
   gfortran(dble) Vers. 9.0 Mar 2018     3-Dec-2019 10:56:23    Page  002
 - - - - - - - - - - - - - - - - - - - - - - - - - - - - - - - - - - - - - -
 


  INPUT --- proc estimate link=Logit NOLOOP varest=2ndPart    ;


  INPUT --- model={ p(~lwd)Psi(~avdep) };

  INPUT ---    group=1 p    rows=1 cols=3 Square ;
  INPUT ---        1 2 3 ;

  INPUT ---    group=1 Psi    rows=1 cols=1 Square ;
  INPUT ---        4 ;

  INPUT ---    design matrix constraints=4 covariates=4;
  INPUT ---        1 lwd1 0 0;
  INPUT ---        1 lwd2 0 0;
  INPUT ---        1 lwd3 0 0;
  INPUT ---        0 0 1 avdep;
  INPUT ---       blabel(1)=p:(Intercept);
  INPUT ---       blabel(2)=p:lwd;
  INPUT ---       blabel(3)=Psi:(Intercept);
  INPUT ---       blabel(4)=Psi:avdep;
  INPUT ---       rlabel(1)=p g1 a0 t1;
  INPUT ---       rlabel(2)=p g1 a1 t2;
  INPUT ---       rlabel(3)=p g1 a2 t3;
  INPUT ---       rlabel(4)=Psi g1 a0 t1;

 Link Function Used is LOGIT        

 Variance Estimation Procedure Used is 2ndPart 
 -2logL(saturated) = 0.0000000     
 Effective Sample Size = 138

 Number of function evaluations was 12 for 4 parameters.
 Time for numerical optimization was 0.01 seconds.     
 -2logL { p(~lwd)Psi(~avdep) } = 175.04485     
 Penalty { p(~lwd)Psi(~avdep) } = 0.0000000     
 Gradient { p(~lwd)Psi(~avdep) }:
 -0.2119490E-05   0.000000       0.000000      0.1292327E-05
 Maximum ABS(G) { p(~lwd)Psi(~avdep) } = 0.2119490E-05 
 S Vector { p(~lwd)Psi(~avdep) }:
   17.47613      9.723738     0.1849242     0.1351357    
 Time to compute number of parameters was 0.01 seconds.     
 Ratio Threshold = 50.000000       Max Gap (2/3) = 52.582285       Next Max Gap (1/2) = 1.7972645     
 Gap Method for Num. of Estimated Parameters { p(~lwd)Psi(~avdep) } = 2          
 Threshold { p(~lwd)Psi(~avdep) } = 0.4238981E-05                 
 Numerical Threshold Method for Num. of Estimated Parameters { p(~lwd)Psi(~avdep) } = 4          
 Number of Estimated Parameters { p(~lwd)Psi(~avdep) } = 4          

   * *  WARNING  * *   Number of parameters estimated from gap method (=2) and threshold method (=4) differ.  Inspect full output.                                                                                                                                                                                                                                                                                                                                                                                                                      
 Ratios of S Vector { p(~lwd)Psi(~avdep) }:
   1/2    1.797265       2/3    52.58229       3/4    1.368433    
 DEVIANCE { p(~lwd)Psi(~avdep) } = 175.04485                     
 DEVIANCE Degrees of Freedom { p(~lwd)Psi(~avdep) } = 134            
 c-hat { p(~lwd)Psi(~avdep) } = 1.3063049                     
 AIC { p(~lwd)Psi(~avdep) } = 183.04485                  
 AICc { p(~lwd)Psi(~avdep) } = 183.34560                    
 BIC { p(~lwd)Psi(~avdep) } = 194.75387                    
 Pearson Chisquare { p(~lwd)Psi(~avdep) } = 1060.5649                  

  Program  MARK  - Survival Rate Estimation with Capture-Recapture Data
   gfortran(dble) Vers. 9.0 Mar 2018     3-Dec-2019 10:56:23    Page  003
 - - - - - - - - - - - - - - - - - - - - - - - - - - - - - - - - - - - - - -
 


                    LOGIT Link Function Parameters of { p(~lwd)Psi(~avdep) }
                                                              95% Confidence Interval
 Parameter                    Beta         Standard Error      Lower           Upper
 -------------------------  --------------  --------------  --------------  --------------
    1:p:(Intercept)          0.7998181       0.3850900       0.0450417       1.5545946    
    2:p:lwd                  0.8630800       1.3231452      -1.7302846       3.4564445    
    3:Psi:(Intercept)       -1.9329121       0.7261862      -3.3562370      -0.5095872    
    4:Psi:avdep              0.4759021       2.6325747      -4.6839444       5.6357486    


                    Real Function Parameters of { p(~lwd)Psi(~avdep) }

      Following estimates based on unstandardized individual covariate values:
          Variable   Value         
          ---------  ------------- 
          LWD1        0.2346014    
          LWD2        0.2355072    
          LWD3        0.2114389    
          AVDEP       0.2562426    
                                                               95% Confidence Interval
  Parameter                  Estimate       Standard Error      Lower           Upper
 --------------------------  --------------  --------------  --------------  --------------
     1:p g1 a0 t1             0.7315101       0.0659264       0.5852557       0.8402661                          
     2:p g1 a1 t2             0.7316637       0.0659715       0.5852783       0.8404633                          
     3:p g1 a2 t3             0.7275657       0.0650240       0.5840277       0.8355226                          
     4:Psi g1 a0 t1           0.1405215       0.0300281       0.0912658       0.2102109                          


                      Estimates of Derived Parameters
              Occupancy Estimates of { p(~lwd)Psi(~avdep) }
                                            95% Confidence Interval
 Group   Psi-hat         Standard Error      Lower           Upper
 -----   --------------  --------------  --------------  --------------
   1      0.1405215       0.0300281       0.0912658       0.2102109    

 Attempted ordering of parameters by estimatibility:
  3 1 2 4
 Beta number 4 is a singular value.

   CPU Time for the last procedure was 0.02 seconds.     

  Program  MARK  - Survival Rate Estimation with Capture-Recapture Data
   gfortran(dble) Vers. 9.0 Mar 2018     3-Dec-2019 10:56:23    Page  004
 - - - - - - - - - - - - - - - - - - - - - - - - - - - - - - - - - - - - - -
 


  INPUT --- proc stop;

     CPU Time in minutes for this job was 0.00

     Time Start = 10:56:23.222   Time End = 10:56:23.320

     Wall Clock Time in minutes for this job was 0.00


          E X E C U T I O N   S U C C E S S F U L 
