
   Program  MARK  - Survival Rate Estimation with Capture-Recapture Data
   gfortran(dble) Vers. 9.0 Mar 2018     3-Dec-2019 11:06:37    Page  001
 - - - - - - - - - - - - - - - - - - - - - - - - - - - - - - - - - - - - - -
 
   This version was compiled by GCC version 7.2.0 using the options: 
     -cpp -iprefix C:/Program Files/mingw-w64/x86_64-7.2.0-posix-seh-rt_v5-rev1/
     mingw64/bin/../lib/gcc/x86_64-w64-mingw32/7.2.0/ -D_MT -D_REENTRANT
     -U_REENTRANT -D IEEE -D DBLEPRECISION -m64 -mtune=core2 -march=nocona -mthreads
     -O2 -fimplicit-none -fbounds-check -funroll-loops -ftree-vectorize
     -ffpe-summary=invalid,zero,overflow,underflow -fno-unsafe-math-optimizations
     -frounding-math -fsignaling-nans -fopenmp.

   This problem will use 7 of 8 possible threads.


  INPUT --- proc title ;

   CPU Time for the last procedure was 0.01 seconds.     


  INPUT --- proc chmatrix occasions= 3 groups= 1 etype= Occupancy 
  INPUT --- Nodes= 101 icovar = 2 ICMeans  NoHist hist= 128 ;

  INPUT ---    time interval 1 1 1 ;

  INPUT ---     icovariates under pctex21 ;

  INPUT ---    glabel(1)=freq1;

      Number of unique encounter histories read was 128.

      Number of individual covariates read was 2.
      Time interval lengths are all equal to 1.

      Data type number is 27
      Data type is Occupancy Estimation with Detection < 1                                                             

   CPU Time for the last procedure was 0.01 seconds.     

  Program  MARK  - Survival Rate Estimation with Capture-Recapture Data
   gfortran(dble) Vers. 9.0 Mar 2018     3-Dec-2019 11:06:37    Page  002
 - - - - - - - - - - - - - - - - - - - - - - - - - - - - - - - - - - - - - -
 


  INPUT --- proc estimate link=Logit NOLOOP varest=2ndPart    ;


  INPUT --- model={ p(~under)Psi(~pctex21) };

  INPUT ---    group=1 p    rows=1 cols=3 Square ;
  INPUT ---        1 1 1 ;

  INPUT ---    group=1 Psi    rows=1 cols=1 Square ;
  INPUT ---        2 ;

  INPUT ---    design matrix constraints=2 covariates=4;
  INPUT ---        1 under 0 0;
  INPUT ---        0 0 1 pctex21;
  INPUT ---       blabel(1)=p:(Intercept);
  INPUT ---       blabel(2)=p:under;
  INPUT ---       blabel(3)=Psi:(Intercept);
  INPUT ---       blabel(4)=Psi:pctex21;
  INPUT ---       rlabel(1)=p g1 a0 t1;
  INPUT ---       rlabel(2)=Psi g1 a0 t1;

 Link Function Used is LOGIT        

 Variance Estimation Procedure Used is 2ndPart 
 -2logL(saturated) = 0.0000000     
 Effective Sample Size = 138

 Number of function evaluations was 18 for 4 parameters.
 Time for numerical optimization was 0.08 seconds.     
 -2logL { p(~under)Psi(~pctex21) } = 152.91789     
 Penalty { p(~under)Psi(~pctex21) } = 0.0000000     
 Gradient { p(~under)Psi(~pctex21) }:
   0.000000      0.9841020E-06   0.000000       0.000000    
 Maximum ABS(G) { p(~under)Psi(~pctex21) } = 0.9841020E-06 
 S Vector { p(~under)Psi(~pctex21) }:
   14.22043      10.16421     0.5244826     0.2034162E-01
 Time to compute number of parameters was 0.01 seconds.     
 Ratio Threshold = 50.000000       Max Gap (3/4) = 25.783724       Next Max Gap (2/3) = 19.379496     
 Gap Method for Num. of Estimated Parameters { p(~under)Psi(~pctex21) } = 4          
 Threshold { p(~under)Psi(~pctex21) } = 0.1968204E-05                 
 Numerical Threshold Method for Num. of Estimated Parameters { p(~under)Psi(~pctex21) } = 4          
 Number of Estimated Parameters { p(~under)Psi(~pctex21) } = 4          
 DEVIANCE { p(~under)Psi(~pctex21) } = 152.91789                     
 DEVIANCE Degrees of Freedom { p(~under)Psi(~pctex21) } = 134            
 c-hat { p(~under)Psi(~pctex21) } = 1.1411783                     
 AIC { p(~under)Psi(~pctex21) } = 160.91789                  
 AICc { p(~under)Psi(~pctex21) } = 161.21864                    
 BIC { p(~under)Psi(~pctex21) } = 172.62690                    
 Pearson Chisquare { p(~under)Psi(~pctex21) } = 904.54633                  


                  LOGIT Link Function Parameters of { p(~under)Psi(~pctex21) }
                                                              95% Confidence Interval
 Parameter                    Beta         Standard Error      Lower           Upper
 -------------------------  --------------  --------------  --------------  --------------
    1:p:(Intercept)          0.6557969       0.5145243      -0.3526708       1.6642646    
    2:p:under                0.3882047       0.5455126      -0.6810000       1.4574095    
    3:Psi:(Intercept)       -0.8071294       0.3065426      -1.4079530      -0.2063059    

  Program  MARK  - Survival Rate Estimation with Capture-Recapture Data
   gfortran(dble) Vers. 9.0 Mar 2018     3-Dec-2019 11:06:38    Page  003
 - - - - - - - - - - - - - - - - - - - - - - - - - - - - - - - - - - - - - -
 
    4:Psi:pctex21           -0.6193264       0.2263567      -1.0629855      -0.1756674    


                  Real Function Parameters of { p(~under)Psi(~pctex21) }

      Following estimates based on unstandardized individual covariate values:
          Variable   Value         
          ---------  ------------- 
          UNDER       0.5466074    
          PCTEX21     4.8306834    
                                                               95% Confidence Interval
  Parameter                  Estimate       Standard Error      Lower           Upper
 --------------------------  --------------  --------------  --------------  --------------
     1:p g1 a0 t1             0.7043278       0.0708577       0.5501054       0.8227204                          
     2:Psi g1 a0 t1           0.0219048       0.0211064       0.0032374       0.1337677                          


                      Estimates of Derived Parameters
            Occupancy Estimates of { p(~under)Psi(~pctex21) }
                                            95% Confidence Interval
 Group   Psi-hat         Standard Error      Lower           Upper
 -----   --------------  --------------  --------------  --------------
   1      0.0219048       0.0211064       0.0032374       0.1337677    

   CPU Time for the last procedure was 0.08 seconds.     

  Program  MARK  - Survival Rate Estimation with Capture-Recapture Data
   gfortran(dble) Vers. 9.0 Mar 2018     3-Dec-2019 11:06:38    Page  004
 - - - - - - - - - - - - - - - - - - - - - - - - - - - - - - - - - - - - - -
 


  INPUT --- proc stop;

     CPU Time in minutes for this job was 0.00

     Time Start = 11:06:37.205   Time End = 11:06:38.773

     Wall Clock Time in minutes for this job was 0.03


          E X E C U T I O N   S U C C E S S F U L 
