
   Program  MARK  - Survival Rate Estimation with Capture-Recapture Data
   gfortran(dble) Vers. 9.0 Mar 2018     3-Dec-2019 11:08:54    Page  001
 - - - - - - - - - - - - - - - - - - - - - - - - - - - - - - - - - - - - - -
 
   This version was compiled by GCC version 7.2.0 using the options: 
     -cpp -iprefix C:/Program Files/mingw-w64/x86_64-7.2.0-posix-seh-rt_v5-rev1/
     mingw64/bin/../lib/gcc/x86_64-w64-mingw32/7.2.0/ -D_MT -D_REENTRANT
     -U_REENTRANT -D IEEE -D DBLEPRECISION -m64 -mtune=core2 -march=nocona -mthreads
     -O2 -fimplicit-none -fbounds-check -funroll-loops -ftree-vectorize
     -ffpe-summary=invalid,zero,overflow,underflow -fno-unsafe-math-optimizations
     -frounding-math -fsignaling-nans -fopenmp.

   This problem will use 7 of 8 possible threads.


  INPUT --- proc title ;

   CPU Time for the last procedure was 0.01 seconds.     


  INPUT --- proc chmatrix occasions= 3 groups= 1 etype= Occupancy 
  INPUT --- Nodes= 101 icovar = 2 ICMeans  NoHist hist= 138 ;

  INPUT ---    time interval 1 1 1 ;

  INPUT ---     icovariates LWD pctSlope ;

  INPUT ---    glabel(1)=freq1;

      Number of unique encounter histories read was 138.

      Number of individual covariates read was 2.
      Time interval lengths are all equal to 1.

      Data type number is 27
      Data type is Occupancy Estimation with Detection < 1                                                             

   CPU Time for the last procedure was 0.02 seconds.     

  Program  MARK  - Survival Rate Estimation with Capture-Recapture Data
   gfortran(dble) Vers. 9.0 Mar 2018     3-Dec-2019 11:08:54    Page  002
 - - - - - - - - - - - - - - - - - - - - - - - - - - - - - - - - - - - - - -
 


  INPUT --- proc estimate link=Logit NOLOOP varest=2ndPart    ;


  INPUT --- model={ p(~LWD)Psi(~pctSlope) };

  INPUT ---    group=1 p    rows=1 cols=3 Square ;
  INPUT ---        1 1 1 ;

  INPUT ---    group=1 Psi    rows=1 cols=1 Square ;
  INPUT ---        2 ;

  INPUT ---    design matrix constraints=2 covariates=4;
  INPUT ---        1 LWD 0 0;
  INPUT ---        0 0 1 pctSlope;
  INPUT ---       blabel(1)=p:(Intercept);
  INPUT ---       blabel(2)=p:LWD;
  INPUT ---       blabel(3)=Psi:(Intercept);
  INPUT ---       blabel(4)=Psi:pctSlope;
  INPUT ---       rlabel(1)=p g1 a0 t1;
  INPUT ---       rlabel(2)=Psi g1 a0 t1;

 Link Function Used is LOGIT        

 Variance Estimation Procedure Used is 2ndPart 
 -2logL(saturated) = 0.0000000     
 Effective Sample Size = 138

 Number of function evaluations was 13 for 4 parameters.
 Time for numerical optimization was 0.01 seconds.     
 -2logL { p(~LWD)Psi(~pctSlope) } = 175.40205     
 Penalty { p(~LWD)Psi(~pctSlope) } = 0.0000000     
 Gradient { p(~LWD)Psi(~pctSlope) }:
  0.2079220E-05 -0.1174634E-05  0.3424370E-05   0.000000    
 Maximum ABS(G) { p(~LWD)Psi(~pctSlope) } = 0.3424370E-05 
 S Vector { p(~LWD)Psi(~pctSlope) }:
   16.57612      9.977557     0.3994222     0.2911459    
 Time to compute number of parameters was 0.01 seconds.     
 Ratio Threshold = 50.000000       Max Gap (2/3) = 24.979974       Next Max Gap (1/2) = 1.6613401     
 Gap Method for Num. of Estimated Parameters { p(~LWD)Psi(~pctSlope) } = 4          
 Threshold { p(~LWD)Psi(~pctSlope) } = 0.6848741E-05                 
 Numerical Threshold Method for Num. of Estimated Parameters { p(~LWD)Psi(~pctSlope) } = 4          
 Number of Estimated Parameters { p(~LWD)Psi(~pctSlope) } = 4          
 DEVIANCE { p(~LWD)Psi(~pctSlope) } = 175.40205                     
 DEVIANCE Degrees of Freedom { p(~LWD)Psi(~pctSlope) } = 134            
 c-hat { p(~LWD)Psi(~pctSlope) } = 1.3089706                     
 AIC { p(~LWD)Psi(~pctSlope) } = 183.40205                  
 AICc { p(~LWD)Psi(~pctSlope) } = 183.70281                    
 BIC { p(~LWD)Psi(~pctSlope) } = 195.11107                    
 Pearson Chisquare { p(~LWD)Psi(~pctSlope) } = 1092.6390                  


                  LOGIT Link Function Parameters of { p(~LWD)Psi(~pctSlope) }
                                                              95% Confidence Interval
 Parameter                    Beta         Standard Error      Lower           Upper
 -------------------------  --------------  --------------  --------------  --------------
    1:p:(Intercept)          0.8346774       0.4596966      -0.0663279       1.7356827    
    2:p:LWD                  0.6237808       1.8228433      -2.9489921       4.1965536    
    3:Psi:(Intercept)       -1.7849625       0.2980735      -2.3691865      -1.2007384    

  Program  MARK  - Survival Rate Estimation with Capture-Recapture Data
   gfortran(dble) Vers. 9.0 Mar 2018     3-Dec-2019 11:08:54    Page  003
 - - - - - - - - - - - - - - - - - - - - - - - - - - - - - - - - - - - - - -
 
    4:Psi:pctSlope          -0.0044447       0.0299950      -0.0632350       0.0543456    


                  Real Function Parameters of { p(~LWD)Psi(~pctSlope) }

      Following estimates based on unstandardized individual covariate values:
          Variable   Value         
          ---------  ------------- 
          LWD         0.2273503    
          PCTSLOPE    5.7132415    
                                                               95% Confidence Interval
  Parameter                  Estimate       Standard Error      Lower           Upper
 --------------------------  --------------  --------------  --------------  --------------
     1:p g1 a0 t1             0.7264120       0.0659275       0.5808591       0.8357153                          
     2:Psi g1 a0 t1           0.1405951       0.0300416       0.0913158       0.2103131                          


                      Estimates of Derived Parameters
             Occupancy Estimates of { p(~LWD)Psi(~pctSlope) }
                                            95% Confidence Interval
 Group   Psi-hat         Standard Error      Lower           Upper
 -----   --------------  --------------  --------------  --------------
   1      0.1405951       0.0300416       0.0913158       0.2103131    

   CPU Time for the last procedure was 0.01 seconds.     

  Program  MARK  - Survival Rate Estimation with Capture-Recapture Data
   gfortran(dble) Vers. 9.0 Mar 2018     3-Dec-2019 11:08:54    Page  004
 - - - - - - - - - - - - - - - - - - - - - - - - - - - - - - - - - - - - - -
 


  INPUT --- proc stop;

     CPU Time in minutes for this job was 0.00

     Time Start = 11:08:54.226   Time End = 11:08:55.268

     Wall Clock Time in minutes for this job was 0.02


          E X E C U T I O N   S U C C E S S F U L 
