
   Program  MARK  - Survival Rate Estimation with Capture-Recapture Data
   gfortran(dble) Vers. 9.0 Mar 2018     3-Dec-2019 11:08:29    Page  001
 - - - - - - - - - - - - - - - - - - - - - - - - - - - - - - - - - - - - - -
 
   This version was compiled by GCC version 7.2.0 using the options: 
     -cpp -iprefix C:/Program Files/mingw-w64/x86_64-7.2.0-posix-seh-rt_v5-rev1/
     mingw64/bin/../lib/gcc/x86_64-w64-mingw32/7.2.0/ -D_MT -D_REENTRANT
     -U_REENTRANT -D IEEE -D DBLEPRECISION -m64 -mtune=core2 -march=nocona -mthreads
     -O2 -fimplicit-none -fbounds-check -funroll-loops -ftree-vectorize
     -ffpe-summary=invalid,zero,overflow,underflow -fno-unsafe-math-optimizations
     -frounding-math -fsignaling-nans -fopenmp.

   This problem will use 7 of 8 possible threads.


  INPUT --- proc title ;

   CPU Time for the last procedure was 0.01 seconds.     


  INPUT --- proc chmatrix occasions= 3 groups= 1 etype= Occupancy 
  INPUT --- Nodes= 101 icovar = 4 ICMeans  NoHist hist= 138 ;

  INPUT ---    time interval 1 1 1 ;

  INPUT ---     icovariates mxdep1 mxdep2 mxdep3 Sinuosity ;

  INPUT ---    glabel(1)=freq1;

      Number of unique encounter histories read was 138.

      Number of individual covariates read was 4.
      Time interval lengths are all equal to 1.

      Data type number is 27
      Data type is Occupancy Estimation with Detection < 1                                                             

   CPU Time for the last procedure was 0.02 seconds.     

  Program  MARK  - Survival Rate Estimation with Capture-Recapture Data
   gfortran(dble) Vers. 9.0 Mar 2018     3-Dec-2019 11:08:29    Page  002
 - - - - - - - - - - - - - - - - - - - - - - - - - - - - - - - - - - - - - -
 


  INPUT --- proc estimate link=Logit NOLOOP varest=2ndPart    ;


  INPUT --- model={ p(~mxdep)Psi(~Sinuosity) };

  INPUT ---    group=1 p    rows=1 cols=3 Square ;
  INPUT ---        1 2 3 ;

  INPUT ---    group=1 Psi    rows=1 cols=1 Square ;
  INPUT ---        4 ;

  INPUT ---    design matrix constraints=4 covariates=4;
  INPUT ---        1 mxdep1 0 0;
  INPUT ---        1 mxdep2 0 0;
  INPUT ---        1 mxdep3 0 0;
  INPUT ---        0 0 1 Sinuosity;
  INPUT ---       blabel(1)=p:(Intercept);
  INPUT ---       blabel(2)=p:mxdep;
  INPUT ---       blabel(3)=Psi:(Intercept);
  INPUT ---       blabel(4)=Psi:Sinuosity;
  INPUT ---       rlabel(1)=p g1 a0 t1;
  INPUT ---       rlabel(2)=p g1 a1 t2;
  INPUT ---       rlabel(3)=p g1 a2 t3;
  INPUT ---       rlabel(4)=Psi g1 a0 t1;

 Link Function Used is LOGIT        

 Variance Estimation Procedure Used is 2ndPart 
 -2logL(saturated) = 0.0000000     
 Effective Sample Size = 138

 Number of function evaluations was 20 for 4 parameters.
 Time for numerical optimization was 0.01 seconds.     
 -2logL { p(~mxdep)Psi(~Sinuosity) } = 169.30097     
 Penalty { p(~mxdep)Psi(~Sinuosity) } = 0.0000000     
 Gradient { p(~mxdep)Psi(~Sinuosity) }:
 -0.8976434E-06 -0.2883776E-07  0.9614368E-06  0.7832171E-06
 Maximum ABS(G) { p(~mxdep)Psi(~Sinuosity) } = 0.9614368E-06 
 S Vector { p(~mxdep)Psi(~Sinuosity) }:
   21.29473      8.384377     0.8885074E-01 0.1117318E-02
 Time to compute number of parameters was 0.05 seconds.     
 Ratio Threshold = 50.000000       Max Gap (2/3) = 94.364734       Next Max Gap (3/4) = 79.521479     
 Gap Method for Num. of Estimated Parameters { p(~mxdep)Psi(~Sinuosity) } = 2          
 Threshold { p(~mxdep)Psi(~Sinuosity) } = 0.1922874E-05                 
 Numerical Threshold Method for Num. of Estimated Parameters { p(~mxdep)Psi(~Sinuosity) } = 4          
 Number of Estimated Parameters { p(~mxdep)Psi(~Sinuosity) } = 4          

   * *  WARNING  * *   Number of parameters estimated from gap method (=2) and threshold method (=4) differ.  Inspect full output.                                                                                                                                                                                                                                                                                                                                                                                                                      
 Ratios of S Vector { p(~mxdep)Psi(~Sinuosity) }:
   1/2    2.539811       2/3    94.36473       3/4    79.52148    
 DEVIANCE { p(~mxdep)Psi(~Sinuosity) } = 169.30097                     
 DEVIANCE Degrees of Freedom { p(~mxdep)Psi(~Sinuosity) } = 134            
 c-hat { p(~mxdep)Psi(~Sinuosity) } = 1.2634401                     
 AIC { p(~mxdep)Psi(~Sinuosity) } = 177.30097                  
 AICc { p(~mxdep)Psi(~Sinuosity) } = 177.60172                    
 BIC { p(~mxdep)Psi(~Sinuosity) } = 189.00999                    
 Pearson Chisquare { p(~mxdep)Psi(~Sinuosity) } = 1039.3637                  

  Program  MARK  - Survival Rate Estimation with Capture-Recapture Data
   gfortran(dble) Vers. 9.0 Mar 2018     3-Dec-2019 11:08:31    Page  003
 - - - - - - - - - - - - - - - - - - - - - - - - - - - - - - - - - - - - - -
 


                 LOGIT Link Function Parameters of { p(~mxdep)Psi(~Sinuosity) }
                                                              95% Confidence Interval
 Parameter                    Beta         Standard Error      Lower           Upper
 -------------------------  --------------  --------------  --------------  --------------
    1:p:(Intercept)         -1.1248400       0.9553563      -2.9973383       0.7476584    
    2:p:mxdep                4.0712919       1.8689501       0.4081498       7.7344341    
    3:Psi:(Intercept)       -0.9838523       1.6438653      -4.2058283       2.2381238    
    4:Psi:Sinuosity         -0.6429292       1.3140540      -3.2184751       1.9326168    


                 Real Function Parameters of { p(~mxdep)Psi(~Sinuosity) }

      Following estimates based on unstandardized individual covariate values:
          Variable   Value         
          ---------  ------------- 
          MXDEP1      0.5167391    
          MXDEP2      0.4846377    
          MXDEP3      0.6304348    
          SINUOSITY   1.2535645    
                                                               95% Confidence Interval
  Parameter                  Estimate       Standard Error      Lower           Upper
 --------------------------  --------------  --------------  --------------  --------------
     1:p g1 a0 t1             0.7269010       0.0698603       0.5718019       0.8414031                          
     2:p g1 a1 t2             0.7002023       0.0722643       0.5432750       0.8209782                          
     3:p g1 a2 t3             0.8087401       0.0692856       0.6373548       0.9105026                          
     4:Psi g1 a0 t1           0.1430966       0.0309502       0.0924128       0.2149931                          


                      Estimates of Derived Parameters
           Occupancy Estimates of { p(~mxdep)Psi(~Sinuosity) }
                                            95% Confidence Interval
 Group   Psi-hat         Standard Error      Lower           Upper
 -----   --------------  --------------  --------------  --------------
   1      0.1430966       0.0309502       0.0924128       0.2149931    

 Attempted ordering of parameters by estimatibility:
  3 1 4 2
 Beta number 2 is a singular value.

   CPU Time for the last procedure was 0.05 seconds.     

  Program  MARK  - Survival Rate Estimation with Capture-Recapture Data
   gfortran(dble) Vers. 9.0 Mar 2018     3-Dec-2019 11:08:31    Page  004
 - - - - - - - - - - - - - - - - - - - - - - - - - - - - - - - - - - - - - -
 


  INPUT --- proc stop;

     CPU Time in minutes for this job was 0.00

     Time Start = 11:08:29.849   Time End = 11:08:31.138

     Wall Clock Time in minutes for this job was 0.02


          E X E C U T I O N   S U C C E S S F U L 
