
   Program  MARK  - Survival Rate Estimation with Capture-Recapture Data
   gfortran(dble) Vers. 9.0 Mar 2018     3-Dec-2019 10:57:04    Page  001
 - - - - - - - - - - - - - - - - - - - - - - - - - - - - - - - - - - - - - -
 
   This version was compiled by GCC version 7.2.0 using the options: 
     -cpp -iprefix C:/Program Files/mingw-w64/x86_64-7.2.0-posix-seh-rt_v5-rev1/
     mingw64/bin/../lib/gcc/x86_64-w64-mingw32/7.2.0/ -D_MT -D_REENTRANT
     -U_REENTRANT -D IEEE -D DBLEPRECISION -m64 -mtune=core2 -march=nocona -mthreads
     -O2 -fimplicit-none -fbounds-check -funroll-loops -ftree-vectorize
     -ffpe-summary=invalid,zero,overflow,underflow -fno-unsafe-math-optimizations
     -frounding-math -fsignaling-nans -fopenmp.

   This problem will use 7 of 8 possible threads.


  INPUT --- proc title ;

   CPU Time for the last procedure was 0.01 seconds.     


  INPUT --- proc chmatrix occasions= 3 groups= 1 etype= Occupancy 
  INPUT --- Nodes= 101 icovar = 1 ICMeans  NoHist hist= 45 ;

  INPUT ---    time interval 1 1 1 ;

  INPUT ---     icovariates under ;

  INPUT ---    glabel(1)=freq1;

      Number of unique encounter histories read was 45.

      Number of individual covariates read was 1.
      Time interval lengths are all equal to 1.

      Data type number is 27
      Data type is Occupancy Estimation with Detection < 1                                                             

   CPU Time for the last procedure was 0.01 seconds.     

  Program  MARK  - Survival Rate Estimation with Capture-Recapture Data
   gfortran(dble) Vers. 9.0 Mar 2018     3-Dec-2019 10:57:04    Page  002
 - - - - - - - - - - - - - - - - - - - - - - - - - - - - - - - - - - - - - -
 


  INPUT --- proc estimate link=Logit NOLOOP varest=2ndPart    ;


  INPUT --- model={ p(~under)Psi(~1) };

  INPUT ---    group=1 p    rows=1 cols=3 Square ;
  INPUT ---        1 1 1 ;

  INPUT ---    group=1 Psi    rows=1 cols=1 Square ;
  INPUT ---        2 ;

  INPUT ---    design matrix constraints=2 covariates=3;
  INPUT ---        1 under 0;
  INPUT ---        0 0 1;
  INPUT ---       blabel(1)=p:(Intercept);
  INPUT ---       blabel(2)=p:under;
  INPUT ---       blabel(3)=Psi:(Intercept);
  INPUT ---       rlabel(1)=p g1 a0 t1;
  INPUT ---       rlabel(2)=Psi g1 a0 t1;

 Link Function Used is LOGIT        

 Variance Estimation Procedure Used is 2ndPart 
 -2logL(saturated) = 0.0000000     
 Effective Sample Size = 138

 Number of function evaluations was 14 for 3 parameters.
 Time for numerical optimization was 0.01 seconds.     
 -2logL { p(~under)Psi(~1) } = 174.93216     
 Penalty { p(~under)Psi(~1) } = 0.0000000     
 Gradient { p(~under)Psi(~1) }:
  0.2338300E-05  0.9572673E-06  0.6811622E-06
 Maximum ABS(G) { p(~under)Psi(~1) } = 0.2338300E-05 
 S Vector { p(~under)Psi(~1) }:
   16.45213      10.13494     0.5202485    
 Time to compute number of parameters was 0.01 seconds.     
 Ratio Threshold = 50.000000       Max Gap (2/3) = 19.480967       Next Max Gap (1/2) = 1.6233078     
 Gap Method for Num. of Estimated Parameters { p(~under)Psi(~1) } = 3          
 Threshold { p(~under)Psi(~1) } = 0.4676600E-05                 
 Numerical Threshold Method for Num. of Estimated Parameters { p(~under)Psi(~1) } = 3          
 Number of Estimated Parameters { p(~under)Psi(~1) } = 3          
 DEVIANCE { p(~under)Psi(~1) } = 174.93216                     
 DEVIANCE Degrees of Freedom { p(~under)Psi(~1) } = 135            
 c-hat { p(~under)Psi(~1) } = 1.2957938                     
 AIC { p(~under)Psi(~1) } = 180.93216                  
 AICc { p(~under)Psi(~1) } = 181.11127                    
 BIC { p(~under)Psi(~1) } = 189.71392                    
 Pearson Chisquare { p(~under)Psi(~1) } = 1061.1585                  


                     LOGIT Link Function Parameters of { p(~under)Psi(~1) }
                                                              95% Confidence Interval
 Parameter                    Beta         Standard Error      Lower           Upper
 -------------------------  --------------  --------------  --------------  --------------
    1:p:(Intercept)          0.6313977       0.5225764      -0.3928521       1.6556475    
    2:p:under                0.4106869       0.5467887      -0.6610189       1.4823927    
    3:Psi:(Intercept)       -1.8001387       0.2498189      -2.2897838      -1.3104936    

  Program  MARK  - Survival Rate Estimation with Capture-Recapture Data
   gfortran(dble) Vers. 9.0 Mar 2018     3-Dec-2019 10:57:04    Page  003
 - - - - - - - - - - - - - - - - - - - - - - - - - - - - - - - - - - - - - -
 


                     Real Function Parameters of { p(~under)Psi(~1) }

      Following estimates based on unstandardized individual covariate values:
          Variable   Value         
          ---------  ------------- 
          UNDER       0.5466074    
                                                               95% Confidence Interval
  Parameter                  Estimate       Standard Error      Lower           Upper
 --------------------------  --------------  --------------  --------------  --------------
     1:p g1 a0 t1             0.7017996       0.0721631       0.5448870       0.8222595                          
     2:Psi g1 a0 t1           0.1418342       0.0304073       0.0919726       0.2124043                          


                      Estimates of Derived Parameters
               Occupancy Estimates of { p(~under)Psi(~1) }
                                            95% Confidence Interval
 Group   Psi-hat         Standard Error      Lower           Upper
 -----   --------------  --------------  --------------  --------------
   1      0.1418342       0.0304073       0.0919726       0.2124043    

   CPU Time for the last procedure was 0.01 seconds.     

  Program  MARK  - Survival Rate Estimation with Capture-Recapture Data
   gfortran(dble) Vers. 9.0 Mar 2018     3-Dec-2019 10:57:04    Page  004
 - - - - - - - - - - - - - - - - - - - - - - - - - - - - - - - - - - - - - -
 


  INPUT --- proc stop;

     CPU Time in minutes for this job was 0.00

     Time Start = 10:57:04.044   Time End = 10:57:04.054

     Wall Clock Time in minutes for this job was 0.00


          E X E C U T I O N   S U C C E S S F U L 
