
   Program  MARK  - Survival Rate Estimation with Capture-Recapture Data
   gfortran(dble) Vers. 9.0 Mar 2018     3-Dec-2019 11:09:42    Page  001
 - - - - - - - - - - - - - - - - - - - - - - - - - - - - - - - - - - - - - -
 
   This version was compiled by GCC version 7.2.0 using the options: 
     -cpp -iprefix C:/Program Files/mingw-w64/x86_64-7.2.0-posix-seh-rt_v5-rev1/
     mingw64/bin/../lib/gcc/x86_64-w64-mingw32/7.2.0/ -D_MT -D_REENTRANT
     -U_REENTRANT -D IEEE -D DBLEPRECISION -m64 -mtune=core2 -march=nocona -mthreads
     -O2 -fimplicit-none -fbounds-check -funroll-loops -ftree-vectorize
     -ffpe-summary=invalid,zero,overflow,underflow -fno-unsafe-math-optimizations
     -frounding-math -fsignaling-nans -fopenmp.

   This problem will use 7 of 8 possible threads.


  INPUT --- proc title ;

   CPU Time for the last procedure was 0.01 seconds.     


  INPUT --- proc chmatrix occasions= 3 groups= 1 etype= Occupancy 
  INPUT --- Nodes= 101 icovar = 7 ICMeans  NoHist hist= 138 ;

  INPUT ---    time interval 1 1 1 ;

  INPUT ---     icovariates effort1 effort2 effort3 lwd1 lwd2 lwd3 under  ;

  INPUT ---    glabel(1)=freq1;

      Number of unique encounter histories read was 138.

      Number of individual covariates read was 7.
      Time interval lengths are all equal to 1.

      Data type number is 27
      Data type is Occupancy Estimation with Detection < 1                                                             

   CPU Time for the last procedure was 0.01 seconds.     

  Program  MARK  - Survival Rate Estimation with Capture-Recapture Data
   gfortran(dble) Vers. 9.0 Mar 2018     3-Dec-2019 11:09:42    Page  002
 - - - - - - - - - - - - - - - - - - - - - - - - - - - - - - - - - - - - - -
 


  INPUT --- proc estimate link=Logit NOLOOP varest=2ndPart    ;


  INPUT --- model={ p(~effort + lwd)Psi(~under) };

  INPUT ---    group=1 p    rows=1 cols=3 Square ;
  INPUT ---        1 2 3 ;

  INPUT ---    group=1 Psi    rows=1 cols=1 Square ;
  INPUT ---        4 ;

  INPUT ---    design matrix constraints=4 covariates=5;
  INPUT ---        1 effort1 lwd1 0 0;
  INPUT ---        1 effort2 lwd2 0 0;
  INPUT ---        1 effort3 lwd3 0 0;
  INPUT ---        0 0 0 1 under;
  INPUT ---       blabel(1)=p:(Intercept);
  INPUT ---       blabel(2)=p:effort;
  INPUT ---       blabel(3)=p:lwd;
  INPUT ---       blabel(4)=Psi:(Intercept);
  INPUT ---       blabel(5)=Psi:under;
  INPUT ---       rlabel(1)=p g1 a0 t1;
  INPUT ---       rlabel(2)=p g1 a1 t2;
  INPUT ---       rlabel(3)=p g1 a2 t3;
  INPUT ---       rlabel(4)=Psi g1 a0 t1;

 Link Function Used is LOGIT        

 Variance Estimation Procedure Used is 2ndPart 
 -2logL(saturated) = 0.0000000     
 Effective Sample Size = 138

 Number of function evaluations was 22 for 5 parameters.
 Time for numerical optimization was 0.03 seconds.     
 -2logL { p(~effort + lwd)Psi(~under) } = 165.57066     
 Penalty { p(~effort + lwd)Psi(~under) } = 0.0000000     
 Gradient { p(~effort + lwd)Psi(~under) }:
   0.000000       0.000000     -0.6445821E-06  0.1776372E-05   0.000000    
 Maximum ABS(G) { p(~effort + lwd)Psi(~under) } = 0.1776372E-05 
 S Vector { p(~effort + lwd)Psi(~under) }:
   17.38198      8.249654     0.9593949     0.1937809     0.9951711E-01
 Time to compute number of parameters was 0.02 seconds.     
 Ratio Threshold = 50.000000       Max Gap (2/3) = 8.5988099       Next Max Gap (3/4) = 4.9509266     
 Gap Method for Num. of Estimated Parameters { p(~effort + lwd)Psi(~under) } = 5          
 Threshold { p(~effort + lwd)Psi(~under) } = 0.3552744E-05                 
 Numerical Threshold Method for Num. of Estimated Parameters { p(~effort + lwd)Psi(~under) } = 5          
 Number of Estimated Parameters { p(~effort + lwd)Psi(~under) } = 5          
 DEVIANCE { p(~effort + lwd)Psi(~under) } = 165.57066                     
 DEVIANCE Degrees of Freedom { p(~effort + lwd)Psi(~under) } = 133            
 c-hat { p(~effort + lwd)Psi(~under) } = 1.2448921                     
 AIC { p(~effort + lwd)Psi(~under) } = 175.57066                  
 AICc { p(~effort + lwd)Psi(~under) } = 176.02520                    
 BIC { p(~effort + lwd)Psi(~under) } = 190.20692                    
 Pearson Chisquare { p(~effort + lwd)Psi(~under) } = 894.10825                  

  Program  MARK  - Survival Rate Estimation with Capture-Recapture Data
   gfortran(dble) Vers. 9.0 Mar 2018     3-Dec-2019 11:09:43    Page  003
 - - - - - - - - - - - - - - - - - - - - - - - - - - - - - - - - - - - - - -
 


               LOGIT Link Function Parameters of { p(~effort + lwd)Psi(~under) }
                                                              95% Confidence Interval
 Parameter                    Beta         Standard Error      Lower           Upper
 -------------------------  --------------  --------------  --------------  --------------
    1:p:(Intercept)         -0.6147422       0.7126152      -2.0114679       0.7819836    
    2:p:effort               0.0016344       0.7796140E-03   0.1063252E-03   0.0031624    
    3:p:lwd                  1.1194552       1.2970279      -1.4227194       3.6616299    
    4:Psi:(Intercept)       -2.2211976       0.3790708      -2.9641763      -1.4782189    
    5:Psi:under              0.7194369       0.4054446      -0.0752345       1.5141082    


               Real Function Parameters of { p(~effort + lwd)Psi(~under) }

      Following estimates based on unstandardized individual covariate values:
          Variable   Value         
          ---------  ------------- 
          EFFORT1     906.23188    
          EFFORT2     834.18841    
          EFFORT3     818.18116    
          LWD1        0.2346014    
          LWD2        0.2355072    
          LWD3        0.2114389    
          UNDER       0.5466074    
                                                               95% Confidence Interval
  Parameter                  Estimate       Standard Error      Lower           Upper
 --------------------------  --------------  --------------  --------------  --------------
     1:p g1 a0 t1             0.7556544       0.0717493       0.5908226       0.8688278                          
     2:p g1 a1 t2             0.7334639       0.0726340       0.5705391       0.8507489                          
     3:p g1 a2 t3             0.7229544       0.0727184       0.5615759       0.8416781                          
     4:Psi g1 a0 t1           0.1384829       0.0313628       0.0876087       0.2120342                          


                      Estimates of Derived Parameters
          Occupancy Estimates of { p(~effort + lwd)Psi(~under) }
                                            95% Confidence Interval
 Group   Psi-hat         Standard Error      Lower           Upper
 -----   --------------  --------------  --------------  --------------
   1      0.1384829       0.0313628       0.0876087       0.2120342    

   CPU Time for the last procedure was 0.05 seconds.     

  Program  MARK  - Survival Rate Estimation with Capture-Recapture Data
   gfortran(dble) Vers. 9.0 Mar 2018     3-Dec-2019 11:09:43    Page  004
 - - - - - - - - - - - - - - - - - - - - - - - - - - - - - - - - - - - - - -
 


  INPUT --- proc stop;

     CPU Time in minutes for this job was 0.00

     Time Start = 11:09:42.891   Time End = 11:09:43.846

     Wall Clock Time in minutes for this job was 0.02


          E X E C U T I O N   S U C C E S S F U L 
