
   Program  MARK  - Survival Rate Estimation with Capture-Recapture Data
   gfortran(dble) Vers. 9.0 Mar 2018     3-Dec-2019 11:09:01    Page  001
 - - - - - - - - - - - - - - - - - - - - - - - - - - - - - - - - - - - - - -
 
   This version was compiled by GCC version 7.2.0 using the options: 
     -cpp -iprefix C:/Program Files/mingw-w64/x86_64-7.2.0-posix-seh-rt_v5-rev1/
     mingw64/bin/../lib/gcc/x86_64-w64-mingw32/7.2.0/ -D_MT -D_REENTRANT
     -U_REENTRANT -D IEEE -D DBLEPRECISION -m64 -mtune=core2 -march=nocona -mthreads
     -O2 -fimplicit-none -fbounds-check -funroll-loops -ftree-vectorize
     -ffpe-summary=invalid,zero,overflow,underflow -fno-unsafe-math-optimizations
     -frounding-math -fsignaling-nans -fopenmp.

   This problem will use 7 of 8 possible threads.


  INPUT --- proc title ;

   CPU Time for the last procedure was 0.01 seconds.     


  INPUT --- proc chmatrix occasions= 3 groups= 1 etype= Occupancy 
  INPUT --- Nodes= 101 icovar = 4 ICMeans  NoHist hist= 138 ;

  INPUT ---    time interval 1 1 1 ;

  INPUT ---     icovariates mxflow1 mxflow2 mxflow3 pctSlope ;

  INPUT ---    glabel(1)=freq1;

      Number of unique encounter histories read was 138.

      Number of individual covariates read was 4.
      Time interval lengths are all equal to 1.

      Data type number is 27
      Data type is Occupancy Estimation with Detection < 1                                                             

   CPU Time for the last procedure was 0.02 seconds.     

  Program  MARK  - Survival Rate Estimation with Capture-Recapture Data
   gfortran(dble) Vers. 9.0 Mar 2018     3-Dec-2019 11:09:01    Page  002
 - - - - - - - - - - - - - - - - - - - - - - - - - - - - - - - - - - - - - -
 


  INPUT --- proc estimate link=Logit NOLOOP varest=2ndPart    ;


  INPUT --- model={ p(~mxflow)Psi(~pctSlope) };

  INPUT ---    group=1 p    rows=1 cols=3 Square ;
  INPUT ---        1 2 3 ;

  INPUT ---    group=1 Psi    rows=1 cols=1 Square ;
  INPUT ---        4 ;

  INPUT ---    design matrix constraints=4 covariates=4;
  INPUT ---        1 mxflow1 0 0;
  INPUT ---        1 mxflow2 0 0;
  INPUT ---        1 mxflow3 0 0;
  INPUT ---        0 0 1 pctSlope;
  INPUT ---       blabel(1)=p:(Intercept);
  INPUT ---       blabel(2)=p:mxflow;
  INPUT ---       blabel(3)=Psi:(Intercept);
  INPUT ---       blabel(4)=Psi:pctSlope;
  INPUT ---       rlabel(1)=p g1 a0 t1;
  INPUT ---       rlabel(2)=p g1 a1 t2;
  INPUT ---       rlabel(3)=p g1 a2 t3;
  INPUT ---       rlabel(4)=Psi g1 a0 t1;

 Link Function Used is LOGIT        

 Variance Estimation Procedure Used is 2ndPart 
 -2logL(saturated) = 0.0000000     
 Effective Sample Size = 138

 Number of function evaluations was 28 for 4 parameters.
 Time for numerical optimization was 0.05 seconds.     
 -2logL { p(~mxflow)Psi(~pctSlope) } = 175.47566     
 Penalty { p(~mxflow)Psi(~pctSlope) } = 0.0000000     
 Gradient { p(~mxflow)Psi(~pctSlope) }:
  0.9435828E-06   0.000000     -0.1370955E-05 -0.1545676E-05
 Maximum ABS(G) { p(~mxflow)Psi(~pctSlope) } = 0.1545676E-05 
 S Vector { p(~mxflow)Psi(~pctSlope) }:
   16.57293      9.602704     0.3995496     0.2185458E-03
 Time to compute number of parameters was 0.01 seconds.     
 Ratio Threshold = 50.000000       Max Gap (3/4) = 1828.2189       Next Max Gap (2/3) = 24.033822     
 Gap Method for Num. of Estimated Parameters { p(~mxflow)Psi(~pctSlope) } = 3          
 Threshold { p(~mxflow)Psi(~pctSlope) } = 0.3091353E-05                 
 Numerical Threshold Method for Num. of Estimated Parameters { p(~mxflow)Psi(~pctSlope) } = 4          
 Number of Estimated Parameters { p(~mxflow)Psi(~pctSlope) } = 4          

   * *  WARNING  * *   Number of parameters estimated from gap method (=3) and threshold method (=4) differ.  Inspect full output.                                                                                                                                                                                                                                                                                                                                                                                                                      
 Ratios of S Vector { p(~mxflow)Psi(~pctSlope) }:
   1/2    1.725861       2/3    24.03382       3/4    1828.219    
 DEVIANCE { p(~mxflow)Psi(~pctSlope) } = 175.47566                     
 DEVIANCE Degrees of Freedom { p(~mxflow)Psi(~pctSlope) } = 134            
 c-hat { p(~mxflow)Psi(~pctSlope) } = 1.3095198                     
 AIC { p(~mxflow)Psi(~pctSlope) } = 183.47566                  
 AICc { p(~mxflow)Psi(~pctSlope) } = 183.77641                    
 BIC { p(~mxflow)Psi(~pctSlope) } = 195.18467                    
 Pearson Chisquare { p(~mxflow)Psi(~pctSlope) } = 1096.7127                  

  Program  MARK  - Survival Rate Estimation with Capture-Recapture Data
   gfortran(dble) Vers. 9.0 Mar 2018     3-Dec-2019 11:09:03    Page  003
 - - - - - - - - - - - - - - - - - - - - - - - - - - - - - - - - - - - - - -
 


                 LOGIT Link Function Parameters of { p(~mxflow)Psi(~pctSlope) }
                                                              95% Confidence Interval
 Parameter                    Beta         Standard Error      Lower           Upper
 -------------------------  --------------  --------------  --------------  --------------
    1:p:(Intercept)          1.0213897       0.6662176      -0.2843968       2.3271763    
    2:p:mxflow              -0.1322510       1.0248697      -2.1409956       1.8764937    
    3:Psi:(Intercept)       -1.7825111       0.2982393      -2.3670602      -1.1979620    
    4:Psi:pctSlope          -0.0044604       0.0299897      -0.0632402       0.0543194    


                 Real Function Parameters of { p(~mxflow)Psi(~pctSlope) }

      Following estimates based on unstandardized individual covariate values:
          Variable   Value         
          ---------  ------------- 
          MXFLOW1     0.8952899    
          MXFLOW2     1.0911594    
          MXFLOW3     0.5689855    
          PCTSLOPE    5.7132415    
                                                               95% Confidence Interval
  Parameter                  Estimate       Standard Error      Lower           Upper
 --------------------------  --------------  --------------  --------------  --------------
     1:p g1 a0 t1             0.7115629       0.0951369       0.4986134       0.8595455                          
     2:p g1 a1 t2             0.7062174       0.1294446       0.4144077       0.8908973                          
     3:p g1 a2 t3             0.7203384       0.0647502       0.5783879       0.8286547                          
     4:Psi g1 a0 t1           0.1408807       0.0301186       0.0914771       0.2107755                          


                      Estimates of Derived Parameters
           Occupancy Estimates of { p(~mxflow)Psi(~pctSlope) }
                                            95% Confidence Interval
 Group   Psi-hat         Standard Error      Lower           Upper
 -----   --------------  --------------  --------------  --------------
   1      0.1408807       0.0301186       0.0914771       0.2107755    

 Attempted ordering of parameters by estimatibility:
  3 1 4 2
 Beta number 2 is a singular value.

   CPU Time for the last procedure was 0.05 seconds.     

  Program  MARK  - Survival Rate Estimation with Capture-Recapture Data
   gfortran(dble) Vers. 9.0 Mar 2018     3-Dec-2019 11:09:03    Page  004
 - - - - - - - - - - - - - - - - - - - - - - - - - - - - - - - - - - - - - -
 


  INPUT --- proc stop;

     CPU Time in minutes for this job was 0.00

     Time Start = 11:09:01.759   Time End = 11:09:03.017

     Wall Clock Time in minutes for this job was 0.02


          E X E C U T I O N   S U C C E S S F U L 
