
   Program  MARK  - Survival Rate Estimation with Capture-Recapture Data
   gfortran(dble) Vers. 9.0 Mar 2018     3-Dec-2019 11:06:47    Page  001
 - - - - - - - - - - - - - - - - - - - - - - - - - - - - - - - - - - - - - -
 
   This version was compiled by GCC version 7.2.0 using the options: 
     -cpp -iprefix C:/Program Files/mingw-w64/x86_64-7.2.0-posix-seh-rt_v5-rev1/
     mingw64/bin/../lib/gcc/x86_64-w64-mingw32/7.2.0/ -D_MT -D_REENTRANT
     -U_REENTRANT -D IEEE -D DBLEPRECISION -m64 -mtune=core2 -march=nocona -mthreads
     -O2 -fimplicit-none -fbounds-check -funroll-loops -ftree-vectorize
     -ffpe-summary=invalid,zero,overflow,underflow -fno-unsafe-math-optimizations
     -frounding-math -fsignaling-nans -fopenmp.

   This problem will use 7 of 8 possible threads.


  INPUT --- proc title ;

   CPU Time for the last procedure was 0.01 seconds.     


  INPUT --- proc chmatrix occasions= 3 groups= 1 etype= Occupancy 
  INPUT --- Nodes= 101 icovar = 7 ICMeans  NoHist hist= 138 ;

  INPUT ---    time interval 1 1 1 ;

  INPUT ---     icovariates effort1 effort2 effort3 mxdep1 mxdep2 mxdep3  
  INPUT ---    depool ;

  INPUT ---    glabel(1)=freq1;

      Number of unique encounter histories read was 138.

      Number of individual covariates read was 7.
      Time interval lengths are all equal to 1.

      Data type number is 27
      Data type is Occupancy Estimation with Detection < 1                                                             

   CPU Time for the last procedure was 0.02 seconds.     

  Program  MARK  - Survival Rate Estimation with Capture-Recapture Data
   gfortran(dble) Vers. 9.0 Mar 2018     3-Dec-2019 11:06:47    Page  002
 - - - - - - - - - - - - - - - - - - - - - - - - - - - - - - - - - - - - - -
 


  INPUT --- proc estimate link=Logit NOLOOP varest=2ndPart    ;


  INPUT --- model={ p(~effort + mxdep)Psi(~depool) };

  INPUT ---    group=1 p    rows=1 cols=3 Square ;
  INPUT ---        1 2 3 ;

  INPUT ---    group=1 Psi    rows=1 cols=1 Square ;
  INPUT ---        4 ;

  INPUT ---    design matrix constraints=4 covariates=5;
  INPUT ---        1 effort1 mxdep1 0 0;
  INPUT ---        1 effort2 mxdep2 0 0;
  INPUT ---        1 effort3 mxdep3 0 0;
  INPUT ---        0 0 0 1 depool;
  INPUT ---       blabel(1)=p:(Intercept);
  INPUT ---       blabel(2)=p:effort;
  INPUT ---       blabel(3)=p:mxdep;
  INPUT ---       blabel(4)=Psi:(Intercept);
  INPUT ---       blabel(5)=Psi:depool;
  INPUT ---       rlabel(1)=p g1 a0 t1;
  INPUT ---       rlabel(2)=p g1 a1 t2;
  INPUT ---       rlabel(3)=p g1 a2 t3;
  INPUT ---       rlabel(4)=Psi g1 a0 t1;

 Link Function Used is LOGIT        

 Variance Estimation Procedure Used is 2ndPart 
 -2logL(saturated) = 0.0000000     
 Effective Sample Size = 138

 Number of function evaluations was 26 for 5 parameters.
 Time for numerical optimization was 0.01 seconds.     
 -2logL { p(~effort + mxdep)Psi(~depool) } = 167.38010     
 Penalty { p(~effort + mxdep)Psi(~depool) } = 0.0000000     
 Gradient { p(~effort + mxdep)Psi(~depool) }:
  0.2533742E-05  0.3997525E-06  0.1261958E-06  0.2644053E-05  0.1409037E-05
 Maximum ABS(G) { p(~effort + mxdep)Psi(~depool) } = 0.2644053E-05 
 S Vector { p(~effort + mxdep)Psi(~depool) }:
   18.17124      8.170391     0.7035990     0.1260284     0.8786207E-03
 Time to compute number of parameters was 0.01 seconds.     
 Ratio Threshold = 50.000000       Max Gap (4/5) = 143.43893       Next Max Gap (2/3) = 11.612283     
 Gap Method for Num. of Estimated Parameters { p(~effort + mxdep)Psi(~depool) } = 4          
 Threshold { p(~effort + mxdep)Psi(~depool) } = 0.5288106E-05                 
 Numerical Threshold Method for Num. of Estimated Parameters { p(~effort + mxdep)Psi(~depool) } = 5          
 Number of Estimated Parameters { p(~effort + mxdep)Psi(~depool) } = 5          

   * *  WARNING  * *   Number of parameters estimated from gap method (=4) and threshold method (=5) differ.  Inspect full output.                                                                                                                                                                                                                                                                                                                                                                                                                      

  Program  MARK  - Survival Rate Estimation with Capture-Recapture Data
   gfortran(dble) Vers. 9.0 Mar 2018     3-Dec-2019 11:06:47    Page  003
 - - - - - - - - - - - - - - - - - - - - - - - - - - - - - - - - - - - - - -
 
 Ratios of S Vector { p(~effort + mxdep)Psi(~depool) }:
   1/2    2.224036       2/3    11.61228       3/4    5.582860       4/5    143.4389    
 DEVIANCE { p(~effort + mxdep)Psi(~depool) } = 167.38010                     
 DEVIANCE Degrees of Freedom { p(~effort + mxdep)Psi(~depool) } = 133            
 c-hat { p(~effort + mxdep)Psi(~depool) } = 1.2584970                     
 AIC { p(~effort + mxdep)Psi(~depool) } = 177.38010                  
 AICc { p(~effort + mxdep)Psi(~depool) } = 177.83464                    
 BIC { p(~effort + mxdep)Psi(~depool) } = 192.01636                    
 Pearson Chisquare { p(~effort + mxdep)Psi(~depool) } = 958.63775                  


              LOGIT Link Function Parameters of { p(~effort + mxdep)Psi(~depool) }
                                                              95% Confidence Interval
 Parameter                    Beta         Standard Error      Lower           Upper
 -------------------------  --------------  --------------  --------------  --------------
    1:p:(Intercept)         -1.2583384       0.9641311      -3.1480354       0.6313586    
    2:p:effort               0.9456678E-03   0.7851349E-03  -0.5931965E-03   0.0024845    
    3:p:mxdep                2.7714115       2.1060403      -1.3564275       6.8992505    
    4:Psi:(Intercept)       -1.8854925       0.4496736      -2.7668528      -1.0041323    
    5:Psi:depool             0.1248192       0.3995442      -0.6582875       0.9079258    


              Real Function Parameters of { p(~effort + mxdep)Psi(~depool) }

      Following estimates based on unstandardized individual covariate values:
          Variable   Value         
          ---------  ------------- 
          EFFORT1     906.23188    
          EFFORT2     834.18841    
          EFFORT3     818.18116    
          MXDEP1      0.5167391    
          MXDEP2      0.4846377    
          MXDEP3      0.6304348    
          DEPOOL      0.8757795    
                                                               95% Confidence Interval
  Parameter                  Estimate       Standard Error      Lower           Upper
 --------------------------  --------------  --------------  --------------  --------------
     1:p g1 a0 t1             0.7370618       0.0725699       0.5736655       0.8537952                          
     2:p g1 a1 t2             0.7055061       0.0751374       0.5411166       0.8295549                          
     3:p g1 a2 t3             0.7794705       0.0793507       0.5885099       0.8972797                          
     4:Psi g1 a0 t1           0.1447757       0.0313728       0.0934000       0.2176273                          


                      Estimates of Derived Parameters
        Occupancy Estimates of { p(~effort + mxdep)Psi(~depool) }
                                            95% Confidence Interval
 Group   Psi-hat         Standard Error      Lower           Upper
 -----   --------------  --------------  --------------  --------------
   1      0.1447757       0.0313728       0.0934000       0.2176273    

 Attempted ordering of parameters by estimatibility:
  4 1 5 2 3
 Beta number 3 is a singular value.

   CPU Time for the last procedure was 0.01 seconds.     

  Program  MARK  - Survival Rate Estimation with Capture-Recapture Data
   gfortran(dble) Vers. 9.0 Mar 2018     3-Dec-2019 11:06:47    Page  004
 - - - - - - - - - - - - - - - - - - - - - - - - - - - - - - - - - - - - - -
 


  INPUT --- proc stop;

     CPU Time in minutes for this job was 0.00

     Time Start = 11:06:47.380   Time End = 11:06:47.487

     Wall Clock Time in minutes for this job was 0.00


          E X E C U T I O N   S U C C E S S F U L 
