
   Program  MARK  - Survival Rate Estimation with Capture-Recapture Data
   gfortran(dble) Vers. 9.0 Mar 2018     3-Dec-2019 11:01:31    Page  001
 - - - - - - - - - - - - - - - - - - - - - - - - - - - - - - - - - - - - - -
 
   This version was compiled by GCC version 7.2.0 using the options: 
     -cpp -iprefix C:/Program Files/mingw-w64/x86_64-7.2.0-posix-seh-rt_v5-rev1/
     mingw64/bin/../lib/gcc/x86_64-w64-mingw32/7.2.0/ -D_MT -D_REENTRANT
     -U_REENTRANT -D IEEE -D DBLEPRECISION -m64 -mtune=core2 -march=nocona -mthreads
     -O2 -fimplicit-none -fbounds-check -funroll-loops -ftree-vectorize
     -ffpe-summary=invalid,zero,overflow,underflow -fno-unsafe-math-optimizations
     -frounding-math -fsignaling-nans -fopenmp.

   This problem will use 7 of 8 possible threads.


  INPUT --- proc title ;

   CPU Time for the last procedure was 0.01 seconds.     


  INPUT --- proc chmatrix occasions= 3 groups= 1 etype= Occupancy 
  INPUT --- Nodes= 101 icovar = 5 ICMeans  NoHist hist= 137 ;

  INPUT ---    time interval 1 1 1 ;

  INPUT ---     icovariates lwd1 lwd2 lwd3 pctex21 machabprop ;

  INPUT ---    glabel(1)=freq1;

      Number of unique encounter histories read was 137.

      Number of individual covariates read was 5.
      Time interval lengths are all equal to 1.

      Data type number is 27
      Data type is Occupancy Estimation with Detection < 1                                                             

   CPU Time for the last procedure was 0.02 seconds.     

  Program  MARK  - Survival Rate Estimation with Capture-Recapture Data
   gfortran(dble) Vers. 9.0 Mar 2018     3-Dec-2019 11:01:31    Page  002
 - - - - - - - - - - - - - - - - - - - - - - - - - - - - - - - - - - - - - -
 


  INPUT --- proc estimate link=Logit NOLOOP varest=2ndPart    ;


  INPUT --- model={ p(~lwd)Psi(~pctex21 + machabprop) };

  INPUT ---    group=1 p    rows=1 cols=3 Square ;
  INPUT ---        1 2 3 ;

  INPUT ---    group=1 Psi    rows=1 cols=1 Square ;
  INPUT ---        4 ;

  INPUT ---    design matrix constraints=4 covariates=5;
  INPUT ---        1 lwd1 0 0 0;
  INPUT ---        1 lwd2 0 0 0;
  INPUT ---        1 lwd3 0 0 0;
  INPUT ---        0 0 1 pctex21 machabprop;
  INPUT ---       blabel(1)=p:(Intercept);
  INPUT ---       blabel(2)=p:lwd;
  INPUT ---       blabel(3)=Psi:(Intercept);
  INPUT ---       blabel(4)=Psi:pctex21;
  INPUT ---       blabel(5)=Psi:machabprop;
  INPUT ---       rlabel(1)=p g1 a0 t1;
  INPUT ---       rlabel(2)=p g1 a1 t2;
  INPUT ---       rlabel(3)=p g1 a2 t3;
  INPUT ---       rlabel(4)=Psi g1 a0 t1;

 Link Function Used is LOGIT        

 Variance Estimation Procedure Used is 2ndPart 
 -2logL(saturated) = 0.0000000     
 Effective Sample Size = 138

 Number of function evaluations was 25 for 5 parameters.
 Time for numerical optimization was 0.03 seconds.     
 -2logL { p(~lwd)Psi(~pctex21 + machabprop) } = 148.31270     
 Penalty { p(~lwd)Psi(~pctex21 + machabprop) } = 0.0000000     
 Gradient { p(~lwd)Psi(~pctex21 + machabprop) }:
  0.2123092E-05  0.7526769E-06  0.1698325E-05  0.8257932E-07  0.4264066E-06
 Maximum ABS(G) { p(~lwd)Psi(~pctex21 + machabprop) } = 0.2123092E-05 
 S Vector { p(~lwd)Psi(~pctex21 + machabprop) }:
   17.31125      9.702848     0.2668295     0.1878698     0.1761435E-01
 Time to compute number of parameters was 0.01 seconds.     
 Ratio Threshold = 50.000000       Max Gap (2/3) = 36.363470       Next Max Gap (4/5) = 10.665725     
 Gap Method for Num. of Estimated Parameters { p(~lwd)Psi(~pctex21 + machabprop) } = 5          
 Threshold { p(~lwd)Psi(~pctex21 + machabprop) } = 0.4246183E-05                 
 Numerical Threshold Method for Num. of Estimated Parameters { p(~lwd)Psi(~pctex21 + machabprop) } = 5          
 Number of Estimated Parameters { p(~lwd)Psi(~pctex21 + machabprop) } = 5          
 DEVIANCE { p(~lwd)Psi(~pctex21 + machabprop) } = 148.31270                     
 DEVIANCE Degrees of Freedom { p(~lwd)Psi(~pctex21 + machabprop) } = 133            
 c-hat { p(~lwd)Psi(~pctex21 + machabprop) } = 1.1151331                     
 AIC { p(~lwd)Psi(~pctex21 + machabprop) } = 158.31270                  
 AICc { p(~lwd)Psi(~pctex21 + machabprop) } = 158.76724                    
 BIC { p(~lwd)Psi(~pctex21 + machabprop) } = 172.94896                    
 Pearson Chisquare { p(~lwd)Psi(~pctex21 + machabprop) } = 791.98456                  

  Program  MARK  - Survival Rate Estimation with Capture-Recapture Data
   gfortran(dble) Vers. 9.0 Mar 2018     3-Dec-2019 11:01:31    Page  003
 - - - - - - - - - - - - - - - - - - - - - - - - - - - - - - - - - - - - - -
 


            LOGIT Link Function Parameters of { p(~lwd)Psi(~pctex21 + machabprop) }
                                                              95% Confidence Interval
 Parameter                    Beta         Standard Error      Lower           Upper
 -------------------------  --------------  --------------  --------------  --------------
    1:p:(Intercept)          0.7967653       0.3853253       0.0415277       1.5520029    
    2:p:lwd                  0.8766210       1.3126409      -1.6961553       3.4493973    
    3:Psi:(Intercept)        1.2461524       1.0312049      -0.7750093       3.2673141    
    4:Psi:pctex21           -0.7135377       0.2427801      -1.1893867      -0.2376887    
    5:Psi:machabprop        -0.0378881       0.0188522      -0.0748384      -0.9378096E-03


            Real Function Parameters of { p(~lwd)Psi(~pctex21 + machabprop) }

      Following estimates based on unstandardized individual covariate values:
          Variable   Value         
          ---------  ------------- 
          LWD1        0.2346014    
          LWD2        0.2355072    
          LWD3        0.2114389    
          PCTEX21     4.8306834    
          MACHABPROP  53.717706    
                                                               95% Confidence Interval
  Parameter                  Estimate       Standard Error      Lower           Upper
 --------------------------  --------------  --------------  --------------  --------------
     1:p g1 a0 t1             0.7315345       0.0658025       0.5855768       0.8401217                          
     2:p g1 a1 t2             0.7316904       0.0658450       0.5856079       0.8403177                          
     3:p g1 a2 t3             0.7275281       0.0649642       0.5841386       0.8354076                          
     4:Psi g1 a0 t1           0.0142593       0.0149260       0.0018016       0.1038954                          


                      Estimates of Derived Parameters
       Occupancy Estimates of { p(~lwd)Psi(~pctex21 + machabprop) }
                                            95% Confidence Interval
 Group   Psi-hat         Standard Error      Lower           Upper
 -----   --------------  --------------  --------------  --------------
   1      0.0142593       0.0149260       0.0018016       0.1038954    

   CPU Time for the last procedure was 0.03 seconds.     

  Program  MARK  - Survival Rate Estimation with Capture-Recapture Data
   gfortran(dble) Vers. 9.0 Mar 2018     3-Dec-2019 11:01:31    Page  004
 - - - - - - - - - - - - - - - - - - - - - - - - - - - - - - - - - - - - - -
 


  INPUT --- proc stop;

     CPU Time in minutes for this job was 0.00

     Time Start = 11:01:31.117   Time End = 11:01:31.814

     Wall Clock Time in minutes for this job was 0.01


          E X E C U T I O N   S U C C E S S F U L 
