
   Program  MARK  - Survival Rate Estimation with Capture-Recapture Data
   gfortran(dble) Vers. 9.0 Mar 2018     3-Dec-2019 12:24:42    Page  001
 - - - - - - - - - - - - - - - - - - - - - - - - - - - - - - - - - - - - - -
 
   This version was compiled by GCC version 7.2.0 using the options: 
     -cpp -iprefix C:/Program Files/mingw-w64/x86_64-7.2.0-posix-seh-rt_v5-rev1/
     mingw64/bin/../lib/gcc/x86_64-w64-mingw32/7.2.0/ -D_MT -D_REENTRANT
     -U_REENTRANT -D IEEE -D DBLEPRECISION -m64 -mtune=core2 -march=nocona -mthreads
     -O2 -fimplicit-none -fbounds-check -funroll-loops -ftree-vectorize
     -ffpe-summary=invalid,zero,overflow,underflow -fno-unsafe-math-optimizations
     -frounding-math -fsignaling-nans -fopenmp.

   This problem will use 7 of 8 possible threads.


  INPUT --- proc title ;

   CPU Time for the last procedure was 0.01 seconds.     


  INPUT --- proc chmatrix occasions= 3 groups= 1 etype= Occupancy 
  INPUT --- Nodes= 101 icovar = 3 ICMeans  NoHist hist= 138 ;

  INPUT ---    time interval 1 1 1 ;

  INPUT ---     icovariates HAiFLS_nat pctex21 Sinuosity ;

  INPUT ---    glabel(1)=freq1;

      Number of unique encounter histories read was 138.

      Number of individual covariates read was 3.
      Time interval lengths are all equal to 1.

      Data type number is 27
      Data type is Occupancy Estimation with Detection < 1                                                             

   CPU Time for the last procedure was 0.01 seconds.     

  Program  MARK  - Survival Rate Estimation with Capture-Recapture Data
   gfortran(dble) Vers. 9.0 Mar 2018     3-Dec-2019 12:24:42    Page  002
 - - - - - - - - - - - - - - - - - - - - - - - - - - - - - - - - - - - - - -
 


  INPUT --- proc estimate link=Logit NOLOOP varest=2ndPart    ;


  INPUT --- model={ p(~1)Psi(~HAiFLS_nat + pctex21 + Sinuosity) };

  INPUT ---    group=1 p    rows=1 cols=3 Square ;
  INPUT ---        1 1 1 ;

  INPUT ---    group=1 Psi    rows=1 cols=1 Square ;
  INPUT ---        2 ;

  INPUT ---    design matrix constraints=2 covariates=5;
  INPUT ---        1 0 0 0 0;
  INPUT ---        0 1 HAiFLS_nat pctex21 Sinuosity;
  INPUT ---       blabel(1)=p:(Intercept);
  INPUT ---       blabel(2)=Psi:(Intercept);
  INPUT ---       blabel(3)=Psi:HAiFLS_nat;
  INPUT ---       blabel(4)=Psi:pctex21;
  INPUT ---       blabel(5)=Psi:Sinuosity;
  INPUT ---       rlabel(1)=p g1 a0 t1;
  INPUT ---       rlabel(2)=Psi g1 a0 t1;

 Link Function Used is LOGIT        

 Variance Estimation Procedure Used is 2ndPart 
 -2logL(saturated) = 0.0000000     
 Effective Sample Size = 138

 Number of function evaluations was 25 for 5 parameters.
 Time for numerical optimization was 0.08 seconds.     
 -2logL { p(~1)Psi(~HAiFLS_nat + pctex21 + Sinuosity) } = 147.62115     
 Penalty { p(~1)Psi(~HAiFLS_nat + pctex21 + Sinuosity) } = 0.0000000     
 Gradient { p(~1)Psi(~HAiFLS_nat + pctex21 + Sinuosity) }:
  0.1959979E-05  0.1450876E-05  0.5636696E-06  0.2383908E-06  0.1121183E-05
 Maximum ABS(G) { p(~1)Psi(~HAiFLS_nat + pctex21 + Sinuosity) } = 0.1959979E-05 
 S Vector { p(~1)Psi(~HAiFLS_nat + pctex21 + Sinuosity) }:
   19.33500      9.604024     0.9761367     0.4700766E-01 0.1567342E-01
 Time to compute number of parameters was 0.01 seconds.     
 Ratio Threshold = 50.000000       Max Gap (3/4) = 20.765482       Next Max Gap (2/3) = 9.8388106     
 Gap Method for Num. of Estimated Parameters { p(~1)Psi(~HAiFLS_nat + pctex21 + Sinuosity) } = 5          
 Threshold { p(~1)Psi(~HAiFLS_nat + pctex21 + Sinuosity) } = 0.3919957E-05                 
 Numerical Threshold Method for Num. of Estimated Parameters { p(~1)Psi(~HAiFLS_nat + pctex21 + Sinuosity) } = 5          
 Number of Estimated Parameters { p(~1)Psi(~HAiFLS_nat + pctex21 + Sinuosity) } = 5          
 DEVIANCE { p(~1)Psi(~HAiFLS_nat + pctex21 + Sinuosity) } = 147.62115                     
 DEVIANCE Degrees of Freedom { p(~1)Psi(~HAiFLS_nat + pctex21 + Sinuosity) } = 133            
 c-hat { p(~1)Psi(~HAiFLS_nat + pctex21 + Sinuosity) } = 1.1099334                     
 AIC { p(~1)Psi(~HAiFLS_nat + pctex21 + Sinuosity) } = 157.62115                  
 AICc { p(~1)Psi(~HAiFLS_nat + pctex21 + Sinuosity) } = 158.07569                    
 BIC { p(~1)Psi(~HAiFLS_nat + pctex21 + Sinuosity) } = 172.25742                    
 Pearson Chisquare { p(~1)Psi(~HAiFLS_nat + pctex21 + Sinuosity) } = 718.69638                  


       LOGIT Link Function Parameters of { p(~1)Psi(~HAiFLS_nat + pctex21 + Sinuosity) }
                                                              95% Confidence Interval
 Parameter                    Beta         Standard Error      Lower           Upper
 -------------------------  --------------  --------------  --------------  --------------

  Program  MARK  - Survival Rate Estimation with Capture-Recapture Data
   gfortran(dble) Vers. 9.0 Mar 2018     3-Dec-2019 12:24:44    Page  003
 - - - - - - - - - - - - - - - - - - - - - - - - - - - - - - - - - - - - - -
 
    1:p:(Intercept)          0.9462953       0.3216132       0.3159334       1.5766573    
    2:Psi:(Intercept)       -2.9438573       2.3304386      -7.5115169       1.6238024    
    3:Psi:HAiFLS_nat         0.0238664       0.0103046       0.0036693       0.0440634    
    4:Psi:pctex21           -0.7427811       0.2576401      -1.2477558      -0.2378064    
    5:Psi:Sinuosity          1.0761459       1.7919067      -2.4359913       4.5882832    


       Real Function Parameters of { p(~1)Psi(~HAiFLS_nat + pctex21 + Sinuosity) }

      Following estimates based on unstandardized individual covariate values:
          Variable   Value         
          ---------  ------------- 
          HAIFLS_NAT  30.404180    
          PCTEX21     4.8306834    
          SINUOSITY   1.2535645    
                                                               95% Confidence Interval
  Parameter                  Estimate       Standard Error      Lower           Upper
 --------------------------  --------------  --------------  --------------  --------------
     1:p g1 a0 t1             0.7203695       0.0647849       0.5783329       0.8287306                          
     2:Psi g1 a0 t1           0.0114603       0.0130142       0.0012185       0.0992334                          


                      Estimates of Derived Parameters
  Occupancy Estimates of { p(~1)Psi(~HAiFLS_nat + pctex21 + Sinuosity) }
                                            95% Confidence Interval
 Group   Psi-hat         Standard Error      Lower           Upper
 -----   --------------  --------------  --------------  --------------
   1      0.0114603       0.0130142       0.0012185       0.0992334    

   CPU Time for the last procedure was 0.08 seconds.     

  Program  MARK  - Survival Rate Estimation with Capture-Recapture Data
   gfortran(dble) Vers. 9.0 Mar 2018     3-Dec-2019 12:24:44    Page  004
 - - - - - - - - - - - - - - - - - - - - - - - - - - - - - - - - - - - - - -
 


  INPUT --- proc stop;

     CPU Time in minutes for this job was 0.00

     Time Start = 12:24:42.731   Time End = 12:24:44.063

     Wall Clock Time in minutes for this job was 0.02


          E X E C U T I O N   S U C C E S S F U L 
