
   Program  MARK  - Survival Rate Estimation with Capture-Recapture Data
   gfortran(dble) Vers. 9.0 Mar 2018     3-Dec-2019 11:00:56    Page  001
 - - - - - - - - - - - - - - - - - - - - - - - - - - - - - - - - - - - - - -
 
   This version was compiled by GCC version 7.2.0 using the options: 
     -cpp -iprefix C:/Program Files/mingw-w64/x86_64-7.2.0-posix-seh-rt_v5-rev1/
     mingw64/bin/../lib/gcc/x86_64-w64-mingw32/7.2.0/ -D_MT -D_REENTRANT
     -U_REENTRANT -D IEEE -D DBLEPRECISION -m64 -mtune=core2 -march=nocona -mthreads
     -O2 -fimplicit-none -fbounds-check -funroll-loops -ftree-vectorize
     -ffpe-summary=invalid,zero,overflow,underflow -fno-unsafe-math-optimizations
     -frounding-math -fsignaling-nans -fopenmp.

   This problem will use 7 of 8 possible threads.


  INPUT --- proc title ;

   CPU Time for the last procedure was 0.01 seconds.     


  INPUT --- proc chmatrix occasions= 3 groups= 1 etype= Occupancy 
  INPUT --- Nodes= 101 icovar = 8 ICMeans  NoHist hist= 138 ;

  INPUT ---    time interval 1 1 1 ;

  INPUT ---     icovariates effort1 effort2 effort3 undr1 undr2 undr3  
  INPUT ---    pctex21 LWD ;

  INPUT ---    glabel(1)=freq1;

      Number of unique encounter histories read was 138.

      Number of individual covariates read was 8.
      Time interval lengths are all equal to 1.

      Data type number is 27
      Data type is Occupancy Estimation with Detection < 1                                                             

   CPU Time for the last procedure was 0.01 seconds.     

  Program  MARK  - Survival Rate Estimation with Capture-Recapture Data
   gfortran(dble) Vers. 9.0 Mar 2018     3-Dec-2019 11:00:56    Page  002
 - - - - - - - - - - - - - - - - - - - - - - - - - - - - - - - - - - - - - -
 


  INPUT --- proc estimate link=Logit NOLOOP varest=2ndPart    ;


  INPUT --- model={ p(~effort + undr)Psi(~pctex21 + LWD) };

  INPUT ---    group=1 p    rows=1 cols=3 Square ;
  INPUT ---        1 2 3 ;

  INPUT ---    group=1 Psi    rows=1 cols=1 Square ;
  INPUT ---        4 ;

  INPUT ---    design matrix constraints=4 covariates=6;
  INPUT ---        1 effort1 undr1 0 0 0;
  INPUT ---        1 effort2 undr2 0 0 0;
  INPUT ---        1 effort3 undr3 0 0 0;
  INPUT ---        0 0 0 1 pctex21 LWD;
  INPUT ---       blabel(1)=p:(Intercept);
  INPUT ---       blabel(2)=p:effort;
  INPUT ---       blabel(3)=p:undr;
  INPUT ---       blabel(4)=Psi:(Intercept);
  INPUT ---       blabel(5)=Psi:pctex21;
  INPUT ---       blabel(6)=Psi:LWD;
  INPUT ---       rlabel(1)=p g1 a0 t1;
  INPUT ---       rlabel(2)=p g1 a1 t2;
  INPUT ---       rlabel(3)=p g1 a2 t3;
  INPUT ---       rlabel(4)=Psi g1 a0 t1;

 Link Function Used is LOGIT        

 Variance Estimation Procedure Used is 2ndPart 
 -2logL(saturated) = 0.0000000     
 Effective Sample Size = 138

 Number of function evaluations was 21 for 6 parameters.
 Time for numerical optimization was 0.09 seconds.     
 -2logL { p(~effort + undr)Psi(~pctex21 + LWD) } = 145.68367     
 Penalty { p(~effort + undr)Psi(~pctex21 + LWD) } = 0.0000000     
 Gradient { p(~effort + undr)Psi(~pctex21 + LWD) }:
  0.2156512E-05  0.5023882E-06  0.7662355E-06  0.3567244E-05  0.9390583E-07
   0.000000    
 Maximum ABS(G) { p(~effort + undr)Psi(~pctex21 + LWD) } = 0.3567244E-05 
 S Vector { p(~effort + undr)Psi(~pctex21 + LWD) }:
   14.81560      7.464263     0.5865394     0.2985235     0.9422749E-01
  0.1972416E-01
 Time to compute number of parameters was 0.01 seconds.     
 Ratio Threshold = 50.000000       Max Gap (2/3) = 12.725936       Next Max Gap (5/6) = 4.7772623     
 Gap Method for Num. of Estimated Parameters { p(~effort + undr)Psi(~pctex21 + LWD) } = 6          
 Threshold { p(~effort + undr)Psi(~pctex21 + LWD) } = 0.7134487E-05                 
 Numerical Threshold Method for Num. of Estimated Parameters { p(~effort + undr)Psi(~pctex21 + LWD) } = 6          
 Number of Estimated Parameters { p(~effort + undr)Psi(~pctex21 + LWD) } = 6          
 DEVIANCE { p(~effort + undr)Psi(~pctex21 + LWD) } = 145.68367                     
 DEVIANCE Degrees of Freedom { p(~effort + undr)Psi(~pctex21 + LWD) } = 132            
 c-hat { p(~effort + undr)Psi(~pctex21 + LWD) } = 1.1036641                     
 AIC { p(~effort + undr)Psi(~pctex21 + LWD) } = 157.68367                  
 AICc { p(~effort + undr)Psi(~pctex21 + LWD) } = 158.32489                    
 BIC { p(~effort + undr)Psi(~pctex21 + LWD) } = 175.24719                    
 Pearson Chisquare { p(~effort + undr)Psi(~pctex21 + LWD) } = 596.65231                  

  Program  MARK  - Survival Rate Estimation with Capture-Recapture Data
   gfortran(dble) Vers. 9.0 Mar 2018     3-Dec-2019 11:00:56    Page  003
 - - - - - - - - - - - - - - - - - - - - - - - - - - - - - - - - - - - - - -
 


           LOGIT Link Function Parameters of { p(~effort + undr)Psi(~pctex21 + LWD) }
                                                              95% Confidence Interval
 Parameter                    Beta         Standard Error      Lower           Upper
 -------------------------  --------------  --------------  --------------  --------------
    1:p:(Intercept)         -0.7689196       0.7667005      -2.2716526       0.7338133    
    2:p:effort               0.0016532       0.8035804E-03   0.7822376E-04   0.0032283    
    3:p:undr                 0.4254988       0.5145340      -0.5829879       1.4339855    
    4:Psi:(Intercept)       -0.6040524       0.4118259      -1.4112311       0.2031263    
    5:Psi:pctex21           -0.6235791       0.2298305      -1.0740468      -0.1731114    
    6:Psi:LWD               -0.6234354       1.2801447      -3.1325191       1.8856484    


           Real Function Parameters of { p(~effort + undr)Psi(~pctex21 + LWD) }

      Following estimates based on unstandardized individual covariate values:
          Variable   Value         
          ---------  ------------- 
          EFFORT1     906.23188    
          EFFORT2     834.18841    
          EFFORT3     818.18116    
          UNDR1       0.5869565    
          UNDR2       0.5483092    
          UNDR3       0.5042271    
          PCTEX21     4.8306834    
          LWD         0.2273503    
                                                               95% Confidence Interval
  Parameter                  Estimate       Standard Error      Lower           Upper
 --------------------------  --------------  --------------  --------------  --------------
     1:p g1 a0 t1             0.7269196       0.0775641       0.5531005       0.8513075                          
     2:p g1 a1 t2             0.6992018       0.0795619       0.5254897       0.8299048                          
     3:p g1 a2 t3             0.6896063       0.0813644       0.5133081       0.8239459                          
     4:Psi g1 a0 t1           0.0227961       0.0221805       0.0033028       0.1410560                          


                      Estimates of Derived Parameters
     Occupancy Estimates of { p(~effort + undr)Psi(~pctex21 + LWD) }
                                            95% Confidence Interval
 Group   Psi-hat         Standard Error      Lower           Upper
 -----   --------------  --------------  --------------  --------------
   1      0.0227961       0.0221805       0.0033028       0.1410560    

   CPU Time for the last procedure was 0.09 seconds.     

  Program  MARK  - Survival Rate Estimation with Capture-Recapture Data
   gfortran(dble) Vers. 9.0 Mar 2018     3-Dec-2019 11:00:56    Page  004
 - - - - - - - - - - - - - - - - - - - - - - - - - - - - - - - - - - - - - -
 


  INPUT --- proc stop;

     CPU Time in minutes for this job was 0.00

     Time Start = 11:00:56.451   Time End = 11:00:56.570

     Wall Clock Time in minutes for this job was 0.00


          E X E C U T I O N   S U C C E S S F U L 
