
   Program  MARK  - Survival Rate Estimation with Capture-Recapture Data
   gfortran(dble) Vers. 9.0 Mar 2018     3-Dec-2019 11:05:57    Page  001
 - - - - - - - - - - - - - - - - - - - - - - - - - - - - - - - - - - - - - -
 
   This version was compiled by GCC version 7.2.0 using the options: 
     -cpp -iprefix C:/Program Files/mingw-w64/x86_64-7.2.0-posix-seh-rt_v5-rev1/
     mingw64/bin/../lib/gcc/x86_64-w64-mingw32/7.2.0/ -D_MT -D_REENTRANT
     -U_REENTRANT -D IEEE -D DBLEPRECISION -m64 -mtune=core2 -march=nocona -mthreads
     -O2 -fimplicit-none -fbounds-check -funroll-loops -ftree-vectorize
     -ffpe-summary=invalid,zero,overflow,underflow -fno-unsafe-math-optimizations
     -frounding-math -fsignaling-nans -fopenmp.

   This problem will use 7 of 8 possible threads.


  INPUT --- proc title ;

   CPU Time for the last procedure was 0.01 seconds.     


  INPUT --- proc chmatrix occasions= 3 groups= 1 etype= Occupancy 
  INPUT --- Nodes= 101 icovar = 3 ICMeans  NoHist hist= 138 ;

  INPUT ---    time interval 1 1 1 ;

  INPUT ---     icovariates LWD pctex21 WidDep ;

  INPUT ---    glabel(1)=freq1;

      Number of unique encounter histories read was 138.

      Number of individual covariates read was 3.
      Time interval lengths are all equal to 1.

      Data type number is 27
      Data type is Occupancy Estimation with Detection < 1                                                             

   CPU Time for the last procedure was 0.01 seconds.     

  Program  MARK  - Survival Rate Estimation with Capture-Recapture Data
   gfortran(dble) Vers. 9.0 Mar 2018     3-Dec-2019 11:05:57    Page  002
 - - - - - - - - - - - - - - - - - - - - - - - - - - - - - - - - - - - - - -
 


  INPUT --- proc estimate link=Logit NOLOOP varest=2ndPart    ;


  INPUT --- model={ p(~LWD)Psi(~pctex21 + WidDep) };

  INPUT ---    group=1 p    rows=1 cols=3 Square ;
  INPUT ---        1 1 1 ;

  INPUT ---    group=1 Psi    rows=1 cols=1 Square ;
  INPUT ---        2 ;

  INPUT ---    design matrix constraints=2 covariates=5;
  INPUT ---        1 LWD 0 0 0;
  INPUT ---        0 0 1 pctex21 WidDep;
  INPUT ---       blabel(1)=p:(Intercept);
  INPUT ---       blabel(2)=p:LWD;
  INPUT ---       blabel(3)=Psi:(Intercept);
  INPUT ---       blabel(4)=Psi:pctex21;
  INPUT ---       blabel(5)=Psi:WidDep;
  INPUT ---       rlabel(1)=p g1 a0 t1;
  INPUT ---       rlabel(2)=Psi g1 a0 t1;

 Link Function Used is LOGIT        

 Variance Estimation Procedure Used is 2ndPart 
 -2logL(saturated) = 0.0000000     
 Effective Sample Size = 138

 Number of function evaluations was 20 for 5 parameters.
 Time for numerical optimization was 0.02 seconds.     
 -2logL { p(~LWD)Psi(~pctex21 + WidDep) } = 153.14763     
 Penalty { p(~LWD)Psi(~pctex21 + WidDep) } = 0.0000000     
 Gradient { p(~LWD)Psi(~pctex21 + WidDep) }:
   0.000000       0.000000      0.1834121E-05  0.9313462E-07   0.000000    
 Maximum ABS(G) { p(~LWD)Psi(~pctex21 + WidDep) } = 0.1834121E-05 
 S Vector { p(~LWD)Psi(~pctex21 + WidDep) }:
   17.14083      9.974840     0.4233314     0.2901319     0.2018181E-01
 Time to compute number of parameters was 0.01 seconds.     
 Ratio Threshold = 50.000000       Max Gap (2/3) = 23.562719       Next Max Gap (4/5) = 14.375906     
 Gap Method for Num. of Estimated Parameters { p(~LWD)Psi(~pctex21 + WidDep) } = 5          
 Threshold { p(~LWD)Psi(~pctex21 + WidDep) } = 0.3668243E-05                 
 Numerical Threshold Method for Num. of Estimated Parameters { p(~LWD)Psi(~pctex21 + WidDep) } = 5          
 Number of Estimated Parameters { p(~LWD)Psi(~pctex21 + WidDep) } = 5          
 DEVIANCE { p(~LWD)Psi(~pctex21 + WidDep) } = 153.14763                     
 DEVIANCE Degrees of Freedom { p(~LWD)Psi(~pctex21 + WidDep) } = 133            
 c-hat { p(~LWD)Psi(~pctex21 + WidDep) } = 1.1514859                     
 AIC { p(~LWD)Psi(~pctex21 + WidDep) } = 163.14763                  
 AICc { p(~LWD)Psi(~pctex21 + WidDep) } = 163.60217                    
 BIC { p(~LWD)Psi(~pctex21 + WidDep) } = 177.78390                    
 Pearson Chisquare { p(~LWD)Psi(~pctex21 + WidDep) } = 985.38093                  


              LOGIT Link Function Parameters of { p(~LWD)Psi(~pctex21 + WidDep) }
                                                              95% Confidence Interval
 Parameter                    Beta         Standard Error      Lower           Upper
 -------------------------  --------------  --------------  --------------  --------------

  Program  MARK  - Survival Rate Estimation with Capture-Recapture Data
   gfortran(dble) Vers. 9.0 Mar 2018     3-Dec-2019 11:05:58    Page  003
 - - - - - - - - - - - - - - - - - - - - - - - - - - - - - - - - - - - - - -
 
    1:p:(Intercept)          0.8316836       0.4609915      -0.0718598       1.7352270    
    2:p:LWD                  0.6390430       1.8249222      -2.9378047       4.2158906    
    3:Psi:(Intercept)       -1.0798501       0.7026369      -2.4570184       0.2973183    
    4:Psi:pctex21           -0.6290102       0.2272359      -1.0743925      -0.1836278    
    5:Psi:WidDep             0.0219732       0.0517837      -0.0795228       0.1234693    


              Real Function Parameters of { p(~LWD)Psi(~pctex21 + WidDep) }

      Following estimates based on unstandardized individual covariate values:
          Variable   Value         
          ---------  ------------- 
          LWD         0.2273503    
          PCTEX21     4.8306834    
          WIDDEP      13.033426    
                                                               95% Confidence Interval
  Parameter                  Estimate       Standard Error      Lower           Upper
 --------------------------  --------------  --------------  --------------  --------------
     1:p g1 a0 t1             0.7265066       0.0658519       0.5811223       0.8356976                          
     2:Psi g1 a0 t1           0.0212065       0.0204617       0.0031283       0.1301223                          


                      Estimates of Derived Parameters
         Occupancy Estimates of { p(~LWD)Psi(~pctex21 + WidDep) }
                                            95% Confidence Interval
 Group   Psi-hat         Standard Error      Lower           Upper
 -----   --------------  --------------  --------------  --------------
   1      0.0212065       0.0204617       0.0031283       0.1301223    

   CPU Time for the last procedure was 0.02 seconds.     

  Program  MARK  - Survival Rate Estimation with Capture-Recapture Data
   gfortran(dble) Vers. 9.0 Mar 2018     3-Dec-2019 11:05:58    Page  004
 - - - - - - - - - - - - - - - - - - - - - - - - - - - - - - - - - - - - - -
 


  INPUT --- proc stop;

     CPU Time in minutes for this job was 0.00

     Time Start = 11:05:57.706   Time End = 11:05:58.384

     Wall Clock Time in minutes for this job was 0.01


          E X E C U T I O N   S U C C E S S F U L 
