
   Program  MARK  - Survival Rate Estimation with Capture-Recapture Data
   gfortran(dble) Vers. 9.0 Mar 2018     3-Dec-2019 11:05:03    Page  001
 - - - - - - - - - - - - - - - - - - - - - - - - - - - - - - - - - - - - - -
 
   This version was compiled by GCC version 7.2.0 using the options: 
     -cpp -iprefix C:/Program Files/mingw-w64/x86_64-7.2.0-posix-seh-rt_v5-rev1/
     mingw64/bin/../lib/gcc/x86_64-w64-mingw32/7.2.0/ -D_MT -D_REENTRANT
     -U_REENTRANT -D IEEE -D DBLEPRECISION -m64 -mtune=core2 -march=nocona -mthreads
     -O2 -fimplicit-none -fbounds-check -funroll-loops -ftree-vectorize
     -ffpe-summary=invalid,zero,overflow,underflow -fno-unsafe-math-optimizations
     -frounding-math -fsignaling-nans -fopenmp.

   This problem will use 7 of 8 possible threads.


  INPUT --- proc title ;

   CPU Time for the last procedure was 0.01 seconds.     


  INPUT --- proc chmatrix occasions= 3 groups= 1 etype= Occupancy 
  INPUT --- Nodes= 101 icovar = 5 ICMeans  NoHist hist= 137 ;

  INPUT ---    time interval 1 1 1 ;

  INPUT ---     icovariates lwd1 lwd2 lwd3 pctex21 under ;

  INPUT ---    glabel(1)=freq1;

      Number of unique encounter histories read was 137.

      Number of individual covariates read was 5.
      Time interval lengths are all equal to 1.

      Data type number is 27
      Data type is Occupancy Estimation with Detection < 1                                                             

   CPU Time for the last procedure was 0.02 seconds.     

  Program  MARK  - Survival Rate Estimation with Capture-Recapture Data
   gfortran(dble) Vers. 9.0 Mar 2018     3-Dec-2019 11:05:03    Page  002
 - - - - - - - - - - - - - - - - - - - - - - - - - - - - - - - - - - - - - -
 


  INPUT --- proc estimate link=Logit NOLOOP varest=2ndPart    ;


  INPUT --- model={ p(~lwd)Psi(~pctex21 + under) };

  INPUT ---    group=1 p    rows=1 cols=3 Square ;
  INPUT ---        1 2 3 ;

  INPUT ---    group=1 Psi    rows=1 cols=1 Square ;
  INPUT ---        4 ;

  INPUT ---    design matrix constraints=4 covariates=5;
  INPUT ---        1 lwd1 0 0 0;
  INPUT ---        1 lwd2 0 0 0;
  INPUT ---        1 lwd3 0 0 0;
  INPUT ---        0 0 1 pctex21 under;
  INPUT ---       blabel(1)=p:(Intercept);
  INPUT ---       blabel(2)=p:lwd;
  INPUT ---       blabel(3)=Psi:(Intercept);
  INPUT ---       blabel(4)=Psi:pctex21;
  INPUT ---       blabel(5)=Psi:under;
  INPUT ---       rlabel(1)=p g1 a0 t1;
  INPUT ---       rlabel(2)=p g1 a1 t2;
  INPUT ---       rlabel(3)=p g1 a2 t3;
  INPUT ---       rlabel(4)=Psi g1 a0 t1;

 Link Function Used is LOGIT        

 Variance Estimation Procedure Used is 2ndPart 
 -2logL(saturated) = 0.0000000     
 Effective Sample Size = 138

 Number of function evaluations was 23 for 5 parameters.
 Time for numerical optimization was 0.08 seconds.     
 -2logL { p(~lwd)Psi(~pctex21 + under) } = 152.45204     
 Penalty { p(~lwd)Psi(~pctex21 + under) } = 0.0000000     
 Gradient { p(~lwd)Psi(~pctex21 + under) }:
 -0.1063527E-05  0.7470578E-06  0.1873818E-05  0.1953976E-06   0.000000    
 Maximum ABS(G) { p(~lwd)Psi(~pctex21 + under) } = 0.1873818E-05 
 S Vector { p(~lwd)Psi(~pctex21 + under) }:
   15.27174      9.648600     0.9138304     0.1857111     0.2017568E-01
 Time to compute number of parameters was 0.08 seconds.     
 Ratio Threshold = 50.000000       Max Gap (2/3) = 10.558414       Next Max Gap (4/5) = 9.2047031     
 Gap Method for Num. of Estimated Parameters { p(~lwd)Psi(~pctex21 + under) } = 5          
 Threshold { p(~lwd)Psi(~pctex21 + under) } = 0.3747636E-05                 
 Numerical Threshold Method for Num. of Estimated Parameters { p(~lwd)Psi(~pctex21 + under) } = 5          
 Number of Estimated Parameters { p(~lwd)Psi(~pctex21 + under) } = 5          
 DEVIANCE { p(~lwd)Psi(~pctex21 + under) } = 152.45204                     
 DEVIANCE Degrees of Freedom { p(~lwd)Psi(~pctex21 + under) } = 133            
 c-hat { p(~lwd)Psi(~pctex21 + under) } = 1.1462559                     
 AIC { p(~lwd)Psi(~pctex21 + under) } = 162.45204                  
 AICc { p(~lwd)Psi(~pctex21 + under) } = 162.90658                    
 BIC { p(~lwd)Psi(~pctex21 + under) } = 177.08830                    
 Pearson Chisquare { p(~lwd)Psi(~pctex21 + under) } = 978.50841                  

  Program  MARK  - Survival Rate Estimation with Capture-Recapture Data
   gfortran(dble) Vers. 9.0 Mar 2018     3-Dec-2019 11:05:03    Page  003
 - - - - - - - - - - - - - - - - - - - - - - - - - - - - - - - - - - - - - -
 


               LOGIT Link Function Parameters of { p(~lwd)Psi(~pctex21 + under) }
                                                              95% Confidence Interval
 Parameter                    Beta         Standard Error      Lower           Upper
 -------------------------  --------------  --------------  --------------  --------------
    1:p:(Intercept)          0.7934178       0.3869809       0.0349352       1.5519003    
    2:p:lwd                  0.8875128       1.3201513      -1.6999838       3.4750094    
    3:Psi:(Intercept)       -1.0357885       0.4382531      -1.8947645      -0.1768124    
    4:Psi:pctex21           -0.5981161       0.2272146      -1.0434567      -0.1527754    
    5:Psi:under              0.3050136       0.4182058      -0.5146697       1.1246970    


               Real Function Parameters of { p(~lwd)Psi(~pctex21 + under) }

      Following estimates based on unstandardized individual covariate values:
          Variable   Value         
          ---------  ------------- 
          LWD1        0.2346014    
          LWD2        0.2355072    
          LWD3        0.2114389    
          PCTEX21     4.8306834    
          UNDER       0.5466074    
                                                               95% Confidence Interval
  Parameter                  Estimate       Standard Error      Lower           Upper
 --------------------------  --------------  --------------  --------------  --------------
     1:p g1 a0 t1             0.7313788       0.0658699       0.5852798       0.8400732                          
     2:p g1 a1 t2             0.7315368       0.0659120       0.5853135       0.8402705                          
     3:p g1 a2 t3             0.7273210       0.0650442       0.5837670       0.8353307                          
     4:Psi g1 a0 t1           0.0227901       0.0218704       0.0033913       0.1378090                          


                      Estimates of Derived Parameters
         Occupancy Estimates of { p(~lwd)Psi(~pctex21 + under) }
                                            95% Confidence Interval
 Group   Psi-hat         Standard Error      Lower           Upper
 -----   --------------  --------------  --------------  --------------
   1      0.0227901       0.0218704       0.0033913       0.1378090    

   CPU Time for the last procedure was 0.16 seconds.     

  Program  MARK  - Survival Rate Estimation with Capture-Recapture Data
   gfortran(dble) Vers. 9.0 Mar 2018     3-Dec-2019 11:05:03    Page  004
 - - - - - - - - - - - - - - - - - - - - - - - - - - - - - - - - - - - - - -
 


  INPUT --- proc stop;

     CPU Time in minutes for this job was 0.00

     Time Start = 11:05:03.024   Time End = 11:05:03.143

     Wall Clock Time in minutes for this job was 0.00


          E X E C U T I O N   S U C C E S S F U L 
