
   Program  MARK  - Survival Rate Estimation with Capture-Recapture Data
   gfortran(dble) Vers. 9.0 Mar 2018     3-Dec-2019 11:00:31    Page  001
 - - - - - - - - - - - - - - - - - - - - - - - - - - - - - - - - - - - - - -
 
   This version was compiled by GCC version 7.2.0 using the options: 
     -cpp -iprefix C:/Program Files/mingw-w64/x86_64-7.2.0-posix-seh-rt_v5-rev1/
     mingw64/bin/../lib/gcc/x86_64-w64-mingw32/7.2.0/ -D_MT -D_REENTRANT
     -U_REENTRANT -D IEEE -D DBLEPRECISION -m64 -mtune=core2 -march=nocona -mthreads
     -O2 -fimplicit-none -fbounds-check -funroll-loops -ftree-vectorize
     -ffpe-summary=invalid,zero,overflow,underflow -fno-unsafe-math-optimizations
     -frounding-math -fsignaling-nans -fopenmp.

   This problem will use 7 of 8 possible threads.


  INPUT --- proc title ;

   CPU Time for the last procedure was 0.01 seconds.     


  INPUT --- proc chmatrix occasions= 3 groups= 1 etype= Occupancy 
  INPUT --- Nodes= 101 icovar = 5 ICMeans  NoHist hist= 138 ;

  INPUT ---    time interval 1 1 1 ;

  INPUT ---     icovariates mxdep1 mxdep2 mxdep3 pctex21 HAiFLS_nat ;

  INPUT ---    glabel(1)=freq1;

      Number of unique encounter histories read was 138.

      Number of individual covariates read was 5.
      Time interval lengths are all equal to 1.

      Data type number is 27
      Data type is Occupancy Estimation with Detection < 1                                                             

   CPU Time for the last procedure was 0.02 seconds.     

  Program  MARK  - Survival Rate Estimation with Capture-Recapture Data
   gfortran(dble) Vers. 9.0 Mar 2018     3-Dec-2019 11:00:31    Page  002
 - - - - - - - - - - - - - - - - - - - - - - - - - - - - - - - - - - - - - -
 


  INPUT --- proc estimate link=Logit NOLOOP varest=2ndPart    ;


  INPUT --- model={ p(~mxdep)Psi(~pctex21 + HAiFLS_nat) };

  INPUT ---    group=1 p    rows=1 cols=3 Square ;
  INPUT ---        1 2 3 ;

  INPUT ---    group=1 Psi    rows=1 cols=1 Square ;
  INPUT ---        4 ;

  INPUT ---    design matrix constraints=4 covariates=5;
  INPUT ---        1 mxdep1 0 0 0;
  INPUT ---        1 mxdep2 0 0 0;
  INPUT ---        1 mxdep3 0 0 0;
  INPUT ---        0 0 1 pctex21 HAiFLS_nat;
  INPUT ---       blabel(1)=p:(Intercept);
  INPUT ---       blabel(2)=p:mxdep;
  INPUT ---       blabel(3)=Psi:(Intercept);
  INPUT ---       blabel(4)=Psi:pctex21;
  INPUT ---       blabel(5)=Psi:HAiFLS_nat;
  INPUT ---       rlabel(1)=p g1 a0 t1;
  INPUT ---       rlabel(2)=p g1 a1 t2;
  INPUT ---       rlabel(3)=p g1 a2 t3;
  INPUT ---       rlabel(4)=Psi g1 a0 t1;

 Link Function Used is LOGIT        

 Variance Estimation Procedure Used is 2ndPart 
 -2logL(saturated) = 0.0000000     
 Effective Sample Size = 138

 Number of function evaluations was 29 for 5 parameters.
 Time for numerical optimization was 0.02 seconds.     
 -2logL { p(~mxdep)Psi(~pctex21 + HAiFLS_nat) } = 141.73114     
 Penalty { p(~mxdep)Psi(~pctex21 + HAiFLS_nat) } = 0.0000000     
 Gradient { p(~mxdep)Psi(~pctex21 + HAiFLS_nat) }:
 -0.8545073E-06 -0.2749257E-07  0.7423681E-06   0.000000       0.000000    
 Maximum ABS(G) { p(~mxdep)Psi(~pctex21 + HAiFLS_nat) } = 0.8545073E-06 
 S Vector { p(~mxdep)Psi(~pctex21 + HAiFLS_nat) }:
   15.31538      8.311301     0.9109428     0.1535444E-01 0.1067052E-02
 Time to compute number of parameters was 0.09 seconds.     
 Ratio Threshold = 50.000000       Max Gap (3/4) = 59.327626       Next Max Gap (4/5) = 14.389592     
 Gap Method for Num. of Estimated Parameters { p(~mxdep)Psi(~pctex21 + HAiFLS_nat) } = 3          
 Threshold { p(~mxdep)Psi(~pctex21 + HAiFLS_nat) } = 0.1709015E-05                 
 Numerical Threshold Method for Num. of Estimated Parameters { p(~mxdep)Psi(~pctex21 + HAiFLS_nat) } = 5          
 Number of Estimated Parameters { p(~mxdep)Psi(~pctex21 + HAiFLS_nat) } = 5          

   * *  WARNING  * *   Number of parameters estimated from gap method (=3) and threshold method (=5) differ.  Inspect full output.                                                                                                                                                                                                                                                                                                                                                                                                                      

  Program  MARK  - Survival Rate Estimation with Capture-Recapture Data
   gfortran(dble) Vers. 9.0 Mar 2018     3-Dec-2019 11:00:31    Page  003
 - - - - - - - - - - - - - - - - - - - - - - - - - - - - - - - - - - - - - -
 
 Ratios of S Vector { p(~mxdep)Psi(~pctex21 + HAiFLS_nat) }:
   1/2    1.842717       2/3    9.123846       3/4    59.32763       4/5    14.38959    
 DEVIANCE { p(~mxdep)Psi(~pctex21 + HAiFLS_nat) } = 141.73114                     
 DEVIANCE Degrees of Freedom { p(~mxdep)Psi(~pctex21 + HAiFLS_nat) } = 133            
 c-hat { p(~mxdep)Psi(~pctex21 + HAiFLS_nat) } = 1.0656477                     
 AIC { p(~mxdep)Psi(~pctex21 + HAiFLS_nat) } = 151.73114                  
 AICc { p(~mxdep)Psi(~pctex21 + HAiFLS_nat) } = 152.18569                    
 BIC { p(~mxdep)Psi(~pctex21 + HAiFLS_nat) } = 166.36741                    
 Pearson Chisquare { p(~mxdep)Psi(~pctex21 + HAiFLS_nat) } = 638.33883                  


           LOGIT Link Function Parameters of { p(~mxdep)Psi(~pctex21 + HAiFLS_nat) }
                                                              95% Confidence Interval
 Parameter                    Beta         Standard Error      Lower           Upper
 -------------------------  --------------  --------------  --------------  --------------
    1:p:(Intercept)         -1.2321033       0.9738745      -3.1408973       0.6766907    
    2:p:mxdep                4.2735548       1.9124435       0.5251654       8.0219443    
    3:Psi:(Intercept)       -1.5692761       0.4831115      -2.5161747      -0.6223776    
    4:Psi:pctex21           -0.7435193       0.2604039      -1.2539110      -0.2331276    
    5:Psi:HAiFLS_nat         0.0236153       0.0102727       0.0034808       0.0437499    


           Real Function Parameters of { p(~mxdep)Psi(~pctex21 + HAiFLS_nat) }

      Following estimates based on unstandardized individual covariate values:
          Variable   Value         
          ---------  ------------- 
          MXDEP1      0.5167391    
          MXDEP2      0.4846377    
          MXDEP3      0.6304348    
          PCTEX21     4.8306834    
          HAIFLS_NAT  30.404180    
                                                               95% Confidence Interval
  Parameter                  Estimate       Standard Error      Lower           Upper
 --------------------------  --------------  --------------  --------------  --------------
     1:p g1 a0 t1             0.7263555       0.0697869       0.5715167       0.8408248                          
     2:p g1 a1 t2             0.6982593       0.0722637       0.5415987       0.8192486                          
     3:p g1 a2 t3             0.8118528       0.0689699       0.6403999       0.9127025                          
     4:Psi g1 a0 t1           0.0116242       0.0133115       0.0012125       0.1022869                          


                      Estimates of Derived Parameters
      Occupancy Estimates of { p(~mxdep)Psi(~pctex21 + HAiFLS_nat) }
                                            95% Confidence Interval
 Group   Psi-hat         Standard Error      Lower           Upper
 -----   --------------  --------------  --------------  --------------
   1      0.0116242       0.0133115       0.0012125       0.1022869    

 Attempted ordering of parameters by estimatibility:
  3 1 5 4 2
 Beta number 2 is a singular value.

   CPU Time for the last procedure was 0.11 seconds.     

  Program  MARK  - Survival Rate Estimation with Capture-Recapture Data
   gfortran(dble) Vers. 9.0 Mar 2018     3-Dec-2019 11:00:31    Page  004
 - - - - - - - - - - - - - - - - - - - - - - - - - - - - - - - - - - - - - -
 


  INPUT --- proc stop;

     CPU Time in minutes for this job was 0.00

     Time Start = 11:00:31.614   Time End = 11:00:31.741

     Wall Clock Time in minutes for this job was 0.00


          E X E C U T I O N   S U C C E S S F U L 
