
   Program  MARK  - Survival Rate Estimation with Capture-Recapture Data
   gfortran(dble) Vers. 9.0 Mar 2018     3-Dec-2019 10:59:54    Page  001
 - - - - - - - - - - - - - - - - - - - - - - - - - - - - - - - - - - - - - -
 
   This version was compiled by GCC version 7.2.0 using the options: 
     -cpp -iprefix C:/Program Files/mingw-w64/x86_64-7.2.0-posix-seh-rt_v5-rev1/
     mingw64/bin/../lib/gcc/x86_64-w64-mingw32/7.2.0/ -D_MT -D_REENTRANT
     -U_REENTRANT -D IEEE -D DBLEPRECISION -m64 -mtune=core2 -march=nocona -mthreads
     -O2 -fimplicit-none -fbounds-check -funroll-loops -ftree-vectorize
     -ffpe-summary=invalid,zero,overflow,underflow -fno-unsafe-math-optimizations
     -frounding-math -fsignaling-nans -fopenmp.

   This problem will use 7 of 8 possible threads.


  INPUT --- proc title ;

   CPU Time for the last procedure was 0.01 seconds.     


  INPUT --- proc chmatrix occasions= 3 groups= 1 etype= Occupancy 
  INPUT --- Nodes= 101 icovar = 3 ICMeans  NoHist hist= 138 ;

  INPUT ---    time interval 1 1 1 ;

  INPUT ---     icovariates LWD pctex21 BRT_100m ;

  INPUT ---    glabel(1)=freq1;

      Number of unique encounter histories read was 138.

      Number of individual covariates read was 3.
      Time interval lengths are all equal to 1.

      Data type number is 27
      Data type is Occupancy Estimation with Detection < 1                                                             

   CPU Time for the last procedure was 0.01 seconds.     

  Program  MARK  - Survival Rate Estimation with Capture-Recapture Data
   gfortran(dble) Vers. 9.0 Mar 2018     3-Dec-2019 10:59:54    Page  002
 - - - - - - - - - - - - - - - - - - - - - - - - - - - - - - - - - - - - - -
 


  INPUT --- proc estimate link=Logit NOLOOP varest=2ndPart    ;


  INPUT --- model={ p(~LWD)Psi(~pctex21 + BRT_100m) };

  INPUT ---    group=1 p    rows=1 cols=3 Square ;
  INPUT ---        1 1 1 ;

  INPUT ---    group=1 Psi    rows=1 cols=1 Square ;
  INPUT ---        2 ;

  INPUT ---    design matrix constraints=2 covariates=5;
  INPUT ---        1 LWD 0 0 0;
  INPUT ---        0 0 1 pctex21 BRT_100m;
  INPUT ---       blabel(1)=p:(Intercept);
  INPUT ---       blabel(2)=p:LWD;
  INPUT ---       blabel(3)=Psi:(Intercept);
  INPUT ---       blabel(4)=Psi:pctex21;
  INPUT ---       blabel(5)=Psi:BRT_100m;
  INPUT ---       rlabel(1)=p g1 a0 t1;
  INPUT ---       rlabel(2)=Psi g1 a0 t1;

 Link Function Used is LOGIT        

 Variance Estimation Procedure Used is 2ndPart 
 -2logL(saturated) = 0.0000000     
 Effective Sample Size = 138

 Number of function evaluations was 21 for 5 parameters.
 Time for numerical optimization was 0.05 seconds.     
 -2logL { p(~LWD)Psi(~pctex21 + BRT_100m) } = 150.34075     
 Penalty { p(~LWD)Psi(~pctex21 + BRT_100m) } = 0.0000000     
 Gradient { p(~LWD)Psi(~pctex21 + BRT_100m) }:
   0.000000      0.1153946E-05  0.9103000E-06 -0.9398483E-07 -0.5214913E-06
 Maximum ABS(G) { p(~LWD)Psi(~pctex21 + BRT_100m) } = 0.1153946E-05 
 S Vector { p(~LWD)Psi(~pctex21 + BRT_100m) }:
   13.80178      9.833328     0.3927079     0.3037394     0.1839954E-01
 Time to compute number of parameters was 0.05 seconds.     
 Ratio Threshold = 50.000000       Max Gap (2/3) = 25.039802       Next Max Gap (4/5) = 16.507992     
 Gap Method for Num. of Estimated Parameters { p(~LWD)Psi(~pctex21 + BRT_100m) } = 5          
 Threshold { p(~LWD)Psi(~pctex21 + BRT_100m) } = 0.2307893E-05                 
 Numerical Threshold Method for Num. of Estimated Parameters { p(~LWD)Psi(~pctex21 + BRT_100m) } = 5          
 Number of Estimated Parameters { p(~LWD)Psi(~pctex21 + BRT_100m) } = 5          
 DEVIANCE { p(~LWD)Psi(~pctex21 + BRT_100m) } = 150.34075                     
 DEVIANCE Degrees of Freedom { p(~LWD)Psi(~pctex21 + BRT_100m) } = 133            
 c-hat { p(~LWD)Psi(~pctex21 + BRT_100m) } = 1.1303816                     
 AIC { p(~LWD)Psi(~pctex21 + BRT_100m) } = 160.34075                  
 AICc { p(~LWD)Psi(~pctex21 + BRT_100m) } = 160.79529                    
 BIC { p(~LWD)Psi(~pctex21 + BRT_100m) } = 174.97702                    
 Pearson Chisquare { p(~LWD)Psi(~pctex21 + BRT_100m) } = 1030.2700                  


             LOGIT Link Function Parameters of { p(~LWD)Psi(~pctex21 + BRT_100m) }
                                                              95% Confidence Interval
 Parameter                    Beta         Standard Error      Lower           Upper
 -------------------------  --------------  --------------  --------------  --------------

  Program  MARK  - Survival Rate Estimation with Capture-Recapture Data
   gfortran(dble) Vers. 9.0 Mar 2018     3-Dec-2019 10:59:55    Page  003
 - - - - - - - - - - - - - - - - - - - - - - - - - - - - - - - - - - - - - -
 
    1:p:(Intercept)          0.8256868       0.4578348      -0.0716694       1.7230430    
    2:p:LWD                  0.6528919       1.7840191      -2.8437855       4.1495694    
    3:Psi:(Intercept)       -1.0952967       0.3585850      -1.7981234      -0.3924700    
    4:Psi:pctex21           -0.6230278       0.2380054      -1.0895183      -0.1565373    
    5:Psi:BRT_100m           0.0276409       0.0164933      -0.0046859       0.0599677    


             Real Function Parameters of { p(~LWD)Psi(~pctex21 + BRT_100m) }

      Following estimates based on unstandardized individual covariate values:
          Variable   Value         
          ---------  ------------- 
          LWD         0.2273503    
          PCTEX21     4.8306834    
          BRT_100M    6.7817616    
                                                               95% Confidence Interval
  Parameter                  Estimate       Standard Error      Lower           Upper
 --------------------------  --------------  --------------  --------------  --------------
     1:p g1 a0 t1             0.7259403       0.0659521       0.5803922       0.8353269                          
     2:Psi g1 a0 t1           0.0195030       0.0199088       0.0025782       0.1327440                          


                      Estimates of Derived Parameters
        Occupancy Estimates of { p(~LWD)Psi(~pctex21 + BRT_100m) }
                                            95% Confidence Interval
 Group   Psi-hat         Standard Error      Lower           Upper
 -----   --------------  --------------  --------------  --------------
   1      0.0195030       0.0199088       0.0025782       0.1327440    

   CPU Time for the last procedure was 0.09 seconds.     

  Program  MARK  - Survival Rate Estimation with Capture-Recapture Data
   gfortran(dble) Vers. 9.0 Mar 2018     3-Dec-2019 10:59:55    Page  004
 - - - - - - - - - - - - - - - - - - - - - - - - - - - - - - - - - - - - - -
 


  INPUT --- proc stop;

     CPU Time in minutes for this job was 0.00

     Time Start = 10:59:54.593   Time End = 10:59:55.266

     Wall Clock Time in minutes for this job was 0.01


          E X E C U T I O N   S U C C E S S F U L 
