
   Program  MARK  - Survival Rate Estimation with Capture-Recapture Data
   gfortran(dble) Vers. 9.0 Mar 2018     3-Dec-2019 12:24:44    Page  001
 - - - - - - - - - - - - - - - - - - - - - - - - - - - - - - - - - - - - - -
 
   This version was compiled by GCC version 7.2.0 using the options: 
     -cpp -iprefix C:/Program Files/mingw-w64/x86_64-7.2.0-posix-seh-rt_v5-rev1/
     mingw64/bin/../lib/gcc/x86_64-w64-mingw32/7.2.0/ -D_MT -D_REENTRANT
     -U_REENTRANT -D IEEE -D DBLEPRECISION -m64 -mtune=core2 -march=nocona -mthreads
     -O2 -fimplicit-none -fbounds-check -funroll-loops -ftree-vectorize
     -ffpe-summary=invalid,zero,overflow,underflow -fno-unsafe-math-optimizations
     -frounding-math -fsignaling-nans -fopenmp.

   This problem will use 7 of 8 possible threads.


  INPUT --- proc title ;

   CPU Time for the last procedure was 0.01 seconds.     


  INPUT --- proc chmatrix occasions= 3 groups= 1 etype= Occupancy 
  INPUT --- Nodes= 101 icovar = 4 ICMeans  NoHist hist= 138 ;

  INPUT ---    time interval 1 1 1 ;

  INPUT ---     icovariates effsec HAiFLS_nat pctex21 Sinuosity ;

  INPUT ---    glabel(1)=freq1;

      Number of unique encounter histories read was 138.

      Number of individual covariates read was 4.
      Time interval lengths are all equal to 1.

      Data type number is 27
      Data type is Occupancy Estimation with Detection < 1                                                             

   CPU Time for the last procedure was 0.02 seconds.     

  Program  MARK  - Survival Rate Estimation with Capture-Recapture Data
   gfortran(dble) Vers. 9.0 Mar 2018     3-Dec-2019 12:24:44    Page  002
 - - - - - - - - - - - - - - - - - - - - - - - - - - - - - - - - - - - - - -
 


  INPUT --- proc estimate link=Logit NOLOOP varest=2ndPart    ;


  INPUT --- model={ p(~effsec)Psi(~HAiFLS_nat + pctex21 + Sinuosity) };

  INPUT ---    group=1 p    rows=1 cols=3 Square ;
  INPUT ---        1 1 1 ;

  INPUT ---    group=1 Psi    rows=1 cols=1 Square ;
  INPUT ---        2 ;

  INPUT ---    design matrix constraints=2 covariates=6;
  INPUT ---        1 effsec 0 0 0 0;
  INPUT ---        0 0 1 HAiFLS_nat pctex21 Sinuosity;
  INPUT ---       blabel(1)=p:(Intercept);
  INPUT ---       blabel(2)=p:effsec;
  INPUT ---       blabel(3)=Psi:(Intercept);
  INPUT ---       blabel(4)=Psi:HAiFLS_nat;
  INPUT ---       blabel(5)=Psi:pctex21;
  INPUT ---       blabel(6)=Psi:Sinuosity;
  INPUT ---       rlabel(1)=p g1 a0 t1;
  INPUT ---       rlabel(2)=Psi g1 a0 t1;

 Link Function Used is LOGIT        

 Variance Estimation Procedure Used is 2ndPart 
 -2logL(saturated) = 0.0000000     
 Effective Sample Size = 138

 Number of function evaluations was 24 for 6 parameters.
 Time for numerical optimization was 0.01 seconds.     
 -2logL { p(~effsec)Psi(~HAiFLS_nat + pctex21 + Sinuosity) } = 143.20252     
 Penalty { p(~effsec)Psi(~HAiFLS_nat + pctex21 + Sinuosity) } = 0.0000000     
 Gradient { p(~effsec)Psi(~HAiFLS_nat + pctex21 + Sinuosity) }:
  0.2937212E-05   0.000000      0.5018786E-06   0.000000       0.000000    
   0.000000    
 Maximum ABS(G) { p(~effsec)Psi(~HAiFLS_nat + pctex21 + Sinuosity) } = 0.2937212E-05 
 S Vector { p(~effsec)Psi(~HAiFLS_nat + pctex21 + Sinuosity) }:
   19.13987      8.467461     0.9535056     0.1904189     0.4619181E-01
  0.1530795E-01
 Time to compute number of parameters was 0.03 seconds.     
 Ratio Threshold = 50.000000       Max Gap (2/3) = 8.8803469       Next Max Gap (3/4) = 5.0074100     
 Gap Method for Num. of Estimated Parameters { p(~effsec)Psi(~HAiFLS_nat + pctex21 + Sinuosity) } = 6          
 Threshold { p(~effsec)Psi(~HAiFLS_nat + pctex21 + Sinuosity) } = 0.5874425E-05                 
 Numerical Threshold Method for Num. of Estimated Parameters { p(~effsec)Psi(~HAiFLS_nat + pctex21 + Sinuosity) } = 6          
 Number of Estimated Parameters { p(~effsec)Psi(~HAiFLS_nat + pctex21 + Sinuosity) } = 6          
 DEVIANCE { p(~effsec)Psi(~HAiFLS_nat + pctex21 + Sinuosity) } = 143.20252                     
 DEVIANCE Degrees of Freedom { p(~effsec)Psi(~HAiFLS_nat + pctex21 + Sinuosity) } = 132            
 c-hat { p(~effsec)Psi(~HAiFLS_nat + pctex21 + Sinuosity) } = 1.0848675                     
 AIC { p(~effsec)Psi(~HAiFLS_nat + pctex21 + Sinuosity) } = 155.20252                  
 AICc { p(~effsec)Psi(~HAiFLS_nat + pctex21 + Sinuosity) } = 155.84374                    
 BIC { p(~effsec)Psi(~HAiFLS_nat + pctex21 + Sinuosity) } = 172.76604                    
 Pearson Chisquare { p(~effsec)Psi(~HAiFLS_nat + pctex21 + Sinuosity) } = 602.04527                  

  Program  MARK  - Survival Rate Estimation with Capture-Recapture Data
   gfortran(dble) Vers. 9.0 Mar 2018     3-Dec-2019 12:24:46    Page  003
 - - - - - - - - - - - - - - - - - - - - - - - - - - - - - - - - - - - - - -
 


     LOGIT Link Function Parameters of { p(~effsec)Psi(~HAiFLS_nat + pctex21 + Sinuosity) }
                                                              95% Confidence Interval
 Parameter                    Beta         Standard Error      Lower           Upper
 -------------------------  --------------  --------------  --------------  --------------
    1:p:(Intercept)         -0.2987476       0.7076775      -1.6857955       1.0883004    
    2:p:effsec               0.4545383E-03   0.2419078E-03  -0.1960106E-04   0.9286777E-03
    3:Psi:(Intercept)       -2.8004187       2.3538306      -7.4139267       1.8130894    
    4:Psi:HAiFLS_nat         0.0239021       0.0104586       0.0034033       0.0444010    
    5:Psi:pctex21           -0.7516065       0.2606970      -1.2625727      -0.2406404    
    6:Psi:Sinuosity          1.0092548       1.8055387      -2.5296012       4.5481108    


     Real Function Parameters of { p(~effsec)Psi(~HAiFLS_nat + pctex21 + Sinuosity) }

      Following estimates based on unstandardized individual covariate values:
          Variable   Value         
          ---------  ------------- 
          EFFSEC      2558.6014    
          HAIFLS_NAT  30.404180    
          PCTEX21     4.8306834    
          SINUOSITY   1.2535645    
                                                               95% Confidence Interval
  Parameter                  Estimate       Standard Error      Lower           Upper
 --------------------------  --------------  --------------  --------------  --------------
     1:p g1 a0 t1             0.7035447       0.0733969       0.5435143       0.8254865                          
     2:Psi g1 a0 t1           0.0116665       0.0133537       0.0012181       0.1025366                          


                      Estimates of Derived Parameters
 Occupancy Estimates of { p(~effsec)Psi(~HAiFLS_nat + pctex21 + Sinuosity) }
                                            95% Confidence Interval
 Group   Psi-hat         Standard Error      Lower           Upper
 -----   --------------  --------------  --------------  --------------
   1      0.0116665       0.0133537       0.0012181       0.1025366    

   CPU Time for the last procedure was 0.03 seconds.     

  Program  MARK  - Survival Rate Estimation with Capture-Recapture Data
   gfortran(dble) Vers. 9.0 Mar 2018     3-Dec-2019 12:24:46    Page  004
 - - - - - - - - - - - - - - - - - - - - - - - - - - - - - - - - - - - - - -
 


  INPUT --- proc stop;

     CPU Time in minutes for this job was 0.00

     Time Start = 12:24:44.970   Time End = 12:24:46.342

     Wall Clock Time in minutes for this job was 0.02


          E X E C U T I O N   S U C C E S S F U L 
