
   Program  MARK  - Survival Rate Estimation with Capture-Recapture Data
   gfortran(dble) Vers. 9.0 Mar 2018     3-Dec-2019 11:03:21    Page  001
 - - - - - - - - - - - - - - - - - - - - - - - - - - - - - - - - - - - - - -
 
   This version was compiled by GCC version 7.2.0 using the options: 
     -cpp -iprefix C:/Program Files/mingw-w64/x86_64-7.2.0-posix-seh-rt_v5-rev1/
     mingw64/bin/../lib/gcc/x86_64-w64-mingw32/7.2.0/ -D_MT -D_REENTRANT
     -U_REENTRANT -D IEEE -D DBLEPRECISION -m64 -mtune=core2 -march=nocona -mthreads
     -O2 -fimplicit-none -fbounds-check -funroll-loops -ftree-vectorize
     -ffpe-summary=invalid,zero,overflow,underflow -fno-unsafe-math-optimizations
     -frounding-math -fsignaling-nans -fopenmp.

   This problem will use 7 of 8 possible threads.


  INPUT --- proc title ;

   CPU Time for the last procedure was 0.01 seconds.     


  INPUT --- proc chmatrix occasions= 3 groups= 1 etype= Occupancy 
  INPUT --- Nodes= 101 icovar = 8 ICMeans  NoHist hist= 138 ;

  INPUT ---    time interval 1 1 1 ;

  INPUT ---     icovariates effort1 effort2 effort3 mxflow1 mxflow2  
  INPUT ---    mxflow3 pctex21 Sinuosity ;

  INPUT ---    glabel(1)=freq1;

      Number of unique encounter histories read was 138.

      Number of individual covariates read was 8.
      Time interval lengths are all equal to 1.

      Data type number is 27
      Data type is Occupancy Estimation with Detection < 1                                                             

   CPU Time for the last procedure was 0.02 seconds.     

  Program  MARK  - Survival Rate Estimation with Capture-Recapture Data
   gfortran(dble) Vers. 9.0 Mar 2018     3-Dec-2019 11:03:21    Page  002
 - - - - - - - - - - - - - - - - - - - - - - - - - - - - - - - - - - - - - -
 


  INPUT --- proc estimate link=Logit NOLOOP varest=2ndPart    ;


  INPUT --- model={ p(~effort + mxflow)Psi(~pctex21 + Sinuosity) };

  INPUT ---    group=1 p    rows=1 cols=3 Square ;
  INPUT ---        1 2 3 ;

  INPUT ---    group=1 Psi    rows=1 cols=1 Square ;
  INPUT ---        4 ;

  INPUT ---    design matrix constraints=4 covariates=6;
  INPUT ---        1 effort1 mxflow1 0 0 0;
  INPUT ---        1 effort2 mxflow2 0 0 0;
  INPUT ---        1 effort3 mxflow3 0 0 0;
  INPUT ---        0 0 0 1 pctex21 Sinuosity;
  INPUT ---       blabel(1)=p:(Intercept);
  INPUT ---       blabel(2)=p:effort;
  INPUT ---       blabel(3)=p:mxflow;
  INPUT ---       blabel(4)=Psi:(Intercept);
  INPUT ---       blabel(5)=Psi:pctex21;
  INPUT ---       blabel(6)=Psi:Sinuosity;
  INPUT ---       rlabel(1)=p g1 a0 t1;
  INPUT ---       rlabel(2)=p g1 a1 t2;
  INPUT ---       rlabel(3)=p g1 a2 t3;
  INPUT ---       rlabel(4)=Psi g1 a0 t1;

 Link Function Used is LOGIT        

 Variance Estimation Procedure Used is 2ndPart 
 -2logL(saturated) = 0.0000000     
 Effective Sample Size = 138

 Number of function evaluations was 40 for 6 parameters.
 Time for numerical optimization was 0.02 seconds.     
 -2logL { p(~effort + mxflow)Psi(~pctex21 + Sinuosity) } = 146.21681     
 Penalty { p(~effort + mxflow)Psi(~pctex21 + Sinuosity) } = 0.0000000     
 Gradient { p(~effort + mxflow)Psi(~pctex21 + Sinuosity) }:
  0.3274415E-05  0.4696327E-06   0.000000      0.6103837E-05  0.9210539E-07
  0.3104439E-05
 Maximum ABS(G) { p(~effort + mxflow)Psi(~pctex21 + Sinuosity) } = 0.6103837E-05 
 S Vector { p(~effort + mxflow)Psi(~pctex21 + Sinuosity) }:
   18.15310      7.536120     0.9289020E-01 0.5272937E-01 0.1984201E-01
  0.1195472E-03
 Time to compute number of parameters was 0.01 seconds.     
 Ratio Threshold = 50.000000       Max Gap (5/6) = 165.97635       Next Max Gap (2/3) = 81.129330     
 Gap Method for Num. of Estimated Parameters { p(~effort + mxflow)Psi(~pctex21 + Sinuosity) } = 2          
 Threshold { p(~effort + mxflow)Psi(~pctex21 + Sinuosity) } = 0.1220767E-04                 
 Numerical Threshold Method for Num. of Estimated Parameters { p(~effort + mxflow)Psi(~pctex21 + Sinuosity) } = 6          
 Number of Estimated Parameters { p(~effort + mxflow)Psi(~pctex21 + Sinuosity) } = 6          

  Program  MARK  - Survival Rate Estimation with Capture-Recapture Data
   gfortran(dble) Vers. 9.0 Mar 2018     3-Dec-2019 11:03:21    Page  003
 - - - - - - - - - - - - - - - - - - - - - - - - - - - - - - - - - - - - - -
 

   * *  WARNING  * *   Number of parameters estimated from gap method (=2) and threshold method (=6) differ.  Inspect full output.                                                                                                                                                                                                                                                                                                                                                                                                                      
 Ratios of S Vector { p(~effort + mxflow)Psi(~pctex21 + Sinuosity) }:
   1/2    2.408812       2/3    81.12933       3/4    1.761641       4/5    2.657460       5/6    165.9763    
 DEVIANCE { p(~effort + mxflow)Psi(~pctex21 + Sinuosity) } = 146.21681                     
 DEVIANCE Degrees of Freedom { p(~effort + mxflow)Psi(~pctex21 + Sinuosity) } = 132            
 c-hat { p(~effort + mxflow)Psi(~pctex21 + Sinuosity) } = 1.1077031                     
 AIC { p(~effort + mxflow)Psi(~pctex21 + Sinuosity) } = 158.21681                  
 AICc { p(~effort + mxflow)Psi(~pctex21 + Sinuosity) } = 158.85803                    
 BIC { p(~effort + mxflow)Psi(~pctex21 + Sinuosity) } = 175.78033                    
 Pearson Chisquare { p(~effort + mxflow)Psi(~pctex21 + Sinuosity) } = 683.73867                  


       LOGIT Link Function Parameters of { p(~effort + mxflow)Psi(~pctex21 + Sinuosity) }
                                                              95% Confidence Interval
 Parameter                    Beta         Standard Error      Lower           Upper
 -------------------------  --------------  --------------  --------------  --------------
    1:p:(Intercept)         -0.1650010       0.9872350      -2.0999816       1.7699797    
    2:p:effort               0.0017860       0.8214310E-03   0.1760344E-03   0.0033960    
    3:p:mxflow              -0.7275170       1.3856908      -3.4434710       1.9884369    
    4:Psi:(Intercept)       -1.1873847       2.1246326      -5.3516646       2.9768953    
    5:Psi:pctex21           -0.6363998       0.2291797      -1.0855921      -0.1872075    
    6:Psi:Sinuosity          0.3777021       1.7053235      -2.9647320       3.7201362    


       Real Function Parameters of { p(~effort + mxflow)Psi(~pctex21 + Sinuosity) }

      Following estimates based on unstandardized individual covariate values:
          Variable   Value         
          ---------  ------------- 
          EFFORT1     906.23188    
          EFFORT2     834.18841    
          EFFORT3     818.18116    
          MXFLOW1     0.8952899    
          MXFLOW2     1.0911594    
          MXFLOW3     0.5689855    
          PCTEX21     4.8306834    
          SINUOSITY   1.2535645    
                                                               95% Confidence Interval
  Parameter                  Estimate       Standard Error      Lower           Upper
 --------------------------  --------------  --------------  --------------  --------------
     1:p g1 a0 t1             0.6904505       0.1243655       0.4162301       0.8746507                          
     2:p g1 a1 t2             0.6297292       0.1879464       0.2594559       0.8919589                          
     3:p g1 a2 t3             0.7073102       0.0763284       0.5398433       0.8327161                          
     4:Psi g1 a0 t1           0.0221362       0.0214839       0.0032254       0.1367147                          


                      Estimates of Derived Parameters
 Occupancy Estimates of { p(~effort + mxflow)Psi(~pctex21 + Sinuosity) }
                                            95% Confidence Interval
 Group   Psi-hat         Standard Error      Lower           Upper
 -----   --------------  --------------  --------------  --------------

  Program  MARK  - Survival Rate Estimation with Capture-Recapture Data
   gfortran(dble) Vers. 9.0 Mar 2018     3-Dec-2019 11:03:21    Page  004
 - - - - - - - - - - - - - - - - - - - - - - - - - - - - - - - - - - - - - -
 
   1      0.0221362       0.0214839       0.0032254       0.1367147    

 Attempted ordering of parameters by estimatibility:
  4 1 2 6 5 3
 Beta number 3 is a singular value.

   CPU Time for the last procedure was 0.02 seconds.     


  INPUT --- proc stop;

     CPU Time in minutes for this job was 0.00

     Time Start = 11:03:21.275   Time End = 11:03:21.404

     Wall Clock Time in minutes for this job was 0.00


          E X E C U T I O N   S U C C E S S F U L 
