
   Program  MARK  - Survival Rate Estimation with Capture-Recapture Data
   gfortran(dble) Vers. 9.0 Mar 2018     3-Dec-2019 11:08:00    Page  001
 - - - - - - - - - - - - - - - - - - - - - - - - - - - - - - - - - - - - - -
 
   This version was compiled by GCC version 7.2.0 using the options: 
     -cpp -iprefix C:/Program Files/mingw-w64/x86_64-7.2.0-posix-seh-rt_v5-rev1/
     mingw64/bin/../lib/gcc/x86_64-w64-mingw32/7.2.0/ -D_MT -D_REENTRANT
     -U_REENTRANT -D IEEE -D DBLEPRECISION -m64 -mtune=core2 -march=nocona -mthreads
     -O2 -fimplicit-none -fbounds-check -funroll-loops -ftree-vectorize
     -ffpe-summary=invalid,zero,overflow,underflow -fno-unsafe-math-optimizations
     -frounding-math -fsignaling-nans -fopenmp.

   This problem will use 7 of 8 possible threads.


  INPUT --- proc title ;

   CPU Time for the last procedure was 0.01 seconds.     


  INPUT --- proc chmatrix occasions= 3 groups= 1 etype= Occupancy 
  INPUT --- Nodes= 101 icovar = 4 ICMeans  NoHist hist= 138 ;

  INPUT ---    time interval 1 1 1 ;

  INPUT ---     icovariates undr1 undr2 undr3 pctShade ;

  INPUT ---    glabel(1)=freq1;

      Number of unique encounter histories read was 138.

      Number of individual covariates read was 4.
      Time interval lengths are all equal to 1.

      Data type number is 27
      Data type is Occupancy Estimation with Detection < 1                                                             

   CPU Time for the last procedure was 0.01 seconds.     

  Program  MARK  - Survival Rate Estimation with Capture-Recapture Data
   gfortran(dble) Vers. 9.0 Mar 2018     3-Dec-2019 11:08:00    Page  002
 - - - - - - - - - - - - - - - - - - - - - - - - - - - - - - - - - - - - - -
 


  INPUT --- proc estimate link=Logit NOLOOP varest=2ndPart    ;


  INPUT --- model={ p(~undr)Psi(~pctShade) };

  INPUT ---    group=1 p    rows=1 cols=3 Square ;
  INPUT ---        1 2 3 ;

  INPUT ---    group=1 Psi    rows=1 cols=1 Square ;
  INPUT ---        4 ;

  INPUT ---    design matrix constraints=4 covariates=4;
  INPUT ---        1 undr1 0 0;
  INPUT ---        1 undr2 0 0;
  INPUT ---        1 undr3 0 0;
  INPUT ---        0 0 1 pctShade;
  INPUT ---       blabel(1)=p:(Intercept);
  INPUT ---       blabel(2)=p:undr;
  INPUT ---       blabel(3)=Psi:(Intercept);
  INPUT ---       blabel(4)=Psi:pctShade;
  INPUT ---       rlabel(1)=p g1 a0 t1;
  INPUT ---       rlabel(2)=p g1 a1 t2;
  INPUT ---       rlabel(3)=p g1 a2 t3;
  INPUT ---       rlabel(4)=Psi g1 a0 t1;

 Link Function Used is LOGIT        

 Variance Estimation Procedure Used is 2ndPart 
 -2logL(saturated) = 0.0000000     
 Effective Sample Size = 138

 Number of function evaluations was 12 for 4 parameters.
 Time for numerical optimization was 0.02 seconds.     
 -2logL { p(~undr)Psi(~pctShade) } = 173.74674     
 Penalty { p(~undr)Psi(~pctShade) } = 0.0000000     
 Gradient { p(~undr)Psi(~pctShade) }:
  0.1241766E-05  0.6440148E-06  0.6413811E-06   0.000000    
 Maximum ABS(G) { p(~undr)Psi(~pctShade) } = 0.1241766E-05 
 S Vector { p(~undr)Psi(~pctShade) }:
   20.95833      9.329720      1.235191     0.3570862    
 Time to compute number of parameters was 0.01 seconds.     
 Ratio Threshold = 50.000000       Max Gap (2/3) = 7.5532606       Next Max Gap (3/4) = 3.4590842     
 Gap Method for Num. of Estimated Parameters { p(~undr)Psi(~pctShade) } = 4          
 Threshold { p(~undr)Psi(~pctShade) } = 0.2483531E-05                 
 Numerical Threshold Method for Num. of Estimated Parameters { p(~undr)Psi(~pctShade) } = 4          
 Number of Estimated Parameters { p(~undr)Psi(~pctShade) } = 4          
 DEVIANCE { p(~undr)Psi(~pctShade) } = 173.74674                     
 DEVIANCE Degrees of Freedom { p(~undr)Psi(~pctShade) } = 134            
 c-hat { p(~undr)Psi(~pctShade) } = 1.2966174                     
 AIC { p(~undr)Psi(~pctShade) } = 181.74674                  
 AICc { p(~undr)Psi(~pctShade) } = 182.04749                    
 BIC { p(~undr)Psi(~pctShade) } = 193.45575                    
 Pearson Chisquare { p(~undr)Psi(~pctShade) } = 978.81270                  

  Program  MARK  - Survival Rate Estimation with Capture-Recapture Data
   gfortran(dble) Vers. 9.0 Mar 2018     3-Dec-2019 11:08:01    Page  003
 - - - - - - - - - - - - - - - - - - - - - - - - - - - - - - - - - - - - - -
 


                  LOGIT Link Function Parameters of { p(~undr)Psi(~pctShade) }
                                                              95% Confidence Interval
 Parameter                    Beta         Standard Error      Lower           Upper
 -------------------------  --------------  --------------  --------------  --------------
    1:p:(Intercept)          0.5359972       0.4570190      -0.3597599       1.4317544    
    2:p:undr                 0.5604724       0.4692419      -0.3592418       1.4801865    
    3:Psi:(Intercept)       -1.9738148       0.4767801      -2.9083038      -1.0393258    
    4:Psi:pctShade           0.0035604       0.0079944      -0.0121086       0.0192293    


                  Real Function Parameters of { p(~undr)Psi(~pctShade) }

      Following estimates based on unstandardized individual covariate values:
          Variable   Value         
          ---------  ------------- 
          UNDR1       0.5869565    
          UNDR2       0.5483092    
          UNDR3       0.5042271    
          PCTSHADE    48.614931    
                                                               95% Confidence Interval
  Parameter                  Estimate       Standard Error      Lower           Upper
 --------------------------  --------------  --------------  --------------  --------------
     1:p g1 a0 t1             0.7036980       0.0697083       0.5522339       0.8205737                          
     2:p g1 a1 t2             0.6991618       0.0708605       0.5456219       0.8181141                          
     3:p g1 a2 t3             0.6939396       0.0724210       0.5374974       0.8156176                          
     4:Psi g1 a0 t1           0.1417625       0.0305184       0.0917568       0.2126399                          


                      Estimates of Derived Parameters
            Occupancy Estimates of { p(~undr)Psi(~pctShade) }
                                            95% Confidence Interval
 Group   Psi-hat         Standard Error      Lower           Upper
 -----   --------------  --------------  --------------  --------------
   1      0.1417625       0.0305184       0.0917568       0.2126399    

   CPU Time for the last procedure was 0.02 seconds.     

  Program  MARK  - Survival Rate Estimation with Capture-Recapture Data
   gfortran(dble) Vers. 9.0 Mar 2018     3-Dec-2019 11:08:01    Page  004
 - - - - - - - - - - - - - - - - - - - - - - - - - - - - - - - - - - - - - -
 


  INPUT --- proc stop;

     CPU Time in minutes for this job was 0.00

     Time Start = 11:08:00.313   Time End = 11:08:01.655

     Wall Clock Time in minutes for this job was 0.02


          E X E C U T I O N   S U C C E S S F U L 
