
   Program  MARK  - Survival Rate Estimation with Capture-Recapture Data
   gfortran(dble) Vers. 9.0 Mar 2018     3-Dec-2019 11:06:02    Page  001
 - - - - - - - - - - - - - - - - - - - - - - - - - - - - - - - - - - - - - -
 
   This version was compiled by GCC version 7.2.0 using the options: 
     -cpp -iprefix C:/Program Files/mingw-w64/x86_64-7.2.0-posix-seh-rt_v5-rev1/
     mingw64/bin/../lib/gcc/x86_64-w64-mingw32/7.2.0/ -D_MT -D_REENTRANT
     -U_REENTRANT -D IEEE -D DBLEPRECISION -m64 -mtune=core2 -march=nocona -mthreads
     -O2 -fimplicit-none -fbounds-check -funroll-loops -ftree-vectorize
     -ffpe-summary=invalid,zero,overflow,underflow -fno-unsafe-math-optimizations
     -frounding-math -fsignaling-nans -fopenmp.

   This problem will use 7 of 8 possible threads.


  INPUT --- proc title ;

   CPU Time for the last procedure was 0.01 seconds.     


  INPUT --- proc chmatrix occasions= 3 groups= 1 etype= Occupancy 
  INPUT --- Nodes= 101 icovar = 5 ICMeans  NoHist hist= 138 ;

  INPUT ---    time interval 1 1 1 ;

  INPUT ---     icovariates lwd1 lwd2 lwd3 pctex21 WidDep ;

  INPUT ---    glabel(1)=freq1;

      Number of unique encounter histories read was 138.

      Number of individual covariates read was 5.
      Time interval lengths are all equal to 1.

      Data type number is 27
      Data type is Occupancy Estimation with Detection < 1                                                             

   CPU Time for the last procedure was 0.01 seconds.     

  Program  MARK  - Survival Rate Estimation with Capture-Recapture Data
   gfortran(dble) Vers. 9.0 Mar 2018     3-Dec-2019 11:06:02    Page  002
 - - - - - - - - - - - - - - - - - - - - - - - - - - - - - - - - - - - - - -
 


  INPUT --- proc estimate link=Logit NOLOOP varest=2ndPart    ;


  INPUT --- model={ p(~lwd)Psi(~pctex21 + WidDep) };

  INPUT ---    group=1 p    rows=1 cols=3 Square ;
  INPUT ---        1 2 3 ;

  INPUT ---    group=1 Psi    rows=1 cols=1 Square ;
  INPUT ---        4 ;

  INPUT ---    design matrix constraints=4 covariates=5;
  INPUT ---        1 lwd1 0 0 0;
  INPUT ---        1 lwd2 0 0 0;
  INPUT ---        1 lwd3 0 0 0;
  INPUT ---        0 0 1 pctex21 WidDep;
  INPUT ---       blabel(1)=p:(Intercept);
  INPUT ---       blabel(2)=p:lwd;
  INPUT ---       blabel(3)=Psi:(Intercept);
  INPUT ---       blabel(4)=Psi:pctex21;
  INPUT ---       blabel(5)=Psi:WidDep;
  INPUT ---       rlabel(1)=p g1 a0 t1;
  INPUT ---       rlabel(2)=p g1 a1 t2;
  INPUT ---       rlabel(3)=p g1 a2 t3;
  INPUT ---       rlabel(4)=Psi g1 a0 t1;

 Link Function Used is LOGIT        

 Variance Estimation Procedure Used is 2ndPart 
 -2logL(saturated) = 0.0000000     
 Effective Sample Size = 138

 Number of function evaluations was 20 for 5 parameters.
 Time for numerical optimization was 0.01 seconds.     
 -2logL { p(~lwd)Psi(~pctex21 + WidDep) } = 152.79805     
 Penalty { p(~lwd)Psi(~pctex21 + WidDep) } = 0.0000000     
 Gradient { p(~lwd)Psi(~pctex21 + WidDep) }:
   0.000000       0.000000      0.2752670E-05  0.9313350E-07   0.000000    
 Maximum ABS(G) { p(~lwd)Psi(~pctex21 + WidDep) } = 0.2752670E-05 
 S Vector { p(~lwd)Psi(~pctex21 + WidDep) }:
   17.13222      9.708423     0.4226987     0.1846803     0.2018555E-01
 Time to compute number of parameters was 0.03 seconds.     
 Ratio Threshold = 50.000000       Max Gap (2/3) = 22.967714       Next Max Gap (4/5) = 9.1491350     
 Gap Method for Num. of Estimated Parameters { p(~lwd)Psi(~pctex21 + WidDep) } = 5          
 Threshold { p(~lwd)Psi(~pctex21 + WidDep) } = 0.5505339E-05                 
 Numerical Threshold Method for Num. of Estimated Parameters { p(~lwd)Psi(~pctex21 + WidDep) } = 5          
 Number of Estimated Parameters { p(~lwd)Psi(~pctex21 + WidDep) } = 5          
 DEVIANCE { p(~lwd)Psi(~pctex21 + WidDep) } = 152.79805                     
 DEVIANCE Degrees of Freedom { p(~lwd)Psi(~pctex21 + WidDep) } = 133            
 c-hat { p(~lwd)Psi(~pctex21 + WidDep) } = 1.1488575                     
 AIC { p(~lwd)Psi(~pctex21 + WidDep) } = 162.79805                  
 AICc { p(~lwd)Psi(~pctex21 + WidDep) } = 163.25259                    
 BIC { p(~lwd)Psi(~pctex21 + WidDep) } = 177.43432                    
 Pearson Chisquare { p(~lwd)Psi(~pctex21 + WidDep) } = 928.64467                  

  Program  MARK  - Survival Rate Estimation with Capture-Recapture Data
   gfortran(dble) Vers. 9.0 Mar 2018     3-Dec-2019 11:06:03    Page  003
 - - - - - - - - - - - - - - - - - - - - - - - - - - - - - - - - - - - - - -
 


              LOGIT Link Function Parameters of { p(~lwd)Psi(~pctex21 + WidDep) }
                                                              95% Confidence Interval
 Parameter                    Beta         Standard Error      Lower           Upper
 -------------------------  --------------  --------------  --------------  --------------
    1:p:(Intercept)          0.7980551       0.3857223       0.0420394       1.5540707    
    2:p:lwd                  0.8710712       1.3238990      -1.7237708       3.4659133    
    3:Psi:(Intercept)       -1.0787260       0.7027867      -2.4561878       0.2987359    
    4:Psi:pctex21           -0.6290181       0.2272148      -1.0743592      -0.1836770    
    5:Psi:WidDep             0.0218518       0.0517911      -0.0796588       0.1233624    


              Real Function Parameters of { p(~lwd)Psi(~pctex21 + WidDep) }

      Following estimates based on unstandardized individual covariate values:
          Variable   Value         
          ---------  ------------- 
          LWD1        0.2346014    
          LWD2        0.2355072    
          LWD3        0.2114389    
          PCTEX21     4.8306834    
          WIDDEP      13.033426    
                                                               95% Confidence Interval
  Parameter                  Estimate       Standard Error      Lower           Upper
 --------------------------  --------------  --------------  --------------  --------------
     1:p g1 a0 t1             0.7315321       0.0658899       0.5853631       0.8402367                          
     2:p g1 a1 t2             0.7316870       0.0659342       0.5853887       0.8404342                          
     3:p g1 a2 t3             0.7275512       0.0650069       0.5840561       0.8354863                          
     4:Psi g1 a0 t1           0.0211962       0.0204505       0.0031271       0.1300503                          


                      Estimates of Derived Parameters
         Occupancy Estimates of { p(~lwd)Psi(~pctex21 + WidDep) }
                                            95% Confidence Interval
 Group   Psi-hat         Standard Error      Lower           Upper
 -----   --------------  --------------  --------------  --------------
   1      0.0211962       0.0204505       0.0031271       0.1300503    

   CPU Time for the last procedure was 0.05 seconds.     

  Program  MARK  - Survival Rate Estimation with Capture-Recapture Data
   gfortran(dble) Vers. 9.0 Mar 2018     3-Dec-2019 11:06:03    Page  004
 - - - - - - - - - - - - - - - - - - - - - - - - - - - - - - - - - - - - - -
 


  INPUT --- proc stop;

     CPU Time in minutes for this job was 0.00

     Time Start = 11:06:02.051   Time End = 11:06:03.052

     Wall Clock Time in minutes for this job was 0.02


          E X E C U T I O N   S U C C E S S F U L 
