
   Program  MARK  - Survival Rate Estimation with Capture-Recapture Data
   gfortran(dble) Vers. 9.0 Mar 2018     3-Dec-2019 11:09:46    Page  001
 - - - - - - - - - - - - - - - - - - - - - - - - - - - - - - - - - - - - - -
 
   This version was compiled by GCC version 7.2.0 using the options: 
     -cpp -iprefix C:/Program Files/mingw-w64/x86_64-7.2.0-posix-seh-rt_v5-rev1/
     mingw64/bin/../lib/gcc/x86_64-w64-mingw32/7.2.0/ -D_MT -D_REENTRANT
     -U_REENTRANT -D IEEE -D DBLEPRECISION -m64 -mtune=core2 -march=nocona -mthreads
     -O2 -fimplicit-none -fbounds-check -funroll-loops -ftree-vectorize
     -ffpe-summary=invalid,zero,overflow,underflow -fno-unsafe-math-optimizations
     -frounding-math -fsignaling-nans -fopenmp.

   This problem will use 7 of 8 possible threads.


  INPUT --- proc title ;

   CPU Time for the last procedure was 0.01 seconds.     


  INPUT --- proc chmatrix occasions= 3 groups= 1 etype= Occupancy 
  INPUT --- Nodes= 101 icovar = 7 ICMeans  NoHist hist= 138 ;

  INPUT ---    time interval 1 1 1 ;

  INPUT ---     icovariates effort1 effort2 effort3 mxdep1 mxdep2 mxdep3  
  INPUT ---    under ;

  INPUT ---    glabel(1)=freq1;

      Number of unique encounter histories read was 138.

      Number of individual covariates read was 7.
      Time interval lengths are all equal to 1.

      Data type number is 27
      Data type is Occupancy Estimation with Detection < 1                                                             

   CPU Time for the last procedure was 0.01 seconds.     

  Program  MARK  - Survival Rate Estimation with Capture-Recapture Data
   gfortran(dble) Vers. 9.0 Mar 2018     3-Dec-2019 11:09:46    Page  002
 - - - - - - - - - - - - - - - - - - - - - - - - - - - - - - - - - - - - - -
 


  INPUT --- proc estimate link=Logit NOLOOP varest=2ndPart    ;


  INPUT --- model={ p(~effort + mxdep)Psi(~under) };

  INPUT ---    group=1 p    rows=1 cols=3 Square ;
  INPUT ---        1 2 3 ;

  INPUT ---    group=1 Psi    rows=1 cols=1 Square ;
  INPUT ---        4 ;

  INPUT ---    design matrix constraints=4 covariates=5;
  INPUT ---        1 effort1 mxdep1 0 0;
  INPUT ---        1 effort2 mxdep2 0 0;
  INPUT ---        1 effort3 mxdep3 0 0;
  INPUT ---        0 0 0 1 under;
  INPUT ---       blabel(1)=p:(Intercept);
  INPUT ---       blabel(2)=p:effort;
  INPUT ---       blabel(3)=p:mxdep;
  INPUT ---       blabel(4)=Psi:(Intercept);
  INPUT ---       blabel(5)=Psi:under;
  INPUT ---       rlabel(1)=p g1 a0 t1;
  INPUT ---       rlabel(2)=p g1 a1 t2;
  INPUT ---       rlabel(3)=p g1 a2 t3;
  INPUT ---       rlabel(4)=Psi g1 a0 t1;

 Link Function Used is LOGIT        

 Variance Estimation Procedure Used is 2ndPart 
 -2logL(saturated) = 0.0000000     
 Effective Sample Size = 138

 Number of function evaluations was 28 for 5 parameters.
 Time for numerical optimization was 0.14 seconds.     
 -2logL { p(~effort + mxdep)Psi(~under) } = 164.64902     
 Penalty { p(~effort + mxdep)Psi(~under) } = 0.0000000     
 Gradient { p(~effort + mxdep)Psi(~under) }:
  0.8471162E-06  0.3942771E-06  0.8538346E-07  0.1188982E-05  0.1418206E-05
 Maximum ABS(G) { p(~effort + mxdep)Psi(~under) } = 0.1418206E-05 
 S Vector { p(~effort + mxdep)Psi(~under) }:
   17.38899      8.118588     0.9669422     0.1240616     0.8874701E-03
 Time to compute number of parameters was 0.01 seconds.     
 Ratio Threshold = 50.000000       Max Gap (4/5) = 139.79246       Next Max Gap (2/3) = 8.3961466     
 Gap Method for Num. of Estimated Parameters { p(~effort + mxdep)Psi(~under) } = 4          
 Threshold { p(~effort + mxdep)Psi(~under) } = 0.2836412E-05                 
 Numerical Threshold Method for Num. of Estimated Parameters { p(~effort + mxdep)Psi(~under) } = 5          
 Number of Estimated Parameters { p(~effort + mxdep)Psi(~under) } = 5          

   * *  WARNING  * *   Number of parameters estimated from gap method (=4) and threshold method (=5) differ.  Inspect full output.                                                                                                                                                                                                                                                                                                                                                                                                                      

  Program  MARK  - Survival Rate Estimation with Capture-Recapture Data
   gfortran(dble) Vers. 9.0 Mar 2018     3-Dec-2019 11:09:47    Page  003
 - - - - - - - - - - - - - - - - - - - - - - - - - - - - - - - - - - - - - -
 
 Ratios of S Vector { p(~effort + mxdep)Psi(~under) }:
   1/2    2.141874       2/3    8.396147       3/4    7.794047       4/5    139.7925    
 DEVIANCE { p(~effort + mxdep)Psi(~under) } = 164.64902                     
 DEVIANCE Degrees of Freedom { p(~effort + mxdep)Psi(~under) } = 133            
 c-hat { p(~effort + mxdep)Psi(~under) } = 1.2379625                     
 AIC { p(~effort + mxdep)Psi(~under) } = 174.64902                  
 AICc { p(~effort + mxdep)Psi(~under) } = 175.10356                    
 BIC { p(~effort + mxdep)Psi(~under) } = 189.28529                    
 Pearson Chisquare { p(~effort + mxdep)Psi(~under) } = 994.95243                  


              LOGIT Link Function Parameters of { p(~effort + mxdep)Psi(~under) }
                                                              95% Confidence Interval
 Parameter                    Beta         Standard Error      Lower           Upper
 -------------------------  --------------  --------------  --------------  --------------
    1:p:(Intercept)         -1.2515783       0.9597458      -3.1326800       0.6295235    
    2:p:effort               0.9622828E-03   0.7915795E-03  -0.5892131E-03   0.0025138    
    3:p:mxdep                2.7298271       2.0954679      -1.3772902       6.8369443    
    4:Psi:(Intercept)       -2.2083727       0.3798172      -2.9528143      -1.4639310    
    5:Psi:under              0.6992293       0.4034504      -0.0915335       1.4899920    


              Real Function Parameters of { p(~effort + mxdep)Psi(~under) }

      Following estimates based on unstandardized individual covariate values:
          Variable   Value         
          ---------  ------------- 
          EFFORT1     906.23188    
          EFFORT2     834.18841    
          EFFORT3     818.18116    
          MXDEP1      0.5167391    
          MXDEP2      0.4846377    
          MXDEP3      0.6304348    
          UNDER       0.5466074    
                                                               95% Confidence Interval
  Parameter                  Estimate       Standard Error      Lower           Upper
 --------------------------  --------------  --------------  --------------  --------------
     1:p g1 a0 t1             0.7371255       0.0725984       0.5736475       0.8538865                          
     2:p g1 a1 t2             0.7056031       0.0751132       0.5412555       0.8296078                          
     3:p g1 a2 t3             0.7784612       0.0795650       0.5872152       0.8966902                          
     4:Psi g1 a0 t1           0.1386953       0.0313963       0.0877599       0.2123130                          


                      Estimates of Derived Parameters
         Occupancy Estimates of { p(~effort + mxdep)Psi(~under) }
                                            95% Confidence Interval
 Group   Psi-hat         Standard Error      Lower           Upper
 -----   --------------  --------------  --------------  --------------
   1      0.1386953       0.0313963       0.0877599       0.2123130    

 Attempted ordering of parameters by estimatibility:
  4 1 5 2 3
 Beta number 3 is a singular value.

   CPU Time for the last procedure was 0.16 seconds.     

  Program  MARK  - Survival Rate Estimation with Capture-Recapture Data
   gfortran(dble) Vers. 9.0 Mar 2018     3-Dec-2019 11:09:47    Page  004
 - - - - - - - - - - - - - - - - - - - - - - - - - - - - - - - - - - - - - -
 


  INPUT --- proc stop;

     CPU Time in minutes for this job was 0.00

     Time Start = 11:09:46.639   Time End = 11:09:47.325

     Wall Clock Time in minutes for this job was 0.01


          E X E C U T I O N   S U C C E S S F U L 
