
   Program  MARK  - Survival Rate Estimation with Capture-Recapture Data
   gfortran(dble) Vers. 9.0 Mar 2018     3-Dec-2019 11:03:38    Page  001
 - - - - - - - - - - - - - - - - - - - - - - - - - - - - - - - - - - - - - -
 
   This version was compiled by GCC version 7.2.0 using the options: 
     -cpp -iprefix C:/Program Files/mingw-w64/x86_64-7.2.0-posix-seh-rt_v5-rev1/
     mingw64/bin/../lib/gcc/x86_64-w64-mingw32/7.2.0/ -D_MT -D_REENTRANT
     -U_REENTRANT -D IEEE -D DBLEPRECISION -m64 -mtune=core2 -march=nocona -mthreads
     -O2 -fimplicit-none -fbounds-check -funroll-loops -ftree-vectorize
     -ffpe-summary=invalid,zero,overflow,underflow -fno-unsafe-math-optimizations
     -frounding-math -fsignaling-nans -fopenmp.

   This problem will use 7 of 8 possible threads.


  INPUT --- proc title ;

   CPU Time for the last procedure was 0.01 seconds.     


  INPUT --- proc chmatrix occasions= 3 groups= 1 etype= Occupancy 
  INPUT --- Nodes= 101 icovar = 5 ICMeans  NoHist hist= 138 ;

  INPUT ---    time interval 1 1 1 ;

  INPUT ---     icovariates undr1 undr2 undr3 pctex21 Sinuosity ;

  INPUT ---    glabel(1)=freq1;

      Number of unique encounter histories read was 138.

      Number of individual covariates read was 5.
      Time interval lengths are all equal to 1.

      Data type number is 27
      Data type is Occupancy Estimation with Detection < 1                                                             

   CPU Time for the last procedure was 0.02 seconds.     

  Program  MARK  - Survival Rate Estimation with Capture-Recapture Data
   gfortran(dble) Vers. 9.0 Mar 2018     3-Dec-2019 11:03:38    Page  002
 - - - - - - - - - - - - - - - - - - - - - - - - - - - - - - - - - - - - - -
 


  INPUT --- proc estimate link=Logit NOLOOP varest=2ndPart    ;


  INPUT --- model={ p(~undr)Psi(~pctex21 + Sinuosity) };

  INPUT ---    group=1 p    rows=1 cols=3 Square ;
  INPUT ---        1 2 3 ;

  INPUT ---    group=1 Psi    rows=1 cols=1 Square ;
  INPUT ---        4 ;

  INPUT ---    design matrix constraints=4 covariates=5;
  INPUT ---        1 undr1 0 0 0;
  INPUT ---        1 undr2 0 0 0;
  INPUT ---        1 undr3 0 0 0;
  INPUT ---        0 0 1 pctex21 Sinuosity;
  INPUT ---       blabel(1)=p:(Intercept);
  INPUT ---       blabel(2)=p:undr;
  INPUT ---       blabel(3)=Psi:(Intercept);
  INPUT ---       blabel(4)=Psi:pctex21;
  INPUT ---       blabel(5)=Psi:Sinuosity;
  INPUT ---       rlabel(1)=p g1 a0 t1;
  INPUT ---       rlabel(2)=p g1 a1 t2;
  INPUT ---       rlabel(3)=p g1 a2 t3;
  INPUT ---       rlabel(4)=Psi g1 a0 t1;

 Link Function Used is LOGIT        

 Variance Estimation Procedure Used is 2ndPart 
 -2logL(saturated) = 0.0000000     
 Effective Sample Size = 138

 Number of function evaluations was 22 for 5 parameters.
 Time for numerical optimization was 0.02 seconds.     
 -2logL { p(~undr)Psi(~pctex21 + Sinuosity) } = 151.88482     
 Penalty { p(~undr)Psi(~pctex21 + Sinuosity) } = 0.0000000     
 Gradient { p(~undr)Psi(~pctex21 + Sinuosity) }:
  0.3665799E-05  0.6582740E-06   0.000000      0.1890020E-06   0.000000    
 Maximum ABS(G) { p(~undr)Psi(~pctex21 + Sinuosity) } = 0.3665799E-05 
 S Vector { p(~undr)Psi(~pctex21 + Sinuosity) }:
   18.29770      9.509139     0.3593695     0.5403849E-01 0.2038276E-01
 Time to compute number of parameters was 0.05 seconds.     
 Ratio Threshold = 50.000000       Max Gap (2/3) = 26.460621       Next Max Gap (3/4) = 6.6502495     
 Gap Method for Num. of Estimated Parameters { p(~undr)Psi(~pctex21 + Sinuosity) } = 5          
 Threshold { p(~undr)Psi(~pctex21 + Sinuosity) } = 0.7331597E-05                 
 Numerical Threshold Method for Num. of Estimated Parameters { p(~undr)Psi(~pctex21 + Sinuosity) } = 5          
 Number of Estimated Parameters { p(~undr)Psi(~pctex21 + Sinuosity) } = 5          
 DEVIANCE { p(~undr)Psi(~pctex21 + Sinuosity) } = 151.88482                     
 DEVIANCE Degrees of Freedom { p(~undr)Psi(~pctex21 + Sinuosity) } = 133            
 c-hat { p(~undr)Psi(~pctex21 + Sinuosity) } = 1.1419912                     
 AIC { p(~undr)Psi(~pctex21 + Sinuosity) } = 161.88482                  
 AICc { p(~undr)Psi(~pctex21 + Sinuosity) } = 162.33937                    
 BIC { p(~undr)Psi(~pctex21 + Sinuosity) } = 176.52109                    
 Pearson Chisquare { p(~undr)Psi(~pctex21 + Sinuosity) } = 838.05071                  

  Program  MARK  - Survival Rate Estimation with Capture-Recapture Data
   gfortran(dble) Vers. 9.0 Mar 2018     3-Dec-2019 11:03:38    Page  003
 - - - - - - - - - - - - - - - - - - - - - - - - - - - - - - - - - - - - - -
 


            LOGIT Link Function Parameters of { p(~undr)Psi(~pctex21 + Sinuosity) }
                                                              95% Confidence Interval
 Parameter                    Beta         Standard Error      Lower           Upper
 -------------------------  --------------  --------------  --------------  --------------
    1:p:(Intercept)          0.5609275       0.4489838      -0.3190807       1.4409357    
    2:p:undr                 0.5421428       0.4681763      -0.3754827       1.4597683    
    3:Psi:(Intercept)       -1.3346191       2.0956481      -5.4420895       2.7728513    
    4:Psi:pctex21           -0.6194484       0.2261345      -1.0626721      -0.1762247    
    5:Psi:Sinuosity          0.4320980       1.6872797      -2.8749703       3.7391663    


            Real Function Parameters of { p(~undr)Psi(~pctex21 + Sinuosity) }

      Following estimates based on unstandardized individual covariate values:
          Variable   Value         
          ---------  ------------- 
          UNDR1       0.5869565    
          UNDR2       0.5483092    
          UNDR3       0.5042271    
          PCTEX21     4.8306834    
          SINUOSITY   1.2535645    
                                                               95% Confidence Interval
  Parameter                  Estimate       Standard Error      Lower           Upper
 --------------------------  --------------  --------------  --------------  --------------
     1:p g1 a0 t1             0.7066443       0.0683972       0.5578515       0.8213963                          
     2:p g1 a1 t2             0.7022822       0.0694469       0.5516085       0.8189437                          
     3:p g1 a2 t3             0.6972614       0.0708922       0.5438967       0.8164594                          
     4:Psi g1 a0 t1           0.0221978       0.0213699       0.0032852       0.1352191                          


                      Estimates of Derived Parameters
       Occupancy Estimates of { p(~undr)Psi(~pctex21 + Sinuosity) }
                                            95% Confidence Interval
 Group   Psi-hat         Standard Error      Lower           Upper
 -----   --------------  --------------  --------------  --------------
   1      0.0221978       0.0213699       0.0032852       0.1352191    

   CPU Time for the last procedure was 0.06 seconds.     

  Program  MARK  - Survival Rate Estimation with Capture-Recapture Data
   gfortran(dble) Vers. 9.0 Mar 2018     3-Dec-2019 11:03:38    Page  004
 - - - - - - - - - - - - - - - - - - - - - - - - - - - - - - - - - - - - - -
 


  INPUT --- proc stop;

     CPU Time in minutes for this job was 0.00

     Time Start = 11:03:38.164   Time End = 11:03:38.850

     Wall Clock Time in minutes for this job was 0.01


          E X E C U T I O N   S U C C E S S F U L 
