
   Program  MARK  - Survival Rate Estimation with Capture-Recapture Data
   gfortran(dble) Vers. 9.0 Mar 2018     3-Dec-2019 11:01:17    Page  001
 - - - - - - - - - - - - - - - - - - - - - - - - - - - - - - - - - - - - - -
 
   This version was compiled by GCC version 7.2.0 using the options: 
     -cpp -iprefix C:/Program Files/mingw-w64/x86_64-7.2.0-posix-seh-rt_v5-rev1/
     mingw64/bin/../lib/gcc/x86_64-w64-mingw32/7.2.0/ -D_MT -D_REENTRANT
     -U_REENTRANT -D IEEE -D DBLEPRECISION -m64 -mtune=core2 -march=nocona -mthreads
     -O2 -fimplicit-none -fbounds-check -funroll-loops -ftree-vectorize
     -ffpe-summary=invalid,zero,overflow,underflow -fno-unsafe-math-optimizations
     -frounding-math -fsignaling-nans -fopenmp.

   This problem will use 7 of 8 possible threads.


  INPUT --- proc title ;

   CPU Time for the last procedure was 0.01 seconds.     


  INPUT --- proc chmatrix occasions= 3 groups= 1 etype= Occupancy 
  INPUT --- Nodes= 101 icovar = 6 ICMeans  NoHist hist= 138 ;

  INPUT ---    time interval 1 1 1 ;

  INPUT ---     icovariates effort1 effort2 effort3 LWD pctex21  
  INPUT ---    machabprop ;

  INPUT ---    glabel(1)=freq1;

      Number of unique encounter histories read was 138.

      Number of individual covariates read was 6.
      Time interval lengths are all equal to 1.

      Data type number is 27
      Data type is Occupancy Estimation with Detection < 1                                                             

   CPU Time for the last procedure was 0.02 seconds.     

  Program  MARK  - Survival Rate Estimation with Capture-Recapture Data
   gfortran(dble) Vers. 9.0 Mar 2018     3-Dec-2019 11:01:17    Page  002
 - - - - - - - - - - - - - - - - - - - - - - - - - - - - - - - - - - - - - -
 


  INPUT --- proc estimate link=Logit NOLOOP varest=2ndPart    ;


  INPUT --- model={ p(~effort + LWD)Psi(~pctex21 + machabprop) };

  INPUT ---    group=1 p    rows=1 cols=3 Square ;
  INPUT ---        1 2 3 ;

  INPUT ---    group=1 Psi    rows=1 cols=1 Square ;
  INPUT ---        4 ;

  INPUT ---    design matrix constraints=4 covariates=6;
  INPUT ---        1 effort1 LWD 0 0 0;
  INPUT ---        1 effort2 LWD 0 0 0;
  INPUT ---        1 effort3 LWD 0 0 0;
  INPUT ---        0 0 0 1 pctex21 machabprop;
  INPUT ---       blabel(1)=p:(Intercept);
  INPUT ---       blabel(2)=p:effort;
  INPUT ---       blabel(3)=p:LWD;
  INPUT ---       blabel(4)=Psi:(Intercept);
  INPUT ---       blabel(5)=Psi:pctex21;
  INPUT ---       blabel(6)=Psi:machabprop;
  INPUT ---       rlabel(1)=p g1 a0 t1;
  INPUT ---       rlabel(2)=p g1 a1 t2;
  INPUT ---       rlabel(3)=p g1 a2 t3;
  INPUT ---       rlabel(4)=Psi g1 a0 t1;

 Link Function Used is LOGIT        

 Variance Estimation Procedure Used is 2ndPart 
 -2logL(saturated) = 0.0000000     
 Effective Sample Size = 138

 Number of function evaluations was 25 for 6 parameters.
 Time for numerical optimization was 0.11 seconds.     
 -2logL { p(~effort + LWD)Psi(~pctex21 + machabprop) } = 140.76450     
 Penalty { p(~effort + LWD)Psi(~pctex21 + machabprop) } = 0.0000000     
 Gradient { p(~effort + LWD)Psi(~pctex21 + machabprop) }:
   0.000000       0.000000      0.5821391E-06  0.8093441E-06  0.8008006E-07
  0.8554405E-06
 Maximum ABS(G) { p(~effort + LWD)Psi(~pctex21 + machabprop) } = 0.8554405E-06 
 S Vector { p(~effort + LWD)Psi(~pctex21 + machabprop) }:
   17.12571      7.746865     0.3020433     0.2572077     0.8643860E-01
  0.1684046E-01
 Time to compute number of parameters was 0.01 seconds.     
 Ratio Threshold = 50.000000       Max Gap (2/3) = 25.648198       Next Max Gap (5/6) = 5.1327929     
 Gap Method for Num. of Estimated Parameters { p(~effort + LWD)Psi(~pctex21 + machabprop) } = 6          
 Threshold { p(~effort + LWD)Psi(~pctex21 + machabprop) } = 0.1710881E-05                 
 Numerical Threshold Method for Num. of Estimated Parameters { p(~effort + LWD)Psi(~pctex21 + machabprop) } = 6          
 Number of Estimated Parameters { p(~effort + LWD)Psi(~pctex21 + machabprop) } = 6          
 DEVIANCE { p(~effort + LWD)Psi(~pctex21 + machabprop) } = 140.76450                     
 DEVIANCE Degrees of Freedom { p(~effort + LWD)Psi(~pctex21 + machabprop) } = 132            
 c-hat { p(~effort + LWD)Psi(~pctex21 + machabprop) } = 1.0663977                     
 AIC { p(~effort + LWD)Psi(~pctex21 + machabprop) } = 152.76450                  
 AICc { p(~effort + LWD)Psi(~pctex21 + machabprop) } = 153.40572                    
 BIC { p(~effort + LWD)Psi(~pctex21 + machabprop) } = 170.32802                    
 Pearson Chisquare { p(~effort + LWD)Psi(~pctex21 + machabprop) } = 600.39169                  

  Program  MARK  - Survival Rate Estimation with Capture-Recapture Data
   gfortran(dble) Vers. 9.0 Mar 2018     3-Dec-2019 11:01:17    Page  003
 - - - - - - - - - - - - - - - - - - - - - - - - - - - - - - - - - - - - - -
 


        LOGIT Link Function Parameters of { p(~effort + LWD)Psi(~pctex21 + machabprop) }
                                                              95% Confidence Interval
 Parameter                    Beta         Standard Error      Lower           Upper
 -------------------------  --------------  --------------  --------------  --------------
    1:p:(Intercept)         -1.1201299       0.8869151      -2.8584834       0.6182237    
    2:p:effort               0.0018931       0.8204668E-03   0.2849753E-03   0.0035012    
    3:p:LWD                  2.2764483       1.8892660      -1.4265131       5.9794097    
    4:Psi:(Intercept)        1.3566599       1.0661494      -0.7329931       3.4463128    
    5:Psi:pctex21           -0.7368147       0.2480976      -1.2230860      -0.2505433    
    6:Psi:machabprop        -0.0377382       0.0192245      -0.0754182      -0.5820026E-04


        Real Function Parameters of { p(~effort + LWD)Psi(~pctex21 + machabprop) }

      Following estimates based on unstandardized individual covariate values:
          Variable   Value         
          ---------  ------------- 
          EFFORT1     906.23188    
          EFFORT2     834.18841    
          EFFORT3     818.18116    
          LWD         0.2273503    
          PCTEX21     4.8306834    
          MACHABPROP  53.717706    
                                                               95% Confidence Interval
  Parameter                  Estimate       Standard Error      Lower           Upper
 --------------------------  --------------  --------------  --------------  --------------
     1:p g1 a0 t1             0.7526880       0.0729838       0.5852924       0.8677790                          
     2:p g1 a1 t2             0.7264361       0.0744898       0.5601912       0.8470039                          
     3:p g1 a2 t3             0.7203729       0.0749690       0.5540016       0.8423439                          
     4:Psi g1 a0 t1           0.0143455       0.0152023       0.0017662       0.1069221                          


                      Estimates of Derived Parameters
  Occupancy Estimates of { p(~effort + LWD)Psi(~pctex21 + machabprop) }
                                            95% Confidence Interval
 Group   Psi-hat         Standard Error      Lower           Upper
 -----   --------------  --------------  --------------  --------------
   1      0.0143455       0.0152023       0.0017662       0.1069221    

   CPU Time for the last procedure was 0.11 seconds.     

  Program  MARK  - Survival Rate Estimation with Capture-Recapture Data
   gfortran(dble) Vers. 9.0 Mar 2018     3-Dec-2019 11:01:17    Page  004
 - - - - - - - - - - - - - - - - - - - - - - - - - - - - - - - - - - - - - -
 


  INPUT --- proc stop;

     CPU Time in minutes for this job was 0.00

     Time Start = 11:01:17.712   Time End = 11:01:17.841

     Wall Clock Time in minutes for this job was 0.00


          E X E C U T I O N   S U C C E S S F U L 
