
   Program  MARK  - Survival Rate Estimation with Capture-Recapture Data
   gfortran(dble) Vers. 9.0 Mar 2018     3-Dec-2019 11:07:22    Page  001
 - - - - - - - - - - - - - - - - - - - - - - - - - - - - - - - - - - - - - -
 
   This version was compiled by GCC version 7.2.0 using the options: 
     -cpp -iprefix C:/Program Files/mingw-w64/x86_64-7.2.0-posix-seh-rt_v5-rev1/
     mingw64/bin/../lib/gcc/x86_64-w64-mingw32/7.2.0/ -D_MT -D_REENTRANT
     -U_REENTRANT -D IEEE -D DBLEPRECISION -m64 -mtune=core2 -march=nocona -mthreads
     -O2 -fimplicit-none -fbounds-check -funroll-loops -ftree-vectorize
     -ffpe-summary=invalid,zero,overflow,underflow -fno-unsafe-math-optimizations
     -frounding-math -fsignaling-nans -fopenmp.

   This problem will use 7 of 8 possible threads.


  INPUT --- proc title ;

   CPU Time for the last procedure was 0.01 seconds.     


  INPUT --- proc chmatrix occasions= 3 groups= 1 etype= Occupancy 
  INPUT --- Nodes= 101 icovar = 2 ICMeans  NoHist hist= 135 ;

  INPUT ---    time interval 1 1 1 ;

  INPUT ---     icovariates LWD pctrock ;

  INPUT ---    glabel(1)=freq1;

      Number of unique encounter histories read was 135.

      Number of individual covariates read was 2.
      Time interval lengths are all equal to 1.

      Data type number is 27
      Data type is Occupancy Estimation with Detection < 1                                                             

   CPU Time for the last procedure was 0.01 seconds.     

  Program  MARK  - Survival Rate Estimation with Capture-Recapture Data
   gfortran(dble) Vers. 9.0 Mar 2018     3-Dec-2019 11:07:22    Page  002
 - - - - - - - - - - - - - - - - - - - - - - - - - - - - - - - - - - - - - -
 


  INPUT --- proc estimate link=Logit NOLOOP varest=2ndPart    ;


  INPUT --- model={ p(~LWD)Psi(~pctrock) };

  INPUT ---    group=1 p    rows=1 cols=3 Square ;
  INPUT ---        1 1 1 ;

  INPUT ---    group=1 Psi    rows=1 cols=1 Square ;
  INPUT ---        2 ;

  INPUT ---    design matrix constraints=2 covariates=4;
  INPUT ---        1 LWD 0 0;
  INPUT ---        0 0 1 pctrock;
  INPUT ---       blabel(1)=p:(Intercept);
  INPUT ---       blabel(2)=p:LWD;
  INPUT ---       blabel(3)=Psi:(Intercept);
  INPUT ---       blabel(4)=Psi:pctrock;
  INPUT ---       rlabel(1)=p g1 a0 t1;
  INPUT ---       rlabel(2)=Psi g1 a0 t1;

 Link Function Used is LOGIT        

 Variance Estimation Procedure Used is 2ndPart 
 -2logL(saturated) = 0.0000000     
 Effective Sample Size = 138

 Number of function evaluations was 14 for 4 parameters.
 Time for numerical optimization was 0.02 seconds.     
 -2logL { p(~LWD)Psi(~pctrock) } = 174.47005     
 Penalty { p(~LWD)Psi(~pctrock) } = 0.0000000     
 Gradient { p(~LWD)Psi(~pctrock) }:
   0.000000      0.1175685E-05  0.5346192E-06   0.000000    
 Maximum ABS(G) { p(~LWD)Psi(~pctrock) } = 0.1175685E-05 
 S Vector { p(~LWD)Psi(~pctrock) }:
   25.09279      10.01806     0.5031529     0.2934047    
 Time to compute number of parameters was 0.01 seconds.     
 Ratio Threshold = 50.000000       Max Gap (2/3) = 19.910564       Next Max Gap (1/2) = 2.5047560     
 Gap Method for Num. of Estimated Parameters { p(~LWD)Psi(~pctrock) } = 4          
 Threshold { p(~LWD)Psi(~pctrock) } = 0.2351369E-05                 
 Numerical Threshold Method for Num. of Estimated Parameters { p(~LWD)Psi(~pctrock) } = 4          
 Number of Estimated Parameters { p(~LWD)Psi(~pctrock) } = 4          
 DEVIANCE { p(~LWD)Psi(~pctrock) } = 174.47005                     
 DEVIANCE Degrees of Freedom { p(~LWD)Psi(~pctrock) } = 134            
 c-hat { p(~LWD)Psi(~pctrock) } = 1.3020153                     
 AIC { p(~LWD)Psi(~pctrock) } = 182.47005                  
 AICc { p(~LWD)Psi(~pctrock) } = 182.77080                    
 BIC { p(~LWD)Psi(~pctrock) } = 194.17907                    
 Pearson Chisquare { p(~LWD)Psi(~pctrock) } = 1115.3660                  


                   LOGIT Link Function Parameters of { p(~LWD)Psi(~pctrock) }
                                                              95% Confidence Interval
 Parameter                    Beta         Standard Error      Lower           Upper
 -------------------------  --------------  --------------  --------------  --------------
    1:p:(Intercept)          0.8348155       0.4587862      -0.0644054       1.7340365    
    2:p:LWD                  0.6223295       1.8158381      -2.9367133       4.1813723    
    3:Psi:(Intercept)       -2.5676772       0.8623398      -4.2578632      -0.8774913    

  Program  MARK  - Survival Rate Estimation with Capture-Recapture Data
   gfortran(dble) Vers. 9.0 Mar 2018     3-Dec-2019 11:07:22    Page  003
 - - - - - - - - - - - - - - - - - - - - - - - - - - - - - - - - - - - - - -
 
    4:Psi:pctrock            0.0107013       0.0113315      -0.0115084       0.0329109    


                   Real Function Parameters of { p(~LWD)Psi(~pctrock) }

      Following estimates based on unstandardized individual covariate values:
          Variable   Value         
          ---------  ------------- 
          LWD         0.2273503    
          PCTROCK     68.678238    
                                                               95% Confidence Interval
  Parameter                  Estimate       Standard Error      Lower           Upper
 --------------------------  --------------  --------------  --------------  --------------
     1:p g1 a0 t1             0.7263739       0.0659262       0.5808291       0.8356795                          
     2:Psi g1 a0 t1           0.1379129       0.0301787       0.0886490       0.2082964                          


                      Estimates of Derived Parameters
             Occupancy Estimates of { p(~LWD)Psi(~pctrock) }
                                            95% Confidence Interval
 Group   Psi-hat         Standard Error      Lower           Upper
 -----   --------------  --------------  --------------  --------------
   1      0.1379129       0.0301787       0.0886490       0.2082964    

   CPU Time for the last procedure was 0.02 seconds.     

  Program  MARK  - Survival Rate Estimation with Capture-Recapture Data
   gfortran(dble) Vers. 9.0 Mar 2018     3-Dec-2019 11:07:23    Page  004
 - - - - - - - - - - - - - - - - - - - - - - - - - - - - - - - - - - - - - -
 


  INPUT --- proc stop;

     CPU Time in minutes for this job was 0.00

     Time Start = 11:07:22.957   Time End = 11:07:23.050

     Wall Clock Time in minutes for this job was 0.00


          E X E C U T I O N   S U C C E S S F U L 
