
   Program  MARK  - Survival Rate Estimation with Capture-Recapture Data
   gfortran(dble) Vers. 9.0 Mar 2018     3-Dec-2019 11:04:59    Page  001
 - - - - - - - - - - - - - - - - - - - - - - - - - - - - - - - - - - - - - -
 
   This version was compiled by GCC version 7.2.0 using the options: 
     -cpp -iprefix C:/Program Files/mingw-w64/x86_64-7.2.0-posix-seh-rt_v5-rev1/
     mingw64/bin/../lib/gcc/x86_64-w64-mingw32/7.2.0/ -D_MT -D_REENTRANT
     -U_REENTRANT -D IEEE -D DBLEPRECISION -m64 -mtune=core2 -march=nocona -mthreads
     -O2 -fimplicit-none -fbounds-check -funroll-loops -ftree-vectorize
     -ffpe-summary=invalid,zero,overflow,underflow -fno-unsafe-math-optimizations
     -frounding-math -fsignaling-nans -fopenmp.

   This problem will use 7 of 8 possible threads.


  INPUT --- proc title ;

   CPU Time for the last procedure was 0.01 seconds.     


  INPUT --- proc chmatrix occasions= 3 groups= 1 etype= Occupancy 
  INPUT --- Nodes= 101 icovar = 3 ICMeans  NoHist hist= 137 ;

  INPUT ---    time interval 1 1 1 ;

  INPUT ---     icovariates LWD pctex21 under ;

  INPUT ---    glabel(1)=freq1;

      Number of unique encounter histories read was 137.

      Number of individual covariates read was 3.
      Time interval lengths are all equal to 1.

      Data type number is 27
      Data type is Occupancy Estimation with Detection < 1                                                             

   CPU Time for the last procedure was 0.01 seconds.     

  Program  MARK  - Survival Rate Estimation with Capture-Recapture Data
   gfortran(dble) Vers. 9.0 Mar 2018     3-Dec-2019 11:04:59    Page  002
 - - - - - - - - - - - - - - - - - - - - - - - - - - - - - - - - - - - - - -
 


  INPUT --- proc estimate link=Logit NOLOOP varest=2ndPart    ;


  INPUT --- model={ p(~LWD)Psi(~pctex21 + under) };

  INPUT ---    group=1 p    rows=1 cols=3 Square ;
  INPUT ---        1 1 1 ;

  INPUT ---    group=1 Psi    rows=1 cols=1 Square ;
  INPUT ---        2 ;

  INPUT ---    design matrix constraints=2 covariates=5;
  INPUT ---        1 LWD 0 0 0;
  INPUT ---        0 0 1 pctex21 under;
  INPUT ---       blabel(1)=p:(Intercept);
  INPUT ---       blabel(2)=p:LWD;
  INPUT ---       blabel(3)=Psi:(Intercept);
  INPUT ---       blabel(4)=Psi:pctex21;
  INPUT ---       blabel(5)=Psi:under;
  INPUT ---       rlabel(1)=p g1 a0 t1;
  INPUT ---       rlabel(2)=Psi g1 a0 t1;

 Link Function Used is LOGIT        

 Variance Estimation Procedure Used is 2ndPart 
 -2logL(saturated) = 0.0000000     
 Effective Sample Size = 138

 Number of function evaluations was 19 for 5 parameters.
 Time for numerical optimization was 0.01 seconds.     
 -2logL { p(~LWD)Psi(~pctex21 + under) } = 152.80618     
 Penalty { p(~LWD)Psi(~pctex21 + under) } = 0.0000000     
 Gradient { p(~LWD)Psi(~pctex21 + under) }:
 -0.1045943E-05  0.1138363E-05  0.9372826E-06   0.000000      0.1099252E-05
 Maximum ABS(G) { p(~LWD)Psi(~pctex21 + under) } = 0.1138363E-05 
 S Vector { p(~LWD)Psi(~pctex21 + under) }:
   15.28683      9.925448     0.9145898     0.2959459     0.2017163E-01
 Time to compute number of parameters was 0.01 seconds.     
 Ratio Threshold = 50.000000       Max Gap (4/5) = 14.671390       Next Max Gap (2/3) = 10.852349     
 Gap Method for Num. of Estimated Parameters { p(~LWD)Psi(~pctex21 + under) } = 5          
 Threshold { p(~LWD)Psi(~pctex21 + under) } = 0.2276727E-05                 
 Numerical Threshold Method for Num. of Estimated Parameters { p(~LWD)Psi(~pctex21 + under) } = 5          
 Number of Estimated Parameters { p(~LWD)Psi(~pctex21 + under) } = 5          
 DEVIANCE { p(~LWD)Psi(~pctex21 + under) } = 152.80618                     
 DEVIANCE Degrees of Freedom { p(~LWD)Psi(~pctex21 + under) } = 133            
 c-hat { p(~LWD)Psi(~pctex21 + under) } = 1.1489186                     
 AIC { p(~LWD)Psi(~pctex21 + under) } = 162.80618                  
 AICc { p(~LWD)Psi(~pctex21 + under) } = 163.26072                    
 BIC { p(~LWD)Psi(~pctex21 + under) } = 177.44245                    
 Pearson Chisquare { p(~LWD)Psi(~pctex21 + under) } = 1038.3419                  


               LOGIT Link Function Parameters of { p(~LWD)Psi(~pctex21 + under) }
                                                              95% Confidence Interval
 Parameter                    Beta         Standard Error      Lower           Upper
 -------------------------  --------------  --------------  --------------  --------------

  Program  MARK  - Survival Rate Estimation with Capture-Recapture Data
   gfortran(dble) Vers. 9.0 Mar 2018     3-Dec-2019 11:04:59    Page  003
 - - - - - - - - - - - - - - - - - - - - - - - - - - - - - - - - - - - - - -
 
    1:p:(Intercept)          0.8235677       0.4616090      -0.0811860       1.7283214    
    2:p:LWD                  0.6755184       1.8069251      -2.8660549       4.2170917    
    3:Psi:(Intercept)       -1.0349770       0.4382941      -1.8940336      -0.1759205    
    4:Psi:pctex21           -0.5980997       0.2272373      -1.0434849      -0.1527146    
    5:Psi:under              0.3041933       0.4180948      -0.5152725       1.1236592    


               Real Function Parameters of { p(~LWD)Psi(~pctex21 + under) }

      Following estimates based on unstandardized individual covariate values:
          Variable   Value         
          ---------  ------------- 
          LWD         0.2273503    
          PCTEX21     4.8306834    
          UNDER       0.5466074    
                                                               95% Confidence Interval
  Parameter                  Estimate       Standard Error      Lower           Upper
 --------------------------  --------------  --------------  --------------  --------------
     1:p g1 a0 t1             0.7265418       0.0656897       0.5815421       0.8355093                          
     2:Psi g1 a0 t1           0.0227999       0.0218814       0.0033923       0.1378804                          


                      Estimates of Derived Parameters
         Occupancy Estimates of { p(~LWD)Psi(~pctex21 + under) }
                                            95% Confidence Interval
 Group   Psi-hat         Standard Error      Lower           Upper
 -----   --------------  --------------  --------------  --------------
   1      0.0227999       0.0218814       0.0033923       0.1378804    

   CPU Time for the last procedure was 0.03 seconds.     

  Program  MARK  - Survival Rate Estimation with Capture-Recapture Data
   gfortran(dble) Vers. 9.0 Mar 2018     3-Dec-2019 11:04:59    Page  004
 - - - - - - - - - - - - - - - - - - - - - - - - - - - - - - - - - - - - - -
 


  INPUT --- proc stop;

     CPU Time in minutes for this job was 0.00

     Time Start = 11:04:59.004   Time End = 11:04:59.105

     Wall Clock Time in minutes for this job was 0.00


          E X E C U T I O N   S U C C E S S F U L 
