
   Program  MARK  - Survival Rate Estimation with Capture-Recapture Data
   gfortran(dble) Vers. 9.0 Mar 2018     3-Dec-2019 11:07:01    Page  001
 - - - - - - - - - - - - - - - - - - - - - - - - - - - - - - - - - - - - - -
 
   This version was compiled by GCC version 7.2.0 using the options: 
     -cpp -iprefix C:/Program Files/mingw-w64/x86_64-7.2.0-posix-seh-rt_v5-rev1/
     mingw64/bin/../lib/gcc/x86_64-w64-mingw32/7.2.0/ -D_MT -D_REENTRANT
     -U_REENTRANT -D IEEE -D DBLEPRECISION -m64 -mtune=core2 -march=nocona -mthreads
     -O2 -fimplicit-none -fbounds-check -funroll-loops -ftree-vectorize
     -ffpe-summary=invalid,zero,overflow,underflow -fno-unsafe-math-optimizations
     -frounding-math -fsignaling-nans -fopenmp.

   This problem will use 7 of 8 possible threads.


  INPUT --- proc title ;

   CPU Time for the last procedure was 0.01 seconds.     


  INPUT --- proc chmatrix occasions= 3 groups= 1 etype= Occupancy 
  INPUT --- Nodes= 101 icovar = 4 ICMeans  NoHist hist= 138 ;

  INPUT ---    time interval 1 1 1 ;

  INPUT ---     icovariates mxflow1 mxflow2 mxflow3 depool ;

  INPUT ---    glabel(1)=freq1;

      Number of unique encounter histories read was 138.

      Number of individual covariates read was 4.
      Time interval lengths are all equal to 1.

      Data type number is 27
      Data type is Occupancy Estimation with Detection < 1                                                             

   CPU Time for the last procedure was 0.02 seconds.     

  Program  MARK  - Survival Rate Estimation with Capture-Recapture Data
   gfortran(dble) Vers. 9.0 Mar 2018     3-Dec-2019 11:07:01    Page  002
 - - - - - - - - - - - - - - - - - - - - - - - - - - - - - - - - - - - - - -
 


  INPUT --- proc estimate link=Logit NOLOOP varest=2ndPart    ;


  INPUT --- model={ p(~mxflow)Psi(~depool) };

  INPUT ---    group=1 p    rows=1 cols=3 Square ;
  INPUT ---        1 2 3 ;

  INPUT ---    group=1 Psi    rows=1 cols=1 Square ;
  INPUT ---        4 ;

  INPUT ---    design matrix constraints=4 covariates=4;
  INPUT ---        1 mxflow1 0 0;
  INPUT ---        1 mxflow2 0 0;
  INPUT ---        1 mxflow3 0 0;
  INPUT ---        0 0 1 depool;
  INPUT ---       blabel(1)=p:(Intercept);
  INPUT ---       blabel(2)=p:mxflow;
  INPUT ---       blabel(3)=Psi:(Intercept);
  INPUT ---       blabel(4)=Psi:depool;
  INPUT ---       rlabel(1)=p g1 a0 t1;
  INPUT ---       rlabel(2)=p g1 a1 t2;
  INPUT ---       rlabel(3)=p g1 a2 t3;
  INPUT ---       rlabel(4)=Psi g1 a0 t1;

 Link Function Used is LOGIT        

 Variance Estimation Procedure Used is 2ndPart 
 -2logL(saturated) = 0.0000000     
 Effective Sample Size = 138

 Number of function evaluations was 22 for 4 parameters.
 Time for numerical optimization was 0.01 seconds.     
 -2logL { p(~mxflow)Psi(~depool) } = 175.32728     
 Penalty { p(~mxflow)Psi(~depool) } = 0.0000000     
 Gradient { p(~mxflow)Psi(~depool) }:
 -0.9444089E-06  0.4009148E-06  0.1936320E-05 -0.1301311E-05
 Maximum ABS(G) { p(~mxflow)Psi(~depool) } = 0.1936320E-05 
 S Vector { p(~mxflow)Psi(~depool) }:
   18.14979      9.618773     0.7258074     0.2361370E-03
 Time to compute number of parameters was 0.01 seconds.     
 Ratio Threshold = 50.000000       Max Gap (3/4) = 3073.6711       Next Max Gap (2/3) = 13.252515     
 Gap Method for Num. of Estimated Parameters { p(~mxflow)Psi(~depool) } = 3          
 Threshold { p(~mxflow)Psi(~depool) } = 0.3872639E-05                 
 Numerical Threshold Method for Num. of Estimated Parameters { p(~mxflow)Psi(~depool) } = 4          
 Number of Estimated Parameters { p(~mxflow)Psi(~depool) } = 4          

   * *  WARNING  * *   Number of parameters estimated from gap method (=3) and threshold method (=4) differ.  Inspect full output.                                                                                                                                                                                                                                                                                                                                                                                                                      
 Ratios of S Vector { p(~mxflow)Psi(~depool) }:
   1/2    1.886913       2/3    13.25251       3/4    3073.671    
 DEVIANCE { p(~mxflow)Psi(~depool) } = 175.32728                     
 DEVIANCE Degrees of Freedom { p(~mxflow)Psi(~depool) } = 134            
 c-hat { p(~mxflow)Psi(~depool) } = 1.3084125                     
 AIC { p(~mxflow)Psi(~depool) } = 183.32728                  
 AICc { p(~mxflow)Psi(~depool) } = 183.62803                    
 BIC { p(~mxflow)Psi(~depool) } = 195.03629                    
 Pearson Chisquare { p(~mxflow)Psi(~depool) } = 1103.5566                  

  Program  MARK  - Survival Rate Estimation with Capture-Recapture Data
   gfortran(dble) Vers. 9.0 Mar 2018     3-Dec-2019 11:07:02    Page  003
 - - - - - - - - - - - - - - - - - - - - - - - - - - - - - - - - - - - - - -
 


                  LOGIT Link Function Parameters of { p(~mxflow)Psi(~depool) }
                                                              95% Confidence Interval
 Parameter                    Beta         Standard Error      Lower           Upper
 -------------------------  --------------  --------------  --------------  --------------
    1:p:(Intercept)          1.0196295       0.6474219      -0.2493175       2.2885766    
    2:p:mxflow              -0.1290286       0.9859568      -2.0615039       1.8034467    
    3:Psi:(Intercept)       -1.9551148       0.4391292      -2.8158079      -1.0944216    
    4:Psi:depool             0.1643698       0.3931540      -0.6062120       0.9349517    


                  Real Function Parameters of { p(~mxflow)Psi(~depool) }

      Following estimates based on unstandardized individual covariate values:
          Variable   Value         
          ---------  ------------- 
          MXFLOW1     0.8952899    
          MXFLOW2     1.0911594    
          MXFLOW3     0.5689855    
          DEPOOL      0.8757795    
                                                               95% Confidence Interval
  Parameter                  Estimate       Standard Error      Lower           Upper
 --------------------------  --------------  --------------  --------------  --------------
     1:p g1 a0 t1             0.7117937       0.0931423       0.5035506       0.8574195                          
     2:p g1 a1 t2             0.7065815       0.1256512       0.4233485       0.8876262                          
     3:p g1 a2 t3             0.7203532       0.0647442       0.5784152       0.8286596                          
     4:Psi g1 a0 t1           0.1404976       0.0301295       0.0911073       0.2104630                          


                      Estimates of Derived Parameters
            Occupancy Estimates of { p(~mxflow)Psi(~depool) }
                                            95% Confidence Interval
 Group   Psi-hat         Standard Error      Lower           Upper
 -----   --------------  --------------  --------------  --------------
   1      0.1404976       0.0301295       0.0911073       0.2104630    

 Attempted ordering of parameters by estimatibility:
  3 1 4 2
 Beta number 2 is a singular value.

   CPU Time for the last procedure was 0.01 seconds.     

  Program  MARK  - Survival Rate Estimation with Capture-Recapture Data
   gfortran(dble) Vers. 9.0 Mar 2018     3-Dec-2019 11:07:02    Page  004
 - - - - - - - - - - - - - - - - - - - - - - - - - - - - - - - - - - - - - -
 


  INPUT --- proc stop;

     CPU Time in minutes for this job was 0.00

     Time Start = 11:07:01.488   Time End = 11:07:02.172

     Wall Clock Time in minutes for this job was 0.01


          E X E C U T I O N   S U C C E S S F U L 
