
   Program  MARK  - Survival Rate Estimation with Capture-Recapture Data
   gfortran(dble) Vers. 9.0 Mar 2018     3-Dec-2019 10:58:58    Page  001
 - - - - - - - - - - - - - - - - - - - - - - - - - - - - - - - - - - - - - -
 
   This version was compiled by GCC version 7.2.0 using the options: 
     -cpp -iprefix C:/Program Files/mingw-w64/x86_64-7.2.0-posix-seh-rt_v5-rev1/
     mingw64/bin/../lib/gcc/x86_64-w64-mingw32/7.2.0/ -D_MT -D_REENTRANT
     -U_REENTRANT -D IEEE -D DBLEPRECISION -m64 -mtune=core2 -march=nocona -mthreads
     -O2 -fimplicit-none -fbounds-check -funroll-loops -ftree-vectorize
     -ffpe-summary=invalid,zero,overflow,underflow -fno-unsafe-math-optimizations
     -frounding-math -fsignaling-nans -fopenmp.

   This problem will use 7 of 8 possible threads.


  INPUT --- proc title ;

   CPU Time for the last procedure was 0.01 seconds.     


  INPUT --- proc chmatrix occasions= 3 groups= 1 etype= Occupancy 
  INPUT --- Nodes= 101 icovar = 4 ICMeans  NoHist hist= 138 ;

  INPUT ---    time interval 1 1 1 ;

  INPUT ---     icovariates mxflow1 mxflow2 mxflow3 machabprop ;

  INPUT ---    glabel(1)=freq1;

      Number of unique encounter histories read was 138.

      Number of individual covariates read was 4.
      Time interval lengths are all equal to 1.

      Data type number is 27
      Data type is Occupancy Estimation with Detection < 1                                                             

   CPU Time for the last procedure was 0.01 seconds.     

  Program  MARK  - Survival Rate Estimation with Capture-Recapture Data
   gfortran(dble) Vers. 9.0 Mar 2018     3-Dec-2019 10:58:58    Page  002
 - - - - - - - - - - - - - - - - - - - - - - - - - - - - - - - - - - - - - -
 


  INPUT --- proc estimate link=Logit NOLOOP varest=2ndPart    ;


  INPUT --- model={ p(~mxflow)Psi(~machabprop) };

  INPUT ---    group=1 p    rows=1 cols=3 Square ;
  INPUT ---        1 2 3 ;

  INPUT ---    group=1 Psi    rows=1 cols=1 Square ;
  INPUT ---        4 ;

  INPUT ---    design matrix constraints=4 covariates=4;
  INPUT ---        1 mxflow1 0 0;
  INPUT ---        1 mxflow2 0 0;
  INPUT ---        1 mxflow3 0 0;
  INPUT ---        0 0 1 machabprop;
  INPUT ---       blabel(1)=p:(Intercept);
  INPUT ---       blabel(2)=p:mxflow;
  INPUT ---       blabel(3)=Psi:(Intercept);
  INPUT ---       blabel(4)=Psi:machabprop;
  INPUT ---       rlabel(1)=p g1 a0 t1;
  INPUT ---       rlabel(2)=p g1 a1 t2;
  INPUT ---       rlabel(3)=p g1 a2 t3;
  INPUT ---       rlabel(4)=Psi g1 a0 t1;

 Link Function Used is LOGIT        

 Variance Estimation Procedure Used is 2ndPart 
 -2logL(saturated) = 0.0000000     
 Effective Sample Size = 138

 Number of function evaluations was 23 for 4 parameters.
 Time for numerical optimization was 0.02 seconds.     
 -2logL { p(~mxflow)Psi(~machabprop) } = 173.04253     
 Penalty { p(~mxflow)Psi(~machabprop) } = 0.0000000     
 Gradient { p(~mxflow)Psi(~machabprop) }:
 -0.1892827E-05  0.2145711E-06 -0.4053100E-05 -0.1640777E-05
 Maximum ABS(G) { p(~mxflow)Psi(~machabprop) } = 0.4053100E-05 
 S Vector { p(~mxflow)Psi(~machabprop) }:
   20.78663      9.647604     0.2739529     0.2027134E-03
 Time to compute number of parameters was 0.01 seconds.     
 Ratio Threshold = 50.000000       Max Gap (3/4) = 1351.4298       Next Max Gap (2/3) = 35.216289     
 Gap Method for Num. of Estimated Parameters { p(~mxflow)Psi(~machabprop) } = 3          
 Threshold { p(~mxflow)Psi(~machabprop) } = 0.8106200E-05                 
 Numerical Threshold Method for Num. of Estimated Parameters { p(~mxflow)Psi(~machabprop) } = 4          
 Number of Estimated Parameters { p(~mxflow)Psi(~machabprop) } = 4          

   * *  WARNING  * *   Number of parameters estimated from gap method (=3) and threshold method (=4) differ.  Inspect full output.                                                                                                                                                                                                                                                                                                                                                                                                                      
 Ratios of S Vector { p(~mxflow)Psi(~machabprop) }:
   1/2    2.154590       2/3    35.21629       3/4    1351.430    
 DEVIANCE { p(~mxflow)Psi(~machabprop) } = 173.04253                     
 DEVIANCE Degrees of Freedom { p(~mxflow)Psi(~machabprop) } = 134            
 c-hat { p(~mxflow)Psi(~machabprop) } = 1.2913622                     
 AIC { p(~mxflow)Psi(~machabprop) } = 181.04253                  
 AICc { p(~mxflow)Psi(~machabprop) } = 181.34328                    
 BIC { p(~mxflow)Psi(~machabprop) } = 192.75155                    
 Pearson Chisquare { p(~mxflow)Psi(~machabprop) } = 1056.5391                  

  Program  MARK  - Survival Rate Estimation with Capture-Recapture Data
   gfortran(dble) Vers. 9.0 Mar 2018     3-Dec-2019 10:58:58    Page  003
 - - - - - - - - - - - - - - - - - - - - - - - - - - - - - - - - - - - - - -
 


                LOGIT Link Function Parameters of { p(~mxflow)Psi(~machabprop) }
                                                              95% Confidence Interval
 Parameter                    Beta         Standard Error      Lower           Upper
 -------------------------  --------------  --------------  --------------  --------------
    1:p:(Intercept)          1.0153437       0.6864979      -0.3301923       2.3608796    
    2:p:mxflow              -0.1195322       1.0641398      -2.2052462       1.9661818    
    3:Psi:(Intercept)       -0.4117702       0.9379994      -2.2502491       1.4267086    
    4:Psi:machabprop        -0.0271353       0.0183167      -0.0630361       0.0087655    


                Real Function Parameters of { p(~mxflow)Psi(~machabprop) }

      Following estimates based on unstandardized individual covariate values:
          Variable   Value         
          ---------  ------------- 
          MXFLOW1     0.8952899    
          MXFLOW2     1.0911594    
          MXFLOW3     0.5689855    
          MACHABPROP  53.717706    
                                                               95% Confidence Interval
  Parameter                  Estimate       Standard Error      Lower           Upper
 --------------------------  --------------  --------------  --------------  --------------
     1:p g1 a0 t1             0.7126578       0.0966710       0.4957627       0.8621906                          
     2:p g1 a1 t2             0.7078397       0.1325042       0.4083209       0.8948004                          
     3:p g1 a2 t3             0.7205782       0.0646684       0.5787917       0.8287577                          
     4:Psi g1 a0 t1           0.1336094       0.0304913       0.0842704       0.2053576                          


                      Estimates of Derived Parameters
          Occupancy Estimates of { p(~mxflow)Psi(~machabprop) }
                                            95% Confidence Interval
 Group   Psi-hat         Standard Error      Lower           Upper
 -----   --------------  --------------  --------------  --------------
   1      0.1336094       0.0304913       0.0842704       0.2053576    

 Attempted ordering of parameters by estimatibility:
  3 1 4 2
 Beta number 2 is a singular value.

   CPU Time for the last procedure was 0.02 seconds.     

  Program  MARK  - Survival Rate Estimation with Capture-Recapture Data
   gfortran(dble) Vers. 9.0 Mar 2018     3-Dec-2019 10:58:58    Page  004
 - - - - - - - - - - - - - - - - - - - - - - - - - - - - - - - - - - - - - -
 


  INPUT --- proc stop;

     CPU Time in minutes for this job was 0.00

     Time Start = 10:58:58.526   Time End = 10:58:58.988

     Wall Clock Time in minutes for this job was 0.01


          E X E C U T I O N   S U C C E S S F U L 
