
   Program  MARK  - Survival Rate Estimation with Capture-Recapture Data
   gfortran(dble) Vers. 9.0 Mar 2018     3-Dec-2019 10:56:17    Page  001
 - - - - - - - - - - - - - - - - - - - - - - - - - - - - - - - - - - - - - -
 
   This version was compiled by GCC version 7.2.0 using the options: 
     -cpp -iprefix C:/Program Files/mingw-w64/x86_64-7.2.0-posix-seh-rt_v5-rev1/
     mingw64/bin/../lib/gcc/x86_64-w64-mingw32/7.2.0/ -D_MT -D_REENTRANT
     -U_REENTRANT -D IEEE -D DBLEPRECISION -m64 -mtune=core2 -march=nocona -mthreads
     -O2 -fimplicit-none -fbounds-check -funroll-loops -ftree-vectorize
     -ffpe-summary=invalid,zero,overflow,underflow -fno-unsafe-math-optimizations
     -frounding-math -fsignaling-nans -fopenmp.

   This problem will use 7 of 8 possible threads.


  INPUT --- proc title ;

   CPU Time for the last procedure was 0.01 seconds.     


  INPUT --- proc chmatrix occasions= 3 groups= 1 etype= Occupancy 
  INPUT --- Nodes= 101 icovar = 7 ICMeans  NoHist hist= 138 ;

  INPUT ---    time interval 1 1 1 ;

  INPUT ---     icovariates effort1 effort2 effort3 undr1 undr2 undr3  
  INPUT ---    avdep ;

  INPUT ---    glabel(1)=freq1;

      Number of unique encounter histories read was 138.

      Number of individual covariates read was 7.
      Time interval lengths are all equal to 1.

      Data type number is 27
      Data type is Occupancy Estimation with Detection < 1                                                             

   CPU Time for the last procedure was 0.01 seconds.     

  Program  MARK  - Survival Rate Estimation with Capture-Recapture Data
   gfortran(dble) Vers. 9.0 Mar 2018     3-Dec-2019 10:56:17    Page  002
 - - - - - - - - - - - - - - - - - - - - - - - - - - - - - - - - - - - - - -
 


  INPUT --- proc estimate link=Logit NOLOOP varest=2ndPart    ;


  INPUT --- model={ p(~effort + undr)Psi(~avdep) };

  INPUT ---    group=1 p    rows=1 cols=3 Square ;
  INPUT ---        1 2 3 ;

  INPUT ---    group=1 Psi    rows=1 cols=1 Square ;
  INPUT ---        4 ;

  INPUT ---    design matrix constraints=4 covariates=5;
  INPUT ---        1 effort1 undr1 0 0;
  INPUT ---        1 effort2 undr2 0 0;
  INPUT ---        1 effort3 undr3 0 0;
  INPUT ---        0 0 0 1 avdep;
  INPUT ---       blabel(1)=p:(Intercept);
  INPUT ---       blabel(2)=p:effort;
  INPUT ---       blabel(3)=p:undr;
  INPUT ---       blabel(4)=Psi:(Intercept);
  INPUT ---       blabel(5)=Psi:avdep;
  INPUT ---       rlabel(1)=p g1 a0 t1;
  INPUT ---       rlabel(2)=p g1 a1 t2;
  INPUT ---       rlabel(3)=p g1 a2 t3;
  INPUT ---       rlabel(4)=Psi g1 a0 t1;

 Link Function Used is LOGIT        

 Variance Estimation Procedure Used is 2ndPart 
 -2logL(saturated) = 0.0000000     
 Effective Sample Size = 138

 Number of function evaluations was 21 for 5 parameters.
 Time for numerical optimization was 0.09 seconds.     
 -2logL { p(~effort + undr)Psi(~avdep) } = 168.46681     
 Penalty { p(~effort + undr)Psi(~avdep) } = 0.0000000     
 Gradient { p(~effort + undr)Psi(~avdep) }:
 -0.1167369E-05  0.2683779E-06 -0.1508687E-05 -0.2725475E-05   0.000000    
 Maximum ABS(G) { p(~effort + undr)Psi(~avdep) } = 0.2725475E-05 
 S Vector { p(~effort + undr)Psi(~avdep) }:
   17.57406      8.315909     0.3144795     0.1319274     0.1007820    
 Time to compute number of parameters was 0.09 seconds.     
 Ratio Threshold = 50.000000       Max Gap (2/3) = 26.443402       Next Max Gap (3/4) = 2.3837327     
 Gap Method for Num. of Estimated Parameters { p(~effort + undr)Psi(~avdep) } = 5          
 Threshold { p(~effort + undr)Psi(~avdep) } = 0.5450951E-05                 
 Numerical Threshold Method for Num. of Estimated Parameters { p(~effort + undr)Psi(~avdep) } = 5          
 Number of Estimated Parameters { p(~effort + undr)Psi(~avdep) } = 5          
 DEVIANCE { p(~effort + undr)Psi(~avdep) } = 168.46681                     
 DEVIANCE Degrees of Freedom { p(~effort + undr)Psi(~avdep) } = 133            
 c-hat { p(~effort + undr)Psi(~avdep) } = 1.2666677                     
 AIC { p(~effort + undr)Psi(~avdep) } = 178.46681                  
 AICc { p(~effort + undr)Psi(~avdep) } = 178.92135                    
 BIC { p(~effort + undr)Psi(~avdep) } = 193.10308                    
 Pearson Chisquare { p(~effort + undr)Psi(~avdep) } = 852.20318                  

  Program  MARK  - Survival Rate Estimation with Capture-Recapture Data
   gfortran(dble) Vers. 9.0 Mar 2018     3-Dec-2019 10:56:18    Page  003
 - - - - - - - - - - - - - - - - - - - - - - - - - - - - - - - - - - - - - -
 


               LOGIT Link Function Parameters of { p(~effort + undr)Psi(~avdep) }
                                                              95% Confidence Interval
 Parameter                    Beta         Standard Error      Lower           Upper
 -------------------------  --------------  --------------  --------------  --------------
    1:p:(Intercept)         -0.6338864       0.7308244      -2.0663022       0.7985294    
    2:p:effort               0.0015313       0.7721125E-03   0.1799133E-04   0.0030447    
    3:p:undr                 0.4367110       0.5020461      -0.5472993       1.4207213    
    4:Psi:(Intercept)       -1.7992896       0.7470719      -3.2635506      -0.3350285    
    5:Psi:avdep              0.1234510       2.6829336      -5.1350989       5.3820009    


               Real Function Parameters of { p(~effort + undr)Psi(~avdep) }

      Following estimates based on unstandardized individual covariate values:
          Variable   Value         
          ---------  ------------- 
          EFFORT1     906.23188    
          EFFORT2     834.18841    
          EFFORT3     818.18116    
          UNDR1       0.5869565    
          UNDR2       0.5483092    
          UNDR3       0.5042271    
          AVDEP       0.2562426    
                                                               95% Confidence Interval
  Parameter                  Estimate       Standard Error      Lower           Upper
 --------------------------  --------------  --------------  --------------  --------------
     1:p g1 a0 t1             0.7330565       0.0754476       0.5632824       0.8539442                          
     2:p g1 a1 t2             0.7074405       0.0768208       0.5387942       0.8334783                          
     3:p g1 a2 t3             0.6983013       0.0785193       0.5271555       0.8277430                          
     4:Psi g1 a0 t1           0.1458341       0.0316730       0.0939768       0.2193779                          


                      Estimates of Derived Parameters
         Occupancy Estimates of { p(~effort + undr)Psi(~avdep) }
                                            95% Confidence Interval
 Group   Psi-hat         Standard Error      Lower           Upper
 -----   --------------  --------------  --------------  --------------
   1      0.1458341       0.0316730       0.0939768       0.2193779    

   CPU Time for the last procedure was 0.19 seconds.     

  Program  MARK  - Survival Rate Estimation with Capture-Recapture Data
   gfortran(dble) Vers. 9.0 Mar 2018     3-Dec-2019 10:56:18    Page  004
 - - - - - - - - - - - - - - - - - - - - - - - - - - - - - - - - - - - - - -
 


  INPUT --- proc stop;

     CPU Time in minutes for this job was 0.00

     Time Start = 10:56:17.948   Time End = 10:56:18.064

     Wall Clock Time in minutes for this job was 0.00


          E X E C U T I O N   S U C C E S S F U L 
