
   Program  MARK  - Survival Rate Estimation with Capture-Recapture Data
   gfortran(dble) Vers. 9.0 Mar 2018     3-Dec-2019 11:09:00    Page  001
 - - - - - - - - - - - - - - - - - - - - - - - - - - - - - - - - - - - - - -
 
   This version was compiled by GCC version 7.2.0 using the options: 
     -cpp -iprefix C:/Program Files/mingw-w64/x86_64-7.2.0-posix-seh-rt_v5-rev1/
     mingw64/bin/../lib/gcc/x86_64-w64-mingw32/7.2.0/ -D_MT -D_REENTRANT
     -U_REENTRANT -D IEEE -D DBLEPRECISION -m64 -mtune=core2 -march=nocona -mthreads
     -O2 -fimplicit-none -fbounds-check -funroll-loops -ftree-vectorize
     -ffpe-summary=invalid,zero,overflow,underflow -fno-unsafe-math-optimizations
     -frounding-math -fsignaling-nans -fopenmp.

   This problem will use 7 of 8 possible threads.


  INPUT --- proc title ;

   CPU Time for the last procedure was 0.01 seconds.     


  INPUT --- proc chmatrix occasions= 3 groups= 1 etype= Occupancy 
  INPUT --- Nodes= 101 icovar = 4 ICMeans  NoHist hist= 138 ;

  INPUT ---    time interval 1 1 1 ;

  INPUT ---     icovariates mxdep1 mxdep2 mxdep3 pctSlope ;

  INPUT ---    glabel(1)=freq1;

      Number of unique encounter histories read was 138.

      Number of individual covariates read was 4.
      Time interval lengths are all equal to 1.

      Data type number is 27
      Data type is Occupancy Estimation with Detection < 1                                                             

   CPU Time for the last procedure was 0.01 seconds.     

  Program  MARK  - Survival Rate Estimation with Capture-Recapture Data
   gfortran(dble) Vers. 9.0 Mar 2018     3-Dec-2019 11:09:00    Page  002
 - - - - - - - - - - - - - - - - - - - - - - - - - - - - - - - - - - - - - -
 


  INPUT --- proc estimate link=Logit NOLOOP varest=2ndPart    ;


  INPUT --- model={ p(~mxdep)Psi(~pctSlope) };

  INPUT ---    group=1 p    rows=1 cols=3 Square ;
  INPUT ---        1 2 3 ;

  INPUT ---    group=1 Psi    rows=1 cols=1 Square ;
  INPUT ---        4 ;

  INPUT ---    design matrix constraints=4 covariates=4;
  INPUT ---        1 mxdep1 0 0;
  INPUT ---        1 mxdep2 0 0;
  INPUT ---        1 mxdep3 0 0;
  INPUT ---        0 0 1 pctSlope;
  INPUT ---       blabel(1)=p:(Intercept);
  INPUT ---       blabel(2)=p:mxdep;
  INPUT ---       blabel(3)=Psi:(Intercept);
  INPUT ---       blabel(4)=Psi:pctSlope;
  INPUT ---       rlabel(1)=p g1 a0 t1;
  INPUT ---       rlabel(2)=p g1 a1 t2;
  INPUT ---       rlabel(3)=p g1 a2 t3;
  INPUT ---       rlabel(4)=Psi g1 a0 t1;

 Link Function Used is LOGIT        

 Variance Estimation Procedure Used is 2ndPart 
 -2logL(saturated) = 0.0000000     
 Effective Sample Size = 138

 Number of function evaluations was 14 for 4 parameters.
 Time for numerical optimization was 0.09 seconds.     
 -2logL { p(~mxdep)Psi(~pctSlope) } = 169.52929     
 Penalty { p(~mxdep)Psi(~pctSlope) } = 0.0000000     
 Gradient { p(~mxdep)Psi(~pctSlope) }:
  0.1801526E-05  0.5784897E-07 -0.1384690E-05   0.000000    
 Maximum ABS(G) { p(~mxdep)Psi(~pctSlope) } = 0.1801526E-05 
 S Vector { p(~mxdep)Psi(~pctSlope) }:
   16.57996      8.351241     0.4027629     0.1120676E-02
 Time to compute number of parameters was 0.01 seconds.     
 Ratio Threshold = 50.000000       Max Gap (3/4) = 359.39293       Next Max Gap (2/3) = 20.734880     
 Gap Method for Num. of Estimated Parameters { p(~mxdep)Psi(~pctSlope) } = 3          
 Threshold { p(~mxdep)Psi(~pctSlope) } = 0.3603051E-05                 
 Numerical Threshold Method for Num. of Estimated Parameters { p(~mxdep)Psi(~pctSlope) } = 4          
 Number of Estimated Parameters { p(~mxdep)Psi(~pctSlope) } = 4          

   * *  WARNING  * *   Number of parameters estimated from gap method (=3) and threshold method (=4) differ.  Inspect full output.                                                                                                                                                                                                                                                                                                                                                                                                                      
 Ratios of S Vector { p(~mxdep)Psi(~pctSlope) }:
   1/2    1.985329       2/3    20.73488       3/4    359.3929    
 DEVIANCE { p(~mxdep)Psi(~pctSlope) } = 169.52929                     
 DEVIANCE Degrees of Freedom { p(~mxdep)Psi(~pctSlope) } = 134            
 c-hat { p(~mxdep)Psi(~pctSlope) } = 1.2651439                     
 AIC { p(~mxdep)Psi(~pctSlope) } = 177.52929                  
 AICc { p(~mxdep)Psi(~pctSlope) } = 177.83004                    
 BIC { p(~mxdep)Psi(~pctSlope) } = 189.23830                    
 Pearson Chisquare { p(~mxdep)Psi(~pctSlope) } = 1078.2144                  

  Program  MARK  - Survival Rate Estimation with Capture-Recapture Data
   gfortran(dble) Vers. 9.0 Mar 2018     3-Dec-2019 11:09:00    Page  003
 - - - - - - - - - - - - - - - - - - - - - - - - - - - - - - - - - - - - - -
 


                 LOGIT Link Function Parameters of { p(~mxdep)Psi(~pctSlope) }
                                                              95% Confidence Interval
 Parameter                    Beta         Standard Error      Lower           Upper
 -------------------------  --------------  --------------  --------------  --------------
    1:p:(Intercept)         -1.1174815       0.9534225      -2.9861896       0.7512266    
    2:p:mxdep                4.0588969       1.8661529       0.4012372       7.7165565    
    3:Psi:(Intercept)       -1.7549099       0.3004548      -2.3438014      -1.1660184    
    4:Psi:pctSlope          -0.0052665       0.0298718      -0.0638152       0.0532821    


                 Real Function Parameters of { p(~mxdep)Psi(~pctSlope) }

      Following estimates based on unstandardized individual covariate values:
          Variable   Value         
          ---------  ------------- 
          MXDEP1      0.5167391    
          MXDEP2      0.4846377    
          MXDEP3      0.6304348    
          PCTSLOPE    5.7132415    
                                                               95% Confidence Interval
  Parameter                  Estimate       Standard Error      Lower           Upper
 --------------------------  --------------  --------------  --------------  --------------
     1:p g1 a0 t1             0.7270902       0.0698094       0.5720853       0.8415030                          
     2:p g1 a1 t2             0.7004859       0.0721839       0.5437061       0.8211200                          
     3:p g1 a2 t3             0.8086695       0.0693006       0.6372627       0.9104607                          
     4:Psi g1 a0 t1           0.1436870       0.0308992       0.0930279       0.2153817                          


                      Estimates of Derived Parameters
            Occupancy Estimates of { p(~mxdep)Psi(~pctSlope) }
                                            95% Confidence Interval
 Group   Psi-hat         Standard Error      Lower           Upper
 -----   --------------  --------------  --------------  --------------
   1      0.1436870       0.0308992       0.0930279       0.2153817    

 Attempted ordering of parameters by estimatibility:
  3 1 4 2
 Beta number 2 is a singular value.

   CPU Time for the last procedure was 0.09 seconds.     

  Program  MARK  - Survival Rate Estimation with Capture-Recapture Data
   gfortran(dble) Vers. 9.0 Mar 2018     3-Dec-2019 11:09:00    Page  004
 - - - - - - - - - - - - - - - - - - - - - - - - - - - - - - - - - - - - - -
 


  INPUT --- proc stop;

     CPU Time in minutes for this job was 0.00

     Time Start = 11:09:00.699   Time End = 11:09:00.802

     Wall Clock Time in minutes for this job was 0.00


          E X E C U T I O N   S U C C E S S F U L 
