
   Program  MARK  - Survival Rate Estimation with Capture-Recapture Data
   gfortran(dble) Vers. 9.0 Mar 2018     3-Dec-2019 11:06:23    Page  001
 - - - - - - - - - - - - - - - - - - - - - - - - - - - - - - - - - - - - - -
 
   This version was compiled by GCC version 7.2.0 using the options: 
     -cpp -iprefix C:/Program Files/mingw-w64/x86_64-7.2.0-posix-seh-rt_v5-rev1/
     mingw64/bin/../lib/gcc/x86_64-w64-mingw32/7.2.0/ -D_MT -D_REENTRANT
     -U_REENTRANT -D IEEE -D DBLEPRECISION -m64 -mtune=core2 -march=nocona -mthreads
     -O2 -fimplicit-none -fbounds-check -funroll-loops -ftree-vectorize
     -ffpe-summary=invalid,zero,overflow,underflow -fno-unsafe-math-optimizations
     -frounding-math -fsignaling-nans -fopenmp.

   This problem will use 7 of 8 possible threads.


  INPUT --- proc title ;

   CPU Time for the last procedure was 0.01 seconds.     


  INPUT --- proc chmatrix occasions= 3 groups= 1 etype= Occupancy 
  INPUT --- Nodes= 101 icovar = 7 ICMeans  NoHist hist= 138 ;

  INPUT ---    time interval 1 1 1 ;

  INPUT ---     icovariates effort1 effort2 effort3 undr1 undr2 undr3  
  INPUT ---    pctex21 ;

  INPUT ---    glabel(1)=freq1;

      Number of unique encounter histories read was 138.

      Number of individual covariates read was 7.
      Time interval lengths are all equal to 1.

      Data type number is 27
      Data type is Occupancy Estimation with Detection < 1                                                             

   CPU Time for the last procedure was 0.02 seconds.     

  Program  MARK  - Survival Rate Estimation with Capture-Recapture Data
   gfortran(dble) Vers. 9.0 Mar 2018     3-Dec-2019 11:06:23    Page  002
 - - - - - - - - - - - - - - - - - - - - - - - - - - - - - - - - - - - - - -
 


  INPUT --- proc estimate link=Logit NOLOOP varest=2ndPart    ;


  INPUT --- model={ p(~effort + undr)Psi(~pctex21) };

  INPUT ---    group=1 p    rows=1 cols=3 Square ;
  INPUT ---        1 2 3 ;

  INPUT ---    group=1 Psi    rows=1 cols=1 Square ;
  INPUT ---        4 ;

  INPUT ---    design matrix constraints=4 covariates=5;
  INPUT ---        1 effort1 undr1 0 0;
  INPUT ---        1 effort2 undr2 0 0;
  INPUT ---        1 effort3 undr3 0 0;
  INPUT ---        0 0 0 1 pctex21;
  INPUT ---       blabel(1)=p:(Intercept);
  INPUT ---       blabel(2)=p:effort;
  INPUT ---       blabel(3)=p:undr;
  INPUT ---       blabel(4)=Psi:(Intercept);
  INPUT ---       blabel(5)=Psi:pctex21;
  INPUT ---       rlabel(1)=p g1 a0 t1;
  INPUT ---       rlabel(2)=p g1 a1 t2;
  INPUT ---       rlabel(3)=p g1 a2 t3;
  INPUT ---       rlabel(4)=Psi g1 a0 t1;

 Link Function Used is LOGIT        

 Variance Estimation Procedure Used is 2ndPart 
 -2logL(saturated) = 0.0000000     
 Effective Sample Size = 138

 Number of function evaluations was 21 for 5 parameters.
 Time for numerical optimization was 0.05 seconds.     
 -2logL { p(~effort + undr)Psi(~pctex21) } = 145.92841     
 Penalty { p(~effort + undr)Psi(~pctex21) } = 0.0000000     
 Gradient { p(~effort + undr)Psi(~pctex21) }:
  0.1084051E-05   0.000000       0.000000     -0.1102274E-05  0.1860443E-06
 Maximum ABS(G) { p(~effort + undr)Psi(~pctex21) } = 0.1102274E-05 
 S Vector { p(~effort + undr)Psi(~pctex21) }:
   14.33052      7.493958     0.3006818     0.9455044E-01 0.1988509E-01
 Time to compute number of parameters was 0.03 seconds.     
 Ratio Threshold = 50.000000       Max Gap (2/3) = 24.923214       Next Max Gap (4/5) = 4.7548415     
 Gap Method for Num. of Estimated Parameters { p(~effort + undr)Psi(~pctex21) } = 5          
 Threshold { p(~effort + undr)Psi(~pctex21) } = 0.2204547E-05                 
 Numerical Threshold Method for Num. of Estimated Parameters { p(~effort + undr)Psi(~pctex21) } = 5          
 Number of Estimated Parameters { p(~effort + undr)Psi(~pctex21) } = 5          
 DEVIANCE { p(~effort + undr)Psi(~pctex21) } = 145.92841                     
 DEVIANCE Degrees of Freedom { p(~effort + undr)Psi(~pctex21) } = 133            
 c-hat { p(~effort + undr)Psi(~pctex21) } = 1.0972061                     
 AIC { p(~effort + undr)Psi(~pctex21) } = 155.92841                  
 AICc { p(~effort + undr)Psi(~pctex21) } = 156.38296                    
 BIC { p(~effort + undr)Psi(~pctex21) } = 170.56468                    
 Pearson Chisquare { p(~effort + undr)Psi(~pctex21) } = 594.89295                  

  Program  MARK  - Survival Rate Estimation with Capture-Recapture Data
   gfortran(dble) Vers. 9.0 Mar 2018     3-Dec-2019 11:06:23    Page  003
 - - - - - - - - - - - - - - - - - - - - - - - - - - - - - - - - - - - - - -
 


              LOGIT Link Function Parameters of { p(~effort + undr)Psi(~pctex21) }
                                                              95% Confidence Interval
 Parameter                    Beta         Standard Error      Lower           Upper
 -------------------------  --------------  --------------  --------------  --------------
    1:p:(Intercept)         -0.7594642       0.7635600      -2.2560418       0.7371133    
    2:p:effort               0.0016474       0.8023672E-03   0.7474115E-04   0.0032200    
    3:p:undr                 0.4256670       0.5126117      -0.5790519       1.4303859    
    4:Psi:(Intercept)       -0.7303769       0.3230585      -1.3635715      -0.0971823    
    5:Psi:pctex21           -0.6298098       0.2288990      -1.0784519      -0.1811677    


              Real Function Parameters of { p(~effort + undr)Psi(~pctex21) }

      Following estimates based on unstandardized individual covariate values:
          Variable   Value         
          ---------  ------------- 
          EFFORT1     906.23188    
          EFFORT2     834.18841    
          EFFORT3     818.18116    
          UNDR1       0.5869565    
          UNDR2       0.5483092    
          UNDR3       0.5042271    
          PCTEX21     4.8306834    
                                                               95% Confidence Interval
  Parameter                  Estimate       Standard Error      Lower           Upper
 --------------------------  --------------  --------------  --------------  --------------
     1:p g1 a0 t1             0.7277611       0.0772436       0.5545671       0.8516302                          
     2:p g1 a1 t2             0.7001808       0.0791620       0.5272378       0.8302301                          
     3:p g1 a2 t3             0.6906211       0.0809488       0.5151097       0.8242762                          
     4:Psi g1 a0 t1           0.0224713       0.0218085       0.0032732       0.1386112                          


                      Estimates of Derived Parameters
        Occupancy Estimates of { p(~effort + undr)Psi(~pctex21) }
                                            95% Confidence Interval
 Group   Psi-hat         Standard Error      Lower           Upper
 -----   --------------  --------------  --------------  --------------
   1      0.0224713       0.0218085       0.0032732       0.1386112    

   CPU Time for the last procedure was 0.08 seconds.     

  Program  MARK  - Survival Rate Estimation with Capture-Recapture Data
   gfortran(dble) Vers. 9.0 Mar 2018     3-Dec-2019 11:06:23    Page  004
 - - - - - - - - - - - - - - - - - - - - - - - - - - - - - - - - - - - - - -
 


  INPUT --- proc stop;

     CPU Time in minutes for this job was 0.00

     Time Start = 11:06:23.726   Time End = 11:06:23.845

     Wall Clock Time in minutes for this job was 0.00


          E X E C U T I O N   S U C C E S S F U L 
