
   Program  MARK  - Survival Rate Estimation with Capture-Recapture Data
   gfortran(dble) Vers. 9.0 Mar 2018     3-Dec-2019 12:22:23    Page  001
 - - - - - - - - - - - - - - - - - - - - - - - - - - - - - - - - - - - - - -
 
   This version was compiled by GCC version 7.2.0 using the options: 
     -cpp -iprefix C:/Program Files/mingw-w64/x86_64-7.2.0-posix-seh-rt_v5-rev1/
     mingw64/bin/../lib/gcc/x86_64-w64-mingw32/7.2.0/ -D_MT -D_REENTRANT
     -U_REENTRANT -D IEEE -D DBLEPRECISION -m64 -mtune=core2 -march=nocona -mthreads
     -O2 -fimplicit-none -fbounds-check -funroll-loops -ftree-vectorize
     -ffpe-summary=invalid,zero,overflow,underflow -fno-unsafe-math-optimizations
     -frounding-math -fsignaling-nans -fopenmp.

   This problem will use 7 of 8 possible threads.


  INPUT --- proc title ;

   CPU Time for the last procedure was 0.01 seconds.     


  INPUT --- proc chmatrix occasions= 3 groups= 1 etype= Occupancy 
  INPUT --- Nodes= 101 icovar = 2 ICMeans  NoHist hist= 138 ;

  INPUT ---    time interval 1 1 1 ;

  INPUT ---     icovariates effsec avdep ;

  INPUT ---    glabel(1)=freq1;

      Number of unique encounter histories read was 138.

      Number of individual covariates read was 2.
      Time interval lengths are all equal to 1.

      Data type number is 27
      Data type is Occupancy Estimation with Detection < 1                                                             

   CPU Time for the last procedure was 0.01 seconds.     

  Program  MARK  - Survival Rate Estimation with Capture-Recapture Data
   gfortran(dble) Vers. 9.0 Mar 2018     3-Dec-2019 12:22:23    Page  002
 - - - - - - - - - - - - - - - - - - - - - - - - - - - - - - - - - - - - - -
 


  INPUT --- proc estimate link=Logit NOLOOP varest=2ndPart    ;


  INPUT --- model={ p(~effsec)Psi(~avdep) };

  INPUT ---    group=1 p    rows=1 cols=3 Square ;
  INPUT ---        1 1 1 ;

  INPUT ---    group=1 Psi    rows=1 cols=1 Square ;
  INPUT ---        2 ;

  INPUT ---    design matrix constraints=2 covariates=4;
  INPUT ---        1 effsec 0 0;
  INPUT ---        0 0 1 avdep;
  INPUT ---       blabel(1)=p:(Intercept);
  INPUT ---       blabel(2)=p:effsec;
  INPUT ---       blabel(3)=Psi:(Intercept);
  INPUT ---       blabel(4)=Psi:avdep;
  INPUT ---       rlabel(1)=p g1 a0 t1;
  INPUT ---       rlabel(2)=Psi g1 a0 t1;

 Link Function Used is LOGIT        

 Variance Estimation Procedure Used is 2ndPart 
 -2logL(saturated) = 0.0000000     
 Effective Sample Size = 138

 Number of function evaluations was 17 for 4 parameters.
 Time for numerical optimization was 0.02 seconds.     
 -2logL { p(~effsec)Psi(~avdep) } = 171.41316     
 Penalty { p(~effsec)Psi(~avdep) } = 0.0000000     
 Gradient { p(~effsec)Psi(~avdep) }:
  0.6389825E-05  0.3898334E-06  0.2007467E-05 -0.1500039E-05
 Maximum ABS(G) { p(~effsec)Psi(~avdep) } = 0.6389825E-05 
 S Vector { p(~effsec)Psi(~avdep) }:
   17.56332      8.938682     0.2066449     0.1317250    
 Time to compute number of parameters was 0.01 seconds.     
 Ratio Threshold = 50.000000       Max Gap (2/3) = 43.256250       Next Max Gap (1/2) = 1.9648663     
 Gap Method for Num. of Estimated Parameters { p(~effsec)Psi(~avdep) } = 4          
 Threshold { p(~effsec)Psi(~avdep) } = 0.1277965E-04                 
 Numerical Threshold Method for Num. of Estimated Parameters { p(~effsec)Psi(~avdep) } = 4          
 Number of Estimated Parameters { p(~effsec)Psi(~avdep) } = 4          
 DEVIANCE { p(~effsec)Psi(~avdep) } = 171.41316                     
 DEVIANCE Degrees of Freedom { p(~effsec)Psi(~avdep) } = 134            
 c-hat { p(~effsec)Psi(~avdep) } = 1.2792027                     
 AIC { p(~effsec)Psi(~avdep) } = 179.41316                  
 AICc { p(~effsec)Psi(~avdep) } = 179.71392                    
 BIC { p(~effsec)Psi(~avdep) } = 191.12218                    
 Pearson Chisquare { p(~effsec)Psi(~avdep) } = 975.44323                  


                  LOGIT Link Function Parameters of { p(~effsec)Psi(~avdep) }
                                                              95% Confidence Interval
 Parameter                    Beta         Standard Error      Lower           Upper
 -------------------------  --------------  --------------  --------------  --------------
    1:p:(Intercept)         -0.1939912       0.6704469      -1.5080672       1.1200848    
    2:p:effsec               0.4259934E-03   0.2332030E-03  -0.3108453E-04   0.8830714E-03
    3:Psi:(Intercept)       -1.8503805       0.7374922      -3.2958653      -0.4048957    

  Program  MARK  - Survival Rate Estimation with Capture-Recapture Data
   gfortran(dble) Vers. 9.0 Mar 2018     3-Dec-2019 12:22:24    Page  003
 - - - - - - - - - - - - - - - - - - - - - - - - - - - - - - - - - - - - - -
 
    4:Psi:avdep              0.2715323       2.6580089      -4.9381652       5.4812298    


                  Real Function Parameters of { p(~effsec)Psi(~avdep) }

      Following estimates based on unstandardized individual covariate values:
          Variable   Value         
          ---------  ------------- 
          EFFSEC      2558.6014    
          AVDEP       0.2562426    
                                                               95% Confidence Interval
  Parameter                  Estimate       Standard Error      Lower           Upper
 --------------------------  --------------  --------------  --------------  --------------
     1:p g1 a0 t1             0.7101178       0.0709225       0.5549445       0.8279608                          
     2:Psi g1 a0 t1           0.1442041       0.0311708       0.0931420       0.2165741                          


                      Estimates of Derived Parameters
             Occupancy Estimates of { p(~effsec)Psi(~avdep) }
                                            95% Confidence Interval
 Group   Psi-hat         Standard Error      Lower           Upper
 -----   --------------  --------------  --------------  --------------
   1      0.1442041       0.0311708       0.0931420       0.2165741    

   CPU Time for the last procedure was 0.03 seconds.     

  Program  MARK  - Survival Rate Estimation with Capture-Recapture Data
   gfortran(dble) Vers. 9.0 Mar 2018     3-Dec-2019 12:22:24    Page  004
 - - - - - - - - - - - - - - - - - - - - - - - - - - - - - - - - - - - - - -
 


  INPUT --- proc stop;

     CPU Time in minutes for this job was 0.00

     Time Start = 12:22:23.243   Time End = 12:22:24.508

     Wall Clock Time in minutes for this job was 0.02


          E X E C U T I O N   S U C C E S S F U L 
