
   Program  MARK  - Survival Rate Estimation with Capture-Recapture Data
   gfortran(dble) Vers. 9.0 Mar 2018     3-Dec-2019 11:00:11    Page  001
 - - - - - - - - - - - - - - - - - - - - - - - - - - - - - - - - - - - - - -
 
   This version was compiled by GCC version 7.2.0 using the options: 
     -cpp -iprefix C:/Program Files/mingw-w64/x86_64-7.2.0-posix-seh-rt_v5-rev1/
     mingw64/bin/../lib/gcc/x86_64-w64-mingw32/7.2.0/ -D_MT -D_REENTRANT
     -U_REENTRANT -D IEEE -D DBLEPRECISION -m64 -mtune=core2 -march=nocona -mthreads
     -O2 -fimplicit-none -fbounds-check -funroll-loops -ftree-vectorize
     -ffpe-summary=invalid,zero,overflow,underflow -fno-unsafe-math-optimizations
     -frounding-math -fsignaling-nans -fopenmp.

   This problem will use 7 of 8 possible threads.


  INPUT --- proc title ;

   CPU Time for the last procedure was 0.01 seconds.     


  INPUT --- proc chmatrix occasions= 3 groups= 1 etype= Occupancy 
  INPUT --- Nodes= 101 icovar = 8 ICMeans  NoHist hist= 138 ;

  INPUT ---    time interval 1 1 1 ;

  INPUT ---     icovariates effort1 effort2 effort3 lwd1 lwd2 lwd3  
  INPUT ---    pctex21 HAiFLS_nat ;

  INPUT ---    glabel(1)=freq1;

      Number of unique encounter histories read was 138.

      Number of individual covariates read was 8.
      Time interval lengths are all equal to 1.

      Data type number is 27
      Data type is Occupancy Estimation with Detection < 1                                                             

   CPU Time for the last procedure was 0.02 seconds.     

  Program  MARK  - Survival Rate Estimation with Capture-Recapture Data
   gfortran(dble) Vers. 9.0 Mar 2018     3-Dec-2019 11:00:11    Page  002
 - - - - - - - - - - - - - - - - - - - - - - - - - - - - - - - - - - - - - -
 


  INPUT --- proc estimate link=Logit NOLOOP varest=2ndPart    ;


  INPUT --- model={ p(~effort + lwd)Psi(~pctex21 + HAiFLS_nat) };

  INPUT ---    group=1 p    rows=1 cols=3 Square ;
  INPUT ---        1 2 3 ;

  INPUT ---    group=1 Psi    rows=1 cols=1 Square ;
  INPUT ---        4 ;

  INPUT ---    design matrix constraints=4 covariates=6;
  INPUT ---        1 effort1 lwd1 0 0 0;
  INPUT ---        1 effort2 lwd2 0 0 0;
  INPUT ---        1 effort3 lwd3 0 0 0;
  INPUT ---        0 0 0 1 pctex21 HAiFLS_nat;
  INPUT ---       blabel(1)=p:(Intercept);
  INPUT ---       blabel(2)=p:effort;
  INPUT ---       blabel(3)=p:lwd;
  INPUT ---       blabel(4)=Psi:(Intercept);
  INPUT ---       blabel(5)=Psi:pctex21;
  INPUT ---       blabel(6)=Psi:HAiFLS_nat;
  INPUT ---       rlabel(1)=p g1 a0 t1;
  INPUT ---       rlabel(2)=p g1 a1 t2;
  INPUT ---       rlabel(3)=p g1 a2 t3;
  INPUT ---       rlabel(4)=Psi g1 a0 t1;

 Link Function Used is LOGIT        

 Variance Estimation Procedure Used is 2ndPart 
 -2logL(saturated) = 0.0000000     
 Effective Sample Size = 138

 Number of function evaluations was 24 for 6 parameters.
 Time for numerical optimization was 0.11 seconds.     
 -2logL { p(~effort + lwd)Psi(~pctex21 + HAiFLS_nat) } = 140.43661     
 Penalty { p(~effort + lwd)Psi(~pctex21 + HAiFLS_nat) } = 0.0000000     
 Gradient { p(~effort + lwd)Psi(~pctex21 + HAiFLS_nat) }:
  0.2189384E-05  0.7212719E-06  0.6354407E-06  0.1517352E-05   0.000000    
  0.5739542E-06
 Maximum ABS(G) { p(~effort + lwd)Psi(~pctex21 + HAiFLS_nat) } = 0.2189384E-05 
 S Vector { p(~effort + lwd)Psi(~pctex21 + HAiFLS_nat) }:
   15.40429      7.603344     0.8923814     0.1961999     0.9396004E-01
  0.1502729E-01
 Time to compute number of parameters was 0.01 seconds.     
 Ratio Threshold = 50.000000       Max Gap (2/3) = 8.5202852       Next Max Gap (5/6) = 6.2526291     
 Gap Method for Num. of Estimated Parameters { p(~effort + lwd)Psi(~pctex21 + HAiFLS_nat) } = 6          
 Threshold { p(~effort + lwd)Psi(~pctex21 + HAiFLS_nat) } = 0.4378768E-05                 
 Numerical Threshold Method for Num. of Estimated Parameters { p(~effort + lwd)Psi(~pctex21 + HAiFLS_nat) } = 6          
 Number of Estimated Parameters { p(~effort + lwd)Psi(~pctex21 + HAiFLS_nat) } = 6          
 DEVIANCE { p(~effort + lwd)Psi(~pctex21 + HAiFLS_nat) } = 140.43661                     
 DEVIANCE Degrees of Freedom { p(~effort + lwd)Psi(~pctex21 + HAiFLS_nat) } = 132            
 c-hat { p(~effort + lwd)Psi(~pctex21 + HAiFLS_nat) } = 1.0639137                     
 AIC { p(~effort + lwd)Psi(~pctex21 + HAiFLS_nat) } = 152.43661                  
 AICc { p(~effort + lwd)Psi(~pctex21 + HAiFLS_nat) } = 153.07783                    
 BIC { p(~effort + lwd)Psi(~pctex21 + HAiFLS_nat) } = 170.00013                    
 Pearson Chisquare { p(~effort + lwd)Psi(~pctex21 + HAiFLS_nat) } = 517.41096                  

  Program  MARK  - Survival Rate Estimation with Capture-Recapture Data
   gfortran(dble) Vers. 9.0 Mar 2018     3-Dec-2019 11:00:11    Page  003
 - - - - - - - - - - - - - - - - - - - - - - - - - - - - - - - - - - - - - -
 


        LOGIT Link Function Parameters of { p(~effort + lwd)Psi(~pctex21 + HAiFLS_nat) }
                                                              95% Confidence Interval
 Parameter                    Beta         Standard Error      Lower           Upper
 -------------------------  --------------  --------------  --------------  --------------
    1:p:(Intercept)         -0.7423611       0.7450775      -2.2027129       0.7179908    
    2:p:effort               0.0017385       0.8030116E-03   0.1646309E-03   0.0033124    
    3:p:lwd                  1.1437804       1.2890855      -1.3828272       3.6703880    
    4:Psi:(Intercept)       -1.5140495       0.4924925      -2.4793347      -0.5487643    
    5:Psi:pctex21           -0.7587333       0.2630877      -1.2743852      -0.2430815    
    6:Psi:HAiFLS_nat         0.0232593       0.0104028       0.0028698       0.0436489    


        Real Function Parameters of { p(~effort + lwd)Psi(~pctex21 + HAiFLS_nat) }

      Following estimates based on unstandardized individual covariate values:
          Variable   Value         
          ---------  ------------- 
          EFFORT1     906.23188    
          EFFORT2     834.18841    
          EFFORT3     818.18116    
          LWD1        0.2346014    
          LWD2        0.2355072    
          LWD3        0.2114389    
          PCTEX21     4.8306834    
          HAIFLS_NAT  30.404180    
                                                               95% Confidence Interval
  Parameter                  Estimate       Standard Error      Lower           Upper
 --------------------------  --------------  --------------  --------------  --------------
     1:p g1 a0 t1             0.7505385       0.0735789       0.5820598       0.8666592                          
     2:p g1 a1 t2             0.7265666       0.0750567       0.5589207       0.8478403                          
     3:p g1 a2 t3             0.7154320       0.0753229       0.5490326       0.8384940                          
     4:Psi g1 a0 t1           0.0112946       0.0130219       0.0011606       0.1009680                          


                      Estimates of Derived Parameters
  Occupancy Estimates of { p(~effort + lwd)Psi(~pctex21 + HAiFLS_nat) }
                                            95% Confidence Interval
 Group   Psi-hat         Standard Error      Lower           Upper
 -----   --------------  --------------  --------------  --------------
   1      0.0112946       0.0130219       0.0011606       0.1009680    

   CPU Time for the last procedure was 0.12 seconds.     

  Program  MARK  - Survival Rate Estimation with Capture-Recapture Data
   gfortran(dble) Vers. 9.0 Mar 2018     3-Dec-2019 11:00:11    Page  004
 - - - - - - - - - - - - - - - - - - - - - - - - - - - - - - - - - - - - - -
 


  INPUT --- proc stop;

     CPU Time in minutes for this job was 0.00

     Time Start = 11:00:11.223   Time End = 11:00:11.339

     Wall Clock Time in minutes for this job was 0.00


          E X E C U T I O N   S U C C E S S F U L 
