
   Program  MARK  - Survival Rate Estimation with Capture-Recapture Data
   gfortran(dble) Vers. 9.0 Mar 2018     3-Dec-2019 11:05:04    Page  001
 - - - - - - - - - - - - - - - - - - - - - - - - - - - - - - - - - - - - - -
 
   This version was compiled by GCC version 7.2.0 using the options: 
     -cpp -iprefix C:/Program Files/mingw-w64/x86_64-7.2.0-posix-seh-rt_v5-rev1/
     mingw64/bin/../lib/gcc/x86_64-w64-mingw32/7.2.0/ -D_MT -D_REENTRANT
     -U_REENTRANT -D IEEE -D DBLEPRECISION -m64 -mtune=core2 -march=nocona -mthreads
     -O2 -fimplicit-none -fbounds-check -funroll-loops -ftree-vectorize
     -ffpe-summary=invalid,zero,overflow,underflow -fno-unsafe-math-optimizations
     -frounding-math -fsignaling-nans -fopenmp.

   This problem will use 7 of 8 possible threads.


  INPUT --- proc title ;

   CPU Time for the last procedure was 0.01 seconds.     


  INPUT --- proc chmatrix occasions= 3 groups= 1 etype= Occupancy 
  INPUT --- Nodes= 101 icovar = 5 ICMeans  NoHist hist= 138 ;

  INPUT ---    time interval 1 1 1 ;

  INPUT ---     icovariates mxdep1 mxdep2 mxdep3 pctex21 under ;

  INPUT ---    glabel(1)=freq1;

      Number of unique encounter histories read was 138.

      Number of individual covariates read was 5.
      Time interval lengths are all equal to 1.

      Data type number is 27
      Data type is Occupancy Estimation with Detection < 1                                                             

   CPU Time for the last procedure was 0.01 seconds.     

  Program  MARK  - Survival Rate Estimation with Capture-Recapture Data
   gfortran(dble) Vers. 9.0 Mar 2018     3-Dec-2019 11:05:04    Page  002
 - - - - - - - - - - - - - - - - - - - - - - - - - - - - - - - - - - - - - -
 


  INPUT --- proc estimate link=Logit NOLOOP varest=2ndPart    ;


  INPUT --- model={ p(~mxdep)Psi(~pctex21 + under) };

  INPUT ---    group=1 p    rows=1 cols=3 Square ;
  INPUT ---        1 2 3 ;

  INPUT ---    group=1 Psi    rows=1 cols=1 Square ;
  INPUT ---        4 ;

  INPUT ---    design matrix constraints=4 covariates=5;
  INPUT ---        1 mxdep1 0 0 0;
  INPUT ---        1 mxdep2 0 0 0;
  INPUT ---        1 mxdep3 0 0 0;
  INPUT ---        0 0 1 pctex21 under;
  INPUT ---       blabel(1)=p:(Intercept);
  INPUT ---       blabel(2)=p:mxdep;
  INPUT ---       blabel(3)=Psi:(Intercept);
  INPUT ---       blabel(4)=Psi:pctex21;
  INPUT ---       blabel(5)=Psi:under;
  INPUT ---       rlabel(1)=p g1 a0 t1;
  INPUT ---       rlabel(2)=p g1 a1 t2;
  INPUT ---       rlabel(3)=p g1 a2 t3;
  INPUT ---       rlabel(4)=Psi g1 a0 t1;

 Link Function Used is LOGIT        

 Variance Estimation Procedure Used is 2ndPart 
 -2logL(saturated) = 0.0000000     
 Effective Sample Size = 138

 Number of function evaluations was 30 for 5 parameters.
 Time for numerical optimization was 0.05 seconds.     
 -2logL { p(~mxdep)Psi(~pctex21 + under) } = 146.96297     
 Penalty { p(~mxdep)Psi(~pctex21 + under) } = 0.0000000     
 Gradient { p(~mxdep)Psi(~pctex21 + under) }:
  0.9030502E-06  0.2897797E-07   0.000000     -0.9762083E-07 -0.1125911E-05
 Maximum ABS(G) { p(~mxdep)Psi(~pctex21 + under) } = 0.1125911E-05 
 S Vector { p(~mxdep)Psi(~pctex21 + under) }:
   15.22893      8.337703     0.9104796     0.2014656E-01 0.1127014E-02
 Time to compute number of parameters was 0.01 seconds.     
 Ratio Threshold = 50.000000       Max Gap (3/4) = 45.192807       Next Max Gap (4/5) = 17.876050     
 Gap Method for Num. of Estimated Parameters { p(~mxdep)Psi(~pctex21 + under) } = 5          
 Threshold { p(~mxdep)Psi(~pctex21 + under) } = 0.2251823E-05                 
 Numerical Threshold Method for Num. of Estimated Parameters { p(~mxdep)Psi(~pctex21 + under) } = 5          
 Number of Estimated Parameters { p(~mxdep)Psi(~pctex21 + under) } = 5          
 DEVIANCE { p(~mxdep)Psi(~pctex21 + under) } = 146.96297                     
 DEVIANCE Degrees of Freedom { p(~mxdep)Psi(~pctex21 + under) } = 133            
 c-hat { p(~mxdep)Psi(~pctex21 + under) } = 1.1049847                     
 AIC { p(~mxdep)Psi(~pctex21 + under) } = 156.96297                  
 AICc { p(~mxdep)Psi(~pctex21 + under) } = 157.41751                    
 BIC { p(~mxdep)Psi(~pctex21 + under) } = 171.59924                    
 Pearson Chisquare { p(~mxdep)Psi(~pctex21 + under) } = 713.44373                  

  Program  MARK  - Survival Rate Estimation with Capture-Recapture Data
   gfortran(dble) Vers. 9.0 Mar 2018     3-Dec-2019 11:05:05    Page  003
 - - - - - - - - - - - - - - - - - - - - - - - - - - - - - - - - - - - - - -
 


              LOGIT Link Function Parameters of { p(~mxdep)Psi(~pctex21 + under) }
                                                              95% Confidence Interval
 Parameter                    Beta         Standard Error      Lower           Upper
 -------------------------  --------------  --------------  --------------  --------------
    1:p:(Intercept)         -1.1121181       0.9496907      -2.9735119       0.7492756    
    2:p:mxdep                4.0512906       1.8608991       0.4039283       7.6986529    
    3:Psi:(Intercept)       -0.9944757       0.4430299      -1.8628143      -0.1261371    
    4:Psi:pctex21           -0.5986197       0.2273780      -1.0442807      -0.1529588    
    5:Psi:under              0.2871925       0.4189195      -0.5338897       1.1082746    


              Real Function Parameters of { p(~mxdep)Psi(~pctex21 + under) }

      Following estimates based on unstandardized individual covariate values:
          Variable   Value         
          ---------  ------------- 
          MXDEP1      0.5167391    
          MXDEP2      0.4846377    
          MXDEP3      0.6304348    
          PCTEX21     4.8306834    
          UNDER       0.5466074    
                                                               95% Confidence Interval
  Parameter                  Estimate       Standard Error      Lower           Upper
 --------------------------  --------------  --------------  --------------  --------------
     1:p g1 a0 t1             0.7273745       0.0697059       0.5725764       0.8416176                          
     2:p g1 a1 t2             0.7008377       0.0720348       0.5443551       0.8212283                          
     3:p g1 a2 t3             0.8087574       0.0692604       0.6374405       0.9104907                          
     4:Psi g1 a0 t1           0.0234481       0.0224964       0.0034883       0.1414084                          


                      Estimates of Derived Parameters
        Occupancy Estimates of { p(~mxdep)Psi(~pctex21 + under) }
                                            95% Confidence Interval
 Group   Psi-hat         Standard Error      Lower           Upper
 -----   --------------  --------------  --------------  --------------
   1      0.0234481       0.0224964       0.0034883       0.1414084    

   CPU Time for the last procedure was 0.05 seconds.     

  Program  MARK  - Survival Rate Estimation with Capture-Recapture Data
   gfortran(dble) Vers. 9.0 Mar 2018     3-Dec-2019 11:05:05    Page  004
 - - - - - - - - - - - - - - - - - - - - - - - - - - - - - - - - - - - - - -
 


  INPUT --- proc stop;

     CPU Time in minutes for this job was 0.00

     Time Start = 11:05:04.907   Time End = 11:05:05.014

     Wall Clock Time in minutes for this job was 0.00


          E X E C U T I O N   S U C C E S S F U L 
