
   Program  MARK  - Survival Rate Estimation with Capture-Recapture Data
   gfortran(dble) Vers. 9.0 Mar 2018     3-Dec-2019 10:56:15    Page  001
 - - - - - - - - - - - - - - - - - - - - - - - - - - - - - - - - - - - - - -
 
   This version was compiled by GCC version 7.2.0 using the options: 
     -cpp -iprefix C:/Program Files/mingw-w64/x86_64-7.2.0-posix-seh-rt_v5-rev1/
     mingw64/bin/../lib/gcc/x86_64-w64-mingw32/7.2.0/ -D_MT -D_REENTRANT
     -U_REENTRANT -D IEEE -D DBLEPRECISION -m64 -mtune=core2 -march=nocona -mthreads
     -O2 -fimplicit-none -fbounds-check -funroll-loops -ftree-vectorize
     -ffpe-summary=invalid,zero,overflow,underflow -fno-unsafe-math-optimizations
     -frounding-math -fsignaling-nans -fopenmp.

   This problem will use 7 of 8 possible threads.


  INPUT --- proc title ;

   CPU Time for the last procedure was 0.01 seconds.     


  INPUT --- proc chmatrix occasions= 3 groups= 1 etype= Occupancy 
  INPUT --- Nodes= 101 icovar = 5 ICMeans  NoHist hist= 138 ;

  INPUT ---    time interval 1 1 1 ;

  INPUT ---     icovariates effort1 effort2 effort3 under avdep ;

  INPUT ---    glabel(1)=freq1;

      Number of unique encounter histories read was 138.

      Number of individual covariates read was 5.
      Time interval lengths are all equal to 1.

      Data type number is 27
      Data type is Occupancy Estimation with Detection < 1                                                             

   CPU Time for the last procedure was 0.01 seconds.     

  Program  MARK  - Survival Rate Estimation with Capture-Recapture Data
   gfortran(dble) Vers. 9.0 Mar 2018     3-Dec-2019 10:56:15    Page  002
 - - - - - - - - - - - - - - - - - - - - - - - - - - - - - - - - - - - - - -
 


  INPUT --- proc estimate link=Logit NOLOOP varest=2ndPart    ;


  INPUT --- model={ p(~effort + under)Psi(~avdep) };

  INPUT ---    group=1 p    rows=1 cols=3 Square ;
  INPUT ---        1 2 3 ;

  INPUT ---    group=1 Psi    rows=1 cols=1 Square ;
  INPUT ---        4 ;

  INPUT ---    design matrix constraints=4 covariates=5;
  INPUT ---        1 effort1 under 0 0;
  INPUT ---        1 effort2 under 0 0;
  INPUT ---        1 effort3 under 0 0;
  INPUT ---        0 0 0 1 avdep;
  INPUT ---       blabel(1)=p:(Intercept);
  INPUT ---       blabel(2)=p:effort;
  INPUT ---       blabel(3)=p:under;
  INPUT ---       blabel(4)=Psi:(Intercept);
  INPUT ---       blabel(5)=Psi:avdep;
  INPUT ---       rlabel(1)=p g1 a0 t1;
  INPUT ---       rlabel(2)=p g1 a1 t2;
  INPUT ---       rlabel(3)=p g1 a2 t3;
  INPUT ---       rlabel(4)=Psi g1 a0 t1;

 Link Function Used is LOGIT        

 Variance Estimation Procedure Used is 2ndPart 
 -2logL(saturated) = 0.0000000     
 Effective Sample Size = 138

 Number of function evaluations was 19 for 5 parameters.
 Time for numerical optimization was 0.01 seconds.     
 -2logL { p(~effort + under)Psi(~avdep) } = 169.15480     
 Penalty { p(~effort + under)Psi(~avdep) } = 0.0000000     
 Gradient { p(~effort + under)Psi(~avdep) }:
 -0.1274658E-05 -0.5305721E-06  0.1272444E-05   0.000000     -0.3224246E-05
 Maximum ABS(G) { p(~effort + under)Psi(~avdep) } = 0.3224246E-05 
 S Vector { p(~effort + under)Psi(~avdep) }:
   17.59224      8.993159     0.4866955     0.1319952     0.1006250    
 Time to compute number of parameters was 0.01 seconds.     
 Ratio Threshold = 50.000000       Max Gap (2/3) = 18.477998       Next Max Gap (3/4) = 3.6872216     
 Gap Method for Num. of Estimated Parameters { p(~effort + under)Psi(~avdep) } = 5          
 Threshold { p(~effort + under)Psi(~avdep) } = 0.6448493E-05                 
 Numerical Threshold Method for Num. of Estimated Parameters { p(~effort + under)Psi(~avdep) } = 5          
 Number of Estimated Parameters { p(~effort + under)Psi(~avdep) } = 5          
 DEVIANCE { p(~effort + under)Psi(~avdep) } = 169.15480                     
 DEVIANCE Degrees of Freedom { p(~effort + under)Psi(~avdep) } = 133            
 c-hat { p(~effort + under)Psi(~avdep) } = 1.2718406                     
 AIC { p(~effort + under)Psi(~avdep) } = 179.15480                  
 AICc { p(~effort + under)Psi(~avdep) } = 179.60935                    
 BIC { p(~effort + under)Psi(~avdep) } = 193.79107                    
 Pearson Chisquare { p(~effort + under)Psi(~avdep) } = 885.71455                  

  Program  MARK  - Survival Rate Estimation with Capture-Recapture Data
   gfortran(dble) Vers. 9.0 Mar 2018     3-Dec-2019 10:56:16    Page  003
 - - - - - - - - - - - - - - - - - - - - - - - - - - - - - - - - - - - - - -
 


              LOGIT Link Function Parameters of { p(~effort + under)Psi(~avdep) }
                                                              95% Confidence Interval
 Parameter                    Beta         Standard Error      Lower           Upper
 -------------------------  --------------  --------------  --------------  --------------
    1:p:(Intercept)         -0.4963616       0.7518146      -1.9699182       0.9771951    
    2:p:effort               0.0015521       0.7754213E-03   0.3227582E-04   0.0030719    
    3:p:under                0.2064682       0.5706949      -0.9120938       1.3250302    
    4:Psi:(Intercept)       -1.8203390       0.7439632      -3.2785070      -0.3621711    
    5:Psi:avdep              0.1831283       2.6745043      -5.0589002       5.4251569    


              Real Function Parameters of { p(~effort + under)Psi(~avdep) }

      Following estimates based on unstandardized individual covariate values:
          Variable   Value         
          ---------  ------------- 
          EFFORT1     906.23188    
          EFFORT2     834.18841    
          EFFORT3     818.18116    
          UNDER       0.5466074    
          AVDEP       0.2562426    
                                                               95% Confidence Interval
  Parameter                  Estimate       Standard Error      Lower           Upper
 --------------------------  --------------  --------------  --------------  --------------
     1:p g1 a0 t1             0.7355681       0.0780987       0.5587476       0.8593665                          
     2:p g1 a1 t2             0.7132540       0.0783891       0.5399188       0.8405687                          
     3:p g1 a2 t3             0.7081458       0.0785825       0.5352318       0.8363929                          
     4:Psi g1 a0 t1           0.1451183       0.0314698       0.0935870       0.2181936                          


                      Estimates of Derived Parameters
         Occupancy Estimates of { p(~effort + under)Psi(~avdep) }
                                            95% Confidence Interval
 Group   Psi-hat         Standard Error      Lower           Upper
 -----   --------------  --------------  --------------  --------------
   1      0.1451183       0.0314698       0.0935870       0.2181936    

   CPU Time for the last procedure was 0.01 seconds.     

  Program  MARK  - Survival Rate Estimation with Capture-Recapture Data
   gfortran(dble) Vers. 9.0 Mar 2018     3-Dec-2019 10:56:16    Page  004
 - - - - - - - - - - - - - - - - - - - - - - - - - - - - - - - - - - - - - -
 


  INPUT --- proc stop;

     CPU Time in minutes for this job was 0.00

     Time Start = 10:56:15.468   Time End = 10:56:16.776

     Wall Clock Time in minutes for this job was 0.02


          E X E C U T I O N   S U C C E S S F U L 
