
   Program  MARK  - Survival Rate Estimation with Capture-Recapture Data
   gfortran(dble) Vers. 9.0 Mar 2018     3-Dec-2019 11:10:48    Page  001
 - - - - - - - - - - - - - - - - - - - - - - - - - - - - - - - - - - - - - -
 
   This version was compiled by GCC version 7.2.0 using the options: 
     -cpp -iprefix C:/Program Files/mingw-w64/x86_64-7.2.0-posix-seh-rt_v5-rev1/
     mingw64/bin/../lib/gcc/x86_64-w64-mingw32/7.2.0/ -D_MT -D_REENTRANT
     -U_REENTRANT -D IEEE -D DBLEPRECISION -m64 -mtune=core2 -march=nocona -mthreads
     -O2 -fimplicit-none -fbounds-check -funroll-loops -ftree-vectorize
     -ffpe-summary=invalid,zero,overflow,underflow -fno-unsafe-math-optimizations
     -frounding-math -fsignaling-nans -fopenmp.

   This problem will use 7 of 8 possible threads.


  INPUT --- proc title ;

   CPU Time for the last procedure was 0.01 seconds.     


  INPUT --- proc chmatrix occasions= 3 groups= 1 etype= Occupancy 
  INPUT --- Nodes= 101 icovar = 2 ICMeans  NoHist hist= 138 ;

  INPUT ---    time interval 1 1 1 ;

  INPUT ---     icovariates LWD WidDep ;

  INPUT ---    glabel(1)=freq1;

      Number of unique encounter histories read was 138.

      Number of individual covariates read was 2.
      Time interval lengths are all equal to 1.

      Data type number is 27
      Data type is Occupancy Estimation with Detection < 1                                                             

   CPU Time for the last procedure was 0.02 seconds.     

  Program  MARK  - Survival Rate Estimation with Capture-Recapture Data
   gfortran(dble) Vers. 9.0 Mar 2018     3-Dec-2019 11:10:48    Page  002
 - - - - - - - - - - - - - - - - - - - - - - - - - - - - - - - - - - - - - -
 


  INPUT --- proc estimate link=Logit NOLOOP varest=2ndPart    ;


  INPUT --- model={ p(~LWD)Psi(~WidDep) };

  INPUT ---    group=1 p    rows=1 cols=3 Square ;
  INPUT ---        1 1 1 ;

  INPUT ---    group=1 Psi    rows=1 cols=1 Square ;
  INPUT ---        2 ;

  INPUT ---    design matrix constraints=2 covariates=4;
  INPUT ---        1 LWD 0 0;
  INPUT ---        0 0 1 WidDep;
  INPUT ---       blabel(1)=p:(Intercept);
  INPUT ---       blabel(2)=p:LWD;
  INPUT ---       blabel(3)=Psi:(Intercept);
  INPUT ---       blabel(4)=Psi:WidDep;
  INPUT ---       rlabel(1)=p g1 a0 t1;
  INPUT ---       rlabel(2)=Psi g1 a0 t1;

 Link Function Used is LOGIT        

 Variance Estimation Procedure Used is 2ndPart 
 -2logL(saturated) = 0.0000000     
 Effective Sample Size = 138

 Number of function evaluations was 12 for 4 parameters.
 Time for numerical optimization was 0.01 seconds.     
 -2logL { p(~LWD)Psi(~WidDep) } = 175.29492     
 Penalty { p(~LWD)Psi(~WidDep) } = 0.0000000     
 Gradient { p(~LWD)Psi(~WidDep) }:
   0.000000      0.2329527E-05  0.1472010E-05  0.3923569E-05
 Maximum ABS(G) { p(~LWD)Psi(~WidDep) } = 0.3923569E-05 
 S Vector { p(~LWD)Psi(~WidDep) }:
   20.05798      9.998849     0.4992878     0.2916695    
 Time to compute number of parameters was 0.01 seconds.     
 Ratio Threshold = 50.000000       Max Gap (2/3) = 20.026225       Next Max Gap (1/2) = 2.0060285     
 Gap Method for Num. of Estimated Parameters { p(~LWD)Psi(~WidDep) } = 4          
 Threshold { p(~LWD)Psi(~WidDep) } = 0.7847138E-05                 
 Numerical Threshold Method for Num. of Estimated Parameters { p(~LWD)Psi(~WidDep) } = 4          
 Number of Estimated Parameters { p(~LWD)Psi(~WidDep) } = 4          
 DEVIANCE { p(~LWD)Psi(~WidDep) } = 175.29492                     
 DEVIANCE Degrees of Freedom { p(~LWD)Psi(~WidDep) } = 134            
 c-hat { p(~LWD)Psi(~WidDep) } = 1.3081710                     
 AIC { p(~LWD)Psi(~WidDep) } = 183.29492                  
 AICc { p(~LWD)Psi(~WidDep) } = 183.59567                    
 BIC { p(~LWD)Psi(~WidDep) } = 195.00393                    
 Pearson Chisquare { p(~LWD)Psi(~WidDep) } = 1089.0511                  


                   LOGIT Link Function Parameters of { p(~LWD)Psi(~WidDep) }
                                                              95% Confidence Interval
 Parameter                    Beta         Standard Error      Lower           Upper
 -------------------------  --------------  --------------  --------------  --------------
    1:p:(Intercept)          0.8315585       0.4604812      -0.0709848       1.7341017    
    2:p:LWD                  0.6375416       1.8202381      -2.9301251       4.2052083    
    3:Psi:(Intercept)       -1.5914880       0.6502925      -2.8660613      -0.3169147    

  Program  MARK  - Survival Rate Estimation with Capture-Recapture Data
   gfortran(dble) Vers. 9.0 Mar 2018     3-Dec-2019 11:10:48    Page  003
 - - - - - - - - - - - - - - - - - - - - - - - - - - - - - - - - - - - - - -
 
    4:Psi:WidDep            -0.0169586       0.0472790      -0.1096255       0.0757083    


                   Real Function Parameters of { p(~LWD)Psi(~WidDep) }

      Following estimates based on unstandardized individual covariate values:
          Variable   Value         
          ---------  ------------- 
          LWD         0.2273503    
          WIDDEP      13.033426    
                                                               95% Confidence Interval
  Parameter                  Estimate       Standard Error      Lower           Upper
 --------------------------  --------------  --------------  --------------  --------------
     1:p g1 a0 t1             0.7264139       0.0658794       0.5809761       0.8356520                          
     2:Psi g1 a0 t1           0.1403342       0.0300555       0.0910554       0.2101176                          


                      Estimates of Derived Parameters
              Occupancy Estimates of { p(~LWD)Psi(~WidDep) }
                                            95% Confidence Interval
 Group   Psi-hat         Standard Error      Lower           Upper
 -----   --------------  --------------  --------------  --------------
   1      0.1403342       0.0300555       0.0910554       0.2101176    

   CPU Time for the last procedure was 0.01 seconds.     

  Program  MARK  - Survival Rate Estimation with Capture-Recapture Data
   gfortran(dble) Vers. 9.0 Mar 2018     3-Dec-2019 11:10:48    Page  004
 - - - - - - - - - - - - - - - - - - - - - - - - - - - - - - - - - - - - - -
 


  INPUT --- proc stop;

     CPU Time in minutes for this job was 0.00

     Time Start = 11:10:48.618   Time End = 11:10:48.635

     Wall Clock Time in minutes for this job was 0.00


          E X E C U T I O N   S U C C E S S F U L 
