
   Program  MARK  - Survival Rate Estimation with Capture-Recapture Data
   gfortran(dble) Vers. 9.0 Mar 2018     3-Dec-2019 11:00:43    Page  001
 - - - - - - - - - - - - - - - - - - - - - - - - - - - - - - - - - - - - - -
 
   This version was compiled by GCC version 7.2.0 using the options: 
     -cpp -iprefix C:/Program Files/mingw-w64/x86_64-7.2.0-posix-seh-rt_v5-rev1/
     mingw64/bin/../lib/gcc/x86_64-w64-mingw32/7.2.0/ -D_MT -D_REENTRANT
     -U_REENTRANT -D IEEE -D DBLEPRECISION -m64 -mtune=core2 -march=nocona -mthreads
     -O2 -fimplicit-none -fbounds-check -funroll-loops -ftree-vectorize
     -ffpe-summary=invalid,zero,overflow,underflow -fno-unsafe-math-optimizations
     -frounding-math -fsignaling-nans -fopenmp.

   This problem will use 7 of 8 possible threads.


  INPUT --- proc title ;

   CPU Time for the last procedure was 0.01 seconds.     


  INPUT --- proc chmatrix occasions= 3 groups= 1 etype= Occupancy 
  INPUT --- Nodes= 101 icovar = 3 ICMeans  NoHist hist= 138 ;

  INPUT ---    time interval 1 1 1 ;

  INPUT ---     icovariates effsec pctex21 LWD ;

  INPUT ---    glabel(1)=freq1;

      Number of unique encounter histories read was 138.

      Number of individual covariates read was 3.
      Time interval lengths are all equal to 1.

      Data type number is 27
      Data type is Occupancy Estimation with Detection < 1                                                             

   CPU Time for the last procedure was 0.01 seconds.     

  Program  MARK  - Survival Rate Estimation with Capture-Recapture Data
   gfortran(dble) Vers. 9.0 Mar 2018     3-Dec-2019 11:00:43    Page  002
 - - - - - - - - - - - - - - - - - - - - - - - - - - - - - - - - - - - - - -
 


  INPUT --- proc estimate link=Logit NOLOOP varest=2ndPart    ;


  INPUT --- model={ p(~effsec)Psi(~pctex21 + LWD) };

  INPUT ---    group=1 p    rows=1 cols=3 Square ;
  INPUT ---        1 1 1 ;

  INPUT ---    group=1 Psi    rows=1 cols=1 Square ;
  INPUT ---        2 ;

  INPUT ---    design matrix constraints=2 covariates=5;
  INPUT ---        1 effsec 0 0 0;
  INPUT ---        0 0 1 pctex21 LWD;
  INPUT ---       blabel(1)=p:(Intercept);
  INPUT ---       blabel(2)=p:effsec;
  INPUT ---       blabel(3)=Psi:(Intercept);
  INPUT ---       blabel(4)=Psi:pctex21;
  INPUT ---       blabel(5)=Psi:LWD;
  INPUT ---       rlabel(1)=p g1 a0 t1;
  INPUT ---       rlabel(2)=Psi g1 a0 t1;

 Link Function Used is LOGIT        

 Variance Estimation Procedure Used is 2ndPart 
 -2logL(saturated) = 0.0000000     
 Effective Sample Size = 138

 Number of function evaluations was 25 for 5 parameters.
 Time for numerical optimization was 0.02 seconds.     
 -2logL { p(~effsec)Psi(~pctex21 + LWD) } = 148.61946     
 Penalty { p(~effsec)Psi(~pctex21 + LWD) } = 0.0000000     
 Gradient { p(~effsec)Psi(~pctex21 + LWD) }:
  0.2802838E-05  0.7193244E-06  0.2361624E-05  0.9391088E-07  0.1170894E-05
 Maximum ABS(G) { p(~effsec)Psi(~pctex21 + LWD) } = 0.2802838E-05 
 S Vector { p(~effsec)Psi(~pctex21 + LWD) }:
   14.85663      7.971058     0.5917919     0.1800784     0.1982895E-01
 Time to compute number of parameters was 0.02 seconds.     
 Ratio Threshold = 50.000000       Max Gap (2/3) = 13.469360       Next Max Gap (4/5) = 9.0815865     
 Gap Method for Num. of Estimated Parameters { p(~effsec)Psi(~pctex21 + LWD) } = 5          
 Threshold { p(~effsec)Psi(~pctex21 + LWD) } = 0.5605675E-05                 
 Numerical Threshold Method for Num. of Estimated Parameters { p(~effsec)Psi(~pctex21 + LWD) } = 5          
 Number of Estimated Parameters { p(~effsec)Psi(~pctex21 + LWD) } = 5          
 DEVIANCE { p(~effsec)Psi(~pctex21 + LWD) } = 148.61946                     
 DEVIANCE Degrees of Freedom { p(~effsec)Psi(~pctex21 + LWD) } = 133            
 c-hat { p(~effsec)Psi(~pctex21 + LWD) } = 1.1174396                     
 AIC { p(~effsec)Psi(~pctex21 + LWD) } = 158.61946                  
 AICc { p(~effsec)Psi(~pctex21 + LWD) } = 159.07401                    
 BIC { p(~effsec)Psi(~pctex21 + LWD) } = 173.25573                    
 Pearson Chisquare { p(~effsec)Psi(~pctex21 + LWD) } = 725.25639                  


              LOGIT Link Function Parameters of { p(~effsec)Psi(~pctex21 + LWD) }
                                                              95% Confidence Interval
 Parameter                    Beta         Standard Error      Lower           Upper
 -------------------------  --------------  --------------  --------------  --------------

  Program  MARK  - Survival Rate Estimation with Capture-Recapture Data
   gfortran(dble) Vers. 9.0 Mar 2018     3-Dec-2019 11:00:43    Page  003
 - - - - - - - - - - - - - - - - - - - - - - - - - - - - - - - - - - - - - -
 
    1:p:(Intercept)         -0.3610126       0.7334579      -1.7985901       1.0765649    
    2:p:effsec               0.4709091E-03   0.2480268E-03  -0.1522353E-04   0.9570417E-03
    3:Psi:(Intercept)       -0.6152856       0.4110328      -1.4209099       0.1903388    
    4:Psi:pctex21           -0.6235439       0.2292350      -1.0728446      -0.1742432    
    5:Psi:LWD               -0.6289671       1.2753728      -3.1286979       1.8707636    


              Real Function Parameters of { p(~effsec)Psi(~pctex21 + LWD) }

      Following estimates based on unstandardized individual covariate values:
          Variable   Value         
          ---------  ------------- 
          EFFSEC      2558.6014    
          PCTEX21     4.8306834    
          LWD         0.2273503    
                                                               95% Confidence Interval
  Parameter                  Estimate       Standard Error      Lower           Upper
 --------------------------  --------------  --------------  --------------  --------------
     1:p g1 a0 t1             0.6992767       0.0753304       0.5353752       0.8243315                          
     2:Psi g1 a0 t1           0.0225233       0.0218617       0.0032798       0.1389356                          


                      Estimates of Derived Parameters
         Occupancy Estimates of { p(~effsec)Psi(~pctex21 + LWD) }
                                            95% Confidence Interval
 Group   Psi-hat         Standard Error      Lower           Upper
 -----   --------------  --------------  --------------  --------------
   1      0.0225233       0.0218617       0.0032798       0.1389356    

   CPU Time for the last procedure was 0.03 seconds.     

  Program  MARK  - Survival Rate Estimation with Capture-Recapture Data
   gfortran(dble) Vers. 9.0 Mar 2018     3-Dec-2019 11:00:43    Page  004
 - - - - - - - - - - - - - - - - - - - - - - - - - - - - - - - - - - - - - -
 


  INPUT --- proc stop;

     CPU Time in minutes for this job was 0.00

     Time Start = 11:00:43.447   Time End = 11:00:43.551

     Wall Clock Time in minutes for this job was 0.00


          E X E C U T I O N   S U C C E S S F U L 
