
   Program  MARK  - Survival Rate Estimation with Capture-Recapture Data
   gfortran(dble) Vers. 9.0 Mar 2018     3-Dec-2019 11:01:08    Page  001
 - - - - - - - - - - - - - - - - - - - - - - - - - - - - - - - - - - - - - -
 
   This version was compiled by GCC version 7.2.0 using the options: 
     -cpp -iprefix C:/Program Files/mingw-w64/x86_64-7.2.0-posix-seh-rt_v5-rev1/
     mingw64/bin/../lib/gcc/x86_64-w64-mingw32/7.2.0/ -D_MT -D_REENTRANT
     -U_REENTRANT -D IEEE -D DBLEPRECISION -m64 -mtune=core2 -march=nocona -mthreads
     -O2 -fimplicit-none -fbounds-check -funroll-loops -ftree-vectorize
     -ffpe-summary=invalid,zero,overflow,underflow -fno-unsafe-math-optimizations
     -frounding-math -fsignaling-nans -fopenmp.

   This problem will use 7 of 8 possible threads.


  INPUT --- proc title ;

   CPU Time for the last procedure was 0.01 seconds.     


  INPUT --- proc chmatrix occasions= 3 groups= 1 etype= Occupancy 
  INPUT --- Nodes= 101 icovar = 3 ICMeans  NoHist hist= 137 ;

  INPUT ---    time interval 1 1 1 ;

  INPUT ---     icovariates under pctex21 LWD ;

  INPUT ---    glabel(1)=freq1;

      Number of unique encounter histories read was 137.

      Number of individual covariates read was 3.
      Time interval lengths are all equal to 1.

      Data type number is 27
      Data type is Occupancy Estimation with Detection < 1                                                             

   CPU Time for the last procedure was 0.01 seconds.     

  Program  MARK  - Survival Rate Estimation with Capture-Recapture Data
   gfortran(dble) Vers. 9.0 Mar 2018     3-Dec-2019 11:01:08    Page  002
 - - - - - - - - - - - - - - - - - - - - - - - - - - - - - - - - - - - - - -
 


  INPUT --- proc estimate link=Logit NOLOOP varest=2ndPart    ;


  INPUT --- model={ p(~under)Psi(~pctex21 + LWD) };

  INPUT ---    group=1 p    rows=1 cols=3 Square ;
  INPUT ---        1 1 1 ;

  INPUT ---    group=1 Psi    rows=1 cols=1 Square ;
  INPUT ---        2 ;

  INPUT ---    design matrix constraints=2 covariates=5;
  INPUT ---        1 under 0 0 0;
  INPUT ---        0 0 1 pctex21 LWD;
  INPUT ---       blabel(1)=p:(Intercept);
  INPUT ---       blabel(2)=p:under;
  INPUT ---       blabel(3)=Psi:(Intercept);
  INPUT ---       blabel(4)=Psi:pctex21;
  INPUT ---       blabel(5)=Psi:LWD;
  INPUT ---       rlabel(1)=p g1 a0 t1;
  INPUT ---       rlabel(2)=Psi g1 a0 t1;

 Link Function Used is LOGIT        

 Variance Estimation Procedure Used is 2ndPart 
 -2logL(saturated) = 0.0000000     
 Effective Sample Size = 138

   * *  WARNING  * *   Error number 0 from VA09AD optimization routine. 

 Number of function evaluations was 18 for 5 parameters.
 Time for numerical optimization was 0.03 seconds.     
 -2logL { p(~under)Psi(~pctex21 + LWD) } = 152.71799     
 Penalty { p(~under)Psi(~pctex21 + LWD) } = 0.0000000     
 Gradient { p(~under)Psi(~pctex21 + LWD) }:
   0.000000       0.000000       0.000000       0.000000       0.000000    
 Maximum ABS(G) { p(~under)Psi(~pctex21 + LWD) } = 0.0000000     
 S Vector { p(~under)Psi(~pctex21 + LWD) }:
   14.73141      10.20378     0.6083252     0.5231770     0.2020240E-01
 Time to compute number of parameters was 0.01 seconds.     
 Ratio Threshold = 50.000000       Max Gap (4/5) = 25.896770       Next Max Gap (2/3) = 16.773569     
 Gap Method for Num. of Estimated Parameters { p(~under)Psi(~pctex21 + LWD) } = 5          
 Threshold { p(~under)Psi(~pctex21 + LWD) } = 0.0000000                     
 Numerical Threshold Method for Num. of Estimated Parameters { p(~under)Psi(~pctex21 + LWD) } = 5          
 Number of Estimated Parameters { p(~under)Psi(~pctex21 + LWD) } = 5          
 DEVIANCE { p(~under)Psi(~pctex21 + LWD) } = 152.71799                     
 DEVIANCE Degrees of Freedom { p(~under)Psi(~pctex21 + LWD) } = 133            
 c-hat { p(~under)Psi(~pctex21 + LWD) } = 1.1482556                     
 AIC { p(~under)Psi(~pctex21 + LWD) } = 162.71799                  
 AICc { p(~under)Psi(~pctex21 + LWD) } = 163.17254                    
 BIC { p(~under)Psi(~pctex21 + LWD) } = 177.35426                    
 Pearson Chisquare { p(~under)Psi(~pctex21 + LWD) } = 907.44967                  

  Program  MARK  - Survival Rate Estimation with Capture-Recapture Data
   gfortran(dble) Vers. 9.0 Mar 2018     3-Dec-2019 11:01:09    Page  003
 - - - - - - - - - - - - - - - - - - - - - - - - - - - - - - - - - - - - - -
 


               LOGIT Link Function Parameters of { p(~under)Psi(~pctex21 + LWD) }
                                                              95% Confidence Interval
 Parameter                    Beta         Standard Error      Lower           Upper
 -------------------------  --------------  --------------  --------------  --------------
    1:p:(Intercept)          0.6577739       0.5143074      -0.3502686       1.6658165    
    2:p:under                0.3865860       0.5462688      -0.6841008       1.4572729    
    3:Psi:(Intercept)       -0.6978392       0.3903838      -1.4629915       0.0673131    
    4:Psi:pctex21           -0.6127674       0.2271330      -1.0579480      -0.1675868    
    5:Psi:LWD               -0.5546946       1.2585301      -3.0214137       1.9120244    


               Real Function Parameters of { p(~under)Psi(~pctex21 + LWD) }

      Following estimates based on unstandardized individual covariate values:
          Variable   Value         
          ---------  ------------- 
          UNDER       0.5466074    
          PCTEX21     4.8306834    
          LWD         0.2273503    
                                                               95% Confidence Interval
  Parameter                  Estimate       Standard Error      Lower           Upper
 --------------------------  --------------  --------------  --------------  --------------
     1:p g1 a0 t1             0.7045552       0.0707497       0.5505538       0.8227748                          
     2:Psi g1 a0 t1           0.0222256       0.0214532       0.0032725       0.1359735                          


                      Estimates of Derived Parameters
         Occupancy Estimates of { p(~under)Psi(~pctex21 + LWD) }
                                            95% Confidence Interval
 Group   Psi-hat         Standard Error      Lower           Upper
 -----   --------------  --------------  --------------  --------------
   1      0.0222256       0.0214532       0.0032725       0.1359735    

   CPU Time for the last procedure was 0.03 seconds.     

  Program  MARK  - Survival Rate Estimation with Capture-Recapture Data
   gfortran(dble) Vers. 9.0 Mar 2018     3-Dec-2019 11:01:09    Page  004
 - - - - - - - - - - - - - - - - - - - - - - - - - - - - - - - - - - - - - -
 


  INPUT --- proc stop;

     CPU Time in minutes for this job was 0.00

     Time Start = 11:01:08.313   Time End = 11:01:09.271

     Wall Clock Time in minutes for this job was 0.02


          E X E C U T I O N   S U C C E S S F U L 
