
   Program  MARK  - Survival Rate Estimation with Capture-Recapture Data
   gfortran(dble) Vers. 9.0 Mar 2018     3-Dec-2019 11:07:40    Page  001
 - - - - - - - - - - - - - - - - - - - - - - - - - - - - - - - - - - - - - -
 
   This version was compiled by GCC version 7.2.0 using the options: 
     -cpp -iprefix C:/Program Files/mingw-w64/x86_64-7.2.0-posix-seh-rt_v5-rev1/
     mingw64/bin/../lib/gcc/x86_64-w64-mingw32/7.2.0/ -D_MT -D_REENTRANT
     -U_REENTRANT -D IEEE -D DBLEPRECISION -m64 -mtune=core2 -march=nocona -mthreads
     -O2 -fimplicit-none -fbounds-check -funroll-loops -ftree-vectorize
     -ffpe-summary=invalid,zero,overflow,underflow -fno-unsafe-math-optimizations
     -frounding-math -fsignaling-nans -fopenmp.

   This problem will use 7 of 8 possible threads.


  INPUT --- proc title ;

   CPU Time for the last procedure was 0.01 seconds.     


  INPUT --- proc chmatrix occasions= 3 groups= 1 etype= Occupancy 
  INPUT --- Nodes= 101 icovar = 5 ICMeans  NoHist hist= 138 ;

  INPUT ---    time interval 1 1 1 ;

  INPUT ---     icovariates effort1 effort2 effort3 LWD pctShade ;

  INPUT ---    glabel(1)=freq1;

      Number of unique encounter histories read was 138.

      Number of individual covariates read was 5.
      Time interval lengths are all equal to 1.

      Data type number is 27
      Data type is Occupancy Estimation with Detection < 1                                                             

   CPU Time for the last procedure was 0.01 seconds.     

  Program  MARK  - Survival Rate Estimation with Capture-Recapture Data
   gfortran(dble) Vers. 9.0 Mar 2018     3-Dec-2019 11:07:40    Page  002
 - - - - - - - - - - - - - - - - - - - - - - - - - - - - - - - - - - - - - -
 


  INPUT --- proc estimate link=Logit NOLOOP varest=2ndPart    ;


  INPUT --- model={ p(~effort + LWD)Psi(~pctShade) };

  INPUT ---    group=1 p    rows=1 cols=3 Square ;
  INPUT ---        1 2 3 ;

  INPUT ---    group=1 Psi    rows=1 cols=1 Square ;
  INPUT ---        4 ;

  INPUT ---    design matrix constraints=4 covariates=5;
  INPUT ---        1 effort1 LWD 0 0;
  INPUT ---        1 effort2 LWD 0 0;
  INPUT ---        1 effort3 LWD 0 0;
  INPUT ---        0 0 0 1 pctShade;
  INPUT ---       blabel(1)=p:(Intercept);
  INPUT ---       blabel(2)=p:effort;
  INPUT ---       blabel(3)=p:LWD;
  INPUT ---       blabel(4)=Psi:(Intercept);
  INPUT ---       blabel(5)=Psi:pctShade;
  INPUT ---       rlabel(1)=p g1 a0 t1;
  INPUT ---       rlabel(2)=p g1 a1 t2;
  INPUT ---       rlabel(3)=p g1 a2 t3;
  INPUT ---       rlabel(4)=Psi g1 a0 t1;

 Link Function Used is LOGIT        

 Variance Estimation Procedure Used is 2ndPart 
 -2logL(saturated) = 0.0000000     
 Effective Sample Size = 138

 Number of function evaluations was 18 for 5 parameters.
 Time for numerical optimization was 0.01 seconds.     
 -2logL { p(~effort + LWD)Psi(~pctShade) } = 168.02241     
 Penalty { p(~effort + LWD)Psi(~pctShade) } = 0.0000000     
 Gradient { p(~effort + LWD)Psi(~pctShade) }:
 -0.2005629E-05   0.000000       0.000000      0.6635711E-06  0.1559573E-05
 Maximum ABS(G) { p(~effort + LWD)Psi(~pctShade) } = 0.2005629E-05 
 S Vector { p(~effort + LWD)Psi(~pctShade) }:
   20.97075      8.538177      1.204598     0.2857978     0.9177133E-01
 Time to compute number of parameters was 0.01 seconds.     
 Ratio Threshold = 50.000000       Max Gap (2/3) = 7.0879882       Next Max Gap (3/4) = 4.2148612     
 Gap Method for Num. of Estimated Parameters { p(~effort + LWD)Psi(~pctShade) } = 5          
 Threshold { p(~effort + LWD)Psi(~pctShade) } = 0.4011258E-05                 
 Numerical Threshold Method for Num. of Estimated Parameters { p(~effort + LWD)Psi(~pctShade) } = 5          
 Number of Estimated Parameters { p(~effort + LWD)Psi(~pctShade) } = 5          
 DEVIANCE { p(~effort + LWD)Psi(~pctShade) } = 168.02241                     
 DEVIANCE Degrees of Freedom { p(~effort + LWD)Psi(~pctShade) } = 133            
 c-hat { p(~effort + LWD)Psi(~pctShade) } = 1.2633264                     
 AIC { p(~effort + LWD)Psi(~pctShade) } = 178.02241                  
 AICc { p(~effort + LWD)Psi(~pctShade) } = 178.47696                    
 BIC { p(~effort + LWD)Psi(~pctShade) } = 192.65868                    
 Pearson Chisquare { p(~effort + LWD)Psi(~pctShade) } = 894.68301                  

  Program  MARK  - Survival Rate Estimation with Capture-Recapture Data
   gfortran(dble) Vers. 9.0 Mar 2018     3-Dec-2019 11:07:41    Page  003
 - - - - - - - - - - - - - - - - - - - - - - - - - - - - - - - - - - - - - -
 


              LOGIT Link Function Parameters of { p(~effort + LWD)Psi(~pctShade) }
                                                              95% Confidence Interval
 Parameter                    Beta         Standard Error      Lower           Upper
 -------------------------  --------------  --------------  --------------  --------------
    1:p:(Intercept)         -0.9019956       0.8424530      -2.5532034       0.7492123    
    2:p:effort               0.0017629       0.7979242E-03   0.1989665E-03   0.0033268    
    3:p:LWD                  1.9760519       1.9117519      -1.7709818       5.7230856    
    4:Psi:(Intercept)       -1.8743698       0.4940978      -2.8428016      -0.9059380    
    5:Psi:pctShade           0.0022434       0.0081485      -0.0137277       0.0182145    


              Real Function Parameters of { p(~effort + LWD)Psi(~pctShade) }

      Following estimates based on unstandardized individual covariate values:
          Variable   Value         
          ---------  ------------- 
          EFFORT1     906.23188    
          EFFORT2     834.18841    
          EFFORT3     818.18116    
          LWD         0.2273503    
          PCTSHADE    48.614931    
                                                               95% Confidence Interval
  Parameter                  Estimate       Standard Error      Lower           Upper
 --------------------------  --------------  --------------  --------------  --------------
     1:p g1 a0 t1             0.7585699       0.0710290       0.5950051       0.8704580                          
     2:p g1 a1 t2             0.7345535       0.0719698       0.5730740       0.8508515                          
     3:p g1 a2 t3             0.7290149       0.0723120       0.5676309       0.8464557                          
     4:Psi g1 a0 t1           0.1461270       0.0319569       0.0938678       0.2204038                          


                      Estimates of Derived Parameters
        Occupancy Estimates of { p(~effort + LWD)Psi(~pctShade) }
                                            95% Confidence Interval
 Group   Psi-hat         Standard Error      Lower           Upper
 -----   --------------  --------------  --------------  --------------
   1      0.1461270       0.0319569       0.0938678       0.2204038    

   CPU Time for the last procedure was 0.02 seconds.     

  Program  MARK  - Survival Rate Estimation with Capture-Recapture Data
   gfortran(dble) Vers. 9.0 Mar 2018     3-Dec-2019 11:07:41    Page  004
 - - - - - - - - - - - - - - - - - - - - - - - - - - - - - - - - - - - - - -
 


  INPUT --- proc stop;

     CPU Time in minutes for this job was 0.00

     Time Start = 11:07:40.968   Time End = 11:07:41.951

     Wall Clock Time in minutes for this job was 0.02


          E X E C U T I O N   S U C C E S S F U L 
