
   Program  MARK  - Survival Rate Estimation with Capture-Recapture Data
   gfortran(dble) Vers. 9.0 Mar 2018     3-Dec-2019 11:01:34    Page  001
 - - - - - - - - - - - - - - - - - - - - - - - - - - - - - - - - - - - - - -
 
   This version was compiled by GCC version 7.2.0 using the options: 
     -cpp -iprefix C:/Program Files/mingw-w64/x86_64-7.2.0-posix-seh-rt_v5-rev1/
     mingw64/bin/../lib/gcc/x86_64-w64-mingw32/7.2.0/ -D_MT -D_REENTRANT
     -U_REENTRANT -D IEEE -D DBLEPRECISION -m64 -mtune=core2 -march=nocona -mthreads
     -O2 -fimplicit-none -fbounds-check -funroll-loops -ftree-vectorize
     -ffpe-summary=invalid,zero,overflow,underflow -fno-unsafe-math-optimizations
     -frounding-math -fsignaling-nans -fopenmp.

   This problem will use 7 of 8 possible threads.


  INPUT --- proc title ;

   CPU Time for the last procedure was 0.01 seconds.     


  INPUT --- proc chmatrix occasions= 3 groups= 1 etype= Occupancy 
  INPUT --- Nodes= 101 icovar = 5 ICMeans  NoHist hist= 138 ;

  INPUT ---    time interval 1 1 1 ;

  INPUT ---     icovariates mxflow1 mxflow2 mxflow3 pctex21 machabprop ;

  INPUT ---    glabel(1)=freq1;

      Number of unique encounter histories read was 138.

      Number of individual covariates read was 5.
      Time interval lengths are all equal to 1.

      Data type number is 27
      Data type is Occupancy Estimation with Detection < 1                                                             

   CPU Time for the last procedure was 0.02 seconds.     

  Program  MARK  - Survival Rate Estimation with Capture-Recapture Data
   gfortran(dble) Vers. 9.0 Mar 2018     3-Dec-2019 11:01:34    Page  002
 - - - - - - - - - - - - - - - - - - - - - - - - - - - - - - - - - - - - - -
 


  INPUT --- proc estimate link=Logit NOLOOP varest=2ndPart    ;


  INPUT --- model={ p(~mxflow)Psi(~pctex21 + machabprop) };

  INPUT ---    group=1 p    rows=1 cols=3 Square ;
  INPUT ---        1 2 3 ;

  INPUT ---    group=1 Psi    rows=1 cols=1 Square ;
  INPUT ---        4 ;

  INPUT ---    design matrix constraints=4 covariates=5;
  INPUT ---        1 mxflow1 0 0 0;
  INPUT ---        1 mxflow2 0 0 0;
  INPUT ---        1 mxflow3 0 0 0;
  INPUT ---        0 0 1 pctex21 machabprop;
  INPUT ---       blabel(1)=p:(Intercept);
  INPUT ---       blabel(2)=p:mxflow;
  INPUT ---       blabel(3)=Psi:(Intercept);
  INPUT ---       blabel(4)=Psi:pctex21;
  INPUT ---       blabel(5)=Psi:machabprop;
  INPUT ---       rlabel(1)=p g1 a0 t1;
  INPUT ---       rlabel(2)=p g1 a1 t2;
  INPUT ---       rlabel(3)=p g1 a2 t3;
  INPUT ---       rlabel(4)=Psi g1 a0 t1;

 Link Function Used is LOGIT        

 Variance Estimation Procedure Used is 2ndPart 
 -2logL(saturated) = 0.0000000     
 Effective Sample Size = 138

 Number of function evaluations was 31 for 5 parameters.
 Time for numerical optimization was 0.01 seconds.     
 -2logL { p(~mxflow)Psi(~pctex21 + machabprop) } = 148.76071     
 Penalty { p(~mxflow)Psi(~pctex21 + machabprop) } = 0.0000000     
 Gradient { p(~mxflow)Psi(~pctex21 + machabprop) }:
  0.1898747E-05  0.2368153E-06   0.000000       0.000000       0.000000    
 Maximum ABS(G) { p(~mxflow)Psi(~pctex21 + machabprop) } = 0.1898747E-05 
 S Vector { p(~mxflow)Psi(~pctex21 + machabprop) }:
   17.31216      9.639773     0.2666953     0.1764759E-01 0.3437855E-03
 Time to compute number of parameters was 0.11 seconds.     
 Ratio Threshold = 50.000000       Max Gap (4/5) = 51.333156       Next Max Gap (2/3) = 36.145268     
 Gap Method for Num. of Estimated Parameters { p(~mxflow)Psi(~pctex21 + machabprop) } = 4          
 Threshold { p(~mxflow)Psi(~pctex21 + machabprop) } = 0.3797494E-05                 
 Numerical Threshold Method for Num. of Estimated Parameters { p(~mxflow)Psi(~pctex21 + machabprop) } = 5          
 Number of Estimated Parameters { p(~mxflow)Psi(~pctex21 + machabprop) } = 5          

   * *  WARNING  * *   Number of parameters estimated from gap method (=4) and threshold method (=5) differ.  Inspect full output.                                                                                                                                                                                                                                                                                                                                                                                                                      

  Program  MARK  - Survival Rate Estimation with Capture-Recapture Data
   gfortran(dble) Vers. 9.0 Mar 2018     3-Dec-2019 11:01:34    Page  003
 - - - - - - - - - - - - - - - - - - - - - - - - - - - - - - - - - - - - - -
 
 Ratios of S Vector { p(~mxflow)Psi(~pctex21 + machabprop) }:
   1/2    1.795910       2/3    36.14527       3/4    15.11228       4/5    51.33316    
 DEVIANCE { p(~mxflow)Psi(~pctex21 + machabprop) } = 148.76071                     
 DEVIANCE Degrees of Freedom { p(~mxflow)Psi(~pctex21 + machabprop) } = 133            
 c-hat { p(~mxflow)Psi(~pctex21 + machabprop) } = 1.1185016                     
 AIC { p(~mxflow)Psi(~pctex21 + machabprop) } = 158.76071                  
 AICc { p(~mxflow)Psi(~pctex21 + machabprop) } = 159.21525                    
 BIC { p(~mxflow)Psi(~pctex21 + machabprop) } = 173.39698                    
 Pearson Chisquare { p(~mxflow)Psi(~pctex21 + machabprop) } = 826.13538                  


           LOGIT Link Function Parameters of { p(~mxflow)Psi(~pctex21 + machabprop) }
                                                              95% Confidence Interval
 Parameter                    Beta         Standard Error      Lower           Upper
 -------------------------  --------------  --------------  --------------  --------------
    1:p:(Intercept)          1.0090601       0.5680919      -0.1044001       2.1225203    
    2:p:mxflow              -0.1068812       0.8171388      -1.7084734       1.4947109    
    3:Psi:(Intercept)        1.2420903       1.0310569      -0.7787814       3.2629619    
    4:Psi:pctex21           -0.7124777       0.2425542      -1.1878840      -0.2370714    
    5:Psi:machabprop        -0.0377796       0.0188549      -0.0747353      -0.8239657E-03


           Real Function Parameters of { p(~mxflow)Psi(~pctex21 + machabprop) }

      Following estimates based on unstandardized individual covariate values:
          Variable   Value         
          ---------  ------------- 
          MXFLOW1     0.8952899    
          MXFLOW2     1.0911594    
          MXFLOW3     0.5689855    
          PCTEX21     4.8306834    
          MACHABPROP  53.717706    
                                                               95% Confidence Interval
  Parameter                  Estimate       Standard Error      Lower           Upper
 --------------------------  --------------  --------------  --------------  --------------
     1:p g1 a0 t1             0.7136894       0.0847227       0.5251563       0.8489040                          
     2:p g1 a1 t2             0.7093925       0.1094028       0.4631414       0.8735340                          
     3:p g1 a2 t3             0.7207623       0.0645646       0.5791991       0.8287801                          
     4:Psi g1 a0 t1           0.0143564       0.0150139       0.0018171       0.1043798                          


                      Estimates of Derived Parameters
     Occupancy Estimates of { p(~mxflow)Psi(~pctex21 + machabprop) }
                                            95% Confidence Interval
 Group   Psi-hat         Standard Error      Lower           Upper
 -----   --------------  --------------  --------------  --------------
   1      0.0143564       0.0150139       0.0018171       0.1043798    

 Attempted ordering of parameters by estimatibility:
  3 1 5 4 2
 Beta number 2 is a singular value.

   CPU Time for the last procedure was 0.11 seconds.     

  Program  MARK  - Survival Rate Estimation with Capture-Recapture Data
   gfortran(dble) Vers. 9.0 Mar 2018     3-Dec-2019 11:01:34    Page  004
 - - - - - - - - - - - - - - - - - - - - - - - - - - - - - - - - - - - - - -
 


  INPUT --- proc stop;

     CPU Time in minutes for this job was 0.00

     Time Start = 11:01:34.864   Time End = 11:01:34.994

     Wall Clock Time in minutes for this job was 0.00


          E X E C U T I O N   S U C C E S S F U L 
