
   Program  MARK  - Survival Rate Estimation with Capture-Recapture Data
   gfortran(dble) Vers. 9.0 Mar 2018     3-Dec-2019 12:23:42    Page  001
 - - - - - - - - - - - - - - - - - - - - - - - - - - - - - - - - - - - - - -
 
   This version was compiled by GCC version 7.2.0 using the options: 
     -cpp -iprefix C:/Program Files/mingw-w64/x86_64-7.2.0-posix-seh-rt_v5-rev1/
     mingw64/bin/../lib/gcc/x86_64-w64-mingw32/7.2.0/ -D_MT -D_REENTRANT
     -U_REENTRANT -D IEEE -D DBLEPRECISION -m64 -mtune=core2 -march=nocona -mthreads
     -O2 -fimplicit-none -fbounds-check -funroll-loops -ftree-vectorize
     -ffpe-summary=invalid,zero,overflow,underflow -fno-unsafe-math-optimizations
     -frounding-math -fsignaling-nans -fopenmp.

   This problem will use 7 of 8 possible threads.


  INPUT --- proc title ;

   CPU Time for the last procedure was 0.01 seconds.     


  INPUT --- proc chmatrix occasions= 3 groups= 1 etype= Occupancy 
  INPUT --- Nodes= 101 icovar = 4 ICMeans  NoHist hist= 138 ;

  INPUT ---    time interval 1 1 1 ;

  INPUT ---     icovariates effsec HAiFLS_nat pctex21 LWD ;

  INPUT ---    glabel(1)=freq1;

      Number of unique encounter histories read was 138.

      Number of individual covariates read was 4.
      Time interval lengths are all equal to 1.

      Data type number is 27
      Data type is Occupancy Estimation with Detection < 1                                                             

   CPU Time for the last procedure was 0.02 seconds.     

  Program  MARK  - Survival Rate Estimation with Capture-Recapture Data
   gfortran(dble) Vers. 9.0 Mar 2018     3-Dec-2019 12:23:42    Page  002
 - - - - - - - - - - - - - - - - - - - - - - - - - - - - - - - - - - - - - -
 


  INPUT --- proc estimate link=Logit NOLOOP varest=2ndPart    ;


  INPUT --- model={ p(~effsec)Psi(~HAiFLS_nat + pctex21 + LWD) };

  INPUT ---    group=1 p    rows=1 cols=3 Square ;
  INPUT ---        1 1 1 ;

  INPUT ---    group=1 Psi    rows=1 cols=1 Square ;
  INPUT ---        2 ;

  INPUT ---    design matrix constraints=2 covariates=6;
  INPUT ---        1 effsec 0 0 0 0;
  INPUT ---        0 0 1 HAiFLS_nat pctex21 LWD;
  INPUT ---       blabel(1)=p:(Intercept);
  INPUT ---       blabel(2)=p:effsec;
  INPUT ---       blabel(3)=Psi:(Intercept);
  INPUT ---       blabel(4)=Psi:HAiFLS_nat;
  INPUT ---       blabel(5)=Psi:pctex21;
  INPUT ---       blabel(6)=Psi:LWD;
  INPUT ---       rlabel(1)=p g1 a0 t1;
  INPUT ---       rlabel(2)=Psi g1 a0 t1;

 Link Function Used is LOGIT        

 Variance Estimation Procedure Used is 2ndPart 
 -2logL(saturated) = 0.0000000     
 Effective Sample Size = 138

 Number of function evaluations was 21 for 6 parameters.
 Time for numerical optimization was 0.06 seconds.     
 -2logL { p(~effsec)Psi(~HAiFLS_nat + pctex21 + LWD) } = 142.09556     
 Penalty { p(~effsec)Psi(~HAiFLS_nat + pctex21 + LWD) } = 0.0000000     
 Gradient { p(~effsec)Psi(~HAiFLS_nat + pctex21 + LWD) }:
  0.1355244E-05 -0.3529571E-06 -0.1657143E-05 -0.5187362E-06   0.000000    
   0.000000    
 Maximum ABS(G) { p(~effsec)Psi(~HAiFLS_nat + pctex21 + LWD) } = 0.1657143E-05 
 S Vector { p(~effsec)Psi(~HAiFLS_nat + pctex21 + LWD) }:
   15.80168      7.800459     0.9540189     0.4361255     0.1739748    
  0.1389323E-01
 Time to compute number of parameters was 0.01 seconds.     
 Ratio Threshold = 50.000000       Max Gap (5/6) = 12.522277       Next Max Gap (2/3) = 8.1764198     
 Gap Method for Num. of Estimated Parameters { p(~effsec)Psi(~HAiFLS_nat + pctex21 + LWD) } = 6          
 Threshold { p(~effsec)Psi(~HAiFLS_nat + pctex21 + LWD) } = 0.3314285E-05                 
 Numerical Threshold Method for Num. of Estimated Parameters { p(~effsec)Psi(~HAiFLS_nat + pctex21 + LWD) } = 6          
 Number of Estimated Parameters { p(~effsec)Psi(~HAiFLS_nat + pctex21 + LWD) } = 6          
 DEVIANCE { p(~effsec)Psi(~HAiFLS_nat + pctex21 + LWD) } = 142.09556                     
 DEVIANCE Degrees of Freedom { p(~effsec)Psi(~HAiFLS_nat + pctex21 + LWD) } = 132            
 c-hat { p(~effsec)Psi(~HAiFLS_nat + pctex21 + LWD) } = 1.0764815                     
 AIC { p(~effsec)Psi(~HAiFLS_nat + pctex21 + LWD) } = 154.09556                  
 AICc { p(~effsec)Psi(~HAiFLS_nat + pctex21 + LWD) } = 154.73678                    
 BIC { p(~effsec)Psi(~HAiFLS_nat + pctex21 + LWD) } = 171.65909                    
 Pearson Chisquare { p(~effsec)Psi(~HAiFLS_nat + pctex21 + LWD) } = 555.85605                  

  Program  MARK  - Survival Rate Estimation with Capture-Recapture Data
   gfortran(dble) Vers. 9.0 Mar 2018     3-Dec-2019 12:23:42    Page  003
 - - - - - - - - - - - - - - - - - - - - - - - - - - - - - - - - - - - - - -
 


        LOGIT Link Function Parameters of { p(~effsec)Psi(~HAiFLS_nat + pctex21 + LWD) }
                                                              95% Confidence Interval
 Parameter                    Beta         Standard Error      Lower           Upper
 -------------------------  --------------  --------------  --------------  --------------
    1:p:(Intercept)         -0.4073837       0.7527963      -1.8828645       1.0680970    
    2:p:effsec               0.4819338E-03   0.2515973E-03  -0.1119687E-04   0.9750644E-03
    3:Psi:(Intercept)       -1.3019729       0.5223308      -2.3257414      -0.2782045    
    4:Psi:HAiFLS_nat         0.0268009       0.0111380       0.0049704       0.0486315    
    5:Psi:pctex21           -0.7631545       0.2735246      -1.2992628      -0.2270463    
    6:Psi:LWD               -1.6613222       1.4640307      -4.5308223       1.2081780    


        Real Function Parameters of { p(~effsec)Psi(~HAiFLS_nat + pctex21 + LWD) }

      Following estimates based on unstandardized individual covariate values:
          Variable   Value         
          ---------  ------------- 
          EFFSEC      2558.6014    
          HAIFLS_NAT  30.404180    
          PCTEX21     4.8306834    
          LWD         0.2273503    
                                                               95% Confidence Interval
  Parameter                  Estimate       Standard Error      Lower           Upper
 --------------------------  --------------  --------------  --------------  --------------
     1:p g1 a0 t1             0.6954434       0.0771982       0.5277978       0.8234763                          
     2:Psi g1 a0 t1           0.0104425       0.0125793       0.9699053E-03   0.1029007                          


                      Estimates of Derived Parameters
  Occupancy Estimates of { p(~effsec)Psi(~HAiFLS_nat + pctex21 + LWD) }
                                            95% Confidence Interval
 Group   Psi-hat         Standard Error      Lower           Upper
 -----   --------------  --------------  --------------  --------------
   1      0.0104425       0.0125793       0.9699053E-03   0.1029007    

   CPU Time for the last procedure was 0.08 seconds.     

  Program  MARK  - Survival Rate Estimation with Capture-Recapture Data
   gfortran(dble) Vers. 9.0 Mar 2018     3-Dec-2019 12:23:42    Page  004
 - - - - - - - - - - - - - - - - - - - - - - - - - - - - - - - - - - - - - -
 


  INPUT --- proc stop;

     CPU Time in minutes for this job was 0.00

     Time Start = 12:23:42.114   Time End = 12:23:42.527

     Wall Clock Time in minutes for this job was 0.01


          E X E C U T I O N   S U C C E S S F U L 
