
   Program  MARK  - Survival Rate Estimation with Capture-Recapture Data
   gfortran(dble) Vers. 9.0 Mar 2018     3-Dec-2019 10:59:12    Page  001
 - - - - - - - - - - - - - - - - - - - - - - - - - - - - - - - - - - - - - -
 
   This version was compiled by GCC version 7.2.0 using the options: 
     -cpp -iprefix C:/Program Files/mingw-w64/x86_64-7.2.0-posix-seh-rt_v5-rev1/
     mingw64/bin/../lib/gcc/x86_64-w64-mingw32/7.2.0/ -D_MT -D_REENTRANT
     -U_REENTRANT -D IEEE -D DBLEPRECISION -m64 -mtune=core2 -march=nocona -mthreads
     -O2 -fimplicit-none -fbounds-check -funroll-loops -ftree-vectorize
     -ffpe-summary=invalid,zero,overflow,underflow -fno-unsafe-math-optimizations
     -frounding-math -fsignaling-nans -fopenmp.

   This problem will use 7 of 8 possible threads.


  INPUT --- proc title ;

   CPU Time for the last procedure was 0.01 seconds.     


  INPUT --- proc chmatrix occasions= 3 groups= 1 etype= Occupancy 
  INPUT --- Nodes= 101 icovar = 8 ICMeans  NoHist hist= 138 ;

  INPUT ---    time interval 1 1 1 ;

  INPUT ---     icovariates effort1 effort2 effort3 mxdep1 mxdep2 mxdep3  
  INPUT ---    pctex21 avdep ;

  INPUT ---    glabel(1)=freq1;

      Number of unique encounter histories read was 138.

      Number of individual covariates read was 8.
      Time interval lengths are all equal to 1.

      Data type number is 27
      Data type is Occupancy Estimation with Detection < 1                                                             

   CPU Time for the last procedure was 0.01 seconds.     

  Program  MARK  - Survival Rate Estimation with Capture-Recapture Data
   gfortran(dble) Vers. 9.0 Mar 2018     3-Dec-2019 10:59:12    Page  002
 - - - - - - - - - - - - - - - - - - - - - - - - - - - - - - - - - - - - - -
 


  INPUT --- proc estimate link=Logit NOLOOP varest=2ndPart    ;


  INPUT --- model={ p(~effort + mxdep)Psi(~pctex21 + avdep) };

  INPUT ---    group=1 p    rows=1 cols=3 Square ;
  INPUT ---        1 2 3 ;

  INPUT ---    group=1 Psi    rows=1 cols=1 Square ;
  INPUT ---        4 ;

  INPUT ---    design matrix constraints=4 covariates=6;
  INPUT ---        1 effort1 mxdep1 0 0 0;
  INPUT ---        1 effort2 mxdep2 0 0 0;
  INPUT ---        1 effort3 mxdep3 0 0 0;
  INPUT ---        0 0 0 1 pctex21 avdep;
  INPUT ---       blabel(1)=p:(Intercept);
  INPUT ---       blabel(2)=p:effort;
  INPUT ---       blabel(3)=p:mxdep;
  INPUT ---       blabel(4)=Psi:(Intercept);
  INPUT ---       blabel(5)=Psi:pctex21;
  INPUT ---       blabel(6)=Psi:avdep;
  INPUT ---       rlabel(1)=p g1 a0 t1;
  INPUT ---       rlabel(2)=p g1 a1 t2;
  INPUT ---       rlabel(3)=p g1 a2 t3;
  INPUT ---       rlabel(4)=Psi g1 a0 t1;

 Link Function Used is LOGIT        

 Variance Estimation Procedure Used is 2ndPart 
 -2logL(saturated) = 0.0000000     
 Effective Sample Size = 138

 Number of function evaluations was 35 for 6 parameters.
 Time for numerical optimization was 0.02 seconds.     
 -2logL { p(~effort + mxdep)Psi(~pctex21 + avdep) } = 144.72439     
 Penalty { p(~effort + mxdep)Psi(~pctex21 + avdep) } = 0.0000000     
 Gradient { p(~effort + mxdep)Psi(~pctex21 + avdep) }:
  0.1557076E-05   0.000000      0.4130359E-07  0.1471791E-05 -0.8969600E-07
   0.000000    
 Maximum ABS(G) { p(~effort + mxdep)Psi(~pctex21 + avdep) } = 0.1557076E-05 
 S Vector { p(~effort + mxdep)Psi(~pctex21 + avdep) }:
   15.04737      7.318014     0.1246926     0.9967839E-01 0.1813721E-01
  0.8399084E-03
 Time to compute number of parameters was 0.01 seconds.     
 Ratio Threshold = 50.000000       Max Gap (2/3) = 58.688461       Next Max Gap (5/6) = 21.594269     
 Gap Method for Num. of Estimated Parameters { p(~effort + mxdep)Psi(~pctex21 + avdep) } = 2          
 Threshold { p(~effort + mxdep)Psi(~pctex21 + avdep) } = 0.3114152E-05                 
 Numerical Threshold Method for Num. of Estimated Parameters { p(~effort + mxdep)Psi(~pctex21 + avdep) } = 6          
 Number of Estimated Parameters { p(~effort + mxdep)Psi(~pctex21 + avdep) } = 6          

  Program  MARK  - Survival Rate Estimation with Capture-Recapture Data
   gfortran(dble) Vers. 9.0 Mar 2018     3-Dec-2019 10:59:13    Page  003
 - - - - - - - - - - - - - - - - - - - - - - - - - - - - - - - - - - - - - -
 

   * *  WARNING  * *   Number of parameters estimated from gap method (=2) and threshold method (=6) differ.  Inspect full output.                                                                                                                                                                                                                                                                                                                                                                                                                      
 Ratios of S Vector { p(~effort + mxdep)Psi(~pctex21 + avdep) }:
   1/2    2.056209       2/3    58.68846       3/4    1.250949       4/5    5.495796       5/6    21.59427    
 DEVIANCE { p(~effort + mxdep)Psi(~pctex21 + avdep) } = 144.72439                     
 DEVIANCE Degrees of Freedom { p(~effort + mxdep)Psi(~pctex21 + avdep) } = 132            
 c-hat { p(~effort + mxdep)Psi(~pctex21 + avdep) } = 1.0963969                     
 AIC { p(~effort + mxdep)Psi(~pctex21 + avdep) } = 156.72439                  
 AICc { p(~effort + mxdep)Psi(~pctex21 + avdep) } = 157.36561                    
 BIC { p(~effort + mxdep)Psi(~pctex21 + avdep) } = 174.28792                    
 Pearson Chisquare { p(~effort + mxdep)Psi(~pctex21 + avdep) } = 623.09869                  


         LOGIT Link Function Parameters of { p(~effort + mxdep)Psi(~pctex21 + avdep) }
                                                              95% Confidence Interval
 Parameter                    Beta         Standard Error      Lower           Upper
 -------------------------  --------------  --------------  --------------  --------------
    1:p:(Intercept)         -1.4499105       1.0097080      -3.4289381       0.5291172    
    2:p:effort               0.0010770       0.8367291E-03  -0.5630146E-03   0.0027170    
    3:p:mxdep                2.8236729       2.1537684      -1.3977133       7.0450590    
    4:Psi:(Intercept)       -0.2959373       0.9076968      -2.0750231       1.4831485    
    5:Psi:pctex21           -0.6543620       0.2380950      -1.1210283      -0.1876958    
    6:Psi:avdep             -1.5895853       3.0230424      -7.5147486       4.3355779    


         Real Function Parameters of { p(~effort + mxdep)Psi(~pctex21 + avdep) }

      Following estimates based on unstandardized individual covariate values:
          Variable   Value         
          ---------  ------------- 
          EFFORT1     906.23188    
          EFFORT2     834.18841    
          EFFORT3     818.18116    
          MXDEP1      0.5167391    
          MXDEP2      0.4846377    
          MXDEP3      0.6304348    
          PCTEX21     4.8306834    
          AVDEP       0.2562426    
                                                               95% Confidence Interval
  Parameter                  Estimate       Standard Error      Lower           Upper
 --------------------------  --------------  --------------  --------------  --------------
     1:p g1 a0 t1             0.7281349       0.0762991       0.5571794       0.8507681                          
     2:p g1 a1 t2             0.6935880       0.0797846       0.5202724       0.8253121                          
     3:p g1 a2 t3             0.7705450       0.0841894       0.5690801       0.8951710                          
     4:Psi g1 a0 t1           0.0205471       0.0205786       0.0028193       0.1346926                          


                      Estimates of Derived Parameters
    Occupancy Estimates of { p(~effort + mxdep)Psi(~pctex21 + avdep) }
                                            95% Confidence Interval
 Group   Psi-hat         Standard Error      Lower           Upper
 -----   --------------  --------------  --------------  --------------

  Program  MARK  - Survival Rate Estimation with Capture-Recapture Data
   gfortran(dble) Vers. 9.0 Mar 2018     3-Dec-2019 10:59:13    Page  004
 - - - - - - - - - - - - - - - - - - - - - - - - - - - - - - - - - - - - - -
 
   1      0.0205471       0.0205786       0.0028193       0.1346926    

 Attempted ordering of parameters by estimatibility:
  4 1 6 2 5 3
 Beta number 3 is a singular value.

   CPU Time for the last procedure was 0.02 seconds.     


  INPUT --- proc stop;

     CPU Time in minutes for this job was 0.00

     Time Start = 10:59:12.576   Time End = 10:59:13.730

     Wall Clock Time in minutes for this job was 0.02


          E X E C U T I O N   S U C C E S S F U L 
