
   Program  MARK  - Survival Rate Estimation with Capture-Recapture Data
   gfortran(dble) Vers. 9.0 Mar 2018     3-Dec-2019 12:24:25    Page  001
 - - - - - - - - - - - - - - - - - - - - - - - - - - - - - - - - - - - - - -
 
   This version was compiled by GCC version 7.2.0 using the options: 
     -cpp -iprefix C:/Program Files/mingw-w64/x86_64-7.2.0-posix-seh-rt_v5-rev1/
     mingw64/bin/../lib/gcc/x86_64-w64-mingw32/7.2.0/ -D_MT -D_REENTRANT
     -U_REENTRANT -D IEEE -D DBLEPRECISION -m64 -mtune=core2 -march=nocona -mthreads
     -O2 -fimplicit-none -fbounds-check -funroll-loops -ftree-vectorize
     -ffpe-summary=invalid,zero,overflow,underflow -fno-unsafe-math-optimizations
     -frounding-math -fsignaling-nans -fopenmp.

   This problem will use 7 of 8 possible threads.


  INPUT --- proc title ;

   CPU Time for the last procedure was 0.02 seconds.     


  INPUT --- proc chmatrix occasions= 3 groups= 1 etype= Occupancy 
  INPUT --- Nodes= 101 icovar = 3 ICMeans  NoHist hist= 138 ;

  INPUT ---    time interval 1 1 1 ;

  INPUT ---     icovariates effsec pctex21 pctShade ;

  INPUT ---    glabel(1)=freq1;

      Number of unique encounter histories read was 138.

      Number of individual covariates read was 3.
      Time interval lengths are all equal to 1.

      Data type number is 27
      Data type is Occupancy Estimation with Detection < 1                                                             

   CPU Time for the last procedure was 0.01 seconds.     

  Program  MARK  - Survival Rate Estimation with Capture-Recapture Data
   gfortran(dble) Vers. 9.0 Mar 2018     3-Dec-2019 12:24:25    Page  002
 - - - - - - - - - - - - - - - - - - - - - - - - - - - - - - - - - - - - - -
 


  INPUT --- proc estimate link=Logit NOLOOP varest=2ndPart    ;


  INPUT --- model={ p(~effsec)Psi(~pctex21 + pctShade) };

  INPUT ---    group=1 p    rows=1 cols=3 Square ;
  INPUT ---        1 1 1 ;

  INPUT ---    group=1 Psi    rows=1 cols=1 Square ;
  INPUT ---        2 ;

  INPUT ---    design matrix constraints=2 covariates=5;
  INPUT ---        1 effsec 0 0 0;
  INPUT ---        0 0 1 pctex21 pctShade;
  INPUT ---       blabel(1)=p:(Intercept);
  INPUT ---       blabel(2)=p:effsec;
  INPUT ---       blabel(3)=Psi:(Intercept);
  INPUT ---       blabel(4)=Psi:pctex21;
  INPUT ---       blabel(5)=Psi:pctShade;
  INPUT ---       rlabel(1)=p g1 a0 t1;
  INPUT ---       rlabel(2)=Psi g1 a0 t1;

 Link Function Used is LOGIT        

 Variance Estimation Procedure Used is 2ndPart 
 -2logL(saturated) = 0.0000000     
 Effective Sample Size = 138

 Number of function evaluations was 21 for 5 parameters.
 Time for numerical optimization was 0.02 seconds.     
 -2logL { p(~effsec)Psi(~pctex21 + pctShade) } = 148.29737     
 Penalty { p(~effsec)Psi(~pctex21 + pctShade) } = 0.0000000     
 Gradient { p(~effsec)Psi(~pctex21 + pctShade) }:
  0.1430572E-05  0.1455306E-05  0.2788080E-05  0.8861467E-07  0.1143023E-05
 Maximum ABS(G) { p(~effsec)Psi(~pctex21 + pctShade) } = 0.2788080E-05 
 S Vector { p(~effsec)Psi(~pctex21 + pctShade) }:
   17.76532      8.305027      1.033771     0.1839691     0.1851040E-01
 Time to compute number of parameters was 0.05 seconds.     
 Ratio Threshold = 50.000000       Max Gap (4/5) = 9.9386877       Next Max Gap (2/3) = 8.0337223     
 Gap Method for Num. of Estimated Parameters { p(~effsec)Psi(~pctex21 + pctShade) } = 5          
 Threshold { p(~effsec)Psi(~pctex21 + pctShade) } = 0.5576159E-05                 
 Numerical Threshold Method for Num. of Estimated Parameters { p(~effsec)Psi(~pctex21 + pctShade) } = 5          
 Number of Estimated Parameters { p(~effsec)Psi(~pctex21 + pctShade) } = 5          
 DEVIANCE { p(~effsec)Psi(~pctex21 + pctShade) } = 148.29737                     
 DEVIANCE Degrees of Freedom { p(~effsec)Psi(~pctex21 + pctShade) } = 133            
 c-hat { p(~effsec)Psi(~pctex21 + pctShade) } = 1.1150178                     
 AIC { p(~effsec)Psi(~pctex21 + pctShade) } = 158.29737                  
 AICc { p(~effsec)Psi(~pctex21 + pctShade) } = 158.75191                    
 BIC { p(~effsec)Psi(~pctex21 + pctShade) } = 172.93364                    
 Pearson Chisquare { p(~effsec)Psi(~pctex21 + pctShade) } = 745.09417                  


            LOGIT Link Function Parameters of { p(~effsec)Psi(~pctex21 + pctShade) }
                                                              95% Confidence Interval
 Parameter                    Beta         Standard Error      Lower           Upper
 -------------------------  --------------  --------------  --------------  --------------

  Program  MARK  - Survival Rate Estimation with Capture-Recapture Data
   gfortran(dble) Vers. 9.0 Mar 2018     3-Dec-2019 12:24:26    Page  003
 - - - - - - - - - - - - - - - - - - - - - - - - - - - - - - - - - - - - - -
 
    1:p:(Intercept)         -0.3332766       0.7211211      -1.7466739       1.0801207    
    2:p:effsec               0.4642667E-03   0.2456022E-03  -0.1711372E-04   0.9456471E-03
    3:Psi:(Intercept)       -1.0523252       0.5286542      -2.0884875      -0.0161629    
    4:Psi:pctex21           -0.6627410       0.2372355      -1.1277225      -0.1977595    
    5:Psi:pctShade           0.0067273       0.0089489      -0.0108126       0.0242672    


            Real Function Parameters of { p(~effsec)Psi(~pctex21 + pctShade) }

      Following estimates based on unstandardized individual covariate values:
          Variable   Value         
          ---------  ------------- 
          EFFSEC      2558.6014    
          PCTEX21     4.8306834    
          PCTSHADE    48.614931    
                                                               95% Confidence Interval
  Parameter                  Estimate       Standard Error      Lower           Upper
 --------------------------  --------------  --------------  --------------  --------------
     1:p g1 a0 t1             0.7015305       0.0742566       0.5397910       0.8248693                          
     2:Psi g1 a0 t1           0.0193263       0.0194997       0.0026164       0.1289566                          


                      Estimates of Derived Parameters
      Occupancy Estimates of { p(~effsec)Psi(~pctex21 + pctShade) }
                                            95% Confidence Interval
 Group   Psi-hat         Standard Error      Lower           Upper
 -----   --------------  --------------  --------------  --------------
   1      0.0193263       0.0194997       0.0026164       0.1289566    

   CPU Time for the last procedure was 0.06 seconds.     

  Program  MARK  - Survival Rate Estimation with Capture-Recapture Data
   gfortran(dble) Vers. 9.0 Mar 2018     3-Dec-2019 12:24:26    Page  004
 - - - - - - - - - - - - - - - - - - - - - - - - - - - - - - - - - - - - - -
 


  INPUT --- proc stop;

     CPU Time in minutes for this job was 0.00

     Time Start = 12:24:25.788   Time End = 12:24:26.795

     Wall Clock Time in minutes for this job was 0.02


          E X E C U T I O N   S U C C E S S F U L 
