
   Program  MARK  - Survival Rate Estimation with Capture-Recapture Data
   gfortran(dble) Vers. 9.0 Mar 2018     3-Dec-2019 11:00:34    Page  001
 - - - - - - - - - - - - - - - - - - - - - - - - - - - - - - - - - - - - - -
 
   This version was compiled by GCC version 7.2.0 using the options: 
     -cpp -iprefix C:/Program Files/mingw-w64/x86_64-7.2.0-posix-seh-rt_v5-rev1/
     mingw64/bin/../lib/gcc/x86_64-w64-mingw32/7.2.0/ -D_MT -D_REENTRANT
     -U_REENTRANT -D IEEE -D DBLEPRECISION -m64 -mtune=core2 -march=nocona -mthreads
     -O2 -fimplicit-none -fbounds-check -funroll-loops -ftree-vectorize
     -ffpe-summary=invalid,zero,overflow,underflow -fno-unsafe-math-optimizations
     -frounding-math -fsignaling-nans -fopenmp.

   This problem will use 7 of 8 possible threads.


  INPUT --- proc title ;

   CPU Time for the last procedure was 0.01 seconds.     


  INPUT --- proc chmatrix occasions= 3 groups= 1 etype= Occupancy 
  INPUT --- Nodes= 101 icovar = 5 ICMeans  NoHist hist= 138 ;

  INPUT ---    time interval 1 1 1 ;

  INPUT ---     icovariates undr1 undr2 undr3 pctex21 HAiFLS_nat ;

  INPUT ---    glabel(1)=freq1;

      Number of unique encounter histories read was 138.

      Number of individual covariates read was 5.
      Time interval lengths are all equal to 1.

      Data type number is 27
      Data type is Occupancy Estimation with Detection < 1                                                             

   CPU Time for the last procedure was 0.02 seconds.     

  Program  MARK  - Survival Rate Estimation with Capture-Recapture Data
   gfortran(dble) Vers. 9.0 Mar 2018     3-Dec-2019 11:00:34    Page  002
 - - - - - - - - - - - - - - - - - - - - - - - - - - - - - - - - - - - - - -
 


  INPUT --- proc estimate link=Logit NOLOOP varest=2ndPart    ;


  INPUT --- model={ p(~undr)Psi(~pctex21 + HAiFLS_nat) };

  INPUT ---    group=1 p    rows=1 cols=3 Square ;
  INPUT ---        1 2 3 ;

  INPUT ---    group=1 Psi    rows=1 cols=1 Square ;
  INPUT ---        4 ;

  INPUT ---    design matrix constraints=4 covariates=5;
  INPUT ---        1 undr1 0 0 0;
  INPUT ---        1 undr2 0 0 0;
  INPUT ---        1 undr3 0 0 0;
  INPUT ---        0 0 1 pctex21 HAiFLS_nat;
  INPUT ---       blabel(1)=p:(Intercept);
  INPUT ---       blabel(2)=p:undr;
  INPUT ---       blabel(3)=Psi:(Intercept);
  INPUT ---       blabel(4)=Psi:pctex21;
  INPUT ---       blabel(5)=Psi:HAiFLS_nat;
  INPUT ---       rlabel(1)=p g1 a0 t1;
  INPUT ---       rlabel(2)=p g1 a1 t2;
  INPUT ---       rlabel(3)=p g1 a2 t3;
  INPUT ---       rlabel(4)=Psi g1 a0 t1;

 Link Function Used is LOGIT        

 Variance Estimation Procedure Used is 2ndPart 
 -2logL(saturated) = 0.0000000     
 Effective Sample Size = 138

 Number of function evaluations was 23 for 5 parameters.
 Time for numerical optimization was 0.09 seconds.     
 -2logL { p(~undr)Psi(~pctex21 + HAiFLS_nat) } = 146.32173     
 Penalty { p(~undr)Psi(~pctex21 + HAiFLS_nat) } = 0.0000000     
 Gradient { p(~undr)Psi(~pctex21 + HAiFLS_nat) }:
  0.1250690E-05  0.1277803E-05   0.000000     -0.7927261E-07  0.5720405E-06
 Maximum ABS(G) { p(~undr)Psi(~pctex21 + HAiFLS_nat) } = 0.1277803E-05 
 S Vector { p(~undr)Psi(~pctex21 + HAiFLS_nat) }:
   15.47383      9.111018     0.9141323     0.3551426     0.1533696E-01
 Time to compute number of parameters was 0.01 seconds.     
 Ratio Threshold = 50.000000       Max Gap (4/5) = 23.155995       Next Max Gap (2/3) = 9.9668484     
 Gap Method for Num. of Estimated Parameters { p(~undr)Psi(~pctex21 + HAiFLS_nat) } = 5          
 Threshold { p(~undr)Psi(~pctex21 + HAiFLS_nat) } = 0.2555606E-05                 
 Numerical Threshold Method for Num. of Estimated Parameters { p(~undr)Psi(~pctex21 + HAiFLS_nat) } = 5          
 Number of Estimated Parameters { p(~undr)Psi(~pctex21 + HAiFLS_nat) } = 5          
 DEVIANCE { p(~undr)Psi(~pctex21 + HAiFLS_nat) } = 146.32173                     
 DEVIANCE Degrees of Freedom { p(~undr)Psi(~pctex21 + HAiFLS_nat) } = 133            
 c-hat { p(~undr)Psi(~pctex21 + HAiFLS_nat) } = 1.1001634                     
 AIC { p(~undr)Psi(~pctex21 + HAiFLS_nat) } = 156.32173                  
 AICc { p(~undr)Psi(~pctex21 + HAiFLS_nat) } = 156.77627                    
 BIC { p(~undr)Psi(~pctex21 + HAiFLS_nat) } = 170.95800                    
 Pearson Chisquare { p(~undr)Psi(~pctex21 + HAiFLS_nat) } = 607.29285                  

  Program  MARK  - Survival Rate Estimation with Capture-Recapture Data
   gfortran(dble) Vers. 9.0 Mar 2018     3-Dec-2019 11:00:36    Page  003
 - - - - - - - - - - - - - - - - - - - - - - - - - - - - - - - - - - - - - -
 


            LOGIT Link Function Parameters of { p(~undr)Psi(~pctex21 + HAiFLS_nat) }
                                                              95% Confidence Interval
 Parameter                    Beta         Standard Error      Lower           Upper
 -------------------------  --------------  --------------  --------------  --------------
    1:p:(Intercept)          0.5250377       0.4608498      -0.3782280       1.4283033    
    2:p:undr                 0.5672446       0.4703563      -0.3546538       1.4891431    
    3:Psi:(Intercept)       -1.5838423       0.4821562      -2.5288684      -0.6388163    
    4:Psi:pctex21           -0.7446486       0.2604983      -1.2552253      -0.2340720    
    5:Psi:HAiFLS_nat         0.0233706       0.0102631       0.0032550       0.0434863    


            Real Function Parameters of { p(~undr)Psi(~pctex21 + HAiFLS_nat) }

      Following estimates based on unstandardized individual covariate values:
          Variable   Value         
          ---------  ------------- 
          UNDR1       0.5869565    
          UNDR2       0.5483092    
          UNDR3       0.5042271    
          PCTEX21     4.8306834    
          HAIFLS_NAT  30.404180    
                                                               95% Confidence Interval
  Parameter                  Estimate       Standard Error      Lower           Upper
 --------------------------  --------------  --------------  --------------  --------------
     1:p g1 a0 t1             0.7022396       0.0703759       0.5494165       0.8201933                          
     2:p g1 a1 t2             0.6976354       0.0715690       0.5426617       0.8177330                          
     3:p g1 a2 t3             0.6923349       0.0731758       0.5343772       0.8152347                          
     4:Psi g1 a0 t1           0.0113128       0.0129700       0.0011774       0.0999643                          


                      Estimates of Derived Parameters
      Occupancy Estimates of { p(~undr)Psi(~pctex21 + HAiFLS_nat) }
                                            95% Confidence Interval
 Group   Psi-hat         Standard Error      Lower           Upper
 -----   --------------  --------------  --------------  --------------
   1      0.0113128       0.0129700       0.0011774       0.0999643    

   CPU Time for the last procedure was 0.09 seconds.     

  Program  MARK  - Survival Rate Estimation with Capture-Recapture Data
   gfortran(dble) Vers. 9.0 Mar 2018     3-Dec-2019 11:00:36    Page  004
 - - - - - - - - - - - - - - - - - - - - - - - - - - - - - - - - - - - - - -
 


  INPUT --- proc stop;

     CPU Time in minutes for this job was 0.00

     Time Start = 11:00:34.926   Time End = 11:00:36.211

     Wall Clock Time in minutes for this job was 0.02


          E X E C U T I O N   S U C C E S S F U L 
