
   Program  MARK  - Survival Rate Estimation with Capture-Recapture Data
   gfortran(dble) Vers. 9.0 Mar 2018     3-Dec-2019 11:01:04    Page  001
 - - - - - - - - - - - - - - - - - - - - - - - - - - - - - - - - - - - - - -
 
   This version was compiled by GCC version 7.2.0 using the options: 
     -cpp -iprefix C:/Program Files/mingw-w64/x86_64-7.2.0-posix-seh-rt_v5-rev1/
     mingw64/bin/../lib/gcc/x86_64-w64-mingw32/7.2.0/ -D_MT -D_REENTRANT
     -U_REENTRANT -D IEEE -D DBLEPRECISION -m64 -mtune=core2 -march=nocona -mthreads
     -O2 -fimplicit-none -fbounds-check -funroll-loops -ftree-vectorize
     -ffpe-summary=invalid,zero,overflow,underflow -fno-unsafe-math-optimizations
     -frounding-math -fsignaling-nans -fopenmp.

   This problem will use 7 of 8 possible threads.


  INPUT --- proc title ;

   CPU Time for the last procedure was 0.02 seconds.     


  INPUT --- proc chmatrix occasions= 3 groups= 1 etype= Occupancy 
  INPUT --- Nodes= 101 icovar = 5 ICMeans  NoHist hist= 138 ;

  INPUT ---    time interval 1 1 1 ;

  INPUT ---     icovariates mxflow1 mxflow2 mxflow3 pctex21 LWD ;

  INPUT ---    glabel(1)=freq1;

      Number of unique encounter histories read was 138.

      Number of individual covariates read was 5.
      Time interval lengths are all equal to 1.

      Data type number is 27
      Data type is Occupancy Estimation with Detection < 1                                                             

   CPU Time for the last procedure was 0.01 seconds.     

  Program  MARK  - Survival Rate Estimation with Capture-Recapture Data
   gfortran(dble) Vers. 9.0 Mar 2018     3-Dec-2019 11:01:04    Page  002
 - - - - - - - - - - - - - - - - - - - - - - - - - - - - - - - - - - - - - -
 


  INPUT --- proc estimate link=Logit NOLOOP varest=2ndPart    ;


  INPUT --- model={ p(~mxflow)Psi(~pctex21 + LWD) };

  INPUT ---    group=1 p    rows=1 cols=3 Square ;
  INPUT ---        1 2 3 ;

  INPUT ---    group=1 Psi    rows=1 cols=1 Square ;
  INPUT ---        4 ;

  INPUT ---    design matrix constraints=4 covariates=5;
  INPUT ---        1 mxflow1 0 0 0;
  INPUT ---        1 mxflow2 0 0 0;
  INPUT ---        1 mxflow3 0 0 0;
  INPUT ---        0 0 1 pctex21 LWD;
  INPUT ---       blabel(1)=p:(Intercept);
  INPUT ---       blabel(2)=p:mxflow;
  INPUT ---       blabel(3)=Psi:(Intercept);
  INPUT ---       blabel(4)=Psi:pctex21;
  INPUT ---       blabel(5)=Psi:LWD;
  INPUT ---       rlabel(1)=p g1 a0 t1;
  INPUT ---       rlabel(2)=p g1 a1 t2;
  INPUT ---       rlabel(3)=p g1 a2 t3;
  INPUT ---       rlabel(4)=Psi g1 a0 t1;

 Link Function Used is LOGIT        

 Variance Estimation Procedure Used is 2ndPart 
 -2logL(saturated) = 0.0000000     
 Effective Sample Size = 138

 Number of function evaluations was 31 for 5 parameters.
 Time for numerical optimization was 0.06 seconds.     
 -2logL { p(~mxflow)Psi(~pctex21 + LWD) } = 153.18567     
 Penalty { p(~mxflow)Psi(~pctex21 + LWD) } = 0.0000000     
 Gradient { p(~mxflow)Psi(~pctex21 + LWD) }:
  0.3785234E-05   0.000000      0.2244315E-05   0.000000      0.2442063E-05
 Maximum ABS(G) { p(~mxflow)Psi(~pctex21 + LWD) } = 0.3785234E-05 
 S Vector { p(~mxflow)Psi(~pctex21 + LWD) }:
   14.67241      9.567070     0.6114939     0.2024704E-01 0.4133025E-03
 Time to compute number of parameters was 0.06 seconds.     
 Ratio Threshold = 50.000000       Max Gap (4/5) = 48.988418       Next Max Gap (3/4) = 30.201650     
 Gap Method for Num. of Estimated Parameters { p(~mxflow)Psi(~pctex21 + LWD) } = 5          
 Threshold { p(~mxflow)Psi(~pctex21 + LWD) } = 0.7570468E-05                 
 Numerical Threshold Method for Num. of Estimated Parameters { p(~mxflow)Psi(~pctex21 + LWD) } = 5          
 Number of Estimated Parameters { p(~mxflow)Psi(~pctex21 + LWD) } = 5          
 DEVIANCE { p(~mxflow)Psi(~pctex21 + LWD) } = 153.18567                     
 DEVIANCE Degrees of Freedom { p(~mxflow)Psi(~pctex21 + LWD) } = 133            
 c-hat { p(~mxflow)Psi(~pctex21 + LWD) } = 1.1517720                     
 AIC { p(~mxflow)Psi(~pctex21 + LWD) } = 163.18567                  
 AICc { p(~mxflow)Psi(~pctex21 + LWD) } = 163.64022                    
 BIC { p(~mxflow)Psi(~pctex21 + LWD) } = 177.82194                    
 Pearson Chisquare { p(~mxflow)Psi(~pctex21 + LWD) } = 997.35157                  

  Program  MARK  - Survival Rate Estimation with Capture-Recapture Data
   gfortran(dble) Vers. 9.0 Mar 2018     3-Dec-2019 11:01:05    Page  003
 - - - - - - - - - - - - - - - - - - - - - - - - - - - - - - - - - - - - - -
 


              LOGIT Link Function Parameters of { p(~mxflow)Psi(~pctex21 + LWD) }
                                                              95% Confidence Interval
 Parameter                    Beta         Standard Error      Lower           Upper
 -------------------------  --------------  --------------  --------------  --------------
    1:p:(Intercept)          1.0155676       0.5349801      -0.0329934       2.0641285    
    2:p:mxflow              -0.1229817       0.7452562      -1.5836838       1.3377204    
    3:Psi:(Intercept)       -0.6997157       0.3895975      -1.4633267       0.0638953    
    4:Psi:pctex21           -0.6132979       0.2268837      -1.0579899      -0.1686059    
    5:Psi:LWD               -0.5620800       1.2551496      -3.0221732       1.8980132    


              Real Function Parameters of { p(~mxflow)Psi(~pctex21 + LWD) }

      Following estimates based on unstandardized individual covariate values:
          Variable   Value         
          ---------  ------------- 
          MXFLOW1     0.8952899    
          MXFLOW2     1.0911594    
          MXFLOW3     0.5689855    
          PCTEX21     4.8306834    
          LWD         0.2273503    
                                                               95% Confidence Interval
  Parameter                  Estimate       Standard Error      Lower           Upper
 --------------------------  --------------  --------------  --------------  --------------
     1:p g1 a0 t1             0.7120709       0.0821404       0.5300190       0.8443170                          
     2:p g1 a1 t2             0.7071071       0.1039074       0.4745281       0.8658468                          
     3:p g1 a2 t3             0.7202280       0.0647318       0.5783351       0.8285298                          
     4:Psi g1 a0 t1           0.0220930       0.0213043       0.0032596       0.1350036                          


                      Estimates of Derived Parameters
         Occupancy Estimates of { p(~mxflow)Psi(~pctex21 + LWD) }
                                            95% Confidence Interval
 Group   Psi-hat         Standard Error      Lower           Upper
 -----   --------------  --------------  --------------  --------------
   1      0.0220930       0.0213043       0.0032596       0.1350036    

   CPU Time for the last procedure was 0.12 seconds.     

  Program  MARK  - Survival Rate Estimation with Capture-Recapture Data
   gfortran(dble) Vers. 9.0 Mar 2018     3-Dec-2019 11:01:05    Page  004
 - - - - - - - - - - - - - - - - - - - - - - - - - - - - - - - - - - - - - -
 


  INPUT --- proc stop;

     CPU Time in minutes for this job was 0.00

     Time Start = 11:01:04.604   Time End = 11:01:05.577

     Wall Clock Time in minutes for this job was 0.02


          E X E C U T I O N   S U C C E S S F U L 
