
   Program  MARK  - Survival Rate Estimation with Capture-Recapture Data
   gfortran(dble) Vers. 9.0 Mar 2018     3-Dec-2019 11:00:54    Page  001
 - - - - - - - - - - - - - - - - - - - - - - - - - - - - - - - - - - - - - -
 
   This version was compiled by GCC version 7.2.0 using the options: 
     -cpp -iprefix C:/Program Files/mingw-w64/x86_64-7.2.0-posix-seh-rt_v5-rev1/
     mingw64/bin/../lib/gcc/x86_64-w64-mingw32/7.2.0/ -D_MT -D_REENTRANT
     -U_REENTRANT -D IEEE -D DBLEPRECISION -m64 -mtune=core2 -march=nocona -mthreads
     -O2 -fimplicit-none -fbounds-check -funroll-loops -ftree-vectorize
     -ffpe-summary=invalid,zero,overflow,underflow -fno-unsafe-math-optimizations
     -frounding-math -fsignaling-nans -fopenmp.

   This problem will use 7 of 8 possible threads.


  INPUT --- proc title ;

   CPU Time for the last procedure was 0.01 seconds.     


  INPUT --- proc chmatrix occasions= 3 groups= 1 etype= Occupancy 
  INPUT --- Nodes= 101 icovar = 6 ICMeans  NoHist hist= 138 ;

  INPUT ---    time interval 1 1 1 ;

  INPUT ---     icovariates effort1 effort2 effort3 under pctex21 LWD ;

  INPUT ---    glabel(1)=freq1;

      Number of unique encounter histories read was 138.

      Number of individual covariates read was 6.
      Time interval lengths are all equal to 1.

      Data type number is 27
      Data type is Occupancy Estimation with Detection < 1                                                             

   CPU Time for the last procedure was 0.01 seconds.     

  Program  MARK  - Survival Rate Estimation with Capture-Recapture Data
   gfortran(dble) Vers. 9.0 Mar 2018     3-Dec-2019 11:00:54    Page  002
 - - - - - - - - - - - - - - - - - - - - - - - - - - - - - - - - - - - - - -
 


  INPUT --- proc estimate link=Logit NOLOOP varest=2ndPart    ;


  INPUT --- model={ p(~effort + under)Psi(~pctex21 + LWD) };

  INPUT ---    group=1 p    rows=1 cols=3 Square ;
  INPUT ---        1 2 3 ;

  INPUT ---    group=1 Psi    rows=1 cols=1 Square ;
  INPUT ---        4 ;

  INPUT ---    design matrix constraints=4 covariates=6;
  INPUT ---        1 effort1 under 0 0 0;
  INPUT ---        1 effort2 under 0 0 0;
  INPUT ---        1 effort3 under 0 0 0;
  INPUT ---        0 0 0 1 pctex21 LWD;
  INPUT ---       blabel(1)=p:(Intercept);
  INPUT ---       blabel(2)=p:effort;
  INPUT ---       blabel(3)=p:under;
  INPUT ---       blabel(4)=Psi:(Intercept);
  INPUT ---       blabel(5)=Psi:pctex21;
  INPUT ---       blabel(6)=Psi:LWD;
  INPUT ---       rlabel(1)=p g1 a0 t1;
  INPUT ---       rlabel(2)=p g1 a1 t2;
  INPUT ---       rlabel(3)=p g1 a2 t3;
  INPUT ---       rlabel(4)=Psi g1 a0 t1;

 Link Function Used is LOGIT        

 Variance Estimation Procedure Used is 2ndPart 
 -2logL(saturated) = 0.0000000     
 Effective Sample Size = 138

 Number of function evaluations was 22 for 6 parameters.
 Time for numerical optimization was 0.02 seconds.     
 -2logL { p(~effort + under)Psi(~pctex21 + LWD) } = 146.33165     
 Penalty { p(~effort + under)Psi(~pctex21 + LWD) } = 0.0000000     
 Gradient { p(~effort + under)Psi(~pctex21 + LWD) }:
  0.2338508E-05  0.4939482E-06  0.1334608E-05  0.2372969E-05  0.9378052E-07
  0.1172961E-05
 Maximum ABS(G) { p(~effort + under)Psi(~pctex21 + LWD) } = 0.2372969E-05 
 S Vector { p(~effort + under)Psi(~pctex21 + LWD) }:
   14.91098      7.952319     0.5878975     0.4494895     0.9204904E-01
  0.1975132E-01
 Time to compute number of parameters was 0.01 seconds.     
 Ratio Threshold = 50.000000       Max Gap (2/3) = 13.526710       Next Max Gap (4/5) = 4.8831523     
 Gap Method for Num. of Estimated Parameters { p(~effort + under)Psi(~pctex21 + LWD) } = 6          
 Threshold { p(~effort + under)Psi(~pctex21 + LWD) } = 0.4745938E-05                 
 Numerical Threshold Method for Num. of Estimated Parameters { p(~effort + under)Psi(~pctex21 + LWD) } = 6          
 Number of Estimated Parameters { p(~effort + under)Psi(~pctex21 + LWD) } = 6          
 DEVIANCE { p(~effort + under)Psi(~pctex21 + LWD) } = 146.33165                     
 DEVIANCE Degrees of Freedom { p(~effort + under)Psi(~pctex21 + LWD) } = 132            
 c-hat { p(~effort + under)Psi(~pctex21 + LWD) } = 1.1085731                     
 AIC { p(~effort + under)Psi(~pctex21 + LWD) } = 158.33165                  
 AICc { p(~effort + under)Psi(~pctex21 + LWD) } = 158.97287                    
 BIC { p(~effort + under)Psi(~pctex21 + LWD) } = 175.89517                    
 Pearson Chisquare { p(~effort + under)Psi(~pctex21 + LWD) } = 628.05718                  

  Program  MARK  - Survival Rate Estimation with Capture-Recapture Data
   gfortran(dble) Vers. 9.0 Mar 2018     3-Dec-2019 11:00:54    Page  003
 - - - - - - - - - - - - - - - - - - - - - - - - - - - - - - - - - - - - - -
 


          LOGIT Link Function Parameters of { p(~effort + under)Psi(~pctex21 + LWD) }
                                                              95% Confidence Interval
 Parameter                    Beta         Standard Error      Lower           Upper
 -------------------------  --------------  --------------  --------------  --------------
    1:p:(Intercept)         -0.6312525       0.7918732      -2.1833241       0.9208191    
    2:p:effort               0.0016858       0.8138367E-03   0.9065465E-04   0.0032809    
    3:p:under                0.1775772       0.5940293      -0.9867203       1.3418748    
    4:Psi:(Intercept)       -0.6075629       0.4113730      -1.4138540       0.1987282    
    5:Psi:pctex21           -0.6244555       0.2296645      -1.0745980      -0.1743130    
    6:Psi:LWD               -0.6260979       1.2787629      -3.1324733       1.8802774    


          Real Function Parameters of { p(~effort + under)Psi(~pctex21 + LWD) }

      Following estimates based on unstandardized individual covariate values:
          Variable   Value         
          ---------  ------------- 
          EFFORT1     906.23188    
          EFFORT2     834.18841    
          EFFORT3     818.18116    
          UNDER       0.5466074    
          PCTEX21     4.8306834    
          LWD         0.2273503    
                                                               95% Confidence Interval
  Parameter                  Estimate       Standard Error      Lower           Upper
 --------------------------  --------------  --------------  --------------  --------------
     1:p g1 a0 t1             0.7297817       0.0805305       0.5481285       0.8574071                          
     2:p g1 a1 t2             0.7051755       0.0814709       0.5259770       0.8375527                          
     3:p g1 a2 t3             0.6995344       0.0818274       0.5204974       0.8331513                          
     4:Psi g1 a0 t1           0.0226109       0.0219849       0.0032811       0.1398392                          


                      Estimates of Derived Parameters
     Occupancy Estimates of { p(~effort + under)Psi(~pctex21 + LWD) }
                                            95% Confidence Interval
 Group   Psi-hat         Standard Error      Lower           Upper
 -----   --------------  --------------  --------------  --------------
   1      0.0226109       0.0219849       0.0032811       0.1398392    

   CPU Time for the last procedure was 0.02 seconds.     

  Program  MARK  - Survival Rate Estimation with Capture-Recapture Data
   gfortran(dble) Vers. 9.0 Mar 2018     3-Dec-2019 11:00:54    Page  004
 - - - - - - - - - - - - - - - - - - - - - - - - - - - - - - - - - - - - - -
 


  INPUT --- proc stop;

     CPU Time in minutes for this job was 0.00

     Time Start = 11:00:54.874   Time End = 11:00:54.982

     Wall Clock Time in minutes for this job was 0.00


          E X E C U T I O N   S U C C E S S F U L 
