
   Program  MARK  - Survival Rate Estimation with Capture-Recapture Data
   gfortran(dble) Vers. 9.0 Mar 2018     3-Dec-2019 11:07:11    Page  001
 - - - - - - - - - - - - - - - - - - - - - - - - - - - - - - - - - - - - - -
 
   This version was compiled by GCC version 7.2.0 using the options: 
     -cpp -iprefix C:/Program Files/mingw-w64/x86_64-7.2.0-posix-seh-rt_v5-rev1/
     mingw64/bin/../lib/gcc/x86_64-w64-mingw32/7.2.0/ -D_MT -D_REENTRANT
     -U_REENTRANT -D IEEE -D DBLEPRECISION -m64 -mtune=core2 -march=nocona -mthreads
     -O2 -fimplicit-none -fbounds-check -funroll-loops -ftree-vectorize
     -ffpe-summary=invalid,zero,overflow,underflow -fno-unsafe-math-optimizations
     -frounding-math -fsignaling-nans -fopenmp.

   This problem will use 7 of 8 possible threads.


  INPUT --- proc title ;

   CPU Time for the last procedure was 0.01 seconds.     


  INPUT --- proc chmatrix occasions= 3 groups= 1 etype= Occupancy 
  INPUT --- Nodes= 101 icovar = 5 ICMeans  NoHist hist= 138 ;

  INPUT ---    time interval 1 1 1 ;

  INPUT ---     icovariates effort1 effort2 effort3 LWD pctrock ;

  INPUT ---    glabel(1)=freq1;

      Number of unique encounter histories read was 138.

      Number of individual covariates read was 5.
      Time interval lengths are all equal to 1.

      Data type number is 27
      Data type is Occupancy Estimation with Detection < 1                                                             

   CPU Time for the last procedure was 0.01 seconds.     

  Program  MARK  - Survival Rate Estimation with Capture-Recapture Data
   gfortran(dble) Vers. 9.0 Mar 2018     3-Dec-2019 11:07:11    Page  002
 - - - - - - - - - - - - - - - - - - - - - - - - - - - - - - - - - - - - - -
 


  INPUT --- proc estimate link=Logit NOLOOP varest=2ndPart    ;


  INPUT --- model={ p(~effort + LWD)Psi(~pctrock) };

  INPUT ---    group=1 p    rows=1 cols=3 Square ;
  INPUT ---        1 2 3 ;

  INPUT ---    group=1 Psi    rows=1 cols=1 Square ;
  INPUT ---        4 ;

  INPUT ---    design matrix constraints=4 covariates=5;
  INPUT ---        1 effort1 LWD 0 0;
  INPUT ---        1 effort2 LWD 0 0;
  INPUT ---        1 effort3 LWD 0 0;
  INPUT ---        0 0 0 1 pctrock;
  INPUT ---       blabel(1)=p:(Intercept);
  INPUT ---       blabel(2)=p:effort;
  INPUT ---       blabel(3)=p:LWD;
  INPUT ---       blabel(4)=Psi:(Intercept);
  INPUT ---       blabel(5)=Psi:pctrock;
  INPUT ---       rlabel(1)=p g1 a0 t1;
  INPUT ---       rlabel(2)=p g1 a1 t2;
  INPUT ---       rlabel(3)=p g1 a2 t3;
  INPUT ---       rlabel(4)=Psi g1 a0 t1;

 Link Function Used is LOGIT        

 Variance Estimation Procedure Used is 2ndPart 
 -2logL(saturated) = 0.0000000     
 Effective Sample Size = 138

 Number of function evaluations was 16 for 5 parameters.
 Time for numerical optimization was 0.08 seconds.     
 -2logL { p(~effort + LWD)Psi(~pctrock) } = 167.21543     
 Penalty { p(~effort + LWD)Psi(~pctrock) } = 0.0000000     
 Gradient { p(~effort + LWD)Psi(~pctrock) }:
   0.000000       0.000000      0.6324052E-06   0.000000       0.000000    
 Maximum ABS(G) { p(~effort + LWD)Psi(~pctrock) } = 0.6324052E-06 
 S Vector { p(~effort + LWD)Psi(~pctrock) }:
   24.99736      8.538680     0.4978115     0.2927509     0.9238204E-01
 Time to compute number of parameters was 0.01 seconds.     
 Ratio Threshold = 50.000000       Max Gap (2/3) = 17.152437       Next Max Gap (4/5) = 3.1689155     
 Gap Method for Num. of Estimated Parameters { p(~effort + LWD)Psi(~pctrock) } = 5          
 Threshold { p(~effort + LWD)Psi(~pctrock) } = 0.1264810E-05                 
 Numerical Threshold Method for Num. of Estimated Parameters { p(~effort + LWD)Psi(~pctrock) } = 5          
 Number of Estimated Parameters { p(~effort + LWD)Psi(~pctrock) } = 5          
 DEVIANCE { p(~effort + LWD)Psi(~pctrock) } = 167.21543                     
 DEVIANCE Degrees of Freedom { p(~effort + LWD)Psi(~pctrock) } = 133            
 c-hat { p(~effort + LWD)Psi(~pctrock) } = 1.2572588                     
 AIC { p(~effort + LWD)Psi(~pctrock) } = 177.21543                  
 AICc { p(~effort + LWD)Psi(~pctrock) } = 177.66997                    
 BIC { p(~effort + LWD)Psi(~pctrock) } = 191.85169                    
 Pearson Chisquare { p(~effort + LWD)Psi(~pctrock) } = 891.91864                  

  Program  MARK  - Survival Rate Estimation with Capture-Recapture Data
   gfortran(dble) Vers. 9.0 Mar 2018     3-Dec-2019 11:07:12    Page  003
 - - - - - - - - - - - - - - - - - - - - - - - - - - - - - - - - - - - - - -
 


              LOGIT Link Function Parameters of { p(~effort + LWD)Psi(~pctrock) }
                                                              95% Confidence Interval
 Parameter                    Beta         Standard Error      Lower           Upper
 -------------------------  --------------  --------------  --------------  --------------
    1:p:(Intercept)         -0.9110790       0.8383231      -2.5541922       0.7320342    
    2:p:effort               0.0017633       0.7956895E-03   0.2037337E-03   0.0033228    
    3:p:LWD                  2.0160230       1.8922506      -1.6927884       5.7248343    
    4:Psi:(Intercept)       -2.4959241       0.8693445      -4.1998394      -0.7920088    
    5:Psi:pctrock            0.0103662       0.0113929      -0.0119639       0.0326963    


              Real Function Parameters of { p(~effort + LWD)Psi(~pctrock) }

      Following estimates based on unstandardized individual covariate values:
          Variable   Value         
          ---------  ------------- 
          EFFORT1     906.23188    
          EFFORT2     834.18841    
          EFFORT3     818.18116    
          LWD         0.2273503    
          PCTROCK     68.678238    
                                                               95% Confidence Interval
  Parameter                  Estimate       Standard Error      Lower           Upper
 --------------------------  --------------  --------------  --------------  --------------
     1:p g1 a0 t1             0.7586349       0.0709104       0.5953629       0.8703705                          
     2:p g1 a1 t2             0.7346172       0.0718259       0.5734807       0.8507234                          
     3:p g1 a2 t3             0.7290783       0.0721610       0.5680515       0.8463163                          
     4:Psi g1 a0 t1           0.1438107       0.0320481       0.0916092       0.2185999                          


                      Estimates of Derived Parameters
         Occupancy Estimates of { p(~effort + LWD)Psi(~pctrock) }
                                            95% Confidence Interval
 Group   Psi-hat         Standard Error      Lower           Upper
 -----   --------------  --------------  --------------  --------------
   1      0.1438107       0.0320481       0.0916092       0.2185999    

   CPU Time for the last procedure was 0.08 seconds.     

  Program  MARK  - Survival Rate Estimation with Capture-Recapture Data
   gfortran(dble) Vers. 9.0 Mar 2018     3-Dec-2019 11:07:12    Page  004
 - - - - - - - - - - - - - - - - - - - - - - - - - - - - - - - - - - - - - -
 


  INPUT --- proc stop;

     CPU Time in minutes for this job was 0.00

     Time Start = 11:07:11.486   Time End = 11:07:12.750

     Wall Clock Time in minutes for this job was 0.02


          E X E C U T I O N   S U C C E S S F U L 
