
   Program  MARK  - Survival Rate Estimation with Capture-Recapture Data
   gfortran(dble) Vers. 9.0 Mar 2018     3-Dec-2019 10:57:19    Page  001
 - - - - - - - - - - - - - - - - - - - - - - - - - - - - - - - - - - - - - -
 
   This version was compiled by GCC version 7.2.0 using the options: 
     -cpp -iprefix C:/Program Files/mingw-w64/x86_64-7.2.0-posix-seh-rt_v5-rev1/
     mingw64/bin/../lib/gcc/x86_64-w64-mingw32/7.2.0/ -D_MT -D_REENTRANT
     -U_REENTRANT -D IEEE -D DBLEPRECISION -m64 -mtune=core2 -march=nocona -mthreads
     -O2 -fimplicit-none -fbounds-check -funroll-loops -ftree-vectorize
     -ffpe-summary=invalid,zero,overflow,underflow -fno-unsafe-math-optimizations
     -frounding-math -fsignaling-nans -fopenmp.

   This problem will use 7 of 8 possible threads.


  INPUT --- proc title ;

   CPU Time for the last procedure was 0.01 seconds.     


  INPUT --- proc chmatrix occasions= 3 groups= 1 etype= Occupancy 
  INPUT --- Nodes= 101 icovar = 7 ICMeans  NoHist hist= 138 ;

  INPUT ---    time interval 1 1 1 ;

  INPUT ---     icovariates effort1 effort2 effort3 undr1 undr2 undr3  
  INPUT ---    HAiFLS_alt ;

  INPUT ---    glabel(1)=freq1;

      Number of unique encounter histories read was 138.

      Number of individual covariates read was 7.
      Time interval lengths are all equal to 1.

      Data type number is 27
      Data type is Occupancy Estimation with Detection < 1                                                             

   CPU Time for the last procedure was 0.01 seconds.     

  Program  MARK  - Survival Rate Estimation with Capture-Recapture Data
   gfortran(dble) Vers. 9.0 Mar 2018     3-Dec-2019 10:57:19    Page  002
 - - - - - - - - - - - - - - - - - - - - - - - - - - - - - - - - - - - - - -
 


  INPUT --- proc estimate link=Logit NOLOOP varest=2ndPart    ;


  INPUT --- model={ p(~effort + undr)Psi(~HAiFLS_alt) };

  INPUT ---    group=1 p    rows=1 cols=3 Square ;
  INPUT ---        1 2 3 ;

  INPUT ---    group=1 Psi    rows=1 cols=1 Square ;
  INPUT ---        4 ;

  INPUT ---    design matrix constraints=4 covariates=5;
  INPUT ---        1 effort1 undr1 0 0;
  INPUT ---        1 effort2 undr2 0 0;
  INPUT ---        1 effort3 undr3 0 0;
  INPUT ---        0 0 0 1 HAiFLS_alt;
  INPUT ---       blabel(1)=p:(Intercept);
  INPUT ---       blabel(2)=p:effort;
  INPUT ---       blabel(3)=p:undr;
  INPUT ---       blabel(4)=Psi:(Intercept);
  INPUT ---       blabel(5)=Psi:HAiFLS_alt;
  INPUT ---       rlabel(1)=p g1 a0 t1;
  INPUT ---       rlabel(2)=p g1 a1 t2;
  INPUT ---       rlabel(3)=p g1 a2 t3;
  INPUT ---       rlabel(4)=Psi g1 a0 t1;

 Link Function Used is LOGIT        

 Variance Estimation Procedure Used is 2ndPart 
 -2logL(saturated) = 0.0000000     
 Effective Sample Size = 138

 Number of function evaluations was 17 for 5 parameters.
 Time for numerical optimization was 0.02 seconds.     
 -2logL { p(~effort + undr)Psi(~HAiFLS_alt) } = 162.64172     
 Penalty { p(~effort + undr)Psi(~HAiFLS_alt) } = 0.0000000     
 Gradient { p(~effort + undr)Psi(~HAiFLS_alt) }:
  0.1129131E-05   0.000000       0.000000      0.1297903E-05   0.000000    
 Maximum ABS(G) { p(~effort + undr)Psi(~HAiFLS_alt) } = 0.1297903E-05 
 S Vector { p(~effort + undr)Psi(~HAiFLS_alt) }:
   21.24651      8.167027      1.052955     0.3085652     0.1032816    
 Time to compute number of parameters was 0.01 seconds.     
 Ratio Threshold = 50.000000       Max Gap (2/3) = 7.7562930       Next Max Gap (3/4) = 3.4124230     
 Gap Method for Num. of Estimated Parameters { p(~effort + undr)Psi(~HAiFLS_alt) } = 5          
 Threshold { p(~effort + undr)Psi(~HAiFLS_alt) } = 0.2595806E-05                 
 Numerical Threshold Method for Num. of Estimated Parameters { p(~effort + undr)Psi(~HAiFLS_alt) } = 5          
 Number of Estimated Parameters { p(~effort + undr)Psi(~HAiFLS_alt) } = 5          
 DEVIANCE { p(~effort + undr)Psi(~HAiFLS_alt) } = 162.64172                     
 DEVIANCE Degrees of Freedom { p(~effort + undr)Psi(~HAiFLS_alt) } = 133            
 c-hat { p(~effort + undr)Psi(~HAiFLS_alt) } = 1.2228701                     
 AIC { p(~effort + undr)Psi(~HAiFLS_alt) } = 172.64172                  
 AICc { p(~effort + undr)Psi(~HAiFLS_alt) } = 173.09627                    
 BIC { p(~effort + undr)Psi(~HAiFLS_alt) } = 187.27799                    
 Pearson Chisquare { p(~effort + undr)Psi(~HAiFLS_alt) } = 818.16978                  

  Program  MARK  - Survival Rate Estimation with Capture-Recapture Data
   gfortran(dble) Vers. 9.0 Mar 2018     3-Dec-2019 10:57:19    Page  003
 - - - - - - - - - - - - - - - - - - - - - - - - - - - - - - - - - - - - - -
 


            LOGIT Link Function Parameters of { p(~effort + undr)Psi(~HAiFLS_alt) }
                                                              95% Confidence Interval
 Parameter                    Beta         Standard Error      Lower           Upper
 -------------------------  --------------  --------------  --------------  --------------
    1:p:(Intercept)         -0.6892178       0.7428696      -2.1452423       0.7668067    
    2:p:effort               0.0015430       0.7675038E-03   0.3868439E-04   0.0030473    
    3:p:undr                 0.4771319       0.5044631      -0.5116159       1.4658797    
    4:Psi:(Intercept)       -0.4695617       0.5599279      -1.5670205       0.6278970    
    5:Psi:HAiFLS_alt        -0.0202506       0.0083721      -0.0366600      -0.0038413    


            Real Function Parameters of { p(~effort + undr)Psi(~HAiFLS_alt) }

      Following estimates based on unstandardized individual covariate values:
          Variable   Value         
          ---------  ------------- 
          EFFORT1     906.23188    
          EFFORT2     834.18841    
          EFFORT3     818.18116    
          UNDR1       0.5869565    
          UNDR2       0.5483092    
          UNDR3       0.5042271    
          HAIFLS_ALT  69.284136    
                                                               95% Confidence Interval
  Parameter                  Estimate       Standard Error      Lower           Upper
 --------------------------  --------------  --------------  --------------  --------------
     1:p g1 a0 t1             0.7289193       0.0770158       0.5560653       0.8523414                          
     2:p g1 a1 t2             0.7025653       0.0786394       0.5304495       0.8316181                          
     3:p g1 a2 t3             0.6929212       0.0805166       0.5180289       0.8257034                          
     4:Psi g1 a0 t1           0.1332401       0.0319993       0.0819843       0.2092369                          


                      Estimates of Derived Parameters
       Occupancy Estimates of { p(~effort + undr)Psi(~HAiFLS_alt) }
                                            95% Confidence Interval
 Group   Psi-hat         Standard Error      Lower           Upper
 -----   --------------  --------------  --------------  --------------
   1      0.1332401       0.0319993       0.0819843       0.2092369    

   CPU Time for the last procedure was 0.02 seconds.     

  Program  MARK  - Survival Rate Estimation with Capture-Recapture Data
   gfortran(dble) Vers. 9.0 Mar 2018     3-Dec-2019 10:57:19    Page  004
 - - - - - - - - - - - - - - - - - - - - - - - - - - - - - - - - - - - - - -
 


  INPUT --- proc stop;

     CPU Time in minutes for this job was 0.00

     Time Start = 10:57:19.465   Time End = 10:57:19.566

     Wall Clock Time in minutes for this job was 0.00


          E X E C U T I O N   S U C C E S S F U L 
