
   Program  MARK  - Survival Rate Estimation with Capture-Recapture Data
   gfortran(dble) Vers. 9.0 Mar 2018     3-Dec-2019 10:56:12    Page  001
 - - - - - - - - - - - - - - - - - - - - - - - - - - - - - - - - - - - - - -
 
   This version was compiled by GCC version 7.2.0 using the options: 
     -cpp -iprefix C:/Program Files/mingw-w64/x86_64-7.2.0-posix-seh-rt_v5-rev1/
     mingw64/bin/../lib/gcc/x86_64-w64-mingw32/7.2.0/ -D_MT -D_REENTRANT
     -U_REENTRANT -D IEEE -D DBLEPRECISION -m64 -mtune=core2 -march=nocona -mthreads
     -O2 -fimplicit-none -fbounds-check -funroll-loops -ftree-vectorize
     -ffpe-summary=invalid,zero,overflow,underflow -fno-unsafe-math-optimizations
     -frounding-math -fsignaling-nans -fopenmp.

   This problem will use 7 of 8 possible threads.


  INPUT --- proc title ;

   CPU Time for the last procedure was 0.01 seconds.     


  INPUT --- proc chmatrix occasions= 3 groups= 1 etype= Occupancy 
  INPUT --- Nodes= 101 icovar = 7 ICMeans  NoHist hist= 138 ;

  INPUT ---    time interval 1 1 1 ;

  INPUT ---     icovariates effort1 effort2 effort3 mxdep1 mxdep2 mxdep3  
  INPUT ---    avdep ;

  INPUT ---    glabel(1)=freq1;

      Number of unique encounter histories read was 138.

      Number of individual covariates read was 7.
      Time interval lengths are all equal to 1.

      Data type number is 27
      Data type is Occupancy Estimation with Detection < 1                                                             

   CPU Time for the last procedure was 0.01 seconds.     

  Program  MARK  - Survival Rate Estimation with Capture-Recapture Data
   gfortran(dble) Vers. 9.0 Mar 2018     3-Dec-2019 10:56:12    Page  002
 - - - - - - - - - - - - - - - - - - - - - - - - - - - - - - - - - - - - - -
 


  INPUT --- proc estimate link=Logit NOLOOP varest=2ndPart    ;


  INPUT --- model={ p(~effort + mxdep)Psi(~avdep) };

  INPUT ---    group=1 p    rows=1 cols=3 Square ;
  INPUT ---        1 2 3 ;

  INPUT ---    group=1 Psi    rows=1 cols=1 Square ;
  INPUT ---        4 ;

  INPUT ---    design matrix constraints=4 covariates=5;
  INPUT ---        1 effort1 mxdep1 0 0;
  INPUT ---        1 effort2 mxdep2 0 0;
  INPUT ---        1 effort3 mxdep3 0 0;
  INPUT ---        0 0 0 1 avdep;
  INPUT ---       blabel(1)=p:(Intercept);
  INPUT ---       blabel(2)=p:effort;
  INPUT ---       blabel(3)=p:mxdep;
  INPUT ---       blabel(4)=Psi:(Intercept);
  INPUT ---       blabel(5)=Psi:avdep;
  INPUT ---       rlabel(1)=p g1 a0 t1;
  INPUT ---       rlabel(2)=p g1 a1 t2;
  INPUT ---       rlabel(3)=p g1 a2 t3;
  INPUT ---       rlabel(4)=Psi g1 a0 t1;

 Link Function Used is LOGIT        

 Variance Estimation Procedure Used is 2ndPart 
 -2logL(saturated) = 0.0000000     
 Effective Sample Size = 138

 Number of function evaluations was 31 for 5 parameters.
 Time for numerical optimization was 0.03 seconds.     
 -2logL { p(~effort + mxdep)Psi(~avdep) } = 167.47601     
 Penalty { p(~effort + mxdep)Psi(~avdep) } = 0.0000000     
 Gradient { p(~effort + mxdep)Psi(~avdep) }:
  0.2508685E-05 -0.7973917E-06   0.000000      0.1379459E-05   0.000000    
 Maximum ABS(G) { p(~effort + mxdep)Psi(~avdep) } = 0.2508685E-05 
 S Vector { p(~effort + mxdep)Psi(~avdep) }:
   17.51693      8.088706     0.1353382     0.1185639     0.8692255E-03
 Time to compute number of parameters was 0.02 seconds.     
 Ratio Threshold = 50.000000       Max Gap (4/5) = 136.40173       Next Max Gap (2/3) = 59.766625     
 Gap Method for Num. of Estimated Parameters { p(~effort + mxdep)Psi(~avdep) } = 2          
 Threshold { p(~effort + mxdep)Psi(~avdep) } = 0.5017371E-05                 
 Numerical Threshold Method for Num. of Estimated Parameters { p(~effort + mxdep)Psi(~avdep) } = 5          
 Number of Estimated Parameters { p(~effort + mxdep)Psi(~avdep) } = 5          

   * *  WARNING  * *   Number of parameters estimated from gap method (=2) and threshold method (=5) differ.  Inspect full output.                                                                                                                                                                                                                                                                                                                                                                                                                      

  Program  MARK  - Survival Rate Estimation with Capture-Recapture Data
   gfortran(dble) Vers. 9.0 Mar 2018     3-Dec-2019 10:56:13    Page  003
 - - - - - - - - - - - - - - - - - - - - - - - - - - - - - - - - - - - - - -
 
 Ratios of S Vector { p(~effort + mxdep)Psi(~avdep) }:
   1/2    2.165603       2/3    59.76663       3/4    1.141479       4/5    136.4017    
 DEVIANCE { p(~effort + mxdep)Psi(~avdep) } = 167.47601                     
 DEVIANCE Degrees of Freedom { p(~effort + mxdep)Psi(~avdep) } = 133            
 c-hat { p(~effort + mxdep)Psi(~avdep) } = 1.2592181                     
 AIC { p(~effort + mxdep)Psi(~avdep) } = 177.47601                  
 AICc { p(~effort + mxdep)Psi(~avdep) } = 177.93055                    
 BIC { p(~effort + mxdep)Psi(~avdep) } = 192.11227                    
 Pearson Chisquare { p(~effort + mxdep)Psi(~avdep) } = 966.65161                  


              LOGIT Link Function Parameters of { p(~effort + mxdep)Psi(~avdep) }
                                                              95% Confidence Interval
 Parameter                    Beta         Standard Error      Lower           Upper
 -------------------------  --------------  --------------  --------------  --------------
    1:p:(Intercept)         -1.2808943       0.9752716      -3.1924267       0.6306382    
    2:p:effort               0.9488389E-03   0.7866378E-03  -0.5929712E-03   0.0024906    
    3:p:mxdep                2.8007538       2.1173762      -1.3493037       6.9508112    
    4:Psi:(Intercept)       -1.7653585       0.7559659      -3.2470516      -0.2836653    
    5:Psi:avdep             -0.0222135       2.7145899      -5.3428099       5.2983828    


              Real Function Parameters of { p(~effort + mxdep)Psi(~avdep) }

      Following estimates based on unstandardized individual covariate values:
          Variable   Value         
          ---------  ------------- 
          EFFORT1     906.23188    
          EFFORT2     834.18841    
          EFFORT3     818.18116    
          MXDEP1      0.5167391    
          MXDEP2      0.4846377    
          MXDEP3      0.6304348    
          AVDEP       0.2562426    
                                                               95% Confidence Interval
  Parameter                  Estimate       Standard Error      Lower           Upper
 --------------------------  --------------  --------------  --------------  --------------
     1:p g1 a0 t1             0.7361849       0.0730114       0.5718529       0.8535913                          
     2:p g1 a1 t2             0.7043225       0.0757605       0.5386565       0.8293459                          
     3:p g1 a2 t3             0.7792189       0.0795169       0.5878758       0.8972513                          
     4:Psi g1 a0 t1           0.1454117       0.0314770       0.0938488       0.2184742                          


                      Estimates of Derived Parameters
         Occupancy Estimates of { p(~effort + mxdep)Psi(~avdep) }
                                            95% Confidence Interval
 Group   Psi-hat         Standard Error      Lower           Upper
 -----   --------------  --------------  --------------  --------------
   1      0.1454117       0.0314770       0.0938488       0.2184742    

 Attempted ordering of parameters by estimatibility:
  4 1 5 2 3
 Beta number 3 is a singular value.

   CPU Time for the last procedure was 0.05 seconds.     

  Program  MARK  - Survival Rate Estimation with Capture-Recapture Data
   gfortran(dble) Vers. 9.0 Mar 2018     3-Dec-2019 10:56:13    Page  004
 - - - - - - - - - - - - - - - - - - - - - - - - - - - - - - - - - - - - - -
 


  INPUT --- proc stop;

     CPU Time in minutes for this job was 0.00

     Time Start = 10:56:12.949   Time End = 10:56:13.060

     Wall Clock Time in minutes for this job was 0.00


          E X E C U T I O N   S U C C E S S F U L 
