
   Program  MARK  - Survival Rate Estimation with Capture-Recapture Data
   gfortran(dble) Vers. 9.0 Mar 2018     3-Dec-2019 10:56:50    Page  001
 - - - - - - - - - - - - - - - - - - - - - - - - - - - - - - - - - - - - - -
 
   This version was compiled by GCC version 7.2.0 using the options: 
     -cpp -iprefix C:/Program Files/mingw-w64/x86_64-7.2.0-posix-seh-rt_v5-rev1/
     mingw64/bin/../lib/gcc/x86_64-w64-mingw32/7.2.0/ -D_MT -D_REENTRANT
     -U_REENTRANT -D IEEE -D DBLEPRECISION -m64 -mtune=core2 -march=nocona -mthreads
     -O2 -fimplicit-none -fbounds-check -funroll-loops -ftree-vectorize
     -ffpe-summary=invalid,zero,overflow,underflow -fno-unsafe-math-optimizations
     -frounding-math -fsignaling-nans -fopenmp.

   This problem will use 7 of 8 possible threads.


  INPUT --- proc title ;

   CPU Time for the last procedure was 0.02 seconds.     


  INPUT --- proc chmatrix occasions= 3 groups= 1 etype= Occupancy 
  INPUT --- Nodes= 101 icovar = 4 ICMeans  NoHist hist= 138 ;

  INPUT ---    time interval 1 1 1 ;

  INPUT ---     icovariates effort1 effort2 effort3 under ;

  INPUT ---    glabel(1)=freq1;

      Number of unique encounter histories read was 138.

      Number of individual covariates read was 4.
      Time interval lengths are all equal to 1.

      Data type number is 27
      Data type is Occupancy Estimation with Detection < 1                                                             

   CPU Time for the last procedure was 0.01 seconds.     

  Program  MARK  - Survival Rate Estimation with Capture-Recapture Data
   gfortran(dble) Vers. 9.0 Mar 2018     3-Dec-2019 10:56:50    Page  002
 - - - - - - - - - - - - - - - - - - - - - - - - - - - - - - - - - - - - - -
 


  INPUT --- proc estimate link=Logit NOLOOP varest=2ndPart    ;


  INPUT --- model={ p(~effort + under)Psi(~1) };

  INPUT ---    group=1 p    rows=1 cols=3 Square ;
  INPUT ---        1 2 3 ;

  INPUT ---    group=1 Psi    rows=1 cols=1 Square ;
  INPUT ---        4 ;

  INPUT ---    design matrix constraints=4 covariates=4;
  INPUT ---        1 effort1 under 0;
  INPUT ---        1 effort2 under 0;
  INPUT ---        1 effort3 under 0;
  INPUT ---        0 0 0 1;
  INPUT ---       blabel(1)=p:(Intercept);
  INPUT ---       blabel(2)=p:effort;
  INPUT ---       blabel(3)=p:under;
  INPUT ---       blabel(4)=Psi:(Intercept);
  INPUT ---       rlabel(1)=p g1 a0 t1;
  INPUT ---       rlabel(2)=p g1 a1 t2;
  INPUT ---       rlabel(3)=p g1 a2 t3;
  INPUT ---       rlabel(4)=Psi g1 a0 t1;

 Link Function Used is LOGIT        

 Variance Estimation Procedure Used is 2ndPart 
 -2logL(saturated) = 0.0000000     
 Effective Sample Size = 138

 Number of function evaluations was 16 for 4 parameters.
 Time for numerical optimization was 0.09 seconds.     
 -2logL { p(~effort + under)Psi(~1) } = 169.15948     
 Penalty { p(~effort + under)Psi(~1) } = 0.0000000     
 Gradient { p(~effort + under)Psi(~1) }:
   0.000000       0.000000       0.000000      0.6879435E-06
 Maximum ABS(G) { p(~effort + under)Psi(~1) } = 0.6879435E-06 
 S Vector { p(~effort + under)Psi(~1) }:
   16.53635      8.936632     0.4844839     0.1015778    
 Time to compute number of parameters was 0.01 seconds.     
 Ratio Threshold = 50.000000       Max Gap (2/3) = 18.445673       Next Max Gap (3/4) = 4.7695822     
 Gap Method for Num. of Estimated Parameters { p(~effort + under)Psi(~1) } = 4          
 Threshold { p(~effort + under)Psi(~1) } = 0.1375887E-05                 
 Numerical Threshold Method for Num. of Estimated Parameters { p(~effort + under)Psi(~1) } = 4          
 Number of Estimated Parameters { p(~effort + under)Psi(~1) } = 4          
 DEVIANCE { p(~effort + under)Psi(~1) } = 169.15948                     
 DEVIANCE Degrees of Freedom { p(~effort + under)Psi(~1) } = 134            
 c-hat { p(~effort + under)Psi(~1) } = 1.2623841                     
 AIC { p(~effort + under)Psi(~1) } = 177.15948                  
 AICc { p(~effort + under)Psi(~1) } = 177.46023                    
 BIC { p(~effort + under)Psi(~1) } = 188.86849                    
 Pearson Chisquare { p(~effort + under)Psi(~1) } = 887.11022                  

  Program  MARK  - Survival Rate Estimation with Capture-Recapture Data
   gfortran(dble) Vers. 9.0 Mar 2018     3-Dec-2019 10:56:50    Page  003
 - - - - - - - - - - - - - - - - - - - - - - - - - - - - - - - - - - - - - -
 


                LOGIT Link Function Parameters of { p(~effort + under)Psi(~1) }
                                                              95% Confidence Interval
 Parameter                    Beta         Standard Error      Lower           Upper
 -------------------------  --------------  --------------  --------------  --------------
    1:p:(Intercept)         -0.5014671       0.7498294      -1.9711327       0.9681985    
    2:p:effort               0.0015547       0.7751491E-03   0.3537281E-04   0.0030740    
    3:p:under                0.2088380       0.5701529      -0.9086618       1.3263377    
    4:Psi:(Intercept)       -1.7725367       0.2534133      -2.2692269      -1.2758466    


                Real Function Parameters of { p(~effort + under)Psi(~1) }

      Following estimates based on unstandardized individual covariate values:
          Variable   Value         
          ---------  ------------- 
          EFFORT1     906.23188    
          EFFORT2     834.18841    
          EFFORT3     818.18116    
          UNDER       0.5466074    
                                                               95% Confidence Interval
  Parameter                  Estimate       Standard Error      Lower           Upper
 --------------------------  --------------  --------------  --------------  --------------
     1:p g1 a0 t1             0.7352788       0.0781137       0.5584794       0.8591383                          
     2:p g1 a1 t2             0.7129119       0.0783776       0.5396638       0.8402579                          
     3:p g1 a2 t3             0.7077917       0.0785643       0.5349805       0.8360621                          
     4:Psi g1 a0 t1           0.1452271       0.0314578       0.0937038       0.2182581                          


                      Estimates of Derived Parameters
           Occupancy Estimates of { p(~effort + under)Psi(~1) }
                                            95% Confidence Interval
 Group   Psi-hat         Standard Error      Lower           Upper
 -----   --------------  --------------  --------------  --------------
   1      0.1452271       0.0314578       0.0937038       0.2182581    

   CPU Time for the last procedure was 0.09 seconds.     

  Program  MARK  - Survival Rate Estimation with Capture-Recapture Data
   gfortran(dble) Vers. 9.0 Mar 2018     3-Dec-2019 10:56:50    Page  004
 - - - - - - - - - - - - - - - - - - - - - - - - - - - - - - - - - - - - - -
 


  INPUT --- proc stop;

     CPU Time in minutes for this job was 0.00

     Time Start = 10:56:50.288   Time End = 10:56:50.390

     Wall Clock Time in minutes for this job was 0.00


          E X E C U T I O N   S U C C E S S F U L 
