
   Program  MARK  - Survival Rate Estimation with Capture-Recapture Data
   gfortran(dble) Vers. 9.0 Mar 2018     3-Dec-2019 12:22:15    Page  001
 - - - - - - - - - - - - - - - - - - - - - - - - - - - - - - - - - - - - - -
 
   This version was compiled by GCC version 7.2.0 using the options: 
     -cpp -iprefix C:/Program Files/mingw-w64/x86_64-7.2.0-posix-seh-rt_v5-rev1/
     mingw64/bin/../lib/gcc/x86_64-w64-mingw32/7.2.0/ -D_MT -D_REENTRANT
     -U_REENTRANT -D IEEE -D DBLEPRECISION -m64 -mtune=core2 -march=nocona -mthreads
     -O2 -fimplicit-none -fbounds-check -funroll-loops -ftree-vectorize
     -ffpe-summary=invalid,zero,overflow,underflow -fno-unsafe-math-optimizations
     -frounding-math -fsignaling-nans -fopenmp.

   This problem will use 7 of 8 possible threads.


  INPUT --- proc title ;

   CPU Time for the last procedure was 0.01 seconds.     


  INPUT --- proc chmatrix occasions= 3 groups= 1 etype= Occupancy 
  INPUT --- Nodes= 101 icovar = 2 ICMeans  NoHist hist= 138 ;

  INPUT ---    time interval 1 1 1 ;

  INPUT ---     icovariates effsec BRT_100m ;

  INPUT ---    glabel(1)=freq1;

      Number of unique encounter histories read was 138.

      Number of individual covariates read was 2.
      Time interval lengths are all equal to 1.

      Data type number is 27
      Data type is Occupancy Estimation with Detection < 1                                                             

   CPU Time for the last procedure was 0.01 seconds.     

  Program  MARK  - Survival Rate Estimation with Capture-Recapture Data
   gfortran(dble) Vers. 9.0 Mar 2018     3-Dec-2019 12:22:15    Page  002
 - - - - - - - - - - - - - - - - - - - - - - - - - - - - - - - - - - - - - -
 


  INPUT --- proc estimate link=Logit NOLOOP varest=2ndPart    ;


  INPUT --- model={ p(~effsec)Psi(~BRT_100m) };

  INPUT ---    group=1 p    rows=1 cols=3 Square ;
  INPUT ---        1 1 1 ;

  INPUT ---    group=1 Psi    rows=1 cols=1 Square ;
  INPUT ---        2 ;

  INPUT ---    design matrix constraints=2 covariates=4;
  INPUT ---        1 effsec 0 0;
  INPUT ---        0 0 1 BRT_100m;
  INPUT ---       blabel(1)=p:(Intercept);
  INPUT ---       blabel(2)=p:effsec;
  INPUT ---       blabel(3)=Psi:(Intercept);
  INPUT ---       blabel(4)=Psi:BRT_100m;
  INPUT ---       rlabel(1)=p g1 a0 t1;
  INPUT ---       rlabel(2)=Psi g1 a0 t1;

 Link Function Used is LOGIT        

 Variance Estimation Procedure Used is 2ndPart 
 -2logL(saturated) = 0.0000000     
 Effective Sample Size = 138

 Number of function evaluations was 16 for 4 parameters.
 Time for numerical optimization was 0.06 seconds.     
 -2logL { p(~effsec)Psi(~BRT_100m) } = 166.02810     
 Penalty { p(~effsec)Psi(~BRT_100m) } = 0.0000000     
 Gradient { p(~effsec)Psi(~BRT_100m) }:
   0.000000       0.000000     -0.6122847E-06   0.000000    
 Maximum ABS(G) { p(~effsec)Psi(~BRT_100m) } = 0.6122847E-06 
 S Vector { p(~effsec)Psi(~BRT_100m) }:
   15.74091      9.191621     0.3988536     0.2118674    
 Time to compute number of parameters was 0.01 seconds.     
 Ratio Threshold = 50.000000       Max Gap (2/3) = 23.045099       Next Max Gap (3/4) = 1.8825628     
 Gap Method for Num. of Estimated Parameters { p(~effsec)Psi(~BRT_100m) } = 4          
 Threshold { p(~effsec)Psi(~BRT_100m) } = 0.1224569E-05                 
 Numerical Threshold Method for Num. of Estimated Parameters { p(~effsec)Psi(~BRT_100m) } = 4          
 Number of Estimated Parameters { p(~effsec)Psi(~BRT_100m) } = 4          
 DEVIANCE { p(~effsec)Psi(~BRT_100m) } = 166.02810                     
 DEVIANCE Degrees of Freedom { p(~effsec)Psi(~BRT_100m) } = 134            
 c-hat { p(~effsec)Psi(~BRT_100m) } = 1.2390157                     
 AIC { p(~effsec)Psi(~BRT_100m) } = 174.02810                  
 AICc { p(~effsec)Psi(~BRT_100m) } = 174.32885                    
 BIC { p(~effsec)Psi(~BRT_100m) } = 185.73711                    
 Pearson Chisquare { p(~effsec)Psi(~BRT_100m) } = 826.67238                  


                 LOGIT Link Function Parameters of { p(~effsec)Psi(~BRT_100m) }
                                                              95% Confidence Interval
 Parameter                    Beta         Standard Error      Lower           Upper
 -------------------------  --------------  --------------  --------------  --------------
    1:p:(Intercept)         -0.1186333       0.6471122      -1.3869732       1.1497065    
    2:p:effsec               0.4043267E-03   0.2292134E-03  -0.4493159E-04   0.8535850E-03
    3:Psi:(Intercept)       -2.1151336       0.3097606      -2.7222644      -1.5080027    

  Program  MARK  - Survival Rate Estimation with Capture-Recapture Data
   gfortran(dble) Vers. 9.0 Mar 2018     3-Dec-2019 12:22:16    Page  003
 - - - - - - - - - - - - - - - - - - - - - - - - - - - - - - - - - - - - - -
 
    4:Psi:BRT_100m           0.0366531       0.0164377       0.0044352       0.0688710    


                 Real Function Parameters of { p(~effsec)Psi(~BRT_100m) }

      Following estimates based on unstandardized individual covariate values:
          Variable   Value         
          ---------  ------------- 
          EFFSEC      2558.6014    
          BRT_100M    6.7817616    
                                                               95% Confidence Interval
  Parameter                  Estimate       Standard Error      Lower           Upper
 --------------------------  --------------  --------------  --------------  --------------
     1:p g1 a0 t1             0.7142014       0.0694138       0.5620154       0.8295455                          
     2:Psi g1 a0 t1           0.1339402       0.0307257       0.0842683       0.2062951                          


                      Estimates of Derived Parameters
           Occupancy Estimates of { p(~effsec)Psi(~BRT_100m) }
                                            95% Confidence Interval
 Group   Psi-hat         Standard Error      Lower           Upper
 -----   --------------  --------------  --------------  --------------
   1      0.1339402       0.0307257       0.0842683       0.2062951    

   CPU Time for the last procedure was 0.06 seconds.     

  Program  MARK  - Survival Rate Estimation with Capture-Recapture Data
   gfortran(dble) Vers. 9.0 Mar 2018     3-Dec-2019 12:22:16    Page  004
 - - - - - - - - - - - - - - - - - - - - - - - - - - - - - - - - - - - - - -
 


  INPUT --- proc stop;

     CPU Time in minutes for this job was 0.00

     Time Start = 12:22:15.605   Time End = 12:22:16.933

     Wall Clock Time in minutes for this job was 0.02


          E X E C U T I O N   S U C C E S S F U L 
