
   Program  MARK  - Survival Rate Estimation with Capture-Recapture Data
   gfortran(dble) Vers. 9.0 Mar 2018     3-Dec-2019 11:08:32    Page  001
 - - - - - - - - - - - - - - - - - - - - - - - - - - - - - - - - - - - - - -
 
   This version was compiled by GCC version 7.2.0 using the options: 
     -cpp -iprefix C:/Program Files/mingw-w64/x86_64-7.2.0-posix-seh-rt_v5-rev1/
     mingw64/bin/../lib/gcc/x86_64-w64-mingw32/7.2.0/ -D_MT -D_REENTRANT
     -U_REENTRANT -D IEEE -D DBLEPRECISION -m64 -mtune=core2 -march=nocona -mthreads
     -O2 -fimplicit-none -fbounds-check -funroll-loops -ftree-vectorize
     -ffpe-summary=invalid,zero,overflow,underflow -fno-unsafe-math-optimizations
     -frounding-math -fsignaling-nans -fopenmp.

   This problem will use 7 of 8 possible threads.


  INPUT --- proc title ;

   CPU Time for the last procedure was 0.01 seconds.     


  INPUT --- proc chmatrix occasions= 3 groups= 1 etype= Occupancy 
  INPUT --- Nodes= 101 icovar = 4 ICMeans  NoHist hist= 138 ;

  INPUT ---    time interval 1 1 1 ;

  INPUT ---     icovariates mxflow1 mxflow2 mxflow3 Sinuosity ;

  INPUT ---    glabel(1)=freq1;

      Number of unique encounter histories read was 138.

      Number of individual covariates read was 4.
      Time interval lengths are all equal to 1.

      Data type number is 27
      Data type is Occupancy Estimation with Detection < 1                                                             

   CPU Time for the last procedure was 0.01 seconds.     

  Program  MARK  - Survival Rate Estimation with Capture-Recapture Data
   gfortran(dble) Vers. 9.0 Mar 2018     3-Dec-2019 11:08:32    Page  002
 - - - - - - - - - - - - - - - - - - - - - - - - - - - - - - - - - - - - - -
 


  INPUT --- proc estimate link=Logit NOLOOP varest=2ndPart    ;


  INPUT --- model={ p(~mxflow)Psi(~Sinuosity) };

  INPUT ---    group=1 p    rows=1 cols=3 Square ;
  INPUT ---        1 2 3 ;

  INPUT ---    group=1 Psi    rows=1 cols=1 Square ;
  INPUT ---        4 ;

  INPUT ---    design matrix constraints=4 covariates=4;
  INPUT ---        1 mxflow1 0 0;
  INPUT ---        1 mxflow2 0 0;
  INPUT ---        1 mxflow3 0 0;
  INPUT ---        0 0 1 Sinuosity;
  INPUT ---       blabel(1)=p:(Intercept);
  INPUT ---       blabel(2)=p:mxflow;
  INPUT ---       blabel(3)=Psi:(Intercept);
  INPUT ---       blabel(4)=Psi:Sinuosity;
  INPUT ---       rlabel(1)=p g1 a0 t1;
  INPUT ---       rlabel(2)=p g1 a1 t2;
  INPUT ---       rlabel(3)=p g1 a2 t3;
  INPUT ---       rlabel(4)=Psi g1 a0 t1;

 Link Function Used is LOGIT        

 Variance Estimation Procedure Used is 2ndPart 
 -2logL(saturated) = 0.0000000     
 Effective Sample Size = 138

 Number of function evaluations was 26 for 4 parameters.
 Time for numerical optimization was 0.08 seconds.     
 -2logL { p(~mxflow)Psi(~Sinuosity) } = 175.26861     
 Penalty { p(~mxflow)Psi(~Sinuosity) } = 0.0000000     
 Gradient { p(~mxflow)Psi(~Sinuosity) }:
  0.1889392E-05  0.2023402E-06  0.3711996E-05  0.1623485E-05
 Maximum ABS(G) { p(~mxflow)Psi(~Sinuosity) } = 0.3711996E-05 
 S Vector { p(~mxflow)Psi(~Sinuosity) }:
   21.33352      9.637151     0.8905189E-01 0.2243036E-03
 Time to compute number of parameters was 0.01 seconds.     
 Ratio Threshold = 50.000000       Max Gap (3/4) = 397.01503       Next Max Gap (2/3) = 108.21950     
 Gap Method for Num. of Estimated Parameters { p(~mxflow)Psi(~Sinuosity) } = 2          
 Threshold { p(~mxflow)Psi(~Sinuosity) } = 0.7423991E-05                 
 Numerical Threshold Method for Num. of Estimated Parameters { p(~mxflow)Psi(~Sinuosity) } = 4          
 Number of Estimated Parameters { p(~mxflow)Psi(~Sinuosity) } = 4          

   * *  WARNING  * *   Number of parameters estimated from gap method (=2) and threshold method (=4) differ.  Inspect full output.                                                                                                                                                                                                                                                                                                                                                                                                                      
 Ratios of S Vector { p(~mxflow)Psi(~Sinuosity) }:
   1/2    2.213674       2/3    108.2195       3/4    397.0150    
 DEVIANCE { p(~mxflow)Psi(~Sinuosity) } = 175.26861                     
 DEVIANCE Degrees of Freedom { p(~mxflow)Psi(~Sinuosity) } = 134            
 c-hat { p(~mxflow)Psi(~Sinuosity) } = 1.3079747                     
 AIC { p(~mxflow)Psi(~Sinuosity) } = 183.26861                  
 AICc { p(~mxflow)Psi(~Sinuosity) } = 183.56936                    
 BIC { p(~mxflow)Psi(~Sinuosity) } = 194.97763                    
 Pearson Chisquare { p(~mxflow)Psi(~Sinuosity) } = 1065.3895                  

  Program  MARK  - Survival Rate Estimation with Capture-Recapture Data
   gfortran(dble) Vers. 9.0 Mar 2018     3-Dec-2019 11:08:33    Page  003
 - - - - - - - - - - - - - - - - - - - - - - - - - - - - - - - - - - - - - -
 


                LOGIT Link Function Parameters of { p(~mxflow)Psi(~Sinuosity) }
                                                              95% Confidence Interval
 Parameter                    Beta         Standard Error      Lower           Upper
 -------------------------  --------------  --------------  --------------  --------------
    1:p:(Intercept)          1.0190080       0.6600368      -0.2746641       2.3126802    
    2:p:mxflow              -0.1276734       1.0116301      -2.1104684       1.8551216    
    3:Psi:(Intercept)       -1.0553350       1.6404525      -4.2706220       2.1599521    
    4:Psi:Sinuosity         -0.6045945       1.3126150      -3.1773199       1.9681309    


                Real Function Parameters of { p(~mxflow)Psi(~Sinuosity) }

      Following estimates based on unstandardized individual covariate values:
          Variable   Value         
          ---------  ------------- 
          MXFLOW1     0.8952899    
          MXFLOW2     1.0911594    
          MXFLOW3     0.5689855    
          SINUOSITY   1.2535645    
                                                               95% Confidence Interval
  Parameter                  Estimate       Standard Error      Lower           Upper
 --------------------------  --------------  --------------  --------------  --------------
     1:p g1 a0 t1             0.7119151       0.0943535       0.5007491       0.8589275                          
     2:p g1 a1 t2             0.7067592       0.1279879       0.4180693       0.8899369                          
     3:p g1 a2 t3             0.7203833       0.0647357       0.5784616       0.8286750                          
     4:Psi g1 a0 t1           0.1402478       0.0301539       0.0908430       0.2103060                          


                      Estimates of Derived Parameters
           Occupancy Estimates of { p(~mxflow)Psi(~Sinuosity) }
                                            95% Confidence Interval
 Group   Psi-hat         Standard Error      Lower           Upper
 -----   --------------  --------------  --------------  --------------
   1      0.1402478       0.0301539       0.0908430       0.2103060    

 Attempted ordering of parameters by estimatibility:
  3 1 4 2
 Beta number 2 is a singular value.

   CPU Time for the last procedure was 0.08 seconds.     

  Program  MARK  - Survival Rate Estimation with Capture-Recapture Data
   gfortran(dble) Vers. 9.0 Mar 2018     3-Dec-2019 11:08:33    Page  004
 - - - - - - - - - - - - - - - - - - - - - - - - - - - - - - - - - - - - - -
 


  INPUT --- proc stop;

     CPU Time in minutes for this job was 0.00

     Time Start = 11:08:32.032   Time End = 11:08:33.319

     Wall Clock Time in minutes for this job was 0.02


          E X E C U T I O N   S U C C E S S F U L 
