
   Program  MARK  - Survival Rate Estimation with Capture-Recapture Data
   gfortran(dble) Vers. 9.0 Mar 2018     3-Dec-2019 11:07:34    Page  001
 - - - - - - - - - - - - - - - - - - - - - - - - - - - - - - - - - - - - - -
 
   This version was compiled by GCC version 7.2.0 using the options: 
     -cpp -iprefix C:/Program Files/mingw-w64/x86_64-7.2.0-posix-seh-rt_v5-rev1/
     mingw64/bin/../lib/gcc/x86_64-w64-mingw32/7.2.0/ -D_MT -D_REENTRANT
     -U_REENTRANT -D IEEE -D DBLEPRECISION -m64 -mtune=core2 -march=nocona -mthreads
     -O2 -fimplicit-none -fbounds-check -funroll-loops -ftree-vectorize
     -ffpe-summary=invalid,zero,overflow,underflow -fno-unsafe-math-optimizations
     -frounding-math -fsignaling-nans -fopenmp.

   This problem will use 7 of 8 possible threads.


  INPUT --- proc title ;

   CPU Time for the last procedure was 0.01 seconds.     


  INPUT --- proc chmatrix occasions= 3 groups= 1 etype= Occupancy 
  INPUT --- Nodes= 101 icovar = 2 ICMeans  NoHist hist= 135 ;

  INPUT ---    time interval 1 1 1 ;

  INPUT ---     icovariates under pctrock ;

  INPUT ---    glabel(1)=freq1;

      Number of unique encounter histories read was 135.

      Number of individual covariates read was 2.
      Time interval lengths are all equal to 1.

      Data type number is 27
      Data type is Occupancy Estimation with Detection < 1                                                             

   CPU Time for the last procedure was 0.02 seconds.     

  Program  MARK  - Survival Rate Estimation with Capture-Recapture Data
   gfortran(dble) Vers. 9.0 Mar 2018     3-Dec-2019 11:07:34    Page  002
 - - - - - - - - - - - - - - - - - - - - - - - - - - - - - - - - - - - - - -
 


  INPUT --- proc estimate link=Logit NOLOOP varest=2ndPart    ;


  INPUT --- model={ p(~under)Psi(~pctrock) };

  INPUT ---    group=1 p    rows=1 cols=3 Square ;
  INPUT ---        1 1 1 ;

  INPUT ---    group=1 Psi    rows=1 cols=1 Square ;
  INPUT ---        2 ;

  INPUT ---    design matrix constraints=2 covariates=4;
  INPUT ---        1 under 0 0;
  INPUT ---        0 0 1 pctrock;
  INPUT ---       blabel(1)=p:(Intercept);
  INPUT ---       blabel(2)=p:under;
  INPUT ---       blabel(3)=Psi:(Intercept);
  INPUT ---       blabel(4)=Psi:pctrock;
  INPUT ---       rlabel(1)=p g1 a0 t1;
  INPUT ---       rlabel(2)=Psi g1 a0 t1;

 Link Function Used is LOGIT        

 Variance Estimation Procedure Used is 2ndPart 
 -2logL(saturated) = 0.0000000     
 Effective Sample Size = 138

 Number of function evaluations was 13 for 4 parameters.
 Time for numerical optimization was 0.01 seconds.     
 -2logL { p(~under)Psi(~pctrock) } = 173.96155     
 Penalty { p(~under)Psi(~pctrock) } = 0.0000000     
 Gradient { p(~under)Psi(~pctrock) }:
 -0.1173603E-05   0.000000       0.000000       0.000000    
 Maximum ABS(G) { p(~under)Psi(~pctrock) } = 0.1173603E-05 
 S Vector { p(~under)Psi(~pctrock) }:
   25.07583      10.18723     0.5185112     0.5010773    
 Time to compute number of parameters was 0.01 seconds.     
 Ratio Threshold = 50.000000       Max Gap (2/3) = 19.647085       Next Max Gap (1/2) = 2.4614953     
 Gap Method for Num. of Estimated Parameters { p(~under)Psi(~pctrock) } = 4          
 Threshold { p(~under)Psi(~pctrock) } = 0.2347207E-05                 
 Numerical Threshold Method for Num. of Estimated Parameters { p(~under)Psi(~pctrock) } = 4          
 Number of Estimated Parameters { p(~under)Psi(~pctrock) } = 4          
 DEVIANCE { p(~under)Psi(~pctrock) } = 173.96155                     
 DEVIANCE Degrees of Freedom { p(~under)Psi(~pctrock) } = 134            
 c-hat { p(~under)Psi(~pctrock) } = 1.2982205                     
 AIC { p(~under)Psi(~pctrock) } = 181.96155                  
 AICc { p(~under)Psi(~pctrock) } = 182.26231                    
 BIC { p(~under)Psi(~pctrock) } = 193.67057                    
 Pearson Chisquare { p(~under)Psi(~pctrock) } = 1088.8537                  


                  LOGIT Link Function Parameters of { p(~under)Psi(~pctrock) }
                                                              95% Confidence Interval
 Parameter                    Beta         Standard Error      Lower           Upper
 -------------------------  --------------  --------------  --------------  --------------
    1:p:(Intercept)          0.6252073       0.5249814      -0.4037563       1.6541708    
    2:p:under                0.4165320       0.5477853      -0.6571272       1.4901911    
    3:Psi:(Intercept)       -2.5648264       0.8635362      -4.2573574      -0.8722955    

  Program  MARK  - Survival Rate Estimation with Capture-Recapture Data
   gfortran(dble) Vers. 9.0 Mar 2018     3-Dec-2019 11:07:34    Page  003
 - - - - - - - - - - - - - - - - - - - - - - - - - - - - - - - - - - - - - -
 
    4:Psi:pctrock            0.0108071       0.0113515      -0.0114417       0.0330560    


                  Real Function Parameters of { p(~under)Psi(~pctrock) }

      Following estimates based on unstandardized individual covariate values:
          Variable   Value         
          ---------  ------------- 
          UNDER       0.5466074    
          PCTROCK     68.678238    
                                                               95% Confidence Interval
  Parameter                  Estimate       Standard Error      Lower           Upper
 --------------------------  --------------  --------------  --------------  --------------
     1:p g1 a0 t1             0.7011723       0.0724992       0.5435664       0.8221621                          
     2:Psi g1 a0 t1           0.1391209       0.0305626       0.0892543       0.2104115                          


                      Estimates of Derived Parameters
            Occupancy Estimates of { p(~under)Psi(~pctrock) }
                                            95% Confidence Interval
 Group   Psi-hat         Standard Error      Lower           Upper
 -----   --------------  --------------  --------------  --------------
   1      0.1391209       0.0305626       0.0892543       0.2104115    

   CPU Time for the last procedure was 0.03 seconds.     

  Program  MARK  - Survival Rate Estimation with Capture-Recapture Data
   gfortran(dble) Vers. 9.0 Mar 2018     3-Dec-2019 11:07:34    Page  004
 - - - - - - - - - - - - - - - - - - - - - - - - - - - - - - - - - - - - - -
 


  INPUT --- proc stop;

     CPU Time in minutes for this job was 0.00

     Time Start = 11:07:34.652   Time End = 11:07:34.746

     Wall Clock Time in minutes for this job was 0.00


          E X E C U T I O N   S U C C E S S F U L 
