
   Program  MARK  - Survival Rate Estimation with Capture-Recapture Data
   gfortran(dble) Vers. 9.0 Mar 2018     3-Dec-2019 11:02:10    Page  001
 - - - - - - - - - - - - - - - - - - - - - - - - - - - - - - - - - - - - - -
 
   This version was compiled by GCC version 7.2.0 using the options: 
     -cpp -iprefix C:/Program Files/mingw-w64/x86_64-7.2.0-posix-seh-rt_v5-rev1/
     mingw64/bin/../lib/gcc/x86_64-w64-mingw32/7.2.0/ -D_MT -D_REENTRANT
     -U_REENTRANT -D IEEE -D DBLEPRECISION -m64 -mtune=core2 -march=nocona -mthreads
     -O2 -fimplicit-none -fbounds-check -funroll-loops -ftree-vectorize
     -ffpe-summary=invalid,zero,overflow,underflow -fno-unsafe-math-optimizations
     -frounding-math -fsignaling-nans -fopenmp.

   This problem will use 7 of 8 possible threads.


  INPUT --- proc title ;

   CPU Time for the last procedure was 0.01 seconds.     


  INPUT --- proc chmatrix occasions= 3 groups= 1 etype= Occupancy 
  INPUT --- Nodes= 101 icovar = 5 ICMeans  NoHist hist= 138 ;

  INPUT ---    time interval 1 1 1 ;

  INPUT ---     icovariates undr1 undr2 undr3 pctex21 depool ;

  INPUT ---    glabel(1)=freq1;

      Number of unique encounter histories read was 138.

      Number of individual covariates read was 5.
      Time interval lengths are all equal to 1.

      Data type number is 27
      Data type is Occupancy Estimation with Detection < 1                                                             

   CPU Time for the last procedure was 0.01 seconds.     

  Program  MARK  - Survival Rate Estimation with Capture-Recapture Data
   gfortran(dble) Vers. 9.0 Mar 2018     3-Dec-2019 11:02:10    Page  002
 - - - - - - - - - - - - - - - - - - - - - - - - - - - - - - - - - - - - - -
 


  INPUT --- proc estimate link=Logit NOLOOP varest=2ndPart    ;


  INPUT --- model={ p(~undr)Psi(~pctex21 + depool) };

  INPUT ---    group=1 p    rows=1 cols=3 Square ;
  INPUT ---        1 2 3 ;

  INPUT ---    group=1 Psi    rows=1 cols=1 Square ;
  INPUT ---        4 ;

  INPUT ---    design matrix constraints=4 covariates=5;
  INPUT ---        1 undr1 0 0 0;
  INPUT ---        1 undr2 0 0 0;
  INPUT ---        1 undr3 0 0 0;
  INPUT ---        0 0 1 pctex21 depool;
  INPUT ---       blabel(1)=p:(Intercept);
  INPUT ---       blabel(2)=p:undr;
  INPUT ---       blabel(3)=Psi:(Intercept);
  INPUT ---       blabel(4)=Psi:pctex21;
  INPUT ---       blabel(5)=Psi:depool;
  INPUT ---       rlabel(1)=p g1 a0 t1;
  INPUT ---       rlabel(2)=p g1 a1 t2;
  INPUT ---       rlabel(3)=p g1 a2 t3;
  INPUT ---       rlabel(4)=Psi g1 a0 t1;

 Link Function Used is LOGIT        

 Variance Estimation Procedure Used is 2ndPart 
 -2logL(saturated) = 0.0000000     
 Effective Sample Size = 138

 Number of function evaluations was 21 for 5 parameters.
 Time for numerical optimization was 0.06 seconds.     
 -2logL { p(~undr)Psi(~pctex21 + depool) } = 151.92458     
 Penalty { p(~undr)Psi(~pctex21 + depool) } = 0.0000000     
 Gradient { p(~undr)Psi(~pctex21 + depool) }:
   0.000000       0.000000      0.2189464E-05   0.000000       0.000000    
 Maximum ABS(G) { p(~undr)Psi(~pctex21 + depool) } = 0.2189464E-05 
 S Vector { p(~undr)Psi(~pctex21 + depool) }:
   15.69730      9.456764     0.6971254     0.3597527     0.1991919E-01
 Time to compute number of parameters was 0.03 seconds.     
 Ratio Threshold = 50.000000       Max Gap (4/5) = 18.060609       Next Max Gap (2/3) = 13.565370     
 Gap Method for Num. of Estimated Parameters { p(~undr)Psi(~pctex21 + depool) } = 5          
 Threshold { p(~undr)Psi(~pctex21 + depool) } = 0.4378927E-05                 
 Numerical Threshold Method for Num. of Estimated Parameters { p(~undr)Psi(~pctex21 + depool) } = 5          
 Number of Estimated Parameters { p(~undr)Psi(~pctex21 + depool) } = 5          
 DEVIANCE { p(~undr)Psi(~pctex21 + depool) } = 151.92458                     
 DEVIANCE Degrees of Freedom { p(~undr)Psi(~pctex21 + depool) } = 133            
 c-hat { p(~undr)Psi(~pctex21 + depool) } = 1.1422901                     
 AIC { p(~undr)Psi(~pctex21 + depool) } = 161.92458                  
 AICc { p(~undr)Psi(~pctex21 + depool) } = 162.37913                    
 BIC { p(~undr)Psi(~pctex21 + depool) } = 176.56085                    
 Pearson Chisquare { p(~undr)Psi(~pctex21 + depool) } = 813.84783                  

  Program  MARK  - Survival Rate Estimation with Capture-Recapture Data
   gfortran(dble) Vers. 9.0 Mar 2018     3-Dec-2019 11:02:10    Page  003
 - - - - - - - - - - - - - - - - - - - - - - - - - - - - - - - - - - - - - -
 


              LOGIT Link Function Parameters of { p(~undr)Psi(~pctex21 + depool) }
                                                              95% Confidence Interval
 Parameter                    Beta         Standard Error      Lower           Upper
 -------------------------  --------------  --------------  --------------  --------------
    1:p:(Intercept)          0.5600135       0.4491560      -0.3203322       1.4403592    
    2:p:undr                 0.5423959       0.4678904      -0.3746694       1.4594611    
    3:Psi:(Intercept)       -0.7422976       0.4991289      -1.7205902       0.2359950    
    4:Psi:pctex21           -0.6236851       0.2286626      -1.0718638      -0.1755064    
    5:Psi:depool            -0.0634148       0.4037357      -0.8547367       0.7279072    


              Real Function Parameters of { p(~undr)Psi(~pctex21 + depool) }

      Following estimates based on unstandardized individual covariate values:
          Variable   Value         
          ---------  ------------- 
          UNDR1       0.5869565    
          UNDR2       0.5483092    
          UNDR3       0.5042271    
          PCTEX21     4.8306834    
          DEPOOL      0.8757795    
                                                               95% Confidence Interval
  Parameter                  Estimate       Standard Error      Lower           Upper
 --------------------------  --------------  --------------  --------------  --------------
     1:p g1 a0 t1             0.7064856       0.0684683       0.5575475       0.8213525                          
     2:p g1 a1 t2             0.7021201       0.0695200       0.5512980       0.8188999                          
     3:p g1 a2 t3             0.6970954       0.0709670       0.5435799       0.8164150                          
     4:Psi g1 a0 t1           0.0216543       0.0210171       0.0031566       0.1339786                          


                      Estimates of Derived Parameters
        Occupancy Estimates of { p(~undr)Psi(~pctex21 + depool) }
                                            95% Confidence Interval
 Group   Psi-hat         Standard Error      Lower           Upper
 -----   --------------  --------------  --------------  --------------
   1      0.0216543       0.0210171       0.0031566       0.1339786    

   CPU Time for the last procedure was 0.09 seconds.     

  Program  MARK  - Survival Rate Estimation with Capture-Recapture Data
   gfortran(dble) Vers. 9.0 Mar 2018     3-Dec-2019 11:02:10    Page  004
 - - - - - - - - - - - - - - - - - - - - - - - - - - - - - - - - - - - - - -
 


  INPUT --- proc stop;

     CPU Time in minutes for this job was 0.00

     Time Start = 11:02:10.282   Time End = 11:02:10.988

     Wall Clock Time in minutes for this job was 0.01


          E X E C U T I O N   S U C C E S S F U L 
