
   Program  MARK  - Survival Rate Estimation with Capture-Recapture Data
   gfortran(dble) Vers. 9.0 Mar 2018     3-Dec-2019 11:03:01    Page  001
 - - - - - - - - - - - - - - - - - - - - - - - - - - - - - - - - - - - - - -
 
   This version was compiled by GCC version 7.2.0 using the options: 
     -cpp -iprefix C:/Program Files/mingw-w64/x86_64-7.2.0-posix-seh-rt_v5-rev1/
     mingw64/bin/../lib/gcc/x86_64-w64-mingw32/7.2.0/ -D_MT -D_REENTRANT
     -U_REENTRANT -D IEEE -D DBLEPRECISION -m64 -mtune=core2 -march=nocona -mthreads
     -O2 -fimplicit-none -fbounds-check -funroll-loops -ftree-vectorize
     -ffpe-summary=invalid,zero,overflow,underflow -fno-unsafe-math-optimizations
     -frounding-math -fsignaling-nans -fopenmp.

   This problem will use 7 of 8 possible threads.


  INPUT --- proc title ;

   CPU Time for the last procedure was 0.01 seconds.     


  INPUT --- proc chmatrix occasions= 3 groups= 1 etype= Occupancy 
  INPUT --- Nodes= 101 icovar = 5 ICMeans  NoHist hist= 138 ;

  INPUT ---    time interval 1 1 1 ;

  INPUT ---     icovariates lwd1 lwd2 lwd3 pctex21 pctShade ;

  INPUT ---    glabel(1)=freq1;

      Number of unique encounter histories read was 138.

      Number of individual covariates read was 5.
      Time interval lengths are all equal to 1.

      Data type number is 27
      Data type is Occupancy Estimation with Detection < 1                                                             

   CPU Time for the last procedure was 0.01 seconds.     

  Program  MARK  - Survival Rate Estimation with Capture-Recapture Data
   gfortran(dble) Vers. 9.0 Mar 2018     3-Dec-2019 11:03:01    Page  002
 - - - - - - - - - - - - - - - - - - - - - - - - - - - - - - - - - - - - - -
 


  INPUT --- proc estimate link=Logit NOLOOP varest=2ndPart    ;


  INPUT --- model={ p(~lwd)Psi(~pctex21 + pctShade) };

  INPUT ---    group=1 p    rows=1 cols=3 Square ;
  INPUT ---        1 2 3 ;

  INPUT ---    group=1 Psi    rows=1 cols=1 Square ;
  INPUT ---        4 ;

  INPUT ---    design matrix constraints=4 covariates=5;
  INPUT ---        1 lwd1 0 0 0;
  INPUT ---        1 lwd2 0 0 0;
  INPUT ---        1 lwd3 0 0 0;
  INPUT ---        0 0 1 pctex21 pctShade;
  INPUT ---       blabel(1)=p:(Intercept);
  INPUT ---       blabel(2)=p:lwd;
  INPUT ---       blabel(3)=Psi:(Intercept);
  INPUT ---       blabel(4)=Psi:pctex21;
  INPUT ---       blabel(5)=Psi:pctShade;
  INPUT ---       rlabel(1)=p g1 a0 t1;
  INPUT ---       rlabel(2)=p g1 a1 t2;
  INPUT ---       rlabel(3)=p g1 a2 t3;
  INPUT ---       rlabel(4)=Psi g1 a0 t1;

 Link Function Used is LOGIT        

 Variance Estimation Procedure Used is 2ndPart 
 -2logL(saturated) = 0.0000000     
 Effective Sample Size = 138

 Number of function evaluations was 21 for 5 parameters.
 Time for numerical optimization was 0.02 seconds.     
 -2logL { p(~lwd)Psi(~pctex21 + pctShade) } = 152.38911     
 Penalty { p(~lwd)Psi(~pctex21 + pctShade) } = 0.0000000     
 Gradient { p(~lwd)Psi(~pctex21 + pctShade) }:
   0.000000       0.000000      0.9000950E-06  0.8992421E-07   0.000000    
 Maximum ABS(G) { p(~lwd)Psi(~pctex21 + pctShade) } = 0.9000950E-06 
 S Vector { p(~lwd)Psi(~pctex21 + pctShade) }:
   17.84350      9.754580      1.075051     0.1856387     0.1893643E-01
 Time to compute number of parameters was 0.02 seconds.     
 Ratio Threshold = 50.000000       Max Gap (4/5) = 9.8032588       Next Max Gap (2/3) = 9.0736017     
 Gap Method for Num. of Estimated Parameters { p(~lwd)Psi(~pctex21 + pctShade) } = 5          
 Threshold { p(~lwd)Psi(~pctex21 + pctShade) } = 0.1800190E-05                 
 Numerical Threshold Method for Num. of Estimated Parameters { p(~lwd)Psi(~pctex21 + pctShade) } = 5          
 Number of Estimated Parameters { p(~lwd)Psi(~pctex21 + pctShade) } = 5          
 DEVIANCE { p(~lwd)Psi(~pctex21 + pctShade) } = 152.38911                     
 DEVIANCE Degrees of Freedom { p(~lwd)Psi(~pctex21 + pctShade) } = 133            
 c-hat { p(~lwd)Psi(~pctex21 + pctShade) } = 1.1457828                     
 AIC { p(~lwd)Psi(~pctex21 + pctShade) } = 162.38911                  
 AICc { p(~lwd)Psi(~pctex21 + pctShade) } = 162.84365                    
 BIC { p(~lwd)Psi(~pctex21 + pctShade) } = 177.02538                    
 Pearson Chisquare { p(~lwd)Psi(~pctex21 + pctShade) } = 1012.8414                  

  Program  MARK  - Survival Rate Estimation with Capture-Recapture Data
   gfortran(dble) Vers. 9.0 Mar 2018     3-Dec-2019 11:03:01    Page  003
 - - - - - - - - - - - - - - - - - - - - - - - - - - - - - - - - - - - - - -
 


             LOGIT Link Function Parameters of { p(~lwd)Psi(~pctex21 + pctShade) }
                                                              95% Confidence Interval
 Parameter                    Beta         Standard Error      Lower           Upper
 -------------------------  --------------  --------------  --------------  --------------
    1:p:(Intercept)          0.8025707       0.3841477       0.0496412       1.5555003    
    2:p:lwd                  0.8570064       1.3205725      -1.7313157       3.4453285    
    3:Psi:(Intercept)       -1.1190525       0.5132670      -2.1250559      -0.1130491    
    4:Psi:pctex21           -0.6526194       0.2345759      -1.1123883      -0.1928506    
    5:Psi:pctShade           0.0066707       0.0087689      -0.0105163       0.0238578    


             Real Function Parameters of { p(~lwd)Psi(~pctex21 + pctShade) }

      Following estimates based on unstandardized individual covariate values:
          Variable   Value         
          ---------  ------------- 
          LWD1        0.2346014    
          LWD2        0.2355072    
          LWD3        0.2114389    
          PCTEX21     4.8306834    
          PCTSHADE    48.614931    
                                                               95% Confidence Interval
  Parameter                  Estimate       Standard Error      Lower           Upper
 --------------------------  --------------  --------------  --------------  --------------
     1:p g1 a0 t1             0.7317708       0.0658247       0.5857261       0.8403623                          
     2:p g1 a1 t2             0.7319232       0.0658702       0.5857469       0.8405590                          
     3:p g1 a2 t3             0.7278567       0.0649120       0.5845489       0.8356312                          
     4:Psi g1 a0 t1           0.0189401       0.0189713       0.0026030       0.1249664                          


                      Estimates of Derived Parameters
        Occupancy Estimates of { p(~lwd)Psi(~pctex21 + pctShade) }
                                            95% Confidence Interval
 Group   Psi-hat         Standard Error      Lower           Upper
 -----   --------------  --------------  --------------  --------------
   1      0.0189401       0.0189713       0.0026030       0.1249664    

   CPU Time for the last procedure was 0.03 seconds.     

  Program  MARK  - Survival Rate Estimation with Capture-Recapture Data
   gfortran(dble) Vers. 9.0 Mar 2018     3-Dec-2019 11:03:01    Page  004
 - - - - - - - - - - - - - - - - - - - - - - - - - - - - - - - - - - - - - -
 


  INPUT --- proc stop;

     CPU Time in minutes for this job was 0.00

     Time Start = 11:03:01.438   Time End = 11:03:01.557

     Wall Clock Time in minutes for this job was 0.00


          E X E C U T I O N   S U C C E S S F U L 
