
   Program  MARK  - Survival Rate Estimation with Capture-Recapture Data
   gfortran(dble) Vers. 9.0 Mar 2018     3-Dec-2019 12:23:19    Page  001
 - - - - - - - - - - - - - - - - - - - - - - - - - - - - - - - - - - - - - -
 
   This version was compiled by GCC version 7.2.0 using the options: 
     -cpp -iprefix C:/Program Files/mingw-w64/x86_64-7.2.0-posix-seh-rt_v5-rev1/
     mingw64/bin/../lib/gcc/x86_64-w64-mingw32/7.2.0/ -D_MT -D_REENTRANT
     -U_REENTRANT -D IEEE -D DBLEPRECISION -m64 -mtune=core2 -march=nocona -mthreads
     -O2 -fimplicit-none -fbounds-check -funroll-loops -ftree-vectorize
     -ffpe-summary=invalid,zero,overflow,underflow -fno-unsafe-math-optimizations
     -frounding-math -fsignaling-nans -fopenmp.

   This problem will use 7 of 8 possible threads.


  INPUT --- proc title ;

   CPU Time for the last procedure was 0.01 seconds.     


  INPUT --- proc chmatrix occasions= 3 groups= 1 etype= Occupancy 
  INPUT --- Nodes= 101 icovar = 3 ICMeans  NoHist hist= 138 ;

  INPUT ---    time interval 1 1 1 ;

  INPUT ---     icovariates HAiFLS_nat pctex21 BRT_100m ;

  INPUT ---    glabel(1)=freq1;

      Number of unique encounter histories read was 138.

      Number of individual covariates read was 3.
      Time interval lengths are all equal to 1.

      Data type number is 27
      Data type is Occupancy Estimation with Detection < 1                                                             

   CPU Time for the last procedure was 0.02 seconds.     

  Program  MARK  - Survival Rate Estimation with Capture-Recapture Data
   gfortran(dble) Vers. 9.0 Mar 2018     3-Dec-2019 12:23:19    Page  002
 - - - - - - - - - - - - - - - - - - - - - - - - - - - - - - - - - - - - - -
 


  INPUT --- proc estimate link=Logit NOLOOP varest=2ndPart    ;


  INPUT --- model={ p(~1)Psi(~HAiFLS_nat + pctex21 + BRT_100m) };

  INPUT ---    group=1 p    rows=1 cols=3 Square ;
  INPUT ---        1 1 1 ;

  INPUT ---    group=1 Psi    rows=1 cols=1 Square ;
  INPUT ---        2 ;

  INPUT ---    design matrix constraints=2 covariates=5;
  INPUT ---        1 0 0 0 0;
  INPUT ---        0 1 HAiFLS_nat pctex21 BRT_100m;
  INPUT ---       blabel(1)=p:(Intercept);
  INPUT ---       blabel(2)=Psi:(Intercept);
  INPUT ---       blabel(3)=Psi:HAiFLS_nat;
  INPUT ---       blabel(4)=Psi:pctex21;
  INPUT ---       blabel(5)=Psi:BRT_100m;
  INPUT ---       rlabel(1)=p g1 a0 t1;
  INPUT ---       rlabel(2)=Psi g1 a0 t1;

 Link Function Used is LOGIT        

 Variance Estimation Procedure Used is 2ndPart 
 -2logL(saturated) = 0.0000000     
 Effective Sample Size = 138

 Number of function evaluations was 21 for 5 parameters.
 Time for numerical optimization was 0.01 seconds.     
 -2logL { p(~1)Psi(~HAiFLS_nat + pctex21 + BRT_100m) } = 145.25860     
 Penalty { p(~1)Psi(~HAiFLS_nat + pctex21 + BRT_100m) } = 0.0000000     
 Gradient { p(~1)Psi(~HAiFLS_nat + pctex21 + BRT_100m) }:
   0.000000     -0.6608621E-06 -0.5776329E-06 -0.8024819E-07  0.5311344E-06
 Maximum ABS(G) { p(~1)Psi(~HAiFLS_nat + pctex21 + BRT_100m) } = 0.6608621E-06 
 S Vector { p(~1)Psi(~HAiFLS_nat + pctex21 + BRT_100m) }:
   15.23527      9.569244     0.8756517     0.4044622     0.1456519E-01
 Time to compute number of parameters was 0.02 seconds.     
 Ratio Threshold = 50.000000       Max Gap (4/5) = 27.769097       Next Max Gap (2/3) = 10.928140     
 Gap Method for Num. of Estimated Parameters { p(~1)Psi(~HAiFLS_nat + pctex21 + BRT_100m) } = 5          
 Threshold { p(~1)Psi(~HAiFLS_nat + pctex21 + BRT_100m) } = 0.1321724E-05                 
 Numerical Threshold Method for Num. of Estimated Parameters { p(~1)Psi(~HAiFLS_nat + pctex21 + BRT_100m) } = 5          
 Number of Estimated Parameters { p(~1)Psi(~HAiFLS_nat + pctex21 + BRT_100m) } = 5          
 DEVIANCE { p(~1)Psi(~HAiFLS_nat + pctex21 + BRT_100m) } = 145.25860                     
 DEVIANCE Degrees of Freedom { p(~1)Psi(~HAiFLS_nat + pctex21 + BRT_100m) } = 133            
 c-hat { p(~1)Psi(~HAiFLS_nat + pctex21 + BRT_100m) } = 1.0921699                     
 AIC { p(~1)Psi(~HAiFLS_nat + pctex21 + BRT_100m) } = 155.25860                  
 AICc { p(~1)Psi(~HAiFLS_nat + pctex21 + BRT_100m) } = 155.71315                    
 BIC { p(~1)Psi(~HAiFLS_nat + pctex21 + BRT_100m) } = 169.89487                    
 Pearson Chisquare { p(~1)Psi(~HAiFLS_nat + pctex21 + BRT_100m) } = 660.71570                  


        LOGIT Link Function Parameters of { p(~1)Psi(~HAiFLS_nat + pctex21 + BRT_100m) }
                                                              95% Confidence Interval
 Parameter                    Beta         Standard Error      Lower           Upper
 -------------------------  --------------  --------------  --------------  --------------

  Program  MARK  - Survival Rate Estimation with Capture-Recapture Data
   gfortran(dble) Vers. 9.0 Mar 2018     3-Dec-2019 12:23:19    Page  003
 - - - - - - - - - - - - - - - - - - - - - - - - - - - - - - - - - - - - - -
 
    1:p:(Intercept)          0.9473516       0.3213088       0.3175863       1.5771169    
    2:Psi:(Intercept)       -1.8861520       0.5432637      -2.9509490      -0.8213551    
    3:Psi:HAiFLS_nat         0.0230474       0.0103662       0.0027297       0.0433651    
    4:Psi:pctex21           -0.7352033       0.2673679      -1.2592444      -0.2111622    
    5:Psi:BRT_100m           0.0269503       0.0161571      -0.0047176       0.0586181    


        Real Function Parameters of { p(~1)Psi(~HAiFLS_nat + pctex21 + BRT_100m) }

      Following estimates based on unstandardized individual covariate values:
          Variable   Value         
          ---------  ------------- 
          HAIFLS_NAT  30.404180    
          PCTEX21     4.8306834    
          BRT_100M    6.7817616    
                                                               95% Confidence Interval
  Parameter                  Estimate       Standard Error      Lower           Upper
 --------------------------  --------------  --------------  --------------  --------------
     1:p g1 a0 t1             0.7205823       0.0646934       0.5787359       0.8287958                          
     2:Psi g1 a0 t1           0.0104136       0.0123402       0.0010055       0.0991135                          


                      Estimates of Derived Parameters
  Occupancy Estimates of { p(~1)Psi(~HAiFLS_nat + pctex21 + BRT_100m) }
                                            95% Confidence Interval
 Group   Psi-hat         Standard Error      Lower           Upper
 -----   --------------  --------------  --------------  --------------
   1      0.0104136       0.0123402       0.0010055       0.0991135    

   CPU Time for the last procedure was 0.02 seconds.     

  Program  MARK  - Survival Rate Estimation with Capture-Recapture Data
   gfortran(dble) Vers. 9.0 Mar 2018     3-Dec-2019 12:23:19    Page  004
 - - - - - - - - - - - - - - - - - - - - - - - - - - - - - - - - - - - - - -
 


  INPUT --- proc stop;

     CPU Time in minutes for this job was 0.00

     Time Start = 12:23:19.502   Time End = 12:23:19.609

     Wall Clock Time in minutes for this job was 0.00


          E X E C U T I O N   S U C C E S S F U L 
