
   Program  MARK  - Survival Rate Estimation with Capture-Recapture Data
   gfortran(dble) Vers. 9.0 Mar 2018     3-Dec-2019 12:25:29    Page  001
 - - - - - - - - - - - - - - - - - - - - - - - - - - - - - - - - - - - - - -
 
   This version was compiled by GCC version 7.2.0 using the options: 
     -cpp -iprefix C:/Program Files/mingw-w64/x86_64-7.2.0-posix-seh-rt_v5-rev1/
     mingw64/bin/../lib/gcc/x86_64-w64-mingw32/7.2.0/ -D_MT -D_REENTRANT
     -U_REENTRANT -D IEEE -D DBLEPRECISION -m64 -mtune=core2 -march=nocona -mthreads
     -O2 -fimplicit-none -fbounds-check -funroll-loops -ftree-vectorize
     -ffpe-summary=invalid,zero,overflow,underflow -fno-unsafe-math-optimizations
     -frounding-math -fsignaling-nans -fopenmp.

   This problem will use 7 of 8 possible threads.


  INPUT --- proc title ;

   CPU Time for the last procedure was 0.01 seconds.     


  INPUT --- proc chmatrix occasions= 3 groups= 1 etype= Occupancy 
  INPUT --- Nodes= 101 icovar = 2 ICMeans  NoHist hist= 124 ;

  INPUT ---    time interval 1 1 1 ;

  INPUT ---     icovariates pctex21 pctVertbnk ;

  INPUT ---    glabel(1)=freq1;

      Number of unique encounter histories read was 124.

      Number of individual covariates read was 2.
      Time interval lengths are all equal to 1.

      Data type number is 27
      Data type is Occupancy Estimation with Detection < 1                                                             

   CPU Time for the last procedure was 0.02 seconds.     

  Program  MARK  - Survival Rate Estimation with Capture-Recapture Data
   gfortran(dble) Vers. 9.0 Mar 2018     3-Dec-2019 12:25:29    Page  002
 - - - - - - - - - - - - - - - - - - - - - - - - - - - - - - - - - - - - - -
 


  INPUT --- proc estimate link=Logit NOLOOP varest=2ndPart    ;


  INPUT --- model={ p(~1)Psi(~pctex21 + pctVertbnk) };

  INPUT ---    group=1 p    rows=1 cols=3 Square ;
  INPUT ---        1 1 1 ;

  INPUT ---    group=1 Psi    rows=1 cols=1 Square ;
  INPUT ---        2 ;

  INPUT ---    design matrix constraints=2 covariates=4;
  INPUT ---        1 0 0 0;
  INPUT ---        0 1 pctex21 pctVertbnk;
  INPUT ---       blabel(1)=p:(Intercept);
  INPUT ---       blabel(2)=Psi:(Intercept);
  INPUT ---       blabel(3)=Psi:pctex21;
  INPUT ---       blabel(4)=Psi:pctVertbnk;
  INPUT ---       rlabel(1)=p g1 a0 t1;
  INPUT ---       rlabel(2)=Psi g1 a0 t1;

 Link Function Used is LOGIT        

 Variance Estimation Procedure Used is 2ndPart 
 -2logL(saturated) = 0.0000000     
 Effective Sample Size = 138

 Number of function evaluations was 18 for 4 parameters.
 Time for numerical optimization was 0.01 seconds.     
 -2logL { p(~1)Psi(~pctex21 + pctVertbnk) } = 152.25750     
 Penalty { p(~1)Psi(~pctex21 + pctVertbnk) } = 0.0000000     
 Gradient { p(~1)Psi(~pctex21 + pctVertbnk) }:
   0.000000       0.000000      0.8720075E-07   0.000000    
 Maximum ABS(G) { p(~1)Psi(~pctex21 + pctVertbnk) } = 0.8720075E-07 
 S Vector { p(~1)Psi(~pctex21 + pctVertbnk) }:
   14.77378      9.586544     0.6162717     0.1807516E-01
 Time to compute number of parameters was 0.01 seconds.     
 Ratio Threshold = 50.000000       Max Gap (3/4) = 34.094943       Next Max Gap (2/3) = 15.555711     
 Gap Method for Num. of Estimated Parameters { p(~1)Psi(~pctex21 + pctVertbnk) } = 4          
 Threshold { p(~1)Psi(~pctex21 + pctVertbnk) } = 0.1744015E-06                 
 Numerical Threshold Method for Num. of Estimated Parameters { p(~1)Psi(~pctex21 + pctVertbnk) } = 4          
 Number of Estimated Parameters { p(~1)Psi(~pctex21 + pctVertbnk) } = 4          
 DEVIANCE { p(~1)Psi(~pctex21 + pctVertbnk) } = 152.25750                     
 DEVIANCE Degrees of Freedom { p(~1)Psi(~pctex21 + pctVertbnk) } = 134            
 c-hat { p(~1)Psi(~pctex21 + pctVertbnk) } = 1.1362500                     
 AIC { p(~1)Psi(~pctex21 + pctVertbnk) } = 160.25750                  
 AICc { p(~1)Psi(~pctex21 + pctVertbnk) } = 160.55825                    
 BIC { p(~1)Psi(~pctex21 + pctVertbnk) } = 171.96652                    
 Pearson Chisquare { p(~1)Psi(~pctex21 + pctVertbnk) } = 900.88285                  


             LOGIT Link Function Parameters of { p(~1)Psi(~pctex21 + pctVertbnk) }
                                                              95% Confidence Interval
 Parameter                    Beta         Standard Error      Lower           Upper
 -------------------------  --------------  --------------  --------------  --------------
    1:p:(Intercept)          0.9480340       0.3211128       0.3186529       1.5774151    
    2:Psi:(Intercept)       -0.4325081       0.4600989      -1.3343019       0.4692858    
    3:Psi:pctex21           -0.6740106       0.2399119      -1.1442380      -0.2037832    

  Program  MARK  - Survival Rate Estimation with Capture-Recapture Data
   gfortran(dble) Vers. 9.0 Mar 2018     3-Dec-2019 12:25:29    Page  003
 - - - - - - - - - - - - - - - - - - - - - - - - - - - - - - - - - - - - - -
 
    4:Psi:pctVertbnk        -0.0214203       0.0202631      -0.0611360       0.0182953    


             Real Function Parameters of { p(~1)Psi(~pctex21 + pctVertbnk) }

      Following estimates based on unstandardized individual covariate values:
          Variable   Value         
          ---------  ------------- 
          PCTEX21     4.8306834    
          PCTVERTBNK  15.307971    
                                                               95% Confidence Interval
  Parameter                  Estimate       Standard Error      Lower           Upper
 --------------------------  --------------  --------------  --------------  --------------
     1:p g1 a0 t1             0.7207196       0.0646345       0.5789959       0.8288381                          
     2:Psi g1 a0 t1           0.0176998       0.0180877       0.0023397       0.1216066                          


                      Estimates of Derived Parameters
        Occupancy Estimates of { p(~1)Psi(~pctex21 + pctVertbnk) }
                                            95% Confidence Interval
 Group   Psi-hat         Standard Error      Lower           Upper
 -----   --------------  --------------  --------------  --------------
   1      0.0176998       0.0180877       0.0023397       0.1216066    

   CPU Time for the last procedure was 0.01 seconds.     

  Program  MARK  - Survival Rate Estimation with Capture-Recapture Data
   gfortran(dble) Vers. 9.0 Mar 2018     3-Dec-2019 12:25:29    Page  004
 - - - - - - - - - - - - - - - - - - - - - - - - - - - - - - - - - - - - - -
 


  INPUT --- proc stop;

     CPU Time in minutes for this job was 0.00

     Time Start = 12:25:29.240   Time End = 12:25:29.956

     Wall Clock Time in minutes for this job was 0.01


          E X E C U T I O N   S U C C E S S F U L 
