
   Program  MARK  - Survival Rate Estimation with Capture-Recapture Data
   gfortran(dble) Vers. 9.0 Mar 2018     3-Dec-2019 12:26:16    Page  001
 - - - - - - - - - - - - - - - - - - - - - - - - - - - - - - - - - - - - - -
 
   This version was compiled by GCC version 7.2.0 using the options: 
     -cpp -iprefix C:/Program Files/mingw-w64/x86_64-7.2.0-posix-seh-rt_v5-rev1/
     mingw64/bin/../lib/gcc/x86_64-w64-mingw32/7.2.0/ -D_MT -D_REENTRANT
     -U_REENTRANT -D IEEE -D DBLEPRECISION -m64 -mtune=core2 -march=nocona -mthreads
     -O2 -fimplicit-none -fbounds-check -funroll-loops -ftree-vectorize
     -ffpe-summary=invalid,zero,overflow,underflow -fno-unsafe-math-optimizations
     -frounding-math -fsignaling-nans -fopenmp.

   This problem will use 7 of 8 possible threads.


  INPUT --- proc title ;

   CPU Time for the last procedure was 0.01 seconds.     


  INPUT --- proc chmatrix occasions= 3 groups= 1 etype= Occupancy 
  INPUT --- Nodes= 101 icovar = 4 ICMeans  NoHist hist= 138 ;

  INPUT ---    time interval 1 1 1 ;

  INPUT ---     icovariates effort1 effort2 effort3 Sinuosity ;

  INPUT ---    glabel(1)=freq1;

      Number of unique encounter histories read was 138.

      Number of individual covariates read was 4.
      Time interval lengths are all equal to 1.

      Data type number is 27
      Data type is Occupancy Estimation with Detection < 1                                                             

   CPU Time for the last procedure was 0.02 seconds.     

  Program  MARK  - Survival Rate Estimation with Capture-Recapture Data
   gfortran(dble) Vers. 9.0 Mar 2018     3-Dec-2019 12:26:16    Page  002
 - - - - - - - - - - - - - - - - - - - - - - - - - - - - - - - - - - - - - -
 


  INPUT --- proc estimate link=Logit NOLOOP varest=2ndPart    ;


  INPUT --- model={ p(~effort)Psi(~Sinuosity) };

  INPUT ---    group=1 p    rows=1 cols=3 Square ;
  INPUT ---        1 2 3 ;

  INPUT ---    group=1 Psi    rows=1 cols=1 Square ;
  INPUT ---        4 ;

  INPUT ---    design matrix constraints=4 covariates=4;
  INPUT ---        1 effort1 0 0;
  INPUT ---        1 effort2 0 0;
  INPUT ---        1 effort3 0 0;
  INPUT ---        0 0 1 Sinuosity;
  INPUT ---       blabel(1)=p:(Intercept);
  INPUT ---       blabel(2)=p:effort;
  INPUT ---       blabel(3)=Psi:(Intercept);
  INPUT ---       blabel(4)=Psi:Sinuosity;
  INPUT ---       rlabel(1)=p g1 a0 t1;
  INPUT ---       rlabel(2)=p g1 a1 t2;
  INPUT ---       rlabel(3)=p g1 a2 t3;
  INPUT ---       rlabel(4)=Psi g1 a0 t1;

 Link Function Used is LOGIT        

 Variance Estimation Procedure Used is 2ndPart 
 -2logL(saturated) = 0.0000000     
 Effective Sample Size = 138

 Number of function evaluations was 19 for 4 parameters.
 Time for numerical optimization was 0.01 seconds.     
 -2logL { p(~effort)Psi(~Sinuosity) } = 169.01626     
 Penalty { p(~effort)Psi(~Sinuosity) } = 0.0000000     
 Gradient { p(~effort)Psi(~Sinuosity) }:
   0.000000       0.000000       0.000000     -0.7662480E-06
 Maximum ABS(G) { p(~effort)Psi(~Sinuosity) } = 0.7662480E-06 
 S Vector { p(~effort)Psi(~Sinuosity) }:
   21.32966      8.290563     0.1007728     0.8824864E-01
 Time to compute number of parameters was 0.08 seconds.     
 Ratio Threshold = 50.000000       Max Gap (2/3) = 82.269871       Next Max Gap (1/2) = 2.5727639     
 Gap Method for Num. of Estimated Parameters { p(~effort)Psi(~Sinuosity) } = 2          
 Threshold { p(~effort)Psi(~Sinuosity) } = 0.1532496E-05                 
 Numerical Threshold Method for Num. of Estimated Parameters { p(~effort)Psi(~Sinuosity) } = 4          
 Number of Estimated Parameters { p(~effort)Psi(~Sinuosity) } = 4          

   * *  WARNING  * *   Number of parameters estimated from gap method (=2) and threshold method (=4) differ.  Inspect full output.                                                                                                                                                                                                                                                                                                                                                                                                                      
 Ratios of S Vector { p(~effort)Psi(~Sinuosity) }:
   1/2    2.572764       2/3    82.26987       3/4    1.141919    
 DEVIANCE { p(~effort)Psi(~Sinuosity) } = 169.01626                     
 DEVIANCE Degrees of Freedom { p(~effort)Psi(~Sinuosity) } = 134            
 c-hat { p(~effort)Psi(~Sinuosity) } = 1.2613153                     
 AIC { p(~effort)Psi(~Sinuosity) } = 177.01626                  
 AICc { p(~effort)Psi(~Sinuosity) } = 177.31701                    
 BIC { p(~effort)Psi(~Sinuosity) } = 188.72527                    
 Pearson Chisquare { p(~effort)Psi(~Sinuosity) } = 933.46436                  

  Program  MARK  - Survival Rate Estimation with Capture-Recapture Data
   gfortran(dble) Vers. 9.0 Mar 2018     3-Dec-2019 12:26:16    Page  003
 - - - - - - - - - - - - - - - - - - - - - - - - - - - - - - - - - - - - - -
 


                LOGIT Link Function Parameters of { p(~effort)Psi(~Sinuosity) }
                                                              95% Confidence Interval
 Parameter                    Beta         Standard Error      Lower           Upper
 -------------------------  --------------  --------------  --------------  --------------
    1:p:(Intercept)         -0.3820423       0.6621507      -1.6798576       0.9157731    
    2:p:effort               0.0016010       0.7793585E-03   0.7342917E-04   0.0031285    
    3:Psi:(Intercept)       -0.9458731       1.6460045      -4.1720419       2.2802958    
    4:Psi:Sinuosity         -0.6670875       1.3147495      -3.2439966       1.9098215    


                Real Function Parameters of { p(~effort)Psi(~Sinuosity) }

      Following estimates based on unstandardized individual covariate values:
          Variable   Value         
          ---------  ------------- 
          EFFORT1     906.23188    
          EFFORT2     834.18841    
          EFFORT3     818.18116    
          SINUOSITY   1.2535645    
                                                               95% Confidence Interval
  Parameter                  Estimate       Standard Error      Lower           Upper
 --------------------------  --------------  --------------  --------------  --------------
     1:p g1 a0 t1             0.7443704       0.0722055       0.5805572       0.8596707                          
     2:p g1 a1 t2             0.7218125       0.0726486       0.5607846       0.8405857                          
     3:p g1 a2 t3             0.7166374       0.0728910       0.5558421       0.8363588                          
     4:Psi g1 a0 t1           0.1440428       0.0312963       0.0928246       0.2167688                          


                      Estimates of Derived Parameters
           Occupancy Estimates of { p(~effort)Psi(~Sinuosity) }
                                            95% Confidence Interval
 Group   Psi-hat         Standard Error      Lower           Upper
 -----   --------------  --------------  --------------  --------------
   1      0.1440428       0.0312963       0.0928246       0.2167688    

 Attempted ordering of parameters by estimatibility:
  3 1 2 4
 Beta number 4 is a singular value.

   CPU Time for the last procedure was 0.08 seconds.     

  Program  MARK  - Survival Rate Estimation with Capture-Recapture Data
   gfortran(dble) Vers. 9.0 Mar 2018     3-Dec-2019 12:26:16    Page  004
 - - - - - - - - - - - - - - - - - - - - - - - - - - - - - - - - - - - - - -
 


  INPUT --- proc stop;

     CPU Time in minutes for this job was 0.00

     Time Start = 12:26:16.769   Time End = 12:26:16.869

     Wall Clock Time in minutes for this job was 0.00


          E X E C U T I O N   S U C C E S S F U L 
