
   Program  MARK  - Survival Rate Estimation with Capture-Recapture Data
   gfortran(dble) Vers. 9.0 Mar 2018     3-Dec-2019 10:58:08    Page  001
 - - - - - - - - - - - - - - - - - - - - - - - - - - - - - - - - - - - - - -
 
   This version was compiled by GCC version 7.2.0 using the options: 
     -cpp -iprefix C:/Program Files/mingw-w64/x86_64-7.2.0-posix-seh-rt_v5-rev1/
     mingw64/bin/../lib/gcc/x86_64-w64-mingw32/7.2.0/ -D_MT -D_REENTRANT
     -U_REENTRANT -D IEEE -D DBLEPRECISION -m64 -mtune=core2 -march=nocona -mthreads
     -O2 -fimplicit-none -fbounds-check -funroll-loops -ftree-vectorize
     -ffpe-summary=invalid,zero,overflow,underflow -fno-unsafe-math-optimizations
     -frounding-math -fsignaling-nans -fopenmp.

   This problem will use 7 of 8 possible threads.


  INPUT --- proc title ;

   CPU Time for the last procedure was 0.01 seconds.     


  INPUT --- proc chmatrix occasions= 3 groups= 1 etype= Occupancy 
  INPUT --- Nodes= 101 icovar = 2 ICMeans  NoHist hist= 138 ;

  INPUT ---    time interval 1 1 1 ;

  INPUT ---     icovariates effsec LWD ;

  INPUT ---    glabel(1)=freq1;

      Number of unique encounter histories read was 138.

      Number of individual covariates read was 2.
      Time interval lengths are all equal to 1.

      Data type number is 27
      Data type is Occupancy Estimation with Detection < 1                                                             

   CPU Time for the last procedure was 0.02 seconds.     

  Program  MARK  - Survival Rate Estimation with Capture-Recapture Data
   gfortran(dble) Vers. 9.0 Mar 2018     3-Dec-2019 10:58:08    Page  002
 - - - - - - - - - - - - - - - - - - - - - - - - - - - - - - - - - - - - - -
 


  INPUT --- proc estimate link=Logit NOLOOP varest=2ndPart    ;


  INPUT --- model={ p(~effsec)Psi(~LWD) };

  INPUT ---    group=1 p    rows=1 cols=3 Square ;
  INPUT ---        1 1 1 ;

  INPUT ---    group=1 Psi    rows=1 cols=1 Square ;
  INPUT ---        2 ;

  INPUT ---    design matrix constraints=2 covariates=4;
  INPUT ---        1 effsec 0 0;
  INPUT ---        0 0 1 LWD;
  INPUT ---       blabel(1)=p:(Intercept);
  INPUT ---       blabel(2)=p:effsec;
  INPUT ---       blabel(3)=Psi:(Intercept);
  INPUT ---       blabel(4)=Psi:LWD;
  INPUT ---       rlabel(1)=p g1 a0 t1;
  INPUT ---       rlabel(2)=Psi g1 a0 t1;

 Link Function Used is LOGIT        

 Variance Estimation Procedure Used is 2ndPart 
 -2logL(saturated) = 0.0000000     
 Effective Sample Size = 138

 Number of function evaluations was 15 for 4 parameters.
 Time for numerical optimization was 0.01 seconds.     
 -2logL { p(~effsec)Psi(~LWD) } = 170.80216     
 Penalty { p(~effsec)Psi(~LWD) } = 0.0000000     
 Gradient { p(~effsec)Psi(~LWD) }:
 -0.1576039E-05   0.000000     -0.2213222E-05 -0.9977807E-06
 Maximum ABS(G) { p(~effsec)Psi(~LWD) } = 0.2213222E-05 
 S Vector { p(~effsec)Psi(~LWD) }:
   17.06894      8.827612     0.6714998     0.2034472    
 Time to compute number of parameters was 0.01 seconds.     
 Ratio Threshold = 50.000000       Max Gap (2/3) = 13.146112       Next Max Gap (3/4) = 3.3006095     
 Gap Method for Num. of Estimated Parameters { p(~effsec)Psi(~LWD) } = 4          
 Threshold { p(~effsec)Psi(~LWD) } = 0.4426444E-05                 
 Numerical Threshold Method for Num. of Estimated Parameters { p(~effsec)Psi(~LWD) } = 4          
 Number of Estimated Parameters { p(~effsec)Psi(~LWD) } = 4          
 DEVIANCE { p(~effsec)Psi(~LWD) } = 170.80216                     
 DEVIANCE Degrees of Freedom { p(~effsec)Psi(~LWD) } = 134            
 c-hat { p(~effsec)Psi(~LWD) } = 1.2746430                     
 AIC { p(~effsec)Psi(~LWD) } = 178.80216                  
 AICc { p(~effsec)Psi(~LWD) } = 179.10291                    
 BIC { p(~effsec)Psi(~LWD) } = 190.51117                    
 Pearson Chisquare { p(~effsec)Psi(~LWD) } = 966.53784                  


                   LOGIT Link Function Parameters of { p(~effsec)Psi(~LWD) }
                                                              95% Confidence Interval
 Parameter                    Beta         Standard Error      Lower           Upper
 -------------------------  --------------  --------------  --------------  --------------
    1:p:(Intercept)         -0.2102164       0.6746851      -1.5325991       1.1121663    
    2:p:effsec               0.4299231E-03   0.2339187E-03  -0.2855747E-04   0.8884037E-03
    3:Psi:(Intercept)       -1.5853920       0.3469363      -2.2653872      -0.9053968    

  Program  MARK  - Survival Rate Estimation with Capture-Recapture Data
   gfortran(dble) Vers. 9.0 Mar 2018     3-Dec-2019 10:58:08    Page  003
 - - - - - - - - - - - - - - - - - - - - - - - - - - - - - - - - - - - - - -
 
    4:Psi:LWD               -0.9115910       1.1965245      -3.2567791       1.4335970    


                   Real Function Parameters of { p(~effsec)Psi(~LWD) }

      Following estimates based on unstandardized individual covariate values:
          Variable   Value         
          ---------  ------------- 
          EFFSEC      2558.6014    
          LWD         0.2273503    
                                                               95% Confidence Interval
  Parameter                  Estimate       Standard Error      Lower           Upper
 --------------------------  --------------  --------------  --------------  --------------
     1:p g1 a0 t1             0.7088459       0.0713892       0.5527555       0.8274642                          
     2:Psi g1 a0 t1           0.1427490       0.0313101       0.0916104       0.2156571                          


                      Estimates of Derived Parameters
              Occupancy Estimates of { p(~effsec)Psi(~LWD) }
                                            95% Confidence Interval
 Group   Psi-hat         Standard Error      Lower           Upper
 -----   --------------  --------------  --------------  --------------
   1      0.1427490       0.0313101       0.0916104       0.2156571    

   CPU Time for the last procedure was 0.01 seconds.     

  Program  MARK  - Survival Rate Estimation with Capture-Recapture Data
   gfortran(dble) Vers. 9.0 Mar 2018     3-Dec-2019 10:58:08    Page  004
 - - - - - - - - - - - - - - - - - - - - - - - - - - - - - - - - - - - - - -
 


  INPUT --- proc stop;

     CPU Time in minutes for this job was 0.00

     Time Start = 10:58:08.115   Time End = 10:58:08.836

     Wall Clock Time in minutes for this job was 0.01


          E X E C U T I O N   S U C C E S S F U L 
