
   Program  MARK  - Survival Rate Estimation with Capture-Recapture Data
   gfortran(dble) Vers. 9.0 Mar 2018     3-Dec-2019 11:05:45    Page  001
 - - - - - - - - - - - - - - - - - - - - - - - - - - - - - - - - - - - - - -
 
   This version was compiled by GCC version 7.2.0 using the options: 
     -cpp -iprefix C:/Program Files/mingw-w64/x86_64-7.2.0-posix-seh-rt_v5-rev1/
     mingw64/bin/../lib/gcc/x86_64-w64-mingw32/7.2.0/ -D_MT -D_REENTRANT
     -U_REENTRANT -D IEEE -D DBLEPRECISION -m64 -mtune=core2 -march=nocona -mthreads
     -O2 -fimplicit-none -fbounds-check -funroll-loops -ftree-vectorize
     -ffpe-summary=invalid,zero,overflow,underflow -fno-unsafe-math-optimizations
     -frounding-math -fsignaling-nans -fopenmp.

   This problem will use 7 of 8 possible threads.


  INPUT --- proc title ;

   CPU Time for the last procedure was 0.01 seconds.     


  INPUT --- proc chmatrix occasions= 3 groups= 1 etype= Occupancy 
  INPUT --- Nodes= 101 icovar = 3 ICMeans  NoHist hist= 138 ;

  INPUT ---    time interval 1 1 1 ;

  INPUT ---     icovariates effsec pctex21 WidDep ;

  INPUT ---    glabel(1)=freq1;

      Number of unique encounter histories read was 138.

      Number of individual covariates read was 3.
      Time interval lengths are all equal to 1.

      Data type number is 27
      Data type is Occupancy Estimation with Detection < 1                                                             

   CPU Time for the last procedure was 0.01 seconds.     

  Program  MARK  - Survival Rate Estimation with Capture-Recapture Data
   gfortran(dble) Vers. 9.0 Mar 2018     3-Dec-2019 11:05:45    Page  002
 - - - - - - - - - - - - - - - - - - - - - - - - - - - - - - - - - - - - - -
 


  INPUT --- proc estimate link=Logit NOLOOP varest=2ndPart    ;


  INPUT --- model={ p(~effsec)Psi(~pctex21 + WidDep) };

  INPUT ---    group=1 p    rows=1 cols=3 Square ;
  INPUT ---        1 1 1 ;

  INPUT ---    group=1 Psi    rows=1 cols=1 Square ;
  INPUT ---        2 ;

  INPUT ---    design matrix constraints=2 covariates=5;
  INPUT ---        1 effsec 0 0 0;
  INPUT ---        0 0 1 pctex21 WidDep;
  INPUT ---       blabel(1)=p:(Intercept);
  INPUT ---       blabel(2)=p:effsec;
  INPUT ---       blabel(3)=Psi:(Intercept);
  INPUT ---       blabel(4)=Psi:pctex21;
  INPUT ---       blabel(5)=Psi:WidDep;
  INPUT ---       rlabel(1)=p g1 a0 t1;
  INPUT ---       rlabel(2)=Psi g1 a0 t1;

 Link Function Used is LOGIT        

 Variance Estimation Procedure Used is 2ndPart 
 -2logL(saturated) = 0.0000000     
 Effective Sample Size = 138

 Number of function evaluations was 20 for 5 parameters.
 Time for numerical optimization was 0.02 seconds.     
 -2logL { p(~effsec)Psi(~pctex21 + WidDep) } = 148.72593     
 Penalty { p(~effsec)Psi(~pctex21 + WidDep) } = 0.0000000     
 Gradient { p(~effsec)Psi(~pctex21 + WidDep) }:
  0.2859548E-05  0.7277096E-06  0.9579249E-06  0.9184041E-07   0.000000    
 Maximum ABS(G) { p(~effsec)Psi(~pctex21 + WidDep) } = 0.2859548E-05 
 S Vector { p(~effsec)Psi(~pctex21 + WidDep) }:
   17.12832      8.258393     0.3994549     0.1833738     0.1976810E-01
 Time to compute number of parameters was 0.02 seconds.     
 Ratio Threshold = 50.000000       Max Gap (2/3) = 20.674157       Next Max Gap (4/5) = 9.2762473     
 Gap Method for Num. of Estimated Parameters { p(~effsec)Psi(~pctex21 + WidDep) } = 5          
 Threshold { p(~effsec)Psi(~pctex21 + WidDep) } = 0.5719095E-05                 
 Numerical Threshold Method for Num. of Estimated Parameters { p(~effsec)Psi(~pctex21 + WidDep) } = 5          
 Number of Estimated Parameters { p(~effsec)Psi(~pctex21 + WidDep) } = 5          
 DEVIANCE { p(~effsec)Psi(~pctex21 + WidDep) } = 148.72593                     
 DEVIANCE Degrees of Freedom { p(~effsec)Psi(~pctex21 + WidDep) } = 133            
 c-hat { p(~effsec)Psi(~pctex21 + WidDep) } = 1.1182401                     
 AIC { p(~effsec)Psi(~pctex21 + WidDep) } = 158.72593                  
 AICc { p(~effsec)Psi(~pctex21 + WidDep) } = 159.18048                    
 BIC { p(~effsec)Psi(~pctex21 + WidDep) } = 173.36220                    
 Pearson Chisquare { p(~effsec)Psi(~pctex21 + WidDep) } = 711.90981                  


             LOGIT Link Function Parameters of { p(~effsec)Psi(~pctex21 + WidDep) }
                                                              95% Confidence Interval
 Parameter                    Beta         Standard Error      Lower           Upper
 -------------------------  --------------  --------------  --------------  --------------

  Program  MARK  - Survival Rate Estimation with Capture-Recapture Data
   gfortran(dble) Vers. 9.0 Mar 2018     3-Dec-2019 11:05:45    Page  003
 - - - - - - - - - - - - - - - - - - - - - - - - - - - - - - - - - - - - - -
 
    1:p:(Intercept)         -0.3340213       0.7224124      -1.7499497       1.0819071    
    2:p:effsec               0.4642219E-03   0.2457727E-03  -0.1749257E-04   0.9459364E-03
    3:Psi:(Intercept)       -0.9911254       0.7292008      -2.4203590       0.4381082    
    4:Psi:pctex21           -0.6383291       0.2295757      -1.0882975      -0.1883607    
    5:Psi:WidDep             0.0202924       0.0533412      -0.0842564       0.1248412    


             Real Function Parameters of { p(~effsec)Psi(~pctex21 + WidDep) }

      Following estimates based on unstandardized individual covariate values:
          Variable   Value         
          ---------  ------------- 
          EFFSEC      2558.6014    
          PCTEX21     4.8306834    
          WIDDEP      13.033426    
                                                               95% Confidence Interval
  Parameter                  Estimate       Standard Error      Lower           Upper
 --------------------------  --------------  --------------  --------------  --------------
     1:p g1 a0 t1             0.7013506       0.0743718       0.5393694       0.8248662                          
     2:Psi g1 a0 t1           0.0216638       0.0210357       0.0031552       0.1341340                          


                      Estimates of Derived Parameters
       Occupancy Estimates of { p(~effsec)Psi(~pctex21 + WidDep) }
                                            95% Confidence Interval
 Group   Psi-hat         Standard Error      Lower           Upper
 -----   --------------  --------------  --------------  --------------
   1      0.0216638       0.0210357       0.0031552       0.1341340    

   CPU Time for the last procedure was 0.03 seconds.     

  Program  MARK  - Survival Rate Estimation with Capture-Recapture Data
   gfortran(dble) Vers. 9.0 Mar 2018     3-Dec-2019 11:05:45    Page  004
 - - - - - - - - - - - - - - - - - - - - - - - - - - - - - - - - - - - - - -
 


  INPUT --- proc stop;

     CPU Time in minutes for this job was 0.00

     Time Start = 11:05:45.299   Time End = 11:05:45.417

     Wall Clock Time in minutes for this job was 0.00


          E X E C U T I O N   S U C C E S S F U L 
