
   Program  MARK  - Survival Rate Estimation with Capture-Recapture Data
   gfortran(dble) Vers. 9.0 Mar 2018     3-Dec-2019 10:59:42    Page  001
 - - - - - - - - - - - - - - - - - - - - - - - - - - - - - - - - - - - - - -
 
   This version was compiled by GCC version 7.2.0 using the options: 
     -cpp -iprefix C:/Program Files/mingw-w64/x86_64-7.2.0-posix-seh-rt_v5-rev1/
     mingw64/bin/../lib/gcc/x86_64-w64-mingw32/7.2.0/ -D_MT -D_REENTRANT
     -U_REENTRANT -D IEEE -D DBLEPRECISION -m64 -mtune=core2 -march=nocona -mthreads
     -O2 -fimplicit-none -fbounds-check -funroll-loops -ftree-vectorize
     -ffpe-summary=invalid,zero,overflow,underflow -fno-unsafe-math-optimizations
     -frounding-math -fsignaling-nans -fopenmp.

   This problem will use 7 of 8 possible threads.


  INPUT --- proc title ;

   CPU Time for the last procedure was 0.01 seconds.     


  INPUT --- proc chmatrix occasions= 3 groups= 1 etype= Occupancy 
  INPUT --- Nodes= 101 icovar = 6 ICMeans  NoHist hist= 138 ;

  INPUT ---    time interval 1 1 1 ;

  INPUT ---     icovariates effort1 effort2 effort3 LWD pctex21 BRT_100m  ;

  INPUT ---    glabel(1)=freq1;

      Number of unique encounter histories read was 138.

      Number of individual covariates read was 6.
      Time interval lengths are all equal to 1.

      Data type number is 27
      Data type is Occupancy Estimation with Detection < 1                                                             

   CPU Time for the last procedure was 0.01 seconds.     

  Program  MARK  - Survival Rate Estimation with Capture-Recapture Data
   gfortran(dble) Vers. 9.0 Mar 2018     3-Dec-2019 10:59:42    Page  002
 - - - - - - - - - - - - - - - - - - - - - - - - - - - - - - - - - - - - - -
 


  INPUT --- proc estimate link=Logit NOLOOP varest=2ndPart    ;


  INPUT --- model={ p(~effort + LWD)Psi(~pctex21 + BRT_100m) };

  INPUT ---    group=1 p    rows=1 cols=3 Square ;
  INPUT ---        1 2 3 ;

  INPUT ---    group=1 Psi    rows=1 cols=1 Square ;
  INPUT ---        4 ;

  INPUT ---    design matrix constraints=4 covariates=6;
  INPUT ---        1 effort1 LWD 0 0 0;
  INPUT ---        1 effort2 LWD 0 0 0;
  INPUT ---        1 effort3 LWD 0 0 0;
  INPUT ---        0 0 0 1 pctex21 BRT_100m;
  INPUT ---       blabel(1)=p:(Intercept);
  INPUT ---       blabel(2)=p:effort;
  INPUT ---       blabel(3)=p:LWD;
  INPUT ---       blabel(4)=Psi:(Intercept);
  INPUT ---       blabel(5)=Psi:pctex21;
  INPUT ---       blabel(6)=Psi:BRT_100m;
  INPUT ---       rlabel(1)=p g1 a0 t1;
  INPUT ---       rlabel(2)=p g1 a1 t2;
  INPUT ---       rlabel(3)=p g1 a2 t3;
  INPUT ---       rlabel(4)=Psi g1 a0 t1;

 Link Function Used is LOGIT        

 Variance Estimation Procedure Used is 2ndPart 
 -2logL(saturated) = 0.0000000     
 Effective Sample Size = 138

 Number of function evaluations was 23 for 6 parameters.
 Time for numerical optimization was 0.01 seconds.     
 -2logL { p(~effort + LWD)Psi(~pctex21 + BRT_100m) } = 142.75336     
 Penalty { p(~effort + LWD)Psi(~pctex21 + BRT_100m) } = 0.0000000     
 Gradient { p(~effort + LWD)Psi(~pctex21 + BRT_100m) }:
  0.9365822E-06  0.2274216E-06   0.000000      0.9681091E-06   0.000000    
  0.5662446E-06
 Maximum ABS(G) { p(~effort + LWD)Psi(~pctex21 + BRT_100m) } = 0.9681091E-06 
 S Vector { p(~effort + LWD)Psi(~pctex21 + BRT_100m) }:
   14.00883      7.804636     0.4283480     0.2977851     0.8625677E-01
  0.1803813E-01
 Time to compute number of parameters was 0.06 seconds.     
 Ratio Threshold = 50.000000       Max Gap (2/3) = 18.220316       Next Max Gap (5/6) = 4.7819129     
 Gap Method for Num. of Estimated Parameters { p(~effort + LWD)Psi(~pctex21 + BRT_100m) } = 6          
 Threshold { p(~effort + LWD)Psi(~pctex21 + BRT_100m) } = 0.1936218E-05                 
 Numerical Threshold Method for Num. of Estimated Parameters { p(~effort + LWD)Psi(~pctex21 + BRT_100m) } = 6          
 Number of Estimated Parameters { p(~effort + LWD)Psi(~pctex21 + BRT_100m) } = 6          
 DEVIANCE { p(~effort + LWD)Psi(~pctex21 + BRT_100m) } = 142.75336                     
 DEVIANCE Degrees of Freedom { p(~effort + LWD)Psi(~pctex21 + BRT_100m) } = 132            
 c-hat { p(~effort + LWD)Psi(~pctex21 + BRT_100m) } = 1.0814648                     
 AIC { p(~effort + LWD)Psi(~pctex21 + BRT_100m) } = 154.75336                  
 AICc { p(~effort + LWD)Psi(~pctex21 + BRT_100m) } = 155.39458                    
 BIC { p(~effort + LWD)Psi(~pctex21 + BRT_100m) } = 172.31688                    
 Pearson Chisquare { p(~effort + LWD)Psi(~pctex21 + BRT_100m) } = 638.97430                  

  Program  MARK  - Survival Rate Estimation with Capture-Recapture Data
   gfortran(dble) Vers. 9.0 Mar 2018     3-Dec-2019 10:59:43    Page  003
 - - - - - - - - - - - - - - - - - - - - - - - - - - - - - - - - - - - - - -
 


         LOGIT Link Function Parameters of { p(~effort + LWD)Psi(~pctex21 + BRT_100m) }
                                                              95% Confidence Interval
 Parameter                    Beta         Standard Error      Lower           Upper
 -------------------------  --------------  --------------  --------------  --------------
    1:p:(Intercept)         -1.0364988       0.8776735      -2.7567389       0.6837412    
    2:p:effort               0.0018523       0.8221179E-03   0.2409155E-03   0.0034636    
    3:p:LWD                  2.1317793       1.8850142      -1.5628486       5.8264071    
    4:Psi:(Intercept)       -0.9701795       0.3817527      -1.7184149      -0.2219441    
    5:Psi:pctex21           -0.6411667       0.2402967      -1.1121483      -0.1701850    
    6:Psi:BRT_100m           0.0246343       0.0158674      -0.0064658       0.0557343    


         Real Function Parameters of { p(~effort + LWD)Psi(~pctex21 + BRT_100m) }

      Following estimates based on unstandardized individual covariate values:
          Variable   Value         
          ---------  ------------- 
          EFFORT1     906.23188    
          EFFORT2     834.18841    
          EFFORT3     818.18116    
          LWD         0.2273503    
          PCTEX21     4.8306834    
          BRT_100M    6.7817616    
                                                               95% Confidence Interval
  Parameter                  Estimate       Standard Error      Lower           Upper
 --------------------------  --------------  --------------  --------------  --------------
     1:p g1 a0 t1             0.7552377       0.0721194       0.5895402       0.8689179                          
     2:p g1 a1 t2             0.7297395       0.0734794       0.5653862       0.8485857                          
     3:p g1 a2 t3             0.7238523       0.0739293       0.5594045       0.8440343                          
     4:Psi g1 a0 t1           0.0198327       0.0203352       0.0025972       0.1358648                          


                      Estimates of Derived Parameters
   Occupancy Estimates of { p(~effort + LWD)Psi(~pctex21 + BRT_100m) }
                                            95% Confidence Interval
 Group   Psi-hat         Standard Error      Lower           Upper
 -----   --------------  --------------  --------------  --------------
   1      0.0198327       0.0203352       0.0025972       0.1358648    

   CPU Time for the last procedure was 0.08 seconds.     

  Program  MARK  - Survival Rate Estimation with Capture-Recapture Data
   gfortran(dble) Vers. 9.0 Mar 2018     3-Dec-2019 10:59:43    Page  004
 - - - - - - - - - - - - - - - - - - - - - - - - - - - - - - - - - - - - - -
 


  INPUT --- proc stop;

     CPU Time in minutes for this job was 0.00

     Time Start = 10:59:42.502   Time End = 10:59:43.217

     Wall Clock Time in minutes for this job was 0.01


          E X E C U T I O N   S U C C E S S F U L 
