
   Program  MARK  - Survival Rate Estimation with Capture-Recapture Data
   gfortran(dble) Vers. 9.0 Mar 2018     3-Dec-2019 11:09:54    Page  001
 - - - - - - - - - - - - - - - - - - - - - - - - - - - - - - - - - - - - - -
 
   This version was compiled by GCC version 7.2.0 using the options: 
     -cpp -iprefix C:/Program Files/mingw-w64/x86_64-7.2.0-posix-seh-rt_v5-rev1/
     mingw64/bin/../lib/gcc/x86_64-w64-mingw32/7.2.0/ -D_MT -D_REENTRANT
     -U_REENTRANT -D IEEE -D DBLEPRECISION -m64 -mtune=core2 -march=nocona -mthreads
     -O2 -fimplicit-none -fbounds-check -funroll-loops -ftree-vectorize
     -ffpe-summary=invalid,zero,overflow,underflow -fno-unsafe-math-optimizations
     -frounding-math -fsignaling-nans -fopenmp.

   This problem will use 7 of 8 possible threads.


  INPUT --- proc title ;

   CPU Time for the last procedure was 0.01 seconds.     


  INPUT --- proc chmatrix occasions= 3 groups= 1 etype= Occupancy 
  INPUT --- Nodes= 101 icovar = 2 ICMeans  NoHist hist= 114 ;

  INPUT ---    time interval 1 1 1 ;

  INPUT ---     icovariates LWD under ;

  INPUT ---    glabel(1)=freq1;

      Number of unique encounter histories read was 114.

      Number of individual covariates read was 2.
      Time interval lengths are all equal to 1.

      Data type number is 27
      Data type is Occupancy Estimation with Detection < 1                                                             

   CPU Time for the last procedure was 0.01 seconds.     

  Program  MARK  - Survival Rate Estimation with Capture-Recapture Data
   gfortran(dble) Vers. 9.0 Mar 2018     3-Dec-2019 11:09:54    Page  002
 - - - - - - - - - - - - - - - - - - - - - - - - - - - - - - - - - - - - - -
 


  INPUT --- proc estimate link=Logit NOLOOP varest=2ndPart    ;


  INPUT --- model={ p(~LWD)Psi(~under) };

  INPUT ---    group=1 p    rows=1 cols=3 Square ;
  INPUT ---        1 1 1 ;

  INPUT ---    group=1 Psi    rows=1 cols=1 Square ;
  INPUT ---        2 ;

  INPUT ---    design matrix constraints=2 covariates=4;
  INPUT ---        1 LWD 0 0;
  INPUT ---        0 0 1 under;
  INPUT ---       blabel(1)=p:(Intercept);
  INPUT ---       blabel(2)=p:LWD;
  INPUT ---       blabel(3)=Psi:(Intercept);
  INPUT ---       blabel(4)=Psi:under;
  INPUT ---       rlabel(1)=p g1 a0 t1;
  INPUT ---       rlabel(2)=Psi g1 a0 t1;

 Link Function Used is LOGIT        

 Variance Estimation Procedure Used is 2ndPart 
 -2logL(saturated) = 0.0000000     
 Effective Sample Size = 138

 Number of function evaluations was 12 for 4 parameters.
 Time for numerical optimization was 0.05 seconds.     
 -2logL { p(~LWD)Psi(~under) } = 172.50935     
 Penalty { p(~LWD)Psi(~under) } = 0.0000000     
 Gradient { p(~LWD)Psi(~under) }:
  0.1046145E-05  0.1139703E-05  0.7629685E-05  0.2112034E-05
 Maximum ABS(G) { p(~LWD)Psi(~under) } = 0.7629685E-05 
 S Vector { p(~LWD)Psi(~under) }:
   17.38243      9.953226     0.9761055     0.2961539    
 Time to compute number of parameters was 0.01 seconds.     
 Ratio Threshold = 50.000000       Max Gap (2/3) = 10.196875       Next Max Gap (3/4) = 3.2959399     
 Gap Method for Num. of Estimated Parameters { p(~LWD)Psi(~under) } = 4          
 Threshold { p(~LWD)Psi(~under) } = 0.1525937E-04                 
 Numerical Threshold Method for Num. of Estimated Parameters { p(~LWD)Psi(~under) } = 4          
 Number of Estimated Parameters { p(~LWD)Psi(~under) } = 4          
 DEVIANCE { p(~LWD)Psi(~under) } = 172.50935                     
 DEVIANCE Degrees of Freedom { p(~LWD)Psi(~under) } = 134            
 c-hat { p(~LWD)Psi(~under) } = 1.2873832                     
 AIC { p(~LWD)Psi(~under) } = 180.50935                  
 AICc { p(~LWD)Psi(~under) } = 180.81010                    
 BIC { p(~LWD)Psi(~under) } = 192.21836                    
 Pearson Chisquare { p(~LWD)Psi(~under) } = 1105.4249                  


                    LOGIT Link Function Parameters of { p(~LWD)Psi(~under) }
                                                              95% Confidence Interval
 Parameter                    Beta         Standard Error      Lower           Upper
 -------------------------  --------------  --------------  --------------  --------------
    1:p:(Intercept)          0.8232171       0.4615929      -0.0815050       1.7279392    
    2:p:LWD                  0.6735495       1.8062840      -2.8667672       4.2138661    
    3:Psi:(Intercept)       -2.2498764       0.3763722      -2.9875660      -1.5121869    

  Program  MARK  - Survival Rate Estimation with Capture-Recapture Data
   gfortran(dble) Vers. 9.0 Mar 2018     3-Dec-2019 11:09:54    Page  003
 - - - - - - - - - - - - - - - - - - - - - - - - - - - - - - - - - - - - - -
 
    4:Psi:under              0.7072791       0.4015533      -0.0797653       1.4943235    


                    Real Function Parameters of { p(~LWD)Psi(~under) }

      Following estimates based on unstandardized individual covariate values:
          Variable   Value         
          ---------  ------------- 
          LWD         0.2273503    
          UNDER       0.5466074    
                                                               95% Confidence Interval
  Parameter                  Estimate       Standard Error      Lower           Upper
 --------------------------  --------------  --------------  --------------  --------------
     1:p g1 a0 t1             0.7263831       0.0657586       0.5812394       0.8354607                          
     2:Psi g1 a0 t1           0.1343221       0.0301128       0.0854226       0.2049411                          


                      Estimates of Derived Parameters
              Occupancy Estimates of { p(~LWD)Psi(~under) }
                                            95% Confidence Interval
 Group   Psi-hat         Standard Error      Lower           Upper
 -----   --------------  --------------  --------------  --------------
   1      0.1343221       0.0301128       0.0854226       0.2049411    

   CPU Time for the last procedure was 0.05 seconds.     

  Program  MARK  - Survival Rate Estimation with Capture-Recapture Data
   gfortran(dble) Vers. 9.0 Mar 2018     3-Dec-2019 11:09:54    Page  004
 - - - - - - - - - - - - - - - - - - - - - - - - - - - - - - - - - - - - - -
 


  INPUT --- proc stop;

     CPU Time in minutes for this job was 0.00

     Time Start = 11:09:54.647   Time End = 11:09:54.662

     Wall Clock Time in minutes for this job was 0.00


          E X E C U T I O N   S U C C E S S F U L 
