
   Program  MARK  - Survival Rate Estimation with Capture-Recapture Data
   gfortran(dble) Vers. 9.0 Mar 2018     3-Dec-2019 11:05:39    Page  001
 - - - - - - - - - - - - - - - - - - - - - - - - - - - - - - - - - - - - - -
 
   This version was compiled by GCC version 7.2.0 using the options: 
     -cpp -iprefix C:/Program Files/mingw-w64/x86_64-7.2.0-posix-seh-rt_v5-rev1/
     mingw64/bin/../lib/gcc/x86_64-w64-mingw32/7.2.0/ -D_MT -D_REENTRANT
     -U_REENTRANT -D IEEE -D DBLEPRECISION -m64 -mtune=core2 -march=nocona -mthreads
     -O2 -fimplicit-none -fbounds-check -funroll-loops -ftree-vectorize
     -ffpe-summary=invalid,zero,overflow,underflow -fno-unsafe-math-optimizations
     -frounding-math -fsignaling-nans -fopenmp.

   This problem will use 7 of 8 possible threads.


  INPUT --- proc title ;

   CPU Time for the last procedure was 0.01 seconds.     


  INPUT --- proc chmatrix occasions= 3 groups= 1 etype= Occupancy 
  INPUT --- Nodes= 101 icovar = 5 ICMeans  NoHist hist= 138 ;

  INPUT ---    time interval 1 1 1 ;

  INPUT ---     icovariates undr1 undr2 undr3 pctex21 pctVertbnk ;

  INPUT ---    glabel(1)=freq1;

      Number of unique encounter histories read was 138.

      Number of individual covariates read was 5.
      Time interval lengths are all equal to 1.

      Data type number is 27
      Data type is Occupancy Estimation with Detection < 1                                                             

   CPU Time for the last procedure was 0.02 seconds.     

  Program  MARK  - Survival Rate Estimation with Capture-Recapture Data
   gfortran(dble) Vers. 9.0 Mar 2018     3-Dec-2019 11:05:39    Page  002
 - - - - - - - - - - - - - - - - - - - - - - - - - - - - - - - - - - - - - -
 


  INPUT --- proc estimate link=Logit NOLOOP varest=2ndPart    ;


  INPUT --- model={ p(~undr)Psi(~pctex21 + pctVertbnk) };

  INPUT ---    group=1 p    rows=1 cols=3 Square ;
  INPUT ---        1 2 3 ;

  INPUT ---    group=1 Psi    rows=1 cols=1 Square ;
  INPUT ---        4 ;

  INPUT ---    design matrix constraints=4 covariates=5;
  INPUT ---        1 undr1 0 0 0;
  INPUT ---        1 undr2 0 0 0;
  INPUT ---        1 undr3 0 0 0;
  INPUT ---        0 0 1 pctex21 pctVertbnk;
  INPUT ---       blabel(1)=p:(Intercept);
  INPUT ---       blabel(2)=p:undr;
  INPUT ---       blabel(3)=Psi:(Intercept);
  INPUT ---       blabel(4)=Psi:pctex21;
  INPUT ---       blabel(5)=Psi:pctVertbnk;
  INPUT ---       rlabel(1)=p g1 a0 t1;
  INPUT ---       rlabel(2)=p g1 a1 t2;
  INPUT ---       rlabel(3)=p g1 a2 t3;
  INPUT ---       rlabel(4)=Psi g1 a0 t1;

 Link Function Used is LOGIT        

 Variance Estimation Procedure Used is 2ndPart 
 -2logL(saturated) = 0.0000000     
 Effective Sample Size = 138

 Number of function evaluations was 19 for 5 parameters.
 Time for numerical optimization was 0.01 seconds.     
 -2logL { p(~undr)Psi(~pctex21 + pctVertbnk) } = 150.66991     
 Penalty { p(~undr)Psi(~pctex21 + pctVertbnk) } = 0.0000000     
 Gradient { p(~undr)Psi(~pctex21 + pctVertbnk) }:
   0.000000      0.1292870E-05  0.2712673E-05  0.1736496E-06  0.1600562E-05
 Maximum ABS(G) { p(~undr)Psi(~pctex21 + pctVertbnk) } = 0.2712673E-05 
 S Vector { p(~undr)Psi(~pctex21 + pctVertbnk) }:
   14.78525      9.286614     0.6149521     0.3551907     0.1789315E-01
 Time to compute number of parameters was 0.05 seconds.     
 Ratio Threshold = 50.000000       Max Gap (4/5) = 19.850659       Next Max Gap (2/3) = 15.101361     
 Gap Method for Num. of Estimated Parameters { p(~undr)Psi(~pctex21 + pctVertbnk) } = 5          
 Threshold { p(~undr)Psi(~pctex21 + pctVertbnk) } = 0.5425346E-05                 
 Numerical Threshold Method for Num. of Estimated Parameters { p(~undr)Psi(~pctex21 + pctVertbnk) } = 5          
 Number of Estimated Parameters { p(~undr)Psi(~pctex21 + pctVertbnk) } = 5          
 DEVIANCE { p(~undr)Psi(~pctex21 + pctVertbnk) } = 150.66991                     
 DEVIANCE Degrees of Freedom { p(~undr)Psi(~pctex21 + pctVertbnk) } = 133            
 c-hat { p(~undr)Psi(~pctex21 + pctVertbnk) } = 1.1328564                     
 AIC { p(~undr)Psi(~pctex21 + pctVertbnk) } = 160.66991                  
 AICc { p(~undr)Psi(~pctex21 + pctVertbnk) } = 161.12445                    
 BIC { p(~undr)Psi(~pctex21 + pctVertbnk) } = 175.30617                    
 Pearson Chisquare { p(~undr)Psi(~pctex21 + pctVertbnk) } = 746.51741                  

  Program  MARK  - Survival Rate Estimation with Capture-Recapture Data
   gfortran(dble) Vers. 9.0 Mar 2018     3-Dec-2019 11:05:39    Page  003
 - - - - - - - - - - - - - - - - - - - - - - - - - - - - - - - - - - - - - -
 


            LOGIT Link Function Parameters of { p(~undr)Psi(~pctex21 + pctVertbnk) }
                                                              95% Confidence Interval
 Parameter                    Beta         Standard Error      Lower           Upper
 -------------------------  --------------  --------------  --------------  --------------
    1:p:(Intercept)          0.5412378       0.4558456      -0.3522196       1.4346951    
    2:p:undr                 0.5573042       0.4703273      -0.3645373       1.4791456    
    3:Psi:(Intercept)       -0.4062502       0.4654943      -1.3186190       0.5061186    
    4:Psi:pctex21           -0.6770691       0.2411155      -1.1496554      -0.2044827    
    5:Psi:pctVertbnk        -0.0221336       0.0203279      -0.0619762       0.0177091    


            Real Function Parameters of { p(~undr)Psi(~pctex21 + pctVertbnk) }

      Following estimates based on unstandardized individual covariate values:
          Variable   Value         
          ---------  ------------- 
          UNDR1       0.5869565    
          UNDR2       0.5483092    
          UNDR3       0.5042271    
          PCTEX21     4.8306834    
          PCTVERTBNK  15.307971    
                                                               95% Confidence Interval
  Parameter                  Estimate       Standard Error      Lower           Upper
 --------------------------  --------------  --------------  --------------  --------------
     1:p g1 a0 t1             0.7044025       0.0693936       0.5535784       0.8207685                          
     2:p g1 a1 t2             0.6998981       0.0705283       0.5470296       0.8183115                          
     3:p g1 a2 t3             0.6947128       0.0720706       0.5389721       0.8158209                          
     4:Psi g1 a0 t1           0.0177097       0.0181662       0.0023230       0.1224965                          


                      Estimates of Derived Parameters
      Occupancy Estimates of { p(~undr)Psi(~pctex21 + pctVertbnk) }
                                            95% Confidence Interval
 Group   Psi-hat         Standard Error      Lower           Upper
 -----   --------------  --------------  --------------  --------------
   1      0.0177097       0.0181662       0.0023230       0.1224965    

   CPU Time for the last procedure was 0.05 seconds.     

  Program  MARK  - Survival Rate Estimation with Capture-Recapture Data
   gfortran(dble) Vers. 9.0 Mar 2018     3-Dec-2019 11:05:39    Page  004
 - - - - - - - - - - - - - - - - - - - - - - - - - - - - - - - - - - - - - -
 


  INPUT --- proc stop;

     CPU Time in minutes for this job was 0.00

     Time Start = 11:05:39.131   Time End = 11:05:39.251

     Wall Clock Time in minutes for this job was 0.00


          E X E C U T I O N   S U C C E S S F U L 
