
   Program  MARK  - Survival Rate Estimation with Capture-Recapture Data
   gfortran(dble) Vers. 9.0 Mar 2018     3-Dec-2019 11:04:09    Page  001
 - - - - - - - - - - - - - - - - - - - - - - - - - - - - - - - - - - - - - -
 
   This version was compiled by GCC version 7.2.0 using the options: 
     -cpp -iprefix C:/Program Files/mingw-w64/x86_64-7.2.0-posix-seh-rt_v5-rev1/
     mingw64/bin/../lib/gcc/x86_64-w64-mingw32/7.2.0/ -D_MT -D_REENTRANT
     -U_REENTRANT -D IEEE -D DBLEPRECISION -m64 -mtune=core2 -march=nocona -mthreads
     -O2 -fimplicit-none -fbounds-check -funroll-loops -ftree-vectorize
     -ffpe-summary=invalid,zero,overflow,underflow -fno-unsafe-math-optimizations
     -frounding-math -fsignaling-nans -fopenmp.

   This problem will use 7 of 8 possible threads.


  INPUT --- proc title ;

   CPU Time for the last procedure was 0.01 seconds.     


  INPUT --- proc chmatrix occasions= 3 groups= 1 etype= Occupancy 
  INPUT --- Nodes= 101 icovar = 2 ICMeans  NoHist hist= 126 ;

  INPUT ---    time interval 1 1 1 ;

  INPUT ---     icovariates pctex21 pctslow ;

  INPUT ---    glabel(1)=freq1;

      Number of unique encounter histories read was 126.

      Number of individual covariates read was 2.
      Time interval lengths are all equal to 1.

      Data type number is 27
      Data type is Occupancy Estimation with Detection < 1                                                             

   CPU Time for the last procedure was 0.01 seconds.     

  Program  MARK  - Survival Rate Estimation with Capture-Recapture Data
   gfortran(dble) Vers. 9.0 Mar 2018     3-Dec-2019 11:04:09    Page  002
 - - - - - - - - - - - - - - - - - - - - - - - - - - - - - - - - - - - - - -
 


  INPUT --- proc estimate link=Logit NOLOOP varest=2ndPart    ;


  INPUT --- model={ p(~1)Psi(~pctex21 + pctslow) };

  INPUT ---    group=1 p    rows=1 cols=3 Square ;
  INPUT ---        1 1 1 ;

  INPUT ---    group=1 Psi    rows=1 cols=1 Square ;
  INPUT ---        2 ;

  INPUT ---    design matrix constraints=2 covariates=4;
  INPUT ---        1 0 0 0;
  INPUT ---        0 1 pctex21 pctslow;
  INPUT ---       blabel(1)=p:(Intercept);
  INPUT ---       blabel(2)=Psi:(Intercept);
  INPUT ---       blabel(3)=Psi:pctex21;
  INPUT ---       blabel(4)=Psi:pctslow;
  INPUT ---       rlabel(1)=p g1 a0 t1;
  INPUT ---       rlabel(2)=Psi g1 a0 t1;

 Link Function Used is LOGIT        

 Variance Estimation Procedure Used is 2ndPart 
 -2logL(saturated) = 0.0000000     
 Effective Sample Size = 138

 Number of function evaluations was 17 for 4 parameters.
 Time for numerical optimization was 0.08 seconds.     
 -2logL { p(~1)Psi(~pctex21 + pctslow) } = 152.30275     
 Penalty { p(~1)Psi(~pctex21 + pctslow) } = 0.0000000     
 Gradient { p(~1)Psi(~pctex21 + pctslow) }:
   0.000000      0.8576548E-06 -0.1857993E-06 -0.1741933E-05
 Maximum ABS(G) { p(~1)Psi(~pctex21 + pctslow) } = 0.1741933E-05 
 S Vector { p(~1)Psi(~pctex21 + pctslow) }:
   15.83931      9.604569     0.7200040     0.1964655E-01
 Time to compute number of parameters was 0.01 seconds.     
 Ratio Threshold = 50.000000       Max Gap (3/4) = 36.647857       Next Max Gap (2/3) = 13.339605     
 Gap Method for Num. of Estimated Parameters { p(~1)Psi(~pctex21 + pctslow) } = 4          
 Threshold { p(~1)Psi(~pctex21 + pctslow) } = 0.3483865E-05                 
 Numerical Threshold Method for Num. of Estimated Parameters { p(~1)Psi(~pctex21 + pctslow) } = 4          
 Number of Estimated Parameters { p(~1)Psi(~pctex21 + pctslow) } = 4          
 DEVIANCE { p(~1)Psi(~pctex21 + pctslow) } = 152.30275                     
 DEVIANCE Degrees of Freedom { p(~1)Psi(~pctex21 + pctslow) } = 134            
 c-hat { p(~1)Psi(~pctex21 + pctslow) } = 1.1365877                     
 AIC { p(~1)Psi(~pctex21 + pctslow) } = 160.30275                  
 AICc { p(~1)Psi(~pctex21 + pctslow) } = 160.60350                    
 BIC { p(~1)Psi(~pctex21 + pctslow) } = 172.01176                    
 Pearson Chisquare { p(~1)Psi(~pctex21 + pctslow) } = 926.76462                  


               LOGIT Link Function Parameters of { p(~1)Psi(~pctex21 + pctslow) }
                                                              95% Confidence Interval
 Parameter                    Beta         Standard Error      Lower           Upper
 -------------------------  --------------  --------------  --------------  --------------
    1:p:(Intercept)          0.9481774       0.3210722       0.3188759       1.5774788    
    2:Psi:(Intercept)       -1.2239119       0.5005694      -2.2050280      -0.2427958    
    3:Psi:pctex21           -0.6306826       0.2303304      -1.0821301      -0.1792352    

  Program  MARK  - Survival Rate Estimation with Capture-Recapture Data
   gfortran(dble) Vers. 9.0 Mar 2018     3-Dec-2019 11:04:11    Page  003
 - - - - - - - - - - - - - - - - - - - - - - - - - - - - - - - - - - - - - -
 
    4:Psi:pctslow            0.0150306       0.0139670      -0.0123447       0.0424059    


               Real Function Parameters of { p(~1)Psi(~pctex21 + pctslow) }

      Following estimates based on unstandardized individual covariate values:
          Variable   Value         
          ---------  ------------- 
          PCTEX21     4.8306834    
          PCTSLOW     25.664251    
                                                               95% Confidence Interval
  Parameter                  Estimate       Standard Error      Lower           Upper
 --------------------------  --------------  --------------  --------------  --------------
     1:p g1 a0 t1             0.7207485       0.0646222       0.5790503       0.8288472                          
     2:Psi g1 a0 t1           0.0201382       0.0198301       0.0028589       0.1284071                          


                      Estimates of Derived Parameters
         Occupancy Estimates of { p(~1)Psi(~pctex21 + pctslow) }
                                            95% Confidence Interval
 Group   Psi-hat         Standard Error      Lower           Upper
 -----   --------------  --------------  --------------  --------------
   1      0.0201382       0.0198301       0.0028589       0.1284071    

   CPU Time for the last procedure was 0.08 seconds.     

  Program  MARK  - Survival Rate Estimation with Capture-Recapture Data
   gfortran(dble) Vers. 9.0 Mar 2018     3-Dec-2019 11:04:11    Page  004
 - - - - - - - - - - - - - - - - - - - - - - - - - - - - - - - - - - - - - -
 


  INPUT --- proc stop;

     CPU Time in minutes for this job was 0.00

     Time Start = 11:04:09.640   Time End = 11:04:11.224

     Wall Clock Time in minutes for this job was 0.03


          E X E C U T I O N   S U C C E S S F U L 
