
   Program  MARK  - Survival Rate Estimation with Capture-Recapture Data
   gfortran(dble) Vers. 9.0 Mar 2018     3-Dec-2019 11:07:19    Page  001
 - - - - - - - - - - - - - - - - - - - - - - - - - - - - - - - - - - - - - -
 
   This version was compiled by GCC version 7.2.0 using the options: 
     -cpp -iprefix C:/Program Files/mingw-w64/x86_64-7.2.0-posix-seh-rt_v5-rev1/
     mingw64/bin/../lib/gcc/x86_64-w64-mingw32/7.2.0/ -D_MT -D_REENTRANT
     -U_REENTRANT -D IEEE -D DBLEPRECISION -m64 -mtune=core2 -march=nocona -mthreads
     -O2 -fimplicit-none -fbounds-check -funroll-loops -ftree-vectorize
     -ffpe-summary=invalid,zero,overflow,underflow -fno-unsafe-math-optimizations
     -frounding-math -fsignaling-nans -fopenmp.

   This problem will use 7 of 8 possible threads.


  INPUT --- proc title ;

   CPU Time for the last procedure was 0.01 seconds.     


  INPUT --- proc chmatrix occasions= 3 groups= 1 etype= Occupancy 
  INPUT --- Nodes= 101 icovar = 7 ICMeans  NoHist hist= 138 ;

  INPUT ---    time interval 1 1 1 ;

  INPUT ---     icovariates effort1 effort2 effort3 undr1 undr2 undr3  
  INPUT ---    pctrock ;

  INPUT ---    glabel(1)=freq1;

      Number of unique encounter histories read was 138.

      Number of individual covariates read was 7.
      Time interval lengths are all equal to 1.

      Data type number is 27
      Data type is Occupancy Estimation with Detection < 1                                                             

   CPU Time for the last procedure was 0.01 seconds.     

  Program  MARK  - Survival Rate Estimation with Capture-Recapture Data
   gfortran(dble) Vers. 9.0 Mar 2018     3-Dec-2019 11:07:19    Page  002
 - - - - - - - - - - - - - - - - - - - - - - - - - - - - - - - - - - - - - -
 


  INPUT --- proc estimate link=Logit NOLOOP varest=2ndPart    ;


  INPUT --- model={ p(~effort + undr)Psi(~pctrock) };

  INPUT ---    group=1 p    rows=1 cols=3 Square ;
  INPUT ---        1 2 3 ;

  INPUT ---    group=1 Psi    rows=1 cols=1 Square ;
  INPUT ---        4 ;

  INPUT ---    design matrix constraints=4 covariates=5;
  INPUT ---        1 effort1 undr1 0 0;
  INPUT ---        1 effort2 undr2 0 0;
  INPUT ---        1 effort3 undr3 0 0;
  INPUT ---        0 0 0 1 pctrock;
  INPUT ---       blabel(1)=p:(Intercept);
  INPUT ---       blabel(2)=p:effort;
  INPUT ---       blabel(3)=p:undr;
  INPUT ---       blabel(4)=Psi:(Intercept);
  INPUT ---       blabel(5)=Psi:pctrock;
  INPUT ---       rlabel(1)=p g1 a0 t1;
  INPUT ---       rlabel(2)=p g1 a1 t2;
  INPUT ---       rlabel(3)=p g1 a2 t3;
  INPUT ---       rlabel(4)=Psi g1 a0 t1;

 Link Function Used is LOGIT        

 Variance Estimation Procedure Used is 2ndPart 
 -2logL(saturated) = 0.0000000     
 Effective Sample Size = 138

 Number of function evaluations was 17 for 5 parameters.
 Time for numerical optimization was 0.02 seconds.     
 -2logL { p(~effort + undr)Psi(~pctrock) } = 167.54386     
 Penalty { p(~effort + undr)Psi(~pctrock) } = 0.0000000     
 Gradient { p(~effort + undr)Psi(~pctrock) }:
  0.1169401E-05  0.5396946E-06  0.7449466E-06  0.1084084E-05  0.9257044E-06
 Maximum ABS(G) { p(~effort + undr)Psi(~pctrock) } = 0.1169401E-05 
 S Vector { p(~effort + undr)Psi(~pctrock) }:
   25.01597      8.426633     0.4980273     0.3128202     0.1033989    
 Time to compute number of parameters was 0.09 seconds.     
 Ratio Threshold = 50.000000       Max Gap (2/3) = 16.920021       Next Max Gap (4/5) = 3.0253724     
 Gap Method for Num. of Estimated Parameters { p(~effort + undr)Psi(~pctrock) } = 5          
 Threshold { p(~effort + undr)Psi(~pctrock) } = 0.2338802E-05                 
 Numerical Threshold Method for Num. of Estimated Parameters { p(~effort + undr)Psi(~pctrock) } = 5          
 Number of Estimated Parameters { p(~effort + undr)Psi(~pctrock) } = 5          
 DEVIANCE { p(~effort + undr)Psi(~pctrock) } = 167.54386                     
 DEVIANCE Degrees of Freedom { p(~effort + undr)Psi(~pctrock) } = 133            
 c-hat { p(~effort + undr)Psi(~pctrock) } = 1.2597283                     
 AIC { p(~effort + undr)Psi(~pctrock) } = 177.54386                  
 AICc { p(~effort + undr)Psi(~pctrock) } = 177.99841                    
 BIC { p(~effort + undr)Psi(~pctrock) } = 192.18013                    
 Pearson Chisquare { p(~effort + undr)Psi(~pctrock) } = 886.45768                  

  Program  MARK  - Survival Rate Estimation with Capture-Recapture Data
   gfortran(dble) Vers. 9.0 Mar 2018     3-Dec-2019 11:07:21    Page  003
 - - - - - - - - - - - - - - - - - - - - - - - - - - - - - - - - - - - - - -
 


              LOGIT Link Function Parameters of { p(~effort + undr)Psi(~pctrock) }
                                                              95% Confidence Interval
 Parameter                    Beta         Standard Error      Lower           Upper
 -------------------------  --------------  --------------  --------------  --------------
    1:p:(Intercept)         -0.6310476       0.7261010      -2.0542056       0.7921104    
    2:p:effort               0.0015216       0.7675937E-03   0.1714413E-04   0.0030261    
    3:p:undr                 0.4458237       0.5018428      -0.5377881       1.4294356    
    4:Psi:(Intercept)       -2.5188200       0.8679469      -4.2199960      -0.8176440    
    5:Psi:pctrock            0.0106043       0.0113938      -0.0117275       0.0329361    


              Real Function Parameters of { p(~effort + undr)Psi(~pctrock) }

      Following estimates based on unstandardized individual covariate values:
          Variable   Value         
          ---------  ------------- 
          EFFORT1     906.23188    
          EFFORT2     834.18841    
          EFFORT3     818.18116    
          UNDR1       0.5869565    
          UNDR2       0.5483092    
          UNDR3       0.5042271    
          PCTROCK     68.678238    
                                                               95% Confidence Interval
  Parameter                  Estimate       Standard Error      Lower           Upper
 --------------------------  --------------  --------------  --------------  --------------
     1:p g1 a0 t1             0.7329378       0.0753999       0.5633030       0.8537824                          
     2:p g1 a1 t2             0.7073868       0.0767021       0.5390285       0.8332752                          
     3:p g1 a2 t3             0.6981947       0.0783978       0.5273476       0.8274886                          
     4:Psi g1 a0 t1           0.1430071       0.0317439       0.0912717       0.2170628                          


                      Estimates of Derived Parameters
        Occupancy Estimates of { p(~effort + undr)Psi(~pctrock) }
                                            95% Confidence Interval
 Group   Psi-hat         Standard Error      Lower           Upper
 -----   --------------  --------------  --------------  --------------
   1      0.1430071       0.0317439       0.0912717       0.2170628    

   CPU Time for the last procedure was 0.11 seconds.     

  Program  MARK  - Survival Rate Estimation with Capture-Recapture Data
   gfortran(dble) Vers. 9.0 Mar 2018     3-Dec-2019 11:07:21    Page  004
 - - - - - - - - - - - - - - - - - - - - - - - - - - - - - - - - - - - - - -
 


  INPUT --- proc stop;

     CPU Time in minutes for this job was 0.00

     Time Start = 11:07:19.954   Time End = 11:07:21.781

     Wall Clock Time in minutes for this job was 0.03


          E X E C U T I O N   S U C C E S S F U L 
