
   Program  MARK  - Survival Rate Estimation with Capture-Recapture Data
   gfortran(dble) Vers. 9.0 Mar 2018     3-Dec-2019 12:24:49    Page  001
 - - - - - - - - - - - - - - - - - - - - - - - - - - - - - - - - - - - - - -
 
   This version was compiled by GCC version 7.2.0 using the options: 
     -cpp -iprefix C:/Program Files/mingw-w64/x86_64-7.2.0-posix-seh-rt_v5-rev1/
     mingw64/bin/../lib/gcc/x86_64-w64-mingw32/7.2.0/ -D_MT -D_REENTRANT
     -U_REENTRANT -D IEEE -D DBLEPRECISION -m64 -mtune=core2 -march=nocona -mthreads
     -O2 -fimplicit-none -fbounds-check -funroll-loops -ftree-vectorize
     -ffpe-summary=invalid,zero,overflow,underflow -fno-unsafe-math-optimizations
     -frounding-math -fsignaling-nans -fopenmp.

   This problem will use 7 of 8 possible threads.


  INPUT --- proc title ;

   CPU Time for the last procedure was 0.01 seconds.     


  INPUT --- proc chmatrix occasions= 3 groups= 1 etype= Occupancy 
  INPUT --- Nodes= 101 icovar = 2 ICMeans  NoHist hist= 138 ;

  INPUT ---    time interval 1 1 1 ;

  INPUT ---     icovariates pctex21 pctSlope ;

  INPUT ---    glabel(1)=freq1;

      Number of unique encounter histories read was 138.

      Number of individual covariates read was 2.
      Time interval lengths are all equal to 1.

      Data type number is 27
      Data type is Occupancy Estimation with Detection < 1                                                             

   CPU Time for the last procedure was 0.02 seconds.     

  Program  MARK  - Survival Rate Estimation with Capture-Recapture Data
   gfortran(dble) Vers. 9.0 Mar 2018     3-Dec-2019 12:24:49    Page  002
 - - - - - - - - - - - - - - - - - - - - - - - - - - - - - - - - - - - - - -
 


  INPUT --- proc estimate link=Logit NOLOOP varest=2ndPart    ;


  INPUT --- model={ p(~1)Psi(~pctex21 + pctSlope) };

  INPUT ---    group=1 p    rows=1 cols=3 Square ;
  INPUT ---        1 1 1 ;

  INPUT ---    group=1 Psi    rows=1 cols=1 Square ;
  INPUT ---        2 ;

  INPUT ---    design matrix constraints=2 covariates=4;
  INPUT ---        1 0 0 0;
  INPUT ---        0 1 pctex21 pctSlope;
  INPUT ---       blabel(1)=p:(Intercept);
  INPUT ---       blabel(2)=Psi:(Intercept);
  INPUT ---       blabel(3)=Psi:pctex21;
  INPUT ---       blabel(4)=Psi:pctSlope;
  INPUT ---       rlabel(1)=p g1 a0 t1;
  INPUT ---       rlabel(2)=Psi g1 a0 t1;

 Link Function Used is LOGIT        

 Variance Estimation Procedure Used is 2ndPart 
 -2logL(saturated) = 0.0000000     
 Effective Sample Size = 138

 Number of function evaluations was 19 for 4 parameters.
 Time for numerical optimization was 0.01 seconds.     
 -2logL { p(~1)Psi(~pctex21 + pctSlope) } = 152.91494     
 Penalty { p(~1)Psi(~pctex21 + pctSlope) } = 0.0000000     
 Gradient { p(~1)Psi(~pctex21 + pctSlope) }:
  0.2937308E-05   0.000000      0.1822430E-06   0.000000    
 Maximum ABS(G) { p(~1)Psi(~pctex21 + pctSlope) } = 0.2937308E-05 
 S Vector { p(~1)Psi(~pctex21 + pctSlope) }:
   14.17764      9.569504     0.2557764     0.2007019E-01
 Time to compute number of parameters was 0.08 seconds.     
 Ratio Threshold = 50.000000       Max Gap (2/3) = 37.413554       Next Max Gap (3/4) = 12.744094     
 Gap Method for Num. of Estimated Parameters { p(~1)Psi(~pctex21 + pctSlope) } = 4          
 Threshold { p(~1)Psi(~pctex21 + pctSlope) } = 0.5874615E-05                 
 Numerical Threshold Method for Num. of Estimated Parameters { p(~1)Psi(~pctex21 + pctSlope) } = 4          
 Number of Estimated Parameters { p(~1)Psi(~pctex21 + pctSlope) } = 4          
 DEVIANCE { p(~1)Psi(~pctex21 + pctSlope) } = 152.91494                     
 DEVIANCE Degrees of Freedom { p(~1)Psi(~pctex21 + pctSlope) } = 134            
 c-hat { p(~1)Psi(~pctex21 + pctSlope) } = 1.1411563                     
 AIC { p(~1)Psi(~pctex21 + pctSlope) } = 160.91494                  
 AICc { p(~1)Psi(~pctex21 + pctSlope) } = 161.21569                    
 BIC { p(~1)Psi(~pctex21 + pctSlope) } = 172.62396                    
 Pearson Chisquare { p(~1)Psi(~pctex21 + pctSlope) } = 848.39133                  


              LOGIT Link Function Parameters of { p(~1)Psi(~pctex21 + pctSlope) }
                                                              95% Confidence Interval
 Parameter                    Beta         Standard Error      Lower           Upper
 -------------------------  --------------  --------------  --------------  --------------
    1:p:(Intercept)          0.9480581       0.3211053       0.3186916       1.5774245    
    2:Psi:(Intercept)       -0.9423408       0.3485459      -1.6254908      -0.2591908    
    3:Psi:pctex21           -0.6436199       0.2274094      -1.0893423      -0.1978975    

  Program  MARK  - Survival Rate Estimation with Capture-Recapture Data
   gfortran(dble) Vers. 9.0 Mar 2018     3-Dec-2019 12:24:49    Page  003
 - - - - - - - - - - - - - - - - - - - - - - - - - - - - - - - - - - - - - -
 
    4:Psi:pctSlope           0.0297180       0.0385427      -0.0458257       0.1052617    


              Real Function Parameters of { p(~1)Psi(~pctex21 + pctSlope) }

      Following estimates based on unstandardized individual covariate values:
          Variable   Value         
          ---------  ------------- 
          PCTEX21     4.8306834    
          PCTSLOPE    5.7132415    
                                                               95% Confidence Interval
  Parameter                  Estimate       Standard Error      Lower           Upper
 --------------------------  --------------  --------------  --------------  --------------
     1:p g1 a0 t1             0.7207245       0.0646323       0.5790053       0.8288395                          
     2:Psi g1 a0 t1           0.0201998       0.0194756       0.0029874       0.1242282                          


                      Estimates of Derived Parameters
         Occupancy Estimates of { p(~1)Psi(~pctex21 + pctSlope) }
                                            95% Confidence Interval
 Group   Psi-hat         Standard Error      Lower           Upper
 -----   --------------  --------------  --------------  --------------
   1      0.0201998       0.0194756       0.0029874       0.1242282    

   CPU Time for the last procedure was 0.09 seconds.     

  Program  MARK  - Survival Rate Estimation with Capture-Recapture Data
   gfortran(dble) Vers. 9.0 Mar 2018     3-Dec-2019 12:24:49    Page  004
 - - - - - - - - - - - - - - - - - - - - - - - - - - - - - - - - - - - - - -
 


  INPUT --- proc stop;

     CPU Time in minutes for this job was 0.00

     Time Start = 12:24:49.833   Time End = 12:24:49.932

     Wall Clock Time in minutes for this job was 0.00


          E X E C U T I O N   S U C C E S S F U L 
