
   Program  MARK  - Survival Rate Estimation with Capture-Recapture Data
   gfortran(dble) Vers. 9.0 Mar 2018     3-Dec-2019 11:06:17    Page  001
 - - - - - - - - - - - - - - - - - - - - - - - - - - - - - - - - - - - - - -
 
   This version was compiled by GCC version 7.2.0 using the options: 
     -cpp -iprefix C:/Program Files/mingw-w64/x86_64-7.2.0-posix-seh-rt_v5-rev1/
     mingw64/bin/../lib/gcc/x86_64-w64-mingw32/7.2.0/ -D_MT -D_REENTRANT
     -U_REENTRANT -D IEEE -D DBLEPRECISION -m64 -mtune=core2 -march=nocona -mthreads
     -O2 -fimplicit-none -fbounds-check -funroll-loops -ftree-vectorize
     -ffpe-summary=invalid,zero,overflow,underflow -fno-unsafe-math-optimizations
     -frounding-math -fsignaling-nans -fopenmp.

   This problem will use 7 of 8 possible threads.


  INPUT --- proc title ;

   CPU Time for the last procedure was 0.01 seconds.     


  INPUT --- proc chmatrix occasions= 3 groups= 1 etype= Occupancy 
  INPUT --- Nodes= 101 icovar = 7 ICMeans  NoHist hist= 138 ;

  INPUT ---    time interval 1 1 1 ;

  INPUT ---     icovariates effort1 effort2 effort3 mxdep1 mxdep2 mxdep3  
  INPUT ---    pctex21 ;

  INPUT ---    glabel(1)=freq1;

      Number of unique encounter histories read was 138.

      Number of individual covariates read was 7.
      Time interval lengths are all equal to 1.

      Data type number is 27
      Data type is Occupancy Estimation with Detection < 1                                                             

   CPU Time for the last procedure was 0.01 seconds.     

  Program  MARK  - Survival Rate Estimation with Capture-Recapture Data
   gfortran(dble) Vers. 9.0 Mar 2018     3-Dec-2019 11:06:17    Page  002
 - - - - - - - - - - - - - - - - - - - - - - - - - - - - - - - - - - - - - -
 


  INPUT --- proc estimate link=Logit NOLOOP varest=2ndPart    ;


  INPUT --- model={ p(~effort + mxdep)Psi(~pctex21) };

  INPUT ---    group=1 p    rows=1 cols=3 Square ;
  INPUT ---        1 2 3 ;

  INPUT ---    group=1 Psi    rows=1 cols=1 Square ;
  INPUT ---        4 ;

  INPUT ---    design matrix constraints=4 covariates=5;
  INPUT ---        1 effort1 mxdep1 0 0;
  INPUT ---        1 effort2 mxdep2 0 0;
  INPUT ---        1 effort3 mxdep3 0 0;
  INPUT ---        0 0 0 1 pctex21;
  INPUT ---       blabel(1)=p:(Intercept);
  INPUT ---       blabel(2)=p:effort;
  INPUT ---       blabel(3)=p:mxdep;
  INPUT ---       blabel(4)=Psi:(Intercept);
  INPUT ---       blabel(5)=Psi:pctex21;
  INPUT ---       rlabel(1)=p g1 a0 t1;
  INPUT ---       rlabel(2)=p g1 a1 t2;
  INPUT ---       rlabel(3)=p g1 a2 t3;
  INPUT ---       rlabel(4)=Psi g1 a0 t1;

 Link Function Used is LOGIT        

 Variance Estimation Procedure Used is 2ndPart 
 -2logL(saturated) = 0.0000000     
 Effective Sample Size = 138

 Number of function evaluations was 35 for 5 parameters.
 Time for numerical optimization was 0.09 seconds.     
 -2logL { p(~effort + mxdep)Psi(~pctex21) } = 145.01282     
 Penalty { p(~effort + mxdep)Psi(~pctex21) } = 0.0000000     
 Gradient { p(~effort + mxdep)Psi(~pctex21) }:
  0.1622579E-05  0.3660109E-06  0.8607748E-07  0.3281401E-05  0.9343870E-07
 Maximum ABS(G) { p(~effort + mxdep)Psi(~pctex21) } = 0.3281401E-05 
 S Vector { p(~effort + mxdep)Psi(~pctex21) }:
   14.18443      7.526777     0.1147020     0.2009734E-01 0.8599449E-03
 Time to compute number of parameters was 0.06 seconds.     
 Ratio Threshold = 50.000000       Max Gap (2/3) = 65.620301       Next Max Gap (4/5) = 23.370500     
 Gap Method for Num. of Estimated Parameters { p(~effort + mxdep)Psi(~pctex21) } = 2          
 Threshold { p(~effort + mxdep)Psi(~pctex21) } = 0.6562802E-05                 
 Numerical Threshold Method for Num. of Estimated Parameters { p(~effort + mxdep)Psi(~pctex21) } = 5          
 Number of Estimated Parameters { p(~effort + mxdep)Psi(~pctex21) } = 5          

   * *  WARNING  * *   Number of parameters estimated from gap method (=2) and threshold method (=5) differ.  Inspect full output.                                                                                                                                                                                                                                                                                                                                                                                                                      

  Program  MARK  - Survival Rate Estimation with Capture-Recapture Data
   gfortran(dble) Vers. 9.0 Mar 2018     3-Dec-2019 11:06:17    Page  003
 - - - - - - - - - - - - - - - - - - - - - - - - - - - - - - - - - - - - - -
 
 Ratios of S Vector { p(~effort + mxdep)Psi(~pctex21) }:
   1/2    1.884530       2/3    65.62030       3/4    5.707319       4/5    23.37050    
 DEVIANCE { p(~effort + mxdep)Psi(~pctex21) } = 145.01282                     
 DEVIANCE Degrees of Freedom { p(~effort + mxdep)Psi(~pctex21) } = 133            
 c-hat { p(~effort + mxdep)Psi(~pctex21) } = 1.0903219                     
 AIC { p(~effort + mxdep)Psi(~pctex21) } = 155.01282                  
 AICc { p(~effort + mxdep)Psi(~pctex21) } = 155.46736                    
 BIC { p(~effort + mxdep)Psi(~pctex21) } = 169.64908                    
 Pearson Chisquare { p(~effort + mxdep)Psi(~pctex21) } = 615.69247                  


             LOGIT Link Function Parameters of { p(~effort + mxdep)Psi(~pctex21) }
                                                              95% Confidence Interval
 Parameter                    Beta         Standard Error      Lower           Upper
 -------------------------  --------------  --------------  --------------  --------------
    1:p:(Intercept)         -1.3510085       0.9723922      -3.2568972       0.5548802    
    2:p:effort               0.0010560       0.8297047E-03  -0.5702585E-03   0.0026822    
    3:p:mxdep                2.7073137       2.1285032      -1.4645526       6.8791800    
    4:Psi:(Intercept)       -0.7437812       0.3180893      -1.3672363      -0.1203262    
    5:Psi:pctex21           -0.6268580       0.2277247      -1.0731984      -0.1805177    


             Real Function Parameters of { p(~effort + mxdep)Psi(~pctex21) }

      Following estimates based on unstandardized individual covariate values:
          Variable   Value         
          ---------  ------------- 
          EFFORT1     906.23188    
          EFFORT2     834.18841    
          EFFORT3     818.18116    
          MXDEP1      0.5167391    
          MXDEP2      0.4846377    
          MXDEP3      0.6304348    
          PCTEX21     4.8306834    
                                                               95% Confidence Interval
  Parameter                  Estimate       Standard Error      Lower           Upper
 --------------------------  --------------  --------------  --------------  --------------
     1:p g1 a0 t1             0.7320236       0.0744976       0.5647750       0.8518598                          
     2:p g1 a1 t2             0.6988715       0.0773372       0.5303774       0.8266688                          
     3:p g1 a2 t3             0.7720187       0.0832673       0.5726034       0.8953890                          
     4:Psi g1 a0 t1           0.0224901       0.0217395       0.0033014       0.1377912                          


                      Estimates of Derived Parameters
        Occupancy Estimates of { p(~effort + mxdep)Psi(~pctex21) }
                                            95% Confidence Interval
 Group   Psi-hat         Standard Error      Lower           Upper
 -----   --------------  --------------  --------------  --------------
   1      0.0224901       0.0217395       0.0033014       0.1377912    

 Attempted ordering of parameters by estimatibility:
  4 1 2 5 3
 Beta number 3 is a singular value.

   CPU Time for the last procedure was 0.16 seconds.     

  Program  MARK  - Survival Rate Estimation with Capture-Recapture Data
   gfortran(dble) Vers. 9.0 Mar 2018     3-Dec-2019 11:06:17    Page  004
 - - - - - - - - - - - - - - - - - - - - - - - - - - - - - - - - - - - - - -
 


  INPUT --- proc stop;

     CPU Time in minutes for this job was 0.00

     Time Start = 11:06:17.464   Time End = 11:06:17.598

     Wall Clock Time in minutes for this job was 0.00


          E X E C U T I O N   S U C C E S S F U L 
