
   Program  MARK  - Survival Rate Estimation with Capture-Recapture Data
   gfortran(dble) Vers. 9.0 Mar 2018     3-Dec-2019 11:07:38    Page  001
 - - - - - - - - - - - - - - - - - - - - - - - - - - - - - - - - - - - - - -
 
   This version was compiled by GCC version 7.2.0 using the options: 
     -cpp -iprefix C:/Program Files/mingw-w64/x86_64-7.2.0-posix-seh-rt_v5-rev1/
     mingw64/bin/../lib/gcc/x86_64-w64-mingw32/7.2.0/ -D_MT -D_REENTRANT
     -U_REENTRANT -D IEEE -D DBLEPRECISION -m64 -mtune=core2 -march=nocona -mthreads
     -O2 -fimplicit-none -fbounds-check -funroll-loops -ftree-vectorize
     -ffpe-summary=invalid,zero,overflow,underflow -fno-unsafe-math-optimizations
     -frounding-math -fsignaling-nans -fopenmp.

   This problem will use 7 of 8 possible threads.


  INPUT --- proc title ;

   CPU Time for the last procedure was 0.01 seconds.     


  INPUT --- proc chmatrix occasions= 3 groups= 1 etype= Occupancy 
  INPUT --- Nodes= 101 icovar = 7 ICMeans  NoHist hist= 138 ;

  INPUT ---    time interval 1 1 1 ;

  INPUT ---     icovariates effort1 effort2 effort3 lwd1 lwd2 lwd3  
  INPUT ---    pctShade ;

  INPUT ---    glabel(1)=freq1;

      Number of unique encounter histories read was 138.

      Number of individual covariates read was 7.
      Time interval lengths are all equal to 1.

      Data type number is 27
      Data type is Occupancy Estimation with Detection < 1                                                             

   CPU Time for the last procedure was 0.02 seconds.     

  Program  MARK  - Survival Rate Estimation with Capture-Recapture Data
   gfortran(dble) Vers. 9.0 Mar 2018     3-Dec-2019 11:07:38    Page  002
 - - - - - - - - - - - - - - - - - - - - - - - - - - - - - - - - - - - - - -
 


  INPUT --- proc estimate link=Logit NOLOOP varest=2ndPart    ;


  INPUT --- model={ p(~effort + lwd)Psi(~pctShade) };

  INPUT ---    group=1 p    rows=1 cols=3 Square ;
  INPUT ---        1 2 3 ;

  INPUT ---    group=1 Psi    rows=1 cols=1 Square ;
  INPUT ---        4 ;

  INPUT ---    design matrix constraints=4 covariates=5;
  INPUT ---        1 effort1 lwd1 0 0;
  INPUT ---        1 effort2 lwd2 0 0;
  INPUT ---        1 effort3 lwd3 0 0;
  INPUT ---        0 0 0 1 pctShade;
  INPUT ---       blabel(1)=p:(Intercept);
  INPUT ---       blabel(2)=p:effort;
  INPUT ---       blabel(3)=p:lwd;
  INPUT ---       blabel(4)=Psi:(Intercept);
  INPUT ---       blabel(5)=Psi:pctShade;
  INPUT ---       rlabel(1)=p g1 a0 t1;
  INPUT ---       rlabel(2)=p g1 a1 t2;
  INPUT ---       rlabel(3)=p g1 a2 t3;
  INPUT ---       rlabel(4)=Psi g1 a0 t1;

 Link Function Used is LOGIT        

 Variance Estimation Procedure Used is 2ndPart 
 -2logL(saturated) = 0.0000000     
 Effective Sample Size = 138

 Number of function evaluations was 20 for 5 parameters.
 Time for numerical optimization was 0.03 seconds.     
 -2logL { p(~effort + lwd)Psi(~pctShade) } = 168.42345     
 Penalty { p(~effort + lwd)Psi(~pctShade) } = 0.0000000     
 Gradient { p(~effort + lwd)Psi(~pctShade) }:
  0.2421079E-05  0.2564922E-06  0.6755371E-06  0.2617857E-05  0.1498910E-05
 Maximum ABS(G) { p(~effort + lwd)Psi(~pctShade) } = 0.2617857E-05 
 S Vector { p(~effort + lwd)Psi(~pctShade) }:
   20.95554      8.427436      1.213167     0.1911817     0.1011499    
 Time to compute number of parameters was 0.08 seconds.     
 Ratio Threshold = 50.000000       Max Gap (2/3) = 6.9466403       Next Max Gap (3/4) = 6.3456235     
 Gap Method for Num. of Estimated Parameters { p(~effort + lwd)Psi(~pctShade) } = 5          
 Threshold { p(~effort + lwd)Psi(~pctShade) } = 0.5235715E-05                 
 Numerical Threshold Method for Num. of Estimated Parameters { p(~effort + lwd)Psi(~pctShade) } = 5          
 Number of Estimated Parameters { p(~effort + lwd)Psi(~pctShade) } = 5          
 DEVIANCE { p(~effort + lwd)Psi(~pctShade) } = 168.42345                     
 DEVIANCE Degrees of Freedom { p(~effort + lwd)Psi(~pctShade) } = 133            
 c-hat { p(~effort + lwd)Psi(~pctShade) } = 1.2663417                     
 AIC { p(~effort + lwd)Psi(~pctShade) } = 178.42345                  
 AICc { p(~effort + lwd)Psi(~pctShade) } = 178.87799                    
 BIC { p(~effort + lwd)Psi(~pctShade) } = 193.05971                    
 Pearson Chisquare { p(~effort + lwd)Psi(~pctShade) } = 860.05820                  

  Program  MARK  - Survival Rate Estimation with Capture-Recapture Data
   gfortran(dble) Vers. 9.0 Mar 2018     3-Dec-2019 11:07:38    Page  003
 - - - - - - - - - - - - - - - - - - - - - - - - - - - - - - - - - - - - - -
 


              LOGIT Link Function Parameters of { p(~effort + lwd)Psi(~pctShade) }
                                                              95% Confidence Interval
 Parameter                    Beta         Standard Error      Lower           Upper
 -------------------------  --------------  --------------  --------------  --------------
    1:p:(Intercept)         -0.5756184       0.7028486      -1.9532018       0.8019650    
    2:p:effort               0.0016139       0.7741783E-03   0.9652330E-04   0.0031313    
    3:p:lwd                  1.0419744       1.3033281      -1.5125489       3.5964976    
    4:Psi:(Intercept)       -1.9143661       0.4849383      -2.8648451      -0.9638871    
    5:Psi:pctShade           0.0027414       0.0080742      -0.0130840       0.0185667    


              Real Function Parameters of { p(~effort + lwd)Psi(~pctShade) }

      Following estimates based on unstandardized individual covariate values:
          Variable   Value         
          ---------  ------------- 
          EFFORT1     906.23188    
          EFFORT2     834.18841    
          EFFORT3     818.18116    
          LWD1        0.2346014    
          LWD2        0.2355072    
          LWD3        0.2114389    
          PCTSHADE    48.614931    
                                                               95% Confidence Interval
  Parameter                  Estimate       Standard Error      Lower           Upper
 --------------------------  --------------  --------------  --------------  --------------
     1:p g1 a0 t1             0.7560989       0.0715987       0.5915646       0.8690269                          
     2:p g1 a1 t2             0.7342086       0.0724998       0.5714848       0.8512262                          
     3:p g1 a2 t3             0.7241554       0.0724069       0.5633350       0.8423249                          
     4:Psi g1 a0 t1           0.1441680       0.0312257       0.0930350       0.2166899                          


                      Estimates of Derived Parameters
        Occupancy Estimates of { p(~effort + lwd)Psi(~pctShade) }
                                            95% Confidence Interval
 Group   Psi-hat         Standard Error      Lower           Upper
 -----   --------------  --------------  --------------  --------------
   1      0.1441680       0.0312257       0.0930350       0.2166899    

   CPU Time for the last procedure was 0.11 seconds.     

  Program  MARK  - Survival Rate Estimation with Capture-Recapture Data
   gfortran(dble) Vers. 9.0 Mar 2018     3-Dec-2019 11:07:38    Page  004
 - - - - - - - - - - - - - - - - - - - - - - - - - - - - - - - - - - - - - -
 


  INPUT --- proc stop;

     CPU Time in minutes for this job was 0.00

     Time Start = 11:07:38.839   Time End = 11:07:38.958

     Wall Clock Time in minutes for this job was 0.00


          E X E C U T I O N   S U C C E S S F U L 
