
   Program  MARK  - Survival Rate Estimation with Capture-Recapture Data
   gfortran(dble) Vers. 9.0 Mar 2018     3-Dec-2019 10:56:14    Page  001
 - - - - - - - - - - - - - - - - - - - - - - - - - - - - - - - - - - - - - -
 
   This version was compiled by GCC version 7.2.0 using the options: 
     -cpp -iprefix C:/Program Files/mingw-w64/x86_64-7.2.0-posix-seh-rt_v5-rev1/
     mingw64/bin/../lib/gcc/x86_64-w64-mingw32/7.2.0/ -D_MT -D_REENTRANT
     -U_REENTRANT -D IEEE -D DBLEPRECISION -m64 -mtune=core2 -march=nocona -mthreads
     -O2 -fimplicit-none -fbounds-check -funroll-loops -ftree-vectorize
     -ffpe-summary=invalid,zero,overflow,underflow -fno-unsafe-math-optimizations
     -frounding-math -fsignaling-nans -fopenmp.

   This problem will use 7 of 8 possible threads.


  INPUT --- proc title ;

   CPU Time for the last procedure was 0.01 seconds.     


  INPUT --- proc chmatrix occasions= 3 groups= 1 etype= Occupancy 
  INPUT --- Nodes= 101 icovar = 7 ICMeans  NoHist hist= 138 ;

  INPUT ---    time interval 1 1 1 ;

  INPUT ---     icovariates effort1 effort2 effort3 mxflow1 mxflow2  
  INPUT ---    mxflow3 avdep ;

  INPUT ---    glabel(1)=freq1;

      Number of unique encounter histories read was 138.

      Number of individual covariates read was 7.
      Time interval lengths are all equal to 1.

      Data type number is 27
      Data type is Occupancy Estimation with Detection < 1                                                             

   CPU Time for the last procedure was 0.02 seconds.     

  Program  MARK  - Survival Rate Estimation with Capture-Recapture Data
   gfortran(dble) Vers. 9.0 Mar 2018     3-Dec-2019 10:56:14    Page  002
 - - - - - - - - - - - - - - - - - - - - - - - - - - - - - - - - - - - - - -
 


  INPUT --- proc estimate link=Logit NOLOOP varest=2ndPart    ;


  INPUT --- model={ p(~effort + mxflow)Psi(~avdep) };

  INPUT ---    group=1 p    rows=1 cols=3 Square ;
  INPUT ---        1 2 3 ;

  INPUT ---    group=1 Psi    rows=1 cols=1 Square ;
  INPUT ---        4 ;

  INPUT ---    design matrix constraints=4 covariates=5;
  INPUT ---        1 effort1 mxflow1 0 0;
  INPUT ---        1 effort2 mxflow2 0 0;
  INPUT ---        1 effort3 mxflow3 0 0;
  INPUT ---        0 0 0 1 avdep;
  INPUT ---       blabel(1)=p:(Intercept);
  INPUT ---       blabel(2)=p:effort;
  INPUT ---       blabel(3)=p:mxflow;
  INPUT ---       blabel(4)=Psi:(Intercept);
  INPUT ---       blabel(5)=Psi:avdep;
  INPUT ---       rlabel(1)=p g1 a0 t1;
  INPUT ---       rlabel(2)=p g1 a1 t2;
  INPUT ---       rlabel(3)=p g1 a2 t3;
  INPUT ---       rlabel(4)=Psi g1 a0 t1;

 Link Function Used is LOGIT        

 Variance Estimation Procedure Used is 2ndPart 
 -2logL(saturated) = 0.0000000     
 Effective Sample Size = 138

 Number of function evaluations was 33 for 5 parameters.
 Time for numerical optimization was 0.03 seconds.     
 -2logL { p(~effort + mxflow)Psi(~avdep) } = 169.02154     
 Penalty { p(~effort + mxflow)Psi(~avdep) } = 0.0000000     
 Gradient { p(~effort + mxflow)Psi(~avdep) }:
  0.1832968E-05   0.000000       0.000000      0.6704458E-06   0.000000    
 Maximum ABS(G) { p(~effort + mxflow)Psi(~avdep) } = 0.1832968E-05 
 S Vector { p(~effort + mxflow)Psi(~avdep) }:
   17.53586      8.264885     0.1341147     0.1008981     0.1194363E-03
 Time to compute number of parameters was 0.01 seconds.     
 Ratio Threshold = 50.000000       Max Gap (4/5) = 844.78540       Next Max Gap (2/3) = 61.625511     
 Gap Method for Num. of Estimated Parameters { p(~effort + mxflow)Psi(~avdep) } = 2          
 Threshold { p(~effort + mxflow)Psi(~avdep) } = 0.3665937E-05                 
 Numerical Threshold Method for Num. of Estimated Parameters { p(~effort + mxflow)Psi(~avdep) } = 5          
 Number of Estimated Parameters { p(~effort + mxflow)Psi(~avdep) } = 5          

   * *  WARNING  * *   Number of parameters estimated from gap method (=2) and threshold method (=5) differ.  Inspect full output.                                                                                                                                                                                                                                                                                                                                                                                                                      

  Program  MARK  - Survival Rate Estimation with Capture-Recapture Data
   gfortran(dble) Vers. 9.0 Mar 2018     3-Dec-2019 10:56:15    Page  003
 - - - - - - - - - - - - - - - - - - - - - - - - - - - - - - - - - - - - - -
 
 Ratios of S Vector { p(~effort + mxflow)Psi(~avdep) }:
   1/2    2.121731       2/3    61.62551       3/4    1.329209       4/5    844.7854    
 DEVIANCE { p(~effort + mxflow)Psi(~avdep) } = 169.02154                     
 DEVIANCE Degrees of Freedom { p(~effort + mxflow)Psi(~avdep) } = 133            
 c-hat { p(~effort + mxflow)Psi(~avdep) } = 1.2708386                     
 AIC { p(~effort + mxflow)Psi(~avdep) } = 179.02154                  
 AICc { p(~effort + mxflow)Psi(~avdep) } = 179.47608                    
 BIC { p(~effort + mxflow)Psi(~avdep) } = 193.65780                    
 Pearson Chisquare { p(~effort + mxflow)Psi(~avdep) } = 899.95876                  


              LOGIT Link Function Parameters of { p(~effort + mxflow)Psi(~avdep) }
                                                              95% Confidence Interval
 Parameter                    Beta         Standard Error      Lower           Upper
 -------------------------  --------------  --------------  --------------  --------------
    1:p:(Intercept)         -0.0405792       0.9703064      -1.9423798       1.8612214    
    2:p:effort               0.0016357       0.7807867E-03   0.1053255E-03   0.0031660    
    3:p:mxflow              -0.6437570       1.3863416      -3.3609865       2.0734725    
    4:Psi:(Intercept)       -1.8448960       0.7363834      -3.2882076      -0.4015845    
    5:Psi:avdep              0.2697972       2.6541526      -4.9323420       5.4719365    


              Real Function Parameters of { p(~effort + mxflow)Psi(~avdep) }

      Following estimates based on unstandardized individual covariate values:
          Variable   Value         
          ---------  ------------- 
          EFFORT1     906.23188    
          EFFORT2     834.18841    
          EFFORT3     818.18116    
          MXFLOW1     0.8952899    
          MXFLOW2     1.0911594    
          MXFLOW3     0.5689855    
          AVDEP       0.2562426    
                                                               95% Confidence Interval
  Parameter                  Estimate       Standard Error      Lower           Upper
 --------------------------  --------------  --------------  --------------  --------------
     1:p g1 a0 t1             0.7037805       0.1203696       0.4338132       0.8804861                          
     2:p g1 a1 t2             0.6505446       0.1820089       0.2793331       0.8994058                          
     3:p g1 a2 t3             0.7173602       0.0727973       0.5566763       0.8368706                          
     4:Psi g1 a0 t1           0.1448272       0.0312962       0.0935504       0.2174668                          


                      Estimates of Derived Parameters
        Occupancy Estimates of { p(~effort + mxflow)Psi(~avdep) }
                                            95% Confidence Interval
 Group   Psi-hat         Standard Error      Lower           Upper
 -----   --------------  --------------  --------------  --------------
   1      0.1448272       0.0312962       0.0935504       0.2174668    

 Attempted ordering of parameters by estimatibility:
  4 1 5 2 3
 Beta number 3 is a singular value.

   CPU Time for the last procedure was 0.03 seconds.     

  Program  MARK  - Survival Rate Estimation with Capture-Recapture Data
   gfortran(dble) Vers. 9.0 Mar 2018     3-Dec-2019 10:56:15    Page  004
 - - - - - - - - - - - - - - - - - - - - - - - - - - - - - - - - - - - - - -
 


  INPUT --- proc stop;

     CPU Time in minutes for this job was 0.00

     Time Start = 10:56:14.560   Time End = 10:56:15.271

     Wall Clock Time in minutes for this job was 0.01


          E X E C U T I O N   S U C C E S S F U L 
