
   Program  MARK  - Survival Rate Estimation with Capture-Recapture Data
   gfortran(dble) Vers. 9.0 Mar 2018     3-Dec-2019 10:59:10    Page  001
 - - - - - - - - - - - - - - - - - - - - - - - - - - - - - - - - - - - - - -
 
   This version was compiled by GCC version 7.2.0 using the options: 
     -cpp -iprefix C:/Program Files/mingw-w64/x86_64-7.2.0-posix-seh-rt_v5-rev1/
     mingw64/bin/../lib/gcc/x86_64-w64-mingw32/7.2.0/ -D_MT -D_REENTRANT
     -U_REENTRANT -D IEEE -D DBLEPRECISION -m64 -mtune=core2 -march=nocona -mthreads
     -O2 -fimplicit-none -fbounds-check -funroll-loops -ftree-vectorize
     -ffpe-summary=invalid,zero,overflow,underflow -fno-unsafe-math-optimizations
     -frounding-math -fsignaling-nans -fopenmp.

   This problem will use 7 of 8 possible threads.


  INPUT --- proc title ;

   CPU Time for the last procedure was 0.01 seconds.     


  INPUT --- proc chmatrix occasions= 3 groups= 1 etype= Occupancy 
  INPUT --- Nodes= 101 icovar = 6 ICMeans  NoHist hist= 138 ;

  INPUT ---    time interval 1 1 1 ;

  INPUT ---     icovariates effort1 effort2 effort3 LWD pctex21 avdep ;

  INPUT ---    glabel(1)=freq1;

      Number of unique encounter histories read was 138.

      Number of individual covariates read was 6.
      Time interval lengths are all equal to 1.

      Data type number is 27
      Data type is Occupancy Estimation with Detection < 1                                                             

   CPU Time for the last procedure was 0.01 seconds.     

  Program  MARK  - Survival Rate Estimation with Capture-Recapture Data
   gfortran(dble) Vers. 9.0 Mar 2018     3-Dec-2019 10:59:10    Page  002
 - - - - - - - - - - - - - - - - - - - - - - - - - - - - - - - - - - - - - -
 


  INPUT --- proc estimate link=Logit NOLOOP varest=2ndPart    ;


  INPUT --- model={ p(~effort + LWD)Psi(~pctex21 + avdep) };

  INPUT ---    group=1 p    rows=1 cols=3 Square ;
  INPUT ---        1 2 3 ;

  INPUT ---    group=1 Psi    rows=1 cols=1 Square ;
  INPUT ---        4 ;

  INPUT ---    design matrix constraints=4 covariates=6;
  INPUT ---        1 effort1 LWD 0 0 0;
  INPUT ---        1 effort2 LWD 0 0 0;
  INPUT ---        1 effort3 LWD 0 0 0;
  INPUT ---        0 0 0 1 pctex21 avdep;
  INPUT ---       blabel(1)=p:(Intercept);
  INPUT ---       blabel(2)=p:effort;
  INPUT ---       blabel(3)=p:LWD;
  INPUT ---       blabel(4)=Psi:(Intercept);
  INPUT ---       blabel(5)=Psi:pctex21;
  INPUT ---       blabel(6)=Psi:avdep;
  INPUT ---       rlabel(1)=p g1 a0 t1;
  INPUT ---       rlabel(2)=p g1 a1 t2;
  INPUT ---       rlabel(3)=p g1 a2 t3;
  INPUT ---       rlabel(4)=Psi g1 a0 t1;

 Link Function Used is LOGIT        

 Variance Estimation Procedure Used is 2ndPart 
 -2logL(saturated) = 0.0000000     
 Effective Sample Size = 138

 Number of function evaluations was 29 for 6 parameters.
 Time for numerical optimization was 0.06 seconds.     
 -2logL { p(~effort + LWD)Psi(~pctex21 + avdep) } = 144.97897     
 Penalty { p(~effort + LWD)Psi(~pctex21 + avdep) } = 0.0000000     
 Gradient { p(~effort + LWD)Psi(~pctex21 + avdep) }:
  0.1691442E-05  0.4245085E-06  0.5696158E-06   0.000000      0.1766665E-06
  0.8452273E-06
 Maximum ABS(G) { p(~effort + LWD)Psi(~pctex21 + avdep) } = 0.1691442E-05 
 S Vector { p(~effort + LWD)Psi(~pctex21 + avdep) }:
   15.20026      7.194835     0.2830833     0.1206250     0.7901240E-01
  0.1787361E-01
 Time to compute number of parameters was 0.01 seconds.     
 Ratio Threshold = 50.000000       Max Gap (2/3) = 25.415963       Next Max Gap (5/6) = 4.4206190     
 Gap Method for Num. of Estimated Parameters { p(~effort + LWD)Psi(~pctex21 + avdep) } = 6          
 Threshold { p(~effort + LWD)Psi(~pctex21 + avdep) } = 0.3382885E-05                 
 Numerical Threshold Method for Num. of Estimated Parameters { p(~effort + LWD)Psi(~pctex21 + avdep) } = 6          
 Number of Estimated Parameters { p(~effort + LWD)Psi(~pctex21 + avdep) } = 6          
 DEVIANCE { p(~effort + LWD)Psi(~pctex21 + avdep) } = 144.97897                     
 DEVIANCE Degrees of Freedom { p(~effort + LWD)Psi(~pctex21 + avdep) } = 132            
 c-hat { p(~effort + LWD)Psi(~pctex21 + avdep) } = 1.0983255                     
 AIC { p(~effort + LWD)Psi(~pctex21 + avdep) } = 156.97897                  
 AICc { p(~effort + LWD)Psi(~pctex21 + avdep) } = 157.62019                    
 BIC { p(~effort + LWD)Psi(~pctex21 + avdep) } = 174.54249                    
 Pearson Chisquare { p(~effort + LWD)Psi(~pctex21 + avdep) } = 641.81783                  

  Program  MARK  - Survival Rate Estimation with Capture-Recapture Data
   gfortran(dble) Vers. 9.0 Mar 2018     3-Dec-2019 10:59:10    Page  003
 - - - - - - - - - - - - - - - - - - - - - - - - - - - - - - - - - - - - - -
 


          LOGIT Link Function Parameters of { p(~effort + LWD)Psi(~pctex21 + avdep) }
                                                              95% Confidence Interval
 Parameter                    Beta         Standard Error      Lower           Upper
 -------------------------  --------------  --------------  --------------  --------------
    1:p:(Intercept)         -1.2552925       0.9270551      -3.0723206       0.5617356    
    2:p:effort               0.0020025       0.8545961E-03   0.3275367E-03   0.0036776    
    3:p:LWD                  2.3484828       1.9429824      -1.4597627       6.1567284    
    4:Psi:(Intercept)       -0.3307689       0.8849965      -2.0653622       1.4038243    
    5:Psi:pctex21           -0.6649552       0.2396968      -1.1347609      -0.1951494    
    6:Psi:avdep             -1.2566104       2.9150255      -6.9700605       4.4568396    


          Real Function Parameters of { p(~effort + LWD)Psi(~pctex21 + avdep) }

      Following estimates based on unstandardized individual covariate values:
          Variable   Value         
          ---------  ------------- 
          EFFORT1     906.23188    
          EFFORT2     834.18841    
          EFFORT3     818.18116    
          LWD         0.2273503    
          PCTEX21     4.8306834    
          AVDEP       0.2562426    
                                                               95% Confidence Interval
  Parameter                  Estimate       Standard Error      Lower           Upper
 --------------------------  --------------  --------------  --------------  --------------
     1:p g1 a0 t1             0.7490225       0.0747691       0.5778241       0.8668009                          
     2:p g1 a1 t2             0.7209413       0.0768237       0.5500067       0.8452176                          
     3:p g1 a2 t3             0.7144469       0.0774423       0.5431604       0.8403841                          
     4:Psi g1 a0 t1           0.0205334       0.0205944       0.0028094       0.1349452                          


                      Estimates of Derived Parameters
     Occupancy Estimates of { p(~effort + LWD)Psi(~pctex21 + avdep) }
                                            95% Confidence Interval
 Group   Psi-hat         Standard Error      Lower           Upper
 -----   --------------  --------------  --------------  --------------
   1      0.0205334       0.0205944       0.0028094       0.1349452    

   CPU Time for the last procedure was 0.06 seconds.     

  Program  MARK  - Survival Rate Estimation with Capture-Recapture Data
   gfortran(dble) Vers. 9.0 Mar 2018     3-Dec-2019 10:59:10    Page  004
 - - - - - - - - - - - - - - - - - - - - - - - - - - - - - - - - - - - - - -
 


  INPUT --- proc stop;

     CPU Time in minutes for this job was 0.00

     Time Start = 10:59:10.203   Time End = 10:59:10.923

     Wall Clock Time in minutes for this job was 0.01


          E X E C U T I O N   S U C C E S S F U L 
