
   Program  MARK  - Survival Rate Estimation with Capture-Recapture Data
   gfortran(dble) Vers. 9.0 Mar 2018     3-Dec-2019 11:08:16    Page  001
 - - - - - - - - - - - - - - - - - - - - - - - - - - - - - - - - - - - - - -
 
   This version was compiled by GCC version 7.2.0 using the options: 
     -cpp -iprefix C:/Program Files/mingw-w64/x86_64-7.2.0-posix-seh-rt_v5-rev1/
     mingw64/bin/../lib/gcc/x86_64-w64-mingw32/7.2.0/ -D_MT -D_REENTRANT
     -U_REENTRANT -D IEEE -D DBLEPRECISION -m64 -mtune=core2 -march=nocona -mthreads
     -O2 -fimplicit-none -fbounds-check -funroll-loops -ftree-vectorize
     -ffpe-summary=invalid,zero,overflow,underflow -fno-unsafe-math-optimizations
     -frounding-math -fsignaling-nans -fopenmp.

   This problem will use 7 of 8 possible threads.


  INPUT --- proc title ;

   CPU Time for the last procedure was 0.01 seconds.     


  INPUT --- proc chmatrix occasions= 3 groups= 1 etype= Occupancy 
  INPUT --- Nodes= 101 icovar = 7 ICMeans  NoHist hist= 138 ;

  INPUT ---    time interval 1 1 1 ;

  INPUT ---     icovariates effort1 effort2 effort3 mxflow1 mxflow2  
  INPUT ---    mxflow3 Sinuosity ;

  INPUT ---    glabel(1)=freq1;

      Number of unique encounter histories read was 138.

      Number of individual covariates read was 7.
      Time interval lengths are all equal to 1.

      Data type number is 27
      Data type is Occupancy Estimation with Detection < 1                                                             

   CPU Time for the last procedure was 0.01 seconds.     

  Program  MARK  - Survival Rate Estimation with Capture-Recapture Data
   gfortran(dble) Vers. 9.0 Mar 2018     3-Dec-2019 11:08:16    Page  002
 - - - - - - - - - - - - - - - - - - - - - - - - - - - - - - - - - - - - - -
 


  INPUT --- proc estimate link=Logit NOLOOP varest=2ndPart    ;


  INPUT --- model={ p(~effort + mxflow)Psi(~Sinuosity) };

  INPUT ---    group=1 p    rows=1 cols=3 Square ;
  INPUT ---        1 2 3 ;

  INPUT ---    group=1 Psi    rows=1 cols=1 Square ;
  INPUT ---        4 ;

  INPUT ---    design matrix constraints=4 covariates=5;
  INPUT ---        1 effort1 mxflow1 0 0;
  INPUT ---        1 effort2 mxflow2 0 0;
  INPUT ---        1 effort3 mxflow3 0 0;
  INPUT ---        0 0 0 1 Sinuosity;
  INPUT ---       blabel(1)=p:(Intercept);
  INPUT ---       blabel(2)=p:effort;
  INPUT ---       blabel(3)=p:mxflow;
  INPUT ---       blabel(4)=Psi:(Intercept);
  INPUT ---       blabel(5)=Psi:Sinuosity;
  INPUT ---       rlabel(1)=p g1 a0 t1;
  INPUT ---       rlabel(2)=p g1 a1 t2;
  INPUT ---       rlabel(3)=p g1 a2 t3;
  INPUT ---       rlabel(4)=Psi g1 a0 t1;

 Link Function Used is LOGIT        

 Variance Estimation Procedure Used is 2ndPart 
 -2logL(saturated) = 0.0000000     
 Effective Sample Size = 138

 Number of function evaluations was 30 for 5 parameters.
 Time for numerical optimization was 0.09 seconds.     
 -2logL { p(~effort + mxflow)Psi(~Sinuosity) } = 168.75480     
 Penalty { p(~effort + mxflow)Psi(~Sinuosity) } = 0.0000000     
 Gradient { p(~effort + mxflow)Psi(~Sinuosity) }:
  0.1803487E-05  0.2519079E-06   0.000000     -0.9776506E-06  0.7706386E-06
 Maximum ABS(G) { p(~effort + mxflow)Psi(~Sinuosity) } = 0.1803487E-05 
 S Vector { p(~effort + mxflow)Psi(~Sinuosity) }:
   21.32905      8.218268     0.1013776     0.8869476E-01 0.1192448E-03
 Time to compute number of parameters was 0.01 seconds.     
 Ratio Threshold = 50.000000       Max Gap (4/5) = 743.80386       Next Max Gap (2/3) = 81.065925     
 Gap Method for Num. of Estimated Parameters { p(~effort + mxflow)Psi(~Sinuosity) } = 2          
 Threshold { p(~effort + mxflow)Psi(~Sinuosity) } = 0.3606973E-05                 
 Numerical Threshold Method for Num. of Estimated Parameters { p(~effort + mxflow)Psi(~Sinuosity) } = 5          
 Number of Estimated Parameters { p(~effort + mxflow)Psi(~Sinuosity) } = 5          

   * *  WARNING  * *   Number of parameters estimated from gap method (=2) and threshold method (=5) differ.  Inspect full output.                                                                                                                                                                                                                                                                                                                                                                                                                      

  Program  MARK  - Survival Rate Estimation with Capture-Recapture Data
   gfortran(dble) Vers. 9.0 Mar 2018     3-Dec-2019 11:08:16    Page  003
 - - - - - - - - - - - - - - - - - - - - - - - - - - - - - - - - - - - - - -
 
 Ratios of S Vector { p(~effort + mxflow)Psi(~Sinuosity) }:
   1/2    2.595322       2/3    81.06592       3/4    1.142994       4/5    743.8039    
 DEVIANCE { p(~effort + mxflow)Psi(~Sinuosity) } = 168.75480                     
 DEVIANCE Degrees of Freedom { p(~effort + mxflow)Psi(~Sinuosity) } = 133            
 c-hat { p(~effort + mxflow)Psi(~Sinuosity) } = 1.2688331                     
 AIC { p(~effort + mxflow)Psi(~Sinuosity) } = 178.75480                  
 AICc { p(~effort + mxflow)Psi(~Sinuosity) } = 179.20935                    
 BIC { p(~effort + mxflow)Psi(~Sinuosity) } = 193.39107                    
 Pearson Chisquare { p(~effort + mxflow)Psi(~Sinuosity) } = 935.91852                  


            LOGIT Link Function Parameters of { p(~effort + mxflow)Psi(~Sinuosity) }
                                                              95% Confidence Interval
 Parameter                    Beta         Standard Error      Lower           Upper
 -------------------------  --------------  --------------  --------------  --------------
    1:p:(Intercept)         -0.0575895       0.9733506      -1.9653568       1.8501778    
    2:p:effort               0.0016478       0.7833573E-03   0.1124660E-03   0.0031832    
    3:p:mxflow              -0.6413671       1.3874547      -3.3607784       2.0780443    
    4:Psi:(Intercept)       -0.9509513       1.6425342      -4.1703183       2.2684158    
    5:Psi:Sinuosity         -0.6607347       1.3119317      -3.2321209       1.9106515    


            Real Function Parameters of { p(~effort + mxflow)Psi(~Sinuosity) }

      Following estimates based on unstandardized individual covariate values:
          Variable   Value         
          ---------  ------------- 
          EFFORT1     906.23188    
          EFFORT2     834.18841    
          EFFORT3     818.18116    
          MXFLOW1     0.8952899    
          MXFLOW2     1.0911594    
          MXFLOW3     0.5689855    
          SINUOSITY   1.2535645    
                                                               95% Confidence Interval
  Parameter                  Estimate       Standard Error      Lower           Upper
 --------------------------  --------------  --------------  --------------  --------------
     1:p g1 a0 t1             0.7029806       0.1208079       0.4322947       0.8803300                          
     2:p g1 a1 t2             0.6495795       0.1825535       0.2779392       0.8992655                          
     3:p g1 a2 t3             0.7162059       0.0732130       0.5547105       0.8364046                          
     4:Psi g1 a0 t1           0.1443989       0.0313933       0.0930240       0.2173475                          


                      Estimates of Derived Parameters
      Occupancy Estimates of { p(~effort + mxflow)Psi(~Sinuosity) }
                                            95% Confidence Interval
 Group   Psi-hat         Standard Error      Lower           Upper
 -----   --------------  --------------  --------------  --------------
   1      0.1443989       0.0313933       0.0930240       0.2173475    

 Attempted ordering of parameters by estimatibility:
  4 1 2 5 3
 Beta number 3 is a singular value.

   CPU Time for the last procedure was 0.09 seconds.     

  Program  MARK  - Survival Rate Estimation with Capture-Recapture Data
   gfortran(dble) Vers. 9.0 Mar 2018     3-Dec-2019 11:08:16    Page  004
 - - - - - - - - - - - - - - - - - - - - - - - - - - - - - - - - - - - - - -
 


  INPUT --- proc stop;

     CPU Time in minutes for this job was 0.00

     Time Start = 11:08:16.144   Time End = 11:08:16.258

     Wall Clock Time in minutes for this job was 0.00


          E X E C U T I O N   S U C C E S S F U L 
