
   Program  MARK  - Survival Rate Estimation with Capture-Recapture Data
   gfortran(dble) Vers. 9.0 Mar 2018     3-Dec-2019 11:05:40    Page  001
 - - - - - - - - - - - - - - - - - - - - - - - - - - - - - - - - - - - - - -
 
   This version was compiled by GCC version 7.2.0 using the options: 
     -cpp -iprefix C:/Program Files/mingw-w64/x86_64-7.2.0-posix-seh-rt_v5-rev1/
     mingw64/bin/../lib/gcc/x86_64-w64-mingw32/7.2.0/ -D_MT -D_REENTRANT
     -U_REENTRANT -D IEEE -D DBLEPRECISION -m64 -mtune=core2 -march=nocona -mthreads
     -O2 -fimplicit-none -fbounds-check -funroll-loops -ftree-vectorize
     -ffpe-summary=invalid,zero,overflow,underflow -fno-unsafe-math-optimizations
     -frounding-math -fsignaling-nans -fopenmp.

   This problem will use 7 of 8 possible threads.


  INPUT --- proc title ;

   CPU Time for the last procedure was 0.01 seconds.     


  INPUT --- proc chmatrix occasions= 3 groups= 1 etype= Occupancy 
  INPUT --- Nodes= 101 icovar = 3 ICMeans  NoHist hist= 138 ;

  INPUT ---    time interval 1 1 1 ;

  INPUT ---     icovariates under pctex21 pctVertbnk ;

  INPUT ---    glabel(1)=freq1;

      Number of unique encounter histories read was 138.

      Number of individual covariates read was 3.
      Time interval lengths are all equal to 1.

      Data type number is 27
      Data type is Occupancy Estimation with Detection < 1                                                             

   CPU Time for the last procedure was 0.02 seconds.     

  Program  MARK  - Survival Rate Estimation with Capture-Recapture Data
   gfortran(dble) Vers. 9.0 Mar 2018     3-Dec-2019 11:05:40    Page  002
 - - - - - - - - - - - - - - - - - - - - - - - - - - - - - - - - - - - - - -
 


  INPUT --- proc estimate link=Logit NOLOOP varest=2ndPart    ;


  INPUT --- model={ p(~under)Psi(~pctex21 + pctVertbnk) };

  INPUT ---    group=1 p    rows=1 cols=3 Square ;
  INPUT ---        1 1 1 ;

  INPUT ---    group=1 Psi    rows=1 cols=1 Square ;
  INPUT ---        2 ;

  INPUT ---    design matrix constraints=2 covariates=5;
  INPUT ---        1 under 0 0 0;
  INPUT ---        0 0 1 pctex21 pctVertbnk;
  INPUT ---       blabel(1)=p:(Intercept);
  INPUT ---       blabel(2)=p:under;
  INPUT ---       blabel(3)=Psi:(Intercept);
  INPUT ---       blabel(4)=Psi:pctex21;
  INPUT ---       blabel(5)=Psi:pctVertbnk;
  INPUT ---       rlabel(1)=p g1 a0 t1;
  INPUT ---       rlabel(2)=Psi g1 a0 t1;

 Link Function Used is LOGIT        

 Variance Estimation Procedure Used is 2ndPart 
 -2logL(saturated) = 0.0000000     
 Effective Sample Size = 138

 Number of function evaluations was 17 for 5 parameters.
 Time for numerical optimization was 0.02 seconds.     
 -2logL { p(~under)Psi(~pctex21 + pctVertbnk) } = 151.65847     
 Penalty { p(~under)Psi(~pctex21 + pctVertbnk) } = 0.0000000     
 Gradient { p(~under)Psi(~pctex21 + pctVertbnk) }:
  0.2336937E-05  0.9575058E-06  0.4049971E-05   0.000000      0.8039772E-06
 Maximum ABS(G) { p(~under)Psi(~pctex21 + pctVertbnk) } = 0.4049971E-05 
 S Vector { p(~under)Psi(~pctex21 + pctVertbnk) }:
   14.82757      10.08221     0.6196193     0.5097333     0.1793744E-01
 Time to compute number of parameters was 0.01 seconds.     
 Ratio Threshold = 50.000000       Max Gap (4/5) = 28.417278       Next Max Gap (2/3) = 16.271627     
 Gap Method for Num. of Estimated Parameters { p(~under)Psi(~pctex21 + pctVertbnk) } = 5          
 Threshold { p(~under)Psi(~pctex21 + pctVertbnk) } = 0.8099941E-05                 
 Numerical Threshold Method for Num. of Estimated Parameters { p(~under)Psi(~pctex21 + pctVertbnk) } = 5          
 Number of Estimated Parameters { p(~under)Psi(~pctex21 + pctVertbnk) } = 5          
 DEVIANCE { p(~under)Psi(~pctex21 + pctVertbnk) } = 151.65847                     
 DEVIANCE Degrees of Freedom { p(~under)Psi(~pctex21 + pctVertbnk) } = 133            
 c-hat { p(~under)Psi(~pctex21 + pctVertbnk) } = 1.1402893                     
 AIC { p(~under)Psi(~pctex21 + pctVertbnk) } = 161.65847                  
 AICc { p(~under)Psi(~pctex21 + pctVertbnk) } = 162.11302                    
 BIC { p(~under)Psi(~pctex21 + pctVertbnk) } = 176.29474                    
 Pearson Chisquare { p(~under)Psi(~pctex21 + pctVertbnk) } = 831.16246                  


           LOGIT Link Function Parameters of { p(~under)Psi(~pctex21 + pctVertbnk) }
                                                              95% Confidence Interval
 Parameter                    Beta         Standard Error      Lower           Upper
 -------------------------  --------------  --------------  --------------  --------------

  Program  MARK  - Survival Rate Estimation with Capture-Recapture Data
   gfortran(dble) Vers. 9.0 Mar 2018     3-Dec-2019 11:05:41    Page  003
 - - - - - - - - - - - - - - - - - - - - - - - - - - - - - - - - - - - - - -
 
    1:p:(Intercept)          0.6323492       0.5241799      -0.3950435       1.6597419    
    2:p:under                0.4104815       0.5503760      -0.6682554       1.4892184    
    3:Psi:(Intercept)       -0.4128611       0.4646372      -1.3235500       0.4978278    
    4:Psi:pctex21           -0.6762086       0.2408202      -1.1482163      -0.2042009    
    5:Psi:pctVertbnk        -0.0219583       0.0203181      -0.0617817       0.0178651    


           Real Function Parameters of { p(~under)Psi(~pctex21 + pctVertbnk) }

      Following estimates based on unstandardized individual covariate values:
          Variable   Value         
          ---------  ------------- 
          UNDER       0.5466074    
          PCTEX21     4.8306834    
          PCTVERTBNK  15.307971    
                                                               95% Confidence Interval
  Parameter                  Estimate       Standard Error      Lower           Upper
 --------------------------  --------------  --------------  --------------  --------------
     1:p g1 a0 t1             0.7019752       0.0721126       0.5451558       0.8223464                          
     2:Psi g1 a0 t1           0.0177137       0.0181530       0.0023281       0.1223119                          


                      Estimates of Derived Parameters
      Occupancy Estimates of { p(~under)Psi(~pctex21 + pctVertbnk) }
                                            95% Confidence Interval
 Group   Psi-hat         Standard Error      Lower           Upper
 -----   --------------  --------------  --------------  --------------
   1      0.0177137       0.0181530       0.0023281       0.1223119    

   CPU Time for the last procedure was 0.02 seconds.     

  Program  MARK  - Survival Rate Estimation with Capture-Recapture Data
   gfortran(dble) Vers. 9.0 Mar 2018     3-Dec-2019 11:05:41    Page  004
 - - - - - - - - - - - - - - - - - - - - - - - - - - - - - - - - - - - - - -
 


  INPUT --- proc stop;

     CPU Time in minutes for this job was 0.00

     Time Start = 11:05:40.369   Time End = 11:05:41.692

     Wall Clock Time in minutes for this job was 0.02


          E X E C U T I O N   S U C C E S S F U L 
