
   Program  MARK  - Survival Rate Estimation with Capture-Recapture Data
   gfortran(dble) Vers. 9.0 Mar 2018     3-Dec-2019 11:00:08    Page  001
 - - - - - - - - - - - - - - - - - - - - - - - - - - - - - - - - - - - - - -
 
   This version was compiled by GCC version 7.2.0 using the options: 
     -cpp -iprefix C:/Program Files/mingw-w64/x86_64-7.2.0-posix-seh-rt_v5-rev1/
     mingw64/bin/../lib/gcc/x86_64-w64-mingw32/7.2.0/ -D_MT -D_REENTRANT
     -U_REENTRANT -D IEEE -D DBLEPRECISION -m64 -mtune=core2 -march=nocona -mthreads
     -O2 -fimplicit-none -fbounds-check -funroll-loops -ftree-vectorize
     -ffpe-summary=invalid,zero,overflow,underflow -fno-unsafe-math-optimizations
     -frounding-math -fsignaling-nans -fopenmp.

   This problem will use 7 of 8 possible threads.


  INPUT --- proc title ;

   CPU Time for the last procedure was 0.01 seconds.     


  INPUT --- proc chmatrix occasions= 3 groups= 1 etype= Occupancy 
  INPUT --- Nodes= 101 icovar = 3 ICMeans  NoHist hist= 138 ;

  INPUT ---    time interval 1 1 1 ;

  INPUT ---     icovariates effsec pctex21 HAiFLS_nat ;

  INPUT ---    glabel(1)=freq1;

      Number of unique encounter histories read was 138.

      Number of individual covariates read was 3.
      Time interval lengths are all equal to 1.

      Data type number is 27
      Data type is Occupancy Estimation with Detection < 1                                                             

   CPU Time for the last procedure was 0.02 seconds.     

  Program  MARK  - Survival Rate Estimation with Capture-Recapture Data
   gfortran(dble) Vers. 9.0 Mar 2018     3-Dec-2019 11:00:08    Page  002
 - - - - - - - - - - - - - - - - - - - - - - - - - - - - - - - - - - - - - -
 


  INPUT --- proc estimate link=Logit NOLOOP varest=2ndPart    ;


  INPUT --- model={ p(~effsec)Psi(~pctex21 + HAiFLS_nat) };

  INPUT ---    group=1 p    rows=1 cols=3 Square ;
  INPUT ---        1 1 1 ;

  INPUT ---    group=1 Psi    rows=1 cols=1 Square ;
  INPUT ---        2 ;

  INPUT ---    design matrix constraints=2 covariates=5;
  INPUT ---        1 effsec 0 0 0;
  INPUT ---        0 0 1 pctex21 HAiFLS_nat;
  INPUT ---       blabel(1)=p:(Intercept);
  INPUT ---       blabel(2)=p:effsec;
  INPUT ---       blabel(3)=Psi:(Intercept);
  INPUT ---       blabel(4)=Psi:pctex21;
  INPUT ---       blabel(5)=Psi:HAiFLS_nat;
  INPUT ---       rlabel(1)=p g1 a0 t1;
  INPUT ---       rlabel(2)=Psi g1 a0 t1;

 Link Function Used is LOGIT        

 Variance Estimation Procedure Used is 2ndPart 
 -2logL(saturated) = 0.0000000     
 Effective Sample Size = 138

 Number of function evaluations was 20 for 5 parameters.
 Time for numerical optimization was 0.01 seconds.     
 -2logL { p(~effsec)Psi(~pctex21 + HAiFLS_nat) } = 143.50628     
 Penalty { p(~effsec)Psi(~pctex21 + HAiFLS_nat) } = 0.0000000     
 Gradient { p(~effsec)Psi(~pctex21 + HAiFLS_nat) }:
 -0.2896633E-05   0.000000       0.000000      0.7879143E-07   0.000000    
 Maximum ABS(G) { p(~effsec)Psi(~pctex21 + HAiFLS_nat) } = 0.2896633E-05 
 S Vector { p(~effsec)Psi(~pctex21 + HAiFLS_nat) }:
   15.53991      8.270212     0.9046335     0.1868678     0.1522407E-01
 Time to compute number of parameters was 0.02 seconds.     
 Ratio Threshold = 50.000000       Max Gap (4/5) = 12.274498       Next Max Gap (2/3) = 9.1420573     
 Gap Method for Num. of Estimated Parameters { p(~effsec)Psi(~pctex21 + HAiFLS_nat) } = 5          
 Threshold { p(~effsec)Psi(~pctex21 + HAiFLS_nat) } = 0.5793266E-05                 
 Numerical Threshold Method for Num. of Estimated Parameters { p(~effsec)Psi(~pctex21 + HAiFLS_nat) } = 5          
 Number of Estimated Parameters { p(~effsec)Psi(~pctex21 + HAiFLS_nat) } = 5          
 DEVIANCE { p(~effsec)Psi(~pctex21 + HAiFLS_nat) } = 143.50628                     
 DEVIANCE Degrees of Freedom { p(~effsec)Psi(~pctex21 + HAiFLS_nat) } = 133            
 c-hat { p(~effsec)Psi(~pctex21 + HAiFLS_nat) } = 1.0789946                     
 AIC { p(~effsec)Psi(~pctex21 + HAiFLS_nat) } = 153.50628                  
 AICc { p(~effsec)Psi(~pctex21 + HAiFLS_nat) } = 153.96082                    
 BIC { p(~effsec)Psi(~pctex21 + HAiFLS_nat) } = 168.14255                    
 Pearson Chisquare { p(~effsec)Psi(~pctex21 + HAiFLS_nat) } = 582.20032                  


           LOGIT Link Function Parameters of { p(~effsec)Psi(~pctex21 + HAiFLS_nat) }
                                                              95% Confidence Interval
 Parameter                    Beta         Standard Error      Lower           Upper
 -------------------------  --------------  --------------  --------------  --------------

  Program  MARK  - Survival Rate Estimation with Capture-Recapture Data
   gfortran(dble) Vers. 9.0 Mar 2018     3-Dec-2019 11:00:09    Page  003
 - - - - - - - - - - - - - - - - - - - - - - - - - - - - - - - - - - - - - -
 
    1:p:(Intercept)         -0.3169418       0.7139627      -1.7163088       1.0824252    
    2:p:effsec               0.4599986E-03   0.2438603E-03  -0.1796750E-04   0.9379648E-03
    3:Psi:(Intercept)       -1.5230045       0.4907696      -2.4849129      -0.5610962    
    4:Psi:pctex21           -0.7493934       0.2614499      -1.2618352      -0.2369515    
    5:Psi:HAiFLS_nat         0.0229887       0.0102815       0.0028370       0.0431404    


           Real Function Parameters of { p(~effsec)Psi(~pctex21 + HAiFLS_nat) }

      Following estimates based on unstandardized individual covariate values:
          Variable   Value         
          ---------  ------------- 
          EFFSEC      2558.6014    
          PCTEX21     4.8306834    
          HAIFLS_NAT  30.404180    
                                                               95% Confidence Interval
  Parameter                  Estimate       Standard Error      Lower           Upper
 --------------------------  --------------  --------------  --------------  --------------
     1:p g1 a0 t1             0.7026630       0.0736966       0.5420619       0.8251125                          
     2:Psi g1 a0 t1           0.0116109       0.0133199       0.0012062       0.1025487                          


                      Estimates of Derived Parameters
     Occupancy Estimates of { p(~effsec)Psi(~pctex21 + HAiFLS_nat) }
                                            95% Confidence Interval
 Group   Psi-hat         Standard Error      Lower           Upper
 -----   --------------  --------------  --------------  --------------
   1      0.0116109       0.0133199       0.0012062       0.1025487    

   CPU Time for the last procedure was 0.02 seconds.     

  Program  MARK  - Survival Rate Estimation with Capture-Recapture Data
   gfortran(dble) Vers. 9.0 Mar 2018     3-Dec-2019 11:00:09    Page  004
 - - - - - - - - - - - - - - - - - - - - - - - - - - - - - - - - - - - - - -
 


  INPUT --- proc stop;

     CPU Time in minutes for this job was 0.00

     Time Start = 11:00:08.803   Time End = 11:00:09.768

     Wall Clock Time in minutes for this job was 0.02


          E X E C U T I O N   S U C C E S S F U L 
