
   Program  MARK  - Survival Rate Estimation with Capture-Recapture Data
   gfortran(dble) Vers. 9.0 Mar 2018     3-Dec-2019 10:57:02    Page  001
 - - - - - - - - - - - - - - - - - - - - - - - - - - - - - - - - - - - - - -
 
   This version was compiled by GCC version 7.2.0 using the options: 
     -cpp -iprefix C:/Program Files/mingw-w64/x86_64-7.2.0-posix-seh-rt_v5-rev1/
     mingw64/bin/../lib/gcc/x86_64-w64-mingw32/7.2.0/ -D_MT -D_REENTRANT
     -U_REENTRANT -D IEEE -D DBLEPRECISION -m64 -mtune=core2 -march=nocona -mthreads
     -O2 -fimplicit-none -fbounds-check -funroll-loops -ftree-vectorize
     -ffpe-summary=invalid,zero,overflow,underflow -fno-unsafe-math-optimizations
     -frounding-math -fsignaling-nans -fopenmp.

   This problem will use 7 of 8 possible threads.


  INPUT --- proc title ;

   CPU Time for the last procedure was 0.01 seconds.     


  INPUT --- proc chmatrix occasions= 3 groups= 1 etype= Occupancy 
  INPUT --- Nodes= 101 icovar = 3 ICMeans  NoHist hist= 93 ;

  INPUT ---    time interval 1 1 1 ;

  INPUT ---     icovariates undr1 undr2 undr3 ;

  INPUT ---    glabel(1)=freq1;

      Number of unique encounter histories read was 93.

      Number of individual covariates read was 3.
      Time interval lengths are all equal to 1.

      Data type number is 27
      Data type is Occupancy Estimation with Detection < 1                                                             

   CPU Time for the last procedure was 0.02 seconds.     

  Program  MARK  - Survival Rate Estimation with Capture-Recapture Data
   gfortran(dble) Vers. 9.0 Mar 2018     3-Dec-2019 10:57:02    Page  002
 - - - - - - - - - - - - - - - - - - - - - - - - - - - - - - - - - - - - - -
 


  INPUT --- proc estimate link=Logit NOLOOP varest=2ndPart    ;


  INPUT --- model={ p(~undr)Psi(~1) };

  INPUT ---    group=1 p    rows=1 cols=3 Square ;
  INPUT ---        1 2 3 ;

  INPUT ---    group=1 Psi    rows=1 cols=1 Square ;
  INPUT ---        4 ;

  INPUT ---    design matrix constraints=4 covariates=3;
  INPUT ---        1 undr1 0;
  INPUT ---        1 undr2 0;
  INPUT ---        1 undr3 0;
  INPUT ---        0 0 1;
  INPUT ---       blabel(1)=p:(Intercept);
  INPUT ---       blabel(2)=p:undr;
  INPUT ---       blabel(3)=Psi:(Intercept);
  INPUT ---       rlabel(1)=p g1 a0 t1;
  INPUT ---       rlabel(2)=p g1 a1 t2;
  INPUT ---       rlabel(3)=p g1 a2 t3;
  INPUT ---       rlabel(4)=Psi g1 a0 t1;

 Link Function Used is LOGIT        

 Variance Estimation Procedure Used is 2ndPart 
 -2logL(saturated) = 0.0000000     
 Effective Sample Size = 138

 Number of function evaluations was 12 for 3 parameters.
 Time for numerical optimization was 0.01 seconds.     
 -2logL { p(~undr)Psi(~1) } = 173.94596     
 Penalty { p(~undr)Psi(~1) } = 0.0000000     
 Gradient { p(~undr)Psi(~1) }:
 -0.1237080E-05  0.6477959E-06 -0.6818335E-06
 Maximum ABS(G) { p(~undr)Psi(~1) } = 0.1237080E-05 
 S Vector { p(~undr)Psi(~1) }:
   16.43675      9.323545     0.3589927    
 Time to compute number of parameters was 0.01 seconds.     
 Ratio Threshold = 50.000000       Max Gap (2/3) = 25.971403       Next Max Gap (1/2) = 1.7629291     
 Gap Method for Num. of Estimated Parameters { p(~undr)Psi(~1) } = 3          
 Threshold { p(~undr)Psi(~1) } = 0.2474161E-05                 
 Numerical Threshold Method for Num. of Estimated Parameters { p(~undr)Psi(~1) } = 3          
 Number of Estimated Parameters { p(~undr)Psi(~1) } = 3          
 DEVIANCE { p(~undr)Psi(~1) } = 173.94596                     
 DEVIANCE Degrees of Freedom { p(~undr)Psi(~1) } = 135            
 c-hat { p(~undr)Psi(~1) } = 1.2884886                     
 AIC { p(~undr)Psi(~1) } = 179.94596                  
 AICc { p(~undr)Psi(~1) } = 180.12507                    
 BIC { p(~undr)Psi(~1) } = 188.72773                    
 Pearson Chisquare { p(~undr)Psi(~1) } = 991.68195                  


                     LOGIT Link Function Parameters of { p(~undr)Psi(~1) }
                                                              95% Confidence Interval
 Parameter                    Beta         Standard Error      Lower           Upper
 -------------------------  --------------  --------------  --------------  --------------

  Program  MARK  - Survival Rate Estimation with Capture-Recapture Data
   gfortran(dble) Vers. 9.0 Mar 2018     3-Dec-2019 10:57:02    Page  003
 - - - - - - - - - - - - - - - - - - - - - - - - - - - - - - - - - - - - - -
 
    1:p:(Intercept)          0.5418146       0.4546871      -0.3493721       1.4330013    
    2:p:undr                 0.5555333       0.4681249      -0.3619916       1.4730581    
    3:Psi:(Intercept)       -1.7973819       0.2498989      -2.2871837      -1.3075801    


                     Real Function Parameters of { p(~undr)Psi(~1) }

      Following estimates based on unstandardized individual covariate values:
          Variable   Value         
          ---------  ------------- 
          UNDR1       0.5869565    
          UNDR2       0.5483092    
          UNDR3       0.5042271    
                                                               95% Confidence Interval
  Parameter                  Estimate       Standard Error      Lower           Upper
 --------------------------  --------------  --------------  --------------  --------------
     1:p g1 a0 t1             0.7043061       0.0694253       0.5534209       0.8207261                          
     2:p g1 a1 t2             0.6998153       0.0705488       0.5469103       0.8182659                          
     3:p g1 a2 t3             0.6946458       0.0720760       0.5389017       0.8157684                          
     4:Psi g1 a0 t1           0.1421701       0.0304771       0.0921900       0.2128921                          


                      Estimates of Derived Parameters
                Occupancy Estimates of { p(~undr)Psi(~1) }
                                            95% Confidence Interval
 Group   Psi-hat         Standard Error      Lower           Upper
 -----   --------------  --------------  --------------  --------------
   1      0.1421701       0.0304771       0.0921900       0.2128921    

   CPU Time for the last procedure was 0.01 seconds.     

  Program  MARK  - Survival Rate Estimation with Capture-Recapture Data
   gfortran(dble) Vers. 9.0 Mar 2018     3-Dec-2019 10:57:02    Page  004
 - - - - - - - - - - - - - - - - - - - - - - - - - - - - - - - - - - - - - -
 


  INPUT --- proc stop;

     CPU Time in minutes for this job was 0.00

     Time Start = 10:57:02.190   Time End = 10:57:02.206

     Wall Clock Time in minutes for this job was 0.00


          E X E C U T I O N   S U C C E S S F U L 
