
   Program  MARK  - Survival Rate Estimation with Capture-Recapture Data
   gfortran(dble) Vers. 9.0 Mar 2018     3-Dec-2019 11:10:54    Page  001
 - - - - - - - - - - - - - - - - - - - - - - - - - - - - - - - - - - - - - -
 
   This version was compiled by GCC version 7.2.0 using the options: 
     -cpp -iprefix C:/Program Files/mingw-w64/x86_64-7.2.0-posix-seh-rt_v5-rev1/
     mingw64/bin/../lib/gcc/x86_64-w64-mingw32/7.2.0/ -D_MT -D_REENTRANT
     -U_REENTRANT -D IEEE -D DBLEPRECISION -m64 -mtune=core2 -march=nocona -mthreads
     -O2 -fimplicit-none -fbounds-check -funroll-loops -ftree-vectorize
     -ffpe-summary=invalid,zero,overflow,underflow -fno-unsafe-math-optimizations
     -frounding-math -fsignaling-nans -fopenmp.

   This problem will use 7 of 8 possible threads.


  INPUT --- proc title ;

   CPU Time for the last procedure was 0.01 seconds.     


  INPUT --- proc chmatrix occasions= 3 groups= 1 etype= Occupancy 
  INPUT --- Nodes= 101 icovar = 4 ICMeans  NoHist hist= 138 ;

  INPUT ---    time interval 1 1 1 ;

  INPUT ---     icovariates mxflow1 mxflow2 mxflow3 WidDep ;

  INPUT ---    glabel(1)=freq1;

      Number of unique encounter histories read was 138.

      Number of individual covariates read was 4.
      Time interval lengths are all equal to 1.

      Data type number is 27
      Data type is Occupancy Estimation with Detection < 1                                                             

   CPU Time for the last procedure was 0.01 seconds.     

  Program  MARK  - Survival Rate Estimation with Capture-Recapture Data
   gfortran(dble) Vers. 9.0 Mar 2018     3-Dec-2019 11:10:54    Page  002
 - - - - - - - - - - - - - - - - - - - - - - - - - - - - - - - - - - - - - -
 


  INPUT --- proc estimate link=Logit NOLOOP varest=2ndPart    ;


  INPUT --- model={ p(~mxflow)Psi(~WidDep) };

  INPUT ---    group=1 p    rows=1 cols=3 Square ;
  INPUT ---        1 2 3 ;

  INPUT ---    group=1 Psi    rows=1 cols=1 Square ;
  INPUT ---        4 ;

  INPUT ---    design matrix constraints=4 covariates=4;
  INPUT ---        1 mxflow1 0 0;
  INPUT ---        1 mxflow2 0 0;
  INPUT ---        1 mxflow3 0 0;
  INPUT ---        0 0 1 WidDep;
  INPUT ---       blabel(1)=p:(Intercept);
  INPUT ---       blabel(2)=p:mxflow;
  INPUT ---       blabel(3)=Psi:(Intercept);
  INPUT ---       blabel(4)=Psi:WidDep;
  INPUT ---       rlabel(1)=p g1 a0 t1;
  INPUT ---       rlabel(2)=p g1 a1 t2;
  INPUT ---       rlabel(3)=p g1 a2 t3;
  INPUT ---       rlabel(4)=Psi g1 a0 t1;

 Link Function Used is LOGIT        

 Variance Estimation Procedure Used is 2ndPart 
 -2logL(saturated) = 0.0000000     
 Effective Sample Size = 138

 Number of function evaluations was 23 for 4 parameters.
 Time for numerical optimization was 0.06 seconds.     
 -2logL { p(~mxflow)Psi(~WidDep) } = 175.37697     
 Penalty { p(~mxflow)Psi(~WidDep) } = 0.0000000     
 Gradient { p(~mxflow)Psi(~WidDep) }:
  0.1039176E-04   0.000000     -0.2203590E-05 -0.1321830E-05
 Maximum ABS(G) { p(~mxflow)Psi(~WidDep) } = 0.1039176E-04 
 S Vector { p(~mxflow)Psi(~WidDep) }:
   20.05335      9.631307     0.5001801     0.2347631E-03
 Time to compute number of parameters was 0.01 seconds.     
 Ratio Threshold = 50.000000       Max Gap (3/4) = 2130.5738       Next Max Gap (2/3) = 19.255677     
 Gap Method for Num. of Estimated Parameters { p(~mxflow)Psi(~WidDep) } = 3          
 Threshold { p(~mxflow)Psi(~WidDep) } = 0.2078351E-04                 
 Numerical Threshold Method for Num. of Estimated Parameters { p(~mxflow)Psi(~WidDep) } = 4          
 Number of Estimated Parameters { p(~mxflow)Psi(~WidDep) } = 4          

   * *  WARNING  * *   Number of parameters estimated from gap method (=3) and threshold method (=4) differ.  Inspect full output.                                                                                                                                                                                                                                                                                                                                                                                                                      
 Ratios of S Vector { p(~mxflow)Psi(~WidDep) }:
   1/2    2.082100       2/3    19.25568       3/4    2130.574    
 DEVIANCE { p(~mxflow)Psi(~WidDep) } = 175.37697                     
 DEVIANCE Degrees of Freedom { p(~mxflow)Psi(~WidDep) } = 134            
 c-hat { p(~mxflow)Psi(~WidDep) } = 1.3087834                     
 AIC { p(~mxflow)Psi(~WidDep) } = 183.37697                  
 AICc { p(~mxflow)Psi(~WidDep) } = 183.67772                    
 BIC { p(~mxflow)Psi(~WidDep) } = 195.08598                    
 Pearson Chisquare { p(~mxflow)Psi(~WidDep) } = 1092.8447                  

  Program  MARK  - Survival Rate Estimation with Capture-Recapture Data
   gfortran(dble) Vers. 9.0 Mar 2018     3-Dec-2019 11:10:54    Page  003
 - - - - - - - - - - - - - - - - - - - - - - - - - - - - - - - - - - - - - -
 


                  LOGIT Link Function Parameters of { p(~mxflow)Psi(~WidDep) }
                                                              95% Confidence Interval
 Parameter                    Beta         Standard Error      Lower           Upper
 -------------------------  --------------  --------------  --------------  --------------
    1:p:(Intercept)          1.0189884       0.6488992      -0.2528540       2.2908308    
    2:p:mxflow              -0.1277323       0.9888375      -2.0658538       1.8103892    
    3:Psi:(Intercept)       -1.5966925       0.6492154      -2.8691548      -0.3242302    
    4:Psi:WidDep            -0.0163882       0.0472128      -0.1089252       0.0761488    


                  Real Function Parameters of { p(~mxflow)Psi(~WidDep) }

      Following estimates based on unstandardized individual covariate values:
          Variable   Value         
          ---------  ------------- 
          MXFLOW1     0.8952899    
          MXFLOW2     1.0911594    
          MXFLOW3     0.5689855    
          WIDDEP      13.033426    
                                                               95% Confidence Interval
  Parameter                  Estimate       Standard Error      Lower           Upper
 --------------------------  --------------  --------------  --------------  --------------
     1:p g1 a0 t1             0.7119002       0.0932471       0.5033813       0.8576292                          
     2:p g1 a1 t2             0.7067418       0.1258627       0.4229564       0.8879403                          
     3:p g1 a2 t3             0.7203726       0.0647397       0.5784428       0.8286709                          
     4:Psi g1 a0 t1           0.1406034       0.0301275       0.0912081       0.2105520                          


                      Estimates of Derived Parameters
            Occupancy Estimates of { p(~mxflow)Psi(~WidDep) }
                                            95% Confidence Interval
 Group   Psi-hat         Standard Error      Lower           Upper
 -----   --------------  --------------  --------------  --------------
   1      0.1406034       0.0301275       0.0912081       0.2105520    

 Attempted ordering of parameters by estimatibility:
  3 1 4 2
 Beta number 2 is a singular value.

   CPU Time for the last procedure was 0.06 seconds.     

  Program  MARK  - Survival Rate Estimation with Capture-Recapture Data
   gfortran(dble) Vers. 9.0 Mar 2018     3-Dec-2019 11:10:54    Page  004
 - - - - - - - - - - - - - - - - - - - - - - - - - - - - - - - - - - - - - -
 


  INPUT --- proc stop;

     CPU Time in minutes for this job was 0.00

     Time Start = 11:10:54.829   Time End = 11:10:54.929

     Wall Clock Time in minutes for this job was 0.00


          E X E C U T I O N   S U C C E S S F U L 
