
   Program  MARK  - Survival Rate Estimation with Capture-Recapture Data
   gfortran(dble) Vers. 9.0 Mar 2018     3-Dec-2019 10:58:32    Page  001
 - - - - - - - - - - - - - - - - - - - - - - - - - - - - - - - - - - - - - -
 
   This version was compiled by GCC version 7.2.0 using the options: 
     -cpp -iprefix C:/Program Files/mingw-w64/x86_64-7.2.0-posix-seh-rt_v5-rev1/
     mingw64/bin/../lib/gcc/x86_64-w64-mingw32/7.2.0/ -D_MT -D_REENTRANT
     -U_REENTRANT -D IEEE -D DBLEPRECISION -m64 -mtune=core2 -march=nocona -mthreads
     -O2 -fimplicit-none -fbounds-check -funroll-loops -ftree-vectorize
     -ffpe-summary=invalid,zero,overflow,underflow -fno-unsafe-math-optimizations
     -frounding-math -fsignaling-nans -fopenmp.

   This problem will use 7 of 8 possible threads.


  INPUT --- proc title ;

   CPU Time for the last procedure was 0.01 seconds.     


  INPUT --- proc chmatrix occasions= 3 groups= 1 etype= Occupancy 
  INPUT --- Nodes= 101 icovar = 2 ICMeans  NoHist hist= 114 ;

  INPUT ---    time interval 1 1 1 ;

  INPUT ---     icovariates under LWD ;

  INPUT ---    glabel(1)=freq1;

      Number of unique encounter histories read was 114.

      Number of individual covariates read was 2.
      Time interval lengths are all equal to 1.

      Data type number is 27
      Data type is Occupancy Estimation with Detection < 1                                                             

   CPU Time for the last procedure was 0.01 seconds.     

  Program  MARK  - Survival Rate Estimation with Capture-Recapture Data
   gfortran(dble) Vers. 9.0 Mar 2018     3-Dec-2019 10:58:32    Page  002
 - - - - - - - - - - - - - - - - - - - - - - - - - - - - - - - - - - - - - -
 


  INPUT --- proc estimate link=Logit NOLOOP varest=2ndPart    ;


  INPUT --- model={ p(~under)Psi(~LWD) };

  INPUT ---    group=1 p    rows=1 cols=3 Square ;
  INPUT ---        1 1 1 ;

  INPUT ---    group=1 Psi    rows=1 cols=1 Square ;
  INPUT ---        2 ;

  INPUT ---    design matrix constraints=2 covariates=4;
  INPUT ---        1 under 0 0;
  INPUT ---        0 0 1 LWD;
  INPUT ---       blabel(1)=p:(Intercept);
  INPUT ---       blabel(2)=p:under;
  INPUT ---       blabel(3)=Psi:(Intercept);
  INPUT ---       blabel(4)=Psi:LWD;
  INPUT ---       rlabel(1)=p g1 a0 t1;
  INPUT ---       rlabel(2)=Psi g1 a0 t1;

 Link Function Used is LOGIT        

 Variance Estimation Procedure Used is 2ndPart 
 -2logL(saturated) = 0.0000000     
 Effective Sample Size = 138

 Number of function evaluations was 14 for 4 parameters.
 Time for numerical optimization was 0.09 seconds.     
 -2logL { p(~under)Psi(~LWD) } = 174.36640     
 Penalty { p(~under)Psi(~LWD) } = 0.0000000     
 Gradient { p(~under)Psi(~LWD) }:
  0.1165853E-05  0.9624515E-06  0.1457323E-05  0.1022494E-05
 Maximum ABS(G) { p(~under)Psi(~LWD) } = 0.1457323E-05 
 S Vector { p(~under)Psi(~LWD) }:
   17.02048      10.16689     0.6810993     0.5215412    
 Time to compute number of parameters was 0.01 seconds.     
 Ratio Threshold = 50.000000       Max Gap (2/3) = 14.927181       Next Max Gap (1/2) = 1.6741090     
 Gap Method for Num. of Estimated Parameters { p(~under)Psi(~LWD) } = 4          
 Threshold { p(~under)Psi(~LWD) } = 0.2914645E-05                 
 Numerical Threshold Method for Num. of Estimated Parameters { p(~under)Psi(~LWD) } = 4          
 Number of Estimated Parameters { p(~under)Psi(~LWD) } = 4          
 DEVIANCE { p(~under)Psi(~LWD) } = 174.36640                     
 DEVIANCE Degrees of Freedom { p(~under)Psi(~LWD) } = 134            
 c-hat { p(~under)Psi(~LWD) } = 1.3012418                     
 AIC { p(~under)Psi(~LWD) } = 182.36640                  
 AICc { p(~under)Psi(~LWD) } = 182.66715                    
 BIC { p(~under)Psi(~LWD) } = 194.07541                    
 Pearson Chisquare { p(~under)Psi(~LWD) } = 1045.7288                  


                    LOGIT Link Function Parameters of { p(~under)Psi(~LWD) }
                                                              95% Confidence Interval
 Parameter                    Beta         Standard Error      Lower           Upper
 -------------------------  --------------  --------------  --------------  --------------
    1:p:(Intercept)          0.6360106       0.5209053      -0.3849638       1.6569850    
    2:p:under                0.4062458       0.5462577      -0.6644193       1.4769110    
    3:Psi:(Intercept)       -1.6176064       0.3419352      -2.2877994      -0.9474135    

  Program  MARK  - Survival Rate Estimation with Capture-Recapture Data
   gfortran(dble) Vers. 9.0 Mar 2018     3-Dec-2019 10:58:33    Page  003
 - - - - - - - - - - - - - - - - - - - - - - - - - - - - - - - - - - - - - -
 
    4:Psi:LWD               -0.8653893       1.1881640      -3.1941908       1.4634122    


                    Real Function Parameters of { p(~under)Psi(~LWD) }

      Following estimates based on unstandardized individual covariate values:
          Variable   Value         
          ---------  ------------- 
          UNDER       0.5466074    
          LWD         0.2273503    
                                                               95% Confidence Interval
  Parameter                  Estimate       Standard Error      Lower           Upper
 --------------------------  --------------  --------------  --------------  --------------
     1:p g1 a0 t1             0.7022568       0.0719217       0.5458419       0.8223355                          
     2:Psi g1 a0 t1           0.1401129       0.0304799       0.0902815       0.2110675                          


                      Estimates of Derived Parameters
              Occupancy Estimates of { p(~under)Psi(~LWD) }
                                            95% Confidence Interval
 Group   Psi-hat         Standard Error      Lower           Upper
 -----   --------------  --------------  --------------  --------------
   1      0.1401129       0.0304799       0.0902815       0.2110675    

   CPU Time for the last procedure was 0.09 seconds.     

  Program  MARK  - Survival Rate Estimation with Capture-Recapture Data
   gfortran(dble) Vers. 9.0 Mar 2018     3-Dec-2019 10:58:33    Page  004
 - - - - - - - - - - - - - - - - - - - - - - - - - - - - - - - - - - - - - -
 


  INPUT --- proc stop;

     CPU Time in minutes for this job was 0.00

     Time Start = 10:58:32.986   Time End = 10:58:33.004

     Wall Clock Time in minutes for this job was 0.00


          E X E C U T I O N   S U C C E S S F U L 
