
   Program  MARK  - Survival Rate Estimation with Capture-Recapture Data
   gfortran(dble) Vers. 9.0 Mar 2018     3-Dec-2019 11:03:56    Page  001
 - - - - - - - - - - - - - - - - - - - - - - - - - - - - - - - - - - - - - -
 
   This version was compiled by GCC version 7.2.0 using the options: 
     -cpp -iprefix C:/Program Files/mingw-w64/x86_64-7.2.0-posix-seh-rt_v5-rev1/
     mingw64/bin/../lib/gcc/x86_64-w64-mingw32/7.2.0/ -D_MT -D_REENTRANT
     -U_REENTRANT -D IEEE -D DBLEPRECISION -m64 -mtune=core2 -march=nocona -mthreads
     -O2 -fimplicit-none -fbounds-check -funroll-loops -ftree-vectorize
     -ffpe-summary=invalid,zero,overflow,underflow -fno-unsafe-math-optimizations
     -frounding-math -fsignaling-nans -fopenmp.

   This problem will use 7 of 8 possible threads.


  INPUT --- proc title ;

   CPU Time for the last procedure was 0.01 seconds.     


  INPUT --- proc chmatrix occasions= 3 groups= 1 etype= Occupancy 
  INPUT --- Nodes= 101 icovar = 3 ICMeans  NoHist hist= 138 ;

  INPUT ---    time interval 1 1 1 ;

  INPUT ---     icovariates LWD pctex21 pctSlope ;

  INPUT ---    glabel(1)=freq1;

      Number of unique encounter histories read was 138.

      Number of individual covariates read was 3.
      Time interval lengths are all equal to 1.

      Data type number is 27
      Data type is Occupancy Estimation with Detection < 1                                                             

   CPU Time for the last procedure was 0.01 seconds.     

  Program  MARK  - Survival Rate Estimation with Capture-Recapture Data
   gfortran(dble) Vers. 9.0 Mar 2018     3-Dec-2019 11:03:56    Page  002
 - - - - - - - - - - - - - - - - - - - - - - - - - - - - - - - - - - - - - -
 


  INPUT --- proc estimate link=Logit NOLOOP varest=2ndPart    ;


  INPUT --- model={ p(~LWD)Psi(~pctex21 + pctSlope) };

  INPUT ---    group=1 p    rows=1 cols=3 Square ;
  INPUT ---        1 1 1 ;

  INPUT ---    group=1 Psi    rows=1 cols=1 Square ;
  INPUT ---        2 ;

  INPUT ---    design matrix constraints=2 covariates=5;
  INPUT ---        1 LWD 0 0 0;
  INPUT ---        0 0 1 pctex21 pctSlope;
  INPUT ---       blabel(1)=p:(Intercept);
  INPUT ---       blabel(2)=p:LWD;
  INPUT ---       blabel(3)=Psi:(Intercept);
  INPUT ---       blabel(4)=Psi:pctex21;
  INPUT ---       blabel(5)=Psi:pctSlope;
  INPUT ---       rlabel(1)=p g1 a0 t1;
  INPUT ---       rlabel(2)=Psi g1 a0 t1;

 Link Function Used is LOGIT        

 Variance Estimation Procedure Used is 2ndPart 
 -2logL(saturated) = 0.0000000     
 Effective Sample Size = 138

 Number of function evaluations was 22 for 5 parameters.
 Time for numerical optimization was 0.01 seconds.     
 -2logL { p(~LWD)Psi(~pctex21 + pctSlope) } = 152.78951     
 Penalty { p(~LWD)Psi(~pctex21 + pctSlope) } = 0.0000000     
 Gradient { p(~LWD)Psi(~pctex21 + pctSlope) }:
   0.000000       0.000000     -0.3928581E-05   0.000000     -0.7481941E-06
 Maximum ABS(G) { p(~LWD)Psi(~pctex21 + pctSlope) } = 0.3928581E-05 
 S Vector { p(~LWD)Psi(~pctex21 + pctSlope) }:
   14.19453      9.896398     0.2931218     0.2555472     0.2011314E-01
 Time to compute number of parameters was 0.02 seconds.     
 Ratio Threshold = 50.000000       Max Gap (2/3) = 33.762068       Next Max Gap (4/5) = 12.705487     
 Gap Method for Num. of Estimated Parameters { p(~LWD)Psi(~pctex21 + pctSlope) } = 5          
 Threshold { p(~LWD)Psi(~pctex21 + pctSlope) } = 0.7857162E-05                 
 Numerical Threshold Method for Num. of Estimated Parameters { p(~LWD)Psi(~pctex21 + pctSlope) } = 5          
 Number of Estimated Parameters { p(~LWD)Psi(~pctex21 + pctSlope) } = 5          
 DEVIANCE { p(~LWD)Psi(~pctex21 + pctSlope) } = 152.78951                     
 DEVIANCE Degrees of Freedom { p(~LWD)Psi(~pctex21 + pctSlope) } = 133            
 c-hat { p(~LWD)Psi(~pctex21 + pctSlope) } = 1.1487933                     
 AIC { p(~LWD)Psi(~pctex21 + pctSlope) } = 162.78951                  
 AICc { p(~LWD)Psi(~pctex21 + pctSlope) } = 163.24405                    
 BIC { p(~LWD)Psi(~pctex21 + pctSlope) } = 177.42578                    
 Pearson Chisquare { p(~LWD)Psi(~pctex21 + pctSlope) } = 869.91750                  


             LOGIT Link Function Parameters of { p(~LWD)Psi(~pctex21 + pctSlope) }
                                                              95% Confidence Interval
 Parameter                    Beta         Standard Error      Lower           Upper
 -------------------------  --------------  --------------  --------------  --------------

  Program  MARK  - Survival Rate Estimation with Capture-Recapture Data
   gfortran(dble) Vers. 9.0 Mar 2018     3-Dec-2019 11:03:57    Page  003
 - - - - - - - - - - - - - - - - - - - - - - - - - - - - - - - - - - - - - -
 
    1:p:(Intercept)          0.8300643       0.4605046      -0.0725247       1.7326534    
    2:p:LWD                  0.6425430       1.8173284      -2.9194207       4.2045067    
    3:Psi:(Intercept)       -0.9420229       0.3487329      -1.6255394      -0.2585064    
    4:Psi:pctex21           -0.6433747       0.2271795      -1.0886464      -0.1981029    
    5:Psi:pctSlope           0.0295329       0.0385125      -0.0459517       0.1050175    


             Real Function Parameters of { p(~LWD)Psi(~pctex21 + pctSlope) }

      Following estimates based on unstandardized individual covariate values:
          Variable   Value         
          ---------  ------------- 
          LWD         0.2273503    
          PCTEX21     4.8306834    
          PCTSLOPE    5.7132415    
                                                               95% Confidence Interval
  Parameter                  Estimate       Standard Error      Lower           Upper
 --------------------------  --------------  --------------  --------------  --------------
     1:p g1 a0 t1             0.7263430       0.0658904       0.5808884       0.8356034                          
     2:Psi g1 a0 t1           0.0202086       0.0194680       0.0029934       0.1241058                          


                      Estimates of Derived Parameters
        Occupancy Estimates of { p(~LWD)Psi(~pctex21 + pctSlope) }
                                            95% Confidence Interval
 Group   Psi-hat         Standard Error      Lower           Upper
 -----   --------------  --------------  --------------  --------------
   1      0.0202086       0.0194680       0.0029934       0.1241058    

   CPU Time for the last procedure was 0.02 seconds.     

  Program  MARK  - Survival Rate Estimation with Capture-Recapture Data
   gfortran(dble) Vers. 9.0 Mar 2018     3-Dec-2019 11:03:57    Page  004
 - - - - - - - - - - - - - - - - - - - - - - - - - - - - - - - - - - - - - -
 


  INPUT --- proc stop;

     CPU Time in minutes for this job was 0.00

     Time Start = 11:03:56.518   Time End = 11:03:57.203

     Wall Clock Time in minutes for this job was 0.01


          E X E C U T I O N   S U C C E S S F U L 
