
   Program  MARK  - Survival Rate Estimation with Capture-Recapture Data
   gfortran(dble) Vers. 9.0 Mar 2018     3-Dec-2019 11:08:49    Page  001
 - - - - - - - - - - - - - - - - - - - - - - - - - - - - - - - - - - - - - -
 
   This version was compiled by GCC version 7.2.0 using the options: 
     -cpp -iprefix C:/Program Files/mingw-w64/x86_64-7.2.0-posix-seh-rt_v5-rev1/
     mingw64/bin/../lib/gcc/x86_64-w64-mingw32/7.2.0/ -D_MT -D_REENTRANT
     -U_REENTRANT -D IEEE -D DBLEPRECISION -m64 -mtune=core2 -march=nocona -mthreads
     -O2 -fimplicit-none -fbounds-check -funroll-loops -ftree-vectorize
     -ffpe-summary=invalid,zero,overflow,underflow -fno-unsafe-math-optimizations
     -frounding-math -fsignaling-nans -fopenmp.

   This problem will use 7 of 8 possible threads.


  INPUT --- proc title ;

   CPU Time for the last procedure was 0.02 seconds.     


  INPUT --- proc chmatrix occasions= 3 groups= 1 etype= Occupancy 
  INPUT --- Nodes= 101 icovar = 7 ICMeans  NoHist hist= 138 ;

  INPUT ---    time interval 1 1 1 ;

  INPUT ---     icovariates effort1 effort2 effort3 mxflow1 mxflow2  
  INPUT ---    mxflow3 pctSlope ;

  INPUT ---    glabel(1)=freq1;

      Number of unique encounter histories read was 138.

      Number of individual covariates read was 7.
      Time interval lengths are all equal to 1.

      Data type number is 27
      Data type is Occupancy Estimation with Detection < 1                                                             

   CPU Time for the last procedure was 0.01 seconds.     

  Program  MARK  - Survival Rate Estimation with Capture-Recapture Data
   gfortran(dble) Vers. 9.0 Mar 2018     3-Dec-2019 11:08:49    Page  002
 - - - - - - - - - - - - - - - - - - - - - - - - - - - - - - - - - - - - - -
 


  INPUT --- proc estimate link=Logit NOLOOP varest=2ndPart    ;


  INPUT --- model={ p(~effort + mxflow)Psi(~pctSlope) };

  INPUT ---    group=1 p    rows=1 cols=3 Square ;
  INPUT ---        1 2 3 ;

  INPUT ---    group=1 Psi    rows=1 cols=1 Square ;
  INPUT ---        4 ;

  INPUT ---    design matrix constraints=4 covariates=5;
  INPUT ---        1 effort1 mxflow1 0 0;
  INPUT ---        1 effort2 mxflow2 0 0;
  INPUT ---        1 effort3 mxflow3 0 0;
  INPUT ---        0 0 0 1 pctSlope;
  INPUT ---       blabel(1)=p:(Intercept);
  INPUT ---       blabel(2)=p:effort;
  INPUT ---       blabel(3)=p:mxflow;
  INPUT ---       blabel(4)=Psi:(Intercept);
  INPUT ---       blabel(5)=Psi:pctSlope;
  INPUT ---       rlabel(1)=p g1 a0 t1;
  INPUT ---       rlabel(2)=p g1 a1 t2;
  INPUT ---       rlabel(3)=p g1 a2 t3;
  INPUT ---       rlabel(4)=Psi g1 a0 t1;

 Link Function Used is LOGIT        

 Variance Estimation Procedure Used is 2ndPart 
 -2logL(saturated) = 0.0000000     
 Effective Sample Size = 138

 Number of function evaluations was 31 for 5 parameters.
 Time for numerical optimization was 0.09 seconds.     
 -2logL { p(~effort + mxflow)Psi(~pctSlope) } = 169.00389     
 Penalty { p(~effort + mxflow)Psi(~pctSlope) } = 0.0000000     
 Gradient { p(~effort + mxflow)Psi(~pctSlope) }:
 -0.1818502E-05 -0.5057944E-06   0.000000      0.6943308E-06  0.1516044E-05
 Maximum ABS(G) { p(~effort + mxflow)Psi(~pctSlope) } = 0.1818502E-05 
 S Vector { p(~effort + mxflow)Psi(~pctSlope) }:
   16.64505      8.213757     0.4022397     0.1013763     0.1194677E-03
 Time to compute number of parameters was 0.01 seconds.     
 Ratio Threshold = 50.000000       Max Gap (4/5) = 848.56627       Next Max Gap (2/3) = 20.420059     
 Gap Method for Num. of Estimated Parameters { p(~effort + mxflow)Psi(~pctSlope) } = 4          
 Threshold { p(~effort + mxflow)Psi(~pctSlope) } = 0.3637005E-05                 
 Numerical Threshold Method for Num. of Estimated Parameters { p(~effort + mxflow)Psi(~pctSlope) } = 5          
 Number of Estimated Parameters { p(~effort + mxflow)Psi(~pctSlope) } = 5          

   * *  WARNING  * *   Number of parameters estimated from gap method (=4) and threshold method (=5) differ.  Inspect full output.                                                                                                                                                                                                                                                                                                                                                                                                                      

  Program  MARK  - Survival Rate Estimation with Capture-Recapture Data
   gfortran(dble) Vers. 9.0 Mar 2018     3-Dec-2019 11:08:49    Page  003
 - - - - - - - - - - - - - - - - - - - - - - - - - - - - - - - - - - - - - -
 
 Ratios of S Vector { p(~effort + mxflow)Psi(~pctSlope) }:
   1/2    2.026484       2/3    20.42006       3/4    3.967788       4/5    848.5663    
 DEVIANCE { p(~effort + mxflow)Psi(~pctSlope) } = 169.00389                     
 DEVIANCE Degrees of Freedom { p(~effort + mxflow)Psi(~pctSlope) } = 133            
 c-hat { p(~effort + mxflow)Psi(~pctSlope) } = 1.2707059                     
 AIC { p(~effort + mxflow)Psi(~pctSlope) } = 179.00389                  
 AICc { p(~effort + mxflow)Psi(~pctSlope) } = 179.45843                    
 BIC { p(~effort + mxflow)Psi(~pctSlope) } = 193.64016                    
 Pearson Chisquare { p(~effort + mxflow)Psi(~pctSlope) } = 905.01545                  


            LOGIT Link Function Parameters of { p(~effort + mxflow)Psi(~pctSlope) }
                                                              95% Confidence Interval
 Parameter                    Beta         Standard Error      Lower           Upper
 -------------------------  --------------  --------------  --------------  --------------
    1:p:(Intercept)         -0.0488570       0.9711083      -1.9522293       1.8545153    
    2:p:effort               0.0016404       0.7815030E-03   0.1086734E-03   0.0031722    
    3:p:mxflow              -0.6391946       1.3861596      -3.3560674       2.0776783    
    4:Psi:(Intercept)       -1.7470314       0.3016380      -2.3382418      -1.1558209    
    5:Psi:pctSlope          -0.0049202       0.0298915      -0.0635075       0.0536670    


            Real Function Parameters of { p(~effort + mxflow)Psi(~pctSlope) }

      Following estimates based on unstandardized individual covariate values:
          Variable   Value         
          ---------  ------------- 
          EFFORT1     906.23188    
          EFFORT2     834.18841    
          EFFORT3     818.18116    
          MXFLOW1     0.8952899    
          MXFLOW2     1.0911594    
          MXFLOW3     0.5689855    
          PCTSLOPE    5.7132415    
                                                               95% Confidence Interval
  Parameter                  Estimate       Standard Error      Lower           Upper
 --------------------------  --------------  --------------  --------------  --------------
     1:p g1 a0 t1             0.7038041       0.1203891       0.4337831       0.8805228                          
     2:p g1 a1 t2             0.6506957       0.1819785       0.2794564       0.8994706                          
     3:p g1 a2 t3             0.7169963       0.0728826       0.5561652       0.8366633                          
     4:Psi g1 a0 t1           0.1449041       0.0313083       0.0936054       0.2175677                          


                      Estimates of Derived Parameters
       Occupancy Estimates of { p(~effort + mxflow)Psi(~pctSlope) }
                                            95% Confidence Interval
 Group   Psi-hat         Standard Error      Lower           Upper
 -----   --------------  --------------  --------------  --------------
   1      0.1449041       0.0313083       0.0936054       0.2175677    

 Attempted ordering of parameters by estimatibility:
  4 1 5 2 3
 Beta number 3 is a singular value.

   CPU Time for the last procedure was 0.09 seconds.     

  Program  MARK  - Survival Rate Estimation with Capture-Recapture Data
   gfortran(dble) Vers. 9.0 Mar 2018     3-Dec-2019 11:08:49    Page  004
 - - - - - - - - - - - - - - - - - - - - - - - - - - - - - - - - - - - - - -
 


  INPUT --- proc stop;

     CPU Time in minutes for this job was 0.00

     Time Start = 11:08:49.121   Time End = 11:08:49.238

     Wall Clock Time in minutes for this job was 0.00


          E X E C U T I O N   S U C C E S S F U L 
