
   Program  MARK  - Survival Rate Estimation with Capture-Recapture Data
   gfortran(dble) Vers. 9.0 Mar 2018     3-Dec-2019 10:58:41    Page  001
 - - - - - - - - - - - - - - - - - - - - - - - - - - - - - - - - - - - - - -
 
   This version was compiled by GCC version 7.2.0 using the options: 
     -cpp -iprefix C:/Program Files/mingw-w64/x86_64-7.2.0-posix-seh-rt_v5-rev1/
     mingw64/bin/../lib/gcc/x86_64-w64-mingw32/7.2.0/ -D_MT -D_REENTRANT
     -U_REENTRANT -D IEEE -D DBLEPRECISION -m64 -mtune=core2 -march=nocona -mthreads
     -O2 -fimplicit-none -fbounds-check -funroll-loops -ftree-vectorize
     -ffpe-summary=invalid,zero,overflow,underflow -fno-unsafe-math-optimizations
     -frounding-math -fsignaling-nans -fopenmp.

   This problem will use 7 of 8 possible threads.


  INPUT --- proc title ;

   CPU Time for the last procedure was 0.01 seconds.     


  INPUT --- proc chmatrix occasions= 3 groups= 1 etype= Occupancy 
  INPUT --- Nodes= 101 icovar = 7 ICMeans  NoHist hist= 138 ;

  INPUT ---    time interval 1 1 1 ;

  INPUT ---     icovariates effort1 effort2 effort3 mxdep1 mxdep2 mxdep3  
  INPUT ---    machabprop ;

  INPUT ---    glabel(1)=freq1;

      Number of unique encounter histories read was 138.

      Number of individual covariates read was 7.
      Time interval lengths are all equal to 1.

      Data type number is 27
      Data type is Occupancy Estimation with Detection < 1                                                             

   CPU Time for the last procedure was 0.01 seconds.     

  Program  MARK  - Survival Rate Estimation with Capture-Recapture Data
   gfortran(dble) Vers. 9.0 Mar 2018     3-Dec-2019 10:58:41    Page  002
 - - - - - - - - - - - - - - - - - - - - - - - - - - - - - - - - - - - - - -
 


  INPUT --- proc estimate link=Logit NOLOOP varest=2ndPart    ;


  INPUT --- model={ p(~effort + mxdep)Psi(~machabprop) };

  INPUT ---    group=1 p    rows=1 cols=3 Square ;
  INPUT ---        1 2 3 ;

  INPUT ---    group=1 Psi    rows=1 cols=1 Square ;
  INPUT ---        4 ;

  INPUT ---    design matrix constraints=4 covariates=5;
  INPUT ---        1 effort1 mxdep1 0 0;
  INPUT ---        1 effort2 mxdep2 0 0;
  INPUT ---        1 effort3 mxdep3 0 0;
  INPUT ---        0 0 0 1 machabprop;
  INPUT ---       blabel(1)=p:(Intercept);
  INPUT ---       blabel(2)=p:effort;
  INPUT ---       blabel(3)=p:mxdep;
  INPUT ---       blabel(4)=Psi:(Intercept);
  INPUT ---       blabel(5)=Psi:machabprop;
  INPUT ---       rlabel(1)=p g1 a0 t1;
  INPUT ---       rlabel(2)=p g1 a1 t2;
  INPUT ---       rlabel(3)=p g1 a2 t3;
  INPUT ---       rlabel(4)=Psi g1 a0 t1;

 Link Function Used is LOGIT        

 Variance Estimation Procedure Used is 2ndPart 
 -2logL(saturated) = 0.0000000     
 Effective Sample Size = 138

   * *  WARNING  * *   Error number 0 from VA09AD optimization routine. 

 Number of function evaluations was 30 for 5 parameters.
 Time for numerical optimization was 0.01 seconds.     
 -2logL { p(~effort + mxdep)Psi(~machabprop) } = 165.17835     
 Penalty { p(~effort + mxdep)Psi(~machabprop) } = 0.0000000     
 Gradient { p(~effort + mxdep)Psi(~machabprop) }:
   0.000000       0.000000       0.000000       0.000000       0.000000    
 Maximum ABS(G) { p(~effort + mxdep)Psi(~machabprop) } = 0.0000000     
 S Vector { p(~effort + mxdep)Psi(~machabprop) }:
   20.76522      8.276027     0.2736111     0.1292877     0.8868501E-03
 Time to compute number of parameters was 0.03 seconds.     
 Ratio Threshold = 50.000000       Max Gap (4/5) = 145.78300       Next Max Gap (2/3) = 30.247409     
 Gap Method for Num. of Estimated Parameters { p(~effort + mxdep)Psi(~machabprop) } = 4          
 Threshold { p(~effort + mxdep)Psi(~machabprop) } = 0.0000000                     
 Numerical Threshold Method for Num. of Estimated Parameters { p(~effort + mxdep)Psi(~machabprop) } = 5          
 Number of Estimated Parameters { p(~effort + mxdep)Psi(~machabprop) } = 5          

  Program  MARK  - Survival Rate Estimation with Capture-Recapture Data
   gfortran(dble) Vers. 9.0 Mar 2018     3-Dec-2019 10:58:42    Page  003
 - - - - - - - - - - - - - - - - - - - - - - - - - - - - - - - - - - - - - -
 

   * *  WARNING  * *   Number of parameters estimated from gap method (=4) and threshold method (=5) differ.  Inspect full output.                                                                                                                                                                                                                                                                                                                                                                                                                      
 Ratios of S Vector { p(~effort + mxdep)Psi(~machabprop) }:
   1/2    2.509081       2/3    30.24741       3/4    2.116297       4/5    145.7830    
 DEVIANCE { p(~effort + mxdep)Psi(~machabprop) } = 165.17835                     
 DEVIANCE Degrees of Freedom { p(~effort + mxdep)Psi(~machabprop) } = 133            
 c-hat { p(~effort + mxdep)Psi(~machabprop) } = 1.2419425                     
 AIC { p(~effort + mxdep)Psi(~machabprop) } = 175.17835                  
 AICc { p(~effort + mxdep)Psi(~machabprop) } = 175.63290                    
 BIC { p(~effort + mxdep)Psi(~machabprop) } = 189.81462                    
 Pearson Chisquare { p(~effort + mxdep)Psi(~machabprop) } = 963.49154                  


            LOGIT Link Function Parameters of { p(~effort + mxdep)Psi(~machabprop) }
                                                              95% Confidence Interval
 Parameter                    Beta         Standard Error      Lower           Upper
 -------------------------  --------------  --------------  --------------  --------------
    1:p:(Intercept)         -1.2293427       0.9567131      -3.1045005       0.6458150    
    2:p:effort               0.9270952E-03   0.7747888E-03  -0.5914909E-03   0.0024457    
    3:p:mxdep                2.7590901       2.0962902      -1.3496388       6.8678189    
    4:Psi:(Intercept)       -0.4217041       0.9387324      -2.2616195       1.4182114    
    5:Psi:machabprop        -0.0263317       0.0183400      -0.0622781       0.0096148    


            Real Function Parameters of { p(~effort + mxdep)Psi(~machabprop) }

      Following estimates based on unstandardized individual covariate values:
          Variable   Value         
          ---------  ------------- 
          EFFORT1     906.23188    
          EFFORT2     834.18841    
          EFFORT3     818.18116    
          MXDEP1      0.5167391    
          MXDEP2      0.4846377    
          MXDEP3      0.6304348    
          MACHABPROP  53.717706    
                                                               95% Confidence Interval
  Parameter                  Estimate       Standard Error      Lower           Upper
 --------------------------  --------------  --------------  --------------  --------------
     1:p g1 a0 t1             0.7381838       0.0720905       0.5757758       0.8541645                          
     2:p g1 a1 t2             0.7070684       0.0745148       0.5439006       0.8300979                          
     3:p g1 a2 t3             0.7805056       0.0788768       0.5905407       0.8976176                          
     4:Psi g1 a0 t1           0.1375037       0.0316257       0.0863651       0.2118996                          


                      Estimates of Derived Parameters
      Occupancy Estimates of { p(~effort + mxdep)Psi(~machabprop) }
                                            95% Confidence Interval
 Group   Psi-hat         Standard Error      Lower           Upper
 -----   --------------  --------------  --------------  --------------
   1      0.1375037       0.0316257       0.0863651       0.2118996    

 Attempted ordering of parameters by estimatibility:
  4 1 5 2 3
 Beta number 3 is a singular value.

  Program  MARK  - Survival Rate Estimation with Capture-Recapture Data
   gfortran(dble) Vers. 9.0 Mar 2018     3-Dec-2019 10:58:42    Page  004
 - - - - - - - - - - - - - - - - - - - - - - - - - - - - - - - - - - - - - -
 

   CPU Time for the last procedure was 0.05 seconds.     


  INPUT --- proc stop;

     CPU Time in minutes for this job was 0.00

     Time Start = 10:58:41.969   Time End = 10:58:42.085

     Wall Clock Time in minutes for this job was 0.00


          E X E C U T I O N   S U C C E S S F U L 
