
   Program  MARK  - Survival Rate Estimation with Capture-Recapture Data
   gfortran(dble) Vers. 9.0 Mar 2018     3-Dec-2019 11:08:36    Page  001
 - - - - - - - - - - - - - - - - - - - - - - - - - - - - - - - - - - - - - -
 
   This version was compiled by GCC version 7.2.0 using the options: 
     -cpp -iprefix C:/Program Files/mingw-w64/x86_64-7.2.0-posix-seh-rt_v5-rev1/
     mingw64/bin/../lib/gcc/x86_64-w64-mingw32/7.2.0/ -D_MT -D_REENTRANT
     -U_REENTRANT -D IEEE -D DBLEPRECISION -m64 -mtune=core2 -march=nocona -mthreads
     -O2 -fimplicit-none -fbounds-check -funroll-loops -ftree-vectorize
     -ffpe-summary=invalid,zero,overflow,underflow -fno-unsafe-math-optimizations
     -frounding-math -fsignaling-nans -fopenmp.

   This problem will use 7 of 8 possible threads.


  INPUT --- proc title ;

   CPU Time for the last procedure was 0.01 seconds.     


  INPUT --- proc chmatrix occasions= 3 groups= 1 etype= Occupancy 
  INPUT --- Nodes= 101 icovar = 2 ICMeans  NoHist hist= 138 ;

  INPUT ---    time interval 1 1 1 ;

  INPUT ---     icovariates under Sinuosity ;

  INPUT ---    glabel(1)=freq1;

      Number of unique encounter histories read was 138.

      Number of individual covariates read was 2.
      Time interval lengths are all equal to 1.

      Data type number is 27
      Data type is Occupancy Estimation with Detection < 1                                                             

   CPU Time for the last procedure was 0.02 seconds.     

  Program  MARK  - Survival Rate Estimation with Capture-Recapture Data
   gfortran(dble) Vers. 9.0 Mar 2018     3-Dec-2019 11:08:36    Page  002
 - - - - - - - - - - - - - - - - - - - - - - - - - - - - - - - - - - - - - -
 


  INPUT --- proc estimate link=Logit NOLOOP varest=2ndPart    ;


  INPUT --- model={ p(~under)Psi(~Sinuosity) };

  INPUT ---    group=1 p    rows=1 cols=3 Square ;
  INPUT ---        1 1 1 ;

  INPUT ---    group=1 Psi    rows=1 cols=1 Square ;
  INPUT ---        2 ;

  INPUT ---    design matrix constraints=2 covariates=4;
  INPUT ---        1 under 0 0;
  INPUT ---        0 0 1 Sinuosity;
  INPUT ---       blabel(1)=p:(Intercept);
  INPUT ---       blabel(2)=p:under;
  INPUT ---       blabel(3)=Psi:(Intercept);
  INPUT ---       blabel(4)=Psi:Sinuosity;
  INPUT ---       rlabel(1)=p g1 a0 t1;
  INPUT ---       rlabel(2)=Psi g1 a0 t1;

 Link Function Used is LOGIT        

 Variance Estimation Procedure Used is 2ndPart 
 -2logL(saturated) = 0.0000000     
 Effective Sample Size = 138

 Number of function evaluations was 13 for 4 parameters.
 Time for numerical optimization was 0.01 seconds.     
 -2logL { p(~under)Psi(~Sinuosity) } = 174.70689     
 Penalty { p(~under)Psi(~Sinuosity) } = 0.0000000     
 Gradient { p(~under)Psi(~Sinuosity) }:
 -0.2333830E-05   0.000000     -0.1857947E-05 -0.8148506E-06
 Maximum ABS(G) { p(~under)Psi(~Sinuosity) } = 0.2333830E-05 
 S Vector { p(~under)Psi(~Sinuosity) }:
   21.35179      10.20568     0.5236408     0.8859257E-01
 Time to compute number of parameters was 0.01 seconds.     
 Ratio Threshold = 50.000000       Max Gap (2/3) = 19.489840       Next Max Gap (3/4) = 5.9106627     
 Gap Method for Num. of Estimated Parameters { p(~under)Psi(~Sinuosity) } = 4          
 Threshold { p(~under)Psi(~Sinuosity) } = 0.4667660E-05                 
 Numerical Threshold Method for Num. of Estimated Parameters { p(~under)Psi(~Sinuosity) } = 4          
 Number of Estimated Parameters { p(~under)Psi(~Sinuosity) } = 4          
 DEVIANCE { p(~under)Psi(~Sinuosity) } = 174.70689                     
 DEVIANCE Degrees of Freedom { p(~under)Psi(~Sinuosity) } = 134            
 c-hat { p(~under)Psi(~Sinuosity) } = 1.3037828                     
 AIC { p(~under)Psi(~Sinuosity) } = 182.70689                  
 AICc { p(~under)Psi(~Sinuosity) } = 183.00765                    
 BIC { p(~under)Psi(~Sinuosity) } = 194.41591                    
 Pearson Chisquare { p(~under)Psi(~Sinuosity) } = 1035.9385                  


                 LOGIT Link Function Parameters of { p(~under)Psi(~Sinuosity) }
                                                              95% Confidence Interval
 Parameter                    Beta         Standard Error      Lower           Upper
 -------------------------  --------------  --------------  --------------  --------------
    1:p:(Intercept)          0.6345223       0.5208217      -0.3862882       1.6553328    
    2:p:under                0.4073822       0.5451464      -0.6611049       1.4758692    
    3:Psi:(Intercept)       -1.0531783       1.6445634      -4.2765227       2.1701661    

  Program  MARK  - Survival Rate Estimation with Capture-Recapture Data
   gfortran(dble) Vers. 9.0 Mar 2018     3-Dec-2019 11:08:37    Page  003
 - - - - - - - - - - - - - - - - - - - - - - - - - - - - - - - - - - - - - -
 
    4:Psi:Sinuosity         -0.6005799       1.3159834      -3.1799074       1.9787476    


                 Real Function Parameters of { p(~under)Psi(~Sinuosity) }

      Following estimates based on unstandardized individual covariate values:
          Variable   Value         
          ---------  ------------- 
          UNDER       0.5466074    
          SINUOSITY   1.2535645    
                                                               95% Confidence Interval
  Parameter                  Estimate       Standard Error      Lower           Upper
 --------------------------  --------------  --------------  --------------  --------------
     1:p g1 a0 t1             0.7020754       0.0720080       0.5454851       0.8222923                          
     2:Psi g1 a0 t1           0.1411169       0.0304378       0.0912671       0.2118472                          


                      Estimates of Derived Parameters
           Occupancy Estimates of { p(~under)Psi(~Sinuosity) }
                                            95% Confidence Interval
 Group   Psi-hat         Standard Error      Lower           Upper
 -----   --------------  --------------  --------------  --------------
   1      0.1411169       0.0304378       0.0912671       0.2118472    

   CPU Time for the last procedure was 0.01 seconds.     

  Program  MARK  - Survival Rate Estimation with Capture-Recapture Data
   gfortran(dble) Vers. 9.0 Mar 2018     3-Dec-2019 11:08:37    Page  004
 - - - - - - - - - - - - - - - - - - - - - - - - - - - - - - - - - - - - - -
 


  INPUT --- proc stop;

     CPU Time in minutes for this job was 0.00

     Time Start = 11:08:36.380   Time End = 11:08:38.004

     Wall Clock Time in minutes for this job was 0.03


          E X E C U T I O N   S U C C E S S F U L 
