
   Program  MARK  - Survival Rate Estimation with Capture-Recapture Data
   gfortran(dble) Vers. 9.0 Mar 2018     3-Dec-2019 10:59:05    Page  001
 - - - - - - - - - - - - - - - - - - - - - - - - - - - - - - - - - - - - - -
 
   This version was compiled by GCC version 7.2.0 using the options: 
     -cpp -iprefix C:/Program Files/mingw-w64/x86_64-7.2.0-posix-seh-rt_v5-rev1/
     mingw64/bin/../lib/gcc/x86_64-w64-mingw32/7.2.0/ -D_MT -D_REENTRANT
     -U_REENTRANT -D IEEE -D DBLEPRECISION -m64 -mtune=core2 -march=nocona -mthreads
     -O2 -fimplicit-none -fbounds-check -funroll-loops -ftree-vectorize
     -ffpe-summary=invalid,zero,overflow,underflow -fno-unsafe-math-optimizations
     -frounding-math -fsignaling-nans -fopenmp.

   This problem will use 7 of 8 possible threads.


  INPUT --- proc title ;

   CPU Time for the last procedure was 0.01 seconds.     


  INPUT --- proc chmatrix occasions= 3 groups= 1 etype= Occupancy 
  INPUT --- Nodes= 101 icovar = 3 ICMeans  NoHist hist= 138 ;

  INPUT ---    time interval 1 1 1 ;

  INPUT ---     icovariates effsec pctex21 avdep ;

  INPUT ---    glabel(1)=freq1;

      Number of unique encounter histories read was 138.

      Number of individual covariates read was 3.
      Time interval lengths are all equal to 1.

      Data type number is 27
      Data type is Occupancy Estimation with Detection < 1                                                             

   CPU Time for the last procedure was 0.02 seconds.     

  Program  MARK  - Survival Rate Estimation with Capture-Recapture Data
   gfortran(dble) Vers. 9.0 Mar 2018     3-Dec-2019 10:59:05    Page  002
 - - - - - - - - - - - - - - - - - - - - - - - - - - - - - - - - - - - - - -
 


  INPUT --- proc estimate link=Logit NOLOOP varest=2ndPart    ;


  INPUT --- model={ p(~effsec)Psi(~pctex21 + avdep) };

  INPUT ---    group=1 p    rows=1 cols=3 Square ;
  INPUT ---        1 1 1 ;

  INPUT ---    group=1 Psi    rows=1 cols=1 Square ;
  INPUT ---        2 ;

  INPUT ---    design matrix constraints=2 covariates=5;
  INPUT ---        1 effsec 0 0 0;
  INPUT ---        0 0 1 pctex21 avdep;
  INPUT ---       blabel(1)=p:(Intercept);
  INPUT ---       blabel(2)=p:effsec;
  INPUT ---       blabel(3)=Psi:(Intercept);
  INPUT ---       blabel(4)=Psi:pctex21;
  INPUT ---       blabel(5)=Psi:avdep;
  INPUT ---       rlabel(1)=p g1 a0 t1;
  INPUT ---       rlabel(2)=Psi g1 a0 t1;

 Link Function Used is LOGIT        

 Variance Estimation Procedure Used is 2ndPart 
 -2logL(saturated) = 0.0000000     
 Effective Sample Size = 138

 Number of function evaluations was 22 for 5 parameters.
 Time for numerical optimization was 0.09 seconds.     
 -2logL { p(~effsec)Psi(~pctex21 + avdep) } = 148.71082     
 Penalty { p(~effsec)Psi(~pctex21 + avdep) } = 0.0000000     
 Gradient { p(~effsec)Psi(~pctex21 + avdep) }:
  0.2756346E-05   0.000000     -0.2677721E-05   0.000000       0.000000    
 Maximum ABS(G) { p(~effsec)Psi(~pctex21 + avdep) } = 0.2756346E-05 
 S Vector { p(~effsec)Psi(~pctex21 + avdep) }:
   15.22709      7.916247     0.1803080     0.1156719     0.1840064E-01
 Time to compute number of parameters was 0.06 seconds.     
 Ratio Threshold = 50.000000       Max Gap (2/3) = 43.904031       Next Max Gap (4/5) = 6.2862940     
 Gap Method for Num. of Estimated Parameters { p(~effsec)Psi(~pctex21 + avdep) } = 5          
 Threshold { p(~effsec)Psi(~pctex21 + avdep) } = 0.5512691E-05                 
 Numerical Threshold Method for Num. of Estimated Parameters { p(~effsec)Psi(~pctex21 + avdep) } = 5          
 Number of Estimated Parameters { p(~effsec)Psi(~pctex21 + avdep) } = 5          
 DEVIANCE { p(~effsec)Psi(~pctex21 + avdep) } = 148.71082                     
 DEVIANCE Degrees of Freedom { p(~effsec)Psi(~pctex21 + avdep) } = 133            
 c-hat { p(~effsec)Psi(~pctex21 + avdep) } = 1.1181265                     
 AIC { p(~effsec)Psi(~pctex21 + avdep) } = 158.71082                  
 AICc { p(~effsec)Psi(~pctex21 + avdep) } = 159.16537                    
 BIC { p(~effsec)Psi(~pctex21 + avdep) } = 173.34709                    
 Pearson Chisquare { p(~effsec)Psi(~pctex21 + avdep) } = 704.84574                  


             LOGIT Link Function Parameters of { p(~effsec)Psi(~pctex21 + avdep) }
                                                              95% Confidence Interval
 Parameter                    Beta         Standard Error      Lower           Upper
 -------------------------  --------------  --------------  --------------  --------------

  Program  MARK  - Survival Rate Estimation with Capture-Recapture Data
   gfortran(dble) Vers. 9.0 Mar 2018     3-Dec-2019 10:59:05    Page  003
 - - - - - - - - - - - - - - - - - - - - - - - - - - - - - - - - - - - - - -
 
    1:p:(Intercept)         -0.3839692       0.7482171      -1.8504746       1.0825363    
    2:p:effsec               0.4776898E-03   0.2519478E-03  -0.1612794E-04   0.9715076E-03
    3:Psi:(Intercept)       -0.4246060       0.8666185      -2.1231783       1.2739663    
    4:Psi:pctex21           -0.6493852       0.2366621      -1.1132429      -0.1855275    
    5:Psi:avdep             -1.1448316       2.8987140      -6.8263111       4.5366479    


             Real Function Parameters of { p(~effsec)Psi(~pctex21 + avdep) }

      Following estimates based on unstandardized individual covariate values:
          Variable   Value         
          ---------  ------------- 
          EFFSEC      2558.6014    
          PCTEX21     4.8306834    
          AVDEP       0.2562426    
                                                               95% Confidence Interval
  Parameter                  Estimate       Standard Error      Lower           Upper
 --------------------------  --------------  --------------  --------------  --------------
     1:p g1 a0 t1             0.6980962       0.0760221       0.5327681       0.8242247                          
     2:Psi g1 a0 t1           0.0207359       0.0206727       0.0028707       0.1347571                          


                      Estimates of Derived Parameters
        Occupancy Estimates of { p(~effsec)Psi(~pctex21 + avdep) }
                                            95% Confidence Interval
 Group   Psi-hat         Standard Error      Lower           Upper
 -----   --------------  --------------  --------------  --------------
   1      0.0207359       0.0206727       0.0028707       0.1347571    

   CPU Time for the last procedure was 0.16 seconds.     

  Program  MARK  - Survival Rate Estimation with Capture-Recapture Data
   gfortran(dble) Vers. 9.0 Mar 2018     3-Dec-2019 10:59:05    Page  004
 - - - - - - - - - - - - - - - - - - - - - - - - - - - - - - - - - - - - - -
 


  INPUT --- proc stop;

     CPU Time in minutes for this job was 0.00

     Time Start = 10:59:05.851   Time End = 10:59:05.971

     Wall Clock Time in minutes for this job was 0.00


          E X E C U T I O N   S U C C E S S F U L 
