
   Program  MARK  - Survival Rate Estimation with Capture-Recapture Data
   gfortran(dble) Vers. 9.0 Mar 2018     3-Dec-2019 12:25:58    Page  001
 - - - - - - - - - - - - - - - - - - - - - - - - - - - - - - - - - - - - - -
 
   This version was compiled by GCC version 7.2.0 using the options: 
     -cpp -iprefix C:/Program Files/mingw-w64/x86_64-7.2.0-posix-seh-rt_v5-rev1/
     mingw64/bin/../lib/gcc/x86_64-w64-mingw32/7.2.0/ -D_MT -D_REENTRANT
     -U_REENTRANT -D IEEE -D DBLEPRECISION -m64 -mtune=core2 -march=nocona -mthreads
     -O2 -fimplicit-none -fbounds-check -funroll-loops -ftree-vectorize
     -ffpe-summary=invalid,zero,overflow,underflow -fno-unsafe-math-optimizations
     -frounding-math -fsignaling-nans -fopenmp.

   This problem will use 7 of 8 possible threads.


  INPUT --- proc title ;

   CPU Time for the last procedure was 0.01 seconds.     


  INPUT --- proc chmatrix occasions= 3 groups= 1 etype= Occupancy 
  INPUT --- Nodes= 101 icovar = 4 ICMeans  NoHist hist= 138 ;

  INPUT ---    time interval 1 1 1 ;

  INPUT ---     icovariates effort1 effort2 effort3 depool ;

  INPUT ---    glabel(1)=freq1;

      Number of unique encounter histories read was 138.

      Number of individual covariates read was 4.
      Time interval lengths are all equal to 1.

      Data type number is 27
      Data type is Occupancy Estimation with Detection < 1                                                             

   CPU Time for the last procedure was 0.01 seconds.     

  Program  MARK  - Survival Rate Estimation with Capture-Recapture Data
   gfortran(dble) Vers. 9.0 Mar 2018     3-Dec-2019 12:25:58    Page  002
 - - - - - - - - - - - - - - - - - - - - - - - - - - - - - - - - - - - - - -
 


  INPUT --- proc estimate link=Logit NOLOOP varest=2ndPart    ;


  INPUT --- model={ p(~effort)Psi(~depool) };

  INPUT ---    group=1 p    rows=1 cols=3 Square ;
  INPUT ---        1 2 3 ;

  INPUT ---    group=1 Psi    rows=1 cols=1 Square ;
  INPUT ---        4 ;

  INPUT ---    design matrix constraints=4 covariates=4;
  INPUT ---        1 effort1 0 0;
  INPUT ---        1 effort2 0 0;
  INPUT ---        1 effort3 0 0;
  INPUT ---        0 0 1 depool;
  INPUT ---       blabel(1)=p:(Intercept);
  INPUT ---       blabel(2)=p:effort;
  INPUT ---       blabel(3)=Psi:(Intercept);
  INPUT ---       blabel(4)=Psi:depool;
  INPUT ---       rlabel(1)=p g1 a0 t1;
  INPUT ---       rlabel(2)=p g1 a1 t2;
  INPUT ---       rlabel(3)=p g1 a2 t3;
  INPUT ---       rlabel(4)=Psi g1 a0 t1;

 Link Function Used is LOGIT        

 Variance Estimation Procedure Used is 2ndPart 
 -2logL(saturated) = 0.0000000     
 Effective Sample Size = 138

 Number of function evaluations was 15 for 4 parameters.
 Time for numerical optimization was 0.01 seconds.     
 -2logL { p(~effort)Psi(~depool) } = 169.17286     
 Penalty { p(~effort)Psi(~depool) } = 0.0000000     
 Gradient { p(~effort)Psi(~depool) }:
  0.4211962E-05   0.000000      0.1968918E-05  0.1361766E-05
 Maximum ABS(G) { p(~effort)Psi(~depool) } = 0.4211962E-05 
 S Vector { p(~effort)Psi(~depool) }:
   18.18970      8.382439     0.7133938     0.1016342    
 Time to compute number of parameters was 0.09 seconds.     
 Ratio Threshold = 50.000000       Max Gap (2/3) = 11.750087       Next Max Gap (3/4) = 7.0192288     
 Gap Method for Num. of Estimated Parameters { p(~effort)Psi(~depool) } = 4          
 Threshold { p(~effort)Psi(~depool) } = 0.8423924E-05                 
 Numerical Threshold Method for Num. of Estimated Parameters { p(~effort)Psi(~depool) } = 4          
 Number of Estimated Parameters { p(~effort)Psi(~depool) } = 4          
 DEVIANCE { p(~effort)Psi(~depool) } = 169.17286                     
 DEVIANCE Degrees of Freedom { p(~effort)Psi(~depool) } = 134            
 c-hat { p(~effort)Psi(~depool) } = 1.2624840                     
 AIC { p(~effort)Psi(~depool) } = 177.17286                  
 AICc { p(~effort)Psi(~depool) } = 177.47361                    
 BIC { p(~effort)Psi(~depool) } = 188.88187                    
 Pearson Chisquare { p(~effort)Psi(~depool) } = 912.98463                  

  Program  MARK  - Survival Rate Estimation with Capture-Recapture Data
   gfortran(dble) Vers. 9.0 Mar 2018     3-Dec-2019 12:25:59    Page  003
 - - - - - - - - - - - - - - - - - - - - - - - - - - - - - - - - - - - - - -
 


                  LOGIT Link Function Parameters of { p(~effort)Psi(~depool) }
                                                              95% Confidence Interval
 Parameter                    Beta         Standard Error      Lower           Upper
 -------------------------  --------------  --------------  --------------  --------------
    1:p:(Intercept)         -0.3585227       0.6553147      -1.6429396       0.9258941    
    2:p:effort               0.0015813       0.7738606E-03   0.6457476E-04   0.0030981    
    3:Psi:(Intercept)       -1.9061886       0.4457473      -2.7798534      -1.0325238    
    4:Psi:depool             0.1414037       0.3966066      -0.6359454       0.9187527    


                  Real Function Parameters of { p(~effort)Psi(~depool) }

      Following estimates based on unstandardized individual covariate values:
          Variable   Value         
          ---------  ------------- 
          EFFORT1     906.23188    
          EFFORT2     834.18841    
          EFFORT3     818.18116    
          DEPOOL      0.8757795    
                                                               95% Confidence Interval
  Parameter                  Estimate       Standard Error      Lower           Upper
 --------------------------  --------------  --------------  --------------  --------------
     1:p g1 a0 t1             0.7454592       0.0717390       0.5826153       0.8600325                          
     2:p g1 a1 t2             0.7232447       0.0720927       0.5633271       0.8411155                          
     3:p g1 a2 t3             0.7181495       0.0723126       0.5585005       0.8369249                          
     4:Psi g1 a0 t1           0.1440132       0.0311756       0.0929589       0.2164171                          


                      Estimates of Derived Parameters
            Occupancy Estimates of { p(~effort)Psi(~depool) }
                                            95% Confidence Interval
 Group   Psi-hat         Standard Error      Lower           Upper
 -----   --------------  --------------  --------------  --------------
   1      0.1440132       0.0311756       0.0929589       0.2164171    

   CPU Time for the last procedure was 0.11 seconds.     

  Program  MARK  - Survival Rate Estimation with Capture-Recapture Data
   gfortran(dble) Vers. 9.0 Mar 2018     3-Dec-2019 12:25:59    Page  004
 - - - - - - - - - - - - - - - - - - - - - - - - - - - - - - - - - - - - - -
 


  INPUT --- proc stop;

     CPU Time in minutes for this job was 0.00

     Time Start = 12:25:58.195   Time End = 12:25:59.180

     Wall Clock Time in minutes for this job was 0.02


          E X E C U T I O N   S U C C E S S F U L 
