
   Program  MARK  - Survival Rate Estimation with Capture-Recapture Data
   gfortran(dble) Vers. 9.0 Mar 2018     3-Dec-2019 11:03:07    Page  001
 - - - - - - - - - - - - - - - - - - - - - - - - - - - - - - - - - - - - - -
 
   This version was compiled by GCC version 7.2.0 using the options: 
     -cpp -iprefix C:/Program Files/mingw-w64/x86_64-7.2.0-posix-seh-rt_v5-rev1/
     mingw64/bin/../lib/gcc/x86_64-w64-mingw32/7.2.0/ -D_MT -D_REENTRANT
     -U_REENTRANT -D IEEE -D DBLEPRECISION -m64 -mtune=core2 -march=nocona -mthreads
     -O2 -fimplicit-none -fbounds-check -funroll-loops -ftree-vectorize
     -ffpe-summary=invalid,zero,overflow,underflow -fno-unsafe-math-optimizations
     -frounding-math -fsignaling-nans -fopenmp.

   This problem will use 7 of 8 possible threads.


  INPUT --- proc title ;

   CPU Time for the last procedure was 0.01 seconds.     


  INPUT --- proc chmatrix occasions= 3 groups= 1 etype= Occupancy 
  INPUT --- Nodes= 101 icovar = 5 ICMeans  NoHist hist= 138 ;

  INPUT ---    time interval 1 1 1 ;

  INPUT ---     icovariates undr1 undr2 undr3 pctex21 pctShade ;

  INPUT ---    glabel(1)=freq1;

      Number of unique encounter histories read was 138.

      Number of individual covariates read was 5.
      Time interval lengths are all equal to 1.

      Data type number is 27
      Data type is Occupancy Estimation with Detection < 1                                                             

   CPU Time for the last procedure was 0.01 seconds.     

  Program  MARK  - Survival Rate Estimation with Capture-Recapture Data
   gfortran(dble) Vers. 9.0 Mar 2018     3-Dec-2019 11:03:07    Page  002
 - - - - - - - - - - - - - - - - - - - - - - - - - - - - - - - - - - - - - -
 


  INPUT --- proc estimate link=Logit NOLOOP varest=2ndPart    ;


  INPUT --- model={ p(~undr)Psi(~pctex21 + pctShade) };

  INPUT ---    group=1 p    rows=1 cols=3 Square ;
  INPUT ---        1 2 3 ;

  INPUT ---    group=1 Psi    rows=1 cols=1 Square ;
  INPUT ---        4 ;

  INPUT ---    design matrix constraints=4 covariates=5;
  INPUT ---        1 undr1 0 0 0;
  INPUT ---        1 undr2 0 0 0;
  INPUT ---        1 undr3 0 0 0;
  INPUT ---        0 0 1 pctex21 pctShade;
  INPUT ---       blabel(1)=p:(Intercept);
  INPUT ---       blabel(2)=p:undr;
  INPUT ---       blabel(3)=Psi:(Intercept);
  INPUT ---       blabel(4)=Psi:pctex21;
  INPUT ---       blabel(5)=Psi:pctShade;
  INPUT ---       rlabel(1)=p g1 a0 t1;
  INPUT ---       rlabel(2)=p g1 a1 t2;
  INPUT ---       rlabel(3)=p g1 a2 t3;
  INPUT ---       rlabel(4)=Psi g1 a0 t1;

 Link Function Used is LOGIT        

 Variance Estimation Procedure Used is 2ndPart 
 -2logL(saturated) = 0.0000000     
 Effective Sample Size = 138

 Number of function evaluations was 20 for 5 parameters.
 Time for numerical optimization was 0.03 seconds.     
 -2logL { p(~undr)Psi(~pctex21 + pctShade) } = 151.28080     
 Penalty { p(~undr)Psi(~pctex21 + pctShade) } = 0.0000000     
 Gradient { p(~undr)Psi(~pctex21 + pctShade) }:
  0.1232407E-05  0.6492336E-06  0.8966931E-06  0.1792778E-06  0.2231945E-05
 Maximum ABS(G) { p(~undr)Psi(~pctex21 + pctShade) } = 0.2231945E-05 
 S Vector { p(~undr)Psi(~pctex21 + pctShade) }:
   17.78617      9.406922      1.074147     0.3558118     0.1877861E-01
 Time to compute number of parameters was 0.01 seconds.     
 Ratio Threshold = 50.000000       Max Gap (4/5) = 18.947716       Next Max Gap (2/3) = 8.7575770     
 Gap Method for Num. of Estimated Parameters { p(~undr)Psi(~pctex21 + pctShade) } = 5          
 Threshold { p(~undr)Psi(~pctex21 + pctShade) } = 0.4463890E-05                 
 Numerical Threshold Method for Num. of Estimated Parameters { p(~undr)Psi(~pctex21 + pctShade) } = 5          
 Number of Estimated Parameters { p(~undr)Psi(~pctex21 + pctShade) } = 5          
 DEVIANCE { p(~undr)Psi(~pctex21 + pctShade) } = 151.28080                     
 DEVIANCE Degrees of Freedom { p(~undr)Psi(~pctex21 + pctShade) } = 133            
 c-hat { p(~undr)Psi(~pctex21 + pctShade) } = 1.1374496                     
 AIC { p(~undr)Psi(~pctex21 + pctShade) } = 161.28080                  
 AICc { p(~undr)Psi(~pctex21 + pctShade) } = 161.73534                    
 BIC { p(~undr)Psi(~pctex21 + pctShade) } = 175.91706                    
 Pearson Chisquare { p(~undr)Psi(~pctex21 + pctShade) } = 856.57622                  

  Program  MARK  - Survival Rate Estimation with Capture-Recapture Data
   gfortran(dble) Vers. 9.0 Mar 2018     3-Dec-2019 11:03:07    Page  003
 - - - - - - - - - - - - - - - - - - - - - - - - - - - - - - - - - - - - - -
 


             LOGIT Link Function Parameters of { p(~undr)Psi(~pctex21 + pctShade) }
                                                              95% Confidence Interval
 Parameter                    Beta         Standard Error      Lower           Upper
 -------------------------  --------------  --------------  --------------  --------------
    1:p:(Intercept)          0.5476618       0.4538709      -0.3419251       1.4372487    
    2:p:undr                 0.5536704       0.4702310      -0.3679823       1.4753231    
    3:Psi:(Intercept)       -1.1270920       0.5124233      -2.1314417      -0.1227422    
    4:Psi:pctex21           -0.6547994       0.2355560      -1.1164892      -0.1931097    
    5:Psi:pctShade           0.0071342       0.0087967      -0.0101074       0.0243758    


             Real Function Parameters of { p(~undr)Psi(~pctex21 + pctShade) }

      Following estimates based on unstandardized individual covariate values:
          Variable   Value         
          ---------  ------------- 
          UNDR1       0.5869565    
          UNDR2       0.5483092    
          UNDR3       0.5042271    
          PCTEX21     4.8306834    
          PCTSHADE    48.614931    
                                                               95% Confidence Interval
  Parameter                  Estimate       Standard Error      Lower           Upper
 --------------------------  --------------  --------------  --------------  --------------
     1:p g1 a0 t1             0.7052952       0.0689907       0.5552930       0.8210098                          
     2:p g1 a1 t2             0.7008281       0.0701040       0.5488202       0.8185544                          
     3:p g1 a2 t3             0.6956858       0.0716225       0.5408464       0.8160669                          
     4:Psi g1 a0 t1           0.0190138       0.0191024       0.0025973       0.1260776                          


                      Estimates of Derived Parameters
       Occupancy Estimates of { p(~undr)Psi(~pctex21 + pctShade) }
                                            95% Confidence Interval
 Group   Psi-hat         Standard Error      Lower           Upper
 -----   --------------  --------------  --------------  --------------
   1      0.0190138       0.0191024       0.0025973       0.1260776    

   CPU Time for the last procedure was 0.03 seconds.     

  Program  MARK  - Survival Rate Estimation with Capture-Recapture Data
   gfortran(dble) Vers. 9.0 Mar 2018     3-Dec-2019 11:03:07    Page  004
 - - - - - - - - - - - - - - - - - - - - - - - - - - - - - - - - - - - - - -
 


  INPUT --- proc stop;

     CPU Time in minutes for this job was 0.00

     Time Start = 11:03:07.060   Time End = 11:03:07.165

     Wall Clock Time in minutes for this job was 0.00


          E X E C U T I O N   S U C C E S S F U L 
