
   Program  MARK  - Survival Rate Estimation with Capture-Recapture Data
   gfortran(dble) Vers. 9.0 Mar 2018     3-Dec-2019 10:57:28    Page  001
 - - - - - - - - - - - - - - - - - - - - - - - - - - - - - - - - - - - - - -
 
   This version was compiled by GCC version 7.2.0 using the options: 
     -cpp -iprefix C:/Program Files/mingw-w64/x86_64-7.2.0-posix-seh-rt_v5-rev1/
     mingw64/bin/../lib/gcc/x86_64-w64-mingw32/7.2.0/ -D_MT -D_REENTRANT
     -U_REENTRANT -D IEEE -D DBLEPRECISION -m64 -mtune=core2 -march=nocona -mthreads
     -O2 -fimplicit-none -fbounds-check -funroll-loops -ftree-vectorize
     -ffpe-summary=invalid,zero,overflow,underflow -fno-unsafe-math-optimizations
     -frounding-math -fsignaling-nans -fopenmp.

   This problem will use 7 of 8 possible threads.


  INPUT --- proc title ;

   CPU Time for the last procedure was 0.01 seconds.     


  INPUT --- proc chmatrix occasions= 3 groups= 1 etype= Occupancy 
  INPUT --- Nodes= 101 icovar = 4 ICMeans  NoHist hist= 138 ;

  INPUT ---    time interval 1 1 1 ;

  INPUT ---     icovariates mxdep1 mxdep2 mxdep3 HAiFLS_alt ;

  INPUT ---    glabel(1)=freq1;

      Number of unique encounter histories read was 138.

      Number of individual covariates read was 4.
      Time interval lengths are all equal to 1.

      Data type number is 27
      Data type is Occupancy Estimation with Detection < 1                                                             

   CPU Time for the last procedure was 0.01 seconds.     

  Program  MARK  - Survival Rate Estimation with Capture-Recapture Data
   gfortran(dble) Vers. 9.0 Mar 2018     3-Dec-2019 10:57:28    Page  002
 - - - - - - - - - - - - - - - - - - - - - - - - - - - - - - - - - - - - - -
 


  INPUT --- proc estimate link=Logit NOLOOP varest=2ndPart    ;


  INPUT --- model={ p(~mxdep)Psi(~HAiFLS_alt) };

  INPUT ---    group=1 p    rows=1 cols=3 Square ;
  INPUT ---        1 2 3 ;

  INPUT ---    group=1 Psi    rows=1 cols=1 Square ;
  INPUT ---        4 ;

  INPUT ---    design matrix constraints=4 covariates=4;
  INPUT ---        1 mxdep1 0 0;
  INPUT ---        1 mxdep2 0 0;
  INPUT ---        1 mxdep3 0 0;
  INPUT ---        0 0 1 HAiFLS_alt;
  INPUT ---       blabel(1)=p:(Intercept);
  INPUT ---       blabel(2)=p:mxdep;
  INPUT ---       blabel(3)=Psi:(Intercept);
  INPUT ---       blabel(4)=Psi:HAiFLS_alt;
  INPUT ---       rlabel(1)=p g1 a0 t1;
  INPUT ---       rlabel(2)=p g1 a1 t2;
  INPUT ---       rlabel(3)=p g1 a2 t3;
  INPUT ---       rlabel(4)=Psi g1 a0 t1;

 Link Function Used is LOGIT        

 Variance Estimation Procedure Used is 2ndPart 
 -2logL(saturated) = 0.0000000     
 Effective Sample Size = 138

 Number of function evaluations was 17 for 4 parameters.
 Time for numerical optimization was 0.08 seconds.     
 -2logL { p(~mxdep)Psi(~HAiFLS_alt) } = 163.67633     
 Penalty { p(~mxdep)Psi(~HAiFLS_alt) } = 0.0000000     
 Gradient { p(~mxdep)Psi(~HAiFLS_alt) }:
  0.3444834E-05  0.8334803E-07  0.3871518E-05  0.1890731E-05
 Maximum ABS(G) { p(~mxdep)Psi(~HAiFLS_alt) } = 0.3871518E-05 
 S Vector { p(~mxdep)Psi(~HAiFLS_alt) }:
   21.17107      8.325197      1.047283     0.1071255E-02
 Time to compute number of parameters was 0.01 seconds.     
 Ratio Threshold = 50.000000       Max Gap (3/4) = 977.62263       Next Max Gap (2/3) = 7.9493265     
 Gap Method for Num. of Estimated Parameters { p(~mxdep)Psi(~HAiFLS_alt) } = 3          
 Threshold { p(~mxdep)Psi(~HAiFLS_alt) } = 0.7743035E-05                 
 Numerical Threshold Method for Num. of Estimated Parameters { p(~mxdep)Psi(~HAiFLS_alt) } = 4          
 Number of Estimated Parameters { p(~mxdep)Psi(~HAiFLS_alt) } = 4          

   * *  WARNING  * *   Number of parameters estimated from gap method (=3) and threshold method (=4) differ.  Inspect full output.                                                                                                                                                                                                                                                                                                                                                                                                                      
 Ratios of S Vector { p(~mxdep)Psi(~HAiFLS_alt) }:
   1/2    2.543011       2/3    7.949327       3/4    977.6226    
 DEVIANCE { p(~mxdep)Psi(~HAiFLS_alt) } = 163.67633                     
 DEVIANCE Degrees of Freedom { p(~mxdep)Psi(~HAiFLS_alt) } = 134            
 c-hat { p(~mxdep)Psi(~HAiFLS_alt) } = 1.2214651                     
 AIC { p(~mxdep)Psi(~HAiFLS_alt) } = 171.67633                  
 AICc { p(~mxdep)Psi(~HAiFLS_alt) } = 171.97708                    
 BIC { p(~mxdep)Psi(~HAiFLS_alt) } = 183.38534                    
 Pearson Chisquare { p(~mxdep)Psi(~HAiFLS_alt) } = 1080.4730                  

  Program  MARK  - Survival Rate Estimation with Capture-Recapture Data
   gfortran(dble) Vers. 9.0 Mar 2018     3-Dec-2019 10:57:30    Page  003
 - - - - - - - - - - - - - - - - - - - - - - - - - - - - - - - - - - - - - -
 


                LOGIT Link Function Parameters of { p(~mxdep)Psi(~HAiFLS_alt) }
                                                              95% Confidence Interval
 Parameter                    Beta         Standard Error      Lower           Upper
 -------------------------  --------------  --------------  --------------  --------------
    1:p:(Intercept)         -1.2147353       0.9793737      -3.1343078       0.7048373    
    2:p:mxdep                4.2282776       1.9086960       0.4872333       7.9693219    
    3:Psi:(Intercept)       -0.4779853       0.5588659      -1.5733624       0.6173919    
    4:Psi:HAiFLS_alt        -0.0204090       0.0084036      -0.0368801      -0.0039379    


                Real Function Parameters of { p(~mxdep)Psi(~HAiFLS_alt) }

      Following estimates based on unstandardized individual covariate values:
          Variable   Value         
          ---------  ------------- 
          MXDEP1      0.5167391    
          MXDEP2      0.4846377    
          MXDEP3      0.6304348    
          HAIFLS_ALT  69.284136    
                                                               95% Confidence Interval
  Parameter                  Estimate       Standard Error      Lower           Upper
 --------------------------  --------------  --------------  --------------  --------------
     1:p g1 a0 t1             0.7251556       0.0702771       0.5693166       0.8404123                          
     2:p g1 a1 t2             0.6972945       0.0729719       0.5391310       0.8193648                          
     3:p g1 a2 t3             0.8101397       0.0690928       0.6388759       0.9114402                          
     4:Psi g1 a0 t1           0.1310160       0.0311888       0.0809926       0.2050422                          


                      Estimates of Derived Parameters
           Occupancy Estimates of { p(~mxdep)Psi(~HAiFLS_alt) }
                                            95% Confidence Interval
 Group   Psi-hat         Standard Error      Lower           Upper
 -----   --------------  --------------  --------------  --------------
   1      0.1310160       0.0311888       0.0809926       0.2050422    

 Attempted ordering of parameters by estimatibility:
  3 1 4 2
 Beta number 2 is a singular value.

   CPU Time for the last procedure was 0.09 seconds.     

  Program  MARK  - Survival Rate Estimation with Capture-Recapture Data
   gfortran(dble) Vers. 9.0 Mar 2018     3-Dec-2019 10:57:30    Page  004
 - - - - - - - - - - - - - - - - - - - - - - - - - - - - - - - - - - - - - -
 


  INPUT --- proc stop;

     CPU Time in minutes for this job was 0.00

     Time Start = 10:57:28.650   Time End = 10:57:30.102

     Wall Clock Time in minutes for this job was 0.02


          E X E C U T I O N   S U C C E S S F U L 
