
   Program  MARK  - Survival Rate Estimation with Capture-Recapture Data
   gfortran(dble) Vers. 9.0 Mar 2018     3-Dec-2019 10:57:49    Page  001
 - - - - - - - - - - - - - - - - - - - - - - - - - - - - - - - - - - - - - -
 
   This version was compiled by GCC version 7.2.0 using the options: 
     -cpp -iprefix C:/Program Files/mingw-w64/x86_64-7.2.0-posix-seh-rt_v5-rev1/
     mingw64/bin/../lib/gcc/x86_64-w64-mingw32/7.2.0/ -D_MT -D_REENTRANT
     -U_REENTRANT -D IEEE -D DBLEPRECISION -m64 -mtune=core2 -march=nocona -mthreads
     -O2 -fimplicit-none -fbounds-check -funroll-loops -ftree-vectorize
     -ffpe-summary=invalid,zero,overflow,underflow -fno-unsafe-math-optimizations
     -frounding-math -fsignaling-nans -fopenmp.

   This problem will use 7 of 8 possible threads.


  INPUT --- proc title ;

   CPU Time for the last procedure was 0.01 seconds.     


  INPUT --- proc chmatrix occasions= 3 groups= 1 etype= Occupancy 
  INPUT --- Nodes= 101 icovar = 7 ICMeans  NoHist hist= 138 ;

  INPUT ---    time interval 1 1 1 ;

  INPUT ---     icovariates effort1 effort2 effort3 undr1 undr2 undr3  
  INPUT ---    HAiFLS_nat ;

  INPUT ---    glabel(1)=freq1;

      Number of unique encounter histories read was 138.

      Number of individual covariates read was 7.
      Time interval lengths are all equal to 1.

      Data type number is 27
      Data type is Occupancy Estimation with Detection < 1                                                             

   CPU Time for the last procedure was 0.02 seconds.     

  Program  MARK  - Survival Rate Estimation with Capture-Recapture Data
   gfortran(dble) Vers. 9.0 Mar 2018     3-Dec-2019 10:57:49    Page  002
 - - - - - - - - - - - - - - - - - - - - - - - - - - - - - - - - - - - - - -
 


  INPUT --- proc estimate link=Logit NOLOOP varest=2ndPart    ;


  INPUT --- model={ p(~effort + undr)Psi(~HAiFLS_nat) };

  INPUT ---    group=1 p    rows=1 cols=3 Square ;
  INPUT ---        1 2 3 ;

  INPUT ---    group=1 Psi    rows=1 cols=1 Square ;
  INPUT ---        4 ;

  INPUT ---    design matrix constraints=4 covariates=5;
  INPUT ---        1 effort1 undr1 0 0;
  INPUT ---        1 effort2 undr2 0 0;
  INPUT ---        1 effort3 undr3 0 0;
  INPUT ---        0 0 0 1 HAiFLS_nat;
  INPUT ---       blabel(1)=p:(Intercept);
  INPUT ---       blabel(2)=p:effort;
  INPUT ---       blabel(3)=p:undr;
  INPUT ---       blabel(4)=Psi:(Intercept);
  INPUT ---       blabel(5)=Psi:HAiFLS_nat;
  INPUT ---       rlabel(1)=p g1 a0 t1;
  INPUT ---       rlabel(2)=p g1 a1 t2;
  INPUT ---       rlabel(3)=p g1 a2 t3;
  INPUT ---       rlabel(4)=Psi g1 a0 t1;

 Link Function Used is LOGIT        

 Variance Estimation Procedure Used is 2ndPart 
 -2logL(saturated) = 0.0000000     
 Effective Sample Size = 138

 Number of function evaluations was 17 for 5 parameters.
 Time for numerical optimization was 0.01 seconds.     
 -2logL { p(~effort + undr)Psi(~HAiFLS_nat) } = 162.57282     
 Penalty { p(~effort + undr)Psi(~HAiFLS_nat) } = 0.0000000     
 Gradient { p(~effort + undr)Psi(~HAiFLS_nat) }:
   0.000000      0.5330859E-06   0.000000     -0.5464792E-06  0.6304026E-06
 Maximum ABS(G) { p(~effort + undr)Psi(~HAiFLS_nat) } = 0.6304026E-06 
 S Vector { p(~effort + undr)Psi(~HAiFLS_nat) }:
   18.47192      8.049756      1.222169     0.3087978     0.1032478    
 Time to compute number of parameters was 0.01 seconds.     
 Ratio Threshold = 50.000000       Max Gap (2/3) = 6.5864509       Next Max Gap (3/4) = 3.9578293     
 Gap Method for Num. of Estimated Parameters { p(~effort + undr)Psi(~HAiFLS_nat) } = 5          
 Threshold { p(~effort + undr)Psi(~HAiFLS_nat) } = 0.1260805E-05                 
 Numerical Threshold Method for Num. of Estimated Parameters { p(~effort + undr)Psi(~HAiFLS_nat) } = 5          
 Number of Estimated Parameters { p(~effort + undr)Psi(~HAiFLS_nat) } = 5          
 DEVIANCE { p(~effort + undr)Psi(~HAiFLS_nat) } = 162.57282                     
 DEVIANCE Degrees of Freedom { p(~effort + undr)Psi(~HAiFLS_nat) } = 133            
 c-hat { p(~effort + undr)Psi(~HAiFLS_nat) } = 1.2223520                     
 AIC { p(~effort + undr)Psi(~HAiFLS_nat) } = 172.57282                  
 AICc { p(~effort + undr)Psi(~HAiFLS_nat) } = 173.02737                    
 BIC { p(~effort + undr)Psi(~HAiFLS_nat) } = 187.20909                    
 Pearson Chisquare { p(~effort + undr)Psi(~HAiFLS_nat) } = 815.70447                  

  Program  MARK  - Survival Rate Estimation with Capture-Recapture Data
   gfortran(dble) Vers. 9.0 Mar 2018     3-Dec-2019 10:57:50    Page  003
 - - - - - - - - - - - - - - - - - - - - - - - - - - - - - - - - - - - - - -
 


            LOGIT Link Function Parameters of { p(~effort + undr)Psi(~HAiFLS_nat) }
                                                              95% Confidence Interval
 Parameter                    Beta         Standard Error      Lower           Upper
 -------------------------  --------------  --------------  --------------  --------------
    1:p:(Intercept)         -0.6901721       0.7431523      -2.1467507       0.7664064    
    2:p:effort               0.0015436       0.7676582E-03   0.3899005E-04   0.0030482    
    3:p:undr                 0.4773349       0.5044954      -0.5114760       1.4661458    
    4:Psi:(Intercept)       -2.4902492       0.4299461      -3.3329436      -1.6475549    
    5:Psi:HAiFLS_nat         0.0202801       0.0083354       0.0039427       0.0366175    


            Real Function Parameters of { p(~effort + undr)Psi(~HAiFLS_nat) }

      Following estimates based on unstandardized individual covariate values:
          Variable   Value         
          ---------  ------------- 
          EFFORT1     906.23188    
          EFFORT2     834.18841    
          EFFORT3     818.18116    
          UNDR1       0.5869565    
          UNDR2       0.5483092    
          UNDR3       0.5042271    
          HAIFLS_NAT  30.404180    
                                                               95% Confidence Interval
  Parameter                  Estimate       Standard Error      Lower           Upper
 --------------------------  --------------  --------------  --------------  --------------
     1:p g1 a0 t1             0.7288632       0.0770411       0.5559580       0.8523246                          
     2:p g1 a1 t2             0.7024952       0.0786692       0.5303212       0.8315962                          
     3:p g1 a2 t3             0.6928458       0.0805483       0.5178928       0.8256798                          
     4:Psi g1 a0 t1           0.1331200       0.0320017       0.0818717       0.2091404                          


                      Estimates of Derived Parameters
       Occupancy Estimates of { p(~effort + undr)Psi(~HAiFLS_nat) }
                                            95% Confidence Interval
 Group   Psi-hat         Standard Error      Lower           Upper
 -----   --------------  --------------  --------------  --------------
   1      0.1331200       0.0320017       0.0818717       0.2091404    

   CPU Time for the last procedure was 0.01 seconds.     

  Program  MARK  - Survival Rate Estimation with Capture-Recapture Data
   gfortran(dble) Vers. 9.0 Mar 2018     3-Dec-2019 10:57:50    Page  004
 - - - - - - - - - - - - - - - - - - - - - - - - - - - - - - - - - - - - - -
 


  INPUT --- proc stop;

     CPU Time in minutes for this job was 0.00

     Time Start = 10:57:49.706   Time End = 10:57:50.399

     Wall Clock Time in minutes for this job was 0.01


          E X E C U T I O N   S U C C E S S F U L 
