
   Program  MARK  - Survival Rate Estimation with Capture-Recapture Data
   gfortran(dble) Vers. 9.0 Mar 2018     3-Dec-2019 10:59:22    Page  001
 - - - - - - - - - - - - - - - - - - - - - - - - - - - - - - - - - - - - - -
 
   This version was compiled by GCC version 7.2.0 using the options: 
     -cpp -iprefix C:/Program Files/mingw-w64/x86_64-7.2.0-posix-seh-rt_v5-rev1/
     mingw64/bin/../lib/gcc/x86_64-w64-mingw32/7.2.0/ -D_MT -D_REENTRANT
     -U_REENTRANT -D IEEE -D DBLEPRECISION -m64 -mtune=core2 -march=nocona -mthreads
     -O2 -fimplicit-none -fbounds-check -funroll-loops -ftree-vectorize
     -ffpe-summary=invalid,zero,overflow,underflow -fno-unsafe-math-optimizations
     -frounding-math -fsignaling-nans -fopenmp.

   This problem will use 7 of 8 possible threads.


  INPUT --- proc title ;

   CPU Time for the last procedure was 0.01 seconds.     


  INPUT --- proc chmatrix occasions= 3 groups= 1 etype= Occupancy 
  INPUT --- Nodes= 101 icovar = 5 ICMeans  NoHist hist= 138 ;

  INPUT ---    time interval 1 1 1 ;

  INPUT ---     icovariates effort1 effort2 effort3 pctex21 avdep ;

  INPUT ---    glabel(1)=freq1;

      Number of unique encounter histories read was 138.

      Number of individual covariates read was 5.
      Time interval lengths are all equal to 1.

      Data type number is 27
      Data type is Occupancy Estimation with Detection < 1                                                             

   CPU Time for the last procedure was 0.01 seconds.     

  Program  MARK  - Survival Rate Estimation with Capture-Recapture Data
   gfortran(dble) Vers. 9.0 Mar 2018     3-Dec-2019 10:59:22    Page  002
 - - - - - - - - - - - - - - - - - - - - - - - - - - - - - - - - - - - - - -
 


  INPUT --- proc estimate link=Logit NOLOOP varest=2ndPart    ;


  INPUT --- model={ p(~effort)Psi(~pctex21 + avdep) };

  INPUT ---    group=1 p    rows=1 cols=3 Square ;
  INPUT ---        1 2 3 ;

  INPUT ---    group=1 Psi    rows=1 cols=1 Square ;
  INPUT ---        4 ;

  INPUT ---    design matrix constraints=4 covariates=5;
  INPUT ---        1 effort1 0 0 0;
  INPUT ---        1 effort2 0 0 0;
  INPUT ---        1 effort3 0 0 0;
  INPUT ---        0 0 1 pctex21 avdep;
  INPUT ---       blabel(1)=p:(Intercept);
  INPUT ---       blabel(2)=p:effort;
  INPUT ---       blabel(3)=Psi:(Intercept);
  INPUT ---       blabel(4)=Psi:pctex21;
  INPUT ---       blabel(5)=Psi:avdep;
  INPUT ---       rlabel(1)=p g1 a0 t1;
  INPUT ---       rlabel(2)=p g1 a1 t2;
  INPUT ---       rlabel(3)=p g1 a2 t3;
  INPUT ---       rlabel(4)=Psi g1 a0 t1;

 Link Function Used is LOGIT        

 Variance Estimation Procedure Used is 2ndPart 
 -2logL(saturated) = 0.0000000     
 Effective Sample Size = 138

 Number of function evaluations was 27 for 5 parameters.
 Time for numerical optimization was 0.02 seconds.     
 -2logL { p(~effort)Psi(~pctex21 + avdep) } = 146.49922     
 Penalty { p(~effort)Psi(~pctex21 + avdep) } = 0.0000000     
 Gradient { p(~effort)Psi(~pctex21 + avdep) }:
 -0.1229402E-05  0.2394948E-06  0.1359252E-05 -0.8997779E-07   0.000000    
 Maximum ABS(G) { p(~effort)Psi(~pctex21 + avdep) } = 0.1359252E-05 
 S Vector { p(~effort)Psi(~pctex21 + avdep) }:
   15.14068      7.319620     0.1212733     0.8755012E-01 0.1830552E-01
 Time to compute number of parameters was 0.01 seconds.     
 Ratio Threshold = 50.000000       Max Gap (2/3) = 60.356415       Next Max Gap (4/5) = 4.7827175     
 Gap Method for Num. of Estimated Parameters { p(~effort)Psi(~pctex21 + avdep) } = 2          
 Threshold { p(~effort)Psi(~pctex21 + avdep) } = 0.2718503E-05                 
 Numerical Threshold Method for Num. of Estimated Parameters { p(~effort)Psi(~pctex21 + avdep) } = 5          
 Number of Estimated Parameters { p(~effort)Psi(~pctex21 + avdep) } = 5          

   * *  WARNING  * *   Number of parameters estimated from gap method (=2) and threshold method (=5) differ.  Inspect full output.                                                                                                                                                                                                                                                                                                                                                                                                                      

  Program  MARK  - Survival Rate Estimation with Capture-Recapture Data
   gfortran(dble) Vers. 9.0 Mar 2018     3-Dec-2019 10:59:23    Page  003
 - - - - - - - - - - - - - - - - - - - - - - - - - - - - - - - - - - - - - -
 
 Ratios of S Vector { p(~effort)Psi(~pctex21 + avdep) }:
   1/2    2.068507       2/3    60.35641       3/4    1.385187       4/5    4.782717    
 DEVIANCE { p(~effort)Psi(~pctex21 + avdep) } = 146.49922                     
 DEVIANCE Degrees of Freedom { p(~effort)Psi(~pctex21 + avdep) } = 133            
 c-hat { p(~effort)Psi(~pctex21 + avdep) } = 1.1014979                     
 AIC { p(~effort)Psi(~pctex21 + avdep) } = 156.49922                  
 AICc { p(~effort)Psi(~pctex21 + avdep) } = 156.95376                    
 BIC { p(~effort)Psi(~pctex21 + avdep) } = 171.13549                    
 Pearson Chisquare { p(~effort)Psi(~pctex21 + avdep) } = 629.56835                  


             LOGIT Link Function Parameters of { p(~effort)Psi(~pctex21 + avdep) }
                                                              95% Confidence Interval
 Parameter                    Beta         Standard Error      Lower           Upper
 -------------------------  --------------  --------------  --------------  --------------
    1:p:(Intercept)         -0.5514440       0.7229382      -1.9684030       0.8655150    
    2:p:effort               0.0017463       0.8251477E-03   0.1289617E-03   0.0033635    
    3:Psi:(Intercept)       -0.4032344       0.8685191      -2.1055318       1.2990630    
    4:Psi:pctex21           -0.6522116       0.2371918      -1.1171076      -0.1873156    
    5:Psi:avdep             -1.1996504       2.9047167      -6.8928953       4.4935945    


             Real Function Parameters of { p(~effort)Psi(~pctex21 + avdep) }

      Following estimates based on unstandardized individual covariate values:
          Variable   Value         
          ---------  ------------- 
          EFFORT1     906.23188    
          EFFORT2     834.18841    
          EFFORT3     818.18116    
          PCTEX21     4.8306834    
          AVDEP       0.2562426    
                                                               95% Confidence Interval
  Parameter                  Estimate       Standard Error      Lower           Upper
 --------------------------  --------------  --------------  --------------  --------------
     1:p g1 a0 t1             0.7371222       0.0752809       0.5669955       0.8572366                          
     2:p g1 a1 t2             0.7120289       0.0766007       0.5431516       0.8371917                          
     3:p g1 a2 t3             0.7062636       0.0770655       0.5372322       0.8327727                          
     4:Psi g1 a0 t1           0.0206078       0.0205816       0.0028432       0.1344044                          


                      Estimates of Derived Parameters
        Occupancy Estimates of { p(~effort)Psi(~pctex21 + avdep) }
                                            95% Confidence Interval
 Group   Psi-hat         Standard Error      Lower           Upper
 -----   --------------  --------------  --------------  --------------
   1      0.0206078       0.0205816       0.0028432       0.1344044    

 Attempted ordering of parameters by estimatibility:
  3 1 5 2 4
 Beta number 4 is a singular value.

   CPU Time for the last procedure was 0.02 seconds.     

  Program  MARK  - Survival Rate Estimation with Capture-Recapture Data
   gfortran(dble) Vers. 9.0 Mar 2018     3-Dec-2019 10:59:23    Page  004
 - - - - - - - - - - - - - - - - - - - - - - - - - - - - - - - - - - - - - -
 


  INPUT --- proc stop;

     CPU Time in minutes for this job was 0.00

     Time Start = 10:59:22.907   Time End = 10:59:23.632

     Wall Clock Time in minutes for this job was 0.01


          E X E C U T I O N   S U C C E S S F U L 
