
   Program  MARK  - Survival Rate Estimation with Capture-Recapture Data
   gfortran(dble) Vers. 9.0 Mar 2018     3-Dec-2019 11:04:50    Page  001
 - - - - - - - - - - - - - - - - - - - - - - - - - - - - - - - - - - - - - -
 
   This version was compiled by GCC version 7.2.0 using the options: 
     -cpp -iprefix C:/Program Files/mingw-w64/x86_64-7.2.0-posix-seh-rt_v5-rev1/
     mingw64/bin/../lib/gcc/x86_64-w64-mingw32/7.2.0/ -D_MT -D_REENTRANT
     -U_REENTRANT -D IEEE -D DBLEPRECISION -m64 -mtune=core2 -march=nocona -mthreads
     -O2 -fimplicit-none -fbounds-check -funroll-loops -ftree-vectorize
     -ffpe-summary=invalid,zero,overflow,underflow -fno-unsafe-math-optimizations
     -frounding-math -fsignaling-nans -fopenmp.

   This problem will use 7 of 8 possible threads.


  INPUT --- proc title ;

   CPU Time for the last procedure was 0.01 seconds.     


  INPUT --- proc chmatrix occasions= 3 groups= 1 etype= Occupancy 
  INPUT --- Nodes= 101 icovar = 8 ICMeans  NoHist hist= 138 ;

  INPUT ---    time interval 1 1 1 ;

  INPUT ---     icovariates effort1 effort2 effort3 mxdep1 mxdep2 mxdep3  
  INPUT ---    pctex21 under ;

  INPUT ---    glabel(1)=freq1;

      Number of unique encounter histories read was 138.

      Number of individual covariates read was 8.
      Time interval lengths are all equal to 1.

      Data type number is 27
      Data type is Occupancy Estimation with Detection < 1                                                             

   CPU Time for the last procedure was 0.01 seconds.     

  Program  MARK  - Survival Rate Estimation with Capture-Recapture Data
   gfortran(dble) Vers. 9.0 Mar 2018     3-Dec-2019 11:04:50    Page  002
 - - - - - - - - - - - - - - - - - - - - - - - - - - - - - - - - - - - - - -
 


  INPUT --- proc estimate link=Logit NOLOOP varest=2ndPart    ;


  INPUT --- model={ p(~effort + mxdep)Psi(~pctex21 + under) };

  INPUT ---    group=1 p    rows=1 cols=3 Square ;
  INPUT ---        1 2 3 ;

  INPUT ---    group=1 Psi    rows=1 cols=1 Square ;
  INPUT ---        4 ;

  INPUT ---    design matrix constraints=4 covariates=6;
  INPUT ---        1 effort1 mxdep1 0 0 0;
  INPUT ---        1 effort2 mxdep2 0 0 0;
  INPUT ---        1 effort3 mxdep3 0 0 0;
  INPUT ---        0 0 0 1 pctex21 under;
  INPUT ---       blabel(1)=p:(Intercept);
  INPUT ---       blabel(2)=p:effort;
  INPUT ---       blabel(3)=p:mxdep;
  INPUT ---       blabel(4)=Psi:(Intercept);
  INPUT ---       blabel(5)=Psi:pctex21;
  INPUT ---       blabel(6)=Psi:under;
  INPUT ---       rlabel(1)=p g1 a0 t1;
  INPUT ---       rlabel(2)=p g1 a1 t2;
  INPUT ---       rlabel(3)=p g1 a2 t3;
  INPUT ---       rlabel(4)=Psi g1 a0 t1;

 Link Function Used is LOGIT        

 Variance Estimation Procedure Used is 2ndPart 
 -2logL(saturated) = 0.0000000     
 Effective Sample Size = 138

 Number of function evaluations was 39 for 6 parameters.
 Time for numerical optimization was 0.05 seconds.     
 -2logL { p(~effort + mxdep)Psi(~pctex21 + under) } = 144.54061     
 Penalty { p(~effort + mxdep)Psi(~pctex21 + under) } = 0.0000000     
 Gradient { p(~effort + mxdep)Psi(~pctex21 + under) }:
   0.000000       0.000000     -0.4343860E-07  0.9737227E-06   0.000000    
  0.1116373E-05
 Maximum ABS(G) { p(~effort + mxdep)Psi(~pctex21 + under) } = 0.1116373E-05 
 S Vector { p(~effort + mxdep)Psi(~pctex21 + under) }:
   15.23581      7.620660     0.8899019     0.1142349     0.1991642E-01
  0.8668201E-03
 Time to compute number of parameters was 0.01 seconds.     
 Ratio Threshold = 50.000000       Max Gap (5/6) = 22.976415       Next Max Gap (2/3) = 8.5634824     
 Gap Method for Num. of Estimated Parameters { p(~effort + mxdep)Psi(~pctex21 + under) } = 6          
 Threshold { p(~effort + mxdep)Psi(~pctex21 + under) } = 0.2232746E-05                 
 Numerical Threshold Method for Num. of Estimated Parameters { p(~effort + mxdep)Psi(~pctex21 + under) } = 6          
 Number of Estimated Parameters { p(~effort + mxdep)Psi(~pctex21 + under) } = 6          
 DEVIANCE { p(~effort + mxdep)Psi(~pctex21 + under) } = 144.54061                     
 DEVIANCE Degrees of Freedom { p(~effort + mxdep)Psi(~pctex21 + under) } = 132            
 c-hat { p(~effort + mxdep)Psi(~pctex21 + under) } = 1.0950046                     
 AIC { p(~effort + mxdep)Psi(~pctex21 + under) } = 156.54061                  
 AICc { p(~effort + mxdep)Psi(~pctex21 + under) } = 157.18184                    
 BIC { p(~effort + mxdep)Psi(~pctex21 + under) } = 174.10414                    
 Pearson Chisquare { p(~effort + mxdep)Psi(~pctex21 + under) } = 630.56403                  

  Program  MARK  - Survival Rate Estimation with Capture-Recapture Data
   gfortran(dble) Vers. 9.0 Mar 2018     3-Dec-2019 11:04:51    Page  003
 - - - - - - - - - - - - - - - - - - - - - - - - - - - - - - - - - - - - - -
 


         LOGIT Link Function Parameters of { p(~effort + mxdep)Psi(~pctex21 + under) }
                                                              95% Confidence Interval
 Parameter                    Beta         Standard Error      Lower           Upper
 -------------------------  --------------  --------------  --------------  --------------
    1:p:(Intercept)         -1.3376225       0.9700471      -3.2389149       0.5636698    
    2:p:effort               0.0010593       0.8305598E-03  -0.5686308E-03   0.0026872    
    3:p:mxdep                2.6818168       2.1200406      -1.4734628       6.8370965    
    4:Psi:(Intercept)       -0.9588212       0.4501226      -1.8410615      -0.0765809    
    5:Psi:pctex21           -0.6057506       0.2286784      -1.0539602      -0.1575410    
    6:Psi:under              0.2931819       0.4237832      -0.5374332       1.1237970    


         Real Function Parameters of { p(~effort + mxdep)Psi(~pctex21 + under) }

      Following estimates based on unstandardized individual covariate values:
          Variable   Value         
          ---------  ------------- 
          EFFORT1     906.23188    
          EFFORT2     834.18841    
          EFFORT3     818.18116    
          MXDEP1      0.5167391    
          MXDEP2      0.4846377    
          MXDEP3      0.6304348    
          PCTEX21     4.8306834    
          UNDER       0.5466074    
                                                               95% Confidence Interval
  Parameter                  Estimate       Standard Error      Lower           Upper
 --------------------------  --------------  --------------  --------------  --------------
     1:p g1 a0 t1             0.7326517       0.0743244       0.5657160       0.8521851                          
     2:p g1 a1 t2             0.6996674       0.0771198       0.5315544       0.8270759                          
     3:p g1 a2 t3             0.7720213       0.0830281       0.5732571       0.8951412                          
     4:Psi g1 a0 t1           0.0235510       0.0226780       0.0034787       0.1428411                          


                      Estimates of Derived Parameters
    Occupancy Estimates of { p(~effort + mxdep)Psi(~pctex21 + under) }
                                            95% Confidence Interval
 Group   Psi-hat         Standard Error      Lower           Upper
 -----   --------------  --------------  --------------  --------------
   1      0.0235510       0.0226780       0.0034787       0.1428411    

   CPU Time for the last procedure was 0.06 seconds.     

  Program  MARK  - Survival Rate Estimation with Capture-Recapture Data
   gfortran(dble) Vers. 9.0 Mar 2018     3-Dec-2019 11:04:51    Page  004
 - - - - - - - - - - - - - - - - - - - - - - - - - - - - - - - - - - - - - -
 


  INPUT --- proc stop;

     CPU Time in minutes for this job was 0.00

     Time Start = 11:04:50.888   Time End = 11:04:51.011

     Wall Clock Time in minutes for this job was 0.00


          E X E C U T I O N   S U C C E S S F U L 
