
   Program  MARK  - Survival Rate Estimation with Capture-Recapture Data
   gfortran(dble) Vers. 9.0 Mar 2018     3-Dec-2019 11:02:23    Page  001
 - - - - - - - - - - - - - - - - - - - - - - - - - - - - - - - - - - - - - -
 
   This version was compiled by GCC version 7.2.0 using the options: 
     -cpp -iprefix C:/Program Files/mingw-w64/x86_64-7.2.0-posix-seh-rt_v5-rev1/
     mingw64/bin/../lib/gcc/x86_64-w64-mingw32/7.2.0/ -D_MT -D_REENTRANT
     -U_REENTRANT -D IEEE -D DBLEPRECISION -m64 -mtune=core2 -march=nocona -mthreads
     -O2 -fimplicit-none -fbounds-check -funroll-loops -ftree-vectorize
     -ffpe-summary=invalid,zero,overflow,underflow -fno-unsafe-math-optimizations
     -frounding-math -fsignaling-nans -fopenmp.

   This problem will use 7 of 8 possible threads.


  INPUT --- proc title ;

   CPU Time for the last procedure was 0.01 seconds.     


  INPUT --- proc chmatrix occasions= 3 groups= 1 etype= Occupancy 
  INPUT --- Nodes= 101 icovar = 8 ICMeans  NoHist hist= 138 ;

  INPUT ---    time interval 1 1 1 ;

  INPUT ---     icovariates effort1 effort2 effort3 mxflow1 mxflow2  
  INPUT ---    mxflow3 pctex21 pctrock ;

  INPUT ---    glabel(1)=freq1;

      Number of unique encounter histories read was 138.

      Number of individual covariates read was 8.
      Time interval lengths are all equal to 1.

      Data type number is 27
      Data type is Occupancy Estimation with Detection < 1                                                             

   CPU Time for the last procedure was 0.01 seconds.     

  Program  MARK  - Survival Rate Estimation with Capture-Recapture Data
   gfortran(dble) Vers. 9.0 Mar 2018     3-Dec-2019 11:02:23    Page  002
 - - - - - - - - - - - - - - - - - - - - - - - - - - - - - - - - - - - - - -
 


  INPUT --- proc estimate link=Logit NOLOOP varest=2ndPart    ;


  INPUT --- model={ p(~effort + mxflow)Psi(~pctex21 + pctrock) };

  INPUT ---    group=1 p    rows=1 cols=3 Square ;
  INPUT ---        1 2 3 ;

  INPUT ---    group=1 Psi    rows=1 cols=1 Square ;
  INPUT ---        4 ;

  INPUT ---    design matrix constraints=4 covariates=6;
  INPUT ---        1 effort1 mxflow1 0 0 0;
  INPUT ---        1 effort2 mxflow2 0 0 0;
  INPUT ---        1 effort3 mxflow3 0 0 0;
  INPUT ---        0 0 0 1 pctex21 pctrock;
  INPUT ---       blabel(1)=p:(Intercept);
  INPUT ---       blabel(2)=p:effort;
  INPUT ---       blabel(3)=p:mxflow;
  INPUT ---       blabel(4)=Psi:(Intercept);
  INPUT ---       blabel(5)=Psi:pctex21;
  INPUT ---       blabel(6)=Psi:pctrock;
  INPUT ---       rlabel(1)=p g1 a0 t1;
  INPUT ---       rlabel(2)=p g1 a1 t2;
  INPUT ---       rlabel(3)=p g1 a2 t3;
  INPUT ---       rlabel(4)=Psi g1 a0 t1;

 Link Function Used is LOGIT        

 Variance Estimation Procedure Used is 2ndPart 
 -2logL(saturated) = 0.0000000     
 Effective Sample Size = 138

 Number of function evaluations was 33 for 6 parameters.
 Time for numerical optimization was 0.05 seconds.     
 -2logL { p(~effort + mxflow)Psi(~pctex21 + pctrock) } = 144.64526     
 Penalty { p(~effort + mxflow)Psi(~pctex21 + pctrock) } = 0.0000000     
 Gradient { p(~effort + mxflow)Psi(~pctex21 + pctrock) }:
  0.3533846E-05   0.000000      0.3308194E-07 -0.1399417E-05   0.000000    
 -0.1552014E-05
 Maximum ABS(G) { p(~effort + mxflow)Psi(~pctex21 + pctrock) } = 0.3533846E-05 
 S Vector { p(~effort + mxflow)Psi(~pctex21 + pctrock) }:
   20.62781      7.609324     0.4690873     0.9487422E-01 0.1955063E-01
  0.1183163E-03
 Time to compute number of parameters was 0.01 seconds.     
 Ratio Threshold = 50.000000       Max Gap (5/6) = 165.24043       Next Max Gap (2/3) = 16.221554     
 Gap Method for Num. of Estimated Parameters { p(~effort + mxflow)Psi(~pctex21 + pctrock) } = 5          
 Threshold { p(~effort + mxflow)Psi(~pctex21 + pctrock) } = 0.7067693E-05                 
 Numerical Threshold Method for Num. of Estimated Parameters { p(~effort + mxflow)Psi(~pctex21 + pctrock) } = 6          
 Number of Estimated Parameters { p(~effort + mxflow)Psi(~pctex21 + pctrock) } = 6          

  Program  MARK  - Survival Rate Estimation with Capture-Recapture Data
   gfortran(dble) Vers. 9.0 Mar 2018     3-Dec-2019 11:02:24    Page  003
 - - - - - - - - - - - - - - - - - - - - - - - - - - - - - - - - - - - - - -
 

   * *  WARNING  * *   Number of parameters estimated from gap method (=5) and threshold method (=6) differ.  Inspect full output.                                                                                                                                                                                                                                                                                                                                                                                                                      
 Ratios of S Vector { p(~effort + mxflow)Psi(~pctex21 + pctrock) }:
   1/2    2.710860       2/3    16.22155       3/4    4.944307       4/5    4.852745       5/6    165.2404    
 DEVIANCE { p(~effort + mxflow)Psi(~pctex21 + pctrock) } = 144.64526                     
 DEVIANCE Degrees of Freedom { p(~effort + mxflow)Psi(~pctex21 + pctrock) } = 132            
 c-hat { p(~effort + mxflow)Psi(~pctex21 + pctrock) } = 1.0957974                     
 AIC { p(~effort + mxflow)Psi(~pctex21 + pctrock) } = 156.64526                  
 AICc { p(~effort + mxflow)Psi(~pctex21 + pctrock) } = 157.28648                    
 BIC { p(~effort + mxflow)Psi(~pctex21 + pctrock) } = 174.20878                    
 Pearson Chisquare { p(~effort + mxflow)Psi(~pctex21 + pctrock) } = 753.10690                  


        LOGIT Link Function Parameters of { p(~effort + mxflow)Psi(~pctex21 + pctrock) }
                                                              95% Confidence Interval
 Parameter                    Beta         Standard Error      Lower           Upper
 -------------------------  --------------  --------------  --------------  --------------
    1:p:(Intercept)         -0.0794750       0.9625626      -1.9660978       1.8071478    
    2:p:effort               0.0017734       0.8152831E-03   0.1754339E-03   0.0033713    
    3:p:mxflow              -0.8584133       1.3928719      -3.5884423       1.8716157    
    4:Psi:(Intercept)       -1.7259189       0.8966931      -3.4834375       0.0315997    
    5:Psi:pctex21           -0.6548637       0.2309839      -1.1075923      -0.2021352    
    6:Psi:pctrock            0.0145790       0.0118833      -0.0087123       0.0378703    


        Real Function Parameters of { p(~effort + mxflow)Psi(~pctex21 + pctrock) }

      Following estimates based on unstandardized individual covariate values:
          Variable   Value         
          ---------  ------------- 
          EFFORT1     906.23188    
          EFFORT2     834.18841    
          EFFORT3     818.18116    
          MXFLOW1     0.8952899    
          MXFLOW2     1.0911594    
          MXFLOW3     0.5689855    
          PCTEX21     4.8306834    
          PCTROCK     68.678238    
                                                               95% Confidence Interval
  Parameter                  Estimate       Standard Error      Lower           Upper
 --------------------------  --------------  --------------  --------------  --------------
     1:p g1 a0 t1             0.6811578       0.1281283       0.4019801       0.8716265                          
     2:p g1 a1 t2             0.6137729       0.1940660       0.2420713       0.8877295                          
     3:p g1 a2 t3             0.7074546       0.0762253       0.5402071       0.8327064                          
     4:Psi g1 a0 t1           0.0200731       0.0196764       0.0028753       0.1270304                          


                      Estimates of Derived Parameters
  Occupancy Estimates of { p(~effort + mxflow)Psi(~pctex21 + pctrock) }
                                            95% Confidence Interval
 Group   Psi-hat         Standard Error      Lower           Upper
 -----   --------------  --------------  --------------  --------------

  Program  MARK  - Survival Rate Estimation with Capture-Recapture Data
   gfortran(dble) Vers. 9.0 Mar 2018     3-Dec-2019 11:02:24    Page  004
 - - - - - - - - - - - - - - - - - - - - - - - - - - - - - - - - - - - - - -
 
   1      0.0200731       0.0196764       0.0028753       0.1270304    

 Attempted ordering of parameters by estimatibility:
  4 1 6 2 5 3
 Beta number 3 is a singular value.

   CPU Time for the last procedure was 0.05 seconds.     


  INPUT --- proc stop;

     CPU Time in minutes for this job was 0.00

     Time Start = 11:02:23.861   Time End = 11:02:24.559

     Wall Clock Time in minutes for this job was 0.01


          E X E C U T I O N   S U C C E S S F U L 
