
   Program  MARK  - Survival Rate Estimation with Capture-Recapture Data
   gfortran(dble) Vers. 9.0 Mar 2018     3-Dec-2019 10:59:28    Page  001
 - - - - - - - - - - - - - - - - - - - - - - - - - - - - - - - - - - - - - -
 
   This version was compiled by GCC version 7.2.0 using the options: 
     -cpp -iprefix C:/Program Files/mingw-w64/x86_64-7.2.0-posix-seh-rt_v5-rev1/
     mingw64/bin/../lib/gcc/x86_64-w64-mingw32/7.2.0/ -D_MT -D_REENTRANT
     -U_REENTRANT -D IEEE -D DBLEPRECISION -m64 -mtune=core2 -march=nocona -mthreads
     -O2 -fimplicit-none -fbounds-check -funroll-loops -ftree-vectorize
     -ffpe-summary=invalid,zero,overflow,underflow -fno-unsafe-math-optimizations
     -frounding-math -fsignaling-nans -fopenmp.

   This problem will use 7 of 8 possible threads.


  INPUT --- proc title ;

   CPU Time for the last procedure was 0.01 seconds.     


  INPUT --- proc chmatrix occasions= 3 groups= 1 etype= Occupancy 
  INPUT --- Nodes= 101 icovar = 5 ICMeans  NoHist hist= 138 ;

  INPUT ---    time interval 1 1 1 ;

  INPUT ---     icovariates mxflow1 mxflow2 mxflow3 pctex21 avdep ;

  INPUT ---    glabel(1)=freq1;

      Number of unique encounter histories read was 138.

      Number of individual covariates read was 5.
      Time interval lengths are all equal to 1.

      Data type number is 27
      Data type is Occupancy Estimation with Detection < 1                                                             

   CPU Time for the last procedure was 0.02 seconds.     

  Program  MARK  - Survival Rate Estimation with Capture-Recapture Data
   gfortran(dble) Vers. 9.0 Mar 2018     3-Dec-2019 10:59:28    Page  002
 - - - - - - - - - - - - - - - - - - - - - - - - - - - - - - - - - - - - - -
 


  INPUT --- proc estimate link=Logit NOLOOP varest=2ndPart    ;


  INPUT --- model={ p(~mxflow)Psi(~pctex21 + avdep) };

  INPUT ---    group=1 p    rows=1 cols=3 Square ;
  INPUT ---        1 2 3 ;

  INPUT ---    group=1 Psi    rows=1 cols=1 Square ;
  INPUT ---        4 ;

  INPUT ---    design matrix constraints=4 covariates=5;
  INPUT ---        1 mxflow1 0 0 0;
  INPUT ---        1 mxflow2 0 0 0;
  INPUT ---        1 mxflow3 0 0 0;
  INPUT ---        0 0 1 pctex21 avdep;
  INPUT ---       blabel(1)=p:(Intercept);
  INPUT ---       blabel(2)=p:mxflow;
  INPUT ---       blabel(3)=Psi:(Intercept);
  INPUT ---       blabel(4)=Psi:pctex21;
  INPUT ---       blabel(5)=Psi:avdep;
  INPUT ---       rlabel(1)=p g1 a0 t1;
  INPUT ---       rlabel(2)=p g1 a1 t2;
  INPUT ---       rlabel(3)=p g1 a2 t3;
  INPUT ---       rlabel(4)=Psi g1 a0 t1;

 Link Function Used is LOGIT        

 Variance Estimation Procedure Used is 2ndPart 
 -2logL(saturated) = 0.0000000     
 Effective Sample Size = 138

 Number of function evaluations was 35 for 5 parameters.
 Time for numerical optimization was 0.08 seconds.     
 -2logL { p(~mxflow)Psi(~pctex21 + avdep) } = 153.32097     
 Penalty { p(~mxflow)Psi(~pctex21 + avdep) } = 0.0000000     
 Gradient { p(~mxflow)Psi(~pctex21 + avdep) }:
 -0.1892694E-05   0.000000     -0.2372291E-05 -0.1856350E-06   0.000000    
 Maximum ABS(G) { p(~mxflow)Psi(~pctex21 + avdep) } = 0.2372291E-05 
 S Vector { p(~mxflow)Psi(~pctex21 + avdep) }:
   15.06298      9.572676     0.1230834     0.1925198E-01 0.4078094E-03
 Time to compute number of parameters was 0.01 seconds.     
 Ratio Threshold = 50.000000       Max Gap (2/3) = 77.773911       Next Max Gap (4/5) = 47.208277     
 Gap Method for Num. of Estimated Parameters { p(~mxflow)Psi(~pctex21 + avdep) } = 2          
 Threshold { p(~mxflow)Psi(~pctex21 + avdep) } = 0.4744583E-05                 
 Numerical Threshold Method for Num. of Estimated Parameters { p(~mxflow)Psi(~pctex21 + avdep) } = 5          
 Number of Estimated Parameters { p(~mxflow)Psi(~pctex21 + avdep) } = 5          

   * *  WARNING  * *   Number of parameters estimated from gap method (=2) and threshold method (=5) differ.  Inspect full output.                                                                                                                                                                                                                                                                                                                                                                                                                      

  Program  MARK  - Survival Rate Estimation with Capture-Recapture Data
   gfortran(dble) Vers. 9.0 Mar 2018     3-Dec-2019 10:59:29    Page  003
 - - - - - - - - - - - - - - - - - - - - - - - - - - - - - - - - - - - - - -
 
 Ratios of S Vector { p(~mxflow)Psi(~pctex21 + avdep) }:
   1/2    1.573539       2/3    77.77391       3/4    6.393285       4/5    47.20828    
 DEVIANCE { p(~mxflow)Psi(~pctex21 + avdep) } = 153.32097                     
 DEVIANCE Degrees of Freedom { p(~mxflow)Psi(~pctex21 + avdep) } = 133            
 c-hat { p(~mxflow)Psi(~pctex21 + avdep) } = 1.1527893                     
 AIC { p(~mxflow)Psi(~pctex21 + avdep) } = 163.32097                  
 AICc { p(~mxflow)Psi(~pctex21 + avdep) } = 163.77552                    
 BIC { p(~mxflow)Psi(~pctex21 + avdep) } = 177.95724                    
 Pearson Chisquare { p(~mxflow)Psi(~pctex21 + avdep) } = 967.16755                  


             LOGIT Link Function Parameters of { p(~mxflow)Psi(~pctex21 + avdep) }
                                                              95% Confidence Interval
 Parameter                    Beta         Standard Error      Lower           Upper
 -------------------------  --------------  --------------  --------------  --------------
    1:p:(Intercept)          1.0154857       0.5372390      -0.0375027       2.0684742    
    2:p:mxflow              -0.1231235       0.7502587      -1.5936305       1.3473835    
    3:Psi:(Intercept)       -0.6080221       0.8199858      -2.2151944       0.9991501    
    4:Psi:pctex21           -0.6312695       0.2317472      -1.0854941      -0.1770449    
    5:Psi:avdep             -0.7479676       2.8205681      -6.2762812       4.7803459    


             Real Function Parameters of { p(~mxflow)Psi(~pctex21 + avdep) }

      Following estimates based on unstandardized individual covariate values:
          Variable   Value         
          ---------  ------------- 
          MXFLOW1     0.8952899    
          MXFLOW2     1.0911594    
          MXFLOW3     0.5689855    
          PCTEX21     4.8306834    
          AVDEP       0.2562426    
                                                               95% Confidence Interval
  Parameter                  Estimate       Standard Error      Lower           Upper
 --------------------------  --------------  --------------  --------------  --------------
     1:p g1 a0 t1             0.7120281       0.0823635       0.5294530       0.8445606                          
     2:p g1 a1 t2             0.7070581       0.1043498       0.4734493       0.8662938                          
     3:p g1 a2 t3             0.7201952       0.0647460       0.5782727       0.8285199                          
     4:Psi g1 a0 t1           0.0208538       0.0205239       0.0029611       0.1324963                          


                      Estimates of Derived Parameters
        Occupancy Estimates of { p(~mxflow)Psi(~pctex21 + avdep) }
                                            95% Confidence Interval
 Group   Psi-hat         Standard Error      Lower           Upper
 -----   --------------  --------------  --------------  --------------
   1      0.0208538       0.0205239       0.0029611       0.1324963    

 Attempted ordering of parameters by estimatibility:
  3 1 5 4 2
 Beta number 2 is a singular value.

   CPU Time for the last procedure was 0.08 seconds.     

  Program  MARK  - Survival Rate Estimation with Capture-Recapture Data
   gfortran(dble) Vers. 9.0 Mar 2018     3-Dec-2019 10:59:29    Page  004
 - - - - - - - - - - - - - - - - - - - - - - - - - - - - - - - - - - - - - -
 


  INPUT --- proc stop;

     CPU Time in minutes for this job was 0.00

     Time Start = 10:59:28.412   Time End = 10:59:29.128

     Wall Clock Time in minutes for this job was 0.01


          E X E C U T I O N   S U C C E S S F U L 
