
   Program  MARK  - Survival Rate Estimation with Capture-Recapture Data
   gfortran(dble) Vers. 9.0 Mar 2018     3-Dec-2019 11:09:31    Page  001
 - - - - - - - - - - - - - - - - - - - - - - - - - - - - - - - - - - - - - -
 
   This version was compiled by GCC version 7.2.0 using the options: 
     -cpp -iprefix C:/Program Files/mingw-w64/x86_64-7.2.0-posix-seh-rt_v5-rev1/
     mingw64/bin/../lib/gcc/x86_64-w64-mingw32/7.2.0/ -D_MT -D_REENTRANT
     -U_REENTRANT -D IEEE -D DBLEPRECISION -m64 -mtune=core2 -march=nocona -mthreads
     -O2 -fimplicit-none -fbounds-check -funroll-loops -ftree-vectorize
     -ffpe-summary=invalid,zero,overflow,underflow -fno-unsafe-math-optimizations
     -frounding-math -fsignaling-nans -fopenmp.

   This problem will use 7 of 8 possible threads.


  INPUT --- proc title ;

   CPU Time for the last procedure was 0.01 seconds.     


  INPUT --- proc chmatrix occasions= 3 groups= 1 etype= Occupancy 
  INPUT --- Nodes= 101 icovar = 4 ICMeans  NoHist hist= 138 ;

  INPUT ---    time interval 1 1 1 ;

  INPUT ---     icovariates mxdep1 mxdep2 mxdep3 pctslow ;

  INPUT ---    glabel(1)=freq1;

      Number of unique encounter histories read was 138.

      Number of individual covariates read was 4.
      Time interval lengths are all equal to 1.

      Data type number is 27
      Data type is Occupancy Estimation with Detection < 1                                                             

   CPU Time for the last procedure was 0.01 seconds.     

  Program  MARK  - Survival Rate Estimation with Capture-Recapture Data
   gfortran(dble) Vers. 9.0 Mar 2018     3-Dec-2019 11:09:31    Page  002
 - - - - - - - - - - - - - - - - - - - - - - - - - - - - - - - - - - - - - -
 


  INPUT --- proc estimate link=Logit NOLOOP varest=2ndPart    ;


  INPUT --- model={ p(~mxdep)Psi(~pctslow) };

  INPUT ---    group=1 p    rows=1 cols=3 Square ;
  INPUT ---        1 2 3 ;

  INPUT ---    group=1 Psi    rows=1 cols=1 Square ;
  INPUT ---        4 ;

  INPUT ---    design matrix constraints=4 covariates=4;
  INPUT ---        1 mxdep1 0 0;
  INPUT ---        1 mxdep2 0 0;
  INPUT ---        1 mxdep3 0 0;
  INPUT ---        0 0 1 pctslow;
  INPUT ---       blabel(1)=p:(Intercept);
  INPUT ---       blabel(2)=p:mxdep;
  INPUT ---       blabel(3)=Psi:(Intercept);
  INPUT ---       blabel(4)=Psi:pctslow;
  INPUT ---       rlabel(1)=p g1 a0 t1;
  INPUT ---       rlabel(2)=p g1 a1 t2;
  INPUT ---       rlabel(3)=p g1 a2 t3;
  INPUT ---       rlabel(4)=Psi g1 a0 t1;

 Link Function Used is LOGIT        

 Variance Estimation Procedure Used is 2ndPart 
 -2logL(saturated) = 0.0000000     
 Effective Sample Size = 138

 Number of function evaluations was 23 for 4 parameters.
 Time for numerical optimization was 0.02 seconds.     
 -2logL { p(~mxdep)Psi(~pctslow) } = 168.19279     
 Penalty { p(~mxdep)Psi(~pctslow) } = 0.0000000     
 Gradient { p(~mxdep)Psi(~pctslow) }:
  0.9154505E-06 -0.2928135E-07  0.5935565E-06  0.8588525E-06
 Maximum ABS(G) { p(~mxdep)Psi(~pctslow) } = 0.9154505E-06 
 S Vector { p(~mxdep)Psi(~pctslow) }:
   18.52652      8.498963     0.8160279     0.1132364E-02
 Time to compute number of parameters was 0.01 seconds.     
 Ratio Threshold = 50.000000       Max Gap (3/4) = 720.64121       Next Max Gap (2/3) = 10.415040     
 Gap Method for Num. of Estimated Parameters { p(~mxdep)Psi(~pctslow) } = 3          
 Threshold { p(~mxdep)Psi(~pctslow) } = 0.1830901E-05                 
 Numerical Threshold Method for Num. of Estimated Parameters { p(~mxdep)Psi(~pctslow) } = 4          
 Number of Estimated Parameters { p(~mxdep)Psi(~pctslow) } = 4          

   * *  WARNING  * *   Number of parameters estimated from gap method (=3) and threshold method (=4) differ.  Inspect full output.                                                                                                                                                                                                                                                                                                                                                                                                                      
 Ratios of S Vector { p(~mxdep)Psi(~pctslow) }:
   1/2    2.179857       2/3    10.41504       3/4    720.6412    
 DEVIANCE { p(~mxdep)Psi(~pctslow) } = 168.19279                     
 DEVIANCE Degrees of Freedom { p(~mxdep)Psi(~pctslow) } = 134            
 c-hat { p(~mxdep)Psi(~pctslow) } = 1.2551701                     
 AIC { p(~mxdep)Psi(~pctslow) } = 176.19279                  
 AICc { p(~mxdep)Psi(~pctslow) } = 176.49354                    
 BIC { p(~mxdep)Psi(~pctslow) } = 187.90180                    
 Pearson Chisquare { p(~mxdep)Psi(~pctslow) } = 1013.2241                  

  Program  MARK  - Survival Rate Estimation with Capture-Recapture Data
   gfortran(dble) Vers. 9.0 Mar 2018     3-Dec-2019 11:09:32    Page  003
 - - - - - - - - - - - - - - - - - - - - - - - - - - - - - - - - - - - - - -
 


                  LOGIT Link Function Parameters of { p(~mxdep)Psi(~pctslow) }
                                                              95% Confidence Interval
 Parameter                    Beta         Standard Error      Lower           Upper
 -------------------------  --------------  --------------  --------------  --------------
    1:p:(Intercept)         -1.0835083       0.9456519      -2.9369859       0.7699694    
    2:p:mxdep                4.0086685       1.8565027       0.3699230       7.6474139    
    3:Psi:(Intercept)       -2.2134237       0.4612973      -3.1175663      -1.3092811    
    4:Psi:pctslow            0.0154208       0.0130565      -0.0101700       0.0410115    


                  Real Function Parameters of { p(~mxdep)Psi(~pctslow) }

      Following estimates based on unstandardized individual covariate values:
          Variable   Value         
          ---------  ------------- 
          MXDEP1      0.5167391    
          MXDEP2      0.4846377    
          MXDEP3      0.6304348    
          PCTSLOW     25.664251    
                                                               95% Confidence Interval
  Parameter                  Estimate       Standard Error      Lower           Upper
 --------------------------  --------------  --------------  --------------  --------------
     1:p g1 a0 t1             0.7286784       0.0692504       0.5747847       0.8421689                          
     2:p g1 a1 t2             0.7025026       0.0714865       0.5470653       0.8219576                          
     3:p g1 a2 t3             0.8090263       0.0690903       0.6381229       0.9105334                          
     4:Psi g1 a0 t1           0.1397147       0.0309033       0.0893499       0.2118643                          


                      Estimates of Derived Parameters
            Occupancy Estimates of { p(~mxdep)Psi(~pctslow) }
                                            95% Confidence Interval
 Group   Psi-hat         Standard Error      Lower           Upper
 -----   --------------  --------------  --------------  --------------
   1      0.1397147       0.0309033       0.0893499       0.2118643    

 Attempted ordering of parameters by estimatibility:
  3 1 4 2
 Beta number 2 is a singular value.

   CPU Time for the last procedure was 0.02 seconds.     

  Program  MARK  - Survival Rate Estimation with Capture-Recapture Data
   gfortran(dble) Vers. 9.0 Mar 2018     3-Dec-2019 11:09:32    Page  004
 - - - - - - - - - - - - - - - - - - - - - - - - - - - - - - - - - - - - - -
 


  INPUT --- proc stop;

     CPU Time in minutes for this job was 0.00

     Time Start = 11:09:31.909   Time End = 11:09:32.022

     Wall Clock Time in minutes for this job was 0.00


          E X E C U T I O N   S U C C E S S F U L 
