
   Program  MARK  - Survival Rate Estimation with Capture-Recapture Data
   gfortran(dble) Vers. 9.0 Mar 2018     3-Dec-2019 10:59:46    Page  001
 - - - - - - - - - - - - - - - - - - - - - - - - - - - - - - - - - - - - - -
 
   This version was compiled by GCC version 7.2.0 using the options: 
     -cpp -iprefix C:/Program Files/mingw-w64/x86_64-7.2.0-posix-seh-rt_v5-rev1/
     mingw64/bin/../lib/gcc/x86_64-w64-mingw32/7.2.0/ -D_MT -D_REENTRANT
     -U_REENTRANT -D IEEE -D DBLEPRECISION -m64 -mtune=core2 -march=nocona -mthreads
     -O2 -fimplicit-none -fbounds-check -funroll-loops -ftree-vectorize
     -ffpe-summary=invalid,zero,overflow,underflow -fno-unsafe-math-optimizations
     -frounding-math -fsignaling-nans -fopenmp.

   This problem will use 7 of 8 possible threads.


  INPUT --- proc title ;

   CPU Time for the last procedure was 0.01 seconds.     


  INPUT --- proc chmatrix occasions= 3 groups= 1 etype= Occupancy 
  INPUT --- Nodes= 101 icovar = 8 ICMeans  NoHist hist= 138 ;

  INPUT ---    time interval 1 1 1 ;

  INPUT ---     icovariates effort1 effort2 effort3 mxflow1 mxflow2  
  INPUT ---    mxflow3 pctex21 BRT_100m ;

  INPUT ---    glabel(1)=freq1;

      Number of unique encounter histories read was 138.

      Number of individual covariates read was 8.
      Time interval lengths are all equal to 1.

      Data type number is 27
      Data type is Occupancy Estimation with Detection < 1                                                             

   CPU Time for the last procedure was 0.01 seconds.     

  Program  MARK  - Survival Rate Estimation with Capture-Recapture Data
   gfortran(dble) Vers. 9.0 Mar 2018     3-Dec-2019 10:59:46    Page  002
 - - - - - - - - - - - - - - - - - - - - - - - - - - - - - - - - - - - - - -
 


  INPUT --- proc estimate link=Logit NOLOOP varest=2ndPart    ;


  INPUT --- model={ p(~effort + mxflow)Psi(~pctex21 + BRT_100m) };

  INPUT ---    group=1 p    rows=1 cols=3 Square ;
  INPUT ---        1 2 3 ;

  INPUT ---    group=1 Psi    rows=1 cols=1 Square ;
  INPUT ---        4 ;

  INPUT ---    design matrix constraints=4 covariates=6;
  INPUT ---        1 effort1 mxflow1 0 0 0;
  INPUT ---        1 effort2 mxflow2 0 0 0;
  INPUT ---        1 effort3 mxflow3 0 0 0;
  INPUT ---        0 0 0 1 pctex21 BRT_100m;
  INPUT ---       blabel(1)=p:(Intercept);
  INPUT ---       blabel(2)=p:effort;
  INPUT ---       blabel(3)=p:mxflow;
  INPUT ---       blabel(4)=Psi:(Intercept);
  INPUT ---       blabel(5)=Psi:pctex21;
  INPUT ---       blabel(6)=Psi:BRT_100m;
  INPUT ---       rlabel(1)=p g1 a0 t1;
  INPUT ---       rlabel(2)=p g1 a1 t2;
  INPUT ---       rlabel(3)=p g1 a2 t3;
  INPUT ---       rlabel(4)=Psi g1 a0 t1;

 Link Function Used is LOGIT        

 Variance Estimation Procedure Used is 2ndPart 
 -2logL(saturated) = 0.0000000     
 Effective Sample Size = 138

 Number of function evaluations was 33 for 6 parameters.
 Time for numerical optimization was 0.06 seconds.     
 -2logL { p(~effort + mxflow)Psi(~pctex21 + BRT_100m) } = 143.70004     
 Penalty { p(~effort + mxflow)Psi(~pctex21 + BRT_100m) } = 0.0000000     
 Gradient { p(~effort + mxflow)Psi(~pctex21 + BRT_100m) }:
   0.000000      0.4922982E-06  0.3885470E-07 -0.2852656E-05  0.9215805E-07
   0.000000    
 Maximum ABS(G) { p(~effort + mxflow)Psi(~pctex21 + BRT_100m) } = 0.2852656E-05 
 S Vector { p(~effort + mxflow)Psi(~pctex21 + BRT_100m) }:
   13.92042      7.810457     0.4180648     0.9552381E-01 0.1810926E-01
  0.1208604E-03
 Time to compute number of parameters was 0.01 seconds.     
 Ratio Threshold = 50.000000       Max Gap (5/6) = 149.83612       Next Max Gap (2/3) = 18.682409     
 Gap Method for Num. of Estimated Parameters { p(~effort + mxflow)Psi(~pctex21 + BRT_100m) } = 5          
 Threshold { p(~effort + mxflow)Psi(~pctex21 + BRT_100m) } = 0.5705311E-05                 
 Numerical Threshold Method for Num. of Estimated Parameters { p(~effort + mxflow)Psi(~pctex21 + BRT_100m) } = 6          
 Number of Estimated Parameters { p(~effort + mxflow)Psi(~pctex21 + BRT_100m) } = 6          

  Program  MARK  - Survival Rate Estimation with Capture-Recapture Data
   gfortran(dble) Vers. 9.0 Mar 2018     3-Dec-2019 10:59:47    Page  003
 - - - - - - - - - - - - - - - - - - - - - - - - - - - - - - - - - - - - - -
 

   * *  WARNING  * *   Number of parameters estimated from gap method (=5) and threshold method (=6) differ.  Inspect full output.                                                                                                                                                                                                                                                                                                                                                                                                                      
 Ratios of S Vector { p(~effort + mxflow)Psi(~pctex21 + BRT_100m) }:
   1/2    1.782280       2/3    18.68241       3/4    4.376551       4/5    5.274861       5/6    149.8361    
 DEVIANCE { p(~effort + mxflow)Psi(~pctex21 + BRT_100m) } = 143.70004                     
 DEVIANCE Degrees of Freedom { p(~effort + mxflow)Psi(~pctex21 + BRT_100m) } = 132            
 c-hat { p(~effort + mxflow)Psi(~pctex21 + BRT_100m) } = 1.0886367                     
 AIC { p(~effort + mxflow)Psi(~pctex21 + BRT_100m) } = 155.70004                  
 AICc { p(~effort + mxflow)Psi(~pctex21 + BRT_100m) } = 156.34127                    
 BIC { p(~effort + mxflow)Psi(~pctex21 + BRT_100m) } = 173.26357                    
 Pearson Chisquare { p(~effort + mxflow)Psi(~pctex21 + BRT_100m) } = 697.98601                  


       LOGIT Link Function Parameters of { p(~effort + mxflow)Psi(~pctex21 + BRT_100m) }
                                                              95% Confidence Interval
 Parameter                    Beta         Standard Error      Lower           Upper
 -------------------------  --------------  --------------  --------------  --------------
    1:p:(Intercept)         -0.0593696       0.9682510      -1.9571416       1.8384024    
    2:p:effort               0.0016923       0.8069030E-03   0.1107351E-03   0.0032738    
    3:p:mxflow              -0.7286275       1.3781452      -3.4297921       1.9725372    
    4:Psi:(Intercept)       -1.0058663       0.3731666      -1.7372729      -0.2744596    
    5:Psi:pctex21           -0.6360178       0.2398917      -1.1062055      -0.1658301    
    6:Psi:BRT_100m           0.0254426       0.0160580      -0.0060311       0.0569163    


       Real Function Parameters of { p(~effort + mxflow)Psi(~pctex21 + BRT_100m) }

      Following estimates based on unstandardized individual covariate values:
          Variable   Value         
          ---------  ------------- 
          EFFORT1     906.23188    
          EFFORT2     834.18841    
          EFFORT3     818.18116    
          MXFLOW1     0.8952899    
          MXFLOW2     1.0911594    
          MXFLOW3     0.5689855    
          PCTEX21     4.8306834    
          BRT_100M    6.7817616    
                                                               95% Confidence Interval
  Parameter                  Estimate       Standard Error      Lower           Upper
 --------------------------  --------------  --------------  --------------  --------------
     1:p g1 a0 t1             0.6946357       0.1228679       0.4222753       0.8762300                          
     2:p g1 a1 t2             0.6358159       0.1856713       0.2661247       0.8936779                          
     3:p g1 a2 t3             0.7131293       0.0741587       0.5498667       0.8349509                          
     4:Psi g1 a0 t1           0.0197294       0.0202254       0.0025850       0.1351694                          


                      Estimates of Derived Parameters
  Occupancy Estimates of { p(~effort + mxflow)Psi(~pctex21 + BRT_100m) }
                                            95% Confidence Interval
 Group   Psi-hat         Standard Error      Lower           Upper
 -----   --------------  --------------  --------------  --------------

  Program  MARK  - Survival Rate Estimation with Capture-Recapture Data
   gfortran(dble) Vers. 9.0 Mar 2018     3-Dec-2019 10:59:47    Page  004
 - - - - - - - - - - - - - - - - - - - - - - - - - - - - - - - - - - - - - -
 
   1      0.0197294       0.0202254       0.0025850       0.1351694    

 Attempted ordering of parameters by estimatibility:
  4 1 6 2 5 3
 Beta number 3 is a singular value.

   CPU Time for the last procedure was 0.06 seconds.     


  INPUT --- proc stop;

     CPU Time in minutes for this job was 0.00

     Time Start = 10:59:46.731   Time End = 10:59:47.399

     Wall Clock Time in minutes for this job was 0.01


          E X E C U T I O N   S U C C E S S F U L 
