
   Program  MARK  - Survival Rate Estimation with Capture-Recapture Data
   gfortran(dble) Vers. 9.0 Mar 2018     3-Dec-2019 12:23:22    Page  001
 - - - - - - - - - - - - - - - - - - - - - - - - - - - - - - - - - - - - - -
 
   This version was compiled by GCC version 7.2.0 using the options: 
     -cpp -iprefix C:/Program Files/mingw-w64/x86_64-7.2.0-posix-seh-rt_v5-rev1/
     mingw64/bin/../lib/gcc/x86_64-w64-mingw32/7.2.0/ -D_MT -D_REENTRANT
     -U_REENTRANT -D IEEE -D DBLEPRECISION -m64 -mtune=core2 -march=nocona -mthreads
     -O2 -fimplicit-none -fbounds-check -funroll-loops -ftree-vectorize
     -ffpe-summary=invalid,zero,overflow,underflow -fno-unsafe-math-optimizations
     -frounding-math -fsignaling-nans -fopenmp.

   This problem will use 7 of 8 possible threads.


  INPUT --- proc title ;

   CPU Time for the last procedure was 0.01 seconds.     


  INPUT --- proc chmatrix occasions= 3 groups= 1 etype= Occupancy 
  INPUT --- Nodes= 101 icovar = 4 ICMeans  NoHist hist= 138 ;

  INPUT ---    time interval 1 1 1 ;

  INPUT ---     icovariates effsec HAiFLS_nat pctex21 BRT_100m ;

  INPUT ---    glabel(1)=freq1;

      Number of unique encounter histories read was 138.

      Number of individual covariates read was 4.
      Time interval lengths are all equal to 1.

      Data type number is 27
      Data type is Occupancy Estimation with Detection < 1                                                             

   CPU Time for the last procedure was 0.02 seconds.     

  Program  MARK  - Survival Rate Estimation with Capture-Recapture Data
   gfortran(dble) Vers. 9.0 Mar 2018     3-Dec-2019 12:23:22    Page  002
 - - - - - - - - - - - - - - - - - - - - - - - - - - - - - - - - - - - - - -
 


  INPUT --- proc estimate link=Logit NOLOOP varest=2ndPart    ;


  INPUT --- model={ p(~effsec)Psi(~HAiFLS_nat + pctex21 + BRT_100m) };

  INPUT ---    group=1 p    rows=1 cols=3 Square ;
  INPUT ---        1 1 1 ;

  INPUT ---    group=1 Psi    rows=1 cols=1 Square ;
  INPUT ---        2 ;

  INPUT ---    design matrix constraints=2 covariates=6;
  INPUT ---        1 effsec 0 0 0 0;
  INPUT ---        0 0 1 HAiFLS_nat pctex21 BRT_100m;
  INPUT ---       blabel(1)=p:(Intercept);
  INPUT ---       blabel(2)=p:effsec;
  INPUT ---       blabel(3)=Psi:(Intercept);
  INPUT ---       blabel(4)=Psi:HAiFLS_nat;
  INPUT ---       blabel(5)=Psi:pctex21;
  INPUT ---       blabel(6)=Psi:BRT_100m;
  INPUT ---       rlabel(1)=p g1 a0 t1;
  INPUT ---       rlabel(2)=Psi g1 a0 t1;

 Link Function Used is LOGIT        

 Variance Estimation Procedure Used is 2ndPart 
 -2logL(saturated) = 0.0000000     
 Effective Sample Size = 138

 Number of function evaluations was 24 for 6 parameters.
 Time for numerical optimization was 0.02 seconds.     
 -2logL { p(~effsec)Psi(~HAiFLS_nat + pctex21 + BRT_100m) } = 141.10627     
 Penalty { p(~effsec)Psi(~HAiFLS_nat + pctex21 + BRT_100m) } = 0.0000000     
 Gradient { p(~effsec)Psi(~HAiFLS_nat + pctex21 + BRT_100m) }:
  0.1562729E-05   0.000000      0.1352719E-05  0.5779359E-06   0.000000    
  0.5559583E-06
 Maximum ABS(G) { p(~effsec)Psi(~HAiFLS_nat + pctex21 + BRT_100m) } = 0.1562729E-05 
 S Vector { p(~effsec)Psi(~HAiFLS_nat + pctex21 + BRT_100m) }:
   15.28016      8.758642     0.8690984     0.4196391     0.1981212    
  0.1437213E-01
 Time to compute number of parameters was 0.01 seconds.     
 Ratio Threshold = 50.000000       Max Gap (5/6) = 13.785100       Next Max Gap (2/3) = 10.077849     
 Gap Method for Num. of Estimated Parameters { p(~effsec)Psi(~HAiFLS_nat + pctex21 + BRT_100m) } = 6          
 Threshold { p(~effsec)Psi(~HAiFLS_nat + pctex21 + BRT_100m) } = 0.3125458E-05                 
 Numerical Threshold Method for Num. of Estimated Parameters { p(~effsec)Psi(~HAiFLS_nat + pctex21 + BRT_100m) } = 6          
 Number of Estimated Parameters { p(~effsec)Psi(~HAiFLS_nat + pctex21 + BRT_100m) } = 6          
 DEVIANCE { p(~effsec)Psi(~HAiFLS_nat + pctex21 + BRT_100m) } = 141.10627                     
 DEVIANCE Degrees of Freedom { p(~effsec)Psi(~HAiFLS_nat + pctex21 + BRT_100m) } = 132            
 c-hat { p(~effsec)Psi(~HAiFLS_nat + pctex21 + BRT_100m) } = 1.0689869                     
 AIC { p(~effsec)Psi(~HAiFLS_nat + pctex21 + BRT_100m) } = 153.10627                  
 AICc { p(~effsec)Psi(~HAiFLS_nat + pctex21 + BRT_100m) } = 153.74750                    
 BIC { p(~effsec)Psi(~HAiFLS_nat + pctex21 + BRT_100m) } = 170.66980                    
 Pearson Chisquare { p(~effsec)Psi(~HAiFLS_nat + pctex21 + BRT_100m) } = 532.14351                  

  Program  MARK  - Survival Rate Estimation with Capture-Recapture Data
   gfortran(dble) Vers. 9.0 Mar 2018     3-Dec-2019 12:23:22    Page  003
 - - - - - - - - - - - - - - - - - - - - - - - - - - - - - - - - - - - - - -
 


     LOGIT Link Function Parameters of { p(~effsec)Psi(~HAiFLS_nat + pctex21 + BRT_100m) }
                                                              95% Confidence Interval
 Parameter                    Beta         Standard Error      Lower           Upper
 -------------------------  --------------  --------------  --------------  --------------
    1:p:(Intercept)         -0.2205243       0.6823945      -1.5580176       1.1169690    
    2:p:effsec               0.4345333E-03   0.2366289E-03  -0.2925930E-04   0.8983258E-03
    3:Psi:(Intercept)       -1.8200214       0.5499028      -2.8978310      -0.7422118    
    4:Psi:HAiFLS_nat         0.0230301       0.0104289       0.0025894       0.0434708    
    5:Psi:pctex21           -0.7428849       0.2691436      -1.2704064      -0.2153634    
    6:Psi:BRT_100m           0.0252825       0.0159087      -0.0058985       0.0564635    


     Real Function Parameters of { p(~effsec)Psi(~HAiFLS_nat + pctex21 + BRT_100m) }

      Following estimates based on unstandardized individual covariate values:
          Variable   Value         
          ---------  ------------- 
          EFFSEC      2558.6014    
          HAIFLS_NAT  30.404180    
          PCTEX21     4.8306834    
          BRT_100M    6.7817616    
                                                               95% Confidence Interval
  Parameter                  Estimate       Standard Error      Lower           Upper
 --------------------------  --------------  --------------  --------------  --------------
     1:p g1 a0 t1             0.7091528       0.0712036       0.5534550       0.8274849                          
     2:Psi g1 a0 t1           0.0105922       0.0125996       0.0010134       0.1015092                          


                      Estimates of Derived Parameters
 Occupancy Estimates of { p(~effsec)Psi(~HAiFLS_nat + pctex21 + BRT_100m) }
                                            95% Confidence Interval
 Group   Psi-hat         Standard Error      Lower           Upper
 -----   --------------  --------------  --------------  --------------
   1      0.0105922       0.0125996       0.0010134       0.1015092    

   CPU Time for the last procedure was 0.02 seconds.     

  Program  MARK  - Survival Rate Estimation with Capture-Recapture Data
   gfortran(dble) Vers. 9.0 Mar 2018     3-Dec-2019 12:23:22    Page  004
 - - - - - - - - - - - - - - - - - - - - - - - - - - - - - - - - - - - - - -
 


  INPUT --- proc stop;

     CPU Time in minutes for this job was 0.00

     Time Start = 12:23:22.035   Time End = 12:23:22.151

     Wall Clock Time in minutes for this job was 0.00


          E X E C U T I O N   S U C C E S S F U L 
