
   Program  MARK  - Survival Rate Estimation with Capture-Recapture Data
   gfortran(dble) Vers. 9.0 Mar 2018     3-Dec-2019 12:22:52    Page  001
 - - - - - - - - - - - - - - - - - - - - - - - - - - - - - - - - - - - - - -
 
   This version was compiled by GCC version 7.2.0 using the options: 
     -cpp -iprefix C:/Program Files/mingw-w64/x86_64-7.2.0-posix-seh-rt_v5-rev1/
     mingw64/bin/../lib/gcc/x86_64-w64-mingw32/7.2.0/ -D_MT -D_REENTRANT
     -U_REENTRANT -D IEEE -D DBLEPRECISION -m64 -mtune=core2 -march=nocona -mthreads
     -O2 -fimplicit-none -fbounds-check -funroll-loops -ftree-vectorize
     -ffpe-summary=invalid,zero,overflow,underflow -fno-unsafe-math-optimizations
     -frounding-math -fsignaling-nans -fopenmp.

   This problem will use 7 of 8 possible threads.


  INPUT --- proc title ;

   CPU Time for the last procedure was 0.01 seconds.     


  INPUT --- proc chmatrix occasions= 3 groups= 1 etype= Occupancy 
  INPUT --- Nodes= 101 icovar = 4 ICMeans  NoHist hist= 138 ;

  INPUT ---    time interval 1 1 1 ;

  INPUT ---     icovariates effort1 effort2 effort3 LWD ;

  INPUT ---    glabel(1)=freq1;

      Number of unique encounter histories read was 138.

      Number of individual covariates read was 4.
      Time interval lengths are all equal to 1.

      Data type number is 27
      Data type is Occupancy Estimation with Detection < 1                                                             

   CPU Time for the last procedure was 0.01 seconds.     

  Program  MARK  - Survival Rate Estimation with Capture-Recapture Data
   gfortran(dble) Vers. 9.0 Mar 2018     3-Dec-2019 12:22:52    Page  002
 - - - - - - - - - - - - - - - - - - - - - - - - - - - - - - - - - - - - - -
 


  INPUT --- proc estimate link=Logit NOLOOP varest=2ndPart    ;


  INPUT --- model={ p(~effort)Psi(~LWD) };

  INPUT ---    group=1 p    rows=1 cols=3 Square ;
  INPUT ---        1 2 3 ;

  INPUT ---    group=1 Psi    rows=1 cols=1 Square ;
  INPUT ---        4 ;

  INPUT ---    design matrix constraints=4 covariates=4;
  INPUT ---        1 effort1 0 0;
  INPUT ---        1 effort2 0 0;
  INPUT ---        1 effort3 0 0;
  INPUT ---        0 0 1 LWD;
  INPUT ---       blabel(1)=p:(Intercept);
  INPUT ---       blabel(2)=p:effort;
  INPUT ---       blabel(3)=Psi:(Intercept);
  INPUT ---       blabel(4)=Psi:LWD;
  INPUT ---       rlabel(1)=p g1 a0 t1;
  INPUT ---       rlabel(2)=p g1 a1 t2;
  INPUT ---       rlabel(3)=p g1 a2 t3;
  INPUT ---       rlabel(4)=Psi g1 a0 t1;

 Link Function Used is LOGIT        

 Variance Estimation Procedure Used is 2ndPart 
 -2logL(saturated) = 0.0000000     
 Effective Sample Size = 138

 Number of function evaluations was 17 for 4 parameters.
 Time for numerical optimization was 0.08 seconds.     
 -2logL { p(~effort)Psi(~LWD) } = 168.67394     
 Penalty { p(~effort)Psi(~LWD) } = 0.0000000     
 Gradient { p(~effort)Psi(~LWD) }:
  0.2763991E-05  0.1034727E-05   0.000000      0.9964487E-06
 Maximum ABS(G) { p(~effort)Psi(~LWD) } = 0.2763991E-05 
 S Vector { p(~effort)Psi(~LWD) }:
   17.03459      8.228635     0.6698567     0.1005920    
 Time to compute number of parameters was 0.01 seconds.     
 Ratio Threshold = 50.000000       Max Gap (2/3) = 12.284171       Next Max Gap (3/4) = 6.6591430     
 Gap Method for Num. of Estimated Parameters { p(~effort)Psi(~LWD) } = 4          
 Threshold { p(~effort)Psi(~LWD) } = 0.5527982E-05                 
 Numerical Threshold Method for Num. of Estimated Parameters { p(~effort)Psi(~LWD) } = 4          
 Number of Estimated Parameters { p(~effort)Psi(~LWD) } = 4          
 DEVIANCE { p(~effort)Psi(~LWD) } = 168.67394                     
 DEVIANCE Degrees of Freedom { p(~effort)Psi(~LWD) } = 134            
 c-hat { p(~effort)Psi(~LWD) } = 1.2587608                     
 AIC { p(~effort)Psi(~LWD) } = 176.67394                  
 AICc { p(~effort)Psi(~LWD) } = 176.97469                    
 BIC { p(~effort)Psi(~LWD) } = 188.38296                    
 Pearson Chisquare { p(~effort)Psi(~LWD) } = 890.82313                  

  Program  MARK  - Survival Rate Estimation with Capture-Recapture Data
   gfortran(dble) Vers. 9.0 Mar 2018     3-Dec-2019 12:22:53    Page  003
 - - - - - - - - - - - - - - - - - - - - - - - - - - - - - - - - - - - - - -
 


                   LOGIT Link Function Parameters of { p(~effort)Psi(~LWD) }
                                                              95% Confidence Interval
 Parameter                    Beta         Standard Error      Lower           Upper
 -------------------------  --------------  --------------  --------------  --------------
    1:p:(Intercept)         -0.3801410       0.6614892      -1.6766598       0.9163777    
    2:p:effort               0.0015981       0.7778046E-03   0.7363314E-04   0.0031226    
    3:Psi:(Intercept)       -1.5827551       0.3469408      -2.2627591      -0.9027511    
    4:Psi:LWD               -0.9141463       1.1977507      -3.2617377       1.4334450    


                   Real Function Parameters of { p(~effort)Psi(~LWD) }

      Following estimates based on unstandardized individual covariate values:
          Variable   Value         
          ---------  ------------- 
          EFFORT1     906.23188    
          EFFORT2     834.18841    
          EFFORT3     818.18116    
          LWD         0.2273503    
                                                               95% Confidence Interval
  Parameter                  Estimate       Standard Error      Lower           Upper
 --------------------------  --------------  --------------  --------------  --------------
     1:p g1 a0 t1             0.7442422       0.0722083       0.5804457       0.8595633                          
     2:p g1 a1 t2             0.7217182       0.0726634       0.5606699       0.8405224                          
     3:p g1 a2 t3             0.7165514       0.0729082       0.5557283       0.8363059                          
     4:Psi g1 a0 t1           0.1430008       0.0313331       0.0918123       0.2159428                          


                      Estimates of Derived Parameters
              Occupancy Estimates of { p(~effort)Psi(~LWD) }
                                            95% Confidence Interval
 Group   Psi-hat         Standard Error      Lower           Upper
 -----   --------------  --------------  --------------  --------------
   1      0.1430008       0.0313331       0.0918123       0.2159428    

   CPU Time for the last procedure was 0.08 seconds.     

  Program  MARK  - Survival Rate Estimation with Capture-Recapture Data
   gfortran(dble) Vers. 9.0 Mar 2018     3-Dec-2019 12:22:53    Page  004
 - - - - - - - - - - - - - - - - - - - - - - - - - - - - - - - - - - - - - -
 


  INPUT --- proc stop;

     CPU Time in minutes for this job was 0.00

     Time Start = 12:22:52.400   Time End = 12:22:53.200

     Wall Clock Time in minutes for this job was 0.01


          E X E C U T I O N   S U C C E S S F U L 
