
   Program  MARK  - Survival Rate Estimation with Capture-Recapture Data
   gfortran(dble) Vers. 9.0 Mar 2018     3-Dec-2019 11:09:57    Page  001
 - - - - - - - - - - - - - - - - - - - - - - - - - - - - - - - - - - - - - -
 
   This version was compiled by GCC version 7.2.0 using the options: 
     -cpp -iprefix C:/Program Files/mingw-w64/x86_64-7.2.0-posix-seh-rt_v5-rev1/
     mingw64/bin/../lib/gcc/x86_64-w64-mingw32/7.2.0/ -D_MT -D_REENTRANT
     -U_REENTRANT -D IEEE -D DBLEPRECISION -m64 -mtune=core2 -march=nocona -mthreads
     -O2 -fimplicit-none -fbounds-check -funroll-loops -ftree-vectorize
     -ffpe-summary=invalid,zero,overflow,underflow -fno-unsafe-math-optimizations
     -frounding-math -fsignaling-nans -fopenmp.

   This problem will use 7 of 8 possible threads.


  INPUT --- proc title ;

   CPU Time for the last procedure was 0.01 seconds.     


  INPUT --- proc chmatrix occasions= 3 groups= 1 etype= Occupancy 
  INPUT --- Nodes= 101 icovar = 4 ICMeans  NoHist hist= 125 ;

  INPUT ---    time interval 1 1 1 ;

  INPUT ---     icovariates lwd1 lwd2 lwd3 under ;

  INPUT ---    glabel(1)=freq1;

      Number of unique encounter histories read was 125.

      Number of individual covariates read was 4.
      Time interval lengths are all equal to 1.

      Data type number is 27
      Data type is Occupancy Estimation with Detection < 1                                                             

   CPU Time for the last procedure was 0.01 seconds.     

  Program  MARK  - Survival Rate Estimation with Capture-Recapture Data
   gfortran(dble) Vers. 9.0 Mar 2018     3-Dec-2019 11:09:57    Page  002
 - - - - - - - - - - - - - - - - - - - - - - - - - - - - - - - - - - - - - -
 


  INPUT --- proc estimate link=Logit NOLOOP varest=2ndPart    ;


  INPUT --- model={ p(~lwd)Psi(~under) };

  INPUT ---    group=1 p    rows=1 cols=3 Square ;
  INPUT ---        1 2 3 ;

  INPUT ---    group=1 Psi    rows=1 cols=1 Square ;
  INPUT ---        4 ;

  INPUT ---    design matrix constraints=4 covariates=4;
  INPUT ---        1 lwd1 0 0;
  INPUT ---        1 lwd2 0 0;
  INPUT ---        1 lwd3 0 0;
  INPUT ---        0 0 1 under;
  INPUT ---       blabel(1)=p:(Intercept);
  INPUT ---       blabel(2)=p:lwd;
  INPUT ---       blabel(3)=Psi:(Intercept);
  INPUT ---       blabel(4)=Psi:under;
  INPUT ---       rlabel(1)=p g1 a0 t1;
  INPUT ---       rlabel(2)=p g1 a1 t2;
  INPUT ---       rlabel(3)=p g1 a2 t3;
  INPUT ---       rlabel(4)=Psi g1 a0 t1;

 Link Function Used is LOGIT        

 Variance Estimation Procedure Used is 2ndPart 
 -2logL(saturated) = 0.0000000     
 Effective Sample Size = 138

 Number of function evaluations was 12 for 4 parameters.
 Time for numerical optimization was 0.01 seconds.     
 -2logL { p(~lwd)Psi(~under) } = 172.15555     
 Penalty { p(~lwd)Psi(~under) } = 0.0000000     
 Gradient { p(~lwd)Psi(~under) }:
  0.1063832E-05   0.000000      0.1173502E-05  0.7034756E-06
 Maximum ABS(G) { p(~lwd)Psi(~under) } = 0.1173502E-05 
 S Vector { p(~lwd)Psi(~under) }:
   17.37226      9.671484     0.9755582     0.1856187    
 Time to compute number of parameters was 0.01 seconds.     
 Ratio Threshold = 50.000000       Max Gap (2/3) = 9.9137953       Next Max Gap (3/4) = 5.2557116     
 Gap Method for Num. of Estimated Parameters { p(~lwd)Psi(~under) } = 4          
 Threshold { p(~lwd)Psi(~under) } = 0.2347004E-05                 
 Numerical Threshold Method for Num. of Estimated Parameters { p(~lwd)Psi(~under) } = 4          
 Number of Estimated Parameters { p(~lwd)Psi(~under) } = 4          
 DEVIANCE { p(~lwd)Psi(~under) } = 172.15555                     
 DEVIANCE Degrees of Freedom { p(~lwd)Psi(~under) } = 134            
 c-hat { p(~lwd)Psi(~under) } = 1.2847429                     
 AIC { p(~lwd)Psi(~under) } = 180.15555                  
 AICc { p(~lwd)Psi(~under) } = 180.45630                    
 BIC { p(~lwd)Psi(~under) } = 191.86456                    
 Pearson Chisquare { p(~lwd)Psi(~under) } = 1085.5552                  

  Program  MARK  - Survival Rate Estimation with Capture-Recapture Data
   gfortran(dble) Vers. 9.0 Mar 2018     3-Dec-2019 11:09:57    Page  003
 - - - - - - - - - - - - - - - - - - - - - - - - - - - - - - - - - - - - - -
 


                    LOGIT Link Function Parameters of { p(~lwd)Psi(~under) }
                                                              95% Confidence Interval
 Parameter                    Beta         Standard Error      Lower           Upper
 -------------------------  --------------  --------------  --------------  --------------
    1:p:(Intercept)          0.7929037       0.3871504       0.0340889       1.5517184    
    2:p:lwd                  0.8864576       1.3204797      -1.7016827       3.4745978    
    3:Psi:(Intercept)       -2.2506951       0.3763465      -2.9883343      -1.5130559    
    4:Psi:under              0.7081331       0.4015929      -0.0789891       1.4952552    


                    Real Function Parameters of { p(~lwd)Psi(~under) }

      Following estimates based on unstandardized individual covariate values:
          Variable   Value         
          ---------  ------------- 
          LWD1        0.2346014    
          LWD2        0.2355072    
          LWD3        0.2114389    
          UNDER       0.5466074    
                                                               95% Confidence Interval
  Parameter                  Estimate       Standard Error      Lower           Upper
 --------------------------  --------------  --------------  --------------  --------------
     1:p g1 a0 t1             0.7312292       0.0659383       0.5849855       0.8400315                          
     2:p g1 a1 t2             0.7313870       0.0659805       0.5850189       0.8402287                          
     3:p g1 a2 t3             0.7271747       0.0651106       0.5834806       0.8352900                          
     4:Psi g1 a0 t1           0.1342812       0.0301010       0.0854005       0.2048725                          


                      Estimates of Derived Parameters
              Occupancy Estimates of { p(~lwd)Psi(~under) }
                                            95% Confidence Interval
 Group   Psi-hat         Standard Error      Lower           Upper
 -----   --------------  --------------  --------------  --------------
   1      0.1342812       0.0301010       0.0854005       0.2048725    

   CPU Time for the last procedure was 0.01 seconds.     

  Program  MARK  - Survival Rate Estimation with Capture-Recapture Data
   gfortran(dble) Vers. 9.0 Mar 2018     3-Dec-2019 11:09:57    Page  004
 - - - - - - - - - - - - - - - - - - - - - - - - - - - - - - - - - - - - - -
 


  INPUT --- proc stop;

     CPU Time in minutes for this job was 0.00

     Time Start = 11:09:57.473   Time End = 11:09:57.565

     Wall Clock Time in minutes for this job was 0.00


          E X E C U T I O N   S U C C E S S F U L 
