
   Program  MARK  - Survival Rate Estimation with Capture-Recapture Data
   gfortran(dble) Vers. 9.0 Mar 2018     3-Dec-2019 10:55:50    Page  001
 - - - - - - - - - - - - - - - - - - - - - - - - - - - - - - - - - - - - - -
 
   This version was compiled by GCC version 7.2.0 using the options: 
     -cpp -iprefix C:/Program Files/mingw-w64/x86_64-7.2.0-posix-seh-rt_v5-rev1/
     mingw64/bin/../lib/gcc/x86_64-w64-mingw32/7.2.0/ -D_MT -D_REENTRANT
     -U_REENTRANT -D IEEE -D DBLEPRECISION -m64 -mtune=core2 -march=nocona -mthreads
     -O2 -fimplicit-none -fbounds-check -funroll-loops -ftree-vectorize
     -ffpe-summary=invalid,zero,overflow,underflow -fno-unsafe-math-optimizations
     -frounding-math -fsignaling-nans -fopenmp.

   This problem will use 7 of 8 possible threads.


  INPUT --- proc title ;

   CPU Time for the last procedure was 0.01 seconds.     


  INPUT --- proc chmatrix occasions= 3 groups= 1 etype= Occupancy 
  INPUT --- Nodes= 101 icovar = 4 ICMeans  NoHist hist= 117 ;

  INPUT ---    time interval 1 1 1 ;

  INPUT ---     icovariates lwd1 lwd2 lwd3 BRT_100m ;

  INPUT ---    glabel(1)=freq1;

      Number of unique encounter histories read was 117.

      Number of individual covariates read was 4.
      Time interval lengths are all equal to 1.

      Data type number is 27
      Data type is Occupancy Estimation with Detection < 1                                                             

   CPU Time for the last procedure was 0.01 seconds.     

  Program  MARK  - Survival Rate Estimation with Capture-Recapture Data
   gfortran(dble) Vers. 9.0 Mar 2018     3-Dec-2019 10:55:50    Page  002
 - - - - - - - - - - - - - - - - - - - - - - - - - - - - - - - - - - - - - -
 


  INPUT --- proc estimate link=Logit NOLOOP varest=2ndPart    ;


  INPUT --- model={ p(~lwd)Psi(~BRT_100m) };

  INPUT ---    group=1 p    rows=1 cols=3 Square ;
  INPUT ---        1 2 3 ;

  INPUT ---    group=1 Psi    rows=1 cols=1 Square ;
  INPUT ---        4 ;

  INPUT ---    design matrix constraints=4 covariates=4;
  INPUT ---        1 lwd1 0 0;
  INPUT ---        1 lwd2 0 0;
  INPUT ---        1 lwd3 0 0;
  INPUT ---        0 0 1 BRT_100m;
  INPUT ---       blabel(1)=p:(Intercept);
  INPUT ---       blabel(2)=p:lwd;
  INPUT ---       blabel(3)=Psi:(Intercept);
  INPUT ---       blabel(4)=Psi:BRT_100m;
  INPUT ---       rlabel(1)=p g1 a0 t1;
  INPUT ---       rlabel(2)=p g1 a1 t2;
  INPUT ---       rlabel(3)=p g1 a2 t3;
  INPUT ---       rlabel(4)=Psi g1 a0 t1;

 Link Function Used is LOGIT        

 Variance Estimation Procedure Used is 2ndPart 
 -2logL(saturated) = 0.0000000     
 Effective Sample Size = 138

 Number of function evaluations was 15 for 4 parameters.
 Time for numerical optimization was 0.05 seconds.     
 -2logL { p(~lwd)Psi(~BRT_100m) } = 169.29649     
 Penalty { p(~lwd)Psi(~BRT_100m) } = 0.0000000     
 Gradient { p(~lwd)Psi(~BRT_100m) }:
  0.3207334E-05   0.000000      0.6038109E-06  0.3974323E-06
 Maximum ABS(G) { p(~lwd)Psi(~BRT_100m) } = 0.3207334E-05 
 S Vector { p(~lwd)Psi(~BRT_100m) }:
   15.56306      9.439663     0.3166883     0.1901517    
 Time to compute number of parameters was 0.01 seconds.     
 Ratio Threshold = 50.000000       Max Gap (2/3) = 29.807430       Next Max Gap (3/4) = 1.6654507     
 Gap Method for Num. of Estimated Parameters { p(~lwd)Psi(~BRT_100m) } = 4          
 Threshold { p(~lwd)Psi(~BRT_100m) } = 0.6414669E-05                 
 Numerical Threshold Method for Num. of Estimated Parameters { p(~lwd)Psi(~BRT_100m) } = 4          
 Number of Estimated Parameters { p(~lwd)Psi(~BRT_100m) } = 4          
 DEVIANCE { p(~lwd)Psi(~BRT_100m) } = 169.29649                     
 DEVIANCE Degrees of Freedom { p(~lwd)Psi(~BRT_100m) } = 134            
 c-hat { p(~lwd)Psi(~BRT_100m) } = 1.2634067                     
 AIC { p(~lwd)Psi(~BRT_100m) } = 177.29649                  
 AICc { p(~lwd)Psi(~BRT_100m) } = 177.59724                    
 BIC { p(~lwd)Psi(~BRT_100m) } = 189.00551                    
 Pearson Chisquare { p(~lwd)Psi(~BRT_100m) } = 965.79683                  

  Program  MARK  - Survival Rate Estimation with Capture-Recapture Data
   gfortran(dble) Vers. 9.0 Mar 2018     3-Dec-2019 10:55:52    Page  003
 - - - - - - - - - - - - - - - - - - - - - - - - - - - - - - - - - - - - - -
 


                  LOGIT Link Function Parameters of { p(~lwd)Psi(~BRT_100m) }
                                                              95% Confidence Interval
 Parameter                    Beta         Standard Error      Lower           Upper
 -------------------------  --------------  --------------  --------------  --------------
    1:p:(Intercept)          0.7840503       0.3882830       0.0230156       1.5450850    
    2:p:lwd                  0.8596153       1.3048092      -1.6978108       3.4170414    
    3:Psi:(Intercept)       -2.1588509       0.3135044      -2.7733196      -1.5443822    
    4:Psi:BRT_100m           0.0395158       0.0183832       0.0034846       0.0755470    


                  Real Function Parameters of { p(~lwd)Psi(~BRT_100m) }

      Following estimates based on unstandardized individual covariate values:
          Variable   Value         
          ---------  ------------- 
          LWD1        0.2346014    
          LWD2        0.2355072    
          LWD3        0.2114389    
          BRT_100M    6.7817616    
                                                               95% Confidence Interval
  Parameter                  Estimate       Standard Error      Lower           Upper
 --------------------------  --------------  --------------  --------------  --------------
     1:p g1 a0 t1             0.7282412       0.0674030       0.5788803       0.8393306                          
     2:p g1 a1 t2             0.7283952       0.0674455       0.5789096       0.8395243                          
     3:p g1 a2 t3             0.7242828       0.0665594       0.5775039       0.8346679                          
     4:Psi g1 a0 t1           0.1311460       0.0299692       0.0826886       0.2017548                          


                      Estimates of Derived Parameters
             Occupancy Estimates of { p(~lwd)Psi(~BRT_100m) }
                                            95% Confidence Interval
 Group   Psi-hat         Standard Error      Lower           Upper
 -----   --------------  --------------  --------------  --------------
   1      0.1311460       0.0299692       0.0826886       0.2017548    

   CPU Time for the last procedure was 0.05 seconds.     

  Program  MARK  - Survival Rate Estimation with Capture-Recapture Data
   gfortran(dble) Vers. 9.0 Mar 2018     3-Dec-2019 10:55:52    Page  004
 - - - - - - - - - - - - - - - - - - - - - - - - - - - - - - - - - - - - - -
 


  INPUT --- proc stop;

     CPU Time in minutes for this job was 0.00

     Time Start = 10:55:50.904   Time End = 10:55:52.017

     Wall Clock Time in minutes for this job was 0.02


          E X E C U T I O N   S U C C E S S F U L 
