
   Program  MARK  - Survival Rate Estimation with Capture-Recapture Data
   gfortran(dble) Vers. 9.0 Mar 2018     3-Dec-2019 11:09:13    Page  001
 - - - - - - - - - - - - - - - - - - - - - - - - - - - - - - - - - - - - - -
 
   This version was compiled by GCC version 7.2.0 using the options: 
     -cpp -iprefix C:/Program Files/mingw-w64/x86_64-7.2.0-posix-seh-rt_v5-rev1/
     mingw64/bin/../lib/gcc/x86_64-w64-mingw32/7.2.0/ -D_MT -D_REENTRANT
     -U_REENTRANT -D IEEE -D DBLEPRECISION -m64 -mtune=core2 -march=nocona -mthreads
     -O2 -fimplicit-none -fbounds-check -funroll-loops -ftree-vectorize
     -ffpe-summary=invalid,zero,overflow,underflow -fno-unsafe-math-optimizations
     -frounding-math -fsignaling-nans -fopenmp.

   This problem will use 7 of 8 possible threads.


  INPUT --- proc title ;

   CPU Time for the last procedure was 0.01 seconds.     


  INPUT --- proc chmatrix occasions= 3 groups= 1 etype= Occupancy 
  INPUT --- Nodes= 101 icovar = 5 ICMeans  NoHist hist= 138 ;

  INPUT ---    time interval 1 1 1 ;

  INPUT ---     icovariates effort1 effort2 effort3 LWD pctslow ;

  INPUT ---    glabel(1)=freq1;

      Number of unique encounter histories read was 138.

      Number of individual covariates read was 5.
      Time interval lengths are all equal to 1.

      Data type number is 27
      Data type is Occupancy Estimation with Detection < 1                                                             

   CPU Time for the last procedure was 0.01 seconds.     

  Program  MARK  - Survival Rate Estimation with Capture-Recapture Data
   gfortran(dble) Vers. 9.0 Mar 2018     3-Dec-2019 11:09:13    Page  002
 - - - - - - - - - - - - - - - - - - - - - - - - - - - - - - - - - - - - - -
 


  INPUT --- proc estimate link=Logit NOLOOP varest=2ndPart    ;


  INPUT --- model={ p(~effort + LWD)Psi(~pctslow) };

  INPUT ---    group=1 p    rows=1 cols=3 Square ;
  INPUT ---        1 2 3 ;

  INPUT ---    group=1 Psi    rows=1 cols=1 Square ;
  INPUT ---        4 ;

  INPUT ---    design matrix constraints=4 covariates=5;
  INPUT ---        1 effort1 LWD 0 0;
  INPUT ---        1 effort2 LWD 0 0;
  INPUT ---        1 effort3 LWD 0 0;
  INPUT ---        0 0 0 1 pctslow;
  INPUT ---       blabel(1)=p:(Intercept);
  INPUT ---       blabel(2)=p:effort;
  INPUT ---       blabel(3)=p:LWD;
  INPUT ---       blabel(4)=Psi:(Intercept);
  INPUT ---       blabel(5)=Psi:pctslow;
  INPUT ---       rlabel(1)=p g1 a0 t1;
  INPUT ---       rlabel(2)=p g1 a1 t2;
  INPUT ---       rlabel(3)=p g1 a2 t3;
  INPUT ---       rlabel(4)=Psi g1 a0 t1;

 Link Function Used is LOGIT        

 Variance Estimation Procedure Used is 2ndPart 
 -2logL(saturated) = 0.0000000     
 Effective Sample Size = 138

 Number of function evaluations was 17 for 5 parameters.
 Time for numerical optimization was 0.01 seconds.     
 -2logL { p(~effort + LWD)Psi(~pctslow) } = 166.69275     
 Penalty { p(~effort + LWD)Psi(~pctslow) } = 0.0000000     
 Gradient { p(~effort + LWD)Psi(~pctslow) }:
   0.000000     -0.2375187E-06 -0.1893693E-05 -0.1790680E-05 -0.1699611E-05
 Maximum ABS(G) { p(~effort + LWD)Psi(~pctslow) } = 0.1893693E-05 
 S Vector { p(~effort + LWD)Psi(~pctslow) }:
   18.57018      8.449355     0.8035196     0.2903324     0.9258391E-01
 Time to compute number of parameters was 0.05 seconds.     
 Ratio Threshold = 50.000000       Max Gap (2/3) = 10.515432       Next Max Gap (4/5) = 3.1358837     
 Gap Method for Num. of Estimated Parameters { p(~effort + LWD)Psi(~pctslow) } = 5          
 Threshold { p(~effort + LWD)Psi(~pctslow) } = 0.3787386E-05                 
 Numerical Threshold Method for Num. of Estimated Parameters { p(~effort + LWD)Psi(~pctslow) } = 5          
 Number of Estimated Parameters { p(~effort + LWD)Psi(~pctslow) } = 5          
 DEVIANCE { p(~effort + LWD)Psi(~pctslow) } = 166.69275                     
 DEVIANCE Degrees of Freedom { p(~effort + LWD)Psi(~pctslow) } = 133            
 c-hat { p(~effort + LWD)Psi(~pctslow) } = 1.2533289                     
 AIC { p(~effort + LWD)Psi(~pctslow) } = 176.69275                  
 AICc { p(~effort + LWD)Psi(~pctslow) } = 177.14729                    
 BIC { p(~effort + LWD)Psi(~pctslow) } = 191.32902                    
 Pearson Chisquare { p(~effort + LWD)Psi(~pctslow) } = 868.36550                  

  Program  MARK  - Survival Rate Estimation with Capture-Recapture Data
   gfortran(dble) Vers. 9.0 Mar 2018     3-Dec-2019 11:09:14    Page  003
 - - - - - - - - - - - - - - - - - - - - - - - - - - - - - - - - - - - - - -
 


              LOGIT Link Function Parameters of { p(~effort + LWD)Psi(~pctslow) }
                                                              95% Confidence Interval
 Parameter                    Beta         Standard Error      Lower           Upper
 -------------------------  --------------  --------------  --------------  --------------
    1:p:(Intercept)         -0.9128654       0.8388858      -2.5570816       0.7313508    
    2:p:effort               0.0017629       0.7945511E-03   0.2055458E-03   0.0033202    
    3:p:LWD                  2.0216336       1.9014514      -1.7052113       5.7484784    
    4:Psi:(Intercept)       -2.1954598       0.4652770      -3.1074027      -1.2835169    
    5:Psi:pctslow            0.0157194       0.0131627      -0.0100796       0.0415184    


              Real Function Parameters of { p(~effort + LWD)Psi(~pctslow) }

      Following estimates based on unstandardized individual covariate values:
          Variable   Value         
          ---------  ------------- 
          EFFORT1     906.23188    
          EFFORT2     834.18841    
          EFFORT3     818.18116    
          LWD         0.2273503    
          PCTSLOW     25.664251    
                                                               95% Confidence Interval
  Parameter                  Estimate       Standard Error      Lower           Upper
 --------------------------  --------------  --------------  --------------  --------------
     1:p g1 a0 t1             0.7584717       0.0709883       0.5950316       0.8703247                          
     2:p g1 a1 t2             0.7344495       0.0719110       0.5731323       0.8506858                          
     3:p g1 a2 t3             0.7289096       0.0722471       0.5677012       0.8462799                          
     4:Psi g1 a0 t1           0.1428236       0.0320022       0.0907607       0.2176040                          


                      Estimates of Derived Parameters
         Occupancy Estimates of { p(~effort + LWD)Psi(~pctslow) }
                                            95% Confidence Interval
 Group   Psi-hat         Standard Error      Lower           Upper
 -----   --------------  --------------  --------------  --------------
   1      0.1428236       0.0320022       0.0907607       0.2176040    

   CPU Time for the last procedure was 0.06 seconds.     

  Program  MARK  - Survival Rate Estimation with Capture-Recapture Data
   gfortran(dble) Vers. 9.0 Mar 2018     3-Dec-2019 11:09:14    Page  004
 - - - - - - - - - - - - - - - - - - - - - - - - - - - - - - - - - - - - - -
 


  INPUT --- proc stop;

     CPU Time in minutes for this job was 0.00

     Time Start = 11:09:13.224   Time End = 11:09:14.530

     Wall Clock Time in minutes for this job was 0.02


          E X E C U T I O N   S U C C E S S F U L 
