
   Program  MARK  - Survival Rate Estimation with Capture-Recapture Data
   gfortran(dble) Vers. 9.0 Mar 2018     3-Dec-2019 10:57:37    Page  001
 - - - - - - - - - - - - - - - - - - - - - - - - - - - - - - - - - - - - - -
 
   This version was compiled by GCC version 7.2.0 using the options: 
     -cpp -iprefix C:/Program Files/mingw-w64/x86_64-7.2.0-posix-seh-rt_v5-rev1/
     mingw64/bin/../lib/gcc/x86_64-w64-mingw32/7.2.0/ -D_MT -D_REENTRANT
     -U_REENTRANT -D IEEE -D DBLEPRECISION -m64 -mtune=core2 -march=nocona -mthreads
     -O2 -fimplicit-none -fbounds-check -funroll-loops -ftree-vectorize
     -ffpe-summary=invalid,zero,overflow,underflow -fno-unsafe-math-optimizations
     -frounding-math -fsignaling-nans -fopenmp.

   This problem will use 7 of 8 possible threads.


  INPUT --- proc title ;

   CPU Time for the last procedure was 0.01 seconds.     


  INPUT --- proc chmatrix occasions= 3 groups= 1 etype= Occupancy 
  INPUT --- Nodes= 101 icovar = 2 ICMeans  NoHist hist= 138 ;

  INPUT ---    time interval 1 1 1 ;

  INPUT ---     icovariates effsec HAiFLS_nat ;

  INPUT ---    glabel(1)=freq1;

      Number of unique encounter histories read was 138.

      Number of individual covariates read was 2.
      Time interval lengths are all equal to 1.

      Data type number is 27
      Data type is Occupancy Estimation with Detection < 1                                                             

   CPU Time for the last procedure was 0.01 seconds.     

  Program  MARK  - Survival Rate Estimation with Capture-Recapture Data
   gfortran(dble) Vers. 9.0 Mar 2018     3-Dec-2019 10:57:37    Page  002
 - - - - - - - - - - - - - - - - - - - - - - - - - - - - - - - - - - - - - -
 


  INPUT --- proc estimate link=Logit NOLOOP varest=2ndPart    ;


  INPUT --- model={ p(~effsec)Psi(~HAiFLS_nat) };

  INPUT ---    group=1 p    rows=1 cols=3 Square ;
  INPUT ---        1 1 1 ;

  INPUT ---    group=1 Psi    rows=1 cols=1 Square ;
  INPUT ---        2 ;

  INPUT ---    design matrix constraints=2 covariates=4;
  INPUT ---        1 effsec 0 0;
  INPUT ---        0 0 1 HAiFLS_nat;
  INPUT ---       blabel(1)=p:(Intercept);
  INPUT ---       blabel(2)=p:effsec;
  INPUT ---       blabel(3)=Psi:(Intercept);
  INPUT ---       blabel(4)=Psi:HAiFLS_nat;
  INPUT ---       rlabel(1)=p g1 a0 t1;
  INPUT ---       rlabel(2)=Psi g1 a0 t1;

 Link Function Used is LOGIT        

 Variance Estimation Procedure Used is 2ndPart 
 -2logL(saturated) = 0.0000000     
 Effective Sample Size = 138

 Number of function evaluations was 16 for 4 parameters.
 Time for numerical optimization was 0.02 seconds.     
 -2logL { p(~effsec)Psi(~HAiFLS_nat) } = 165.67069     
 Penalty { p(~effsec)Psi(~HAiFLS_nat) } = 0.0000000     
 Gradient { p(~effsec)Psi(~HAiFLS_nat) }:
   0.000000       0.000000     -0.1090311E-05   0.000000    
 Maximum ABS(G) { p(~effsec)Psi(~HAiFLS_nat) } = 0.1090311E-05 
 S Vector { p(~effsec)Psi(~HAiFLS_nat) }:
   18.51577      8.809250      1.230296     0.2068248    
 Time to compute number of parameters was 0.01 seconds.     
 Ratio Threshold = 50.000000       Max Gap (2/3) = 7.1602672       Next Max Gap (3/4) = 5.9484947     
 Gap Method for Num. of Estimated Parameters { p(~effsec)Psi(~HAiFLS_nat) } = 4          
 Threshold { p(~effsec)Psi(~HAiFLS_nat) } = 0.2180622E-05                 
 Numerical Threshold Method for Num. of Estimated Parameters { p(~effsec)Psi(~HAiFLS_nat) } = 4          
 Number of Estimated Parameters { p(~effsec)Psi(~HAiFLS_nat) } = 4          
 DEVIANCE { p(~effsec)Psi(~HAiFLS_nat) } = 165.67069                     
 DEVIANCE Degrees of Freedom { p(~effsec)Psi(~HAiFLS_nat) } = 134            
 c-hat { p(~effsec)Psi(~HAiFLS_nat) } = 1.2363485                     
 AIC { p(~effsec)Psi(~HAiFLS_nat) } = 173.67069                  
 AICc { p(~effsec)Psi(~HAiFLS_nat) } = 173.97145                    
 BIC { p(~effsec)Psi(~HAiFLS_nat) } = 185.37971                    
 Pearson Chisquare { p(~effsec)Psi(~HAiFLS_nat) } = 906.65292                  


                LOGIT Link Function Parameters of { p(~effsec)Psi(~HAiFLS_nat) }
                                                              95% Confidence Interval
 Parameter                    Beta         Standard Error      Lower           Upper
 -------------------------  --------------  --------------  --------------  --------------
    1:p:(Intercept)         -0.2036110       0.6701986      -1.5172003       1.1099782    
    2:p:effsec               0.4268669E-03   0.2320524E-03  -0.2795578E-04   0.8816895E-03
    3:Psi:(Intercept)       -2.4987240       0.4295511      -3.3406442      -1.6568038    

  Program  MARK  - Survival Rate Estimation with Capture-Recapture Data
   gfortran(dble) Vers. 9.0 Mar 2018     3-Dec-2019 10:57:37    Page  003
 - - - - - - - - - - - - - - - - - - - - - - - - - - - - - - - - - - - - - -
 
    4:Psi:HAiFLS_nat         0.0199612       0.0082873       0.0037180       0.0362043    


                Real Function Parameters of { p(~effsec)Psi(~HAiFLS_nat) }

      Following estimates based on unstandardized individual covariate values:
          Variable   Value         
          ---------  ------------- 
          EFFSEC      2558.6014    
          HAIFLS_NAT  30.404180    
                                                               95% Confidence Interval
  Parameter                  Estimate       Standard Error      Lower           Upper
 --------------------------  --------------  --------------  --------------  --------------
     1:p g1 a0 t1             0.7085952       0.0715351       0.5521979       0.8274394                          
     2:Psi g1 a0 t1           0.1310370       0.0313090       0.0808578       0.2053976                          


                      Estimates of Derived Parameters
          Occupancy Estimates of { p(~effsec)Psi(~HAiFLS_nat) }
                                            95% Confidence Interval
 Group   Psi-hat         Standard Error      Lower           Upper
 -----   --------------  --------------  --------------  --------------
   1      0.1310370       0.0313090       0.0808578       0.2053976    

   CPU Time for the last procedure was 0.02 seconds.     

  Program  MARK  - Survival Rate Estimation with Capture-Recapture Data
   gfortran(dble) Vers. 9.0 Mar 2018     3-Dec-2019 10:57:37    Page  004
 - - - - - - - - - - - - - - - - - - - - - - - - - - - - - - - - - - - - - -
 


  INPUT --- proc stop;

     CPU Time in minutes for this job was 0.00

     Time Start = 10:57:37.360   Time End = 10:57:37.455

     Wall Clock Time in minutes for this job was 0.00


          E X E C U T I O N   S U C C E S S F U L 
