
   Program  MARK  - Survival Rate Estimation with Capture-Recapture Data
   gfortran(dble) Vers. 9.0 Mar 2018     3-Dec-2019 10:56:53    Page  001
 - - - - - - - - - - - - - - - - - - - - - - - - - - - - - - - - - - - - - -
 
   This version was compiled by GCC version 7.2.0 using the options: 
     -cpp -iprefix C:/Program Files/mingw-w64/x86_64-7.2.0-posix-seh-rt_v5-rev1/
     mingw64/bin/../lib/gcc/x86_64-w64-mingw32/7.2.0/ -D_MT -D_REENTRANT
     -U_REENTRANT -D IEEE -D DBLEPRECISION -m64 -mtune=core2 -march=nocona -mthreads
     -O2 -fimplicit-none -fbounds-check -funroll-loops -ftree-vectorize
     -ffpe-summary=invalid,zero,overflow,underflow -fno-unsafe-math-optimizations
     -frounding-math -fsignaling-nans -fopenmp.

   This problem will use 7 of 8 possible threads.


  INPUT --- proc title ;

   CPU Time for the last procedure was 0.01 seconds.     


  INPUT --- proc chmatrix occasions= 3 groups= 1 etype= Occupancy 
  INPUT --- Nodes= 101 icovar = 1 ICMeans  NoHist hist= 40 ;

  INPUT ---    time interval 1 1 1 ;

  INPUT ---     icovariates LWD ;

  INPUT ---    glabel(1)=freq1;

      Number of unique encounter histories read was 40.

      Number of individual covariates read was 1.
      Time interval lengths are all equal to 1.

      Data type number is 27
      Data type is Occupancy Estimation with Detection < 1                                                             

   CPU Time for the last procedure was 0.01 seconds.     

  Program  MARK  - Survival Rate Estimation with Capture-Recapture Data
   gfortran(dble) Vers. 9.0 Mar 2018     3-Dec-2019 10:56:53    Page  002
 - - - - - - - - - - - - - - - - - - - - - - - - - - - - - - - - - - - - - -
 


  INPUT --- proc estimate link=Logit NOLOOP varest=2ndPart    ;


  INPUT --- model={ p(~LWD)Psi(~1) };

  INPUT ---    group=1 p    rows=1 cols=3 Square ;
  INPUT ---        1 1 1 ;

  INPUT ---    group=1 Psi    rows=1 cols=1 Square ;
  INPUT ---        2 ;

  INPUT ---    design matrix constraints=2 covariates=3;
  INPUT ---        1 LWD 0;
  INPUT ---        0 0 1;
  INPUT ---       blabel(1)=p:(Intercept);
  INPUT ---       blabel(2)=p:LWD;
  INPUT ---       blabel(3)=Psi:(Intercept);
  INPUT ---       rlabel(1)=p g1 a0 t1;
  INPUT ---       rlabel(2)=Psi g1 a0 t1;

 Link Function Used is LOGIT        

 Variance Estimation Procedure Used is 2ndPart 
 -2logL(saturated) = 0.0000000     
 Effective Sample Size = 138

 Number of function evaluations was 11 for 3 parameters.
 Time for numerical optimization was 0.01 seconds.     
 -2logL { p(~LWD)Psi(~1) } = 175.42462     
 Penalty { p(~LWD)Psi(~1) } = 0.0000000     
 Gradient { p(~LWD)Psi(~1) }:
 -0.1039509E-05   0.000000     -0.1357616E-05
 Maximum ABS(G) { p(~LWD)Psi(~1) } = 0.1357616E-05 
 S Vector { p(~LWD)Psi(~1) }:
   16.39867      9.975738     0.2911113    
 Time to compute number of parameters was 0.01 seconds.     
 Ratio Threshold = 50.000000       Max Gap (2/3) = 34.267777       Next Max Gap (1/2) = 1.6438553     
 Gap Method for Num. of Estimated Parameters { p(~LWD)Psi(~1) } = 3          
 Threshold { p(~LWD)Psi(~1) } = 0.2715232E-05                 
 Numerical Threshold Method for Num. of Estimated Parameters { p(~LWD)Psi(~1) } = 3          
 Number of Estimated Parameters { p(~LWD)Psi(~1) } = 3          
 DEVIANCE { p(~LWD)Psi(~1) } = 175.42462                     
 DEVIANCE Degrees of Freedom { p(~LWD)Psi(~1) } = 135            
 c-hat { p(~LWD)Psi(~1) } = 1.2994416                     
 AIC { p(~LWD)Psi(~1) } = 181.42462                  
 AICc { p(~LWD)Psi(~1) } = 181.60372                    
 BIC { p(~LWD)Psi(~1) } = 190.20638                    
 Pearson Chisquare { p(~LWD)Psi(~1) } = 1088.0293                  


                      LOGIT Link Function Parameters of { p(~LWD)Psi(~1) }
                                                              95% Confidence Interval
 Parameter                    Beta         Standard Error      Lower           Upper
 -------------------------  --------------  --------------  --------------  --------------
    1:p:(Intercept)          0.8348559       0.4596527      -0.0660634       1.7357752    
    2:p:LWD                  0.6229856       1.8229907      -2.9500762       4.1960474    
    3:Psi:(Intercept)       -1.8098499       0.2485157      -2.2969407      -1.3227591    

  Program  MARK  - Survival Rate Estimation with Capture-Recapture Data
   gfortran(dble) Vers. 9.0 Mar 2018     3-Dec-2019 10:56:53    Page  003
 - - - - - - - - - - - - - - - - - - - - - - - - - - - - - - - - - - - - - -
 


                      Real Function Parameters of { p(~LWD)Psi(~1) }

      Following estimates based on unstandardized individual covariate values:
          Variable   Value         
          ---------  ------------- 
          LWD         0.2273503    
                                                               95% Confidence Interval
  Parameter                  Estimate       Standard Error      Lower           Upper
 --------------------------  --------------  --------------  --------------  --------------
     1:p g1 a0 t1             0.7264116       0.0659304       0.5808517       0.8357189                          
     2:Psi g1 a0 t1           0.1406563       0.0300386       0.0913766       0.2103596                          


                      Estimates of Derived Parameters
                Occupancy Estimates of { p(~LWD)Psi(~1) }
                                            95% Confidence Interval
 Group   Psi-hat         Standard Error      Lower           Upper
 -----   --------------  --------------  --------------  --------------
   1      0.1406563       0.0300386       0.0913766       0.2103596    

   CPU Time for the last procedure was 0.01 seconds.     

  Program  MARK  - Survival Rate Estimation with Capture-Recapture Data
   gfortran(dble) Vers. 9.0 Mar 2018     3-Dec-2019 10:56:53    Page  004
 - - - - - - - - - - - - - - - - - - - - - - - - - - - - - - - - - - - - - -
 


  INPUT --- proc stop;

     CPU Time in minutes for this job was 0.00

     Time Start = 10:56:53.451   Time End = 10:56:53.460

     Wall Clock Time in minutes for this job was 0.00


          E X E C U T I O N   S U C C E S S F U L 
