
   Program  MARK  - Survival Rate Estimation with Capture-Recapture Data
   gfortran(dble) Vers. 9.0 Mar 2018     3-Dec-2019 11:07:03    Page  001
 - - - - - - - - - - - - - - - - - - - - - - - - - - - - - - - - - - - - - -
 
   This version was compiled by GCC version 7.2.0 using the options: 
     -cpp -iprefix C:/Program Files/mingw-w64/x86_64-7.2.0-posix-seh-rt_v5-rev1/
     mingw64/bin/../lib/gcc/x86_64-w64-mingw32/7.2.0/ -D_MT -D_REENTRANT
     -U_REENTRANT -D IEEE -D DBLEPRECISION -m64 -mtune=core2 -march=nocona -mthreads
     -O2 -fimplicit-none -fbounds-check -funroll-loops -ftree-vectorize
     -ffpe-summary=invalid,zero,overflow,underflow -fno-unsafe-math-optimizations
     -frounding-math -fsignaling-nans -fopenmp.

   This problem will use 7 of 8 possible threads.


  INPUT --- proc title ;

   CPU Time for the last procedure was 0.01 seconds.     


  INPUT --- proc chmatrix occasions= 3 groups= 1 etype= Occupancy 
  INPUT --- Nodes= 101 icovar = 4 ICMeans  NoHist hist= 131 ;

  INPUT ---    time interval 1 1 1 ;

  INPUT ---     icovariates undr1 undr2 undr3 depool ;

  INPUT ---    glabel(1)=freq1;

      Number of unique encounter histories read was 131.

      Number of individual covariates read was 4.
      Time interval lengths are all equal to 1.

      Data type number is 27
      Data type is Occupancy Estimation with Detection < 1                                                             

   CPU Time for the last procedure was 0.02 seconds.     

  Program  MARK  - Survival Rate Estimation with Capture-Recapture Data
   gfortran(dble) Vers. 9.0 Mar 2018     3-Dec-2019 11:07:03    Page  002
 - - - - - - - - - - - - - - - - - - - - - - - - - - - - - - - - - - - - - -
 


  INPUT --- proc estimate link=Logit NOLOOP varest=2ndPart    ;


  INPUT --- model={ p(~undr)Psi(~depool) };

  INPUT ---    group=1 p    rows=1 cols=3 Square ;
  INPUT ---        1 2 3 ;

  INPUT ---    group=1 Psi    rows=1 cols=1 Square ;
  INPUT ---        4 ;

  INPUT ---    design matrix constraints=4 covariates=4;
  INPUT ---        1 undr1 0 0;
  INPUT ---        1 undr2 0 0;
  INPUT ---        1 undr3 0 0;
  INPUT ---        0 0 1 depool;
  INPUT ---       blabel(1)=p:(Intercept);
  INPUT ---       blabel(2)=p:undr;
  INPUT ---       blabel(3)=Psi:(Intercept);
  INPUT ---       blabel(4)=Psi:depool;
  INPUT ---       rlabel(1)=p g1 a0 t1;
  INPUT ---       rlabel(2)=p g1 a1 t2;
  INPUT ---       rlabel(3)=p g1 a2 t3;
  INPUT ---       rlabel(4)=Psi g1 a0 t1;

 Link Function Used is LOGIT        

 Variance Estimation Procedure Used is 2ndPart 
 -2logL(saturated) = 0.0000000     
 Effective Sample Size = 138

 Number of function evaluations was 14 for 4 parameters.
 Time for numerical optimization was 0.01 seconds.     
 -2logL { p(~undr)Psi(~depool) } = 173.77871     
 Penalty { p(~undr)Psi(~depool) } = 0.0000000     
 Gradient { p(~undr)Psi(~depool) }:
   0.000000      0.6481451E-06  0.1296006E-05   0.000000    
 Maximum ABS(G) { p(~undr)Psi(~depool) } = 0.1296006E-05 
 S Vector { p(~undr)Psi(~depool) }:
   18.17612      9.358336     0.7255502     0.3587762    
 Time to compute number of parameters was 0.01 seconds.     
 Ratio Threshold = 50.000000       Max Gap (2/3) = 12.898261       Next Max Gap (3/4) = 2.0222919     
 Gap Method for Num. of Estimated Parameters { p(~undr)Psi(~depool) } = 4          
 Threshold { p(~undr)Psi(~depool) } = 0.2592013E-05                 
 Numerical Threshold Method for Num. of Estimated Parameters { p(~undr)Psi(~depool) } = 4          
 Number of Estimated Parameters { p(~undr)Psi(~depool) } = 4          
 DEVIANCE { p(~undr)Psi(~depool) } = 173.77871                     
 DEVIANCE Degrees of Freedom { p(~undr)Psi(~depool) } = 134            
 c-hat { p(~undr)Psi(~depool) } = 1.2968560                     
 AIC { p(~undr)Psi(~depool) } = 181.77871                  
 AICc { p(~undr)Psi(~depool) } = 182.07946                    
 BIC { p(~undr)Psi(~depool) } = 193.48772                    
 Pearson Chisquare { p(~undr)Psi(~depool) } = 996.76459                  

  Program  MARK  - Survival Rate Estimation with Capture-Recapture Data
   gfortran(dble) Vers. 9.0 Mar 2018     3-Dec-2019 11:07:03    Page  003
 - - - - - - - - - - - - - - - - - - - - - - - - - - - - - - - - - - - - - -
 


                   LOGIT Link Function Parameters of { p(~undr)Psi(~depool) }
                                                              95% Confidence Interval
 Parameter                    Beta         Standard Error      Lower           Upper
 -------------------------  --------------  --------------  --------------  --------------
    1:p:(Intercept)          0.5425851       0.4545069      -0.3482484       1.4334186    
    2:p:undr                 0.5550801       0.4682728      -0.3627347       1.4728949    
    3:Psi:(Intercept)       -1.9434247       0.4398960      -2.8056209      -1.0812285    
    4:Psi:depool             0.1625014       0.3931981      -0.6081669       0.9331697    


                   Real Function Parameters of { p(~undr)Psi(~depool) }

      Following estimates based on unstandardized individual covariate values:
          Variable   Value         
          ---------  ------------- 
          UNDR1       0.5869565    
          UNDR2       0.5483092    
          UNDR3       0.5042271    
          DEPOOL      0.8757795    
                                                               95% Confidence Interval
  Parameter                  Estimate       Standard Error      Lower           Upper
 --------------------------  --------------  --------------  --------------  --------------
     1:p g1 a0 t1             0.7044112       0.0693783       0.5536216       0.8207551                          
     2:p g1 a1 t2             0.6999250       0.0704992       0.5471203       0.8182951                          
     3:p g1 a2 t3             0.6947607       0.0720237       0.5391216       0.8157984                          
     4:Psi g1 a0 t1           0.1417161       0.0304886       0.0917539       0.2125180                          


                      Estimates of Derived Parameters
             Occupancy Estimates of { p(~undr)Psi(~depool) }
                                            95% Confidence Interval
 Group   Psi-hat         Standard Error      Lower           Upper
 -----   --------------  --------------  --------------  --------------
   1      0.1417161       0.0304886       0.0917539       0.2125180    

   CPU Time for the last procedure was 0.01 seconds.     

  Program  MARK  - Survival Rate Estimation with Capture-Recapture Data
   gfortran(dble) Vers. 9.0 Mar 2018     3-Dec-2019 11:07:03    Page  004
 - - - - - - - - - - - - - - - - - - - - - - - - - - - - - - - - - - - - - -
 


  INPUT --- proc stop;

     CPU Time in minutes for this job was 0.00

     Time Start = 11:07:03.098   Time End = 11:07:03.194

     Wall Clock Time in minutes for this job was 0.00


          E X E C U T I O N   S U C C E S S F U L 
