
   Program  MARK  - Survival Rate Estimation with Capture-Recapture Data
   gfortran(dble) Vers. 9.0 Mar 2018     3-Dec-2019 10:58:45    Page  001
 - - - - - - - - - - - - - - - - - - - - - - - - - - - - - - - - - - - - - -
 
   This version was compiled by GCC version 7.2.0 using the options: 
     -cpp -iprefix C:/Program Files/mingw-w64/x86_64-7.2.0-posix-seh-rt_v5-rev1/
     mingw64/bin/../lib/gcc/x86_64-w64-mingw32/7.2.0/ -D_MT -D_REENTRANT
     -U_REENTRANT -D IEEE -D DBLEPRECISION -m64 -mtune=core2 -march=nocona -mthreads
     -O2 -fimplicit-none -fbounds-check -funroll-loops -ftree-vectorize
     -ffpe-summary=invalid,zero,overflow,underflow -fno-unsafe-math-optimizations
     -frounding-math -fsignaling-nans -fopenmp.

   This problem will use 7 of 8 possible threads.


  INPUT --- proc title ;

   CPU Time for the last procedure was 0.01 seconds.     


  INPUT --- proc chmatrix occasions= 3 groups= 1 etype= Occupancy 
  INPUT --- Nodes= 101 icovar = 5 ICMeans  NoHist hist= 138 ;

  INPUT ---    time interval 1 1 1 ;

  INPUT ---     icovariates effort1 effort2 effort3 under machabprop ;

  INPUT ---    glabel(1)=freq1;

      Number of unique encounter histories read was 138.

      Number of individual covariates read was 5.
      Time interval lengths are all equal to 1.

      Data type number is 27
      Data type is Occupancy Estimation with Detection < 1                                                             

   CPU Time for the last procedure was 0.02 seconds.     

  Program  MARK  - Survival Rate Estimation with Capture-Recapture Data
   gfortran(dble) Vers. 9.0 Mar 2018     3-Dec-2019 10:58:45    Page  002
 - - - - - - - - - - - - - - - - - - - - - - - - - - - - - - - - - - - - - -
 


  INPUT --- proc estimate link=Logit NOLOOP varest=2ndPart    ;


  INPUT --- model={ p(~effort + under)Psi(~machabprop) };

  INPUT ---    group=1 p    rows=1 cols=3 Square ;
  INPUT ---        1 2 3 ;

  INPUT ---    group=1 Psi    rows=1 cols=1 Square ;
  INPUT ---        4 ;

  INPUT ---    design matrix constraints=4 covariates=5;
  INPUT ---        1 effort1 under 0 0;
  INPUT ---        1 effort2 under 0 0;
  INPUT ---        1 effort3 under 0 0;
  INPUT ---        0 0 0 1 machabprop;
  INPUT ---       blabel(1)=p:(Intercept);
  INPUT ---       blabel(2)=p:effort;
  INPUT ---       blabel(3)=p:under;
  INPUT ---       blabel(4)=Psi:(Intercept);
  INPUT ---       blabel(5)=Psi:machabprop;
  INPUT ---       rlabel(1)=p g1 a0 t1;
  INPUT ---       rlabel(2)=p g1 a1 t2;
  INPUT ---       rlabel(3)=p g1 a2 t3;
  INPUT ---       rlabel(4)=Psi g1 a0 t1;

 Link Function Used is LOGIT        

 Variance Estimation Procedure Used is 2ndPart 
 -2logL(saturated) = 0.0000000     
 Effective Sample Size = 138

 Number of function evaluations was 17 for 5 parameters.
 Time for numerical optimization was 0.06 seconds.     
 -2logL { p(~effort + under)Psi(~machabprop) } = 166.80612     
 Penalty { p(~effort + under)Psi(~machabprop) } = 0.0000000     
 Gradient { p(~effort + under)Psi(~machabprop) }:
  0.2583403E-05   0.000000      0.3690566E-05  0.2723142E-05 -0.5528628E-06
 Maximum ABS(G) { p(~effort + under)Psi(~machabprop) } = 0.3690566E-05 
 S Vector { p(~effort + under)Psi(~machabprop) }:
   20.81577      9.146850     0.4852687     0.2714640     0.1055429    
 Time to compute number of parameters was 0.05 seconds.     
 Ratio Threshold = 50.000000       Max Gap (2/3) = 18.849041       Next Max Gap (4/5) = 2.5720731     
 Gap Method for Num. of Estimated Parameters { p(~effort + under)Psi(~machabprop) } = 5          
 Threshold { p(~effort + under)Psi(~machabprop) } = 0.7381131E-05                 
 Numerical Threshold Method for Num. of Estimated Parameters { p(~effort + under)Psi(~machabprop) } = 5          
 Number of Estimated Parameters { p(~effort + under)Psi(~machabprop) } = 5          
 DEVIANCE { p(~effort + under)Psi(~machabprop) } = 166.80612                     
 DEVIANCE Degrees of Freedom { p(~effort + under)Psi(~machabprop) } = 133            
 c-hat { p(~effort + under)Psi(~machabprop) } = 1.2541813                     
 AIC { p(~effort + under)Psi(~machabprop) } = 176.80612                  
 AICc { p(~effort + under)Psi(~machabprop) } = 177.26066                    
 BIC { p(~effort + under)Psi(~machabprop) } = 191.44239                    
 Pearson Chisquare { p(~effort + under)Psi(~machabprop) } = 862.41056                  

  Program  MARK  - Survival Rate Estimation with Capture-Recapture Data
   gfortran(dble) Vers. 9.0 Mar 2018     3-Dec-2019 10:58:45    Page  003
 - - - - - - - - - - - - - - - - - - - - - - - - - - - - - - - - - - - - - -
 


            LOGIT Link Function Parameters of { p(~effort + under)Psi(~machabprop) }
                                                              95% Confidence Interval
 Parameter                    Beta         Standard Error      Lower           Upper
 -------------------------  --------------  --------------  --------------  --------------
    1:p:(Intercept)         -0.4766172       0.7426541      -1.9322194       0.9789849    
    2:p:effort               0.0015143       0.7605190E-03   0.2367176E-04   0.0030049    
    3:p:under                0.2277734       0.5690601      -0.8875844       1.3431312    
    4:Psi:(Intercept)       -0.4008440       0.9431220      -2.2493632       1.4476752    
    5:Psi:machabprop        -0.0267267       0.0184024      -0.0627954       0.0093419    


            Real Function Parameters of { p(~effort + under)Psi(~machabprop) }

      Following estimates based on unstandardized individual covariate values:
          Variable   Value         
          ---------  ------------- 
          EFFORT1     906.23188    
          EFFORT2     834.18841    
          EFFORT3     818.18116    
          UNDER       0.5466074    
          MACHABPROP  53.717706    
                                                               95% Confidence Interval
  Parameter                  Estimate       Standard Error      Lower           Upper
 --------------------------  --------------  --------------  --------------  --------------
     1:p g1 a0 t1             0.7350081       0.0782357       0.5579607       0.8590564                          
     2:p g1 a1 t2             0.7132227       0.0784159       0.5398290       0.8405761                          
     3:p g1 a2 t3             0.7082393       0.0785782       0.5353194       0.8364685                          
     4:Psi g1 a0 t1           0.1374608       0.0317238       0.0861980       0.2121328                          


                      Estimates of Derived Parameters
      Occupancy Estimates of { p(~effort + under)Psi(~machabprop) }
                                            95% Confidence Interval
 Group   Psi-hat         Standard Error      Lower           Upper
 -----   --------------  --------------  --------------  --------------
   1      0.1374608       0.0317238       0.0861980       0.2121328    

   CPU Time for the last procedure was 0.11 seconds.     

  Program  MARK  - Survival Rate Estimation with Capture-Recapture Data
   gfortran(dble) Vers. 9.0 Mar 2018     3-Dec-2019 10:58:45    Page  004
 - - - - - - - - - - - - - - - - - - - - - - - - - - - - - - - - - - - - - -
 


  INPUT --- proc stop;

     CPU Time in minutes for this job was 0.00

     Time Start = 10:58:45.100   Time End = 10:58:45.202

     Wall Clock Time in minutes for this job was 0.00


          E X E C U T I O N   S U C C E S S F U L 
