
   Program  MARK  - Survival Rate Estimation with Capture-Recapture Data
   gfortran(dble) Vers. 9.0 Mar 2018     3-Dec-2019 10:57:08    Page  001
 - - - - - - - - - - - - - - - - - - - - - - - - - - - - - - - - - - - - - -
 
   This version was compiled by GCC version 7.2.0 using the options: 
     -cpp -iprefix C:/Program Files/mingw-w64/x86_64-7.2.0-posix-seh-rt_v5-rev1/
     mingw64/bin/../lib/gcc/x86_64-w64-mingw32/7.2.0/ -D_MT -D_REENTRANT
     -U_REENTRANT -D IEEE -D DBLEPRECISION -m64 -mtune=core2 -march=nocona -mthreads
     -O2 -fimplicit-none -fbounds-check -funroll-loops -ftree-vectorize
     -ffpe-summary=invalid,zero,overflow,underflow -fno-unsafe-math-optimizations
     -frounding-math -fsignaling-nans -fopenmp.

   This problem will use 7 of 8 possible threads.


  INPUT --- proc title ;

   CPU Time for the last procedure was 0.01 seconds.     


  INPUT --- proc chmatrix occasions= 3 groups= 1 etype= Occupancy 
  INPUT --- Nodes= 101 icovar = 5 ICMeans  NoHist hist= 138 ;

  INPUT ---    time interval 1 1 1 ;

  INPUT ---     icovariates effort1 effort2 effort3 LWD HAiFLS_alt ;

  INPUT ---    glabel(1)=freq1;

      Number of unique encounter histories read was 138.

      Number of individual covariates read was 5.
      Time interval lengths are all equal to 1.

      Data type number is 27
      Data type is Occupancy Estimation with Detection < 1                                                             

   CPU Time for the last procedure was 0.01 seconds.     

  Program  MARK  - Survival Rate Estimation with Capture-Recapture Data
   gfortran(dble) Vers. 9.0 Mar 2018     3-Dec-2019 10:57:08    Page  002
 - - - - - - - - - - - - - - - - - - - - - - - - - - - - - - - - - - - - - -
 


  INPUT --- proc estimate link=Logit NOLOOP varest=2ndPart    ;


  INPUT --- model={ p(~effort + LWD)Psi(~HAiFLS_alt) };

  INPUT ---    group=1 p    rows=1 cols=3 Square ;
  INPUT ---        1 2 3 ;

  INPUT ---    group=1 Psi    rows=1 cols=1 Square ;
  INPUT ---        4 ;

  INPUT ---    design matrix constraints=4 covariates=5;
  INPUT ---        1 effort1 LWD 0 0;
  INPUT ---        1 effort2 LWD 0 0;
  INPUT ---        1 effort3 LWD 0 0;
  INPUT ---        0 0 0 1 HAiFLS_alt;
  INPUT ---       blabel(1)=p:(Intercept);
  INPUT ---       blabel(2)=p:effort;
  INPUT ---       blabel(3)=p:LWD;
  INPUT ---       blabel(4)=Psi:(Intercept);
  INPUT ---       blabel(5)=Psi:HAiFLS_alt;
  INPUT ---       rlabel(1)=p g1 a0 t1;
  INPUT ---       rlabel(2)=p g1 a1 t2;
  INPUT ---       rlabel(3)=p g1 a2 t3;
  INPUT ---       rlabel(4)=Psi g1 a0 t1;

 Link Function Used is LOGIT        

 Variance Estimation Procedure Used is 2ndPart 
 -2logL(saturated) = 0.0000000     
 Effective Sample Size = 138

 Number of function evaluations was 18 for 5 parameters.
 Time for numerical optimization was 0.05 seconds.     
 -2logL { p(~effort + LWD)Psi(~HAiFLS_alt) } = 162.56230     
 Penalty { p(~effort + LWD)Psi(~HAiFLS_alt) } = 0.0000000     
 Gradient { p(~effort + LWD)Psi(~HAiFLS_alt) }:
  0.1016718E-05  0.2395415E-06 -0.6568948E-06   0.000000      0.6441895E-06
 Maximum ABS(G) { p(~effort + LWD)Psi(~HAiFLS_alt) } = 0.1016718E-05 
 S Vector { p(~effort + LWD)Psi(~HAiFLS_alt) }:
   21.24424      8.445103      1.058052     0.2925601     0.9420519E-01
 Time to compute number of parameters was 0.02 seconds.     
 Ratio Threshold = 50.000000       Max Gap (2/3) = 7.9817490       Next Max Gap (3/4) = 3.6165281     
 Gap Method for Num. of Estimated Parameters { p(~effort + LWD)Psi(~HAiFLS_alt) } = 5          
 Threshold { p(~effort + LWD)Psi(~HAiFLS_alt) } = 0.2033437E-05                 
 Numerical Threshold Method for Num. of Estimated Parameters { p(~effort + LWD)Psi(~HAiFLS_alt) } = 5          
 Number of Estimated Parameters { p(~effort + LWD)Psi(~HAiFLS_alt) } = 5          
 DEVIANCE { p(~effort + LWD)Psi(~HAiFLS_alt) } = 162.56230                     
 DEVIANCE Degrees of Freedom { p(~effort + LWD)Psi(~HAiFLS_alt) } = 133            
 c-hat { p(~effort + LWD)Psi(~HAiFLS_alt) } = 1.2222729                     
 AIC { p(~effort + LWD)Psi(~HAiFLS_alt) } = 172.56230                  
 AICc { p(~effort + LWD)Psi(~HAiFLS_alt) } = 173.01685                    
 BIC { p(~effort + LWD)Psi(~HAiFLS_alt) } = 187.19857                    
 Pearson Chisquare { p(~effort + LWD)Psi(~HAiFLS_alt) } = 902.87574                  

  Program  MARK  - Survival Rate Estimation with Capture-Recapture Data
   gfortran(dble) Vers. 9.0 Mar 2018     3-Dec-2019 10:57:10    Page  003
 - - - - - - - - - - - - - - - - - - - - - - - - - - - - - - - - - - - - - -
 


             LOGIT Link Function Parameters of { p(~effort + LWD)Psi(~HAiFLS_alt) }
                                                              95% Confidence Interval
 Parameter                    Beta         Standard Error      Lower           Upper
 -------------------------  --------------  --------------  --------------  --------------
    1:p:(Intercept)         -0.8759856       0.8264083      -2.4957459       0.7437746    
    2:p:effort               0.0017459       0.7896283E-03   0.1981902E-03   0.0032935    
    3:p:LWD                  1.9035838       1.8840383      -1.7891313       5.5962989    
    4:Psi:(Intercept)       -0.5072136       0.5532944      -1.5916706       0.5772434    
    5:Psi:HAiFLS_alt        -0.0197491       0.0083584      -0.0361317      -0.0033666    


             Real Function Parameters of { p(~effort + LWD)Psi(~HAiFLS_alt) }

      Following estimates based on unstandardized individual covariate values:
          Variable   Value         
          ---------  ------------- 
          EFFORT1     906.23188    
          EFFORT2     834.18841    
          EFFORT3     818.18116    
          LWD         0.2273503    
          HAIFLS_ALT  69.284136    
                                                               95% Confidence Interval
  Parameter                  Estimate       Standard Error      Lower           Upper
 --------------------------  --------------  --------------  --------------  --------------
     1:p g1 a0 t1             0.7574868       0.0714288       0.5931102       0.8700117                          
     2:p g1 a1 t2             0.7336405       0.0723739       0.5713241       0.8505713                          
     3:p g1 a2 t3             0.7281439       0.0727139       0.5659266       0.8462128                          
     4:Psi g1 a0 t1           0.1329049       0.0318773       0.0818346       0.2086056                          


                      Estimates of Derived Parameters
       Occupancy Estimates of { p(~effort + LWD)Psi(~HAiFLS_alt) }
                                            95% Confidence Interval
 Group   Psi-hat         Standard Error      Lower           Upper
 -----   --------------  --------------  --------------  --------------
   1      0.1329049       0.0318773       0.0818346       0.2086056    

   CPU Time for the last procedure was 0.06 seconds.     

  Program  MARK  - Survival Rate Estimation with Capture-Recapture Data
   gfortran(dble) Vers. 9.0 Mar 2018     3-Dec-2019 10:57:10    Page  004
 - - - - - - - - - - - - - - - - - - - - - - - - - - - - - - - - - - - - - -
 


  INPUT --- proc stop;

     CPU Time in minutes for this job was 0.00

     Time Start = 10:57:08.952   Time End = 10:57:10.841

     Wall Clock Time in minutes for this job was 0.03


          E X E C U T I O N   S U C C E S S F U L 
