
   Program  MARK  - Survival Rate Estimation with Capture-Recapture Data
   gfortran(dble) Vers. 9.0 Mar 2018     3-Dec-2019 11:05:46    Page  001
 - - - - - - - - - - - - - - - - - - - - - - - - - - - - - - - - - - - - - -
 
   This version was compiled by GCC version 7.2.0 using the options: 
     -cpp -iprefix C:/Program Files/mingw-w64/x86_64-7.2.0-posix-seh-rt_v5-rev1/
     mingw64/bin/../lib/gcc/x86_64-w64-mingw32/7.2.0/ -D_MT -D_REENTRANT
     -U_REENTRANT -D IEEE -D DBLEPRECISION -m64 -mtune=core2 -march=nocona -mthreads
     -O2 -fimplicit-none -fbounds-check -funroll-loops -ftree-vectorize
     -ffpe-summary=invalid,zero,overflow,underflow -fno-unsafe-math-optimizations
     -frounding-math -fsignaling-nans -fopenmp.

   This problem will use 7 of 8 possible threads.


  INPUT --- proc title ;

   CPU Time for the last procedure was 0.01 seconds.     


  INPUT --- proc chmatrix occasions= 3 groups= 1 etype= Occupancy 
  INPUT --- Nodes= 101 icovar = 8 ICMeans  NoHist hist= 138 ;

  INPUT ---    time interval 1 1 1 ;

  INPUT ---     icovariates effort1 effort2 effort3 lwd1 lwd2 lwd3  
  INPUT ---    pctex21 WidDep ;

  INPUT ---    glabel(1)=freq1;

      Number of unique encounter histories read was 138.

      Number of individual covariates read was 8.
      Time interval lengths are all equal to 1.

      Data type number is 27
      Data type is Occupancy Estimation with Detection < 1                                                             

   CPU Time for the last procedure was 0.01 seconds.     

  Program  MARK  - Survival Rate Estimation with Capture-Recapture Data
   gfortran(dble) Vers. 9.0 Mar 2018     3-Dec-2019 11:05:46    Page  002
 - - - - - - - - - - - - - - - - - - - - - - - - - - - - - - - - - - - - - -
 


  INPUT --- proc estimate link=Logit NOLOOP varest=2ndPart    ;


  INPUT --- model={ p(~effort + lwd)Psi(~pctex21 + WidDep) };

  INPUT ---    group=1 p    rows=1 cols=3 Square ;
  INPUT ---        1 2 3 ;

  INPUT ---    group=1 Psi    rows=1 cols=1 Square ;
  INPUT ---        4 ;

  INPUT ---    design matrix constraints=4 covariates=6;
  INPUT ---        1 effort1 lwd1 0 0 0;
  INPUT ---        1 effort2 lwd2 0 0 0;
  INPUT ---        1 effort3 lwd3 0 0 0;
  INPUT ---        0 0 0 1 pctex21 WidDep;
  INPUT ---       blabel(1)=p:(Intercept);
  INPUT ---       blabel(2)=p:effort;
  INPUT ---       blabel(3)=p:lwd;
  INPUT ---       blabel(4)=Psi:(Intercept);
  INPUT ---       blabel(5)=Psi:pctex21;
  INPUT ---       blabel(6)=Psi:WidDep;
  INPUT ---       rlabel(1)=p g1 a0 t1;
  INPUT ---       rlabel(2)=p g1 a1 t2;
  INPUT ---       rlabel(3)=p g1 a2 t3;
  INPUT ---       rlabel(4)=Psi g1 a0 t1;

 Link Function Used is LOGIT        

 Variance Estimation Procedure Used is 2ndPart 
 -2logL(saturated) = 0.0000000     
 Effective Sample Size = 138

 Number of function evaluations was 23 for 6 parameters.
 Time for numerical optimization was 0.05 seconds.     
 -2logL { p(~effort + lwd)Psi(~pctex21 + WidDep) } = 145.71501     
 Penalty { p(~effort + lwd)Psi(~pctex21 + WidDep) } = 0.0000000     
 Gradient { p(~effort + lwd)Psi(~pctex21 + WidDep) }:
  0.2192822E-05  0.4803761E-06  0.6515646E-06  0.1944224E-05  0.9129077E-07
  0.1260788E-05
 Maximum ABS(G) { p(~effort + lwd)Psi(~pctex21 + WidDep) } = 0.2192822E-05 
 S Vector { p(~effort + lwd)Psi(~pctex21 + WidDep) }:
   17.04338      7.609027     0.3889367     0.1971541     0.9273383E-01
  0.1968864E-01
 Time to compute number of parameters was 0.05 seconds.     
 Ratio Threshold = 50.000000       Max Gap (2/3) = 19.563663       Next Max Gap (5/6) = 4.7100159     
 Gap Method for Num. of Estimated Parameters { p(~effort + lwd)Psi(~pctex21 + WidDep) } = 6          
 Threshold { p(~effort + lwd)Psi(~pctex21 + WidDep) } = 0.4385643E-05                 
 Numerical Threshold Method for Num. of Estimated Parameters { p(~effort + lwd)Psi(~pctex21 + WidDep) } = 6          
 Number of Estimated Parameters { p(~effort + lwd)Psi(~pctex21 + WidDep) } = 6          
 DEVIANCE { p(~effort + lwd)Psi(~pctex21 + WidDep) } = 145.71501                     
 DEVIANCE Degrees of Freedom { p(~effort + lwd)Psi(~pctex21 + WidDep) } = 132            
 c-hat { p(~effort + lwd)Psi(~pctex21 + WidDep) } = 1.1039016                     
 AIC { p(~effort + lwd)Psi(~pctex21 + WidDep) } = 157.71501                  
 AICc { p(~effort + lwd)Psi(~pctex21 + WidDep) } = 158.35623                    
 BIC { p(~effort + lwd)Psi(~pctex21 + WidDep) } = 175.27853                    
 Pearson Chisquare { p(~effort + lwd)Psi(~pctex21 + WidDep) } = 599.57707                  

  Program  MARK  - Survival Rate Estimation with Capture-Recapture Data
   gfortran(dble) Vers. 9.0 Mar 2018     3-Dec-2019 11:05:46    Page  003
 - - - - - - - - - - - - - - - - - - - - - - - - - - - - - - - - - - - - - -
 


          LOGIT Link Function Parameters of { p(~effort + lwd)Psi(~pctex21 + WidDep) }
                                                              95% Confidence Interval
 Parameter                    Beta         Standard Error      Lower           Upper
 -------------------------  --------------  --------------  --------------  --------------
    1:p:(Intercept)         -0.7396295       0.7486896      -2.2070611       0.7278020    
    2:p:effort               0.0017405       0.8079419E-03   0.1569213E-03   0.0033241    
    3:p:lwd                  1.1013348       1.2838578      -1.4150266       3.6176962    
    4:Psi:(Intercept)       -0.9620665       0.7390314      -2.4105680       0.4864351    
    5:Psi:pctex21           -0.6423668       0.2300111      -1.0931885      -0.1915451    
    6:Psi:WidDep             0.0189729       0.0540318      -0.0869294       0.1248752    


          Real Function Parameters of { p(~effort + lwd)Psi(~pctex21 + WidDep) }

      Following estimates based on unstandardized individual covariate values:
          Variable   Value         
          ---------  ------------- 
          EFFORT1     906.23188    
          EFFORT2     834.18841    
          EFFORT3     818.18116    
          LWD1        0.2346014    
          LWD2        0.2355072    
          LWD3        0.2114389    
          PCTEX21     4.8306834    
          WIDDEP      13.033426    
                                                               95% Confidence Interval
  Parameter                  Estimate       Standard Error      Lower           Upper
 --------------------------  --------------  --------------  --------------  --------------
     1:p g1 a0 t1             0.7495156       0.0740415       0.5800667       0.8663441                          
     2:p g1 a1 t2             0.7254457       0.0756340       0.5565941       0.8476030                          
     3:p g1 a2 t3             0.7144854       0.0758866       0.5468989       0.8384026                          
     4:Psi g1 a0 t1           0.0215024       0.0208990       0.0031265       0.1334268                          


                      Estimates of Derived Parameters
    Occupancy Estimates of { p(~effort + lwd)Psi(~pctex21 + WidDep) }
                                            95% Confidence Interval
 Group   Psi-hat         Standard Error      Lower           Upper
 -----   --------------  --------------  --------------  --------------
   1      0.0215024       0.0208990       0.0031265       0.1334268    

   CPU Time for the last procedure was 0.09 seconds.     

  Program  MARK  - Survival Rate Estimation with Capture-Recapture Data
   gfortran(dble) Vers. 9.0 Mar 2018     3-Dec-2019 11:05:47    Page  004
 - - - - - - - - - - - - - - - - - - - - - - - - - - - - - - - - - - - - - -
 


  INPUT --- proc stop;

     CPU Time in minutes for this job was 0.00

     Time Start = 11:05:46.888   Time End = 11:05:47.000

     Wall Clock Time in minutes for this job was 0.00


          E X E C U T I O N   S U C C E S S F U L 
