
   Program  MARK  - Survival Rate Estimation with Capture-Recapture Data
   gfortran(dble) Vers. 9.0 Mar 2018     3-Dec-2019 10:56:41    Page  001
 - - - - - - - - - - - - - - - - - - - - - - - - - - - - - - - - - - - - - -
 
   This version was compiled by GCC version 7.2.0 using the options: 
     -cpp -iprefix C:/Program Files/mingw-w64/x86_64-7.2.0-posix-seh-rt_v5-rev1/
     mingw64/bin/../lib/gcc/x86_64-w64-mingw32/7.2.0/ -D_MT -D_REENTRANT
     -U_REENTRANT -D IEEE -D DBLEPRECISION -m64 -mtune=core2 -march=nocona -mthreads
     -O2 -fimplicit-none -fbounds-check -funroll-loops -ftree-vectorize
     -ffpe-summary=invalid,zero,overflow,underflow -fno-unsafe-math-optimizations
     -frounding-math -fsignaling-nans -fopenmp.

   This problem will use 7 of 8 possible threads.


  INPUT --- proc title ;

   CPU Time for the last procedure was 0.01 seconds.     


  INPUT --- proc chmatrix occasions= 3 groups= 1 etype= Occupancy 
  INPUT --- Nodes= 101 icovar = 4 ICMeans  NoHist hist= 138 ;

  INPUT ---    time interval 1 1 1 ;

  INPUT ---     icovariates effort1 effort2 effort3 LWD ;

  INPUT ---    glabel(1)=freq1;

      Number of unique encounter histories read was 138.

      Number of individual covariates read was 4.
      Time interval lengths are all equal to 1.

      Data type number is 27
      Data type is Occupancy Estimation with Detection < 1                                                             

   CPU Time for the last procedure was 0.01 seconds.     

  Program  MARK  - Survival Rate Estimation with Capture-Recapture Data
   gfortran(dble) Vers. 9.0 Mar 2018     3-Dec-2019 10:56:41    Page  002
 - - - - - - - - - - - - - - - - - - - - - - - - - - - - - - - - - - - - - -
 


  INPUT --- proc estimate link=Logit NOLOOP varest=2ndPart    ;


  INPUT --- model={ p(~effort + LWD)Psi(~1) };

  INPUT ---    group=1 p    rows=1 cols=3 Square ;
  INPUT ---        1 2 3 ;

  INPUT ---    group=1 Psi    rows=1 cols=1 Square ;
  INPUT ---        4 ;

  INPUT ---    design matrix constraints=4 covariates=4;
  INPUT ---        1 effort1 LWD 0;
  INPUT ---        1 effort2 LWD 0;
  INPUT ---        1 effort3 LWD 0;
  INPUT ---        0 0 0 1;
  INPUT ---       blabel(1)=p:(Intercept);
  INPUT ---       blabel(2)=p:effort;
  INPUT ---       blabel(3)=p:LWD;
  INPUT ---       blabel(4)=Psi:(Intercept);
  INPUT ---       rlabel(1)=p g1 a0 t1;
  INPUT ---       rlabel(2)=p g1 a1 t2;
  INPUT ---       rlabel(3)=p g1 a2 t3;
  INPUT ---       rlabel(4)=Psi g1 a0 t1;

 Link Function Used is LOGIT        

 Variance Estimation Procedure Used is 2ndPart 
 -2logL(saturated) = 0.0000000     
 Effective Sample Size = 138

 Number of function evaluations was 17 for 4 parameters.
 Time for numerical optimization was 0.05 seconds.     
 -2logL { p(~effort + LWD)Psi(~1) } = 168.09830     
 Penalty { p(~effort + LWD)Psi(~1) } = 0.0000000     
 Gradient { p(~effort + LWD)Psi(~1) }:
  0.9868966E-06   0.000000      0.6274120E-06 -0.6912576E-06
 Maximum ABS(G) { p(~effort + LWD)Psi(~1) } = 0.9868966E-06 
 S Vector { p(~effort + LWD)Psi(~1) }:
   16.51129      8.343326     0.2893065     0.9157564E-01
 Time to compute number of parameters was 0.01 seconds.     
 Ratio Threshold = 50.000000       Max Gap (2/3) = 28.839052       Next Max Gap (3/4) = 3.1592087     
 Gap Method for Num. of Estimated Parameters { p(~effort + LWD)Psi(~1) } = 4          
 Threshold { p(~effort + LWD)Psi(~1) } = 0.1973793E-05                 
 Numerical Threshold Method for Num. of Estimated Parameters { p(~effort + LWD)Psi(~1) } = 4          
 Number of Estimated Parameters { p(~effort + LWD)Psi(~1) } = 4          
 DEVIANCE { p(~effort + LWD)Psi(~1) } = 168.09830                     
 DEVIANCE Degrees of Freedom { p(~effort + LWD)Psi(~1) } = 134            
 c-hat { p(~effort + LWD)Psi(~1) } = 1.2544649                     
 AIC { p(~effort + LWD)Psi(~1) } = 176.09830                  
 AICc { p(~effort + LWD)Psi(~1) } = 176.39905                    
 BIC { p(~effort + LWD)Psi(~1) } = 187.80732                    
 Pearson Chisquare { p(~effort + LWD)Psi(~1) } = 887.86071                  

  Program  MARK  - Survival Rate Estimation with Capture-Recapture Data
   gfortran(dble) Vers. 9.0 Mar 2018     3-Dec-2019 10:56:43    Page  003
 - - - - - - - - - - - - - - - - - - - - - - - - - - - - - - - - - - - - - -
 


                 LOGIT Link Function Parameters of { p(~effort + LWD)Psi(~1) }
                                                              95% Confidence Interval
 Parameter                    Beta         Standard Error      Lower           Upper
 -------------------------  --------------  --------------  --------------  --------------
    1:p:(Intercept)         -0.9326733       0.8436482      -2.5862238       0.7208772    
    2:p:effort               0.0017780       0.7990447E-03   0.2118528E-03   0.0033441    
    3:p:LWD                  2.0400257       1.9040864      -1.6919836       5.7720351    
    4:Psi:(Intercept)       -1.7592445       0.2554480      -2.2599225      -1.2585664    


                 Real Function Parameters of { p(~effort + LWD)Psi(~1) }

      Following estimates based on unstandardized individual covariate values:
          Variable   Value         
          ---------  ------------- 
          EFFORT1     906.23188    
          EFFORT2     834.18841    
          EFFORT3     818.18116    
          LWD         0.2273503    
                                                               95% Confidence Interval
  Parameter                  Estimate       Standard Error      Lower           Upper
 --------------------------  --------------  --------------  --------------  --------------
     1:p g1 a0 t1             0.7581181       0.0711591       0.5943089       0.8702275                          
     2:p g1 a1 t2             0.7338604       0.0721291       0.5721077       0.8504506                          
     3:p g1 a2 t3             0.7282649       0.0724775       0.5666025       0.8460137                          
     4:Psi g1 a0 t1           0.1468850       0.0320101       0.0944970       0.2212208                          


                      Estimates of Derived Parameters
            Occupancy Estimates of { p(~effort + LWD)Psi(~1) }
                                            95% Confidence Interval
 Group   Psi-hat         Standard Error      Lower           Upper
 -----   --------------  --------------  --------------  --------------
   1      0.1468850       0.0320101       0.0944970       0.2212208    

   CPU Time for the last procedure was 0.05 seconds.     

  Program  MARK  - Survival Rate Estimation with Capture-Recapture Data
   gfortran(dble) Vers. 9.0 Mar 2018     3-Dec-2019 10:56:43    Page  004
 - - - - - - - - - - - - - - - - - - - - - - - - - - - - - - - - - - - - - -
 


  INPUT --- proc stop;

     CPU Time in minutes for this job was 0.00

     Time Start = 10:56:41.436   Time End = 10:56:43.607

     Wall Clock Time in minutes for this job was 0.04


          E X E C U T I O N   S U C C E S S F U L 
