
   Program  MARK  - Survival Rate Estimation with Capture-Recapture Data
   gfortran(dble) Vers. 9.0 Mar 2018     3-Dec-2019 11:10:31    Page  001
 - - - - - - - - - - - - - - - - - - - - - - - - - - - - - - - - - - - - - -
 
   This version was compiled by GCC version 7.2.0 using the options: 
     -cpp -iprefix C:/Program Files/mingw-w64/x86_64-7.2.0-posix-seh-rt_v5-rev1/
     mingw64/bin/../lib/gcc/x86_64-w64-mingw32/7.2.0/ -D_MT -D_REENTRANT
     -U_REENTRANT -D IEEE -D DBLEPRECISION -m64 -mtune=core2 -march=nocona -mthreads
     -O2 -fimplicit-none -fbounds-check -funroll-loops -ftree-vectorize
     -ffpe-summary=invalid,zero,overflow,underflow -fno-unsafe-math-optimizations
     -frounding-math -fsignaling-nans -fopenmp.

   This problem will use 7 of 8 possible threads.


  INPUT --- proc title ;

   CPU Time for the last procedure was 0.02 seconds.     


  INPUT --- proc chmatrix occasions= 3 groups= 1 etype= Occupancy 
  INPUT --- Nodes= 101 icovar = 2 ICMeans  NoHist hist= 101 ;

  INPUT ---    time interval 1 1 1 ;

  INPUT ---     icovariates under pctVertbnk ;

  INPUT ---    glabel(1)=freq1;

      Number of unique encounter histories read was 101.

      Number of individual covariates read was 2.
      Time interval lengths are all equal to 1.

      Data type number is 27
      Data type is Occupancy Estimation with Detection < 1                                                             

   CPU Time for the last procedure was 0.01 seconds.     

  Program  MARK  - Survival Rate Estimation with Capture-Recapture Data
   gfortran(dble) Vers. 9.0 Mar 2018     3-Dec-2019 11:10:31    Page  002
 - - - - - - - - - - - - - - - - - - - - - - - - - - - - - - - - - - - - - -
 


  INPUT --- proc estimate link=Logit NOLOOP varest=2ndPart    ;


  INPUT --- model={ p(~under)Psi(~pctVertbnk) };

  INPUT ---    group=1 p    rows=1 cols=3 Square ;
  INPUT ---        1 1 1 ;

  INPUT ---    group=1 Psi    rows=1 cols=1 Square ;
  INPUT ---        2 ;

  INPUT ---    design matrix constraints=2 covariates=4;
  INPUT ---        1 under 0 0;
  INPUT ---        0 0 1 pctVertbnk;
  INPUT ---       blabel(1)=p:(Intercept);
  INPUT ---       blabel(2)=p:under;
  INPUT ---       blabel(3)=Psi:(Intercept);
  INPUT ---       blabel(4)=Psi:pctVertbnk;
  INPUT ---       rlabel(1)=p g1 a0 t1;
  INPUT ---       rlabel(2)=Psi g1 a0 t1;

 Link Function Used is LOGIT        

 Variance Estimation Procedure Used is 2ndPart 
 -2logL(saturated) = 0.0000000     
 Effective Sample Size = 138

 Number of function evaluations was 12 for 4 parameters.
 Time for numerical optimization was 0.01 seconds.     
 -2logL { p(~under)Psi(~pctVertbnk) } = 174.83966     
 Penalty { p(~under)Psi(~pctVertbnk) } = 0.0000000     
 Gradient { p(~under)Psi(~pctVertbnk) }:
   0.000000       0.000000     -0.7025617E-06   0.000000    
 Maximum ABS(G) { p(~under)Psi(~pctVertbnk) } = 0.7025617E-06 
 S Vector { p(~under)Psi(~pctVertbnk) }:
   17.34828      10.14261     0.6785385     0.5189998    
 Time to compute number of parameters was 0.01 seconds.     
 Ratio Threshold = 50.000000       Max Gap (2/3) = 14.947731       Next Max Gap (1/2) = 1.7104349     
 Gap Method for Num. of Estimated Parameters { p(~under)Psi(~pctVertbnk) } = 4          
 Threshold { p(~under)Psi(~pctVertbnk) } = 0.1405123E-05                 
 Numerical Threshold Method for Num. of Estimated Parameters { p(~under)Psi(~pctVertbnk) } = 4          
 Number of Estimated Parameters { p(~under)Psi(~pctVertbnk) } = 4          
 DEVIANCE { p(~under)Psi(~pctVertbnk) } = 174.83966                     
 DEVIANCE Degrees of Freedom { p(~under)Psi(~pctVertbnk) } = 134            
 c-hat { p(~under)Psi(~pctVertbnk) } = 1.3047736                     
 AIC { p(~under)Psi(~pctVertbnk) } = 182.83966                  
 AICc { p(~under)Psi(~pctVertbnk) } = 183.14042                    
 BIC { p(~under)Psi(~pctVertbnk) } = 194.54868                    
 Pearson Chisquare { p(~under)Psi(~pctVertbnk) } = 1057.6267                  


                LOGIT Link Function Parameters of { p(~under)Psi(~pctVertbnk) }
                                                              95% Confidence Interval
 Parameter                    Beta         Standard Error      Lower           Upper
 -------------------------  --------------  --------------  --------------  --------------
    1:p:(Intercept)          0.6288949       0.5235219      -0.3972081       1.6549979    
    2:p:under                0.4130392       0.5470707      -0.6592195       1.4852979    
    3:Psi:(Intercept)       -1.7148485       0.3728835      -2.4457001      -0.9839968    

  Program  MARK  - Survival Rate Estimation with Capture-Recapture Data
   gfortran(dble) Vers. 9.0 Mar 2018     3-Dec-2019 11:10:32    Page  003
 - - - - - - - - - - - - - - - - - - - - - - - - - - - - - - - - - - - - - -
 
    4:Psi:pctVertbnk        -0.0056863       0.0189026      -0.0427355       0.0313629    


                Real Function Parameters of { p(~under)Psi(~pctVertbnk) }

      Following estimates based on unstandardized individual covariate values:
          Variable   Value         
          ---------  ------------- 
          UNDER       0.5466074    
          PCTVERTBNK  15.307971    
                                                               95% Confidence Interval
  Parameter                  Estimate       Standard Error      Lower           Upper
 --------------------------  --------------  --------------  --------------  --------------
     1:p g1 a0 t1             0.7015449       0.0723024       0.5443441       0.8222237                          
     2:Psi g1 a0 t1           0.1416206       0.0304257       0.0917499       0.2122634                          


                      Estimates of Derived Parameters
           Occupancy Estimates of { p(~under)Psi(~pctVertbnk) }
                                            95% Confidence Interval
 Group   Psi-hat         Standard Error      Lower           Upper
 -----   --------------  --------------  --------------  --------------
   1      0.1416206       0.0304257       0.0917499       0.2122634    

   CPU Time for the last procedure was 0.01 seconds.     

  Program  MARK  - Survival Rate Estimation with Capture-Recapture Data
   gfortran(dble) Vers. 9.0 Mar 2018     3-Dec-2019 11:10:33    Page  004
 - - - - - - - - - - - - - - - - - - - - - - - - - - - - - - - - - - - - - -
 


  INPUT --- proc stop;

     CPU Time in minutes for this job was 0.00

     Time Start = 11:10:31.762   Time End = 11:10:33.393

     Wall Clock Time in minutes for this job was 0.03


          E X E C U T I O N   S U C C E S S F U L 
