
   Program  MARK  - Survival Rate Estimation with Capture-Recapture Data
   gfortran(dble) Vers. 9.0 Mar 2018     3-Dec-2019 11:02:53    Page  001
 - - - - - - - - - - - - - - - - - - - - - - - - - - - - - - - - - - - - - -
 
   This version was compiled by GCC version 7.2.0 using the options: 
     -cpp -iprefix C:/Program Files/mingw-w64/x86_64-7.2.0-posix-seh-rt_v5-rev1/
     mingw64/bin/../lib/gcc/x86_64-w64-mingw32/7.2.0/ -D_MT -D_REENTRANT
     -U_REENTRANT -D IEEE -D DBLEPRECISION -m64 -mtune=core2 -march=nocona -mthreads
     -O2 -fimplicit-none -fbounds-check -funroll-loops -ftree-vectorize
     -ffpe-summary=invalid,zero,overflow,underflow -fno-unsafe-math-optimizations
     -frounding-math -fsignaling-nans -fopenmp.

   This problem will use 7 of 8 possible threads.


  INPUT --- proc title ;

   CPU Time for the last procedure was 0.01 seconds.     


  INPUT --- proc chmatrix occasions= 3 groups= 1 etype= Occupancy 
  INPUT --- Nodes= 101 icovar = 6 ICMeans  NoHist hist= 138 ;

  INPUT ---    time interval 1 1 1 ;

  INPUT ---     icovariates effort1 effort2 effort3 under pctex21  
  INPUT ---    pctShade ;

  INPUT ---    glabel(1)=freq1;

      Number of unique encounter histories read was 138.

      Number of individual covariates read was 6.
      Time interval lengths are all equal to 1.

      Data type number is 27
      Data type is Occupancy Estimation with Detection < 1                                                             

   CPU Time for the last procedure was 0.01 seconds.     

  Program  MARK  - Survival Rate Estimation with Capture-Recapture Data
   gfortran(dble) Vers. 9.0 Mar 2018     3-Dec-2019 11:02:53    Page  002
 - - - - - - - - - - - - - - - - - - - - - - - - - - - - - - - - - - - - - -
 


  INPUT --- proc estimate link=Logit NOLOOP varest=2ndPart    ;


  INPUT --- model={ p(~effort + under)Psi(~pctex21 + pctShade) };

  INPUT ---    group=1 p    rows=1 cols=3 Square ;
  INPUT ---        1 2 3 ;

  INPUT ---    group=1 Psi    rows=1 cols=1 Square ;
  INPUT ---        4 ;

  INPUT ---    design matrix constraints=4 covariates=6;
  INPUT ---        1 effort1 under 0 0 0;
  INPUT ---        1 effort2 under 0 0 0;
  INPUT ---        1 effort3 under 0 0 0;
  INPUT ---        0 0 0 1 pctex21 pctShade;
  INPUT ---       blabel(1)=p:(Intercept);
  INPUT ---       blabel(2)=p:effort;
  INPUT ---       blabel(3)=p:under;
  INPUT ---       blabel(4)=Psi:(Intercept);
  INPUT ---       blabel(5)=Psi:pctex21;
  INPUT ---       blabel(6)=Psi:pctShade;
  INPUT ---       rlabel(1)=p g1 a0 t1;
  INPUT ---       rlabel(2)=p g1 a1 t2;
  INPUT ---       rlabel(3)=p g1 a2 t3;
  INPUT ---       rlabel(4)=Psi g1 a0 t1;

 Link Function Used is LOGIT        

 Variance Estimation Procedure Used is 2ndPart 
 -2logL(saturated) = 0.0000000     
 Effective Sample Size = 138

 Number of function evaluations was 27 for 6 parameters.
 Time for numerical optimization was 0.11 seconds.     
 -2logL { p(~effort + under)Psi(~pctex21 + pctShade) } = 145.95733     
 Penalty { p(~effort + under)Psi(~pctex21 + pctShade) } = 0.0000000     
 Gradient { p(~effort + under)Psi(~pctex21 + pctShade) }:
   0.000000      0.2495037E-06  0.2467819E-05  0.2784981E-05  0.2646001E-06
  0.2241245E-05
 Maximum ABS(G) { p(~effort + under)Psi(~pctex21 + pctShade) } = 0.2784981E-05 
 S Vector { p(~effort + under)Psi(~pctex21 + pctShade) }:
   17.75384      8.274811      1.033974     0.4376150     0.9416804E-01
  0.1831761E-01
 Time to compute number of parameters was 0.01 seconds.     
 Ratio Threshold = 50.000000       Max Gap (2/3) = 8.0029181       Next Max Gap (5/6) = 5.1408483     
 Gap Method for Num. of Estimated Parameters { p(~effort + under)Psi(~pctex21 + pctShade) } = 6          
 Threshold { p(~effort + under)Psi(~pctex21 + pctShade) } = 0.5569961E-05                 
 Numerical Threshold Method for Num. of Estimated Parameters { p(~effort + under)Psi(~pctex21 + pctShade) } = 6          
 Number of Estimated Parameters { p(~effort + under)Psi(~pctex21 + pctShade) } = 6          
 DEVIANCE { p(~effort + under)Psi(~pctex21 + pctShade) } = 145.95733                     
 DEVIANCE Degrees of Freedom { p(~effort + under)Psi(~pctex21 + pctShade) } = 132            
 c-hat { p(~effort + under)Psi(~pctex21 + pctShade) } = 1.1057374                     
 AIC { p(~effort + under)Psi(~pctex21 + pctShade) } = 157.95733                  
 AICc { p(~effort + under)Psi(~pctex21 + pctShade) } = 158.59856                    
 BIC { p(~effort + under)Psi(~pctex21 + pctShade) } = 175.52086                    
 Pearson Chisquare { p(~effort + under)Psi(~pctex21 + pctShade) } = 655.04635                  

  Program  MARK  - Survival Rate Estimation with Capture-Recapture Data
   gfortran(dble) Vers. 9.0 Mar 2018     3-Dec-2019 11:02:54    Page  003
 - - - - - - - - - - - - - - - - - - - - - - - - - - - - - - - - - - - - - -
 


        LOGIT Link Function Parameters of { p(~effort + under)Psi(~pctex21 + pctShade) }
                                                              95% Confidence Interval
 Parameter                    Beta         Standard Error      Lower           Upper
 -------------------------  --------------  --------------  --------------  --------------
    1:p:(Intercept)         -0.6458092       0.7985554      -2.2109778       0.9193594    
    2:p:effort               0.0016661       0.8047966E-03   0.8873955E-04   0.0032435    
    3:p:under                0.2258387       0.5974218      -0.9451081       1.3967856    
    4:Psi:(Intercept)       -1.0546088       0.5280854      -2.0896562      -0.0195614    
    5:Psi:pctex21           -0.6660084       0.2384553      -1.1333809      -0.1986360    
    6:Psi:pctShade           0.0070629       0.0090356      -0.0106470       0.0247727    


        Real Function Parameters of { p(~effort + under)Psi(~pctex21 + pctShade) }

      Following estimates based on unstandardized individual covariate values:
          Variable   Value         
          ---------  ------------- 
          EFFORT1     906.23188    
          EFFORT2     834.18841    
          EFFORT3     818.18116    
          UNDER       0.5466074    
          PCTEX21     4.8306834    
          PCTSHADE    48.614931    
                                                               95% Confidence Interval
  Parameter                  Estimate       Standard Error      Lower           Upper
 --------------------------  --------------  --------------  --------------  --------------
     1:p g1 a0 t1             0.7286029       0.0810853       0.5458286       0.8570818                          
     2:p g1 a1 t2             0.7042276       0.0819820       0.5239987       0.8373926                          
     3:p g1 a2 t3             0.6986423       0.0823236       0.5186070       0.8330250                          
     4:Psi g1 a0 t1           0.0192931       0.0195388       0.0025925       0.1295975                          


                      Estimates of Derived Parameters
  Occupancy Estimates of { p(~effort + under)Psi(~pctex21 + pctShade) }
                                            95% Confidence Interval
 Group   Psi-hat         Standard Error      Lower           Upper
 -----   --------------  --------------  --------------  --------------
   1      0.0192931       0.0195388       0.0025925       0.1295975    

   CPU Time for the last procedure was 0.12 seconds.     

  Program  MARK  - Survival Rate Estimation with Capture-Recapture Data
   gfortran(dble) Vers. 9.0 Mar 2018     3-Dec-2019 11:02:54    Page  004
 - - - - - - - - - - - - - - - - - - - - - - - - - - - - - - - - - - - - - -
 


  INPUT --- proc stop;

     CPU Time in minutes for this job was 0.00

     Time Start = 11:02:53.686   Time End = 11:02:54.373

     Wall Clock Time in minutes for this job was 0.01


          E X E C U T I O N   S U C C E S S F U L 
