
   Program  MARK  - Survival Rate Estimation with Capture-Recapture Data
   gfortran(dble) Vers. 9.0 Mar 2018     3-Dec-2019 10:59:57    Page  001
 - - - - - - - - - - - - - - - - - - - - - - - - - - - - - - - - - - - - - -
 
   This version was compiled by GCC version 7.2.0 using the options: 
     -cpp -iprefix C:/Program Files/mingw-w64/x86_64-7.2.0-posix-seh-rt_v5-rev1/
     mingw64/bin/../lib/gcc/x86_64-w64-mingw32/7.2.0/ -D_MT -D_REENTRANT
     -U_REENTRANT -D IEEE -D DBLEPRECISION -m64 -mtune=core2 -march=nocona -mthreads
     -O2 -fimplicit-none -fbounds-check -funroll-loops -ftree-vectorize
     -ffpe-summary=invalid,zero,overflow,underflow -fno-unsafe-math-optimizations
     -frounding-math -fsignaling-nans -fopenmp.

   This problem will use 7 of 8 possible threads.


  INPUT --- proc title ;

   CPU Time for the last procedure was 0.01 seconds.     


  INPUT --- proc chmatrix occasions= 3 groups= 1 etype= Occupancy 
  INPUT --- Nodes= 101 icovar = 5 ICMeans  NoHist hist= 138 ;

  INPUT ---    time interval 1 1 1 ;

  INPUT ---     icovariates lwd1 lwd2 lwd3 pctex21 BRT_100m ;

  INPUT ---    glabel(1)=freq1;

      Number of unique encounter histories read was 138.

      Number of individual covariates read was 5.
      Time interval lengths are all equal to 1.

      Data type number is 27
      Data type is Occupancy Estimation with Detection < 1                                                             

   CPU Time for the last procedure was 0.01 seconds.     

  Program  MARK  - Survival Rate Estimation with Capture-Recapture Data
   gfortran(dble) Vers. 9.0 Mar 2018     3-Dec-2019 10:59:57    Page  002
 - - - - - - - - - - - - - - - - - - - - - - - - - - - - - - - - - - - - - -
 


  INPUT --- proc estimate link=Logit NOLOOP varest=2ndPart    ;


  INPUT --- model={ p(~lwd)Psi(~pctex21 + BRT_100m) };

  INPUT ---    group=1 p    rows=1 cols=3 Square ;
  INPUT ---        1 2 3 ;

  INPUT ---    group=1 Psi    rows=1 cols=1 Square ;
  INPUT ---        4 ;

  INPUT ---    design matrix constraints=4 covariates=5;
  INPUT ---        1 lwd1 0 0 0;
  INPUT ---        1 lwd2 0 0 0;
  INPUT ---        1 lwd3 0 0 0;
  INPUT ---        0 0 1 pctex21 BRT_100m;
  INPUT ---       blabel(1)=p:(Intercept);
  INPUT ---       blabel(2)=p:lwd;
  INPUT ---       blabel(3)=Psi:(Intercept);
  INPUT ---       blabel(4)=Psi:pctex21;
  INPUT ---       blabel(5)=Psi:BRT_100m;
  INPUT ---       rlabel(1)=p g1 a0 t1;
  INPUT ---       rlabel(2)=p g1 a1 t2;
  INPUT ---       rlabel(3)=p g1 a2 t3;
  INPUT ---       rlabel(4)=Psi g1 a0 t1;

 Link Function Used is LOGIT        

 Variance Estimation Procedure Used is 2ndPart 
 -2logL(saturated) = 0.0000000     
 Effective Sample Size = 138

 Number of function evaluations was 22 for 5 parameters.
 Time for numerical optimization was 0.01 seconds.     
 -2logL { p(~lwd)Psi(~pctex21 + BRT_100m) } = 149.99031     
 Penalty { p(~lwd)Psi(~pctex21 + BRT_100m) } = 0.0000000     
 Gradient { p(~lwd)Psi(~pctex21 + BRT_100m) }:
 -0.1063050E-05 -0.7550265E-06 -0.9102360E-06   0.000000       0.000000    
 Maximum ABS(G) { p(~lwd)Psi(~pctex21 + BRT_100m) } = 0.1063050E-05 
 S Vector { p(~lwd)Psi(~pctex21 + BRT_100m) }:
   13.77835      9.573219     0.3933979     0.1888824     0.1840089E-01
 Time to compute number of parameters was 0.01 seconds.     
 Ratio Threshold = 50.000000       Max Gap (2/3) = 24.334697       Next Max Gap (4/5) = 10.264853     
 Gap Method for Num. of Estimated Parameters { p(~lwd)Psi(~pctex21 + BRT_100m) } = 5          
 Threshold { p(~lwd)Psi(~pctex21 + BRT_100m) } = 0.2126100E-05                 
 Numerical Threshold Method for Num. of Estimated Parameters { p(~lwd)Psi(~pctex21 + BRT_100m) } = 5          
 Number of Estimated Parameters { p(~lwd)Psi(~pctex21 + BRT_100m) } = 5          
 DEVIANCE { p(~lwd)Psi(~pctex21 + BRT_100m) } = 149.99031                     
 DEVIANCE Degrees of Freedom { p(~lwd)Psi(~pctex21 + BRT_100m) } = 133            
 c-hat { p(~lwd)Psi(~pctex21 + BRT_100m) } = 1.1277467                     
 AIC { p(~lwd)Psi(~pctex21 + BRT_100m) } = 159.99031                  
 AICc { p(~lwd)Psi(~pctex21 + BRT_100m) } = 160.44485                    
 BIC { p(~lwd)Psi(~pctex21 + BRT_100m) } = 174.62658                    
 Pearson Chisquare { p(~lwd)Psi(~pctex21 + BRT_100m) } = 979.05617                  

  Program  MARK  - Survival Rate Estimation with Capture-Recapture Data
   gfortran(dble) Vers. 9.0 Mar 2018     3-Dec-2019 10:59:58    Page  003
 - - - - - - - - - - - - - - - - - - - - - - - - - - - - - - - - - - - - - -
 


             LOGIT Link Function Parameters of { p(~lwd)Psi(~pctex21 + BRT_100m) }
                                                              95% Confidence Interval
 Parameter                    Beta         Standard Error      Lower           Upper
 -------------------------  --------------  --------------  --------------  --------------
    1:p:(Intercept)          0.7942227       0.3857138       0.0382236       1.5502217    
    2:p:lwd                  0.8721149       1.3091192      -1.6937589       3.4379886    
    3:Psi:(Intercept)       -1.0954440       0.3584980      -1.7981002      -0.3927879    
    4:Psi:pctex21           -0.6231143       0.2379966      -1.0895877      -0.1566408    
    5:Psi:BRT_100m           0.0276241       0.0164787      -0.0046741       0.0599223    


             Real Function Parameters of { p(~lwd)Psi(~pctex21 + BRT_100m) }

      Following estimates based on unstandardized individual covariate values:
          Variable   Value         
          ---------  ------------- 
          LWD1        0.2346014    
          LWD2        0.2355072    
          LWD3        0.2114389    
          PCTEX21     4.8306834    
          BRT_100M    6.7817616    
                                                               95% Confidence Interval
  Parameter                  Estimate       Standard Error      Lower           Upper
 --------------------------  --------------  --------------  --------------  --------------
     1:p g1 a0 t1             0.7308269       0.0661154       0.5842111       0.8399101                          
     2:p g1 a1 t2             0.7309823       0.0661577       0.5842421       0.8401053                          
     3:p g1 a2 t3             0.7268346       0.0652791       0.5827814       0.8352142                          
     4:Psi g1 a0 t1           0.0194900       0.0198953       0.0025766       0.1326595                          


                      Estimates of Derived Parameters
        Occupancy Estimates of { p(~lwd)Psi(~pctex21 + BRT_100m) }
                                            95% Confidence Interval
 Group   Psi-hat         Standard Error      Lower           Upper
 -----   --------------  --------------  --------------  --------------
   1      0.0194900       0.0198953       0.0025766       0.1326595    

   CPU Time for the last procedure was 0.02 seconds.     

  Program  MARK  - Survival Rate Estimation with Capture-Recapture Data
   gfortran(dble) Vers. 9.0 Mar 2018     3-Dec-2019 10:59:58    Page  004
 - - - - - - - - - - - - - - - - - - - - - - - - - - - - - - - - - - - - - -
 


  INPUT --- proc stop;

     CPU Time in minutes for this job was 0.00

     Time Start = 10:59:57.986   Time End = 10:59:58.091

     Wall Clock Time in minutes for this job was 0.00


          E X E C U T I O N   S U C C E S S F U L 
