
   Program  MARK  - Survival Rate Estimation with Capture-Recapture Data
   gfortran(dble) Vers. 9.0 Mar 2018     3-Dec-2019 11:05:08    Page  001
 - - - - - - - - - - - - - - - - - - - - - - - - - - - - - - - - - - - - - -
 
   This version was compiled by GCC version 7.2.0 using the options: 
     -cpp -iprefix C:/Program Files/mingw-w64/x86_64-7.2.0-posix-seh-rt_v5-rev1/
     mingw64/bin/../lib/gcc/x86_64-w64-mingw32/7.2.0/ -D_MT -D_REENTRANT
     -U_REENTRANT -D IEEE -D DBLEPRECISION -m64 -mtune=core2 -march=nocona -mthreads
     -O2 -fimplicit-none -fbounds-check -funroll-loops -ftree-vectorize
     -ffpe-summary=invalid,zero,overflow,underflow -fno-unsafe-math-optimizations
     -frounding-math -fsignaling-nans -fopenmp.

   This problem will use 7 of 8 possible threads.


  INPUT --- proc title ;

   CPU Time for the last procedure was 0.01 seconds.     


  INPUT --- proc chmatrix occasions= 3 groups= 1 etype= Occupancy 
  INPUT --- Nodes= 101 icovar = 5 ICMeans  NoHist hist= 136 ;

  INPUT ---    time interval 1 1 1 ;

  INPUT ---     icovariates undr1 undr2 undr3 pctex21 under ;

  INPUT ---    glabel(1)=freq1;

      Number of unique encounter histories read was 136.

      Number of individual covariates read was 5.
      Time interval lengths are all equal to 1.

      Data type number is 27
      Data type is Occupancy Estimation with Detection < 1                                                             

   CPU Time for the last procedure was 0.01 seconds.     

  Program  MARK  - Survival Rate Estimation with Capture-Recapture Data
   gfortran(dble) Vers. 9.0 Mar 2018     3-Dec-2019 11:05:08    Page  002
 - - - - - - - - - - - - - - - - - - - - - - - - - - - - - - - - - - - - - -
 


  INPUT --- proc estimate link=Logit NOLOOP varest=2ndPart    ;


  INPUT --- model={ p(~undr)Psi(~pctex21 + under) };

  INPUT ---    group=1 p    rows=1 cols=3 Square ;
  INPUT ---        1 2 3 ;

  INPUT ---    group=1 Psi    rows=1 cols=1 Square ;
  INPUT ---        4 ;

  INPUT ---    design matrix constraints=4 covariates=5;
  INPUT ---        1 undr1 0 0 0;
  INPUT ---        1 undr2 0 0 0;
  INPUT ---        1 undr3 0 0 0;
  INPUT ---        0 0 1 pctex21 under;
  INPUT ---       blabel(1)=p:(Intercept);
  INPUT ---       blabel(2)=p:undr;
  INPUT ---       blabel(3)=Psi:(Intercept);
  INPUT ---       blabel(4)=Psi:pctex21;
  INPUT ---       blabel(5)=Psi:under;
  INPUT ---       rlabel(1)=p g1 a0 t1;
  INPUT ---       rlabel(2)=p g1 a1 t2;
  INPUT ---       rlabel(3)=p g1 a2 t3;
  INPUT ---       rlabel(4)=Psi g1 a0 t1;

 Link Function Used is LOGIT        

 Variance Estimation Procedure Used is 2ndPart 
 -2logL(saturated) = 0.0000000     
 Effective Sample Size = 138

 Number of function evaluations was 20 for 5 parameters.
 Time for numerical optimization was 0.02 seconds.     
 -2logL { p(~undr)Psi(~pctex21 + under) } = 151.53289     
 Penalty { p(~undr)Psi(~pctex21 + under) } = 0.0000000     
 Gradient { p(~undr)Psi(~pctex21 + under) }:
   0.000000      0.1342900E-05  0.1901541E-05   0.000000       0.000000    
 Maximum ABS(G) { p(~undr)Psi(~pctex21 + under) } = 0.1901541E-05 
 S Vector { p(~undr)Psi(~pctex21 + under) }:
   15.31882      9.620046     0.9228032     0.3605673     0.2009781E-01
 Time to compute number of parameters was 0.01 seconds.     
 Ratio Threshold = 50.000000       Max Gap (4/5) = 17.940623       Next Max Gap (2/3) = 10.424807     
 Gap Method for Num. of Estimated Parameters { p(~undr)Psi(~pctex21 + under) } = 5          
 Threshold { p(~undr)Psi(~pctex21 + under) } = 0.3803082E-05                 
 Numerical Threshold Method for Num. of Estimated Parameters { p(~undr)Psi(~pctex21 + under) } = 5          
 Number of Estimated Parameters { p(~undr)Psi(~pctex21 + under) } = 5          
 DEVIANCE { p(~undr)Psi(~pctex21 + under) } = 151.53289                     
 DEVIANCE Degrees of Freedom { p(~undr)Psi(~pctex21 + under) } = 133            
 c-hat { p(~undr)Psi(~pctex21 + under) } = 1.1393450                     
 AIC { p(~undr)Psi(~pctex21 + under) } = 161.53289                  
 AICc { p(~undr)Psi(~pctex21 + under) } = 161.98744                    
 BIC { p(~undr)Psi(~pctex21 + under) } = 176.16916                    
 Pearson Chisquare { p(~undr)Psi(~pctex21 + under) } = 838.01059                  

  Program  MARK  - Survival Rate Estimation with Capture-Recapture Data
   gfortran(dble) Vers. 9.0 Mar 2018     3-Dec-2019 11:05:08    Page  003
 - - - - - - - - - - - - - - - - - - - - - - - - - - - - - - - - - - - - - -
 


              LOGIT Link Function Parameters of { p(~undr)Psi(~pctex21 + under) }
                                                              95% Confidence Interval
 Parameter                    Beta         Standard Error      Lower           Upper
 -------------------------  --------------  --------------  --------------  --------------
    1:p:(Intercept)          0.5805914       0.4437657      -0.2891894       1.4503722    
    2:p:undr                 0.5258973       0.4672123      -0.3898387       1.4416334    
    3:Psi:(Intercept)       -1.0061082       0.4421020      -1.8726282      -0.1395882    
    4:Psi:pctex21           -0.5991794       0.2276499      -1.0453732      -0.1529856    
    5:Psi:under              0.2712372       0.4167818      -0.5456551       1.0881296    


              Real Function Parameters of { p(~undr)Psi(~pctex21 + under) }

      Following estimates based on unstandardized individual covariate values:
          Variable   Value         
          ---------  ------------- 
          UNDR1       0.5869565    
          UNDR2       0.5483092    
          UNDR3       0.5042271    
          PCTEX21     4.8306834    
          UNDER       0.5466074    
                                                               95% Confidence Interval
  Parameter                  Estimate       Standard Error      Lower           Upper
 --------------------------  --------------  --------------  --------------  --------------
     1:p g1 a0 t1             0.7087396       0.0676022       0.5615360       0.8221734                          
     2:p g1 a1 t2             0.7045263       0.0685778       0.5555835       0.8197471                          
     3:p g1 a2 t3             0.6996776       0.0699390       0.5481998       0.8172949                          
     4:Psi g1 a0 t1           0.0229259       0.0220278       0.0034030       0.1388480                          


                      Estimates of Derived Parameters
         Occupancy Estimates of { p(~undr)Psi(~pctex21 + under) }
                                            95% Confidence Interval
 Group   Psi-hat         Standard Error      Lower           Upper
 -----   --------------  --------------  --------------  --------------
   1      0.0229259       0.0220278       0.0034030       0.1388480    

   CPU Time for the last procedure was 0.02 seconds.     

  Program  MARK  - Survival Rate Estimation with Capture-Recapture Data
   gfortran(dble) Vers. 9.0 Mar 2018     3-Dec-2019 11:05:08    Page  004
 - - - - - - - - - - - - - - - - - - - - - - - - - - - - - - - - - - - - - -
 


  INPUT --- proc stop;

     CPU Time in minutes for this job was 0.00

     Time Start = 11:05:08.622   Time End = 11:05:08.735

     Wall Clock Time in minutes for this job was 0.00


          E X E C U T I O N   S U C C E S S F U L 
