
   Program  MARK  - Survival Rate Estimation with Capture-Recapture Data
   gfortran(dble) Vers. 9.0 Mar 2018     3-Dec-2019 11:09:05    Page  001
 - - - - - - - - - - - - - - - - - - - - - - - - - - - - - - - - - - - - - -
 
   This version was compiled by GCC version 7.2.0 using the options: 
     -cpp -iprefix C:/Program Files/mingw-w64/x86_64-7.2.0-posix-seh-rt_v5-rev1/
     mingw64/bin/../lib/gcc/x86_64-w64-mingw32/7.2.0/ -D_MT -D_REENTRANT
     -U_REENTRANT -D IEEE -D DBLEPRECISION -m64 -mtune=core2 -march=nocona -mthreads
     -O2 -fimplicit-none -fbounds-check -funroll-loops -ftree-vectorize
     -ffpe-summary=invalid,zero,overflow,underflow -fno-unsafe-math-optimizations
     -frounding-math -fsignaling-nans -fopenmp.

   This problem will use 7 of 8 possible threads.


  INPUT --- proc title ;

   CPU Time for the last procedure was 0.01 seconds.     


  INPUT --- proc chmatrix occasions= 3 groups= 1 etype= Occupancy 
  INPUT --- Nodes= 101 icovar = 2 ICMeans  NoHist hist= 138 ;

  INPUT ---    time interval 1 1 1 ;

  INPUT ---     icovariates under pctSlope ;

  INPUT ---    glabel(1)=freq1;

      Number of unique encounter histories read was 138.

      Number of individual covariates read was 2.
      Time interval lengths are all equal to 1.

      Data type number is 27
      Data type is Occupancy Estimation with Detection < 1                                                             

   CPU Time for the last procedure was 0.02 seconds.     

  Program  MARK  - Survival Rate Estimation with Capture-Recapture Data
   gfortran(dble) Vers. 9.0 Mar 2018     3-Dec-2019 11:09:05    Page  002
 - - - - - - - - - - - - - - - - - - - - - - - - - - - - - - - - - - - - - -
 


  INPUT --- proc estimate link=Logit NOLOOP varest=2ndPart    ;


  INPUT --- model={ p(~under)Psi(~pctSlope) };

  INPUT ---    group=1 p    rows=1 cols=3 Square ;
  INPUT ---        1 1 1 ;

  INPUT ---    group=1 Psi    rows=1 cols=1 Square ;
  INPUT ---        2 ;

  INPUT ---    design matrix constraints=2 covariates=4;
  INPUT ---        1 under 0 0;
  INPUT ---        0 0 1 pctSlope;
  INPUT ---       blabel(1)=p:(Intercept);
  INPUT ---       blabel(2)=p:under;
  INPUT ---       blabel(3)=Psi:(Intercept);
  INPUT ---       blabel(4)=Psi:pctSlope;
  INPUT ---       rlabel(1)=p g1 a0 t1;
  INPUT ---       rlabel(2)=Psi g1 a0 t1;

 Link Function Used is LOGIT        

 Variance Estimation Procedure Used is 2ndPart 
 -2logL(saturated) = 0.0000000     
 Effective Sample Size = 138

 Number of function evaluations was 14 for 4 parameters.
 Time for numerical optimization was 0.01 seconds.     
 -2logL { p(~under)Psi(~pctSlope) } = 174.90832     
 Penalty { p(~under)Psi(~pctSlope) } = 0.0000000     
 Gradient { p(~under)Psi(~pctSlope) }:
 -0.1169659E-05   0.000000      0.1374901E-05  0.1538894E-05
 Maximum ABS(G) { p(~under)Psi(~pctSlope) } = 0.1538894E-05 
 S Vector { p(~under)Psi(~pctSlope) }:
   16.62754      10.13660     0.5197985     0.3998182    
 Time to compute number of parameters was 0.09 seconds.     
 Ratio Threshold = 50.000000       Max Gap (2/3) = 19.501014       Next Max Gap (1/2) = 1.6403468     
 Gap Method for Num. of Estimated Parameters { p(~under)Psi(~pctSlope) } = 4          
 Threshold { p(~under)Psi(~pctSlope) } = 0.3077789E-05                 
 Numerical Threshold Method for Num. of Estimated Parameters { p(~under)Psi(~pctSlope) } = 4          
 Number of Estimated Parameters { p(~under)Psi(~pctSlope) } = 4          
 DEVIANCE { p(~under)Psi(~pctSlope) } = 174.90832                     
 DEVIANCE Degrees of Freedom { p(~under)Psi(~pctSlope) } = 134            
 c-hat { p(~under)Psi(~pctSlope) } = 1.3052859                     
 AIC { p(~under)Psi(~pctSlope) } = 182.90832                  
 AICc { p(~under)Psi(~pctSlope) } = 183.20907                    
 BIC { p(~under)Psi(~pctSlope) } = 194.61733                    
 Pearson Chisquare { p(~under)Psi(~pctSlope) } = 1063.5649                  


                 LOGIT Link Function Parameters of { p(~under)Psi(~pctSlope) }
                                                              95% Confidence Interval
 Parameter                    Beta         Standard Error      Lower           Upper
 -------------------------  --------------  --------------  --------------  --------------
    1:p:(Intercept)          0.6306885       0.5229661      -0.3943251       1.6557020    
    2:p:under                0.4114218       0.5471170      -0.6609275       1.4837712    
    3:Psi:(Intercept)       -1.7745256       0.2992626      -2.3610802      -1.1879710    

  Program  MARK  - Survival Rate Estimation with Capture-Recapture Data
   gfortran(dble) Vers. 9.0 Mar 2018     3-Dec-2019 11:09:07    Page  003
 - - - - - - - - - - - - - - - - - - - - - - - - - - - - - - - - - - - - - -
 
    4:Psi:pctSlope          -0.0045641       0.0299741      -0.0633133       0.0541851    


                 Real Function Parameters of { p(~under)Psi(~pctSlope) }

      Following estimates based on unstandardized individual covariate values:
          Variable   Value         
          ---------  ------------- 
          UNDER       0.5466074    
          PCTSLOPE    5.7132415    
                                                               95% Confidence Interval
  Parameter                  Estimate       Standard Error      Lower           Upper
 --------------------------  --------------  --------------  --------------  --------------
     1:p g1 a0 t1             0.7017353       0.0722003       0.5447451       0.8222533                          
     2:Psi g1 a0 t1           0.1417779       0.0304122       0.0919138       0.2123673                          


                      Estimates of Derived Parameters
            Occupancy Estimates of { p(~under)Psi(~pctSlope) }
                                            95% Confidence Interval
 Group   Psi-hat         Standard Error      Lower           Upper
 -----   --------------  --------------  --------------  --------------
   1      0.1417779       0.0304122       0.0919138       0.2123673    

   CPU Time for the last procedure was 0.09 seconds.     

  Program  MARK  - Survival Rate Estimation with Capture-Recapture Data
   gfortran(dble) Vers. 9.0 Mar 2018     3-Dec-2019 11:09:07    Page  004
 - - - - - - - - - - - - - - - - - - - - - - - - - - - - - - - - - - - - - -
 


  INPUT --- proc stop;

     CPU Time in minutes for this job was 0.00

     Time Start = 11:09:05.776   Time End = 11:09:07.120

     Wall Clock Time in minutes for this job was 0.02


          E X E C U T I O N   S U C C E S S F U L 
