
   Program  MARK  - Survival Rate Estimation with Capture-Recapture Data
   gfortran(dble) Vers. 9.0 Mar 2018     3-Dec-2019 11:05:49    Page  001
 - - - - - - - - - - - - - - - - - - - - - - - - - - - - - - - - - - - - - -
 
   This version was compiled by GCC version 7.2.0 using the options: 
     -cpp -iprefix C:/Program Files/mingw-w64/x86_64-7.2.0-posix-seh-rt_v5-rev1/
     mingw64/bin/../lib/gcc/x86_64-w64-mingw32/7.2.0/ -D_MT -D_REENTRANT
     -U_REENTRANT -D IEEE -D DBLEPRECISION -m64 -mtune=core2 -march=nocona -mthreads
     -O2 -fimplicit-none -fbounds-check -funroll-loops -ftree-vectorize
     -ffpe-summary=invalid,zero,overflow,underflow -fno-unsafe-math-optimizations
     -frounding-math -fsignaling-nans -fopenmp.

   This problem will use 7 of 8 possible threads.


  INPUT --- proc title ;

   CPU Time for the last procedure was 0.01 seconds.     


  INPUT --- proc chmatrix occasions= 3 groups= 1 etype= Occupancy 
  INPUT --- Nodes= 101 icovar = 8 ICMeans  NoHist hist= 138 ;

  INPUT ---    time interval 1 1 1 ;

  INPUT ---     icovariates effort1 effort2 effort3 mxdep1 mxdep2 mxdep3  
  INPUT ---    pctex21 WidDep ;

  INPUT ---    glabel(1)=freq1;

      Number of unique encounter histories read was 138.

      Number of individual covariates read was 8.
      Time interval lengths are all equal to 1.

      Data type number is 27
      Data type is Occupancy Estimation with Detection < 1                                                             

   CPU Time for the last procedure was 0.02 seconds.     

  Program  MARK  - Survival Rate Estimation with Capture-Recapture Data
   gfortran(dble) Vers. 9.0 Mar 2018     3-Dec-2019 11:05:49    Page  002
 - - - - - - - - - - - - - - - - - - - - - - - - - - - - - - - - - - - - - -
 


  INPUT --- proc estimate link=Logit NOLOOP varest=2ndPart    ;


  INPUT --- model={ p(~effort + mxdep)Psi(~pctex21 + WidDep) };

  INPUT ---    group=1 p    rows=1 cols=3 Square ;
  INPUT ---        1 2 3 ;

  INPUT ---    group=1 Psi    rows=1 cols=1 Square ;
  INPUT ---        4 ;

  INPUT ---    design matrix constraints=4 covariates=6;
  INPUT ---        1 effort1 mxdep1 0 0 0;
  INPUT ---        1 effort2 mxdep2 0 0 0;
  INPUT ---        1 effort3 mxdep3 0 0 0;
  INPUT ---        0 0 0 1 pctex21 WidDep;
  INPUT ---       blabel(1)=p:(Intercept);
  INPUT ---       blabel(2)=p:effort;
  INPUT ---       blabel(3)=p:mxdep;
  INPUT ---       blabel(4)=Psi:(Intercept);
  INPUT ---       blabel(5)=Psi:pctex21;
  INPUT ---       blabel(6)=Psi:WidDep;
  INPUT ---       rlabel(1)=p g1 a0 t1;
  INPUT ---       rlabel(2)=p g1 a1 t2;
  INPUT ---       rlabel(3)=p g1 a2 t3;
  INPUT ---       rlabel(4)=Psi g1 a0 t1;

 Link Function Used is LOGIT        

 Variance Estimation Procedure Used is 2ndPart 
 -2logL(saturated) = 0.0000000     
 Effective Sample Size = 138

 Number of function evaluations was 36 for 6 parameters.
 Time for numerical optimization was 0.03 seconds.     
 -2logL { p(~effort + mxdep)Psi(~pctex21 + WidDep) } = 144.79654     
 Penalty { p(~effort + mxdep)Psi(~pctex21 + WidDep) } = 0.0000000     
 Gradient { p(~effort + mxdep)Psi(~pctex21 + WidDep) }:
  0.8039705E-06 -0.3707819E-06   0.000000      0.1865091E-05  0.9186814E-07
  0.2274781E-05
 Maximum ABS(G) { p(~effort + mxdep)Psi(~pctex21 + WidDep) } = 0.2274781E-05 
 S Vector { p(~effort + mxdep)Psi(~pctex21 + WidDep) }:
   16.96835      7.662457     0.3938414     0.1163997     0.1978461E-01
  0.8517013E-03
 Time to compute number of parameters was 0.01 seconds.     
 Ratio Threshold = 50.000000       Max Gap (5/6) = 23.229523       Next Max Gap (2/3) = 19.455691     
 Gap Method for Num. of Estimated Parameters { p(~effort + mxdep)Psi(~pctex21 + WidDep) } = 6          
 Threshold { p(~effort + mxdep)Psi(~pctex21 + WidDep) } = 0.4549563E-05                 
 Numerical Threshold Method for Num. of Estimated Parameters { p(~effort + mxdep)Psi(~pctex21 + WidDep) } = 6          
 Number of Estimated Parameters { p(~effort + mxdep)Psi(~pctex21 + WidDep) } = 6          
 DEVIANCE { p(~effort + mxdep)Psi(~pctex21 + WidDep) } = 144.79654                     
 DEVIANCE Degrees of Freedom { p(~effort + mxdep)Psi(~pctex21 + WidDep) } = 132            
 c-hat { p(~effort + mxdep)Psi(~pctex21 + WidDep) } = 1.0969435                     
 AIC { p(~effort + mxdep)Psi(~pctex21 + WidDep) } = 156.79654                  
 AICc { p(~effort + mxdep)Psi(~pctex21 + WidDep) } = 157.43776                    
 BIC { p(~effort + mxdep)Psi(~pctex21 + WidDep) } = 174.36006                    
 Pearson Chisquare { p(~effort + mxdep)Psi(~pctex21 + WidDep) } = 606.81410                  

  Program  MARK  - Survival Rate Estimation with Capture-Recapture Data
   gfortran(dble) Vers. 9.0 Mar 2018     3-Dec-2019 11:05:50    Page  003
 - - - - - - - - - - - - - - - - - - - - - - - - - - - - - - - - - - - - - -
 


         LOGIT Link Function Parameters of { p(~effort + mxdep)Psi(~pctex21 + WidDep) }
                                                              95% Confidence Interval
 Parameter                    Beta         Standard Error      Lower           Upper
 -------------------------  --------------  --------------  --------------  --------------
    1:p:(Intercept)         -1.3724113       0.9784179      -3.2901105       0.5452879    
    2:p:effort               0.0010391       0.8215181E-03  -0.5710268E-03   0.0026493    
    3:p:mxdep                2.7767846       2.1388701      -1.4154008       6.9689701    
    4:Psi:(Intercept)       -1.0453138       0.7265729      -2.4693967       0.3787691    
    5:Psi:pctex21           -0.6381268       0.2294673      -1.0878827      -0.1883709    
    6:Psi:WidDep             0.0250452       0.0539584      -0.0807133       0.1308036    


         Real Function Parameters of { p(~effort + mxdep)Psi(~pctex21 + WidDep) }

      Following estimates based on unstandardized individual covariate values:
          Variable   Value         
          ---------  ------------- 
          EFFORT1     906.23188    
          EFFORT2     834.18841    
          EFFORT3     818.18116    
          MXDEP1      0.5167391    
          MXDEP2      0.4846377    
          MXDEP3      0.6304348    
          PCTEX21     4.8306834    
          WIDDEP      13.033426    
                                                               95% Confidence Interval
  Parameter                  Estimate       Standard Error      Lower           Upper
 --------------------------  --------------  --------------  --------------  --------------
     1:p g1 a0 t1             0.7318780       0.0744457       0.5647830       0.8516683                          
     2:p g1 a1 t2             0.6985008       0.0773201       0.5301041       0.8263212                          
     3:p g1 a2 t3             0.7735353       0.0828211       0.5748655       0.8961383                          
     4:Psi g1 a0 t1           0.0218497       0.0212007       0.0031862       0.1350285                          


                      Estimates of Derived Parameters
   Occupancy Estimates of { p(~effort + mxdep)Psi(~pctex21 + WidDep) }
                                            95% Confidence Interval
 Group   Psi-hat         Standard Error      Lower           Upper
 -----   --------------  --------------  --------------  --------------
   1      0.0218497       0.0212007       0.0031862       0.1350285    

   CPU Time for the last procedure was 0.03 seconds.     

  Program  MARK  - Survival Rate Estimation with Capture-Recapture Data
   gfortran(dble) Vers. 9.0 Mar 2018     3-Dec-2019 11:05:50    Page  004
 - - - - - - - - - - - - - - - - - - - - - - - - - - - - - - - - - - - - - -
 


  INPUT --- proc stop;

     CPU Time in minutes for this job was 0.00

     Time Start = 11:05:49.803   Time End = 11:05:50.501

     Wall Clock Time in minutes for this job was 0.01


          E X E C U T I O N   S U C C E S S F U L 
