
   Program  MARK  - Survival Rate Estimation with Capture-Recapture Data
   gfortran(dble) Vers. 9.0 Mar 2018     3-Dec-2019 11:02:18    Page  001
 - - - - - - - - - - - - - - - - - - - - - - - - - - - - - - - - - - - - - -
 
   This version was compiled by GCC version 7.2.0 using the options: 
     -cpp -iprefix C:/Program Files/mingw-w64/x86_64-7.2.0-posix-seh-rt_v5-rev1/
     mingw64/bin/../lib/gcc/x86_64-w64-mingw32/7.2.0/ -D_MT -D_REENTRANT
     -U_REENTRANT -D IEEE -D DBLEPRECISION -m64 -mtune=core2 -march=nocona -mthreads
     -O2 -fimplicit-none -fbounds-check -funroll-loops -ftree-vectorize
     -ffpe-summary=invalid,zero,overflow,underflow -fno-unsafe-math-optimizations
     -frounding-math -fsignaling-nans -fopenmp.

   This problem will use 7 of 8 possible threads.


  INPUT --- proc title ;

   CPU Time for the last procedure was 0.01 seconds.     


  INPUT --- proc chmatrix occasions= 3 groups= 1 etype= Occupancy 
  INPUT --- Nodes= 101 icovar = 8 ICMeans  NoHist hist= 138 ;

  INPUT ---    time interval 1 1 1 ;

  INPUT ---     icovariates effort1 effort2 effort3 lwd1 lwd2 lwd3  
  INPUT ---    pctex21 pctrock ;

  INPUT ---    glabel(1)=freq1;

      Number of unique encounter histories read was 138.

      Number of individual covariates read was 8.
      Time interval lengths are all equal to 1.

      Data type number is 27
      Data type is Occupancy Estimation with Detection < 1                                                             

   CPU Time for the last procedure was 0.01 seconds.     

  Program  MARK  - Survival Rate Estimation with Capture-Recapture Data
   gfortran(dble) Vers. 9.0 Mar 2018     3-Dec-2019 11:02:18    Page  002
 - - - - - - - - - - - - - - - - - - - - - - - - - - - - - - - - - - - - - -
 


  INPUT --- proc estimate link=Logit NOLOOP varest=2ndPart    ;


  INPUT --- model={ p(~effort + lwd)Psi(~pctex21 + pctrock) };

  INPUT ---    group=1 p    rows=1 cols=3 Square ;
  INPUT ---        1 2 3 ;

  INPUT ---    group=1 Psi    rows=1 cols=1 Square ;
  INPUT ---        4 ;

  INPUT ---    design matrix constraints=4 covariates=6;
  INPUT ---        1 effort1 lwd1 0 0 0;
  INPUT ---        1 effort2 lwd2 0 0 0;
  INPUT ---        1 effort3 lwd3 0 0 0;
  INPUT ---        0 0 0 1 pctex21 pctrock;
  INPUT ---       blabel(1)=p:(Intercept);
  INPUT ---       blabel(2)=p:effort;
  INPUT ---       blabel(3)=p:lwd;
  INPUT ---       blabel(4)=Psi:(Intercept);
  INPUT ---       blabel(5)=Psi:pctex21;
  INPUT ---       blabel(6)=Psi:pctrock;
  INPUT ---       rlabel(1)=p g1 a0 t1;
  INPUT ---       rlabel(2)=p g1 a1 t2;
  INPUT ---       rlabel(3)=p g1 a2 t3;
  INPUT ---       rlabel(4)=Psi g1 a0 t1;

 Link Function Used is LOGIT        

 Variance Estimation Procedure Used is 2ndPart 
 -2logL(saturated) = 0.0000000     
 Effective Sample Size = 138

 Number of function evaluations was 24 for 6 parameters.
 Time for numerical optimization was 0.02 seconds.     
 -2logL { p(~effort + lwd)Psi(~pctex21 + pctrock) } = 144.23442     
 Penalty { p(~effort + lwd)Psi(~pctex21 + pctrock) } = 0.0000000     
 Gradient { p(~effort + lwd)Psi(~pctex21 + pctrock) }:
  0.1103239E-05  0.2418763E-06 -0.6431493E-06  0.1402489E-05  0.8989854E-07
  0.1565706E-05
 Maximum ABS(G) { p(~effort + lwd)Psi(~pctex21 + pctrock) } = 0.1565706E-05 
 S Vector { p(~effort + lwd)Psi(~pctex21 + pctrock) }:
   20.66790      7.744876     0.4746010     0.1985690     0.9423912E-01
  0.1965749E-01
 Time to compute number of parameters was 0.06 seconds.     
 Ratio Threshold = 50.000000       Max Gap (2/3) = 16.318711       Next Max Gap (5/6) = 4.7940563     
 Gap Method for Num. of Estimated Parameters { p(~effort + lwd)Psi(~pctex21 + pctrock) } = 6          
 Threshold { p(~effort + lwd)Psi(~pctex21 + pctrock) } = 0.3131413E-05                 
 Numerical Threshold Method for Num. of Estimated Parameters { p(~effort + lwd)Psi(~pctex21 + pctrock) } = 6          
 Number of Estimated Parameters { p(~effort + lwd)Psi(~pctex21 + pctrock) } = 6          
 DEVIANCE { p(~effort + lwd)Psi(~pctex21 + pctrock) } = 144.23442                     
 DEVIANCE Degrees of Freedom { p(~effort + lwd)Psi(~pctex21 + pctrock) } = 132            
 c-hat { p(~effort + lwd)Psi(~pctex21 + pctrock) } = 1.0926850                     
 AIC { p(~effort + lwd)Psi(~pctex21 + pctrock) } = 156.23442                  
 AICc { p(~effort + lwd)Psi(~pctex21 + pctrock) } = 156.87564                    
 BIC { p(~effort + lwd)Psi(~pctex21 + pctrock) } = 173.79794                    
 Pearson Chisquare { p(~effort + lwd)Psi(~pctex21 + pctrock) } = 646.13279                  

  Program  MARK  - Survival Rate Estimation with Capture-Recapture Data
   gfortran(dble) Vers. 9.0 Mar 2018     3-Dec-2019 11:02:18    Page  003
 - - - - - - - - - - - - - - - - - - - - - - - - - - - - - - - - - - - - - -
 


         LOGIT Link Function Parameters of { p(~effort + lwd)Psi(~pctex21 + pctrock) }
                                                              95% Confidence Interval
 Parameter                    Beta         Standard Error      Lower           Upper
 -------------------------  --------------  --------------  --------------  --------------
    1:p:(Intercept)         -0.7288624       0.7449178      -2.1889013       0.7311764    
    2:p:effort               0.0017266       0.8012374E-03   0.1561640E-03   0.0032970    
    3:p:lwd                  1.1232222       1.2810842      -1.3877029       3.6341473    
    4:Psi:(Intercept)       -1.7199482       0.8915606      -3.4674070       0.0275107    
    5:Psi:pctex21           -0.6528150       0.2302231      -1.1040524      -0.2015776    
    6:Psi:pctrock            0.0143641       0.0117686      -0.0087023       0.0374304    


         Real Function Parameters of { p(~effort + lwd)Psi(~pctex21 + pctrock) }

      Following estimates based on unstandardized individual covariate values:
          Variable   Value         
          ---------  ------------- 
          EFFORT1     906.23188    
          EFFORT2     834.18841    
          EFFORT3     818.18116    
          LWD1        0.2346014    
          LWD2        0.2355072    
          LWD3        0.2114389    
          PCTEX21     4.8306834    
          PCTROCK     68.678238    
                                                               95% Confidence Interval
  Parameter                  Estimate       Standard Error      Lower           Upper
 --------------------------  --------------  --------------  --------------  --------------
     1:p g1 a0 t1             0.7501359       0.0737020       0.5814250       0.8664639                          
     2:p g1 a1 t2             0.7263069       0.0752049       0.5583463       0.8478036                          
     3:p g1 a2 t3             0.7153055       0.0754726       0.5485702       0.8385788                          
     4:Psi g1 a0 t1           0.0200949       0.0196578       0.0028898       0.1267174                          


                      Estimates of Derived Parameters
    Occupancy Estimates of { p(~effort + lwd)Psi(~pctex21 + pctrock) }
                                            95% Confidence Interval
 Group   Psi-hat         Standard Error      Lower           Upper
 -----   --------------  --------------  --------------  --------------
   1      0.0200949       0.0196578       0.0028898       0.1267174    

   CPU Time for the last procedure was 0.08 seconds.     

  Program  MARK  - Survival Rate Estimation with Capture-Recapture Data
   gfortran(dble) Vers. 9.0 Mar 2018     3-Dec-2019 11:02:18    Page  004
 - - - - - - - - - - - - - - - - - - - - - - - - - - - - - - - - - - - - - -
 


  INPUT --- proc stop;

     CPU Time in minutes for this job was 0.00

     Time Start = 11:02:18.188   Time End = 11:02:18.300

     Wall Clock Time in minutes for this job was 0.00


          E X E C U T I O N   S U C C E S S F U L 
