
   Program  MARK  - Survival Rate Estimation with Capture-Recapture Data
   gfortran(dble) Vers. 9.0 Mar 2018     3-Dec-2019 10:55:40    Page  001
 - - - - - - - - - - - - - - - - - - - - - - - - - - - - - - - - - - - - - -
 
   This version was compiled by GCC version 7.2.0 using the options: 
     -cpp -iprefix C:/Program Files/mingw-w64/x86_64-7.2.0-posix-seh-rt_v5-rev1/
     mingw64/bin/../lib/gcc/x86_64-w64-mingw32/7.2.0/ -D_MT -D_REENTRANT
     -U_REENTRANT -D IEEE -D DBLEPRECISION -m64 -mtune=core2 -march=nocona -mthreads
     -O2 -fimplicit-none -fbounds-check -funroll-loops -ftree-vectorize
     -ffpe-summary=invalid,zero,overflow,underflow -fno-unsafe-math-optimizations
     -frounding-math -fsignaling-nans -fopenmp.

   This problem will use 7 of 8 possible threads.


  INPUT --- proc title ;

   CPU Time for the last procedure was 0.01 seconds.     


  INPUT --- proc chmatrix occasions= 3 groups= 1 etype= Occupancy 
  INPUT --- Nodes= 101 icovar = 5 ICMeans  NoHist hist= 138 ;

  INPUT ---    time interval 1 1 1 ;

  INPUT ---     icovariates effort1 effort2 effort3 under BRT_100m ;

  INPUT ---    glabel(1)=freq1;

      Number of unique encounter histories read was 138.

      Number of individual covariates read was 5.
      Time interval lengths are all equal to 1.

      Data type number is 27
      Data type is Occupancy Estimation with Detection < 1                                                             

   CPU Time for the last procedure was 0.01 seconds.     

  Program  MARK  - Survival Rate Estimation with Capture-Recapture Data
   gfortran(dble) Vers. 9.0 Mar 2018     3-Dec-2019 10:55:40    Page  002
 - - - - - - - - - - - - - - - - - - - - - - - - - - - - - - - - - - - - - -
 


  INPUT --- proc estimate link=Logit NOLOOP varest=2ndPart    ;


  INPUT --- model={ p(~effort + under)Psi(~BRT_100m) };

  INPUT ---    group=1 p    rows=1 cols=3 Square ;
  INPUT ---        1 2 3 ;

  INPUT ---    group=1 Psi    rows=1 cols=1 Square ;
  INPUT ---        4 ;

  INPUT ---    design matrix constraints=4 covariates=5;
  INPUT ---        1 effort1 under 0 0;
  INPUT ---        1 effort2 under 0 0;
  INPUT ---        1 effort3 under 0 0;
  INPUT ---        0 0 0 1 BRT_100m;
  INPUT ---       blabel(1)=p:(Intercept);
  INPUT ---       blabel(2)=p:effort;
  INPUT ---       blabel(3)=p:under;
  INPUT ---       blabel(4)=Psi:(Intercept);
  INPUT ---       blabel(5)=Psi:BRT_100m;
  INPUT ---       rlabel(1)=p g1 a0 t1;
  INPUT ---       rlabel(2)=p g1 a1 t2;
  INPUT ---       rlabel(3)=p g1 a2 t3;
  INPUT ---       rlabel(4)=Psi g1 a0 t1;

 Link Function Used is LOGIT        

 Variance Estimation Procedure Used is 2ndPart 
 -2logL(saturated) = 0.0000000     
 Effective Sample Size = 138

 Number of function evaluations was 17 for 5 parameters.
 Time for numerical optimization was 0.09 seconds.     
 -2logL { p(~effort + under)Psi(~BRT_100m) } = 163.82195     
 Penalty { p(~effort + under)Psi(~BRT_100m) } = 0.0000000     
 Gradient { p(~effort + under)Psi(~BRT_100m) }:
  0.1346458E-05  0.5501613E-06   0.000000      0.1227898E-05  0.4244229E-06
 Maximum ABS(G) { p(~effort + under)Psi(~BRT_100m) } = 0.1346458E-05 
 S Vector { p(~effort + under)Psi(~BRT_100m) }:
   15.77376      9.324253     0.5003114     0.4037104     0.1041801    
 Time to compute number of parameters was 0.01 seconds.     
 Ratio Threshold = 50.000000       Max Gap (2/3) = 18.636901       Next Max Gap (4/5) = 3.8751215     
 Gap Method for Num. of Estimated Parameters { p(~effort + under)Psi(~BRT_100m) } = 5          
 Threshold { p(~effort + under)Psi(~BRT_100m) } = 0.2692917E-05                 
 Numerical Threshold Method for Num. of Estimated Parameters { p(~effort + under)Psi(~BRT_100m) } = 5          
 Number of Estimated Parameters { p(~effort + under)Psi(~BRT_100m) } = 5          
 DEVIANCE { p(~effort + under)Psi(~BRT_100m) } = 163.82195                     
 DEVIANCE Degrees of Freedom { p(~effort + under)Psi(~BRT_100m) } = 133            
 c-hat { p(~effort + under)Psi(~BRT_100m) } = 1.2317440                     
 AIC { p(~effort + under)Psi(~BRT_100m) } = 173.82195                  
 AICc { p(~effort + under)Psi(~BRT_100m) } = 174.27649                    
 BIC { p(~effort + under)Psi(~BRT_100m) } = 188.45821                    
 Pearson Chisquare { p(~effort + under)Psi(~BRT_100m) } = 762.50966                  

  Program  MARK  - Survival Rate Estimation with Capture-Recapture Data
   gfortran(dble) Vers. 9.0 Mar 2018     3-Dec-2019 10:55:40    Page  003
 - - - - - - - - - - - - - - - - - - - - - - - - - - - - - - - - - - - - - -
 


             LOGIT Link Function Parameters of { p(~effort + under)Psi(~BRT_100m) }
                                                              95% Confidence Interval
 Parameter                    Beta         Standard Error      Lower           Upper
 -------------------------  --------------  --------------  --------------  --------------
    1:p:(Intercept)         -0.4165671       0.7263952      -1.8403017       1.0071676    
    2:p:effort               0.0014879       0.7654864E-03  -0.1244451E-04   0.0029883    
    3:p:under                0.1992245       0.5623805      -0.9030412       1.3014903    
    4:Psi:(Intercept)       -2.1066898       0.3100369      -2.7143622      -1.4990174    
    5:Psi:BRT_100m           0.0363414       0.0162968       0.0043996       0.0682832    


             Real Function Parameters of { p(~effort + under)Psi(~BRT_100m) }

      Following estimates based on unstandardized individual covariate values:
          Variable   Value         
          ---------  ------------- 
          EFFORT1     906.23188    
          EFFORT2     834.18841    
          EFFORT3     818.18116    
          UNDER       0.5466074    
          BRT_100M    6.7817616    
                                                               95% Confidence Interval
  Parameter                  Estimate       Standard Error      Lower           Upper
 --------------------------  --------------  --------------  --------------  --------------
     1:p g1 a0 t1             0.7389891       0.0768139       0.5646790       0.8607182                          
     2:p g1 a1 t2             0.7177902       0.0766539       0.5478134       0.8422697                          
     3:p g1 a2 t3             0.7129407       0.0767393       0.5435828       0.8381659                          
     4:Psi g1 a0 t1           0.1346761       0.0309546       0.0846455       0.2075722                          


                      Estimates of Derived Parameters
       Occupancy Estimates of { p(~effort + under)Psi(~BRT_100m) }
                                            95% Confidence Interval
 Group   Psi-hat         Standard Error      Lower           Upper
 -----   --------------  --------------  --------------  --------------
   1      0.1346761       0.0309546       0.0846455       0.2075722    

   CPU Time for the last procedure was 0.09 seconds.     

  Program  MARK  - Survival Rate Estimation with Capture-Recapture Data
   gfortran(dble) Vers. 9.0 Mar 2018     3-Dec-2019 10:55:40    Page  004
 - - - - - - - - - - - - - - - - - - - - - - - - - - - - - - - - - - - - - -
 


  INPUT --- proc stop;

     CPU Time in minutes for this job was 0.00

     Time Start = 10:55:40.211   Time End = 10:55:40.896

     Wall Clock Time in minutes for this job was 0.01


          E X E C U T I O N   S U C C E S S F U L 
