
   Program  MARK  - Survival Rate Estimation with Capture-Recapture Data
   gfortran(dble) Vers. 9.0 Mar 2018     3-Dec-2019 11:10:52    Page  001
 - - - - - - - - - - - - - - - - - - - - - - - - - - - - - - - - - - - - - -
 
   This version was compiled by GCC version 7.2.0 using the options: 
     -cpp -iprefix C:/Program Files/mingw-w64/x86_64-7.2.0-posix-seh-rt_v5-rev1/
     mingw64/bin/../lib/gcc/x86_64-w64-mingw32/7.2.0/ -D_MT -D_REENTRANT
     -U_REENTRANT -D IEEE -D DBLEPRECISION -m64 -mtune=core2 -march=nocona -mthreads
     -O2 -fimplicit-none -fbounds-check -funroll-loops -ftree-vectorize
     -ffpe-summary=invalid,zero,overflow,underflow -fno-unsafe-math-optimizations
     -frounding-math -fsignaling-nans -fopenmp.

   This problem will use 7 of 8 possible threads.


  INPUT --- proc title ;

   CPU Time for the last procedure was 0.01 seconds.     


  INPUT --- proc chmatrix occasions= 3 groups= 1 etype= Occupancy 
  INPUT --- Nodes= 101 icovar = 4 ICMeans  NoHist hist= 138 ;

  INPUT ---    time interval 1 1 1 ;

  INPUT ---     icovariates mxdep1 mxdep2 mxdep3 WidDep ;

  INPUT ---    glabel(1)=freq1;

      Number of unique encounter histories read was 138.

      Number of individual covariates read was 4.
      Time interval lengths are all equal to 1.

      Data type number is 27
      Data type is Occupancy Estimation with Detection < 1                                                             

   CPU Time for the last procedure was 0.01 seconds.     

  Program  MARK  - Survival Rate Estimation with Capture-Recapture Data
   gfortran(dble) Vers. 9.0 Mar 2018     3-Dec-2019 11:10:52    Page  002
 - - - - - - - - - - - - - - - - - - - - - - - - - - - - - - - - - - - - - -
 


  INPUT --- proc estimate link=Logit NOLOOP varest=2ndPart    ;


  INPUT --- model={ p(~mxdep)Psi(~WidDep) };

  INPUT ---    group=1 p    rows=1 cols=3 Square ;
  INPUT ---        1 2 3 ;

  INPUT ---    group=1 Psi    rows=1 cols=1 Square ;
  INPUT ---        4 ;

  INPUT ---    design matrix constraints=4 covariates=4;
  INPUT ---        1 mxdep1 0 0;
  INPUT ---        1 mxdep2 0 0;
  INPUT ---        1 mxdep3 0 0;
  INPUT ---        0 0 1 WidDep;
  INPUT ---       blabel(1)=p:(Intercept);
  INPUT ---       blabel(2)=p:mxdep;
  INPUT ---       blabel(3)=Psi:(Intercept);
  INPUT ---       blabel(4)=Psi:WidDep;
  INPUT ---       rlabel(1)=p g1 a0 t1;
  INPUT ---       rlabel(2)=p g1 a1 t2;
  INPUT ---       rlabel(3)=p g1 a2 t3;
  INPUT ---       rlabel(4)=Psi g1 a0 t1;

 Link Function Used is LOGIT        

 Variance Estimation Procedure Used is 2ndPart 
 -2logL(saturated) = 0.0000000     
 Effective Sample Size = 138

 Number of function evaluations was 22 for 4 parameters.
 Time for numerical optimization was 0.01 seconds.     
 -2logL { p(~mxdep)Psi(~WidDep) } = 169.45122     
 Penalty { p(~mxdep)Psi(~WidDep) } = 0.0000000     
 Gradient { p(~mxdep)Psi(~WidDep) }:
 -0.1809220E-05 -0.2903156E-07 -0.7384544E-06 -0.1338640E-05
 Maximum ABS(G) { p(~mxdep)Psi(~WidDep) } = 0.1809220E-05 
 S Vector { p(~mxdep)Psi(~WidDep) }:
   20.02793      8.401897     0.4938049     0.1125795E-02
 Time to compute number of parameters was 0.01 seconds.     
 Ratio Threshold = 50.000000       Max Gap (3/4) = 438.62788       Next Max Gap (2/3) = 17.014610     
 Gap Method for Num. of Estimated Parameters { p(~mxdep)Psi(~WidDep) } = 3          
 Threshold { p(~mxdep)Psi(~WidDep) } = 0.3618440E-05                 
 Numerical Threshold Method for Num. of Estimated Parameters { p(~mxdep)Psi(~WidDep) } = 4          
 Number of Estimated Parameters { p(~mxdep)Psi(~WidDep) } = 4          

   * *  WARNING  * *   Number of parameters estimated from gap method (=3) and threshold method (=4) differ.  Inspect full output.                                                                                                                                                                                                                                                                                                                                                                                                                      
 Ratios of S Vector { p(~mxdep)Psi(~WidDep) }:
   1/2    2.383738       2/3    17.01461       3/4    438.6279    
 DEVIANCE { p(~mxdep)Psi(~WidDep) } = 169.45122                     
 DEVIANCE Degrees of Freedom { p(~mxdep)Psi(~WidDep) } = 134            
 c-hat { p(~mxdep)Psi(~WidDep) } = 1.2645614                     
 AIC { p(~mxdep)Psi(~WidDep) } = 177.45122                  
 AICc { p(~mxdep)Psi(~WidDep) } = 177.75197                    
 BIC { p(~mxdep)Psi(~WidDep) } = 189.16024                    
 Pearson Chisquare { p(~mxdep)Psi(~WidDep) } = 1077.1561                  

  Program  MARK  - Survival Rate Estimation with Capture-Recapture Data
   gfortran(dble) Vers. 9.0 Mar 2018     3-Dec-2019 11:10:53    Page  003
 - - - - - - - - - - - - - - - - - - - - - - - - - - - - - - - - - - - - - -
 


                  LOGIT Link Function Parameters of { p(~mxdep)Psi(~WidDep) }
                                                              95% Confidence Interval
 Parameter                    Beta         Standard Error      Lower           Upper
 -------------------------  --------------  --------------  --------------  --------------
    1:p:(Intercept)         -1.1084764       0.9509030      -2.9722463       0.7552935    
    2:p:mxdep                4.0436960       1.8619072       0.3943578       7.6930341    
    3:Psi:(Intercept)       -1.5828929       0.6532745      -2.8633109      -0.3024748    
    4:Psi:WidDep            -0.0157178       0.0475208      -0.1088586       0.0774229    


                  Real Function Parameters of { p(~mxdep)Psi(~WidDep) }

      Following estimates based on unstandardized individual covariate values:
          Variable   Value         
          ---------  ------------- 
          MXDEP1      0.5167391    
          MXDEP2      0.4846377    
          MXDEP3      0.6304348    
          WIDDEP      13.033426    
                                                               95% Confidence Interval
  Parameter                  Estimate       Standard Error      Lower           Upper
 --------------------------  --------------  --------------  --------------  --------------
     1:p g1 a0 t1             0.7273184       0.0697320       0.5724658       0.8416025                          
     2:p g1 a1 t2             0.7008295       0.0720792       0.5442453       0.8212819                          
     3:p g1 a2 t3             0.8085801       0.0692811       0.6372585       0.9103679                          
     4:Psi g1 a0 t1           0.1433488       0.0308904       0.0927266       0.2150565                          


                      Estimates of Derived Parameters
             Occupancy Estimates of { p(~mxdep)Psi(~WidDep) }
                                            95% Confidence Interval
 Group   Psi-hat         Standard Error      Lower           Upper
 -----   --------------  --------------  --------------  --------------
   1      0.1433488       0.0308904       0.0927266       0.2150565    

 Attempted ordering of parameters by estimatibility:
  3 1 4 2
 Beta number 2 is a singular value.

   CPU Time for the last procedure was 0.02 seconds.     

  Program  MARK  - Survival Rate Estimation with Capture-Recapture Data
   gfortran(dble) Vers. 9.0 Mar 2018     3-Dec-2019 11:10:53    Page  004
 - - - - - - - - - - - - - - - - - - - - - - - - - - - - - - - - - - - - - -
 


  INPUT --- proc stop;

     CPU Time in minutes for this job was 0.00

     Time Start = 11:10:52.662   Time End = 11:10:53.355

     Wall Clock Time in minutes for this job was 0.01


          E X E C U T I O N   S U C C E S S F U L 
