
   Program  MARK  - Survival Rate Estimation with Capture-Recapture Data
   gfortran(dble) Vers. 9.0 Mar 2018     3-Dec-2019 12:25:21    Page  001
 - - - - - - - - - - - - - - - - - - - - - - - - - - - - - - - - - - - - - -
 
   This version was compiled by GCC version 7.2.0 using the options: 
     -cpp -iprefix C:/Program Files/mingw-w64/x86_64-7.2.0-posix-seh-rt_v5-rev1/
     mingw64/bin/../lib/gcc/x86_64-w64-mingw32/7.2.0/ -D_MT -D_REENTRANT
     -U_REENTRANT -D IEEE -D DBLEPRECISION -m64 -mtune=core2 -march=nocona -mthreads
     -O2 -fimplicit-none -fbounds-check -funroll-loops -ftree-vectorize
     -ffpe-summary=invalid,zero,overflow,underflow -fno-unsafe-math-optimizations
     -frounding-math -fsignaling-nans -fopenmp.

   This problem will use 7 of 8 possible threads.


  INPUT --- proc title ;

   CPU Time for the last procedure was 0.01 seconds.     


  INPUT --- proc chmatrix occasions= 3 groups= 1 etype= Occupancy 
  INPUT --- Nodes= 101 icovar = 3 ICMeans  NoHist hist= 138 ;

  INPUT ---    time interval 1 1 1 ;

  INPUT ---     icovariates HAiFLS_nat pctex21 under ;

  INPUT ---    glabel(1)=freq1;

      Number of unique encounter histories read was 138.

      Number of individual covariates read was 3.
      Time interval lengths are all equal to 1.

      Data type number is 27
      Data type is Occupancy Estimation with Detection < 1                                                             

   CPU Time for the last procedure was 0.01 seconds.     

  Program  MARK  - Survival Rate Estimation with Capture-Recapture Data
   gfortran(dble) Vers. 9.0 Mar 2018     3-Dec-2019 12:25:21    Page  002
 - - - - - - - - - - - - - - - - - - - - - - - - - - - - - - - - - - - - - -
 


  INPUT --- proc estimate link=Logit NOLOOP varest=2ndPart    ;


  INPUT --- model={ p(~1)Psi(~HAiFLS_nat + pctex21 + under) };

  INPUT ---    group=1 p    rows=1 cols=3 Square ;
  INPUT ---        1 1 1 ;

  INPUT ---    group=1 Psi    rows=1 cols=1 Square ;
  INPUT ---        2 ;

  INPUT ---    design matrix constraints=2 covariates=5;
  INPUT ---        1 0 0 0 0;
  INPUT ---        0 1 HAiFLS_nat pctex21 under;
  INPUT ---       blabel(1)=p:(Intercept);
  INPUT ---       blabel(2)=Psi:(Intercept);
  INPUT ---       blabel(3)=Psi:HAiFLS_nat;
  INPUT ---       blabel(4)=Psi:pctex21;
  INPUT ---       blabel(5)=Psi:under;
  INPUT ---       rlabel(1)=p g1 a0 t1;
  INPUT ---       rlabel(2)=Psi g1 a0 t1;

 Link Function Used is LOGIT        

 Variance Estimation Procedure Used is 2ndPart 
 -2logL(saturated) = 0.0000000     
 Effective Sample Size = 138

 Number of function evaluations was 21 for 5 parameters.
 Time for numerical optimization was 0.02 seconds.     
 -2logL { p(~1)Psi(~HAiFLS_nat + pctex21 + under) } = 144.95969     
 Penalty { p(~1)Psi(~HAiFLS_nat + pctex21 + under) } = 0.0000000     
 Gradient { p(~1)Psi(~HAiFLS_nat + pctex21 + under) }:
  0.9804802E-06   0.000000      0.9463540E-06   0.000000       0.000000    
 Maximum ABS(G) { p(~1)Psi(~HAiFLS_nat + pctex21 + under) } = 0.9804802E-06 
 S Vector { p(~1)Psi(~HAiFLS_nat + pctex21 + under) }:
   16.02730      9.546317      1.487442     0.4386063     0.1402882E-01
 Time to compute number of parameters was 0.01 seconds.     
 Ratio Threshold = 50.000000       Max Gap (4/5) = 31.264653       Next Max Gap (2/3) = 6.4179434     
 Gap Method for Num. of Estimated Parameters { p(~1)Psi(~HAiFLS_nat + pctex21 + under) } = 5          
 Threshold { p(~1)Psi(~HAiFLS_nat + pctex21 + under) } = 0.1960960E-05                 
 Numerical Threshold Method for Num. of Estimated Parameters { p(~1)Psi(~HAiFLS_nat + pctex21 + under) } = 5          
 Number of Estimated Parameters { p(~1)Psi(~HAiFLS_nat + pctex21 + under) } = 5          
 DEVIANCE { p(~1)Psi(~HAiFLS_nat + pctex21 + under) } = 144.95969                     
 DEVIANCE Degrees of Freedom { p(~1)Psi(~HAiFLS_nat + pctex21 + under) } = 133            
 c-hat { p(~1)Psi(~HAiFLS_nat + pctex21 + under) } = 1.0899225                     
 AIC { p(~1)Psi(~HAiFLS_nat + pctex21 + under) } = 154.95969                  
 AICc { p(~1)Psi(~HAiFLS_nat + pctex21 + under) } = 155.41423                    
 BIC { p(~1)Psi(~HAiFLS_nat + pctex21 + under) } = 169.59596                    
 Pearson Chisquare { p(~1)Psi(~HAiFLS_nat + pctex21 + under) } = 659.92542                  


         LOGIT Link Function Parameters of { p(~1)Psi(~HAiFLS_nat + pctex21 + under) }
                                                              95% Confidence Interval
 Parameter                    Beta         Standard Error      Lower           Upper
 -------------------------  --------------  --------------  --------------  --------------

  Program  MARK  - Survival Rate Estimation with Capture-Recapture Data
   gfortran(dble) Vers. 9.0 Mar 2018     3-Dec-2019 12:25:21    Page  003
 - - - - - - - - - - - - - - - - - - - - - - - - - - - - - - - - - - - - - -
 
    1:p:(Intercept)          0.9453209       0.3218886       0.3144192       1.5762226    
    2:Psi:(Intercept)       -2.4415721       0.7286302      -3.8696874      -1.0134568    
    3:Psi:HAiFLS_nat         0.0303454       0.0113736       0.0080531       0.0526377    
    4:Psi:pctex21           -0.7398408       0.2723250      -1.2735977      -0.2060839    
    5:Psi:under              0.8316782       0.4812220      -0.1115169       1.7748733    


         Real Function Parameters of { p(~1)Psi(~HAiFLS_nat + pctex21 + under) }

      Following estimates based on unstandardized individual covariate values:
          Variable   Value         
          ---------  ------------- 
          HAIFLS_NAT  30.404180    
          PCTEX21     4.8306834    
          UNDER       0.5466074    
                                                               95% Confidence Interval
  Parameter                  Estimate       Standard Error      Lower           Upper
 --------------------------  --------------  --------------  --------------  --------------
     1:p g1 a0 t1             0.7201732       0.0648682       0.5779636       0.8286689                          
     2:Psi g1 a0 t1           0.0095816       0.0116498       0.8715326E-03   0.0968982                          


                      Estimates of Derived Parameters
    Occupancy Estimates of { p(~1)Psi(~HAiFLS_nat + pctex21 + under) }
                                            95% Confidence Interval
 Group   Psi-hat         Standard Error      Lower           Upper
 -----   --------------  --------------  --------------  --------------
   1      0.0095816       0.0116498       0.8715326E-03   0.0968982    

   CPU Time for the last procedure was 0.02 seconds.     

  Program  MARK  - Survival Rate Estimation with Capture-Recapture Data
   gfortran(dble) Vers. 9.0 Mar 2018     3-Dec-2019 12:25:21    Page  004
 - - - - - - - - - - - - - - - - - - - - - - - - - - - - - - - - - - - - - -
 


  INPUT --- proc stop;

     CPU Time in minutes for this job was 0.00

     Time Start = 12:25:21.139   Time End = 12:25:21.246

     Wall Clock Time in minutes for this job was 0.00


          E X E C U T I O N   S U C C E S S F U L 
