
   Program  MARK  - Survival Rate Estimation with Capture-Recapture Data
   gfortran(dble) Vers. 9.0 Mar 2018     3-Dec-2019 10:55:36    Page  001
 - - - - - - - - - - - - - - - - - - - - - - - - - - - - - - - - - - - - - -
 
   This version was compiled by GCC version 7.2.0 using the options: 
     -cpp -iprefix C:/Program Files/mingw-w64/x86_64-7.2.0-posix-seh-rt_v5-rev1/
     mingw64/bin/../lib/gcc/x86_64-w64-mingw32/7.2.0/ -D_MT -D_REENTRANT
     -U_REENTRANT -D IEEE -D DBLEPRECISION -m64 -mtune=core2 -march=nocona -mthreads
     -O2 -fimplicit-none -fbounds-check -funroll-loops -ftree-vectorize
     -ffpe-summary=invalid,zero,overflow,underflow -fno-unsafe-math-optimizations
     -frounding-math -fsignaling-nans -fopenmp.

   This problem will use 7 of 8 possible threads.


  INPUT --- proc title ;

   CPU Time for the last procedure was 0.01 seconds.     


  INPUT --- proc chmatrix occasions= 3 groups= 1 etype= Occupancy 
  INPUT --- Nodes= 101 icovar = 7 ICMeans  NoHist hist= 138 ;

  INPUT ---    time interval 1 1 1 ;

  INPUT ---     icovariates effort1 effort2 effort3 mxdep1 mxdep2 mxdep3  
  INPUT ---    BRT_100m ;

  INPUT ---    glabel(1)=freq1;

      Number of unique encounter histories read was 138.

      Number of individual covariates read was 7.
      Time interval lengths are all equal to 1.

      Data type number is 27
      Data type is Occupancy Estimation with Detection < 1                                                             

   CPU Time for the last procedure was 0.01 seconds.     

  Program  MARK  - Survival Rate Estimation with Capture-Recapture Data
   gfortran(dble) Vers. 9.0 Mar 2018     3-Dec-2019 10:55:36    Page  002
 - - - - - - - - - - - - - - - - - - - - - - - - - - - - - - - - - - - - - -
 


  INPUT --- proc estimate link=Logit NOLOOP varest=2ndPart    ;


  INPUT --- model={ p(~effort + mxdep)Psi(~BRT_100m) };

  INPUT ---    group=1 p    rows=1 cols=3 Square ;
  INPUT ---        1 2 3 ;

  INPUT ---    group=1 Psi    rows=1 cols=1 Square ;
  INPUT ---        4 ;

  INPUT ---    design matrix constraints=4 covariates=5;
  INPUT ---        1 effort1 mxdep1 0 0;
  INPUT ---        1 effort2 mxdep2 0 0;
  INPUT ---        1 effort3 mxdep3 0 0;
  INPUT ---        0 0 0 1 BRT_100m;
  INPUT ---       blabel(1)=p:(Intercept);
  INPUT ---       blabel(2)=p:effort;
  INPUT ---       blabel(3)=p:mxdep;
  INPUT ---       blabel(4)=Psi:(Intercept);
  INPUT ---       blabel(5)=Psi:BRT_100m;
  INPUT ---       rlabel(1)=p g1 a0 t1;
  INPUT ---       rlabel(2)=p g1 a1 t2;
  INPUT ---       rlabel(3)=p g1 a2 t3;
  INPUT ---       rlabel(4)=Psi g1 a0 t1;

 Link Function Used is LOGIT        

 Variance Estimation Procedure Used is 2ndPart 
 -2logL(saturated) = 0.0000000     
 Effective Sample Size = 138

 Number of function evaluations was 29 for 5 parameters.
 Time for numerical optimization was 0.05 seconds.     
 -2logL { p(~effort + mxdep)Psi(~BRT_100m) } = 162.12788     
 Penalty { p(~effort + mxdep)Psi(~BRT_100m) } = 0.0000000     
 Gradient { p(~effort + mxdep)Psi(~BRT_100m) }:
 -0.4347797E-05 -0.1283595E-05 -0.1668593E-06 -0.2453691E-05 -0.8398559E-06
 Maximum ABS(G) { p(~effort + mxdep)Psi(~BRT_100m) } = 0.4347797E-05 
 S Vector { p(~effort + mxdep)Psi(~BRT_100m) }:
   15.68354      8.280259     0.3804197     0.1278937     0.8799622E-03
 Time to compute number of parameters was 0.11 seconds.     
 Ratio Threshold = 50.000000       Max Gap (4/5) = 145.33998       Next Max Gap (2/3) = 21.766114     
 Gap Method for Num. of Estimated Parameters { p(~effort + mxdep)Psi(~BRT_100m) } = 4          
 Threshold { p(~effort + mxdep)Psi(~BRT_100m) } = 0.8695594E-05                 
 Numerical Threshold Method for Num. of Estimated Parameters { p(~effort + mxdep)Psi(~BRT_100m) } = 5          
 Number of Estimated Parameters { p(~effort + mxdep)Psi(~BRT_100m) } = 5          

   * *  WARNING  * *   Number of parameters estimated from gap method (=4) and threshold method (=5) differ.  Inspect full output.                                                                                                                                                                                                                                                                                                                                                                                                                      

  Program  MARK  - Survival Rate Estimation with Capture-Recapture Data
   gfortran(dble) Vers. 9.0 Mar 2018     3-Dec-2019 10:55:37    Page  003
 - - - - - - - - - - - - - - - - - - - - - - - - - - - - - - - - - - - - - -
 
 Ratios of S Vector { p(~effort + mxdep)Psi(~BRT_100m) }:
   1/2    1.894088       2/3    21.76611       3/4    2.974500       4/5    145.3400    
 DEVIANCE { p(~effort + mxdep)Psi(~BRT_100m) } = 162.12788                     
 DEVIANCE Degrees of Freedom { p(~effort + mxdep)Psi(~BRT_100m) } = 133            
 c-hat { p(~effort + mxdep)Psi(~BRT_100m) } = 1.2190066                     
 AIC { p(~effort + mxdep)Psi(~BRT_100m) } = 172.12788                  
 AICc { p(~effort + mxdep)Psi(~BRT_100m) } = 172.58243                    
 BIC { p(~effort + mxdep)Psi(~BRT_100m) } = 186.76415                    
 Pearson Chisquare { p(~effort + mxdep)Psi(~BRT_100m) } = 792.86752                  


             LOGIT Link Function Parameters of { p(~effort + mxdep)Psi(~BRT_100m) }
                                                              95% Confidence Interval
 Parameter                    Beta         Standard Error      Lower           Upper
 -------------------------  --------------  --------------  --------------  --------------
    1:p:(Intercept)         -1.1934656       0.9478963      -3.0513423       0.6644112    
    2:p:effort               0.8670584E-03   0.7857242E-03  -0.6729611E-03   0.0024071    
    3:p:mxdep                2.7952196       2.1042993      -1.3292070       6.9196462    
    4:Psi:(Intercept)       -2.1093537       0.3119571      -2.7207895      -1.4979178    
    5:Psi:BRT_100m           0.0368417       0.0169092       0.0036997       0.0699838    


             Real Function Parameters of { p(~effort + mxdep)Psi(~BRT_100m) }

      Following estimates based on unstandardized individual covariate values:
          Variable   Value         
          ---------  ------------- 
          EFFORT1     906.23188    
          EFFORT2     834.18841    
          EFFORT3     818.18116    
          MXDEP1      0.5167391    
          MXDEP2      0.4846377    
          MXDEP3      0.6304348    
          BRT_100M    6.7817616    
                                                               95% Confidence Interval
  Parameter                  Estimate       Standard Error      Lower           Upper
 --------------------------  --------------  --------------  --------------  --------------
     1:p g1 a0 t1             0.7382108       0.0725239       0.5747242       0.8547344                          
     2:p g1 a1 t2             0.7077525       0.0747367       0.5439587       0.8309951                          
     3:p g1 a2 t3             0.7821345       0.0779625       0.5942101       0.8979728                          
     4:Psi g1 a0 t1           0.1347611       0.0309479       0.0847321       0.2076282                          


                      Estimates of Derived Parameters
       Occupancy Estimates of { p(~effort + mxdep)Psi(~BRT_100m) }
                                            95% Confidence Interval
 Group   Psi-hat         Standard Error      Lower           Upper
 -----   --------------  --------------  --------------  --------------
   1      0.1347611       0.0309479       0.0847321       0.2076282    

 Attempted ordering of parameters by estimatibility:
  4 1 5 2 3
 Beta number 3 is a singular value.

   CPU Time for the last procedure was 0.16 seconds.     

  Program  MARK  - Survival Rate Estimation with Capture-Recapture Data
   gfortran(dble) Vers. 9.0 Mar 2018     3-Dec-2019 10:55:37    Page  004
 - - - - - - - - - - - - - - - - - - - - - - - - - - - - - - - - - - - - - -
 


  INPUT --- proc stop;

     CPU Time in minutes for this job was 0.00

     Time Start = 10:55:36.135   Time End = 10:55:37.141

     Wall Clock Time in minutes for this job was 0.02


          E X E C U T I O N   S U C C E S S F U L 
