
   Program  MARK  - Survival Rate Estimation with Capture-Recapture Data
   gfortran(dble) Vers. 9.0 Mar 2018     3-Dec-2019 11:05:09    Page  001
 - - - - - - - - - - - - - - - - - - - - - - - - - - - - - - - - - - - - - -
 
   This version was compiled by GCC version 7.2.0 using the options: 
     -cpp -iprefix C:/Program Files/mingw-w64/x86_64-7.2.0-posix-seh-rt_v5-rev1/
     mingw64/bin/../lib/gcc/x86_64-w64-mingw32/7.2.0/ -D_MT -D_REENTRANT
     -U_REENTRANT -D IEEE -D DBLEPRECISION -m64 -mtune=core2 -march=nocona -mthreads
     -O2 -fimplicit-none -fbounds-check -funroll-loops -ftree-vectorize
     -ffpe-summary=invalid,zero,overflow,underflow -fno-unsafe-math-optimizations
     -frounding-math -fsignaling-nans -fopenmp.

   This problem will use 7 of 8 possible threads.


  INPUT --- proc title ;

   CPU Time for the last procedure was 0.01 seconds.     


  INPUT --- proc chmatrix occasions= 3 groups= 1 etype= Occupancy 
  INPUT --- Nodes= 101 icovar = 2 ICMeans  NoHist hist= 128 ;

  INPUT ---    time interval 1 1 1 ;

  INPUT ---     icovariates under pctex21 ;

  INPUT ---    glabel(1)=freq1;

      Number of unique encounter histories read was 128.

      Number of individual covariates read was 2.
      Time interval lengths are all equal to 1.

      Data type number is 27
      Data type is Occupancy Estimation with Detection < 1                                                             

   CPU Time for the last procedure was 0.01 seconds.     

  Program  MARK  - Survival Rate Estimation with Capture-Recapture Data
   gfortran(dble) Vers. 9.0 Mar 2018     3-Dec-2019 11:05:09    Page  002
 - - - - - - - - - - - - - - - - - - - - - - - - - - - - - - - - - - - - - -
 


  INPUT --- proc estimate link=Logit NOLOOP varest=2ndPart    ;


  INPUT --- model={ p(~under)Psi(~pctex21 + under) };

  INPUT ---    group=1 p    rows=1 cols=3 Square ;
  INPUT ---        1 1 1 ;

  INPUT ---    group=1 Psi    rows=1 cols=1 Square ;
  INPUT ---        2 ;

  INPUT ---    design matrix constraints=2 covariates=5;
  INPUT ---        1 under 0 0 0;
  INPUT ---        0 0 1 pctex21 under;
  INPUT ---       blabel(1)=p:(Intercept);
  INPUT ---       blabel(2)=p:under;
  INPUT ---       blabel(3)=Psi:(Intercept);
  INPUT ---       blabel(4)=Psi:pctex21;
  INPUT ---       blabel(5)=Psi:under;
  INPUT ---       rlabel(1)=p g1 a0 t1;
  INPUT ---       rlabel(2)=Psi g1 a0 t1;

 Link Function Used is LOGIT        

 Variance Estimation Procedure Used is 2ndPart 
 -2logL(saturated) = 0.0000000     
 Effective Sample Size = 138

 Number of function evaluations was 22 for 5 parameters.
 Time for numerical optimization was 0.01 seconds.     
 -2logL { p(~under)Psi(~pctex21 + under) } = 152.47809     
 Penalty { p(~under)Psi(~pctex21 + under) } = 0.0000000     
 Gradient { p(~under)Psi(~pctex21 + under) }:
  0.1134512E-05  0.2031750E-05   0.000000       0.000000     -0.1139426E-05
 Maximum ABS(G) { p(~under)Psi(~pctex21 + under) } = 0.2031750E-05 
 S Vector { p(~under)Psi(~pctex21 + under) }:
   15.34351      10.33482     0.9289203     0.5239823     0.2011619E-01
 Time to compute number of parameters was 0.03 seconds.     
 Ratio Threshold = 50.000000       Max Gap (4/5) = 26.047788       Next Max Gap (2/3) = 11.125627     
 Gap Method for Num. of Estimated Parameters { p(~under)Psi(~pctex21 + under) } = 5          
 Threshold { p(~under)Psi(~pctex21 + under) } = 0.4063500E-05                 
 Numerical Threshold Method for Num. of Estimated Parameters { p(~under)Psi(~pctex21 + under) } = 5          
 Number of Estimated Parameters { p(~under)Psi(~pctex21 + under) } = 5          
 DEVIANCE { p(~under)Psi(~pctex21 + under) } = 152.47809                     
 DEVIANCE Degrees of Freedom { p(~under)Psi(~pctex21 + under) } = 133            
 c-hat { p(~under)Psi(~pctex21 + under) } = 1.1464518                     
 AIC { p(~under)Psi(~pctex21 + under) } = 162.47809                  
 AICc { p(~under)Psi(~pctex21 + under) } = 162.93264                    
 BIC { p(~under)Psi(~pctex21 + under) } = 177.11436                    
 Pearson Chisquare { p(~under)Psi(~pctex21 + under) } = 928.32598                  


              LOGIT Link Function Parameters of { p(~under)Psi(~pctex21 + under) }
                                                              95% Confidence Interval
 Parameter                    Beta         Standard Error      Lower           Upper
 -------------------------  --------------  --------------  --------------  --------------

  Program  MARK  - Survival Rate Estimation with Capture-Recapture Data
   gfortran(dble) Vers. 9.0 Mar 2018     3-Dec-2019 11:05:10    Page  003
 - - - - - - - - - - - - - - - - - - - - - - - - - - - - - - - - - - - - - -
 
    1:p:(Intercept)          0.6812060       0.5074363      -0.3133691       1.6757811    
    2:p:under                0.3631210       0.5447038      -0.7044984       1.4307404    
    3:Psi:(Intercept)       -1.0136205       0.4413929      -1.8787505      -0.1484904    
    4:Psi:pctex21           -0.5987714       0.2275468      -1.0447632      -0.1527797    
    5:Psi:under              0.2788784       0.4170735      -0.5385856       1.0963424    


              Real Function Parameters of { p(~under)Psi(~pctex21 + under) }

      Following estimates based on unstandardized individual covariate values:
          Variable   Value         
          ---------  ------------- 
          UNDER       0.5466074    
          PCTEX21     4.8306834    
                                                               95% Confidence Interval
  Parameter                  Estimate       Standard Error      Lower           Upper
 --------------------------  --------------  --------------  --------------  --------------
     1:p g1 a0 t1             0.7067581       0.0697311       0.5548371       0.8233407                          
     2:Psi g1 a0 t1           0.0228954       0.0219927       0.0034002       0.1386181                          


                      Estimates of Derived Parameters
        Occupancy Estimates of { p(~under)Psi(~pctex21 + under) }
                                            95% Confidence Interval
 Group   Psi-hat         Standard Error      Lower           Upper
 -----   --------------  --------------  --------------  --------------
   1      0.0228954       0.0219927       0.0034002       0.1386181    

   CPU Time for the last procedure was 0.03 seconds.     

  Program  MARK  - Survival Rate Estimation with Capture-Recapture Data
   gfortran(dble) Vers. 9.0 Mar 2018     3-Dec-2019 11:05:10    Page  004
 - - - - - - - - - - - - - - - - - - - - - - - - - - - - - - - - - - - - - -
 


  INPUT --- proc stop;

     CPU Time in minutes for this job was 0.00

     Time Start = 11:05:09.645   Time End = 11:05:10.328

     Wall Clock Time in minutes for this job was 0.01


          E X E C U T I O N   S U C C E S S F U L 
