
   Program  MARK  - Survival Rate Estimation with Capture-Recapture Data
   gfortran(dble) Vers. 9.0 Mar 2018     3-Dec-2019 11:07:43    Page  001
 - - - - - - - - - - - - - - - - - - - - - - - - - - - - - - - - - - - - - -
 
   This version was compiled by GCC version 7.2.0 using the options: 
     -cpp -iprefix C:/Program Files/mingw-w64/x86_64-7.2.0-posix-seh-rt_v5-rev1/
     mingw64/bin/../lib/gcc/x86_64-w64-mingw32/7.2.0/ -D_MT -D_REENTRANT
     -U_REENTRANT -D IEEE -D DBLEPRECISION -m64 -mtune=core2 -march=nocona -mthreads
     -O2 -fimplicit-none -fbounds-check -funroll-loops -ftree-vectorize
     -ffpe-summary=invalid,zero,overflow,underflow -fno-unsafe-math-optimizations
     -frounding-math -fsignaling-nans -fopenmp.

   This problem will use 7 of 8 possible threads.


  INPUT --- proc title ;

   CPU Time for the last procedure was 0.01 seconds.     


  INPUT --- proc chmatrix occasions= 3 groups= 1 etype= Occupancy 
  INPUT --- Nodes= 101 icovar = 7 ICMeans  NoHist hist= 138 ;

  INPUT ---    time interval 1 1 1 ;

  INPUT ---     icovariates effort1 effort2 effort3 mxdep1 mxdep2 mxdep3  
  INPUT ---    pctShade ;

  INPUT ---    glabel(1)=freq1;

      Number of unique encounter histories read was 138.

      Number of individual covariates read was 7.
      Time interval lengths are all equal to 1.

      Data type number is 27
      Data type is Occupancy Estimation with Detection < 1                                                             

   CPU Time for the last procedure was 0.01 seconds.     

  Program  MARK  - Survival Rate Estimation with Capture-Recapture Data
   gfortran(dble) Vers. 9.0 Mar 2018     3-Dec-2019 11:07:43    Page  002
 - - - - - - - - - - - - - - - - - - - - - - - - - - - - - - - - - - - - - -
 


  INPUT --- proc estimate link=Logit NOLOOP varest=2ndPart    ;


  INPUT --- model={ p(~effort + mxdep)Psi(~pctShade) };

  INPUT ---    group=1 p    rows=1 cols=3 Square ;
  INPUT ---        1 2 3 ;

  INPUT ---    group=1 Psi    rows=1 cols=1 Square ;
  INPUT ---        4 ;

  INPUT ---    design matrix constraints=4 covariates=5;
  INPUT ---        1 effort1 mxdep1 0 0;
  INPUT ---        1 effort2 mxdep2 0 0;
  INPUT ---        1 effort3 mxdep3 0 0;
  INPUT ---        0 0 0 1 pctShade;
  INPUT ---       blabel(1)=p:(Intercept);
  INPUT ---       blabel(2)=p:effort;
  INPUT ---       blabel(3)=p:mxdep;
  INPUT ---       blabel(4)=Psi:(Intercept);
  INPUT ---       blabel(5)=Psi:pctShade;
  INPUT ---       rlabel(1)=p g1 a0 t1;
  INPUT ---       rlabel(2)=p g1 a1 t2;
  INPUT ---       rlabel(3)=p g1 a2 t3;
  INPUT ---       rlabel(4)=Psi g1 a0 t1;

 Link Function Used is LOGIT        

 Variance Estimation Procedure Used is 2ndPart 
 -2logL(saturated) = 0.0000000     
 Effective Sample Size = 138

 Number of function evaluations was 28 for 5 parameters.
 Time for numerical optimization was 0.11 seconds.     
 -2logL { p(~effort + mxdep)Psi(~pctShade) } = 167.28650     
 Penalty { p(~effort + mxdep)Psi(~pctShade) } = 0.0000000     
 Gradient { p(~effort + mxdep)Psi(~pctShade) }:
  0.8342308E-06   0.000000      0.4138995E-07  0.1294848E-05  0.1412874E-05
 Maximum ABS(G) { p(~effort + mxdep)Psi(~pctShade) } = 0.1412874E-05 
 S Vector { p(~effort + mxdep)Psi(~pctShade) }:
   20.91023      8.115866      1.201489     0.1260478     0.8739282E-03
 Time to compute number of parameters was 0.01 seconds.     
 Ratio Threshold = 50.000000       Max Gap (4/5) = 144.23131       Next Max Gap (3/4) = 9.5320104     
 Gap Method for Num. of Estimated Parameters { p(~effort + mxdep)Psi(~pctShade) } = 4          
 Threshold { p(~effort + mxdep)Psi(~pctShade) } = 0.2825749E-05                 
 Numerical Threshold Method for Num. of Estimated Parameters { p(~effort + mxdep)Psi(~pctShade) } = 5          
 Number of Estimated Parameters { p(~effort + mxdep)Psi(~pctShade) } = 5          

   * *  WARNING  * *   Number of parameters estimated from gap method (=4) and threshold method (=5) differ.  Inspect full output.                                                                                                                                                                                                                                                                                                                                                                                                                      

  Program  MARK  - Survival Rate Estimation with Capture-Recapture Data
   gfortran(dble) Vers. 9.0 Mar 2018     3-Dec-2019 11:07:43    Page  003
 - - - - - - - - - - - - - - - - - - - - - - - - - - - - - - - - - - - - - -
 
 Ratios of S Vector { p(~effort + mxdep)Psi(~pctShade) }:
   1/2    2.576463       2/3    6.754840       3/4    9.532010       4/5    144.2313    
 DEVIANCE { p(~effort + mxdep)Psi(~pctShade) } = 167.28650                     
 DEVIANCE Degrees of Freedom { p(~effort + mxdep)Psi(~pctShade) } = 133            
 c-hat { p(~effort + mxdep)Psi(~pctShade) } = 1.2577932                     
 AIC { p(~effort + mxdep)Psi(~pctShade) } = 177.28650                  
 AICc { p(~effort + mxdep)Psi(~pctShade) } = 177.74104                    
 BIC { p(~effort + mxdep)Psi(~pctShade) } = 191.92277                    
 Pearson Chisquare { p(~effort + mxdep)Psi(~pctShade) } = 970.72799                  


             LOGIT Link Function Parameters of { p(~effort + mxdep)Psi(~pctShade) }
                                                              95% Confidence Interval
 Parameter                    Beta         Standard Error      Lower           Upper
 -------------------------  --------------  --------------  --------------  --------------
    1:p:(Intercept)         -1.2863559       0.9680479      -3.1837298       0.6110180    
    2:p:effort               0.9443963E-03   0.7848518E-03  -0.5939133E-03   0.0024827    
    3:p:mxdep                2.8176507       2.1117040      -1.3212892       6.9565905    
    4:Psi:(Intercept)       -1.9460587       0.4831568      -2.8930461      -0.9990713    
    5:Psi:pctShade           0.0035209       0.0081052      -0.0123652       0.0194071    


             Real Function Parameters of { p(~effort + mxdep)Psi(~pctShade) }

      Following estimates based on unstandardized individual covariate values:
          Variable   Value         
          ---------  ------------- 
          EFFORT1     906.23188    
          EFFORT2     834.18841    
          EFFORT3     818.18116    
          MXDEP1      0.5167391    
          MXDEP2      0.4846377    
          MXDEP3      0.6304348    
          PCTSHADE    48.614931    
                                                               95% Confidence Interval
  Parameter                  Estimate       Standard Error      Lower           Upper
 --------------------------  --------------  --------------  --------------  --------------
     1:p g1 a0 t1             0.7360380       0.0728811       0.5720539       0.8532994                          
     2:p g1 a1 t2             0.7041186       0.0755175       0.5390522       0.8288429                          
     3:p g1 a2 t3             0.7794865       0.0793978       0.5883909       0.8973421                          
     4:Psi g1 a0 t1           0.1449353       0.0314276       0.0934743       0.2179172                          


                      Estimates of Derived Parameters
       Occupancy Estimates of { p(~effort + mxdep)Psi(~pctShade) }
                                            95% Confidence Interval
 Group   Psi-hat         Standard Error      Lower           Upper
 -----   --------------  --------------  --------------  --------------
   1      0.1449353       0.0314276       0.0934743       0.2179172    

 Attempted ordering of parameters by estimatibility:
  4 1 5 2 3
 Beta number 3 is a singular value.

   CPU Time for the last procedure was 0.11 seconds.     

  Program  MARK  - Survival Rate Estimation with Capture-Recapture Data
   gfortran(dble) Vers. 9.0 Mar 2018     3-Dec-2019 11:07:43    Page  004
 - - - - - - - - - - - - - - - - - - - - - - - - - - - - - - - - - - - - - -
 


  INPUT --- proc stop;

     CPU Time in minutes for this job was 0.00

     Time Start = 11:07:43.719   Time End = 11:07:43.830

     Wall Clock Time in minutes for this job was 0.00


          E X E C U T I O N   S U C C E S S F U L 
