
   Program  MARK  - Survival Rate Estimation with Capture-Recapture Data
   gfortran(dble) Vers. 9.0 Mar 2018     3-Dec-2019 11:07:13    Page  001
 - - - - - - - - - - - - - - - - - - - - - - - - - - - - - - - - - - - - - -
 
   This version was compiled by GCC version 7.2.0 using the options: 
     -cpp -iprefix C:/Program Files/mingw-w64/x86_64-7.2.0-posix-seh-rt_v5-rev1/
     mingw64/bin/../lib/gcc/x86_64-w64-mingw32/7.2.0/ -D_MT -D_REENTRANT
     -U_REENTRANT -D IEEE -D DBLEPRECISION -m64 -mtune=core2 -march=nocona -mthreads
     -O2 -fimplicit-none -fbounds-check -funroll-loops -ftree-vectorize
     -ffpe-summary=invalid,zero,overflow,underflow -fno-unsafe-math-optimizations
     -frounding-math -fsignaling-nans -fopenmp.

   This problem will use 7 of 8 possible threads.


  INPUT --- proc title ;

   CPU Time for the last procedure was 0.01 seconds.     


  INPUT --- proc chmatrix occasions= 3 groups= 1 etype= Occupancy 
  INPUT --- Nodes= 101 icovar = 7 ICMeans  NoHist hist= 138 ;

  INPUT ---    time interval 1 1 1 ;

  INPUT ---     icovariates effort1 effort2 effort3 mxdep1 mxdep2 mxdep3  
  INPUT ---    pctrock ;

  INPUT ---    glabel(1)=freq1;

      Number of unique encounter histories read was 138.

      Number of individual covariates read was 7.
      Time interval lengths are all equal to 1.

      Data type number is 27
      Data type is Occupancy Estimation with Detection < 1                                                             

   CPU Time for the last procedure was 0.02 seconds.     

  Program  MARK  - Survival Rate Estimation with Capture-Recapture Data
   gfortran(dble) Vers. 9.0 Mar 2018     3-Dec-2019 11:07:13    Page  002
 - - - - - - - - - - - - - - - - - - - - - - - - - - - - - - - - - - - - - -
 


  INPUT --- proc estimate link=Logit NOLOOP varest=2ndPart    ;


  INPUT --- model={ p(~effort + mxdep)Psi(~pctrock) };

  INPUT ---    group=1 p    rows=1 cols=3 Square ;
  INPUT ---        1 2 3 ;

  INPUT ---    group=1 Psi    rows=1 cols=1 Square ;
  INPUT ---        4 ;

  INPUT ---    design matrix constraints=4 covariates=5;
  INPUT ---        1 effort1 mxdep1 0 0;
  INPUT ---        1 effort2 mxdep2 0 0;
  INPUT ---        1 effort3 mxdep3 0 0;
  INPUT ---        0 0 0 1 pctrock;
  INPUT ---       blabel(1)=p:(Intercept);
  INPUT ---       blabel(2)=p:effort;
  INPUT ---       blabel(3)=p:mxdep;
  INPUT ---       blabel(4)=Psi:(Intercept);
  INPUT ---       blabel(5)=Psi:pctrock;
  INPUT ---       rlabel(1)=p g1 a0 t1;
  INPUT ---       rlabel(2)=p g1 a1 t2;
  INPUT ---       rlabel(3)=p g1 a2 t3;
  INPUT ---       rlabel(4)=Psi g1 a0 t1;

 Link Function Used is LOGIT        

 Variance Estimation Procedure Used is 2ndPart 
 -2logL(saturated) = 0.0000000     
 Effective Sample Size = 138

 Number of function evaluations was 28 for 5 parameters.
 Time for numerical optimization was 0.03 seconds.     
 -2logL { p(~effort + mxdep)Psi(~pctrock) } = 166.56291     
 Penalty { p(~effort + mxdep)Psi(~pctrock) } = 0.0000000     
 Gradient { p(~effort + mxdep)Psi(~pctrock) }:
  0.1678601E-05  0.8070064E-06  0.1657951E-06  0.1084734E-05  0.2789899E-05
 Maximum ABS(G) { p(~effort + mxdep)Psi(~pctrock) } = 0.2789899E-05 
 S Vector { p(~effort + mxdep)Psi(~pctrock) }:
   24.99602      8.191914     0.5001388     0.1270846     0.8718373E-03
 Time to compute number of parameters was 0.01 seconds.     
 Ratio Threshold = 50.000000       Max Gap (4/5) = 145.76638       Next Max Gap (2/3) = 16.379281     
 Gap Method for Num. of Estimated Parameters { p(~effort + mxdep)Psi(~pctrock) } = 4          
 Threshold { p(~effort + mxdep)Psi(~pctrock) } = 0.5579798E-05                 
 Numerical Threshold Method for Num. of Estimated Parameters { p(~effort + mxdep)Psi(~pctrock) } = 5          
 Number of Estimated Parameters { p(~effort + mxdep)Psi(~pctrock) } = 5          

   * *  WARNING  * *   Number of parameters estimated from gap method (=4) and threshold method (=5) differ.  Inspect full output.                                                                                                                                                                                                                                                                                                                                                                                                                      

  Program  MARK  - Survival Rate Estimation with Capture-Recapture Data
   gfortran(dble) Vers. 9.0 Mar 2018     3-Dec-2019 11:07:14    Page  003
 - - - - - - - - - - - - - - - - - - - - - - - - - - - - - - - - - - - - - -
 
 Ratios of S Vector { p(~effort + mxdep)Psi(~pctrock) }:
   1/2    3.051304       2/3    16.37928       3/4    3.935480       4/5    145.7664    
 DEVIANCE { p(~effort + mxdep)Psi(~pctrock) } = 166.56291                     
 DEVIANCE Degrees of Freedom { p(~effort + mxdep)Psi(~pctrock) } = 133            
 c-hat { p(~effort + mxdep)Psi(~pctrock) } = 1.2523527                     
 AIC { p(~effort + mxdep)Psi(~pctrock) } = 176.56291                  
 AICc { p(~effort + mxdep)Psi(~pctrock) } = 177.01745                    
 BIC { p(~effort + mxdep)Psi(~pctrock) } = 191.19918                    
 Pearson Chisquare { p(~effort + mxdep)Psi(~pctrock) } = 1022.1167                  


             LOGIT Link Function Parameters of { p(~effort + mxdep)Psi(~pctrock) }
                                                              95% Confidence Interval
 Parameter                    Beta         Standard Error      Lower           Upper
 -------------------------  --------------  --------------  --------------  --------------
    1:p:(Intercept)         -1.2725454       0.9664110      -3.1667110       0.6216201    
    2:p:effort               0.9345469E-03   0.7825072E-03  -0.5991672E-03   0.0024683    
    3:p:mxdep                2.8135626       2.1142361      -1.3303403       6.9574655    
    4:Psi:(Intercept)       -2.5167113       0.8662007      -4.2144648      -0.8189579    
    5:Psi:pctrock            0.0105099       0.0113669      -0.0117693       0.0327891    


             Real Function Parameters of { p(~effort + mxdep)Psi(~pctrock) }

      Following estimates based on unstandardized individual covariate values:
          Variable   Value         
          ---------  ------------- 
          EFFORT1     906.23188    
          EFFORT2     834.18841    
          EFFORT3     818.18116    
          MXDEP1      0.5167391    
          MXDEP2      0.4846377    
          MXDEP3      0.6304348    
          PCTROCK     68.678238    
                                                               95% Confidence Interval
  Parameter                  Estimate       Standard Error      Lower           Upper
 --------------------------  --------------  --------------  --------------  --------------
     1:p g1 a0 t1             0.7365762       0.0726585       0.5730468       0.8534855                          
     2:p g1 a1 t2             0.7048708       0.0752468       0.5403224       0.8291425                          
     3:p g1 a2 t3             0.7800317       0.0792540       0.5891676       0.8976311                          
     4:Psi g1 a0 t1           0.1424715       0.0314968       0.0911057       0.2159179                          


                      Estimates of Derived Parameters
        Occupancy Estimates of { p(~effort + mxdep)Psi(~pctrock) }
                                            95% Confidence Interval
 Group   Psi-hat         Standard Error      Lower           Upper
 -----   --------------  --------------  --------------  --------------
   1      0.1424715       0.0314968       0.0911057       0.2159179    

 Attempted ordering of parameters by estimatibility:
  4 1 5 2 3
 Beta number 3 is a singular value.

   CPU Time for the last procedure was 0.03 seconds.     

  Program  MARK  - Survival Rate Estimation with Capture-Recapture Data
   gfortran(dble) Vers. 9.0 Mar 2018     3-Dec-2019 11:07:14    Page  004
 - - - - - - - - - - - - - - - - - - - - - - - - - - - - - - - - - - - - - -
 


  INPUT --- proc stop;

     CPU Time in minutes for this job was 0.00

     Time Start = 11:07:13.630   Time End = 11:07:14.634

     Wall Clock Time in minutes for this job was 0.02


          E X E C U T I O N   S U C C E S S F U L 
