
   Program  MARK  - Survival Rate Estimation with Capture-Recapture Data
   gfortran(dble) Vers. 9.0 Mar 2018     3-Dec-2019 10:55:52    Page  001
 - - - - - - - - - - - - - - - - - - - - - - - - - - - - - - - - - - - - - -
 
   This version was compiled by GCC version 7.2.0 using the options: 
     -cpp -iprefix C:/Program Files/mingw-w64/x86_64-7.2.0-posix-seh-rt_v5-rev1/
     mingw64/bin/../lib/gcc/x86_64-w64-mingw32/7.2.0/ -D_MT -D_REENTRANT
     -U_REENTRANT -D IEEE -D DBLEPRECISION -m64 -mtune=core2 -march=nocona -mthreads
     -O2 -fimplicit-none -fbounds-check -funroll-loops -ftree-vectorize
     -ffpe-summary=invalid,zero,overflow,underflow -fno-unsafe-math-optimizations
     -frounding-math -fsignaling-nans -fopenmp.

   This problem will use 7 of 8 possible threads.


  INPUT --- proc title ;

   CPU Time for the last procedure was 0.01 seconds.     


  INPUT --- proc chmatrix occasions= 3 groups= 1 etype= Occupancy 
  INPUT --- Nodes= 101 icovar = 4 ICMeans  NoHist hist= 138 ;

  INPUT ---    time interval 1 1 1 ;

  INPUT ---     icovariates mxdep1 mxdep2 mxdep3 BRT_100m ;

  INPUT ---    glabel(1)=freq1;

      Number of unique encounter histories read was 138.

      Number of individual covariates read was 4.
      Time interval lengths are all equal to 1.

      Data type number is 27
      Data type is Occupancy Estimation with Detection < 1                                                             

   CPU Time for the last procedure was 0.02 seconds.     

  Program  MARK  - Survival Rate Estimation with Capture-Recapture Data
   gfortran(dble) Vers. 9.0 Mar 2018     3-Dec-2019 10:55:52    Page  002
 - - - - - - - - - - - - - - - - - - - - - - - - - - - - - - - - - - - - - -
 


  INPUT --- proc estimate link=Logit NOLOOP varest=2ndPart    ;


  INPUT --- model={ p(~mxdep)Psi(~BRT_100m) };

  INPUT ---    group=1 p    rows=1 cols=3 Square ;
  INPUT ---        1 2 3 ;

  INPUT ---    group=1 Psi    rows=1 cols=1 Square ;
  INPUT ---        4 ;

  INPUT ---    design matrix constraints=4 covariates=4;
  INPUT ---        1 mxdep1 0 0;
  INPUT ---        1 mxdep2 0 0;
  INPUT ---        1 mxdep3 0 0;
  INPUT ---        0 0 1 BRT_100m;
  INPUT ---       blabel(1)=p:(Intercept);
  INPUT ---       blabel(2)=p:mxdep;
  INPUT ---       blabel(3)=Psi:(Intercept);
  INPUT ---       blabel(4)=Psi:BRT_100m;
  INPUT ---       rlabel(1)=p g1 a0 t1;
  INPUT ---       rlabel(2)=p g1 a1 t2;
  INPUT ---       rlabel(3)=p g1 a2 t3;
  INPUT ---       rlabel(4)=Psi g1 a0 t1;

 Link Function Used is LOGIT        

 Variance Estimation Procedure Used is 2ndPart 
 -2logL(saturated) = 0.0000000     
 Effective Sample Size = 138

 Number of function evaluations was 27 for 4 parameters.
 Time for numerical optimization was 0.02 seconds.     
 -2logL { p(~mxdep)Psi(~BRT_100m) } = 163.82181     
 Penalty { p(~mxdep)Psi(~BRT_100m) } = 0.0000000     
 Gradient { p(~mxdep)Psi(~BRT_100m) }:
   0.000000     -0.2958004E-07 -0.6057904E-06   0.000000    
 Maximum ABS(G) { p(~mxdep)Psi(~BRT_100m) } = 0.6057904E-06 
 S Vector { p(~mxdep)Psi(~BRT_100m) }:
   15.51317      8.234453     0.2528207     0.1183030E-02
 Time to compute number of parameters was 0.01 seconds.     
 Ratio Threshold = 50.000000       Max Gap (3/4) = 213.70602       Next Max Gap (2/3) = 32.570334     
 Gap Method for Num. of Estimated Parameters { p(~mxdep)Psi(~BRT_100m) } = 3          
 Threshold { p(~mxdep)Psi(~BRT_100m) } = 0.1211581E-05                 
 Numerical Threshold Method for Num. of Estimated Parameters { p(~mxdep)Psi(~BRT_100m) } = 4          
 Number of Estimated Parameters { p(~mxdep)Psi(~BRT_100m) } = 4          

   * *  WARNING  * *   Number of parameters estimated from gap method (=3) and threshold method (=4) differ.  Inspect full output.                                                                                                                                                                                                                                                                                                                                                                                                                      
 Ratios of S Vector { p(~mxdep)Psi(~BRT_100m) }:
   1/2    1.883935       2/3    32.57033       3/4    213.7060    
 DEVIANCE { p(~mxdep)Psi(~BRT_100m) } = 163.82181                     
 DEVIANCE Degrees of Freedom { p(~mxdep)Psi(~BRT_100m) } = 134            
 c-hat { p(~mxdep)Psi(~BRT_100m) } = 1.2225509                     
 AIC { p(~mxdep)Psi(~BRT_100m) } = 171.82181                  
 AICc { p(~mxdep)Psi(~BRT_100m) } = 172.12257                    
 BIC { p(~mxdep)Psi(~BRT_100m) } = 183.53083                    
 Pearson Chisquare { p(~mxdep)Psi(~BRT_100m) } = 873.65950                  

  Program  MARK  - Survival Rate Estimation with Capture-Recapture Data
   gfortran(dble) Vers. 9.0 Mar 2018     3-Dec-2019 10:55:53    Page  003
 - - - - - - - - - - - - - - - - - - - - - - - - - - - - - - - - - - - - - -
 


                 LOGIT Link Function Parameters of { p(~mxdep)Psi(~BRT_100m) }
                                                              95% Confidence Interval
 Parameter                    Beta         Standard Error      Lower           Upper
 -------------------------  --------------  --------------  --------------  --------------
    1:p:(Intercept)         -1.0884658       0.9288300      -2.9089727       0.7320411    
    2:p:mxdep                3.9675585       1.8163164       0.4075784       7.5275387    
    3:Psi:(Intercept)       -2.1485292       0.3245808      -2.7847075      -1.5123509    
    4:Psi:BRT_100m           0.0410043       0.0205798       0.6678834E-03   0.0813406    


                 Real Function Parameters of { p(~mxdep)Psi(~BRT_100m) }

      Following estimates based on unstandardized individual covariate values:
          Variable   Value         
          ---------  ------------- 
          MXDEP1      0.5167391    
          MXDEP2      0.4846377    
          MXDEP3      0.6304348    
          BRT_100M    6.7817616    
                                                               95% Confidence Interval
  Parameter                  Estimate       Standard Error      Lower           Upper
 --------------------------  --------------  --------------  --------------  --------------
     1:p g1 a0 t1             0.7234674       0.0715331       0.5648628       0.8405777                          
     2:p g1 a1 t2             0.6972766       0.0737801       0.5372503       0.8204571                          
     3:p g1 a2 t3             0.8042105       0.0708758       0.6296149       0.9084685                          
     4:Psi g1 a0 t1           0.1334899       0.0307592       0.0838114       0.2059942                          


                      Estimates of Derived Parameters
            Occupancy Estimates of { p(~mxdep)Psi(~BRT_100m) }
                                            95% Confidence Interval
 Group   Psi-hat         Standard Error      Lower           Upper
 -----   --------------  --------------  --------------  --------------
   1      0.1334899       0.0307592       0.0838114       0.2059942    

 Attempted ordering of parameters by estimatibility:
  3 1 4 2
 Beta number 2 is a singular value.

   CPU Time for the last procedure was 0.02 seconds.     

  Program  MARK  - Survival Rate Estimation with Capture-Recapture Data
   gfortran(dble) Vers. 9.0 Mar 2018     3-Dec-2019 10:55:53    Page  004
 - - - - - - - - - - - - - - - - - - - - - - - - - - - - - - - - - - - - - -
 


  INPUT --- proc stop;

     CPU Time in minutes for this job was 0.00

     Time Start = 10:55:52.944   Time End = 10:55:53.649

     Wall Clock Time in minutes for this job was 0.01


          E X E C U T I O N   S U C C E S S F U L 
