
   Program  MARK  - Survival Rate Estimation with Capture-Recapture Data
   gfortran(dble) Vers. 9.0 Mar 2018     3-Dec-2019 10:59:20    Page  001
 - - - - - - - - - - - - - - - - - - - - - - - - - - - - - - - - - - - - - -
 
   This version was compiled by GCC version 7.2.0 using the options: 
     -cpp -iprefix C:/Program Files/mingw-w64/x86_64-7.2.0-posix-seh-rt_v5-rev1/
     mingw64/bin/../lib/gcc/x86_64-w64-mingw32/7.2.0/ -D_MT -D_REENTRANT
     -U_REENTRANT -D IEEE -D DBLEPRECISION -m64 -mtune=core2 -march=nocona -mthreads
     -O2 -fimplicit-none -fbounds-check -funroll-loops -ftree-vectorize
     -ffpe-summary=invalid,zero,overflow,underflow -fno-unsafe-math-optimizations
     -frounding-math -fsignaling-nans -fopenmp.

   This problem will use 7 of 8 possible threads.


  INPUT --- proc title ;

   CPU Time for the last procedure was 0.01 seconds.     


  INPUT --- proc chmatrix occasions= 3 groups= 1 etype= Occupancy 
  INPUT --- Nodes= 101 icovar = 3 ICMeans  NoHist hist= 138 ;

  INPUT ---    time interval 1 1 1 ;

  INPUT ---     icovariates LWD pctex21 avdep ;

  INPUT ---    glabel(1)=freq1;

      Number of unique encounter histories read was 138.

      Number of individual covariates read was 3.
      Time interval lengths are all equal to 1.

      Data type number is 27
      Data type is Occupancy Estimation with Detection < 1                                                             

   CPU Time for the last procedure was 0.01 seconds.     

  Program  MARK  - Survival Rate Estimation with Capture-Recapture Data
   gfortran(dble) Vers. 9.0 Mar 2018     3-Dec-2019 10:59:20    Page  002
 - - - - - - - - - - - - - - - - - - - - - - - - - - - - - - - - - - - - - -
 


  INPUT --- proc estimate link=Logit NOLOOP varest=2ndPart    ;


  INPUT --- model={ p(~LWD)Psi(~pctex21 + avdep) };

  INPUT ---    group=1 p    rows=1 cols=3 Square ;
  INPUT ---        1 1 1 ;

  INPUT ---    group=1 Psi    rows=1 cols=1 Square ;
  INPUT ---        2 ;

  INPUT ---    design matrix constraints=2 covariates=5;
  INPUT ---        1 LWD 0 0 0;
  INPUT ---        0 0 1 pctex21 avdep;
  INPUT ---       blabel(1)=p:(Intercept);
  INPUT ---       blabel(2)=p:LWD;
  INPUT ---       blabel(3)=Psi:(Intercept);
  INPUT ---       blabel(4)=Psi:pctex21;
  INPUT ---       blabel(5)=Psi:avdep;
  INPUT ---       rlabel(1)=p g1 a0 t1;
  INPUT ---       rlabel(2)=Psi g1 a0 t1;

 Link Function Used is LOGIT        

 Variance Estimation Procedure Used is 2ndPart 
 -2logL(saturated) = 0.0000000     
 Effective Sample Size = 138

 Number of function evaluations was 26 for 5 parameters.
 Time for numerical optimization was 0.06 seconds.     
 -2logL { p(~LWD)Psi(~pctex21 + avdep) } = 153.25559     
 Penalty { p(~LWD)Psi(~pctex21 + avdep) } = 0.0000000     
 Gradient { p(~LWD)Psi(~pctex21 + avdep) }:
   0.000000       0.000000      0.2369042E-05  0.9280028E-07  0.1089589E-05
 Maximum ABS(G) { p(~LWD)Psi(~pctex21 + avdep) } = 0.2369042E-05 
 S Vector { p(~LWD)Psi(~pctex21 + avdep) }:
   15.07719      9.930767     0.2949055     0.1235433     0.1923692E-01
 Time to compute number of parameters was 0.09 seconds.     
 Ratio Threshold = 50.000000       Max Gap (2/3) = 33.674408       Next Max Gap (4/5) = 6.4221972     
 Gap Method for Num. of Estimated Parameters { p(~LWD)Psi(~pctex21 + avdep) } = 5          
 Threshold { p(~LWD)Psi(~pctex21 + avdep) } = 0.4738084E-05                 
 Numerical Threshold Method for Num. of Estimated Parameters { p(~LWD)Psi(~pctex21 + avdep) } = 5          
 Number of Estimated Parameters { p(~LWD)Psi(~pctex21 + avdep) } = 5          
 DEVIANCE { p(~LWD)Psi(~pctex21 + avdep) } = 153.25559                     
 DEVIANCE Degrees of Freedom { p(~LWD)Psi(~pctex21 + avdep) } = 133            
 c-hat { p(~LWD)Psi(~pctex21 + avdep) } = 1.1522977                     
 AIC { p(~LWD)Psi(~pctex21 + avdep) } = 163.25559                  
 AICc { p(~LWD)Psi(~pctex21 + avdep) } = 163.71014                    
 BIC { p(~LWD)Psi(~pctex21 + avdep) } = 177.89186                    
 Pearson Chisquare { p(~LWD)Psi(~pctex21 + avdep) } = 983.33324                  


               LOGIT Link Function Parameters of { p(~LWD)Psi(~pctex21 + avdep) }
                                                              95% Confidence Interval
 Parameter                    Beta         Standard Error      Lower           Upper
 -------------------------  --------------  --------------  --------------  --------------

  Program  MARK  - Survival Rate Estimation with Capture-Recapture Data
   gfortran(dble) Vers. 9.0 Mar 2018     3-Dec-2019 10:59:21    Page  003
 - - - - - - - - - - - - - - - - - - - - - - - - - - - - - - - - - - - - - -
 
    1:p:(Intercept)          0.8277531       0.4605904      -0.0750041       1.7305103    
    2:p:LWD                  0.6562448       1.8106291      -2.8925882       4.2050778    
    3:Psi:(Intercept)       -0.6102279       0.8189719      -2.2154129       0.9949572    
    4:Psi:pctex21           -0.6313926       0.2318308      -1.0857809      -0.1770043    
    5:Psi:avdep             -0.7505207       2.8160261      -6.2699320       4.7688905    


               Real Function Parameters of { p(~LWD)Psi(~pctex21 + avdep) }

      Following estimates based on unstandardized individual covariate values:
          Variable   Value         
          ---------  ------------- 
          LWD         0.2273503    
          PCTEX21     4.8306834    
          AVDEP       0.2562426    
                                                               95% Confidence Interval
  Parameter                  Estimate       Standard Error      Lower           Upper
 --------------------------  --------------  --------------  --------------  --------------
     1:p g1 a0 t1             0.7265027       0.0657667       0.5813234       0.8355787                          
     2:Psi g1 a0 t1           0.0207833       0.0204634       0.0029488       0.1321806                          


                      Estimates of Derived Parameters
         Occupancy Estimates of { p(~LWD)Psi(~pctex21 + avdep) }
                                            95% Confidence Interval
 Group   Psi-hat         Standard Error      Lower           Upper
 -----   --------------  --------------  --------------  --------------
   1      0.0207833       0.0204634       0.0029488       0.1321806    

   CPU Time for the last procedure was 0.16 seconds.     

  Program  MARK  - Survival Rate Estimation with Capture-Recapture Data
   gfortran(dble) Vers. 9.0 Mar 2018     3-Dec-2019 10:59:21    Page  004
 - - - - - - - - - - - - - - - - - - - - - - - - - - - - - - - - - - - - - -
 


  INPUT --- proc stop;

     CPU Time in minutes for this job was 0.00

     Time Start = 10:59:20.983   Time End = 10:59:21.102

     Wall Clock Time in minutes for this job was 0.00


          E X E C U T I O N   S U C C E S S F U L 
