
   Program  MARK  - Survival Rate Estimation with Capture-Recapture Data
   gfortran(dble) Vers. 9.0 Mar 2018     3-Dec-2019 10:57:07    Page  001
 - - - - - - - - - - - - - - - - - - - - - - - - - - - - - - - - - - - - - -
 
   This version was compiled by GCC version 7.2.0 using the options: 
     -cpp -iprefix C:/Program Files/mingw-w64/x86_64-7.2.0-posix-seh-rt_v5-rev1/
     mingw64/bin/../lib/gcc/x86_64-w64-mingw32/7.2.0/ -D_MT -D_REENTRANT
     -U_REENTRANT -D IEEE -D DBLEPRECISION -m64 -mtune=core2 -march=nocona -mthreads
     -O2 -fimplicit-none -fbounds-check -funroll-loops -ftree-vectorize
     -ffpe-summary=invalid,zero,overflow,underflow -fno-unsafe-math-optimizations
     -frounding-math -fsignaling-nans -fopenmp.

   This problem will use 7 of 8 possible threads.


  INPUT --- proc title ;

   CPU Time for the last procedure was 0.01 seconds.     


  INPUT --- proc chmatrix occasions= 3 groups= 1 etype= Occupancy 
  INPUT --- Nodes= 101 icovar = 7 ICMeans  NoHist hist= 138 ;

  INPUT ---    time interval 1 1 1 ;

  INPUT ---     icovariates effort1 effort2 effort3 lwd1 lwd2 lwd3  
  INPUT ---    HAiFLS_alt ;

  INPUT ---    glabel(1)=freq1;

      Number of unique encounter histories read was 138.

      Number of individual covariates read was 7.
      Time interval lengths are all equal to 1.

      Data type number is 27
      Data type is Occupancy Estimation with Detection < 1                                                             

   CPU Time for the last procedure was 0.02 seconds.     

  Program  MARK  - Survival Rate Estimation with Capture-Recapture Data
   gfortran(dble) Vers. 9.0 Mar 2018     3-Dec-2019 10:57:07    Page  002
 - - - - - - - - - - - - - - - - - - - - - - - - - - - - - - - - - - - - - -
 


  INPUT --- proc estimate link=Logit NOLOOP varest=2ndPart    ;


  INPUT --- model={ p(~effort + lwd)Psi(~HAiFLS_alt) };

  INPUT ---    group=1 p    rows=1 cols=3 Square ;
  INPUT ---        1 2 3 ;

  INPUT ---    group=1 Psi    rows=1 cols=1 Square ;
  INPUT ---        4 ;

  INPUT ---    design matrix constraints=4 covariates=5;
  INPUT ---        1 effort1 lwd1 0 0;
  INPUT ---        1 effort2 lwd2 0 0;
  INPUT ---        1 effort3 lwd3 0 0;
  INPUT ---        0 0 0 1 HAiFLS_alt;
  INPUT ---       blabel(1)=p:(Intercept);
  INPUT ---       blabel(2)=p:effort;
  INPUT ---       blabel(3)=p:lwd;
  INPUT ---       blabel(4)=Psi:(Intercept);
  INPUT ---       blabel(5)=Psi:HAiFLS_alt;
  INPUT ---       rlabel(1)=p g1 a0 t1;
  INPUT ---       rlabel(2)=p g1 a1 t2;
  INPUT ---       rlabel(3)=p g1 a2 t3;
  INPUT ---       rlabel(4)=Psi g1 a0 t1;

 Link Function Used is LOGIT        

 Variance Estimation Procedure Used is 2ndPart 
 -2logL(saturated) = 0.0000000     
 Effective Sample Size = 138

 Number of function evaluations was 20 for 5 parameters.
 Time for numerical optimization was 0.08 seconds.     
 -2logL { p(~effort + lwd)Psi(~HAiFLS_alt) } = 162.93124     
 Penalty { p(~effort + lwd)Psi(~HAiFLS_alt) } = 0.0000000     
 Gradient { p(~effort + lwd)Psi(~HAiFLS_alt) }:
   0.000000       0.000000     -0.6843735E-06  0.1257655E-05 -0.6428989E-06
 Maximum ABS(G) { p(~effort + lwd)Psi(~HAiFLS_alt) } = 0.1257655E-05 
 S Vector { p(~effort + lwd)Psi(~HAiFLS_alt) }:
   21.24220      8.334649      1.066174     0.1940348     0.1025053    
 Time to compute number of parameters was 0.09 seconds.     
 Ratio Threshold = 50.000000       Max Gap (2/3) = 7.8173446       Next Max Gap (3/4) = 5.4947575     
 Gap Method for Num. of Estimated Parameters { p(~effort + lwd)Psi(~HAiFLS_alt) } = 5          
 Threshold { p(~effort + lwd)Psi(~HAiFLS_alt) } = 0.2515311E-05                 
 Numerical Threshold Method for Num. of Estimated Parameters { p(~effort + lwd)Psi(~HAiFLS_alt) } = 5          
 Number of Estimated Parameters { p(~effort + lwd)Psi(~HAiFLS_alt) } = 5          
 DEVIANCE { p(~effort + lwd)Psi(~HAiFLS_alt) } = 162.93124                     
 DEVIANCE Degrees of Freedom { p(~effort + lwd)Psi(~HAiFLS_alt) } = 133            
 c-hat { p(~effort + lwd)Psi(~HAiFLS_alt) } = 1.2250469                     
 AIC { p(~effort + lwd)Psi(~HAiFLS_alt) } = 172.93124                  
 AICc { p(~effort + lwd)Psi(~HAiFLS_alt) } = 173.38579                    
 BIC { p(~effort + lwd)Psi(~HAiFLS_alt) } = 187.56751                    
 Pearson Chisquare { p(~effort + lwd)Psi(~HAiFLS_alt) } = 844.59402                  

  Program  MARK  - Survival Rate Estimation with Capture-Recapture Data
   gfortran(dble) Vers. 9.0 Mar 2018     3-Dec-2019 10:57:08    Page  003
 - - - - - - - - - - - - - - - - - - - - - - - - - - - - - - - - - - - - - -
 


             LOGIT Link Function Parameters of { p(~effort + lwd)Psi(~HAiFLS_alt) }
                                                              95% Confidence Interval
 Parameter                    Beta         Standard Error      Lower           Upper
 -------------------------  --------------  --------------  --------------  --------------
    1:p:(Intercept)         -0.5716664       0.6987652      -1.9412463       0.7979134    
    2:p:effort               0.0016077       0.7692547E-03   0.9998245E-04   0.0031155    
    3:p:lwd                  1.0211426       1.2939584      -1.5150158       3.5573011    
    4:Psi:(Intercept)       -0.5165910       0.5508401      -1.5962376       0.5630557    
    5:Psi:HAiFLS_alt        -0.0198090       0.0083276      -0.0361311      -0.0034868    


             Real Function Parameters of { p(~effort + lwd)Psi(~HAiFLS_alt) }

      Following estimates based on unstandardized individual covariate values:
          Variable   Value         
          ---------  ------------- 
          EFFORT1     906.23188    
          EFFORT2     834.18841    
          EFFORT3     818.18116    
          LWD1        0.2346014    
          LWD2        0.2355072    
          LWD3        0.2114389    
          HAIFLS_ALT  69.284136    
                                                               95% Confidence Interval
  Parameter                  Estimate       Standard Error      Lower           Upper
 --------------------------  --------------  --------------  --------------  --------------
     1:p g1 a0 t1             0.7548898       0.0720819       0.5893584       0.8685745                          
     2:p g1 a1 t2             0.7330129       0.0730314       0.5691902       0.8508620                          
     3:p g1 a2 t3             0.7230518       0.0729069       0.5612033       0.8420091                          
     4:Psi g1 a0 t1           0.1313540       0.0313127       0.0811424       0.2056818                          


                      Estimates of Derived Parameters
       Occupancy Estimates of { p(~effort + lwd)Psi(~HAiFLS_alt) }
                                            95% Confidence Interval
 Group   Psi-hat         Standard Error      Lower           Upper
 -----   --------------  --------------  --------------  --------------
   1      0.1313540       0.0313127       0.0811424       0.2056818    

   CPU Time for the last procedure was 0.17 seconds.     

  Program  MARK  - Survival Rate Estimation with Capture-Recapture Data
   gfortran(dble) Vers. 9.0 Mar 2018     3-Dec-2019 10:57:08    Page  004
 - - - - - - - - - - - - - - - - - - - - - - - - - - - - - - - - - - - - - -
 


  INPUT --- proc stop;

     CPU Time in minutes for this job was 0.00

     Time Start = 10:57:07.973   Time End = 10:57:08.096

     Wall Clock Time in minutes for this job was 0.00


          E X E C U T I O N   S U C C E S S F U L 
