
   Program  MARK  - Survival Rate Estimation with Capture-Recapture Data
   gfortran(dble) Vers. 9.0 Mar 2018     3-Dec-2019 10:55:08    Page  001
 - - - - - - - - - - - - - - - - - - - - - - - - - - - - - - - - - - - - - -
 
   This version was compiled by GCC version 7.2.0 using the options: 
     -cpp -iprefix C:/Program Files/mingw-w64/x86_64-7.2.0-posix-seh-rt_v5-rev1/
     mingw64/bin/../lib/gcc/x86_64-w64-mingw32/7.2.0/ -D_MT -D_REENTRANT
     -U_REENTRANT -D IEEE -D DBLEPRECISION -m64 -mtune=core2 -march=nocona -mthreads
     -O2 -fimplicit-none -fbounds-check -funroll-loops -ftree-vectorize
     -ffpe-summary=invalid,zero,overflow,underflow -fno-unsafe-math-optimizations
     -frounding-math -fsignaling-nans -fopenmp.

   This problem will use 7 of 8 possible threads.


  INPUT --- proc title ;

   CPU Time for the last procedure was 0.01 seconds.     


  INPUT --- proc chmatrix occasions= 3 groups= 1 etype= Occupancy 
  INPUT --- Nodes= 101 icovar = 5 ICMeans  NoHist hist= 138 ;

  INPUT ---    time interval 1 1 1 ;

  INPUT ---     icovariates effort1 effort2 effort3 under pctBrBnk ;

  INPUT ---    glabel(1)=freq1;

      Number of unique encounter histories read was 138.

      Number of individual covariates read was 5.
      Time interval lengths are all equal to 1.

      Data type number is 27
      Data type is Occupancy Estimation with Detection < 1                                                             

   CPU Time for the last procedure was 0.01 seconds.     

  Program  MARK  - Survival Rate Estimation with Capture-Recapture Data
   gfortran(dble) Vers. 9.0 Mar 2018     3-Dec-2019 10:55:08    Page  002
 - - - - - - - - - - - - - - - - - - - - - - - - - - - - - - - - - - - - - -
 


  INPUT --- proc estimate link=Logit NOLOOP varest=2ndPart    ;


  INPUT --- model={ p(~effort + under)Psi(~pctBrBnk) };

  INPUT ---    group=1 p    rows=1 cols=3 Square ;
  INPUT ---        1 2 3 ;

  INPUT ---    group=1 Psi    rows=1 cols=1 Square ;
  INPUT ---        4 ;

  INPUT ---    design matrix constraints=4 covariates=5;
  INPUT ---        1 effort1 under 0 0;
  INPUT ---        1 effort2 under 0 0;
  INPUT ---        1 effort3 under 0 0;
  INPUT ---        0 0 0 1 pctBrBnk;
  INPUT ---       blabel(1)=p:(Intercept);
  INPUT ---       blabel(2)=p:effort;
  INPUT ---       blabel(3)=p:under;
  INPUT ---       blabel(4)=Psi:(Intercept);
  INPUT ---       blabel(5)=Psi:pctBrBnk;
  INPUT ---       rlabel(1)=p g1 a0 t1;
  INPUT ---       rlabel(2)=p g1 a1 t2;
  INPUT ---       rlabel(3)=p g1 a2 t3;
  INPUT ---       rlabel(4)=Psi g1 a0 t1;

 Link Function Used is LOGIT        

 Variance Estimation Procedure Used is 2ndPart 
 -2logL(saturated) = 0.0000000     
 Effective Sample Size = 138

 Number of function evaluations was 16 for 5 parameters.
 Time for numerical optimization was 0.02 seconds.     
 -2logL { p(~effort + under)Psi(~pctBrBnk) } = 162.17490     
 Penalty { p(~effort + under)Psi(~pctBrBnk) } = 0.0000000     
 Gradient { p(~effort + under)Psi(~pctBrBnk) }:
  0.2484944E-05 -0.2552141E-06  0.1392752E-05 -0.1091454E-05   0.000000    
 Maximum ABS(G) { p(~effort + under)Psi(~pctBrBnk) } = 0.2484944E-05 
 S Vector { p(~effort + under)Psi(~pctBrBnk) }:
   16.35489      8.535046     0.4879232     0.2709995     0.9513654E-01
 Time to compute number of parameters was 0.01 seconds.     
 Ratio Threshold = 50.000000       Max Gap (2/3) = 17.492602       Next Max Gap (4/5) = 2.8485318     
 Gap Method for Num. of Estimated Parameters { p(~effort + under)Psi(~pctBrBnk) } = 5          
 Threshold { p(~effort + under)Psi(~pctBrBnk) } = 0.4969888E-05                 
 Numerical Threshold Method for Num. of Estimated Parameters { p(~effort + under)Psi(~pctBrBnk) } = 5          
 Number of Estimated Parameters { p(~effort + under)Psi(~pctBrBnk) } = 5          
 DEVIANCE { p(~effort + under)Psi(~pctBrBnk) } = 162.17490                     
 DEVIANCE Degrees of Freedom { p(~effort + under)Psi(~pctBrBnk) } = 133            
 c-hat { p(~effort + under)Psi(~pctBrBnk) } = 1.2193601                     
 AIC { p(~effort + under)Psi(~pctBrBnk) } = 172.17490                  
 AICc { p(~effort + under)Psi(~pctBrBnk) } = 172.62944                    
 BIC { p(~effort + under)Psi(~pctBrBnk) } = 186.81116                    
 Pearson Chisquare { p(~effort + under)Psi(~pctBrBnk) } = 925.61152                  

  Program  MARK  - Survival Rate Estimation with Capture-Recapture Data
   gfortran(dble) Vers. 9.0 Mar 2018     3-Dec-2019 10:55:09    Page  003
 - - - - - - - - - - - - - - - - - - - - - - - - - - - - - - - - - - - - - -
 


             LOGIT Link Function Parameters of { p(~effort + under)Psi(~pctBrBnk) }
                                                              95% Confidence Interval
 Parameter                    Beta         Standard Error      Lower           Upper
 -------------------------  --------------  --------------  --------------  --------------
    1:p:(Intercept)         -0.5351241       0.7566177      -2.0180948       0.9478466    
    2:p:effort               0.0016233       0.7997675E-03   0.5570643E-04   0.0031908    
    3:p:under                0.1528890       0.5728385      -0.9698746       1.2756525    
    4:Psi:(Intercept)       -0.7475292       0.4552970      -1.6399113       0.1448529    
    5:Psi:pctBrBnk          -1.3929014       0.5958396      -2.5607470      -0.2250559    


             Real Function Parameters of { p(~effort + under)Psi(~pctBrBnk) }

      Following estimates based on unstandardized individual covariate values:
          Variable   Value         
          ---------  ------------- 
          EFFORT1     906.23188    
          EFFORT2     834.18841    
          EFFORT3     818.18116    
          UNDER       0.5466074    
          PCTBRBNK    0.8740586    
                                                               95% Confidence Interval
  Parameter                  Estimate       Standard Error      Lower           Upper
 --------------------------  --------------  --------------  --------------  --------------
     1:p g1 a0 t1             0.7348728       0.0783793       0.5574964       0.8591161                          
     2:p g1 a1 t2             0.7114718       0.0788584       0.5373321       0.8396302                          
     3:p g1 a2 t3             0.7061087       0.0791040       0.5323123       0.8353033                          
     4:Psi g1 a0 t1           0.1229262       0.0325619       0.0719605       0.2021264                          


                      Estimates of Derived Parameters
       Occupancy Estimates of { p(~effort + under)Psi(~pctBrBnk) }
                                            95% Confidence Interval
 Group   Psi-hat         Standard Error      Lower           Upper
 -----   --------------  --------------  --------------  --------------
   1      0.1229262       0.0325619       0.0719605       0.2021264    

   CPU Time for the last procedure was 0.02 seconds.     

  Program  MARK  - Survival Rate Estimation with Capture-Recapture Data
   gfortran(dble) Vers. 9.0 Mar 2018     3-Dec-2019 10:55:09    Page  004
 - - - - - - - - - - - - - - - - - - - - - - - - - - - - - - - - - - - - - -
 


  INPUT --- proc stop;

     CPU Time in minutes for this job was 0.00

     Time Start = 10:55:08.821   Time End = 10:55:09.520

     Wall Clock Time in minutes for this job was 0.01


          E X E C U T I O N   S U C C E S S F U L 
