
   Program  MARK  - Survival Rate Estimation with Capture-Recapture Data
   gfortran(dble) Vers. 9.0 Mar 2018     3-Dec-2019 11:03:13    Page  001
 - - - - - - - - - - - - - - - - - - - - - - - - - - - - - - - - - - - - - -
 
   This version was compiled by GCC version 7.2.0 using the options: 
     -cpp -iprefix C:/Program Files/mingw-w64/x86_64-7.2.0-posix-seh-rt_v5-rev1/
     mingw64/bin/../lib/gcc/x86_64-w64-mingw32/7.2.0/ -D_MT -D_REENTRANT
     -U_REENTRANT -D IEEE -D DBLEPRECISION -m64 -mtune=core2 -march=nocona -mthreads
     -O2 -fimplicit-none -fbounds-check -funroll-loops -ftree-vectorize
     -ffpe-summary=invalid,zero,overflow,underflow -fno-unsafe-math-optimizations
     -frounding-math -fsignaling-nans -fopenmp.

   This problem will use 7 of 8 possible threads.


  INPUT --- proc title ;

   CPU Time for the last procedure was 0.01 seconds.     


  INPUT --- proc chmatrix occasions= 3 groups= 1 etype= Occupancy 
  INPUT --- Nodes= 101 icovar = 8 ICMeans  NoHist hist= 138 ;

  INPUT ---    time interval 1 1 1 ;

  INPUT ---     icovariates effort1 effort2 effort3 lwd1 lwd2 lwd3  
  INPUT ---    pctex21 Sinuosity ;

  INPUT ---    glabel(1)=freq1;

      Number of unique encounter histories read was 138.

      Number of individual covariates read was 8.
      Time interval lengths are all equal to 1.

      Data type number is 27
      Data type is Occupancy Estimation with Detection < 1                                                             

   CPU Time for the last procedure was 0.01 seconds.     

  Program  MARK  - Survival Rate Estimation with Capture-Recapture Data
   gfortran(dble) Vers. 9.0 Mar 2018     3-Dec-2019 11:03:13    Page  002
 - - - - - - - - - - - - - - - - - - - - - - - - - - - - - - - - - - - - - -
 


  INPUT --- proc estimate link=Logit NOLOOP varest=2ndPart    ;


  INPUT --- model={ p(~effort + lwd)Psi(~pctex21 + Sinuosity) };

  INPUT ---    group=1 p    rows=1 cols=3 Square ;
  INPUT ---        1 2 3 ;

  INPUT ---    group=1 Psi    rows=1 cols=1 Square ;
  INPUT ---        4 ;

  INPUT ---    design matrix constraints=4 covariates=6;
  INPUT ---        1 effort1 lwd1 0 0 0;
  INPUT ---        1 effort2 lwd2 0 0 0;
  INPUT ---        1 effort3 lwd3 0 0 0;
  INPUT ---        0 0 0 1 pctex21 Sinuosity;
  INPUT ---       blabel(1)=p:(Intercept);
  INPUT ---       blabel(2)=p:effort;
  INPUT ---       blabel(3)=p:lwd;
  INPUT ---       blabel(4)=Psi:(Intercept);
  INPUT ---       blabel(5)=Psi:pctex21;
  INPUT ---       blabel(6)=Psi:Sinuosity;
  INPUT ---       rlabel(1)=p g1 a0 t1;
  INPUT ---       rlabel(2)=p g1 a1 t2;
  INPUT ---       rlabel(3)=p g1 a2 t3;
  INPUT ---       rlabel(4)=Psi g1 a0 t1;

 Link Function Used is LOGIT        

 Variance Estimation Procedure Used is 2ndPart 
 -2logL(saturated) = 0.0000000     
 Effective Sample Size = 138

 Number of function evaluations was 27 for 6 parameters.
 Time for numerical optimization was 0.01 seconds.     
 -2logL { p(~effort + lwd)Psi(~pctex21 + Sinuosity) } = 145.80052     
 Penalty { p(~effort + lwd)Psi(~pctex21 + Sinuosity) } = 0.0000000     
 Gradient { p(~effort + lwd)Psi(~pctex21 + Sinuosity) }:
   0.000000      0.4791758E-06   0.000000     -0.8906171E-06 -0.9241240E-07
 -0.1091585E-05
 Maximum ABS(G) { p(~effort + lwd)Psi(~pctex21 + Sinuosity) } = 0.1091585E-05 
 S Vector { p(~effort + lwd)Psi(~pctex21 + Sinuosity) }:
   18.16757      7.578601     0.1981680     0.9304285E-01 0.5225723E-01
  0.1996243E-01
 Time to compute number of parameters was 0.03 seconds.     
 Ratio Threshold = 50.000000       Max Gap (2/3) = 38.243307       Next Max Gap (5/6) = 2.6177786     
 Gap Method for Num. of Estimated Parameters { p(~effort + lwd)Psi(~pctex21 + Sinuosity) } = 6          
 Threshold { p(~effort + lwd)Psi(~pctex21 + Sinuosity) } = 0.2183169E-05                 
 Numerical Threshold Method for Num. of Estimated Parameters { p(~effort + lwd)Psi(~pctex21 + Sinuosity) } = 6          
 Number of Estimated Parameters { p(~effort + lwd)Psi(~pctex21 + Sinuosity) } = 6          
 DEVIANCE { p(~effort + lwd)Psi(~pctex21 + Sinuosity) } = 145.80052                     
 DEVIANCE Degrees of Freedom { p(~effort + lwd)Psi(~pctex21 + Sinuosity) } = 132            
 c-hat { p(~effort + lwd)Psi(~pctex21 + Sinuosity) } = 1.1045494                     
 AIC { p(~effort + lwd)Psi(~pctex21 + Sinuosity) } = 157.80052                  
 AICc { p(~effort + lwd)Psi(~pctex21 + Sinuosity) } = 158.44174                    
 BIC { p(~effort + lwd)Psi(~pctex21 + Sinuosity) } = 175.36404                    
 Pearson Chisquare { p(~effort + lwd)Psi(~pctex21 + Sinuosity) } = 610.79645                  

  Program  MARK  - Survival Rate Estimation with Capture-Recapture Data
   gfortran(dble) Vers. 9.0 Mar 2018     3-Dec-2019 11:03:15    Page  003
 - - - - - - - - - - - - - - - - - - - - - - - - - - - - - - - - - - - - - -
 


        LOGIT Link Function Parameters of { p(~effort + lwd)Psi(~pctex21 + Sinuosity) }
                                                              95% Confidence Interval
 Parameter                    Beta         Standard Error      Lower           Upper
 -------------------------  --------------  --------------  --------------  --------------
    1:p:(Intercept)         -0.7484203       0.7511572      -2.2206885       0.7238479    
    2:p:effort               0.0017455       0.8094077E-03   0.1590362E-03   0.0033319    
    3:p:lwd                  1.1093629       1.2807493      -1.4009058       3.6196316    
    4:Psi:(Intercept)       -1.1416039       2.1347928      -5.3257979       3.0425901    
    5:Psi:pctex21           -0.6341783       0.2284256      -1.0818925      -0.1864641    
    6:Psi:Sinuosity          0.3347616       1.7119199      -3.0206014       3.6901247    


        Real Function Parameters of { p(~effort + lwd)Psi(~pctex21 + Sinuosity) }

      Following estimates based on unstandardized individual covariate values:
          Variable   Value         
          ---------  ------------- 
          EFFORT1     906.23188    
          EFFORT2     834.18841    
          EFFORT3     818.18116    
          LWD1        0.2346014    
          LWD2        0.2355072    
          LWD3        0.2114389    
          PCTEX21     4.8306834    
          SINUOSITY   1.2535645    
                                                               95% Confidence Interval
  Parameter                  Estimate       Standard Error      Lower           Upper
 --------------------------  --------------  --------------  --------------  --------------
     1:p g1 a0 t1             0.7490672       0.0742065       0.5792899       0.8661603                          
     2:p g1 a1 t2             0.7248998       0.0758279       0.5556742       0.8473766                          
     3:p g1 a2 t3             0.7138705       0.0761155       0.5458410       0.8381645                          
     4:Psi g1 a0 t1           0.0221943       0.0214892       0.0032486       0.1365001                          


                      Estimates of Derived Parameters
   Occupancy Estimates of { p(~effort + lwd)Psi(~pctex21 + Sinuosity) }
                                            95% Confidence Interval
 Group   Psi-hat         Standard Error      Lower           Upper
 -----   --------------  --------------  --------------  --------------
   1      0.0221943       0.0214892       0.0032486       0.1365001    

   CPU Time for the last procedure was 0.03 seconds.     

  Program  MARK  - Survival Rate Estimation with Capture-Recapture Data
   gfortran(dble) Vers. 9.0 Mar 2018     3-Dec-2019 11:03:15    Page  004
 - - - - - - - - - - - - - - - - - - - - - - - - - - - - - - - - - - - - - -
 


  INPUT --- proc stop;

     CPU Time in minutes for this job was 0.00

     Time Start = 11:03:13.893   Time End = 11:03:15.178

     Wall Clock Time in minutes for this job was 0.02


          E X E C U T I O N   S U C C E S S F U L 
