
   Program  MARK  - Survival Rate Estimation with Capture-Recapture Data
   gfortran(dble) Vers. 9.0 Mar 2018     3-Dec-2019 11:01:28    Page  001
 - - - - - - - - - - - - - - - - - - - - - - - - - - - - - - - - - - - - - -
 
   This version was compiled by GCC version 7.2.0 using the options: 
     -cpp -iprefix C:/Program Files/mingw-w64/x86_64-7.2.0-posix-seh-rt_v5-rev1/
     mingw64/bin/../lib/gcc/x86_64-w64-mingw32/7.2.0/ -D_MT -D_REENTRANT
     -U_REENTRANT -D IEEE -D DBLEPRECISION -m64 -mtune=core2 -march=nocona -mthreads
     -O2 -fimplicit-none -fbounds-check -funroll-loops -ftree-vectorize
     -ffpe-summary=invalid,zero,overflow,underflow -fno-unsafe-math-optimizations
     -frounding-math -fsignaling-nans -fopenmp.

   This problem will use 7 of 8 possible threads.


  INPUT --- proc title ;

   CPU Time for the last procedure was 0.01 seconds.     


  INPUT --- proc chmatrix occasions= 3 groups= 1 etype= Occupancy 
  INPUT --- Nodes= 101 icovar = 5 ICMeans  NoHist hist= 138 ;

  INPUT ---    time interval 1 1 1 ;

  INPUT ---     icovariates effort1 effort2 effort3 pctex21 machabprop ;

  INPUT ---    glabel(1)=freq1;

      Number of unique encounter histories read was 138.

      Number of individual covariates read was 5.
      Time interval lengths are all equal to 1.

      Data type number is 27
      Data type is Occupancy Estimation with Detection < 1                                                             

   CPU Time for the last procedure was 0.01 seconds.     

  Program  MARK  - Survival Rate Estimation with Capture-Recapture Data
   gfortran(dble) Vers. 9.0 Mar 2018     3-Dec-2019 11:01:28    Page  002
 - - - - - - - - - - - - - - - - - - - - - - - - - - - - - - - - - - - - - -
 


  INPUT --- proc estimate link=Logit NOLOOP varest=2ndPart    ;


  INPUT --- model={ p(~effort)Psi(~pctex21 + machabprop) };

  INPUT ---    group=1 p    rows=1 cols=3 Square ;
  INPUT ---        1 2 3 ;

  INPUT ---    group=1 Psi    rows=1 cols=1 Square ;
  INPUT ---        4 ;

  INPUT ---    design matrix constraints=4 covariates=5;
  INPUT ---        1 effort1 0 0 0;
  INPUT ---        1 effort2 0 0 0;
  INPUT ---        1 effort3 0 0 0;
  INPUT ---        0 0 1 pctex21 machabprop;
  INPUT ---       blabel(1)=p:(Intercept);
  INPUT ---       blabel(2)=p:effort;
  INPUT ---       blabel(3)=Psi:(Intercept);
  INPUT ---       blabel(4)=Psi:pctex21;
  INPUT ---       blabel(5)=Psi:machabprop;
  INPUT ---       rlabel(1)=p g1 a0 t1;
  INPUT ---       rlabel(2)=p g1 a1 t2;
  INPUT ---       rlabel(3)=p g1 a2 t3;
  INPUT ---       rlabel(4)=Psi g1 a0 t1;

 Link Function Used is LOGIT        

 Variance Estimation Procedure Used is 2ndPart 
 -2logL(saturated) = 0.0000000     
 Effective Sample Size = 138

 Number of function evaluations was 23 for 5 parameters.
 Time for numerical optimization was 0.05 seconds.     
 -2logL { p(~effort)Psi(~pctex21 + machabprop) } = 142.29653     
 Penalty { p(~effort)Psi(~pctex21 + machabprop) } = 0.0000000     
 Gradient { p(~effort)Psi(~pctex21 + machabprop) }:
   0.000000       0.000000      0.8386924E-06  0.8172510E-07   0.000000    
 Maximum ABS(G) { p(~effort)Psi(~pctex21 + machabprop) } = 0.8386924E-06 
 S Vector { p(~effort)Psi(~pctex21 + machabprop) }:
   17.22300      7.897421     0.2617801     0.9888186E-01 0.1731585E-01
 Time to compute number of parameters was 0.01 seconds.     
 Ratio Threshold = 50.000000       Max Gap (2/3) = 30.168156       Next Max Gap (4/5) = 5.7104838     
 Gap Method for Num. of Estimated Parameters { p(~effort)Psi(~pctex21 + machabprop) } = 5          
 Threshold { p(~effort)Psi(~pctex21 + machabprop) } = 0.1677385E-05                 
 Numerical Threshold Method for Num. of Estimated Parameters { p(~effort)Psi(~pctex21 + machabprop) } = 5          
 Number of Estimated Parameters { p(~effort)Psi(~pctex21 + machabprop) } = 5          
 DEVIANCE { p(~effort)Psi(~pctex21 + machabprop) } = 142.29653                     
 DEVIANCE Degrees of Freedom { p(~effort)Psi(~pctex21 + machabprop) } = 133            
 c-hat { p(~effort)Psi(~pctex21 + machabprop) } = 1.0698987                     
 AIC { p(~effort)Psi(~pctex21 + machabprop) } = 152.29653                  
 AICc { p(~effort)Psi(~pctex21 + machabprop) } = 152.75107                    
 BIC { p(~effort)Psi(~pctex21 + machabprop) } = 166.93280                    
 Pearson Chisquare { p(~effort)Psi(~pctex21 + machabprop) } = 565.74828                  

  Program  MARK  - Survival Rate Estimation with Capture-Recapture Data
   gfortran(dble) Vers. 9.0 Mar 2018     3-Dec-2019 11:01:28    Page  003
 - - - - - - - - - - - - - - - - - - - - - - - - - - - - - - - - - - - - - -
 


           LOGIT Link Function Parameters of { p(~effort)Psi(~pctex21 + machabprop) }
                                                              95% Confidence Interval
 Parameter                    Beta         Standard Error      Lower           Upper
 -------------------------  --------------  --------------  --------------  --------------
    1:p:(Intercept)         -0.4286367       0.6750972      -1.7518272       0.8945537    
    2:p:effort               0.0016352       0.7842435E-03   0.9804358E-04   0.0031723    
    3:Psi:(Intercept)        1.2741932       1.0455158      -0.7750178       3.3234041    
    4:Psi:pctex21           -0.7213334       0.2448318      -1.2012038      -0.2414630    
    5:Psi:machabprop        -0.0372638       0.0190522      -0.0746061       0.7853075E-04


           Real Function Parameters of { p(~effort)Psi(~pctex21 + machabprop) }

      Following estimates based on unstandardized individual covariate values:
          Variable   Value         
          ---------  ------------- 
          EFFORT1     906.23188    
          EFFORT2     834.18841    
          EFFORT3     818.18116    
          PCTEX21     4.8306834    
          MACHABPROP  53.717706    
                                                               95% Confidence Interval
  Parameter                  Estimate       Standard Error      Lower           Upper
 --------------------------  --------------  --------------  --------------  --------------
     1:p g1 a0 t1             0.7413886       0.0732193       0.5755923       0.8583547                          
     2:p g1 a1 t2             0.7181686       0.0739562       0.5545884       0.8391022                          
     3:p g1 a2 t3             0.7128407       0.0742692       0.5493613       0.8348436                          
     4:Psi g1 a0 t1           0.0145995       0.0153613       0.0018240       0.1072419                          


                      Estimates of Derived Parameters
     Occupancy Estimates of { p(~effort)Psi(~pctex21 + machabprop) }
                                            95% Confidence Interval
 Group   Psi-hat         Standard Error      Lower           Upper
 -----   --------------  --------------  --------------  --------------
   1      0.0145995       0.0153613       0.0018240       0.1072419    

   CPU Time for the last procedure was 0.06 seconds.     

  Program  MARK  - Survival Rate Estimation with Capture-Recapture Data
   gfortran(dble) Vers. 9.0 Mar 2018     3-Dec-2019 11:01:28    Page  004
 - - - - - - - - - - - - - - - - - - - - - - - - - - - - - - - - - - - - - -
 


  INPUT --- proc stop;

     CPU Time in minutes for this job was 0.00

     Time Start = 11:01:28.671   Time End = 11:01:28.826

     Wall Clock Time in minutes for this job was 0.00


          E X E C U T I O N   S U C C E S S F U L 
