
   Program  MARK  - Survival Rate Estimation with Capture-Recapture Data
   gfortran(dble) Vers. 9.0 Mar 2018     3-Dec-2019 11:00:05    Page  001
 - - - - - - - - - - - - - - - - - - - - - - - - - - - - - - - - - - - - - -
 
   This version was compiled by GCC version 7.2.0 using the options: 
     -cpp -iprefix C:/Program Files/mingw-w64/x86_64-7.2.0-posix-seh-rt_v5-rev1/
     mingw64/bin/../lib/gcc/x86_64-w64-mingw32/7.2.0/ -D_MT -D_REENTRANT
     -U_REENTRANT -D IEEE -D DBLEPRECISION -m64 -mtune=core2 -march=nocona -mthreads
     -O2 -fimplicit-none -fbounds-check -funroll-loops -ftree-vectorize
     -ffpe-summary=invalid,zero,overflow,underflow -fno-unsafe-math-optimizations
     -frounding-math -fsignaling-nans -fopenmp.

   This problem will use 7 of 8 possible threads.


  INPUT --- proc title ;

   CPU Time for the last procedure was 0.01 seconds.     


  INPUT --- proc chmatrix occasions= 3 groups= 1 etype= Occupancy 
  INPUT --- Nodes= 101 icovar = 3 ICMeans  NoHist hist= 134 ;

  INPUT ---    time interval 1 1 1 ;

  INPUT ---     icovariates under pctex21 BRT_100m ;

  INPUT ---    glabel(1)=freq1;

      Number of unique encounter histories read was 134.

      Number of individual covariates read was 3.
      Time interval lengths are all equal to 1.

      Data type number is 27
      Data type is Occupancy Estimation with Detection < 1                                                             

   CPU Time for the last procedure was 0.02 seconds.     

  Program  MARK  - Survival Rate Estimation with Capture-Recapture Data
   gfortran(dble) Vers. 9.0 Mar 2018     3-Dec-2019 11:00:05    Page  002
 - - - - - - - - - - - - - - - - - - - - - - - - - - - - - - - - - - - - - -
 


  INPUT --- proc estimate link=Logit NOLOOP varest=2ndPart    ;


  INPUT --- model={ p(~under)Psi(~pctex21 + BRT_100m) };

  INPUT ---    group=1 p    rows=1 cols=3 Square ;
  INPUT ---        1 1 1 ;

  INPUT ---    group=1 Psi    rows=1 cols=1 Square ;
  INPUT ---        2 ;

  INPUT ---    design matrix constraints=2 covariates=5;
  INPUT ---        1 under 0 0 0;
  INPUT ---        0 0 1 pctex21 BRT_100m;
  INPUT ---       blabel(1)=p:(Intercept);
  INPUT ---       blabel(2)=p:under;
  INPUT ---       blabel(3)=Psi:(Intercept);
  INPUT ---       blabel(4)=Psi:pctex21;
  INPUT ---       blabel(5)=Psi:BRT_100m;
  INPUT ---       rlabel(1)=p g1 a0 t1;
  INPUT ---       rlabel(2)=Psi g1 a0 t1;

 Link Function Used is LOGIT        

 Variance Estimation Procedure Used is 2ndPart 
 -2logL(saturated) = 0.0000000     
 Effective Sample Size = 138

 Number of function evaluations was 18 for 5 parameters.
 Time for numerical optimization was 0.01 seconds.     
 -2logL { p(~under)Psi(~pctex21 + BRT_100m) } = 149.92693     
 Penalty { p(~under)Psi(~pctex21 + BRT_100m) } = 0.0000000     
 Gradient { p(~under)Psi(~pctex21 + BRT_100m) }:
 -0.1154551E-05   0.000000       0.000000       0.000000       0.000000    
 Maximum ABS(G) { p(~under)Psi(~pctex21 + BRT_100m) } = 0.1154551E-05 
 S Vector { p(~under)Psi(~pctex21 + BRT_100m) }:
   13.86765      10.06290     0.5307113     0.3852093     0.1836053E-01
 Time to compute number of parameters was 0.01 seconds.     
 Ratio Threshold = 50.000000       Max Gap (4/5) = 20.980291       Next Max Gap (2/3) = 18.961165     
 Gap Method for Num. of Estimated Parameters { p(~under)Psi(~pctex21 + BRT_100m) } = 5          
 Threshold { p(~under)Psi(~pctex21 + BRT_100m) } = 0.2309103E-05                 
 Numerical Threshold Method for Num. of Estimated Parameters { p(~under)Psi(~pctex21 + BRT_100m) } = 5          
 Number of Estimated Parameters { p(~under)Psi(~pctex21 + BRT_100m) } = 5          
 DEVIANCE { p(~under)Psi(~pctex21 + BRT_100m) } = 149.92693                     
 DEVIANCE Degrees of Freedom { p(~under)Psi(~pctex21 + BRT_100m) } = 133            
 c-hat { p(~under)Psi(~pctex21 + BRT_100m) } = 1.1272701                     
 AIC { p(~under)Psi(~pctex21 + BRT_100m) } = 159.92693                  
 AICc { p(~under)Psi(~pctex21 + BRT_100m) } = 160.38147                    
 BIC { p(~under)Psi(~pctex21 + BRT_100m) } = 174.56320                    
 Pearson Chisquare { p(~under)Psi(~pctex21 + BRT_100m) } = 899.76593                  


            LOGIT Link Function Parameters of { p(~under)Psi(~pctex21 + BRT_100m) }
                                                              95% Confidence Interval
 Parameter                    Beta         Standard Error      Lower           Upper
 -------------------------  --------------  --------------  --------------  --------------

  Program  MARK  - Survival Rate Estimation with Capture-Recapture Data
   gfortran(dble) Vers. 9.0 Mar 2018     3-Dec-2019 11:00:06    Page  003
 - - - - - - - - - - - - - - - - - - - - - - - - - - - - - - - - - - - - - -
 
    1:p:(Intercept)          0.6520262       0.5140570      -0.3555255       1.6595780    
    2:p:under                0.3886253       0.5423804      -0.6744402       1.4516908    
    3:Psi:(Intercept)       -1.0897680       0.3599044      -1.7951806      -0.3843553    
    4:Psi:pctex21           -0.6223324       0.2382581      -1.0893183      -0.1553465    
    5:Psi:BRT_100m           0.0277828       0.0166497      -0.0048507       0.0604163    


            Real Function Parameters of { p(~under)Psi(~pctex21 + BRT_100m) }

      Following estimates based on unstandardized individual covariate values:
          Variable   Value         
          ---------  ------------- 
          UNDER       0.5466074    
          PCTEX21     4.8306834    
          BRT_100M    6.7817616    
                                                               95% Confidence Interval
  Parameter                  Estimate       Standard Error      Lower           Upper
 --------------------------  --------------  --------------  --------------  --------------
     1:p g1 a0 t1             0.7035899       0.0712018       0.5486667       0.8225351                          
     2:Psi g1 a0 t1           0.0196922       0.0201186       0.0025983       0.1341235                          


                      Estimates of Derived Parameters
       Occupancy Estimates of { p(~under)Psi(~pctex21 + BRT_100m) }
                                            95% Confidence Interval
 Group   Psi-hat         Standard Error      Lower           Upper
 -----   --------------  --------------  --------------  --------------
   1      0.0196922       0.0201186       0.0025983       0.1341235    

   CPU Time for the last procedure was 0.01 seconds.     

  Program  MARK  - Survival Rate Estimation with Capture-Recapture Data
   gfortran(dble) Vers. 9.0 Mar 2018     3-Dec-2019 11:00:06    Page  004
 - - - - - - - - - - - - - - - - - - - - - - - - - - - - - - - - - - - - - -
 


  INPUT --- proc stop;

     CPU Time in minutes for this job was 0.00

     Time Start = 11:00:05.910   Time End = 11:00:06.014

     Wall Clock Time in minutes for this job was 0.00


          E X E C U T I O N   S U C C E S S F U L 
