
   Program  MARK  - Survival Rate Estimation with Capture-Recapture Data
   gfortran(dble) Vers. 9.0 Mar 2018     3-Dec-2019 10:59:56    Page  001
 - - - - - - - - - - - - - - - - - - - - - - - - - - - - - - - - - - - - - -
 
   This version was compiled by GCC version 7.2.0 using the options: 
     -cpp -iprefix C:/Program Files/mingw-w64/x86_64-7.2.0-posix-seh-rt_v5-rev1/
     mingw64/bin/../lib/gcc/x86_64-w64-mingw32/7.2.0/ -D_MT -D_REENTRANT
     -U_REENTRANT -D IEEE -D DBLEPRECISION -m64 -mtune=core2 -march=nocona -mthreads
     -O2 -fimplicit-none -fbounds-check -funroll-loops -ftree-vectorize
     -ffpe-summary=invalid,zero,overflow,underflow -fno-unsafe-math-optimizations
     -frounding-math -fsignaling-nans -fopenmp.

   This problem will use 7 of 8 possible threads.


  INPUT --- proc title ;

   CPU Time for the last procedure was 0.01 seconds.     


  INPUT --- proc chmatrix occasions= 3 groups= 1 etype= Occupancy 
  INPUT --- Nodes= 101 icovar = 5 ICMeans  NoHist hist= 138 ;

  INPUT ---    time interval 1 1 1 ;

  INPUT ---     icovariates effort1 effort2 effort3 pctex21 BRT_100m ;

  INPUT ---    glabel(1)=freq1;

      Number of unique encounter histories read was 138.

      Number of individual covariates read was 5.
      Time interval lengths are all equal to 1.

      Data type number is 27
      Data type is Occupancy Estimation with Detection < 1                                                             

   CPU Time for the last procedure was 0.02 seconds.     

  Program  MARK  - Survival Rate Estimation with Capture-Recapture Data
   gfortran(dble) Vers. 9.0 Mar 2018     3-Dec-2019 10:59:56    Page  002
 - - - - - - - - - - - - - - - - - - - - - - - - - - - - - - - - - - - - - -
 


  INPUT --- proc estimate link=Logit NOLOOP varest=2ndPart    ;


  INPUT --- model={ p(~effort)Psi(~pctex21 + BRT_100m) };

  INPUT ---    group=1 p    rows=1 cols=3 Square ;
  INPUT ---        1 2 3 ;

  INPUT ---    group=1 Psi    rows=1 cols=1 Square ;
  INPUT ---        4 ;

  INPUT ---    design matrix constraints=4 covariates=5;
  INPUT ---        1 effort1 0 0 0;
  INPUT ---        1 effort2 0 0 0;
  INPUT ---        1 effort3 0 0 0;
  INPUT ---        0 0 1 pctex21 BRT_100m;
  INPUT ---       blabel(1)=p:(Intercept);
  INPUT ---       blabel(2)=p:effort;
  INPUT ---       blabel(3)=Psi:(Intercept);
  INPUT ---       blabel(4)=Psi:pctex21;
  INPUT ---       blabel(5)=Psi:BRT_100m;
  INPUT ---       rlabel(1)=p g1 a0 t1;
  INPUT ---       rlabel(2)=p g1 a1 t2;
  INPUT ---       rlabel(3)=p g1 a2 t3;
  INPUT ---       rlabel(4)=Psi g1 a0 t1;

 Link Function Used is LOGIT        

 Variance Estimation Procedure Used is 2ndPart 
 -2logL(saturated) = 0.0000000     
 Effective Sample Size = 138

 Number of function evaluations was 22 for 5 parameters.
 Time for numerical optimization was 0.01 seconds.     
 -2logL { p(~effort)Psi(~pctex21 + BRT_100m) } = 144.10148     
 Penalty { p(~effort)Psi(~pctex21 + BRT_100m) } = 0.0000000     
 Gradient { p(~effort)Psi(~pctex21 + BRT_100m) }:
  0.1347841E-05  0.2538672E-06   0.000000       0.000000      0.5561076E-06
 Maximum ABS(G) { p(~effort)Psi(~pctex21 + BRT_100m) } = 0.1347841E-05 
 S Vector { p(~effort)Psi(~pctex21 + BRT_100m) }:
   13.91927      7.968593     0.4293277     0.9706047E-01 0.1817620E-01
 Time to compute number of parameters was 0.01 seconds.     
 Ratio Threshold = 50.000000       Max Gap (2/3) = 18.560628       Next Max Gap (4/5) = 5.3399758     
 Gap Method for Num. of Estimated Parameters { p(~effort)Psi(~pctex21 + BRT_100m) } = 5          
 Threshold { p(~effort)Psi(~pctex21 + BRT_100m) } = 0.2695681E-05                 
 Numerical Threshold Method for Num. of Estimated Parameters { p(~effort)Psi(~pctex21 + BRT_100m) } = 5          
 Number of Estimated Parameters { p(~effort)Psi(~pctex21 + BRT_100m) } = 5          
 DEVIANCE { p(~effort)Psi(~pctex21 + BRT_100m) } = 144.10148                     
 DEVIANCE Degrees of Freedom { p(~effort)Psi(~pctex21 + BRT_100m) } = 133            
 c-hat { p(~effort)Psi(~pctex21 + BRT_100m) } = 1.0834698                     
 AIC { p(~effort)Psi(~pctex21 + BRT_100m) } = 154.10148                  
 AICc { p(~effort)Psi(~pctex21 + BRT_100m) } = 154.55603                    
 BIC { p(~effort)Psi(~pctex21 + BRT_100m) } = 168.73775                    
 Pearson Chisquare { p(~effort)Psi(~pctex21 + BRT_100m) } = 630.89027                  

  Program  MARK  - Survival Rate Estimation with Capture-Recapture Data
   gfortran(dble) Vers. 9.0 Mar 2018     3-Dec-2019 10:59:57    Page  003
 - - - - - - - - - - - - - - - - - - - - - - - - - - - - - - - - - - - - - -
 


            LOGIT Link Function Parameters of { p(~effort)Psi(~pctex21 + BRT_100m) }
                                                              95% Confidence Interval
 Parameter                    Beta         Standard Error      Lower           Upper
 -------------------------  --------------  --------------  --------------  --------------
    1:p:(Intercept)         -0.4151143       0.6766989      -1.7414441       0.9112155    
    2:p:effort               0.0016332       0.7914495E-03   0.8195248E-04   0.0031844    
    3:Psi:(Intercept)       -1.0163307       0.3694427      -1.7404384      -0.2922231    
    4:Psi:pctex21           -0.6329335       0.2394383      -1.1022326      -0.1636344    
    5:Psi:BRT_100m           0.0252729       0.0157981      -0.0056913       0.0562371    


            Real Function Parameters of { p(~effort)Psi(~pctex21 + BRT_100m) }

      Following estimates based on unstandardized individual covariate values:
          Variable   Value         
          ---------  ------------- 
          EFFORT1     906.23188    
          EFFORT2     834.18841    
          EFFORT3     818.18116    
          PCTEX21     4.8306834    
          BRT_100M    6.7817616    
                                                               95% Confidence Interval
  Parameter                  Estimate       Standard Error      Lower           Upper
 --------------------------  --------------  --------------  --------------  --------------
     1:p g1 a0 t1             0.7436330       0.0724585       0.5793224       0.8593477                          
     2:p g1 a1 t2             0.7205672       0.0730796       0.5587027       0.8400574                          
     3:p g1 a2 t3             0.7152731       0.0733695       0.5535502       0.8357915                          
     4:Psi g1 a0 t1           0.0197930       0.0202765       0.0025968       0.1354030                          


                      Estimates of Derived Parameters
      Occupancy Estimates of { p(~effort)Psi(~pctex21 + BRT_100m) }
                                            95% Confidence Interval
 Group   Psi-hat         Standard Error      Lower           Upper
 -----   --------------  --------------  --------------  --------------
   1      0.0197930       0.0202765       0.0025968       0.1354030    

   CPU Time for the last procedure was 0.01 seconds.     

  Program  MARK  - Survival Rate Estimation with Capture-Recapture Data
   gfortran(dble) Vers. 9.0 Mar 2018     3-Dec-2019 10:59:57    Page  004
 - - - - - - - - - - - - - - - - - - - - - - - - - - - - - - - - - - - - - -
 


  INPUT --- proc stop;

     CPU Time in minutes for this job was 0.00

     Time Start = 10:59:56.427   Time End = 10:59:57.110

     Wall Clock Time in minutes for this job was 0.01


          E X E C U T I O N   S U C C E S S F U L 
