
   Program  MARK  - Survival Rate Estimation with Capture-Recapture Data
   gfortran(dble) Vers. 9.0 Mar 2018     3-Dec-2019 11:00:15    Page  001
 - - - - - - - - - - - - - - - - - - - - - - - - - - - - - - - - - - - - - -
 
   This version was compiled by GCC version 7.2.0 using the options: 
     -cpp -iprefix C:/Program Files/mingw-w64/x86_64-7.2.0-posix-seh-rt_v5-rev1/
     mingw64/bin/../lib/gcc/x86_64-w64-mingw32/7.2.0/ -D_MT -D_REENTRANT
     -U_REENTRANT -D IEEE -D DBLEPRECISION -m64 -mtune=core2 -march=nocona -mthreads
     -O2 -fimplicit-none -fbounds-check -funroll-loops -ftree-vectorize
     -ffpe-summary=invalid,zero,overflow,underflow -fno-unsafe-math-optimizations
     -frounding-math -fsignaling-nans -fopenmp.

   This problem will use 7 of 8 possible threads.


  INPUT --- proc title ;

   CPU Time for the last procedure was 0.01 seconds.     


  INPUT --- proc chmatrix occasions= 3 groups= 1 etype= Occupancy 
  INPUT --- Nodes= 101 icovar = 8 ICMeans  NoHist hist= 138 ;

  INPUT ---    time interval 1 1 1 ;

  INPUT ---     icovariates effort1 effort2 effort3 mxdep1 mxdep2 mxdep3  
  INPUT ---    pctex21 HAiFLS_nat ;

  INPUT ---    glabel(1)=freq1;

      Number of unique encounter histories read was 138.

      Number of individual covariates read was 8.
      Time interval lengths are all equal to 1.

      Data type number is 27
      Data type is Occupancy Estimation with Detection < 1                                                             

   CPU Time for the last procedure was 0.01 seconds.     

  Program  MARK  - Survival Rate Estimation with Capture-Recapture Data
   gfortran(dble) Vers. 9.0 Mar 2018     3-Dec-2019 11:00:15    Page  002
 - - - - - - - - - - - - - - - - - - - - - - - - - - - - - - - - - - - - - -
 


  INPUT --- proc estimate link=Logit NOLOOP varest=2ndPart    ;


  INPUT --- model={ p(~effort + mxdep)Psi(~pctex21 + HAiFLS_nat) };

  INPUT ---    group=1 p    rows=1 cols=3 Square ;
  INPUT ---        1 2 3 ;

  INPUT ---    group=1 Psi    rows=1 cols=1 Square ;
  INPUT ---        4 ;

  INPUT ---    design matrix constraints=4 covariates=6;
  INPUT ---        1 effort1 mxdep1 0 0 0;
  INPUT ---        1 effort2 mxdep2 0 0 0;
  INPUT ---        1 effort3 mxdep3 0 0 0;
  INPUT ---        0 0 0 1 pctex21 HAiFLS_nat;
  INPUT ---       blabel(1)=p:(Intercept);
  INPUT ---       blabel(2)=p:effort;
  INPUT ---       blabel(3)=p:mxdep;
  INPUT ---       blabel(4)=Psi:(Intercept);
  INPUT ---       blabel(5)=Psi:pctex21;
  INPUT ---       blabel(6)=Psi:HAiFLS_nat;
  INPUT ---       rlabel(1)=p g1 a0 t1;
  INPUT ---       rlabel(2)=p g1 a1 t2;
  INPUT ---       rlabel(3)=p g1 a2 t3;
  INPUT ---       rlabel(4)=Psi g1 a0 t1;

 Link Function Used is LOGIT        

 Variance Estimation Procedure Used is 2ndPart 
 -2logL(saturated) = 0.0000000     
 Effective Sample Size = 138

 Number of function evaluations was 35 for 6 parameters.
 Time for numerical optimization was 0.11 seconds.     
 -2logL { p(~effort + mxdep)Psi(~pctex21 + HAiFLS_nat) } = 139.45544     
 Penalty { p(~effort + mxdep)Psi(~pctex21 + HAiFLS_nat) } = 0.0000000     
 Gradient { p(~effort + mxdep)Psi(~pctex21 + HAiFLS_nat) }:
  0.1575038E-05  0.7629088E-06  0.3961181E-07  0.1506482E-05   0.000000    
  0.5692204E-06
 Maximum ABS(G) { p(~effort + mxdep)Psi(~pctex21 + HAiFLS_nat) } = 0.1575038E-05 
 S Vector { p(~effort + mxdep)Psi(~pctex21 + HAiFLS_nat) }:
   15.31022      7.797769     0.8998478     0.1203964     0.1502665E-01
  0.8332215E-03
 Time to compute number of parameters was 0.01 seconds.     
 Ratio Threshold = 50.000000       Max Gap (5/6) = 18.034403       Next Max Gap (2/3) = 8.6656540     
 Gap Method for Num. of Estimated Parameters { p(~effort + mxdep)Psi(~pctex21 + HAiFLS_nat) } = 6          
 Threshold { p(~effort + mxdep)Psi(~pctex21 + HAiFLS_nat) } = 0.3150077E-05                 
 Numerical Threshold Method for Num. of Estimated Parameters { p(~effort + mxdep)Psi(~pctex21 + HAiFLS_nat) } = 6          
 Number of Estimated Parameters { p(~effort + mxdep)Psi(~pctex21 + HAiFLS_nat) } = 6          
 DEVIANCE { p(~effort + mxdep)Psi(~pctex21 + HAiFLS_nat) } = 139.45544                     
 DEVIANCE Degrees of Freedom { p(~effort + mxdep)Psi(~pctex21 + HAiFLS_nat) } = 132            
 c-hat { p(~effort + mxdep)Psi(~pctex21 + HAiFLS_nat) } = 1.0564806                     
 AIC { p(~effort + mxdep)Psi(~pctex21 + HAiFLS_nat) } = 151.45544                  
 AICc { p(~effort + mxdep)Psi(~pctex21 + HAiFLS_nat) } = 152.09666                    
 BIC { p(~effort + mxdep)Psi(~pctex21 + HAiFLS_nat) } = 169.01896                    
 Pearson Chisquare { p(~effort + mxdep)Psi(~pctex21 + HAiFLS_nat) } = 562.22230                  

  Program  MARK  - Survival Rate Estimation with Capture-Recapture Data
   gfortran(dble) Vers. 9.0 Mar 2018     3-Dec-2019 11:00:16    Page  003
 - - - - - - - - - - - - - - - - - - - - - - - - - - - - - - - - - - - - - -
 


       LOGIT Link Function Parameters of { p(~effort + mxdep)Psi(~pctex21 + HAiFLS_nat) }
                                                              95% Confidence Interval
 Parameter                    Beta         Standard Error      Lower           Upper
 -------------------------  --------------  --------------  --------------  --------------
    1:p:(Intercept)         -1.4219711       0.9847168      -3.3520162       0.5080739    
    2:p:effort               0.0010031       0.8054152E-03  -0.5755545E-03   0.0025817    
    3:p:mxdep                2.9469380       2.1626339      -1.2918245       7.1857005    
    4:Psi:(Intercept)       -1.5321884       0.4885408      -2.4897284      -0.5746485    
    5:Psi:pctex21           -0.7522351       0.2631528      -1.2680146      -0.2364556    
    6:Psi:HAiFLS_nat         0.0235360       0.0103724       0.0032062       0.0438659    


       Real Function Parameters of { p(~effort + mxdep)Psi(~pctex21 + HAiFLS_nat) }

      Following estimates based on unstandardized individual covariate values:
          Variable   Value         
          ---------  ------------- 
          EFFORT1     906.23188    
          EFFORT2     834.18841    
          EFFORT3     818.18116    
          MXDEP1      0.5167391    
          MXDEP2      0.4846377    
          MXDEP3      0.6304348    
          PCTEX21     4.8306834    
          HAIFLS_NAT  30.404180    
                                                               95% Confidence Interval
  Parameter                  Estimate       Standard Error      Lower           Upper
 --------------------------  --------------  --------------  --------------  --------------
     1:p g1 a0 t1             0.7329872       0.0736447       0.5676622       0.8516174                          
     2:p g1 a1 t2             0.6990896       0.0764360       0.5326526       0.8256544                          
     3:p g1 a2 t3             0.7784343       0.0814327       0.5820424       0.8986185                          
     4:Psi g1 a0 t1           0.0115391       0.0133307       0.0011799       0.1034312                          


                      Estimates of Derived Parameters
 Occupancy Estimates of { p(~effort + mxdep)Psi(~pctex21 + HAiFLS_nat) }
                                            95% Confidence Interval
 Group   Psi-hat         Standard Error      Lower           Upper
 -----   --------------  --------------  --------------  --------------
   1      0.0115391       0.0133307       0.0011799       0.1034312    

   CPU Time for the last procedure was 0.11 seconds.     

  Program  MARK  - Survival Rate Estimation with Capture-Recapture Data
   gfortran(dble) Vers. 9.0 Mar 2018     3-Dec-2019 11:00:16    Page  004
 - - - - - - - - - - - - - - - - - - - - - - - - - - - - - - - - - - - - - -
 


  INPUT --- proc stop;

     CPU Time in minutes for this job was 0.00

     Time Start = 11:00:15.355   Time End = 11:00:16.683

     Wall Clock Time in minutes for this job was 0.02


          E X E C U T I O N   S U C C E S S F U L 
