
   Program  MARK  - Survival Rate Estimation with Capture-Recapture Data
   gfortran(dble) Vers. 9.0 Mar 2018     3-Dec-2019 10:58:21    Page  001
 - - - - - - - - - - - - - - - - - - - - - - - - - - - - - - - - - - - - - -
 
   This version was compiled by GCC version 7.2.0 using the options: 
     -cpp -iprefix C:/Program Files/mingw-w64/x86_64-7.2.0-posix-seh-rt_v5-rev1/
     mingw64/bin/../lib/gcc/x86_64-w64-mingw32/7.2.0/ -D_MT -D_REENTRANT
     -U_REENTRANT -D IEEE -D DBLEPRECISION -m64 -mtune=core2 -march=nocona -mthreads
     -O2 -fimplicit-none -fbounds-check -funroll-loops -ftree-vectorize
     -ffpe-summary=invalid,zero,overflow,underflow -fno-unsafe-math-optimizations
     -frounding-math -fsignaling-nans -fopenmp.

   This problem will use 7 of 8 possible threads.


  INPUT --- proc title ;

   CPU Time for the last procedure was 0.01 seconds.     


  INPUT --- proc chmatrix occasions= 3 groups= 1 etype= Occupancy 
  INPUT --- Nodes= 101 icovar = 7 ICMeans  NoHist hist= 138 ;

  INPUT ---    time interval 1 1 1 ;

  INPUT ---     icovariates effort1 effort2 effort3 undr1 undr2 undr3 LWD  
  INPUT ---    ;

  INPUT ---    glabel(1)=freq1;

      Number of unique encounter histories read was 138.

      Number of individual covariates read was 7.
      Time interval lengths are all equal to 1.

      Data type number is 27
      Data type is Occupancy Estimation with Detection < 1                                                             

   CPU Time for the last procedure was 0.01 seconds.     

  Program  MARK  - Survival Rate Estimation with Capture-Recapture Data
   gfortran(dble) Vers. 9.0 Mar 2018     3-Dec-2019 10:58:21    Page  002
 - - - - - - - - - - - - - - - - - - - - - - - - - - - - - - - - - - - - - -
 


  INPUT --- proc estimate link=Logit NOLOOP varest=2ndPart    ;


  INPUT --- model={ p(~effort + undr)Psi(~LWD) };

  INPUT ---    group=1 p    rows=1 cols=3 Square ;
  INPUT ---        1 2 3 ;

  INPUT ---    group=1 Psi    rows=1 cols=1 Square ;
  INPUT ---        4 ;

  INPUT ---    design matrix constraints=4 covariates=5;
  INPUT ---        1 effort1 undr1 0 0;
  INPUT ---        1 effort2 undr2 0 0;
  INPUT ---        1 effort3 undr3 0 0;
  INPUT ---        0 0 0 1 LWD;
  INPUT ---       blabel(1)=p:(Intercept);
  INPUT ---       blabel(2)=p:effort;
  INPUT ---       blabel(3)=p:undr;
  INPUT ---       blabel(4)=Psi:(Intercept);
  INPUT ---       blabel(5)=Psi:LWD;
  INPUT ---       rlabel(1)=p g1 a0 t1;
  INPUT ---       rlabel(2)=p g1 a1 t2;
  INPUT ---       rlabel(3)=p g1 a2 t3;
  INPUT ---       rlabel(4)=Psi g1 a0 t1;

 Link Function Used is LOGIT        

 Variance Estimation Procedure Used is 2ndPart 
 -2logL(saturated) = 0.0000000     
 Effective Sample Size = 138

 Number of function evaluations was 20 for 5 parameters.
 Time for numerical optimization was 0.06 seconds.     
 -2logL { p(~effort + undr)Psi(~LWD) } = 167.86461     
 Penalty { p(~effort + undr)Psi(~LWD) } = 0.0000000     
 Gradient { p(~effort + undr)Psi(~LWD) }:
  0.1161624E-05   0.000000       0.000000      0.1481298E-05  0.1002721E-05
 Maximum ABS(G) { p(~effort + undr)Psi(~LWD) } = 0.1481298E-05 
 S Vector { p(~effort + undr)Psi(~LWD) }:
   17.07776      8.225953     0.6671487     0.3126440     0.1021493    
 Time to compute number of parameters was 0.01 seconds.     
 Ratio Threshold = 50.000000       Max Gap (2/3) = 12.330014       Next Max Gap (4/5) = 3.0606577     
 Gap Method for Num. of Estimated Parameters { p(~effort + undr)Psi(~LWD) } = 5          
 Threshold { p(~effort + undr)Psi(~LWD) } = 0.2962596E-05                 
 Numerical Threshold Method for Num. of Estimated Parameters { p(~effort + undr)Psi(~LWD) } = 5          
 Number of Estimated Parameters { p(~effort + undr)Psi(~LWD) } = 5          
 DEVIANCE { p(~effort + undr)Psi(~LWD) } = 167.86461                     
 DEVIANCE Degrees of Freedom { p(~effort + undr)Psi(~LWD) } = 133            
 c-hat { p(~effort + undr)Psi(~LWD) } = 1.2621399                     
 AIC { p(~effort + undr)Psi(~LWD) } = 177.86461                  
 AICc { p(~effort + undr)Psi(~LWD) } = 178.31915                    
 BIC { p(~effort + undr)Psi(~LWD) } = 192.50088                    
 Pearson Chisquare { p(~effort + undr)Psi(~LWD) } = 851.82239                  

  Program  MARK  - Survival Rate Estimation with Capture-Recapture Data
   gfortran(dble) Vers. 9.0 Mar 2018     3-Dec-2019 10:58:22    Page  003
 - - - - - - - - - - - - - - - - - - - - - - - - - - - - - - - - - - - - - -
 


                LOGIT Link Function Parameters of { p(~effort + undr)Psi(~LWD) }
                                                              95% Confidence Interval
 Parameter                    Beta         Standard Error      Lower           Upper
 -------------------------  --------------  --------------  --------------  --------------
    1:p:(Intercept)         -0.6419679       0.7293594      -2.0715125       0.7875766    
    2:p:effort               0.0015384       0.7721677E-03   0.2497513E-04   0.0030519    
    3:p:undr                 0.4336040       0.5022990      -0.5509020       1.4181099    
    4:Psi:(Intercept)       -1.5752399       0.3481922      -2.2576965      -0.8927833    
    5:Psi:LWD               -0.9021721       1.2002052      -3.2545743       1.4502301    


                Real Function Parameters of { p(~effort + undr)Psi(~LWD) }

      Following estimates based on unstandardized individual covariate values:
          Variable   Value         
          ---------  ------------- 
          EFFORT1     906.23188    
          EFFORT2     834.18841    
          EFFORT3     818.18116    
          UNDR1       0.5869565    
          UNDR2       0.5483092    
          UNDR3       0.5042271    
          LWD         0.2273503    
                                                               95% Confidence Interval
  Parameter                  Estimate       Standard Error      Lower           Upper
 --------------------------  --------------  --------------  --------------  --------------
     1:p g1 a0 t1             0.7323753       0.0755788       0.5624045       0.8535211                          
     2:p g1 a1 t2             0.7066391       0.0769561       0.5378040       0.8329566                          
     3:p g1 a2 t3             0.6974905       0.0786336       0.5262091       0.8271870                          
     4:Psi g1 a0 t1           0.1442600       0.0317567       0.0924107       0.2182065                          


                      Estimates of Derived Parameters
          Occupancy Estimates of { p(~effort + undr)Psi(~LWD) }
                                            95% Confidence Interval
 Group   Psi-hat         Standard Error      Lower           Upper
 -----   --------------  --------------  --------------  --------------
   1      0.1442600       0.0317567       0.0924107       0.2182065    

   CPU Time for the last procedure was 0.08 seconds.     

  Program  MARK  - Survival Rate Estimation with Capture-Recapture Data
   gfortran(dble) Vers. 9.0 Mar 2018     3-Dec-2019 10:58:22    Page  004
 - - - - - - - - - - - - - - - - - - - - - - - - - - - - - - - - - - - - - -
 


  INPUT --- proc stop;

     CPU Time in minutes for this job was 0.00

     Time Start = 10:58:21.807   Time End = 10:58:22.493

     Wall Clock Time in minutes for this job was 0.01


          E X E C U T I O N   S U C C E S S F U L 
