
   Program  MARK  - Survival Rate Estimation with Capture-Recapture Data
   gfortran(dble) Vers. 9.0 Mar 2018     3-Dec-2019 10:57:20    Page  001
 - - - - - - - - - - - - - - - - - - - - - - - - - - - - - - - - - - - - - -
 
   This version was compiled by GCC version 7.2.0 using the options: 
     -cpp -iprefix C:/Program Files/mingw-w64/x86_64-7.2.0-posix-seh-rt_v5-rev1/
     mingw64/bin/../lib/gcc/x86_64-w64-mingw32/7.2.0/ -D_MT -D_REENTRANT
     -U_REENTRANT -D IEEE -D DBLEPRECISION -m64 -mtune=core2 -march=nocona -mthreads
     -O2 -fimplicit-none -fbounds-check -funroll-loops -ftree-vectorize
     -ffpe-summary=invalid,zero,overflow,underflow -fno-unsafe-math-optimizations
     -frounding-math -fsignaling-nans -fopenmp.

   This problem will use 7 of 8 possible threads.


  INPUT --- proc title ;

   CPU Time for the last procedure was 0.01 seconds.     


  INPUT --- proc chmatrix occasions= 3 groups= 1 etype= Occupancy 
  INPUT --- Nodes= 101 icovar = 2 ICMeans  NoHist hist= 138 ;

  INPUT ---    time interval 1 1 1 ;

  INPUT ---     icovariates LWD HAiFLS_alt ;

  INPUT ---    glabel(1)=freq1;

      Number of unique encounter histories read was 138.

      Number of individual covariates read was 2.
      Time interval lengths are all equal to 1.

      Data type number is 27
      Data type is Occupancy Estimation with Detection < 1                                                             

   CPU Time for the last procedure was 0.01 seconds.     

  Program  MARK  - Survival Rate Estimation with Capture-Recapture Data
   gfortran(dble) Vers. 9.0 Mar 2018     3-Dec-2019 10:57:20    Page  002
 - - - - - - - - - - - - - - - - - - - - - - - - - - - - - - - - - - - - - -
 


  INPUT --- proc estimate link=Logit NOLOOP varest=2ndPart    ;


  INPUT --- model={ p(~LWD)Psi(~HAiFLS_alt) };

  INPUT ---    group=1 p    rows=1 cols=3 Square ;
  INPUT ---        1 1 1 ;

  INPUT ---    group=1 Psi    rows=1 cols=1 Square ;
  INPUT ---        2 ;

  INPUT ---    design matrix constraints=2 covariates=4;
  INPUT ---        1 LWD 0 0;
  INPUT ---        0 0 1 HAiFLS_alt;
  INPUT ---       blabel(1)=p:(Intercept);
  INPUT ---       blabel(2)=p:LWD;
  INPUT ---       blabel(3)=Psi:(Intercept);
  INPUT ---       blabel(4)=Psi:HAiFLS_alt;
  INPUT ---       rlabel(1)=p g1 a0 t1;
  INPUT ---       rlabel(2)=Psi g1 a0 t1;

 Link Function Used is LOGIT        

 Variance Estimation Procedure Used is 2ndPart 
 -2logL(saturated) = 0.0000000     
 Effective Sample Size = 138

 Number of function evaluations was 15 for 4 parameters.
 Time for numerical optimization was 0.06 seconds.     
 -2logL { p(~LWD)Psi(~HAiFLS_alt) } = 169.79243     
 Penalty { p(~LWD)Psi(~HAiFLS_alt) } = 0.0000000     
 Gradient { p(~LWD)Psi(~HAiFLS_alt) }:
  0.2065232E-05   0.000000      0.1225081E-05  0.6451967E-06
 Maximum ABS(G) { p(~LWD)Psi(~HAiFLS_alt) } = 0.2065232E-05 
 S Vector { p(~LWD)Psi(~HAiFLS_alt) }:
   21.28006      10.01601      1.088792     0.2836688    
 Time to compute number of parameters was 0.01 seconds.     
 Ratio Threshold = 50.000000       Max Gap (2/3) = 9.1991927       Next Max Gap (3/4) = 3.8382524     
 Gap Method for Num. of Estimated Parameters { p(~LWD)Psi(~HAiFLS_alt) } = 4          
 Threshold { p(~LWD)Psi(~HAiFLS_alt) } = 0.4130464E-05                 
 Numerical Threshold Method for Num. of Estimated Parameters { p(~LWD)Psi(~HAiFLS_alt) } = 4          
 Number of Estimated Parameters { p(~LWD)Psi(~HAiFLS_alt) } = 4          
 DEVIANCE { p(~LWD)Psi(~HAiFLS_alt) } = 169.79243                     
 DEVIANCE Degrees of Freedom { p(~LWD)Psi(~HAiFLS_alt) } = 134            
 c-hat { p(~LWD)Psi(~HAiFLS_alt) } = 1.2671077                     
 AIC { p(~LWD)Psi(~HAiFLS_alt) } = 177.79243                  
 AICc { p(~LWD)Psi(~HAiFLS_alt) } = 178.09319                    
 BIC { p(~LWD)Psi(~HAiFLS_alt) } = 189.50145                    
 Pearson Chisquare { p(~LWD)Psi(~HAiFLS_alt) } = 937.06785                  


                 LOGIT Link Function Parameters of { p(~LWD)Psi(~HAiFLS_alt) }
                                                              95% Confidence Interval
 Parameter                    Beta         Standard Error      Lower           Upper
 -------------------------  --------------  --------------  --------------  --------------
    1:p:(Intercept)          0.8471037       0.4581838      -0.0509367       1.7451440    
    2:p:LWD                  0.5618490       1.8478113      -3.0598611       4.1835591    
    3:Psi:(Intercept)       -0.5569161       0.5429082      -1.6210161       0.5071839    

  Program  MARK  - Survival Rate Estimation with Capture-Recapture Data
   gfortran(dble) Vers. 9.0 Mar 2018     3-Dec-2019 10:57:22    Page  003
 - - - - - - - - - - - - - - - - - - - - - - - - - - - - - - - - - - - - - -
 
    4:Psi:HAiFLS_alt        -0.0197026       0.0082529      -0.0358782      -0.0035270    


                 Real Function Parameters of { p(~LWD)Psi(~HAiFLS_alt) }

      Following estimates based on unstandardized individual covariate values:
          Variable   Value         
          ---------  ------------- 
          LWD         0.2273503    
          HAIFLS_ALT  69.284136    
                                                               95% Confidence Interval
  Parameter                  Estimate       Standard Error      Lower           Upper
 --------------------------  --------------  --------------  --------------  --------------
     1:p g1 a0 t1             0.7260832       0.0663345       0.5795977       0.8359721                          
     2:Psi g1 a0 t1           0.1276396       0.0301704       0.0792146       0.1992614                          


                      Estimates of Derived Parameters
            Occupancy Estimates of { p(~LWD)Psi(~HAiFLS_alt) }
                                            95% Confidence Interval
 Group   Psi-hat         Standard Error      Lower           Upper
 -----   --------------  --------------  --------------  --------------
   1      0.1276396       0.0301704       0.0792146       0.1992614    

   CPU Time for the last procedure was 0.06 seconds.     

  Program  MARK  - Survival Rate Estimation with Capture-Recapture Data
   gfortran(dble) Vers. 9.0 Mar 2018     3-Dec-2019 10:57:22    Page  004
 - - - - - - - - - - - - - - - - - - - - - - - - - - - - - - - - - - - - - -
 


  INPUT --- proc stop;

     CPU Time in minutes for this job was 0.00

     Time Start = 10:57:20.451   Time End = 10:57:22.416

     Wall Clock Time in minutes for this job was 0.03


          E X E C U T I O N   S U C C E S S F U L 
