
   Program  MARK  - Survival Rate Estimation with Capture-Recapture Data
   gfortran(dble) Vers. 9.0 Mar 2018     3-Dec-2019 11:02:29    Page  001
 - - - - - - - - - - - - - - - - - - - - - - - - - - - - - - - - - - - - - -
 
   This version was compiled by GCC version 7.2.0 using the options: 
     -cpp -iprefix C:/Program Files/mingw-w64/x86_64-7.2.0-posix-seh-rt_v5-rev1/
     mingw64/bin/../lib/gcc/x86_64-w64-mingw32/7.2.0/ -D_MT -D_REENTRANT
     -U_REENTRANT -D IEEE -D DBLEPRECISION -m64 -mtune=core2 -march=nocona -mthreads
     -O2 -fimplicit-none -fbounds-check -funroll-loops -ftree-vectorize
     -ffpe-summary=invalid,zero,overflow,underflow -fno-unsafe-math-optimizations
     -frounding-math -fsignaling-nans -fopenmp.

   This problem will use 7 of 8 possible threads.


  INPUT --- proc title ;

   CPU Time for the last procedure was 0.02 seconds.     


  INPUT --- proc chmatrix occasions= 3 groups= 1 etype= Occupancy 
  INPUT --- Nodes= 101 icovar = 3 ICMeans  NoHist hist= 138 ;

  INPUT ---    time interval 1 1 1 ;

  INPUT ---     icovariates LWD pctex21 pctrock ;

  INPUT ---    glabel(1)=freq1;

      Number of unique encounter histories read was 138.

      Number of individual covariates read was 3.
      Time interval lengths are all equal to 1.

      Data type number is 27
      Data type is Occupancy Estimation with Detection < 1                                                             

   CPU Time for the last procedure was 0.01 seconds.     

  Program  MARK  - Survival Rate Estimation with Capture-Recapture Data
   gfortran(dble) Vers. 9.0 Mar 2018     3-Dec-2019 11:02:29    Page  002
 - - - - - - - - - - - - - - - - - - - - - - - - - - - - - - - - - - - - - -
 


  INPUT --- proc estimate link=Logit NOLOOP varest=2ndPart    ;


  INPUT --- model={ p(~LWD)Psi(~pctex21 + pctrock) };

  INPUT ---    group=1 p    rows=1 cols=3 Square ;
  INPUT ---        1 1 1 ;

  INPUT ---    group=1 Psi    rows=1 cols=1 Square ;
  INPUT ---        2 ;

  INPUT ---    design matrix constraints=2 covariates=5;
  INPUT ---        1 LWD 0 0 0;
  INPUT ---        0 0 1 pctex21 pctrock;
  INPUT ---       blabel(1)=p:(Intercept);
  INPUT ---       blabel(2)=p:LWD;
  INPUT ---       blabel(3)=Psi:(Intercept);
  INPUT ---       blabel(4)=Psi:pctex21;
  INPUT ---       blabel(5)=Psi:pctrock;
  INPUT ---       rlabel(1)=p g1 a0 t1;
  INPUT ---       rlabel(2)=Psi g1 a0 t1;

 Link Function Used is LOGIT        

 Variance Estimation Procedure Used is 2ndPart 
 -2logL(saturated) = 0.0000000     
 Effective Sample Size = 138

 Number of function evaluations was 20 for 5 parameters.
 Time for numerical optimization was 0.09 seconds.     
 -2logL { p(~LWD)Psi(~pctex21 + pctrock) } = 151.62838     
 Penalty { p(~LWD)Psi(~pctex21 + pctrock) } = 0.0000000     
 Gradient { p(~LWD)Psi(~pctex21 + pctrock) }:
  0.3125716E-05 -0.1159620E-05  0.1358730E-05   0.000000      0.1558719E-05
 Maximum ABS(G) { p(~LWD)Psi(~pctex21 + pctrock) } = 0.3125716E-05 
 S Vector { p(~LWD)Psi(~pctex21 + pctrock) }:
   21.03554      10.00412     0.4916642     0.2960283     0.2016595E-01
 Time to compute number of parameters was 0.01 seconds.     
 Ratio Threshold = 50.000000       Max Gap (2/3) = 20.347455       Next Max Gap (4/5) = 14.679607     
 Gap Method for Num. of Estimated Parameters { p(~LWD)Psi(~pctex21 + pctrock) } = 5          
 Threshold { p(~LWD)Psi(~pctex21 + pctrock) } = 0.6251432E-05                 
 Numerical Threshold Method for Num. of Estimated Parameters { p(~LWD)Psi(~pctex21 + pctrock) } = 5          
 Number of Estimated Parameters { p(~LWD)Psi(~pctex21 + pctrock) } = 5          
 DEVIANCE { p(~LWD)Psi(~pctex21 + pctrock) } = 151.62838                     
 DEVIANCE Degrees of Freedom { p(~LWD)Psi(~pctex21 + pctrock) } = 133            
 c-hat { p(~LWD)Psi(~pctex21 + pctrock) } = 1.1400630                     
 AIC { p(~LWD)Psi(~pctex21 + pctrock) } = 161.62838                  
 AICc { p(~LWD)Psi(~pctex21 + pctrock) } = 162.08292                    
 BIC { p(~LWD)Psi(~pctex21 + pctrock) } = 176.26465                    
 Pearson Chisquare { p(~LWD)Psi(~pctex21 + pctrock) } = 1123.9930                  


              LOGIT Link Function Parameters of { p(~LWD)Psi(~pctex21 + pctrock) }
                                                              95% Confidence Interval
 Parameter                    Beta         Standard Error      Lower           Upper
 -------------------------  --------------  --------------  --------------  --------------

  Program  MARK  - Survival Rate Estimation with Capture-Recapture Data
   gfortran(dble) Vers. 9.0 Mar 2018     3-Dec-2019 11:02:30    Page  003
 - - - - - - - - - - - - - - - - - - - - - - - - - - - - - - - - - - - - - -
 
    1:p:(Intercept)          0.8306353       0.4592238      -0.0694433       1.7307140    
    2:p:LWD                  0.6448052       1.8073570      -2.8976145       4.1872249    
    3:Psi:(Intercept)       -1.8075460       0.8735782      -3.5197593      -0.0953328    
    4:Psi:pctex21           -0.6382451       0.2273552      -1.0838614      -0.1926289    
    5:Psi:pctrock            0.0144733       0.0115497      -0.0081641       0.0371107    


              Real Function Parameters of { p(~LWD)Psi(~pctex21 + pctrock) }

      Following estimates based on unstandardized individual covariate values:
          Variable   Value         
          ---------  ------------- 
          LWD         0.2273503    
          PCTEX21     4.8306834    
          PCTROCK     68.678238    
                                                               95% Confidence Interval
  Parameter                  Estimate       Standard Error      Lower           Upper
 --------------------------  --------------  --------------  --------------  --------------
     1:p g1 a0 t1             0.7265586       0.0657655       0.5813747       0.8356271                          
     2:Psi g1 a0 t1           0.0199045       0.0193258       0.0029051       0.1240044                          


                      Estimates of Derived Parameters
        Occupancy Estimates of { p(~LWD)Psi(~pctex21 + pctrock) }
                                            95% Confidence Interval
 Group   Psi-hat         Standard Error      Lower           Upper
 -----   --------------  --------------  --------------  --------------
   1      0.0199045       0.0193258       0.0029051       0.1240044    

   CPU Time for the last procedure was 0.09 seconds.     

  Program  MARK  - Survival Rate Estimation with Capture-Recapture Data
   gfortran(dble) Vers. 9.0 Mar 2018     3-Dec-2019 11:02:30    Page  004
 - - - - - - - - - - - - - - - - - - - - - - - - - - - - - - - - - - - - - -
 


  INPUT --- proc stop;

     CPU Time in minutes for this job was 0.00

     Time Start = 11:02:29.588   Time End = 11:02:30.858

     Wall Clock Time in minutes for this job was 0.02


          E X E C U T I O N   S U C C E S S F U L 
