
   Program  MARK  - Survival Rate Estimation with Capture-Recapture Data
   gfortran(dble) Vers. 9.0 Mar 2018     3-Dec-2019 11:04:45    Page  001
 - - - - - - - - - - - - - - - - - - - - - - - - - - - - - - - - - - - - - -
 
   This version was compiled by GCC version 7.2.0 using the options: 
     -cpp -iprefix C:/Program Files/mingw-w64/x86_64-7.2.0-posix-seh-rt_v5-rev1/
     mingw64/bin/../lib/gcc/x86_64-w64-mingw32/7.2.0/ -D_MT -D_REENTRANT
     -U_REENTRANT -D IEEE -D DBLEPRECISION -m64 -mtune=core2 -march=nocona -mthreads
     -O2 -fimplicit-none -fbounds-check -funroll-loops -ftree-vectorize
     -ffpe-summary=invalid,zero,overflow,underflow -fno-unsafe-math-optimizations
     -frounding-math -fsignaling-nans -fopenmp.

   This problem will use 7 of 8 possible threads.


  INPUT --- proc title ;

   CPU Time for the last procedure was 0.01 seconds.     


  INPUT --- proc chmatrix occasions= 3 groups= 1 etype= Occupancy 
  INPUT --- Nodes= 101 icovar = 8 ICMeans  NoHist hist= 138 ;

  INPUT ---    time interval 1 1 1 ;

  INPUT ---     icovariates effort1 effort2 effort3 lwd1 lwd2 lwd3  
  INPUT ---    pctex21 under ;

  INPUT ---    glabel(1)=freq1;

      Number of unique encounter histories read was 138.

      Number of individual covariates read was 8.
      Time interval lengths are all equal to 1.

      Data type number is 27
      Data type is Occupancy Estimation with Detection < 1                                                             

   CPU Time for the last procedure was 0.01 seconds.     

  Program  MARK  - Survival Rate Estimation with Capture-Recapture Data
   gfortran(dble) Vers. 9.0 Mar 2018     3-Dec-2019 11:04:45    Page  002
 - - - - - - - - - - - - - - - - - - - - - - - - - - - - - - - - - - - - - -
 


  INPUT --- proc estimate link=Logit NOLOOP varest=2ndPart    ;


  INPUT --- model={ p(~effort + lwd)Psi(~pctex21 + under) };

  INPUT ---    group=1 p    rows=1 cols=3 Square ;
  INPUT ---        1 2 3 ;

  INPUT ---    group=1 Psi    rows=1 cols=1 Square ;
  INPUT ---        4 ;

  INPUT ---    design matrix constraints=4 covariates=6;
  INPUT ---        1 effort1 lwd1 0 0 0;
  INPUT ---        1 effort2 lwd2 0 0 0;
  INPUT ---        1 effort3 lwd3 0 0 0;
  INPUT ---        0 0 0 1 pctex21 under;
  INPUT ---       blabel(1)=p:(Intercept);
  INPUT ---       blabel(2)=p:effort;
  INPUT ---       blabel(3)=p:lwd;
  INPUT ---       blabel(4)=Psi:(Intercept);
  INPUT ---       blabel(5)=Psi:pctex21;
  INPUT ---       blabel(6)=Psi:under;
  INPUT ---       rlabel(1)=p g1 a0 t1;
  INPUT ---       rlabel(2)=p g1 a1 t2;
  INPUT ---       rlabel(3)=p g1 a2 t3;
  INPUT ---       rlabel(4)=Psi g1 a0 t1;

 Link Function Used is LOGIT        

 Variance Estimation Procedure Used is 2ndPart 
 -2logL(saturated) = 0.0000000     
 Effective Sample Size = 138

 Number of function evaluations was 24 for 6 parameters.
 Time for numerical optimization was 0.08 seconds.     
 -2logL { p(~effort + lwd)Psi(~pctex21 + under) } = 145.33040     
 Penalty { p(~effort + lwd)Psi(~pctex21 + under) } = 0.0000000     
 Gradient { p(~effort + lwd)Psi(~pctex21 + under) }:
  0.2172250E-05  0.7163925E-06  0.1287344E-05  0.9765748E-06  0.9554215E-07
  0.2189743E-05
 Maximum ABS(G) { p(~effort + lwd)Psi(~pctex21 + under) } = 0.2189743E-05 
 S Vector { p(~effort + lwd)Psi(~pctex21 + under) }:
   15.28284      7.467159     0.8724715     0.1984476     0.9198704E-01
  0.1974534E-01
 Time to compute number of parameters was 0.01 seconds.     
 Ratio Threshold = 50.000000       Max Gap (2/3) = 8.5586284       Next Max Gap (5/6) = 4.6586702     
 Gap Method for Num. of Estimated Parameters { p(~effort + lwd)Psi(~pctex21 + under) } = 6          
 Threshold { p(~effort + lwd)Psi(~pctex21 + under) } = 0.4379485E-05                 
 Numerical Threshold Method for Num. of Estimated Parameters { p(~effort + lwd)Psi(~pctex21 + under) } = 6          
 Number of Estimated Parameters { p(~effort + lwd)Psi(~pctex21 + under) } = 6          
 DEVIANCE { p(~effort + lwd)Psi(~pctex21 + under) } = 145.33040                     
 DEVIANCE Degrees of Freedom { p(~effort + lwd)Psi(~pctex21 + under) } = 132            
 c-hat { p(~effort + lwd)Psi(~pctex21 + under) } = 1.1009879                     
 AIC { p(~effort + lwd)Psi(~pctex21 + under) } = 157.33040                  
 AICc { p(~effort + lwd)Psi(~pctex21 + under) } = 157.97162                    
 BIC { p(~effort + lwd)Psi(~pctex21 + under) } = 174.89392                    
 Pearson Chisquare { p(~effort + lwd)Psi(~pctex21 + under) } = 621.56915                  

  Program  MARK  - Survival Rate Estimation with Capture-Recapture Data
   gfortran(dble) Vers. 9.0 Mar 2018     3-Dec-2019 11:04:46    Page  003
 - - - - - - - - - - - - - - - - - - - - - - - - - - - - - - - - - - - - - -
 


          LOGIT Link Function Parameters of { p(~effort + lwd)Psi(~pctex21 + under) }
                                                              95% Confidence Interval
 Parameter                    Beta         Standard Error      Lower           Upper
 -------------------------  --------------  --------------  --------------  --------------
    1:p:(Intercept)         -0.7561038       0.7522061      -2.2304278       0.7182202    
    2:p:effort               0.0017521       0.8115322E-03   0.1614795E-03   0.0033427    
    3:p:lwd                  1.1218461       1.2799983      -1.3869507       3.6306430    
    4:Psi:(Intercept)       -0.9531004       0.4541304      -1.8431960      -0.0630047    
    5:Psi:pctex21           -0.6123463       0.2296183      -1.0623981      -0.1622945    
    6:Psi:under              0.3070658       0.4283225      -0.5324464       1.1465779    


          Real Function Parameters of { p(~effort + lwd)Psi(~pctex21 + under) }

      Following estimates based on unstandardized individual covariate values:
          Variable   Value         
          ---------  ------------- 
          EFFORT1     906.23188    
          EFFORT2     834.18841    
          EFFORT3     818.18116    
          LWD1        0.2346014    
          LWD2        0.2355072    
          LWD3        0.2114389    
          PCTEX21     4.8306834    
          UNDER       0.5466074    
                                                               95% Confidence Interval
  Parameter                  Estimate       Standard Error      Lower           Upper
 --------------------------  --------------  --------------  --------------  --------------
     1:p g1 a0 t1             0.7492988       0.0741287       0.5796723       0.8662642                          
     2:p g1 a1 t2             0.7250529       0.0757013       0.5561073       0.8473484                          
     3:p g1 a2 t3             0.7139445       0.0760151       0.5461416       0.8380982                          
     4:Psi g1 a0 t1           0.0231281       0.0223212       0.0034029       0.1410128                          


                      Estimates of Derived Parameters
     Occupancy Estimates of { p(~effort + lwd)Psi(~pctex21 + under) }
                                            95% Confidence Interval
 Group   Psi-hat         Standard Error      Lower           Upper
 -----   --------------  --------------  --------------  --------------
   1      0.0231281       0.0223212       0.0034029       0.1410128    

   CPU Time for the last procedure was 0.08 seconds.     

  Program  MARK  - Survival Rate Estimation with Capture-Recapture Data
   gfortran(dble) Vers. 9.0 Mar 2018     3-Dec-2019 11:04:46    Page  004
 - - - - - - - - - - - - - - - - - - - - - - - - - - - - - - - - - - - - - -
 


  INPUT --- proc stop;

     CPU Time in minutes for this job was 0.00

     Time Start = 11:04:45.370   Time End = 11:04:46.088

     Wall Clock Time in minutes for this job was 0.01


          E X E C U T I O N   S U C C E S S F U L 
