
   Program  MARK  - Survival Rate Estimation with Capture-Recapture Data
   gfortran(dble) Vers. 9.0 Mar 2018     3-Dec-2019 11:09:56    Page  001
 - - - - - - - - - - - - - - - - - - - - - - - - - - - - - - - - - - - - - -
 
   This version was compiled by GCC version 7.2.0 using the options: 
     -cpp -iprefix C:/Program Files/mingw-w64/x86_64-7.2.0-posix-seh-rt_v5-rev1/
     mingw64/bin/../lib/gcc/x86_64-w64-mingw32/7.2.0/ -D_MT -D_REENTRANT
     -U_REENTRANT -D IEEE -D DBLEPRECISION -m64 -mtune=core2 -march=nocona -mthreads
     -O2 -fimplicit-none -fbounds-check -funroll-loops -ftree-vectorize
     -ffpe-summary=invalid,zero,overflow,underflow -fno-unsafe-math-optimizations
     -frounding-math -fsignaling-nans -fopenmp.

   This problem will use 7 of 8 possible threads.


  INPUT --- proc title ;

   CPU Time for the last procedure was 0.01 seconds.     


  INPUT --- proc chmatrix occasions= 3 groups= 1 etype= Occupancy 
  INPUT --- Nodes= 101 icovar = 4 ICMeans  NoHist hist= 138 ;

  INPUT ---    time interval 1 1 1 ;

  INPUT ---     icovariates effort1 effort2 effort3 under ;

  INPUT ---    glabel(1)=freq1;

      Number of unique encounter histories read was 138.

      Number of individual covariates read was 4.
      Time interval lengths are all equal to 1.

      Data type number is 27
      Data type is Occupancy Estimation with Detection < 1                                                             

   CPU Time for the last procedure was 0.02 seconds.     

  Program  MARK  - Survival Rate Estimation with Capture-Recapture Data
   gfortran(dble) Vers. 9.0 Mar 2018     3-Dec-2019 11:09:56    Page  002
 - - - - - - - - - - - - - - - - - - - - - - - - - - - - - - - - - - - - - -
 


  INPUT --- proc estimate link=Logit NOLOOP varest=2ndPart    ;


  INPUT --- model={ p(~effort)Psi(~under) };

  INPUT ---    group=1 p    rows=1 cols=3 Square ;
  INPUT ---        1 2 3 ;

  INPUT ---    group=1 Psi    rows=1 cols=1 Square ;
  INPUT ---        4 ;

  INPUT ---    design matrix constraints=4 covariates=4;
  INPUT ---        1 effort1 0 0;
  INPUT ---        1 effort2 0 0;
  INPUT ---        1 effort3 0 0;
  INPUT ---        0 0 1 under;
  INPUT ---       blabel(1)=p:(Intercept);
  INPUT ---       blabel(2)=p:effort;
  INPUT ---       blabel(3)=Psi:(Intercept);
  INPUT ---       blabel(4)=Psi:under;
  INPUT ---       rlabel(1)=p g1 a0 t1;
  INPUT ---       rlabel(2)=p g1 a1 t2;
  INPUT ---       rlabel(3)=p g1 a2 t3;
  INPUT ---       rlabel(4)=Psi g1 a0 t1;

 Link Function Used is LOGIT        

 Variance Estimation Procedure Used is 2ndPart 
 -2logL(saturated) = 0.0000000     
 Effective Sample Size = 138

 Number of function evaluations was 16 for 4 parameters.
 Time for numerical optimization was 0.01 seconds.     
 -2logL { p(~effort)Psi(~under) } = 166.40321     
 Penalty { p(~effort)Psi(~under) } = 0.0000000     
 Gradient { p(~effort)Psi(~under) }:
  0.2781768E-05  0.5184985E-06 -0.5925828E-06  0.1406338E-05
 Maximum ABS(G) { p(~effort)Psi(~under) } = 0.2781768E-05 
 S Vector { p(~effort)Psi(~under) }:
   17.40199      8.319395     0.9639912     0.1003058    
 Time to compute number of parameters was 0.01 seconds.     
 Ratio Threshold = 50.000000       Max Gap (3/4) = 9.6105265       Next Max Gap (2/3) = 8.6301563     
 Gap Method for Num. of Estimated Parameters { p(~effort)Psi(~under) } = 4          
 Threshold { p(~effort)Psi(~under) } = 0.5563536E-05                 
 Numerical Threshold Method for Num. of Estimated Parameters { p(~effort)Psi(~under) } = 4          
 Number of Estimated Parameters { p(~effort)Psi(~under) } = 4          
 DEVIANCE { p(~effort)Psi(~under) } = 166.40321                     
 DEVIANCE Degrees of Freedom { p(~effort)Psi(~under) } = 134            
 c-hat { p(~effort)Psi(~under) } = 1.2418150                     
 AIC { p(~effort)Psi(~under) } = 174.40321                  
 AICc { p(~effort)Psi(~under) } = 174.70396                    
 BIC { p(~effort)Psi(~under) } = 186.11222                    
 Pearson Chisquare { p(~effort)Psi(~under) } = 946.97070                  

  Program  MARK  - Survival Rate Estimation with Capture-Recapture Data
   gfortran(dble) Vers. 9.0 Mar 2018     3-Dec-2019 11:09:56    Page  003
 - - - - - - - - - - - - - - - - - - - - - - - - - - - - - - - - - - - - - -
 


                  LOGIT Link Function Parameters of { p(~effort)Psi(~under) }
                                                              95% Confidence Interval
 Parameter                    Beta         Standard Error      Lower           Upper
 -------------------------  --------------  --------------  --------------  --------------
    1:p:(Intercept)         -0.3713212       0.6590582      -1.6630752       0.9204328    
    2:p:effort               0.0015941       0.7790551E-03   0.6713447E-04   0.0031210    
    3:Psi:(Intercept)       -2.2187039       0.3792525      -2.9620389      -1.4753690    
    4:Psi:under              0.7086226       0.4040991      -0.0834115       1.5006568    


                  Real Function Parameters of { p(~effort)Psi(~under) }

      Following estimates based on unstandardized individual covariate values:
          Variable   Value         
          ---------  ------------- 
          EFFORT1     906.23188    
          EFFORT2     834.18841    
          EFFORT3     818.18116    
          UNDER       0.5466074    
                                                               95% Confidence Interval
  Parameter                  Estimate       Standard Error      Lower           Upper
 --------------------------  --------------  --------------  --------------  --------------
     1:p g1 a0 t1             0.7452215       0.0719004       0.5820162       0.8600276                          
     2:p g1 a1 t2             0.7228101       0.0722562       0.5625679       0.8409478                          
     3:p g1 a2 t3             0.7176687       0.0724778       0.5576992       0.8367202                          
     4:Psi g1 a0 t1           0.1380757       0.0312447       0.0873893       0.2113521                          


                      Estimates of Derived Parameters
             Occupancy Estimates of { p(~effort)Psi(~under) }
                                            95% Confidence Interval
 Group   Psi-hat         Standard Error      Lower           Upper
 -----   --------------  --------------  --------------  --------------
   1      0.1380757       0.0312447       0.0873893       0.2113521    

   CPU Time for the last procedure was 0.01 seconds.     

  Program  MARK  - Survival Rate Estimation with Capture-Recapture Data
   gfortran(dble) Vers. 9.0 Mar 2018     3-Dec-2019 11:09:56    Page  004
 - - - - - - - - - - - - - - - - - - - - - - - - - - - - - - - - - - - - - -
 


  INPUT --- proc stop;

     CPU Time in minutes for this job was 0.00

     Time Start = 11:09:56.493   Time End = 11:09:56.591

     Wall Clock Time in minutes for this job was 0.00


          E X E C U T I O N   S U C C E S S F U L 
