
   Program  MARK  - Survival Rate Estimation with Capture-Recapture Data
   gfortran(dble) Vers. 9.0 Mar 2018     3-Dec-2019 11:04:52    Page  001
 - - - - - - - - - - - - - - - - - - - - - - - - - - - - - - - - - - - - - -
 
   This version was compiled by GCC version 7.2.0 using the options: 
     -cpp -iprefix C:/Program Files/mingw-w64/x86_64-7.2.0-posix-seh-rt_v5-rev1/
     mingw64/bin/../lib/gcc/x86_64-w64-mingw32/7.2.0/ -D_MT -D_REENTRANT
     -U_REENTRANT -D IEEE -D DBLEPRECISION -m64 -mtune=core2 -march=nocona -mthreads
     -O2 -fimplicit-none -fbounds-check -funroll-loops -ftree-vectorize
     -ffpe-summary=invalid,zero,overflow,underflow -fno-unsafe-math-optimizations
     -frounding-math -fsignaling-nans -fopenmp.

   This problem will use 7 of 8 possible threads.


  INPUT --- proc title ;

   CPU Time for the last procedure was 0.01 seconds.     


  INPUT --- proc chmatrix occasions= 3 groups= 1 etype= Occupancy 
  INPUT --- Nodes= 101 icovar = 8 ICMeans  NoHist hist= 138 ;

  INPUT ---    time interval 1 1 1 ;

  INPUT ---     icovariates effort1 effort2 effort3 mxflow1 mxflow2  
  INPUT ---    mxflow3 pctex21 under ;

  INPUT ---    glabel(1)=freq1;

      Number of unique encounter histories read was 138.

      Number of individual covariates read was 8.
      Time interval lengths are all equal to 1.

      Data type number is 27
      Data type is Occupancy Estimation with Detection < 1                                                             

   CPU Time for the last procedure was 0.02 seconds.     

  Program  MARK  - Survival Rate Estimation with Capture-Recapture Data
   gfortran(dble) Vers. 9.0 Mar 2018     3-Dec-2019 11:04:52    Page  002
 - - - - - - - - - - - - - - - - - - - - - - - - - - - - - - - - - - - - - -
 


  INPUT --- proc estimate link=Logit NOLOOP varest=2ndPart    ;


  INPUT --- model={ p(~effort + mxflow)Psi(~pctex21 + under) };

  INPUT ---    group=1 p    rows=1 cols=3 Square ;
  INPUT ---        1 2 3 ;

  INPUT ---    group=1 Psi    rows=1 cols=1 Square ;
  INPUT ---        4 ;

  INPUT ---    design matrix constraints=4 covariates=6;
  INPUT ---        1 effort1 mxflow1 0 0 0;
  INPUT ---        1 effort2 mxflow2 0 0 0;
  INPUT ---        1 effort3 mxflow3 0 0 0;
  INPUT ---        0 0 0 1 pctex21 under;
  INPUT ---       blabel(1)=p:(Intercept);
  INPUT ---       blabel(2)=p:effort;
  INPUT ---       blabel(3)=p:mxflow;
  INPUT ---       blabel(4)=Psi:(Intercept);
  INPUT ---       blabel(5)=Psi:pctex21;
  INPUT ---       blabel(6)=Psi:under;
  INPUT ---       rlabel(1)=p g1 a0 t1;
  INPUT ---       rlabel(2)=p g1 a1 t2;
  INPUT ---       rlabel(3)=p g1 a2 t3;
  INPUT ---       rlabel(4)=Psi g1 a0 t1;

 Link Function Used is LOGIT        

 Variance Estimation Procedure Used is 2ndPart 
 -2logL(saturated) = 0.0000000     
 Effective Sample Size = 138

 Number of function evaluations was 40 for 6 parameters.
 Time for numerical optimization was 0.06 seconds.     
 -2logL { p(~effort + mxflow)Psi(~pctex21 + under) } = 145.81432     
 Penalty { p(~effort + mxflow)Psi(~pctex21 + under) } = 0.0000000     
 Gradient { p(~effort + mxflow)Psi(~pctex21 + under) }:
   0.000000       0.000000       0.000000       0.000000     -0.9515660E-07
   0.000000    
 Maximum ABS(G) { p(~effort + mxflow)Psi(~pctex21 + under) } = 0.9515660E-07 
 S Vector { p(~effort + mxflow)Psi(~pctex21 + under) }:
   15.30400      7.463394     0.8794942     0.9206802E-01 0.1960344E-01
  0.1187224E-03
 Time to compute number of parameters was 0.01 seconds.     
 Ratio Threshold = 50.000000       Max Gap (5/6) = 165.12006       Next Max Gap (3/4) = 9.5526562     
 Gap Method for Num. of Estimated Parameters { p(~effort + mxflow)Psi(~pctex21 + under) } = 5          
 Threshold { p(~effort + mxflow)Psi(~pctex21 + under) } = 0.1903132E-06                 
 Numerical Threshold Method for Num. of Estimated Parameters { p(~effort + mxflow)Psi(~pctex21 + under) } = 6          
 Number of Estimated Parameters { p(~effort + mxflow)Psi(~pctex21 + under) } = 6          

  Program  MARK  - Survival Rate Estimation with Capture-Recapture Data
   gfortran(dble) Vers. 9.0 Mar 2018     3-Dec-2019 11:04:52    Page  003
 - - - - - - - - - - - - - - - - - - - - - - - - - - - - - - - - - - - - - -
 

   * *  WARNING  * *   Number of parameters estimated from gap method (=5) and threshold method (=6) differ.  Inspect full output.                                                                                                                                                                                                                                                                                                                                                                                                                      
 Ratios of S Vector { p(~effort + mxflow)Psi(~pctex21 + under) }:
   1/2    2.050542       2/3    8.486008       3/4    9.552656       4/5    4.696523       5/6    165.1201    
 DEVIANCE { p(~effort + mxflow)Psi(~pctex21 + under) } = 145.81432                     
 DEVIANCE Degrees of Freedom { p(~effort + mxflow)Psi(~pctex21 + under) } = 132            
 c-hat { p(~effort + mxflow)Psi(~pctex21 + under) } = 1.1046539                     
 AIC { p(~effort + mxflow)Psi(~pctex21 + under) } = 157.81432                  
 AICc { p(~effort + mxflow)Psi(~pctex21 + under) } = 158.45554                    
 BIC { p(~effort + mxflow)Psi(~pctex21 + under) } = 175.37784                    
 Pearson Chisquare { p(~effort + mxflow)Psi(~pctex21 + under) } = 703.48992                  


         LOGIT Link Function Parameters of { p(~effort + mxflow)Psi(~pctex21 + under) }
                                                              95% Confidence Interval
 Parameter                    Beta         Standard Error      Lower           Upper
 -------------------------  --------------  --------------  --------------  --------------
    1:p:(Intercept)         -0.1737870       0.9916921      -2.1175036       1.7699296    
    2:p:effort               0.0017834       0.8227691E-03   0.1707812E-03   0.0033960    
    3:p:mxflow              -0.7023252       1.3904975      -3.4277004       2.0230501    
    4:Psi:(Intercept)       -0.9361108       0.4570273      -1.8318843      -0.0403372    
    5:Psi:pctex21           -0.6149582       0.2304855      -1.0667098      -0.1632065    
    6:Psi:under              0.2882357       0.4264044      -0.5475170       1.1239884    


         Real Function Parameters of { p(~effort + mxflow)Psi(~pctex21 + under) }

      Following estimates based on unstandardized individual covariate values:
          Variable   Value         
          ---------  ------------- 
          EFFORT1     906.23188    
          EFFORT2     834.18841    
          EFFORT3     818.18116    
          MXFLOW1     0.8952899    
          MXFLOW2     1.0911594    
          MXFLOW3     0.5689855    
          PCTEX21     4.8306834    
          UNDER       0.5466074    
                                                               95% Confidence Interval
  Parameter                  Estimate       Standard Error      Lower           Upper
 --------------------------  --------------  --------------  --------------  --------------
     1:p g1 a0 t1             0.6928783       0.1238080       0.4190346       0.8758776                          
     2:p g1 a1 t2             0.6335700       0.1872701       0.2624134       0.8936509                          
     3:p g1 a2 t3             0.7080127       0.0760845       0.5410075       0.8330089                          
     4:Psi g1 a0 t1           0.0229947       0.0222568       0.0033649       0.1409433                          


                      Estimates of Derived Parameters
   Occupancy Estimates of { p(~effort + mxflow)Psi(~pctex21 + under) }
                                            95% Confidence Interval
 Group   Psi-hat         Standard Error      Lower           Upper
 -----   --------------  --------------  --------------  --------------

  Program  MARK  - Survival Rate Estimation with Capture-Recapture Data
   gfortran(dble) Vers. 9.0 Mar 2018     3-Dec-2019 11:04:52    Page  004
 - - - - - - - - - - - - - - - - - - - - - - - - - - - - - - - - - - - - - -
 
   1      0.0229947       0.0222568       0.0033649       0.1409433    

 Attempted ordering of parameters by estimatibility:
  4 1 6 2 5 3
 Beta number 3 is a singular value.

   CPU Time for the last procedure was 0.06 seconds.     


  INPUT --- proc stop;

     CPU Time in minutes for this job was 0.00

     Time Start = 11:04:52.788   Time End = 11:04:52.931

     Wall Clock Time in minutes for this job was 0.00


          E X E C U T I O N   S U C C E S S F U L 
