
   Program  MARK  - Survival Rate Estimation with Capture-Recapture Data
   gfortran(dble) Vers. 9.0 Mar 2018     3-Dec-2019 10:55:55    Page  001
 - - - - - - - - - - - - - - - - - - - - - - - - - - - - - - - - - - - - - -
 
   This version was compiled by GCC version 7.2.0 using the options: 
     -cpp -iprefix C:/Program Files/mingw-w64/x86_64-7.2.0-posix-seh-rt_v5-rev1/
     mingw64/bin/../lib/gcc/x86_64-w64-mingw32/7.2.0/ -D_MT -D_REENTRANT
     -U_REENTRANT -D IEEE -D DBLEPRECISION -m64 -mtune=core2 -march=nocona -mthreads
     -O2 -fimplicit-none -fbounds-check -funroll-loops -ftree-vectorize
     -ffpe-summary=invalid,zero,overflow,underflow -fno-unsafe-math-optimizations
     -frounding-math -fsignaling-nans -fopenmp.

   This problem will use 7 of 8 possible threads.


  INPUT --- proc title ;

   CPU Time for the last procedure was 0.02 seconds.     


  INPUT --- proc chmatrix occasions= 3 groups= 1 etype= Occupancy 
  INPUT --- Nodes= 101 icovar = 4 ICMeans  NoHist hist= 138 ;

  INPUT ---    time interval 1 1 1 ;

  INPUT ---     icovariates mxflow1 mxflow2 mxflow3 BRT_100m ;

  INPUT ---    glabel(1)=freq1;

      Number of unique encounter histories read was 138.

      Number of individual covariates read was 4.
      Time interval lengths are all equal to 1.

      Data type number is 27
      Data type is Occupancy Estimation with Detection < 1                                                             

   CPU Time for the last procedure was 0.01 seconds.     

  Program  MARK  - Survival Rate Estimation with Capture-Recapture Data
   gfortran(dble) Vers. 9.0 Mar 2018     3-Dec-2019 10:55:55    Page  002
 - - - - - - - - - - - - - - - - - - - - - - - - - - - - - - - - - - - - - -
 


  INPUT --- proc estimate link=Logit NOLOOP varest=2ndPart    ;


  INPUT --- model={ p(~mxflow)Psi(~BRT_100m) };

  INPUT ---    group=1 p    rows=1 cols=3 Square ;
  INPUT ---        1 2 3 ;

  INPUT ---    group=1 Psi    rows=1 cols=1 Square ;
  INPUT ---        4 ;

  INPUT ---    design matrix constraints=4 covariates=4;
  INPUT ---        1 mxflow1 0 0;
  INPUT ---        1 mxflow2 0 0;
  INPUT ---        1 mxflow3 0 0;
  INPUT ---        0 0 1 BRT_100m;
  INPUT ---       blabel(1)=p:(Intercept);
  INPUT ---       blabel(2)=p:mxflow;
  INPUT ---       blabel(3)=Psi:(Intercept);
  INPUT ---       blabel(4)=Psi:BRT_100m;
  INPUT ---       rlabel(1)=p g1 a0 t1;
  INPUT ---       rlabel(2)=p g1 a1 t2;
  INPUT ---       rlabel(3)=p g1 a2 t3;
  INPUT ---       rlabel(4)=Psi g1 a0 t1;

 Link Function Used is LOGIT        

 Variance Estimation Procedure Used is 2ndPart 
 -2logL(saturated) = 0.0000000     
 Effective Sample Size = 138

 Number of function evaluations was 26 for 4 parameters.
 Time for numerical optimization was 0.06 seconds.     
 -2logL { p(~mxflow)Psi(~BRT_100m) } = 169.02093     
 Penalty { p(~mxflow)Psi(~BRT_100m) } = 0.0000000     
 Gradient { p(~mxflow)Psi(~BRT_100m) }:
 -0.1809569E-05   0.000000       0.000000       0.000000    
 Maximum ABS(G) { p(~mxflow)Psi(~BRT_100m) } = 0.1809569E-05 
 S Vector { p(~mxflow)Psi(~BRT_100m) }:
   15.21436      9.395330     0.1397341     0.1265415E-03
 Time to compute number of parameters was 0.05 seconds.     
 Ratio Threshold = 50.000000       Max Gap (3/4) = 1104.2553       Next Max Gap (2/3) = 67.237222     
 Gap Method for Num. of Estimated Parameters { p(~mxflow)Psi(~BRT_100m) } = 2          
 Threshold { p(~mxflow)Psi(~BRT_100m) } = 0.3619137E-05                 
 Numerical Threshold Method for Num. of Estimated Parameters { p(~mxflow)Psi(~BRT_100m) } = 4          
 Number of Estimated Parameters { p(~mxflow)Psi(~BRT_100m) } = 4          

   * *  WARNING  * *   Number of parameters estimated from gap method (=2) and threshold method (=4) differ.  Inspect full output.                                                                                                                                                                                                                                                                                                                                                                                                                      
 Ratios of S Vector { p(~mxflow)Psi(~BRT_100m) }:
   1/2    1.619354       2/3    67.23722       3/4    1104.255    
 DEVIANCE { p(~mxflow)Psi(~BRT_100m) } = 169.02093                     
 DEVIANCE Degrees of Freedom { p(~mxflow)Psi(~BRT_100m) } = 134            
 c-hat { p(~mxflow)Psi(~BRT_100m) } = 1.2613502                     
 AIC { p(~mxflow)Psi(~BRT_100m) } = 177.02093                  
 AICc { p(~mxflow)Psi(~BRT_100m) } = 177.32168                    
 BIC { p(~mxflow)Psi(~BRT_100m) } = 188.72994                    
 Pearson Chisquare { p(~mxflow)Psi(~BRT_100m) } = 999.60782                  

  Program  MARK  - Survival Rate Estimation with Capture-Recapture Data
   gfortran(dble) Vers. 9.0 Mar 2018     3-Dec-2019 10:55:55    Page  003
 - - - - - - - - - - - - - - - - - - - - - - - - - - - - - - - - - - - - - -
 


                 LOGIT Link Function Parameters of { p(~mxflow)Psi(~BRT_100m) }
                                                              95% Confidence Interval
 Parameter                    Beta         Standard Error      Lower           Upper
 -------------------------  --------------  --------------  --------------  --------------
    1:p:(Intercept)          1.1080699       0.8105502      -0.4806086       2.6967484    
    2:p:mxflow              -0.4259867       1.3468322      -3.0657778       2.2138044    
    3:Psi:(Intercept)       -2.2519550       0.3662197      -2.9697456      -1.5341644    
    4:Psi:BRT_100m           0.0522281       0.0284662      -0.0035657       0.1080219    


                 Real Function Parameters of { p(~mxflow)Psi(~BRT_100m) }

      Following estimates based on unstandardized individual covariate values:
          Variable   Value         
          ---------  ------------- 
          MXFLOW1     0.8952899    
          MXFLOW2     1.0911594    
          MXFLOW3     0.5689855    
          BRT_100M    6.7817616    
                                                               95% Confidence Interval
  Parameter                  Estimate       Standard Error      Lower           Upper
 --------------------------  --------------  --------------  --------------  --------------
     1:p g1 a0 t1             0.6740781       0.1263231       0.4012429       0.8645569                          
     2:p g1 a1 t2             0.6554879       0.1816293       0.2822815       0.9020024                          
     3:p g1 a2 t3             0.7038480       0.0700028       0.5516796       0.8211150                          
     4:Psi g1 a0 t1           0.1303626       0.0306543       0.0810822       0.2029787                          


                      Estimates of Derived Parameters
           Occupancy Estimates of { p(~mxflow)Psi(~BRT_100m) }
                                            95% Confidence Interval
 Group   Psi-hat         Standard Error      Lower           Upper
 -----   --------------  --------------  --------------  --------------
   1      0.1303626       0.0306543       0.0810822       0.2029787    

 Attempted ordering of parameters by estimatibility:
  3 1 4 2
 Beta number 2 is a singular value.

   CPU Time for the last procedure was 0.11 seconds.     

  Program  MARK  - Survival Rate Estimation with Capture-Recapture Data
   gfortran(dble) Vers. 9.0 Mar 2018     3-Dec-2019 10:55:55    Page  004
 - - - - - - - - - - - - - - - - - - - - - - - - - - - - - - - - - - - - - -
 


  INPUT --- proc stop;

     CPU Time in minutes for this job was 0.00

     Time Start = 10:55:55.693   Time End = 10:55:55.800

     Wall Clock Time in minutes for this job was 0.00


          E X E C U T I O N   S U C C E S S F U L 
