
   Program  MARK  - Survival Rate Estimation with Capture-Recapture Data
   gfortran(dble) Vers. 9.0 Mar 2018     3-Dec-2019 11:04:00    Page  001
 - - - - - - - - - - - - - - - - - - - - - - - - - - - - - - - - - - - - - -
 
   This version was compiled by GCC version 7.2.0 using the options: 
     -cpp -iprefix C:/Program Files/mingw-w64/x86_64-7.2.0-posix-seh-rt_v5-rev1/
     mingw64/bin/../lib/gcc/x86_64-w64-mingw32/7.2.0/ -D_MT -D_REENTRANT
     -U_REENTRANT -D IEEE -D DBLEPRECISION -m64 -mtune=core2 -march=nocona -mthreads
     -O2 -fimplicit-none -fbounds-check -funroll-loops -ftree-vectorize
     -ffpe-summary=invalid,zero,overflow,underflow -fno-unsafe-math-optimizations
     -frounding-math -fsignaling-nans -fopenmp.

   This problem will use 7 of 8 possible threads.


  INPUT --- proc title ;

   CPU Time for the last procedure was 0.01 seconds.     


  INPUT --- proc chmatrix occasions= 3 groups= 1 etype= Occupancy 
  INPUT --- Nodes= 101 icovar = 5 ICMeans  NoHist hist= 138 ;

  INPUT ---    time interval 1 1 1 ;

  INPUT ---     icovariates lwd1 lwd2 lwd3 pctex21 pctSlope ;

  INPUT ---    glabel(1)=freq1;

      Number of unique encounter histories read was 138.

      Number of individual covariates read was 5.
      Time interval lengths are all equal to 1.

      Data type number is 27
      Data type is Occupancy Estimation with Detection < 1                                                             

   CPU Time for the last procedure was 0.01 seconds.     

  Program  MARK  - Survival Rate Estimation with Capture-Recapture Data
   gfortran(dble) Vers. 9.0 Mar 2018     3-Dec-2019 11:04:00    Page  002
 - - - - - - - - - - - - - - - - - - - - - - - - - - - - - - - - - - - - - -
 


  INPUT --- proc estimate link=Logit NOLOOP varest=2ndPart    ;


  INPUT --- model={ p(~lwd)Psi(~pctex21 + pctSlope) };

  INPUT ---    group=1 p    rows=1 cols=3 Square ;
  INPUT ---        1 2 3 ;

  INPUT ---    group=1 Psi    rows=1 cols=1 Square ;
  INPUT ---        4 ;

  INPUT ---    design matrix constraints=4 covariates=5;
  INPUT ---        1 lwd1 0 0 0;
  INPUT ---        1 lwd2 0 0 0;
  INPUT ---        1 lwd3 0 0 0;
  INPUT ---        0 0 1 pctex21 pctSlope;
  INPUT ---       blabel(1)=p:(Intercept);
  INPUT ---       blabel(2)=p:lwd;
  INPUT ---       blabel(3)=Psi:(Intercept);
  INPUT ---       blabel(4)=Psi:pctex21;
  INPUT ---       blabel(5)=Psi:pctSlope;
  INPUT ---       rlabel(1)=p g1 a0 t1;
  INPUT ---       rlabel(2)=p g1 a1 t2;
  INPUT ---       rlabel(3)=p g1 a2 t3;
  INPUT ---       rlabel(4)=Psi g1 a0 t1;

 Link Function Used is LOGIT        

 Variance Estimation Procedure Used is 2ndPart 
 -2logL(saturated) = 0.0000000     
 Effective Sample Size = 138

 Number of function evaluations was 22 for 5 parameters.
 Time for numerical optimization was 0.02 seconds.     
 -2logL { p(~lwd)Psi(~pctex21 + pctSlope) } = 152.44009     
 Penalty { p(~lwd)Psi(~pctex21 + pctSlope) } = 0.0000000     
 Gradient { p(~lwd)Psi(~pctex21 + pctSlope) }:
  0.1061355E-05   0.000000      0.1964177E-05   0.000000     -0.7493116E-06
 Maximum ABS(G) { p(~lwd)Psi(~pctex21 + pctSlope) } = 0.1964177E-05 
 S Vector { p(~lwd)Psi(~pctex21 + pctSlope) }:
   14.17524      9.639382     0.2559126     0.1853593     0.2012831E-01
 Time to compute number of parameters was 0.01 seconds.     
 Ratio Threshold = 50.000000       Max Gap (2/3) = 37.666696       Next Max Gap (4/5) = 9.2088844     
 Gap Method for Num. of Estimated Parameters { p(~lwd)Psi(~pctex21 + pctSlope) } = 5          
 Threshold { p(~lwd)Psi(~pctex21 + pctSlope) } = 0.3928354E-05                 
 Numerical Threshold Method for Num. of Estimated Parameters { p(~lwd)Psi(~pctex21 + pctSlope) } = 5          
 Number of Estimated Parameters { p(~lwd)Psi(~pctex21 + pctSlope) } = 5          
 DEVIANCE { p(~lwd)Psi(~pctex21 + pctSlope) } = 152.44009                     
 DEVIANCE Degrees of Freedom { p(~lwd)Psi(~pctex21 + pctSlope) } = 133            
 c-hat { p(~lwd)Psi(~pctex21 + pctSlope) } = 1.1461661                     
 AIC { p(~lwd)Psi(~pctex21 + pctSlope) } = 162.44009                  
 AICc { p(~lwd)Psi(~pctex21 + pctSlope) } = 162.89463                    
 BIC { p(~lwd)Psi(~pctex21 + pctSlope) } = 177.07636                    
 Pearson Chisquare { p(~lwd)Psi(~pctex21 + pctSlope) } = 818.19213                  

  Program  MARK  - Survival Rate Estimation with Capture-Recapture Data
   gfortran(dble) Vers. 9.0 Mar 2018     3-Dec-2019 11:04:00    Page  003
 - - - - - - - - - - - - - - - - - - - - - - - - - - - - - - - - - - - - - -
 


             LOGIT Link Function Parameters of { p(~lwd)Psi(~pctex21 + pctSlope) }
                                                              95% Confidence Interval
 Parameter                    Beta         Standard Error      Lower           Upper
 -------------------------  --------------  --------------  --------------  --------------
    1:p:(Intercept)          0.7970891       0.3857323       0.0410538       1.5531243    
    2:p:lwd                  0.8710769       1.3214203      -1.7189070       3.4610608    
    3:Psi:(Intercept)       -0.9421351       0.3487500      -1.6256852      -0.2585850    
    4:Psi:pctex21           -0.6432551       0.2270987      -1.0883686      -0.1981416    
    5:Psi:pctSlope           0.0294604       0.0384967      -0.0459931       0.1049139    


             Real Function Parameters of { p(~lwd)Psi(~pctex21 + pctSlope) }

      Following estimates based on unstandardized individual covariate values:
          Variable   Value         
          ---------  ------------- 
          LWD1        0.2346014    
          LWD2        0.2355072    
          LWD3        0.2114389    
          PCTEX21     4.8306834    
          PCTSLOPE    5.7132415    
                                                               95% Confidence Interval
  Parameter                  Estimate       Standard Error      Lower           Upper
 --------------------------  --------------  --------------  --------------  --------------
     1:p g1 a0 t1             0.7313426       0.0659584       0.5850343       0.8401595                          
     2:p g1 a1 t2             0.7314976       0.0660024       0.5850607       0.8403567                          
     3:p g1 a2 t3             0.7273599       0.0650817       0.5837105       0.8354166                          
     4:Psi g1 a0 t1           0.0202096       0.0194636       0.0029951       0.1240530                          


                      Estimates of Derived Parameters
        Occupancy Estimates of { p(~lwd)Psi(~pctex21 + pctSlope) }
                                            95% Confidence Interval
 Group   Psi-hat         Standard Error      Lower           Upper
 -----   --------------  --------------  --------------  --------------
   1      0.0202096       0.0194636       0.0029951       0.1240530    

   CPU Time for the last procedure was 0.03 seconds.     

  Program  MARK  - Survival Rate Estimation with Capture-Recapture Data
   gfortran(dble) Vers. 9.0 Mar 2018     3-Dec-2019 11:04:00    Page  004
 - - - - - - - - - - - - - - - - - - - - - - - - - - - - - - - - - - - - - -
 


  INPUT --- proc stop;

     CPU Time in minutes for this job was 0.00

     Time Start = 11:04:00.549   Time End = 11:04:00.668

     Wall Clock Time in minutes for this job was 0.00


          E X E C U T I O N   S U C C E S S F U L 
