
   Program  MARK  - Survival Rate Estimation with Capture-Recapture Data
   gfortran(dble) Vers. 9.0 Mar 2018     3-Dec-2019 11:07:58    Page  001
 - - - - - - - - - - - - - - - - - - - - - - - - - - - - - - - - - - - - - -
 
   This version was compiled by GCC version 7.2.0 using the options: 
     -cpp -iprefix C:/Program Files/mingw-w64/x86_64-7.2.0-posix-seh-rt_v5-rev1/
     mingw64/bin/../lib/gcc/x86_64-w64-mingw32/7.2.0/ -D_MT -D_REENTRANT
     -U_REENTRANT -D IEEE -D DBLEPRECISION -m64 -mtune=core2 -march=nocona -mthreads
     -O2 -fimplicit-none -fbounds-check -funroll-loops -ftree-vectorize
     -ffpe-summary=invalid,zero,overflow,underflow -fno-unsafe-math-optimizations
     -frounding-math -fsignaling-nans -fopenmp.

   This problem will use 7 of 8 possible threads.


  INPUT --- proc title ;

   CPU Time for the last procedure was 0.01 seconds.     


  INPUT --- proc chmatrix occasions= 3 groups= 1 etype= Occupancy 
  INPUT --- Nodes= 101 icovar = 4 ICMeans  NoHist hist= 138 ;

  INPUT ---    time interval 1 1 1 ;

  INPUT ---     icovariates mxflow1 mxflow2 mxflow3 pctShade ;

  INPUT ---    glabel(1)=freq1;

      Number of unique encounter histories read was 138.

      Number of individual covariates read was 4.
      Time interval lengths are all equal to 1.

      Data type number is 27
      Data type is Occupancy Estimation with Detection < 1                                                             

   CPU Time for the last procedure was 0.01 seconds.     

  Program  MARK  - Survival Rate Estimation with Capture-Recapture Data
   gfortran(dble) Vers. 9.0 Mar 2018     3-Dec-2019 11:07:58    Page  002
 - - - - - - - - - - - - - - - - - - - - - - - - - - - - - - - - - - - - - -
 


  INPUT --- proc estimate link=Logit NOLOOP varest=2ndPart    ;


  INPUT --- model={ p(~mxflow)Psi(~pctShade) };

  INPUT ---    group=1 p    rows=1 cols=3 Square ;
  INPUT ---        1 2 3 ;

  INPUT ---    group=1 Psi    rows=1 cols=1 Square ;
  INPUT ---        4 ;

  INPUT ---    design matrix constraints=4 covariates=4;
  INPUT ---        1 mxflow1 0 0;
  INPUT ---        1 mxflow2 0 0;
  INPUT ---        1 mxflow3 0 0;
  INPUT ---        0 0 1 pctShade;
  INPUT ---       blabel(1)=p:(Intercept);
  INPUT ---       blabel(2)=p:mxflow;
  INPUT ---       blabel(3)=Psi:(Intercept);
  INPUT ---       blabel(4)=Psi:pctShade;
  INPUT ---       rlabel(1)=p g1 a0 t1;
  INPUT ---       rlabel(2)=p g1 a1 t2;
  INPUT ---       rlabel(3)=p g1 a2 t3;
  INPUT ---       rlabel(4)=Psi g1 a0 t1;

 Link Function Used is LOGIT        

 Variance Estimation Procedure Used is 2ndPart 
 -2logL(saturated) = 0.0000000     
 Effective Sample Size = 138

 Number of function evaluations was 20 for 4 parameters.
 Time for numerical optimization was 0.06 seconds.     
 -2logL { p(~mxflow)Psi(~pctShade) } = 175.32294     
 Penalty { p(~mxflow)Psi(~pctShade) } = 0.0000000     
 Gradient { p(~mxflow)Psi(~pctShade) }:
  0.2830653E-05   0.000000     -0.6414677E-06  0.1432704E-05
 Maximum ABS(G) { p(~mxflow)Psi(~pctShade) } = 0.2830653E-05 
 S Vector { p(~mxflow)Psi(~pctShade) }:
   20.95667      9.634613      1.239684     0.2162275E-03
 Time to compute number of parameters was 0.01 seconds.     
 Ratio Threshold = 50.000000       Max Gap (3/4) = 5733.2385       Next Max Gap (2/3) = 7.7718316     
 Gap Method for Num. of Estimated Parameters { p(~mxflow)Psi(~pctShade) } = 3          
 Threshold { p(~mxflow)Psi(~pctShade) } = 0.5661306E-05                 
 Numerical Threshold Method for Num. of Estimated Parameters { p(~mxflow)Psi(~pctShade) } = 4          
 Number of Estimated Parameters { p(~mxflow)Psi(~pctShade) } = 4          

   * *  WARNING  * *   Number of parameters estimated from gap method (=3) and threshold method (=4) differ.  Inspect full output.                                                                                                                                                                                                                                                                                                                                                                                                                      
 Ratios of S Vector { p(~mxflow)Psi(~pctShade) }:
   1/2    2.175144       2/3    7.771832       3/4    5733.239    
 DEVIANCE { p(~mxflow)Psi(~pctShade) } = 175.32294                     
 DEVIANCE Degrees of Freedom { p(~mxflow)Psi(~pctShade) } = 134            
 c-hat { p(~mxflow)Psi(~pctShade) } = 1.3083802                     
 AIC { p(~mxflow)Psi(~pctShade) } = 183.32294                  
 AICc { p(~mxflow)Psi(~pctShade) } = 183.62369                    
 BIC { p(~mxflow)Psi(~pctShade) } = 195.03196                    
 Pearson Chisquare { p(~mxflow)Psi(~pctShade) } = 1082.2666                  

  Program  MARK  - Survival Rate Estimation with Capture-Recapture Data
   gfortran(dble) Vers. 9.0 Mar 2018     3-Dec-2019 11:07:59    Page  003
 - - - - - - - - - - - - - - - - - - - - - - - - - - - - - - - - - - - - - -
 


                 LOGIT Link Function Parameters of { p(~mxflow)Psi(~pctShade) }
                                                              95% Confidence Interval
 Parameter                    Beta         Standard Error      Lower           Upper
 -------------------------  --------------  --------------  --------------  --------------
    1:p:(Intercept)          1.0214578       0.6689167      -0.2896191       2.3325346    
    2:p:mxflow              -0.1322912       1.0303493      -2.1517758       1.8871934    
    3:Psi:(Intercept)       -1.9734132       0.4762887      -2.9069390      -1.0398873    
    4:Psi:pctShade           0.0033329       0.0079728      -0.0122937       0.0189595    


                 Real Function Parameters of { p(~mxflow)Psi(~pctShade) }

      Following estimates based on unstandardized individual covariate values:
          Variable   Value         
          ---------  ------------- 
          MXFLOW1     0.8952899    
          MXFLOW2     1.0911594    
          MXFLOW3     0.5689855    
          PCTSHADE    48.614931    
                                                               95% Confidence Interval
  Parameter                  Estimate       Standard Error      Lower           Upper
 --------------------------  --------------  --------------  --------------  --------------
     1:p g1 a0 t1             0.7115695       0.0954055       0.4979772       0.8598601                          
     2:p g1 a1 t2             0.7062224       0.1299587       0.4132325       0.8913720                          
     3:p g1 a2 t3             0.7203475       0.0647484       0.5784002       0.8286603                          
     4:Psi g1 a0 t1           0.1404711       0.0301344       0.0910762       0.2104526                          


                      Estimates of Derived Parameters
           Occupancy Estimates of { p(~mxflow)Psi(~pctShade) }
                                            95% Confidence Interval
 Group   Psi-hat         Standard Error      Lower           Upper
 -----   --------------  --------------  --------------  --------------
   1      0.1404711       0.0301344       0.0910762       0.2104526    

 Attempted ordering of parameters by estimatibility:
  3 1 4 2
 Beta number 2 is a singular value.

   CPU Time for the last procedure was 0.06 seconds.     

  Program  MARK  - Survival Rate Estimation with Capture-Recapture Data
   gfortran(dble) Vers. 9.0 Mar 2018     3-Dec-2019 11:07:59    Page  004
 - - - - - - - - - - - - - - - - - - - - - - - - - - - - - - - - - - - - - -
 


  INPUT --- proc stop;

     CPU Time in minutes for this job was 0.00

     Time Start = 11:07:58.170   Time End = 11:07:59.437

     Wall Clock Time in minutes for this job was 0.02


          E X E C U T I O N   S U C C E S S F U L 
