
   Program  MARK  - Survival Rate Estimation with Capture-Recapture Data
   gfortran(dble) Vers. 9.0 Mar 2018     3-Dec-2019 11:02:12    Page  001
 - - - - - - - - - - - - - - - - - - - - - - - - - - - - - - - - - - - - - -
 
   This version was compiled by GCC version 7.2.0 using the options: 
     -cpp -iprefix C:/Program Files/mingw-w64/x86_64-7.2.0-posix-seh-rt_v5-rev1/
     mingw64/bin/../lib/gcc/x86_64-w64-mingw32/7.2.0/ -D_MT -D_REENTRANT
     -U_REENTRANT -D IEEE -D DBLEPRECISION -m64 -mtune=core2 -march=nocona -mthreads
     -O2 -fimplicit-none -fbounds-check -funroll-loops -ftree-vectorize
     -ffpe-summary=invalid,zero,overflow,underflow -fno-unsafe-math-optimizations
     -frounding-math -fsignaling-nans -fopenmp.

   This problem will use 7 of 8 possible threads.


  INPUT --- proc title ;

   CPU Time for the last procedure was 0.01 seconds.     


  INPUT --- proc chmatrix occasions= 3 groups= 1 etype= Occupancy 
  INPUT --- Nodes= 101 icovar = 3 ICMeans  NoHist hist= 138 ;

  INPUT ---    time interval 1 1 1 ;

  INPUT ---     icovariates under pctex21 depool ;

  INPUT ---    glabel(1)=freq1;

      Number of unique encounter histories read was 138.

      Number of individual covariates read was 3.
      Time interval lengths are all equal to 1.

      Data type number is 27
      Data type is Occupancy Estimation with Detection < 1                                                             

   CPU Time for the last procedure was 0.02 seconds.     

  Program  MARK  - Survival Rate Estimation with Capture-Recapture Data
   gfortran(dble) Vers. 9.0 Mar 2018     3-Dec-2019 11:02:12    Page  002
 - - - - - - - - - - - - - - - - - - - - - - - - - - - - - - - - - - - - - -
 


  INPUT --- proc estimate link=Logit NOLOOP varest=2ndPart    ;


  INPUT --- model={ p(~under)Psi(~pctex21 + depool) };

  INPUT ---    group=1 p    rows=1 cols=3 Square ;
  INPUT ---        1 1 1 ;

  INPUT ---    group=1 Psi    rows=1 cols=1 Square ;
  INPUT ---        2 ;

  INPUT ---    design matrix constraints=2 covariates=5;
  INPUT ---        1 under 0 0 0;
  INPUT ---        0 0 1 pctex21 depool;
  INPUT ---       blabel(1)=p:(Intercept);
  INPUT ---       blabel(2)=p:under;
  INPUT ---       blabel(3)=Psi:(Intercept);
  INPUT ---       blabel(4)=Psi:pctex21;
  INPUT ---       blabel(5)=Psi:depool;
  INPUT ---       rlabel(1)=p g1 a0 t1;
  INPUT ---       rlabel(2)=Psi g1 a0 t1;

 Link Function Used is LOGIT        

 Variance Estimation Procedure Used is 2ndPart 
 -2logL(saturated) = 0.0000000     
 Effective Sample Size = 138

 Number of function evaluations was 16 for 5 parameters.
 Time for numerical optimization was 0.01 seconds.     
 -2logL { p(~under)Psi(~pctex21 + depool) } = 152.89375     
 Penalty { p(~under)Psi(~pctex21 + depool) } = 0.0000000     
 Gradient { p(~under)Psi(~pctex21 + depool) }:
 -0.2305027E-05 -0.9831149E-06  0.1092536E-05  0.9390051E-07 -0.1620222E-05
 Maximum ABS(G) { p(~under)Psi(~pctex21 + depool) } = 0.2305027E-05 
 S Vector { p(~under)Psi(~pctex21 + depool) }:
   15.72829      10.22548     0.6972455     0.5241947     0.1993511E-01
 Time to compute number of parameters was 0.02 seconds.     
 Ratio Threshold = 50.000000       Max Gap (4/5) = 26.295045       Next Max Gap (2/3) = 14.665544     
 Gap Method for Num. of Estimated Parameters { p(~under)Psi(~pctex21 + depool) } = 5          
 Threshold { p(~under)Psi(~pctex21 + depool) } = 0.4610055E-05                 
 Numerical Threshold Method for Num. of Estimated Parameters { p(~under)Psi(~pctex21 + depool) } = 5          
 Number of Estimated Parameters { p(~under)Psi(~pctex21 + depool) } = 5          
 DEVIANCE { p(~under)Psi(~pctex21 + depool) } = 152.89375                     
 DEVIANCE Degrees of Freedom { p(~under)Psi(~pctex21 + depool) } = 133            
 c-hat { p(~under)Psi(~pctex21 + depool) } = 1.1495771                     
 AIC { p(~under)Psi(~pctex21 + depool) } = 162.89375                  
 AICc { p(~under)Psi(~pctex21 + depool) } = 163.34829                    
 BIC { p(~under)Psi(~pctex21 + depool) } = 177.53002                    
 Pearson Chisquare { p(~under)Psi(~pctex21 + depool) } = 897.36372                  


             LOGIT Link Function Parameters of { p(~under)Psi(~pctex21 + depool) }
                                                              95% Confidence Interval
 Parameter                    Beta         Standard Error      Lower           Upper
 -------------------------  --------------  --------------  --------------  --------------

  Program  MARK  - Survival Rate Estimation with Capture-Recapture Data
   gfortran(dble) Vers. 9.0 Mar 2018     3-Dec-2019 11:02:12    Page  003
 - - - - - - - - - - - - - - - - - - - - - - - - - - - - - - - - - - - - - -
 
    1:p:(Intercept)          0.6549466       0.5147722      -0.3540070       1.6639001    
    2:p:under                0.3890101       0.5454737      -0.6801183       1.4581384    
    3:Psi:(Intercept)       -0.7457999       0.4989228      -1.7236885       0.2320888    
    4:Psi:pctex21           -0.6236163       0.2285716      -1.0716165      -0.1756160    
    5:Psi:depool            -0.0625462       0.4038151      -0.8540238       0.7289313    


             Real Function Parameters of { p(~under)Psi(~pctex21 + depool) }

      Following estimates based on unstandardized individual covariate values:
          Variable   Value         
          ---------  ------------- 
          UNDER       0.5466074    
          PCTEX21     4.8306834    
          DEPOOL      0.8757795    
                                                               95% Confidence Interval
  Parameter                  Estimate       Standard Error      Lower           Upper
 --------------------------  --------------  --------------  --------------  --------------
     1:p g1 a0 t1             0.7042424       0.0709023       0.5499278       0.8227054                          
     2:Psi g1 a0 t1           0.0216033       0.0209626       0.0031508       0.1336336                          


                      Estimates of Derived Parameters
        Occupancy Estimates of { p(~under)Psi(~pctex21 + depool) }
                                            95% Confidence Interval
 Group   Psi-hat         Standard Error      Lower           Upper
 -----   --------------  --------------  --------------  --------------
   1      0.0216033       0.0209626       0.0031508       0.1336336    

   CPU Time for the last procedure was 0.03 seconds.     

  Program  MARK  - Survival Rate Estimation with Capture-Recapture Data
   gfortran(dble) Vers. 9.0 Mar 2018     3-Dec-2019 11:02:12    Page  004
 - - - - - - - - - - - - - - - - - - - - - - - - - - - - - - - - - - - - - -
 


  INPUT --- proc stop;

     CPU Time in minutes for this job was 0.00

     Time Start = 11:02:12.165   Time End = 11:02:12.838

     Wall Clock Time in minutes for this job was 0.01


          E X E C U T I O N   S U C C E S S F U L 
