
   Program  MARK  - Survival Rate Estimation with Capture-Recapture Data
   gfortran(dble) Vers. 9.0 Mar 2018     3-Dec-2019 10:59:40    Page  001
 - - - - - - - - - - - - - - - - - - - - - - - - - - - - - - - - - - - - - -
 
   This version was compiled by GCC version 7.2.0 using the options: 
     -cpp -iprefix C:/Program Files/mingw-w64/x86_64-7.2.0-posix-seh-rt_v5-rev1/
     mingw64/bin/../lib/gcc/x86_64-w64-mingw32/7.2.0/ -D_MT -D_REENTRANT
     -U_REENTRANT -D IEEE -D DBLEPRECISION -m64 -mtune=core2 -march=nocona -mthreads
     -O2 -fimplicit-none -fbounds-check -funroll-loops -ftree-vectorize
     -ffpe-summary=invalid,zero,overflow,underflow -fno-unsafe-math-optimizations
     -frounding-math -fsignaling-nans -fopenmp.

   This problem will use 7 of 8 possible threads.


  INPUT --- proc title ;

   CPU Time for the last procedure was 0.01 seconds.     


  INPUT --- proc chmatrix occasions= 3 groups= 1 etype= Occupancy 
  INPUT --- Nodes= 101 icovar = 8 ICMeans  NoHist hist= 138 ;

  INPUT ---    time interval 1 1 1 ;

  INPUT ---     icovariates effort1 effort2 effort3 lwd1 lwd2 lwd3  
  INPUT ---    pctex21 BRT_100m ;

  INPUT ---    glabel(1)=freq1;

      Number of unique encounter histories read was 138.

      Number of individual covariates read was 8.
      Time interval lengths are all equal to 1.

      Data type number is 27
      Data type is Occupancy Estimation with Detection < 1                                                             

   CPU Time for the last procedure was 0.02 seconds.     

  Program  MARK  - Survival Rate Estimation with Capture-Recapture Data
   gfortran(dble) Vers. 9.0 Mar 2018     3-Dec-2019 10:59:40    Page  002
 - - - - - - - - - - - - - - - - - - - - - - - - - - - - - - - - - - - - - -
 


  INPUT --- proc estimate link=Logit NOLOOP varest=2ndPart    ;


  INPUT --- model={ p(~effort + lwd)Psi(~pctex21 + BRT_100m) };

  INPUT ---    group=1 p    rows=1 cols=3 Square ;
  INPUT ---        1 2 3 ;

  INPUT ---    group=1 Psi    rows=1 cols=1 Square ;
  INPUT ---        4 ;

  INPUT ---    design matrix constraints=4 covariates=6;
  INPUT ---        1 effort1 lwd1 0 0 0;
  INPUT ---        1 effort2 lwd2 0 0 0;
  INPUT ---        1 effort3 lwd3 0 0 0;
  INPUT ---        0 0 0 1 pctex21 BRT_100m;
  INPUT ---       blabel(1)=p:(Intercept);
  INPUT ---       blabel(2)=p:effort;
  INPUT ---       blabel(3)=p:lwd;
  INPUT ---       blabel(4)=Psi:(Intercept);
  INPUT ---       blabel(5)=Psi:pctex21;
  INPUT ---       blabel(6)=Psi:BRT_100m;
  INPUT ---       rlabel(1)=p g1 a0 t1;
  INPUT ---       rlabel(2)=p g1 a1 t2;
  INPUT ---       rlabel(3)=p g1 a2 t3;
  INPUT ---       rlabel(4)=Psi g1 a0 t1;

 Link Function Used is LOGIT        

 Variance Estimation Procedure Used is 2ndPart 
 -2logL(saturated) = 0.0000000     
 Effective Sample Size = 138

   * *  WARNING  * *   Error number 0 from VA09AD optimization routine. 

 Number of function evaluations was 23 for 6 parameters.
 Time for numerical optimization was 0.08 seconds.     
 -2logL { p(~effort + lwd)Psi(~pctex21 + BRT_100m) } = 143.27725     
 Penalty { p(~effort + lwd)Psi(~pctex21 + BRT_100m) } = 0.0000000     
 Gradient { p(~effort + lwd)Psi(~pctex21 + BRT_100m) }:
   0.000000       0.000000       0.000000       0.000000       0.000000    
   0.000000    
 Maximum ABS(G) { p(~effort + lwd)Psi(~pctex21 + BRT_100m) } = 0.0000000     

  Program  MARK  - Survival Rate Estimation with Capture-Recapture Data
   gfortran(dble) Vers. 9.0 Mar 2018     3-Dec-2019 10:59:41    Page  003
 - - - - - - - - - - - - - - - - - - - - - - - - - - - - - - - - - - - - - -
 
 S Vector { p(~effort + lwd)Psi(~pctex21 + BRT_100m) }:
   13.91440      7.884382     0.4288446     0.2001172     0.9665765E-01
  0.1815595E-01
 Time to compute number of parameters was 0.06 seconds.     
 Ratio Threshold = 50.000000       Max Gap (2/3) = 18.385175       Next Max Gap (5/6) = 5.3237456     
 Gap Method for Num. of Estimated Parameters { p(~effort + lwd)Psi(~pctex21 + BRT_100m) } = 6          
 Threshold { p(~effort + lwd)Psi(~pctex21 + BRT_100m) } = 0.0000000                     
 Numerical Threshold Method for Num. of Estimated Parameters { p(~effort + lwd)Psi(~pctex21 + BRT_100m) } = 6          
 Number of Estimated Parameters { p(~effort + lwd)Psi(~pctex21 + BRT_100m) } = 6          
 DEVIANCE { p(~effort + lwd)Psi(~pctex21 + BRT_100m) } = 143.27725                     
 DEVIANCE Degrees of Freedom { p(~effort + lwd)Psi(~pctex21 + BRT_100m) } = 132            
 c-hat { p(~effort + lwd)Psi(~pctex21 + BRT_100m) } = 1.0854337                     
 AIC { p(~effort + lwd)Psi(~pctex21 + BRT_100m) } = 155.27725                  
 AICc { p(~effort + lwd)Psi(~pctex21 + BRT_100m) } = 155.91847                    
 BIC { p(~effort + lwd)Psi(~pctex21 + BRT_100m) } = 172.84077                    
 Pearson Chisquare { p(~effort + lwd)Psi(~pctex21 + BRT_100m) } = 602.18065                  


         LOGIT Link Function Parameters of { p(~effort + lwd)Psi(~pctex21 + BRT_100m) }
                                                              95% Confidence Interval
 Parameter                    Beta         Standard Error      Lower           Upper
 -------------------------  --------------  --------------  --------------  --------------
    1:p:(Intercept)         -0.6535686       0.7269216      -2.0783349       0.7711977    
    2:p:effort               0.0016709       0.7911743E-03   0.1202315E-03   0.0032216    
    3:p:lwd                  1.0973405       1.2752218      -1.4020944       3.5967753    
    4:Psi:(Intercept)       -1.0084746       0.3708276      -1.7352966      -0.2816525    
    5:Psi:pctex21           -0.6355645       0.2395642      -1.1051104      -0.1660186    
    6:Psi:BRT_100m           0.0252264       0.0158074      -0.0057562       0.0562089    


         Real Function Parameters of { p(~effort + lwd)Psi(~pctex21 + BRT_100m) }

      Following estimates based on unstandardized individual covariate values:
          Variable   Value         
          ---------  ------------- 
          EFFORT1     906.23188    
          EFFORT2     834.18841    
          EFFORT3     818.18116    
          LWD1        0.2346014    
          LWD2        0.2355072    
          LWD3        0.2114389    
          PCTEX21     4.8306834    
          BRT_100M    6.7817616    
                                                               95% Confidence Interval
  Parameter                  Estimate       Standard Error      Lower           Upper
 --------------------------  --------------  --------------  --------------  --------------
     1:p g1 a0 t1             0.7536402       0.0723557       0.5876588       0.8678348                          
     2:p g1 a1 t2             0.7308100       0.0735357       0.5661342       0.8495884                          
     3:p g1 a2 t3             0.7202250       0.0737073       0.5569091       0.8405771                          
     4:Psi g1 a0 t1           0.0196929       0.0201739       0.0025840       0.1347731                          


                      Estimates of Derived Parameters
   Occupancy Estimates of { p(~effort + lwd)Psi(~pctex21 + BRT_100m) }
                                            95% Confidence Interval
 Group   Psi-hat         Standard Error      Lower           Upper
 -----   --------------  --------------  --------------  --------------
   1      0.0196929       0.0201739       0.0025840       0.1347731    

  Program  MARK  - Survival Rate Estimation with Capture-Recapture Data
   gfortran(dble) Vers. 9.0 Mar 2018     3-Dec-2019 10:59:41    Page  004
 - - - - - - - - - - - - - - - - - - - - - - - - - - - - - - - - - - - - - -
 

   CPU Time for the last procedure was 0.14 seconds.     


  INPUT --- proc stop;

     CPU Time in minutes for this job was 0.00

     Time Start = 10:59:40.946   Time End = 10:59:41.392

     Wall Clock Time in minutes for this job was 0.01


          E X E C U T I O N   S U C C E S S F U L 
