
   Program  MARK  - Survival Rate Estimation with Capture-Recapture Data
   gfortran(dble) Vers. 9.0 Mar 2018     3-Dec-2019 10:58:31    Page  001
 - - - - - - - - - - - - - - - - - - - - - - - - - - - - - - - - - - - - - -
 
   This version was compiled by GCC version 7.2.0 using the options: 
     -cpp -iprefix C:/Program Files/mingw-w64/x86_64-7.2.0-posix-seh-rt_v5-rev1/
     mingw64/bin/../lib/gcc/x86_64-w64-mingw32/7.2.0/ -D_MT -D_REENTRANT
     -U_REENTRANT -D IEEE -D DBLEPRECISION -m64 -mtune=core2 -march=nocona -mthreads
     -O2 -fimplicit-none -fbounds-check -funroll-loops -ftree-vectorize
     -ffpe-summary=invalid,zero,overflow,underflow -fno-unsafe-math-optimizations
     -frounding-math -fsignaling-nans -fopenmp.

   This problem will use 7 of 8 possible threads.


  INPUT --- proc title ;

   CPU Time for the last procedure was 0.01 seconds.     


  INPUT --- proc chmatrix occasions= 3 groups= 1 etype= Occupancy 
  INPUT --- Nodes= 101 icovar = 4 ICMeans  NoHist hist= 130 ;

  INPUT ---    time interval 1 1 1 ;

  INPUT ---     icovariates undr1 undr2 undr3 LWD ;

  INPUT ---    glabel(1)=freq1;

      Number of unique encounter histories read was 130.

      Number of individual covariates read was 4.
      Time interval lengths are all equal to 1.

      Data type number is 27
      Data type is Occupancy Estimation with Detection < 1                                                             

   CPU Time for the last procedure was 0.01 seconds.     

  Program  MARK  - Survival Rate Estimation with Capture-Recapture Data
   gfortran(dble) Vers. 9.0 Mar 2018     3-Dec-2019 10:58:31    Page  002
 - - - - - - - - - - - - - - - - - - - - - - - - - - - - - - - - - - - - - -
 


  INPUT --- proc estimate link=Logit NOLOOP varest=2ndPart    ;


  INPUT --- model={ p(~undr)Psi(~LWD) };

  INPUT ---    group=1 p    rows=1 cols=3 Square ;
  INPUT ---        1 2 3 ;

  INPUT ---    group=1 Psi    rows=1 cols=1 Square ;
  INPUT ---        4 ;

  INPUT ---    design matrix constraints=4 covariates=4;
  INPUT ---        1 undr1 0 0;
  INPUT ---        1 undr2 0 0;
  INPUT ---        1 undr3 0 0;
  INPUT ---        0 0 1 LWD;
  INPUT ---       blabel(1)=p:(Intercept);
  INPUT ---       blabel(2)=p:undr;
  INPUT ---       blabel(3)=Psi:(Intercept);
  INPUT ---       blabel(4)=Psi:LWD;
  INPUT ---       rlabel(1)=p g1 a0 t1;
  INPUT ---       rlabel(2)=p g1 a1 t2;
  INPUT ---       rlabel(3)=p g1 a2 t3;
  INPUT ---       rlabel(4)=Psi g1 a0 t1;

 Link Function Used is LOGIT        

 Variance Estimation Procedure Used is 2ndPart 
 -2logL(saturated) = 0.0000000     
 Effective Sample Size = 138

 Number of function evaluations was 14 for 4 parameters.
 Time for numerical optimization was 0.01 seconds.     
 -2logL { p(~undr)Psi(~LWD) } = 173.38390     
 Penalty { p(~undr)Psi(~LWD) } = 0.0000000     
 Gradient { p(~undr)Psi(~LWD) }:
  0.1234166E-05  0.6500077E-06  0.7292711E-06   0.000000    
 Maximum ABS(G) { p(~undr)Psi(~LWD) } = 0.1234166E-05 
 S Vector { p(~undr)Psi(~LWD) }:
   17.00668      9.360855     0.6805564     0.3593393    
 Time to compute number of parameters was 0.02 seconds.     
 Ratio Threshold = 50.000000       Max Gap (2/3) = 13.754707       Next Max Gap (3/4) = 1.8939105     
 Gap Method for Num. of Estimated Parameters { p(~undr)Psi(~LWD) } = 4          
 Threshold { p(~undr)Psi(~LWD) } = 0.2468332E-05                 
 Numerical Threshold Method for Num. of Estimated Parameters { p(~undr)Psi(~LWD) } = 4          
 Number of Estimated Parameters { p(~undr)Psi(~LWD) } = 4          
 DEVIANCE { p(~undr)Psi(~LWD) } = 173.38390                     
 DEVIANCE Degrees of Freedom { p(~undr)Psi(~LWD) } = 134            
 c-hat { p(~undr)Psi(~LWD) } = 1.2939097                     
 AIC { p(~undr)Psi(~LWD) } = 181.38390                  
 AICc { p(~undr)Psi(~LWD) } = 181.68465                    
 BIC { p(~undr)Psi(~LWD) } = 193.09291                    
 Pearson Chisquare { p(~undr)Psi(~LWD) } = 979.65374                  

  Program  MARK  - Survival Rate Estimation with Capture-Recapture Data
   gfortran(dble) Vers. 9.0 Mar 2018     3-Dec-2019 10:58:31    Page  003
 - - - - - - - - - - - - - - - - - - - - - - - - - - - - - - - - - - - - - -
 


                    LOGIT Link Function Parameters of { p(~undr)Psi(~LWD) }
                                                              95% Confidence Interval
 Parameter                    Beta         Standard Error      Lower           Upper
 -------------------------  --------------  --------------  --------------  --------------
    1:p:(Intercept)          0.5454557       0.4535108      -0.3434255       1.4343368    
    2:p:undr                 0.5526708       0.4679552      -0.3645214       1.4698629    
    3:Psi:(Intercept)       -1.6154177       0.3420560      -2.2858475      -0.9449880    
    4:Psi:LWD               -0.8629612       1.1885685      -3.1925555       1.4666331    


                    Real Function Parameters of { p(~undr)Psi(~LWD) }

      Following estimates based on unstandardized individual covariate values:
          Variable   Value         
          ---------  ------------- 
          UNDR1       0.5869565    
          UNDR2       0.5483092    
          UNDR3       0.5042271    
          LWD         0.2273503    
                                                               95% Confidence Interval
  Parameter                  Estimate       Standard Error      Lower           Upper
 --------------------------  --------------  --------------  --------------  --------------
     1:p g1 a0 t1             0.7047144       0.0692451       0.5541952       0.8208421                          
     2:p g1 a1 t2             0.7002503       0.0703529       0.5477414       0.8183831                          
     3:p g1 a2 t3             0.6951117       0.0718624       0.5397966       0.8158877                          
     4:Psi g1 a0 t1           0.1404434       0.0305503       0.0904932       0.2115518                          


                      Estimates of Derived Parameters
               Occupancy Estimates of { p(~undr)Psi(~LWD) }
                                            95% Confidence Interval
 Group   Psi-hat         Standard Error      Lower           Upper
 -----   --------------  --------------  --------------  --------------
   1      0.1404434       0.0305503       0.0904932       0.2115518    

   CPU Time for the last procedure was 0.02 seconds.     

  Program  MARK  - Survival Rate Estimation with Capture-Recapture Data
   gfortran(dble) Vers. 9.0 Mar 2018     3-Dec-2019 10:58:31    Page  004
 - - - - - - - - - - - - - - - - - - - - - - - - - - - - - - - - - - - - - -
 


  INPUT --- proc stop;

     CPU Time in minutes for this job was 0.00

     Time Start = 10:58:31.338   Time End = 10:58:31.432

     Wall Clock Time in minutes for this job was 0.00


          E X E C U T I O N   S U C C E S S F U L 
