
   Program  MARK  - Survival Rate Estimation with Capture-Recapture Data
   gfortran(dble) Vers. 9.0 Mar 2018     3-Dec-2019 11:03:51    Page  001
 - - - - - - - - - - - - - - - - - - - - - - - - - - - - - - - - - - - - - -
 
   This version was compiled by GCC version 7.2.0 using the options: 
     -cpp -iprefix C:/Program Files/mingw-w64/x86_64-7.2.0-posix-seh-rt_v5-rev1/
     mingw64/bin/../lib/gcc/x86_64-w64-mingw32/7.2.0/ -D_MT -D_REENTRANT
     -U_REENTRANT -D IEEE -D DBLEPRECISION -m64 -mtune=core2 -march=nocona -mthreads
     -O2 -fimplicit-none -fbounds-check -funroll-loops -ftree-vectorize
     -ffpe-summary=invalid,zero,overflow,underflow -fno-unsafe-math-optimizations
     -frounding-math -fsignaling-nans -fopenmp.

   This problem will use 7 of 8 possible threads.


  INPUT --- proc title ;

   CPU Time for the last procedure was 0.01 seconds.     


  INPUT --- proc chmatrix occasions= 3 groups= 1 etype= Occupancy 
  INPUT --- Nodes= 101 icovar = 8 ICMeans  NoHist hist= 138 ;

  INPUT ---    time interval 1 1 1 ;

  INPUT ---     icovariates effort1 effort2 effort3 mxflow1 mxflow2  
  INPUT ---    mxflow3 pctex21 pctSlope ;

  INPUT ---    glabel(1)=freq1;

      Number of unique encounter histories read was 138.

      Number of individual covariates read was 8.
      Time interval lengths are all equal to 1.

      Data type number is 27
      Data type is Occupancy Estimation with Detection < 1                                                             

   CPU Time for the last procedure was 0.02 seconds.     

  Program  MARK  - Survival Rate Estimation with Capture-Recapture Data
   gfortran(dble) Vers. 9.0 Mar 2018     3-Dec-2019 11:03:51    Page  002
 - - - - - - - - - - - - - - - - - - - - - - - - - - - - - - - - - - - - - -
 


  INPUT --- proc estimate link=Logit NOLOOP varest=2ndPart    ;


  INPUT --- model={ p(~effort + mxflow)Psi(~pctex21 + pctSlope) };

  INPUT ---    group=1 p    rows=1 cols=3 Square ;
  INPUT ---        1 2 3 ;

  INPUT ---    group=1 Psi    rows=1 cols=1 Square ;
  INPUT ---        4 ;

  INPUT ---    design matrix constraints=4 covariates=6;
  INPUT ---        1 effort1 mxflow1 0 0 0;
  INPUT ---        1 effort2 mxflow2 0 0 0;
  INPUT ---        1 effort3 mxflow3 0 0 0;
  INPUT ---        0 0 0 1 pctex21 pctSlope;
  INPUT ---       blabel(1)=p:(Intercept);
  INPUT ---       blabel(2)=p:effort;
  INPUT ---       blabel(3)=p:mxflow;
  INPUT ---       blabel(4)=Psi:(Intercept);
  INPUT ---       blabel(5)=Psi:pctex21;
  INPUT ---       blabel(6)=Psi:pctSlope;
  INPUT ---       rlabel(1)=p g1 a0 t1;
  INPUT ---       rlabel(2)=p g1 a1 t2;
  INPUT ---       rlabel(3)=p g1 a2 t3;
  INPUT ---       rlabel(4)=Psi g1 a0 t1;

 Link Function Used is LOGIT        

 Variance Estimation Procedure Used is 2ndPart 
 -2logL(saturated) = 0.0000000     
 Effective Sample Size = 138

 Number of function evaluations was 37 for 6 parameters.
 Time for numerical optimization was 0.08 seconds.     
 -2logL { p(~effort + mxflow)Psi(~pctex21 + pctSlope) } = 145.68622     
 Penalty { p(~effort + mxflow)Psi(~pctex21 + pctSlope) } = 0.0000000     
 Gradient { p(~effort + mxflow)Psi(~pctex21 + pctSlope) }:
   0.000000       0.000000     -0.3661658E-07 -0.3086721E-05   0.000000    
   0.000000    
 Maximum ABS(G) { p(~effort + mxflow)Psi(~pctex21 + pctSlope) } = 0.3086721E-05 
 S Vector { p(~effort + mxflow)Psi(~pctex21 + pctSlope) }:
   14.29532      7.281898     0.2488440     0.9203618E-01 0.1920008E-01
  0.1179438E-03
 Time to compute number of parameters was 0.08 seconds.     
 Ratio Threshold = 50.000000       Max Gap (5/6) = 162.79015       Next Max Gap (2/3) = 29.262900     
 Gap Method for Num. of Estimated Parameters { p(~effort + mxflow)Psi(~pctex21 + pctSlope) } = 5          
 Threshold { p(~effort + mxflow)Psi(~pctex21 + pctSlope) } = 0.6173441E-05                 
 Numerical Threshold Method for Num. of Estimated Parameters { p(~effort + mxflow)Psi(~pctex21 + pctSlope) } = 6          
 Number of Estimated Parameters { p(~effort + mxflow)Psi(~pctex21 + pctSlope) } = 6          

  Program  MARK  - Survival Rate Estimation with Capture-Recapture Data
   gfortran(dble) Vers. 9.0 Mar 2018     3-Dec-2019 11:03:51    Page  003
 - - - - - - - - - - - - - - - - - - - - - - - - - - - - - - - - - - - - - -
 

   * *  WARNING  * *   Number of parameters estimated from gap method (=5) and threshold method (=6) differ.  Inspect full output.                                                                                                                                                                                                                                                                                                                                                                                                                      
 Ratios of S Vector { p(~effort + mxflow)Psi(~pctex21 + pctSlope) }:
   1/2    1.963131       2/3    29.26290       3/4    2.703763       4/5    4.793531       5/6    162.7902    
 DEVIANCE { p(~effort + mxflow)Psi(~pctex21 + pctSlope) } = 145.68622                     
 DEVIANCE Degrees of Freedom { p(~effort + mxflow)Psi(~pctex21 + pctSlope) } = 132            
 c-hat { p(~effort + mxflow)Psi(~pctex21 + pctSlope) } = 1.1036835                     
 AIC { p(~effort + mxflow)Psi(~pctex21 + pctSlope) } = 157.68622                  
 AICc { p(~effort + mxflow)Psi(~pctex21 + pctSlope) } = 158.32744                    
 BIC { p(~effort + mxflow)Psi(~pctex21 + pctSlope) } = 175.24974                    
 Pearson Chisquare { p(~effort + mxflow)Psi(~pctex21 + pctSlope) } = 592.32929                  


       LOGIT Link Function Parameters of { p(~effort + mxflow)Psi(~pctex21 + pctSlope) }
                                                              95% Confidence Interval
 Parameter                    Beta         Standard Error      Lower           Upper
 -------------------------  --------------  --------------  --------------  --------------
    1:p:(Intercept)         -0.1561977       0.9851956      -2.0871811       1.7747857    
    2:p:effort               0.0018015       0.8254637E-03   0.1835905E-03   0.0034194    
    3:p:mxflow              -0.7740872       1.3950699      -3.5084242       1.9602497    
    4:Psi:(Intercept)       -0.8537622       0.3642818      -1.5677545      -0.1397699    
    5:Psi:pctex21           -0.6646706       0.2324908      -1.1203525      -0.2089888    
    6:Psi:pctSlope           0.0313127       0.0394348      -0.0459795       0.1086049    


       Real Function Parameters of { p(~effort + mxflow)Psi(~pctex21 + pctSlope) }

      Following estimates based on unstandardized individual covariate values:
          Variable   Value         
          ---------  ------------- 
          EFFORT1     906.23188    
          EFFORT2     834.18841    
          EFFORT3     818.18116    
          MXFLOW1     0.8952899    
          MXFLOW2     1.0911594    
          MXFLOW3     0.5689855    
          PCTEX21     4.8306834    
          PCTSLOPE    5.7132415    
                                                               95% Confidence Interval
  Parameter                  Estimate       Standard Error      Lower           Upper
 --------------------------  --------------  --------------  --------------  --------------
     1:p g1 a0 t1             0.6864008       0.1260048       0.4099943       0.8733248                          
     2:p g1 a1 t2             0.6229151       0.1907798       0.2516226       0.8903046                          
     3:p g1 a2 t3             0.7062646       0.0767051       0.5380796       0.8322988                          
     4:Psi g1 a0 t1           0.0201207       0.0196624       0.0028994       0.1266401                          


                      Estimates of Derived Parameters
  Occupancy Estimates of { p(~effort + mxflow)Psi(~pctex21 + pctSlope) }
                                            95% Confidence Interval
 Group   Psi-hat         Standard Error      Lower           Upper
 -----   --------------  --------------  --------------  --------------

  Program  MARK  - Survival Rate Estimation with Capture-Recapture Data
   gfortran(dble) Vers. 9.0 Mar 2018     3-Dec-2019 11:03:51    Page  004
 - - - - - - - - - - - - - - - - - - - - - - - - - - - - - - - - - - - - - -
 
   1      0.0201207       0.0196624       0.0028994       0.1266401    

 Attempted ordering of parameters by estimatibility:
  4 1 6 2 5 3
 Beta number 3 is a singular value.

   CPU Time for the last procedure was 0.16 seconds.     


  INPUT --- proc stop;

     CPU Time in minutes for this job was 0.00

     Time Start = 11:03:51.181   Time End = 11:03:51.916

     Wall Clock Time in minutes for this job was 0.01


          E X E C U T I O N   S U C C E S S F U L 
