
   Program  MARK  - Survival Rate Estimation with Capture-Recapture Data
   gfortran(dble) Vers. 9.0 Mar 2018     3-Dec-2019 11:03:44    Page  001
 - - - - - - - - - - - - - - - - - - - - - - - - - - - - - - - - - - - - - -
 
   This version was compiled by GCC version 7.2.0 using the options: 
     -cpp -iprefix C:/Program Files/mingw-w64/x86_64-7.2.0-posix-seh-rt_v5-rev1/
     mingw64/bin/../lib/gcc/x86_64-w64-mingw32/7.2.0/ -D_MT -D_REENTRANT
     -U_REENTRANT -D IEEE -D DBLEPRECISION -m64 -mtune=core2 -march=nocona -mthreads
     -O2 -fimplicit-none -fbounds-check -funroll-loops -ftree-vectorize
     -ffpe-summary=invalid,zero,overflow,underflow -fno-unsafe-math-optimizations
     -frounding-math -fsignaling-nans -fopenmp.

   This problem will use 7 of 8 possible threads.


  INPUT --- proc title ;

   CPU Time for the last procedure was 0.01 seconds.     


  INPUT --- proc chmatrix occasions= 3 groups= 1 etype= Occupancy 
  INPUT --- Nodes= 101 icovar = 3 ICMeans  NoHist hist= 138 ;

  INPUT ---    time interval 1 1 1 ;

  INPUT ---     icovariates effsec pctex21 pctSlope ;

  INPUT ---    glabel(1)=freq1;

      Number of unique encounter histories read was 138.

      Number of individual covariates read was 3.
      Time interval lengths are all equal to 1.

      Data type number is 27
      Data type is Occupancy Estimation with Detection < 1                                                             

   CPU Time for the last procedure was 0.01 seconds.     

  Program  MARK  - Survival Rate Estimation with Capture-Recapture Data
   gfortran(dble) Vers. 9.0 Mar 2018     3-Dec-2019 11:03:44    Page  002
 - - - - - - - - - - - - - - - - - - - - - - - - - - - - - - - - - - - - - -
 


  INPUT --- proc estimate link=Logit NOLOOP varest=2ndPart    ;


  INPUT --- model={ p(~effsec)Psi(~pctex21 + pctSlope) };

  INPUT ---    group=1 p    rows=1 cols=3 Square ;
  INPUT ---        1 1 1 ;

  INPUT ---    group=1 Psi    rows=1 cols=1 Square ;
  INPUT ---        2 ;

  INPUT ---    design matrix constraints=2 covariates=5;
  INPUT ---        1 effsec 0 0 0;
  INPUT ---        0 0 1 pctex21 pctSlope;
  INPUT ---       blabel(1)=p:(Intercept);
  INPUT ---       blabel(2)=p:effsec;
  INPUT ---       blabel(3)=Psi:(Intercept);
  INPUT ---       blabel(4)=Psi:pctex21;
  INPUT ---       blabel(5)=Psi:pctSlope;
  INPUT ---       rlabel(1)=p g1 a0 t1;
  INPUT ---       rlabel(2)=Psi g1 a0 t1;

 Link Function Used is LOGIT        

 Variance Estimation Procedure Used is 2ndPart 
 -2logL(saturated) = 0.0000000     
 Effective Sample Size = 138

 Number of function evaluations was 21 for 5 parameters.
 Time for numerical optimization was 0.02 seconds.     
 -2logL { p(~effsec)Psi(~pctex21 + pctSlope) } = 148.31828     
 Penalty { p(~effsec)Psi(~pctex21 + pctSlope) } = 0.0000000     
 Gradient { p(~effsec)Psi(~pctex21 + pctSlope) }:
  0.1412907E-05 -0.3615200E-06   0.000000      0.1789814E-06   0.000000    
 Maximum ABS(G) { p(~effsec)Psi(~pctex21 + pctSlope) } = 0.1412907E-05 
 S Vector { p(~effsec)Psi(~pctex21 + pctSlope) }:
   14.38921      7.974924     0.2507351     0.1820553     0.1951824E-01
 Time to compute number of parameters was 0.01 seconds.     
 Ratio Threshold = 50.000000       Max Gap (2/3) = 31.806178       Next Max Gap (4/5) = 9.3274460     
 Gap Method for Num. of Estimated Parameters { p(~effsec)Psi(~pctex21 + pctSlope) } = 5          
 Threshold { p(~effsec)Psi(~pctex21 + pctSlope) } = 0.2825814E-05                 
 Numerical Threshold Method for Num. of Estimated Parameters { p(~effsec)Psi(~pctex21 + pctSlope) } = 5          
 Number of Estimated Parameters { p(~effsec)Psi(~pctex21 + pctSlope) } = 5          
 DEVIANCE { p(~effsec)Psi(~pctex21 + pctSlope) } = 148.31828                     
 DEVIANCE Degrees of Freedom { p(~effsec)Psi(~pctex21 + pctSlope) } = 133            
 c-hat { p(~effsec)Psi(~pctex21 + pctSlope) } = 1.1151750                     
 AIC { p(~effsec)Psi(~pctex21 + pctSlope) } = 158.31828                  
 AICc { p(~effsec)Psi(~pctex21 + pctSlope) } = 158.77282                    
 BIC { p(~effsec)Psi(~pctex21 + pctSlope) } = 172.95455                    
 Pearson Chisquare { p(~effsec)Psi(~pctex21 + pctSlope) } = 672.80242                  


            LOGIT Link Function Parameters of { p(~effsec)Psi(~pctex21 + pctSlope) }
                                                              95% Confidence Interval
 Parameter                    Beta         Standard Error      Lower           Upper
 -------------------------  --------------  --------------  --------------  --------------

  Program  MARK  - Survival Rate Estimation with Capture-Recapture Data
   gfortran(dble) Vers. 9.0 Mar 2018     3-Dec-2019 11:03:44    Page  003
 - - - - - - - - - - - - - - - - - - - - - - - - - - - - - - - - - - - - - -
 
    1:p:(Intercept)         -0.3499464       0.7278065      -1.7764472       1.0765544    
    2:p:effsec               0.4679268E-03   0.2469257E-03  -0.1604762E-04   0.9519012E-03
    3:Psi:(Intercept)       -0.8724828       0.3624760      -1.5829357      -0.1620298    
    4:Psi:pctex21           -0.6559371       0.2304970      -1.1077113      -0.2041629    
    5:Psi:pctSlope           0.0303281       0.0390878      -0.0462841       0.1069403    


            Real Function Parameters of { p(~effsec)Psi(~pctex21 + pctSlope) }

      Following estimates based on unstandardized individual covariate values:
          Variable   Value         
          ---------  ------------- 
          EFFSEC      2558.6014    
          PCTEX21     4.8306834    
          PCTSLOPE    5.7132415    
                                                               95% Confidence Interval
  Parameter                  Estimate       Standard Error      Lower           Upper
 --------------------------  --------------  --------------  --------------  --------------
     1:p g1 a0 t1             0.6999987       0.0749584       0.5368535       0.8244658                          
     2:Psi g1 a0 t1           0.0204756       0.0198987       0.0029812       0.1275010                          


                      Estimates of Derived Parameters
      Occupancy Estimates of { p(~effsec)Psi(~pctex21 + pctSlope) }
                                            95% Confidence Interval
 Group   Psi-hat         Standard Error      Lower           Upper
 -----   --------------  --------------  --------------  --------------
   1      0.0204756       0.0198987       0.0029812       0.1275010    

   CPU Time for the last procedure was 0.02 seconds.     

  Program  MARK  - Survival Rate Estimation with Capture-Recapture Data
   gfortran(dble) Vers. 9.0 Mar 2018     3-Dec-2019 11:03:44    Page  004
 - - - - - - - - - - - - - - - - - - - - - - - - - - - - - - - - - - - - - -
 


  INPUT --- proc stop;

     CPU Time in minutes for this job was 0.00

     Time Start = 11:03:44.076   Time End = 11:03:44.479

     Wall Clock Time in minutes for this job was 0.01


          E X E C U T I O N   S U C C E S S F U L 
