
   Program  MARK  - Survival Rate Estimation with Capture-Recapture Data
   gfortran(dble) Vers. 9.0 Mar 2018     3-Dec-2019 11:03:09    Page  001
 - - - - - - - - - - - - - - - - - - - - - - - - - - - - - - - - - - - - - -
 
   This version was compiled by GCC version 7.2.0 using the options: 
     -cpp -iprefix C:/Program Files/mingw-w64/x86_64-7.2.0-posix-seh-rt_v5-rev1/
     mingw64/bin/../lib/gcc/x86_64-w64-mingw32/7.2.0/ -D_MT -D_REENTRANT
     -U_REENTRANT -D IEEE -D DBLEPRECISION -m64 -mtune=core2 -march=nocona -mthreads
     -O2 -fimplicit-none -fbounds-check -funroll-loops -ftree-vectorize
     -ffpe-summary=invalid,zero,overflow,underflow -fno-unsafe-math-optimizations
     -frounding-math -fsignaling-nans -fopenmp.

   This problem will use 7 of 8 possible threads.


  INPUT --- proc title ;

   CPU Time for the last procedure was 0.01 seconds.     


  INPUT --- proc chmatrix occasions= 3 groups= 1 etype= Occupancy 
  INPUT --- Nodes= 101 icovar = 3 ICMeans  NoHist hist= 138 ;

  INPUT ---    time interval 1 1 1 ;

  INPUT ---     icovariates under pctex21 pctShade ;

  INPUT ---    glabel(1)=freq1;

      Number of unique encounter histories read was 138.

      Number of individual covariates read was 3.
      Time interval lengths are all equal to 1.

      Data type number is 27
      Data type is Occupancy Estimation with Detection < 1                                                             

   CPU Time for the last procedure was 0.02 seconds.     

  Program  MARK  - Survival Rate Estimation with Capture-Recapture Data
   gfortran(dble) Vers. 9.0 Mar 2018     3-Dec-2019 11:03:09    Page  002
 - - - - - - - - - - - - - - - - - - - - - - - - - - - - - - - - - - - - - -
 


  INPUT --- proc estimate link=Logit NOLOOP varest=2ndPart    ;


  INPUT --- model={ p(~under)Psi(~pctex21 + pctShade) };

  INPUT ---    group=1 p    rows=1 cols=3 Square ;
  INPUT ---        1 1 1 ;

  INPUT ---    group=1 Psi    rows=1 cols=1 Square ;
  INPUT ---        2 ;

  INPUT ---    design matrix constraints=2 covariates=5;
  INPUT ---        1 under 0 0 0;
  INPUT ---        0 0 1 pctex21 pctShade;
  INPUT ---       blabel(1)=p:(Intercept);
  INPUT ---       blabel(2)=p:under;
  INPUT ---       blabel(3)=Psi:(Intercept);
  INPUT ---       blabel(4)=Psi:pctex21;
  INPUT ---       blabel(5)=Psi:pctShade;
  INPUT ---       rlabel(1)=p g1 a0 t1;
  INPUT ---       rlabel(2)=Psi g1 a0 t1;

 Link Function Used is LOGIT        

 Variance Estimation Procedure Used is 2ndPart 
 -2logL(saturated) = 0.0000000     
 Effective Sample Size = 138

 Number of function evaluations was 19 for 5 parameters.
 Time for numerical optimization was 0.01 seconds.     
 -2logL { p(~under)Psi(~pctex21 + pctShade) } = 152.26480     
 Penalty { p(~under)Psi(~pctex21 + pctShade) } = 0.0000000     
 Gradient { p(~under)Psi(~pctex21 + pctShade) }:
 -0.1162921E-05  0.9643684E-06  0.8970073E-06 -0.1794340E-06 -0.1121619E-05
 Maximum ABS(G) { p(~under)Psi(~pctex21 + pctShade) } = 0.1162921E-05 
 S Vector { p(~under)Psi(~pctex21 + pctShade) }:
   17.81924      10.21659      1.075485     0.5153734     0.1881294E-01
 Time to compute number of parameters was 0.03 seconds.     
 Ratio Threshold = 50.000000       Max Gap (4/5) = 27.394628       Next Max Gap (2/3) = 9.4995183     
 Gap Method for Num. of Estimated Parameters { p(~under)Psi(~pctex21 + pctShade) } = 5          
 Threshold { p(~under)Psi(~pctex21 + pctShade) } = 0.2325842E-05                 
 Numerical Threshold Method for Num. of Estimated Parameters { p(~under)Psi(~pctex21 + pctShade) } = 5          
 Number of Estimated Parameters { p(~under)Psi(~pctex21 + pctShade) } = 5          
 DEVIANCE { p(~under)Psi(~pctex21 + pctShade) } = 152.26480                     
 DEVIANCE Degrees of Freedom { p(~under)Psi(~pctex21 + pctShade) } = 133            
 c-hat { p(~under)Psi(~pctex21 + pctShade) } = 1.1448481                     
 AIC { p(~under)Psi(~pctex21 + pctShade) } = 162.26480                  
 AICc { p(~under)Psi(~pctex21 + pctShade) } = 162.71935                    
 BIC { p(~under)Psi(~pctex21 + pctShade) } = 176.90107                    
 Pearson Chisquare { p(~under)Psi(~pctex21 + pctShade) } = 943.67683                  


            LOGIT Link Function Parameters of { p(~under)Psi(~pctex21 + pctShade) }
                                                              95% Confidence Interval
 Parameter                    Beta         Standard Error      Lower           Upper
 -------------------------  --------------  --------------  --------------  --------------

  Program  MARK  - Survival Rate Estimation with Capture-Recapture Data
   gfortran(dble) Vers. 9.0 Mar 2018     3-Dec-2019 11:03:09    Page  003
 - - - - - - - - - - - - - - - - - - - - - - - - - - - - - - - - - - - - - -
 
    1:p:(Intercept)          0.6401363       0.5214092      -0.3818258       1.6620985    
    2:p:under                0.4046158       0.5495025      -0.6724092       1.4816409    
    3:Psi:(Intercept)       -1.1263469       0.5124778      -2.1308034      -0.1218904    
    4:Psi:pctex21           -0.6542014       0.2353418      -1.1154714      -0.1929313    
    5:Psi:pctShade           0.0070477       0.0087910      -0.0101826       0.0242779    


            Real Function Parameters of { p(~under)Psi(~pctex21 + pctShade) }

      Following estimates based on unstandardized individual covariate values:
          Variable   Value         
          ---------  ------------- 
          UNDER       0.5466074    
          PCTEX21     4.8306834    
          PCTSHADE    48.614931    
                                                               95% Confidence Interval
  Parameter                  Estimate       Standard Error      Lower           Upper
 --------------------------  --------------  --------------  --------------  --------------
     1:p g1 a0 t1             0.7029327       0.0716260       0.5471124       0.8225316                          
     2:Psi g1 a0 t1           0.0190031       0.0190790       0.0025993       0.1258656                          


                      Estimates of Derived Parameters
       Occupancy Estimates of { p(~under)Psi(~pctex21 + pctShade) }
                                            95% Confidence Interval
 Group   Psi-hat         Standard Error      Lower           Upper
 -----   --------------  --------------  --------------  --------------
   1      0.0190031       0.0190790       0.0025993       0.1258656    

   CPU Time for the last procedure was 0.03 seconds.     

  Program  MARK  - Survival Rate Estimation with Capture-Recapture Data
   gfortran(dble) Vers. 9.0 Mar 2018     3-Dec-2019 11:03:09    Page  004
 - - - - - - - - - - - - - - - - - - - - - - - - - - - - - - - - - - - - - -
 


  INPUT --- proc stop;

     CPU Time in minutes for this job was 0.00

     Time Start = 11:03:09.178   Time End = 11:03:09.280

     Wall Clock Time in minutes for this job was 0.00


          E X E C U T I O N   S U C C E S S F U L 
