
   Program  MARK  - Survival Rate Estimation with Capture-Recapture Data
   gfortran(dble) Vers. 9.0 Mar 2018     3-Dec-2019 11:06:18    Page  001
 - - - - - - - - - - - - - - - - - - - - - - - - - - - - - - - - - - - - - -
 
   This version was compiled by GCC version 7.2.0 using the options: 
     -cpp -iprefix C:/Program Files/mingw-w64/x86_64-7.2.0-posix-seh-rt_v5-rev1/
     mingw64/bin/../lib/gcc/x86_64-w64-mingw32/7.2.0/ -D_MT -D_REENTRANT
     -U_REENTRANT -D IEEE -D DBLEPRECISION -m64 -mtune=core2 -march=nocona -mthreads
     -O2 -fimplicit-none -fbounds-check -funroll-loops -ftree-vectorize
     -ffpe-summary=invalid,zero,overflow,underflow -fno-unsafe-math-optimizations
     -frounding-math -fsignaling-nans -fopenmp.

   This problem will use 7 of 8 possible threads.


  INPUT --- proc title ;

   CPU Time for the last procedure was 0.01 seconds.     


  INPUT --- proc chmatrix occasions= 3 groups= 1 etype= Occupancy 
  INPUT --- Nodes= 101 icovar = 7 ICMeans  NoHist hist= 138 ;

  INPUT ---    time interval 1 1 1 ;

  INPUT ---     icovariates effort1 effort2 effort3 mxflow1 mxflow2  
  INPUT ---    mxflow3 pctex21 ;

  INPUT ---    glabel(1)=freq1;

      Number of unique encounter histories read was 138.

      Number of individual covariates read was 7.
      Time interval lengths are all equal to 1.

      Data type number is 27
      Data type is Occupancy Estimation with Detection < 1                                                             

   CPU Time for the last procedure was 0.01 seconds.     

  Program  MARK  - Survival Rate Estimation with Capture-Recapture Data
   gfortran(dble) Vers. 9.0 Mar 2018     3-Dec-2019 11:06:18    Page  002
 - - - - - - - - - - - - - - - - - - - - - - - - - - - - - - - - - - - - - -
 


  INPUT --- proc estimate link=Logit NOLOOP varest=2ndPart    ;


  INPUT --- model={ p(~effort + mxflow)Psi(~pctex21) };

  INPUT ---    group=1 p    rows=1 cols=3 Square ;
  INPUT ---        1 2 3 ;

  INPUT ---    group=1 Psi    rows=1 cols=1 Square ;
  INPUT ---        4 ;

  INPUT ---    design matrix constraints=4 covariates=5;
  INPUT ---        1 effort1 mxflow1 0 0;
  INPUT ---        1 effort2 mxflow2 0 0;
  INPUT ---        1 effort3 mxflow3 0 0;
  INPUT ---        0 0 0 1 pctex21;
  INPUT ---       blabel(1)=p:(Intercept);
  INPUT ---       blabel(2)=p:effort;
  INPUT ---       blabel(3)=p:mxflow;
  INPUT ---       blabel(4)=Psi:(Intercept);
  INPUT ---       blabel(5)=Psi:pctex21;
  INPUT ---       rlabel(1)=p g1 a0 t1;
  INPUT ---       rlabel(2)=p g1 a1 t2;
  INPUT ---       rlabel(3)=p g1 a2 t3;
  INPUT ---       rlabel(4)=Psi g1 a0 t1;

 Link Function Used is LOGIT        

 Variance Estimation Procedure Used is 2ndPart 
 -2logL(saturated) = 0.0000000     
 Effective Sample Size = 138

 Number of function evaluations was 32 for 5 parameters.
 Time for numerical optimization was 0.16 seconds.     
 -2logL { p(~effort + mxflow)Psi(~pctex21) } = 146.26524     
 Penalty { p(~effort + mxflow)Psi(~pctex21) } = 0.0000000     
 Gradient { p(~effort + mxflow)Psi(~pctex21) }:
 -0.1622302E-05 -0.2340543E-06 -0.3924658E-07 -0.2214232E-05 -0.1841961E-06
 Maximum ABS(G) { p(~effort + mxflow)Psi(~pctex21) } = 0.2214232E-05 
 S Vector { p(~effort + mxflow)Psi(~pctex21) }:
   14.28278      7.318163     0.9198028E-01 0.1979540E-01 0.1196946E-03
 Time to compute number of parameters was 0.01 seconds.     
 Ratio Threshold = 50.000000       Max Gap (4/5) = 165.38258       Next Max Gap (2/3) = 79.562309     
 Gap Method for Num. of Estimated Parameters { p(~effort + mxflow)Psi(~pctex21) } = 2          
 Threshold { p(~effort + mxflow)Psi(~pctex21) } = 0.4428464E-05                 
 Numerical Threshold Method for Num. of Estimated Parameters { p(~effort + mxflow)Psi(~pctex21) } = 5          
 Number of Estimated Parameters { p(~effort + mxflow)Psi(~pctex21) } = 5          

   * *  WARNING  * *   Number of parameters estimated from gap method (=2) and threshold method (=5) differ.  Inspect full output.                                                                                                                                                                                                                                                                                                                                                                                                                      

  Program  MARK  - Survival Rate Estimation with Capture-Recapture Data
   gfortran(dble) Vers. 9.0 Mar 2018     3-Dec-2019 11:06:19    Page  003
 - - - - - - - - - - - - - - - - - - - - - - - - - - - - - - - - - - - - - -
 
 Ratios of S Vector { p(~effort + mxflow)Psi(~pctex21) }:
   1/2    1.951689       2/3    79.56231       3/4    4.646548       4/5    165.3826    
 DEVIANCE { p(~effort + mxflow)Psi(~pctex21) } = 146.26524                     
 DEVIANCE Degrees of Freedom { p(~effort + mxflow)Psi(~pctex21) } = 133            
 c-hat { p(~effort + mxflow)Psi(~pctex21) } = 1.0997387                     
 AIC { p(~effort + mxflow)Psi(~pctex21) } = 156.26524                  
 AICc { p(~effort + mxflow)Psi(~pctex21) } = 156.71979                    
 BIC { p(~effort + mxflow)Psi(~pctex21) } = 170.90151                    
 Pearson Chisquare { p(~effort + mxflow)Psi(~pctex21) } = 679.10193                  


             LOGIT Link Function Parameters of { p(~effort + mxflow)Psi(~pctex21) }
                                                              95% Confidence Interval
 Parameter                    Beta         Standard Error      Lower           Upper
 -------------------------  --------------  --------------  --------------  --------------
    1:p:(Intercept)         -0.1757050       0.9886744      -2.1135068       1.7620969    
    2:p:effort               0.0017927       0.8234612E-03   0.1786864E-03   0.0034067    
    3:p:mxflow              -0.7211980       1.3848382      -3.4354810       1.9930850    
    4:Psi:(Intercept)       -0.7228081       0.3249554      -1.3597207      -0.0858956    
    5:Psi:pctex21           -0.6364532       0.2294411      -1.0861577      -0.1867487    


             Real Function Parameters of { p(~effort + mxflow)Psi(~pctex21) }

      Following estimates based on unstandardized individual covariate values:
          Variable   Value         
          ---------  ------------- 
          EFFORT1     906.23188    
          EFFORT2     834.18841    
          EFFORT3     818.18116    
          MXFLOW1     0.8952899    
          MXFLOW2     1.0911594    
          MXFLOW3     0.5689855    
          PCTEX21     4.8306834    
                                                               95% Confidence Interval
  Parameter                  Estimate       Standard Error      Lower           Upper
 --------------------------  --------------  --------------  --------------  --------------
     1:p g1 a0 t1             0.6906562       0.1243158       0.4164731       0.8747522                          
     2:p g1 a1 t2             0.6301308       0.1877963       0.2598939       0.8920714                          
     3:p g1 a2 t3             0.7069616       0.0764588       0.5392437       0.8325833                          
     4:Psi g1 a0 t1           0.0219389       0.0213089       0.0031926       0.1357686                          


                      Estimates of Derived Parameters
       Occupancy Estimates of { p(~effort + mxflow)Psi(~pctex21) }
                                            95% Confidence Interval
 Group   Psi-hat         Standard Error      Lower           Upper
 -----   --------------  --------------  --------------  --------------
   1      0.0219389       0.0213089       0.0031926       0.1357686    

 Attempted ordering of parameters by estimatibility:
  4 1 2 5 3
 Beta number 3 is a singular value.

   CPU Time for the last procedure was 0.16 seconds.     

  Program  MARK  - Survival Rate Estimation with Capture-Recapture Data
   gfortran(dble) Vers. 9.0 Mar 2018     3-Dec-2019 11:06:19    Page  004
 - - - - - - - - - - - - - - - - - - - - - - - - - - - - - - - - - - - - - -
 


  INPUT --- proc stop;

     CPU Time in minutes for this job was 0.00

     Time Start = 11:06:18.484   Time End = 11:06:19.805

     Wall Clock Time in minutes for this job was 0.02


          E X E C U T I O N   S U C C E S S F U L 
