
   Program  MARK  - Survival Rate Estimation with Capture-Recapture Data
   gfortran(dble) Vers. 9.0 Mar 2018     3-Dec-2019 11:09:39    Page  001
 - - - - - - - - - - - - - - - - - - - - - - - - - - - - - - - - - - - - - -
 
   This version was compiled by GCC version 7.2.0 using the options: 
     -cpp -iprefix C:/Program Files/mingw-w64/x86_64-7.2.0-posix-seh-rt_v5-rev1/
     mingw64/bin/../lib/gcc/x86_64-w64-mingw32/7.2.0/ -D_MT -D_REENTRANT
     -U_REENTRANT -D IEEE -D DBLEPRECISION -m64 -mtune=core2 -march=nocona -mthreads
     -O2 -fimplicit-none -fbounds-check -funroll-loops -ftree-vectorize
     -ffpe-summary=invalid,zero,overflow,underflow -fno-unsafe-math-optimizations
     -frounding-math -fsignaling-nans -fopenmp.

   This problem will use 7 of 8 possible threads.


  INPUT --- proc title ;

   CPU Time for the last procedure was 0.01 seconds.     


  INPUT --- proc chmatrix occasions= 3 groups= 1 etype= Occupancy 
  INPUT --- Nodes= 101 icovar = 2 ICMeans  NoHist hist= 138 ;

  INPUT ---    time interval 1 1 1 ;

  INPUT ---     icovariates effsec under ;

  INPUT ---    glabel(1)=freq1;

      Number of unique encounter histories read was 138.

      Number of individual covariates read was 2.
      Time interval lengths are all equal to 1.

      Data type number is 27
      Data type is Occupancy Estimation with Detection < 1                                                             

   CPU Time for the last procedure was 0.01 seconds.     

  Program  MARK  - Survival Rate Estimation with Capture-Recapture Data
   gfortran(dble) Vers. 9.0 Mar 2018     3-Dec-2019 11:09:39    Page  002
 - - - - - - - - - - - - - - - - - - - - - - - - - - - - - - - - - - - - - -
 


  INPUT --- proc estimate link=Logit NOLOOP varest=2ndPart    ;


  INPUT --- model={ p(~effsec)Psi(~under) };

  INPUT ---    group=1 p    rows=1 cols=3 Square ;
  INPUT ---        1 1 1 ;

  INPUT ---    group=1 Psi    rows=1 cols=1 Square ;
  INPUT ---        2 ;

  INPUT ---    design matrix constraints=2 covariates=4;
  INPUT ---        1 effsec 0 0;
  INPUT ---        0 0 1 under;
  INPUT ---       blabel(1)=p:(Intercept);
  INPUT ---       blabel(2)=p:effsec;
  INPUT ---       blabel(3)=Psi:(Intercept);
  INPUT ---       blabel(4)=Psi:under;
  INPUT ---       rlabel(1)=p g1 a0 t1;
  INPUT ---       rlabel(2)=Psi g1 a0 t1;

 Link Function Used is LOGIT        

 Variance Estimation Procedure Used is 2ndPart 
 -2logL(saturated) = 0.0000000     
 Effective Sample Size = 138

 Number of function evaluations was 14 for 4 parameters.
 Time for numerical optimization was 0.03 seconds.     
 -2logL { p(~effsec)Psi(~under) } = 168.53215     
 Penalty { p(~effsec)Psi(~under) } = 0.0000000     
 Gradient { p(~effsec)Psi(~under) }:
   0.000000       0.000000     -0.5922685E-06 -0.7036921E-06
 Maximum ABS(G) { p(~effsec)Psi(~under) } = 0.7036921E-06 
 S Vector { p(~effsec)Psi(~under) }:
   17.43745      8.914415     0.9651408     0.2041004    
 Time to compute number of parameters was 0.01 seconds.     
 Ratio Threshold = 50.000000       Max Gap (2/3) = 9.2363880       Next Max Gap (3/4) = 4.7287550     
 Gap Method for Num. of Estimated Parameters { p(~effsec)Psi(~under) } = 4          
 Threshold { p(~effsec)Psi(~under) } = 0.1407384E-05                 
 Numerical Threshold Method for Num. of Estimated Parameters { p(~effsec)Psi(~under) } = 4          
 Number of Estimated Parameters { p(~effsec)Psi(~under) } = 4          
 DEVIANCE { p(~effsec)Psi(~under) } = 168.53215                     
 DEVIANCE Degrees of Freedom { p(~effsec)Psi(~under) } = 134            
 c-hat { p(~effsec)Psi(~under) } = 1.2577026                     
 AIC { p(~effsec)Psi(~under) } = 176.53215                  
 AICc { p(~effsec)Psi(~under) } = 176.83291                    
 BIC { p(~effsec)Psi(~under) } = 188.24117                    
 Pearson Chisquare { p(~effsec)Psi(~under) } = 994.49729                  


                  LOGIT Link Function Parameters of { p(~effsec)Psi(~under) }
                                                              95% Confidence Interval
 Parameter                    Beta         Standard Error      Lower           Upper
 -------------------------  --------------  --------------  --------------  --------------
    1:p:(Intercept)         -0.1985207       0.6705909      -1.5128790       1.1158375    
    2:p:effsec               0.4273754E-03   0.2336638E-03  -0.3060572E-04   0.8853565E-03
    3:Psi:(Intercept)       -2.2204123       0.3792998      -2.9638399      -1.4769847    

  Program  MARK  - Survival Rate Estimation with Capture-Recapture Data
   gfortran(dble) Vers. 9.0 Mar 2018     3-Dec-2019 11:09:40    Page  003
 - - - - - - - - - - - - - - - - - - - - - - - - - - - - - - - - - - - - - -
 
    4:Psi:under              0.7077879       0.4038391      -0.0837369       1.4993126    


                  Real Function Parameters of { p(~effsec)Psi(~under) }

      Following estimates based on unstandardized individual covariate values:
          Variable   Value         
          ---------  ------------- 
          EFFSEC      2558.6014    
          UNDER       0.5466074    
                                                               95% Confidence Interval
  Parameter                  Estimate       Standard Error      Lower           Upper
 --------------------------  --------------  --------------  --------------  --------------
     1:p g1 a0 t1             0.7099132       0.0709265       0.5547594       0.8277844                          
     2:Psi g1 a0 t1           0.1378183       0.0312137       0.0871931       0.2110410                          


                      Estimates of Derived Parameters
             Occupancy Estimates of { p(~effsec)Psi(~under) }
                                            95% Confidence Interval
 Group   Psi-hat         Standard Error      Lower           Upper
 -----   --------------  --------------  --------------  --------------
   1      0.1378183       0.0312137       0.0871931       0.2110410    

   CPU Time for the last procedure was 0.03 seconds.     

  Program  MARK  - Survival Rate Estimation with Capture-Recapture Data
   gfortran(dble) Vers. 9.0 Mar 2018     3-Dec-2019 11:09:40    Page  004
 - - - - - - - - - - - - - - - - - - - - - - - - - - - - - - - - - - - - - -
 


  INPUT --- proc stop;

     CPU Time in minutes for this job was 0.00

     Time Start = 11:09:39.800   Time End = 11:09:40.524

     Wall Clock Time in minutes for this job was 0.01


          E X E C U T I O N   S U C C E S S F U L 
