
   Program  MARK  - Survival Rate Estimation with Capture-Recapture Data
   gfortran(dble) Vers. 9.0 Mar 2018     3-Dec-2019 10:56:09    Page  001
 - - - - - - - - - - - - - - - - - - - - - - - - - - - - - - - - - - - - - -
 
   This version was compiled by GCC version 7.2.0 using the options: 
     -cpp -iprefix C:/Program Files/mingw-w64/x86_64-7.2.0-posix-seh-rt_v5-rev1/
     mingw64/bin/../lib/gcc/x86_64-w64-mingw32/7.2.0/ -D_MT -D_REENTRANT
     -U_REENTRANT -D IEEE -D DBLEPRECISION -m64 -mtune=core2 -march=nocona -mthreads
     -O2 -fimplicit-none -fbounds-check -funroll-loops -ftree-vectorize
     -ffpe-summary=invalid,zero,overflow,underflow -fno-unsafe-math-optimizations
     -frounding-math -fsignaling-nans -fopenmp.

   This problem will use 7 of 8 possible threads.


  INPUT --- proc title ;

   CPU Time for the last procedure was 0.01 seconds.     


  INPUT --- proc chmatrix occasions= 3 groups= 1 etype= Occupancy 
  INPUT --- Nodes= 101 icovar = 7 ICMeans  NoHist hist= 138 ;

  INPUT ---    time interval 1 1 1 ;

  INPUT ---     icovariates effort1 effort2 effort3 lwd1 lwd2 lwd3 avdep  ;

  INPUT ---    glabel(1)=freq1;

      Number of unique encounter histories read was 138.

      Number of individual covariates read was 7.
      Time interval lengths are all equal to 1.

      Data type number is 27
      Data type is Occupancy Estimation with Detection < 1                                                             

   CPU Time for the last procedure was 0.01 seconds.     

  Program  MARK  - Survival Rate Estimation with Capture-Recapture Data
   gfortran(dble) Vers. 9.0 Mar 2018     3-Dec-2019 10:56:09    Page  002
 - - - - - - - - - - - - - - - - - - - - - - - - - - - - - - - - - - - - - -
 


  INPUT --- proc estimate link=Logit NOLOOP varest=2ndPart    ;


  INPUT --- model={ p(~effort + lwd)Psi(~avdep) };

  INPUT ---    group=1 p    rows=1 cols=3 Square ;
  INPUT ---        1 2 3 ;

  INPUT ---    group=1 Psi    rows=1 cols=1 Square ;
  INPUT ---        4 ;

  INPUT ---    design matrix constraints=4 covariates=5;
  INPUT ---        1 effort1 lwd1 0 0;
  INPUT ---        1 effort2 lwd2 0 0;
  INPUT ---        1 effort3 lwd3 0 0;
  INPUT ---        0 0 0 1 avdep;
  INPUT ---       blabel(1)=p:(Intercept);
  INPUT ---       blabel(2)=p:effort;
  INPUT ---       blabel(3)=p:lwd;
  INPUT ---       blabel(4)=Psi:(Intercept);
  INPUT ---       blabel(5)=Psi:avdep;
  INPUT ---       rlabel(1)=p g1 a0 t1;
  INPUT ---       rlabel(2)=p g1 a1 t2;
  INPUT ---       rlabel(3)=p g1 a2 t3;
  INPUT ---       rlabel(4)=Psi g1 a0 t1;

 Link Function Used is LOGIT        

 Variance Estimation Procedure Used is 2ndPart 
 -2logL(saturated) = 0.0000000     
 Effective Sample Size = 138

 Number of function evaluations was 23 for 5 parameters.
 Time for numerical optimization was 0.02 seconds.     
 -2logL { p(~effort + lwd)Psi(~avdep) } = 168.52733     
 Penalty { p(~effort + lwd)Psi(~avdep) } = 0.0000000     
 Gradient { p(~effort + lwd)Psi(~avdep) }:
  0.1201370E-05   0.000000       0.000000      0.6690518E-06   0.000000    
 Maximum ABS(G) { p(~effort + lwd)Psi(~avdep) } = 0.1201370E-05 
 S Vector { p(~effort + lwd)Psi(~avdep) }:
   17.52576      8.335511     0.1926428     0.1339565     0.1003546    
 Time to compute number of parameters was 0.01 seconds.     
 Ratio Threshold = 50.000000       Max Gap (2/3) = 43.269250       Next Max Gap (1/2) = 2.1025413     
 Gap Method for Num. of Estimated Parameters { p(~effort + lwd)Psi(~avdep) } = 5          
 Threshold { p(~effort + lwd)Psi(~avdep) } = 0.2402741E-05                 
 Numerical Threshold Method for Num. of Estimated Parameters { p(~effort + lwd)Psi(~avdep) } = 5          
 Number of Estimated Parameters { p(~effort + lwd)Psi(~avdep) } = 5          
 DEVIANCE { p(~effort + lwd)Psi(~avdep) } = 168.52733                     
 DEVIANCE Degrees of Freedom { p(~effort + lwd)Psi(~avdep) } = 133            
 c-hat { p(~effort + lwd)Psi(~avdep) } = 1.2671228                     
 AIC { p(~effort + lwd)Psi(~avdep) } = 178.52733                  
 AICc { p(~effort + lwd)Psi(~avdep) } = 178.98188                    
 BIC { p(~effort + lwd)Psi(~avdep) } = 193.16360                    
 Pearson Chisquare { p(~effort + lwd)Psi(~avdep) } = 855.20939                  

  Program  MARK  - Survival Rate Estimation with Capture-Recapture Data
   gfortran(dble) Vers. 9.0 Mar 2018     3-Dec-2019 10:56:09    Page  003
 - - - - - - - - - - - - - - - - - - - - - - - - - - - - - - - - - - - - - -
 


               LOGIT Link Function Parameters of { p(~effort + lwd)Psi(~avdep) }
                                                              95% Confidence Interval
 Parameter                    Beta         Standard Error      Lower           Upper
 -------------------------  --------------  --------------  --------------  --------------
    1:p:(Intercept)         -0.5876441       0.7055958      -1.9706119       0.7953238    
    2:p:effort               0.0016180       0.7747888E-03   0.9945975E-04   0.0031366    
    3:p:lwd                  1.0753499       1.3003473      -1.4733309       3.6240307    
    4:Psi:(Intercept)       -1.8508236       0.7354177      -3.2922423      -0.4094050    
    5:Psi:avdep              0.2877684       2.6520632      -4.9102756       5.4858124    


               Real Function Parameters of { p(~effort + lwd)Psi(~avdep) }

      Following estimates based on unstandardized individual covariate values:
          Variable   Value         
          ---------  ------------- 
          EFFORT1     906.23188    
          EFFORT2     834.18841    
          EFFORT3     818.18116    
          LWD1        0.2346014    
          LWD2        0.2355072    
          LWD3        0.2114389    
          AVDEP       0.2562426    
                                                               95% Confidence Interval
  Parameter                  Estimate       Standard Error      Lower           Upper
 --------------------------  --------------  --------------  --------------  --------------
     1:p g1 a0 t1             0.7560159       0.0716079       0.5914747       0.8689667                          
     2:p g1 a1 t2             0.7340685       0.0725166       0.5713278       0.8511256                          
     3:p g1 a2 t3             0.7238383       0.0724896       0.5628692       0.8421547                          
     4:Psi g1 a0 t1           0.1446634       0.0312431       0.0934702       0.2171779                          


                      Estimates of Derived Parameters
          Occupancy Estimates of { p(~effort + lwd)Psi(~avdep) }
                                            95% Confidence Interval
 Group   Psi-hat         Standard Error      Lower           Upper
 -----   --------------  --------------  --------------  --------------
   1      0.1446634       0.0312431       0.0934702       0.2171779    

   CPU Time for the last procedure was 0.02 seconds.     

  Program  MARK  - Survival Rate Estimation with Capture-Recapture Data
   gfortran(dble) Vers. 9.0 Mar 2018     3-Dec-2019 10:56:09    Page  004
 - - - - - - - - - - - - - - - - - - - - - - - - - - - - - - - - - - - - - -
 


  INPUT --- proc stop;

     CPU Time in minutes for this job was 0.00

     Time Start = 10:56:09.211   Time End = 10:56:09.315

     Wall Clock Time in minutes for this job was 0.00


          E X E C U T I O N   S U C C E S S F U L 
