
   Program  MARK  - Survival Rate Estimation with Capture-Recapture Data
   gfortran(dble) Vers. 9.0 Mar 2018     3-Dec-2019 11:04:26    Page  001
 - - - - - - - - - - - - - - - - - - - - - - - - - - - - - - - - - - - - - -
 
   This version was compiled by GCC version 7.2.0 using the options: 
     -cpp -iprefix C:/Program Files/mingw-w64/x86_64-7.2.0-posix-seh-rt_v5-rev1/
     mingw64/bin/../lib/gcc/x86_64-w64-mingw32/7.2.0/ -D_MT -D_REENTRANT
     -U_REENTRANT -D IEEE -D DBLEPRECISION -m64 -mtune=core2 -march=nocona -mthreads
     -O2 -fimplicit-none -fbounds-check -funroll-loops -ftree-vectorize
     -ffpe-summary=invalid,zero,overflow,underflow -fno-unsafe-math-optimizations
     -frounding-math -fsignaling-nans -fopenmp.

   This problem will use 7 of 8 possible threads.


  INPUT --- proc title ;

   CPU Time for the last procedure was 0.02 seconds.     


  INPUT --- proc chmatrix occasions= 3 groups= 1 etype= Occupancy 
  INPUT --- Nodes= 101 icovar = 8 ICMeans  NoHist hist= 138 ;

  INPUT ---    time interval 1 1 1 ;

  INPUT ---     icovariates effort1 effort2 effort3 undr1 undr2 undr3  
  INPUT ---    pctex21 pctslow ;

  INPUT ---    glabel(1)=freq1;

      Number of unique encounter histories read was 138.

      Number of individual covariates read was 8.
      Time interval lengths are all equal to 1.

      Data type number is 27
      Data type is Occupancy Estimation with Detection < 1                                                             

   CPU Time for the last procedure was 0.01 seconds.     

  Program  MARK  - Survival Rate Estimation with Capture-Recapture Data
   gfortran(dble) Vers. 9.0 Mar 2018     3-Dec-2019 11:04:26    Page  002
 - - - - - - - - - - - - - - - - - - - - - - - - - - - - - - - - - - - - - -
 


  INPUT --- proc estimate link=Logit NOLOOP varest=2ndPart    ;


  INPUT --- model={ p(~effort + undr)Psi(~pctex21 + pctslow) };

  INPUT ---    group=1 p    rows=1 cols=3 Square ;
  INPUT ---        1 2 3 ;

  INPUT ---    group=1 Psi    rows=1 cols=1 Square ;
  INPUT ---        4 ;

  INPUT ---    design matrix constraints=4 covariates=6;
  INPUT ---        1 effort1 undr1 0 0 0;
  INPUT ---        1 effort2 undr2 0 0 0;
  INPUT ---        1 effort3 undr3 0 0 0;
  INPUT ---        0 0 0 1 pctex21 pctslow;
  INPUT ---       blabel(1)=p:(Intercept);
  INPUT ---       blabel(2)=p:effort;
  INPUT ---       blabel(3)=p:undr;
  INPUT ---       blabel(4)=Psi:(Intercept);
  INPUT ---       blabel(5)=Psi:pctex21;
  INPUT ---       blabel(6)=Psi:pctslow;
  INPUT ---       rlabel(1)=p g1 a0 t1;
  INPUT ---       rlabel(2)=p g1 a1 t2;
  INPUT ---       rlabel(3)=p g1 a2 t3;
  INPUT ---       rlabel(4)=Psi g1 a0 t1;

 Link Function Used is LOGIT        

 Variance Estimation Procedure Used is 2ndPart 
 -2logL(saturated) = 0.0000000     
 Effective Sample Size = 138

 Number of function evaluations was 24 for 6 parameters.
 Time for numerical optimization was 0.08 seconds.     
 -2logL { p(~effort + undr)Psi(~pctex21 + pctslow) } = 144.93246     
 Penalty { p(~effort + undr)Psi(~pctex21 + pctslow) } = 0.0000000     
 Gradient { p(~effort + undr)Psi(~pctex21 + pctslow) }:
 -0.1111931E-05 -0.5137317E-06 -0.7720185E-06 -0.1792546E-05   0.000000    
  0.8987570E-06
 Maximum ABS(G) { p(~effort + undr)Psi(~pctex21 + pctslow) } = 0.1792546E-05 
 S Vector { p(~effort + undr)Psi(~pctex21 + pctslow) }:
   15.88245      7.764943     0.6964862     0.3012017     0.9699975E-01
  0.1939887E-01
 Time to compute number of parameters was 0.01 seconds.     
 Ratio Threshold = 50.000000       Max Gap (2/3) = 11.148739       Next Max Gap (5/6) = 5.0002791     
 Gap Method for Num. of Estimated Parameters { p(~effort + undr)Psi(~pctex21 + pctslow) } = 6          
 Threshold { p(~effort + undr)Psi(~pctex21 + pctslow) } = 0.3585091E-05                 
 Numerical Threshold Method for Num. of Estimated Parameters { p(~effort + undr)Psi(~pctex21 + pctslow) } = 6          
 Number of Estimated Parameters { p(~effort + undr)Psi(~pctex21 + pctslow) } = 6          
 DEVIANCE { p(~effort + undr)Psi(~pctex21 + pctslow) } = 144.93246                     
 DEVIANCE Degrees of Freedom { p(~effort + undr)Psi(~pctex21 + pctslow) } = 132            
 c-hat { p(~effort + undr)Psi(~pctex21 + pctslow) } = 1.0979732                     
 AIC { p(~effort + undr)Psi(~pctex21 + pctslow) } = 156.93246                  
 AICc { p(~effort + undr)Psi(~pctex21 + pctslow) } = 157.57368                    
 BIC { p(~effort + undr)Psi(~pctex21 + pctslow) } = 174.49598                    
 Pearson Chisquare { p(~effort + undr)Psi(~pctex21 + pctslow) } = 572.90535                  

  Program  MARK  - Survival Rate Estimation with Capture-Recapture Data
   gfortran(dble) Vers. 9.0 Mar 2018     3-Dec-2019 11:04:28    Page  003
 - - - - - - - - - - - - - - - - - - - - - - - - - - - - - - - - - - - - - -
 


         LOGIT Link Function Parameters of { p(~effort + undr)Psi(~pctex21 + pctslow) }
                                                              95% Confidence Interval
 Parameter                    Beta         Standard Error      Lower           Upper
 -------------------------  --------------  --------------  --------------  --------------
    1:p:(Intercept)         -0.7153482       0.7513427      -2.1879799       0.7572835    
    2:p:effort               0.0016112       0.7919123E-03   0.5905171E-04   0.0031633    
    3:p:undr                 0.4201713       0.5123834      -0.5841003       1.4244429    
    4:Psi:(Intercept)       -1.1280892       0.5193535      -2.1460221      -0.1101564    
    5:Psi:pctex21           -0.6356971       0.2317767      -1.0899793      -0.1814148    
    6:Psi:pctslow            0.0141752       0.0141885      -0.0136342       0.0419847    


         Real Function Parameters of { p(~effort + undr)Psi(~pctex21 + pctslow) }

      Following estimates based on unstandardized individual covariate values:
          Variable   Value         
          ---------  ------------- 
          EFFORT1     906.23188    
          EFFORT2     834.18841    
          EFFORT3     818.18116    
          UNDR1       0.5869565    
          UNDR2       0.5483092    
          UNDR3       0.5042271    
          PCTEX21     4.8306834    
          PCTSLOW     25.664251    
                                                               95% Confidence Interval
  Parameter                  Estimate       Standard Error      Lower           Upper
 --------------------------  --------------  --------------  --------------  --------------
     1:p g1 a0 t1             0.7293633       0.0765971       0.5574518       0.8522002                          
     2:p g1 a1 t2             0.7024684       0.0783751       0.5309858       0.8311862                          
     3:p g1 a2 t3             0.6931244       0.0801228       0.5191051       0.8253576                          
     4:Psi g1 a0 t1           0.0211416       0.0208804       0.0029803       0.1349893                          


                      Estimates of Derived Parameters
   Occupancy Estimates of { p(~effort + undr)Psi(~pctex21 + pctslow) }
                                            95% Confidence Interval
 Group   Psi-hat         Standard Error      Lower           Upper
 -----   --------------  --------------  --------------  --------------
   1      0.0211416       0.0208804       0.0029803       0.1349893    

   CPU Time for the last procedure was 0.09 seconds.     

  Program  MARK  - Survival Rate Estimation with Capture-Recapture Data
   gfortran(dble) Vers. 9.0 Mar 2018     3-Dec-2019 11:04:28    Page  004
 - - - - - - - - - - - - - - - - - - - - - - - - - - - - - - - - - - - - - -
 


  INPUT --- proc stop;

     CPU Time in minutes for this job was 0.00

     Time Start = 11:04:26.964   Time End = 11:04:28.637

     Wall Clock Time in minutes for this job was 0.03


          E X E C U T I O N   S U C C E S S F U L 
