
   Program  MARK  - Survival Rate Estimation with Capture-Recapture Data
   gfortran(dble) Vers. 9.0 Mar 2018     3-Dec-2019 12:24:38    Page  001
 - - - - - - - - - - - - - - - - - - - - - - - - - - - - - - - - - - - - - -
 
   This version was compiled by GCC version 7.2.0 using the options: 
     -cpp -iprefix C:/Program Files/mingw-w64/x86_64-7.2.0-posix-seh-rt_v5-rev1/
     mingw64/bin/../lib/gcc/x86_64-w64-mingw32/7.2.0/ -D_MT -D_REENTRANT
     -U_REENTRANT -D IEEE -D DBLEPRECISION -m64 -mtune=core2 -march=nocona -mthreads
     -O2 -fimplicit-none -fbounds-check -funroll-loops -ftree-vectorize
     -ffpe-summary=invalid,zero,overflow,underflow -fno-unsafe-math-optimizations
     -frounding-math -fsignaling-nans -fopenmp.

   This problem will use 7 of 8 possible threads.


  INPUT --- proc title ;

   CPU Time for the last procedure was 0.01 seconds.     


  INPUT --- proc chmatrix occasions= 3 groups= 1 etype= Occupancy 
  INPUT --- Nodes= 101 icovar = 3 ICMeans  NoHist hist= 138 ;

  INPUT ---    time interval 1 1 1 ;

  INPUT ---     icovariates effsec pctex21 Sinuosity ;

  INPUT ---    glabel(1)=freq1;

      Number of unique encounter histories read was 138.

      Number of individual covariates read was 3.
      Time interval lengths are all equal to 1.

      Data type number is 27
      Data type is Occupancy Estimation with Detection < 1                                                             

   CPU Time for the last procedure was 0.02 seconds.     

  Program  MARK  - Survival Rate Estimation with Capture-Recapture Data
   gfortran(dble) Vers. 9.0 Mar 2018     3-Dec-2019 12:24:38    Page  002
 - - - - - - - - - - - - - - - - - - - - - - - - - - - - - - - - - - - - - -
 


  INPUT --- proc estimate link=Logit NOLOOP varest=2ndPart    ;


  INPUT --- model={ p(~effsec)Psi(~pctex21 + Sinuosity) };

  INPUT ---    group=1 p    rows=1 cols=3 Square ;
  INPUT ---        1 1 1 ;

  INPUT ---    group=1 Psi    rows=1 cols=1 Square ;
  INPUT ---        2 ;

  INPUT ---    design matrix constraints=2 covariates=5;
  INPUT ---        1 effsec 0 0 0;
  INPUT ---        0 0 1 pctex21 Sinuosity;
  INPUT ---       blabel(1)=p:(Intercept);
  INPUT ---       blabel(2)=p:effsec;
  INPUT ---       blabel(3)=Psi:(Intercept);
  INPUT ---       blabel(4)=Psi:pctex21;
  INPUT ---       blabel(5)=Psi:Sinuosity;
  INPUT ---       rlabel(1)=p g1 a0 t1;
  INPUT ---       rlabel(2)=Psi g1 a0 t1;

 Link Function Used is LOGIT        

 Variance Estimation Procedure Used is 2ndPart 
 -2logL(saturated) = 0.0000000     
 Effective Sample Size = 138

 Number of function evaluations was 23 for 5 parameters.
 Time for numerical optimization was 0.01 seconds.     
 -2logL { p(~effsec)Psi(~pctex21 + Sinuosity) } = 148.82901     
 Penalty { p(~effsec)Psi(~pctex21 + Sinuosity) } = 0.0000000     
 Gradient { p(~effsec)Psi(~pctex21 + Sinuosity) }:
   0.000000      0.3630900E-06  0.8770499E-06 -0.9302963E-07   0.000000    
 Maximum ABS(G) { p(~effsec)Psi(~pctex21 + Sinuosity) } = 0.8770499E-06 
 S Vector { p(~effsec)Psi(~pctex21 + Sinuosity) }:
   18.25782      8.254574     0.1836611     0.5267285E-01 0.2003448E-01
 Time to compute number of parameters was 0.01 seconds.     
 Ratio Threshold = 50.000000       Max Gap (2/3) = 44.944606       Next Max Gap (3/4) = 3.4868257     
 Gap Method for Num. of Estimated Parameters { p(~effsec)Psi(~pctex21 + Sinuosity) } = 5          
 Threshold { p(~effsec)Psi(~pctex21 + Sinuosity) } = 0.1754100E-05                 
 Numerical Threshold Method for Num. of Estimated Parameters { p(~effsec)Psi(~pctex21 + Sinuosity) } = 5          
 Number of Estimated Parameters { p(~effsec)Psi(~pctex21 + Sinuosity) } = 5          
 DEVIANCE { p(~effsec)Psi(~pctex21 + Sinuosity) } = 148.82901                     
 DEVIANCE Degrees of Freedom { p(~effsec)Psi(~pctex21 + Sinuosity) } = 133            
 c-hat { p(~effsec)Psi(~pctex21 + Sinuosity) } = 1.1190151                     
 AIC { p(~effsec)Psi(~pctex21 + Sinuosity) } = 158.82901                  
 AICc { p(~effsec)Psi(~pctex21 + Sinuosity) } = 159.28356                    
 BIC { p(~effsec)Psi(~pctex21 + Sinuosity) } = 173.46528                    
 Pearson Chisquare { p(~effsec)Psi(~pctex21 + Sinuosity) } = 736.78506                  


           LOGIT Link Function Parameters of { p(~effsec)Psi(~pctex21 + Sinuosity) }
                                                              95% Confidence Interval
 Parameter                    Beta         Standard Error      Lower           Upper
 -------------------------  --------------  --------------  --------------  --------------

  Program  MARK  - Survival Rate Estimation with Capture-Recapture Data
   gfortran(dble) Vers. 9.0 Mar 2018     3-Dec-2019 12:24:39    Page  003
 - - - - - - - - - - - - - - - - - - - - - - - - - - - - - - - - - - - - - -
 
    1:p:(Intercept)         -0.3391036       0.7249202      -1.7599472       1.0817400    
    2:p:effsec               0.4654303E-03   0.2462769E-03  -0.1727244E-04   0.9481330E-03
    3:Psi:(Intercept)       -1.1747321       2.1281081      -5.3458240       2.9963599    
    4:Psi:pctex21           -0.6297565       0.2280522      -1.0767387      -0.1827742    
    5:Psi:Sinuosity          0.3505297       1.7070853      -2.9953576       3.6964170    


           Real Function Parameters of { p(~effsec)Psi(~pctex21 + Sinuosity) }

      Following estimates based on unstandardized individual covariate values:
          Variable   Value         
          ---------  ------------- 
          EFFSEC      2558.6014    
          PCTEX21     4.8306834    
          SINUOSITY   1.2535645    
                                                               95% Confidence Interval
  Parameter                  Estimate       Standard Error      Lower           Upper
 --------------------------  --------------  --------------  --------------  --------------
     1:p g1 a0 t1             0.7009335       0.0745770       0.5385364       0.8247753                          
     2:Psi g1 a0 t1           0.0223686       0.0216435       0.0032777       0.1373335                          


                      Estimates of Derived Parameters
      Occupancy Estimates of { p(~effsec)Psi(~pctex21 + Sinuosity) }
                                            95% Confidence Interval
 Group   Psi-hat         Standard Error      Lower           Upper
 -----   --------------  --------------  --------------  --------------
   1      0.0223686       0.0216435       0.0032777       0.1373335    

   CPU Time for the last procedure was 0.01 seconds.     

  Program  MARK  - Survival Rate Estimation with Capture-Recapture Data
   gfortran(dble) Vers. 9.0 Mar 2018     3-Dec-2019 12:24:39    Page  004
 - - - - - - - - - - - - - - - - - - - - - - - - - - - - - - - - - - - - - -
 


  INPUT --- proc stop;

     CPU Time in minutes for this job was 0.00

     Time Start = 12:24:38.202   Time End = 12:24:39.561

     Wall Clock Time in minutes for this job was 0.02


          E X E C U T I O N   S U C C E S S F U L 
