
   Program  MARK  - Survival Rate Estimation with Capture-Recapture Data
   gfortran(dble) Vers. 9.0 Mar 2018     3-Dec-2019 10:58:10    Page  001
 - - - - - - - - - - - - - - - - - - - - - - - - - - - - - - - - - - - - - -
 
   This version was compiled by GCC version 7.2.0 using the options: 
     -cpp -iprefix C:/Program Files/mingw-w64/x86_64-7.2.0-posix-seh-rt_v5-rev1/
     mingw64/bin/../lib/gcc/x86_64-w64-mingw32/7.2.0/ -D_MT -D_REENTRANT
     -U_REENTRANT -D IEEE -D DBLEPRECISION -m64 -mtune=core2 -march=nocona -mthreads
     -O2 -fimplicit-none -fbounds-check -funroll-loops -ftree-vectorize
     -ffpe-summary=invalid,zero,overflow,underflow -fno-unsafe-math-optimizations
     -frounding-math -fsignaling-nans -fopenmp.

   This problem will use 7 of 8 possible threads.


  INPUT --- proc title ;

   CPU Time for the last procedure was 0.01 seconds.     


  INPUT --- proc chmatrix occasions= 3 groups= 1 etype= Occupancy 
  INPUT --- Nodes= 101 icovar = 7 ICMeans  NoHist hist= 138 ;

  INPUT ---    time interval 1 1 1 ;

  INPUT ---     icovariates effort1 effort2 effort3 lwd1 lwd2 lwd3 LWD ;

  INPUT ---    glabel(1)=freq1;

      Number of unique encounter histories read was 138.

      Number of individual covariates read was 7.
      Time interval lengths are all equal to 1.

      Data type number is 27
      Data type is Occupancy Estimation with Detection < 1                                                             

   CPU Time for the last procedure was 0.01 seconds.     

  Program  MARK  - Survival Rate Estimation with Capture-Recapture Data
   gfortran(dble) Vers. 9.0 Mar 2018     3-Dec-2019 10:58:10    Page  002
 - - - - - - - - - - - - - - - - - - - - - - - - - - - - - - - - - - - - - -
 


  INPUT --- proc estimate link=Logit NOLOOP varest=2ndPart    ;


  INPUT --- model={ p(~effort + lwd)Psi(~LWD) };

  INPUT ---    group=1 p    rows=1 cols=3 Square ;
  INPUT ---        1 2 3 ;

  INPUT ---    group=1 Psi    rows=1 cols=1 Square ;
  INPUT ---        4 ;

  INPUT ---    design matrix constraints=4 covariates=5;
  INPUT ---        1 effort1 lwd1 0 0;
  INPUT ---        1 effort2 lwd2 0 0;
  INPUT ---        1 effort3 lwd3 0 0;
  INPUT ---        0 0 0 1 LWD;
  INPUT ---       blabel(1)=p:(Intercept);
  INPUT ---       blabel(2)=p:effort;
  INPUT ---       blabel(3)=p:lwd;
  INPUT ---       blabel(4)=Psi:(Intercept);
  INPUT ---       blabel(5)=Psi:LWD;
  INPUT ---       rlabel(1)=p g1 a0 t1;
  INPUT ---       rlabel(2)=p g1 a1 t2;
  INPUT ---       rlabel(3)=p g1 a2 t3;
  INPUT ---       rlabel(4)=Psi g1 a0 t1;

 Link Function Used is LOGIT        

 Variance Estimation Procedure Used is 2ndPart 
 -2logL(saturated) = 0.0000000     
 Effective Sample Size = 138

 Number of function evaluations was 20 for 5 parameters.
 Time for numerical optimization was 0.01 seconds.     
 -2logL { p(~effort + lwd)Psi(~LWD) } = 167.76329     
 Penalty { p(~effort + lwd)Psi(~LWD) } = 0.0000000     
 Gradient { p(~effort + lwd)Psi(~LWD) }:
   0.000000       0.000000     -0.1246708E-05  0.3737356E-05  0.9414662E-06
 Maximum ABS(G) { p(~effort + lwd)Psi(~LWD) } = 0.3737356E-05 
 S Vector { p(~effort + lwd)Psi(~LWD) }:
   17.03432      8.092211     0.6631364     0.1908921     0.9868057E-01
 Time to compute number of parameters was 0.01 seconds.     
 Ratio Threshold = 50.000000       Max Gap (2/3) = 12.202936       Next Max Gap (3/4) = 3.4738802     
 Gap Method for Num. of Estimated Parameters { p(~effort + lwd)Psi(~LWD) } = 5          
 Threshold { p(~effort + lwd)Psi(~LWD) } = 0.7474713E-05                 
 Numerical Threshold Method for Num. of Estimated Parameters { p(~effort + lwd)Psi(~LWD) } = 5          
 Number of Estimated Parameters { p(~effort + lwd)Psi(~LWD) } = 5          
 DEVIANCE { p(~effort + lwd)Psi(~LWD) } = 167.76329                     
 DEVIANCE Degrees of Freedom { p(~effort + lwd)Psi(~LWD) } = 133            
 c-hat { p(~effort + lwd)Psi(~LWD) } = 1.2613781                     
 AIC { p(~effort + lwd)Psi(~LWD) } = 177.76329                  
 AICc { p(~effort + lwd)Psi(~LWD) } = 178.21784                    
 BIC { p(~effort + lwd)Psi(~LWD) } = 192.39956                    
 Pearson Chisquare { p(~effort + lwd)Psi(~LWD) } = 846.07277                  

  Program  MARK  - Survival Rate Estimation with Capture-Recapture Data
   gfortran(dble) Vers. 9.0 Mar 2018     3-Dec-2019 10:58:11    Page  003
 - - - - - - - - - - - - - - - - - - - - - - - - - - - - - - - - - - - - - -
 


                LOGIT Link Function Parameters of { p(~effort + lwd)Psi(~LWD) }
                                                              95% Confidence Interval
 Parameter                    Beta         Standard Error      Lower           Upper
 -------------------------  --------------  --------------  --------------  --------------
    1:p:(Intercept)         -0.6507866       0.7256858      -2.0731307       0.7715575    
    2:p:effort               0.0016505       0.7811685E-03   0.1193995E-03   0.0031816    
    3:p:lwd                  1.1770376       1.3079287      -1.3865027       3.7405780    
    4:Psi:(Intercept)       -1.5517351       0.3533479      -2.2442969      -0.8591732    
    5:Psi:LWD               -1.0259343       1.2112037      -3.3998937       1.3480251    


                Real Function Parameters of { p(~effort + lwd)Psi(~LWD) }

      Following estimates based on unstandardized individual covariate values:
          Variable   Value         
          ---------  ------------- 
          EFFORT1     906.23188    
          EFFORT2     834.18841    
          EFFORT3     818.18116    
          LWD1        0.2346014    
          LWD2        0.2355072    
          LWD3        0.2114389    
          LWD         0.2273503    
                                                               95% Confidence Interval
  Parameter                  Estimate       Standard Error      Lower           Upper
 --------------------------  --------------  --------------  --------------  --------------
     1:p g1 a0 t1             0.7541880       0.0722640       0.5883312       0.8681934                          
     2:p g1 a1 t2             0.7316939       0.0732854       0.5674775       0.8500382                          
     3:p g1 a2 t3             0.7208103       0.0735415       0.5577977       0.8408733                          
     4:Psi g1 a0 t1           0.1436891       0.0315656       0.0921381       0.2171829                          


                      Estimates of Derived Parameters
           Occupancy Estimates of { p(~effort + lwd)Psi(~LWD) }
                                            95% Confidence Interval
 Group   Psi-hat         Standard Error      Lower           Upper
 -----   --------------  --------------  --------------  --------------
   1      0.1436891       0.0315656       0.0921381       0.2171829    

   CPU Time for the last procedure was 0.02 seconds.     

  Program  MARK  - Survival Rate Estimation with Capture-Recapture Data
   gfortran(dble) Vers. 9.0 Mar 2018     3-Dec-2019 10:58:11    Page  004
 - - - - - - - - - - - - - - - - - - - - - - - - - - - - - - - - - - - - - -
 


  INPUT --- proc stop;

     CPU Time in minutes for this job was 0.00

     Time Start = 10:58:10.968   Time End = 10:58:11.722

     Wall Clock Time in minutes for this job was 0.01


          E X E C U T I O N   S U C C E S S F U L 
