
   Program  MARK  - Survival Rate Estimation with Capture-Recapture Data
   gfortran(dble) Vers. 9.0 Mar 2018     3-Dec-2019 11:10:20    Page  001
 - - - - - - - - - - - - - - - - - - - - - - - - - - - - - - - - - - - - - -
 
   This version was compiled by GCC version 7.2.0 using the options: 
     -cpp -iprefix C:/Program Files/mingw-w64/x86_64-7.2.0-posix-seh-rt_v5-rev1/
     mingw64/bin/../lib/gcc/x86_64-w64-mingw32/7.2.0/ -D_MT -D_REENTRANT
     -U_REENTRANT -D IEEE -D DBLEPRECISION -m64 -mtune=core2 -march=nocona -mthreads
     -O2 -fimplicit-none -fbounds-check -funroll-loops -ftree-vectorize
     -ffpe-summary=invalid,zero,overflow,underflow -fno-unsafe-math-optimizations
     -frounding-math -fsignaling-nans -fopenmp.

   This problem will use 7 of 8 possible threads.


  INPUT --- proc title ;

   CPU Time for the last procedure was 0.01 seconds.     


  INPUT --- proc chmatrix occasions= 3 groups= 1 etype= Occupancy 
  INPUT --- Nodes= 101 icovar = 2 ICMeans  NoHist hist= 103 ;

  INPUT ---    time interval 1 1 1 ;

  INPUT ---     icovariates LWD pctVertbnk ;

  INPUT ---    glabel(1)=freq1;

      Number of unique encounter histories read was 103.

      Number of individual covariates read was 2.
      Time interval lengths are all equal to 1.

      Data type number is 27
      Data type is Occupancy Estimation with Detection < 1                                                             

   CPU Time for the last procedure was 0.01 seconds.     

  Program  MARK  - Survival Rate Estimation with Capture-Recapture Data
   gfortran(dble) Vers. 9.0 Mar 2018     3-Dec-2019 11:10:20    Page  002
 - - - - - - - - - - - - - - - - - - - - - - - - - - - - - - - - - - - - - -
 


  INPUT --- proc estimate link=Logit NOLOOP varest=2ndPart    ;


  INPUT --- model={ p(~LWD)Psi(~pctVertbnk) };

  INPUT ---    group=1 p    rows=1 cols=3 Square ;
  INPUT ---        1 1 1 ;

  INPUT ---    group=1 Psi    rows=1 cols=1 Square ;
  INPUT ---        2 ;

  INPUT ---    design matrix constraints=2 covariates=4;
  INPUT ---        1 LWD 0 0;
  INPUT ---        0 0 1 pctVertbnk;
  INPUT ---       blabel(1)=p:(Intercept);
  INPUT ---       blabel(2)=p:LWD;
  INPUT ---       blabel(3)=Psi:(Intercept);
  INPUT ---       blabel(4)=Psi:pctVertbnk;
  INPUT ---       rlabel(1)=p g1 a0 t1;
  INPUT ---       rlabel(2)=Psi g1 a0 t1;

 Link Function Used is LOGIT        

 Variance Estimation Procedure Used is 2ndPart 
 -2logL(saturated) = 0.0000000     
 Effective Sample Size = 138

 Number of function evaluations was 15 for 4 parameters.
 Time for numerical optimization was 0.02 seconds.     
 -2logL { p(~LWD)Psi(~pctVertbnk) } = 175.33940     
 Penalty { p(~LWD)Psi(~pctVertbnk) } = 0.0000000     
 Gradient { p(~LWD)Psi(~pctVertbnk) }:
  0.2078866E-05  0.1175615E-05  0.1398280E-05  0.1421692E-05
 Maximum ABS(G) { p(~LWD)Psi(~pctVertbnk) } = 0.2078866E-05 
 S Vector { p(~LWD)Psi(~pctVertbnk) }:
   17.30460      9.986238     0.6765477     0.2907186    
 Time to compute number of parameters was 0.01 seconds.     
 Ratio Threshold = 50.000000       Max Gap (2/3) = 14.760582       Next Max Gap (3/4) = 2.3271562     
 Gap Method for Num. of Estimated Parameters { p(~LWD)Psi(~pctVertbnk) } = 4          
 Threshold { p(~LWD)Psi(~pctVertbnk) } = 0.4157731E-05                 
 Numerical Threshold Method for Num. of Estimated Parameters { p(~LWD)Psi(~pctVertbnk) } = 4          
 Number of Estimated Parameters { p(~LWD)Psi(~pctVertbnk) } = 4          
 DEVIANCE { p(~LWD)Psi(~pctVertbnk) } = 175.33940                     
 DEVIANCE Degrees of Freedom { p(~LWD)Psi(~pctVertbnk) } = 134            
 c-hat { p(~LWD)Psi(~pctVertbnk) } = 1.3085030                     
 AIC { p(~LWD)Psi(~pctVertbnk) } = 183.33940                  
 AICc { p(~LWD)Psi(~pctVertbnk) } = 183.64015                    
 BIC { p(~LWD)Psi(~pctVertbnk) } = 195.04842                    
 Pearson Chisquare { p(~LWD)Psi(~pctVertbnk) } = 1078.0852                  


                 LOGIT Link Function Parameters of { p(~LWD)Psi(~pctVertbnk) }
                                                              95% Confidence Interval
 Parameter                    Beta         Standard Error      Lower           Upper
 -------------------------  --------------  --------------  --------------  --------------
    1:p:(Intercept)          0.8349899       0.4597561      -0.0661321       1.7361120    
    2:p:LWD                  0.6224260       1.8242356      -2.9530759       4.1979279    
    3:Psi:(Intercept)       -1.7281348       0.3716933      -2.4566536      -0.9996160    

  Program  MARK  - Survival Rate Estimation with Capture-Recapture Data
   gfortran(dble) Vers. 9.0 Mar 2018     3-Dec-2019 11:10:20    Page  003
 - - - - - - - - - - - - - - - - - - - - - - - - - - - - - - - - - - - - - -
 
    4:Psi:pctVertbnk        -0.0054657       0.0189207      -0.0425502       0.0316188    


                 Real Function Parameters of { p(~LWD)Psi(~pctVertbnk) }

      Following estimates based on unstandardized individual covariate values:
          Variable   Value         
          ---------  ------------- 
          LWD         0.2273503    
          PCTVERTBNK  15.307971    
                                                               95% Confidence Interval
  Parameter                  Estimate       Standard Error      Lower           Upper
 --------------------------  --------------  --------------  --------------  --------------
     1:p g1 a0 t1             0.7264129       0.0659352       0.5808412       0.8357266                          
     2:Psi g1 a0 t1           0.1404203       0.0300489       0.0911440       0.2101768                          


                      Estimates of Derived Parameters
            Occupancy Estimates of { p(~LWD)Psi(~pctVertbnk) }
                                            95% Confidence Interval
 Group   Psi-hat         Standard Error      Lower           Upper
 -----   --------------  --------------  --------------  --------------
   1      0.1404203       0.0300489       0.0911440       0.2101768    

   CPU Time for the last procedure was 0.02 seconds.     

  Program  MARK  - Survival Rate Estimation with Capture-Recapture Data
   gfortran(dble) Vers. 9.0 Mar 2018     3-Dec-2019 11:10:20    Page  004
 - - - - - - - - - - - - - - - - - - - - - - - - - - - - - - - - - - - - - -
 


  INPUT --- proc stop;

     CPU Time in minutes for this job was 0.00

     Time Start = 11:10:20.735   Time End = 11:10:20.824

     Wall Clock Time in minutes for this job was 0.00


          E X E C U T I O N   S U C C E S S F U L 
