
   Program  MARK  - Survival Rate Estimation with Capture-Recapture Data
   gfortran(dble) Vers. 9.0 Mar 2018     3-Dec-2019 10:57:17    Page  001
 - - - - - - - - - - - - - - - - - - - - - - - - - - - - - - - - - - - - - -
 
   This version was compiled by GCC version 7.2.0 using the options: 
     -cpp -iprefix C:/Program Files/mingw-w64/x86_64-7.2.0-posix-seh-rt_v5-rev1/
     mingw64/bin/../lib/gcc/x86_64-w64-mingw32/7.2.0/ -D_MT -D_REENTRANT
     -U_REENTRANT -D IEEE -D DBLEPRECISION -m64 -mtune=core2 -march=nocona -mthreads
     -O2 -fimplicit-none -fbounds-check -funroll-loops -ftree-vectorize
     -ffpe-summary=invalid,zero,overflow,underflow -fno-unsafe-math-optimizations
     -frounding-math -fsignaling-nans -fopenmp.

   This problem will use 7 of 8 possible threads.


  INPUT --- proc title ;

   CPU Time for the last procedure was 0.01 seconds.     


  INPUT --- proc chmatrix occasions= 3 groups= 1 etype= Occupancy 
  INPUT --- Nodes= 101 icovar = 5 ICMeans  NoHist hist= 138 ;

  INPUT ---    time interval 1 1 1 ;

  INPUT ---     icovariates effort1 effort2 effort3 under HAiFLS_alt ;

  INPUT ---    glabel(1)=freq1;

      Number of unique encounter histories read was 138.

      Number of individual covariates read was 5.
      Time interval lengths are all equal to 1.

      Data type number is 27
      Data type is Occupancy Estimation with Detection < 1                                                             

   CPU Time for the last procedure was 0.01 seconds.     

  Program  MARK  - Survival Rate Estimation with Capture-Recapture Data
   gfortran(dble) Vers. 9.0 Mar 2018     3-Dec-2019 10:57:17    Page  002
 - - - - - - - - - - - - - - - - - - - - - - - - - - - - - - - - - - - - - -
 


  INPUT --- proc estimate link=Logit NOLOOP varest=2ndPart    ;


  INPUT --- model={ p(~effort + under)Psi(~HAiFLS_alt) };

  INPUT ---    group=1 p    rows=1 cols=3 Square ;
  INPUT ---        1 2 3 ;

  INPUT ---    group=1 Psi    rows=1 cols=1 Square ;
  INPUT ---        4 ;

  INPUT ---    design matrix constraints=4 covariates=5;
  INPUT ---        1 effort1 under 0 0;
  INPUT ---        1 effort2 under 0 0;
  INPUT ---        1 effort3 under 0 0;
  INPUT ---        0 0 0 1 HAiFLS_alt;
  INPUT ---       blabel(1)=p:(Intercept);
  INPUT ---       blabel(2)=p:effort;
  INPUT ---       blabel(3)=p:under;
  INPUT ---       blabel(4)=Psi:(Intercept);
  INPUT ---       blabel(5)=Psi:HAiFLS_alt;
  INPUT ---       rlabel(1)=p g1 a0 t1;
  INPUT ---       rlabel(2)=p g1 a1 t2;
  INPUT ---       rlabel(3)=p g1 a2 t3;
  INPUT ---       rlabel(4)=Psi g1 a0 t1;

 Link Function Used is LOGIT        

 Variance Estimation Procedure Used is 2ndPart 
 -2logL(saturated) = 0.0000000     
 Effective Sample Size = 138

 Number of function evaluations was 17 for 5 parameters.
 Time for numerical optimization was 0.02 seconds.     
 -2logL { p(~effort + under)Psi(~HAiFLS_alt) } = 163.40221     
 Penalty { p(~effort + under)Psi(~HAiFLS_alt) } = 0.0000000     
 Gradient { p(~effort + under)Psi(~HAiFLS_alt) }:
  0.1228623E-05 -0.2656199E-06  0.1163425E-05  0.1283367E-05  0.6364426E-06
 Maximum ABS(G) { p(~effort + under)Psi(~HAiFLS_alt) } = 0.1283367E-05 
 S Vector { p(~effort + under)Psi(~HAiFLS_alt) }:
   21.27218      8.901213      1.062304     0.4667385     0.1037391    
 Time to compute number of parameters was 0.01 seconds.     
 Ratio Threshold = 50.000000       Max Gap (2/3) = 8.3791573       Next Max Gap (4/5) = 4.4991585     
 Gap Method for Num. of Estimated Parameters { p(~effort + under)Psi(~HAiFLS_alt) } = 5          
 Threshold { p(~effort + under)Psi(~HAiFLS_alt) } = 0.2566735E-05                 
 Numerical Threshold Method for Num. of Estimated Parameters { p(~effort + under)Psi(~HAiFLS_alt) } = 5          
 Number of Estimated Parameters { p(~effort + under)Psi(~HAiFLS_alt) } = 5          
 DEVIANCE { p(~effort + under)Psi(~HAiFLS_alt) } = 163.40221                     
 DEVIANCE Degrees of Freedom { p(~effort + under)Psi(~HAiFLS_alt) } = 133            
 c-hat { p(~effort + under)Psi(~HAiFLS_alt) } = 1.2285880                     
 AIC { p(~effort + under)Psi(~HAiFLS_alt) } = 173.40221                  
 AICc { p(~effort + under)Psi(~HAiFLS_alt) } = 173.85675                    
 BIC { p(~effort + under)Psi(~HAiFLS_alt) } = 188.03848                    
 Pearson Chisquare { p(~effort + under)Psi(~HAiFLS_alt) } = 846.48410                  

  Program  MARK  - Survival Rate Estimation with Capture-Recapture Data
   gfortran(dble) Vers. 9.0 Mar 2018     3-Dec-2019 10:57:18    Page  003
 - - - - - - - - - - - - - - - - - - - - - - - - - - - - - - - - - - - - - -
 


            LOGIT Link Function Parameters of { p(~effort + under)Psi(~HAiFLS_alt) }
                                                              95% Confidence Interval
 Parameter                    Beta         Standard Error      Lower           Upper
 -------------------------  --------------  --------------  --------------  --------------
    1:p:(Intercept)         -0.5524279       0.7685704      -2.0588258       0.9539701    
    2:p:effort               0.0015498       0.7668832E-03   0.4674428E-04   0.0030529    
    3:p:under                0.2645896       0.5761478      -0.8646600       1.3938393    
    4:Psi:(Intercept)       -0.4862063       0.5578789      -1.5796488       0.6072363    
    5:Psi:HAiFLS_alt        -0.0201121       0.0083591      -0.0364959      -0.0037283    


            Real Function Parameters of { p(~effort + under)Psi(~HAiFLS_alt) }

      Following estimates based on unstandardized individual covariate values:
          Variable   Value         
          ---------  ------------- 
          EFFORT1     906.23188    
          EFFORT2     834.18841    
          EFFORT3     818.18116    
          UNDER       0.5466074    
          HAIFLS_ALT  69.284136    
                                                               95% Confidence Interval
  Parameter                  Estimate       Standard Error      Lower           Upper
 --------------------------  --------------  --------------  --------------  --------------
     1:p g1 a0 t1             0.7304110       0.0802071       0.5494249       0.8575478                          
     2:p g1 a1 t2             0.7078683       0.0806838       0.5300433       0.8388625                          
     3:p g1 a2 t3             0.7027118       0.0809157       0.5252494       0.8347132                          
     4:Psi g1 a0 t1           0.1324284       0.0317742       0.0815319       0.2079050                          


                      Estimates of Derived Parameters
      Occupancy Estimates of { p(~effort + under)Psi(~HAiFLS_alt) }
                                            95% Confidence Interval
 Group   Psi-hat         Standard Error      Lower           Upper
 -----   --------------  --------------  --------------  --------------
   1      0.1324284       0.0317742       0.0815319       0.2079050    

   CPU Time for the last procedure was 0.03 seconds.     

  Program  MARK  - Survival Rate Estimation with Capture-Recapture Data
   gfortran(dble) Vers. 9.0 Mar 2018     3-Dec-2019 10:57:18    Page  004
 - - - - - - - - - - - - - - - - - - - - - - - - - - - - - - - - - - - - - -
 


  INPUT --- proc stop;

     CPU Time in minutes for this job was 0.00

     Time Start = 10:57:17.523   Time End = 10:57:18.508

     Wall Clock Time in minutes for this job was 0.02


          E X E C U T I O N   S U C C E S S F U L 
