
   Program  MARK  - Survival Rate Estimation with Capture-Recapture Data
   gfortran(dble) Vers. 9.0 Mar 2018     3-Dec-2019 12:23:01    Page  001
 - - - - - - - - - - - - - - - - - - - - - - - - - - - - - - - - - - - - - -
 
   This version was compiled by GCC version 7.2.0 using the options: 
     -cpp -iprefix C:/Program Files/mingw-w64/x86_64-7.2.0-posix-seh-rt_v5-rev1/
     mingw64/bin/../lib/gcc/x86_64-w64-mingw32/7.2.0/ -D_MT -D_REENTRANT
     -U_REENTRANT -D IEEE -D DBLEPRECISION -m64 -mtune=core2 -march=nocona -mthreads
     -O2 -fimplicit-none -fbounds-check -funroll-loops -ftree-vectorize
     -ffpe-summary=invalid,zero,overflow,underflow -fno-unsafe-math-optimizations
     -frounding-math -fsignaling-nans -fopenmp.

   This problem will use 7 of 8 possible threads.


  INPUT --- proc title ;

   CPU Time for the last procedure was 0.01 seconds.     


  INPUT --- proc chmatrix occasions= 3 groups= 1 etype= Occupancy 
  INPUT --- Nodes= 101 icovar = 2 ICMeans  NoHist hist= 138 ;

  INPUT ---    time interval 1 1 1 ;

  INPUT ---     icovariates pctex21 avdep ;

  INPUT ---    glabel(1)=freq1;

      Number of unique encounter histories read was 138.

      Number of individual covariates read was 2.
      Time interval lengths are all equal to 1.

      Data type number is 27
      Data type is Occupancy Estimation with Detection < 1                                                             

   CPU Time for the last procedure was 0.01 seconds.     

  Program  MARK  - Survival Rate Estimation with Capture-Recapture Data
   gfortran(dble) Vers. 9.0 Mar 2018     3-Dec-2019 12:23:01    Page  002
 - - - - - - - - - - - - - - - - - - - - - - - - - - - - - - - - - - - - - -
 


  INPUT --- proc estimate link=Logit NOLOOP varest=2ndPart    ;


  INPUT --- model={ p(~1)Psi(~pctex21 + avdep) };

  INPUT ---    group=1 p    rows=1 cols=3 Square ;
  INPUT ---        1 1 1 ;

  INPUT ---    group=1 Psi    rows=1 cols=1 Square ;
  INPUT ---        2 ;

  INPUT ---    design matrix constraints=2 covariates=4;
  INPUT ---        1 0 0 0;
  INPUT ---        0 1 pctex21 avdep;
  INPUT ---       blabel(1)=p:(Intercept);
  INPUT ---       blabel(2)=Psi:(Intercept);
  INPUT ---       blabel(3)=Psi:pctex21;
  INPUT ---       blabel(4)=Psi:avdep;
  INPUT ---       rlabel(1)=p g1 a0 t1;
  INPUT ---       rlabel(2)=Psi g1 a0 t1;

 Link Function Used is LOGIT        

 Variance Estimation Procedure Used is 2ndPart 
 -2logL(saturated) = 0.0000000     
 Effective Sample Size = 138

 Number of function evaluations was 19 for 4 parameters.
 Time for numerical optimization was 0.09 seconds.     
 -2logL { p(~1)Psi(~pctex21 + avdep) } = 153.38766     
 Penalty { p(~1)Psi(~pctex21 + avdep) } = 0.0000000     
 Gradient { p(~1)Psi(~pctex21 + avdep) }:
   0.000000     -0.2367972E-05   0.000000       0.000000    
 Maximum ABS(G) { p(~1)Psi(~pctex21 + avdep) } = 0.2367972E-05 
 S Vector { p(~1)Psi(~pctex21 + avdep) }:
   15.06587      9.608404     0.1229985     0.1923332E-01
 Time to compute number of parameters was 0.01 seconds.     
 Ratio Threshold = 50.000000       Max Gap (2/3) = 78.118037       Next Max Gap (3/4) = 6.3950770     
 Gap Method for Num. of Estimated Parameters { p(~1)Psi(~pctex21 + avdep) } = 2          
 Threshold { p(~1)Psi(~pctex21 + avdep) } = 0.4735945E-05                 
 Numerical Threshold Method for Num. of Estimated Parameters { p(~1)Psi(~pctex21 + avdep) } = 4          
 Number of Estimated Parameters { p(~1)Psi(~pctex21 + avdep) } = 4          

   * *  WARNING  * *   Number of parameters estimated from gap method (=2) and threshold method (=4) differ.  Inspect full output.                                                                                                                                                                                                                                                                                                                                                                                                                      
 Ratios of S Vector { p(~1)Psi(~pctex21 + avdep) }:
   1/2    1.567989       2/3    78.11804       3/4    6.395077    
 DEVIANCE { p(~1)Psi(~pctex21 + avdep) } = 153.38766                     
 DEVIANCE Degrees of Freedom { p(~1)Psi(~pctex21 + avdep) } = 134            
 c-hat { p(~1)Psi(~pctex21 + avdep) } = 1.1446840                     
 AIC { p(~1)Psi(~pctex21 + avdep) } = 161.38766                  
 AICc { p(~1)Psi(~pctex21 + avdep) } = 161.68841                    
 BIC { p(~1)Psi(~pctex21 + avdep) } = 173.09667                    
 Pearson Chisquare { p(~1)Psi(~pctex21 + avdep) } = 957.70058                  

  Program  MARK  - Survival Rate Estimation with Capture-Recapture Data
   gfortran(dble) Vers. 9.0 Mar 2018     3-Dec-2019 12:23:03    Page  003
 - - - - - - - - - - - - - - - - - - - - - - - - - - - - - - - - - - - - - -
 


                LOGIT Link Function Parameters of { p(~1)Psi(~pctex21 + avdep) }
                                                              95% Confidence Interval
 Parameter                    Beta         Standard Error      Lower           Upper
 -------------------------  --------------  --------------  --------------  --------------
    1:p:(Intercept)          0.9489259       0.3208572       0.3200457       1.5778060    
    2:Psi:(Intercept)       -0.6109541       0.8202433      -2.2186310       0.9967227    
    3:Psi:pctex21           -0.6310511       0.2318550      -1.0854868      -0.1766153    
    4:Psi:avdep             -0.7478320       2.8218469      -6.2786520       4.7829880    


                Real Function Parameters of { p(~1)Psi(~pctex21 + avdep) }

      Following estimates based on unstandardized individual covariate values:
          Variable   Value         
          ---------  ------------- 
          PCTEX21     4.8306834    
          AVDEP       0.2562426    
                                                               95% Confidence Interval
  Parameter                  Estimate       Standard Error      Lower           Upper
 --------------------------  --------------  --------------  --------------  --------------
     1:p g1 a0 t1             0.7208991       0.0645576       0.5793354       0.8288936                          
     2:Psi g1 a0 t1           0.0208162       0.0204980       0.0029528       0.1323980                          


                      Estimates of Derived Parameters
          Occupancy Estimates of { p(~1)Psi(~pctex21 + avdep) }
                                            95% Confidence Interval
 Group   Psi-hat         Standard Error      Lower           Upper
 -----   --------------  --------------  --------------  --------------
   1      0.0208162       0.0204980       0.0029528       0.1323980    

 Attempted ordering of parameters by estimatibility:
  2 1 4 3
 Beta number 3 is a singular value.

   CPU Time for the last procedure was 0.09 seconds.     

  Program  MARK  - Survival Rate Estimation with Capture-Recapture Data
   gfortran(dble) Vers. 9.0 Mar 2018     3-Dec-2019 12:23:03    Page  004
 - - - - - - - - - - - - - - - - - - - - - - - - - - - - - - - - - - - - - -
 


  INPUT --- proc stop;

     CPU Time in minutes for this job was 0.00

     Time Start = 12:23:01.793   Time End = 12:23:03.209

     Wall Clock Time in minutes for this job was 0.02


          E X E C U T I O N   S U C C E S S F U L 
