
   Program  MARK  - Survival Rate Estimation with Capture-Recapture Data
   gfortran(dble) Vers. 9.0 Mar 2018     3-Dec-2019 11:02:03    Page  001
 - - - - - - - - - - - - - - - - - - - - - - - - - - - - - - - - - - - - - -
 
   This version was compiled by GCC version 7.2.0 using the options: 
     -cpp -iprefix C:/Program Files/mingw-w64/x86_64-7.2.0-posix-seh-rt_v5-rev1/
     mingw64/bin/../lib/gcc/x86_64-w64-mingw32/7.2.0/ -D_MT -D_REENTRANT
     -U_REENTRANT -D IEEE -D DBLEPRECISION -m64 -mtune=core2 -march=nocona -mthreads
     -O2 -fimplicit-none -fbounds-check -funroll-loops -ftree-vectorize
     -ffpe-summary=invalid,zero,overflow,underflow -fno-unsafe-math-optimizations
     -frounding-math -fsignaling-nans -fopenmp.

   This problem will use 7 of 8 possible threads.


  INPUT --- proc title ;

   CPU Time for the last procedure was 0.01 seconds.     


  INPUT --- proc chmatrix occasions= 3 groups= 1 etype= Occupancy 
  INPUT --- Nodes= 101 icovar = 5 ICMeans  NoHist hist= 138 ;

  INPUT ---    time interval 1 1 1 ;

  INPUT ---     icovariates lwd1 lwd2 lwd3 pctex21 depool ;

  INPUT ---    glabel(1)=freq1;

      Number of unique encounter histories read was 138.

      Number of individual covariates read was 5.
      Time interval lengths are all equal to 1.

      Data type number is 27
      Data type is Occupancy Estimation with Detection < 1                                                             

   CPU Time for the last procedure was 0.02 seconds.     

  Program  MARK  - Survival Rate Estimation with Capture-Recapture Data
   gfortran(dble) Vers. 9.0 Mar 2018     3-Dec-2019 11:02:03    Page  002
 - - - - - - - - - - - - - - - - - - - - - - - - - - - - - - - - - - - - - -
 


  INPUT --- proc estimate link=Logit NOLOOP varest=2ndPart    ;


  INPUT --- model={ p(~lwd)Psi(~pctex21 + depool) };

  INPUT ---    group=1 p    rows=1 cols=3 Square ;
  INPUT ---        1 2 3 ;

  INPUT ---    group=1 Psi    rows=1 cols=1 Square ;
  INPUT ---        4 ;

  INPUT ---    design matrix constraints=4 covariates=5;
  INPUT ---        1 lwd1 0 0 0;
  INPUT ---        1 lwd2 0 0 0;
  INPUT ---        1 lwd3 0 0 0;
  INPUT ---        0 0 1 pctex21 depool;
  INPUT ---       blabel(1)=p:(Intercept);
  INPUT ---       blabel(2)=p:lwd;
  INPUT ---       blabel(3)=Psi:(Intercept);
  INPUT ---       blabel(4)=Psi:pctex21;
  INPUT ---       blabel(5)=Psi:depool;
  INPUT ---       rlabel(1)=p g1 a0 t1;
  INPUT ---       rlabel(2)=p g1 a1 t2;
  INPUT ---       rlabel(3)=p g1 a2 t3;
  INPUT ---       rlabel(4)=Psi g1 a0 t1;

 Link Function Used is LOGIT        

 Variance Estimation Procedure Used is 2ndPart 
 -2logL(saturated) = 0.0000000     
 Effective Sample Size = 138

 Number of function evaluations was 20 for 5 parameters.
 Time for numerical optimization was 0.01 seconds.     
 -2logL { p(~lwd)Psi(~pctex21 + depool) } = 152.95571     
 Penalty { p(~lwd)Psi(~pctex21 + depool) } = 0.0000000     
 Gradient { p(~lwd)Psi(~pctex21 + depool) }:
   0.000000     -0.7525200E-06  0.1085023E-05 -0.9386774E-07  0.3280726E-05
 Maximum ABS(G) { p(~lwd)Psi(~pctex21 + depool) } = 0.3280726E-05 
 S Vector { p(~lwd)Psi(~pctex21 + depool) }:
   15.68664      9.678226     0.6939219     0.1854962     0.1999689E-01
 Time to compute number of parameters was 0.02 seconds.     
 Ratio Threshold = 50.000000       Max Gap (2/3) = 13.947142       Next Max Gap (4/5) = 9.2762522     
 Gap Method for Num. of Estimated Parameters { p(~lwd)Psi(~pctex21 + depool) } = 5          
 Threshold { p(~lwd)Psi(~pctex21 + depool) } = 0.6561453E-05                 
 Numerical Threshold Method for Num. of Estimated Parameters { p(~lwd)Psi(~pctex21 + depool) } = 5          
 Number of Estimated Parameters { p(~lwd)Psi(~pctex21 + depool) } = 5          
 DEVIANCE { p(~lwd)Psi(~pctex21 + depool) } = 152.95571                     
 DEVIANCE Degrees of Freedom { p(~lwd)Psi(~pctex21 + depool) } = 133            
 c-hat { p(~lwd)Psi(~pctex21 + depool) } = 1.1500429                     
 AIC { p(~lwd)Psi(~pctex21 + depool) } = 162.95571                  
 AICc { p(~lwd)Psi(~pctex21 + depool) } = 163.41026                    
 BIC { p(~lwd)Psi(~pctex21 + depool) } = 177.59198                    
 Pearson Chisquare { p(~lwd)Psi(~pctex21 + depool) } = 943.32662                  

  Program  MARK  - Survival Rate Estimation with Capture-Recapture Data
   gfortran(dble) Vers. 9.0 Mar 2018     3-Dec-2019 11:02:03    Page  003
 - - - - - - - - - - - - - - - - - - - - - - - - - - - - - - - - - - - - - -
 


              LOGIT Link Function Parameters of { p(~lwd)Psi(~pctex21 + depool) }
                                                              95% Confidence Interval
 Parameter                    Beta         Standard Error      Lower           Upper
 -------------------------  --------------  --------------  --------------  --------------
    1:p:(Intercept)          0.7964027       0.3860455       0.0397535       1.5530520    
    2:p:lwd                  0.8769229       1.3210058      -1.7122485       3.4660944    
    3:Psi:(Intercept)       -0.7578885       0.4979776      -1.7339246       0.2181476    
    4:Psi:pctex21           -0.6238453       0.2282190      -1.0711545      -0.1765360    
    5:Psi:depool            -0.0574447       0.4046935      -0.8506440       0.7357546    


              Real Function Parameters of { p(~lwd)Psi(~pctex21 + depool) }

      Following estimates based on unstandardized individual covariate values:
          Variable   Value         
          ---------  ------------- 
          LWD1        0.2346014    
          LWD2        0.2355072    
          LWD3        0.2114389    
          PCTEX21     4.8306834    
          DEPOOL      0.8757795    
                                                               95% Confidence Interval
  Parameter                  Estimate       Standard Error      Lower           Upper
 --------------------------  --------------  --------------  --------------  --------------
     1:p g1 a0 t1             0.7314772       0.0658744       0.5853533       0.8401670                          
     2:p g1 a1 t2             0.7316332       0.0659178       0.5853822       0.8403643                          
     3:p g1 a2 t3             0.7274689       0.0650156       0.5839637       0.8354245                          
     4:Psi g1 a0 t1           0.0214196       0.0207592       0.0031320       0.1323142                          


                      Estimates of Derived Parameters
         Occupancy Estimates of { p(~lwd)Psi(~pctex21 + depool) }
                                            95% Confidence Interval
 Group   Psi-hat         Standard Error      Lower           Upper
 -----   --------------  --------------  --------------  --------------
   1      0.0214196       0.0207592       0.0031320       0.1323142    

   CPU Time for the last procedure was 0.02 seconds.     

  Program  MARK  - Survival Rate Estimation with Capture-Recapture Data
   gfortran(dble) Vers. 9.0 Mar 2018     3-Dec-2019 11:02:03    Page  004
 - - - - - - - - - - - - - - - - - - - - - - - - - - - - - - - - - - - - - -
 


  INPUT --- proc stop;

     CPU Time in minutes for this job was 0.00

     Time Start = 11:02:03.818   Time End = 11:02:03.924

     Wall Clock Time in minutes for this job was 0.00


          E X E C U T I O N   S U C C E S S F U L 
