
   Program  MARK  - Survival Rate Estimation with Capture-Recapture Data
   gfortran(dble) Vers. 9.0 Mar 2018     3-Dec-2019 11:00:44    Page  001
 - - - - - - - - - - - - - - - - - - - - - - - - - - - - - - - - - - - - - -
 
   This version was compiled by GCC version 7.2.0 using the options: 
     -cpp -iprefix C:/Program Files/mingw-w64/x86_64-7.2.0-posix-seh-rt_v5-rev1/
     mingw64/bin/../lib/gcc/x86_64-w64-mingw32/7.2.0/ -D_MT -D_REENTRANT
     -U_REENTRANT -D IEEE -D DBLEPRECISION -m64 -mtune=core2 -march=nocona -mthreads
     -O2 -fimplicit-none -fbounds-check -funroll-loops -ftree-vectorize
     -ffpe-summary=invalid,zero,overflow,underflow -fno-unsafe-math-optimizations
     -frounding-math -fsignaling-nans -fopenmp.

   This problem will use 7 of 8 possible threads.


  INPUT --- proc title ;

   CPU Time for the last procedure was 0.01 seconds.     


  INPUT --- proc chmatrix occasions= 3 groups= 1 etype= Occupancy 
  INPUT --- Nodes= 101 icovar = 8 ICMeans  NoHist hist= 138 ;

  INPUT ---    time interval 1 1 1 ;

  INPUT ---     icovariates effort1 effort2 effort3 lwd1 lwd2 lwd3  
  INPUT ---    pctex21 LWD ;

  INPUT ---    glabel(1)=freq1;

      Number of unique encounter histories read was 138.

      Number of individual covariates read was 8.
      Time interval lengths are all equal to 1.

      Data type number is 27
      Data type is Occupancy Estimation with Detection < 1                                                             

   CPU Time for the last procedure was 0.01 seconds.     

  Program  MARK  - Survival Rate Estimation with Capture-Recapture Data
   gfortran(dble) Vers. 9.0 Mar 2018     3-Dec-2019 11:00:44    Page  002
 - - - - - - - - - - - - - - - - - - - - - - - - - - - - - - - - - - - - - -
 


  INPUT --- proc estimate link=Logit NOLOOP varest=2ndPart    ;


  INPUT --- model={ p(~effort + lwd)Psi(~pctex21 + LWD) };

  INPUT ---    group=1 p    rows=1 cols=3 Square ;
  INPUT ---        1 2 3 ;

  INPUT ---    group=1 Psi    rows=1 cols=1 Square ;
  INPUT ---        4 ;

  INPUT ---    design matrix constraints=4 covariates=6;
  INPUT ---        1 effort1 lwd1 0 0 0;
  INPUT ---        1 effort2 lwd2 0 0 0;
  INPUT ---        1 effort3 lwd3 0 0 0;
  INPUT ---        0 0 0 1 pctex21 LWD;
  INPUT ---       blabel(1)=p:(Intercept);
  INPUT ---       blabel(2)=p:effort;
  INPUT ---       blabel(3)=p:lwd;
  INPUT ---       blabel(4)=Psi:(Intercept);
  INPUT ---       blabel(5)=Psi:pctex21;
  INPUT ---       blabel(6)=Psi:LWD;
  INPUT ---       rlabel(1)=p g1 a0 t1;
  INPUT ---       rlabel(2)=p g1 a1 t2;
  INPUT ---       rlabel(3)=p g1 a2 t3;
  INPUT ---       rlabel(4)=Psi g1 a0 t1;

 Link Function Used is LOGIT        

 Variance Estimation Procedure Used is 2ndPart 
 -2logL(saturated) = 0.0000000     
 Effective Sample Size = 138

 Number of function evaluations was 23 for 6 parameters.
 Time for numerical optimization was 0.01 seconds.     
 -2logL { p(~effort + lwd)Psi(~pctex21 + LWD) } = 145.45047     
 Penalty { p(~effort + lwd)Psi(~pctex21 + LWD) } = 0.0000000     
 Gradient { p(~effort + lwd)Psi(~pctex21 + LWD) }:
  0.1048838E-05  0.7044056E-06  0.6143022E-06 -0.1222969E-05   0.000000    
  0.1065538E-05
 Maximum ABS(G) { p(~effort + lwd)Psi(~pctex21 + LWD) } = 0.1222969E-05 
 S Vector { p(~effort + lwd)Psi(~pctex21 + LWD) }:
   14.76708      7.206278     0.5838749     0.1954168     0.8975769E-01
  0.1970586E-01
 Time to compute number of parameters was 0.01 seconds.     
 Ratio Threshold = 50.000000       Max Gap (2/3) = 12.342161       Next Max Gap (5/6) = 4.5548724     
 Gap Method for Num. of Estimated Parameters { p(~effort + lwd)Psi(~pctex21 + LWD) } = 6          
 Threshold { p(~effort + lwd)Psi(~pctex21 + LWD) } = 0.2445939E-05                 
 Numerical Threshold Method for Num. of Estimated Parameters { p(~effort + lwd)Psi(~pctex21 + LWD) } = 6          
 Number of Estimated Parameters { p(~effort + lwd)Psi(~pctex21 + LWD) } = 6          
 DEVIANCE { p(~effort + lwd)Psi(~pctex21 + LWD) } = 145.45047                     
 DEVIANCE Degrees of Freedom { p(~effort + lwd)Psi(~pctex21 + LWD) } = 132            
 c-hat { p(~effort + lwd)Psi(~pctex21 + LWD) } = 1.1018975                     
 AIC { p(~effort + lwd)Psi(~pctex21 + LWD) } = 157.45047                  
 AICc { p(~effort + lwd)Psi(~pctex21 + LWD) } = 158.09169                    
 BIC { p(~effort + lwd)Psi(~pctex21 + LWD) } = 175.01399                    
 Pearson Chisquare { p(~effort + lwd)Psi(~pctex21 + LWD) } = 601.27183                  

  Program  MARK  - Survival Rate Estimation with Capture-Recapture Data
   gfortran(dble) Vers. 9.0 Mar 2018     3-Dec-2019 11:00:45    Page  003
 - - - - - - - - - - - - - - - - - - - - - - - - - - - - - - - - - - - - - -
 


           LOGIT Link Function Parameters of { p(~effort + lwd)Psi(~pctex21 + LWD) }
                                                              95% Confidence Interval
 Parameter                    Beta         Standard Error      Lower           Upper
 -------------------------  --------------  --------------  --------------  --------------
    1:p:(Intercept)         -0.8185350       0.7766127      -2.3406959       0.7036259    
    2:p:effort               0.0017862       0.8188001E-03   0.1813167E-03   0.0033910    
    3:p:lwd                  1.2028014       1.2902172      -1.3260243       3.7316272    
    4:Psi:(Intercept)       -0.5596046       0.4264331      -1.3954134       0.2762042    
    5:Psi:pctex21           -0.6277966       0.2299131      -1.0784264      -0.1771668    
    6:Psi:LWD               -0.7900331       1.2972974      -3.3327360       1.7526699    


           Real Function Parameters of { p(~effort + lwd)Psi(~pctex21 + LWD) }

      Following estimates based on unstandardized individual covariate values:
          Variable   Value         
          ---------  ------------- 
          EFFORT1     906.23188    
          EFFORT2     834.18841    
          EFFORT3     818.18116    
          LWD1        0.2346014    
          LWD2        0.2355072    
          LWD3        0.2114389    
          PCTEX21     4.8306834    
          LWD         0.2273503    
                                                               95% Confidence Interval
  Parameter                  Estimate       Standard Error      Lower           Upper
 --------------------------  --------------  --------------  --------------  --------------
     1:p g1 a0 t1             0.7469335       0.0751013       0.5753207       0.8654197                          
     2:p g1 a1 t2             0.7220657       0.0769242       0.5506888       0.8463179                          
     3:p g1 a2 t3             0.7103718       0.0775210       0.5395902       0.8369474                          
     4:Psi g1 a0 t1           0.0224907       0.0218662       0.0032647       0.1391362                          


                      Estimates of Derived Parameters
      Occupancy Estimates of { p(~effort + lwd)Psi(~pctex21 + LWD) }
                                            95% Confidence Interval
 Group   Psi-hat         Standard Error      Lower           Upper
 -----   --------------  --------------  --------------  --------------
   1      0.0224907       0.0218662       0.0032647       0.1391362    

   CPU Time for the last procedure was 0.02 seconds.     

  Program  MARK  - Survival Rate Estimation with Capture-Recapture Data
   gfortran(dble) Vers. 9.0 Mar 2018     3-Dec-2019 11:00:45    Page  004
 - - - - - - - - - - - - - - - - - - - - - - - - - - - - - - - - - - - - - -
 


  INPUT --- proc stop;

     CPU Time in minutes for this job was 0.00

     Time Start = 11:00:44.766   Time End = 11:00:45.740

     Wall Clock Time in minutes for this job was 0.02


          E X E C U T I O N   S U C C E S S F U L 
