
   Program  MARK  - Survival Rate Estimation with Capture-Recapture Data
   gfortran(dble) Vers. 9.0 Mar 2018     3-Dec-2019 11:01:21    Page  001
 - - - - - - - - - - - - - - - - - - - - - - - - - - - - - - - - - - - - - -
 
   This version was compiled by GCC version 7.2.0 using the options: 
     -cpp -iprefix C:/Program Files/mingw-w64/x86_64-7.2.0-posix-seh-rt_v5-rev1/
     mingw64/bin/../lib/gcc/x86_64-w64-mingw32/7.2.0/ -D_MT -D_REENTRANT
     -U_REENTRANT -D IEEE -D DBLEPRECISION -m64 -mtune=core2 -march=nocona -mthreads
     -O2 -fimplicit-none -fbounds-check -funroll-loops -ftree-vectorize
     -ffpe-summary=invalid,zero,overflow,underflow -fno-unsafe-math-optimizations
     -frounding-math -fsignaling-nans -fopenmp.

   This problem will use 7 of 8 possible threads.


  INPUT --- proc title ;

   CPU Time for the last procedure was 0.01 seconds.     


  INPUT --- proc chmatrix occasions= 3 groups= 1 etype= Occupancy 
  INPUT --- Nodes= 101 icovar = 8 ICMeans  NoHist hist= 138 ;

  INPUT ---    time interval 1 1 1 ;

  INPUT ---     icovariates effort1 effort2 effort3 mxflow1 mxflow2  
  INPUT ---    mxflow3 pctex21 machabprop ;

  INPUT ---    glabel(1)=freq1;

      Number of unique encounter histories read was 138.

      Number of individual covariates read was 8.
      Time interval lengths are all equal to 1.

      Data type number is 27
      Data type is Occupancy Estimation with Detection < 1                                                             

   CPU Time for the last procedure was 0.02 seconds.     

  Program  MARK  - Survival Rate Estimation with Capture-Recapture Data
   gfortran(dble) Vers. 9.0 Mar 2018     3-Dec-2019 11:01:21    Page  002
 - - - - - - - - - - - - - - - - - - - - - - - - - - - - - - - - - - - - - -
 


  INPUT --- proc estimate link=Logit NOLOOP varest=2ndPart    ;


  INPUT --- model={ p(~effort + mxflow)Psi(~pctex21 + machabprop) };

  INPUT ---    group=1 p    rows=1 cols=3 Square ;
  INPUT ---        1 2 3 ;

  INPUT ---    group=1 Psi    rows=1 cols=1 Square ;
  INPUT ---        4 ;

  INPUT ---    design matrix constraints=4 covariates=6;
  INPUT ---        1 effort1 mxflow1 0 0 0;
  INPUT ---        1 effort2 mxflow2 0 0 0;
  INPUT ---        1 effort3 mxflow3 0 0 0;
  INPUT ---        0 0 0 1 pctex21 machabprop;
  INPUT ---       blabel(1)=p:(Intercept);
  INPUT ---       blabel(2)=p:effort;
  INPUT ---       blabel(3)=p:mxflow;
  INPUT ---       blabel(4)=Psi:(Intercept);
  INPUT ---       blabel(5)=Psi:pctex21;
  INPUT ---       blabel(6)=Psi:machabprop;
  INPUT ---       rlabel(1)=p g1 a0 t1;
  INPUT ---       rlabel(2)=p g1 a1 t2;
  INPUT ---       rlabel(3)=p g1 a2 t3;
  INPUT ---       rlabel(4)=Psi g1 a0 t1;

 Link Function Used is LOGIT        

 Variance Estimation Procedure Used is 2ndPart 
 -2logL(saturated) = 0.0000000     
 Effective Sample Size = 138

 Number of function evaluations was 37 for 6 parameters.
 Time for numerical optimization was 0.06 seconds.     
 -2logL { p(~effort + mxflow)Psi(~pctex21 + machabprop) } = 142.03280     
 Penalty { p(~effort + mxflow)Psi(~pctex21 + machabprop) } = 0.0000000     
 Gradient { p(~effort + mxflow)Psi(~pctex21 + machabprop) }:
  0.3407278E-05  0.4940875E-06  0.9110978E-07  0.1689168E-05   0.000000    
  0.8711689E-06
 Maximum ABS(G) { p(~effort + mxflow)Psi(~pctex21 + machabprop) } = 0.3407278E-05 
 S Vector { p(~effort + mxflow)Psi(~pctex21 + machabprop) }:
   17.22135      7.820908     0.2602348     0.9906346E-01 0.1732759E-01
  0.1250756E-03
 Time to compute number of parameters was 0.01 seconds.     
 Ratio Threshold = 50.000000       Max Gap (5/6) = 138.53695       Next Max Gap (2/3) = 30.053268     
 Gap Method for Num. of Estimated Parameters { p(~effort + mxflow)Psi(~pctex21 + machabprop) } = 5          
 Threshold { p(~effort + mxflow)Psi(~pctex21 + machabprop) } = 0.6814556E-05                 
 Numerical Threshold Method for Num. of Estimated Parameters { p(~effort + mxflow)Psi(~pctex21 + machabprop) } = 6          
 Number of Estimated Parameters { p(~effort + mxflow)Psi(~pctex21 + machabprop) } = 6          

  Program  MARK  - Survival Rate Estimation with Capture-Recapture Data
   gfortran(dble) Vers. 9.0 Mar 2018     3-Dec-2019 11:01:21    Page  003
 - - - - - - - - - - - - - - - - - - - - - - - - - - - - - - - - - - - - - -
 

   * *  WARNING  * *   Number of parameters estimated from gap method (=5) and threshold method (=6) differ.  Inspect full output.                                                                                                                                                                                                                                                                                                                                                                                                                      
 Ratios of S Vector { p(~effort + mxflow)Psi(~pctex21 + machabprop) }:
   1/2    2.201962       2/3    30.05327       3/4    2.626951       4/5    5.717093       5/6    138.5370    
 DEVIANCE { p(~effort + mxflow)Psi(~pctex21 + machabprop) } = 142.03280                     
 DEVIANCE Degrees of Freedom { p(~effort + mxflow)Psi(~pctex21 + machabprop) } = 132            
 c-hat { p(~effort + mxflow)Psi(~pctex21 + machabprop) } = 1.0760061                     
 AIC { p(~effort + mxflow)Psi(~pctex21 + machabprop) } = 154.03280                  
 AICc { p(~effort + mxflow)Psi(~pctex21 + machabprop) } = 154.67402                    
 BIC { p(~effort + mxflow)Psi(~pctex21 + machabprop) } = 171.59632                    
 Pearson Chisquare { p(~effort + mxflow)Psi(~pctex21 + machabprop) } = 580.84381                  


      LOGIT Link Function Parameters of { p(~effort + mxflow)Psi(~pctex21 + machabprop) }
                                                              95% Confidence Interval
 Parameter                    Beta         Standard Error      Lower           Upper
 -------------------------  --------------  --------------  --------------  --------------
    1:p:(Intercept)         -0.1195733       0.9693143      -2.0194294       1.7802827    
    2:p:effort               0.0016852       0.7905780E-03   0.1356959E-03   0.0032348    
    3:p:mxflow              -0.6192309       1.3547268      -3.2744955       2.0360337    
    4:Psi:(Intercept)        1.2583295       1.0472591      -0.7942985       3.3109574    
    5:Psi:pctex21           -0.7222739       0.2447559      -1.2019955      -0.2425523    
    6:Psi:machabprop        -0.0368599       0.0191156      -0.0743264       0.6065736E-03


      Real Function Parameters of { p(~effort + mxflow)Psi(~pctex21 + machabprop) }

      Following estimates based on unstandardized individual covariate values:
          Variable   Value         
          ---------  ------------- 
          EFFORT1     906.23188    
          EFFORT2     834.18841    
          EFFORT3     818.18116    
          MXFLOW1     0.8952899    
          MXFLOW2     1.0911594    
          MXFLOW3     0.5689855    
          PCTEX21     4.8306834    
          MACHABPROP  53.717706    
                                                               95% Confidence Interval
  Parameter                  Estimate       Standard Error      Lower           Upper
 --------------------------  --------------  --------------  --------------  --------------
     1:p g1 a0 t1             0.7012471       0.1194340       0.4343472       0.8776780                          
     2:p g1 a1 t2             0.6480652       0.1793486       0.2827818       0.8958364                          
     3:p g1 a2 t3             0.7123686       0.0745909       0.5482009       0.8348540                          
     4:Psi g1 a0 t1           0.0146180       0.0153725       0.0018283       0.1072610                          


                      Estimates of Derived Parameters
 Occupancy Estimates of { p(~effort + mxflow)Psi(~pctex21 + machabprop) }
                                            95% Confidence Interval
 Group   Psi-hat         Standard Error      Lower           Upper
 -----   --------------  --------------  --------------  --------------

  Program  MARK  - Survival Rate Estimation with Capture-Recapture Data
   gfortran(dble) Vers. 9.0 Mar 2018     3-Dec-2019 11:01:21    Page  004
 - - - - - - - - - - - - - - - - - - - - - - - - - - - - - - - - - - - - - -
 
   1      0.0146180       0.0153725       0.0018283       0.1072610    

 Attempted ordering of parameters by estimatibility:
  4 1 6 2 5 3
 Beta number 3 is a singular value.

   CPU Time for the last procedure was 0.06 seconds.     


  INPUT --- proc stop;

     CPU Time in minutes for this job was 0.00

     Time Start = 11:01:21.457   Time End = 11:01:21.582

     Wall Clock Time in minutes for this job was 0.00


          E X E C U T I O N   S U C C E S S F U L 
