
   Program  MARK  - Survival Rate Estimation with Capture-Recapture Data
   gfortran(dble) Vers. 9.0 Mar 2018     3-Dec-2019 11:04:54    Page  001
 - - - - - - - - - - - - - - - - - - - - - - - - - - - - - - - - - - - - - -
 
   This version was compiled by GCC version 7.2.0 using the options: 
     -cpp -iprefix C:/Program Files/mingw-w64/x86_64-7.2.0-posix-seh-rt_v5-rev1/
     mingw64/bin/../lib/gcc/x86_64-w64-mingw32/7.2.0/ -D_MT -D_REENTRANT
     -U_REENTRANT -D IEEE -D DBLEPRECISION -m64 -mtune=core2 -march=nocona -mthreads
     -O2 -fimplicit-none -fbounds-check -funroll-loops -ftree-vectorize
     -ffpe-summary=invalid,zero,overflow,underflow -fno-unsafe-math-optimizations
     -frounding-math -fsignaling-nans -fopenmp.

   This problem will use 7 of 8 possible threads.


  INPUT --- proc title ;

   CPU Time for the last procedure was 0.01 seconds.     


  INPUT --- proc chmatrix occasions= 3 groups= 1 etype= Occupancy 
  INPUT --- Nodes= 101 icovar = 5 ICMeans  NoHist hist= 138 ;

  INPUT ---    time interval 1 1 1 ;

  INPUT ---     icovariates effort1 effort2 effort3 under pctex21 ;

  INPUT ---    glabel(1)=freq1;

      Number of unique encounter histories read was 138.

      Number of individual covariates read was 5.
      Time interval lengths are all equal to 1.

      Data type number is 27
      Data type is Occupancy Estimation with Detection < 1                                                             

   CPU Time for the last procedure was 0.01 seconds.     

  Program  MARK  - Survival Rate Estimation with Capture-Recapture Data
   gfortran(dble) Vers. 9.0 Mar 2018     3-Dec-2019 11:04:54    Page  002
 - - - - - - - - - - - - - - - - - - - - - - - - - - - - - - - - - - - - - -
 


  INPUT --- proc estimate link=Logit NOLOOP varest=2ndPart    ;


  INPUT --- model={ p(~effort + under)Psi(~pctex21 + under) };

  INPUT ---    group=1 p    rows=1 cols=3 Square ;
  INPUT ---        1 2 3 ;

  INPUT ---    group=1 Psi    rows=1 cols=1 Square ;
  INPUT ---        4 ;

  INPUT ---    design matrix constraints=4 covariates=6;
  INPUT ---        1 effort1 under 0 0 0;
  INPUT ---        1 effort2 under 0 0 0;
  INPUT ---        1 effort3 under 0 0 0;
  INPUT ---        0 0 0 1 pctex21 under;
  INPUT ---       blabel(1)=p:(Intercept);
  INPUT ---       blabel(2)=p:effort;
  INPUT ---       blabel(3)=p:under;
  INPUT ---       blabel(4)=Psi:(Intercept);
  INPUT ---       blabel(5)=Psi:pctex21;
  INPUT ---       blabel(6)=Psi:under;
  INPUT ---       rlabel(1)=p g1 a0 t1;
  INPUT ---       rlabel(2)=p g1 a1 t2;
  INPUT ---       rlabel(3)=p g1 a2 t3;
  INPUT ---       rlabel(4)=Psi g1 a0 t1;

 Link Function Used is LOGIT        

 Variance Estimation Procedure Used is 2ndPart 
 -2logL(saturated) = 0.0000000     
 Effective Sample Size = 138

 Number of function evaluations was 21 for 6 parameters.
 Time for numerical optimization was 0.05 seconds.     
 -2logL { p(~effort + under)Psi(~pctex21 + under) } = 146.15909     
 Penalty { p(~effort + under)Psi(~pctex21 + under) } = 0.0000000     
 Gradient { p(~effort + under)Psi(~pctex21 + under) }:
   0.000000      0.2470996E-06   0.000000     -0.9801397E-06  0.9584889E-07
  0.1132665E-05
 Maximum ABS(G) { p(~effort + under)Psi(~pctex21 + under) } = 0.1132665E-05 
 S Vector { p(~effort + under)Psi(~pctex21 + under) }:
   15.45069      8.152868     0.9259738     0.4235426     0.9039355E-01
  0.1972916E-01
 Time to compute number of parameters was 0.01 seconds.     
 Ratio Threshold = 50.000000       Max Gap (2/3) = 8.8046414       Next Max Gap (4/5) = 4.6855398     
 Gap Method for Num. of Estimated Parameters { p(~effort + under)Psi(~pctex21 + under) } = 6          
 Threshold { p(~effort + under)Psi(~pctex21 + under) } = 0.2265330E-05                 
 Numerical Threshold Method for Num. of Estimated Parameters { p(~effort + under)Psi(~pctex21 + under) } = 6          
 Number of Estimated Parameters { p(~effort + under)Psi(~pctex21 + under) } = 6          
 DEVIANCE { p(~effort + under)Psi(~pctex21 + under) } = 146.15909                     
 DEVIANCE Degrees of Freedom { p(~effort + under)Psi(~pctex21 + under) } = 132            
 c-hat { p(~effort + under)Psi(~pctex21 + under) } = 1.1072659                     
 AIC { p(~effort + under)Psi(~pctex21 + under) } = 158.15909                  
 AICc { p(~effort + under)Psi(~pctex21 + under) } = 158.80032                    
 BIC { p(~effort + under)Psi(~pctex21 + under) } = 175.72262                    
 Pearson Chisquare { p(~effort + under)Psi(~pctex21 + under) } = 652.40716                  

  Program  MARK  - Survival Rate Estimation with Capture-Recapture Data
   gfortran(dble) Vers. 9.0 Mar 2018     3-Dec-2019 11:04:54    Page  003
 - - - - - - - - - - - - - - - - - - - - - - - - - - - - - - - - - - - - - -
 


         LOGIT Link Function Parameters of { p(~effort + under)Psi(~pctex21 + under) }
                                                              95% Confidence Interval
 Parameter                    Beta         Standard Error      Lower           Upper
 -------------------------  --------------  --------------  --------------  --------------
    1:p:(Intercept)         -0.5606992       0.7702996      -2.0704865       0.9490881    
    2:p:effort               0.0016848       0.8209050E-03   0.7581718E-04   0.0032938    
    3:p:under                0.1014165       0.6058038      -1.0859590       1.2887920    
    4:Psi:(Intercept)       -0.9459967       0.4591194      -1.8458707      -0.0461227    
    5:Psi:pctex21           -0.6102833       0.2297195      -1.0605334      -0.1600331    
    6:Psi:under              0.2830128       0.4344946      -0.5685966       1.1346222    


         Real Function Parameters of { p(~effort + under)Psi(~pctex21 + under) }

      Following estimates based on unstandardized individual covariate values:
          Variable   Value         
          ---------  ------------- 
          EFFORT1     906.23188    
          EFFORT2     834.18841    
          EFFORT3     818.18116    
          UNDER       0.5466074    
          PCTEX21     4.8306834    
                                                               95% Confidence Interval
  Parameter                  Estimate       Standard Error      Lower           Upper
 --------------------------  --------------  --------------  --------------  --------------
     1:p g1 a0 t1             0.7352739       0.0786429       0.5571611       0.8597778                          
     2:p g1 a1 t2             0.7109842       0.0792807       0.5359278       0.8397513                          
     3:p g1 a2 t3             0.7054111       0.0795690       0.5306407       0.8353025                          
     4:Psi g1 a0 t1           0.0232169       0.0224275       0.0034096       0.1417263                          


                      Estimates of Derived Parameters
    Occupancy Estimates of { p(~effort + under)Psi(~pctex21 + under) }
                                            95% Confidence Interval
 Group   Psi-hat         Standard Error      Lower           Upper
 -----   --------------  --------------  --------------  --------------
   1      0.0232169       0.0224275       0.0034096       0.1417263    

   CPU Time for the last procedure was 0.05 seconds.     

  Program  MARK  - Survival Rate Estimation with Capture-Recapture Data
   gfortran(dble) Vers. 9.0 Mar 2018     3-Dec-2019 11:04:54    Page  004
 - - - - - - - - - - - - - - - - - - - - - - - - - - - - - - - - - - - - - -
 


  INPUT --- proc stop;

     CPU Time in minutes for this job was 0.00

     Time Start = 11:04:54.689   Time End = 11:04:54.802

     Wall Clock Time in minutes for this job was 0.00


          E X E C U T I O N   S U C C E S S F U L 
