
   Program  MARK  - Survival Rate Estimation with Capture-Recapture Data
   gfortran(dble) Vers. 9.0 Mar 2018     3-Dec-2019 11:05:30    Page  001
 - - - - - - - - - - - - - - - - - - - - - - - - - - - - - - - - - - - - - -
 
   This version was compiled by GCC version 7.2.0 using the options: 
     -cpp -iprefix C:/Program Files/mingw-w64/x86_64-7.2.0-posix-seh-rt_v5-rev1/
     mingw64/bin/../lib/gcc/x86_64-w64-mingw32/7.2.0/ -D_MT -D_REENTRANT
     -U_REENTRANT -D IEEE -D DBLEPRECISION -m64 -mtune=core2 -march=nocona -mthreads
     -O2 -fimplicit-none -fbounds-check -funroll-loops -ftree-vectorize
     -ffpe-summary=invalid,zero,overflow,underflow -fno-unsafe-math-optimizations
     -frounding-math -fsignaling-nans -fopenmp.

   This problem will use 7 of 8 possible threads.


  INPUT --- proc title ;

   CPU Time for the last procedure was 0.01 seconds.     


  INPUT --- proc chmatrix occasions= 3 groups= 1 etype= Occupancy 
  INPUT --- Nodes= 101 icovar = 5 ICMeans  NoHist hist= 138 ;

  INPUT ---    time interval 1 1 1 ;

  INPUT ---     icovariates effort1 effort2 effort3 pctex21 pctVertbnk ;

  INPUT ---    glabel(1)=freq1;

      Number of unique encounter histories read was 138.

      Number of individual covariates read was 5.
      Time interval lengths are all equal to 1.

      Data type number is 27
      Data type is Occupancy Estimation with Detection < 1                                                             

   CPU Time for the last procedure was 0.01 seconds.     

  Program  MARK  - Survival Rate Estimation with Capture-Recapture Data
   gfortran(dble) Vers. 9.0 Mar 2018     3-Dec-2019 11:05:30    Page  002
 - - - - - - - - - - - - - - - - - - - - - - - - - - - - - - - - - - - - - -
 


  INPUT --- proc estimate link=Logit NOLOOP varest=2ndPart    ;


  INPUT --- model={ p(~effort)Psi(~pctex21 + pctVertbnk) };

  INPUT ---    group=1 p    rows=1 cols=3 Square ;
  INPUT ---        1 2 3 ;

  INPUT ---    group=1 Psi    rows=1 cols=1 Square ;
  INPUT ---        4 ;

  INPUT ---    design matrix constraints=4 covariates=5;
  INPUT ---        1 effort1 0 0 0;
  INPUT ---        1 effort2 0 0 0;
  INPUT ---        1 effort3 0 0 0;
  INPUT ---        0 0 1 pctex21 pctVertbnk;
  INPUT ---       blabel(1)=p:(Intercept);
  INPUT ---       blabel(2)=p:effort;
  INPUT ---       blabel(3)=Psi:(Intercept);
  INPUT ---       blabel(4)=Psi:pctex21;
  INPUT ---       blabel(5)=Psi:pctVertbnk;
  INPUT ---       rlabel(1)=p g1 a0 t1;
  INPUT ---       rlabel(2)=p g1 a1 t2;
  INPUT ---       rlabel(3)=p g1 a2 t3;
  INPUT ---       rlabel(4)=Psi g1 a0 t1;

 Link Function Used is LOGIT        

 Variance Estimation Procedure Used is 2ndPart 
 -2logL(saturated) = 0.0000000     
 Effective Sample Size = 138

 Number of function evaluations was 21 for 5 parameters.
 Time for numerical optimization was 0.06 seconds.     
 -2logL { p(~effort)Psi(~pctex21 + pctVertbnk) } = 145.49338     
 Penalty { p(~effort)Psi(~pctex21 + pctVertbnk) } = 0.0000000     
 Gradient { p(~effort)Psi(~pctex21 + pctVertbnk) }:
  0.3791124E-05  0.4884591E-06  0.2832869E-05  0.8547742E-07  0.8036791E-06
 Maximum ABS(G) { p(~effort)Psi(~pctex21 + pctVertbnk) } = 0.3791124E-05 
 S Vector { p(~effort)Psi(~pctex21 + pctVertbnk) }:
   14.84125      7.471670     0.5810659     0.9312372E-01 0.1750128E-01
 Time to compute number of parameters was 0.01 seconds.     
 Ratio Threshold = 50.000000       Max Gap (2/3) = 12.858559       Next Max Gap (3/4) = 6.2397200     
 Gap Method for Num. of Estimated Parameters { p(~effort)Psi(~pctex21 + pctVertbnk) } = 5          
 Threshold { p(~effort)Psi(~pctex21 + pctVertbnk) } = 0.7582247E-05                 
 Numerical Threshold Method for Num. of Estimated Parameters { p(~effort)Psi(~pctex21 + pctVertbnk) } = 5          
 Number of Estimated Parameters { p(~effort)Psi(~pctex21 + pctVertbnk) } = 5          
 DEVIANCE { p(~effort)Psi(~pctex21 + pctVertbnk) } = 145.49338                     
 DEVIANCE Degrees of Freedom { p(~effort)Psi(~pctex21 + pctVertbnk) } = 133            
 c-hat { p(~effort)Psi(~pctex21 + pctVertbnk) } = 1.0939352                     
 AIC { p(~effort)Psi(~pctex21 + pctVertbnk) } = 155.49338                  
 AICc { p(~effort)Psi(~pctex21 + pctVertbnk) } = 155.94792                    
 BIC { p(~effort)Psi(~pctex21 + pctVertbnk) } = 170.12964                    
 Pearson Chisquare { p(~effort)Psi(~pctex21 + pctVertbnk) } = 603.73312                  

  Program  MARK  - Survival Rate Estimation with Capture-Recapture Data
   gfortran(dble) Vers. 9.0 Mar 2018     3-Dec-2019 11:05:31    Page  003
 - - - - - - - - - - - - - - - - - - - - - - - - - - - - - - - - - - - - - -
 


           LOGIT Link Function Parameters of { p(~effort)Psi(~pctex21 + pctVertbnk) }
                                                              95% Confidence Interval
 Parameter                    Beta         Standard Error      Lower           Upper
 -------------------------  --------------  --------------  --------------  --------------
    1:p:(Intercept)         -0.5093272       0.7032104      -1.8876196       0.8689652    
    2:p:effort               0.0017075       0.8083073E-03   0.1232542E-03   0.0032918    
    3:Psi:(Intercept)       -0.3465844       0.4845964      -1.2963934       0.6032245    
    4:Psi:pctex21           -0.6882505       0.2437223      -1.1659462      -0.2105547    
    5:Psi:pctVertbnk        -0.0219723       0.0209282      -0.0629916       0.0190470    


           Real Function Parameters of { p(~effort)Psi(~pctex21 + pctVertbnk) }

      Following estimates based on unstandardized individual covariate values:
          Variable   Value         
          ---------  ------------- 
          EFFORT1     906.23188    
          EFFORT2     834.18841    
          EFFORT3     818.18116    
          PCTEX21     4.8306834    
          PCTVERTBNK  15.307971    
                                                               95% Confidence Interval
  Parameter                  Estimate       Standard Error      Lower           Upper
 --------------------------  --------------  --------------  --------------  --------------
     1:p g1 a0 t1             0.7384826       0.0744672       0.5701205       0.8573988                          
     2:p g1 a1 t2             0.7140386       0.0755509       0.5473242       0.8375751                          
     3:p g1 a2 t3             0.7084250       0.0759538       0.5416621       0.8331973                          
     4:Psi g1 a0 t1           0.0178515       0.0184316       0.0023101       0.1248616                          


                      Estimates of Derived Parameters
     Occupancy Estimates of { p(~effort)Psi(~pctex21 + pctVertbnk) }
                                            95% Confidence Interval
 Group   Psi-hat         Standard Error      Lower           Upper
 -----   --------------  --------------  --------------  --------------
   1      0.0178515       0.0184316       0.0023101       0.1248616    

   CPU Time for the last procedure was 0.06 seconds.     

  Program  MARK  - Survival Rate Estimation with Capture-Recapture Data
   gfortran(dble) Vers. 9.0 Mar 2018     3-Dec-2019 11:05:31    Page  004
 - - - - - - - - - - - - - - - - - - - - - - - - - - - - - - - - - - - - - -
 


  INPUT --- proc stop;

     CPU Time in minutes for this job was 0.00

     Time Start = 11:05:30.339   Time End = 11:05:31.048

     Wall Clock Time in minutes for this job was 0.01


          E X E C U T I O N   S U C C E S S F U L 
