
   Program  MARK  - Survival Rate Estimation with Capture-Recapture Data
   gfortran(dble) Vers. 9.0 Mar 2018     3-Dec-2019 11:10:58    Page  001
 - - - - - - - - - - - - - - - - - - - - - - - - - - - - - - - - - - - - - -
 
   This version was compiled by GCC version 7.2.0 using the options: 
     -cpp -iprefix C:/Program Files/mingw-w64/x86_64-7.2.0-posix-seh-rt_v5-rev1/
     mingw64/bin/../lib/gcc/x86_64-w64-mingw32/7.2.0/ -D_MT -D_REENTRANT
     -U_REENTRANT -D IEEE -D DBLEPRECISION -m64 -mtune=core2 -march=nocona -mthreads
     -O2 -fimplicit-none -fbounds-check -funroll-loops -ftree-vectorize
     -ffpe-summary=invalid,zero,overflow,underflow -fno-unsafe-math-optimizations
     -frounding-math -fsignaling-nans -fopenmp.

   This problem will use 7 of 8 possible threads.


  INPUT --- proc title ;

   CPU Time for the last procedure was 0.01 seconds.     


  INPUT --- proc chmatrix occasions= 3 groups= 1 etype= Occupancy 
  INPUT --- Nodes= 101 icovar = 2 ICMeans  NoHist hist= 138 ;

  INPUT ---    time interval 1 1 1 ;

  INPUT ---     icovariates under WidDep ;

  INPUT ---    glabel(1)=freq1;

      Number of unique encounter histories read was 138.

      Number of individual covariates read was 2.
      Time interval lengths are all equal to 1.

      Data type number is 27
      Data type is Occupancy Estimation with Detection < 1                                                             

   CPU Time for the last procedure was 0.01 seconds.     

  Program  MARK  - Survival Rate Estimation with Capture-Recapture Data
   gfortran(dble) Vers. 9.0 Mar 2018     3-Dec-2019 11:10:58    Page  002
 - - - - - - - - - - - - - - - - - - - - - - - - - - - - - - - - - - - - - -
 


  INPUT --- proc estimate link=Logit NOLOOP varest=2ndPart    ;


  INPUT --- model={ p(~under)Psi(~WidDep) };

  INPUT ---    group=1 p    rows=1 cols=3 Square ;
  INPUT ---        1 1 1 ;

  INPUT ---    group=1 Psi    rows=1 cols=1 Square ;
  INPUT ---        2 ;

  INPUT ---    design matrix constraints=2 covariates=4;
  INPUT ---        1 under 0 0;
  INPUT ---        0 0 1 WidDep;
  INPUT ---       blabel(1)=p:(Intercept);
  INPUT ---       blabel(2)=p:under;
  INPUT ---       blabel(3)=Psi:(Intercept);
  INPUT ---       blabel(4)=Psi:WidDep;
  INPUT ---       rlabel(1)=p g1 a0 t1;
  INPUT ---       rlabel(2)=Psi g1 a0 t1;

 Link Function Used is LOGIT        

 Variance Estimation Procedure Used is 2ndPart 
 -2logL(saturated) = 0.0000000     
 Effective Sample Size = 138

 Number of function evaluations was 10 for 4 parameters.
 Time for numerical optimization was 0.01 seconds.     
 -2logL { p(~under)Psi(~WidDep) } = 174.82233     
 Penalty { p(~under)Psi(~WidDep) } = 0.0000000     
 Gradient { p(~under)Psi(~WidDep) }:
  0.3496873E-05  0.9628964E-06  0.2934504E-05  0.1341623E-05
 Maximum ABS(G) { p(~under)Psi(~WidDep) } = 0.3496873E-05 
 S Vector { p(~under)Psi(~WidDep) }:
   20.07853      10.20490     0.5267451     0.4953425    
 Time to compute number of parameters was 0.01 seconds.     
 Ratio Threshold = 50.000000       Max Gap (2/3) = 19.373504       Next Max Gap (1/2) = 1.9675385     
 Gap Method for Num. of Estimated Parameters { p(~under)Psi(~WidDep) } = 4          
 Threshold { p(~under)Psi(~WidDep) } = 0.6993747E-05                 
 Numerical Threshold Method for Num. of Estimated Parameters { p(~under)Psi(~WidDep) } = 4          
 Number of Estimated Parameters { p(~under)Psi(~WidDep) } = 4          
 DEVIANCE { p(~under)Psi(~WidDep) } = 174.82233                     
 DEVIANCE Degrees of Freedom { p(~under)Psi(~WidDep) } = 134            
 c-hat { p(~under)Psi(~WidDep) } = 1.3046442                     
 AIC { p(~under)Psi(~WidDep) } = 182.82233                  
 AICc { p(~under)Psi(~WidDep) } = 183.12308                    
 BIC { p(~under)Psi(~WidDep) } = 194.53134                    
 Pearson Chisquare { p(~under)Psi(~WidDep) } = 1062.4666                  


                  LOGIT Link Function Parameters of { p(~under)Psi(~WidDep) }
                                                              95% Confidence Interval
 Parameter                    Beta         Standard Error      Lower           Upper
 -------------------------  --------------  --------------  --------------  --------------
    1:p:(Intercept)          0.6363320       0.5208318      -0.3844983       1.6571623    
    2:p:under                0.4058670       0.5461026      -0.6644942       1.4762281    
    3:Psi:(Intercept)       -1.5998919       0.6491836      -2.8722918      -0.3274921    

  Program  MARK  - Survival Rate Estimation with Capture-Recapture Data
   gfortran(dble) Vers. 9.0 Mar 2018     3-Dec-2019 11:10:58    Page  003
 - - - - - - - - - - - - - - - - - - - - - - - - - - - - - - - - - - - - - -
 
    4:Psi:WidDep            -0.0156006       0.0472435      -0.1081979       0.0769966    


                  Real Function Parameters of { p(~under)Psi(~WidDep) }

      Following estimates based on unstandardized individual covariate values:
          Variable   Value         
          ---------  ------------- 
          UNDER       0.5466074    
          WIDDEP      13.033426    
                                                               95% Confidence Interval
  Parameter                  Estimate       Standard Error      Lower           Upper
 --------------------------  --------------  --------------  --------------  --------------
     1:p g1 a0 t1             0.7022807       0.0719192       0.5458683       0.8223533                          
     2:Psi g1 a0 t1           0.1414594       0.0304067       0.0916260       0.2120684                          


                      Estimates of Derived Parameters
             Occupancy Estimates of { p(~under)Psi(~WidDep) }
                                            95% Confidence Interval
 Group   Psi-hat         Standard Error      Lower           Upper
 -----   --------------  --------------  --------------  --------------
   1      0.1414594       0.0304067       0.0916260       0.2120684    

   CPU Time for the last procedure was 0.01 seconds.     

  Program  MARK  - Survival Rate Estimation with Capture-Recapture Data
   gfortran(dble) Vers. 9.0 Mar 2018     3-Dec-2019 11:10:58    Page  004
 - - - - - - - - - - - - - - - - - - - - - - - - - - - - - - - - - - - - - -
 


  INPUT --- proc stop;

     CPU Time in minutes for this job was 0.00

     Time Start = 11:10:58.737   Time End = 11:10:58.755

     Wall Clock Time in minutes for this job was 0.00


          E X E C U T I O N   S U C C E S S F U L 
