
   Program  MARK  - Survival Rate Estimation with Capture-Recapture Data
   gfortran(dble) Vers. 9.0 Mar 2018     3-Dec-2019 11:03:28    Page  001
 - - - - - - - - - - - - - - - - - - - - - - - - - - - - - - - - - - - - - -
 
   This version was compiled by GCC version 7.2.0 using the options: 
     -cpp -iprefix C:/Program Files/mingw-w64/x86_64-7.2.0-posix-seh-rt_v5-rev1/
     mingw64/bin/../lib/gcc/x86_64-w64-mingw32/7.2.0/ -D_MT -D_REENTRANT
     -U_REENTRANT -D IEEE -D DBLEPRECISION -m64 -mtune=core2 -march=nocona -mthreads
     -O2 -fimplicit-none -fbounds-check -funroll-loops -ftree-vectorize
     -ffpe-summary=invalid,zero,overflow,underflow -fno-unsafe-math-optimizations
     -frounding-math -fsignaling-nans -fopenmp.

   This problem will use 7 of 8 possible threads.


  INPUT --- proc title ;

   CPU Time for the last procedure was 0.01 seconds.     


  INPUT --- proc chmatrix occasions= 3 groups= 1 etype= Occupancy 
  INPUT --- Nodes= 101 icovar = 5 ICMeans  NoHist hist= 138 ;

  INPUT ---    time interval 1 1 1 ;

  INPUT ---     icovariates effort1 effort2 effort3 pctex21 Sinuosity ;

  INPUT ---    glabel(1)=freq1;

      Number of unique encounter histories read was 138.

      Number of individual covariates read was 5.
      Time interval lengths are all equal to 1.

      Data type number is 27
      Data type is Occupancy Estimation with Detection < 1                                                             

   CPU Time for the last procedure was 0.02 seconds.     

  Program  MARK  - Survival Rate Estimation with Capture-Recapture Data
   gfortran(dble) Vers. 9.0 Mar 2018     3-Dec-2019 11:03:28    Page  002
 - - - - - - - - - - - - - - - - - - - - - - - - - - - - - - - - - - - - - -
 


  INPUT --- proc estimate link=Logit NOLOOP varest=2ndPart    ;


  INPUT --- model={ p(~effort)Psi(~pctex21 + Sinuosity) };

  INPUT ---    group=1 p    rows=1 cols=3 Square ;
  INPUT ---        1 2 3 ;

  INPUT ---    group=1 Psi    rows=1 cols=1 Square ;
  INPUT ---        4 ;

  INPUT ---    design matrix constraints=4 covariates=5;
  INPUT ---        1 effort1 0 0 0;
  INPUT ---        1 effort2 0 0 0;
  INPUT ---        1 effort3 0 0 0;
  INPUT ---        0 0 1 pctex21 Sinuosity;
  INPUT ---       blabel(1)=p:(Intercept);
  INPUT ---       blabel(2)=p:effort;
  INPUT ---       blabel(3)=Psi:(Intercept);
  INPUT ---       blabel(4)=Psi:pctex21;
  INPUT ---       blabel(5)=Psi:Sinuosity;
  INPUT ---       rlabel(1)=p g1 a0 t1;
  INPUT ---       rlabel(2)=p g1 a1 t2;
  INPUT ---       rlabel(3)=p g1 a2 t3;
  INPUT ---       rlabel(4)=Psi g1 a0 t1;

 Link Function Used is LOGIT        

 Variance Estimation Procedure Used is 2ndPart 
 -2logL(saturated) = 0.0000000     
 Effective Sample Size = 138

 Number of function evaluations was 26 for 5 parameters.
 Time for numerical optimization was 0.06 seconds.     
 -2logL { p(~effort)Psi(~pctex21 + Sinuosity) } = 146.63724     
 Penalty { p(~effort)Psi(~pctex21 + Sinuosity) } = 0.0000000     
 Gradient { p(~effort)Psi(~pctex21 + Sinuosity) }:
 -0.1265940E-05   0.000000      0.8893659E-06   0.000000       0.000000    
 Maximum ABS(G) { p(~effort)Psi(~pctex21 + Sinuosity) } = 0.1265940E-05 
 S Vector { p(~effort)Psi(~pctex21 + Sinuosity) }:
   18.19590      7.636020     0.9326652E-01 0.5243451E-01 0.1998002E-01
 Time to compute number of parameters was 0.09 seconds.     
 Ratio Threshold = 50.000000       Max Gap (2/3) = 81.873118       Next Max Gap (4/5) = 2.6243471     
 Gap Method for Num. of Estimated Parameters { p(~effort)Psi(~pctex21 + Sinuosity) } = 2          
 Threshold { p(~effort)Psi(~pctex21 + Sinuosity) } = 0.2531879E-05                 
 Numerical Threshold Method for Num. of Estimated Parameters { p(~effort)Psi(~pctex21 + Sinuosity) } = 5          
 Number of Estimated Parameters { p(~effort)Psi(~pctex21 + Sinuosity) } = 5          

   * *  WARNING  * *   Number of parameters estimated from gap method (=2) and threshold method (=5) differ.  Inspect full output.                                                                                                                                                                                                                                                                                                                                                                                                                      

  Program  MARK  - Survival Rate Estimation with Capture-Recapture Data
   gfortran(dble) Vers. 9.0 Mar 2018     3-Dec-2019 11:03:29    Page  003
 - - - - - - - - - - - - - - - - - - - - - - - - - - - - - - - - - - - - - -
 
 Ratios of S Vector { p(~effort)Psi(~pctex21 + Sinuosity) }:
   1/2    2.382903       2/3    81.87312       3/4    1.778724       4/5    2.624347    
 DEVIANCE { p(~effort)Psi(~pctex21 + Sinuosity) } = 146.63724                     
 DEVIANCE Degrees of Freedom { p(~effort)Psi(~pctex21 + Sinuosity) } = 133            
 c-hat { p(~effort)Psi(~pctex21 + Sinuosity) } = 1.1025356                     
 AIC { p(~effort)Psi(~pctex21 + Sinuosity) } = 156.63724                  
 AICc { p(~effort)Psi(~pctex21 + Sinuosity) } = 157.09178                    
 BIC { p(~effort)Psi(~pctex21 + Sinuosity) } = 171.27350                    
 Pearson Chisquare { p(~effort)Psi(~pctex21 + Sinuosity) } = 646.81600                  


           LOGIT Link Function Parameters of { p(~effort)Psi(~pctex21 + Sinuosity) }
                                                              95% Confidence Interval
 Parameter                    Beta         Standard Error      Lower           Upper
 -------------------------  --------------  --------------  --------------  --------------
    1:p:(Intercept)         -0.5066663       0.7032717      -1.8850788       0.8717463    
    2:p:effort               0.0017074       0.8100542E-03   0.1197299E-03   0.0032951    
    3:Psi:(Intercept)       -1.1446164       2.1310377      -5.3214504       3.0322175    
    4:Psi:pctex21           -0.6314366       0.2283377      -1.0789785      -0.1838946    
    5:Psi:Sinuosity          0.3306213       1.7089355      -3.0188924       3.6801350    


           Real Function Parameters of { p(~effort)Psi(~pctex21 + Sinuosity) }

      Following estimates based on unstandardized individual covariate values:
          Variable   Value         
          ---------  ------------- 
          EFFORT1     906.23188    
          EFFORT2     834.18841    
          EFFORT3     818.18116    
          PCTEX21     4.8306834    
          SINUOSITY   1.2535645    
                                                               95% Confidence Interval
  Parameter                  Estimate       Standard Error      Lower           Upper
 --------------------------  --------------  --------------  --------------  --------------
     1:p g1 a0 t1             0.7389786       0.0743403       0.5708388       0.8576685                          
     2:p g1 a1 t2             0.7145645       0.0753864       0.5481556       0.8378195                          
     3:p g1 a2 t3             0.7089574       0.0757812       0.5425165       0.8334355                          
     4:Psi g1 a0 t1           0.0223040       0.0216018       0.0032624       0.1371887                          


                      Estimates of Derived Parameters
      Occupancy Estimates of { p(~effort)Psi(~pctex21 + Sinuosity) }
                                            95% Confidence Interval
 Group   Psi-hat         Standard Error      Lower           Upper
 -----   --------------  --------------  --------------  --------------
   1      0.0223040       0.0216018       0.0032624       0.1371887    

 Attempted ordering of parameters by estimatibility:
  3 1 2 5 4
 Beta number 4 is a singular value.

   CPU Time for the last procedure was 0.16 seconds.     

  Program  MARK  - Survival Rate Estimation with Capture-Recapture Data
   gfortran(dble) Vers. 9.0 Mar 2018     3-Dec-2019 11:03:29    Page  004
 - - - - - - - - - - - - - - - - - - - - - - - - - - - - - - - - - - - - - -
 


  INPUT --- proc stop;

     CPU Time in minutes for this job was 0.00

     Time Start = 11:03:28.899   Time End = 11:03:29.878

     Wall Clock Time in minutes for this job was 0.02


          E X E C U T I O N   S U C C E S S F U L 
