
   Program  MARK  - Survival Rate Estimation with Capture-Recapture Data
   gfortran(dble) Vers. 9.0 Mar 2018     3-Dec-2019 10:56:10    Page  001
 - - - - - - - - - - - - - - - - - - - - - - - - - - - - - - - - - - - - - -
 
   This version was compiled by GCC version 7.2.0 using the options: 
     -cpp -iprefix C:/Program Files/mingw-w64/x86_64-7.2.0-posix-seh-rt_v5-rev1/
     mingw64/bin/../lib/gcc/x86_64-w64-mingw32/7.2.0/ -D_MT -D_REENTRANT
     -U_REENTRANT -D IEEE -D DBLEPRECISION -m64 -mtune=core2 -march=nocona -mthreads
     -O2 -fimplicit-none -fbounds-check -funroll-loops -ftree-vectorize
     -ffpe-summary=invalid,zero,overflow,underflow -fno-unsafe-math-optimizations
     -frounding-math -fsignaling-nans -fopenmp.

   This problem will use 7 of 8 possible threads.


  INPUT --- proc title ;

   CPU Time for the last procedure was 0.01 seconds.     


  INPUT --- proc chmatrix occasions= 3 groups= 1 etype= Occupancy 
  INPUT --- Nodes= 101 icovar = 5 ICMeans  NoHist hist= 138 ;

  INPUT ---    time interval 1 1 1 ;

  INPUT ---     icovariates effort1 effort2 effort3 LWD avdep ;

  INPUT ---    glabel(1)=freq1;

      Number of unique encounter histories read was 138.

      Number of individual covariates read was 5.
      Time interval lengths are all equal to 1.

      Data type number is 27
      Data type is Occupancy Estimation with Detection < 1                                                             

   CPU Time for the last procedure was 0.02 seconds.     

  Program  MARK  - Survival Rate Estimation with Capture-Recapture Data
   gfortran(dble) Vers. 9.0 Mar 2018     3-Dec-2019 10:56:10    Page  002
 - - - - - - - - - - - - - - - - - - - - - - - - - - - - - - - - - - - - - -
 


  INPUT --- proc estimate link=Logit NOLOOP varest=2ndPart    ;


  INPUT --- model={ p(~effort + LWD)Psi(~avdep) };

  INPUT ---    group=1 p    rows=1 cols=3 Square ;
  INPUT ---        1 2 3 ;

  INPUT ---    group=1 Psi    rows=1 cols=1 Square ;
  INPUT ---        4 ;

  INPUT ---    design matrix constraints=4 covariates=5;
  INPUT ---        1 effort1 LWD 0 0;
  INPUT ---        1 effort2 LWD 0 0;
  INPUT ---        1 effort3 LWD 0 0;
  INPUT ---        0 0 0 1 avdep;
  INPUT ---       blabel(1)=p:(Intercept);
  INPUT ---       blabel(2)=p:effort;
  INPUT ---       blabel(3)=p:LWD;
  INPUT ---       blabel(4)=Psi:(Intercept);
  INPUT ---       blabel(5)=Psi:avdep;
  INPUT ---       rlabel(1)=p g1 a0 t1;
  INPUT ---       rlabel(2)=p g1 a1 t2;
  INPUT ---       rlabel(3)=p g1 a2 t3;
  INPUT ---       rlabel(4)=Psi g1 a0 t1;

 Link Function Used is LOGIT        

 Variance Estimation Procedure Used is 2ndPart 
 -2logL(saturated) = 0.0000000     
 Effective Sample Size = 138

 Number of function evaluations was 20 for 5 parameters.
 Time for numerical optimization was 0.09 seconds.     
 -2logL { p(~effort + LWD)Psi(~avdep) } = 168.08864     
 Penalty { p(~effort + LWD)Psi(~avdep) } = 0.0000000     
 Gradient { p(~effort + LWD)Psi(~avdep) }:
 -0.1978380E-05 -0.2361727E-06 -0.6277916E-06 -0.1349262E-05   0.000000    
 Maximum ABS(G) { p(~effort + LWD)Psi(~avdep) } = 0.1978380E-05 
 S Vector { p(~effort + LWD)Psi(~avdep) }:
   17.56542      8.394073     0.2900455     0.1338440     0.9112101E-01
 Time to compute number of parameters was 0.01 seconds.     
 Ratio Threshold = 50.000000       Max Gap (2/3) = 28.940535       Next Max Gap (3/4) = 2.1670422     
 Gap Method for Num. of Estimated Parameters { p(~effort + LWD)Psi(~avdep) } = 5          
 Threshold { p(~effort + LWD)Psi(~avdep) } = 0.3956759E-05                 
 Numerical Threshold Method for Num. of Estimated Parameters { p(~effort + LWD)Psi(~avdep) } = 5          
 Number of Estimated Parameters { p(~effort + LWD)Psi(~avdep) } = 5          
 DEVIANCE { p(~effort + LWD)Psi(~avdep) } = 168.08864                     
 DEVIANCE Degrees of Freedom { p(~effort + LWD)Psi(~avdep) } = 133            
 c-hat { p(~effort + LWD)Psi(~avdep) } = 1.2638244                     
 AIC { p(~effort + LWD)Psi(~avdep) } = 178.08864                  
 AICc { p(~effort + LWD)Psi(~avdep) } = 178.54319                    
 BIC { p(~effort + LWD)Psi(~avdep) } = 192.72491                    
 Pearson Chisquare { p(~effort + LWD)Psi(~avdep) } = 885.98294                  

  Program  MARK  - Survival Rate Estimation with Capture-Recapture Data
   gfortran(dble) Vers. 9.0 Mar 2018     3-Dec-2019 10:56:11    Page  003
 - - - - - - - - - - - - - - - - - - - - - - - - - - - - - - - - - - - - - -
 


               LOGIT Link Function Parameters of { p(~effort + LWD)Psi(~avdep) }
                                                              95% Confidence Interval
 Parameter                    Beta         Standard Error      Lower           Upper
 -------------------------  --------------  --------------  --------------  --------------
    1:p:(Intercept)         -0.9281927       0.8436616      -2.5817694       0.7253841    
    2:p:effort               0.0017743       0.7988936E-03   0.2085105E-03   0.0033402    
    3:p:LWD                  2.0381877       1.9017617      -1.6892654       5.7656407    
    4:Psi:(Intercept)       -1.8272463       0.7379391      -3.2736069      -0.3808857    
    5:Psi:avdep              0.2614888       2.6544428      -4.9412191       5.4641967    


               Real Function Parameters of { p(~effort + LWD)Psi(~avdep) }

      Following estimates based on unstandardized individual covariate values:
          Variable   Value         
          ---------  ------------- 
          EFFORT1     906.23188    
          EFFORT2     834.18841    
          EFFORT3     818.18116    
          LWD         0.2273503    
          AVDEP       0.2562426    
                                                               95% Confidence Interval
  Parameter                  Estimate       Standard Error      Lower           Upper
 --------------------------  --------------  --------------  --------------  --------------
     1:p g1 a0 t1             0.7582585       0.0711048       0.5945610       0.8702824                          
     2:p g1 a1 t2             0.7340611       0.0720741       0.5724092       0.8505553                          
     3:p g1 a2 t3             0.7284798       0.0724228       0.5669149       0.8461308                          
     4:Psi g1 a0 t1           0.1467601       0.0320078       0.0943847       0.2211035                          


                      Estimates of Derived Parameters
          Occupancy Estimates of { p(~effort + LWD)Psi(~avdep) }
                                            95% Confidence Interval
 Group   Psi-hat         Standard Error      Lower           Upper
 -----   --------------  --------------  --------------  --------------
   1      0.1467601       0.0320078       0.0943847       0.2211035    

   CPU Time for the last procedure was 0.11 seconds.     

  Program  MARK  - Survival Rate Estimation with Capture-Recapture Data
   gfortran(dble) Vers. 9.0 Mar 2018     3-Dec-2019 10:56:11    Page  004
 - - - - - - - - - - - - - - - - - - - - - - - - - - - - - - - - - - - - - -
 


  INPUT --- proc stop;

     CPU Time in minutes for this job was 0.00

     Time Start = 10:56:10.208   Time End = 10:56:11.492

     Wall Clock Time in minutes for this job was 0.02


          E X E C U T I O N   S U C C E S S F U L 
