
   Program  MARK  - Survival Rate Estimation with Capture-Recapture Data
   gfortran(dble) Vers. 9.0 Mar 2018     3-Dec-2019 10:57:51    Page  001
 - - - - - - - - - - - - - - - - - - - - - - - - - - - - - - - - - - - - - -
 
   This version was compiled by GCC version 7.2.0 using the options: 
     -cpp -iprefix C:/Program Files/mingw-w64/x86_64-7.2.0-posix-seh-rt_v5-rev1/
     mingw64/bin/../lib/gcc/x86_64-w64-mingw32/7.2.0/ -D_MT -D_REENTRANT
     -U_REENTRANT -D IEEE -D DBLEPRECISION -m64 -mtune=core2 -march=nocona -mthreads
     -O2 -fimplicit-none -fbounds-check -funroll-loops -ftree-vectorize
     -ffpe-summary=invalid,zero,overflow,underflow -fno-unsafe-math-optimizations
     -frounding-math -fsignaling-nans -fopenmp.

   This problem will use 7 of 8 possible threads.


  INPUT --- proc title ;

   CPU Time for the last procedure was 0.01 seconds.     


  INPUT --- proc chmatrix occasions= 3 groups= 1 etype= Occupancy 
  INPUT --- Nodes= 101 icovar = 2 ICMeans  NoHist hist= 138 ;

  INPUT ---    time interval 1 1 1 ;

  INPUT ---     icovariates LWD HAiFLS_nat ;

  INPUT ---    glabel(1)=freq1;

      Number of unique encounter histories read was 138.

      Number of individual covariates read was 2.
      Time interval lengths are all equal to 1.

      Data type number is 27
      Data type is Occupancy Estimation with Detection < 1                                                             

   CPU Time for the last procedure was 0.02 seconds.     

  Program  MARK  - Survival Rate Estimation with Capture-Recapture Data
   gfortran(dble) Vers. 9.0 Mar 2018     3-Dec-2019 10:57:51    Page  002
 - - - - - - - - - - - - - - - - - - - - - - - - - - - - - - - - - - - - - -
 


  INPUT --- proc estimate link=Logit NOLOOP varest=2ndPart    ;


  INPUT --- model={ p(~LWD)Psi(~HAiFLS_nat) };

  INPUT ---    group=1 p    rows=1 cols=3 Square ;
  INPUT ---        1 1 1 ;

  INPUT ---    group=1 Psi    rows=1 cols=1 Square ;
  INPUT ---        2 ;

  INPUT ---    design matrix constraints=2 covariates=4;
  INPUT ---        1 LWD 0 0;
  INPUT ---        0 0 1 HAiFLS_nat;
  INPUT ---       blabel(1)=p:(Intercept);
  INPUT ---       blabel(2)=p:LWD;
  INPUT ---       blabel(3)=Psi:(Intercept);
  INPUT ---       blabel(4)=Psi:HAiFLS_nat;
  INPUT ---       rlabel(1)=p g1 a0 t1;
  INPUT ---       rlabel(2)=Psi g1 a0 t1;

 Link Function Used is LOGIT        

 Variance Estimation Procedure Used is 2ndPart 
 -2logL(saturated) = 0.0000000     
 Effective Sample Size = 138

 Number of function evaluations was 11 for 4 parameters.
 Time for numerical optimization was 0.01 seconds.     
 -2logL { p(~LWD)Psi(~HAiFLS_nat) } = 169.72651     
 Penalty { p(~LWD)Psi(~HAiFLS_nat) } = 0.0000000     
 Gradient { p(~LWD)Psi(~HAiFLS_nat) }:
  0.1032693E-05   0.000000     -0.5414145E-06 -0.6421341E-06
 Maximum ABS(G) { p(~LWD)Psi(~HAiFLS_nat) } = 0.1032693E-05 
 S Vector { p(~LWD)Psi(~HAiFLS_nat) }:
   18.52966      9.993335      1.249009     0.2837396    
 Time to compute number of parameters was 0.01 seconds.     
 Ratio Threshold = 50.000000       Max Gap (2/3) = 8.0010106       Next Max Gap (3/4) = 4.4019557     
 Gap Method for Num. of Estimated Parameters { p(~LWD)Psi(~HAiFLS_nat) } = 4          
 Threshold { p(~LWD)Psi(~HAiFLS_nat) } = 0.2065386E-05                 
 Numerical Threshold Method for Num. of Estimated Parameters { p(~LWD)Psi(~HAiFLS_nat) } = 4          
 Number of Estimated Parameters { p(~LWD)Psi(~HAiFLS_nat) } = 4          
 DEVIANCE { p(~LWD)Psi(~HAiFLS_nat) } = 169.72651                     
 DEVIANCE Degrees of Freedom { p(~LWD)Psi(~HAiFLS_nat) } = 134            
 c-hat { p(~LWD)Psi(~HAiFLS_nat) } = 1.2666157                     
 AIC { p(~LWD)Psi(~HAiFLS_nat) } = 177.72651                  
 AICc { p(~LWD)Psi(~HAiFLS_nat) } = 178.02726                    
 BIC { p(~LWD)Psi(~HAiFLS_nat) } = 189.43552                    
 Pearson Chisquare { p(~LWD)Psi(~HAiFLS_nat) } = 934.97301                  


                 LOGIT Link Function Parameters of { p(~LWD)Psi(~HAiFLS_nat) }
                                                              95% Confidence Interval
 Parameter                    Beta         Standard Error      Lower           Upper
 -------------------------  --------------  --------------  --------------  --------------
    1:p:(Intercept)          0.8469658       0.4582005      -0.0511073       1.7450388    
    2:p:LWD                  0.5623037       1.8476046      -3.0590014       4.1836087    
    3:Psi:(Intercept)       -2.5228990       0.4269045      -3.3596319      -1.6861661    

  Program  MARK  - Survival Rate Estimation with Capture-Recapture Data
   gfortran(dble) Vers. 9.0 Mar 2018     3-Dec-2019 10:57:51    Page  003
 - - - - - - - - - - - - - - - - - - - - - - - - - - - - - - - - - - - - - -
 
    4:Psi:HAiFLS_nat         0.0197267       0.0082146       0.0036262       0.0358272    


                 Real Function Parameters of { p(~LWD)Psi(~HAiFLS_nat) }

      Following estimates based on unstandardized individual covariate values:
          Variable   Value         
          ---------  ------------- 
          LWD         0.2273503    
          HAIFLS_NAT  30.404180    
                                                               95% Confidence Interval
  Parameter                  Estimate       Standard Error      Lower           Upper
 --------------------------  --------------  --------------  --------------  --------------
     1:p g1 a0 t1             0.7260763       0.0663353       0.5795899       0.8359669                          
     2:Psi g1 a0 t1           0.1275135       0.0301691       0.0791010       0.1991484                          


                      Estimates of Derived Parameters
            Occupancy Estimates of { p(~LWD)Psi(~HAiFLS_nat) }
                                            95% Confidence Interval
 Group   Psi-hat         Standard Error      Lower           Upper
 -----   --------------  --------------  --------------  --------------
   1      0.1275135       0.0301691       0.0791010       0.1991484    

   CPU Time for the last procedure was 0.02 seconds.     

  Program  MARK  - Survival Rate Estimation with Capture-Recapture Data
   gfortran(dble) Vers. 9.0 Mar 2018     3-Dec-2019 10:57:51    Page  004
 - - - - - - - - - - - - - - - - - - - - - - - - - - - - - - - - - - - - - -
 


  INPUT --- proc stop;

     CPU Time in minutes for this job was 0.00

     Time Start = 10:57:51.287   Time End = 10:57:51.728

     Wall Clock Time in minutes for this job was 0.01


          E X E C U T I O N   S U C C E S S F U L 
