
   Program  MARK  - Survival Rate Estimation with Capture-Recapture Data
   gfortran(dble) Vers. 9.0 Mar 2018     3-Dec-2019 11:08:22    Page  001
 - - - - - - - - - - - - - - - - - - - - - - - - - - - - - - - - - - - - - -
 
   This version was compiled by GCC version 7.2.0 using the options: 
     -cpp -iprefix C:/Program Files/mingw-w64/x86_64-7.2.0-posix-seh-rt_v5-rev1/
     mingw64/bin/../lib/gcc/x86_64-w64-mingw32/7.2.0/ -D_MT -D_REENTRANT
     -U_REENTRANT -D IEEE -D DBLEPRECISION -m64 -mtune=core2 -march=nocona -mthreads
     -O2 -fimplicit-none -fbounds-check -funroll-loops -ftree-vectorize
     -ffpe-summary=invalid,zero,overflow,underflow -fno-unsafe-math-optimizations
     -frounding-math -fsignaling-nans -fopenmp.

   This problem will use 7 of 8 possible threads.


  INPUT --- proc title ;

   CPU Time for the last procedure was 0.01 seconds.     


  INPUT --- proc chmatrix occasions= 3 groups= 1 etype= Occupancy 
  INPUT --- Nodes= 101 icovar = 2 ICMeans  NoHist hist= 138 ;

  INPUT ---    time interval 1 1 1 ;

  INPUT ---     icovariates LWD Sinuosity ;

  INPUT ---    glabel(1)=freq1;

      Number of unique encounter histories read was 138.

      Number of individual covariates read was 2.
      Time interval lengths are all equal to 1.

      Data type number is 27
      Data type is Occupancy Estimation with Detection < 1                                                             

   CPU Time for the last procedure was 0.01 seconds.     

  Program  MARK  - Survival Rate Estimation with Capture-Recapture Data
   gfortran(dble) Vers. 9.0 Mar 2018     3-Dec-2019 11:08:22    Page  002
 - - - - - - - - - - - - - - - - - - - - - - - - - - - - - - - - - - - - - -
 


  INPUT --- proc estimate link=Logit NOLOOP varest=2ndPart    ;


  INPUT --- model={ p(~LWD)Psi(~Sinuosity) };

  INPUT ---    group=1 p    rows=1 cols=3 Square ;
  INPUT ---        1 1 1 ;

  INPUT ---    group=1 Psi    rows=1 cols=1 Square ;
  INPUT ---        2 ;

  INPUT ---    design matrix constraints=2 covariates=4;
  INPUT ---        1 LWD 0 0;
  INPUT ---        0 0 1 Sinuosity;
  INPUT ---       blabel(1)=p:(Intercept);
  INPUT ---       blabel(2)=p:LWD;
  INPUT ---       blabel(3)=Psi:(Intercept);
  INPUT ---       blabel(4)=Psi:Sinuosity;
  INPUT ---       rlabel(1)=p g1 a0 t1;
  INPUT ---       rlabel(2)=Psi g1 a0 t1;

 Link Function Used is LOGIT        

 Variance Estimation Procedure Used is 2ndPart 
 -2logL(saturated) = 0.0000000     
 Effective Sample Size = 138

 Number of function evaluations was 13 for 4 parameters.
 Time for numerical optimization was 0.01 seconds.     
 -2logL { p(~LWD)Psi(~Sinuosity) } = 175.19184     
 Penalty { p(~LWD)Psi(~Sinuosity) } = 0.0000000     
 Gradient { p(~LWD)Psi(~Sinuosity) }:
   0.000000       0.000000       0.000000     -0.8087501E-06
 Maximum ABS(G) { p(~LWD)Psi(~Sinuosity) } = 0.8087501E-06 
 S Vector { p(~LWD)Psi(~Sinuosity) }:
   21.33913      10.01037     0.2900273     0.8899144E-01
 Time to compute number of parameters was 0.01 seconds.     
 Ratio Threshold = 50.000000       Max Gap (2/3) = 34.515269       Next Max Gap (3/4) = 3.2590475     
 Gap Method for Num. of Estimated Parameters { p(~LWD)Psi(~Sinuosity) } = 4          
 Threshold { p(~LWD)Psi(~Sinuosity) } = 0.1617500E-05                 
 Numerical Threshold Method for Num. of Estimated Parameters { p(~LWD)Psi(~Sinuosity) } = 4          
 Number of Estimated Parameters { p(~LWD)Psi(~Sinuosity) } = 4          
 DEVIANCE { p(~LWD)Psi(~Sinuosity) } = 175.19184                     
 DEVIANCE Degrees of Freedom { p(~LWD)Psi(~Sinuosity) } = 134            
 c-hat { p(~LWD)Psi(~Sinuosity) } = 1.3074018                     
 AIC { p(~LWD)Psi(~Sinuosity) } = 183.19184                  
 AICc { p(~LWD)Psi(~Sinuosity) } = 183.49259                    
 BIC { p(~LWD)Psi(~Sinuosity) } = 194.90086                    
 Pearson Chisquare { p(~LWD)Psi(~Sinuosity) } = 1062.0006                  


                  LOGIT Link Function Parameters of { p(~LWD)Psi(~Sinuosity) }
                                                              95% Confidence Interval
 Parameter                    Beta         Standard Error      Lower           Upper
 -------------------------  --------------  --------------  --------------  --------------
    1:p:(Intercept)          0.8342167       0.4602882      -0.0679481       1.7363815    
    2:p:LWD                  0.6263141       1.8263642      -2.9533598       4.2059879    
    3:Psi:(Intercept)       -1.0527643       1.6409706      -4.2690667       2.1635382    

  Program  MARK  - Survival Rate Estimation with Capture-Recapture Data
   gfortran(dble) Vers. 9.0 Mar 2018     3-Dec-2019 11:08:22    Page  003
 - - - - - - - - - - - - - - - - - - - - - - - - - - - - - - - - - - - - - -
 
    4:Psi:Sinuosity         -0.6084892       1.3129931      -3.1819556       1.9649773    


                  Real Function Parameters of { p(~LWD)Psi(~Sinuosity) }

      Following estimates based on unstandardized individual covariate values:
          Variable   Value         
          ---------  ------------- 
          LWD         0.2273503    
          SINUOSITY   1.2535645    
                                                               95% Confidence Interval
  Parameter                  Estimate       Standard Error      Lower           Upper
 --------------------------  --------------  --------------  --------------  --------------
     1:p g1 a0 t1             0.7264349       0.0659215       0.5808932       0.8357277                          
     2:Psi g1 a0 t1           0.1399693       0.0300789       0.0906857       0.2098552                          


                      Estimates of Derived Parameters
            Occupancy Estimates of { p(~LWD)Psi(~Sinuosity) }
                                            95% Confidence Interval
 Group   Psi-hat         Standard Error      Lower           Upper
 -----   --------------  --------------  --------------  --------------
   1      0.1399693       0.0300789       0.0906857       0.2098552    

   CPU Time for the last procedure was 0.02 seconds.     

  Program  MARK  - Survival Rate Estimation with Capture-Recapture Data
   gfortran(dble) Vers. 9.0 Mar 2018     3-Dec-2019 11:08:22    Page  004
 - - - - - - - - - - - - - - - - - - - - - - - - - - - - - - - - - - - - - -
 


  INPUT --- proc stop;

     CPU Time in minutes for this job was 0.00

     Time Start = 11:08:22.738   Time End = 11:08:22.832

     Wall Clock Time in minutes for this job was 0.00


          E X E C U T I O N   S U C C E S S F U L 
