
   Program  MARK  - Survival Rate Estimation with Capture-Recapture Data
   gfortran(dble) Vers. 9.0 Mar 2018     3-Dec-2019 10:59:24    Page  001
 - - - - - - - - - - - - - - - - - - - - - - - - - - - - - - - - - - - - - -
 
   This version was compiled by GCC version 7.2.0 using the options: 
     -cpp -iprefix C:/Program Files/mingw-w64/x86_64-7.2.0-posix-seh-rt_v5-rev1/
     mingw64/bin/../lib/gcc/x86_64-w64-mingw32/7.2.0/ -D_MT -D_REENTRANT
     -U_REENTRANT -D IEEE -D DBLEPRECISION -m64 -mtune=core2 -march=nocona -mthreads
     -O2 -fimplicit-none -fbounds-check -funroll-loops -ftree-vectorize
     -ffpe-summary=invalid,zero,overflow,underflow -fno-unsafe-math-optimizations
     -frounding-math -fsignaling-nans -fopenmp.

   This problem will use 7 of 8 possible threads.


  INPUT --- proc title ;

   CPU Time for the last procedure was 0.01 seconds.     


  INPUT --- proc chmatrix occasions= 3 groups= 1 etype= Occupancy 
  INPUT --- Nodes= 101 icovar = 5 ICMeans  NoHist hist= 138 ;

  INPUT ---    time interval 1 1 1 ;

  INPUT ---     icovariates lwd1 lwd2 lwd3 pctex21 avdep ;

  INPUT ---    glabel(1)=freq1;

      Number of unique encounter histories read was 138.

      Number of individual covariates read was 5.
      Time interval lengths are all equal to 1.

      Data type number is 27
      Data type is Occupancy Estimation with Detection < 1                                                             

   CPU Time for the last procedure was 0.02 seconds.     

  Program  MARK  - Survival Rate Estimation with Capture-Recapture Data
   gfortran(dble) Vers. 9.0 Mar 2018     3-Dec-2019 10:59:24    Page  002
 - - - - - - - - - - - - - - - - - - - - - - - - - - - - - - - - - - - - - -
 


  INPUT --- proc estimate link=Logit NOLOOP varest=2ndPart    ;


  INPUT --- model={ p(~lwd)Psi(~pctex21 + avdep) };

  INPUT ---    group=1 p    rows=1 cols=3 Square ;
  INPUT ---        1 2 3 ;

  INPUT ---    group=1 Psi    rows=1 cols=1 Square ;
  INPUT ---        4 ;

  INPUT ---    design matrix constraints=4 covariates=5;
  INPUT ---        1 lwd1 0 0 0;
  INPUT ---        1 lwd2 0 0 0;
  INPUT ---        1 lwd3 0 0 0;
  INPUT ---        0 0 1 pctex21 avdep;
  INPUT ---       blabel(1)=p:(Intercept);
  INPUT ---       blabel(2)=p:lwd;
  INPUT ---       blabel(3)=Psi:(Intercept);
  INPUT ---       blabel(4)=Psi:pctex21;
  INPUT ---       blabel(5)=Psi:avdep;
  INPUT ---       rlabel(1)=p g1 a0 t1;
  INPUT ---       rlabel(2)=p g1 a1 t2;
  INPUT ---       rlabel(3)=p g1 a2 t3;
  INPUT ---       rlabel(4)=Psi g1 a0 t1;

 Link Function Used is LOGIT        

 Variance Estimation Procedure Used is 2ndPart 
 -2logL(saturated) = 0.0000000     
 Effective Sample Size = 138

 Number of function evaluations was 25 for 5 parameters.
 Time for numerical optimization was 0.02 seconds.     
 -2logL { p(~lwd)Psi(~pctex21 + avdep) } = 152.90397     
 Penalty { p(~lwd)Psi(~pctex21 + avdep) } = 0.0000000     
 Gradient { p(~lwd)Psi(~pctex21 + avdep) }:
 -0.1062054E-05 -0.7519826E-06 -0.1184265E-05 -0.9279114E-07 -0.1089743E-05
 Maximum ABS(G) { p(~lwd)Psi(~pctex21 + avdep) } = 0.1184265E-05 
 S Vector { p(~lwd)Psi(~pctex21 + avdep) }:
   15.06226      9.661989     0.1857056     0.1236547     0.1923906E-01
 Time to compute number of parameters was 0.01 seconds.     
 Ratio Threshold = 50.000000       Max Gap (2/3) = 52.028519       Next Max Gap (4/5) = 6.4272742     
 Gap Method for Num. of Estimated Parameters { p(~lwd)Psi(~pctex21 + avdep) } = 2          
 Threshold { p(~lwd)Psi(~pctex21 + avdep) } = 0.2368529E-05                 
 Numerical Threshold Method for Num. of Estimated Parameters { p(~lwd)Psi(~pctex21 + avdep) } = 5          
 Number of Estimated Parameters { p(~lwd)Psi(~pctex21 + avdep) } = 5          

   * *  WARNING  * *   Number of parameters estimated from gap method (=2) and threshold method (=5) differ.  Inspect full output.                                                                                                                                                                                                                                                                                                                                                                                                                      

  Program  MARK  - Survival Rate Estimation with Capture-Recapture Data
   gfortran(dble) Vers. 9.0 Mar 2018     3-Dec-2019 10:59:25    Page  003
 - - - - - - - - - - - - - - - - - - - - - - - - - - - - - - - - - - - - - -
 
 Ratios of S Vector { p(~lwd)Psi(~pctex21 + avdep) }:
   1/2    1.558919       2/3    52.02852       3/4    1.501808       4/5    6.427274    
 DEVIANCE { p(~lwd)Psi(~pctex21 + avdep) } = 152.90397                     
 DEVIANCE Degrees of Freedom { p(~lwd)Psi(~pctex21 + avdep) } = 133            
 c-hat { p(~lwd)Psi(~pctex21 + avdep) } = 1.1496539                     
 AIC { p(~lwd)Psi(~pctex21 + avdep) } = 162.90397                  
 AICc { p(~lwd)Psi(~pctex21 + avdep) } = 163.35852                    
 BIC { p(~lwd)Psi(~pctex21 + avdep) } = 177.54024                    
 Pearson Chisquare { p(~lwd)Psi(~pctex21 + avdep) } = 924.33853                  


               LOGIT Link Function Parameters of { p(~lwd)Psi(~pctex21 + avdep) }
                                                              95% Confidence Interval
 Parameter                    Beta         Standard Error      Lower           Upper
 -------------------------  --------------  --------------  --------------  --------------
    1:p:(Intercept)          0.7959057       0.3861310       0.0390890       1.5527225    
    2:p:lwd                  0.8779583       1.3202659      -1.7097630       3.4656795    
    3:Psi:(Intercept)       -0.6105765       0.8186844      -2.2151980       0.9940451    
    4:Psi:pctex21           -0.6314580       0.2318171      -1.0858196      -0.1770964    
    5:Psi:avdep             -0.7502746       2.8148624      -6.2674050       4.7668558    


               Real Function Parameters of { p(~lwd)Psi(~pctex21 + avdep) }

      Following estimates based on unstandardized individual covariate values:
          Variable   Value         
          ---------  ------------- 
          LWD1        0.2346014    
          LWD2        0.2355072    
          LWD3        0.2114389    
          PCTEX21     4.8306834    
          AVDEP       0.2562426    
                                                               95% Confidence Interval
  Parameter                  Estimate       Standard Error      Lower           Upper
 --------------------------  --------------  --------------  --------------  --------------
     1:p g1 a0 t1             0.7314273       0.0658877       0.5852782       0.8401404                          
     2:p g1 a1 t2             0.7315835       0.0659309       0.5853078       0.8403375                          
     3:p g1 a2 t3             0.7274137       0.0650339       0.5838721       0.8353998                          
     4:Psi g1 a0 t1           0.0207711       0.0204505       0.0029474       0.1321000                          


                      Estimates of Derived Parameters
         Occupancy Estimates of { p(~lwd)Psi(~pctex21 + avdep) }
                                            95% Confidence Interval
 Group   Psi-hat         Standard Error      Lower           Upper
 -----   --------------  --------------  --------------  --------------
   1      0.0207711       0.0204505       0.0029474       0.1321000    

 Attempted ordering of parameters by estimatibility:
  3 1 2 5 4
 Beta number 4 is a singular value.

   CPU Time for the last procedure was 0.02 seconds.     

  Program  MARK  - Survival Rate Estimation with Capture-Recapture Data
   gfortran(dble) Vers. 9.0 Mar 2018     3-Dec-2019 10:59:25    Page  004
 - - - - - - - - - - - - - - - - - - - - - - - - - - - - - - - - - - - - - -
 


  INPUT --- proc stop;

     CPU Time in minutes for this job was 0.00

     Time Start = 10:59:24.522   Time End = 10:59:25.845

     Wall Clock Time in minutes for this job was 0.02


          E X E C U T I O N   S U C C E S S F U L 
