
   Program  MARK  - Survival Rate Estimation with Capture-Recapture Data
   gfortran(dble) Vers. 9.0 Mar 2018     3-Dec-2019 11:06:55    Page  001
 - - - - - - - - - - - - - - - - - - - - - - - - - - - - - - - - - - - - - -
 
   This version was compiled by GCC version 7.2.0 using the options: 
     -cpp -iprefix C:/Program Files/mingw-w64/x86_64-7.2.0-posix-seh-rt_v5-rev1/
     mingw64/bin/../lib/gcc/x86_64-w64-mingw32/7.2.0/ -D_MT -D_REENTRANT
     -U_REENTRANT -D IEEE -D DBLEPRECISION -m64 -mtune=core2 -march=nocona -mthreads
     -O2 -fimplicit-none -fbounds-check -funroll-loops -ftree-vectorize
     -ffpe-summary=invalid,zero,overflow,underflow -fno-unsafe-math-optimizations
     -frounding-math -fsignaling-nans -fopenmp.

   This problem will use 7 of 8 possible threads.


  INPUT --- proc title ;

   CPU Time for the last procedure was 0.01 seconds.     


  INPUT --- proc chmatrix occasions= 3 groups= 1 etype= Occupancy 
  INPUT --- Nodes= 101 icovar = 2 ICMeans  NoHist hist= 121 ;

  INPUT ---    time interval 1 1 1 ;

  INPUT ---     icovariates LWD depool ;

  INPUT ---    glabel(1)=freq1;

      Number of unique encounter histories read was 121.

      Number of individual covariates read was 2.
      Time interval lengths are all equal to 1.

      Data type number is 27
      Data type is Occupancy Estimation with Detection < 1                                                             

   CPU Time for the last procedure was 0.01 seconds.     

  Program  MARK  - Survival Rate Estimation with Capture-Recapture Data
   gfortran(dble) Vers. 9.0 Mar 2018     3-Dec-2019 11:06:55    Page  002
 - - - - - - - - - - - - - - - - - - - - - - - - - - - - - - - - - - - - - -
 


  INPUT --- proc estimate link=Logit NOLOOP varest=2ndPart    ;


  INPUT --- model={ p(~LWD)Psi(~depool) };

  INPUT ---    group=1 p    rows=1 cols=3 Square ;
  INPUT ---        1 1 1 ;

  INPUT ---    group=1 Psi    rows=1 cols=1 Square ;
  INPUT ---        2 ;

  INPUT ---    design matrix constraints=2 covariates=4;
  INPUT ---        1 LWD 0 0;
  INPUT ---        0 0 1 depool;
  INPUT ---       blabel(1)=p:(Intercept);
  INPUT ---       blabel(2)=p:LWD;
  INPUT ---       blabel(3)=Psi:(Intercept);
  INPUT ---       blabel(4)=Psi:depool;
  INPUT ---       rlabel(1)=p g1 a0 t1;
  INPUT ---       rlabel(2)=Psi g1 a0 t1;

 Link Function Used is LOGIT        

 Variance Estimation Procedure Used is 2ndPart 
 -2logL(saturated) = 0.0000000     
 Effective Sample Size = 138

 Number of function evaluations was 13 for 4 parameters.
 Time for numerical optimization was 0.06 seconds.     
 -2logL { p(~LWD)Psi(~depool) } = 175.25293     
 Penalty { p(~LWD)Psi(~depool) } = 0.0000000     
 Gradient { p(~LWD)Psi(~depool) }:
  0.1039537E-05   0.000000      0.3224283E-05  0.1300370E-05
 Maximum ABS(G) { p(~LWD)Psi(~depool) } = 0.3224283E-05 
 S Vector { p(~LWD)Psi(~depool) }:
   18.15375      9.992184     0.7248510     0.2912803    
 Time to compute number of parameters was 0.01 seconds.     
 Ratio Threshold = 50.000000       Max Gap (2/3) = 13.785154       Next Max Gap (3/4) = 2.4885002     
 Gap Method for Num. of Estimated Parameters { p(~LWD)Psi(~depool) } = 4          
 Threshold { p(~LWD)Psi(~depool) } = 0.6448566E-05                 
 Numerical Threshold Method for Num. of Estimated Parameters { p(~LWD)Psi(~depool) } = 4          
 Number of Estimated Parameters { p(~LWD)Psi(~depool) } = 4          
 DEVIANCE { p(~LWD)Psi(~depool) } = 175.25293                     
 DEVIANCE Degrees of Freedom { p(~LWD)Psi(~depool) } = 134            
 c-hat { p(~LWD)Psi(~depool) } = 1.3078577                     
 AIC { p(~LWD)Psi(~depool) } = 183.25293                  
 AICc { p(~LWD)Psi(~depool) } = 183.55368                    
 BIC { p(~LWD)Psi(~depool) } = 194.96195                    
 Pearson Chisquare { p(~LWD)Psi(~depool) } = 1102.9886                  


                   LOGIT Link Function Parameters of { p(~LWD)Psi(~depool) }
                                                              95% Confidence Interval
 Parameter                    Beta         Standard Error      Lower           Upper
 -------------------------  --------------  --------------  --------------  --------------
    1:p:(Intercept)          0.8348056       0.4596033      -0.0660169       1.7356282    
    2:p:LWD                  0.6230761       1.8224579      -2.9489414       4.1950936    
    3:Psi:(Intercept)       -1.9577873       0.4391612      -2.8185433      -1.0970312    

  Program  MARK  - Survival Rate Estimation with Capture-Recapture Data
   gfortran(dble) Vers. 9.0 Mar 2018     3-Dec-2019 11:06:55    Page  003
 - - - - - - - - - - - - - - - - - - - - - - - - - - - - - - - - - - - - - -
 
    4:Psi:depool             0.1647438       0.3934029      -0.6063260       0.9358136    


                   Real Function Parameters of { p(~LWD)Psi(~depool) }

      Following estimates based on unstandardized individual covariate values:
          Variable   Value         
          ---------  ------------- 
          LWD         0.2273503    
          DEPOOL      0.8757795    
                                                               95% Confidence Interval
  Parameter                  Estimate       Standard Error      Lower           Upper
 --------------------------  --------------  --------------  --------------  --------------
     1:p g1 a0 t1             0.7264057       0.0659308       0.5808455       0.8357142                          
     2:Psi g1 a0 t1           0.1402147       0.0300536       0.0909470       0.2100058                          


                      Estimates of Derived Parameters
              Occupancy Estimates of { p(~LWD)Psi(~depool) }
                                            95% Confidence Interval
 Group   Psi-hat         Standard Error      Lower           Upper
 -----   --------------  --------------  --------------  --------------
   1      0.1402147       0.0300536       0.0909470       0.2100058    

   CPU Time for the last procedure was 0.06 seconds.     

  Program  MARK  - Survival Rate Estimation with Capture-Recapture Data
   gfortran(dble) Vers. 9.0 Mar 2018     3-Dec-2019 11:06:55    Page  004
 - - - - - - - - - - - - - - - - - - - - - - - - - - - - - - - - - - - - - -
 


  INPUT --- proc stop;

     CPU Time in minutes for this job was 0.00

     Time Start = 11:06:55.238   Time End = 11:06:55.253

     Wall Clock Time in minutes for this job was 0.00


          E X E C U T I O N   S U C C E S S F U L 
