
   Program  MARK  - Survival Rate Estimation with Capture-Recapture Data
   gfortran(dble) Vers. 9.0 Mar 2018     3-Dec-2019 11:09:34    Page  001
 - - - - - - - - - - - - - - - - - - - - - - - - - - - - - - - - - - - - - -
 
   This version was compiled by GCC version 7.2.0 using the options: 
     -cpp -iprefix C:/Program Files/mingw-w64/x86_64-7.2.0-posix-seh-rt_v5-rev1/
     mingw64/bin/../lib/gcc/x86_64-w64-mingw32/7.2.0/ -D_MT -D_REENTRANT
     -U_REENTRANT -D IEEE -D DBLEPRECISION -m64 -mtune=core2 -march=nocona -mthreads
     -O2 -fimplicit-none -fbounds-check -funroll-loops -ftree-vectorize
     -ffpe-summary=invalid,zero,overflow,underflow -fno-unsafe-math-optimizations
     -frounding-math -fsignaling-nans -fopenmp.

   This problem will use 7 of 8 possible threads.


  INPUT --- proc title ;

   CPU Time for the last procedure was 0.01 seconds.     


  INPUT --- proc chmatrix occasions= 3 groups= 1 etype= Occupancy 
  INPUT --- Nodes= 101 icovar = 4 ICMeans  NoHist hist= 131 ;

  INPUT ---    time interval 1 1 1 ;

  INPUT ---     icovariates undr1 undr2 undr3 pctslow ;

  INPUT ---    glabel(1)=freq1;

      Number of unique encounter histories read was 131.

      Number of individual covariates read was 4.
      Time interval lengths are all equal to 1.

      Data type number is 27
      Data type is Occupancy Estimation with Detection < 1                                                             

   CPU Time for the last procedure was 0.01 seconds.     

  Program  MARK  - Survival Rate Estimation with Capture-Recapture Data
   gfortran(dble) Vers. 9.0 Mar 2018     3-Dec-2019 11:09:34    Page  002
 - - - - - - - - - - - - - - - - - - - - - - - - - - - - - - - - - - - - - -
 


  INPUT --- proc estimate link=Logit NOLOOP varest=2ndPart    ;


  INPUT --- model={ p(~undr)Psi(~pctslow) };

  INPUT ---    group=1 p    rows=1 cols=3 Square ;
  INPUT ---        1 2 3 ;

  INPUT ---    group=1 Psi    rows=1 cols=1 Square ;
  INPUT ---        4 ;

  INPUT ---    design matrix constraints=4 covariates=4;
  INPUT ---        1 undr1 0 0;
  INPUT ---        1 undr2 0 0;
  INPUT ---        1 undr3 0 0;
  INPUT ---        0 0 1 pctslow;
  INPUT ---       blabel(1)=p:(Intercept);
  INPUT ---       blabel(2)=p:undr;
  INPUT ---       blabel(3)=Psi:(Intercept);
  INPUT ---       blabel(4)=Psi:pctslow;
  INPUT ---       rlabel(1)=p g1 a0 t1;
  INPUT ---       rlabel(2)=p g1 a1 t2;
  INPUT ---       rlabel(3)=p g1 a2 t3;
  INPUT ---       rlabel(4)=Psi g1 a0 t1;

 Link Function Used is LOGIT        

 Variance Estimation Procedure Used is 2ndPart 
 -2logL(saturated) = 0.0000000     
 Effective Sample Size = 138

 Number of function evaluations was 13 for 4 parameters.
 Time for numerical optimization was 0.02 seconds.     
 -2logL { p(~undr)Psi(~pctslow) } = 172.44480     
 Penalty { p(~undr)Psi(~pctslow) } = 0.0000000     
 Gradient { p(~undr)Psi(~pctslow) }:
 -0.1244037E-05 -0.6420027E-06   0.000000       0.000000    
 Maximum ABS(G) { p(~undr)Psi(~pctslow) } = 0.1244037E-05 
 S Vector { p(~undr)Psi(~pctslow) }:
   18.55313      9.293996     0.8164381     0.3549133    
 Time to compute number of parameters was 0.01 seconds.     
 Ratio Threshold = 50.000000       Max Gap (2/3) = 11.383590       Next Max Gap (3/4) = 2.3003877     
 Gap Method for Num. of Estimated Parameters { p(~undr)Psi(~pctslow) } = 4          
 Threshold { p(~undr)Psi(~pctslow) } = 0.2488074E-05                 
 Numerical Threshold Method for Num. of Estimated Parameters { p(~undr)Psi(~pctslow) } = 4          
 Number of Estimated Parameters { p(~undr)Psi(~pctslow) } = 4          
 DEVIANCE { p(~undr)Psi(~pctslow) } = 172.44480                     
 DEVIANCE Degrees of Freedom { p(~undr)Psi(~pctslow) } = 134            
 c-hat { p(~undr)Psi(~pctslow) } = 1.2869015                     
 AIC { p(~undr)Psi(~pctslow) } = 180.44480                  
 AICc { p(~undr)Psi(~pctslow) } = 180.74555                    
 BIC { p(~undr)Psi(~pctslow) } = 192.15381                    
 Pearson Chisquare { p(~undr)Psi(~pctslow) } = 979.20806                  

  Program  MARK  - Survival Rate Estimation with Capture-Recapture Data
   gfortran(dble) Vers. 9.0 Mar 2018     3-Dec-2019 11:09:35    Page  003
 - - - - - - - - - - - - - - - - - - - - - - - - - - - - - - - - - - - - - -
 


                  LOGIT Link Function Parameters of { p(~undr)Psi(~pctslow) }
                                                              95% Confidence Interval
 Parameter                    Beta         Standard Error      Lower           Upper
 -------------------------  --------------  --------------  --------------  --------------
    1:p:(Intercept)          0.5331927       0.4582578      -0.3649925       1.4313780    
    2:p:undr                 0.5631245       0.4706323      -0.3593148       1.4855639    
    3:Psi:(Intercept)       -2.2416563       0.4593085      -3.1419010      -1.3414116    
    4:Psi:pctslow            0.0161373       0.0130640      -0.0094682       0.0417428    


                  Real Function Parameters of { p(~undr)Psi(~pctslow) }

      Following estimates based on unstandardized individual covariate values:
          Variable   Value         
          ---------  ------------- 
          UNDR1       0.5869565    
          UNDR2       0.5483092    
          UNDR3       0.5042271    
          PCTSLOW     25.664251    
                                                               95% Confidence Interval
  Parameter                  Estimate       Standard Error      Lower           Upper
 --------------------------  --------------  --------------  --------------  --------------
     1:p g1 a0 t1             0.7034378       0.0698118       0.5517672       0.8204842                          
     2:p g1 a1 t2             0.6988777       0.0709770       0.5451062       0.8180217                          
     3:p g1 a2 t3             0.6936279       0.0725534       0.5369235       0.8155234                          
     4:Psi g1 a0 t1           0.1385358       0.0306025       0.0886610       0.2100019                          


                      Estimates of Derived Parameters
             Occupancy Estimates of { p(~undr)Psi(~pctslow) }
                                            95% Confidence Interval
 Group   Psi-hat         Standard Error      Lower           Upper
 -----   --------------  --------------  --------------  --------------
   1      0.1385358       0.0306025       0.0886610       0.2100019    

   CPU Time for the last procedure was 0.02 seconds.     

  Program  MARK  - Survival Rate Estimation with Capture-Recapture Data
   gfortran(dble) Vers. 9.0 Mar 2018     3-Dec-2019 11:09:36    Page  004
 - - - - - - - - - - - - - - - - - - - - - - - - - - - - - - - - - - - - - -
 


  INPUT --- proc stop;

     CPU Time in minutes for this job was 0.00

     Time Start = 11:09:34.813   Time End = 11:09:36.696

     Wall Clock Time in minutes for this job was 0.03


          E X E C U T I O N   S U C C E S S F U L 
