
   Program  MARK  - Survival Rate Estimation with Capture-Recapture Data
   gfortran(dble) Vers. 9.0 Mar 2018     3-Dec-2019 11:07:54    Page  001
 - - - - - - - - - - - - - - - - - - - - - - - - - - - - - - - - - - - - - -
 
   This version was compiled by GCC version 7.2.0 using the options: 
     -cpp -iprefix C:/Program Files/mingw-w64/x86_64-7.2.0-posix-seh-rt_v5-rev1/
     mingw64/bin/../lib/gcc/x86_64-w64-mingw32/7.2.0/ -D_MT -D_REENTRANT
     -U_REENTRANT -D IEEE -D DBLEPRECISION -m64 -mtune=core2 -march=nocona -mthreads
     -O2 -fimplicit-none -fbounds-check -funroll-loops -ftree-vectorize
     -ffpe-summary=invalid,zero,overflow,underflow -fno-unsafe-math-optimizations
     -frounding-math -fsignaling-nans -fopenmp.

   This problem will use 7 of 8 possible threads.


  INPUT --- proc title ;

   CPU Time for the last procedure was 0.01 seconds.     


  INPUT --- proc chmatrix occasions= 3 groups= 1 etype= Occupancy 
  INPUT --- Nodes= 101 icovar = 4 ICMeans  NoHist hist= 136 ;

  INPUT ---    time interval 1 1 1 ;

  INPUT ---     icovariates lwd1 lwd2 lwd3 pctShade ;

  INPUT ---    glabel(1)=freq1;

      Number of unique encounter histories read was 136.

      Number of individual covariates read was 4.
      Time interval lengths are all equal to 1.

      Data type number is 27
      Data type is Occupancy Estimation with Detection < 1                                                             

   CPU Time for the last procedure was 0.02 seconds.     

  Program  MARK  - Survival Rate Estimation with Capture-Recapture Data
   gfortran(dble) Vers. 9.0 Mar 2018     3-Dec-2019 11:07:54    Page  002
 - - - - - - - - - - - - - - - - - - - - - - - - - - - - - - - - - - - - - -
 


  INPUT --- proc estimate link=Logit NOLOOP varest=2ndPart    ;


  INPUT --- model={ p(~lwd)Psi(~pctShade) };

  INPUT ---    group=1 p    rows=1 cols=3 Square ;
  INPUT ---        1 2 3 ;

  INPUT ---    group=1 Psi    rows=1 cols=1 Square ;
  INPUT ---        4 ;

  INPUT ---    design matrix constraints=4 covariates=4;
  INPUT ---        1 lwd1 0 0;
  INPUT ---        1 lwd2 0 0;
  INPUT ---        1 lwd3 0 0;
  INPUT ---        0 0 1 pctShade;
  INPUT ---       blabel(1)=p:(Intercept);
  INPUT ---       blabel(2)=p:lwd;
  INPUT ---       blabel(3)=Psi:(Intercept);
  INPUT ---       blabel(4)=Psi:pctShade;
  INPUT ---       rlabel(1)=p g1 a0 t1;
  INPUT ---       rlabel(2)=p g1 a1 t2;
  INPUT ---       rlabel(3)=p g1 a2 t3;
  INPUT ---       rlabel(4)=Psi g1 a0 t1;

 Link Function Used is LOGIT        

 Variance Estimation Procedure Used is 2ndPart 
 -2logL(saturated) = 0.0000000     
 Effective Sample Size = 138

 Number of function evaluations was 13 for 4 parameters.
 Time for numerical optimization was 0.01 seconds.     
 -2logL { p(~lwd)Psi(~pctShade) } = 174.91889     
 Penalty { p(~lwd)Psi(~pctShade) } = 0.0000000     
 Gradient { p(~lwd)Psi(~pctShade) }:
   0.000000     -0.7677925E-06 -0.6425371E-06 -0.1450408E-05
 Maximum ABS(G) { p(~lwd)Psi(~pctShade) } = 0.1450408E-05 
 S Vector { p(~lwd)Psi(~pctShade) }:
   20.96335      9.772650      1.238080     0.1847397    
 Time to compute number of parameters was 0.01 seconds.     
 Ratio Threshold = 50.000000       Max Gap (2/3) = 7.8933932       Next Max Gap (3/4) = 6.7017505     
 Gap Method for Num. of Estimated Parameters { p(~lwd)Psi(~pctShade) } = 4          
 Threshold { p(~lwd)Psi(~pctShade) } = 0.2900817E-05                 
 Numerical Threshold Method for Num. of Estimated Parameters { p(~lwd)Psi(~pctShade) } = 4          
 Number of Estimated Parameters { p(~lwd)Psi(~pctShade) } = 4          
 DEVIANCE { p(~lwd)Psi(~pctShade) } = 174.91889                     
 DEVIANCE Degrees of Freedom { p(~lwd)Psi(~pctShade) } = 134            
 c-hat { p(~lwd)Psi(~pctShade) } = 1.3053648                     
 AIC { p(~lwd)Psi(~pctShade) } = 182.91889                  
 AICc { p(~lwd)Psi(~pctShade) } = 183.21964                    
 BIC { p(~lwd)Psi(~pctShade) } = 194.62790                    
 Pearson Chisquare { p(~lwd)Psi(~pctShade) } = 1042.5053                  

  Program  MARK  - Survival Rate Estimation with Capture-Recapture Data
   gfortran(dble) Vers. 9.0 Mar 2018     3-Dec-2019 11:07:55    Page  003
 - - - - - - - - - - - - - - - - - - - - - - - - - - - - - - - - - - - - - -
 


                  LOGIT Link Function Parameters of { p(~lwd)Psi(~pctShade) }
                                                              95% Confidence Interval
 Parameter                    Beta         Standard Error      Lower           Upper
 -------------------------  --------------  --------------  --------------  --------------
    1:p:(Intercept)          0.8039436       0.3838988       0.0515019       1.5563853    
    2:p:lwd                  0.8481132       1.3238075      -1.7465496       3.4427761    
    3:Psi:(Intercept)       -1.9684648       0.4768801      -2.9031499      -1.0337797    
    4:Psi:pctShade           0.0031695       0.0079791      -0.0124695       0.0188084    


                  Real Function Parameters of { p(~lwd)Psi(~pctShade) }

      Following estimates based on unstandardized individual covariate values:
          Variable   Value         
          ---------  ------------- 
          LWD1        0.2346014    
          LWD2        0.2355072    
          LWD3        0.2114389    
          PCTSHADE    48.614931    
                                                               95% Confidence Interval
  Parameter                  Estimate       Standard Error      Lower           Upper
 --------------------------  --------------  --------------  --------------  --------------
     1:p g1 a0 t1             0.7316308       0.0659373       0.5853329       0.8403883                          
     2:p g1 a1 t2             0.7317816       0.0659840       0.5853493       0.8405852                          
     3:p g1 a2 t3             0.7277561       0.0649932       0.5842666       0.8356515                          
     4:Psi g1 a0 t1           0.1401094       0.0300367       0.0908722       0.2098662                          


                      Estimates of Derived Parameters
             Occupancy Estimates of { p(~lwd)Psi(~pctShade) }
                                            95% Confidence Interval
 Group   Psi-hat         Standard Error      Lower           Upper
 -----   --------------  --------------  --------------  --------------
   1      0.1401094       0.0300367       0.0908722       0.2098662    

   CPU Time for the last procedure was 0.01 seconds.     

  Program  MARK  - Survival Rate Estimation with Capture-Recapture Data
   gfortran(dble) Vers. 9.0 Mar 2018     3-Dec-2019 11:07:55    Page  004
 - - - - - - - - - - - - - - - - - - - - - - - - - - - - - - - - - - - - - -
 


  INPUT --- proc stop;

     CPU Time in minutes for this job was 0.00

     Time Start = 11:07:54.992   Time End = 11:07:55.134

     Wall Clock Time in minutes for this job was 0.00


          E X E C U T I O N   S U C C E S S F U L 
