
   Program  MARK  - Survival Rate Estimation with Capture-Recapture Data
   gfortran(dble) Vers. 9.0 Mar 2018     3-Dec-2019 11:06:50    Page  001
 - - - - - - - - - - - - - - - - - - - - - - - - - - - - - - - - - - - - - -
 
   This version was compiled by GCC version 7.2.0 using the options: 
     -cpp -iprefix C:/Program Files/mingw-w64/x86_64-7.2.0-posix-seh-rt_v5-rev1/
     mingw64/bin/../lib/gcc/x86_64-w64-mingw32/7.2.0/ -D_MT -D_REENTRANT
     -U_REENTRANT -D IEEE -D DBLEPRECISION -m64 -mtune=core2 -march=nocona -mthreads
     -O2 -fimplicit-none -fbounds-check -funroll-loops -ftree-vectorize
     -ffpe-summary=invalid,zero,overflow,underflow -fno-unsafe-math-optimizations
     -frounding-math -fsignaling-nans -fopenmp.

   This problem will use 7 of 8 possible threads.


  INPUT --- proc title ;

   CPU Time for the last procedure was 0.01 seconds.     


  INPUT --- proc chmatrix occasions= 3 groups= 1 etype= Occupancy 
  INPUT --- Nodes= 101 icovar = 5 ICMeans  NoHist hist= 138 ;

  INPUT ---    time interval 1 1 1 ;

  INPUT ---     icovariates effort1 effort2 effort3 under depool ;

  INPUT ---    glabel(1)=freq1;

      Number of unique encounter histories read was 138.

      Number of individual covariates read was 5.
      Time interval lengths are all equal to 1.

      Data type number is 27
      Data type is Occupancy Estimation with Detection < 1                                                             

   CPU Time for the last procedure was 0.02 seconds.     

  Program  MARK  - Survival Rate Estimation with Capture-Recapture Data
   gfortran(dble) Vers. 9.0 Mar 2018     3-Dec-2019 11:06:50    Page  002
 - - - - - - - - - - - - - - - - - - - - - - - - - - - - - - - - - - - - - -
 


  INPUT --- proc estimate link=Logit NOLOOP varest=2ndPart    ;


  INPUT --- model={ p(~effort + under)Psi(~depool) };

  INPUT ---    group=1 p    rows=1 cols=3 Square ;
  INPUT ---        1 2 3 ;

  INPUT ---    group=1 Psi    rows=1 cols=1 Square ;
  INPUT ---        4 ;

  INPUT ---    design matrix constraints=4 covariates=5;
  INPUT ---        1 effort1 under 0 0;
  INPUT ---        1 effort2 under 0 0;
  INPUT ---        1 effort3 under 0 0;
  INPUT ---        0 0 0 1 depool;
  INPUT ---       blabel(1)=p:(Intercept);
  INPUT ---       blabel(2)=p:effort;
  INPUT ---       blabel(3)=p:under;
  INPUT ---       blabel(4)=Psi:(Intercept);
  INPUT ---       blabel(5)=Psi:depool;
  INPUT ---       rlabel(1)=p g1 a0 t1;
  INPUT ---       rlabel(2)=p g1 a1 t2;
  INPUT ---       rlabel(3)=p g1 a2 t3;
  INPUT ---       rlabel(4)=Psi g1 a0 t1;

 Link Function Used is LOGIT        

 Variance Estimation Procedure Used is 2ndPart 
 -2logL(saturated) = 0.0000000     
 Effective Sample Size = 138

 Number of function evaluations was 16 for 5 parameters.
 Time for numerical optimization was 0.01 seconds.     
 -2logL { p(~effort + under)Psi(~depool) } = 169.03942     
 Penalty { p(~effort + under)Psi(~depool) } = 0.0000000     
 Gradient { p(~effort + under)Psi(~depool) }:
 -0.3847277E-05 -0.1065327E-05 -0.2550420E-05 -0.3289885E-05 -0.1369388E-05
 Maximum ABS(G) { p(~effort + under)Psi(~depool) } = 0.3847277E-05 
 S Vector { p(~effort + under)Psi(~depool) }:
   18.23967      9.052235     0.7154384     0.4847093     0.1022162    
 Time to compute number of parameters was 0.02 seconds.     
 Ratio Threshold = 50.000000       Max Gap (2/3) = 12.652710       Next Max Gap (4/5) = 4.7419988     
 Gap Method for Num. of Estimated Parameters { p(~effort + under)Psi(~depool) } = 5          
 Threshold { p(~effort + under)Psi(~depool) } = 0.7694554E-05                 
 Numerical Threshold Method for Num. of Estimated Parameters { p(~effort + under)Psi(~depool) } = 5          
 Number of Estimated Parameters { p(~effort + under)Psi(~depool) } = 5          
 DEVIANCE { p(~effort + under)Psi(~depool) } = 169.03942                     
 DEVIANCE Degrees of Freedom { p(~effort + under)Psi(~depool) } = 133            
 c-hat { p(~effort + under)Psi(~depool) } = 1.2709731                     
 AIC { p(~effort + under)Psi(~depool) } = 179.03942                  
 AICc { p(~effort + under)Psi(~depool) } = 179.49397                    
 BIC { p(~effort + under)Psi(~depool) } = 193.67569                    
 Pearson Chisquare { p(~effort + under)Psi(~depool) } = 891.63026                  

  Program  MARK  - Survival Rate Estimation with Capture-Recapture Data
   gfortran(dble) Vers. 9.0 Mar 2018     3-Dec-2019 11:06:51    Page  003
 - - - - - - - - - - - - - - - - - - - - - - - - - - - - - - - - - - - - - -
 


              LOGIT Link Function Parameters of { p(~effort + under)Psi(~depool) }
                                                              95% Confidence Interval
 Parameter                    Beta         Standard Error      Lower           Upper
 -------------------------  --------------  --------------  --------------  --------------
    1:p:(Intercept)         -0.4872976       0.7465251      -1.9504869       0.9758917    
    2:p:effort               0.0015450       0.7726574E-03   0.3061390E-04   0.0030594    
    3:p:under                0.2051228       0.5696463      -0.9113840       1.3216295    
    4:Psi:(Intercept)       -1.8988075       0.4468565      -2.7746462      -1.0229688    
    5:Psi:depool             0.1386522       0.3965552      -0.6385959       0.9159003    


              Real Function Parameters of { p(~effort + under)Psi(~depool) }

      Following estimates based on unstandardized individual covariate values:
          Variable   Value         
          ---------  ------------- 
          EFFORT1     906.23188    
          EFFORT2     834.18841    
          EFFORT3     818.18116    
          UNDER       0.5466074    
          DEPOOL      0.8757795    
                                                               95% Confidence Interval
  Parameter                  Estimate       Standard Error      Lower           Upper
 --------------------------  --------------  --------------  --------------  --------------
     1:p g1 a0 t1             0.7359401       0.0778378       0.5596926       0.8593656                          
     2:p g1 a1 t2             0.7137493       0.0780688       0.5410906       0.8405859                          
     3:p g1 a2 t3             0.7086698       0.0782474       0.5364576       0.8364126                          
     4:Psi g1 a0 t1           0.1446271       0.0314226       0.0931959       0.2176294                          


                      Estimates of Derived Parameters
        Occupancy Estimates of { p(~effort + under)Psi(~depool) }
                                            95% Confidence Interval
 Group   Psi-hat         Standard Error      Lower           Upper
 -----   --------------  --------------  --------------  --------------
   1      0.1446271       0.0314226       0.0931959       0.2176294    

   CPU Time for the last procedure was 0.02 seconds.     

  Program  MARK  - Survival Rate Estimation with Capture-Recapture Data
   gfortran(dble) Vers. 9.0 Mar 2018     3-Dec-2019 11:06:51    Page  004
 - - - - - - - - - - - - - - - - - - - - - - - - - - - - - - - - - - - - - -
 


  INPUT --- proc stop;

     CPU Time in minutes for this job was 0.00

     Time Start = 11:06:50.572   Time End = 11:06:51.844

     Wall Clock Time in minutes for this job was 0.02


          E X E C U T I O N   S U C C E S S F U L 
