
   Program  MARK  - Survival Rate Estimation with Capture-Recapture Data
   gfortran(dble) Vers. 9.0 Mar 2018     3-Dec-2019 11:04:14    Page  001
 - - - - - - - - - - - - - - - - - - - - - - - - - - - - - - - - - - - - - -
 
   This version was compiled by GCC version 7.2.0 using the options: 
     -cpp -iprefix C:/Program Files/mingw-w64/x86_64-7.2.0-posix-seh-rt_v5-rev1/
     mingw64/bin/../lib/gcc/x86_64-w64-mingw32/7.2.0/ -D_MT -D_REENTRANT
     -U_REENTRANT -D IEEE -D DBLEPRECISION -m64 -mtune=core2 -march=nocona -mthreads
     -O2 -fimplicit-none -fbounds-check -funroll-loops -ftree-vectorize
     -ffpe-summary=invalid,zero,overflow,underflow -fno-unsafe-math-optimizations
     -frounding-math -fsignaling-nans -fopenmp.

   This problem will use 7 of 8 possible threads.


  INPUT --- proc title ;

   CPU Time for the last procedure was 0.01 seconds.     


  INPUT --- proc chmatrix occasions= 3 groups= 1 etype= Occupancy 
  INPUT --- Nodes= 101 icovar = 8 ICMeans  NoHist hist= 138 ;

  INPUT ---    time interval 1 1 1 ;

  INPUT ---     icovariates effort1 effort2 effort3 lwd1 lwd2 lwd3  
  INPUT ---    pctex21 pctslow ;

  INPUT ---    glabel(1)=freq1;

      Number of unique encounter histories read was 138.

      Number of individual covariates read was 8.
      Time interval lengths are all equal to 1.

      Data type number is 27
      Data type is Occupancy Estimation with Detection < 1                                                             

   CPU Time for the last procedure was 0.01 seconds.     

  Program  MARK  - Survival Rate Estimation with Capture-Recapture Data
   gfortran(dble) Vers. 9.0 Mar 2018     3-Dec-2019 11:04:14    Page  002
 - - - - - - - - - - - - - - - - - - - - - - - - - - - - - - - - - - - - - -
 


  INPUT --- proc estimate link=Logit NOLOOP varest=2ndPart    ;


  INPUT --- model={ p(~effort + lwd)Psi(~pctex21 + pctslow) };

  INPUT ---    group=1 p    rows=1 cols=3 Square ;
  INPUT ---        1 2 3 ;

  INPUT ---    group=1 Psi    rows=1 cols=1 Square ;
  INPUT ---        4 ;

  INPUT ---    design matrix constraints=4 covariates=6;
  INPUT ---        1 effort1 lwd1 0 0 0;
  INPUT ---        1 effort2 lwd2 0 0 0;
  INPUT ---        1 effort3 lwd3 0 0 0;
  INPUT ---        0 0 0 1 pctex21 pctslow;
  INPUT ---       blabel(1)=p:(Intercept);
  INPUT ---       blabel(2)=p:effort;
  INPUT ---       blabel(3)=p:lwd;
  INPUT ---       blabel(4)=Psi:(Intercept);
  INPUT ---       blabel(5)=Psi:pctex21;
  INPUT ---       blabel(6)=Psi:pctslow;
  INPUT ---       rlabel(1)=p g1 a0 t1;
  INPUT ---       rlabel(2)=p g1 a1 t2;
  INPUT ---       rlabel(3)=p g1 a2 t3;
  INPUT ---       rlabel(4)=Psi g1 a0 t1;

 Link Function Used is LOGIT        

 Variance Estimation Procedure Used is 2ndPart 
 -2logL(saturated) = 0.0000000     
 Effective Sample Size = 138

 Number of function evaluations was 27 for 6 parameters.
 Time for numerical optimization was 0.02 seconds.     
 -2logL { p(~effort + lwd)Psi(~pctex21 + pctslow) } = 144.79707     
 Penalty { p(~effort + lwd)Psi(~pctex21 + pctslow) } = 0.0000000     
 Gradient { p(~effort + lwd)Psi(~pctex21 + pctslow) }:
  0.2209244E-05  0.2422279E-06 -0.6415046E-06  0.1788136E-05  0.1824646E-06
 -0.8868537E-06
 Maximum ABS(G) { p(~effort + lwd)Psi(~pctex21 + pctslow) } = 0.2209244E-05 
 S Vector { p(~effort + lwd)Psi(~pctex21 + pctslow) }:
   15.81567      7.616821     0.6917138     0.1980458     0.9436256E-01
  0.1934522E-01
 Time to compute number of parameters was 0.05 seconds.     
 Ratio Threshold = 50.000000       Max Gap (2/3) = 11.011519       Next Max Gap (5/6) = 4.8778237     
 Gap Method for Num. of Estimated Parameters { p(~effort + lwd)Psi(~pctex21 + pctslow) } = 6          
 Threshold { p(~effort + lwd)Psi(~pctex21 + pctslow) } = 0.4418488E-05                 
 Numerical Threshold Method for Num. of Estimated Parameters { p(~effort + lwd)Psi(~pctex21 + pctslow) } = 6          
 Number of Estimated Parameters { p(~effort + lwd)Psi(~pctex21 + pctslow) } = 6          
 DEVIANCE { p(~effort + lwd)Psi(~pctex21 + pctslow) } = 144.79707                     
 DEVIANCE Degrees of Freedom { p(~effort + lwd)Psi(~pctex21 + pctslow) } = 132            
 c-hat { p(~effort + lwd)Psi(~pctex21 + pctslow) } = 1.0969475                     
 AIC { p(~effort + lwd)Psi(~pctex21 + pctslow) } = 156.79707                  
 AICc { p(~effort + lwd)Psi(~pctex21 + pctslow) } = 157.43829                    
 BIC { p(~effort + lwd)Psi(~pctex21 + pctslow) } = 174.36059                    
 Pearson Chisquare { p(~effort + lwd)Psi(~pctex21 + pctslow) } = 578.68008                  

  Program  MARK  - Survival Rate Estimation with Capture-Recapture Data
   gfortran(dble) Vers. 9.0 Mar 2018     3-Dec-2019 11:04:14    Page  003
 - - - - - - - - - - - - - - - - - - - - - - - - - - - - - - - - - - - - - -
 


         LOGIT Link Function Parameters of { p(~effort + lwd)Psi(~pctex21 + pctslow) }
                                                              95% Confidence Interval
 Parameter                    Beta         Standard Error      Lower           Upper
 -------------------------  --------------  --------------  --------------  --------------
    1:p:(Intercept)         -0.7266980       0.7433924      -2.1837470       0.7303511    
    2:p:effort               0.0017237       0.8007625E-03   0.1542239E-03   0.0032932    
    3:p:lwd                  1.1275671       1.2820312      -1.3852140       3.6403482    
    4:Psi:(Intercept)       -1.1333376       0.5183130      -2.1492311      -0.1174441    
    5:Psi:pctex21           -0.6427991       0.2320773      -1.0976706      -0.1879275    
    6:Psi:pctslow            0.0145350       0.0142481      -0.0133913       0.0424614    


         Real Function Parameters of { p(~effort + lwd)Psi(~pctex21 + pctslow) }

      Following estimates based on unstandardized individual covariate values:
          Variable   Value         
          ---------  ------------- 
          EFFORT1     906.23188    
          EFFORT2     834.18841    
          EFFORT3     818.18116    
          LWD1        0.2346014    
          LWD2        0.2355072    
          LWD3        0.2114389    
          PCTEX21     4.8306834    
          PCTSLOW     25.664251    
                                                               95% Confidence Interval
  Parameter                  Estimate       Standard Error      Lower           Upper
 --------------------------  --------------  --------------  --------------  --------------
     1:p g1 a0 t1             0.7502450       0.0736622       0.5816134       0.8665091                          
     2:p g1 a1 t2             0.7264645       0.0751371       0.5586410       0.8478540                          
     3:p g1 a2 t3             0.7154551       0.0754258       0.5488066       0.8386483                          
     4:Psi g1 a0 t1           0.0205231       0.0202764       0.0028932       0.1314210                          


                      Estimates of Derived Parameters
    Occupancy Estimates of { p(~effort + lwd)Psi(~pctex21 + pctslow) }
                                            95% Confidence Interval
 Group   Psi-hat         Standard Error      Lower           Upper
 -----   --------------  --------------  --------------  --------------
   1      0.0205231       0.0202764       0.0028932       0.1314210    

   CPU Time for the last procedure was 0.06 seconds.     

  Program  MARK  - Survival Rate Estimation with Capture-Recapture Data
   gfortran(dble) Vers. 9.0 Mar 2018     3-Dec-2019 11:04:14    Page  004
 - - - - - - - - - - - - - - - - - - - - - - - - - - - - - - - - - - - - - -
 


  INPUT --- proc stop;

     CPU Time in minutes for this job was 0.00

     Time Start = 11:04:14.281   Time End = 11:04:14.395

     Wall Clock Time in minutes for this job was 0.00


          E X E C U T I O N   S U C C E S S F U L 
