
   Program  MARK  - Survival Rate Estimation with Capture-Recapture Data
   gfortran(dble) Vers. 9.0 Mar 2018     3-Dec-2019 10:57:15    Page  001
 - - - - - - - - - - - - - - - - - - - - - - - - - - - - - - - - - - - - - -
 
   This version was compiled by GCC version 7.2.0 using the options: 
     -cpp -iprefix C:/Program Files/mingw-w64/x86_64-7.2.0-posix-seh-rt_v5-rev1/
     mingw64/bin/../lib/gcc/x86_64-w64-mingw32/7.2.0/ -D_MT -D_REENTRANT
     -U_REENTRANT -D IEEE -D DBLEPRECISION -m64 -mtune=core2 -march=nocona -mthreads
     -O2 -fimplicit-none -fbounds-check -funroll-loops -ftree-vectorize
     -ffpe-summary=invalid,zero,overflow,underflow -fno-unsafe-math-optimizations
     -frounding-math -fsignaling-nans -fopenmp.

   This problem will use 7 of 8 possible threads.


  INPUT --- proc title ;

   CPU Time for the last procedure was 0.01 seconds.     


  INPUT --- proc chmatrix occasions= 3 groups= 1 etype= Occupancy 
  INPUT --- Nodes= 101 icovar = 7 ICMeans  NoHist hist= 138 ;

  INPUT ---    time interval 1 1 1 ;

  INPUT ---     icovariates effort1 effort2 effort3 mxflow1 mxflow2  
  INPUT ---    mxflow3 HAiFLS_alt ;

  INPUT ---    glabel(1)=freq1;

      Number of unique encounter histories read was 138.

      Number of individual covariates read was 7.
      Time interval lengths are all equal to 1.

      Data type number is 27
      Data type is Occupancy Estimation with Detection < 1                                                             

   CPU Time for the last procedure was 0.02 seconds.     

  Program  MARK  - Survival Rate Estimation with Capture-Recapture Data
   gfortran(dble) Vers. 9.0 Mar 2018     3-Dec-2019 10:57:15    Page  002
 - - - - - - - - - - - - - - - - - - - - - - - - - - - - - - - - - - - - - -
 


  INPUT --- proc estimate link=Logit NOLOOP varest=2ndPart    ;


  INPUT --- model={ p(~effort + mxflow)Psi(~HAiFLS_alt) };

  INPUT ---    group=1 p    rows=1 cols=3 Square ;
  INPUT ---        1 2 3 ;

  INPUT ---    group=1 Psi    rows=1 cols=1 Square ;
  INPUT ---        4 ;

  INPUT ---    design matrix constraints=4 covariates=5;
  INPUT ---        1 effort1 mxflow1 0 0;
  INPUT ---        1 effort2 mxflow2 0 0;
  INPUT ---        1 effort3 mxflow3 0 0;
  INPUT ---        0 0 0 1 HAiFLS_alt;
  INPUT ---       blabel(1)=p:(Intercept);
  INPUT ---       blabel(2)=p:effort;
  INPUT ---       blabel(3)=p:mxflow;
  INPUT ---       blabel(4)=Psi:(Intercept);
  INPUT ---       blabel(5)=Psi:HAiFLS_alt;
  INPUT ---       rlabel(1)=p g1 a0 t1;
  INPUT ---       rlabel(2)=p g1 a1 t2;
  INPUT ---       rlabel(3)=p g1 a2 t3;
  INPUT ---       rlabel(4)=Psi g1 a0 t1;

 Link Function Used is LOGIT        

 Variance Estimation Procedure Used is 2ndPart 
 -2logL(saturated) = 0.0000000     
 Effective Sample Size = 138

 Number of function evaluations was 31 for 5 parameters.
 Time for numerical optimization was 0.11 seconds.     
 -2logL { p(~effort + mxflow)Psi(~HAiFLS_alt) } = 163.43413     
 Penalty { p(~effort + mxflow)Psi(~HAiFLS_alt) } = 0.0000000     
 Gradient { p(~effort + mxflow)Psi(~HAiFLS_alt) }:
  0.1768759E-05  0.5121335E-06 -0.5048211E-07 -0.3771248E-05 -0.3861539E-05
 Maximum ABS(G) { p(~effort + mxflow)Psi(~HAiFLS_alt) } = 0.3861539E-05 
 S Vector { p(~effort + mxflow)Psi(~HAiFLS_alt) }:
   21.25340      8.238329      1.068685     0.1032660     0.1186157E-03
 Time to compute number of parameters was 0.01 seconds.     
 Ratio Threshold = 50.000000       Max Gap (4/5) = 870.59312       Next Max Gap (3/4) = 10.348852     
 Gap Method for Num. of Estimated Parameters { p(~effort + mxflow)Psi(~HAiFLS_alt) } = 4          
 Threshold { p(~effort + mxflow)Psi(~HAiFLS_alt) } = 0.7723078E-05                 
 Numerical Threshold Method for Num. of Estimated Parameters { p(~effort + mxflow)Psi(~HAiFLS_alt) } = 5          
 Number of Estimated Parameters { p(~effort + mxflow)Psi(~HAiFLS_alt) } = 5          

   * *  WARNING  * *   Number of parameters estimated from gap method (=4) and threshold method (=5) differ.  Inspect full output.                                                                                                                                                                                                                                                                                                                                                                                                                      

  Program  MARK  - Survival Rate Estimation with Capture-Recapture Data
   gfortran(dble) Vers. 9.0 Mar 2018     3-Dec-2019 10:57:16    Page  003
 - - - - - - - - - - - - - - - - - - - - - - - - - - - - - - - - - - - - - -
 
 Ratios of S Vector { p(~effort + mxflow)Psi(~HAiFLS_alt) }:
   1/2    2.579820       2/3    7.708849       3/4    10.34885       4/5    870.5931    
 DEVIANCE { p(~effort + mxflow)Psi(~HAiFLS_alt) } = 163.43413                     
 DEVIANCE Degrees of Freedom { p(~effort + mxflow)Psi(~HAiFLS_alt) } = 133            
 c-hat { p(~effort + mxflow)Psi(~HAiFLS_alt) } = 1.2288281                     
 AIC { p(~effort + mxflow)Psi(~HAiFLS_alt) } = 173.43413                  
 AICc { p(~effort + mxflow)Psi(~HAiFLS_alt) } = 173.88868                    
 BIC { p(~effort + mxflow)Psi(~HAiFLS_alt) } = 188.07040                    
 Pearson Chisquare { p(~effort + mxflow)Psi(~HAiFLS_alt) } = 879.08228                  


           LOGIT Link Function Parameters of { p(~effort + mxflow)Psi(~HAiFLS_alt) }
                                                              95% Confidence Interval
 Parameter                    Beta         Standard Error      Lower           Upper
 -------------------------  --------------  --------------  --------------  --------------
    1:p:(Intercept)         -0.0783539       0.9851173      -2.0091838       1.8524760    
    2:p:effort               0.0016170       0.7722830E-03   0.1033358E-03   0.0031307    
    3:p:mxflow              -0.5573130       1.3911313      -3.2839305       2.1693044    
    4:Psi:(Intercept)       -0.5172816       0.5505947      -1.5964474       0.5618841    
    5:Psi:HAiFLS_alt        -0.0197769       0.0083199      -0.0360838      -0.0034700    


           Real Function Parameters of { p(~effort + mxflow)Psi(~HAiFLS_alt) }

      Following estimates based on unstandardized individual covariate values:
          Variable   Value         
          ---------  ------------- 
          EFFORT1     906.23188    
          EFFORT2     834.18841    
          EFFORT3     818.18116    
          MXFLOW1     0.8952899    
          MXFLOW2     1.0911594    
          MXFLOW3     0.5689855    
          HAIFLS_ALT  69.284136    
                                                               95% Confidence Interval
  Parameter                  Estimate       Standard Error      Lower           Upper
 --------------------------  --------------  --------------  --------------  --------------
     1:p g1 a0 t1             0.7084929       0.1191410       0.4396492       0.8827504                          
     2:p g1 a1 t2             0.6598038       0.1794677       0.2880888       0.9028697                          
     3:p g1 a2 t3             0.7165781       0.0731834       0.5550951       0.8366926                          
     4:Psi g1 a0 t1           0.1315289       0.0313680       0.0812312       0.2059881                          


                      Estimates of Derived Parameters
      Occupancy Estimates of { p(~effort + mxflow)Psi(~HAiFLS_alt) }
                                            95% Confidence Interval
 Group   Psi-hat         Standard Error      Lower           Upper
 -----   --------------  --------------  --------------  --------------
   1      0.1315289       0.0313680       0.0812312       0.2059881    

 Attempted ordering of parameters by estimatibility:
  4 1 5 2 3
 Beta number 3 is a singular value.

   CPU Time for the last procedure was 0.11 seconds.     

  Program  MARK  - Survival Rate Estimation with Capture-Recapture Data
   gfortran(dble) Vers. 9.0 Mar 2018     3-Dec-2019 10:57:16    Page  004
 - - - - - - - - - - - - - - - - - - - - - - - - - - - - - - - - - - - - - -
 


  INPUT --- proc stop;

     CPU Time in minutes for this job was 0.00

     Time Start = 10:57:15.366   Time End = 10:57:16.085

     Wall Clock Time in minutes for this job was 0.01


          E X E C U T I O N   S U C C E S S F U L 
