
   Program  MARK  - Survival Rate Estimation with Capture-Recapture Data
   gfortran(dble) Vers. 9.0 Mar 2018     3-Dec-2019 11:08:10    Page  001
 - - - - - - - - - - - - - - - - - - - - - - - - - - - - - - - - - - - - - -
 
   This version was compiled by GCC version 7.2.0 using the options: 
     -cpp -iprefix C:/Program Files/mingw-w64/x86_64-7.2.0-posix-seh-rt_v5-rev1/
     mingw64/bin/../lib/gcc/x86_64-w64-mingw32/7.2.0/ -D_MT -D_REENTRANT
     -U_REENTRANT -D IEEE -D DBLEPRECISION -m64 -mtune=core2 -march=nocona -mthreads
     -O2 -fimplicit-none -fbounds-check -funroll-loops -ftree-vectorize
     -ffpe-summary=invalid,zero,overflow,underflow -fno-unsafe-math-optimizations
     -frounding-math -fsignaling-nans -fopenmp.

   This problem will use 7 of 8 possible threads.


  INPUT --- proc title ;

   CPU Time for the last procedure was 0.01 seconds.     


  INPUT --- proc chmatrix occasions= 3 groups= 1 etype= Occupancy 
  INPUT --- Nodes= 101 icovar = 5 ICMeans  NoHist hist= 138 ;

  INPUT ---    time interval 1 1 1 ;

  INPUT ---     icovariates effort1 effort2 effort3 LWD Sinuosity ;

  INPUT ---    glabel(1)=freq1;

      Number of unique encounter histories read was 138.

      Number of individual covariates read was 5.
      Time interval lengths are all equal to 1.

      Data type number is 27
      Data type is Occupancy Estimation with Detection < 1                                                             

   CPU Time for the last procedure was 0.01 seconds.     

  Program  MARK  - Survival Rate Estimation with Capture-Recapture Data
   gfortran(dble) Vers. 9.0 Mar 2018     3-Dec-2019 11:08:10    Page  002
 - - - - - - - - - - - - - - - - - - - - - - - - - - - - - - - - - - - - - -
 


  INPUT --- proc estimate link=Logit NOLOOP varest=2ndPart    ;


  INPUT --- model={ p(~effort + LWD)Psi(~Sinuosity) };

  INPUT ---    group=1 p    rows=1 cols=3 Square ;
  INPUT ---        1 2 3 ;

  INPUT ---    group=1 Psi    rows=1 cols=1 Square ;
  INPUT ---        4 ;

  INPUT ---    design matrix constraints=4 covariates=5;
  INPUT ---        1 effort1 LWD 0 0;
  INPUT ---        1 effort2 LWD 0 0;
  INPUT ---        1 effort3 LWD 0 0;
  INPUT ---        0 0 0 1 Sinuosity;
  INPUT ---       blabel(1)=p:(Intercept);
  INPUT ---       blabel(2)=p:effort;
  INPUT ---       blabel(3)=p:LWD;
  INPUT ---       blabel(4)=Psi:(Intercept);
  INPUT ---       blabel(5)=Psi:Sinuosity;
  INPUT ---       rlabel(1)=p g1 a0 t1;
  INPUT ---       rlabel(2)=p g1 a1 t2;
  INPUT ---       rlabel(3)=p g1 a2 t3;
  INPUT ---       rlabel(4)=Psi g1 a0 t1;

 Link Function Used is LOGIT        

 Variance Estimation Procedure Used is 2ndPart 
 -2logL(saturated) = 0.0000000     
 Effective Sample Size = 138

 Number of function evaluations was 19 for 5 parameters.
 Time for numerical optimization was 0.01 seconds.     
 -2logL { p(~effort + LWD)Psi(~Sinuosity) } = 167.80262     
 Penalty { p(~effort + LWD)Psi(~Sinuosity) } = 0.0000000     
 Gradient { p(~effort + LWD)Psi(~Sinuosity) }:
  0.9767775E-06  0.2343241E-06   0.000000      0.2003248E-05  0.7541686E-06
 Maximum ABS(G) { p(~effort + LWD)Psi(~Sinuosity) } = 0.2003248E-05 
 S Vector { p(~effort + LWD)Psi(~Sinuosity) }:
   21.32735      8.363364     0.2871016     0.9302228E-01 0.8617892E-01
 Time to compute number of parameters was 0.01 seconds.     
 Ratio Threshold = 50.000000       Max Gap (2/3) = 29.130330       Next Max Gap (3/4) = 3.0863744     
 Gap Method for Num. of Estimated Parameters { p(~effort + LWD)Psi(~Sinuosity) } = 5          
 Threshold { p(~effort + LWD)Psi(~Sinuosity) } = 0.4006496E-05                 
 Numerical Threshold Method for Num. of Estimated Parameters { p(~effort + LWD)Psi(~Sinuosity) } = 5          
 Number of Estimated Parameters { p(~effort + LWD)Psi(~Sinuosity) } = 5          
 DEVIANCE { p(~effort + LWD)Psi(~Sinuosity) } = 167.80262                     
 DEVIANCE Degrees of Freedom { p(~effort + LWD)Psi(~Sinuosity) } = 133            
 c-hat { p(~effort + LWD)Psi(~Sinuosity) } = 1.2616738                     
 AIC { p(~effort + LWD)Psi(~Sinuosity) } = 177.80262                  
 AICc { p(~effort + LWD)Psi(~Sinuosity) } = 178.25716                    
 BIC { p(~effort + LWD)Psi(~Sinuosity) } = 192.43888                    
 Pearson Chisquare { p(~effort + LWD)Psi(~Sinuosity) } = 916.48989                  

  Program  MARK  - Survival Rate Estimation with Capture-Recapture Data
   gfortran(dble) Vers. 9.0 Mar 2018     3-Dec-2019 11:08:12    Page  003
 - - - - - - - - - - - - - - - - - - - - - - - - - - - - - - - - - - - - - -
 


             LOGIT Link Function Parameters of { p(~effort + LWD)Psi(~Sinuosity) }
                                                              95% Confidence Interval
 Parameter                    Beta         Standard Error      Lower           Upper
 -------------------------  --------------  --------------  --------------  --------------
    1:p:(Intercept)         -0.9526951       0.8496594      -2.6180275       0.7126373    
    2:p:effort               0.0017903       0.8018518E-03   0.2186884E-03   0.0033619    
    3:p:LWD                  2.0621911       1.9127926      -1.6868826       5.8112648    
    4:Psi:(Intercept)       -0.9042560       1.6526838      -4.1435163       2.3350042    
    5:Psi:Sinuosity         -0.6849468       1.3186389      -3.2694792       1.8995855    


             Real Function Parameters of { p(~effort + LWD)Psi(~Sinuosity) }

      Following estimates based on unstandardized individual covariate values:
          Variable   Value         
          ---------  ------------- 
          EFFORT1     906.23188    
          EFFORT2     834.18841    
          EFFORT3     818.18116    
          LWD         0.2273503    
          SINUOSITY   1.2535645    
                                                               95% Confidence Interval
  Parameter                  Estimate       Standard Error      Lower           Upper
 --------------------------  --------------  --------------  --------------  --------------
     1:p g1 a0 t1             0.7574203       0.0714382       0.5930328       0.8699661                          
     2:p g1 a1 t2             0.7329433       0.0724808       0.5704841       0.8501003                          
     3:p g1 a2 t3             0.7272965       0.0728471       0.5648966       0.8456443                          
     4:Psi g1 a0 t1           0.1464299       0.0321503       0.0938893       0.2211948                          


                      Estimates of Derived Parameters
        Occupancy Estimates of { p(~effort + LWD)Psi(~Sinuosity) }
                                            95% Confidence Interval
 Group   Psi-hat         Standard Error      Lower           Upper
 -----   --------------  --------------  --------------  --------------
   1      0.1464299       0.0321503       0.0938893       0.2211948    

   CPU Time for the last procedure was 0.02 seconds.     

  Program  MARK  - Survival Rate Estimation with Capture-Recapture Data
   gfortran(dble) Vers. 9.0 Mar 2018     3-Dec-2019 11:08:12    Page  004
 - - - - - - - - - - - - - - - - - - - - - - - - - - - - - - - - - - - - - -
 


  INPUT --- proc stop;

     CPU Time in minutes for this job was 0.00

     Time Start = 11:08:10.893   Time End = 11:08:12.170

     Wall Clock Time in minutes for this job was 0.02


          E X E C U T I O N   S U C C E S S F U L 
