
   Program  MARK  - Survival Rate Estimation with Capture-Recapture Data
   gfortran(dble) Vers. 9.0 Mar 2018     3-Dec-2019 11:00:38    Page  001
 - - - - - - - - - - - - - - - - - - - - - - - - - - - - - - - - - - - - - -
 
   This version was compiled by GCC version 7.2.0 using the options: 
     -cpp -iprefix C:/Program Files/mingw-w64/x86_64-7.2.0-posix-seh-rt_v5-rev1/
     mingw64/bin/../lib/gcc/x86_64-w64-mingw32/7.2.0/ -D_MT -D_REENTRANT
     -U_REENTRANT -D IEEE -D DBLEPRECISION -m64 -mtune=core2 -march=nocona -mthreads
     -O2 -fimplicit-none -fbounds-check -funroll-loops -ftree-vectorize
     -ffpe-summary=invalid,zero,overflow,underflow -fno-unsafe-math-optimizations
     -frounding-math -fsignaling-nans -fopenmp.

   This problem will use 7 of 8 possible threads.


  INPUT --- proc title ;

   CPU Time for the last procedure was 0.01 seconds.     


  INPUT --- proc chmatrix occasions= 3 groups= 1 etype= Occupancy 
  INPUT --- Nodes= 101 icovar = 3 ICMeans  NoHist hist= 138 ;

  INPUT ---    time interval 1 1 1 ;

  INPUT ---     icovariates under pctex21 HAiFLS_nat ;

  INPUT ---    glabel(1)=freq1;

      Number of unique encounter histories read was 138.

      Number of individual covariates read was 3.
      Time interval lengths are all equal to 1.

      Data type number is 27
      Data type is Occupancy Estimation with Detection < 1                                                             

   CPU Time for the last procedure was 0.01 seconds.     

  Program  MARK  - Survival Rate Estimation with Capture-Recapture Data
   gfortran(dble) Vers. 9.0 Mar 2018     3-Dec-2019 11:00:38    Page  002
 - - - - - - - - - - - - - - - - - - - - - - - - - - - - - - - - - - - - - -
 


  INPUT --- proc estimate link=Logit NOLOOP varest=2ndPart    ;


  INPUT --- model={ p(~under)Psi(~pctex21 + HAiFLS_nat) };

  INPUT ---    group=1 p    rows=1 cols=3 Square ;
  INPUT ---        1 1 1 ;

  INPUT ---    group=1 Psi    rows=1 cols=1 Square ;
  INPUT ---        2 ;

  INPUT ---    design matrix constraints=2 covariates=5;
  INPUT ---        1 under 0 0 0;
  INPUT ---        0 0 1 pctex21 HAiFLS_nat;
  INPUT ---       blabel(1)=p:(Intercept);
  INPUT ---       blabel(2)=p:under;
  INPUT ---       blabel(3)=Psi:(Intercept);
  INPUT ---       blabel(4)=Psi:pctex21;
  INPUT ---       blabel(5)=Psi:HAiFLS_nat;
  INPUT ---       rlabel(1)=p g1 a0 t1;
  INPUT ---       rlabel(2)=Psi g1 a0 t1;

 Link Function Used is LOGIT        

 Variance Estimation Procedure Used is 2ndPart 
 -2logL(saturated) = 0.0000000     
 Effective Sample Size = 138

 Number of function evaluations was 19 for 5 parameters.
 Time for numerical optimization was 0.06 seconds.     
 -2logL { p(~under)Psi(~pctex21 + HAiFLS_nat) } = 147.32197     
 Penalty { p(~under)Psi(~pctex21 + HAiFLS_nat) } = 0.0000000     
 Gradient { p(~under)Psi(~pctex21 + HAiFLS_nat) }:
 -0.1183403E-05 -0.9384203E-06  0.2213928E-05  0.7938839E-07  0.1147423E-05
 Maximum ABS(G) { p(~under)Psi(~pctex21 + HAiFLS_nat) } = 0.2213928E-05 
 S Vector { p(~under)Psi(~pctex21 + HAiFLS_nat) }:
   15.52726      9.933943     0.9185151     0.5083385     0.1539135E-01
 Time to compute number of parameters was 0.01 seconds.     
 Ratio Threshold = 50.000000       Max Gap (4/5) = 33.027542       Next Max Gap (2/3) = 10.815220     
 Gap Method for Num. of Estimated Parameters { p(~under)Psi(~pctex21 + HAiFLS_nat) } = 5          
 Threshold { p(~under)Psi(~pctex21 + HAiFLS_nat) } = 0.4427856E-05                 
 Numerical Threshold Method for Num. of Estimated Parameters { p(~under)Psi(~pctex21 + HAiFLS_nat) } = 5          
 Number of Estimated Parameters { p(~under)Psi(~pctex21 + HAiFLS_nat) } = 5          
 DEVIANCE { p(~under)Psi(~pctex21 + HAiFLS_nat) } = 147.32197                     
 DEVIANCE Degrees of Freedom { p(~under)Psi(~pctex21 + HAiFLS_nat) } = 133            
 c-hat { p(~under)Psi(~pctex21 + HAiFLS_nat) } = 1.1076840                     
 AIC { p(~under)Psi(~pctex21 + HAiFLS_nat) } = 157.32197                  
 AICc { p(~under)Psi(~pctex21 + HAiFLS_nat) } = 157.77651                    
 BIC { p(~under)Psi(~pctex21 + HAiFLS_nat) } = 171.95823                    
 Pearson Chisquare { p(~under)Psi(~pctex21 + HAiFLS_nat) } = 651.46047                  


           LOGIT Link Function Parameters of { p(~under)Psi(~pctex21 + HAiFLS_nat) }
                                                              95% Confidence Interval
 Parameter                    Beta         Standard Error      Lower           Upper
 -------------------------  --------------  --------------  --------------  --------------

  Program  MARK  - Survival Rate Estimation with Capture-Recapture Data
   gfortran(dble) Vers. 9.0 Mar 2018     3-Dec-2019 11:00:38    Page  003
 - - - - - - - - - - - - - - - - - - - - - - - - - - - - - - - - - - - - - -
 
    1:p:(Intercept)          0.6117493       0.5314079      -0.4298102       1.6533089    
    2:p:under                0.4272455       0.5521367      -0.6549425       1.5094336    
    3:Psi:(Intercept)       -1.5845671       0.4818861      -2.5290640      -0.6400703    
    4:Psi:pctex21           -0.7435155       0.2600406      -1.2531951      -0.2338359    
    5:Psi:HAiFLS_nat         0.0232734       0.0102382       0.0032066       0.0433402    


           Real Function Parameters of { p(~under)Psi(~pctex21 + HAiFLS_nat) }

      Following estimates based on unstandardized individual covariate values:
          Variable   Value         
          ---------  ------------- 
          UNDER       0.5466074    
          PCTEX21     4.8306834    
          HAIFLS_NAT  30.404180    
                                                               95% Confidence Interval
  Parameter                  Estimate       Standard Error      Lower           Upper
 --------------------------  --------------  --------------  --------------  --------------
     1:p g1 a0 t1             0.6995771       0.0733622       0.5401936       0.8219255                          
     2:Psi g1 a0 t1           0.0113329       0.0129723       0.0011837       0.0998048                          


                      Estimates of Derived Parameters
      Occupancy Estimates of { p(~under)Psi(~pctex21 + HAiFLS_nat) }
                                            95% Confidence Interval
 Group   Psi-hat         Standard Error      Lower           Upper
 -----   --------------  --------------  --------------  --------------
   1      0.0113329       0.0129723       0.0011837       0.0998048    

   CPU Time for the last procedure was 0.06 seconds.     

  Program  MARK  - Survival Rate Estimation with Capture-Recapture Data
   gfortran(dble) Vers. 9.0 Mar 2018     3-Dec-2019 11:00:38    Page  004
 - - - - - - - - - - - - - - - - - - - - - - - - - - - - - - - - - - - - - -
 


  INPUT --- proc stop;

     CPU Time in minutes for this job was 0.00

     Time Start = 11:00:38.295   Time End = 11:00:38.975

     Wall Clock Time in minutes for this job was 0.01


          E X E C U T I O N   S U C C E S S F U L 
