
   Program  MARK  - Survival Rate Estimation with Capture-Recapture Data
   gfortran(dble) Vers. 9.0 Mar 2018     3-Dec-2019 10:57:53    Page  001
 - - - - - - - - - - - - - - - - - - - - - - - - - - - - - - - - - - - - - -
 
   This version was compiled by GCC version 7.2.0 using the options: 
     -cpp -iprefix C:/Program Files/mingw-w64/x86_64-7.2.0-posix-seh-rt_v5-rev1/
     mingw64/bin/../lib/gcc/x86_64-w64-mingw32/7.2.0/ -D_MT -D_REENTRANT
     -U_REENTRANT -D IEEE -D DBLEPRECISION -m64 -mtune=core2 -march=nocona -mthreads
     -O2 -fimplicit-none -fbounds-check -funroll-loops -ftree-vectorize
     -ffpe-summary=invalid,zero,overflow,underflow -fno-unsafe-math-optimizations
     -frounding-math -fsignaling-nans -fopenmp.

   This problem will use 7 of 8 possible threads.


  INPUT --- proc title ;

   CPU Time for the last procedure was 0.01 seconds.     


  INPUT --- proc chmatrix occasions= 3 groups= 1 etype= Occupancy 
  INPUT --- Nodes= 101 icovar = 4 ICMeans  NoHist hist= 138 ;

  INPUT ---    time interval 1 1 1 ;

  INPUT ---     icovariates effort1 effort2 effort3 HAiFLS_nat ;

  INPUT ---    glabel(1)=freq1;

      Number of unique encounter histories read was 138.

      Number of individual covariates read was 4.
      Time interval lengths are all equal to 1.

      Data type number is 27
      Data type is Occupancy Estimation with Detection < 1                                                             

   CPU Time for the last procedure was 0.02 seconds.     

  Program  MARK  - Survival Rate Estimation with Capture-Recapture Data
   gfortran(dble) Vers. 9.0 Mar 2018     3-Dec-2019 10:57:53    Page  002
 - - - - - - - - - - - - - - - - - - - - - - - - - - - - - - - - - - - - - -
 


  INPUT --- proc estimate link=Logit NOLOOP varest=2ndPart    ;


  INPUT --- model={ p(~effort)Psi(~HAiFLS_nat) };

  INPUT ---    group=1 p    rows=1 cols=3 Square ;
  INPUT ---        1 2 3 ;

  INPUT ---    group=1 Psi    rows=1 cols=1 Square ;
  INPUT ---        4 ;

  INPUT ---    design matrix constraints=4 covariates=4;
  INPUT ---        1 effort1 0 0;
  INPUT ---        1 effort2 0 0;
  INPUT ---        1 effort3 0 0;
  INPUT ---        0 0 1 HAiFLS_nat;
  INPUT ---       blabel(1)=p:(Intercept);
  INPUT ---       blabel(2)=p:effort;
  INPUT ---       blabel(3)=Psi:(Intercept);
  INPUT ---       blabel(4)=Psi:HAiFLS_nat;
  INPUT ---       rlabel(1)=p g1 a0 t1;
  INPUT ---       rlabel(2)=p g1 a1 t2;
  INPUT ---       rlabel(3)=p g1 a2 t3;
  INPUT ---       rlabel(4)=Psi g1 a0 t1;

 Link Function Used is LOGIT        

 Variance Estimation Procedure Used is 2ndPart 
 -2logL(saturated) = 0.0000000     
 Effective Sample Size = 138

   * *  WARNING  * *   Error number 0 from VA09AD optimization routine. 

 Number of function evaluations was 17 for 4 parameters.
 Time for numerical optimization was 0.01 seconds.     
 -2logL { p(~effort)Psi(~HAiFLS_nat) } = 163.55345     
 Penalty { p(~effort)Psi(~HAiFLS_nat) } = 0.0000000     
 Gradient { p(~effort)Psi(~HAiFLS_nat) }:
   0.000000       0.000000       0.000000       0.000000    
 Maximum ABS(G) { p(~effort)Psi(~HAiFLS_nat) } = 0.0000000     
 S Vector { p(~effort)Psi(~HAiFLS_nat) }:
   18.48155      8.214160      1.230215     0.1022686    
 Time to compute number of parameters was 0.01 seconds.     
 Ratio Threshold = 50.000000       Max Gap (3/4) = 12.029260       Next Max Gap (2/3) = 6.6770102     
 Gap Method for Num. of Estimated Parameters { p(~effort)Psi(~HAiFLS_nat) } = 4          
 Threshold { p(~effort)Psi(~HAiFLS_nat) } = 0.0000000                     
 Numerical Threshold Method for Num. of Estimated Parameters { p(~effort)Psi(~HAiFLS_nat) } = 4          
 Number of Estimated Parameters { p(~effort)Psi(~HAiFLS_nat) } = 4          
 DEVIANCE { p(~effort)Psi(~HAiFLS_nat) } = 163.55345                     
 DEVIANCE Degrees of Freedom { p(~effort)Psi(~HAiFLS_nat) } = 134            
 c-hat { p(~effort)Psi(~HAiFLS_nat) } = 1.2205481                     
 AIC { p(~effort)Psi(~HAiFLS_nat) } = 171.55345                  
 AICc { p(~effort)Psi(~HAiFLS_nat) } = 171.85420                    
 BIC { p(~effort)Psi(~HAiFLS_nat) } = 183.26246                    
 Pearson Chisquare { p(~effort)Psi(~HAiFLS_nat) } = 886.03116                  

  Program  MARK  - Survival Rate Estimation with Capture-Recapture Data
   gfortran(dble) Vers. 9.0 Mar 2018     3-Dec-2019 10:57:53    Page  003
 - - - - - - - - - - - - - - - - - - - - - - - - - - - - - - - - - - - - - -
 


                LOGIT Link Function Parameters of { p(~effort)Psi(~HAiFLS_nat) }
                                                              95% Confidence Interval
 Parameter                    Beta         Standard Error      Lower           Upper
 -------------------------  --------------  --------------  --------------  --------------
    1:p:(Intercept)         -0.3710077       0.6566372      -1.6580166       0.9160013    
    2:p:effort               0.0015853       0.7714898E-03   0.7322629E-04   0.0030975    
    3:Psi:(Intercept)       -2.4964726       0.4295013      -3.3382950      -1.6546501    
    4:Psi:HAiFLS_nat         0.0199493       0.0082872       0.0037063       0.0361923    


                Real Function Parameters of { p(~effort)Psi(~HAiFLS_nat) }

      Following estimates based on unstandardized individual covariate values:
          Variable   Value         
          ---------  ------------- 
          EFFORT1     906.23188    
          EFFORT2     834.18841    
          EFFORT3     818.18116    
          HAIFLS_NAT  30.404180    
                                                               95% Confidence Interval
  Parameter                  Estimate       Standard Error      Lower           Upper
 --------------------------  --------------  --------------  --------------  --------------
     1:p g1 a0 t1             0.7437752       0.0723853       0.5796214       0.8593798                          
     2:p g1 a1 t2             0.7214107       0.0728270       0.5600181       0.8404666                          
     3:p g1 a2 t3             0.7162819       0.0730659       0.5551251       0.8362772                          
     4:Psi g1 a0 t1           0.1312524       0.0313296       0.0810280       0.2056415                          


                      Estimates of Derived Parameters
          Occupancy Estimates of { p(~effort)Psi(~HAiFLS_nat) }
                                            95% Confidence Interval
 Group   Psi-hat         Standard Error      Lower           Upper
 -----   --------------  --------------  --------------  --------------
   1      0.1312524       0.0313296       0.0810280       0.2056415    

   CPU Time for the last procedure was 0.01 seconds.     

  Program  MARK  - Survival Rate Estimation with Capture-Recapture Data
   gfortran(dble) Vers. 9.0 Mar 2018     3-Dec-2019 10:57:53    Page  004
 - - - - - - - - - - - - - - - - - - - - - - - - - - - - - - - - - - - - - -
 


  INPUT --- proc stop;

     CPU Time in minutes for this job was 0.00

     Time Start = 10:57:53.302   Time End = 10:57:53.402

     Wall Clock Time in minutes for this job was 0.00


          E X E C U T I O N   S U C C E S S F U L 
