
   Program  MARK  - Survival Rate Estimation with Capture-Recapture Data
   gfortran(dble) Vers. 9.0 Mar 2018     3-Dec-2019 11:09:12    Page  001
 - - - - - - - - - - - - - - - - - - - - - - - - - - - - - - - - - - - - - -
 
   This version was compiled by GCC version 7.2.0 using the options: 
     -cpp -iprefix C:/Program Files/mingw-w64/x86_64-7.2.0-posix-seh-rt_v5-rev1/
     mingw64/bin/../lib/gcc/x86_64-w64-mingw32/7.2.0/ -D_MT -D_REENTRANT
     -U_REENTRANT -D IEEE -D DBLEPRECISION -m64 -mtune=core2 -march=nocona -mthreads
     -O2 -fimplicit-none -fbounds-check -funroll-loops -ftree-vectorize
     -ffpe-summary=invalid,zero,overflow,underflow -fno-unsafe-math-optimizations
     -frounding-math -fsignaling-nans -fopenmp.

   This problem will use 7 of 8 possible threads.


  INPUT --- proc title ;

   CPU Time for the last procedure was 0.01 seconds.     


  INPUT --- proc chmatrix occasions= 3 groups= 1 etype= Occupancy 
  INPUT --- Nodes= 101 icovar = 7 ICMeans  NoHist hist= 138 ;

  INPUT ---    time interval 1 1 1 ;

  INPUT ---     icovariates effort1 effort2 effort3 lwd1 lwd2 lwd3  
  INPUT ---    pctslow ;

  INPUT ---    glabel(1)=freq1;

      Number of unique encounter histories read was 138.

      Number of individual covariates read was 7.
      Time interval lengths are all equal to 1.

      Data type number is 27
      Data type is Occupancy Estimation with Detection < 1                                                             

   CPU Time for the last procedure was 0.02 seconds.     

  Program  MARK  - Survival Rate Estimation with Capture-Recapture Data
   gfortran(dble) Vers. 9.0 Mar 2018     3-Dec-2019 11:09:12    Page  002
 - - - - - - - - - - - - - - - - - - - - - - - - - - - - - - - - - - - - - -
 


  INPUT --- proc estimate link=Logit NOLOOP varest=2ndPart    ;


  INPUT --- model={ p(~effort + lwd)Psi(~pctslow) };

  INPUT ---    group=1 p    rows=1 cols=3 Square ;
  INPUT ---        1 2 3 ;

  INPUT ---    group=1 Psi    rows=1 cols=1 Square ;
  INPUT ---        4 ;

  INPUT ---    design matrix constraints=4 covariates=5;
  INPUT ---        1 effort1 lwd1 0 0;
  INPUT ---        1 effort2 lwd2 0 0;
  INPUT ---        1 effort3 lwd3 0 0;
  INPUT ---        0 0 0 1 pctslow;
  INPUT ---       blabel(1)=p:(Intercept);
  INPUT ---       blabel(2)=p:effort;
  INPUT ---       blabel(3)=p:lwd;
  INPUT ---       blabel(4)=Psi:(Intercept);
  INPUT ---       blabel(5)=Psi:pctslow;
  INPUT ---       rlabel(1)=p g1 a0 t1;
  INPUT ---       rlabel(2)=p g1 a1 t2;
  INPUT ---       rlabel(3)=p g1 a2 t3;
  INPUT ---       rlabel(4)=Psi g1 a0 t1;

 Link Function Used is LOGIT        

 Variance Estimation Procedure Used is 2ndPart 
 -2logL(saturated) = 0.0000000     
 Effective Sample Size = 138

 Number of function evaluations was 23 for 5 parameters.
 Time for numerical optimization was 0.09 seconds.     
 -2logL { p(~effort + lwd)Psi(~pctslow) } = 167.11790     
 Penalty { p(~effort + lwd)Psi(~pctslow) } = 0.0000000     
 Gradient { p(~effort + lwd)Psi(~pctslow) }:
  0.4833053E-05  0.1028308E-05  0.1326483E-05  0.1781409E-05  0.5095142E-05
 Maximum ABS(G) { p(~effort + lwd)Psi(~pctslow) } = 0.5095142E-05 
 S Vector { p(~effort + lwd)Psi(~pctslow) }:
   18.55138      8.371025     0.8114214     0.1922572     0.1019777    
 Time to compute number of parameters was 0.02 seconds.     
 Ratio Threshold = 50.000000       Max Gap (2/3) = 10.316496       Next Max Gap (3/4) = 4.2204991     
 Gap Method for Num. of Estimated Parameters { p(~effort + lwd)Psi(~pctslow) } = 5          
 Threshold { p(~effort + lwd)Psi(~pctslow) } = 0.1019028E-04                 
 Numerical Threshold Method for Num. of Estimated Parameters { p(~effort + lwd)Psi(~pctslow) } = 5          
 Number of Estimated Parameters { p(~effort + lwd)Psi(~pctslow) } = 5          
 DEVIANCE { p(~effort + lwd)Psi(~pctslow) } = 167.11790                     
 DEVIANCE Degrees of Freedom { p(~effort + lwd)Psi(~pctslow) } = 133            
 c-hat { p(~effort + lwd)Psi(~pctslow) } = 1.2565256                     
 AIC { p(~effort + lwd)Psi(~pctslow) } = 177.11790                  
 AICc { p(~effort + lwd)Psi(~pctslow) } = 177.57245                    
 BIC { p(~effort + lwd)Psi(~pctslow) } = 191.75417                    
 Pearson Chisquare { p(~effort + lwd)Psi(~pctslow) } = 823.51127                  

  Program  MARK  - Survival Rate Estimation with Capture-Recapture Data
   gfortran(dble) Vers. 9.0 Mar 2018     3-Dec-2019 11:09:12    Page  003
 - - - - - - - - - - - - - - - - - - - - - - - - - - - - - - - - - - - - - -
 


              LOGIT Link Function Parameters of { p(~effort + lwd)Psi(~pctslow) }
                                                              95% Confidence Interval
 Parameter                    Beta         Standard Error      Lower           Upper
 -------------------------  --------------  --------------  --------------  --------------
    1:p:(Intercept)         -0.5785871       0.7020928      -1.9546889       0.7975148    
    2:p:effort               0.0016097       0.7706415E-03   0.9921333E-04   0.0031201    
    3:p:lwd                  1.0718851       1.3013282      -1.4787182       3.6224884    
    4:Psi:(Intercept)       -2.2120899       0.4621964      -3.1179949      -1.3061849    
    5:Psi:pctslow            0.0157399       0.0130976      -0.0099314       0.0414113    


              Real Function Parameters of { p(~effort + lwd)Psi(~pctslow) }

      Following estimates based on unstandardized individual covariate values:
          Variable   Value         
          ---------  ------------- 
          EFFORT1     906.23188    
          EFFORT2     834.18841    
          EFFORT3     818.18116    
          LWD1        0.2346014    
          LWD2        0.2355072    
          LWD3        0.2114389    
          PCTSLOW     25.664251    
                                                               95% Confidence Interval
  Parameter                  Estimate       Standard Error      Lower           Upper
 --------------------------  --------------  --------------  --------------  --------------
     1:p g1 a0 t1             0.7561366       0.0715417       0.5917411       0.8689902                          
     2:p g1 a1 t2             0.7343134       0.0724142       0.5717819       0.8512085                          
     3:p g1 a2 t3             0.7241324       0.0723624       0.5634231       0.8422467                          
     4:Psi g1 a0 t1           0.1408636       0.0312878       0.0898999       0.2139272                          


                      Estimates of Derived Parameters
         Occupancy Estimates of { p(~effort + lwd)Psi(~pctslow) }
                                            95% Confidence Interval
 Group   Psi-hat         Standard Error      Lower           Upper
 -----   --------------  --------------  --------------  --------------
   1      0.1408636       0.0312878       0.0898999       0.2139272    

   CPU Time for the last procedure was 0.11 seconds.     

  Program  MARK  - Survival Rate Estimation with Capture-Recapture Data
   gfortran(dble) Vers. 9.0 Mar 2018     3-Dec-2019 11:09:12    Page  004
 - - - - - - - - - - - - - - - - - - - - - - - - - - - - - - - - - - - - - -
 


  INPUT --- proc stop;

     CPU Time in minutes for this job was 0.00

     Time Start = 11:09:12.210   Time End = 11:09:12.318

     Wall Clock Time in minutes for this job was 0.00


          E X E C U T I O N   S U C C E S S F U L 
