
   Program  MARK  - Survival Rate Estimation with Capture-Recapture Data
   gfortran(dble) Vers. 9.0 Mar 2018     3-Dec-2019 10:56:51    Page  001
 - - - - - - - - - - - - - - - - - - - - - - - - - - - - - - - - - - - - - -
 
   This version was compiled by GCC version 7.2.0 using the options: 
     -cpp -iprefix C:/Program Files/mingw-w64/x86_64-7.2.0-posix-seh-rt_v5-rev1/
     mingw64/bin/../lib/gcc/x86_64-w64-mingw32/7.2.0/ -D_MT -D_REENTRANT
     -U_REENTRANT -D IEEE -D DBLEPRECISION -m64 -mtune=core2 -march=nocona -mthreads
     -O2 -fimplicit-none -fbounds-check -funroll-loops -ftree-vectorize
     -ffpe-summary=invalid,zero,overflow,underflow -fno-unsafe-math-optimizations
     -frounding-math -fsignaling-nans -fopenmp.

   This problem will use 7 of 8 possible threads.


  INPUT --- proc title ;

   CPU Time for the last procedure was 0.02 seconds.     


  INPUT --- proc chmatrix occasions= 3 groups= 1 etype= Occupancy 
  INPUT --- Nodes= 101 icovar = 6 ICMeans  NoHist hist= 138 ;

  INPUT ---    time interval 1 1 1 ;

  INPUT ---     icovariates effort1 effort2 effort3 undr1 undr2 undr3 ;

  INPUT ---    glabel(1)=freq1;

      Number of unique encounter histories read was 138.

      Number of individual covariates read was 6.
      Time interval lengths are all equal to 1.

      Data type number is 27
      Data type is Occupancy Estimation with Detection < 1                                                             

   CPU Time for the last procedure was 0.01 seconds.     

  Program  MARK  - Survival Rate Estimation with Capture-Recapture Data
   gfortran(dble) Vers. 9.0 Mar 2018     3-Dec-2019 10:56:51    Page  002
 - - - - - - - - - - - - - - - - - - - - - - - - - - - - - - - - - - - - - -
 


  INPUT --- proc estimate link=Logit NOLOOP varest=2ndPart    ;


  INPUT --- model={ p(~effort + undr)Psi(~1) };

  INPUT ---    group=1 p    rows=1 cols=3 Square ;
  INPUT ---        1 2 3 ;

  INPUT ---    group=1 Psi    rows=1 cols=1 Square ;
  INPUT ---        4 ;

  INPUT ---    design matrix constraints=4 covariates=4;
  INPUT ---        1 effort1 undr1 0;
  INPUT ---        1 effort2 undr2 0;
  INPUT ---        1 effort3 undr3 0;
  INPUT ---        0 0 0 1;
  INPUT ---       blabel(1)=p:(Intercept);
  INPUT ---       blabel(2)=p:effort;
  INPUT ---       blabel(3)=p:undr;
  INPUT ---       blabel(4)=Psi:(Intercept);
  INPUT ---       rlabel(1)=p g1 a0 t1;
  INPUT ---       rlabel(2)=p g1 a1 t2;
  INPUT ---       rlabel(3)=p g1 a2 t3;
  INPUT ---       rlabel(4)=Psi g1 a0 t1;

 Link Function Used is LOGIT        

 Variance Estimation Procedure Used is 2ndPart 
 -2logL(saturated) = 0.0000000     
 Effective Sample Size = 138

 Number of function evaluations was 17 for 4 parameters.
 Time for numerical optimization was 0.01 seconds.     
 -2logL { p(~effort + undr)Psi(~1) } = 168.46892     
 Penalty { p(~effort + undr)Psi(~1) } = 0.0000000     
 Gradient { p(~effort + undr)Psi(~1) }:
  0.2329761E-05  0.1072244E-05  0.2259293E-05  0.6893196E-06
 Maximum ABS(G) { p(~effort + undr)Psi(~1) } = 0.2329761E-05 
 S Vector { p(~effort + undr)Psi(~1) }:
   16.51431      8.267123     0.3133850     0.1024113    
 Time to compute number of parameters was 0.02 seconds.     
 Ratio Threshold = 50.000000       Max Gap (2/3) = 26.380089       Next Max Gap (3/4) = 3.0600613     
 Gap Method for Num. of Estimated Parameters { p(~effort + undr)Psi(~1) } = 4          
 Threshold { p(~effort + undr)Psi(~1) } = 0.4659522E-05                 
 Numerical Threshold Method for Num. of Estimated Parameters { p(~effort + undr)Psi(~1) } = 4          
 Number of Estimated Parameters { p(~effort + undr)Psi(~1) } = 4          
 DEVIANCE { p(~effort + undr)Psi(~1) } = 168.46892                     
 DEVIANCE Degrees of Freedom { p(~effort + undr)Psi(~1) } = 134            
 c-hat { p(~effort + undr)Psi(~1) } = 1.2572308                     
 AIC { p(~effort + undr)Psi(~1) } = 176.46892                  
 AICc { p(~effort + undr)Psi(~1) } = 176.76967                    
 BIC { p(~effort + undr)Psi(~1) } = 188.17794                    
 Pearson Chisquare { p(~effort + undr)Psi(~1) } = 853.33360                  

  Program  MARK  - Survival Rate Estimation with Capture-Recapture Data
   gfortran(dble) Vers. 9.0 Mar 2018     3-Dec-2019 10:56:52    Page  003
 - - - - - - - - - - - - - - - - - - - - - - - - - - - - - - - - - - - - - -
 


                 LOGIT Link Function Parameters of { p(~effort + undr)Psi(~1) }
                                                              95% Confidence Interval
 Parameter                    Beta         Standard Error      Lower           Upper
 -------------------------  --------------  --------------  --------------  --------------
    1:p:(Intercept)         -0.6373772       0.7279104      -2.0640816       0.7893273    
    2:p:effort               0.0015334       0.7712702E-03   0.2174854E-04   0.0030451    
    3:p:undr                 0.4379061       0.5015886      -0.5452076       1.4210199    
    4:Psi:(Intercept)       -1.7670018       0.2539195      -2.2646839      -1.2693196    


                 Real Function Parameters of { p(~effort + undr)Psi(~1) }

      Following estimates based on unstandardized individual covariate values:
          Variable   Value         
          ---------  ------------- 
          EFFORT1     906.23188    
          EFFORT2     834.18841    
          EFFORT3     818.18116    
          UNDR1       0.5869565    
          UNDR2       0.5483092    
          UNDR3       0.5042271    
                                                               95% Confidence Interval
  Parameter                  Estimate       Standard Error      Lower           Upper
 --------------------------  --------------  --------------  --------------  --------------
     1:p g1 a0 t1             0.7328842       0.0754249       0.5631980       0.8537673                          
     2:p g1 a1 t2             0.7072173       0.0767529       0.5387666       0.8331941                          
     3:p g1 a2 t3             0.6980559       0.0784311       0.5271535       0.8274117                          
     4:Psi g1 a0 t1           0.1459156       0.0316445       0.0940904       0.2193737                          


                      Estimates of Derived Parameters
           Occupancy Estimates of { p(~effort + undr)Psi(~1) }
                                            95% Confidence Interval
 Group   Psi-hat         Standard Error      Lower           Upper
 -----   --------------  --------------  --------------  --------------
   1      0.1459156       0.0316445       0.0940904       0.2193737    

   CPU Time for the last procedure was 0.02 seconds.     

  Program  MARK  - Survival Rate Estimation with Capture-Recapture Data
   gfortran(dble) Vers. 9.0 Mar 2018     3-Dec-2019 10:56:52    Page  004
 - - - - - - - - - - - - - - - - - - - - - - - - - - - - - - - - - - - - - -
 


  INPUT --- proc stop;

     CPU Time in minutes for this job was 0.00

     Time Start = 10:56:51.898   Time End = 10:56:52.592

     Wall Clock Time in minutes for this job was 0.01


          E X E C U T I O N   S U C C E S S F U L 
