
   Program  MARK  - Survival Rate Estimation with Capture-Recapture Data
   gfortran(dble) Vers. 9.0 Mar 2018     3-Dec-2019 11:00:04    Page  001
 - - - - - - - - - - - - - - - - - - - - - - - - - - - - - - - - - - - - - -
 
   This version was compiled by GCC version 7.2.0 using the options: 
     -cpp -iprefix C:/Program Files/mingw-w64/x86_64-7.2.0-posix-seh-rt_v5-rev1/
     mingw64/bin/../lib/gcc/x86_64-w64-mingw32/7.2.0/ -D_MT -D_REENTRANT
     -U_REENTRANT -D IEEE -D DBLEPRECISION -m64 -mtune=core2 -march=nocona -mthreads
     -O2 -fimplicit-none -fbounds-check -funroll-loops -ftree-vectorize
     -ffpe-summary=invalid,zero,overflow,underflow -fno-unsafe-math-optimizations
     -frounding-math -fsignaling-nans -fopenmp.

   This problem will use 7 of 8 possible threads.


  INPUT --- proc title ;

   CPU Time for the last procedure was 0.01 seconds.     


  INPUT --- proc chmatrix occasions= 3 groups= 1 etype= Occupancy 
  INPUT --- Nodes= 101 icovar = 5 ICMeans  NoHist hist= 138 ;

  INPUT ---    time interval 1 1 1 ;

  INPUT ---     icovariates undr1 undr2 undr3 pctex21 BRT_100m ;

  INPUT ---    glabel(1)=freq1;

      Number of unique encounter histories read was 138.

      Number of individual covariates read was 5.
      Time interval lengths are all equal to 1.

      Data type number is 27
      Data type is Occupancy Estimation with Detection < 1                                                             

   CPU Time for the last procedure was 0.01 seconds.     

  Program  MARK  - Survival Rate Estimation with Capture-Recapture Data
   gfortran(dble) Vers. 9.0 Mar 2018     3-Dec-2019 11:00:04    Page  002
 - - - - - - - - - - - - - - - - - - - - - - - - - - - - - - - - - - - - - -
 


  INPUT --- proc estimate link=Logit NOLOOP varest=2ndPart    ;


  INPUT --- model={ p(~undr)Psi(~pctex21 + BRT_100m) };

  INPUT ---    group=1 p    rows=1 cols=3 Square ;
  INPUT ---        1 2 3 ;

  INPUT ---    group=1 Psi    rows=1 cols=1 Square ;
  INPUT ---        4 ;

  INPUT ---    design matrix constraints=4 covariates=5;
  INPUT ---        1 undr1 0 0 0;
  INPUT ---        1 undr2 0 0 0;
  INPUT ---        1 undr3 0 0 0;
  INPUT ---        0 0 1 pctex21 BRT_100m;
  INPUT ---       blabel(1)=p:(Intercept);
  INPUT ---       blabel(2)=p:undr;
  INPUT ---       blabel(3)=Psi:(Intercept);
  INPUT ---       blabel(4)=Psi:pctex21;
  INPUT ---       blabel(5)=Psi:BRT_100m;
  INPUT ---       rlabel(1)=p g1 a0 t1;
  INPUT ---       rlabel(2)=p g1 a1 t2;
  INPUT ---       rlabel(3)=p g1 a2 t3;
  INPUT ---       rlabel(4)=Psi g1 a0 t1;

 Link Function Used is LOGIT        

 Variance Estimation Procedure Used is 2ndPart 
 -2logL(saturated) = 0.0000000     
 Effective Sample Size = 138

 Number of function evaluations was 19 for 5 parameters.
 Time for numerical optimization was 0.08 seconds.     
 -2logL { p(~undr)Psi(~pctex21 + BRT_100m) } = 148.96166     
 Penalty { p(~undr)Psi(~pctex21 + BRT_100m) } = 0.0000000     
 Gradient { p(~undr)Psi(~pctex21 + BRT_100m) }:
  0.3670940E-05  0.1320104E-05  0.1827734E-05  0.1881605E-06  0.1039297E-05
 Maximum ABS(G) { p(~undr)Psi(~pctex21 + BRT_100m) } = 0.3670940E-05 
 S Vector { p(~undr)Psi(~pctex21 + BRT_100m) }:
   13.81045      9.326941     0.3851524     0.3634968     0.1834551E-01
 Time to compute number of parameters was 0.01 seconds.     
 Ratio Threshold = 50.000000       Max Gap (2/3) = 24.216235       Next Max Gap (4/5) = 19.813940     
 Gap Method for Num. of Estimated Parameters { p(~undr)Psi(~pctex21 + BRT_100m) } = 5          
 Threshold { p(~undr)Psi(~pctex21 + BRT_100m) } = 0.7341880E-05                 
 Numerical Threshold Method for Num. of Estimated Parameters { p(~undr)Psi(~pctex21 + BRT_100m) } = 5          
 Number of Estimated Parameters { p(~undr)Psi(~pctex21 + BRT_100m) } = 5          
 DEVIANCE { p(~undr)Psi(~pctex21 + BRT_100m) } = 148.96166                     
 DEVIANCE Degrees of Freedom { p(~undr)Psi(~pctex21 + BRT_100m) } = 133            
 c-hat { p(~undr)Psi(~pctex21 + BRT_100m) } = 1.1200125                     
 AIC { p(~undr)Psi(~pctex21 + BRT_100m) } = 158.96166                  
 AICc { p(~undr)Psi(~pctex21 + BRT_100m) } = 159.41620                    
 BIC { p(~undr)Psi(~pctex21 + BRT_100m) } = 173.59793                    
 Pearson Chisquare { p(~undr)Psi(~pctex21 + BRT_100m) } = 822.77142                  

  Program  MARK  - Survival Rate Estimation with Capture-Recapture Data
   gfortran(dble) Vers. 9.0 Mar 2018     3-Dec-2019 11:00:04    Page  003
 - - - - - - - - - - - - - - - - - - - - - - - - - - - - - - - - - - - - - -
 


             LOGIT Link Function Parameters of { p(~undr)Psi(~pctex21 + BRT_100m) }
                                                              95% Confidence Interval
 Parameter                    Beta         Standard Error      Lower           Upper
 -------------------------  --------------  --------------  --------------  --------------
    1:p:(Intercept)          0.5587413       0.4485073      -0.3203330       1.4378156    
    2:p:undr                 0.5399124       0.4654753      -0.3724193       1.4522441    
    3:Psi:(Intercept)       -1.0871182       0.3601344      -1.7929816      -0.3812548    
    4:Psi:pctex21           -0.6223633       0.2383556      -1.0895402      -0.1551864    
    5:Psi:BRT_100m           0.0277758       0.0166569      -0.0048717       0.0604234    


             Real Function Parameters of { p(~undr)Psi(~pctex21 + BRT_100m) }

      Following estimates based on unstandardized individual covariate values:
          Variable   Value         
          ---------  ------------- 
          UNDR1       0.5869565    
          UNDR2       0.5483092    
          UNDR3       0.5042271    
          PCTEX21     4.8306834    
          BRT_100M    6.7817616    
                                                               95% Confidence Interval
  Parameter                  Estimate       Standard Error      Lower           Upper
 --------------------------  --------------  --------------  --------------  --------------
     1:p g1 a0 t1             0.7059192       0.0687434       0.5564127       0.8212262                          
     2:p g1 a1 t2             0.7015689       0.0697822       0.5502102       0.8187706                          
     3:p g1 a2 t3             0.6965621       0.0712115       0.5425533       0.8162783                          
     4:Psi g1 a0 t1           0.0197396       0.0201726       0.0026029       0.1344854                          


                      Estimates of Derived Parameters
       Occupancy Estimates of { p(~undr)Psi(~pctex21 + BRT_100m) }
                                            95% Confidence Interval
 Group   Psi-hat         Standard Error      Lower           Upper
 -----   --------------  --------------  --------------  --------------
   1      0.0197396       0.0201726       0.0026029       0.1344854    

   CPU Time for the last procedure was 0.08 seconds.     

  Program  MARK  - Survival Rate Estimation with Capture-Recapture Data
   gfortran(dble) Vers. 9.0 Mar 2018     3-Dec-2019 11:00:04    Page  004
 - - - - - - - - - - - - - - - - - - - - - - - - - - - - - - - - - - - - - -
 


  INPUT --- proc stop;

     CPU Time in minutes for this job was 0.00

     Time Start = 11:00:04.074   Time End = 11:00:04.178

     Wall Clock Time in minutes for this job was 0.00


          E X E C U T I O N   S U C C E S S F U L 
