
   Program  MARK  - Survival Rate Estimation with Capture-Recapture Data
   gfortran(dble) Vers. 9.0 Mar 2018     3-Dec-2019 11:06:29    Page  001
 - - - - - - - - - - - - - - - - - - - - - - - - - - - - - - - - - - - - - -
 
   This version was compiled by GCC version 7.2.0 using the options: 
     -cpp -iprefix C:/Program Files/mingw-w64/x86_64-7.2.0-posix-seh-rt_v5-rev1/
     mingw64/bin/../lib/gcc/x86_64-w64-mingw32/7.2.0/ -D_MT -D_REENTRANT
     -U_REENTRANT -D IEEE -D DBLEPRECISION -m64 -mtune=core2 -march=nocona -mthreads
     -O2 -fimplicit-none -fbounds-check -funroll-loops -ftree-vectorize
     -ffpe-summary=invalid,zero,overflow,underflow -fno-unsafe-math-optimizations
     -frounding-math -fsignaling-nans -fopenmp.

   This problem will use 7 of 8 possible threads.


  INPUT --- proc title ;

   CPU Time for the last procedure was 0.01 seconds.     


  INPUT --- proc chmatrix occasions= 3 groups= 1 etype= Occupancy 
  INPUT --- Nodes= 101 icovar = 4 ICMeans  NoHist hist= 132 ;

  INPUT ---    time interval 1 1 1 ;

  INPUT ---     icovariates lwd1 lwd2 lwd3 pctex21 ;

  INPUT ---    glabel(1)=freq1;

      Number of unique encounter histories read was 132.

      Number of individual covariates read was 4.
      Time interval lengths are all equal to 1.

      Data type number is 27
      Data type is Occupancy Estimation with Detection < 1                                                             

   CPU Time for the last procedure was 0.02 seconds.     

  Program  MARK  - Survival Rate Estimation with Capture-Recapture Data
   gfortran(dble) Vers. 9.0 Mar 2018     3-Dec-2019 11:06:29    Page  002
 - - - - - - - - - - - - - - - - - - - - - - - - - - - - - - - - - - - - - -
 


  INPUT --- proc estimate link=Logit NOLOOP varest=2ndPart    ;


  INPUT --- model={ p(~lwd)Psi(~pctex21) };

  INPUT ---    group=1 p    rows=1 cols=3 Square ;
  INPUT ---        1 2 3 ;

  INPUT ---    group=1 Psi    rows=1 cols=1 Square ;
  INPUT ---        4 ;

  INPUT ---    design matrix constraints=4 covariates=4;
  INPUT ---        1 lwd1 0 0;
  INPUT ---        1 lwd2 0 0;
  INPUT ---        1 lwd3 0 0;
  INPUT ---        0 0 1 pctex21;
  INPUT ---       blabel(1)=p:(Intercept);
  INPUT ---       blabel(2)=p:lwd;
  INPUT ---       blabel(3)=Psi:(Intercept);
  INPUT ---       blabel(4)=Psi:pctex21;
  INPUT ---       rlabel(1)=p g1 a0 t1;
  INPUT ---       rlabel(2)=p g1 a1 t2;
  INPUT ---       rlabel(3)=p g1 a2 t3;
  INPUT ---       rlabel(4)=Psi g1 a0 t1;

 Link Function Used is LOGIT        

 Variance Estimation Procedure Used is 2ndPart 
 -2logL(saturated) = 0.0000000     
 Effective Sample Size = 138

 Number of function evaluations was 22 for 4 parameters.
 Time for numerical optimization was 0.01 seconds.     
 -2logL { p(~lwd)Psi(~pctex21) } = 152.97597     
 Penalty { p(~lwd)Psi(~pctex21) } = 0.0000000     
 Gradient { p(~lwd)Psi(~pctex21) }:
  0.2123911E-05  0.7519344E-06  0.2102878E-05   0.000000    
 Maximum ABS(G) { p(~lwd)Psi(~pctex21) } = 0.2123911E-05 
 S Vector { p(~lwd)Psi(~pctex21) }:
   14.14401      9.643918     0.1854923     0.2039064E-01
 Time to compute number of parameters was 0.01 seconds.     
 Ratio Threshold = 50.000000       Max Gap (2/3) = 51.990943       Next Max Gap (3/4) = 9.0969319     
 Gap Method for Num. of Estimated Parameters { p(~lwd)Psi(~pctex21) } = 2          
 Threshold { p(~lwd)Psi(~pctex21) } = 0.4247822E-05                 
 Numerical Threshold Method for Num. of Estimated Parameters { p(~lwd)Psi(~pctex21) } = 4          
 Number of Estimated Parameters { p(~lwd)Psi(~pctex21) } = 4          

   * *  WARNING  * *   Number of parameters estimated from gap method (=2) and threshold method (=4) differ.  Inspect full output.                                                                                                                                                                                                                                                                                                                                                                                                                      
 Ratios of S Vector { p(~lwd)Psi(~pctex21) }:
   1/2    1.466625       2/3    51.99094       3/4    9.096932    
 DEVIANCE { p(~lwd)Psi(~pctex21) } = 152.97597                     
 DEVIANCE Degrees of Freedom { p(~lwd)Psi(~pctex21) } = 134            
 c-hat { p(~lwd)Psi(~pctex21) } = 1.1416117                     
 AIC { p(~lwd)Psi(~pctex21) } = 160.97597                  
 AICc { p(~lwd)Psi(~pctex21) } = 161.27672                    
 BIC { p(~lwd)Psi(~pctex21) } = 172.68498                    
 Pearson Chisquare { p(~lwd)Psi(~pctex21) } = 951.20583                  

  Program  MARK  - Survival Rate Estimation with Capture-Recapture Data
   gfortran(dble) Vers. 9.0 Mar 2018     3-Dec-2019 11:06:30    Page  003
 - - - - - - - - - - - - - - - - - - - - - - - - - - - - - - - - - - - - - -
 


                   LOGIT Link Function Parameters of { p(~lwd)Psi(~pctex21) }
                                                              95% Confidence Interval
 Parameter                    Beta         Standard Error      Lower           Upper
 -------------------------  --------------  --------------  --------------  --------------
    1:p:(Intercept)          0.7960719       0.3861497       0.0392184       1.5529254    
    2:p:lwd                  0.8780510       1.3210226      -1.7111534       3.4672554    
    3:Psi:(Intercept)       -0.8140366       0.3052942      -1.4124132      -0.2156600    
    4:Psi:pctex21           -0.6199499       0.2260845      -1.0630755      -0.1768243    


                   Real Function Parameters of { p(~lwd)Psi(~pctex21) }

      Following estimates based on unstandardized individual covariate values:
          Variable   Value         
          ---------  ------------- 
          LWD1        0.2346014    
          LWD2        0.2355072    
          LWD3        0.2114389    
          PCTEX21     4.8306834    
                                                               95% Confidence Interval
  Parameter                  Estimate       Standard Error      Lower           Upper
 --------------------------  --------------  --------------  --------------  --------------
     1:p g1 a0 t1             0.7314642       0.0658756       0.5853392       0.8401571                          
     2:p g1 a1 t2             0.7316204       0.0659189       0.5853687       0.8403543                          
     3:p g1 a2 t3             0.7274506       0.0650199       0.5839376       0.8354139                          
     4:Psi g1 a0 t1           0.0216933       0.0208824       0.0032128       0.1323606                          


                      Estimates of Derived Parameters
             Occupancy Estimates of { p(~lwd)Psi(~pctex21) }
                                            95% Confidence Interval
 Group   Psi-hat         Standard Error      Lower           Upper
 -----   --------------  --------------  --------------  --------------
   1      0.0216933       0.0208824       0.0032128       0.1323606    

 Attempted ordering of parameters by estimatibility:
  3 1 2 4
 Beta number 4 is a singular value.

   CPU Time for the last procedure was 0.02 seconds.     

  Program  MARK  - Survival Rate Estimation with Capture-Recapture Data
   gfortran(dble) Vers. 9.0 Mar 2018     3-Dec-2019 11:06:30    Page  004
 - - - - - - - - - - - - - - - - - - - - - - - - - - - - - - - - - - - - - -
 


  INPUT --- proc stop;

     CPU Time in minutes for this job was 0.00

     Time Start = 11:06:29.977   Time End = 11:06:30.076

     Wall Clock Time in minutes for this job was 0.00


          E X E C U T I O N   S U C C E S S F U L 
