
   Program  MARK  - Survival Rate Estimation with Capture-Recapture Data
   gfortran(dble) Vers. 9.0 Mar 2018     3-Dec-2019 10:57:59    Page  001
 - - - - - - - - - - - - - - - - - - - - - - - - - - - - - - - - - - - - - -
 
   This version was compiled by GCC version 7.2.0 using the options: 
     -cpp -iprefix C:/Program Files/mingw-w64/x86_64-7.2.0-posix-seh-rt_v5-rev1/
     mingw64/bin/../lib/gcc/x86_64-w64-mingw32/7.2.0/ -D_MT -D_REENTRANT
     -U_REENTRANT -D IEEE -D DBLEPRECISION -m64 -mtune=core2 -march=nocona -mthreads
     -O2 -fimplicit-none -fbounds-check -funroll-loops -ftree-vectorize
     -ffpe-summary=invalid,zero,overflow,underflow -fno-unsafe-math-optimizations
     -frounding-math -fsignaling-nans -fopenmp.

   This problem will use 7 of 8 possible threads.


  INPUT --- proc title ;

   CPU Time for the last procedure was 0.01 seconds.     


  INPUT --- proc chmatrix occasions= 3 groups= 1 etype= Occupancy 
  INPUT --- Nodes= 101 icovar = 4 ICMeans  NoHist hist= 138 ;

  INPUT ---    time interval 1 1 1 ;

  INPUT ---     icovariates mxflow1 mxflow2 mxflow3 HAiFLS_nat ;

  INPUT ---    glabel(1)=freq1;

      Number of unique encounter histories read was 138.

      Number of individual covariates read was 4.
      Time interval lengths are all equal to 1.

      Data type number is 27
      Data type is Occupancy Estimation with Detection < 1                                                             

   CPU Time for the last procedure was 0.02 seconds.     

  Program  MARK  - Survival Rate Estimation with Capture-Recapture Data
   gfortran(dble) Vers. 9.0 Mar 2018     3-Dec-2019 10:57:59    Page  002
 - - - - - - - - - - - - - - - - - - - - - - - - - - - - - - - - - - - - - -
 


  INPUT --- proc estimate link=Logit NOLOOP varest=2ndPart    ;


  INPUT --- model={ p(~mxflow)Psi(~HAiFLS_nat) };

  INPUT ---    group=1 p    rows=1 cols=3 Square ;
  INPUT ---        1 2 3 ;

  INPUT ---    group=1 Psi    rows=1 cols=1 Square ;
  INPUT ---        4 ;

  INPUT ---    design matrix constraints=4 covariates=4;
  INPUT ---        1 mxflow1 0 0;
  INPUT ---        1 mxflow2 0 0;
  INPUT ---        1 mxflow3 0 0;
  INPUT ---        0 0 1 HAiFLS_nat;
  INPUT ---       blabel(1)=p:(Intercept);
  INPUT ---       blabel(2)=p:mxflow;
  INPUT ---       blabel(3)=Psi:(Intercept);
  INPUT ---       blabel(4)=Psi:HAiFLS_nat;
  INPUT ---       rlabel(1)=p g1 a0 t1;
  INPUT ---       rlabel(2)=p g1 a1 t2;
  INPUT ---       rlabel(3)=p g1 a2 t3;
  INPUT ---       rlabel(4)=Psi g1 a0 t1;

 Link Function Used is LOGIT        

 Variance Estimation Procedure Used is 2ndPart 
 -2logL(saturated) = 0.0000000     
 Effective Sample Size = 138

 Number of function evaluations was 19 for 4 parameters.
 Time for numerical optimization was 0.08 seconds.     
 -2logL { p(~mxflow)Psi(~HAiFLS_nat) } = 169.79506     
 Penalty { p(~mxflow)Psi(~HAiFLS_nat) } = 0.0000000     
 Gradient { p(~mxflow)Psi(~HAiFLS_nat) }:
   0.000000       0.000000      0.5416817E-06  0.6417071E-06
 Maximum ABS(G) { p(~mxflow)Psi(~HAiFLS_nat) } = 0.6417071E-06 
 S Vector { p(~mxflow)Psi(~HAiFLS_nat) }:
   18.51820      9.608618      1.247289     0.2732489E-03
 Time to compute number of parameters was 0.01 seconds.     
 Ratio Threshold = 50.000000       Max Gap (3/4) = 4564.6612       Next Max Gap (2/3) = 7.7036042     
 Gap Method for Num. of Estimated Parameters { p(~mxflow)Psi(~HAiFLS_nat) } = 3          
 Threshold { p(~mxflow)Psi(~HAiFLS_nat) } = 0.1283414E-05                 
 Numerical Threshold Method for Num. of Estimated Parameters { p(~mxflow)Psi(~HAiFLS_nat) } = 4          
 Number of Estimated Parameters { p(~mxflow)Psi(~HAiFLS_nat) } = 4          

   * *  WARNING  * *   Number of parameters estimated from gap method (=3) and threshold method (=4) differ.  Inspect full output.                                                                                                                                                                                                                                                                                                                                                                                                                      
 Ratios of S Vector { p(~mxflow)Psi(~HAiFLS_nat) }:
   1/2    1.927249       2/3    7.703604       3/4    4564.661    
 DEVIANCE { p(~mxflow)Psi(~HAiFLS_nat) } = 169.79506                     
 DEVIANCE Degrees of Freedom { p(~mxflow)Psi(~HAiFLS_nat) } = 134            
 c-hat { p(~mxflow)Psi(~HAiFLS_nat) } = 1.2671273                     
 AIC { p(~mxflow)Psi(~HAiFLS_nat) } = 177.79506                  
 AICc { p(~mxflow)Psi(~HAiFLS_nat) } = 178.09581                    
 BIC { p(~mxflow)Psi(~HAiFLS_nat) } = 189.50407                    
 Pearson Chisquare { p(~mxflow)Psi(~HAiFLS_nat) } = 938.93924                  

  Program  MARK  - Survival Rate Estimation with Capture-Recapture Data
   gfortran(dble) Vers. 9.0 Mar 2018     3-Dec-2019 10:58:00    Page  003
 - - - - - - - - - - - - - - - - - - - - - - - - - - - - - - - - - - - - - -
 


                LOGIT Link Function Parameters of { p(~mxflow)Psi(~HAiFLS_nat) }
                                                              95% Confidence Interval
 Parameter                    Beta         Standard Error      Lower           Upper
 -------------------------  --------------  --------------  --------------  --------------
    1:p:(Intercept)          1.0024019       0.6160847      -0.2051242       2.2099280    
    2:p:mxflow              -0.0987170       0.9165590      -1.8951727       1.6977388    
    3:Psi:(Intercept)       -2.5211612       0.4271367      -3.3583491      -1.6839733    
    4:Psi:HAiFLS_nat         0.0197465       0.0082210       0.0036333       0.0358596    


                Real Function Parameters of { p(~mxflow)Psi(~HAiFLS_nat) }

      Following estimates based on unstandardized individual covariate values:
          Variable   Value         
          ---------  ------------- 
          MXFLOW1     0.8952899    
          MXFLOW2     1.0911594    
          MXFLOW3     0.5689855    
          HAIFLS_NAT  30.404180    
                                                               95% Confidence Interval
  Parameter                  Estimate       Standard Error      Lower           Upper
 --------------------------  --------------  --------------  --------------  --------------
     1:p g1 a0 t1             0.7138224       0.0891511       0.5146572       0.8543827                          
     2:p g1 a1 t2             0.7098562       0.1180701       0.4430196       0.8827038                          
     3:p g1 a2 t3             0.7203571       0.0647785       0.5783371       0.8287106                          
     4:Psi g1 a0 t1           0.1277740       0.0302438       0.0792432       0.1995839                          


                      Estimates of Derived Parameters
          Occupancy Estimates of { p(~mxflow)Psi(~HAiFLS_nat) }
                                            95% Confidence Interval
 Group   Psi-hat         Standard Error      Lower           Upper
 -----   --------------  --------------  --------------  --------------
   1      0.1277740       0.0302438       0.0792432       0.1995839    

 Attempted ordering of parameters by estimatibility:
  3 1 4 2
 Beta number 2 is a singular value.

   CPU Time for the last procedure was 0.08 seconds.     

  Program  MARK  - Survival Rate Estimation with Capture-Recapture Data
   gfortran(dble) Vers. 9.0 Mar 2018     3-Dec-2019 10:58:00    Page  004
 - - - - - - - - - - - - - - - - - - - - - - - - - - - - - - - - - - - - - -
 


  INPUT --- proc stop;

     CPU Time in minutes for this job was 0.00

     Time Start = 10:57:59.769   Time End = 10:58:00.517

     Wall Clock Time in minutes for this job was 0.01


          E X E C U T I O N   S U C C E S S F U L 
