
   Program  MARK  - Survival Rate Estimation with Capture-Recapture Data
   gfortran(dble) Vers. 9.0 Mar 2018     3-Dec-2019 10:57:55    Page  001
 - - - - - - - - - - - - - - - - - - - - - - - - - - - - - - - - - - - - - -
 
   This version was compiled by GCC version 7.2.0 using the options: 
     -cpp -iprefix C:/Program Files/mingw-w64/x86_64-7.2.0-posix-seh-rt_v5-rev1/
     mingw64/bin/../lib/gcc/x86_64-w64-mingw32/7.2.0/ -D_MT -D_REENTRANT
     -U_REENTRANT -D IEEE -D DBLEPRECISION -m64 -mtune=core2 -march=nocona -mthreads
     -O2 -fimplicit-none -fbounds-check -funroll-loops -ftree-vectorize
     -ffpe-summary=invalid,zero,overflow,underflow -fno-unsafe-math-optimizations
     -frounding-math -fsignaling-nans -fopenmp.

   This problem will use 7 of 8 possible threads.


  INPUT --- proc title ;

   CPU Time for the last procedure was 0.01 seconds.     


  INPUT --- proc chmatrix occasions= 3 groups= 1 etype= Occupancy 
  INPUT --- Nodes= 101 icovar = 4 ICMeans  NoHist hist= 138 ;

  INPUT ---    time interval 1 1 1 ;

  INPUT ---     icovariates lwd1 lwd2 lwd3 HAiFLS_nat ;

  INPUT ---    glabel(1)=freq1;

      Number of unique encounter histories read was 138.

      Number of individual covariates read was 4.
      Time interval lengths are all equal to 1.

      Data type number is 27
      Data type is Occupancy Estimation with Detection < 1                                                             

   CPU Time for the last procedure was 0.01 seconds.     

  Program  MARK  - Survival Rate Estimation with Capture-Recapture Data
   gfortran(dble) Vers. 9.0 Mar 2018     3-Dec-2019 10:57:55    Page  002
 - - - - - - - - - - - - - - - - - - - - - - - - - - - - - - - - - - - - - -
 


  INPUT --- proc estimate link=Logit NOLOOP varest=2ndPart    ;


  INPUT --- model={ p(~lwd)Psi(~HAiFLS_nat) };

  INPUT ---    group=1 p    rows=1 cols=3 Square ;
  INPUT ---        1 2 3 ;

  INPUT ---    group=1 Psi    rows=1 cols=1 Square ;
  INPUT ---        4 ;

  INPUT ---    design matrix constraints=4 covariates=4;
  INPUT ---        1 lwd1 0 0;
  INPUT ---        1 lwd2 0 0;
  INPUT ---        1 lwd3 0 0;
  INPUT ---        0 0 1 HAiFLS_nat;
  INPUT ---       blabel(1)=p:(Intercept);
  INPUT ---       blabel(2)=p:lwd;
  INPUT ---       blabel(3)=Psi:(Intercept);
  INPUT ---       blabel(4)=Psi:HAiFLS_nat;
  INPUT ---       rlabel(1)=p g1 a0 t1;
  INPUT ---       rlabel(2)=p g1 a1 t2;
  INPUT ---       rlabel(3)=p g1 a2 t3;
  INPUT ---       rlabel(4)=Psi g1 a0 t1;

 Link Function Used is LOGIT        

 Variance Estimation Procedure Used is 2ndPart 
 -2logL(saturated) = 0.0000000     
 Effective Sample Size = 138

 Number of function evaluations was 14 for 4 parameters.
 Time for numerical optimization was 0.03 seconds.     
 -2logL { p(~lwd)Psi(~HAiFLS_nat) } = 169.38737     
 Penalty { p(~lwd)Psi(~HAiFLS_nat) } = 0.0000000     
 Gradient { p(~lwd)Psi(~HAiFLS_nat) }:
  0.3167887E-05  0.7744606E-06  0.1624258E-05  0.2570173E-05
 Maximum ABS(G) { p(~lwd)Psi(~HAiFLS_nat) } = 0.3167887E-05 
 S Vector { p(~lwd)Psi(~HAiFLS_nat) }:
   18.52416      9.754818      1.249475     0.1842412    
 Time to compute number of parameters was 0.01 seconds.     
 Ratio Threshold = 50.000000       Max Gap (2/3) = 7.8071331       Next Max Gap (3/4) = 6.7817366     
 Gap Method for Num. of Estimated Parameters { p(~lwd)Psi(~HAiFLS_nat) } = 4          
 Threshold { p(~lwd)Psi(~HAiFLS_nat) } = 0.6335773E-05                 
 Numerical Threshold Method for Num. of Estimated Parameters { p(~lwd)Psi(~HAiFLS_nat) } = 4          
 Number of Estimated Parameters { p(~lwd)Psi(~HAiFLS_nat) } = 4          
 DEVIANCE { p(~lwd)Psi(~HAiFLS_nat) } = 169.38737                     
 DEVIANCE Degrees of Freedom { p(~lwd)Psi(~HAiFLS_nat) } = 134            
 c-hat { p(~lwd)Psi(~HAiFLS_nat) } = 1.2640848                     
 AIC { p(~lwd)Psi(~HAiFLS_nat) } = 177.38737                  
 AICc { p(~lwd)Psi(~HAiFLS_nat) } = 177.68812                    
 BIC { p(~lwd)Psi(~HAiFLS_nat) } = 189.09638                    
 Pearson Chisquare { p(~lwd)Psi(~HAiFLS_nat) } = 906.68807                  

  Program  MARK  - Survival Rate Estimation with Capture-Recapture Data
   gfortran(dble) Vers. 9.0 Mar 2018     3-Dec-2019 10:57:55    Page  003
 - - - - - - - - - - - - - - - - - - - - - - - - - - - - - - - - - - - - - -
 


                 LOGIT Link Function Parameters of { p(~lwd)Psi(~HAiFLS_nat) }
                                                              95% Confidence Interval
 Parameter                    Beta         Standard Error      Lower           Upper
 -------------------------  --------------  --------------  --------------  --------------
    1:p:(Intercept)          0.8062659       0.3831223       0.0553462       1.5571856    
    2:p:lwd                  0.8358910       1.3257612      -1.7626010       3.4343829    
    3:Psi:(Intercept)       -2.5228671       0.4268753      -3.3595426      -1.6861915    
    4:Psi:HAiFLS_nat         0.0197077       0.0082117       0.0036129       0.0358026    


                 Real Function Parameters of { p(~lwd)Psi(~HAiFLS_nat) }

      Following estimates based on unstandardized individual covariate values:
          Variable   Value         
          ---------  ------------- 
          LWD1        0.2346014    
          LWD2        0.2355072    
          LWD3        0.2114389    
          HAIFLS_NAT  30.404180    
                                                               95% Confidence Interval
  Parameter                  Estimate       Standard Error      Lower           Upper
 --------------------------  --------------  --------------  --------------  --------------
     1:p g1 a0 t1             0.7315237       0.0660457       0.5849783       0.8404379                          
     2:p g1 a1 t2             0.7316724       0.0660940       0.5849890       0.8406350                          
     3:p g1 a2 t3             0.7277042       0.0650610       0.5840588       0.8356970                          
     4:Psi g1 a0 t1           0.1274530       0.0301515       0.0790682       0.1990467                          


                      Estimates of Derived Parameters
            Occupancy Estimates of { p(~lwd)Psi(~HAiFLS_nat) }
                                            95% Confidence Interval
 Group   Psi-hat         Standard Error      Lower           Upper
 -----   --------------  --------------  --------------  --------------
   1      0.1274530       0.0301515       0.0790682       0.1990467    

   CPU Time for the last procedure was 0.03 seconds.     

  Program  MARK  - Survival Rate Estimation with Capture-Recapture Data
   gfortran(dble) Vers. 9.0 Mar 2018     3-Dec-2019 10:57:55    Page  004
 - - - - - - - - - - - - - - - - - - - - - - - - - - - - - - - - - - - - - -
 


  INPUT --- proc stop;

     CPU Time in minutes for this job was 0.00

     Time Start = 10:57:55.044   Time End = 10:57:55.793

     Wall Clock Time in minutes for this job was 0.01


          E X E C U T I O N   S U C C E S S F U L 
