
   Program  MARK  - Survival Rate Estimation with Capture-Recapture Data
   gfortran(dble) Vers. 9.0 Mar 2018     3-Dec-2019 11:05:25    Page  001
 - - - - - - - - - - - - - - - - - - - - - - - - - - - - - - - - - - - - - -
 
   This version was compiled by GCC version 7.2.0 using the options: 
     -cpp -iprefix C:/Program Files/mingw-w64/x86_64-7.2.0-posix-seh-rt_v5-rev1/
     mingw64/bin/../lib/gcc/x86_64-w64-mingw32/7.2.0/ -D_MT -D_REENTRANT
     -U_REENTRANT -D IEEE -D DBLEPRECISION -m64 -mtune=core2 -march=nocona -mthreads
     -O2 -fimplicit-none -fbounds-check -funroll-loops -ftree-vectorize
     -ffpe-summary=invalid,zero,overflow,underflow -fno-unsafe-math-optimizations
     -frounding-math -fsignaling-nans -fopenmp.

   This problem will use 7 of 8 possible threads.


  INPUT --- proc title ;

   CPU Time for the last procedure was 0.01 seconds.     


  INPUT --- proc chmatrix occasions= 3 groups= 1 etype= Occupancy 
  INPUT --- Nodes= 101 icovar = 8 ICMeans  NoHist hist= 138 ;

  INPUT ---    time interval 1 1 1 ;

  INPUT ---     icovariates effort1 effort2 effort3 undr1 undr2 undr3  
  INPUT ---    pctex21 pctVertbnk ;

  INPUT ---    glabel(1)=freq1;

      Number of unique encounter histories read was 138.

      Number of individual covariates read was 8.
      Time interval lengths are all equal to 1.

      Data type number is 27
      Data type is Occupancy Estimation with Detection < 1                                                             

   CPU Time for the last procedure was 0.02 seconds.     

  Program  MARK  - Survival Rate Estimation with Capture-Recapture Data
   gfortran(dble) Vers. 9.0 Mar 2018     3-Dec-2019 11:05:25    Page  002
 - - - - - - - - - - - - - - - - - - - - - - - - - - - - - - - - - - - - - -
 


  INPUT --- proc estimate link=Logit NOLOOP varest=2ndPart    ;


  INPUT --- model={ p(~effort + undr)Psi(~pctex21 + pctVertbnk) };

  INPUT ---    group=1 p    rows=1 cols=3 Square ;
  INPUT ---        1 2 3 ;

  INPUT ---    group=1 Psi    rows=1 cols=1 Square ;
  INPUT ---        4 ;

  INPUT ---    design matrix constraints=4 covariates=6;
  INPUT ---        1 effort1 undr1 0 0 0;
  INPUT ---        1 effort2 undr2 0 0 0;
  INPUT ---        1 effort3 undr3 0 0 0;
  INPUT ---        0 0 0 1 pctex21 pctVertbnk;
  INPUT ---       blabel(1)=p:(Intercept);
  INPUT ---       blabel(2)=p:effort;
  INPUT ---       blabel(3)=p:undr;
  INPUT ---       blabel(4)=Psi:(Intercept);
  INPUT ---       blabel(5)=Psi:pctex21;
  INPUT ---       blabel(6)=Psi:pctVertbnk;
  INPUT ---       rlabel(1)=p g1 a0 t1;
  INPUT ---       rlabel(2)=p g1 a1 t2;
  INPUT ---       rlabel(3)=p g1 a2 t3;
  INPUT ---       rlabel(4)=Psi g1 a0 t1;

 Link Function Used is LOGIT        

 Variance Estimation Procedure Used is 2ndPart 
 -2logL(saturated) = 0.0000000     
 Effective Sample Size = 138

 Number of function evaluations was 23 for 6 parameters.
 Time for numerical optimization was 0.03 seconds.     
 -2logL { p(~effort + undr)Psi(~pctex21 + pctVertbnk) } = 144.53902     
 Penalty { p(~effort + undr)Psi(~pctex21 + pctVertbnk) } = 0.0000000     
 Gradient { p(~effort + undr)Psi(~pctex21 + pctVertbnk) }:
   0.000000       0.000000     -0.7088619E-06  0.1479200E-05  0.8459466E-07
   0.000000    
 Maximum ABS(G) { p(~effort + undr)Psi(~pctex21 + pctVertbnk) } = 0.1479200E-05 
 S Vector { p(~effort + undr)Psi(~pctex21 + pctVertbnk) }:
   14.88453      7.389272     0.5853869     0.2920693     0.9459408E-01
  0.1703382E-01
 Time to compute number of parameters was 0.03 seconds.     
 Ratio Threshold = 50.000000       Max Gap (2/3) = 12.622886       Next Max Gap (5/6) = 5.5533085     
 Gap Method for Num. of Estimated Parameters { p(~effort + undr)Psi(~pctex21 + pctVertbnk) } = 6          
 Threshold { p(~effort + undr)Psi(~pctex21 + pctVertbnk) } = 0.2958400E-05                 
 Numerical Threshold Method for Num. of Estimated Parameters { p(~effort + undr)Psi(~pctex21 + pctVertbnk) } = 6          
 Number of Estimated Parameters { p(~effort + undr)Psi(~pctex21 + pctVertbnk) } = 6          
 DEVIANCE { p(~effort + undr)Psi(~pctex21 + pctVertbnk) } = 144.53902                     
 DEVIANCE Degrees of Freedom { p(~effort + undr)Psi(~pctex21 + pctVertbnk) } = 132            
 c-hat { p(~effort + undr)Psi(~pctex21 + pctVertbnk) } = 1.0949926                     
 AIC { p(~effort + undr)Psi(~pctex21 + pctVertbnk) } = 156.53902                  
 AICc { p(~effort + undr)Psi(~pctex21 + pctVertbnk) } = 157.18024                    
 BIC { p(~effort + undr)Psi(~pctex21 + pctVertbnk) } = 174.10254                    
 Pearson Chisquare { p(~effort + undr)Psi(~pctex21 + pctVertbnk) } = 548.70687                  

  Program  MARK  - Survival Rate Estimation with Capture-Recapture Data
   gfortran(dble) Vers. 9.0 Mar 2018     3-Dec-2019 11:05:26    Page  003
 - - - - - - - - - - - - - - - - - - - - - - - - - - - - - - - - - - - - - -
 


       LOGIT Link Function Parameters of { p(~effort + undr)Psi(~pctex21 + pctVertbnk) }
                                                              95% Confidence Interval
 Parameter                    Beta         Standard Error      Lower           Upper
 -------------------------  --------------  --------------  --------------  --------------
    1:p:(Intercept)         -0.8320015       0.7891615      -2.3787581       0.7147550    
    2:p:effort               0.0016690       0.8019707E-03   0.9710431E-04   0.0032408    
    3:p:undr                 0.4830627       0.5171625      -0.5305758       1.4967012    
    4:Psi:(Intercept)       -0.2894462       0.5028835      -1.2750980       0.6962056    
    5:Psi:pctex21           -0.6957694       0.2469602      -1.1798114      -0.2117275    
    6:Psi:pctVertbnk        -0.0238644       0.0211078      -0.0652358       0.0175069    


       Real Function Parameters of { p(~effort + undr)Psi(~pctex21 + pctVertbnk) }

      Following estimates based on unstandardized individual covariate values:
          Variable   Value         
          ---------  ------------- 
          EFFORT1     906.23188    
          EFFORT2     834.18841    
          EFFORT3     818.18116    
          UNDR1       0.5869565    
          UNDR2       0.5483092    
          UNDR3       0.5042271    
          PCTEX21     4.8306834    
          PCTVERTBNK  15.307971    
                                                               95% Confidence Interval
  Parameter                  Estimate       Standard Error      Lower           Upper
 --------------------------  --------------  --------------  --------------  --------------
     1:p g1 a0 t1             0.7239232       0.0786698       0.5479760       0.8501166                          
     2:p g1 a1 t2             0.6953176       0.0809887       0.5189432       0.8284084                          
     3:p g1 a2 t3             0.6850524       0.0830672       0.5056191       0.8222550                          
     4:Psi g1 a0 t1           0.0177092       0.0184528       0.0022492       0.1260132                          


                      Estimates of Derived Parameters
  Occupancy Estimates of { p(~effort + undr)Psi(~pctex21 + pctVertbnk) }
                                            95% Confidence Interval
 Group   Psi-hat         Standard Error      Lower           Upper
 -----   --------------  --------------  --------------  --------------
   1      0.0177092       0.0184528       0.0022492       0.1260132    

   CPU Time for the last procedure was 0.06 seconds.     

  Program  MARK  - Survival Rate Estimation with Capture-Recapture Data
   gfortran(dble) Vers. 9.0 Mar 2018     3-Dec-2019 11:05:26    Page  004
 - - - - - - - - - - - - - - - - - - - - - - - - - - - - - - - - - - - - - -
 


  INPUT --- proc stop;

     CPU Time in minutes for this job was 0.00

     Time Start = 11:05:25.585   Time End = 11:05:26.287

     Wall Clock Time in minutes for this job was 0.01


          E X E C U T I O N   S U C C E S S F U L 
