
   Program  MARK  - Survival Rate Estimation with Capture-Recapture Data
   gfortran(dble) Vers. 9.0 Mar 2018     3-Dec-2019 11:00:29    Page  001
 - - - - - - - - - - - - - - - - - - - - - - - - - - - - - - - - - - - - - -
 
   This version was compiled by GCC version 7.2.0 using the options: 
     -cpp -iprefix C:/Program Files/mingw-w64/x86_64-7.2.0-posix-seh-rt_v5-rev1/
     mingw64/bin/../lib/gcc/x86_64-w64-mingw32/7.2.0/ -D_MT -D_REENTRANT
     -U_REENTRANT -D IEEE -D DBLEPRECISION -m64 -mtune=core2 -march=nocona -mthreads
     -O2 -fimplicit-none -fbounds-check -funroll-loops -ftree-vectorize
     -ffpe-summary=invalid,zero,overflow,underflow -fno-unsafe-math-optimizations
     -frounding-math -fsignaling-nans -fopenmp.

   This problem will use 7 of 8 possible threads.


  INPUT --- proc title ;

   CPU Time for the last procedure was 0.01 seconds.     


  INPUT --- proc chmatrix occasions= 3 groups= 1 etype= Occupancy 
  INPUT --- Nodes= 101 icovar = 5 ICMeans  NoHist hist= 138 ;

  INPUT ---    time interval 1 1 1 ;

  INPUT ---     icovariates lwd1 lwd2 lwd3 pctex21 HAiFLS_nat ;

  INPUT ---    glabel(1)=freq1;

      Number of unique encounter histories read was 138.

      Number of individual covariates read was 5.
      Time interval lengths are all equal to 1.

      Data type number is 27
      Data type is Occupancy Estimation with Detection < 1                                                             

   CPU Time for the last procedure was 0.01 seconds.     

  Program  MARK  - Survival Rate Estimation with Capture-Recapture Data
   gfortran(dble) Vers. 9.0 Mar 2018     3-Dec-2019 11:00:29    Page  002
 - - - - - - - - - - - - - - - - - - - - - - - - - - - - - - - - - - - - - -
 


  INPUT --- proc estimate link=Logit NOLOOP varest=2ndPart    ;


  INPUT --- model={ p(~lwd)Psi(~pctex21 + HAiFLS_nat) };

  INPUT ---    group=1 p    rows=1 cols=3 Square ;
  INPUT ---        1 2 3 ;

  INPUT ---    group=1 Psi    rows=1 cols=1 Square ;
  INPUT ---        4 ;

  INPUT ---    design matrix constraints=4 covariates=5;
  INPUT ---        1 lwd1 0 0 0;
  INPUT ---        1 lwd2 0 0 0;
  INPUT ---        1 lwd3 0 0 0;
  INPUT ---        0 0 1 pctex21 HAiFLS_nat;
  INPUT ---       blabel(1)=p:(Intercept);
  INPUT ---       blabel(2)=p:lwd;
  INPUT ---       blabel(3)=Psi:(Intercept);
  INPUT ---       blabel(4)=Psi:pctex21;
  INPUT ---       blabel(5)=Psi:HAiFLS_nat;
  INPUT ---       rlabel(1)=p g1 a0 t1;
  INPUT ---       rlabel(2)=p g1 a1 t2;
  INPUT ---       rlabel(3)=p g1 a2 t3;
  INPUT ---       rlabel(4)=Psi g1 a0 t1;

 Link Function Used is LOGIT        

 Variance Estimation Procedure Used is 2ndPart 
 -2logL(saturated) = 0.0000000     
 Effective Sample Size = 138

 Number of function evaluations was 21 for 5 parameters.
 Time for numerical optimization was 0.01 seconds.     
 -2logL { p(~lwd)Psi(~pctex21 + HAiFLS_nat) } = 147.53509     
 Penalty { p(~lwd)Psi(~pctex21 + HAiFLS_nat) } = 0.0000000     
 Gradient { p(~lwd)Psi(~pctex21 + HAiFLS_nat) }:
   0.000000      0.7630122E-06   0.000000       0.000000      0.5832682E-06
 Maximum ABS(G) { p(~lwd)Psi(~pctex21 + HAiFLS_nat) } = 0.7630122E-06 
 S Vector { p(~lwd)Psi(~pctex21 + HAiFLS_nat) }:
   15.53814      9.689126     0.9354769     0.1791708     0.1574514E-01
 Time to compute number of parameters was 0.09 seconds.     
 Ratio Threshold = 50.000000       Max Gap (4/5) = 11.379438       Next Max Gap (2/3) = 10.357418     
 Gap Method for Num. of Estimated Parameters { p(~lwd)Psi(~pctex21 + HAiFLS_nat) } = 5          
 Threshold { p(~lwd)Psi(~pctex21 + HAiFLS_nat) } = 0.1526024E-05                 
 Numerical Threshold Method for Num. of Estimated Parameters { p(~lwd)Psi(~pctex21 + HAiFLS_nat) } = 5          
 Number of Estimated Parameters { p(~lwd)Psi(~pctex21 + HAiFLS_nat) } = 5          
 DEVIANCE { p(~lwd)Psi(~pctex21 + HAiFLS_nat) } = 147.53509                     
 DEVIANCE Degrees of Freedom { p(~lwd)Psi(~pctex21 + HAiFLS_nat) } = 133            
 c-hat { p(~lwd)Psi(~pctex21 + HAiFLS_nat) } = 1.1092864                     
 AIC { p(~lwd)Psi(~pctex21 + HAiFLS_nat) } = 157.53509                  
 AICc { p(~lwd)Psi(~pctex21 + HAiFLS_nat) } = 157.98964                    
 BIC { p(~lwd)Psi(~pctex21 + HAiFLS_nat) } = 172.17136                    
 Pearson Chisquare { p(~lwd)Psi(~pctex21 + HAiFLS_nat) } = 664.83332                  

  Program  MARK  - Survival Rate Estimation with Capture-Recapture Data
   gfortran(dble) Vers. 9.0 Mar 2018     3-Dec-2019 11:00:29    Page  003
 - - - - - - - - - - - - - - - - - - - - - - - - - - - - - - - - - - - - - -
 


            LOGIT Link Function Parameters of { p(~lwd)Psi(~pctex21 + HAiFLS_nat) }
                                                              95% Confidence Interval
 Parameter                    Beta         Standard Error      Lower           Upper
 -------------------------  --------------  --------------  --------------  --------------
    1:p:(Intercept)          0.8010582       0.3861141       0.0442746       1.5578418    
    2:p:lwd                  0.8570066       1.3442843      -1.7777907       3.4918039    
    3:Psi:(Intercept)       -1.5824855       0.4802310      -2.5237383      -0.6412328    
    4:Psi:pctex21           -0.7377599       0.2571288      -1.2417324      -0.2337874    
    5:Psi:HAiFLS_nat         0.0227280       0.0100517       0.0030267       0.0424294    


            Real Function Parameters of { p(~lwd)Psi(~pctex21 + HAiFLS_nat) }

      Following estimates based on unstandardized individual covariate values:
          Variable   Value         
          ---------  ------------- 
          LWD1        0.2346014    
          LWD2        0.2355072    
          LWD3        0.2114389    
          PCTEX21     4.8306834    
          HAIFLS_NAT  30.404180    
                                                               95% Confidence Interval
  Parameter                  Estimate       Standard Error      Lower           Upper
 --------------------------  --------------  --------------  --------------  --------------
     1:p g1 a0 t1             0.7314738       0.0660926       0.5848219       0.8404562                          
     2:p g1 a1 t2             0.7316263       0.0661409       0.5848358       0.8406566                          
     3:p g1 a2 t3             0.7275570       0.0651149       0.5838015       0.8356383                          
     4:Psi g1 a0 t1           0.0114829       0.0130120       0.0012268       0.0989852                          


                      Estimates of Derived Parameters
       Occupancy Estimates of { p(~lwd)Psi(~pctex21 + HAiFLS_nat) }
                                            95% Confidence Interval
 Group   Psi-hat         Standard Error      Lower           Upper
 -----   --------------  --------------  --------------  --------------
   1      0.0114829       0.0130120       0.0012268       0.0989852    

   CPU Time for the last procedure was 0.09 seconds.     

  Program  MARK  - Survival Rate Estimation with Capture-Recapture Data
   gfortran(dble) Vers. 9.0 Mar 2018     3-Dec-2019 11:00:29    Page  004
 - - - - - - - - - - - - - - - - - - - - - - - - - - - - - - - - - - - - - -
 


  INPUT --- proc stop;

     CPU Time in minutes for this job was 0.00

     Time Start = 11:00:29.469   Time End = 11:00:29.578

     Wall Clock Time in minutes for this job was 0.00


          E X E C U T I O N   S U C C E S S F U L 
