
   Program  MARK  - Survival Rate Estimation with Capture-Recapture Data
   gfortran(dble) Vers. 9.0 Mar 2018     3-Dec-2019 11:08:13    Page  001
 - - - - - - - - - - - - - - - - - - - - - - - - - - - - - - - - - - - - - -
 
   This version was compiled by GCC version 7.2.0 using the options: 
     -cpp -iprefix C:/Program Files/mingw-w64/x86_64-7.2.0-posix-seh-rt_v5-rev1/
     mingw64/bin/../lib/gcc/x86_64-w64-mingw32/7.2.0/ -D_MT -D_REENTRANT
     -U_REENTRANT -D IEEE -D DBLEPRECISION -m64 -mtune=core2 -march=nocona -mthreads
     -O2 -fimplicit-none -fbounds-check -funroll-loops -ftree-vectorize
     -ffpe-summary=invalid,zero,overflow,underflow -fno-unsafe-math-optimizations
     -frounding-math -fsignaling-nans -fopenmp.

   This problem will use 7 of 8 possible threads.


  INPUT --- proc title ;

   CPU Time for the last procedure was 0.01 seconds.     


  INPUT --- proc chmatrix occasions= 3 groups= 1 etype= Occupancy 
  INPUT --- Nodes= 101 icovar = 7 ICMeans  NoHist hist= 138 ;

  INPUT ---    time interval 1 1 1 ;

  INPUT ---     icovariates effort1 effort2 effort3 mxdep1 mxdep2 mxdep3  
  INPUT ---    Sinuosity ;

  INPUT ---    glabel(1)=freq1;

      Number of unique encounter histories read was 138.

      Number of individual covariates read was 7.
      Time interval lengths are all equal to 1.

      Data type number is 27
      Data type is Occupancy Estimation with Detection < 1                                                             

   CPU Time for the last procedure was 0.02 seconds.     

  Program  MARK  - Survival Rate Estimation with Capture-Recapture Data
   gfortran(dble) Vers. 9.0 Mar 2018     3-Dec-2019 11:08:13    Page  002
 - - - - - - - - - - - - - - - - - - - - - - - - - - - - - - - - - - - - - -
 


  INPUT --- proc estimate link=Logit NOLOOP varest=2ndPart    ;


  INPUT --- model={ p(~effort + mxdep)Psi(~Sinuosity) };

  INPUT ---    group=1 p    rows=1 cols=3 Square ;
  INPUT ---        1 2 3 ;

  INPUT ---    group=1 Psi    rows=1 cols=1 Square ;
  INPUT ---        4 ;

  INPUT ---    design matrix constraints=4 covariates=5;
  INPUT ---        1 effort1 mxdep1 0 0;
  INPUT ---        1 effort2 mxdep2 0 0;
  INPUT ---        1 effort3 mxdep3 0 0;
  INPUT ---        0 0 0 1 Sinuosity;
  INPUT ---       blabel(1)=p:(Intercept);
  INPUT ---       blabel(2)=p:effort;
  INPUT ---       blabel(3)=p:mxdep;
  INPUT ---       blabel(4)=Psi:(Intercept);
  INPUT ---       blabel(5)=Psi:Sinuosity;
  INPUT ---       rlabel(1)=p g1 a0 t1;
  INPUT ---       rlabel(2)=p g1 a1 t2;
  INPUT ---       rlabel(3)=p g1 a2 t3;
  INPUT ---       rlabel(4)=Psi g1 a0 t1;

 Link Function Used is LOGIT        

 Variance Estimation Procedure Used is 2ndPart 
 -2logL(saturated) = 0.0000000     
 Effective Sample Size = 138

 Number of function evaluations was 31 for 5 parameters.
 Time for numerical optimization was 0.05 seconds.     
 -2logL { p(~effort + mxdep)Psi(~Sinuosity) } = 167.18192     
 Penalty { p(~effort + mxdep)Psi(~Sinuosity) } = 0.0000000     
 Gradient { p(~effort + mxdep)Psi(~Sinuosity) }:
   0.000000      0.3959835E-06 -0.4144247E-07  0.1986002E-05   0.000000    
 Maximum ABS(G) { p(~effort + mxdep)Psi(~Sinuosity) } = 0.1986002E-05 
 S Vector { p(~effort + mxdep)Psi(~Sinuosity) }:
   21.30084      8.066683     0.1251281     0.8847361E-01 0.8727849E-03
 Time to compute number of parameters was 0.11 seconds.     
 Ratio Threshold = 50.000000       Max Gap (4/5) = 101.36932       Next Max Gap (2/3) = 64.467416     
 Gap Method for Num. of Estimated Parameters { p(~effort + mxdep)Psi(~Sinuosity) } = 2          
 Threshold { p(~effort + mxdep)Psi(~Sinuosity) } = 0.3972003E-05                 
 Numerical Threshold Method for Num. of Estimated Parameters { p(~effort + mxdep)Psi(~Sinuosity) } = 5          
 Number of Estimated Parameters { p(~effort + mxdep)Psi(~Sinuosity) } = 5          

   * *  WARNING  * *   Number of parameters estimated from gap method (=2) and threshold method (=5) differ.  Inspect full output.                                                                                                                                                                                                                                                                                                                                                                                                                      

  Program  MARK  - Survival Rate Estimation with Capture-Recapture Data
   gfortran(dble) Vers. 9.0 Mar 2018     3-Dec-2019 11:08:14    Page  003
 - - - - - - - - - - - - - - - - - - - - - - - - - - - - - - - - - - - - - -
 
 Ratios of S Vector { p(~effort + mxdep)Psi(~Sinuosity) }:
   1/2    2.640595       2/3    64.46742       3/4    1.414298       4/5    101.3693    
 DEVIANCE { p(~effort + mxdep)Psi(~Sinuosity) } = 167.18192                     
 DEVIANCE Degrees of Freedom { p(~effort + mxdep)Psi(~Sinuosity) } = 133            
 c-hat { p(~effort + mxdep)Psi(~Sinuosity) } = 1.2570069                     
 AIC { p(~effort + mxdep)Psi(~Sinuosity) } = 177.18192                  
 AICc { p(~effort + mxdep)Psi(~Sinuosity) } = 177.63647                    
 BIC { p(~effort + mxdep)Psi(~Sinuosity) } = 191.81819                    
 Pearson Chisquare { p(~effort + mxdep)Psi(~Sinuosity) } = 952.21369                  


            LOGIT Link Function Parameters of { p(~effort + mxdep)Psi(~Sinuosity) }
                                                              95% Confidence Interval
 Parameter                    Beta         Standard Error      Lower           Upper
 -------------------------  --------------  --------------  --------------  --------------
    1:p:(Intercept)         -1.2990283       0.9716035      -3.2033712       0.6053146    
    2:p:effort               0.9570554E-03   0.7880433E-03  -0.5875095E-03   0.0025016    
    3:p:mxdep                2.8140001       2.1130870      -1.3276504       6.9556507    
    4:Psi:(Intercept)       -0.9207927       1.6467241      -4.1483720       2.3067865    
    5:Psi:Sinuosity         -0.6816244       1.3148568      -3.2587438       1.8954950    


            Real Function Parameters of { p(~effort + mxdep)Psi(~Sinuosity) }

      Following estimates based on unstandardized individual covariate values:
          Variable   Value         
          ---------  ------------- 
          EFFORT1     906.23188    
          EFFORT2     834.18841    
          EFFORT3     818.18116    
          MXDEP1      0.5167391    
          MXDEP2      0.4846377    
          MXDEP3      0.6304348    
          SINUOSITY   1.2535645    
                                                               95% Confidence Interval
  Parameter                  Estimate       Standard Error      Lower           Upper
 --------------------------  --------------  --------------  --------------  --------------
     1:p g1 a0 t1             0.7354379       0.0731051       0.5710074       0.8530615                          
     2:p g1 a1 t2             0.7033093       0.0758097       0.5376844       0.8285221                          
     3:p g1 a2 t3             0.7786920       0.0797705       0.5868098       0.8970924                          
     4:Psi g1 a0 t1           0.1448903       0.0315116       0.0933202       0.2181034                          


                      Estimates of Derived Parameters
       Occupancy Estimates of { p(~effort + mxdep)Psi(~Sinuosity) }
                                            95% Confidence Interval
 Group   Psi-hat         Standard Error      Lower           Upper
 -----   --------------  --------------  --------------  --------------
   1      0.1448903       0.0315116       0.0933202       0.2181034    

 Attempted ordering of parameters by estimatibility:
  4 1 2 5 3
 Beta number 3 is a singular value.

   CPU Time for the last procedure was 0.16 seconds.     

  Program  MARK  - Survival Rate Estimation with Capture-Recapture Data
   gfortran(dble) Vers. 9.0 Mar 2018     3-Dec-2019 11:08:14    Page  004
 - - - - - - - - - - - - - - - - - - - - - - - - - - - - - - - - - - - - - -
 


  INPUT --- proc stop;

     CPU Time in minutes for this job was 0.00

     Time Start = 11:08:13.087   Time End = 11:08:14.381

     Wall Clock Time in minutes for this job was 0.02


          E X E C U T I O N   S U C C E S S F U L 
