
   Program  MARK  - Survival Rate Estimation with Capture-Recapture Data
   gfortran(dble) Vers. 9.0 Mar 2018     3-Dec-2019 11:07:50    Page  001
 - - - - - - - - - - - - - - - - - - - - - - - - - - - - - - - - - - - - - -
 
   This version was compiled by GCC version 7.2.0 using the options: 
     -cpp -iprefix C:/Program Files/mingw-w64/x86_64-7.2.0-posix-seh-rt_v5-rev1/
     mingw64/bin/../lib/gcc/x86_64-w64-mingw32/7.2.0/ -D_MT -D_REENTRANT
     -U_REENTRANT -D IEEE -D DBLEPRECISION -m64 -mtune=core2 -march=nocona -mthreads
     -O2 -fimplicit-none -fbounds-check -funroll-loops -ftree-vectorize
     -ffpe-summary=invalid,zero,overflow,underflow -fno-unsafe-math-optimizations
     -frounding-math -fsignaling-nans -fopenmp.

   This problem will use 7 of 8 possible threads.


  INPUT --- proc title ;

   CPU Time for the last procedure was 0.01 seconds.     


  INPUT --- proc chmatrix occasions= 3 groups= 1 etype= Occupancy 
  INPUT --- Nodes= 101 icovar = 2 ICMeans  NoHist hist= 135 ;

  INPUT ---    time interval 1 1 1 ;

  INPUT ---     icovariates LWD pctShade ;

  INPUT ---    glabel(1)=freq1;

      Number of unique encounter histories read was 135.

      Number of individual covariates read was 2.
      Time interval lengths are all equal to 1.

      Data type number is 27
      Data type is Occupancy Estimation with Detection < 1                                                             

   CPU Time for the last procedure was 0.02 seconds.     

  Program  MARK  - Survival Rate Estimation with Capture-Recapture Data
   gfortran(dble) Vers. 9.0 Mar 2018     3-Dec-2019 11:07:50    Page  002
 - - - - - - - - - - - - - - - - - - - - - - - - - - - - - - - - - - - - - -
 


  INPUT --- proc estimate link=Logit NOLOOP varest=2ndPart    ;


  INPUT --- model={ p(~LWD)Psi(~pctShade) };

  INPUT ---    group=1 p    rows=1 cols=3 Square ;
  INPUT ---        1 1 1 ;

  INPUT ---    group=1 Psi    rows=1 cols=1 Square ;
  INPUT ---        2 ;

  INPUT ---    design matrix constraints=2 covariates=4;
  INPUT ---        1 LWD 0 0;
  INPUT ---        0 0 1 pctShade;
  INPUT ---       blabel(1)=p:(Intercept);
  INPUT ---       blabel(2)=p:LWD;
  INPUT ---       blabel(3)=Psi:(Intercept);
  INPUT ---       blabel(4)=Psi:pctShade;
  INPUT ---       rlabel(1)=p g1 a0 t1;
  INPUT ---       rlabel(2)=Psi g1 a0 t1;

 Link Function Used is LOGIT        

 Variance Estimation Procedure Used is 2ndPart 
 -2logL(saturated) = 0.0000000     
 Effective Sample Size = 138

 Number of function evaluations was 14 for 4 parameters.
 Time for numerical optimization was 0.01 seconds.     
 -2logL { p(~LWD)Psi(~pctShade) } = 175.26184     
 Penalty { p(~LWD)Psi(~pctShade) } = 0.0000000     
 Gradient { p(~LWD)Psi(~pctShade) }:
 -0.1035580E-05   0.000000      0.6421598E-06  0.2890901E-05
 Maximum ABS(G) { p(~LWD)Psi(~pctShade) } = 0.2890901E-05 
 S Vector { p(~LWD)Psi(~pctShade) }:
   20.96746      10.02563      1.238886     0.2882925    
 Time to compute number of parameters was 0.01 seconds.     
 Ratio Threshold = 50.000000       Max Gap (2/3) = 8.0924576       Next Max Gap (3/4) = 4.2973237     
 Gap Method for Num. of Estimated Parameters { p(~LWD)Psi(~pctShade) } = 4          
 Threshold { p(~LWD)Psi(~pctShade) } = 0.5781803E-05                 
 Numerical Threshold Method for Num. of Estimated Parameters { p(~LWD)Psi(~pctShade) } = 4          
 Number of Estimated Parameters { p(~LWD)Psi(~pctShade) } = 4          
 DEVIANCE { p(~LWD)Psi(~pctShade) } = 175.26184                     
 DEVIANCE Degrees of Freedom { p(~LWD)Psi(~pctShade) } = 134            
 c-hat { p(~LWD)Psi(~pctShade) } = 1.3079242                     
 AIC { p(~LWD)Psi(~pctShade) } = 183.26184                  
 AICc { p(~LWD)Psi(~pctShade) } = 183.56260                    
 BIC { p(~LWD)Psi(~pctShade) } = 194.97086                    
 Pearson Chisquare { p(~LWD)Psi(~pctShade) } = 1078.9652                  


                  LOGIT Link Function Parameters of { p(~LWD)Psi(~pctShade) }
                                                              95% Confidence Interval
 Parameter                    Beta         Standard Error      Lower           Upper
 -------------------------  --------------  --------------  --------------  --------------
    1:p:(Intercept)          0.8418161       0.4584520      -0.0567497       1.7403820    
    2:p:LWD                  0.5913982       1.8319350      -2.9991946       4.1819909    
    3:Psi:(Intercept)       -1.9702087       0.4769379      -2.9050070      -1.0354104    

  Program  MARK  - Survival Rate Estimation with Capture-Recapture Data
   gfortran(dble) Vers. 9.0 Mar 2018     3-Dec-2019 11:07:51    Page  003
 - - - - - - - - - - - - - - - - - - - - - - - - - - - - - - - - - - - - - -
 
    4:Psi:pctShade           0.0032148       0.0079832      -0.0124322       0.0188619    


                  Real Function Parameters of { p(~LWD)Psi(~pctShade) }

      Following estimates based on unstandardized individual covariate values:
          Variable   Value         
          ---------  ------------- 
          LWD         0.2273503    
          PCTSHADE    48.614931    
                                                               95% Confidence Interval
  Parameter                  Estimate       Standard Error      Lower           Upper
 --------------------------  --------------  --------------  --------------  --------------
     1:p g1 a0 t1             0.7263676       0.0660637       0.5804936       0.8358600                          
     2:Psi g1 a0 t1           0.1401651       0.0300519       0.0909034       0.2099569                          


                      Estimates of Derived Parameters
             Occupancy Estimates of { p(~LWD)Psi(~pctShade) }
                                            95% Confidence Interval
 Group   Psi-hat         Standard Error      Lower           Upper
 -----   --------------  --------------  --------------  --------------
   1      0.1401651       0.0300519       0.0909034       0.2099569    

   CPU Time for the last procedure was 0.02 seconds.     

  Program  MARK  - Survival Rate Estimation with Capture-Recapture Data
   gfortran(dble) Vers. 9.0 Mar 2018     3-Dec-2019 11:07:51    Page  004
 - - - - - - - - - - - - - - - - - - - - - - - - - - - - - - - - - - - - - -
 


  INPUT --- proc stop;

     CPU Time in minutes for this job was 0.00

     Time Start = 11:07:50.945   Time End = 11:07:52.237

     Wall Clock Time in minutes for this job was 0.02


          E X E C U T I O N   S U C C E S S F U L 
