
   Program  MARK  - Survival Rate Estimation with Capture-Recapture Data
   gfortran(dble) Vers. 9.0 Mar 2018     3-Dec-2019 11:04:02    Page  001
 - - - - - - - - - - - - - - - - - - - - - - - - - - - - - - - - - - - - - -
 
   This version was compiled by GCC version 7.2.0 using the options: 
     -cpp -iprefix C:/Program Files/mingw-w64/x86_64-7.2.0-posix-seh-rt_v5-rev1/
     mingw64/bin/../lib/gcc/x86_64-w64-mingw32/7.2.0/ -D_MT -D_REENTRANT
     -U_REENTRANT -D IEEE -D DBLEPRECISION -m64 -mtune=core2 -march=nocona -mthreads
     -O2 -fimplicit-none -fbounds-check -funroll-loops -ftree-vectorize
     -ffpe-summary=invalid,zero,overflow,underflow -fno-unsafe-math-optimizations
     -frounding-math -fsignaling-nans -fopenmp.

   This problem will use 7 of 8 possible threads.


  INPUT --- proc title ;

   CPU Time for the last procedure was 0.02 seconds.     


  INPUT --- proc chmatrix occasions= 3 groups= 1 etype= Occupancy 
  INPUT --- Nodes= 101 icovar = 5 ICMeans  NoHist hist= 138 ;

  INPUT ---    time interval 1 1 1 ;

  INPUT ---     icovariates mxdep1 mxdep2 mxdep3 pctex21 pctSlope ;

  INPUT ---    glabel(1)=freq1;

      Number of unique encounter histories read was 138.

      Number of individual covariates read was 5.
      Time interval lengths are all equal to 1.

      Data type number is 27
      Data type is Occupancy Estimation with Detection < 1                                                             

   CPU Time for the last procedure was 0.01 seconds.     

  Program  MARK  - Survival Rate Estimation with Capture-Recapture Data
   gfortran(dble) Vers. 9.0 Mar 2018     3-Dec-2019 11:04:02    Page  002
 - - - - - - - - - - - - - - - - - - - - - - - - - - - - - - - - - - - - - -
 


  INPUT --- proc estimate link=Logit NOLOOP varest=2ndPart    ;


  INPUT --- model={ p(~mxdep)Psi(~pctex21 + pctSlope) };

  INPUT ---    group=1 p    rows=1 cols=3 Square ;
  INPUT ---        1 2 3 ;

  INPUT ---    group=1 Psi    rows=1 cols=1 Square ;
  INPUT ---        4 ;

  INPUT ---    design matrix constraints=4 covariates=5;
  INPUT ---        1 mxdep1 0 0 0;
  INPUT ---        1 mxdep2 0 0 0;
  INPUT ---        1 mxdep3 0 0 0;
  INPUT ---        0 0 1 pctex21 pctSlope;
  INPUT ---       blabel(1)=p:(Intercept);
  INPUT ---       blabel(2)=p:mxdep;
  INPUT ---       blabel(3)=Psi:(Intercept);
  INPUT ---       blabel(4)=Psi:pctex21;
  INPUT ---       blabel(5)=Psi:pctSlope;
  INPUT ---       rlabel(1)=p g1 a0 t1;
  INPUT ---       rlabel(2)=p g1 a1 t2;
  INPUT ---       rlabel(3)=p g1 a2 t3;
  INPUT ---       rlabel(4)=Psi g1 a0 t1;

 Link Function Used is LOGIT        

 Variance Estimation Procedure Used is 2ndPart 
 -2logL(saturated) = 0.0000000     
 Effective Sample Size = 138

 Number of function evaluations was 30 for 5 parameters.
 Time for numerical optimization was 0.12 seconds.     
 -2logL { p(~mxdep)Psi(~pctex21 + pctSlope) } = 146.90759     
 Penalty { p(~mxdep)Psi(~pctex21 + pctSlope) } = 0.0000000     
 Gradient { p(~mxdep)Psi(~pctex21 + pctSlope) }:
   0.000000      0.5777614E-07  0.9992832E-06  0.1823291E-06  0.7584749E-06
 Maximum ABS(G) { p(~mxdep)Psi(~pctex21 + pctSlope) } = 0.9992832E-06 
 S Vector { p(~mxdep)Psi(~pctex21 + pctSlope) }:
   14.14069      8.273519     0.2577508     0.2002921E-01 0.1126283E-02
 Time to compute number of parameters was 0.02 seconds.     
 Ratio Threshold = 50.000000       Max Gap (2/3) = 32.098903       Next Max Gap (4/5) = 17.783454     
 Gap Method for Num. of Estimated Parameters { p(~mxdep)Psi(~pctex21 + pctSlope) } = 5          
 Threshold { p(~mxdep)Psi(~pctex21 + pctSlope) } = 0.1998566E-05                 
 Numerical Threshold Method for Num. of Estimated Parameters { p(~mxdep)Psi(~pctex21 + pctSlope) } = 5          
 Number of Estimated Parameters { p(~mxdep)Psi(~pctex21 + pctSlope) } = 5          
 DEVIANCE { p(~mxdep)Psi(~pctex21 + pctSlope) } = 146.90759                     
 DEVIANCE Degrees of Freedom { p(~mxdep)Psi(~pctex21 + pctSlope) } = 133            
 c-hat { p(~mxdep)Psi(~pctex21 + pctSlope) } = 1.1045683                     
 AIC { p(~mxdep)Psi(~pctex21 + pctSlope) } = 156.90759                  
 AICc { p(~mxdep)Psi(~pctex21 + pctSlope) } = 157.36213                    
 BIC { p(~mxdep)Psi(~pctex21 + pctSlope) } = 171.54385                    
 Pearson Chisquare { p(~mxdep)Psi(~pctex21 + pctSlope) } = 674.64440                  

  Program  MARK  - Survival Rate Estimation with Capture-Recapture Data
   gfortran(dble) Vers. 9.0 Mar 2018     3-Dec-2019 11:04:02    Page  003
 - - - - - - - - - - - - - - - - - - - - - - - - - - - - - - - - - - - - - -
 


            LOGIT Link Function Parameters of { p(~mxdep)Psi(~pctex21 + pctSlope) }
                                                              95% Confidence Interval
 Parameter                    Beta         Standard Error      Lower           Upper
 -------------------------  --------------  --------------  --------------  --------------
    1:p:(Intercept)         -1.1206774       0.9500198      -2.9827163       0.7413616    
    2:p:mxdep                4.0640920       1.8615035       0.4155451       7.7126389    
    3:Psi:(Intercept)       -0.9087168       0.3520705      -1.5987750      -0.2186585    
    4:Psi:pctex21           -0.6433008       0.2276445      -1.0894840      -0.1971177    
    5:Psi:pctSlope           0.0288742       0.0384012      -0.0463921       0.1041405    


            Real Function Parameters of { p(~mxdep)Psi(~pctex21 + pctSlope) }

      Following estimates based on unstandardized individual covariate values:
          Variable   Value         
          ---------  ------------- 
          MXDEP1      0.5167391    
          MXDEP2      0.4846377    
          MXDEP3      0.6304348    
          PCTEX21     4.8306834    
          PCTSLOPE    5.7132415    
                                                               95% Confidence Interval
  Parameter                  Estimate       Standard Error      Lower           Upper
 --------------------------  --------------  --------------  --------------  --------------
     1:p g1 a0 t1             0.7269888       0.0698535       0.5718928       0.8414715                          
     2:p g1 a1 t2             0.7003436       0.0721913       0.5435662       0.8210036                          
     3:p g1 a2 t3             0.8086818       0.0693495       0.6371277       0.9105213                          
     4:Psi g1 a0 t1           0.0208091       0.0200688       0.0030738       0.1277622                          


                      Estimates of Derived Parameters
       Occupancy Estimates of { p(~mxdep)Psi(~pctex21 + pctSlope) }
                                            95% Confidence Interval
 Group   Psi-hat         Standard Error      Lower           Upper
 -----   --------------  --------------  --------------  --------------
   1      0.0208091       0.0200688       0.0030738       0.1277622    

   CPU Time for the last procedure was 0.14 seconds.     

  Program  MARK  - Survival Rate Estimation with Capture-Recapture Data
   gfortran(dble) Vers. 9.0 Mar 2018     3-Dec-2019 11:04:02    Page  004
 - - - - - - - - - - - - - - - - - - - - - - - - - - - - - - - - - - - - - -
 


  INPUT --- proc stop;

     CPU Time in minutes for this job was 0.00

     Time Start = 11:04:02.151   Time End = 11:04:02.276

     Wall Clock Time in minutes for this job was 0.00


          E X E C U T I O N   S U C C E S S F U L 
