
   Program  MARK  - Survival Rate Estimation with Capture-Recapture Data
   gfortran(dble) Vers. 9.0 Mar 2018     3-Dec-2019 11:04:33    Page  001
 - - - - - - - - - - - - - - - - - - - - - - - - - - - - - - - - - - - - - -
 
   This version was compiled by GCC version 7.2.0 using the options: 
     -cpp -iprefix C:/Program Files/mingw-w64/x86_64-7.2.0-posix-seh-rt_v5-rev1/
     mingw64/bin/../lib/gcc/x86_64-w64-mingw32/7.2.0/ -D_MT -D_REENTRANT
     -U_REENTRANT -D IEEE -D DBLEPRECISION -m64 -mtune=core2 -march=nocona -mthreads
     -O2 -fimplicit-none -fbounds-check -funroll-loops -ftree-vectorize
     -ffpe-summary=invalid,zero,overflow,underflow -fno-unsafe-math-optimizations
     -frounding-math -fsignaling-nans -fopenmp.

   This problem will use 7 of 8 possible threads.


  INPUT --- proc title ;

   CPU Time for the last procedure was 0.01 seconds.     


  INPUT --- proc chmatrix occasions= 3 groups= 1 etype= Occupancy 
  INPUT --- Nodes= 101 icovar = 5 ICMeans  NoHist hist= 137 ;

  INPUT ---    time interval 1 1 1 ;

  INPUT ---     icovariates lwd1 lwd2 lwd3 pctex21 pctslow ;

  INPUT ---    glabel(1)=freq1;

      Number of unique encounter histories read was 137.

      Number of individual covariates read was 5.
      Time interval lengths are all equal to 1.

      Data type number is 27
      Data type is Occupancy Estimation with Detection < 1                                                             

   CPU Time for the last procedure was 0.02 seconds.     

  Program  MARK  - Survival Rate Estimation with Capture-Recapture Data
   gfortran(dble) Vers. 9.0 Mar 2018     3-Dec-2019 11:04:33    Page  002
 - - - - - - - - - - - - - - - - - - - - - - - - - - - - - - - - - - - - - -
 


  INPUT --- proc estimate link=Logit NOLOOP varest=2ndPart    ;


  INPUT --- model={ p(~lwd)Psi(~pctex21 + pctslow) };

  INPUT ---    group=1 p    rows=1 cols=3 Square ;
  INPUT ---        1 2 3 ;

  INPUT ---    group=1 Psi    rows=1 cols=1 Square ;
  INPUT ---        4 ;

  INPUT ---    design matrix constraints=4 covariates=5;
  INPUT ---        1 lwd1 0 0 0;
  INPUT ---        1 lwd2 0 0 0;
  INPUT ---        1 lwd3 0 0 0;
  INPUT ---        0 0 1 pctex21 pctslow;
  INPUT ---       blabel(1)=p:(Intercept);
  INPUT ---       blabel(2)=p:lwd;
  INPUT ---       blabel(3)=Psi:(Intercept);
  INPUT ---       blabel(4)=Psi:pctex21;
  INPUT ---       blabel(5)=Psi:pctslow;
  INPUT ---       rlabel(1)=p g1 a0 t1;
  INPUT ---       rlabel(2)=p g1 a1 t2;
  INPUT ---       rlabel(3)=p g1 a2 t3;
  INPUT ---       rlabel(4)=Psi g1 a0 t1;

 Link Function Used is LOGIT        

 Variance Estimation Procedure Used is 2ndPart 
 -2logL(saturated) = 0.0000000     
 Effective Sample Size = 138

 Number of function evaluations was 20 for 5 parameters.
 Time for numerical optimization was 0.01 seconds.     
 -2logL { p(~lwd)Psi(~pctex21 + pctslow) } = 151.82597     
 Penalty { p(~lwd)Psi(~pctex21 + pctslow) } = 0.0000000     
 Gradient { p(~lwd)Psi(~pctex21 + pctslow) }:
  0.1062031E-05   0.000000      0.1716353E-05  0.9287473E-07   0.000000    
 Maximum ABS(G) { p(~lwd)Psi(~pctex21 + pctslow) } = 0.1716353E-05 
 S Vector { p(~lwd)Psi(~pctex21 + pctslow) }:
   15.84025      9.674226     0.7235958     0.1841003     0.1967472E-01
 Time to compute number of parameters was 0.02 seconds.     
 Ratio Threshold = 50.000000       Max Gap (2/3) = 13.369654       Next Max Gap (4/5) = 9.3571998     
 Gap Method for Num. of Estimated Parameters { p(~lwd)Psi(~pctex21 + pctslow) } = 5          
 Threshold { p(~lwd)Psi(~pctex21 + pctslow) } = 0.3432706E-05                 
 Numerical Threshold Method for Num. of Estimated Parameters { p(~lwd)Psi(~pctex21 + pctslow) } = 5          
 Number of Estimated Parameters { p(~lwd)Psi(~pctex21 + pctslow) } = 5          
 DEVIANCE { p(~lwd)Psi(~pctex21 + pctslow) } = 151.82597                     
 DEVIANCE Degrees of Freedom { p(~lwd)Psi(~pctex21 + pctslow) } = 133            
 c-hat { p(~lwd)Psi(~pctex21 + pctslow) } = 1.1415486                     
 AIC { p(~lwd)Psi(~pctex21 + pctslow) } = 161.82597                  
 AICc { p(~lwd)Psi(~pctex21 + pctslow) } = 162.28051                    
 BIC { p(~lwd)Psi(~pctex21 + pctslow) } = 176.46223                    
 Pearson Chisquare { p(~lwd)Psi(~pctex21 + pctslow) } = 891.61007                  

  Program  MARK  - Survival Rate Estimation with Capture-Recapture Data
   gfortran(dble) Vers. 9.0 Mar 2018     3-Dec-2019 11:04:34    Page  003
 - - - - - - - - - - - - - - - - - - - - - - - - - - - - - - - - - - - - - -
 


              LOGIT Link Function Parameters of { p(~lwd)Psi(~pctex21 + pctslow) }
                                                              95% Confidence Interval
 Parameter                    Beta         Standard Error      Lower           Upper
 -------------------------  --------------  --------------  --------------  --------------
    1:p:(Intercept)          0.7959438       0.3865517       0.0383024       1.5535852    
    2:p:lwd                  0.8781268       1.3260154      -1.7208635       3.4771170    
    3:Psi:(Intercept)       -1.2225598       0.4999909      -2.2025419      -0.2425777    
    4:Psi:pctex21           -0.6308607       0.2301655      -1.0819850      -0.1797364    
    5:Psi:pctslow            0.0149592       0.0139299      -0.0123433       0.0422618    


              Real Function Parameters of { p(~lwd)Psi(~pctex21 + pctslow) }

      Following estimates based on unstandardized individual covariate values:
          Variable   Value         
          ---------  ------------- 
          LWD1        0.2346014    
          LWD2        0.2355072    
          LWD3        0.2114389    
          PCTEX21     4.8306834    
          PCTSLOW     25.664251    
                                                               95% Confidence Interval
  Parameter                  Estimate       Standard Error      Lower           Upper
 --------------------------  --------------  --------------  --------------  --------------
     1:p g1 a0 t1             0.7314425       0.0659118       0.5852329       0.8401863                          
     2:p g1 a1 t2             0.7315987       0.0659557       0.5852609       0.8403842                          
     3:p g1 a2 t3             0.7274283       0.0650435       0.5838616       0.8354260                          
     4:Psi g1 a0 t1           0.0201118       0.0197909       0.0028589       0.1281046                          


                      Estimates of Derived Parameters
        Occupancy Estimates of { p(~lwd)Psi(~pctex21 + pctslow) }
                                            95% Confidence Interval
 Group   Psi-hat         Standard Error      Lower           Upper
 -----   --------------  --------------  --------------  --------------
   1      0.0201118       0.0197909       0.0028589       0.1281046    

   CPU Time for the last procedure was 0.02 seconds.     

  Program  MARK  - Survival Rate Estimation with Capture-Recapture Data
   gfortran(dble) Vers. 9.0 Mar 2018     3-Dec-2019 11:04:34    Page  004
 - - - - - - - - - - - - - - - - - - - - - - - - - - - - - - - - - - - - - -
 


  INPUT --- proc stop;

     CPU Time in minutes for this job was 0.00

     Time Start = 11:04:33.646   Time End = 11:04:34.345

     Wall Clock Time in minutes for this job was 0.01


          E X E C U T I O N   S U C C E S S F U L 
