
   Program  MARK  - Survival Rate Estimation with Capture-Recapture Data
   gfortran(dble) Vers. 9.0 Mar 2018     3-Dec-2019 10:59:18    Page  001
 - - - - - - - - - - - - - - - - - - - - - - - - - - - - - - - - - - - - - -
 
   This version was compiled by GCC version 7.2.0 using the options: 
     -cpp -iprefix C:/Program Files/mingw-w64/x86_64-7.2.0-posix-seh-rt_v5-rev1/
     mingw64/bin/../lib/gcc/x86_64-w64-mingw32/7.2.0/ -D_MT -D_REENTRANT
     -U_REENTRANT -D IEEE -D DBLEPRECISION -m64 -mtune=core2 -march=nocona -mthreads
     -O2 -fimplicit-none -fbounds-check -funroll-loops -ftree-vectorize
     -ffpe-summary=invalid,zero,overflow,underflow -fno-unsafe-math-optimizations
     -frounding-math -fsignaling-nans -fopenmp.

   This problem will use 7 of 8 possible threads.


  INPUT --- proc title ;

   CPU Time for the last procedure was 0.01 seconds.     


  INPUT --- proc chmatrix occasions= 3 groups= 1 etype= Occupancy 
  INPUT --- Nodes= 101 icovar = 8 ICMeans  NoHist hist= 138 ;

  INPUT ---    time interval 1 1 1 ;

  INPUT ---     icovariates effort1 effort2 effort3 undr1 undr2 undr3  
  INPUT ---    pctex21 avdep ;

  INPUT ---    glabel(1)=freq1;

      Number of unique encounter histories read was 138.

      Number of individual covariates read was 8.
      Time interval lengths are all equal to 1.

      Data type number is 27
      Data type is Occupancy Estimation with Detection < 1                                                             

   CPU Time for the last procedure was 0.01 seconds.     

  Program  MARK  - Survival Rate Estimation with Capture-Recapture Data
   gfortran(dble) Vers. 9.0 Mar 2018     3-Dec-2019 10:59:18    Page  002
 - - - - - - - - - - - - - - - - - - - - - - - - - - - - - - - - - - - - - -
 


  INPUT --- proc estimate link=Logit NOLOOP varest=2ndPart    ;


  INPUT --- model={ p(~effort + undr)Psi(~pctex21 + avdep) };

  INPUT ---    group=1 p    rows=1 cols=3 Square ;
  INPUT ---        1 2 3 ;

  INPUT ---    group=1 Psi    rows=1 cols=1 Square ;
  INPUT ---        4 ;

  INPUT ---    design matrix constraints=4 covariates=6;
  INPUT ---        1 effort1 undr1 0 0 0;
  INPUT ---        1 effort2 undr2 0 0 0;
  INPUT ---        1 effort3 undr3 0 0 0;
  INPUT ---        0 0 0 1 pctex21 avdep;
  INPUT ---       blabel(1)=p:(Intercept);
  INPUT ---       blabel(2)=p:effort;
  INPUT ---       blabel(3)=p:undr;
  INPUT ---       blabel(4)=Psi:(Intercept);
  INPUT ---       blabel(5)=Psi:pctex21;
  INPUT ---       blabel(6)=Psi:avdep;
  INPUT ---       rlabel(1)=p g1 a0 t1;
  INPUT ---       rlabel(2)=p g1 a1 t2;
  INPUT ---       rlabel(3)=p g1 a2 t3;
  INPUT ---       rlabel(4)=Psi g1 a0 t1;

 Link Function Used is LOGIT        

 Variance Estimation Procedure Used is 2ndPart 
 -2logL(saturated) = 0.0000000     
 Effective Sample Size = 138

 Number of function evaluations was 28 for 6 parameters.
 Time for numerical optimization was 0.05 seconds.     
 -2logL { p(~effort + undr)Psi(~pctex21 + avdep) } = 145.70377     
 Penalty { p(~effort + undr)Psi(~pctex21 + avdep) } = 0.0000000     
 Gradient { p(~effort + undr)Psi(~pctex21 + avdep) }:
   0.000000       0.000000      0.7486284E-06 -0.1420640E-05   0.000000    
  0.8018773E-06
 Maximum ABS(G) { p(~effort + undr)Psi(~pctex21 + avdep) } = 0.1420640E-05 
 S Vector { p(~effort + undr)Psi(~pctex21 + avdep) }:
   15.19215      7.319408     0.2981113     0.1190648     0.8800018E-01
  0.1804339E-01
 Time to compute number of parameters was 0.01 seconds.     
 Ratio Threshold = 50.000000       Max Gap (2/3) = 24.552602       Next Max Gap (5/6) = 4.8771428     
 Gap Method for Num. of Estimated Parameters { p(~effort + undr)Psi(~pctex21 + avdep) } = 6          
 Threshold { p(~effort + undr)Psi(~pctex21 + avdep) } = 0.2841280E-05                 
 Numerical Threshold Method for Num. of Estimated Parameters { p(~effort + undr)Psi(~pctex21 + avdep) } = 6          
 Number of Estimated Parameters { p(~effort + undr)Psi(~pctex21 + avdep) } = 6          
 DEVIANCE { p(~effort + undr)Psi(~pctex21 + avdep) } = 145.70377                     
 DEVIANCE Degrees of Freedom { p(~effort + undr)Psi(~pctex21 + avdep) } = 132            
 c-hat { p(~effort + undr)Psi(~pctex21 + avdep) } = 1.1038165                     
 AIC { p(~effort + undr)Psi(~pctex21 + avdep) } = 157.70377                  
 AICc { p(~effort + undr)Psi(~pctex21 + avdep) } = 158.34499                    
 BIC { p(~effort + undr)Psi(~pctex21 + avdep) } = 175.26729                    
 Pearson Chisquare { p(~effort + undr)Psi(~pctex21 + avdep) } = 581.11556                  

  Program  MARK  - Survival Rate Estimation with Capture-Recapture Data
   gfortran(dble) Vers. 9.0 Mar 2018     3-Dec-2019 10:59:19    Page  003
 - - - - - - - - - - - - - - - - - - - - - - - - - - - - - - - - - - - - - -
 


          LOGIT Link Function Parameters of { p(~effort + undr)Psi(~pctex21 + avdep) }
                                                              95% Confidence Interval
 Parameter                    Beta         Standard Error      Lower           Upper
 -------------------------  --------------  --------------  --------------  --------------
    1:p:(Intercept)         -0.8204629       0.7935775      -2.3758748       0.7349489    
    2:p:effort               0.0016870       0.8177788E-03   0.8418465E-04   0.0032899    
    3:p:undr                 0.4422259       0.5170015      -0.5710970       1.4555489    
    4:Psi:(Intercept)       -0.3425980       0.8914258      -2.0897926       1.4045966    
    5:Psi:pctex21           -0.6539983       0.2387393      -1.1219274      -0.1860692    
    6:Psi:avdep             -1.3786041       2.9570638      -7.1744494       4.4172411    


          Real Function Parameters of { p(~effort + undr)Psi(~pctex21 + avdep) }

      Following estimates based on unstandardized individual covariate values:
          Variable   Value         
          ---------  ------------- 
          EFFORT1     906.23188    
          EFFORT2     834.18841    
          EFFORT3     818.18116    
          UNDR1       0.5869565    
          UNDR2       0.5483092    
          UNDR3       0.5042271    
          PCTEX21     4.8306834    
          AVDEP       0.2562426    
                                                               95% Confidence Interval
  Parameter                  Estimate       Standard Error      Lower           Upper
 --------------------------  --------------  --------------  --------------  --------------
     1:p g1 a0 t1             0.7247099       0.0787950       0.5483090       0.8509474                          
     2:p g1 a1 t2             0.6962102       0.0811931       0.5192138       0.8294505                          
     3:p g1 a2 t3             0.6862868       0.0831854       0.5063802       0.8234808                          
     4:Psi g1 a0 t1           0.0207323       0.0208019       0.0028337       0.1362383                          


                      Estimates of Derived Parameters
    Occupancy Estimates of { p(~effort + undr)Psi(~pctex21 + avdep) }
                                            95% Confidence Interval
 Group   Psi-hat         Standard Error      Lower           Upper
 -----   --------------  --------------  --------------  --------------
   1      0.0207323       0.0208019       0.0028337       0.1362383    

   CPU Time for the last procedure was 0.06 seconds.     

  Program  MARK  - Survival Rate Estimation with Capture-Recapture Data
   gfortran(dble) Vers. 9.0 Mar 2018     3-Dec-2019 10:59:19    Page  004
 - - - - - - - - - - - - - - - - - - - - - - - - - - - - - - - - - - - - - -
 


  INPUT --- proc stop;

     CPU Time in minutes for this job was 0.00

     Time Start = 10:59:18.719   Time End = 10:59:19.776

     Wall Clock Time in minutes for this job was 0.02


          E X E C U T I O N   S U C C E S S F U L 
