
   Program  MARK  - Survival Rate Estimation with Capture-Recapture Data
   gfortran(dble) Vers. 9.0 Mar 2018     3-Dec-2019 11:09:17    Page  001
 - - - - - - - - - - - - - - - - - - - - - - - - - - - - - - - - - - - - - -
 
   This version was compiled by GCC version 7.2.0 using the options: 
     -cpp -iprefix C:/Program Files/mingw-w64/x86_64-7.2.0-posix-seh-rt_v5-rev1/
     mingw64/bin/../lib/gcc/x86_64-w64-mingw32/7.2.0/ -D_MT -D_REENTRANT
     -U_REENTRANT -D IEEE -D DBLEPRECISION -m64 -mtune=core2 -march=nocona -mthreads
     -O2 -fimplicit-none -fbounds-check -funroll-loops -ftree-vectorize
     -ffpe-summary=invalid,zero,overflow,underflow -fno-unsafe-math-optimizations
     -frounding-math -fsignaling-nans -fopenmp.

   This problem will use 7 of 8 possible threads.


  INPUT --- proc title ;

   CPU Time for the last procedure was 0.01 seconds.     


  INPUT --- proc chmatrix occasions= 3 groups= 1 etype= Occupancy 
  INPUT --- Nodes= 101 icovar = 7 ICMeans  NoHist hist= 138 ;

  INPUT ---    time interval 1 1 1 ;

  INPUT ---     icovariates effort1 effort2 effort3 mxflow1 mxflow2  
  INPUT ---    mxflow3 pctslow ;

  INPUT ---    glabel(1)=freq1;

      Number of unique encounter histories read was 138.

      Number of individual covariates read was 7.
      Time interval lengths are all equal to 1.

      Data type number is 27
      Data type is Occupancy Estimation with Detection < 1                                                             

   CPU Time for the last procedure was 0.02 seconds.     

  Program  MARK  - Survival Rate Estimation with Capture-Recapture Data
   gfortran(dble) Vers. 9.0 Mar 2018     3-Dec-2019 11:09:17    Page  002
 - - - - - - - - - - - - - - - - - - - - - - - - - - - - - - - - - - - - - -
 


  INPUT --- proc estimate link=Logit NOLOOP varest=2ndPart    ;


  INPUT --- model={ p(~effort + mxflow)Psi(~pctslow) };

  INPUT ---    group=1 p    rows=1 cols=3 Square ;
  INPUT ---        1 2 3 ;

  INPUT ---    group=1 Psi    rows=1 cols=1 Square ;
  INPUT ---        4 ;

  INPUT ---    design matrix constraints=4 covariates=5;
  INPUT ---        1 effort1 mxflow1 0 0;
  INPUT ---        1 effort2 mxflow2 0 0;
  INPUT ---        1 effort3 mxflow3 0 0;
  INPUT ---        0 0 0 1 pctslow;
  INPUT ---       blabel(1)=p:(Intercept);
  INPUT ---       blabel(2)=p:effort;
  INPUT ---       blabel(3)=p:mxflow;
  INPUT ---       blabel(4)=Psi:(Intercept);
  INPUT ---       blabel(5)=Psi:pctslow;
  INPUT ---       rlabel(1)=p g1 a0 t1;
  INPUT ---       rlabel(2)=p g1 a1 t2;
  INPUT ---       rlabel(3)=p g1 a2 t3;
  INPUT ---       rlabel(4)=Psi g1 a0 t1;

 Link Function Used is LOGIT        

 Variance Estimation Procedure Used is 2ndPart 
 -2logL(saturated) = 0.0000000     
 Effective Sample Size = 138

 Number of function evaluations was 37 for 5 parameters.
 Time for numerical optimization was 0.03 seconds.     
 -2logL { p(~effort + mxflow)Psi(~pctslow) } = 167.68149     
 Penalty { p(~effort + mxflow)Psi(~pctslow) } = 0.0000000     
 Gradient { p(~effort + mxflow)Psi(~pctslow) }:
   0.000000      0.2565134E-06   0.000000      0.5956493E-06  0.8610144E-06
 Maximum ABS(G) { p(~effort + mxflow)Psi(~pctslow) } = 0.8610144E-06 
 S Vector { p(~effort + mxflow)Psi(~pctslow) }:
   18.56903      8.357148     0.8149897     0.1029952     0.1190218E-03
 Time to compute number of parameters was 0.01 seconds.     
 Ratio Threshold = 50.000000       Max Gap (4/5) = 865.34719       Next Max Gap (2/3) = 10.254299     
 Gap Method for Num. of Estimated Parameters { p(~effort + mxflow)Psi(~pctslow) } = 4          
 Threshold { p(~effort + mxflow)Psi(~pctslow) } = 0.1722029E-05                 
 Numerical Threshold Method for Num. of Estimated Parameters { p(~effort + mxflow)Psi(~pctslow) } = 5          
 Number of Estimated Parameters { p(~effort + mxflow)Psi(~pctslow) } = 5          

   * *  WARNING  * *   Number of parameters estimated from gap method (=4) and threshold method (=5) differ.  Inspect full output.                                                                                                                                                                                                                                                                                                                                                                                                                      

  Program  MARK  - Survival Rate Estimation with Capture-Recapture Data
   gfortran(dble) Vers. 9.0 Mar 2018     3-Dec-2019 11:09:18    Page  003
 - - - - - - - - - - - - - - - - - - - - - - - - - - - - - - - - - - - - - -
 
 Ratios of S Vector { p(~effort + mxflow)Psi(~pctslow) }:
   1/2    2.221934       2/3    10.25430       3/4    7.912889       4/5    865.3472    
 DEVIANCE { p(~effort + mxflow)Psi(~pctslow) } = 167.68149                     
 DEVIANCE Degrees of Freedom { p(~effort + mxflow)Psi(~pctslow) } = 133            
 c-hat { p(~effort + mxflow)Psi(~pctslow) } = 1.2607631                     
 AIC { p(~effort + mxflow)Psi(~pctslow) } = 177.68149                  
 AICc { p(~effort + mxflow)Psi(~pctslow) } = 178.13603                    
 BIC { p(~effort + mxflow)Psi(~pctslow) } = 192.31776                    
 Pearson Chisquare { p(~effort + mxflow)Psi(~pctslow) } = 875.43451                  


             LOGIT Link Function Parameters of { p(~effort + mxflow)Psi(~pctslow) }
                                                              95% Confidence Interval
 Parameter                    Beta         Standard Error      Lower           Upper
 -------------------------  --------------  --------------  --------------  --------------
    1:p:(Intercept)         -0.0787485       0.9820016      -2.0034717       1.8459748    
    2:p:effort               0.0016138       0.7741233E-03   0.9647641E-04   0.0031310    
    3:p:mxflow              -0.5355402       1.3887540      -3.2574980       2.1864177    
    4:Psi:(Intercept)       -2.2021335       0.4628755      -3.1093695      -1.2948975    
    5:Psi:pctslow            0.0153503       0.0130946      -0.0103150       0.0410157    


             Real Function Parameters of { p(~effort + mxflow)Psi(~pctslow) }

      Following estimates based on unstandardized individual covariate values:
          Variable   Value         
          ---------  ------------- 
          EFFORT1     906.23188    
          EFFORT2     834.18841    
          EFFORT3     818.18116    
          MXFLOW1     0.8952899    
          MXFLOW2     1.0911594    
          MXFLOW3     0.5689855    
          PCTSLOW     25.664251    
                                                               95% Confidence Interval
  Parameter                  Estimate       Standard Error      Lower           Upper
 --------------------------  --------------  --------------  --------------  --------------
     1:p g1 a0 t1             0.7118173       0.1170648       0.4466293       0.8831654                          
     2:p g1 a1 t2             0.6644236       0.1767426       0.2951279       0.9035013                          
     3:p g1 a2 t3             0.7184697       0.0724136       0.5585298       0.8373402                          
     4:Psi g1 a0 t1           0.1408584       0.0312855       0.0898982       0.2139163                          


                      Estimates of Derived Parameters
       Occupancy Estimates of { p(~effort + mxflow)Psi(~pctslow) }
                                            95% Confidence Interval
 Group   Psi-hat         Standard Error      Lower           Upper
 -----   --------------  --------------  --------------  --------------
   1      0.1408584       0.0312855       0.0898982       0.2139163    

 Attempted ordering of parameters by estimatibility:
  4 1 5 2 3
 Beta number 3 is a singular value.

   CPU Time for the last procedure was 0.05 seconds.     

  Program  MARK  - Survival Rate Estimation with Capture-Recapture Data
   gfortran(dble) Vers. 9.0 Mar 2018     3-Dec-2019 11:09:18    Page  004
 - - - - - - - - - - - - - - - - - - - - - - - - - - - - - - - - - - - - - -
 


  INPUT --- proc stop;

     CPU Time in minutes for this job was 0.00

     Time Start = 11:09:17.323   Time End = 11:09:18.622

     Wall Clock Time in minutes for this job was 0.02


          E X E C U T I O N   S U C C E S S F U L 
