
   Program  MARK  - Survival Rate Estimation with Capture-Recapture Data
   gfortran(dble) Vers. 9.0 Mar 2018     3-Dec-2019 11:04:42    Page  001
 - - - - - - - - - - - - - - - - - - - - - - - - - - - - - - - - - - - - - -
 
   This version was compiled by GCC version 7.2.0 using the options: 
     -cpp -iprefix C:/Program Files/mingw-w64/x86_64-7.2.0-posix-seh-rt_v5-rev1/
     mingw64/bin/../lib/gcc/x86_64-w64-mingw32/7.2.0/ -D_MT -D_REENTRANT
     -U_REENTRANT -D IEEE -D DBLEPRECISION -m64 -mtune=core2 -march=nocona -mthreads
     -O2 -fimplicit-none -fbounds-check -funroll-loops -ftree-vectorize
     -ffpe-summary=invalid,zero,overflow,underflow -fno-unsafe-math-optimizations
     -frounding-math -fsignaling-nans -fopenmp.

   This problem will use 7 of 8 possible threads.


  INPUT --- proc title ;

   CPU Time for the last procedure was 0.01 seconds.     


  INPUT --- proc chmatrix occasions= 3 groups= 1 etype= Occupancy 
  INPUT --- Nodes= 101 icovar = 2 ICMeans  NoHist hist= 128 ;

  INPUT ---    time interval 1 1 1 ;

  INPUT ---     icovariates pctex21 under ;

  INPUT ---    glabel(1)=freq1;

      Number of unique encounter histories read was 128.

      Number of individual covariates read was 2.
      Time interval lengths are all equal to 1.

      Data type number is 27
      Data type is Occupancy Estimation with Detection < 1                                                             

   CPU Time for the last procedure was 0.01 seconds.     

  Program  MARK  - Survival Rate Estimation with Capture-Recapture Data
   gfortran(dble) Vers. 9.0 Mar 2018     3-Dec-2019 11:04:42    Page  002
 - - - - - - - - - - - - - - - - - - - - - - - - - - - - - - - - - - - - - -
 


  INPUT --- proc estimate link=Logit NOLOOP varest=2ndPart    ;


  INPUT --- model={ p(~1)Psi(~pctex21 + under) };

  INPUT ---    group=1 p    rows=1 cols=3 Square ;
  INPUT ---        1 1 1 ;

  INPUT ---    group=1 Psi    rows=1 cols=1 Square ;
  INPUT ---        2 ;

  INPUT ---    design matrix constraints=2 covariates=4;
  INPUT ---        1 0 0 0;
  INPUT ---        0 1 pctex21 under;
  INPUT ---       blabel(1)=p:(Intercept);
  INPUT ---       blabel(2)=Psi:(Intercept);
  INPUT ---       blabel(3)=Psi:pctex21;
  INPUT ---       blabel(4)=Psi:under;
  INPUT ---       rlabel(1)=p g1 a0 t1;
  INPUT ---       rlabel(2)=Psi g1 a0 t1;

 Link Function Used is LOGIT        

 Variance Estimation Procedure Used is 2ndPart 
 -2logL(saturated) = 0.0000000     
 Effective Sample Size = 138

 Number of function evaluations was 20 for 4 parameters.
 Time for numerical optimization was 0.01 seconds.     
 -2logL { p(~1)Psi(~pctex21 + under) } = 152.94687     
 Penalty { p(~1)Psi(~pctex21 + under) } = 0.0000000     
 Gradient { p(~1)Psi(~pctex21 + under) }:
   0.000000      0.9382301E-06   0.000000       0.000000    
 Maximum ABS(G) { p(~1)Psi(~pctex21 + under) } = 0.9382301E-06 
 S Vector { p(~1)Psi(~pctex21 + under) }:
   15.28025      9.615231     0.9175134     0.2015772E-01
 Time to compute number of parameters was 0.03 seconds.     
 Ratio Threshold = 50.000000       Max Gap (3/4) = 45.516735       Next Max Gap (2/3) = 10.479663     
 Gap Method for Num. of Estimated Parameters { p(~1)Psi(~pctex21 + under) } = 4          
 Threshold { p(~1)Psi(~pctex21 + under) } = 0.1876460E-05                 
 Numerical Threshold Method for Num. of Estimated Parameters { p(~1)Psi(~pctex21 + under) } = 4          
 Number of Estimated Parameters { p(~1)Psi(~pctex21 + under) } = 4          
 DEVIANCE { p(~1)Psi(~pctex21 + under) } = 152.94687                     
 DEVIANCE Degrees of Freedom { p(~1)Psi(~pctex21 + under) } = 134            
 c-hat { p(~1)Psi(~pctex21 + under) } = 1.1413946                     
 AIC { p(~1)Psi(~pctex21 + under) } = 160.94687                  
 AICc { p(~1)Psi(~pctex21 + under) } = 161.24762                    
 BIC { p(~1)Psi(~pctex21 + under) } = 172.65589                    
 Pearson Chisquare { p(~1)Psi(~pctex21 + under) } = 1011.1026                  


                LOGIT Link Function Parameters of { p(~1)Psi(~pctex21 + under) }
                                                              95% Confidence Interval
 Parameter                    Beta         Standard Error      Lower           Upper
 -------------------------  --------------  --------------  --------------  --------------
    1:p:(Intercept)          0.9491455       0.3207951       0.3203871       1.5779038    
    2:Psi:(Intercept)       -1.0329220       0.4382803      -1.8919514      -0.1738925    
    3:Psi:pctex21           -0.5980082       0.2273156      -1.0435467      -0.1524697    

  Program  MARK  - Survival Rate Estimation with Capture-Recapture Data
   gfortran(dble) Vers. 9.0 Mar 2018     3-Dec-2019 11:04:42    Page  003
 - - - - - - - - - - - - - - - - - - - - - - - - - - - - - - - - - - - - - -
 
    4:Psi:under              0.3009113       0.4172895      -0.5169761       1.1187987    


                Real Function Parameters of { p(~1)Psi(~pctex21 + under) }

      Following estimates based on unstandardized individual covariate values:
          Variable   Value         
          ---------  ------------- 
          PCTEX21     4.8306834    
          UNDER       0.5466074    
                                                               95% Confidence Interval
  Parameter                  Estimate       Standard Error      Lower           Upper
 --------------------------  --------------  --------------  --------------  --------------
     1:p g1 a0 t1             0.7209433       0.0645389       0.5794186       0.8289074                          
     2:Psi g1 a0 t1           0.0228156       0.0219030       0.0033926       0.1380365                          


                      Estimates of Derived Parameters
          Occupancy Estimates of { p(~1)Psi(~pctex21 + under) }
                                            95% Confidence Interval
 Group   Psi-hat         Standard Error      Lower           Upper
 -----   --------------  --------------  --------------  --------------
   1      0.0228156       0.0219030       0.0033926       0.1380365    

   CPU Time for the last procedure was 0.03 seconds.     

  Program  MARK  - Survival Rate Estimation with Capture-Recapture Data
   gfortran(dble) Vers. 9.0 Mar 2018     3-Dec-2019 11:04:42    Page  004
 - - - - - - - - - - - - - - - - - - - - - - - - - - - - - - - - - - - - - -
 


  INPUT --- proc stop;

     CPU Time in minutes for this job was 0.00

     Time Start = 11:04:42.792   Time End = 11:04:42.898

     Wall Clock Time in minutes for this job was 0.00


          E X E C U T I O N   S U C C E S S F U L 
