
   Program  MARK  - Survival Rate Estimation with Capture-Recapture Data
   gfortran(dble) Vers. 9.0 Mar 2018     3-Dec-2019 10:59:00    Page  001
 - - - - - - - - - - - - - - - - - - - - - - - - - - - - - - - - - - - - - -
 
   This version was compiled by GCC version 7.2.0 using the options: 
     -cpp -iprefix C:/Program Files/mingw-w64/x86_64-7.2.0-posix-seh-rt_v5-rev1/
     mingw64/bin/../lib/gcc/x86_64-w64-mingw32/7.2.0/ -D_MT -D_REENTRANT
     -U_REENTRANT -D IEEE -D DBLEPRECISION -m64 -mtune=core2 -march=nocona -mthreads
     -O2 -fimplicit-none -fbounds-check -funroll-loops -ftree-vectorize
     -ffpe-summary=invalid,zero,overflow,underflow -fno-unsafe-math-optimizations
     -frounding-math -fsignaling-nans -fopenmp.

   This problem will use 7 of 8 possible threads.


  INPUT --- proc title ;

   CPU Time for the last procedure was 0.01 seconds.     


  INPUT --- proc chmatrix occasions= 3 groups= 1 etype= Occupancy 
  INPUT --- Nodes= 101 icovar = 4 ICMeans  NoHist hist= 126 ;

  INPUT ---    time interval 1 1 1 ;

  INPUT ---     icovariates undr1 undr2 undr3 machabprop ;

  INPUT ---    glabel(1)=freq1;

      Number of unique encounter histories read was 126.

      Number of individual covariates read was 4.
      Time interval lengths are all equal to 1.

      Data type number is 27
      Data type is Occupancy Estimation with Detection < 1                                                             

   CPU Time for the last procedure was 0.02 seconds.     

  Program  MARK  - Survival Rate Estimation with Capture-Recapture Data
   gfortran(dble) Vers. 9.0 Mar 2018     3-Dec-2019 10:59:00    Page  002
 - - - - - - - - - - - - - - - - - - - - - - - - - - - - - - - - - - - - - -
 


  INPUT --- proc estimate link=Logit NOLOOP varest=2ndPart    ;


  INPUT --- model={ p(~undr)Psi(~machabprop) };

  INPUT ---    group=1 p    rows=1 cols=3 Square ;
  INPUT ---        1 2 3 ;

  INPUT ---    group=1 Psi    rows=1 cols=1 Square ;
  INPUT ---        4 ;

  INPUT ---    design matrix constraints=4 covariates=4;
  INPUT ---        1 undr1 0 0;
  INPUT ---        1 undr2 0 0;
  INPUT ---        1 undr3 0 0;
  INPUT ---        0 0 1 machabprop;
  INPUT ---       blabel(1)=p:(Intercept);
  INPUT ---       blabel(2)=p:undr;
  INPUT ---       blabel(3)=Psi:(Intercept);
  INPUT ---       blabel(4)=Psi:machabprop;
  INPUT ---       rlabel(1)=p g1 a0 t1;
  INPUT ---       rlabel(2)=p g1 a1 t2;
  INPUT ---       rlabel(3)=p g1 a2 t3;
  INPUT ---       rlabel(4)=Psi g1 a0 t1;

 Link Function Used is LOGIT        

 Variance Estimation Procedure Used is 2ndPart 
 -2logL(saturated) = 0.0000000     
 Effective Sample Size = 138

 Number of function evaluations was 17 for 4 parameters.
 Time for numerical optimization was 0.01 seconds.     
 -2logL { p(~undr)Psi(~machabprop) } = 171.43587     
 Penalty { p(~undr)Psi(~machabprop) } = 0.0000000     
 Gradient { p(~undr)Psi(~machabprop) }:
  0.1244607E-05  0.6419688E-06  0.1378017E-05  0.1085175E-05
 Maximum ABS(G) { p(~undr)Psi(~machabprop) } = 0.1378017E-05 
 S Vector { p(~undr)Psi(~machabprop) }:
   20.79053      9.308638     0.3580735     0.2730333    
 Time to compute number of parameters was 0.03 seconds.     
 Ratio Threshold = 50.000000       Max Gap (2/3) = 25.996447       Next Max Gap (1/2) = 2.2334661     
 Gap Method for Num. of Estimated Parameters { p(~undr)Psi(~machabprop) } = 4          
 Threshold { p(~undr)Psi(~machabprop) } = 0.2756035E-05                 
 Numerical Threshold Method for Num. of Estimated Parameters { p(~undr)Psi(~machabprop) } = 4          
 Number of Estimated Parameters { p(~undr)Psi(~machabprop) } = 4          
 DEVIANCE { p(~undr)Psi(~machabprop) } = 171.43587                     
 DEVIANCE Degrees of Freedom { p(~undr)Psi(~machabprop) } = 134            
 c-hat { p(~undr)Psi(~machabprop) } = 1.2793721                     
 AIC { p(~undr)Psi(~machabprop) } = 179.43587                  
 AICc { p(~undr)Psi(~machabprop) } = 179.73662                    
 BIC { p(~undr)Psi(~machabprop) } = 191.14488                    
 Pearson Chisquare { p(~undr)Psi(~machabprop) } = 1050.0447                  

  Program  MARK  - Survival Rate Estimation with Capture-Recapture Data
   gfortran(dble) Vers. 9.0 Mar 2018     3-Dec-2019 10:59:00    Page  003
 - - - - - - - - - - - - - - - - - - - - - - - - - - - - - - - - - - - - - -
 


                 LOGIT Link Function Parameters of { p(~undr)Psi(~machabprop) }
                                                              95% Confidence Interval
 Parameter                    Beta         Standard Error      Lower           Upper
 -------------------------  --------------  --------------  --------------  --------------
    1:p:(Intercept)          0.5324912       0.4577964      -0.3647898       1.4297722    
    2:p:undr                 0.5631692       0.4687855      -0.3556504       1.4819888    
    3:Psi:(Intercept)       -0.3841252       0.9402577      -2.2270303       1.4587799    
    4:Psi:machabprop        -0.0274394       0.0183360      -0.0633780       0.0084991    


                 Real Function Parameters of { p(~undr)Psi(~machabprop) }

      Following estimates based on unstandardized individual covariate values:
          Variable   Value         
          ---------  ------------- 
          UNDR1       0.5869565    
          UNDR2       0.5483092    
          UNDR3       0.5042271    
          MACHABPROP  53.717706    
                                                               95% Confidence Interval
  Parameter                  Estimate       Standard Error      Lower           Upper
 --------------------------  --------------  --------------  --------------  --------------
     1:p g1 a0 t1             0.7032969       0.0698761       0.5514954       0.8204471                          
     2:p g1 a1 t2             0.6987352       0.0710410       0.5448346       0.8179832                          
     3:p g1 a2 t3             0.6934836       0.0726151       0.5366569       0.8154804                          
     4:Psi g1 a0 t1           0.1349236       0.0308914       0.0849551       0.2076140                          


                      Estimates of Derived Parameters
           Occupancy Estimates of { p(~undr)Psi(~machabprop) }
                                            95% Confidence Interval
 Group   Psi-hat         Standard Error      Lower           Upper
 -----   --------------  --------------  --------------  --------------
   1      0.1349236       0.0308914       0.0849551       0.2076140    

   CPU Time for the last procedure was 0.03 seconds.     

  Program  MARK  - Survival Rate Estimation with Capture-Recapture Data
   gfortran(dble) Vers. 9.0 Mar 2018     3-Dec-2019 10:59:00    Page  004
 - - - - - - - - - - - - - - - - - - - - - - - - - - - - - - - - - - - - - -
 


  INPUT --- proc stop;

     CPU Time in minutes for this job was 0.00

     Time Start = 10:59:00.382   Time End = 10:59:00.481

     Wall Clock Time in minutes for this job was 0.00


          E X E C U T I O N   S U C C E S S F U L 
