
   Program  MARK  - Survival Rate Estimation with Capture-Recapture Data
   gfortran(dble) Vers. 9.0 Mar 2018     3-Dec-2019 11:07:10    Page  001
 - - - - - - - - - - - - - - - - - - - - - - - - - - - - - - - - - - - - - -
 
   This version was compiled by GCC version 7.2.0 using the options: 
     -cpp -iprefix C:/Program Files/mingw-w64/x86_64-7.2.0-posix-seh-rt_v5-rev1/
     mingw64/bin/../lib/gcc/x86_64-w64-mingw32/7.2.0/ -D_MT -D_REENTRANT
     -U_REENTRANT -D IEEE -D DBLEPRECISION -m64 -mtune=core2 -march=nocona -mthreads
     -O2 -fimplicit-none -fbounds-check -funroll-loops -ftree-vectorize
     -ffpe-summary=invalid,zero,overflow,underflow -fno-unsafe-math-optimizations
     -frounding-math -fsignaling-nans -fopenmp.

   This problem will use 7 of 8 possible threads.


  INPUT --- proc title ;

   CPU Time for the last procedure was 0.01 seconds.     


  INPUT --- proc chmatrix occasions= 3 groups= 1 etype= Occupancy 
  INPUT --- Nodes= 101 icovar = 7 ICMeans  NoHist hist= 138 ;

  INPUT ---    time interval 1 1 1 ;

  INPUT ---     icovariates effort1 effort2 effort3 lwd1 lwd2 lwd3  
  INPUT ---    pctrock ;

  INPUT ---    glabel(1)=freq1;

      Number of unique encounter histories read was 138.

      Number of individual covariates read was 7.
      Time interval lengths are all equal to 1.

      Data type number is 27
      Data type is Occupancy Estimation with Detection < 1                                                             

   CPU Time for the last procedure was 0.02 seconds.     

  Program  MARK  - Survival Rate Estimation with Capture-Recapture Data
   gfortran(dble) Vers. 9.0 Mar 2018     3-Dec-2019 11:07:10    Page  002
 - - - - - - - - - - - - - - - - - - - - - - - - - - - - - - - - - - - - - -
 


  INPUT --- proc estimate link=Logit NOLOOP varest=2ndPart    ;


  INPUT --- model={ p(~effort + lwd)Psi(~pctrock) };

  INPUT ---    group=1 p    rows=1 cols=3 Square ;
  INPUT ---        1 2 3 ;

  INPUT ---    group=1 Psi    rows=1 cols=1 Square ;
  INPUT ---        4 ;

  INPUT ---    design matrix constraints=4 covariates=5;
  INPUT ---        1 effort1 lwd1 0 0;
  INPUT ---        1 effort2 lwd2 0 0;
  INPUT ---        1 effort3 lwd3 0 0;
  INPUT ---        0 0 0 1 pctrock;
  INPUT ---       blabel(1)=p:(Intercept);
  INPUT ---       blabel(2)=p:effort;
  INPUT ---       blabel(3)=p:lwd;
  INPUT ---       blabel(4)=Psi:(Intercept);
  INPUT ---       blabel(5)=Psi:pctrock;
  INPUT ---       rlabel(1)=p g1 a0 t1;
  INPUT ---       rlabel(2)=p g1 a1 t2;
  INPUT ---       rlabel(3)=p g1 a2 t3;
  INPUT ---       rlabel(4)=Psi g1 a0 t1;

 Link Function Used is LOGIT        

 Variance Estimation Procedure Used is 2ndPart 
 -2logL(saturated) = 0.0000000     
 Effective Sample Size = 138

 Number of function evaluations was 18 for 5 parameters.
 Time for numerical optimization was 0.02 seconds.     
 -2logL { p(~effort + lwd)Psi(~pctrock) } = 167.63951     
 Penalty { p(~effort + lwd)Psi(~pctrock) } = 0.0000000     
 Gradient { p(~effort + lwd)Psi(~pctrock) }:
 -0.1208540E-05 -0.5140547E-06   0.000000     -0.1084642E-05   0.000000    
 Maximum ABS(G) { p(~effort + lwd)Psi(~pctrock) } = 0.1208540E-05 
 S Vector { p(~effort + lwd)Psi(~pctrock) }:
   25.02253      8.445127     0.4997046     0.1934118     0.1016805    
 Time to compute number of parameters was 0.11 seconds.     
 Ratio Threshold = 50.000000       Max Gap (2/3) = 16.900240       Next Max Gap (1/2) = 2.9629546     
 Gap Method for Num. of Estimated Parameters { p(~effort + lwd)Psi(~pctrock) } = 5          
 Threshold { p(~effort + lwd)Psi(~pctrock) } = 0.2417081E-05                 
 Numerical Threshold Method for Num. of Estimated Parameters { p(~effort + lwd)Psi(~pctrock) } = 5          
 Number of Estimated Parameters { p(~effort + lwd)Psi(~pctrock) } = 5          
 DEVIANCE { p(~effort + lwd)Psi(~pctrock) } = 167.63951                     
 DEVIANCE Degrees of Freedom { p(~effort + lwd)Psi(~pctrock) } = 133            
 c-hat { p(~effort + lwd)Psi(~pctrock) } = 1.2604475                     
 AIC { p(~effort + lwd)Psi(~pctrock) } = 177.63951                  
 AICc { p(~effort + lwd)Psi(~pctrock) } = 178.09406                    
 BIC { p(~effort + lwd)Psi(~pctrock) } = 192.27578                    
 Pearson Chisquare { p(~effort + lwd)Psi(~pctrock) } = 868.56004                  

  Program  MARK  - Survival Rate Estimation with Capture-Recapture Data
   gfortran(dble) Vers. 9.0 Mar 2018     3-Dec-2019 11:07:10    Page  003
 - - - - - - - - - - - - - - - - - - - - - - - - - - - - - - - - - - - - - -
 


              LOGIT Link Function Parameters of { p(~effort + lwd)Psi(~pctrock) }
                                                              95% Confidence Interval
 Parameter                    Beta         Standard Error      Lower           Upper
 -------------------------  --------------  --------------  --------------  --------------
    1:p:(Intercept)         -0.5782249       0.7025418      -1.9552069       0.7987572    
    2:p:effort               0.0016100       0.7717464E-03   0.9740721E-04   0.0031227    
    3:p:lwd                  1.0747158       1.2974112      -1.4682102       3.6176417    
    4:Psi:(Intercept)       -2.5170117       0.8665671      -4.2154832      -0.8185403    
    5:Psi:pctrock            0.0104377       0.0113696      -0.0118467       0.0327222    


              Real Function Parameters of { p(~effort + lwd)Psi(~pctrock) }

      Following estimates based on unstandardized individual covariate values:
          Variable   Value         
          ---------  ------------- 
          EFFORT1     906.23188    
          EFFORT2     834.18841    
          EFFORT3     818.18116    
          LWD1        0.2346014    
          LWD2        0.2355072    
          LWD3        0.2114389    
          PCTROCK     68.678238    
                                                               95% Confidence Interval
  Parameter                  Estimate       Standard Error      Lower           Upper
 --------------------------  --------------  --------------  --------------  --------------
     1:p g1 a0 t1             0.7563858       0.0714216       0.5922489       0.8690587                          
     2:p g1 a1 t2             0.7345725       0.0722766       0.5723350       0.8512590                          
     3:p g1 a2 t3             0.7243830       0.0722412       0.5639260       0.8423085                          
     4:Psi g1 a0 t1           0.1418309       0.0313293       0.0907371       0.2148957                          


                      Estimates of Derived Parameters
         Occupancy Estimates of { p(~effort + lwd)Psi(~pctrock) }
                                            95% Confidence Interval
 Group   Psi-hat         Standard Error      Lower           Upper
 -----   --------------  --------------  --------------  --------------
   1      0.1418309       0.0313293       0.0907371       0.2148957    

   CPU Time for the last procedure was 0.12 seconds.     

  Program  MARK  - Survival Rate Estimation with Capture-Recapture Data
   gfortran(dble) Vers. 9.0 Mar 2018     3-Dec-2019 11:07:10    Page  004
 - - - - - - - - - - - - - - - - - - - - - - - - - - - - - - - - - - - - - -
 


  INPUT --- proc stop;

     CPU Time in minutes for this job was 0.00

     Time Start = 11:07:10.479   Time End = 11:07:10.580

     Wall Clock Time in minutes for this job was 0.00


          E X E C U T I O N   S U C C E S S F U L 
