
   Program  MARK  - Survival Rate Estimation with Capture-Recapture Data
   gfortran(dble) Vers. 9.0 Mar 2018     3-Dec-2019 11:05:59    Page  001
 - - - - - - - - - - - - - - - - - - - - - - - - - - - - - - - - - - - - - -
 
   This version was compiled by GCC version 7.2.0 using the options: 
     -cpp -iprefix C:/Program Files/mingw-w64/x86_64-7.2.0-posix-seh-rt_v5-rev1/
     mingw64/bin/../lib/gcc/x86_64-w64-mingw32/7.2.0/ -D_MT -D_REENTRANT
     -U_REENTRANT -D IEEE -D DBLEPRECISION -m64 -mtune=core2 -march=nocona -mthreads
     -O2 -fimplicit-none -fbounds-check -funroll-loops -ftree-vectorize
     -ffpe-summary=invalid,zero,overflow,underflow -fno-unsafe-math-optimizations
     -frounding-math -fsignaling-nans -fopenmp.

   This problem will use 7 of 8 possible threads.


  INPUT --- proc title ;

   CPU Time for the last procedure was 0.01 seconds.     


  INPUT --- proc chmatrix occasions= 3 groups= 1 etype= Occupancy 
  INPUT --- Nodes= 101 icovar = 5 ICMeans  NoHist hist= 138 ;

  INPUT ---    time interval 1 1 1 ;

  INPUT ---     icovariates effort1 effort2 effort3 pctex21 WidDep ;

  INPUT ---    glabel(1)=freq1;

      Number of unique encounter histories read was 138.

      Number of individual covariates read was 5.
      Time interval lengths are all equal to 1.

      Data type number is 27
      Data type is Occupancy Estimation with Detection < 1                                                             

   CPU Time for the last procedure was 0.01 seconds.     

  Program  MARK  - Survival Rate Estimation with Capture-Recapture Data
   gfortran(dble) Vers. 9.0 Mar 2018     3-Dec-2019 11:05:59    Page  002
 - - - - - - - - - - - - - - - - - - - - - - - - - - - - - - - - - - - - - -
 


  INPUT --- proc estimate link=Logit NOLOOP varest=2ndPart    ;


  INPUT --- model={ p(~effort)Psi(~pctex21 + WidDep) };

  INPUT ---    group=1 p    rows=1 cols=3 Square ;
  INPUT ---        1 2 3 ;

  INPUT ---    group=1 Psi    rows=1 cols=1 Square ;
  INPUT ---        4 ;

  INPUT ---    design matrix constraints=4 covariates=5;
  INPUT ---        1 effort1 0 0 0;
  INPUT ---        1 effort2 0 0 0;
  INPUT ---        1 effort3 0 0 0;
  INPUT ---        0 0 1 pctex21 WidDep;
  INPUT ---       blabel(1)=p:(Intercept);
  INPUT ---       blabel(2)=p:effort;
  INPUT ---       blabel(3)=Psi:(Intercept);
  INPUT ---       blabel(4)=Psi:pctex21;
  INPUT ---       blabel(5)=Psi:WidDep;
  INPUT ---       rlabel(1)=p g1 a0 t1;
  INPUT ---       rlabel(2)=p g1 a1 t2;
  INPUT ---       rlabel(3)=p g1 a2 t3;
  INPUT ---       rlabel(4)=Psi g1 a0 t1;

 Link Function Used is LOGIT        

 Variance Estimation Procedure Used is 2ndPart 
 -2logL(saturated) = 0.0000000     
 Effective Sample Size = 138

 Number of function evaluations was 20 for 5 parameters.
 Time for numerical optimization was 0.01 seconds.     
 -2logL { p(~effort)Psi(~pctex21 + WidDep) } = 146.53527     
 Penalty { p(~effort)Psi(~pctex21 + WidDep) } = 0.0000000     
 Gradient { p(~effort)Psi(~pctex21 + WidDep) }:
 -0.2540071E-05 -0.2446857E-06  0.3851120E-05  0.9162811E-07  0.1239549E-05
 Maximum ABS(G) { p(~effort)Psi(~pctex21 + WidDep) } = 0.3851120E-05 
 S Vector { p(~effort)Psi(~pctex21 + WidDep) }:
   17.06378      7.645825     0.3967838     0.9297991E-01 0.1972059E-01
 Time to compute number of parameters was 0.08 seconds.     
 Ratio Threshold = 50.000000       Max Gap (2/3) = 19.269500       Next Max Gap (4/5) = 4.7148640     
 Gap Method for Num. of Estimated Parameters { p(~effort)Psi(~pctex21 + WidDep) } = 5          
 Threshold { p(~effort)Psi(~pctex21 + WidDep) } = 0.7702241E-05                 
 Numerical Threshold Method for Num. of Estimated Parameters { p(~effort)Psi(~pctex21 + WidDep) } = 5          
 Number of Estimated Parameters { p(~effort)Psi(~pctex21 + WidDep) } = 5          
 DEVIANCE { p(~effort)Psi(~pctex21 + WidDep) } = 146.53527                     
 DEVIANCE Degrees of Freedom { p(~effort)Psi(~pctex21 + WidDep) } = 133            
 c-hat { p(~effort)Psi(~pctex21 + WidDep) } = 1.1017689                     
 AIC { p(~effort)Psi(~pctex21 + WidDep) } = 156.53527                  
 AICc { p(~effort)Psi(~pctex21 + WidDep) } = 156.98981                    
 BIC { p(~effort)Psi(~pctex21 + WidDep) } = 171.17154                    
 Pearson Chisquare { p(~effort)Psi(~pctex21 + WidDep) } = 630.87544                  

  Program  MARK  - Survival Rate Estimation with Capture-Recapture Data
   gfortran(dble) Vers. 9.0 Mar 2018     3-Dec-2019 11:06:00    Page  003
 - - - - - - - - - - - - - - - - - - - - - - - - - - - - - - - - - - - - - -
 


             LOGIT Link Function Parameters of { p(~effort)Psi(~pctex21 + WidDep) }
                                                              95% Confidence Interval
 Parameter                    Beta         Standard Error      Lower           Upper
 -------------------------  --------------  --------------  --------------  --------------
    1:p:(Intercept)         -0.5018075       0.7010281      -1.8758226       0.8722077    
    2:p:effort               0.0017039       0.8085562E-03   0.1191155E-03   0.0032887    
    3:Psi:(Intercept)       -0.9810844       0.7307787      -2.4134106       0.4512419    
    4:Psi:pctex21           -0.6398830       0.2298358      -1.0903612      -0.1894047    
    5:Psi:WidDep             0.0199319       0.0534722      -0.0848736       0.1247374    


             Real Function Parameters of { p(~effort)Psi(~pctex21 + WidDep) }

      Following estimates based on unstandardized individual covariate values:
          Variable   Value         
          ---------  ------------- 
          EFFORT1     906.23188    
          EFFORT2     834.18841    
          EFFORT3     818.18116    
          PCTEX21     4.8306834    
          WIDDEP      13.033426    
                                                               95% Confidence Interval
  Parameter                  Estimate       Standard Error      Lower           Upper
 --------------------------  --------------  --------------  --------------  --------------
     1:p g1 a0 t1             0.7392951       0.0741988       0.5714481       0.8577656                          
     2:p g1 a1 t2             0.7149513       0.0752117       0.5488954       0.8379291                          
     3:p g1 a2 t3             0.7093604       0.0755980       0.5432874       0.8335467                          
     4:Psi g1 a0 t1           0.0216180       0.0210086       0.0031437       0.1340585                          


                      Estimates of Derived Parameters
       Occupancy Estimates of { p(~effort)Psi(~pctex21 + WidDep) }
                                            95% Confidence Interval
 Group   Psi-hat         Standard Error      Lower           Upper
 -----   --------------  --------------  --------------  --------------
   1      0.0216180       0.0210086       0.0031437       0.1340585    

   CPU Time for the last procedure was 0.09 seconds.     

  Program  MARK  - Survival Rate Estimation with Capture-Recapture Data
   gfortran(dble) Vers. 9.0 Mar 2018     3-Dec-2019 11:06:00    Page  004
 - - - - - - - - - - - - - - - - - - - - - - - - - - - - - - - - - - - - - -
 


  INPUT --- proc stop;

     CPU Time in minutes for this job was 0.00

     Time Start = 11:05:59.864   Time End = 11:06:00.567

     Wall Clock Time in minutes for this job was 0.01


          E X E C U T I O N   S U C C E S S F U L 
