
   Program  MARK  - Survival Rate Estimation with Capture-Recapture Data
   gfortran(dble) Vers. 9.0 Mar 2018     3-Dec-2019 10:55:27    Page  001
 - - - - - - - - - - - - - - - - - - - - - - - - - - - - - - - - - - - - - -
 
   This version was compiled by GCC version 7.2.0 using the options: 
     -cpp -iprefix C:/Program Files/mingw-w64/x86_64-7.2.0-posix-seh-rt_v5-rev1/
     mingw64/bin/../lib/gcc/x86_64-w64-mingw32/7.2.0/ -D_MT -D_REENTRANT
     -U_REENTRANT -D IEEE -D DBLEPRECISION -m64 -mtune=core2 -march=nocona -mthreads
     -O2 -fimplicit-none -fbounds-check -funroll-loops -ftree-vectorize
     -ffpe-summary=invalid,zero,overflow,underflow -fno-unsafe-math-optimizations
     -frounding-math -fsignaling-nans -fopenmp.

   This problem will use 7 of 8 possible threads.


  INPUT --- proc title ;

   CPU Time for the last procedure was 0.01 seconds.     


  INPUT --- proc chmatrix occasions= 3 groups= 1 etype= Occupancy 
  INPUT --- Nodes= 101 icovar = 1 ICMeans  NoHist hist= 72 ;

  INPUT ---    time interval 1 1 1 ;

  INPUT ---     icovariates BRT_100m ;

  INPUT ---    glabel(1)=freq1;

      Number of unique encounter histories read was 72.

      Number of individual covariates read was 1.
      Time interval lengths are all equal to 1.

      Data type number is 27
      Data type is Occupancy Estimation with Detection < 1                                                             

   CPU Time for the last procedure was 0.01 seconds.     

  Program  MARK  - Survival Rate Estimation with Capture-Recapture Data
   gfortran(dble) Vers. 9.0 Mar 2018     3-Dec-2019 10:55:27    Page  002
 - - - - - - - - - - - - - - - - - - - - - - - - - - - - - - - - - - - - - -
 


  INPUT --- proc estimate link=Logit NOLOOP varest=2ndPart    ;


  INPUT --- model={ p(~1)Psi(~BRT_100m) };

  INPUT ---    group=1 p    rows=1 cols=3 Square ;
  INPUT ---        1 1 1 ;

  INPUT ---    group=1 Psi    rows=1 cols=1 Square ;
  INPUT ---        2 ;

  INPUT ---    design matrix constraints=2 covariates=3;
  INPUT ---        1 0 0;
  INPUT ---        0 1 BRT_100m;
  INPUT ---       blabel(1)=p:(Intercept);
  INPUT ---       blabel(2)=Psi:(Intercept);
  INPUT ---       blabel(3)=Psi:BRT_100m;
  INPUT ---       rlabel(1)=p g1 a0 t1;
  INPUT ---       rlabel(2)=Psi g1 a0 t1;

 Link Function Used is LOGIT        

 Variance Estimation Procedure Used is 2ndPart 
 -2logL(saturated) = 0.0000000     
 Effective Sample Size = 138

   * *  WARNING  * *   Error number 0 from VA09AD optimization routine. 

 Number of function evaluations was 12 for 3 parameters.
 Time for numerical optimization was 0.01 seconds.     
 -2logL { p(~1)Psi(~BRT_100m) } = 169.77029     
 Penalty { p(~1)Psi(~BRT_100m) } = 0.0000000     
 Gradient { p(~1)Psi(~BRT_100m) }:
   0.000000       0.000000       0.000000    
 Maximum ABS(G) { p(~1)Psi(~BRT_100m) } = 0.0000000     
 S Vector { p(~1)Psi(~BRT_100m) }:
   15.57134      9.376858     0.3182593    
 Time to compute number of parameters was 0.01 seconds.     
 Ratio Threshold = 50.000000       Max Gap (2/3) = 29.462946       Next Max Gap (1/2) = 1.6606134     
 Gap Method for Num. of Estimated Parameters { p(~1)Psi(~BRT_100m) } = 3          
 Threshold { p(~1)Psi(~BRT_100m) } = 0.0000000                     
 Numerical Threshold Method for Num. of Estimated Parameters { p(~1)Psi(~BRT_100m) } = 3          
 Number of Estimated Parameters { p(~1)Psi(~BRT_100m) } = 3          
 DEVIANCE { p(~1)Psi(~BRT_100m) } = 169.77029                     
 DEVIANCE Degrees of Freedom { p(~1)Psi(~BRT_100m) } = 135            
 c-hat { p(~1)Psi(~BRT_100m) } = 1.2575577                     
 AIC { p(~1)Psi(~BRT_100m) } = 175.77029                  
 AICc { p(~1)Psi(~BRT_100m) } = 175.94940                    
 BIC { p(~1)Psi(~BRT_100m) } = 184.55205                    
 Pearson Chisquare { p(~1)Psi(~BRT_100m) } = 994.37785                  


                   LOGIT Link Function Parameters of { p(~1)Psi(~BRT_100m) }
                                                              95% Confidence Interval
 Parameter                    Beta         Standard Error      Lower           Upper
 -------------------------  --------------  --------------  --------------  --------------
    1:p:(Intercept)          0.9333687       0.3261771       0.2940615       1.5726760    
    2:Psi:(Intercept)       -2.1572975       0.3134023      -2.7715661      -1.5430289    

  Program  MARK  - Survival Rate Estimation with Capture-Recapture Data
   gfortran(dble) Vers. 9.0 Mar 2018     3-Dec-2019 10:55:27    Page  003
 - - - - - - - - - - - - - - - - - - - - - - - - - - - - - - - - - - - - - -
 
    3:Psi:BRT_100m           0.0394478       0.0183377       0.0035058       0.0753898    


                   Real Function Parameters of { p(~1)Psi(~BRT_100m) }

      Following estimates based on unstandardized individual covariate values:
          Variable   Value         
          ---------  ------------- 
          BRT_100M    6.7817616    
                                                               95% Confidence Interval
  Parameter                  Estimate       Standard Error      Lower           Upper
 --------------------------  --------------  --------------  --------------  --------------
     1:p g1 a0 t1             0.7177582       0.0660774       0.5729902       0.8281648                          
     2:Psi g1 a0 t1           0.1312705       0.0300024       0.0827597       0.2019557                          


                      Estimates of Derived Parameters
              Occupancy Estimates of { p(~1)Psi(~BRT_100m) }
                                            95% Confidence Interval
 Group   Psi-hat         Standard Error      Lower           Upper
 -----   --------------  --------------  --------------  --------------
   1      0.1312705       0.0300024       0.0827597       0.2019557    

   CPU Time for the last procedure was 0.01 seconds.     

  Program  MARK  - Survival Rate Estimation with Capture-Recapture Data
   gfortran(dble) Vers. 9.0 Mar 2018     3-Dec-2019 10:55:27    Page  004
 - - - - - - - - - - - - - - - - - - - - - - - - - - - - - - - - - - - - - -
 


  INPUT --- proc stop;

     CPU Time in minutes for this job was 0.00

     Time Start = 10:55:27.509   Time End = 10:55:27.521

     Wall Clock Time in minutes for this job was 0.00


          E X E C U T I O N   S U C C E S S F U L 
