
   Program  MARK  - Survival Rate Estimation with Capture-Recapture Data
   gfortran(dble) Vers. 9.0 Mar 2018     3-Dec-2019 10:56:25    Page  001
 - - - - - - - - - - - - - - - - - - - - - - - - - - - - - - - - - - - - - -
 
   This version was compiled by GCC version 7.2.0 using the options: 
     -cpp -iprefix C:/Program Files/mingw-w64/x86_64-7.2.0-posix-seh-rt_v5-rev1/
     mingw64/bin/../lib/gcc/x86_64-w64-mingw32/7.2.0/ -D_MT -D_REENTRANT
     -U_REENTRANT -D IEEE -D DBLEPRECISION -m64 -mtune=core2 -march=nocona -mthreads
     -O2 -fimplicit-none -fbounds-check -funroll-loops -ftree-vectorize
     -ffpe-summary=invalid,zero,overflow,underflow -fno-unsafe-math-optimizations
     -frounding-math -fsignaling-nans -fopenmp.

   This problem will use 7 of 8 possible threads.


  INPUT --- proc title ;

   CPU Time for the last procedure was 0.01 seconds.     


  INPUT --- proc chmatrix occasions= 3 groups= 1 etype= Occupancy 
  INPUT --- Nodes= 101 icovar = 4 ICMeans  NoHist hist= 138 ;

  INPUT ---    time interval 1 1 1 ;

  INPUT ---     icovariates mxdep1 mxdep2 mxdep3 avdep ;

  INPUT ---    glabel(1)=freq1;

      Number of unique encounter histories read was 138.

      Number of individual covariates read was 4.
      Time interval lengths are all equal to 1.

      Data type number is 27
      Data type is Occupancy Estimation with Detection < 1                                                             

   CPU Time for the last procedure was 0.01 seconds.     

  Program  MARK  - Survival Rate Estimation with Capture-Recapture Data
   gfortran(dble) Vers. 9.0 Mar 2018     3-Dec-2019 10:56:25    Page  002
 - - - - - - - - - - - - - - - - - - - - - - - - - - - - - - - - - - - - - -
 


  INPUT --- proc estimate link=Logit NOLOOP varest=2ndPart    ;


  INPUT --- model={ p(~mxdep)Psi(~avdep) };

  INPUT ---    group=1 p    rows=1 cols=3 Square ;
  INPUT ---        1 2 3 ;

  INPUT ---    group=1 Psi    rows=1 cols=1 Square ;
  INPUT ---        4 ;

  INPUT ---    design matrix constraints=4 covariates=4;
  INPUT ---        1 mxdep1 0 0;
  INPUT ---        1 mxdep2 0 0;
  INPUT ---        1 mxdep3 0 0;
  INPUT ---        0 0 1 avdep;
  INPUT ---       blabel(1)=p:(Intercept);
  INPUT ---       blabel(2)=p:mxdep;
  INPUT ---       blabel(3)=Psi:(Intercept);
  INPUT ---       blabel(4)=Psi:avdep;
  INPUT ---       rlabel(1)=p g1 a0 t1;
  INPUT ---       rlabel(2)=p g1 a1 t2;
  INPUT ---       rlabel(3)=p g1 a2 t3;
  INPUT ---       rlabel(4)=Psi g1 a0 t1;

 Link Function Used is LOGIT        

 Variance Estimation Procedure Used is 2ndPart 
 -2logL(saturated) = 0.0000000     
 Effective Sample Size = 138

 Number of function evaluations was 25 for 4 parameters.
 Time for numerical optimization was 0.06 seconds.     
 -2logL { p(~mxdep)Psi(~avdep) } = 169.56101     
 Penalty { p(~mxdep)Psi(~avdep) } = 0.0000000     
 Gradient { p(~mxdep)Psi(~avdep) }:
  0.2709780E-05  0.1449419E-06  0.1363057E-05  0.3622196E-05
 Maximum ABS(G) { p(~mxdep)Psi(~avdep) } = 0.3622196E-05 
 S Vector { p(~mxdep)Psi(~avdep) }:
   17.48442      8.387722     0.1293118     0.1113989E-02
 Time to compute number of parameters was 0.01 seconds.     
 Ratio Threshold = 50.000000       Max Gap (3/4) = 116.07999       Next Max Gap (2/3) = 64.864330     
 Gap Method for Num. of Estimated Parameters { p(~mxdep)Psi(~avdep) } = 2          
 Threshold { p(~mxdep)Psi(~avdep) } = 0.7244392E-05                 
 Numerical Threshold Method for Num. of Estimated Parameters { p(~mxdep)Psi(~avdep) } = 4          
 Number of Estimated Parameters { p(~mxdep)Psi(~avdep) } = 4          

   * *  WARNING  * *   Number of parameters estimated from gap method (=2) and threshold method (=4) differ.  Inspect full output.                                                                                                                                                                                                                                                                                                                                                                                                                      
 Ratios of S Vector { p(~mxdep)Psi(~avdep) }:
   1/2    2.084526       2/3    64.86433       3/4    116.0800    
 DEVIANCE { p(~mxdep)Psi(~avdep) } = 169.56101                     
 DEVIANCE Degrees of Freedom { p(~mxdep)Psi(~avdep) } = 134            
 c-hat { p(~mxdep)Psi(~avdep) } = 1.2653807                     
 AIC { p(~mxdep)Psi(~avdep) } = 177.56101                  
 AICc { p(~mxdep)Psi(~avdep) } = 177.86177                    
 BIC { p(~mxdep)Psi(~avdep) } = 189.27003                    
 Pearson Chisquare { p(~mxdep)Psi(~avdep) } = 1078.4628                  

  Program  MARK  - Survival Rate Estimation with Capture-Recapture Data
   gfortran(dble) Vers. 9.0 Mar 2018     3-Dec-2019 10:56:26    Page  003
 - - - - - - - - - - - - - - - - - - - - - - - - - - - - - - - - - - - - - -
 


                   LOGIT Link Function Parameters of { p(~mxdep)Psi(~avdep) }
                                                              95% Confidence Interval
 Parameter                    Beta         Standard Error      Lower           Upper
 -------------------------  --------------  --------------  --------------  --------------
    1:p:(Intercept)         -1.1116276       0.9580948      -2.9894933       0.7662382    
    2:p:mxdep                4.0498119       1.8716733       0.3813322       7.7182916    
    3:Psi:(Intercept)       -1.7986344       0.7500050      -3.2686442      -0.3286246    
    4:Psi:avdep              0.0531449       2.7009891      -5.2407938       5.3470835    


                   Real Function Parameters of { p(~mxdep)Psi(~avdep) }

      Following estimates based on unstandardized individual covariate values:
          Variable   Value         
          ---------  ------------- 
          MXDEP1      0.5167391    
          MXDEP2      0.4846377    
          MXDEP3      0.6304348    
          AVDEP       0.2562426    
                                                               95% Confidence Interval
  Parameter                  Estimate       Standard Error      Lower           Upper
 --------------------------  --------------  --------------  --------------  --------------
     1:p g1 a0 t1             0.7273202       0.0698651       0.5721454       0.8417794                          
     2:p g1 a1 t2             0.7007903       0.0723068       0.5436837       0.8215591                          
     3:p g1 a2 t3             0.8086891       0.0692804       0.6373351       0.9104558                          
     4:Psi g1 a0 t1           0.1436848       0.0309286       0.0929865       0.2154588                          


                      Estimates of Derived Parameters
             Occupancy Estimates of { p(~mxdep)Psi(~avdep) }
                                            95% Confidence Interval
 Group   Psi-hat         Standard Error      Lower           Upper
 -----   --------------  --------------  --------------  --------------
   1      0.1436848       0.0309286       0.0929865       0.2154588    

 Attempted ordering of parameters by estimatibility:
  3 1 4 2
 Beta number 2 is a singular value.

   CPU Time for the last procedure was 0.06 seconds.     

  Program  MARK  - Survival Rate Estimation with Capture-Recapture Data
   gfortran(dble) Vers. 9.0 Mar 2018     3-Dec-2019 10:56:26    Page  004
 - - - - - - - - - - - - - - - - - - - - - - - - - - - - - - - - - - - - - -
 


  INPUT --- proc stop;

     CPU Time in minutes for this job was 0.00

     Time Start = 10:56:25.139   Time End = 10:56:26.100

     Wall Clock Time in minutes for this job was 0.02


          E X E C U T I O N   S U C C E S S F U L 
