
   Program  MARK  - Survival Rate Estimation with Capture-Recapture Data
   gfortran(dble) Vers. 9.0 Mar 2018     3-Dec-2019 11:10:39    Page  001
 - - - - - - - - - - - - - - - - - - - - - - - - - - - - - - - - - - - - - -
 
   This version was compiled by GCC version 7.2.0 using the options: 
     -cpp -iprefix C:/Program Files/mingw-w64/x86_64-7.2.0-posix-seh-rt_v5-rev1/
     mingw64/bin/../lib/gcc/x86_64-w64-mingw32/7.2.0/ -D_MT -D_REENTRANT
     -U_REENTRANT -D IEEE -D DBLEPRECISION -m64 -mtune=core2 -march=nocona -mthreads
     -O2 -fimplicit-none -fbounds-check -funroll-loops -ftree-vectorize
     -ffpe-summary=invalid,zero,overflow,underflow -fno-unsafe-math-optimizations
     -frounding-math -fsignaling-nans -fopenmp.

   This problem will use 7 of 8 possible threads.


  INPUT --- proc title ;

   CPU Time for the last procedure was 0.01 seconds.     


  INPUT --- proc chmatrix occasions= 3 groups= 1 etype= Occupancy 
  INPUT --- Nodes= 101 icovar = 5 ICMeans  NoHist hist= 138 ;

  INPUT ---    time interval 1 1 1 ;

  INPUT ---     icovariates effort1 effort2 effort3 LWD WidDep ;

  INPUT ---    glabel(1)=freq1;

      Number of unique encounter histories read was 138.

      Number of individual covariates read was 5.
      Time interval lengths are all equal to 1.

      Data type number is 27
      Data type is Occupancy Estimation with Detection < 1                                                             

   CPU Time for the last procedure was 0.01 seconds.     

  Program  MARK  - Survival Rate Estimation with Capture-Recapture Data
   gfortran(dble) Vers. 9.0 Mar 2018     3-Dec-2019 11:10:39    Page  002
 - - - - - - - - - - - - - - - - - - - - - - - - - - - - - - - - - - - - - -
 


  INPUT --- proc estimate link=Logit NOLOOP varest=2ndPart    ;


  INPUT --- model={ p(~effort + LWD)Psi(~WidDep) };

  INPUT ---    group=1 p    rows=1 cols=3 Square ;
  INPUT ---        1 2 3 ;

  INPUT ---    group=1 Psi    rows=1 cols=1 Square ;
  INPUT ---        4 ;

  INPUT ---    design matrix constraints=4 covariates=5;
  INPUT ---        1 effort1 LWD 0 0;
  INPUT ---        1 effort2 LWD 0 0;
  INPUT ---        1 effort3 LWD 0 0;
  INPUT ---        0 0 0 1 WidDep;
  INPUT ---       blabel(1)=p:(Intercept);
  INPUT ---       blabel(2)=p:effort;
  INPUT ---       blabel(3)=p:LWD;
  INPUT ---       blabel(4)=Psi:(Intercept);
  INPUT ---       blabel(5)=Psi:WidDep;
  INPUT ---       rlabel(1)=p g1 a0 t1;
  INPUT ---       rlabel(2)=p g1 a1 t2;
  INPUT ---       rlabel(3)=p g1 a2 t3;
  INPUT ---       rlabel(4)=Psi g1 a0 t1;

 Link Function Used is LOGIT        

 Variance Estimation Procedure Used is 2ndPart 
 -2logL(saturated) = 0.0000000     
 Effective Sample Size = 138

 Number of function evaluations was 22 for 5 parameters.
 Time for numerical optimization was 0.02 seconds.     
 -2logL { p(~effort + LWD)Psi(~WidDep) } = 167.82879     
 Penalty { p(~effort + LWD)Psi(~WidDep) } = 0.0000000     
 Gradient { p(~effort + LWD)Psi(~WidDep) }:
  0.1914493E-05   0.000000       0.000000      0.7854998E-06  0.1135635E-05
 Maximum ABS(G) { p(~effort + LWD)Psi(~WidDep) } = 0.1914493E-05 
 S Vector { p(~effort + LWD)Psi(~WidDep) }:
   20.07685      8.290004     0.4780550     0.2820865     0.8840892E-01
 Time to compute number of parameters was 0.06 seconds.     
 Ratio Threshold = 50.000000       Max Gap (2/3) = 17.341109       Next Max Gap (4/5) = 3.1907020     
 Gap Method for Num. of Estimated Parameters { p(~effort + LWD)Psi(~WidDep) } = 5          
 Threshold { p(~effort + LWD)Psi(~WidDep) } = 0.3828985E-05                 
 Numerical Threshold Method for Num. of Estimated Parameters { p(~effort + LWD)Psi(~WidDep) } = 5          
 Number of Estimated Parameters { p(~effort + LWD)Psi(~WidDep) } = 5          
 DEVIANCE { p(~effort + LWD)Psi(~WidDep) } = 167.82879                     
 DEVIANCE Degrees of Freedom { p(~effort + LWD)Psi(~WidDep) } = 133            
 c-hat { p(~effort + LWD)Psi(~WidDep) } = 1.2618706                     
 AIC { p(~effort + LWD)Psi(~WidDep) } = 177.82879                  
 AICc { p(~effort + LWD)Psi(~WidDep) } = 178.28333                    
 BIC { p(~effort + LWD)Psi(~WidDep) } = 192.46505                    
 Pearson Chisquare { p(~effort + LWD)Psi(~WidDep) } = 884.62015                  

  Program  MARK  - Survival Rate Estimation with Capture-Recapture Data
   gfortran(dble) Vers. 9.0 Mar 2018     3-Dec-2019 11:10:40    Page  003
 - - - - - - - - - - - - - - - - - - - - - - - - - - - - - - - - - - - - - -
 


               LOGIT Link Function Parameters of { p(~effort + LWD)Psi(~WidDep) }
                                                              95% Confidence Interval
 Parameter                    Beta         Standard Error      Lower           Upper
 -------------------------  --------------  --------------  --------------  --------------
    1:p:(Intercept)         -0.9925370       0.8682357      -2.6942789       0.7092050    
    2:p:effort               0.0018131       0.8096774E-03   0.2261238E-03   0.0034001    
    3:p:LWD                  2.1289839       1.9312542      -1.6562745       5.9142423    
    4:Psi:(Intercept)       -1.4281976       0.6835452      -2.7679462      -0.0884491    
    5:Psi:WidDep            -0.0251411       0.0488182      -0.1208247       0.0705425    


               Real Function Parameters of { p(~effort + LWD)Psi(~WidDep) }

      Following estimates based on unstandardized individual covariate values:
          Variable   Value         
          ---------  ------------- 
          EFFORT1     906.23188    
          EFFORT2     834.18841    
          EFFORT3     818.18116    
          LWD         0.2273503    
          WIDDEP      13.033426    
                                                               95% Confidence Interval
  Parameter                  Estimate       Standard Error      Lower           Upper
 --------------------------  --------------  --------------  --------------  --------------
     1:p g1 a0 t1             0.7566812       0.0717949       0.5915254       0.8697629                          
     2:p g1 a1 t2             0.7318341       0.0729729       0.5683592       0.8497621                          
     3:p g1 a2 t3             0.7261002       0.0733741       0.5626208       0.8452793                          
     4:Psi g1 a0 t1           0.1473081       0.0323759       0.0943991       0.2225831                          


                      Estimates of Derived Parameters
         Occupancy Estimates of { p(~effort + LWD)Psi(~WidDep) }
                                            95% Confidence Interval
 Group   Psi-hat         Standard Error      Lower           Upper
 -----   --------------  --------------  --------------  --------------
   1      0.1473081       0.0323759       0.0943991       0.2225831    

   CPU Time for the last procedure was 0.08 seconds.     

  Program  MARK  - Survival Rate Estimation with Capture-Recapture Data
   gfortran(dble) Vers. 9.0 Mar 2018     3-Dec-2019 11:10:40    Page  004
 - - - - - - - - - - - - - - - - - - - - - - - - - - - - - - - - - - - - - -
 


  INPUT --- proc stop;

     CPU Time in minutes for this job was 0.00

     Time Start = 11:10:39.220   Time End = 11:10:40.209

     Wall Clock Time in minutes for this job was 0.02


          E X E C U T I O N   S U C C E S S F U L 
