
   Program  MARK  - Survival Rate Estimation with Capture-Recapture Data
   gfortran(dble) Vers. 9.0 Mar 2018     3-Dec-2019 11:02:16    Page  001
 - - - - - - - - - - - - - - - - - - - - - - - - - - - - - - - - - - - - - -
 
   This version was compiled by GCC version 7.2.0 using the options: 
     -cpp -iprefix C:/Program Files/mingw-w64/x86_64-7.2.0-posix-seh-rt_v5-rev1/
     mingw64/bin/../lib/gcc/x86_64-w64-mingw32/7.2.0/ -D_MT -D_REENTRANT
     -U_REENTRANT -D IEEE -D DBLEPRECISION -m64 -mtune=core2 -march=nocona -mthreads
     -O2 -fimplicit-none -fbounds-check -funroll-loops -ftree-vectorize
     -ffpe-summary=invalid,zero,overflow,underflow -fno-unsafe-math-optimizations
     -frounding-math -fsignaling-nans -fopenmp.

   This problem will use 7 of 8 possible threads.


  INPUT --- proc title ;

   CPU Time for the last procedure was 0.01 seconds.     


  INPUT --- proc chmatrix occasions= 3 groups= 1 etype= Occupancy 
  INPUT --- Nodes= 101 icovar = 3 ICMeans  NoHist hist= 138 ;

  INPUT ---    time interval 1 1 1 ;

  INPUT ---     icovariates effsec pctex21 pctrock ;

  INPUT ---    glabel(1)=freq1;

      Number of unique encounter histories read was 138.

      Number of individual covariates read was 3.
      Time interval lengths are all equal to 1.

      Data type number is 27
      Data type is Occupancy Estimation with Detection < 1                                                             

   CPU Time for the last procedure was 0.02 seconds.     

  Program  MARK  - Survival Rate Estimation with Capture-Recapture Data
   gfortran(dble) Vers. 9.0 Mar 2018     3-Dec-2019 11:02:16    Page  002
 - - - - - - - - - - - - - - - - - - - - - - - - - - - - - - - - - - - - - -
 


  INPUT --- proc estimate link=Logit NOLOOP varest=2ndPart    ;


  INPUT --- model={ p(~effsec)Psi(~pctex21 + pctrock) };

  INPUT ---    group=1 p    rows=1 cols=3 Square ;
  INPUT ---        1 1 1 ;

  INPUT ---    group=1 Psi    rows=1 cols=1 Square ;
  INPUT ---        2 ;

  INPUT ---    design matrix constraints=2 covariates=5;
  INPUT ---        1 effsec 0 0 0;
  INPUT ---        0 0 1 pctex21 pctrock;
  INPUT ---       blabel(1)=p:(Intercept);
  INPUT ---       blabel(2)=p:effsec;
  INPUT ---       blabel(3)=Psi:(Intercept);
  INPUT ---       blabel(4)=Psi:pctex21;
  INPUT ---       blabel(5)=Psi:pctrock;
  INPUT ---       rlabel(1)=p g1 a0 t1;
  INPUT ---       rlabel(2)=Psi g1 a0 t1;

 Link Function Used is LOGIT        

 Variance Estimation Procedure Used is 2ndPart 
 -2logL(saturated) = 0.0000000     
 Effective Sample Size = 138

 Number of function evaluations was 20 for 5 parameters.
 Time for numerical optimization was 0.01 seconds.     
 -2logL { p(~effsec)Psi(~pctex21 + pctrock) } = 147.26657     
 Penalty { p(~effsec)Psi(~pctex21 + pctrock) } = 0.0000000     
 Gradient { p(~effsec)Psi(~pctex21 + pctrock) }:
   0.000000       0.000000     -0.6978822E-06   0.000000     -0.7836173E-06
 Maximum ABS(G) { p(~effsec)Psi(~pctex21 + pctrock) } = 0.7836173E-06 
 S Vector { p(~effsec)Psi(~pctex21 + pctrock) }:
   20.78516      8.422093     0.4767862     0.1877187     0.1975238E-01
 Time to compute number of parameters was 0.01 seconds.     
 Ratio Threshold = 50.000000       Max Gap (2/3) = 17.664297       Next Max Gap (4/5) = 9.5035992     
 Gap Method for Num. of Estimated Parameters { p(~effsec)Psi(~pctex21 + pctrock) } = 5          
 Threshold { p(~effsec)Psi(~pctex21 + pctrock) } = 0.1567235E-05                 
 Numerical Threshold Method for Num. of Estimated Parameters { p(~effsec)Psi(~pctex21 + pctrock) } = 5          
 Number of Estimated Parameters { p(~effsec)Psi(~pctex21 + pctrock) } = 5          
 DEVIANCE { p(~effsec)Psi(~pctex21 + pctrock) } = 147.26657                     
 DEVIANCE Degrees of Freedom { p(~effsec)Psi(~pctex21 + pctrock) } = 133            
 c-hat { p(~effsec)Psi(~pctex21 + pctrock) } = 1.1072674                     
 AIC { p(~effsec)Psi(~pctex21 + pctrock) } = 157.26657                  
 AICc { p(~effsec)Psi(~pctex21 + pctrock) } = 157.72111                    
 BIC { p(~effsec)Psi(~pctex21 + pctrock) } = 171.90284                    
 Pearson Chisquare { p(~effsec)Psi(~pctex21 + pctrock) } = 783.21365                  


            LOGIT Link Function Parameters of { p(~effsec)Psi(~pctex21 + pctrock) }
                                                              95% Confidence Interval
 Parameter                    Beta         Standard Error      Lower           Upper
 -------------------------  --------------  --------------  --------------  --------------

  Program  MARK  - Survival Rate Estimation with Capture-Recapture Data
   gfortran(dble) Vers. 9.0 Mar 2018     3-Dec-2019 11:02:16    Page  003
 - - - - - - - - - - - - - - - - - - - - - - - - - - - - - - - - - - - - - -
 
    1:p:(Intercept)         -0.3122194       0.7136380      -1.7109499       1.0865111    
    2:p:effsec               0.4577147E-03   0.2431385E-03  -0.1883679E-04   0.9342663E-03
    3:Psi:(Intercept)       -1.7330527       0.8900567      -3.4775638       0.0114584    
    4:Psi:pctex21           -0.6479446       0.2297004      -1.0981574      -0.1977319    
    5:Psi:pctrock            0.0143403       0.0117423      -0.0086747       0.0373553    


            Real Function Parameters of { p(~effsec)Psi(~pctex21 + pctrock) }

      Following estimates based on unstandardized individual covariate values:
          Variable   Value         
          ---------  ------------- 
          EFFSEC      2558.6014    
          PCTEX21     4.8306834    
          PCTROCK     68.678238    
                                                               95% Confidence Interval
  Parameter                  Estimate       Standard Error      Lower           Upper
 --------------------------  --------------  --------------  --------------  --------------
     1:p g1 a0 t1             0.7024287       0.0739232       0.5413340       0.8252119                          
     2:Psi g1 a0 t1           0.0202687       0.0198069       0.0029202       0.1275013                          


                      Estimates of Derived Parameters
       Occupancy Estimates of { p(~effsec)Psi(~pctex21 + pctrock) }
                                            95% Confidence Interval
 Group   Psi-hat         Standard Error      Lower           Upper
 -----   --------------  --------------  --------------  --------------
   1      0.0202687       0.0198069       0.0029202       0.1275013    

   CPU Time for the last procedure was 0.01 seconds.     

  Program  MARK  - Survival Rate Estimation with Capture-Recapture Data
   gfortran(dble) Vers. 9.0 Mar 2018     3-Dec-2019 11:02:16    Page  004
 - - - - - - - - - - - - - - - - - - - - - - - - - - - - - - - - - - - - - -
 


  INPUT --- proc stop;

     CPU Time in minutes for this job was 0.00

     Time Start = 11:02:16.331   Time End = 11:02:16.434

     Wall Clock Time in minutes for this job was 0.00


          E X E C U T I O N   S U C C E S S F U L 
