
   Program  MARK  - Survival Rate Estimation with Capture-Recapture Data
   gfortran(dble) Vers. 9.0 Mar 2018     3-Dec-2019 12:26:05    Page  001
 - - - - - - - - - - - - - - - - - - - - - - - - - - - - - - - - - - - - - -
 
   This version was compiled by GCC version 7.2.0 using the options: 
     -cpp -iprefix C:/Program Files/mingw-w64/x86_64-7.2.0-posix-seh-rt_v5-rev1/
     mingw64/bin/../lib/gcc/x86_64-w64-mingw32/7.2.0/ -D_MT -D_REENTRANT
     -U_REENTRANT -D IEEE -D DBLEPRECISION -m64 -mtune=core2 -march=nocona -mthreads
     -O2 -fimplicit-none -fbounds-check -funroll-loops -ftree-vectorize
     -ffpe-summary=invalid,zero,overflow,underflow -fno-unsafe-math-optimizations
     -frounding-math -fsignaling-nans -fopenmp.

   This problem will use 7 of 8 possible threads.


  INPUT --- proc title ;

   CPU Time for the last procedure was 0.01 seconds.     


  INPUT --- proc chmatrix occasions= 3 groups= 1 etype= Occupancy 
  INPUT --- Nodes= 101 icovar = 1 ICMeans  NoHist hist= 133 ;

  INPUT ---    time interval 1 1 1 ;

  INPUT ---     icovariates pctShade ;

  INPUT ---    glabel(1)=freq1;

      Number of unique encounter histories read was 133.

      Number of individual covariates read was 1.
      Time interval lengths are all equal to 1.

      Data type number is 27
      Data type is Occupancy Estimation with Detection < 1                                                             

   CPU Time for the last procedure was 0.02 seconds.     

  Program  MARK  - Survival Rate Estimation with Capture-Recapture Data
   gfortran(dble) Vers. 9.0 Mar 2018     3-Dec-2019 12:26:05    Page  002
 - - - - - - - - - - - - - - - - - - - - - - - - - - - - - - - - - - - - - -
 


  INPUT --- proc estimate link=Logit NOLOOP varest=2ndPart    ;


  INPUT --- model={ p(~1)Psi(~pctShade) };

  INPUT ---    group=1 p    rows=1 cols=3 Square ;
  INPUT ---        1 1 1 ;

  INPUT ---    group=1 Psi    rows=1 cols=1 Square ;
  INPUT ---        2 ;

  INPUT ---    design matrix constraints=2 covariates=3;
  INPUT ---        1 0 0;
  INPUT ---        0 1 pctShade;
  INPUT ---       blabel(1)=p:(Intercept);
  INPUT ---       blabel(2)=Psi:(Intercept);
  INPUT ---       blabel(3)=Psi:pctShade;
  INPUT ---       rlabel(1)=p g1 a0 t1;
  INPUT ---       rlabel(2)=Psi g1 a0 t1;

 Link Function Used is LOGIT        

 Variance Estimation Procedure Used is 2ndPart 
 -2logL(saturated) = 0.0000000     
 Effective Sample Size = 138

 Number of function evaluations was 11 for 3 parameters.
 Time for numerical optimization was 0.01 seconds.     
 -2logL { p(~1)Psi(~pctShade) } = 175.36588     
 Penalty { p(~1)Psi(~pctShade) } = 0.0000000     
 Gradient { p(~1)Psi(~pctShade) }:
 -0.1957802E-05   0.000000       0.000000    
 Maximum ABS(G) { p(~1)Psi(~pctShade) } = 0.1957802E-05 
 S Vector { p(~1)Psi(~pctShade) }:
   20.95798      9.662918      1.238572    
 Time to compute number of parameters was 0.01 seconds.     
 Ratio Threshold = 50.000000       Max Gap (2/3) = 7.8016584       Next Max Gap (1/2) = 2.1689077     
 Gap Method for Num. of Estimated Parameters { p(~1)Psi(~pctShade) } = 3          
 Threshold { p(~1)Psi(~pctShade) } = 0.3915603E-05                 
 Numerical Threshold Method for Num. of Estimated Parameters { p(~1)Psi(~pctShade) } = 3          
 Number of Estimated Parameters { p(~1)Psi(~pctShade) } = 3          
 DEVIANCE { p(~1)Psi(~pctShade) } = 175.36588                     
 DEVIANCE Degrees of Freedom { p(~1)Psi(~pctShade) } = 135            
 c-hat { p(~1)Psi(~pctShade) } = 1.2990065                     
 AIC { p(~1)Psi(~pctShade) } = 181.36588                  
 AICc { p(~1)Psi(~pctShade) } = 181.54498                    
 BIC { p(~1)Psi(~pctShade) } = 190.14764                    
 Pearson Chisquare { p(~1)Psi(~pctShade) } = 1085.4266                  


                   LOGIT Link Function Parameters of { p(~1)Psi(~pctShade) }
                                                              95% Confidence Interval
 Parameter                    Beta         Standard Error      Lower           Upper
 -------------------------  --------------  --------------  --------------  --------------
    1:p:(Intercept)          0.9484596       0.3209890       0.3193211       1.5775982    
    2:Psi:(Intercept)       -1.9752626       0.4763690      -2.9089459      -1.0415792    
    3:Psi:pctShade           0.0033373       0.0079765      -0.0122966       0.0189712    

  Program  MARK  - Survival Rate Estimation with Capture-Recapture Data
   gfortran(dble) Vers. 9.0 Mar 2018     3-Dec-2019 12:26:05    Page  003
 - - - - - - - - - - - - - - - - - - - - - - - - - - - - - - - - - - - - - -
 


                   Real Function Parameters of { p(~1)Psi(~pctShade) }

      Following estimates based on unstandardized individual covariate values:
          Variable   Value         
          ---------  ------------- 
          PCTSHADE    48.614931    
                                                               95% Confidence Interval
  Parameter                  Estimate       Standard Error      Lower           Upper
 --------------------------  --------------  --------------  --------------  --------------
     1:p g1 a0 t1             0.7208053       0.0645974       0.5791588       0.8288641                          
     2:Psi g1 a0 t1           0.1402738       0.0300814       0.0909645       0.2101335                          


                      Estimates of Derived Parameters
              Occupancy Estimates of { p(~1)Psi(~pctShade) }
                                            95% Confidence Interval
 Group   Psi-hat         Standard Error      Lower           Upper
 -----   --------------  --------------  --------------  --------------
   1      0.1402738       0.0300814       0.0909645       0.2101335    

   CPU Time for the last procedure was 0.01 seconds.     

  Program  MARK  - Survival Rate Estimation with Capture-Recapture Data
   gfortran(dble) Vers. 9.0 Mar 2018     3-Dec-2019 12:26:05    Page  004
 - - - - - - - - - - - - - - - - - - - - - - - - - - - - - - - - - - - - - -
 


  INPUT --- proc stop;

     CPU Time in minutes for this job was 0.00

     Time Start = 12:26:05.284   Time End = 12:26:05.299

     Wall Clock Time in minutes for this job was 0.00


          E X E C U T I O N   S U C C E S S F U L 
