
   Program  MARK  - Survival Rate Estimation with Capture-Recapture Data
   gfortran(dble) Vers. 9.0 Mar 2018     3-Dec-2019 11:03:30    Page  001
 - - - - - - - - - - - - - - - - - - - - - - - - - - - - - - - - - - - - - -
 
   This version was compiled by GCC version 7.2.0 using the options: 
     -cpp -iprefix C:/Program Files/mingw-w64/x86_64-7.2.0-posix-seh-rt_v5-rev1/
     mingw64/bin/../lib/gcc/x86_64-w64-mingw32/7.2.0/ -D_MT -D_REENTRANT
     -U_REENTRANT -D IEEE -D DBLEPRECISION -m64 -mtune=core2 -march=nocona -mthreads
     -O2 -fimplicit-none -fbounds-check -funroll-loops -ftree-vectorize
     -ffpe-summary=invalid,zero,overflow,underflow -fno-unsafe-math-optimizations
     -frounding-math -fsignaling-nans -fopenmp.

   This problem will use 7 of 8 possible threads.


  INPUT --- proc title ;

   CPU Time for the last procedure was 0.01 seconds.     


  INPUT --- proc chmatrix occasions= 3 groups= 1 etype= Occupancy 
  INPUT --- Nodes= 101 icovar = 5 ICMeans  NoHist hist= 138 ;

  INPUT ---    time interval 1 1 1 ;

  INPUT ---     icovariates lwd1 lwd2 lwd3 pctex21 Sinuosity ;

  INPUT ---    glabel(1)=freq1;

      Number of unique encounter histories read was 138.

      Number of individual covariates read was 5.
      Time interval lengths are all equal to 1.

      Data type number is 27
      Data type is Occupancy Estimation with Detection < 1                                                             

   CPU Time for the last procedure was 0.01 seconds.     

  Program  MARK  - Survival Rate Estimation with Capture-Recapture Data
   gfortran(dble) Vers. 9.0 Mar 2018     3-Dec-2019 11:03:30    Page  002
 - - - - - - - - - - - - - - - - - - - - - - - - - - - - - - - - - - - - - -
 


  INPUT --- proc estimate link=Logit NOLOOP varest=2ndPart    ;


  INPUT --- model={ p(~lwd)Psi(~pctex21 + Sinuosity) };

  INPUT ---    group=1 p    rows=1 cols=3 Square ;
  INPUT ---        1 2 3 ;

  INPUT ---    group=1 Psi    rows=1 cols=1 Square ;
  INPUT ---        4 ;

  INPUT ---    design matrix constraints=4 covariates=5;
  INPUT ---        1 lwd1 0 0 0;
  INPUT ---        1 lwd2 0 0 0;
  INPUT ---        1 lwd3 0 0 0;
  INPUT ---        0 0 1 pctex21 Sinuosity;
  INPUT ---       blabel(1)=p:(Intercept);
  INPUT ---       blabel(2)=p:lwd;
  INPUT ---       blabel(3)=Psi:(Intercept);
  INPUT ---       blabel(4)=Psi:pctex21;
  INPUT ---       blabel(5)=Psi:Sinuosity;
  INPUT ---       rlabel(1)=p g1 a0 t1;
  INPUT ---       rlabel(2)=p g1 a1 t2;
  INPUT ---       rlabel(3)=p g1 a2 t3;
  INPUT ---       rlabel(4)=Psi g1 a0 t1;

 Link Function Used is LOGIT        

 Variance Estimation Procedure Used is 2ndPart 
 -2logL(saturated) = 0.0000000     
 Effective Sample Size = 138

 Number of function evaluations was 24 for 5 parameters.
 Time for numerical optimization was 0.11 seconds.     
 -2logL { p(~lwd)Psi(~pctex21 + Sinuosity) } = 152.90783     
 Penalty { p(~lwd)Psi(~pctex21 + Sinuosity) } = 0.0000000     
 Gradient { p(~lwd)Psi(~pctex21 + Sinuosity) }:
  0.1062122E-05   0.000000      0.1617405E-05  0.9439888E-07   0.000000    
 Maximum ABS(G) { p(~lwd)Psi(~pctex21 + Sinuosity) } = 0.1617405E-05 
 S Vector { p(~lwd)Psi(~pctex21 + Sinuosity) }:
   18.31352      9.703726     0.1857934     0.5403239E-01 0.2044531E-01
 Time to compute number of parameters was 0.01 seconds.     
 Ratio Threshold = 50.000000       Max Gap (2/3) = 52.228577       Next Max Gap (3/4) = 3.4385561     
 Gap Method for Num. of Estimated Parameters { p(~lwd)Psi(~pctex21 + Sinuosity) } = 2          
 Threshold { p(~lwd)Psi(~pctex21 + Sinuosity) } = 0.3234809E-05                 
 Numerical Threshold Method for Num. of Estimated Parameters { p(~lwd)Psi(~pctex21 + Sinuosity) } = 5          
 Number of Estimated Parameters { p(~lwd)Psi(~pctex21 + Sinuosity) } = 5          

   * *  WARNING  * *   Number of parameters estimated from gap method (=2) and threshold method (=5) differ.  Inspect full output.                                                                                                                                                                                                                                                                                                                                                                                                                      

  Program  MARK  - Survival Rate Estimation with Capture-Recapture Data
   gfortran(dble) Vers. 9.0 Mar 2018     3-Dec-2019 11:03:31    Page  003
 - - - - - - - - - - - - - - - - - - - - - - - - - - - - - - - - - - - - - -
 
 Ratios of S Vector { p(~lwd)Psi(~pctex21 + Sinuosity) }:
   1/2    1.887267       2/3    52.22858       3/4    3.438556       4/5    2.642777    
 DEVIANCE { p(~lwd)Psi(~pctex21 + Sinuosity) } = 152.90783                     
 DEVIANCE Degrees of Freedom { p(~lwd)Psi(~pctex21 + Sinuosity) } = 133            
 c-hat { p(~lwd)Psi(~pctex21 + Sinuosity) } = 1.1496829                     
 AIC { p(~lwd)Psi(~pctex21 + Sinuosity) } = 162.90783                  
 AICc { p(~lwd)Psi(~pctex21 + Sinuosity) } = 163.36237                    
 BIC { p(~lwd)Psi(~pctex21 + Sinuosity) } = 177.54410                    
 Pearson Chisquare { p(~lwd)Psi(~pctex21 + Sinuosity) } = 975.90788                  


             LOGIT Link Function Parameters of { p(~lwd)Psi(~pctex21 + Sinuosity) }
                                                              95% Confidence Interval
 Parameter                    Beta         Standard Error      Lower           Upper
 -------------------------  --------------  --------------  --------------  --------------
    1:p:(Intercept)          0.7957903       0.3861846       0.0388686       1.5527121    
    2:p:lwd                  0.8796044       1.3199588      -1.7075150       3.4667238    
    3:Psi:(Intercept)       -1.3585298       2.0950946      -5.4649153       2.7478557    
    4:Psi:pctex21           -0.6201535       0.2257901      -1.0627021      -0.1776050    
    5:Psi:Sinuosity          0.4439573       1.6874510      -2.8634467       3.7513613    


             Real Function Parameters of { p(~lwd)Psi(~pctex21 + Sinuosity) }

      Following estimates based on unstandardized individual covariate values:
          Variable   Value         
          ---------  ------------- 
          LWD1        0.2346014    
          LWD2        0.2355072    
          LWD3        0.2114389    
          PCTEX21     4.8306834    
          SINUOSITY   1.2535645    
                                                               95% Confidence Interval
  Parameter                  Estimate       Standard Error      Lower           Upper
 --------------------------  --------------  --------------  --------------  --------------
     1:p g1 a0 t1             0.7314805       0.0658565       0.5853996       0.8401459                          
     2:p g1 a1 t2             0.7316369       0.0658995       0.5854300       0.8403430                          
     3:p g1 a2 t3             0.7274599       0.0650081       0.5839742       0.8354061                          
     4:Psi g1 a0 t1           0.0219291       0.0210859       0.0032539       0.1334403                          


                      Estimates of Derived Parameters
       Occupancy Estimates of { p(~lwd)Psi(~pctex21 + Sinuosity) }
                                            95% Confidence Interval
 Group   Psi-hat         Standard Error      Lower           Upper
 -----   --------------  --------------  --------------  --------------
   1      0.0219291       0.0210859       0.0032539       0.1334403    

 Attempted ordering of parameters by estimatibility:
  3 1 2 5 4
 Beta number 4 is a singular value.

   CPU Time for the last procedure was 0.11 seconds.     

  Program  MARK  - Survival Rate Estimation with Capture-Recapture Data
   gfortran(dble) Vers. 9.0 Mar 2018     3-Dec-2019 11:03:31    Page  004
 - - - - - - - - - - - - - - - - - - - - - - - - - - - - - - - - - - - - - -
 


  INPUT --- proc stop;

     CPU Time in minutes for this job was 0.00

     Time Start = 11:03:30.778   Time End = 11:03:31.762

     Wall Clock Time in minutes for this job was 0.02


          E X E C U T I O N   S U C C E S S F U L 
