
   Program  MARK  - Survival Rate Estimation with Capture-Recapture Data
   gfortran(dble) Vers. 9.0 Mar 2018     3-Dec-2019 11:10:00    Page  001
 - - - - - - - - - - - - - - - - - - - - - - - - - - - - - - - - - - - - - -
 
   This version was compiled by GCC version 7.2.0 using the options: 
     -cpp -iprefix C:/Program Files/mingw-w64/x86_64-7.2.0-posix-seh-rt_v5-rev1/
     mingw64/bin/../lib/gcc/x86_64-w64-mingw32/7.2.0/ -D_MT -D_REENTRANT
     -U_REENTRANT -D IEEE -D DBLEPRECISION -m64 -mtune=core2 -march=nocona -mthreads
     -O2 -fimplicit-none -fbounds-check -funroll-loops -ftree-vectorize
     -ffpe-summary=invalid,zero,overflow,underflow -fno-unsafe-math-optimizations
     -frounding-math -fsignaling-nans -fopenmp.

   This problem will use 7 of 8 possible threads.


  INPUT --- proc title ;

   CPU Time for the last procedure was 0.01 seconds.     


  INPUT --- proc chmatrix occasions= 3 groups= 1 etype= Occupancy 
  INPUT --- Nodes= 101 icovar = 4 ICMeans  NoHist hist= 138 ;

  INPUT ---    time interval 1 1 1 ;

  INPUT ---     icovariates mxflow1 mxflow2 mxflow3 under ;

  INPUT ---    glabel(1)=freq1;

      Number of unique encounter histories read was 138.

      Number of individual covariates read was 4.
      Time interval lengths are all equal to 1.

      Data type number is 27
      Data type is Occupancy Estimation with Detection < 1                                                             

   CPU Time for the last procedure was 0.02 seconds.     

  Program  MARK  - Survival Rate Estimation with Capture-Recapture Data
   gfortran(dble) Vers. 9.0 Mar 2018     3-Dec-2019 11:10:00    Page  002
 - - - - - - - - - - - - - - - - - - - - - - - - - - - - - - - - - - - - - -
 


  INPUT --- proc estimate link=Logit NOLOOP varest=2ndPart    ;


  INPUT --- model={ p(~mxflow)Psi(~under) };

  INPUT ---    group=1 p    rows=1 cols=3 Square ;
  INPUT ---        1 2 3 ;

  INPUT ---    group=1 Psi    rows=1 cols=1 Square ;
  INPUT ---        4 ;

  INPUT ---    design matrix constraints=4 covariates=4;
  INPUT ---        1 mxflow1 0 0;
  INPUT ---        1 mxflow2 0 0;
  INPUT ---        1 mxflow3 0 0;
  INPUT ---        0 0 1 under;
  INPUT ---       blabel(1)=p:(Intercept);
  INPUT ---       blabel(2)=p:mxflow;
  INPUT ---       blabel(3)=Psi:(Intercept);
  INPUT ---       blabel(4)=Psi:under;
  INPUT ---       rlabel(1)=p g1 a0 t1;
  INPUT ---       rlabel(2)=p g1 a1 t2;
  INPUT ---       rlabel(3)=p g1 a2 t3;
  INPUT ---       rlabel(4)=Psi g1 a0 t1;

 Link Function Used is LOGIT        

 Variance Estimation Procedure Used is 2ndPart 
 -2logL(saturated) = 0.0000000     
 Effective Sample Size = 138

 Number of function evaluations was 24 for 4 parameters.
 Time for numerical optimization was 0.01 seconds.     
 -2logL { p(~mxflow)Psi(~under) } = 172.61260     
 Penalty { p(~mxflow)Psi(~under) } = 0.0000000     
 Gradient { p(~mxflow)Psi(~under) }:
  0.1890789E-05  0.2065598E-06  0.5876802E-06 -0.7067711E-06
 Maximum ABS(G) { p(~mxflow)Psi(~under) } = 0.1890789E-05 
 S Vector { p(~mxflow)Psi(~under) }:
   17.38374      9.612160     0.9779874     0.2155813E-03
 Time to compute number of parameters was 0.08 seconds.     
 Ratio Threshold = 50.000000       Max Gap (3/4) = 4536.5139       Next Max Gap (2/3) = 9.8285118     
 Gap Method for Num. of Estimated Parameters { p(~mxflow)Psi(~under) } = 3          
 Threshold { p(~mxflow)Psi(~under) } = 0.3781578E-05                 
 Numerical Threshold Method for Num. of Estimated Parameters { p(~mxflow)Psi(~under) } = 4          
 Number of Estimated Parameters { p(~mxflow)Psi(~under) } = 4          

   * *  WARNING  * *   Number of parameters estimated from gap method (=3) and threshold method (=4) differ.  Inspect full output.                                                                                                                                                                                                                                                                                                                                                                                                                      
 Ratios of S Vector { p(~mxflow)Psi(~under) }:
   1/2    1.808515       2/3    9.828512       3/4    4536.514    
 DEVIANCE { p(~mxflow)Psi(~under) } = 172.61260                     
 DEVIANCE Degrees of Freedom { p(~mxflow)Psi(~under) } = 134            
 c-hat { p(~mxflow)Psi(~under) } = 1.2881537                     
 AIC { p(~mxflow)Psi(~under) } = 180.61260                  
 AICc { p(~mxflow)Psi(~under) } = 180.91335                    
 BIC { p(~mxflow)Psi(~under) } = 192.32162                    
 Pearson Chisquare { p(~mxflow)Psi(~under) } = 1120.0806                  

  Program  MARK  - Survival Rate Estimation with Capture-Recapture Data
   gfortran(dble) Vers. 9.0 Mar 2018     3-Dec-2019 11:10:01    Page  003
 - - - - - - - - - - - - - - - - - - - - - - - - - - - - - - - - - - - - - -
 


                  LOGIT Link Function Parameters of { p(~mxflow)Psi(~under) }
                                                              95% Confidence Interval
 Parameter                    Beta         Standard Error      Lower           Upper
 -------------------------  --------------  --------------  --------------  --------------
    1:p:(Intercept)          1.0175163       0.6701869      -0.2960501       2.3310827    
    2:p:mxflow              -0.1247557       1.0318923      -2.1472647       1.8977532    
    3:Psi:(Intercept)       -2.2455554       0.3764882      -2.9834722      -1.5076386    
    4:Psi:under              0.7029019       0.4009978      -0.0830538       1.4888576    


                  Real Function Parameters of { p(~mxflow)Psi(~under) }

      Following estimates based on unstandardized individual covariate values:
          Variable   Value         
          ---------  ------------- 
          MXFLOW1     0.8952899    
          MXFLOW2     1.0911594    
          MXFLOW3     0.5689855    
          UNDER       0.5466074    
                                                               95% Confidence Interval
  Parameter                  Estimate       Standard Error      Lower           Upper
 --------------------------  --------------  --------------  --------------  --------------
     1:p g1 a0 t1             0.7121448       0.0952728       0.4987246       0.8601756                          
     2:p g1 a1 t2             0.7071098       0.1297622       0.4141944       0.8918162                          
     3:p g1 a2 t3             0.7204172       0.0647302       0.5785043       0.8286980                          
     4:Psi g1 a0 t1           0.1345465       0.0301740       0.0855487       0.2053070                          


                      Estimates of Derived Parameters
             Occupancy Estimates of { p(~mxflow)Psi(~under) }
                                            95% Confidence Interval
 Group   Psi-hat         Standard Error      Lower           Upper
 -----   --------------  --------------  --------------  --------------
   1      0.1345465       0.0301740       0.0855487       0.2053070    

 Attempted ordering of parameters by estimatibility:
  3 1 4 2
 Beta number 2 is a singular value.

   CPU Time for the last procedure was 0.08 seconds.     

  Program  MARK  - Survival Rate Estimation with Capture-Recapture Data
   gfortran(dble) Vers. 9.0 Mar 2018     3-Dec-2019 11:10:01    Page  004
 - - - - - - - - - - - - - - - - - - - - - - - - - - - - - - - - - - - - - -
 


  INPUT --- proc stop;

     CPU Time in minutes for this job was 0.00

     Time Start = 11:10:00.382   Time End = 11:10:01.688

     Wall Clock Time in minutes for this job was 0.02


          E X E C U T I O N   S U C C E S S F U L 
