
   Program  MARK  - Survival Rate Estimation with Capture-Recapture Data
   gfortran(dble) Vers. 9.0 Mar 2018     3-Dec-2019 11:03:24    Page  001
 - - - - - - - - - - - - - - - - - - - - - - - - - - - - - - - - - - - - - -
 
   This version was compiled by GCC version 7.2.0 using the options: 
     -cpp -iprefix C:/Program Files/mingw-w64/x86_64-7.2.0-posix-seh-rt_v5-rev1/
     mingw64/bin/../lib/gcc/x86_64-w64-mingw32/7.2.0/ -D_MT -D_REENTRANT
     -U_REENTRANT -D IEEE -D DBLEPRECISION -m64 -mtune=core2 -march=nocona -mthreads
     -O2 -fimplicit-none -fbounds-check -funroll-loops -ftree-vectorize
     -ffpe-summary=invalid,zero,overflow,underflow -fno-unsafe-math-optimizations
     -frounding-math -fsignaling-nans -fopenmp.

   This problem will use 7 of 8 possible threads.


  INPUT --- proc title ;

   CPU Time for the last procedure was 0.01 seconds.     


  INPUT --- proc chmatrix occasions= 3 groups= 1 etype= Occupancy 
  INPUT --- Nodes= 101 icovar = 8 ICMeans  NoHist hist= 138 ;

  INPUT ---    time interval 1 1 1 ;

  INPUT ---     icovariates effort1 effort2 effort3 undr1 undr2 undr3  
  INPUT ---    pctex21 Sinuosity ;

  INPUT ---    glabel(1)=freq1;

      Number of unique encounter histories read was 138.

      Number of individual covariates read was 8.
      Time interval lengths are all equal to 1.

      Data type number is 27
      Data type is Occupancy Estimation with Detection < 1                                                             

   CPU Time for the last procedure was 0.01 seconds.     

  Program  MARK  - Survival Rate Estimation with Capture-Recapture Data
   gfortran(dble) Vers. 9.0 Mar 2018     3-Dec-2019 11:03:24    Page  002
 - - - - - - - - - - - - - - - - - - - - - - - - - - - - - - - - - - - - - -
 


  INPUT --- proc estimate link=Logit NOLOOP varest=2ndPart    ;


  INPUT --- model={ p(~effort + undr)Psi(~pctex21 + Sinuosity) };

  INPUT ---    group=1 p    rows=1 cols=3 Square ;
  INPUT ---        1 2 3 ;

  INPUT ---    group=1 Psi    rows=1 cols=1 Square ;
  INPUT ---        4 ;

  INPUT ---    design matrix constraints=4 covariates=6;
  INPUT ---        1 effort1 undr1 0 0 0;
  INPUT ---        1 effort2 undr2 0 0 0;
  INPUT ---        1 effort3 undr3 0 0 0;
  INPUT ---        0 0 0 1 pctex21 Sinuosity;
  INPUT ---       blabel(1)=p:(Intercept);
  INPUT ---       blabel(2)=p:effort;
  INPUT ---       blabel(3)=p:undr;
  INPUT ---       blabel(4)=Psi:(Intercept);
  INPUT ---       blabel(5)=Psi:pctex21;
  INPUT ---       blabel(6)=Psi:Sinuosity;
  INPUT ---       rlabel(1)=p g1 a0 t1;
  INPUT ---       rlabel(2)=p g1 a1 t2;
  INPUT ---       rlabel(3)=p g1 a2 t3;
  INPUT ---       rlabel(4)=Psi g1 a0 t1;

 Link Function Used is LOGIT        

 Variance Estimation Procedure Used is 2ndPart 
 -2logL(saturated) = 0.0000000     
 Effective Sample Size = 138

 Number of function evaluations was 25 for 6 parameters.
 Time for numerical optimization was 0.02 seconds.     
 -2logL { p(~effort + undr)Psi(~pctex21 + Sinuosity) } = 145.88784     
 Penalty { p(~effort + undr)Psi(~pctex21 + Sinuosity) } = 0.0000000     
 Gradient { p(~effort + undr)Psi(~pctex21 + Sinuosity) }:
   0.000000       0.000000     -0.7645243E-06  0.8849369E-06 -0.9305023E-07
  0.1077160E-05
 Maximum ABS(G) { p(~effort + undr)Psi(~pctex21 + Sinuosity) } = 0.1077160E-05 
 S Vector { p(~effort + undr)Psi(~pctex21 + Sinuosity) }:
   18.20792      7.721989     0.3001172     0.9543065E-01 0.5280190E-01
  0.1992903E-01
 Time to compute number of parameters was 0.01 seconds.     
 Ratio Threshold = 50.000000       Max Gap (2/3) = 25.729911       Next Max Gap (3/4) = 3.1448723     
 Gap Method for Num. of Estimated Parameters { p(~effort + undr)Psi(~pctex21 + Sinuosity) } = 6          
 Threshold { p(~effort + undr)Psi(~pctex21 + Sinuosity) } = 0.2154320E-05                 
 Numerical Threshold Method for Num. of Estimated Parameters { p(~effort + undr)Psi(~pctex21 + Sinuosity) } = 6          
 Number of Estimated Parameters { p(~effort + undr)Psi(~pctex21 + Sinuosity) } = 6          
 DEVIANCE { p(~effort + undr)Psi(~pctex21 + Sinuosity) } = 145.88784                     
 DEVIANCE Degrees of Freedom { p(~effort + undr)Psi(~pctex21 + Sinuosity) } = 132            
 c-hat { p(~effort + undr)Psi(~pctex21 + Sinuosity) } = 1.1052109                     
 AIC { p(~effort + undr)Psi(~pctex21 + Sinuosity) } = 157.88784                  
 AICc { p(~effort + undr)Psi(~pctex21 + Sinuosity) } = 158.52906                    
 BIC { p(~effort + undr)Psi(~pctex21 + Sinuosity) } = 175.45136                    
 Pearson Chisquare { p(~effort + undr)Psi(~pctex21 + Sinuosity) } = 599.97850                  

  Program  MARK  - Survival Rate Estimation with Capture-Recapture Data
   gfortran(dble) Vers. 9.0 Mar 2018     3-Dec-2019 11:03:24    Page  003
 - - - - - - - - - - - - - - - - - - - - - - - - - - - - - - - - - - - - - -
 


        LOGIT Link Function Parameters of { p(~effort + undr)Psi(~pctex21 + Sinuosity) }
                                                              95% Confidence Interval
 Parameter                    Beta         Standard Error      Lower           Upper
 -------------------------  --------------  --------------  --------------  --------------
    1:p:(Intercept)         -0.7529786       0.7625635      -2.2476030       0.7416459    
    2:p:effort               0.0016405       0.8006138E-03   0.7132267E-04   0.0032097    
    3:p:undr                 0.4270907       0.5130862      -0.5785582       1.4327396    
    4:Psi:(Intercept)       -1.1553498       2.1238209      -5.3180388       3.0073392    
    5:Psi:pctex21           -0.6296099       0.2286419      -1.0777480      -0.1814717    
    6:Psi:Sinuosity          0.3452429       1.7036519      -2.9939150       3.6844007    


        Real Function Parameters of { p(~effort + undr)Psi(~pctex21 + Sinuosity) }

      Following estimates based on unstandardized individual covariate values:
          Variable   Value         
          ---------  ------------- 
          EFFORT1     906.23188    
          EFFORT2     834.18841    
          EFFORT3     818.18116    
          UNDR1       0.5869565    
          UNDR2       0.5483092    
          UNDR3       0.5042271    
          PCTEX21     4.8306834    
          SINUOSITY   1.2535645    
                                                               95% Confidence Interval
  Parameter                  Estimate       Standard Error      Lower           Upper
 --------------------------  --------------  --------------  --------------  --------------
     1:p g1 a0 t1             0.7279808       0.0771377       0.5550046       0.8516867                          
     2:p g1 a1 t2             0.7005056       0.0790440       0.5277841       0.8303574                          
     3:p g1 a2 t3             0.6909617       0.0808316       0.5156639       0.8244167                          
     4:Psi g1 a0 t1           0.0226649       0.0219828       0.0033047       0.1395638                          


                      Estimates of Derived Parameters
  Occupancy Estimates of { p(~effort + undr)Psi(~pctex21 + Sinuosity) }
                                            95% Confidence Interval
 Group   Psi-hat         Standard Error      Lower           Upper
 -----   --------------  --------------  --------------  --------------
   1      0.0226649       0.0219828       0.0033047       0.1395638    

   CPU Time for the last procedure was 0.02 seconds.     

  Program  MARK  - Survival Rate Estimation with Capture-Recapture Data
   gfortran(dble) Vers. 9.0 Mar 2018     3-Dec-2019 11:03:24    Page  004
 - - - - - - - - - - - - - - - - - - - - - - - - - - - - - - - - - - - - - -
 


  INPUT --- proc stop;

     CPU Time in minutes for this job was 0.00

     Time Start = 11:03:24.797   Time End = 11:03:24.930

     Wall Clock Time in minutes for this job was 0.00


          E X E C U T I O N   S U C C E S S F U L 
