
   Program  MARK  - Survival Rate Estimation with Capture-Recapture Data
   gfortran(dble) Vers. 9.0 Mar 2018     3-Dec-2019 11:02:55    Page  001
 - - - - - - - - - - - - - - - - - - - - - - - - - - - - - - - - - - - - - -
 
   This version was compiled by GCC version 7.2.0 using the options: 
     -cpp -iprefix C:/Program Files/mingw-w64/x86_64-7.2.0-posix-seh-rt_v5-rev1/
     mingw64/bin/../lib/gcc/x86_64-w64-mingw32/7.2.0/ -D_MT -D_REENTRANT
     -U_REENTRANT -D IEEE -D DBLEPRECISION -m64 -mtune=core2 -march=nocona -mthreads
     -O2 -fimplicit-none -fbounds-check -funroll-loops -ftree-vectorize
     -ffpe-summary=invalid,zero,overflow,underflow -fno-unsafe-math-optimizations
     -frounding-math -fsignaling-nans -fopenmp.

   This problem will use 7 of 8 possible threads.


  INPUT --- proc title ;

   CPU Time for the last procedure was 0.01 seconds.     


  INPUT --- proc chmatrix occasions= 3 groups= 1 etype= Occupancy 
  INPUT --- Nodes= 101 icovar = 8 ICMeans  NoHist hist= 138 ;

  INPUT ---    time interval 1 1 1 ;

  INPUT ---     icovariates effort1 effort2 effort3 undr1 undr2 undr3  
  INPUT ---    pctex21 pctShade ;

  INPUT ---    glabel(1)=freq1;

      Number of unique encounter histories read was 138.

      Number of individual covariates read was 8.
      Time interval lengths are all equal to 1.

      Data type number is 27
      Data type is Occupancy Estimation with Detection < 1                                                             

   CPU Time for the last procedure was 0.02 seconds.     

  Program  MARK  - Survival Rate Estimation with Capture-Recapture Data
   gfortran(dble) Vers. 9.0 Mar 2018     3-Dec-2019 11:02:55    Page  002
 - - - - - - - - - - - - - - - - - - - - - - - - - - - - - - - - - - - - - -
 


  INPUT --- proc estimate link=Logit NOLOOP varest=2ndPart    ;


  INPUT --- model={ p(~effort + undr)Psi(~pctex21 + pctShade) };

  INPUT ---    group=1 p    rows=1 cols=3 Square ;
  INPUT ---        1 2 3 ;

  INPUT ---    group=1 Psi    rows=1 cols=1 Square ;
  INPUT ---        4 ;

  INPUT ---    design matrix constraints=4 covariates=6;
  INPUT ---        1 effort1 undr1 0 0 0;
  INPUT ---        1 effort2 undr2 0 0 0;
  INPUT ---        1 effort3 undr3 0 0 0;
  INPUT ---        0 0 0 1 pctex21 pctShade;
  INPUT ---       blabel(1)=p:(Intercept);
  INPUT ---       blabel(2)=p:effort;
  INPUT ---       blabel(3)=p:undr;
  INPUT ---       blabel(4)=Psi:(Intercept);
  INPUT ---       blabel(5)=Psi:pctex21;
  INPUT ---       blabel(6)=Psi:pctShade;
  INPUT ---       rlabel(1)=p g1 a0 t1;
  INPUT ---       rlabel(2)=p g1 a1 t2;
  INPUT ---       rlabel(3)=p g1 a2 t3;
  INPUT ---       rlabel(4)=Psi g1 a0 t1;

 Link Function Used is LOGIT        

 Variance Estimation Procedure Used is 2ndPart 
 -2logL(saturated) = 0.0000000     
 Effective Sample Size = 138

   * *  WARNING  * *   Error number 0 from VA09AD optimization routine. 

 Number of function evaluations was 26 for 6 parameters.
 Time for numerical optimization was 0.16 seconds.     
 -2logL { p(~effort + undr)Psi(~pctex21 + pctShade) } = 145.24502     
 Penalty { p(~effort + undr)Psi(~pctex21 + pctShade) } = 0.0000000     
 Gradient { p(~effort + undr)Psi(~pctex21 + pctShade) }:
   0.000000       0.000000       0.000000       0.000000       0.000000    
   0.000000    
 Maximum ABS(G) { p(~effort + undr)Psi(~pctex21 + pctShade) } = 0.0000000     

  Program  MARK  - Survival Rate Estimation with Capture-Recapture Data
   gfortran(dble) Vers. 9.0 Mar 2018     3-Dec-2019 11:02:55    Page  003
 - - - - - - - - - - - - - - - - - - - - - - - - - - - - - - - - - - - - - -
 
 S Vector { p(~effort + undr)Psi(~pctex21 + pctShade) }:
   17.66976      7.653864      1.030399     0.2935756     0.9546782E-01
  0.1818983E-01
 Time to compute number of parameters was 0.01 seconds.     
 Ratio Threshold = 50.000000       Max Gap (2/3) = 7.4280607       Next Max Gap (5/6) = 5.2484162     
 Gap Method for Num. of Estimated Parameters { p(~effort + undr)Psi(~pctex21 + pctShade) } = 6          
 Threshold { p(~effort + undr)Psi(~pctex21 + pctShade) } = 0.0000000                     
 Numerical Threshold Method for Num. of Estimated Parameters { p(~effort + undr)Psi(~pctex21 + pctShade) } = 6          
 Number of Estimated Parameters { p(~effort + undr)Psi(~pctex21 + pctShade) } = 6          
 DEVIANCE { p(~effort + undr)Psi(~pctex21 + pctShade) } = 145.24502                     
 DEVIANCE Degrees of Freedom { p(~effort + undr)Psi(~pctex21 + pctShade) } = 132            
 c-hat { p(~effort + undr)Psi(~pctex21 + pctShade) } = 1.1003411                     
 AIC { p(~effort + undr)Psi(~pctex21 + pctShade) } = 157.24502                  
 AICc { p(~effort + undr)Psi(~pctex21 + pctShade) } = 157.88624                    
 BIC { p(~effort + undr)Psi(~pctex21 + pctShade) } = 174.80854                    
 Pearson Chisquare { p(~effort + undr)Psi(~pctex21 + pctShade) } = 618.63692                  


        LOGIT Link Function Parameters of { p(~effort + undr)Psi(~pctex21 + pctShade) }
                                                              95% Confidence Interval
 Parameter                    Beta         Standard Error      Lower           Upper
 -------------------------  --------------  --------------  --------------  --------------
    1:p:(Intercept)         -0.7859879       0.7716222      -2.2983674       0.7263917    
    2:p:effort               0.0016468       0.7985379E-03   0.8164397E-04   0.0032119    
    3:p:undr                 0.4596167       0.5175122      -0.5547072       1.4739407    
    4:Psi:(Intercept)       -1.0626554       0.5264663      -2.0945295      -0.0307814    
    5:Psi:pctex21           -0.6676795       0.2392817      -1.1366716      -0.1986875    
    6:Psi:pctShade           0.0074059       0.0090478      -0.0103278       0.0251397    


        Real Function Parameters of { p(~effort + undr)Psi(~pctex21 + pctShade) }

      Following estimates based on unstandardized individual covariate values:
          Variable   Value         
          ---------  ------------- 
          EFFORT1     906.23188    
          EFFORT2     834.18841    
          EFFORT3     818.18116    
          UNDR1       0.5869565    
          UNDR2       0.5483092    
          UNDR3       0.5042271    
          PCTEX21     4.8306834    
          PCTSHADE    48.614931    
                                                               95% Confidence Interval
  Parameter                  Estimate       Standard Error      Lower           Upper
 --------------------------  --------------  --------------  --------------  --------------
     1:p g1 a0 t1             0.7263436       0.0777751       0.5521181       0.8510763                          
     2:p g1 a1 t2             0.6984120       0.0798186       0.5242338       0.8295560                          
     3:p g1 a2 t3             0.6885022       0.0817627       0.5114736       0.8235156                          
     4:Psi g1 a0 t1           0.0193037       0.0196004       0.0025803       0.1302593                          


                      Estimates of Derived Parameters
   Occupancy Estimates of { p(~effort + undr)Psi(~pctex21 + pctShade) }
                                            95% Confidence Interval
 Group   Psi-hat         Standard Error      Lower           Upper
 -----   --------------  --------------  --------------  --------------
   1      0.0193037       0.0196004       0.0025803       0.1302593    

  Program  MARK  - Survival Rate Estimation with Capture-Recapture Data
   gfortran(dble) Vers. 9.0 Mar 2018     3-Dec-2019 11:02:55    Page  004
 - - - - - - - - - - - - - - - - - - - - - - - - - - - - - - - - - - - - - -
 

   CPU Time for the last procedure was 0.16 seconds.     


  INPUT --- proc stop;

     CPU Time in minutes for this job was 0.00

     Time Start = 11:02:55.258   Time End = 11:02:55.985

     Wall Clock Time in minutes for this job was 0.01


          E X E C U T I O N   S U C C E S S F U L 
