
   Program  MARK  - Survival Rate Estimation with Capture-Recapture Data
   gfortran(dble) Vers. 9.0 Mar 2018     3-Dec-2019 10:55:11    Page  001
 - - - - - - - - - - - - - - - - - - - - - - - - - - - - - - - - - - - - - -
 
   This version was compiled by GCC version 7.2.0 using the options: 
     -cpp -iprefix C:/Program Files/mingw-w64/x86_64-7.2.0-posix-seh-rt_v5-rev1/
     mingw64/bin/../lib/gcc/x86_64-w64-mingw32/7.2.0/ -D_MT -D_REENTRANT
     -U_REENTRANT -D IEEE -D DBLEPRECISION -m64 -mtune=core2 -march=nocona -mthreads
     -O2 -fimplicit-none -fbounds-check -funroll-loops -ftree-vectorize
     -ffpe-summary=invalid,zero,overflow,underflow -fno-unsafe-math-optimizations
     -frounding-math -fsignaling-nans -fopenmp.

   This problem will use 7 of 8 possible threads.


  INPUT --- proc title ;

   CPU Time for the last procedure was 0.01 seconds.     


  INPUT --- proc chmatrix occasions= 3 groups= 1 etype= Occupancy 
  INPUT --- Nodes= 101 icovar = 7 ICMeans  NoHist hist= 138 ;

  INPUT ---    time interval 1 1 1 ;

  INPUT ---     icovariates effort1 effort2 effort3 undr1 undr2 undr3  
  INPUT ---    pctBrBnk ;

  INPUT ---    glabel(1)=freq1;

      Number of unique encounter histories read was 138.

      Number of individual covariates read was 7.
      Time interval lengths are all equal to 1.

      Data type number is 27
      Data type is Occupancy Estimation with Detection < 1                                                             

   CPU Time for the last procedure was 0.02 seconds.     

  Program  MARK  - Survival Rate Estimation with Capture-Recapture Data
   gfortran(dble) Vers. 9.0 Mar 2018     3-Dec-2019 10:55:11    Page  002
 - - - - - - - - - - - - - - - - - - - - - - - - - - - - - - - - - - - - - -
 


  INPUT --- proc estimate link=Logit NOLOOP varest=2ndPart    ;


  INPUT --- model={ p(~effort + undr)Psi(~pctBrBnk) };

  INPUT ---    group=1 p    rows=1 cols=3 Square ;
  INPUT ---        1 2 3 ;

  INPUT ---    group=1 Psi    rows=1 cols=1 Square ;
  INPUT ---        4 ;

  INPUT ---    design matrix constraints=4 covariates=5;
  INPUT ---        1 effort1 undr1 0 0;
  INPUT ---        1 effort2 undr2 0 0;
  INPUT ---        1 effort3 undr3 0 0;
  INPUT ---        0 0 0 1 pctBrBnk;
  INPUT ---       blabel(1)=p:(Intercept);
  INPUT ---       blabel(2)=p:effort;
  INPUT ---       blabel(3)=p:undr;
  INPUT ---       blabel(4)=Psi:(Intercept);
  INPUT ---       blabel(5)=Psi:pctBrBnk;
  INPUT ---       rlabel(1)=p g1 a0 t1;
  INPUT ---       rlabel(2)=p g1 a1 t2;
  INPUT ---       rlabel(3)=p g1 a2 t3;
  INPUT ---       rlabel(4)=Psi g1 a0 t1;

 Link Function Used is LOGIT        

 Variance Estimation Procedure Used is 2ndPart 
 -2logL(saturated) = 0.0000000     
 Effective Sample Size = 138

 Number of function evaluations was 19 for 5 parameters.
 Time for numerical optimization was 0.01 seconds.     
 -2logL { p(~effort + undr)Psi(~pctBrBnk) } = 161.56391     
 Penalty { p(~effort + undr)Psi(~pctBrBnk) } = 0.0000000     
 Gradient { p(~effort + undr)Psi(~pctBrBnk) }:
 -0.1143992E-05 -0.2606367E-06 -0.7950295E-06 -0.1089436E-05 -0.3544020E-06
 Maximum ABS(G) { p(~effort + undr)Psi(~pctBrBnk) } = 0.1143992E-05 
 S Vector { p(~effort + undr)Psi(~pctBrBnk) }:
   16.30634      7.987470     0.3156182     0.2710497     0.9771647E-01
 Time to compute number of parameters was 0.06 seconds.     
 Ratio Threshold = 50.000000       Max Gap (2/3) = 25.307382       Next Max Gap (4/5) = 2.7738382     
 Gap Method for Num. of Estimated Parameters { p(~effort + undr)Psi(~pctBrBnk) } = 5          
 Threshold { p(~effort + undr)Psi(~pctBrBnk) } = 0.2287984E-05                 
 Numerical Threshold Method for Num. of Estimated Parameters { p(~effort + undr)Psi(~pctBrBnk) } = 5          
 Number of Estimated Parameters { p(~effort + undr)Psi(~pctBrBnk) } = 5          
 DEVIANCE { p(~effort + undr)Psi(~pctBrBnk) } = 161.56391                     
 DEVIANCE Degrees of Freedom { p(~effort + undr)Psi(~pctBrBnk) } = 133            
 c-hat { p(~effort + undr)Psi(~pctBrBnk) } = 1.2147663                     
 AIC { p(~effort + undr)Psi(~pctBrBnk) } = 171.56391                  
 AICc { p(~effort + undr)Psi(~pctBrBnk) } = 172.01846                    
 BIC { p(~effort + undr)Psi(~pctBrBnk) } = 186.20018                    
 Pearson Chisquare { p(~effort + undr)Psi(~pctBrBnk) } = 865.75977                  

  Program  MARK  - Survival Rate Estimation with Capture-Recapture Data
   gfortran(dble) Vers. 9.0 Mar 2018     3-Dec-2019 10:55:12    Page  003
 - - - - - - - - - - - - - - - - - - - - - - - - - - - - - - - - - - - - - -
 


             LOGIT Link Function Parameters of { p(~effort + undr)Psi(~pctBrBnk) }
                                                              95% Confidence Interval
 Parameter                    Beta         Standard Error      Lower           Upper
 -------------------------  --------------  --------------  --------------  --------------
    1:p:(Intercept)         -0.6672744       0.7358412      -2.1095233       0.7749744    
    2:p:effort               0.0015843       0.7887384E-03   0.3833425E-04   0.0031302    
    3:p:undr                 0.3997405       0.5021060      -0.5843873       1.3838682    
    4:Psi:(Intercept)       -0.7507668       0.4542421      -1.6410814       0.1395477    
    5:Psi:pctBrBnk          -1.3837512       0.5948008      -2.5495609      -0.2179416    


             Real Function Parameters of { p(~effort + undr)Psi(~pctBrBnk) }

      Following estimates based on unstandardized individual covariate values:
          Variable   Value         
          ---------  ------------- 
          EFFORT1     906.23188    
          EFFORT2     834.18841    
          EFFORT3     818.18116    
          UNDR1       0.5869565    
          UNDR2       0.5483092    
          UNDR3       0.5042271    
          PCTBRBNK    0.8740586    
                                                               95% Confidence Interval
  Parameter                  Estimate       Standard Error      Lower           Upper
 --------------------------  --------------  --------------  --------------  --------------
     1:p g1 a0 t1             0.7316606       0.0758679       0.5611112       0.8532666                          
     2:p g1 a1 t2             0.7054692       0.0773517       0.5358945       0.8324559                          
     3:p g1 a2 t3             0.6964603       0.0789421       0.5246291       0.8266976                          
     4:Psi g1 a0 t1           0.1234404       0.0327115       0.0722395       0.2029908                          


                      Estimates of Derived Parameters
        Occupancy Estimates of { p(~effort + undr)Psi(~pctBrBnk) }
                                            95% Confidence Interval
 Group   Psi-hat         Standard Error      Lower           Upper
 -----   --------------  --------------  --------------  --------------
   1      0.1234404       0.0327115       0.0722395       0.2029908    

   CPU Time for the last procedure was 0.06 seconds.     

  Program  MARK  - Survival Rate Estimation with Capture-Recapture Data
   gfortran(dble) Vers. 9.0 Mar 2018     3-Dec-2019 10:55:12    Page  004
 - - - - - - - - - - - - - - - - - - - - - - - - - - - - - - - - - - - - - -
 


  INPUT --- proc stop;

     CPU Time in minutes for this job was 0.00

     Time Start = 10:55:11.718   Time End = 10:55:12.715

     Wall Clock Time in minutes for this job was 0.02


          E X E C U T I O N   S U C C E S S F U L 
