
   Program  MARK  - Survival Rate Estimation with Capture-Recapture Data
   gfortran(dble) Vers. 9.0 Mar 2018     3-Dec-2019 11:04:47    Page  001
 - - - - - - - - - - - - - - - - - - - - - - - - - - - - - - - - - - - - - -
 
   This version was compiled by GCC version 7.2.0 using the options: 
     -cpp -iprefix C:/Program Files/mingw-w64/x86_64-7.2.0-posix-seh-rt_v5-rev1/
     mingw64/bin/../lib/gcc/x86_64-w64-mingw32/7.2.0/ -D_MT -D_REENTRANT
     -U_REENTRANT -D IEEE -D DBLEPRECISION -m64 -mtune=core2 -march=nocona -mthreads
     -O2 -fimplicit-none -fbounds-check -funroll-loops -ftree-vectorize
     -ffpe-summary=invalid,zero,overflow,underflow -fno-unsafe-math-optimizations
     -frounding-math -fsignaling-nans -fopenmp.

   This problem will use 7 of 8 possible threads.


  INPUT --- proc title ;

   CPU Time for the last procedure was 0.02 seconds.     


  INPUT --- proc chmatrix occasions= 3 groups= 1 etype= Occupancy 
  INPUT --- Nodes= 101 icovar = 6 ICMeans  NoHist hist= 138 ;

  INPUT ---    time interval 1 1 1 ;

  INPUT ---     icovariates effort1 effort2 effort3 LWD pctex21 under ;

  INPUT ---    glabel(1)=freq1;

      Number of unique encounter histories read was 138.

      Number of individual covariates read was 6.
      Time interval lengths are all equal to 1.

      Data type number is 27
      Data type is Occupancy Estimation with Detection < 1                                                             

   CPU Time for the last procedure was 0.01 seconds.     

  Program  MARK  - Survival Rate Estimation with Capture-Recapture Data
   gfortran(dble) Vers. 9.0 Mar 2018     3-Dec-2019 11:04:47    Page  002
 - - - - - - - - - - - - - - - - - - - - - - - - - - - - - - - - - - - - - -
 


  INPUT --- proc estimate link=Logit NOLOOP varest=2ndPart    ;


  INPUT --- model={ p(~effort + LWD)Psi(~pctex21 + under) };

  INPUT ---    group=1 p    rows=1 cols=3 Square ;
  INPUT ---        1 2 3 ;

  INPUT ---    group=1 Psi    rows=1 cols=1 Square ;
  INPUT ---        4 ;

  INPUT ---    design matrix constraints=4 covariates=6;
  INPUT ---        1 effort1 LWD 0 0 0;
  INPUT ---        1 effort2 LWD 0 0 0;
  INPUT ---        1 effort3 LWD 0 0 0;
  INPUT ---        0 0 0 1 pctex21 under;
  INPUT ---       blabel(1)=p:(Intercept);
  INPUT ---       blabel(2)=p:effort;
  INPUT ---       blabel(3)=p:LWD;
  INPUT ---       blabel(4)=Psi:(Intercept);
  INPUT ---       blabel(5)=Psi:pctex21;
  INPUT ---       blabel(6)=Psi:under;
  INPUT ---       rlabel(1)=p g1 a0 t1;
  INPUT ---       rlabel(2)=p g1 a1 t2;
  INPUT ---       rlabel(3)=p g1 a2 t3;
  INPUT ---       rlabel(4)=Psi g1 a0 t1;

 Link Function Used is LOGIT        

 Variance Estimation Procedure Used is 2ndPart 
 -2logL(saturated) = 0.0000000     
 Effective Sample Size = 138

 Number of function evaluations was 27 for 6 parameters.
 Time for numerical optimization was 0.08 seconds.     
 -2logL { p(~effort + LWD)Psi(~pctex21 + under) } = 144.65585     
 Penalty { p(~effort + LWD)Psi(~pctex21 + under) } = 0.0000000     
 Gradient { p(~effort + LWD)Psi(~pctex21 + under) }:
  0.1727678E-05  0.2158141E-06  0.5733735E-06  0.2992797E-05  0.9452557E-07
  0.1085143E-05
 Maximum ABS(G) { p(~effort + LWD)Psi(~pctex21 + under) } = 0.2992797E-05 
 S Vector { p(~effort + LWD)Psi(~pctex21 + under) }:
   15.33146      7.361366     0.8456643     0.2878218     0.8226681E-01
  0.1953971E-01
 Time to compute number of parameters was 0.02 seconds.     
 Ratio Threshold = 50.000000       Max Gap (2/3) = 8.7048321       Next Max Gap (5/6) = 4.2102366     
 Gap Method for Num. of Estimated Parameters { p(~effort + LWD)Psi(~pctex21 + under) } = 6          
 Threshold { p(~effort + LWD)Psi(~pctex21 + under) } = 0.5985594E-05                 
 Numerical Threshold Method for Num. of Estimated Parameters { p(~effort + LWD)Psi(~pctex21 + under) } = 6          
 Number of Estimated Parameters { p(~effort + LWD)Psi(~pctex21 + under) } = 6          
 DEVIANCE { p(~effort + LWD)Psi(~pctex21 + under) } = 144.65585                     
 DEVIANCE Degrees of Freedom { p(~effort + LWD)Psi(~pctex21 + under) } = 132            
 c-hat { p(~effort + LWD)Psi(~pctex21 + under) } = 1.0958776                     
 AIC { p(~effort + LWD)Psi(~pctex21 + under) } = 156.65585                  
 AICc { p(~effort + LWD)Psi(~pctex21 + under) } = 157.29707                    
 BIC { p(~effort + LWD)Psi(~pctex21 + under) } = 174.21937                    
 Pearson Chisquare { p(~effort + LWD)Psi(~pctex21 + under) } = 663.79728                  

  Program  MARK  - Survival Rate Estimation with Capture-Recapture Data
   gfortran(dble) Vers. 9.0 Mar 2018     3-Dec-2019 11:04:48    Page  003
 - - - - - - - - - - - - - - - - - - - - - - - - - - - - - - - - - - - - - -
 


          LOGIT Link Function Parameters of { p(~effort + LWD)Psi(~pctex21 + under) }
                                                              95% Confidence Interval
 Parameter                    Beta         Standard Error      Lower           Upper
 -------------------------  --------------  --------------  --------------  --------------
    1:p:(Intercept)         -1.2079903       0.9092023      -2.9900269       0.5740464    
    2:p:effort               0.0019654       0.8419842E-03   0.3150883E-03   0.0036157    
    3:p:LWD                  2.3265377       1.9246705      -1.4458166       6.0988919    
    4:Psi:(Intercept)       -0.9119392       0.4653829      -1.8240897       0.2111593E-03
    5:Psi:pctex21           -0.6192791       0.2307418      -1.0715331      -0.1670251    
    6:Psi:under              0.3135280       0.4354435      -0.5399412       1.1669971    


          Real Function Parameters of { p(~effort + LWD)Psi(~pctex21 + under) }

      Following estimates based on unstandardized individual covariate values:
          Variable   Value         
          ---------  ------------- 
          EFFORT1     906.23188    
          EFFORT2     834.18841    
          EFFORT3     818.18116    
          LWD         0.2273503    
          PCTEX21     4.8306834    
          UNDER       0.5466074    
                                                               95% Confidence Interval
  Parameter                  Estimate       Standard Error      Lower           Upper
 --------------------------  --------------  --------------  --------------  --------------
     1:p g1 a0 t1             0.7506415       0.0740001       0.5810686       0.8672559                          
     2:p g1 a1 t2             0.7232107       0.0757678       0.5544274       0.8458364                          
     3:p g1 a2 t3             0.7168690       0.0763140       0.5478634       0.8410318                          
     4:Psi g1 a0 t1           0.0233826       0.0226048       0.0034282       0.1428363                          


                      Estimates of Derived Parameters
     Occupancy Estimates of { p(~effort + LWD)Psi(~pctex21 + under) }
                                            95% Confidence Interval
 Group   Psi-hat         Standard Error      Lower           Upper
 -----   --------------  --------------  --------------  --------------
   1      0.0233826       0.0226048       0.0034282       0.1428363    

   CPU Time for the last procedure was 0.09 seconds.     

  Program  MARK  - Survival Rate Estimation with Capture-Recapture Data
   gfortran(dble) Vers. 9.0 Mar 2018     3-Dec-2019 11:04:48    Page  004
 - - - - - - - - - - - - - - - - - - - - - - - - - - - - - - - - - - - - - -
 


  INPUT --- proc stop;

     CPU Time in minutes for this job was 0.00

     Time Start = 11:04:47.573   Time End = 11:04:48.266

     Wall Clock Time in minutes for this job was 0.01


          E X E C U T I O N   S U C C E S S F U L 
