
   Program  MARK  - Survival Rate Estimation with Capture-Recapture Data
   gfortran(dble) Vers. 9.0 Mar 2018     3-Dec-2019 10:59:01    Page  001
 - - - - - - - - - - - - - - - - - - - - - - - - - - - - - - - - - - - - - -
 
   This version was compiled by GCC version 7.2.0 using the options: 
     -cpp -iprefix C:/Program Files/mingw-w64/x86_64-7.2.0-posix-seh-rt_v5-rev1/
     mingw64/bin/../lib/gcc/x86_64-w64-mingw32/7.2.0/ -D_MT -D_REENTRANT
     -U_REENTRANT -D IEEE -D DBLEPRECISION -m64 -mtune=core2 -march=nocona -mthreads
     -O2 -fimplicit-none -fbounds-check -funroll-loops -ftree-vectorize
     -ffpe-summary=invalid,zero,overflow,underflow -fno-unsafe-math-optimizations
     -frounding-math -fsignaling-nans -fopenmp.

   This problem will use 7 of 8 possible threads.


  INPUT --- proc title ;

   CPU Time for the last procedure was 0.01 seconds.     


  INPUT --- proc chmatrix occasions= 3 groups= 1 etype= Occupancy 
  INPUT --- Nodes= 101 icovar = 2 ICMeans  NoHist hist= 109 ;

  INPUT ---    time interval 1 1 1 ;

  INPUT ---     icovariates under machabprop ;

  INPUT ---    glabel(1)=freq1;

      Number of unique encounter histories read was 109.

      Number of individual covariates read was 2.
      Time interval lengths are all equal to 1.

      Data type number is 27
      Data type is Occupancy Estimation with Detection < 1                                                             

   CPU Time for the last procedure was 0.02 seconds.     

  Program  MARK  - Survival Rate Estimation with Capture-Recapture Data
   gfortran(dble) Vers. 9.0 Mar 2018     3-Dec-2019 10:59:01    Page  002
 - - - - - - - - - - - - - - - - - - - - - - - - - - - - - - - - - - - - - -
 


  INPUT --- proc estimate link=Logit NOLOOP varest=2ndPart    ;


  INPUT --- model={ p(~under)Psi(~machabprop) };

  INPUT ---    group=1 p    rows=1 cols=3 Square ;
  INPUT ---        1 1 1 ;

  INPUT ---    group=1 Psi    rows=1 cols=1 Square ;
  INPUT ---        2 ;

  INPUT ---    design matrix constraints=2 covariates=4;
  INPUT ---        1 under 0 0;
  INPUT ---        0 0 1 machabprop;
  INPUT ---       blabel(1)=p:(Intercept);
  INPUT ---       blabel(2)=p:under;
  INPUT ---       blabel(3)=Psi:(Intercept);
  INPUT ---       blabel(4)=Psi:machabprop;
  INPUT ---       rlabel(1)=p g1 a0 t1;
  INPUT ---       rlabel(2)=Psi g1 a0 t1;

 Link Function Used is LOGIT        

 Variance Estimation Procedure Used is 2ndPart 
 -2logL(saturated) = 0.0000000     
 Effective Sample Size = 138

 Number of function evaluations was 14 for 4 parameters.
 Time for numerical optimization was 0.01 seconds.     
 -2logL { p(~under)Psi(~machabprop) } = 172.43172     
 Penalty { p(~under)Psi(~machabprop) } = 0.0000000     
 Gradient { p(~under)Psi(~machabprop) }:
  0.2355447E-05  0.9438660E-06  0.1372266E-05  0.5433727E-06
 Maximum ABS(G) { p(~under)Psi(~machabprop) } = 0.2355447E-05 
 S Vector { p(~under)Psi(~machabprop) }:
   20.80233      10.14732     0.5167200     0.2732537    
 Time to compute number of parameters was 0.01 seconds.     
 Ratio Threshold = 50.000000       Max Gap (2/3) = 19.637942       Next Max Gap (1/2) = 2.0500326     
 Gap Method for Num. of Estimated Parameters { p(~under)Psi(~machabprop) } = 4          
 Threshold { p(~under)Psi(~machabprop) } = 0.4710894E-05                 
 Numerical Threshold Method for Num. of Estimated Parameters { p(~under)Psi(~machabprop) } = 4          
 Number of Estimated Parameters { p(~under)Psi(~machabprop) } = 4          
 DEVIANCE { p(~under)Psi(~machabprop) } = 172.43172                     
 DEVIANCE Degrees of Freedom { p(~under)Psi(~machabprop) } = 134            
 c-hat { p(~under)Psi(~machabprop) } = 1.2868039                     
 AIC { p(~under)Psi(~machabprop) } = 180.43172                  
 AICc { p(~under)Psi(~machabprop) } = 180.73247                    
 BIC { p(~under)Psi(~machabprop) } = 192.14073                    
 Pearson Chisquare { p(~under)Psi(~machabprop) } = 1038.4248                  


                LOGIT Link Function Parameters of { p(~under)Psi(~machabprop) }
                                                              95% Confidence Interval
 Parameter                    Beta         Standard Error      Lower           Upper
 -------------------------  --------------  --------------  --------------  --------------
    1:p:(Intercept)          0.6195215       0.5270659      -0.4135276       1.6525706    
    2:p:under                0.4223931       0.5484088      -0.6524881       1.4972743    
    3:Psi:(Intercept)       -0.3899265       0.9399493      -2.2322272       1.4523743    

  Program  MARK  - Survival Rate Estimation with Capture-Recapture Data
   gfortran(dble) Vers. 9.0 Mar 2018     3-Dec-2019 10:59:02    Page  003
 - - - - - - - - - - - - - - - - - - - - - - - - - - - - - - - - - - - - - -
 
    4:Psi:machabprop        -0.0273840       0.0183316      -0.0633139       0.0085459    


                Real Function Parameters of { p(~under)Psi(~machabprop) }

      Following estimates based on unstandardized individual covariate values:
          Variable   Value         
          ---------  ------------- 
          UNDER       0.5466074    
          MACHABPROP  53.717706    
                                                               95% Confidence Interval
  Parameter                  Estimate       Standard Error      Lower           Upper
 --------------------------  --------------  --------------  --------------  --------------
     1:p g1 a0 t1             0.7006520       0.0727853       0.5424548       0.8220912                          
     2:Psi g1 a0 t1           0.1345942       0.0308208       0.0847447       0.2071307                          


                      Estimates of Derived Parameters
           Occupancy Estimates of { p(~under)Psi(~machabprop) }
                                            95% Confidence Interval
 Group   Psi-hat         Standard Error      Lower           Upper
 -----   --------------  --------------  --------------  --------------
   1      0.1345942       0.0308208       0.0847447       0.2071307    

   CPU Time for the last procedure was 0.02 seconds.     

  Program  MARK  - Survival Rate Estimation with Capture-Recapture Data
   gfortran(dble) Vers. 9.0 Mar 2018     3-Dec-2019 10:59:02    Page  004
 - - - - - - - - - - - - - - - - - - - - - - - - - - - - - - - - - - - - - -
 


  INPUT --- proc stop;

     CPU Time in minutes for this job was 0.00

     Time Start = 10:59:01.317   Time End = 10:59:02.291

     Wall Clock Time in minutes for this job was 0.02


          E X E C U T I O N   S U C C E S S F U L 
