
   Program  MARK  - Survival Rate Estimation with Capture-Recapture Data
   gfortran(dble) Vers. 9.0 Mar 2018     3-Dec-2019 10:57:06    Page  001
 - - - - - - - - - - - - - - - - - - - - - - - - - - - - - - - - - - - - - -
 
   This version was compiled by GCC version 7.2.0 using the options: 
     -cpp -iprefix C:/Program Files/mingw-w64/x86_64-7.2.0-posix-seh-rt_v5-rev1/
     mingw64/bin/../lib/gcc/x86_64-w64-mingw32/7.2.0/ -D_MT -D_REENTRANT
     -U_REENTRANT -D IEEE -D DBLEPRECISION -m64 -mtune=core2 -march=nocona -mthreads
     -O2 -fimplicit-none -fbounds-check -funroll-loops -ftree-vectorize
     -ffpe-summary=invalid,zero,overflow,underflow -fno-unsafe-math-optimizations
     -frounding-math -fsignaling-nans -fopenmp.

   This problem will use 7 of 8 possible threads.


  INPUT --- proc title ;

   CPU Time for the last procedure was 0.01 seconds.     


  INPUT --- proc chmatrix occasions= 3 groups= 1 etype= Occupancy 
  INPUT --- Nodes= 101 icovar = 2 ICMeans  NoHist hist= 138 ;

  INPUT ---    time interval 1 1 1 ;

  INPUT ---     icovariates effsec HAiFLS_alt ;

  INPUT ---    glabel(1)=freq1;

      Number of unique encounter histories read was 138.

      Number of individual covariates read was 2.
      Time interval lengths are all equal to 1.

      Data type number is 27
      Data type is Occupancy Estimation with Detection < 1                                                             

   CPU Time for the last procedure was 0.01 seconds.     

  Program  MARK  - Survival Rate Estimation with Capture-Recapture Data
   gfortran(dble) Vers. 9.0 Mar 2018     3-Dec-2019 10:57:06    Page  002
 - - - - - - - - - - - - - - - - - - - - - - - - - - - - - - - - - - - - - -
 


  INPUT --- proc estimate link=Logit NOLOOP varest=2ndPart    ;


  INPUT --- model={ p(~effsec)Psi(~HAiFLS_alt) };

  INPUT ---    group=1 p    rows=1 cols=3 Square ;
  INPUT ---        1 1 1 ;

  INPUT ---    group=1 Psi    rows=1 cols=1 Square ;
  INPUT ---        2 ;

  INPUT ---    design matrix constraints=2 covariates=4;
  INPUT ---        1 effsec 0 0;
  INPUT ---        0 0 1 HAiFLS_alt;
  INPUT ---       blabel(1)=p:(Intercept);
  INPUT ---       blabel(2)=p:effsec;
  INPUT ---       blabel(3)=Psi:(Intercept);
  INPUT ---       blabel(4)=Psi:HAiFLS_alt;
  INPUT ---       rlabel(1)=p g1 a0 t1;
  INPUT ---       rlabel(2)=Psi g1 a0 t1;

 Link Function Used is LOGIT        

 Variance Estimation Procedure Used is 2ndPart 
 -2logL(saturated) = 0.0000000     
 Effective Sample Size = 138

 Number of function evaluations was 17 for 4 parameters.
 Time for numerical optimization was 0.02 seconds.     
 -2logL { p(~effsec)Psi(~HAiFLS_alt) } = 165.73848     
 Penalty { p(~effsec)Psi(~HAiFLS_alt) } = 0.0000000     
 Gradient { p(~effsec)Psi(~HAiFLS_alt) }:
  0.1585517E-05   0.000000     -0.1263427E-05   0.000000    
 Maximum ABS(G) { p(~effsec)Psi(~HAiFLS_alt) } = 0.1585517E-05 
 S Vector { p(~effsec)Psi(~HAiFLS_alt) }:
   21.27091      8.887406      1.065833     0.2068672    
 Time to compute number of parameters was 0.01 seconds.     
 Ratio Threshold = 50.000000       Max Gap (2/3) = 8.3384577       Next Max Gap (3/4) = 5.1522576     
 Gap Method for Num. of Estimated Parameters { p(~effsec)Psi(~HAiFLS_alt) } = 4          
 Threshold { p(~effsec)Psi(~HAiFLS_alt) } = 0.3171034E-05                 
 Numerical Threshold Method for Num. of Estimated Parameters { p(~effsec)Psi(~HAiFLS_alt) } = 4          
 Number of Estimated Parameters { p(~effsec)Psi(~HAiFLS_alt) } = 4          
 DEVIANCE { p(~effsec)Psi(~HAiFLS_alt) } = 165.73848                     
 DEVIANCE Degrees of Freedom { p(~effsec)Psi(~HAiFLS_alt) } = 134            
 c-hat { p(~effsec)Psi(~HAiFLS_alt) } = 1.2368543                     
 AIC { p(~effsec)Psi(~HAiFLS_alt) } = 173.73848                  
 AICc { p(~effsec)Psi(~HAiFLS_alt) } = 174.03923                    
 BIC { p(~effsec)Psi(~HAiFLS_alt) } = 185.44749                    
 Pearson Chisquare { p(~effsec)Psi(~HAiFLS_alt) } = 909.14751                  


                LOGIT Link Function Parameters of { p(~effsec)Psi(~HAiFLS_alt) }
                                                              95% Confidence Interval
 Parameter                    Beta         Standard Error      Lower           Upper
 -------------------------  --------------  --------------  --------------  --------------
    1:p:(Intercept)         -0.2029823       0.6699975      -1.5161775       1.1102129    
    2:p:effsec               0.4267154E-03   0.2320142E-03  -0.2803240E-04   0.8814632E-03
    3:Psi:(Intercept)       -0.5096623       0.5519174      -1.5914204       0.5720958    

  Program  MARK  - Survival Rate Estimation with Capture-Recapture Data
   gfortran(dble) Vers. 9.0 Mar 2018     3-Dec-2019 10:57:07    Page  003
 - - - - - - - - - - - - - - - - - - - - - - - - - - - - - - - - - - - - - -
 
    4:Psi:HAiFLS_alt        -0.0199337       0.0083252      -0.0362511      -0.0036163    


                Real Function Parameters of { p(~effsec)Psi(~HAiFLS_alt) }

      Following estimates based on unstandardized individual covariate values:
          Variable   Value         
          ---------  ------------- 
          EFFSEC      2558.6014    
          HAIFLS_ALT  69.284136    
                                                               95% Confidence Interval
  Parameter                  Estimate       Standard Error      Lower           Upper
 --------------------------  --------------  --------------  --------------  --------------
     1:p g1 a0 t1             0.7086450       0.0715141       0.5522897       0.8274552                          
     2:Psi g1 a0 t1           0.1311591       0.0313080       0.0809705       0.2055003                          


                      Estimates of Derived Parameters
          Occupancy Estimates of { p(~effsec)Psi(~HAiFLS_alt) }
                                            95% Confidence Interval
 Group   Psi-hat         Standard Error      Lower           Upper
 -----   --------------  --------------  --------------  --------------
   1      0.1311591       0.0313080       0.0809705       0.2055003    

   CPU Time for the last procedure was 0.02 seconds.     

  Program  MARK  - Survival Rate Estimation with Capture-Recapture Data
   gfortran(dble) Vers. 9.0 Mar 2018     3-Dec-2019 10:57:07    Page  004
 - - - - - - - - - - - - - - - - - - - - - - - - - - - - - - - - - - - - - -
 


  INPUT --- proc stop;

     CPU Time in minutes for this job was 0.00

     Time Start = 10:57:06.419   Time End = 10:57:07.123

     Wall Clock Time in minutes for this job was 0.01


          E X E C U T I O N   S U C C E S S F U L 
