
   Program  MARK  - Survival Rate Estimation with Capture-Recapture Data
   gfortran(dble) Vers. 9.0 Mar 2018     3-Dec-2019 11:05:53    Page  001
 - - - - - - - - - - - - - - - - - - - - - - - - - - - - - - - - - - - - - -
 
   This version was compiled by GCC version 7.2.0 using the options: 
     -cpp -iprefix C:/Program Files/mingw-w64/x86_64-7.2.0-posix-seh-rt_v5-rev1/
     mingw64/bin/../lib/gcc/x86_64-w64-mingw32/7.2.0/ -D_MT -D_REENTRANT
     -U_REENTRANT -D IEEE -D DBLEPRECISION -m64 -mtune=core2 -march=nocona -mthreads
     -O2 -fimplicit-none -fbounds-check -funroll-loops -ftree-vectorize
     -ffpe-summary=invalid,zero,overflow,underflow -fno-unsafe-math-optimizations
     -frounding-math -fsignaling-nans -fopenmp.

   This problem will use 7 of 8 possible threads.


  INPUT --- proc title ;

   CPU Time for the last procedure was 0.01 seconds.     


  INPUT --- proc chmatrix occasions= 3 groups= 1 etype= Occupancy 
  INPUT --- Nodes= 101 icovar = 6 ICMeans  NoHist hist= 138 ;

  INPUT ---    time interval 1 1 1 ;

  INPUT ---     icovariates effort1 effort2 effort3 under pctex21 WidDep  ;

  INPUT ---    glabel(1)=freq1;

      Number of unique encounter histories read was 138.

      Number of individual covariates read was 6.
      Time interval lengths are all equal to 1.

      Data type number is 27
      Data type is Occupancy Estimation with Detection < 1                                                             

   CPU Time for the last procedure was 0.02 seconds.     

  Program  MARK  - Survival Rate Estimation with Capture-Recapture Data
   gfortran(dble) Vers. 9.0 Mar 2018     3-Dec-2019 11:05:53    Page  002
 - - - - - - - - - - - - - - - - - - - - - - - - - - - - - - - - - - - - - -
 


  INPUT --- proc estimate link=Logit NOLOOP varest=2ndPart    ;


  INPUT --- model={ p(~effort + under)Psi(~pctex21 + WidDep) };

  INPUT ---    group=1 p    rows=1 cols=3 Square ;
  INPUT ---        1 2 3 ;

  INPUT ---    group=1 Psi    rows=1 cols=1 Square ;
  INPUT ---        4 ;

  INPUT ---    design matrix constraints=4 covariates=6;
  INPUT ---        1 effort1 under 0 0 0;
  INPUT ---        1 effort2 under 0 0 0;
  INPUT ---        1 effort3 under 0 0 0;
  INPUT ---        0 0 0 1 pctex21 WidDep;
  INPUT ---       blabel(1)=p:(Intercept);
  INPUT ---       blabel(2)=p:effort;
  INPUT ---       blabel(3)=p:under;
  INPUT ---       blabel(4)=Psi:(Intercept);
  INPUT ---       blabel(5)=Psi:pctex21;
  INPUT ---       blabel(6)=Psi:WidDep;
  INPUT ---       rlabel(1)=p g1 a0 t1;
  INPUT ---       rlabel(2)=p g1 a1 t2;
  INPUT ---       rlabel(3)=p g1 a2 t3;
  INPUT ---       rlabel(4)=Psi g1 a0 t1;

 Link Function Used is LOGIT        

 Variance Estimation Procedure Used is 2ndPart 
 -2logL(saturated) = 0.0000000     
 Effective Sample Size = 138

 Number of function evaluations was 20 for 6 parameters.
 Time for numerical optimization was 0.01 seconds.     
 -2logL { p(~effort + under)Psi(~pctex21 + WidDep) } = 146.40554     
 Penalty { p(~effort + under)Psi(~pctex21 + WidDep) } = 0.0000000     
 Gradient { p(~effort + under)Psi(~pctex21 + WidDep) }:
 -0.1167127E-05 -0.2495661E-06  0.1261097E-05 -0.1901150E-05 -0.9151142E-07
 -0.1185866E-05
 Maximum ABS(G) { p(~effort + under)Psi(~pctex21 + WidDep) } = 0.1901150E-05 
 S Vector { p(~effort + under)Psi(~pctex21 + WidDep) }:
   17.13509      8.240728     0.4781026     0.3647347     0.9387723E-01
  0.1961868E-01
 Time to compute number of parameters was 0.03 seconds.     
 Ratio Threshold = 50.000000       Max Gap (2/3) = 17.236317       Next Max Gap (5/6) = 4.7850949     
 Gap Method for Num. of Estimated Parameters { p(~effort + under)Psi(~pctex21 + WidDep) } = 6          
 Threshold { p(~effort + under)Psi(~pctex21 + WidDep) } = 0.3802300E-05                 
 Numerical Threshold Method for Num. of Estimated Parameters { p(~effort + under)Psi(~pctex21 + WidDep) } = 6          
 Number of Estimated Parameters { p(~effort + under)Psi(~pctex21 + WidDep) } = 6          
 DEVIANCE { p(~effort + under)Psi(~pctex21 + WidDep) } = 146.40554                     
 DEVIANCE Degrees of Freedom { p(~effort + under)Psi(~pctex21 + WidDep) } = 132            
 c-hat { p(~effort + under)Psi(~pctex21 + WidDep) } = 1.1091328                     
 AIC { p(~effort + under)Psi(~pctex21 + WidDep) } = 158.40554                  
 AICc { p(~effort + under)Psi(~pctex21 + WidDep) } = 159.04676                    
 BIC { p(~effort + under)Psi(~pctex21 + WidDep) } = 175.96906                    
 Pearson Chisquare { p(~effort + under)Psi(~pctex21 + WidDep) } = 613.50151                  

  Program  MARK  - Survival Rate Estimation with Capture-Recapture Data
   gfortran(dble) Vers. 9.0 Mar 2018     3-Dec-2019 11:05:53    Page  003
 - - - - - - - - - - - - - - - - - - - - - - - - - - - - - - - - - - - - - -
 


         LOGIT Link Function Parameters of { p(~effort + under)Psi(~pctex21 + WidDep) }
                                                              95% Confidence Interval
 Parameter                    Beta         Standard Error      Lower           Upper
 -------------------------  --------------  --------------  --------------  --------------
    1:p:(Intercept)         -0.6342254       0.7951957      -2.1928089       0.9243581    
    2:p:effort               0.0016657       0.8057813E-03   0.8633002E-04   0.0032450    
    3:p:under                0.2120487       0.5974408      -0.9589353       1.3830327    
    4:Psi:(Intercept)       -1.0065210       0.7312313      -2.4397345       0.4266925    
    5:Psi:pctex21           -0.6407401       0.2304201      -1.0923636      -0.1891166    
    6:Psi:WidDep             0.0225091       0.0541230      -0.0835720       0.1285901    


         Real Function Parameters of { p(~effort + under)Psi(~pctex21 + WidDep) }

      Following estimates based on unstandardized individual covariate values:
          Variable   Value         
          ---------  ------------- 
          EFFORT1     906.23188    
          EFFORT2     834.18841    
          EFFORT3     818.18116    
          UNDER       0.5466074    
          PCTEX21     4.8306834    
          WIDDEP      13.033426    
                                                               95% Confidence Interval
  Parameter                  Estimate       Standard Error      Lower           Upper
 --------------------------  --------------  --------------  --------------  --------------
     1:p g1 a0 t1             0.7293165       0.0807418       0.5472393       0.8572693                          
     2:p g1 a1 t2             0.7049865       0.0816212       0.5254685       0.8375829                          
     3:p g1 a2 t3             0.6994110       0.0819600       0.5200870       0.8332167                          
     4:Psi g1 a0 t1           0.0217030       0.0211247       0.0031460       0.1349050                          


                      Estimates of Derived Parameters
   Occupancy Estimates of { p(~effort + under)Psi(~pctex21 + WidDep) }
                                            95% Confidence Interval
 Group   Psi-hat         Standard Error      Lower           Upper
 -----   --------------  --------------  --------------  --------------
   1      0.0217030       0.0211247       0.0031460       0.1349050    

   CPU Time for the last procedure was 0.03 seconds.     

  Program  MARK  - Survival Rate Estimation with Capture-Recapture Data
   gfortran(dble) Vers. 9.0 Mar 2018     3-Dec-2019 11:05:53    Page  004
 - - - - - - - - - - - - - - - - - - - - - - - - - - - - - - - - - - - - - -
 


  INPUT --- proc stop;

     CPU Time in minutes for this job was 0.00

     Time Start = 11:05:53.333   Time End = 11:05:53.460

     Wall Clock Time in minutes for this job was 0.00


          E X E C U T I O N   S U C C E S S F U L 
