
   Program  MARK  - Survival Rate Estimation with Capture-Recapture Data
   gfortran(dble) Vers. 9.0 Mar 2018     3-Dec-2019 11:04:07    Page  001
 - - - - - - - - - - - - - - - - - - - - - - - - - - - - - - - - - - - - - -
 
   This version was compiled by GCC version 7.2.0 using the options: 
     -cpp -iprefix C:/Program Files/mingw-w64/x86_64-7.2.0-posix-seh-rt_v5-rev1/
     mingw64/bin/../lib/gcc/x86_64-w64-mingw32/7.2.0/ -D_MT -D_REENTRANT
     -U_REENTRANT -D IEEE -D DBLEPRECISION -m64 -mtune=core2 -march=nocona -mthreads
     -O2 -fimplicit-none -fbounds-check -funroll-loops -ftree-vectorize
     -ffpe-summary=invalid,zero,overflow,underflow -fno-unsafe-math-optimizations
     -frounding-math -fsignaling-nans -fopenmp.

   This problem will use 7 of 8 possible threads.


  INPUT --- proc title ;

   CPU Time for the last procedure was 0.01 seconds.     


  INPUT --- proc chmatrix occasions= 3 groups= 1 etype= Occupancy 
  INPUT --- Nodes= 101 icovar = 3 ICMeans  NoHist hist= 138 ;

  INPUT ---    time interval 1 1 1 ;

  INPUT ---     icovariates under pctex21 pctSlope ;

  INPUT ---    glabel(1)=freq1;

      Number of unique encounter histories read was 138.

      Number of individual covariates read was 3.
      Time interval lengths are all equal to 1.

      Data type number is 27
      Data type is Occupancy Estimation with Detection < 1                                                             

   CPU Time for the last procedure was 0.01 seconds.     

  Program  MARK  - Survival Rate Estimation with Capture-Recapture Data
   gfortran(dble) Vers. 9.0 Mar 2018     3-Dec-2019 11:04:07    Page  002
 - - - - - - - - - - - - - - - - - - - - - - - - - - - - - - - - - - - - - -
 


  INPUT --- proc estimate link=Logit NOLOOP varest=2ndPart    ;


  INPUT --- model={ p(~under)Psi(~pctex21 + pctSlope) };

  INPUT ---    group=1 p    rows=1 cols=3 Square ;
  INPUT ---        1 1 1 ;

  INPUT ---    group=1 Psi    rows=1 cols=1 Square ;
  INPUT ---        2 ;

  INPUT ---    design matrix constraints=2 covariates=5;
  INPUT ---        1 under 0 0 0;
  INPUT ---        0 0 1 pctex21 pctSlope;
  INPUT ---       blabel(1)=p:(Intercept);
  INPUT ---       blabel(2)=p:under;
  INPUT ---       blabel(3)=Psi:(Intercept);
  INPUT ---       blabel(4)=Psi:pctex21;
  INPUT ---       blabel(5)=Psi:pctSlope;
  INPUT ---       rlabel(1)=p g1 a0 t1;
  INPUT ---       rlabel(2)=Psi g1 a0 t1;

 Link Function Used is LOGIT        

 Variance Estimation Procedure Used is 2ndPart 
 -2logL(saturated) = 0.0000000     
 Effective Sample Size = 138

 Number of function evaluations was 20 for 5 parameters.
 Time for numerical optimization was 0.01 seconds.     
 -2logL { p(~under)Psi(~pctex21 + pctSlope) } = 152.37915     
 Penalty { p(~under)Psi(~pctex21 + pctSlope) } = 0.0000000     
 Gradient { p(~under)Psi(~pctex21 + pctSlope) }:
 -0.2301700E-05 -0.9875328E-06 -0.1970925E-05 -0.9117795E-07 -0.2241307E-05
 Maximum ABS(G) { p(~under)Psi(~pctex21 + pctSlope) } = 0.2301700E-05 
 S Vector { p(~under)Psi(~pctex21 + pctSlope) }:
   14.24989      10.15024     0.5273041     0.2550746     0.2004118E-01
 Time to compute number of parameters was 0.01 seconds.     
 Ratio Threshold = 50.000000       Max Gap (2/3) = 19.249309       Next Max Gap (4/5) = 12.727527     
 Gap Method for Num. of Estimated Parameters { p(~under)Psi(~pctex21 + pctSlope) } = 5          
 Threshold { p(~under)Psi(~pctex21 + pctSlope) } = 0.4603399E-05                 
 Numerical Threshold Method for Num. of Estimated Parameters { p(~under)Psi(~pctex21 + pctSlope) } = 5          
 Number of Estimated Parameters { p(~under)Psi(~pctex21 + pctSlope) } = 5          
 DEVIANCE { p(~under)Psi(~pctex21 + pctSlope) } = 152.37915                     
 DEVIANCE Degrees of Freedom { p(~under)Psi(~pctex21 + pctSlope) } = 133            
 c-hat { p(~under)Psi(~pctex21 + pctSlope) } = 1.1457079                     
 AIC { p(~under)Psi(~pctex21 + pctSlope) } = 162.37915                  
 AICc { p(~under)Psi(~pctex21 + pctSlope) } = 162.83370                    
 BIC { p(~under)Psi(~pctex21 + pctSlope) } = 177.01542                    
 Pearson Chisquare { p(~under)Psi(~pctex21 + pctSlope) } = 806.10994                  


            LOGIT Link Function Parameters of { p(~under)Psi(~pctex21 + pctSlope) }
                                                              95% Confidence Interval
 Parameter                    Beta         Standard Error      Lower           Upper
 -------------------------  --------------  --------------  --------------  --------------

  Program  MARK  - Survival Rate Estimation with Capture-Recapture Data
   gfortran(dble) Vers. 9.0 Mar 2018     3-Dec-2019 11:04:08    Page  003
 - - - - - - - - - - - - - - - - - - - - - - - - - - - - - - - - - - - - - -
 
    1:p:(Intercept)          0.6573392       0.5133006      -0.3487299       1.6634083    
    2:p:under                0.3854186       0.5441506      -0.6811167       1.4519539    
    3:Psi:(Intercept)       -0.9354853       0.3496736      -1.6208455      -0.2501251    
    4:Psi:pctex21           -0.6432016       0.2275732      -1.0892451      -0.1971581    
    5:Psi:pctSlope           0.0296039       0.0385947      -0.0460417       0.1052495    


            Real Function Parameters of { p(~under)Psi(~pctex21 + pctSlope) }

      Following estimates based on unstandardized individual covariate values:
          Variable   Value         
          ---------  ------------- 
          UNDER       0.5466074    
          PCTEX21     4.8306834    
          PCTSLOPE    5.7132415    
                                                               95% Confidence Interval
  Parameter                  Estimate       Standard Error      Lower           Upper
 --------------------------  --------------  --------------  --------------  --------------
     1:p g1 a0 t1             0.7043318       0.0708292       0.5501753       0.8226849                          
     2:Psi g1 a0 t1           0.0203632       0.0196437       0.0030079       0.1252751                          


                      Estimates of Derived Parameters
       Occupancy Estimates of { p(~under)Psi(~pctex21 + pctSlope) }
                                            95% Confidence Interval
 Group   Psi-hat         Standard Error      Lower           Upper
 -----   --------------  --------------  --------------  --------------
   1      0.0203632       0.0196437       0.0030079       0.1252751    

   CPU Time for the last procedure was 0.01 seconds.     

  Program  MARK  - Survival Rate Estimation with Capture-Recapture Data
   gfortran(dble) Vers. 9.0 Mar 2018     3-Dec-2019 11:04:08    Page  004
 - - - - - - - - - - - - - - - - - - - - - - - - - - - - - - - - - - - - - -
 


  INPUT --- proc stop;

     CPU Time in minutes for this job was 0.00

     Time Start = 11:04:07.481   Time End = 11:04:08.775

     Wall Clock Time in minutes for this job was 0.02


          E X E C U T I O N   S U C C E S S F U L 
