
   Program  MARK  - Survival Rate Estimation with Capture-Recapture Data
   gfortran(dble) Vers. 9.0 Mar 2018     3-Dec-2019 10:55:41    Page  001
 - - - - - - - - - - - - - - - - - - - - - - - - - - - - - - - - - - - - - -
 
   This version was compiled by GCC version 7.2.0 using the options: 
     -cpp -iprefix C:/Program Files/mingw-w64/x86_64-7.2.0-posix-seh-rt_v5-rev1/
     mingw64/bin/../lib/gcc/x86_64-w64-mingw32/7.2.0/ -D_MT -D_REENTRANT
     -U_REENTRANT -D IEEE -D DBLEPRECISION -m64 -mtune=core2 -march=nocona -mthreads
     -O2 -fimplicit-none -fbounds-check -funroll-loops -ftree-vectorize
     -ffpe-summary=invalid,zero,overflow,underflow -fno-unsafe-math-optimizations
     -frounding-math -fsignaling-nans -fopenmp.

   This problem will use 7 of 8 possible threads.


  INPUT --- proc title ;

   CPU Time for the last procedure was 0.01 seconds.     


  INPUT --- proc chmatrix occasions= 3 groups= 1 etype= Occupancy 
  INPUT --- Nodes= 101 icovar = 7 ICMeans  NoHist hist= 138 ;

  INPUT ---    time interval 1 1 1 ;

  INPUT ---     icovariates effort1 effort2 effort3 undr1 undr2 undr3  
  INPUT ---    BRT_100m ;

  INPUT ---    glabel(1)=freq1;

      Number of unique encounter histories read was 138.

      Number of individual covariates read was 7.
      Time interval lengths are all equal to 1.

      Data type number is 27
      Data type is Occupancy Estimation with Detection < 1                                                             

   CPU Time for the last procedure was 0.02 seconds.     

  Program  MARK  - Survival Rate Estimation with Capture-Recapture Data
   gfortran(dble) Vers. 9.0 Mar 2018     3-Dec-2019 10:55:41    Page  002
 - - - - - - - - - - - - - - - - - - - - - - - - - - - - - - - - - - - - - -
 


  INPUT --- proc estimate link=Logit NOLOOP varest=2ndPart    ;


  INPUT --- model={ p(~effort + undr)Psi(~BRT_100m) };

  INPUT ---    group=1 p    rows=1 cols=3 Square ;
  INPUT ---        1 2 3 ;

  INPUT ---    group=1 Psi    rows=1 cols=1 Square ;
  INPUT ---        4 ;

  INPUT ---    design matrix constraints=4 covariates=5;
  INPUT ---        1 effort1 undr1 0 0;
  INPUT ---        1 effort2 undr2 0 0;
  INPUT ---        1 effort3 undr3 0 0;
  INPUT ---        0 0 0 1 BRT_100m;
  INPUT ---       blabel(1)=p:(Intercept);
  INPUT ---       blabel(2)=p:effort;
  INPUT ---       blabel(3)=p:undr;
  INPUT ---       blabel(4)=Psi:(Intercept);
  INPUT ---       blabel(5)=Psi:BRT_100m;
  INPUT ---       rlabel(1)=p g1 a0 t1;
  INPUT ---       rlabel(2)=p g1 a1 t2;
  INPUT ---       rlabel(3)=p g1 a2 t3;
  INPUT ---       rlabel(4)=Psi g1 a0 t1;

 Link Function Used is LOGIT        

 Variance Estimation Procedure Used is 2ndPart 
 -2logL(saturated) = 0.0000000     
 Effective Sample Size = 138

 Number of function evaluations was 17 for 5 parameters.
 Time for numerical optimization was 0.01 seconds.     
 -2logL { p(~effort + undr)Psi(~BRT_100m) } = 163.14098     
 Penalty { p(~effort + undr)Psi(~BRT_100m) } = 0.0000000     
 Gradient { p(~effort + undr)Psi(~BRT_100m) }:
   0.000000      0.8371289E-06  0.7620554E-06  0.1229951E-05   0.000000    
 Maximum ABS(G) { p(~effort + undr)Psi(~BRT_100m) } = 0.1229951E-05 
 S Vector { p(~effort + undr)Psi(~BRT_100m) }:
   15.75332      8.618846     0.4022585     0.3193337     0.1049455    
 Time to compute number of parameters was 0.03 seconds.     
 Ratio Threshold = 50.000000       Max Gap (2/3) = 21.426136       Next Max Gap (4/5) = 3.0428540     
 Gap Method for Num. of Estimated Parameters { p(~effort + undr)Psi(~BRT_100m) } = 5          
 Threshold { p(~effort + undr)Psi(~BRT_100m) } = 0.2459901E-05                 
 Numerical Threshold Method for Num. of Estimated Parameters { p(~effort + undr)Psi(~BRT_100m) } = 5          
 Number of Estimated Parameters { p(~effort + undr)Psi(~BRT_100m) } = 5          
 DEVIANCE { p(~effort + undr)Psi(~BRT_100m) } = 163.14098                     
 DEVIANCE Degrees of Freedom { p(~effort + undr)Psi(~BRT_100m) } = 133            
 c-hat { p(~effort + undr)Psi(~BRT_100m) } = 1.2266239                     
 AIC { p(~effort + undr)Psi(~BRT_100m) } = 173.14098                  
 AICc { p(~effort + undr)Psi(~BRT_100m) } = 173.59553                    
 BIC { p(~effort + undr)Psi(~BRT_100m) } = 187.77725                    
 Pearson Chisquare { p(~effort + undr)Psi(~BRT_100m) } = 742.16627                  

  Program  MARK  - Survival Rate Estimation with Capture-Recapture Data
   gfortran(dble) Vers. 9.0 Mar 2018     3-Dec-2019 10:55:42    Page  003
 - - - - - - - - - - - - - - - - - - - - - - - - - - - - - - - - - - - - - -
 


             LOGIT Link Function Parameters of { p(~effort + undr)Psi(~BRT_100m) }
                                                              95% Confidence Interval
 Parameter                    Beta         Standard Error      Lower           Upper
 -------------------------  --------------  --------------  --------------  --------------
    1:p:(Intercept)         -0.5511860       0.7071380      -1.9371765       0.8348044    
    2:p:effort               0.0014632       0.7620315E-03  -0.3036144E-04   0.0029568    
    3:p:undr                 0.4294001       0.4971065      -0.5449286       1.4037287    
    4:Psi:(Intercept)       -2.1015044       0.3105628      -2.7102076      -1.4928012    
    5:Psi:BRT_100m           0.0363475       0.0163357       0.0043295       0.0683655    


             Real Function Parameters of { p(~effort + undr)Psi(~BRT_100m) }

      Following estimates based on unstandardized individual covariate values:
          Variable   Value         
          ---------  ------------- 
          EFFORT1     906.23188    
          EFFORT2     834.18841    
          EFFORT3     818.18116    
          UNDR1       0.5869565    
          UNDR2       0.5483092    
          UNDR3       0.5042271    
          BRT_100M    6.7817616    
                                                               95% Confidence Interval
  Parameter                  Estimate       Standard Error      Lower           Upper
 --------------------------  --------------  --------------  --------------  --------------
     1:p g1 a0 t1             0.7363086       0.0743610       0.5686158       0.8553921                          
     2:p g1 a1 t2             0.7119471       0.0752453       0.5462961       0.8353464                          
     3:p g1 a2 t3             0.7031845       0.0767951       0.5352774       0.8297240                          
     4:Psi g1 a0 t1           0.1352864       0.0311268       0.0849811       0.2085822                          


                      Estimates of Derived Parameters
        Occupancy Estimates of { p(~effort + undr)Psi(~BRT_100m) }
                                            95% Confidence Interval
 Group   Psi-hat         Standard Error      Lower           Upper
 -----   --------------  --------------  --------------  --------------
   1      0.1352864       0.0311268       0.0849811       0.2085822    

   CPU Time for the last procedure was 0.03 seconds.     

  Program  MARK  - Survival Rate Estimation with Capture-Recapture Data
   gfortran(dble) Vers. 9.0 Mar 2018     3-Dec-2019 10:55:42    Page  004
 - - - - - - - - - - - - - - - - - - - - - - - - - - - - - - - - - - - - - -
 


  INPUT --- proc stop;

     CPU Time in minutes for this job was 0.00

     Time Start = 10:55:41.784   Time End = 10:55:42.473

     Wall Clock Time in minutes for this job was 0.01


          E X E C U T I O N   S U C C E S S F U L 
