
   Program  MARK  - Survival Rate Estimation with Capture-Recapture Data
   gfortran(dble) Vers. 9.0 Mar 2018     3-Dec-2019 12:26:33    Page  001
 - - - - - - - - - - - - - - - - - - - - - - - - - - - - - - - - - - - - - -
 
   This version was compiled by GCC version 7.2.0 using the options: 
     -cpp -iprefix C:/Program Files/mingw-w64/x86_64-7.2.0-posix-seh-rt_v5-rev1/
     mingw64/bin/../lib/gcc/x86_64-w64-mingw32/7.2.0/ -D_MT -D_REENTRANT
     -U_REENTRANT -D IEEE -D DBLEPRECISION -m64 -mtune=core2 -march=nocona -mthreads
     -O2 -fimplicit-none -fbounds-check -funroll-loops -ftree-vectorize
     -ffpe-summary=invalid,zero,overflow,underflow -fno-unsafe-math-optimizations
     -frounding-math -fsignaling-nans -fopenmp.

   This problem will use 7 of 8 possible threads.


  INPUT --- proc title ;

   CPU Time for the last procedure was 0.01 seconds.     


  INPUT --- proc chmatrix occasions= 3 groups= 1 etype= Occupancy 
  INPUT --- Nodes= 101 icovar = 1 ICMeans  NoHist hist= 29 ;

  INPUT ---    time interval 1 1 1 ;

  INPUT ---     icovariates pctVertbnk ;

  INPUT ---    glabel(1)=freq1;

      Number of unique encounter histories read was 29.

      Number of individual covariates read was 1.
      Time interval lengths are all equal to 1.

      Data type number is 27
      Data type is Occupancy Estimation with Detection < 1                                                             

   CPU Time for the last procedure was 0.01 seconds.     

  Program  MARK  - Survival Rate Estimation with Capture-Recapture Data
   gfortran(dble) Vers. 9.0 Mar 2018     3-Dec-2019 12:26:33    Page  002
 - - - - - - - - - - - - - - - - - - - - - - - - - - - - - - - - - - - - - -
 


  INPUT --- proc estimate link=Logit NOLOOP varest=2ndPart    ;


  INPUT --- model={ p(~1)Psi(~pctVertbnk) };

  INPUT ---    group=1 p    rows=1 cols=3 Square ;
  INPUT ---        1 1 1 ;

  INPUT ---    group=1 Psi    rows=1 cols=1 Square ;
  INPUT ---        2 ;

  INPUT ---    design matrix constraints=2 covariates=3;
  INPUT ---        1 0 0;
  INPUT ---        0 1 pctVertbnk;
  INPUT ---       blabel(1)=p:(Intercept);
  INPUT ---       blabel(2)=Psi:(Intercept);
  INPUT ---       blabel(3)=Psi:pctVertbnk;
  INPUT ---       rlabel(1)=p g1 a0 t1;
  INPUT ---       rlabel(2)=Psi g1 a0 t1;

 Link Function Used is LOGIT        

 Variance Estimation Procedure Used is 2ndPart 
 -2logL(saturated) = 0.0000000     
 Effective Sample Size = 138

 Number of function evaluations was 9 for 3 parameters.
 Time for numerical optimization was 0.01 seconds.     
 -2logL { p(~1)Psi(~pctVertbnk) } = 175.45600     
 Penalty { p(~1)Psi(~pctVertbnk) } = 0.0000000     
 Gradient { p(~1)Psi(~pctVertbnk) }:
  0.9789044E-06   0.000000       0.000000    
 Maximum ABS(G) { p(~1)Psi(~pctVertbnk) } = 0.9789044E-06 
 S Vector { p(~1)Psi(~pctVertbnk) }:
   17.29957      9.640628     0.6769027    
 Time to compute number of parameters was 0.01 seconds.     
 Ratio Threshold = 50.000000       Max Gap (2/3) = 14.242267       Next Max Gap (1/2) = 1.7944447     
 Gap Method for Num. of Estimated Parameters { p(~1)Psi(~pctVertbnk) } = 3          
 Threshold { p(~1)Psi(~pctVertbnk) } = 0.1957809E-05                 
 Numerical Threshold Method for Num. of Estimated Parameters { p(~1)Psi(~pctVertbnk) } = 3          
 Number of Estimated Parameters { p(~1)Psi(~pctVertbnk) } = 3          
 DEVIANCE { p(~1)Psi(~pctVertbnk) } = 175.45600                     
 DEVIANCE Degrees of Freedom { p(~1)Psi(~pctVertbnk) } = 135            
 c-hat { p(~1)Psi(~pctVertbnk) } = 1.2996741                     
 AIC { p(~1)Psi(~pctVertbnk) } = 181.45600                  
 AICc { p(~1)Psi(~pctVertbnk) } = 181.63511                    
 BIC { p(~1)Psi(~pctVertbnk) } = 190.23777                    
 Pearson Chisquare { p(~1)Psi(~pctVertbnk) } = 1087.1234                  


                  LOGIT Link Function Parameters of { p(~1)Psi(~pctVertbnk) }
                                                              95% Confidence Interval
 Parameter                    Beta         Standard Error      Lower           Upper
 -------------------------  --------------  --------------  --------------  --------------
    1:p:(Intercept)          0.9484525       0.3209910       0.3193100       1.5775949    
    2:Psi:(Intercept)       -1.7272239       0.3717009      -2.4557576      -0.9986902    
    3:Psi:pctVertbnk        -0.0054772       0.0189156      -0.0425517       0.0315973    

  Program  MARK  - Survival Rate Estimation with Capture-Recapture Data
   gfortran(dble) Vers. 9.0 Mar 2018     3-Dec-2019 12:26:33    Page  003
 - - - - - - - - - - - - - - - - - - - - - - - - - - - - - - - - - - - - - -
 


                  Real Function Parameters of { p(~1)Psi(~pctVertbnk) }

      Following estimates based on unstandardized individual covariate values:
          Variable   Value         
          ---------  ------------- 
          PCTVERTBNK  15.307971    
                                                               95% Confidence Interval
  Parameter                  Estimate       Standard Error      Lower           Upper
 --------------------------  --------------  --------------  --------------  --------------
     1:p g1 a0 t1             0.7208039       0.0645981       0.5791561       0.8288636                          
     2:Psi g1 a0 t1           0.1405090       0.0300730       0.0911938       0.2103209                          


                      Estimates of Derived Parameters
             Occupancy Estimates of { p(~1)Psi(~pctVertbnk) }
                                            95% Confidence Interval
 Group   Psi-hat         Standard Error      Lower           Upper
 -----   --------------  --------------  --------------  --------------
   1      0.1405090       0.0300730       0.0911938       0.2103209    

   CPU Time for the last procedure was 0.01 seconds.     

  Program  MARK  - Survival Rate Estimation with Capture-Recapture Data
   gfortran(dble) Vers. 9.0 Mar 2018     3-Dec-2019 12:26:33    Page  004
 - - - - - - - - - - - - - - - - - - - - - - - - - - - - - - - - - - - - - -
 


  INPUT --- proc stop;

     CPU Time in minutes for this job was 0.00

     Time Start = 12:26:33.496   Time End = 12:26:33.504

     Wall Clock Time in minutes for this job was 0.00


          E X E C U T I O N   S U C C E S S F U L 
