
   Program  MARK  - Survival Rate Estimation with Capture-Recapture Data
   gfortran(dble) Vers. 9.0 Mar 2018     3-Dec-2019 10:56:18    Page  001
 - - - - - - - - - - - - - - - - - - - - - - - - - - - - - - - - - - - - - -
 
   This version was compiled by GCC version 7.2.0 using the options: 
     -cpp -iprefix C:/Program Files/mingw-w64/x86_64-7.2.0-posix-seh-rt_v5-rev1/
     mingw64/bin/../lib/gcc/x86_64-w64-mingw32/7.2.0/ -D_MT -D_REENTRANT
     -U_REENTRANT -D IEEE -D DBLEPRECISION -m64 -mtune=core2 -march=nocona -mthreads
     -O2 -fimplicit-none -fbounds-check -funroll-loops -ftree-vectorize
     -ffpe-summary=invalid,zero,overflow,underflow -fno-unsafe-math-optimizations
     -frounding-math -fsignaling-nans -fopenmp.

   This problem will use 7 of 8 possible threads.


  INPUT --- proc title ;

   CPU Time for the last procedure was 0.01 seconds.     


  INPUT --- proc chmatrix occasions= 3 groups= 1 etype= Occupancy 
  INPUT --- Nodes= 101 icovar = 2 ICMeans  NoHist hist= 138 ;

  INPUT ---    time interval 1 1 1 ;

  INPUT ---     icovariates LWD avdep ;

  INPUT ---    glabel(1)=freq1;

      Number of unique encounter histories read was 138.

      Number of individual covariates read was 2.
      Time interval lengths are all equal to 1.

      Data type number is 27
      Data type is Occupancy Estimation with Detection < 1                                                             

   CPU Time for the last procedure was 0.01 seconds.     

  Program  MARK  - Survival Rate Estimation with Capture-Recapture Data
   gfortran(dble) Vers. 9.0 Mar 2018     3-Dec-2019 10:56:18    Page  002
 - - - - - - - - - - - - - - - - - - - - - - - - - - - - - - - - - - - - - -
 


  INPUT --- proc estimate link=Logit NOLOOP varest=2ndPart    ;


  INPUT --- model={ p(~LWD)Psi(~avdep) };

  INPUT ---    group=1 p    rows=1 cols=3 Square ;
  INPUT ---        1 1 1 ;

  INPUT ---    group=1 Psi    rows=1 cols=1 Square ;
  INPUT ---        2 ;

  INPUT ---    design matrix constraints=2 covariates=4;
  INPUT ---        1 LWD 0 0;
  INPUT ---        0 0 1 avdep;
  INPUT ---       blabel(1)=p:(Intercept);
  INPUT ---       blabel(2)=p:LWD;
  INPUT ---       blabel(3)=Psi:(Intercept);
  INPUT ---       blabel(4)=Psi:avdep;
  INPUT ---       rlabel(1)=p g1 a0 t1;
  INPUT ---       rlabel(2)=Psi g1 a0 t1;

 Link Function Used is LOGIT        

 Variance Estimation Procedure Used is 2ndPart 
 -2logL(saturated) = 0.0000000     
 Effective Sample Size = 138

 Number of function evaluations was 13 for 4 parameters.
 Time for numerical optimization was 0.02 seconds.     
 -2logL { p(~LWD)Psi(~avdep) } = 175.39227     
 Penalty { p(~LWD)Psi(~avdep) } = 0.0000000     
 Gradient { p(~LWD)Psi(~avdep) }:
  0.1039543E-05   0.000000      0.6504330E-06   0.000000    
 Maximum ABS(G) { p(~LWD)Psi(~avdep) } = 0.1039543E-05 
 S Vector { p(~LWD)Psi(~avdep) }:
   17.48523      9.987224     0.2909600     0.1350734    
 Time to compute number of parameters was 0.01 seconds.     
 Ratio Threshold = 50.000000       Max Gap (2/3) = 34.325076       Next Max Gap (3/4) = 2.1540886     
 Gap Method for Num. of Estimated Parameters { p(~LWD)Psi(~avdep) } = 4          
 Threshold { p(~LWD)Psi(~avdep) } = 0.2079086E-05                 
 Numerical Threshold Method for Num. of Estimated Parameters { p(~LWD)Psi(~avdep) } = 4          
 Number of Estimated Parameters { p(~LWD)Psi(~avdep) } = 4          
 DEVIANCE { p(~LWD)Psi(~avdep) } = 175.39227                     
 DEVIANCE Degrees of Freedom { p(~LWD)Psi(~avdep) } = 134            
 c-hat { p(~LWD)Psi(~avdep) } = 1.3088975                     
 AIC { p(~LWD)Psi(~avdep) } = 183.39227                  
 AICc { p(~LWD)Psi(~avdep) } = 183.69302                    
 BIC { p(~LWD)Psi(~avdep) } = 195.10128                    
 Pearson Chisquare { p(~LWD)Psi(~avdep) } = 1095.6044                  


                    LOGIT Link Function Parameters of { p(~LWD)Psi(~avdep) }
                                                              95% Confidence Interval
 Parameter                    Beta         Standard Error      Lower           Upper
 -------------------------  --------------  --------------  --------------  --------------
    1:p:(Intercept)          0.8347956       0.4597332      -0.0662815       1.7358727    
    2:p:LWD                  0.6233063       1.8234609      -2.9506772       4.1972898    
    3:Psi:(Intercept)       -1.9324293       0.7263491      -3.3560736      -0.5087851    

  Program  MARK  - Survival Rate Estimation with Capture-Recapture Data
   gfortran(dble) Vers. 9.0 Mar 2018     3-Dec-2019 10:56:18    Page  003
 - - - - - - - - - - - - - - - - - - - - - - - - - - - - - - - - - - - - - -
 
    4:Psi:avdep              0.4756285       2.6331833      -4.6854109       5.6366678    


                    Real Function Parameters of { p(~LWD)Psi(~avdep) }

      Following estimates based on unstandardized individual covariate values:
          Variable   Value         
          ---------  ------------- 
          LWD         0.2273503    
          AVDEP       0.2562426    
                                                               95% Confidence Interval
  Parameter                  Estimate       Standard Error      Lower           Upper
 --------------------------  --------------  --------------  --------------  --------------
     1:p g1 a0 t1             0.7264141       0.0659297       0.5808555       0.8357202                          
     2:Psi g1 a0 t1           0.1405713       0.0300418       0.0912935       0.2102925                          


                      Estimates of Derived Parameters
              Occupancy Estimates of { p(~LWD)Psi(~avdep) }
                                            95% Confidence Interval
 Group   Psi-hat         Standard Error      Lower           Upper
 -----   --------------  --------------  --------------  --------------
   1      0.1405713       0.0300418       0.0912935       0.2102925    

   CPU Time for the last procedure was 0.02 seconds.     

  Program  MARK  - Survival Rate Estimation with Capture-Recapture Data
   gfortran(dble) Vers. 9.0 Mar 2018     3-Dec-2019 10:56:18    Page  004
 - - - - - - - - - - - - - - - - - - - - - - - - - - - - - - - - - - - - - -
 


  INPUT --- proc stop;

     CPU Time in minutes for this job was 0.00

     Time Start = 10:56:18.919   Time End = 10:56:18.938

     Wall Clock Time in minutes for this job was 0.00


          E X E C U T I O N   S U C C E S S F U L 
