
   Program  MARK  - Survival Rate Estimation with Capture-Recapture Data
   gfortran(dble) Vers. 9.0 Mar 2018     3-Dec-2019 11:03:32    Page  001
 - - - - - - - - - - - - - - - - - - - - - - - - - - - - - - - - - - - - - -
 
   This version was compiled by GCC version 7.2.0 using the options: 
     -cpp -iprefix C:/Program Files/mingw-w64/x86_64-7.2.0-posix-seh-rt_v5-rev1/
     mingw64/bin/../lib/gcc/x86_64-w64-mingw32/7.2.0/ -D_MT -D_REENTRANT
     -U_REENTRANT -D IEEE -D DBLEPRECISION -m64 -mtune=core2 -march=nocona -mthreads
     -O2 -fimplicit-none -fbounds-check -funroll-loops -ftree-vectorize
     -ffpe-summary=invalid,zero,overflow,underflow -fno-unsafe-math-optimizations
     -frounding-math -fsignaling-nans -fopenmp.

   This problem will use 7 of 8 possible threads.


  INPUT --- proc title ;

   CPU Time for the last procedure was 0.01 seconds.     


  INPUT --- proc chmatrix occasions= 3 groups= 1 etype= Occupancy 
  INPUT --- Nodes= 101 icovar = 5 ICMeans  NoHist hist= 138 ;

  INPUT ---    time interval 1 1 1 ;

  INPUT ---     icovariates mxdep1 mxdep2 mxdep3 pctex21 Sinuosity ;

  INPUT ---    glabel(1)=freq1;

      Number of unique encounter histories read was 138.

      Number of individual covariates read was 5.
      Time interval lengths are all equal to 1.

      Data type number is 27
      Data type is Occupancy Estimation with Detection < 1                                                             

   CPU Time for the last procedure was 0.01 seconds.     

  Program  MARK  - Survival Rate Estimation with Capture-Recapture Data
   gfortran(dble) Vers. 9.0 Mar 2018     3-Dec-2019 11:03:32    Page  002
 - - - - - - - - - - - - - - - - - - - - - - - - - - - - - - - - - - - - - -
 


  INPUT --- proc estimate link=Logit NOLOOP varest=2ndPart    ;


  INPUT --- model={ p(~mxdep)Psi(~pctex21 + Sinuosity) };

  INPUT ---    group=1 p    rows=1 cols=3 Square ;
  INPUT ---        1 2 3 ;

  INPUT ---    group=1 Psi    rows=1 cols=1 Square ;
  INPUT ---        4 ;

  INPUT ---    design matrix constraints=4 covariates=5;
  INPUT ---        1 mxdep1 0 0 0;
  INPUT ---        1 mxdep2 0 0 0;
  INPUT ---        1 mxdep3 0 0 0;
  INPUT ---        0 0 1 pctex21 Sinuosity;
  INPUT ---       blabel(1)=p:(Intercept);
  INPUT ---       blabel(2)=p:mxdep;
  INPUT ---       blabel(3)=Psi:(Intercept);
  INPUT ---       blabel(4)=Psi:pctex21;
  INPUT ---       blabel(5)=Psi:Sinuosity;
  INPUT ---       rlabel(1)=p g1 a0 t1;
  INPUT ---       rlabel(2)=p g1 a1 t2;
  INPUT ---       rlabel(3)=p g1 a2 t3;
  INPUT ---       rlabel(4)=Psi g1 a0 t1;

 Link Function Used is LOGIT        

 Variance Estimation Procedure Used is 2ndPart 
 -2logL(saturated) = 0.0000000     
 Effective Sample Size = 138

 Number of function evaluations was 32 for 5 parameters.
 Time for numerical optimization was 0.03 seconds.     
 -2logL { p(~mxdep)Psi(~pctex21 + Sinuosity) } = 147.36938     
 Penalty { p(~mxdep)Psi(~pctex21 + Sinuosity) } = 0.0000000     
 Gradient { p(~mxdep)Psi(~pctex21 + Sinuosity) }:
   0.000000     -0.2879775E-07  0.8370695E-06 -0.1889092E-06   0.000000    
 Maximum ABS(G) { p(~mxdep)Psi(~pctex21 + Sinuosity) } = 0.8370695E-06 
 S Vector { p(~mxdep)Psi(~pctex21 + Sinuosity) }:
   18.19918      8.374842     0.5411516E-01 0.2039732E-01 0.1120706E-02
 Time to compute number of parameters was 0.01 seconds.     
 Ratio Threshold = 50.000000       Max Gap (2/3) = 154.75962       Next Max Gap (4/5) = 18.200424     
 Gap Method for Num. of Estimated Parameters { p(~mxdep)Psi(~pctex21 + Sinuosity) } = 2          
 Threshold { p(~mxdep)Psi(~pctex21 + Sinuosity) } = 0.1674139E-05                 
 Numerical Threshold Method for Num. of Estimated Parameters { p(~mxdep)Psi(~pctex21 + Sinuosity) } = 5          
 Number of Estimated Parameters { p(~mxdep)Psi(~pctex21 + Sinuosity) } = 5          

   * *  WARNING  * *   Number of parameters estimated from gap method (=2) and threshold method (=5) differ.  Inspect full output.                                                                                                                                                                                                                                                                                                                                                                                                                      

  Program  MARK  - Survival Rate Estimation with Capture-Recapture Data
   gfortran(dble) Vers. 9.0 Mar 2018     3-Dec-2019 11:03:33    Page  003
 - - - - - - - - - - - - - - - - - - - - - - - - - - - - - - - - - - - - - -
 
 Ratios of S Vector { p(~mxdep)Psi(~pctex21 + Sinuosity) }:
   1/2    2.173078       2/3    154.7596       3/4    2.653052       4/5    18.20042    
 DEVIANCE { p(~mxdep)Psi(~pctex21 + Sinuosity) } = 147.36938                     
 DEVIANCE Degrees of Freedom { p(~mxdep)Psi(~pctex21 + Sinuosity) } = 133            
 c-hat { p(~mxdep)Psi(~pctex21 + Sinuosity) } = 1.1080404                     
 AIC { p(~mxdep)Psi(~pctex21 + Sinuosity) } = 157.36938                  
 AICc { p(~mxdep)Psi(~pctex21 + Sinuosity) } = 157.82392                    
 BIC { p(~mxdep)Psi(~pctex21 + Sinuosity) } = 172.00565                    
 Pearson Chisquare { p(~mxdep)Psi(~pctex21 + Sinuosity) } = 719.36888                  


            LOGIT Link Function Parameters of { p(~mxdep)Psi(~pctex21 + Sinuosity) }
                                                              95% Confidence Interval
 Parameter                    Beta         Standard Error      Lower           Upper
 -------------------------  --------------  --------------  --------------  --------------
    1:p:(Intercept)         -1.1266966       0.9523660      -2.9933340       0.7399407    
    2:p:mxdep                4.0770349       1.8661276       0.4194247       7.7346450    
    3:Psi:(Intercept)       -1.2786026       2.0952388      -5.3852707       2.8280655    
    4:Psi:pctex21           -0.6197687       0.2260563      -1.0628391      -0.1766983    
    5:Psi:Sinuosity          0.4035146       1.6859716      -2.9009898       3.7080191    


            Real Function Parameters of { p(~mxdep)Psi(~pctex21 + Sinuosity) }

      Following estimates based on unstandardized individual covariate values:
          Variable   Value         
          ---------  ------------- 
          MXDEP1      0.5167391    
          MXDEP2      0.4846377    
          MXDEP3      0.6304348    
          PCTEX21     4.8306834    
          SINUOSITY   1.2535645    
                                                               95% Confidence Interval
  Parameter                  Estimate       Standard Error      Lower           Upper
 --------------------------  --------------  --------------  --------------  --------------
     1:p g1 a0 t1             0.7271215       0.0697738       0.5721980       0.8414837                          
     2:p g1 a1 t2             0.7003968       0.0721274       0.5437601       0.8209632                          
     3:p g1 a2 t3             0.8090127       0.0692580       0.6376221       0.9106956                          
     4:Psi g1 a0 t1           0.0226059       0.0217431       0.0033499       0.1373016                          


                      Estimates of Derived Parameters
      Occupancy Estimates of { p(~mxdep)Psi(~pctex21 + Sinuosity) }
                                            95% Confidence Interval
 Group   Psi-hat         Standard Error      Lower           Upper
 -----   --------------  --------------  --------------  --------------
   1      0.0226059       0.0217431       0.0033499       0.1373016    

 Attempted ordering of parameters by estimatibility:
  3 1 5 4 2
 Beta number 2 is a singular value.

   CPU Time for the last procedure was 0.03 seconds.     

  Program  MARK  - Survival Rate Estimation with Capture-Recapture Data
   gfortran(dble) Vers. 9.0 Mar 2018     3-Dec-2019 11:03:33    Page  004
 - - - - - - - - - - - - - - - - - - - - - - - - - - - - - - - - - - - - - -
 


  INPUT --- proc stop;

     CPU Time in minutes for this job was 0.00

     Time Start = 11:03:32.658   Time End = 11:03:33.649

     Wall Clock Time in minutes for this job was 0.02


          E X E C U T I O N   S U C C E S S F U L 
