
   Program  MARK  - Survival Rate Estimation with Capture-Recapture Data
   gfortran(dble) Vers. 9.0 Mar 2018     3-Dec-2019 10:55:06    Page  001
 - - - - - - - - - - - - - - - - - - - - - - - - - - - - - - - - - - - - - -
 
   This version was compiled by GCC version 7.2.0 using the options: 
     -cpp -iprefix C:/Program Files/mingw-w64/x86_64-7.2.0-posix-seh-rt_v5-rev1/
     mingw64/bin/../lib/gcc/x86_64-w64-mingw32/7.2.0/ -D_MT -D_REENTRANT
     -U_REENTRANT -D IEEE -D DBLEPRECISION -m64 -mtune=core2 -march=nocona -mthreads
     -O2 -fimplicit-none -fbounds-check -funroll-loops -ftree-vectorize
     -ffpe-summary=invalid,zero,overflow,underflow -fno-unsafe-math-optimizations
     -frounding-math -fsignaling-nans -fopenmp.

   This problem will use 7 of 8 possible threads.


  INPUT --- proc title ;

   CPU Time for the last procedure was 0.01 seconds.     


  INPUT --- proc chmatrix occasions= 3 groups= 1 etype= Occupancy 
  INPUT --- Nodes= 101 icovar = 7 ICMeans  NoHist hist= 138 ;

  INPUT ---    time interval 1 1 1 ;

  INPUT ---     icovariates effort1 effort2 effort3 mxflow1 mxflow2  
  INPUT ---    mxflow3 pctBrBnk ;

  INPUT ---    glabel(1)=freq1;

      Number of unique encounter histories read was 138.

      Number of individual covariates read was 7.
      Time interval lengths are all equal to 1.

      Data type number is 27
      Data type is Occupancy Estimation with Detection < 1                                                             

   CPU Time for the last procedure was 0.01 seconds.     

  Program  MARK  - Survival Rate Estimation with Capture-Recapture Data
   gfortran(dble) Vers. 9.0 Mar 2018     3-Dec-2019 10:55:06    Page  002
 - - - - - - - - - - - - - - - - - - - - - - - - - - - - - - - - - - - - - -
 


  INPUT --- proc estimate link=Logit NOLOOP varest=2ndPart    ;


  INPUT --- model={ p(~effort + mxflow)Psi(~pctBrBnk) };

  INPUT ---    group=1 p    rows=1 cols=3 Square ;
  INPUT ---        1 2 3 ;

  INPUT ---    group=1 Psi    rows=1 cols=1 Square ;
  INPUT ---        4 ;

  INPUT ---    design matrix constraints=4 covariates=5;
  INPUT ---        1 effort1 mxflow1 0 0;
  INPUT ---        1 effort2 mxflow2 0 0;
  INPUT ---        1 effort3 mxflow3 0 0;
  INPUT ---        0 0 0 1 pctBrBnk;
  INPUT ---       blabel(1)=p:(Intercept);
  INPUT ---       blabel(2)=p:effort;
  INPUT ---       blabel(3)=p:mxflow;
  INPUT ---       blabel(4)=Psi:(Intercept);
  INPUT ---       blabel(5)=Psi:pctBrBnk;
  INPUT ---       rlabel(1)=p g1 a0 t1;
  INPUT ---       rlabel(2)=p g1 a1 t2;
  INPUT ---       rlabel(3)=p g1 a2 t3;
  INPUT ---       rlabel(4)=Psi g1 a0 t1;

 Link Function Used is LOGIT        

 Variance Estimation Procedure Used is 2ndPart 
 -2logL(saturated) = 0.0000000     
 Effective Sample Size = 138

 Number of function evaluations was 30 for 5 parameters.
 Time for numerical optimization was 0.09 seconds.     
 -2logL { p(~effort + mxflow)Psi(~pctBrBnk) } = 161.90362     
 Penalty { p(~effort + mxflow)Psi(~pctBrBnk) } = 0.0000000     
 Gradient { p(~effort + mxflow)Psi(~pctBrBnk) }:
 -0.1792090E-05 -0.4841246E-06   0.000000       0.000000       0.000000    
 Maximum ABS(G) { p(~effort + mxflow)Psi(~pctBrBnk) } = 0.1792090E-05 
 S Vector { p(~effort + mxflow)Psi(~pctBrBnk) }:
   16.27516      7.734491     0.2673774     0.9620517E-01 0.1162151E-03
 Time to compute number of parameters was 0.01 seconds.     
 Ratio Threshold = 50.000000       Max Gap (4/5) = 827.82021       Next Max Gap (2/3) = 28.927247     
 Gap Method for Num. of Estimated Parameters { p(~effort + mxflow)Psi(~pctBrBnk) } = 4          
 Threshold { p(~effort + mxflow)Psi(~pctBrBnk) } = 0.3584181E-05                 
 Numerical Threshold Method for Num. of Estimated Parameters { p(~effort + mxflow)Psi(~pctBrBnk) } = 5          
 Number of Estimated Parameters { p(~effort + mxflow)Psi(~pctBrBnk) } = 5          

   * *  WARNING  * *   Number of parameters estimated from gap method (=4) and threshold method (=5) differ.  Inspect full output.                                                                                                                                                                                                                                                                                                                                                                                                                      

  Program  MARK  - Survival Rate Estimation with Capture-Recapture Data
   gfortran(dble) Vers. 9.0 Mar 2018     3-Dec-2019 10:55:07    Page  003
 - - - - - - - - - - - - - - - - - - - - - - - - - - - - - - - - - - - - - -
 
 Ratios of S Vector { p(~effort + mxflow)Psi(~pctBrBnk) }:
   1/2    2.104231       2/3    28.92725       3/4    2.779241       4/5    827.8202    
 DEVIANCE { p(~effort + mxflow)Psi(~pctBrBnk) } = 161.90362                     
 DEVIANCE Degrees of Freedom { p(~effort + mxflow)Psi(~pctBrBnk) } = 133            
 c-hat { p(~effort + mxflow)Psi(~pctBrBnk) } = 1.2173205                     
 AIC { p(~effort + mxflow)Psi(~pctBrBnk) } = 171.90362                  
 AICc { p(~effort + mxflow)Psi(~pctBrBnk) } = 172.35817                    
 BIC { p(~effort + mxflow)Psi(~pctBrBnk) } = 186.53989                    
 Pearson Chisquare { p(~effort + mxflow)Psi(~pctBrBnk) } = 951.93845                  


            LOGIT Link Function Parameters of { p(~effort + mxflow)Psi(~pctBrBnk) }
                                                              95% Confidence Interval
 Parameter                    Beta         Standard Error      Lower           Upper
 -------------------------  --------------  --------------  --------------  --------------
    1:p:(Intercept)         -0.0643148       0.9734540      -1.9722848       1.8436551    
    2:p:effort               0.0017251       0.8045393E-03   0.1481725E-03   0.0033020    
    3:p:mxflow              -0.7880003       1.4054191      -3.5426217       1.9666212    
    4:Psi:(Intercept)       -0.7277923       0.4614577      -1.6322494       0.1766648    
    5:Psi:pctBrBnk          -1.4143067       0.6011519      -2.5925645      -0.2360490    


            Real Function Parameters of { p(~effort + mxflow)Psi(~pctBrBnk) }

      Following estimates based on unstandardized individual covariate values:
          Variable   Value         
          ---------  ------------- 
          EFFORT1     906.23188    
          EFFORT2     834.18841    
          EFFORT3     818.18116    
          MXFLOW1     0.8952899    
          MXFLOW2     1.0911594    
          MXFLOW3     0.5689855    
          PCTBRBNK    0.8740586    
                                                               95% Confidence Interval
  Parameter                  Estimate       Standard Error      Lower           Upper
 --------------------------  --------------  --------------  --------------  --------------
     1:p g1 a0 t1             0.6885844       0.1271830       0.4087885       0.8760989                          
     2:p g1 a1 t2             0.6259508       0.1927363       0.2500122       0.8936250                          
     3:p g1 a2 t3             0.7106913       0.0752604       0.5452045       0.8342669                          
     4:Psi g1 a0 t1           0.1230370       0.0326120       0.0719990       0.2023651                          


                      Estimates of Derived Parameters
       Occupancy Estimates of { p(~effort + mxflow)Psi(~pctBrBnk) }
                                            95% Confidence Interval
 Group   Psi-hat         Standard Error      Lower           Upper
 -----   --------------  --------------  --------------  --------------
   1      0.1230370       0.0326120       0.0719990       0.2023651    

 Attempted ordering of parameters by estimatibility:
  4 1 5 2 3
 Beta number 3 is a singular value.

   CPU Time for the last procedure was 0.09 seconds.     

  Program  MARK  - Survival Rate Estimation with Capture-Recapture Data
   gfortran(dble) Vers. 9.0 Mar 2018     3-Dec-2019 10:55:07    Page  004
 - - - - - - - - - - - - - - - - - - - - - - - - - - - - - - - - - - - - - -
 


  INPUT --- proc stop;

     CPU Time in minutes for this job was 0.00

     Time Start = 10:55:06.513   Time End = 10:55:07.275

     Wall Clock Time in minutes for this job was 0.01


          E X E C U T I O N   S U C C E S S F U L 
