
   Program  MARK  - Survival Rate Estimation with Capture-Recapture Data
   gfortran(dble) Vers. 9.0 Mar 2018     3-Dec-2019 11:04:25    Page  001
 - - - - - - - - - - - - - - - - - - - - - - - - - - - - - - - - - - - - - -
 
   This version was compiled by GCC version 7.2.0 using the options: 
     -cpp -iprefix C:/Program Files/mingw-w64/x86_64-7.2.0-posix-seh-rt_v5-rev1/
     mingw64/bin/../lib/gcc/x86_64-w64-mingw32/7.2.0/ -D_MT -D_REENTRANT
     -U_REENTRANT -D IEEE -D DBLEPRECISION -m64 -mtune=core2 -march=nocona -mthreads
     -O2 -fimplicit-none -fbounds-check -funroll-loops -ftree-vectorize
     -ffpe-summary=invalid,zero,overflow,underflow -fno-unsafe-math-optimizations
     -frounding-math -fsignaling-nans -fopenmp.

   This problem will use 7 of 8 possible threads.


  INPUT --- proc title ;

   CPU Time for the last procedure was 0.02 seconds.     


  INPUT --- proc chmatrix occasions= 3 groups= 1 etype= Occupancy 
  INPUT --- Nodes= 101 icovar = 6 ICMeans  NoHist hist= 138 ;

  INPUT ---    time interval 1 1 1 ;

  INPUT ---     icovariates effort1 effort2 effort3 under pctex21 pctslow  
  INPUT ---    ;

  INPUT ---    glabel(1)=freq1;

      Number of unique encounter histories read was 138.

      Number of individual covariates read was 6.
      Time interval lengths are all equal to 1.

      Data type number is 27
      Data type is Occupancy Estimation with Detection < 1                                                             

   CPU Time for the last procedure was 0.01 seconds.     

  Program  MARK  - Survival Rate Estimation with Capture-Recapture Data
   gfortran(dble) Vers. 9.0 Mar 2018     3-Dec-2019 11:04:25    Page  002
 - - - - - - - - - - - - - - - - - - - - - - - - - - - - - - - - - - - - - -
 


  INPUT --- proc estimate link=Logit NOLOOP varest=2ndPart    ;


  INPUT --- model={ p(~effort + under)Psi(~pctex21 + pctslow) };

  INPUT ---    group=1 p    rows=1 cols=3 Square ;
  INPUT ---        1 2 3 ;

  INPUT ---    group=1 Psi    rows=1 cols=1 Square ;
  INPUT ---        4 ;

  INPUT ---    design matrix constraints=4 covariates=6;
  INPUT ---        1 effort1 under 0 0 0;
  INPUT ---        1 effort2 under 0 0 0;
  INPUT ---        1 effort3 under 0 0 0;
  INPUT ---        0 0 0 1 pctex21 pctslow;
  INPUT ---       blabel(1)=p:(Intercept);
  INPUT ---       blabel(2)=p:effort;
  INPUT ---       blabel(3)=p:under;
  INPUT ---       blabel(4)=Psi:(Intercept);
  INPUT ---       blabel(5)=Psi:pctex21;
  INPUT ---       blabel(6)=Psi:pctslow;
  INPUT ---       rlabel(1)=p g1 a0 t1;
  INPUT ---       rlabel(2)=p g1 a1 t2;
  INPUT ---       rlabel(3)=p g1 a2 t3;
  INPUT ---       rlabel(4)=Psi g1 a0 t1;

 Link Function Used is LOGIT        

 Variance Estimation Procedure Used is 2ndPart 
 -2logL(saturated) = 0.0000000     
 Effective Sample Size = 138

 Number of function evaluations was 24 for 6 parameters.
 Time for numerical optimization was 0.19 seconds.     
 -2logL { p(~effort + under)Psi(~pctex21 + pctslow) } = 145.57350     
 Penalty { p(~effort + under)Psi(~pctex21 + pctslow) } = 0.0000000     
 Gradient { p(~effort + under)Psi(~pctex21 + pctslow) }:
   0.000000       0.000000       0.000000     -0.8942151E-06 -0.9194921E-07
   0.000000    
 Maximum ABS(G) { p(~effort + under)Psi(~pctex21 + pctslow) } = 0.8942151E-06 
 S Vector { p(~effort + under)Psi(~pctex21 + pctslow) }:
   15.95304      8.307051     0.6985761     0.4584504     0.9473382E-01
  0.1938759E-01
 Time to compute number of parameters was 0.01 seconds.     
 Ratio Threshold = 50.000000       Max Gap (2/3) = 11.891404       Next Max Gap (5/6) = 4.8863130     
 Gap Method for Num. of Estimated Parameters { p(~effort + under)Psi(~pctex21 + pctslow) } = 6          
 Threshold { p(~effort + under)Psi(~pctex21 + pctslow) } = 0.1788430E-05                 
 Numerical Threshold Method for Num. of Estimated Parameters { p(~effort + under)Psi(~pctex21 + pctslow) } = 6          
 Number of Estimated Parameters { p(~effort + under)Psi(~pctex21 + pctslow) } = 6          
 DEVIANCE { p(~effort + under)Psi(~pctex21 + pctslow) } = 145.57350                     
 DEVIANCE Degrees of Freedom { p(~effort + under)Psi(~pctex21 + pctslow) } = 132            
 c-hat { p(~effort + under)Psi(~pctex21 + pctslow) } = 1.1028295                     
 AIC { p(~effort + under)Psi(~pctex21 + pctslow) } = 157.57350                  
 AICc { p(~effort + under)Psi(~pctex21 + pctslow) } = 158.21472                    
 BIC { p(~effort + under)Psi(~pctex21 + pctslow) } = 175.13702                    
 Pearson Chisquare { p(~effort + under)Psi(~pctex21 + pctslow) } = 603.42864                  

  Program  MARK  - Survival Rate Estimation with Capture-Recapture Data
   gfortran(dble) Vers. 9.0 Mar 2018     3-Dec-2019 11:04:26    Page  003
 - - - - - - - - - - - - - - - - - - - - - - - - - - - - - - - - - - - - - -
 


        LOGIT Link Function Parameters of { p(~effort + under)Psi(~pctex21 + pctslow) }
                                                              95% Confidence Interval
 Parameter                    Beta         Standard Error      Lower           Upper
 -------------------------  --------------  --------------  --------------  --------------
    1:p:(Intercept)         -0.5775069       0.7743217      -2.0951775       0.9401636    
    2:p:effort               0.0016456       0.8021554E-03   0.7336129E-04   0.0032178    
    3:p:under                0.1712291       0.5885824      -0.9823925       1.3248506    
    4:Psi:(Intercept)       -1.1329864       0.5182597      -2.1487755      -0.1171974    
    5:Psi:pctex21           -0.6375356       0.2318357      -1.0919337      -0.1831376    
    6:Psi:pctslow            0.0142323       0.0141760      -0.0135527       0.0420173    


        Real Function Parameters of { p(~effort + under)Psi(~pctex21 + pctslow) }

      Following estimates based on unstandardized individual covariate values:
          Variable   Value         
          ---------  ------------- 
          EFFORT1     906.23188    
          EFFORT2     834.18841    
          EFFORT3     818.18116    
          UNDER       0.5466074    
          PCTEX21     4.8306834    
          PCTSLOW     25.664251    
                                                               95% Confidence Interval
  Parameter                  Estimate       Standard Error      Lower           Upper
 --------------------------  --------------  --------------  --------------  --------------
     1:p g1 a0 t1             0.7325052       0.0794450       0.5529711       0.8583993                          
     2:p g1 a1 t2             0.7086459       0.0801402       0.5319668       0.8388359                          
     3:p g1 a2 t3             0.7031776       0.0804358       0.5267577       0.8344939                          
     4:Psi g1 a0 t1           0.0208883       0.0206374       0.0029434       0.1335777                          


                      Estimates of Derived Parameters
   Occupancy Estimates of { p(~effort + under)Psi(~pctex21 + pctslow) }
                                            95% Confidence Interval
 Group   Psi-hat         Standard Error      Lower           Upper
 -----   --------------  --------------  --------------  --------------
   1      0.0208883       0.0206374       0.0029434       0.1335777    

   CPU Time for the last procedure was 0.19 seconds.     

  Program  MARK  - Survival Rate Estimation with Capture-Recapture Data
   gfortran(dble) Vers. 9.0 Mar 2018     3-Dec-2019 11:04:26    Page  004
 - - - - - - - - - - - - - - - - - - - - - - - - - - - - - - - - - - - - - -
 


  INPUT --- proc stop;

     CPU Time in minutes for this job was 0.00

     Time Start = 11:04:25.963   Time End = 11:04:26.076

     Wall Clock Time in minutes for this job was 0.00


          E X E C U T I O N   S U C C E S S F U L 
