
   Program  MARK  - Survival Rate Estimation with Capture-Recapture Data
   gfortran(dble) Vers. 9.0 Mar 2018     3-Dec-2019 11:10:26    Page  001
 - - - - - - - - - - - - - - - - - - - - - - - - - - - - - - - - - - - - - -
 
   This version was compiled by GCC version 7.2.0 using the options: 
     -cpp -iprefix C:/Program Files/mingw-w64/x86_64-7.2.0-posix-seh-rt_v5-rev1/
     mingw64/bin/../lib/gcc/x86_64-w64-mingw32/7.2.0/ -D_MT -D_REENTRANT
     -U_REENTRANT -D IEEE -D DBLEPRECISION -m64 -mtune=core2 -march=nocona -mthreads
     -O2 -fimplicit-none -fbounds-check -funroll-loops -ftree-vectorize
     -ffpe-summary=invalid,zero,overflow,underflow -fno-unsafe-math-optimizations
     -frounding-math -fsignaling-nans -fopenmp.

   This problem will use 7 of 8 possible threads.


  INPUT --- proc title ;

   CPU Time for the last procedure was 0.01 seconds.     


  INPUT --- proc chmatrix occasions= 3 groups= 1 etype= Occupancy 
  INPUT --- Nodes= 101 icovar = 4 ICMeans  NoHist hist= 138 ;

  INPUT ---    time interval 1 1 1 ;

  INPUT ---     icovariates mxdep1 mxdep2 mxdep3 pctVertbnk ;

  INPUT ---    glabel(1)=freq1;

      Number of unique encounter histories read was 138.

      Number of individual covariates read was 4.
      Time interval lengths are all equal to 1.

      Data type number is 27
      Data type is Occupancy Estimation with Detection < 1                                                             

   CPU Time for the last procedure was 0.02 seconds.     

  Program  MARK  - Survival Rate Estimation with Capture-Recapture Data
   gfortran(dble) Vers. 9.0 Mar 2018     3-Dec-2019 11:10:26    Page  002
 - - - - - - - - - - - - - - - - - - - - - - - - - - - - - - - - - - - - - -
 


  INPUT --- proc estimate link=Logit NOLOOP varest=2ndPart    ;


  INPUT --- model={ p(~mxdep)Psi(~pctVertbnk) };

  INPUT ---    group=1 p    rows=1 cols=3 Square ;
  INPUT ---        1 2 3 ;

  INPUT ---    group=1 Psi    rows=1 cols=1 Square ;
  INPUT ---        4 ;

  INPUT ---    design matrix constraints=4 covariates=4;
  INPUT ---        1 mxdep1 0 0;
  INPUT ---        1 mxdep2 0 0;
  INPUT ---        1 mxdep3 0 0;
  INPUT ---        0 0 1 pctVertbnk;
  INPUT ---       blabel(1)=p:(Intercept);
  INPUT ---       blabel(2)=p:mxdep;
  INPUT ---       blabel(3)=Psi:(Intercept);
  INPUT ---       blabel(4)=Psi:pctVertbnk;
  INPUT ---       rlabel(1)=p g1 a0 t1;
  INPUT ---       rlabel(2)=p g1 a1 t2;
  INPUT ---       rlabel(3)=p g1 a2 t3;
  INPUT ---       rlabel(4)=Psi g1 a0 t1;

 Link Function Used is LOGIT        

 Variance Estimation Procedure Used is 2ndPart 
 -2logL(saturated) = 0.0000000     
 Effective Sample Size = 138

 Number of function evaluations was 16 for 4 parameters.
 Time for numerical optimization was 0.01 seconds.     
 -2logL { p(~mxdep)Psi(~pctVertbnk) } = 169.43877     
 Penalty { p(~mxdep)Psi(~pctVertbnk) } = 0.0000000     
 Gradient { p(~mxdep)Psi(~pctVertbnk) }:
  0.1791182E-05  0.2877772E-07  0.7104322E-06  0.2700737E-05
 Maximum ABS(G) { p(~mxdep)Psi(~pctVertbnk) } = 0.2700737E-05 
 S Vector { p(~mxdep)Psi(~pctVertbnk) }:
   17.30028      8.347979     0.6654354     0.1112685E-02
 Time to compute number of parameters was 0.01 seconds.     
 Ratio Threshold = 50.000000       Max Gap (3/4) = 598.04487       Next Max Gap (2/3) = 12.545137     
 Gap Method for Num. of Estimated Parameters { p(~mxdep)Psi(~pctVertbnk) } = 3          
 Threshold { p(~mxdep)Psi(~pctVertbnk) } = 0.5401474E-05                 
 Numerical Threshold Method for Num. of Estimated Parameters { p(~mxdep)Psi(~pctVertbnk) } = 4          
 Number of Estimated Parameters { p(~mxdep)Psi(~pctVertbnk) } = 4          

   * *  WARNING  * *   Number of parameters estimated from gap method (=3) and threshold method (=4) differ.  Inspect full output.                                                                                                                                                                                                                                                                                                                                                                                                                      
 Ratios of S Vector { p(~mxdep)Psi(~pctVertbnk) }:
   1/2    2.072392       2/3    12.54514       3/4    598.0449    
 DEVIANCE { p(~mxdep)Psi(~pctVertbnk) } = 169.43877                     
 DEVIANCE Degrees of Freedom { p(~mxdep)Psi(~pctVertbnk) } = 134            
 c-hat { p(~mxdep)Psi(~pctVertbnk) } = 1.2644684                     
 AIC { p(~mxdep)Psi(~pctVertbnk) } = 177.43877                  
 AICc { p(~mxdep)Psi(~pctVertbnk) } = 177.73952                    
 BIC { p(~mxdep)Psi(~pctVertbnk) } = 189.14778                    
 Pearson Chisquare { p(~mxdep)Psi(~pctVertbnk) } = 1094.2544                  

  Program  MARK  - Survival Rate Estimation with Capture-Recapture Data
   gfortran(dble) Vers. 9.0 Mar 2018     3-Dec-2019 11:10:27    Page  003
 - - - - - - - - - - - - - - - - - - - - - - - - - - - - - - - - - - - - - -
 


                LOGIT Link Function Parameters of { p(~mxdep)Psi(~pctVertbnk) }
                                                              95% Confidence Interval
 Parameter                    Beta         Standard Error      Lower           Upper
 -------------------------  --------------  --------------  --------------  --------------
    1:p:(Intercept)         -1.1297097       0.9576167      -3.0066384       0.7472190    
    2:p:mxdep                4.0799165       1.8728373       0.4091552       7.7506777    
    3:Psi:(Intercept)       -1.6847720       0.3772583      -2.4241984      -0.9453457    
    4:Psi:pctVertbnk        -0.0065994       0.0190868      -0.0440096       0.0308107    


                Real Function Parameters of { p(~mxdep)Psi(~pctVertbnk) }

      Following estimates based on unstandardized individual covariate values:
          Variable   Value         
          ---------  ------------- 
          MXDEP1      0.5167391    
          MXDEP2      0.4846377    
          MXDEP3      0.6304348    
          PCTVERTBNK  15.307971    
                                                               95% Confidence Interval
  Parameter                  Estimate       Standard Error      Lower           Upper
 --------------------------  --------------  --------------  --------------  --------------
     1:p g1 a0 t1             0.7268190       0.0698937       0.5716516       0.8413747                          
     2:p g1 a1 t2             0.7000575       0.0723178       0.5430262       0.8209227                          
     3:p g1 a2 t3             0.8088278       0.0692922       0.6373954       0.9105807                          
     4:Psi g1 a0 t1           0.1435889       0.0309339       0.0928905       0.2153876                          


                      Estimates of Derived Parameters
           Occupancy Estimates of { p(~mxdep)Psi(~pctVertbnk) }
                                            95% Confidence Interval
 Group   Psi-hat         Standard Error      Lower           Upper
 -----   --------------  --------------  --------------  --------------
   1      0.1435889       0.0309339       0.0928905       0.2153876    

 Attempted ordering of parameters by estimatibility:
  3 1 4 2
 Beta number 2 is a singular value.

   CPU Time for the last procedure was 0.01 seconds.     

  Program  MARK  - Survival Rate Estimation with Capture-Recapture Data
   gfortran(dble) Vers. 9.0 Mar 2018     3-Dec-2019 11:10:27    Page  004
 - - - - - - - - - - - - - - - - - - - - - - - - - - - - - - - - - - - - - -
 


  INPUT --- proc stop;

     CPU Time in minutes for this job was 0.00

     Time Start = 11:10:26.660   Time End = 11:10:27.349

     Wall Clock Time in minutes for this job was 0.01


          E X E C U T I O N   S U C C E S S F U L 
