
   Program  MARK  - Survival Rate Estimation with Capture-Recapture Data
   gfortran(dble) Vers. 9.0 Mar 2018     3-Dec-2019 12:24:30    Page  001
 - - - - - - - - - - - - - - - - - - - - - - - - - - - - - - - - - - - - - -
 
   This version was compiled by GCC version 7.2.0 using the options: 
     -cpp -iprefix C:/Program Files/mingw-w64/x86_64-7.2.0-posix-seh-rt_v5-rev1/
     mingw64/bin/../lib/gcc/x86_64-w64-mingw32/7.2.0/ -D_MT -D_REENTRANT
     -U_REENTRANT -D IEEE -D DBLEPRECISION -m64 -mtune=core2 -march=nocona -mthreads
     -O2 -fimplicit-none -fbounds-check -funroll-loops -ftree-vectorize
     -ffpe-summary=invalid,zero,overflow,underflow -fno-unsafe-math-optimizations
     -frounding-math -fsignaling-nans -fopenmp.

   This problem will use 7 of 8 possible threads.


  INPUT --- proc title ;

   CPU Time for the last procedure was 0.01 seconds.     


  INPUT --- proc chmatrix occasions= 3 groups= 1 etype= Occupancy 
  INPUT --- Nodes= 101 icovar = 3 ICMeans  NoHist hist= 138 ;

  INPUT ---    time interval 1 1 1 ;

  INPUT ---     icovariates HAiFLS_nat pctex21 pctShade ;

  INPUT ---    glabel(1)=freq1;

      Number of unique encounter histories read was 138.

      Number of individual covariates read was 3.
      Time interval lengths are all equal to 1.

      Data type number is 27
      Data type is Occupancy Estimation with Detection < 1                                                             

   CPU Time for the last procedure was 0.02 seconds.     

  Program  MARK  - Survival Rate Estimation with Capture-Recapture Data
   gfortran(dble) Vers. 9.0 Mar 2018     3-Dec-2019 12:24:30    Page  002
 - - - - - - - - - - - - - - - - - - - - - - - - - - - - - - - - - - - - - -
 


  INPUT --- proc estimate link=Logit NOLOOP varest=2ndPart    ;


  INPUT --- model={ p(~1)Psi(~HAiFLS_nat + pctex21 + pctShade) };

  INPUT ---    group=1 p    rows=1 cols=3 Square ;
  INPUT ---        1 1 1 ;

  INPUT ---    group=1 Psi    rows=1 cols=1 Square ;
  INPUT ---        2 ;

  INPUT ---    design matrix constraints=2 covariates=5;
  INPUT ---        1 0 0 0 0;
  INPUT ---        0 1 HAiFLS_nat pctex21 pctShade;
  INPUT ---       blabel(1)=p:(Intercept);
  INPUT ---       blabel(2)=Psi:(Intercept);
  INPUT ---       blabel(3)=Psi:HAiFLS_nat;
  INPUT ---       blabel(4)=Psi:pctex21;
  INPUT ---       blabel(5)=Psi:pctShade;
  INPUT ---       rlabel(1)=p g1 a0 t1;
  INPUT ---       rlabel(2)=Psi g1 a0 t1;

 Link Function Used is LOGIT        

 Variance Estimation Procedure Used is 2ndPart 
 -2logL(saturated) = 0.0000000     
 Effective Sample Size = 138

 Number of function evaluations was 20 for 5 parameters.
 Time for numerical optimization was 0.01 seconds.     
 -2logL { p(~1)Psi(~HAiFLS_nat + pctex21 + pctShade) } = 147.97017     
 Penalty { p(~1)Psi(~HAiFLS_nat + pctex21 + pctShade) } = 0.0000000     
 Gradient { p(~1)Psi(~HAiFLS_nat + pctex21 + pctShade) }:
   0.000000      0.7401714E-06  0.5784901E-06   0.000000     -0.1859035E-05
 Maximum ABS(G) { p(~1)Psi(~HAiFLS_nat + pctex21 + pctShade) } = 0.1859035E-05 
 S Vector { p(~1)Psi(~HAiFLS_nat + pctex21 + pctShade) }:
   19.19366      9.592812      1.118834     0.7644782     0.1545207E-01
 Time to compute number of parameters was 0.01 seconds.     
 Ratio Threshold = 50.000000       Max Gap (4/5) = 49.474167       Next Max Gap (2/3) = 8.5739392     
 Gap Method for Num. of Estimated Parameters { p(~1)Psi(~HAiFLS_nat + pctex21 + pctShade) } = 5          
 Threshold { p(~1)Psi(~HAiFLS_nat + pctex21 + pctShade) } = 0.3718070E-05                 
 Numerical Threshold Method for Num. of Estimated Parameters { p(~1)Psi(~HAiFLS_nat + pctex21 + pctShade) } = 5          
 Number of Estimated Parameters { p(~1)Psi(~HAiFLS_nat + pctex21 + pctShade) } = 5          
 DEVIANCE { p(~1)Psi(~HAiFLS_nat + pctex21 + pctShade) } = 147.97017                     
 DEVIANCE Degrees of Freedom { p(~1)Psi(~HAiFLS_nat + pctex21 + pctShade) } = 133            
 c-hat { p(~1)Psi(~HAiFLS_nat + pctex21 + pctShade) } = 1.1125577                     
 AIC { p(~1)Psi(~HAiFLS_nat + pctex21 + pctShade) } = 157.97017                  
 AICc { p(~1)Psi(~HAiFLS_nat + pctex21 + pctShade) } = 158.42472                    
 BIC { p(~1)Psi(~HAiFLS_nat + pctex21 + pctShade) } = 172.60644                    
 Pearson Chisquare { p(~1)Psi(~HAiFLS_nat + pctex21 + pctShade) } = 685.08812                  


        LOGIT Link Function Parameters of { p(~1)Psi(~HAiFLS_nat + pctex21 + pctShade) }
                                                              95% Confidence Interval
 Parameter                    Beta         Standard Error      Lower           Upper
 -------------------------  --------------  --------------  --------------  --------------

  Program  MARK  - Survival Rate Estimation with Capture-Recapture Data
   gfortran(dble) Vers. 9.0 Mar 2018     3-Dec-2019 12:24:30    Page  003
 - - - - - - - - - - - - - - - - - - - - - - - - - - - - - - - - - - - - - -
 
    1:p:(Intercept)          0.9453059       0.3219292       0.3143246       1.5762872    
    2:Psi:(Intercept)       -1.5769013       0.5811468      -2.7159490      -0.4378536    
    3:Psi:HAiFLS_nat         0.0229984       0.0106433       0.0021376       0.0438593    
    4:Psi:pctex21           -0.7387525       0.2595779      -1.2475251      -0.2299798    
    5:Psi:pctShade          -0.2614562E-03   0.0094473      -0.0187782       0.0182553    


        Real Function Parameters of { p(~1)Psi(~HAiFLS_nat + pctex21 + pctShade) }

      Following estimates based on unstandardized individual covariate values:
          Variable   Value         
          ---------  ------------- 
          HAIFLS_NAT  30.404180    
          PCTEX21     4.8306834    
          PCTSHADE    48.614931    
                                                               95% Confidence Interval
  Parameter                  Estimate       Standard Error      Lower           Upper
 --------------------------  --------------  --------------  --------------  --------------
     1:p g1 a0 t1             0.7201702       0.0648768       0.5779405       0.8286781                          
     2:Psi g1 a0 t1           0.0114410       0.0130634       0.0012016       0.1001816                          


                      Estimates of Derived Parameters
  Occupancy Estimates of { p(~1)Psi(~HAiFLS_nat + pctex21 + pctShade) }
                                            95% Confidence Interval
 Group   Psi-hat         Standard Error      Lower           Upper
 -----   --------------  --------------  --------------  --------------
   1      0.0114410       0.0130634       0.0012016       0.1001816    

   CPU Time for the last procedure was 0.01 seconds.     

  Program  MARK  - Survival Rate Estimation with Capture-Recapture Data
   gfortran(dble) Vers. 9.0 Mar 2018     3-Dec-2019 12:24:30    Page  004
 - - - - - - - - - - - - - - - - - - - - - - - - - - - - - - - - - - - - - -
 


  INPUT --- proc stop;

     CPU Time in minutes for this job was 0.00

     Time Start = 12:24:30.239   Time End = 12:24:30.394

     Wall Clock Time in minutes for this job was 0.00


          E X E C U T I O N   S U C C E S S F U L 
