
   Program  MARK  - Survival Rate Estimation with Capture-Recapture Data
   gfortran(dble) Vers. 9.0 Mar 2018     3-Dec-2019 10:55:21    Page  001
 - - - - - - - - - - - - - - - - - - - - - - - - - - - - - - - - - - - - - -
 
   This version was compiled by GCC version 7.2.0 using the options: 
     -cpp -iprefix C:/Program Files/mingw-w64/x86_64-7.2.0-posix-seh-rt_v5-rev1/
     mingw64/bin/../lib/gcc/x86_64-w64-mingw32/7.2.0/ -D_MT -D_REENTRANT
     -U_REENTRANT -D IEEE -D DBLEPRECISION -m64 -mtune=core2 -march=nocona -mthreads
     -O2 -fimplicit-none -fbounds-check -funroll-loops -ftree-vectorize
     -ffpe-summary=invalid,zero,overflow,underflow -fno-unsafe-math-optimizations
     -frounding-math -fsignaling-nans -fopenmp.

   This problem will use 7 of 8 possible threads.


  INPUT --- proc title ;

   CPU Time for the last procedure was 0.01 seconds.     


  INPUT --- proc chmatrix occasions= 3 groups= 1 etype= Occupancy 
  INPUT --- Nodes= 101 icovar = 4 ICMeans  NoHist hist= 138 ;

  INPUT ---    time interval 1 1 1 ;

  INPUT ---     icovariates mxflow1 mxflow2 mxflow3 pctBrBnk ;

  INPUT ---    glabel(1)=freq1;

      Number of unique encounter histories read was 138.

      Number of individual covariates read was 4.
      Time interval lengths are all equal to 1.

      Data type number is 27
      Data type is Occupancy Estimation with Detection < 1                                                             

   CPU Time for the last procedure was 0.01 seconds.     

  Program  MARK  - Survival Rate Estimation with Capture-Recapture Data
   gfortran(dble) Vers. 9.0 Mar 2018     3-Dec-2019 10:55:21    Page  002
 - - - - - - - - - - - - - - - - - - - - - - - - - - - - - - - - - - - - - -
 


  INPUT --- proc estimate link=Logit NOLOOP varest=2ndPart    ;


  INPUT --- model={ p(~mxflow)Psi(~pctBrBnk) };

  INPUT ---    group=1 p    rows=1 cols=3 Square ;
  INPUT ---        1 2 3 ;

  INPUT ---    group=1 Psi    rows=1 cols=1 Square ;
  INPUT ---        4 ;

  INPUT ---    design matrix constraints=4 covariates=4;
  INPUT ---        1 mxflow1 0 0;
  INPUT ---        1 mxflow2 0 0;
  INPUT ---        1 mxflow3 0 0;
  INPUT ---        0 0 1 pctBrBnk;
  INPUT ---       blabel(1)=p:(Intercept);
  INPUT ---       blabel(2)=p:mxflow;
  INPUT ---       blabel(3)=Psi:(Intercept);
  INPUT ---       blabel(4)=Psi:pctBrBnk;
  INPUT ---       rlabel(1)=p g1 a0 t1;
  INPUT ---       rlabel(2)=p g1 a1 t2;
  INPUT ---       rlabel(3)=p g1 a2 t3;
  INPUT ---       rlabel(4)=Psi g1 a0 t1;

 Link Function Used is LOGIT        

 Variance Estimation Procedure Used is 2ndPart 
 -2logL(saturated) = 0.0000000     
 Effective Sample Size = 138

 Number of function evaluations was 28 for 4 parameters.
 Time for numerical optimization was 0.02 seconds.     
 -2logL { p(~mxflow)Psi(~pctBrBnk) } = 168.73325     
 Penalty { p(~mxflow)Psi(~pctBrBnk) } = 0.0000000     
 Gradient { p(~mxflow)Psi(~pctBrBnk) }:
 -0.9420573E-06 -0.1875155E-06   0.000000     -0.3603225E-06
 Maximum ABS(G) { p(~mxflow)Psi(~pctBrBnk) } = 0.9420573E-06 
 S Vector { p(~mxflow)Psi(~pctBrBnk) }:
   16.19980      9.588040     0.2797668     0.1700154E-03
 Time to compute number of parameters was 0.01 seconds.     
 Ratio Threshold = 50.000000       Max Gap (3/4) = 1645.5379       Next Max Gap (2/3) = 34.271543     
 Gap Method for Num. of Estimated Parameters { p(~mxflow)Psi(~pctBrBnk) } = 3          
 Threshold { p(~mxflow)Psi(~pctBrBnk) } = 0.1884115E-05                 
 Numerical Threshold Method for Num. of Estimated Parameters { p(~mxflow)Psi(~pctBrBnk) } = 4          
 Number of Estimated Parameters { p(~mxflow)Psi(~pctBrBnk) } = 4          

   * *  WARNING  * *   Number of parameters estimated from gap method (=3) and threshold method (=4) differ.  Inspect full output.                                                                                                                                                                                                                                                                                                                                                                                                                      
 Ratios of S Vector { p(~mxflow)Psi(~pctBrBnk) }:
   1/2    1.689584       2/3    34.27154       3/4    1645.538    
 DEVIANCE { p(~mxflow)Psi(~pctBrBnk) } = 168.73325                     
 DEVIANCE Degrees of Freedom { p(~mxflow)Psi(~pctBrBnk) } = 134            
 c-hat { p(~mxflow)Psi(~pctBrBnk) } = 1.2592034                     
 AIC { p(~mxflow)Psi(~pctBrBnk) } = 176.73325                  
 AICc { p(~mxflow)Psi(~pctBrBnk) } = 177.03400                    
 BIC { p(~mxflow)Psi(~pctBrBnk) } = 188.44227                    
 Pearson Chisquare { p(~mxflow)Psi(~pctBrBnk) } = 1335.1448                  

  Program  MARK  - Survival Rate Estimation with Capture-Recapture Data
   gfortran(dble) Vers. 9.0 Mar 2018     3-Dec-2019 10:55:22    Page  003
 - - - - - - - - - - - - - - - - - - - - - - - - - - - - - - - - - - - - - -
 


                 LOGIT Link Function Parameters of { p(~mxflow)Psi(~pctBrBnk) }
                                                              95% Confidence Interval
 Parameter                    Beta         Standard Error      Lower           Upper
 -------------------------  --------------  --------------  --------------  --------------
    1:p:(Intercept)          1.0246623       0.7340744      -0.4141236       2.4634482    
    2:p:mxflow              -0.1389634       1.1619724      -2.4164295       2.1385026    
    3:Psi:(Intercept)       -0.8178318       0.4412371      -1.6826564       0.0469929    
    4:Psi:pctBrBnk          -1.3558259       0.5859179      -2.5042250      -0.2074268    


                 Real Function Parameters of { p(~mxflow)Psi(~pctBrBnk) }

      Following estimates based on unstandardized individual covariate values:
          Variable   Value         
          ---------  ------------- 
          MXFLOW1     0.8952899    
          MXFLOW2     1.0911594    
          MXFLOW3     0.5689855    
          PCTBRBNK    0.8740586    
                                                               95% Confidence Interval
  Parameter                  Estimate       Standard Error      Lower           Upper
 --------------------------  --------------  --------------  --------------  --------------
     1:p g1 a0 t1             0.7110008       0.1023427       0.4810174       0.8672047                          
     2:p g1 a1 t2             0.7053760       0.1429320       0.3834359       0.9021241                          
     3:p g1 a2 t3             0.7202283       0.0647877       0.5782028       0.8286072                          
     4:Psi g1 a0 t1           0.1188984       0.0311196       0.0701020       0.1945547                          


                      Estimates of Derived Parameters
           Occupancy Estimates of { p(~mxflow)Psi(~pctBrBnk) }
                                            95% Confidence Interval
 Group   Psi-hat         Standard Error      Lower           Upper
 -----   --------------  --------------  --------------  --------------
   1      0.1188984       0.0311196       0.0701020       0.1945547    

 Attempted ordering of parameters by estimatibility:
  3 1 4 2
 Beta number 2 is a singular value.

   CPU Time for the last procedure was 0.02 seconds.     

  Program  MARK  - Survival Rate Estimation with Capture-Recapture Data
   gfortran(dble) Vers. 9.0 Mar 2018     3-Dec-2019 10:55:22    Page  004
 - - - - - - - - - - - - - - - - - - - - - - - - - - - - - - - - - - - - - -
 


  INPUT --- proc stop;

     CPU Time in minutes for this job was 0.00

     Time Start = 10:55:21.558   Time End = 10:55:22.567

     Wall Clock Time in minutes for this job was 0.02


          E X E C U T I O N   S U C C E S S F U L 
