
   Program  MARK  - Survival Rate Estimation with Capture-Recapture Data
   gfortran(dble) Vers. 9.0 Mar 2018     3-Dec-2019 11:10:45    Page  001
 - - - - - - - - - - - - - - - - - - - - - - - - - - - - - - - - - - - - - -
 
   This version was compiled by GCC version 7.2.0 using the options: 
     -cpp -iprefix C:/Program Files/mingw-w64/x86_64-7.2.0-posix-seh-rt_v5-rev1/
     mingw64/bin/../lib/gcc/x86_64-w64-mingw32/7.2.0/ -D_MT -D_REENTRANT
     -U_REENTRANT -D IEEE -D DBLEPRECISION -m64 -mtune=core2 -march=nocona -mthreads
     -O2 -fimplicit-none -fbounds-check -funroll-loops -ftree-vectorize
     -ffpe-summary=invalid,zero,overflow,underflow -fno-unsafe-math-optimizations
     -frounding-math -fsignaling-nans -fopenmp.

   This problem will use 7 of 8 possible threads.


  INPUT --- proc title ;

   CPU Time for the last procedure was 0.01 seconds.     


  INPUT --- proc chmatrix occasions= 3 groups= 1 etype= Occupancy 
  INPUT --- Nodes= 101 icovar = 5 ICMeans  NoHist hist= 138 ;

  INPUT ---    time interval 1 1 1 ;

  INPUT ---     icovariates effort1 effort2 effort3 under WidDep ;

  INPUT ---    glabel(1)=freq1;

      Number of unique encounter histories read was 138.

      Number of individual covariates read was 5.
      Time interval lengths are all equal to 1.

      Data type number is 27
      Data type is Occupancy Estimation with Detection < 1                                                             

   CPU Time for the last procedure was 0.01 seconds.     

  Program  MARK  - Survival Rate Estimation with Capture-Recapture Data
   gfortran(dble) Vers. 9.0 Mar 2018     3-Dec-2019 11:10:45    Page  002
 - - - - - - - - - - - - - - - - - - - - - - - - - - - - - - - - - - - - - -
 


  INPUT --- proc estimate link=Logit NOLOOP varest=2ndPart    ;


  INPUT --- model={ p(~effort + under)Psi(~WidDep) };

  INPUT ---    group=1 p    rows=1 cols=3 Square ;
  INPUT ---        1 2 3 ;

  INPUT ---    group=1 Psi    rows=1 cols=1 Square ;
  INPUT ---        4 ;

  INPUT ---    design matrix constraints=4 covariates=5;
  INPUT ---        1 effort1 under 0 0;
  INPUT ---        1 effort2 under 0 0;
  INPUT ---        1 effort3 under 0 0;
  INPUT ---        0 0 0 1 WidDep;
  INPUT ---       blabel(1)=p:(Intercept);
  INPUT ---       blabel(2)=p:effort;
  INPUT ---       blabel(3)=p:under;
  INPUT ---       blabel(4)=Psi:(Intercept);
  INPUT ---       blabel(5)=Psi:WidDep;
  INPUT ---       rlabel(1)=p g1 a0 t1;
  INPUT ---       rlabel(2)=p g1 a1 t2;
  INPUT ---       rlabel(3)=p g1 a2 t3;
  INPUT ---       rlabel(4)=Psi g1 a0 t1;

 Link Function Used is LOGIT        

 Variance Estimation Procedure Used is 2ndPart 
 -2logL(saturated) = 0.0000000     
 Effective Sample Size = 138

 Number of function evaluations was 16 for 5 parameters.
 Time for numerical optimization was 0.02 seconds.     
 -2logL { p(~effort + under)Psi(~WidDep) } = 168.98045     
 Penalty { p(~effort + under)Psi(~WidDep) } = 0.0000000     
 Gradient { p(~effort + under)Psi(~WidDep) }:
  0.5044900E-05  0.5254475E-06  0.2571524E-05   0.000000       0.000000    
 Maximum ABS(G) { p(~effort + under)Psi(~WidDep) } = 0.5044900E-05 
 S Vector { p(~effort + under)Psi(~WidDep) }:
   20.11120      8.937858     0.4988899     0.4755350     0.1000837    
 Time to compute number of parameters was 0.01 seconds.     
 Ratio Threshold = 50.000000       Max Gap (2/3) = 17.915491       Next Max Gap (4/5) = 4.7513739     
 Gap Method for Num. of Estimated Parameters { p(~effort + under)Psi(~WidDep) } = 5          
 Threshold { p(~effort + under)Psi(~WidDep) } = 0.1008980E-04                 
 Numerical Threshold Method for Num. of Estimated Parameters { p(~effort + under)Psi(~WidDep) } = 5          
 Number of Estimated Parameters { p(~effort + under)Psi(~WidDep) } = 5          
 DEVIANCE { p(~effort + under)Psi(~WidDep) } = 168.98045                     
 DEVIANCE Degrees of Freedom { p(~effort + under)Psi(~WidDep) } = 133            
 c-hat { p(~effort + under)Psi(~WidDep) } = 1.2705297                     
 AIC { p(~effort + under)Psi(~WidDep) } = 178.98045                  
 AICc { p(~effort + under)Psi(~WidDep) } = 179.43499                    
 BIC { p(~effort + under)Psi(~WidDep) } = 193.61671                    
 Pearson Chisquare { p(~effort + under)Psi(~WidDep) } = 892.24686                  

  Program  MARK  - Survival Rate Estimation with Capture-Recapture Data
   gfortran(dble) Vers. 9.0 Mar 2018     3-Dec-2019 11:10:46    Page  003
 - - - - - - - - - - - - - - - - - - - - - - - - - - - - - - - - - - - - - -
 


              LOGIT Link Function Parameters of { p(~effort + under)Psi(~WidDep) }
                                                              95% Confidence Interval
 Parameter                    Beta         Standard Error      Lower           Upper
 -------------------------  --------------  --------------  --------------  --------------
    1:p:(Intercept)         -0.5122985       0.7529945      -1.9881677       0.9635707    
    2:p:effort               0.0015697       0.7804706E-03   0.3996221E-04   0.0030994    
    3:p:under                0.2000434       0.5719197      -0.9209191       1.3210060    
    4:Psi:(Intercept)       -1.5122947       0.6601163      -2.8061228      -0.2184667    
    5:Psi:WidDep            -0.0200648       0.0476639      -0.1134861       0.0733565    


              Real Function Parameters of { p(~effort + under)Psi(~WidDep) }

      Following estimates based on unstandardized individual covariate values:
          Variable   Value         
          ---------  ------------- 
          EFFORT1     906.23188    
          EFFORT2     834.18841    
          EFFORT3     818.18116    
          UNDER       0.5466074    
          WIDDEP      13.033426    
                                                               95% Confidence Interval
  Parameter                  Estimate       Standard Error      Lower           Upper
 --------------------------  --------------  --------------  --------------  --------------
     1:p g1 a0 t1             0.7348840       0.0782877       0.5577326       0.8590141                          
     2:p g1 a1 t2             0.7122751       0.0786198       0.5385618       0.8400184                          
     3:p g1 a2 t3             0.7070984       0.0788245       0.5337916       0.8357985                          
     4:Psi g1 a0 t1           0.1450694       0.0315398       0.0934480       0.2183389                          


                      Estimates of Derived Parameters
        Occupancy Estimates of { p(~effort + under)Psi(~WidDep) }
                                            95% Confidence Interval
 Group   Psi-hat         Standard Error      Lower           Upper
 -----   --------------  --------------  --------------  --------------
   1      0.1450694       0.0315398       0.0934480       0.2183389    

   CPU Time for the last procedure was 0.02 seconds.     

  Program  MARK  - Survival Rate Estimation with Capture-Recapture Data
   gfortran(dble) Vers. 9.0 Mar 2018     3-Dec-2019 11:10:46    Page  004
 - - - - - - - - - - - - - - - - - - - - - - - - - - - - - - - - - - - - - -
 


  INPUT --- proc stop;

     CPU Time in minutes for this job was 0.00

     Time Start = 11:10:45.751   Time End = 11:10:46.436

     Wall Clock Time in minutes for this job was 0.01


          E X E C U T I O N   S U C C E S S F U L 
