
   Program  MARK  - Survival Rate Estimation with Capture-Recapture Data
   gfortran(dble) Vers. 9.0 Mar 2018     3-Dec-2019 12:25:39    Page  001
 - - - - - - - - - - - - - - - - - - - - - - - - - - - - - - - - - - - - - -
 
   This version was compiled by GCC version 7.2.0 using the options: 
     -cpp -iprefix C:/Program Files/mingw-w64/x86_64-7.2.0-posix-seh-rt_v5-rev1/
     mingw64/bin/../lib/gcc/x86_64-w64-mingw32/7.2.0/ -D_MT -D_REENTRANT
     -U_REENTRANT -D IEEE -D DBLEPRECISION -m64 -mtune=core2 -march=nocona -mthreads
     -O2 -fimplicit-none -fbounds-check -funroll-loops -ftree-vectorize
     -ffpe-summary=invalid,zero,overflow,underflow -fno-unsafe-math-optimizations
     -frounding-math -fsignaling-nans -fopenmp.

   This problem will use 7 of 8 possible threads.


  INPUT --- proc title ;

   CPU Time for the last procedure was 0.02 seconds.     


  INPUT --- proc chmatrix occasions= 3 groups= 1 etype= Occupancy 
  INPUT --- Nodes= 101 icovar = 6 ICMeans  NoHist hist= 138 ;

  INPUT ---    time interval 1 1 1 ;

  INPUT ---     icovariates effort1 effort2 effort3 HAiFLS_nat pctex21  
  INPUT ---    pctVertbnk ;

  INPUT ---    glabel(1)=freq1;

      Number of unique encounter histories read was 138.

      Number of individual covariates read was 6.
      Time interval lengths are all equal to 1.

      Data type number is 27
      Data type is Occupancy Estimation with Detection < 1                                                             

   CPU Time for the last procedure was 0.01 seconds.     

  Program  MARK  - Survival Rate Estimation with Capture-Recapture Data
   gfortran(dble) Vers. 9.0 Mar 2018     3-Dec-2019 12:25:39    Page  002
 - - - - - - - - - - - - - - - - - - - - - - - - - - - - - - - - - - - - - -
 


  INPUT --- proc estimate link=Logit NOLOOP varest=2ndPart    ;


  INPUT --- model={ p(~effort)Psi(~HAiFLS_nat + pctex21 + pctVertbnk) };

  INPUT ---    group=1 p    rows=1 cols=3 Square ;
  INPUT ---        1 2 3 ;

  INPUT ---    group=1 Psi    rows=1 cols=1 Square ;
  INPUT ---        4 ;

  INPUT ---    design matrix constraints=4 covariates=6;
  INPUT ---        1 effort1 0 0 0 0;
  INPUT ---        1 effort2 0 0 0 0;
  INPUT ---        1 effort3 0 0 0 0;
  INPUT ---        0 0 1 HAiFLS_nat pctex21 pctVertbnk;
  INPUT ---       blabel(1)=p:(Intercept);
  INPUT ---       blabel(2)=p:effort;
  INPUT ---       blabel(3)=Psi:(Intercept);
  INPUT ---       blabel(4)=Psi:HAiFLS_nat;
  INPUT ---       blabel(5)=Psi:pctex21;
  INPUT ---       blabel(6)=Psi:pctVertbnk;
  INPUT ---       rlabel(1)=p g1 a0 t1;
  INPUT ---       rlabel(2)=p g1 a1 t2;
  INPUT ---       rlabel(3)=p g1 a2 t3;
  INPUT ---       rlabel(4)=Psi g1 a0 t1;

 Link Function Used is LOGIT        

 Variance Estimation Procedure Used is 2ndPart 
 -2logL(saturated) = 0.0000000     
 Effective Sample Size = 138

 Number of function evaluations was 23 for 6 parameters.
 Time for numerical optimization was 0.05 seconds.     
 -2logL { p(~effort)Psi(~HAiFLS_nat + pctex21 + pctVertbnk) } = 141.15078     
 Penalty { p(~effort)Psi(~HAiFLS_nat + pctex21 + pctVertbnk) } = 0.0000000     
 Gradient { p(~effort)Psi(~HAiFLS_nat + pctex21 + pctVertbnk) }:
  0.1275077E-05  0.4906169E-06  0.1651371E-05  0.6021575E-06  0.1544021E-06
  0.1214111E-05
 Maximum ABS(G) { p(~effort)Psi(~HAiFLS_nat + pctex21 + pctVertbnk) } = 0.1651371E-05 
 S Vector { p(~effort)Psi(~HAiFLS_nat + pctex21 + pctVertbnk) }:
   16.10113      7.644237      1.092776     0.3950537     0.9384857E-01
  0.1472930E-01
 Time to compute number of parameters was 0.11 seconds.     
 Ratio Threshold = 50.000000       Max Gap (2/3) = 6.9952446       Next Max Gap (5/6) = 6.3715544     
 Gap Method for Num. of Estimated Parameters { p(~effort)Psi(~HAiFLS_nat + pctex21 + pctVertbnk) } = 6          
 Threshold { p(~effort)Psi(~HAiFLS_nat + pctex21 + pctVertbnk) } = 0.3302741E-05                 
 Numerical Threshold Method for Num. of Estimated Parameters { p(~effort)Psi(~HAiFLS_nat + pctex21 + pctVertbnk) } = 6          
 Number of Estimated Parameters { p(~effort)Psi(~HAiFLS_nat + pctex21 + pctVertbnk) } = 6          
 DEVIANCE { p(~effort)Psi(~HAiFLS_nat + pctex21 + pctVertbnk) } = 141.15078                     
 DEVIANCE Degrees of Freedom { p(~effort)Psi(~HAiFLS_nat + pctex21 + pctVertbnk) } = 132            
 c-hat { p(~effort)Psi(~HAiFLS_nat + pctex21 + pctVertbnk) } = 1.0693241                     
 AIC { p(~effort)Psi(~HAiFLS_nat + pctex21 + pctVertbnk) } = 153.15078                  
 AICc { p(~effort)Psi(~HAiFLS_nat + pctex21 + pctVertbnk) } = 153.79200                    
 BIC { p(~effort)Psi(~HAiFLS_nat + pctex21 + pctVertbnk) } = 170.71430                    
 Pearson Chisquare { p(~effort)Psi(~HAiFLS_nat + pctex21 + pctVertbnk) } = 531.57257                  

  Program  MARK  - Survival Rate Estimation with Capture-Recapture Data
   gfortran(dble) Vers. 9.0 Mar 2018     3-Dec-2019 12:25:41    Page  003
 - - - - - - - - - - - - - - - - - - - - - - - - - - - - - - - - - - - - - -
 


    LOGIT Link Function Parameters of { p(~effort)Psi(~HAiFLS_nat + pctex21 + pctVertbnk) }
                                                              95% Confidence Interval
 Parameter                    Beta         Standard Error      Lower           Upper
 -------------------------  --------------  --------------  --------------  --------------
    1:p:(Intercept)         -0.4958695       0.6980034      -1.8639562       0.8722172    
    2:p:effort               0.0016989       0.8054921E-03   0.1201592E-03   0.0032777    
    3:Psi:(Intercept)       -1.3100189       0.7017830      -2.6855136       0.0654757    
    4:Psi:HAiFLS_nat         0.0217010       0.0107592       0.6130398E-03   0.0427890    
    5:Psi:pctex21           -0.7654966       0.2657460      -1.2863587      -0.2446345    
    6:Psi:pctVertbnk        -0.0091357       0.0226528      -0.0535353       0.0352638    


    Real Function Parameters of { p(~effort)Psi(~HAiFLS_nat + pctex21 + pctVertbnk) }

      Following estimates based on unstandardized individual covariate values:
          Variable   Value         
          ---------  ------------- 
          EFFORT1     906.23188    
          EFFORT2     834.18841    
          EFFORT3     818.18116    
          HAIFLS_NAT  30.404180    
          PCTEX21     4.8306834    
          PCTVERTBNK  15.307971    
                                                               95% Confidence Interval
  Parameter                  Estimate       Standard Error      Lower           Upper
 --------------------------  --------------  --------------  --------------  --------------
     1:p g1 a0 t1             0.7395728       0.0739671       0.5722506       0.8577174                          
     2:p g1 a1 t2             0.7153177       0.0749594       0.5498031       0.8379198                          
     3:p g1 a2 t3             0.7097475       0.0753401       0.5442217       0.8335454                          
     4:Psi g1 a0 t1           0.0111188       0.0128788       0.0011308       0.1004564                          


                      Estimates of Derived Parameters
 Occupancy Estimates of { p(~effort)Psi(~HAiFLS_nat + pctex21 + pctVertbnk) }
                                            95% Confidence Interval
 Group   Psi-hat         Standard Error      Lower           Upper
 -----   --------------  --------------  --------------  --------------
   1      0.0111188       0.0128788       0.0011308       0.1004564    

   CPU Time for the last procedure was 0.16 seconds.     

  Program  MARK  - Survival Rate Estimation with Capture-Recapture Data
   gfortran(dble) Vers. 9.0 Mar 2018     3-Dec-2019 12:25:41    Page  004
 - - - - - - - - - - - - - - - - - - - - - - - - - - - - - - - - - - - - - -
 


  INPUT --- proc stop;

     CPU Time in minutes for this job was 0.00

     Time Start = 12:25:39.913   Time End = 12:25:41.240

     Wall Clock Time in minutes for this job was 0.02


          E X E C U T I O N   S U C C E S S F U L 
