
   Program  MARK  - Survival Rate Estimation with Capture-Recapture Data
   gfortran(dble) Vers. 9.0 Mar 2018     3-Dec-2019 11:01:01    Page  001
 - - - - - - - - - - - - - - - - - - - - - - - - - - - - - - - - - - - - - -
 
   This version was compiled by GCC version 7.2.0 using the options: 
     -cpp -iprefix C:/Program Files/mingw-w64/x86_64-7.2.0-posix-seh-rt_v5-rev1/
     mingw64/bin/../lib/gcc/x86_64-w64-mingw32/7.2.0/ -D_MT -D_REENTRANT
     -U_REENTRANT -D IEEE -D DBLEPRECISION -m64 -mtune=core2 -march=nocona -mthreads
     -O2 -fimplicit-none -fbounds-check -funroll-loops -ftree-vectorize
     -ffpe-summary=invalid,zero,overflow,underflow -fno-unsafe-math-optimizations
     -frounding-math -fsignaling-nans -fopenmp.

   This problem will use 7 of 8 possible threads.


  INPUT --- proc title ;

   CPU Time for the last procedure was 0.01 seconds.     


  INPUT --- proc chmatrix occasions= 3 groups= 1 etype= Occupancy 
  INPUT --- Nodes= 101 icovar = 5 ICMeans  NoHist hist= 133 ;

  INPUT ---    time interval 1 1 1 ;

  INPUT ---     icovariates lwd1 lwd2 lwd3 pctex21 LWD ;

  INPUT ---    glabel(1)=freq1;

      Number of unique encounter histories read was 133.

      Number of individual covariates read was 5.
      Time interval lengths are all equal to 1.

      Data type number is 27
      Data type is Occupancy Estimation with Detection < 1                                                             

   CPU Time for the last procedure was 0.01 seconds.     

  Program  MARK  - Survival Rate Estimation with Capture-Recapture Data
   gfortran(dble) Vers. 9.0 Mar 2018     3-Dec-2019 11:01:01    Page  002
 - - - - - - - - - - - - - - - - - - - - - - - - - - - - - - - - - - - - - -
 


  INPUT --- proc estimate link=Logit NOLOOP varest=2ndPart    ;


  INPUT --- model={ p(~lwd)Psi(~pctex21 + LWD) };

  INPUT ---    group=1 p    rows=1 cols=3 Square ;
  INPUT ---        1 2 3 ;

  INPUT ---    group=1 Psi    rows=1 cols=1 Square ;
  INPUT ---        4 ;

  INPUT ---    design matrix constraints=4 covariates=5;
  INPUT ---        1 lwd1 0 0 0;
  INPUT ---        1 lwd2 0 0 0;
  INPUT ---        1 lwd3 0 0 0;
  INPUT ---        0 0 1 pctex21 LWD;
  INPUT ---       blabel(1)=p:(Intercept);
  INPUT ---       blabel(2)=p:lwd;
  INPUT ---       blabel(3)=Psi:(Intercept);
  INPUT ---       blabel(4)=Psi:pctex21;
  INPUT ---       blabel(5)=Psi:LWD;
  INPUT ---       rlabel(1)=p g1 a0 t1;
  INPUT ---       rlabel(2)=p g1 a1 t2;
  INPUT ---       rlabel(3)=p g1 a2 t3;
  INPUT ---       rlabel(4)=Psi g1 a0 t1;

 Link Function Used is LOGIT        

 Variance Estimation Procedure Used is 2ndPart 
 -2logL(saturated) = 0.0000000     
 Effective Sample Size = 138

 Number of function evaluations was 25 for 5 parameters.
 Time for numerical optimization was 0.05 seconds.     
 -2logL { p(~lwd)Psi(~pctex21 + LWD) } = 152.73333     
 Penalty { p(~lwd)Psi(~pctex21 + LWD) } = 0.0000000     
 Gradient { p(~lwd)Psi(~pctex21 + LWD) }:
  0.3200890E-05  0.2212885E-05  0.3380956E-05  0.9544274E-07  0.3557664E-05
 Maximum ABS(G) { p(~lwd)Psi(~pctex21 + LWD) } = 0.3557664E-05 
 S Vector { p(~lwd)Psi(~pctex21 + LWD) }:
   14.66801      9.599158     0.6120466     0.1860389     0.2023878E-01
 Time to compute number of parameters was 0.06 seconds.     
 Ratio Threshold = 50.000000       Max Gap (2/3) = 15.683706       Next Max Gap (4/5) = 9.1921969     
 Gap Method for Num. of Estimated Parameters { p(~lwd)Psi(~pctex21 + LWD) } = 5          
 Threshold { p(~lwd)Psi(~pctex21 + LWD) } = 0.7115329E-05                 
 Numerical Threshold Method for Num. of Estimated Parameters { p(~lwd)Psi(~pctex21 + LWD) } = 5          
 Number of Estimated Parameters { p(~lwd)Psi(~pctex21 + LWD) } = 5          
 DEVIANCE { p(~lwd)Psi(~pctex21 + LWD) } = 152.73333                     
 DEVIANCE Degrees of Freedom { p(~lwd)Psi(~pctex21 + LWD) } = 133            
 c-hat { p(~lwd)Psi(~pctex21 + LWD) } = 1.1483709                     
 AIC { p(~lwd)Psi(~pctex21 + LWD) } = 162.73333                  
 AICc { p(~lwd)Psi(~pctex21 + LWD) } = 163.18788                    
 BIC { p(~lwd)Psi(~pctex21 + LWD) } = 177.36960                    
 Pearson Chisquare { p(~lwd)Psi(~pctex21 + LWD) } = 952.22479                  

  Program  MARK  - Survival Rate Estimation with Capture-Recapture Data
   gfortran(dble) Vers. 9.0 Mar 2018     3-Dec-2019 11:01:02    Page  003
 - - - - - - - - - - - - - - - - - - - - - - - - - - - - - - - - - - - - - -
 


                LOGIT Link Function Parameters of { p(~lwd)Psi(~pctex21 + LWD) }
                                                              95% Confidence Interval
 Parameter                    Beta         Standard Error      Lower           Upper
 -------------------------  --------------  --------------  --------------  --------------
    1:p:(Intercept)          0.7876420       0.3889320       0.0253353       1.5499486    
    2:p:lwd                  0.9061628       1.3183394      -1.6777824       3.4901081    
    3:Psi:(Intercept)       -0.6924342       0.3909364      -1.4586695       0.0738012    
    4:Psi:pctex21           -0.6130177       0.2269296      -1.0577998      -0.1682356    
    5:Psi:LWD               -0.6083715       1.2556623      -3.0694696       1.8527266    


                Real Function Parameters of { p(~lwd)Psi(~pctex21 + LWD) }

      Following estimates based on unstandardized individual covariate values:
          Variable   Value         
          ---------  ------------- 
          LWD1        0.2346014    
          LWD2        0.2355072    
          LWD3        0.2114389    
          PCTEX21     4.8306834    
          LWD         0.2273503    
                                                               95% Confidence Interval
  Parameter                  Estimate       Standard Error      Lower           Upper
 --------------------------  --------------  --------------  --------------  --------------
     1:p g1 a0 t1             0.7311036       0.0659071       0.5849529       0.8398778                          
     2:p g1 a1 t2             0.7312650       0.0659468       0.5849957       0.8400747                          
     3:p g1 a2 t3             0.7269574       0.0651456       0.5832082       0.8351428                          
     4:Psi g1 a0 t1           0.0220522       0.0212727       0.0032515       0.1348551                          


                      Estimates of Derived Parameters
          Occupancy Estimates of { p(~lwd)Psi(~pctex21 + LWD) }
                                            95% Confidence Interval
 Group   Psi-hat         Standard Error      Lower           Upper
 -----   --------------  --------------  --------------  --------------
   1      0.0220522       0.0212727       0.0032515       0.1348551    

   CPU Time for the last procedure was 0.11 seconds.     

  Program  MARK  - Survival Rate Estimation with Capture-Recapture Data
   gfortran(dble) Vers. 9.0 Mar 2018     3-Dec-2019 11:01:02    Page  004
 - - - - - - - - - - - - - - - - - - - - - - - - - - - - - - - - - - - - - -
 


  INPUT --- proc stop;

     CPU Time in minutes for this job was 0.00

     Time Start = 11:01:01.153   Time End = 11:01:02.435

     Wall Clock Time in minutes for this job was 0.02


          E X E C U T I O N   S U C C E S S F U L 
