
   Program  MARK  - Survival Rate Estimation with Capture-Recapture Data
   gfortran(dble) Vers. 9.0 Mar 2018     3-Dec-2019 12:24:59    Page  001
 - - - - - - - - - - - - - - - - - - - - - - - - - - - - - - - - - - - - - -
 
   This version was compiled by GCC version 7.2.0 using the options: 
     -cpp -iprefix C:/Program Files/mingw-w64/x86_64-7.2.0-posix-seh-rt_v5-rev1/
     mingw64/bin/../lib/gcc/x86_64-w64-mingw32/7.2.0/ -D_MT -D_REENTRANT
     -U_REENTRANT -D IEEE -D DBLEPRECISION -m64 -mtune=core2 -march=nocona -mthreads
     -O2 -fimplicit-none -fbounds-check -funroll-loops -ftree-vectorize
     -ffpe-summary=invalid,zero,overflow,underflow -fno-unsafe-math-optimizations
     -frounding-math -fsignaling-nans -fopenmp.

   This problem will use 7 of 8 possible threads.


  INPUT --- proc title ;

   CPU Time for the last procedure was 0.01 seconds.     


  INPUT --- proc chmatrix occasions= 3 groups= 1 etype= Occupancy 
  INPUT --- Nodes= 101 icovar = 6 ICMeans  NoHist hist= 138 ;

  INPUT ---    time interval 1 1 1 ;

  INPUT ---     icovariates effort1 effort2 effort3 HAiFLS_nat pctex21  
  INPUT ---    pctSlope ;

  INPUT ---    glabel(1)=freq1;

      Number of unique encounter histories read was 138.

      Number of individual covariates read was 6.
      Time interval lengths are all equal to 1.

      Data type number is 27
      Data type is Occupancy Estimation with Detection < 1                                                             

   CPU Time for the last procedure was 0.01 seconds.     

  Program  MARK  - Survival Rate Estimation with Capture-Recapture Data
   gfortran(dble) Vers. 9.0 Mar 2018     3-Dec-2019 12:24:59    Page  002
 - - - - - - - - - - - - - - - - - - - - - - - - - - - - - - - - - - - - - -
 


  INPUT --- proc estimate link=Logit NOLOOP varest=2ndPart    ;


  INPUT --- model={ p(~effort)Psi(~HAiFLS_nat + pctex21 + pctSlope) };

  INPUT ---    group=1 p    rows=1 cols=3 Square ;
  INPUT ---        1 2 3 ;

  INPUT ---    group=1 Psi    rows=1 cols=1 Square ;
  INPUT ---        4 ;

  INPUT ---    design matrix constraints=4 covariates=6;
  INPUT ---        1 effort1 0 0 0 0;
  INPUT ---        1 effort2 0 0 0 0;
  INPUT ---        1 effort3 0 0 0 0;
  INPUT ---        0 0 1 HAiFLS_nat pctex21 pctSlope;
  INPUT ---       blabel(1)=p:(Intercept);
  INPUT ---       blabel(2)=p:effort;
  INPUT ---       blabel(3)=Psi:(Intercept);
  INPUT ---       blabel(4)=Psi:HAiFLS_nat;
  INPUT ---       blabel(5)=Psi:pctex21;
  INPUT ---       blabel(6)=Psi:pctSlope;
  INPUT ---       rlabel(1)=p g1 a0 t1;
  INPUT ---       rlabel(2)=p g1 a1 t2;
  INPUT ---       rlabel(3)=p g1 a2 t3;
  INPUT ---       rlabel(4)=Psi g1 a0 t1;

 Link Function Used is LOGIT        

 Variance Estimation Procedure Used is 2ndPart 
 -2logL(saturated) = 0.0000000     
 Effective Sample Size = 138

 Number of function evaluations was 24 for 6 parameters.
 Time for numerical optimization was 0.09 seconds.     
 -2logL { p(~effort)Psi(~HAiFLS_nat + pctex21 + pctSlope) } = 140.10053     
 Penalty { p(~effort)Psi(~HAiFLS_nat + pctex21 + pctSlope) } = 0.0000000     
 Gradient { p(~effort)Psi(~HAiFLS_nat + pctex21 + pctSlope) }:
 -0.1288926E-05   0.000000      0.1371623E-05  0.5483687E-06  0.2164937E-06
   0.000000    
 Maximum ABS(G) { p(~effort)Psi(~HAiFLS_nat + pctex21 + pctSlope) } = 0.1371623E-05 
 S Vector { p(~effort)Psi(~HAiFLS_nat + pctex21 + pctSlope) }:
   15.39410      7.702059     0.9237136     0.2370658     0.9463164E-01
  0.1362418E-01
 Time to compute number of parameters was 0.01 seconds.     
 Ratio Threshold = 50.000000       Max Gap (2/3) = 8.3381463       Next Max Gap (5/6) = 6.9458594     
 Gap Method for Num. of Estimated Parameters { p(~effort)Psi(~HAiFLS_nat + pctex21 + pctSlope) } = 6          
 Threshold { p(~effort)Psi(~HAiFLS_nat + pctex21 + pctSlope) } = 0.2743245E-05                 
 Numerical Threshold Method for Num. of Estimated Parameters { p(~effort)Psi(~HAiFLS_nat + pctex21 + pctSlope) } = 6          
 Number of Estimated Parameters { p(~effort)Psi(~HAiFLS_nat + pctex21 + pctSlope) } = 6          
 DEVIANCE { p(~effort)Psi(~HAiFLS_nat + pctex21 + pctSlope) } = 140.10053                     
 DEVIANCE Degrees of Freedom { p(~effort)Psi(~HAiFLS_nat + pctex21 + pctSlope) } = 132            
 c-hat { p(~effort)Psi(~HAiFLS_nat + pctex21 + pctSlope) } = 1.0613676                     
 AIC { p(~effort)Psi(~HAiFLS_nat + pctex21 + pctSlope) } = 152.10053                  
 AICc { p(~effort)Psi(~HAiFLS_nat + pctex21 + pctSlope) } = 152.74175                    
 BIC { p(~effort)Psi(~HAiFLS_nat + pctex21 + pctSlope) } = 169.66405                    
 Pearson Chisquare { p(~effort)Psi(~HAiFLS_nat + pctex21 + pctSlope) } = 543.15343                  

  Program  MARK  - Survival Rate Estimation with Capture-Recapture Data
   gfortran(dble) Vers. 9.0 Mar 2018     3-Dec-2019 12:24:59    Page  003
 - - - - - - - - - - - - - - - - - - - - - - - - - - - - - - - - - - - - - -
 


     LOGIT Link Function Parameters of { p(~effort)Psi(~HAiFLS_nat + pctex21 + pctSlope) }
                                                              95% Confidence Interval
 Parameter                    Beta         Standard Error      Lower           Upper
 -------------------------  --------------  --------------  --------------  --------------
    1:p:(Intercept)         -0.4797970       0.6925614      -1.8372173       0.8776234    
    2:p:effort               0.0016861       0.8020391E-03   0.1140858E-03   0.0032581    
    3:Psi:(Intercept)       -1.7811565       0.5521374      -2.8633459      -0.6989671    
    4:Psi:HAiFLS_nat         0.0248117       0.0105355       0.0041620       0.0454613    
    5:Psi:pctex21           -0.8211752       0.2751639      -1.3604964      -0.2818540    
    6:Psi:pctSlope           0.0478698       0.0414364      -0.0333455       0.1290851    


     Real Function Parameters of { p(~effort)Psi(~HAiFLS_nat + pctex21 + pctSlope) }

      Following estimates based on unstandardized individual covariate values:
          Variable   Value         
          ---------  ------------- 
          EFFORT1     906.23188    
          EFFORT2     834.18841    
          EFFORT3     818.18116    
          HAIFLS_NAT  30.404180    
          PCTEX21     4.8306834    
          PCTSLOPE    5.7132415    
                                                               95% Confidence Interval
  Parameter                  Estimate       Standard Error      Lower           Upper
 --------------------------  --------------  --------------  --------------  --------------
     1:p g1 a0 t1             0.7404262       0.0735822       0.5739038       0.8579751                          
     2:p g1 a1 t2             0.7164080       0.0744808       0.5518582       0.8382474                          
     3:p g1 a2 t3             0.7108928       0.0748386       0.5463712       0.8338869                          
     4:Psi g1 a0 t1           0.0088353       0.0106808       0.8157032E-03   0.0887007                          


                      Estimates of Derived Parameters
 Occupancy Estimates of { p(~effort)Psi(~HAiFLS_nat + pctex21 + pctSlope) }
                                            95% Confidence Interval
 Group   Psi-hat         Standard Error      Lower           Upper
 -----   --------------  --------------  --------------  --------------
   1      0.0088353       0.0106808       0.8157032E-03   0.0887007    

   CPU Time for the last procedure was 0.09 seconds.     

  Program  MARK  - Survival Rate Estimation with Capture-Recapture Data
   gfortran(dble) Vers. 9.0 Mar 2018     3-Dec-2019 12:24:59    Page  004
 - - - - - - - - - - - - - - - - - - - - - - - - - - - - - - - - - - - - - -
 


  INPUT --- proc stop;

     CPU Time in minutes for this job was 0.00

     Time Start = 12:24:59.590   Time End = 12:24:59.698

     Wall Clock Time in minutes for this job was 0.00


          E X E C U T I O N   S U C C E S S F U L 
