
   Program  MARK  - Survival Rate Estimation with Capture-Recapture Data
   gfortran(dble) Vers. 9.0 Mar 2018    12-Dec-2019 16:00:01    Page  001
 - - - - - - - - - - - - - - - - - - - - - - - - - - - - - - - - - - - - - -
 
   This version was compiled by GCC version 7.2.0 using the options: 
     -cpp -iprefix C:/Program Files/mingw-w64/x86_64-7.2.0-posix-seh-rt_v5-rev1/
     mingw64/bin/../lib/gcc/x86_64-w64-mingw32/7.2.0/ -D_MT -D_REENTRANT
     -U_REENTRANT -D IEEE -D DBLEPRECISION -m64 -mtune=core2 -march=nocona -mthreads
     -O2 -fimplicit-none -fbounds-check -funroll-loops -ftree-vectorize
     -ffpe-summary=invalid,zero,overflow,underflow -fno-unsafe-math-optimizations
     -frounding-math -fsignaling-nans -fopenmp.

   This problem will use 7 of 8 possible threads.


  INPUT --- proc title ;

   CPU Time for the last procedure was 0.01 seconds.     


  INPUT --- proc chmatrix occasions= 3 groups= 1 etype= Occupancy 
  INPUT --- Nodes= 101 icovar = 4 ICMeans  NoHist hist= 138 ;

  INPUT ---    time interval 1 1 1 ;

  INPUT ---     icovariates effort1 effort2 effort3 pctrock ;

  INPUT ---    glabel(1)=freq1;

      Number of unique encounter histories read was 138.

      Number of individual covariates read was 4.
      Time interval lengths are all equal to 1.

      Data type number is 27
      Data type is Occupancy Estimation with Detection < 1                                                             

   CPU Time for the last procedure was 0.01 seconds.     

  Program  MARK  - Survival Rate Estimation with Capture-Recapture Data
   gfortran(dble) Vers. 9.0 Mar 2018    12-Dec-2019 16:00:01    Page  002
 - - - - - - - - - - - - - - - - - - - - - - - - - - - - - - - - - - - - - -
 


  INPUT --- proc estimate link=Logit NOLOOP varest=2ndPart    ;


  INPUT --- model={ p(~effort)Psi(~pctrock) };

  INPUT ---    group=1 p    rows=1 cols=3 Square ;
  INPUT ---        1 2 3 ;

  INPUT ---    group=1 Psi    rows=1 cols=1 Square ;
  INPUT ---        4 ;

  INPUT ---    design matrix constraints=4 covariates=4;
  INPUT ---        1 effort1 0 0;
  INPUT ---        1 effort2 0 0;
  INPUT ---        1 effort3 0 0;
  INPUT ---        0 0 1 pctrock;
  INPUT ---       blabel(1)=p:(Intercept);
  INPUT ---       blabel(2)=p:effort;
  INPUT ---       blabel(3)=Psi:(Intercept);
  INPUT ---       blabel(4)=Psi:pctrock;
  INPUT ---       rlabel(1)=p g1 a0 t1;
  INPUT ---       rlabel(2)=p g1 a1 t2;
  INPUT ---       rlabel(3)=p g1 a2 t3;
  INPUT ---       rlabel(4)=Psi g1 a0 t1;

 Link Function Used is LOGIT        

 Variance Estimation Procedure Used is 2ndPart 
 -2logL(saturated) = 0.0000000     
 Effective Sample Size = 138

 Number of function evaluations was 17 for 4 parameters.
 Time for numerical optimization was 0.02 seconds.     
 -2logL { p(~effort)Psi(~pctrock) } = 168.40386     
 Penalty { p(~effort)Psi(~pctrock) } = 0.0000000     
 Gradient { p(~effort)Psi(~pctrock) }:
  0.1408375E-05  0.5232161E-06  0.1084828E-05   0.000000    
 Maximum ABS(G) { p(~effort)Psi(~pctrock) } = 0.1408375E-05 
 S Vector { p(~effort)Psi(~pctrock) }:
   25.03477      8.451499     0.5000534     0.1020165    
 Time to compute number of parameters was 0.01 seconds.     
 Ratio Threshold = 50.000000       Max Gap (2/3) = 16.901194       Next Max Gap (3/4) = 4.9016910     
 Gap Method for Num. of Estimated Parameters { p(~effort)Psi(~pctrock) } = 4          
 Threshold { p(~effort)Psi(~pctrock) } = 0.2816751E-05                 
 Numerical Threshold Method for Num. of Estimated Parameters { p(~effort)Psi(~pctrock) } = 4          
 Number of Estimated Parameters { p(~effort)Psi(~pctrock) } = 4          
 DEVIANCE { p(~effort)Psi(~pctrock) } = 168.40386                     
 DEVIANCE Degrees of Freedom { p(~effort)Psi(~pctrock) } = 134            
 c-hat { p(~effort)Psi(~pctrock) } = 1.2567452                     
 AIC { p(~effort)Psi(~pctrock) } = 176.40386                  
 AICc { p(~effort)Psi(~pctrock) } = 176.70461                    
 BIC { p(~effort)Psi(~pctrock) } = 188.11287                    
 Pearson Chisquare { p(~effort)Psi(~pctrock) } = 923.20785                  

  Program  MARK  - Survival Rate Estimation with Capture-Recapture Data
   gfortran(dble) Vers. 9.0 Mar 2018    12-Dec-2019 16:00:02    Page  003
 - - - - - - - - - - - - - - - - - - - - - - - - - - - - - - - - - - - - - -
 


                 LOGIT Link Function Parameters of { p(~effort)Psi(~pctrock) }
                                                              95% Confidence Interval
 Parameter                    Beta         Standard Error      Lower           Upper
 -------------------------  --------------  --------------  --------------  --------------
    1:p:(Intercept)         -0.3542901       0.6535486      -1.6352453       0.9266651    
    2:p:effort               0.0015774       0.7724967E-03   0.6335472E-04   0.0030915    
    3:Psi:(Intercept)       -2.5164066       0.8664113      -4.2145728      -0.8182403    
    4:Psi:pctrock            0.0104036       0.0113656      -0.0118730       0.0326803    


                 Real Function Parameters of { p(~effort)Psi(~pctrock) }

      Following estimates based on unstandardized individual covariate values:
          Variable   Value         
          ---------  ------------- 
          EFFORT1     906.23188    
          EFFORT2     834.18841    
          EFFORT3     818.18116    
          PCTROCK     68.678238    
                                                               95% Confidence Interval
  Parameter                  Estimate       Standard Error      Lower           Upper
 --------------------------  --------------  --------------  --------------  --------------
     1:p g1 a0 t1             0.7455929       0.0716695       0.5828989       0.8600617                          
     2:p g1 a1 t2             0.7234418       0.0719996       0.5637174       0.8411668                          
     3:p g1 a2 t3             0.7183615       0.0722134       0.5589167       0.8369804                          
     4:Psi g1 a0 t1           0.1416195       0.0312761       0.0906128       0.2145640                          


                      Estimates of Derived Parameters
            Occupancy Estimates of { p(~effort)Psi(~pctrock) }
                                            95% Confidence Interval
 Group   Psi-hat         Standard Error      Lower           Upper
 -----   --------------  --------------  --------------  --------------
   1      0.1416195       0.0312761       0.0906128       0.2145640    

   CPU Time for the last procedure was 0.02 seconds.     

  Program  MARK  - Survival Rate Estimation with Capture-Recapture Data
   gfortran(dble) Vers. 9.0 Mar 2018    12-Dec-2019 16:00:02    Page  004
 - - - - - - - - - - - - - - - - - - - - - - - - - - - - - - - - - - - - - -
 


  INPUT --- proc stop;

     CPU Time in minutes for this job was 0.00

     Time Start = 16:00:01.904   Time End = 16:00:02.161

     Wall Clock Time in minutes for this job was 0.00


          E X E C U T I O N   S U C C E S S F U L 
