
   Program  MARK  - Survival Rate Estimation with Capture-Recapture Data
   gfortran(dble) Vers. 9.0 Mar 2018    12-Dec-2019 15:58:53    Page  001
 - - - - - - - - - - - - - - - - - - - - - - - - - - - - - - - - - - - - - -
 
   This version was compiled by GCC version 7.2.0 using the options: 
     -cpp -iprefix C:/Program Files/mingw-w64/x86_64-7.2.0-posix-seh-rt_v5-rev1/
     mingw64/bin/../lib/gcc/x86_64-w64-mingw32/7.2.0/ -D_MT -D_REENTRANT
     -U_REENTRANT -D IEEE -D DBLEPRECISION -m64 -mtune=core2 -march=nocona -mthreads
     -O2 -fimplicit-none -fbounds-check -funroll-loops -ftree-vectorize
     -ffpe-summary=invalid,zero,overflow,underflow -fno-unsafe-math-optimizations
     -frounding-math -fsignaling-nans -fopenmp.

   This problem will use 7 of 8 possible threads.


  INPUT --- proc title ;

   CPU Time for the last procedure was 0.01 seconds.     


  INPUT --- proc chmatrix occasions= 3 groups= 1 etype= Occupancy 
  INPUT --- Nodes= 101 icovar = 4 ICMeans  NoHist hist= 138 ;

  INPUT ---    time interval 1 1 1 ;

  INPUT ---     icovariates pctpool pctrock pctBrBnk HAiFLS_for ;

  INPUT ---    glabel(1)=freq1;

      Number of unique encounter histories read was 138.

      Number of individual covariates read was 4.
      Time interval lengths are all equal to 1.

      Data type number is 27
      Data type is Occupancy Estimation with Detection < 1                                                             

   CPU Time for the last procedure was 0.01 seconds.     

  Program  MARK  - Survival Rate Estimation with Capture-Recapture Data
   gfortran(dble) Vers. 9.0 Mar 2018    12-Dec-2019 15:58:53    Page  002
 - - - - - - - - - - - - - - - - - - - - - - - - - - - - - - - - - - - - - -
 


  INPUT --- proc estimate link=Logit NOLOOP varest=2ndPart    ;


  INPUT --- model={ p(~1)Psi(~pctpool + pctrock + pctBrBnk + 
  INPUT --- HAiFLS_for) };

  INPUT ---    group=1 p    rows=1 cols=3 Square ;
  INPUT ---        1 1 1 ;

  INPUT ---    group=1 Psi    rows=1 cols=1 Square ;
  INPUT ---        2 ;

  INPUT ---    design matrix constraints=2 covariates=6;
  INPUT ---        1 0 0 0 0 0;
  INPUT ---        0 1 pctpool pctrock pctBrBnk HAiFLS_for;
  INPUT ---       blabel(1)=p:(Intercept);
  INPUT ---       blabel(2)=Psi:(Intercept);
  INPUT ---       blabel(3)=Psi:pctpool;
  INPUT ---       blabel(4)=Psi:pctrock;
  INPUT ---       blabel(5)=Psi:pctBrBnk;
  INPUT ---       blabel(6)=Psi:HAiFLS_for;
  INPUT ---       rlabel(1)=p g1 a0 t1;
  INPUT ---       rlabel(2)=Psi g1 a0 t1;

 Link Function Used is LOGIT        

 Variance Estimation Procedure Used is 2ndPart 
 -2logL(saturated) = 0.0000000     
 Effective Sample Size = 138

 Number of function evaluations was 19 for 6 parameters.
 Time for numerical optimization was 0.05 seconds.     
 -2logL { p(~1)Psi(~pctpool + pctrock + pctBrBnk + HAiFLS_for) } = 162.10460     
 Penalty { p(~1)Psi(~pctpool + pctrock + pctBrBnk + HAiFLS_for) } = 0.0000000     
 Gradient { p(~1)Psi(~pctpool + pctrock + pctBrBnk + HAiFLS_for) }:
  0.3923560E-05  0.2120025E-05  0.2138886E-05  0.2836587E-05  0.1409885E-05
  0.1510910E-05
 Maximum ABS(G) { p(~1)Psi(~pctpool + pctrock + pctBrBnk + HAiFLS_for) } = 0.3923560E-05 
 S Vector { p(~1)Psi(~pctpool + pctrock + pctBrBnk + HAiFLS_for) }:
   27.27146      9.609364      1.323648     0.9691562     0.2736997    
  0.2169195    
 Time to compute number of parameters was 0.05 seconds.     
 Ratio Threshold = 50.000000       Max Gap (2/3) = 7.2597567       Next Max Gap (4/5) = 3.5409475     
 Gap Method for Num. of Estimated Parameters { p(~1)Psi(~pctpool + pctrock + pctBrBnk + HAiFLS_for) } = 6          
 Threshold { p(~1)Psi(~pctpool + pctrock + pctBrBnk + HAiFLS_for) } = 0.7847119E-05                 
 Numerical Threshold Method for Num. of Estimated Parameters { p(~1)Psi(~pctpool + pctrock + pctBrBnk + HAiFLS_for) } = 6          
 Number of Estimated Parameters { p(~1)Psi(~pctpool + pctrock + pctBrBnk + HAiFLS_for) } = 6          
 DEVIANCE { p(~1)Psi(~pctpool + pctrock + pctBrBnk + HAiFLS_for) } = 162.10460                     
 DEVIANCE Degrees of Freedom { p(~1)Psi(~pctpool + pctrock + pctBrBnk + HAiFLS_for) } = 132            
 c-hat { p(~1)Psi(~pctpool + pctrock + pctBrBnk + HAiFLS_for) } = 1.2280652                     
 AIC { p(~1)Psi(~pctpool + pctrock + pctBrBnk + HAiFLS_for) } = 174.10460                  
 AICc { p(~1)Psi(~pctpool + pctrock + pctBrBnk + HAiFLS_for) } = 174.74582                    
 BIC { p(~1)Psi(~pctpool + pctrock + pctBrBnk + HAiFLS_for) } = 191.66812                    
 Pearson Chisquare { p(~1)Psi(~pctpool + pctrock + pctBrBnk + HAiFLS_for) } = 1132.6934                  

  Program  MARK  - Survival Rate Estimation with Capture-Recapture Data
   gfortran(dble) Vers. 9.0 Mar 2018    12-Dec-2019 15:58:53    Page  003
 - - - - - - - - - - - - - - - - - - - - - - - - - - - - - - - - - - - - - -
 


   LOGIT Link Function Parameters of { p(~1)Psi(~pctpool + pctrock + pctBrBnk + HAiFLS_for) }
                                                              95% Confidence Interval
 Parameter                    Beta         Standard Error      Lower           Upper
 -------------------------  --------------  --------------  --------------  --------------
    1:p:(Intercept)          0.9445084       0.3221460       0.3131023       1.5759145    
    2:Psi:(Intercept)       -2.5987286       1.3384729      -5.2221354       0.0246783    
    3:Psi:pctpool            0.0211610       0.0159607      -0.0101220       0.0524440    
    4:Psi:pctrock            0.0101723       0.0135582      -0.0164017       0.0367463    
    5:Psi:pctBrBnk          -1.3930607       0.6385523      -2.6446233      -0.1414982    
    6:Psi:HAiFLS_for         0.0152658       0.0088012      -0.0019846       0.0325162    


   Real Function Parameters of { p(~1)Psi(~pctpool + pctrock + pctBrBnk + HAiFLS_for) }

      Following estimates based on unstandardized individual covariate values:
          Variable   Value         
          ---------  ------------- 
          PCTPOOL     25.664251    
          PCTROCK     68.678238    
          PCTBRBNK    0.8740586    
          HAIFLS_FOR  26.272482    
                                                               95% Confidence Interval
  Parameter                  Estimate       Standard Error      Lower           Upper
 --------------------------  --------------  --------------  --------------  --------------
     1:p g1 a0 t1             0.7200094       0.0649433       0.5776423       0.8286251                          
     2:Psi g1 a0 t1           0.1021484       0.0307531       0.0556825       0.1799981                          


                      Estimates of Derived Parameters
 Occupancy Estimates of { p(~1)Psi(~pctpool + pctrock + pctBrBnk + HAiFLS_for) }
                                            95% Confidence Interval
 Group   Psi-hat         Standard Error      Lower           Upper
 -----   --------------  --------------  --------------  --------------
   1      0.1021484       0.0307531       0.0556825       0.1799981    

   CPU Time for the last procedure was 0.09 seconds.     

  Program  MARK  - Survival Rate Estimation with Capture-Recapture Data
   gfortran(dble) Vers. 9.0 Mar 2018    12-Dec-2019 15:58:53    Page  004
 - - - - - - - - - - - - - - - - - - - - - - - - - - - - - - - - - - - - - -
 


  INPUT --- proc stop;

     CPU Time in minutes for this job was 0.00

     Time Start = 15:58:53.668   Time End = 15:58:53.782

     Wall Clock Time in minutes for this job was 0.00


          E X E C U T I O N   S U C C E S S F U L 
