
   Program  MARK  - Survival Rate Estimation with Capture-Recapture Data
   gfortran(dble) Vers. 9.0 Mar 2018    13-Dec-2019 09:52:23    Page  001
 - - - - - - - - - - - - - - - - - - - - - - - - - - - - - - - - - - - - - -
 
   This version was compiled by GCC version 7.2.0 using the options: 
     -cpp -iprefix C:/Program Files/mingw-w64/x86_64-7.2.0-posix-seh-rt_v5-rev1/
     mingw64/bin/../lib/gcc/x86_64-w64-mingw32/7.2.0/ -D_MT -D_REENTRANT
     -U_REENTRANT -D IEEE -D DBLEPRECISION -m64 -mtune=core2 -march=nocona -mthreads
     -O2 -fimplicit-none -fbounds-check -funroll-loops -ftree-vectorize
     -ffpe-summary=invalid,zero,overflow,underflow -fno-unsafe-math-optimizations
     -frounding-math -fsignaling-nans -fopenmp.

   This problem will use 7 of 8 possible threads.


  INPUT --- proc title ;

   CPU Time for the last procedure was 0.02 seconds.     


  INPUT --- proc chmatrix occasions= 3 groups= 1 etype= Occupancy 
  INPUT --- Nodes= 101 icovar = 6 ICMeans  NoHist hist= 138 ;

  INPUT ---    time interval 1 1 1 ;

  INPUT ---     icovariates effort1 effort2 effort3 pctex21 pctpool  
  INPUT ---    pctBrBnk ;

  INPUT ---    glabel(1)=freq1;

      Number of unique encounter histories read was 138.

      Number of individual covariates read was 6.
      Time interval lengths are all equal to 1.

      Data type number is 27
      Data type is Occupancy Estimation with Detection < 1                                                             

   CPU Time for the last procedure was 0.01 seconds.     

  Program  MARK  - Survival Rate Estimation with Capture-Recapture Data
   gfortran(dble) Vers. 9.0 Mar 2018    13-Dec-2019 09:52:23    Page  002
 - - - - - - - - - - - - - - - - - - - - - - - - - - - - - - - - - - - - - -
 


  INPUT --- proc estimate link=Logit NOLOOP varest=2ndPart    ;


  INPUT --- model={ p(~effort)Psi(~pctex21 + pctpool + pctBrBnk) };

  INPUT ---    group=1 p    rows=1 cols=3 Square ;
  INPUT ---        1 2 3 ;

  INPUT ---    group=1 Psi    rows=1 cols=1 Square ;
  INPUT ---        4 ;

  INPUT ---    design matrix constraints=4 covariates=6;
  INPUT ---        1 effort1 0 0 0 0;
  INPUT ---        1 effort2 0 0 0 0;
  INPUT ---        1 effort3 0 0 0 0;
  INPUT ---        0 0 1 pctex21 pctpool pctBrBnk;
  INPUT ---       blabel(1)=p:(Intercept);
  INPUT ---       blabel(2)=p:effort;
  INPUT ---       blabel(3)=Psi:(Intercept);
  INPUT ---       blabel(4)=Psi:pctex21;
  INPUT ---       blabel(5)=Psi:pctpool;
  INPUT ---       blabel(6)=Psi:pctBrBnk;
  INPUT ---       rlabel(1)=p g1 a0 t1;
  INPUT ---       rlabel(2)=p g1 a1 t2;
  INPUT ---       rlabel(3)=p g1 a2 t3;
  INPUT ---       rlabel(4)=Psi g1 a0 t1;

 Link Function Used is LOGIT        

 Variance Estimation Procedure Used is 2ndPart 
 -2logL(saturated) = 0.0000000     
 Effective Sample Size = 138

 Number of function evaluations was 23 for 6 parameters.
 Time for numerical optimization was 0.03 seconds.     
 -2logL { p(~effort)Psi(~pctex21 + pctpool + pctBrBnk) } = 143.07710     
 Penalty { p(~effort)Psi(~pctex21 + pctpool + pctBrBnk) } = 0.0000000     
 Gradient { p(~effort)Psi(~pctex21 + pctpool + pctBrBnk) }:
 -0.1251143E-05  0.4834501E-06  0.1187921E-05   0.000000     -0.8193944E-06
   0.000000    
 Maximum ABS(G) { p(~effort)Psi(~pctex21 + pctpool + pctBrBnk) } = 0.1251143E-05 
 S Vector { p(~effort)Psi(~pctex21 + pctpool + pctBrBnk) }:
   15.78881      7.552703     0.6824653     0.2546300     0.9103224E-01
  0.1906759E-01
 Time to compute number of parameters was 0.01 seconds.     
 Ratio Threshold = 50.000000       Max Gap (2/3) = 11.066795       Next Max Gap (5/6) = 4.7741874     
 Gap Method for Num. of Estimated Parameters { p(~effort)Psi(~pctex21 + pctpool + pctBrBnk) } = 6          
 Threshold { p(~effort)Psi(~pctex21 + pctpool + pctBrBnk) } = 0.2502286E-05                 
 Numerical Threshold Method for Num. of Estimated Parameters { p(~effort)Psi(~pctex21 + pctpool + pctBrBnk) } = 6          
 Number of Estimated Parameters { p(~effort)Psi(~pctex21 + pctpool + pctBrBnk) } = 6          
 DEVIANCE { p(~effort)Psi(~pctex21 + pctpool + pctBrBnk) } = 143.07710                     
 DEVIANCE Degrees of Freedom { p(~effort)Psi(~pctex21 + pctpool + pctBrBnk) } = 132            
 c-hat { p(~effort)Psi(~pctex21 + pctpool + pctBrBnk) } = 1.0839175                     
 AIC { p(~effort)Psi(~pctex21 + pctpool + pctBrBnk) } = 155.07710                  
 AICc { p(~effort)Psi(~pctex21 + pctpool + pctBrBnk) } = 155.71832                    
 BIC { p(~effort)Psi(~pctex21 + pctpool + pctBrBnk) } = 172.64063                    
 Pearson Chisquare { p(~effort)Psi(~pctex21 + pctpool + pctBrBnk) } = 712.01662                  

  Program  MARK  - Survival Rate Estimation with Capture-Recapture Data
   gfortran(dble) Vers. 9.0 Mar 2018    13-Dec-2019 09:52:23    Page  003
 - - - - - - - - - - - - - - - - - - - - - - - - - - - - - - - - - - - - - -
 


       LOGIT Link Function Parameters of { p(~effort)Psi(~pctex21 + pctpool + pctBrBnk) }
                                                              95% Confidence Interval
 Parameter                    Beta         Standard Error      Lower           Upper
 -------------------------  --------------  --------------  --------------  --------------
    1:p:(Intercept)         -0.5244847       0.7094297      -1.9149669       0.8659976    
    2:p:effort               0.0017278       0.8162815E-03   0.1279145E-03   0.0033277    
    3:Psi:(Intercept)       -0.6056191       0.6167802      -1.8145084       0.6032702    
    4:Psi:pctex21           -0.5812295       0.2336218      -1.0391281      -0.1233308    
    5:Psi:pctpool            0.0167716       0.0144657      -0.0115811       0.0451244    
    6:Psi:pctBrBnk          -0.9267842       0.6222056      -2.1463073       0.2927388    


       Real Function Parameters of { p(~effort)Psi(~pctex21 + pctpool + pctBrBnk) }

      Following estimates based on unstandardized individual covariate values:
          Variable   Value         
          ---------  ------------- 
          EFFORT1     906.23188    
          EFFORT2     834.18841    
          EFFORT3     818.18116    
          PCTEX21     4.8306834    
          PCTPOOL     25.664251    
          PCTBRBNK    0.8740586    
                                                               95% Confidence Interval
  Parameter                  Estimate       Standard Error      Lower           Upper
 --------------------------  --------------  --------------  --------------  --------------
     1:p g1 a0 t1             0.7391059       0.0742516       0.5711631       0.8576680                          
     2:p g1 a1 t2             0.7143994       0.0753692       0.5480586       0.8376528                          
     3:p g1 a2 t3             0.7087230       0.0757834       0.5423141       0.8332333                          
     4:Psi g1 a0 t1           0.0220319       0.0216322       0.0031388       0.1388121                          


                      Estimates of Derived Parameters
 Occupancy Estimates of { p(~effort)Psi(~pctex21 + pctpool + pctBrBnk) }
                                            95% Confidence Interval
 Group   Psi-hat         Standard Error      Lower           Upper
 -----   --------------  --------------  --------------  --------------
   1      0.0220319       0.0216322       0.0031388       0.1388121    

   CPU Time for the last procedure was 0.03 seconds.     

  Program  MARK  - Survival Rate Estimation with Capture-Recapture Data
   gfortran(dble) Vers. 9.0 Mar 2018    13-Dec-2019 09:52:23    Page  004
 - - - - - - - - - - - - - - - - - - - - - - - - - - - - - - - - - - - - - -
 


  INPUT --- proc stop;

     CPU Time in minutes for this job was 0.00

     Time Start = 09:52:23.633   Time End = 09:52:23.806

     Wall Clock Time in minutes for this job was 0.00


          E X E C U T I O N   S U C C E S S F U L 
