
   Program  MARK  - Survival Rate Estimation with Capture-Recapture Data
   gfortran(dble) Vers. 9.0 Mar 2018    13-Dec-2019 09:51:17    Page  001
 - - - - - - - - - - - - - - - - - - - - - - - - - - - - - - - - - - - - - -
 
   This version was compiled by GCC version 7.2.0 using the options: 
     -cpp -iprefix C:/Program Files/mingw-w64/x86_64-7.2.0-posix-seh-rt_v5-rev1/
     mingw64/bin/../lib/gcc/x86_64-w64-mingw32/7.2.0/ -D_MT -D_REENTRANT
     -U_REENTRANT -D IEEE -D DBLEPRECISION -m64 -mtune=core2 -march=nocona -mthreads
     -O2 -fimplicit-none -fbounds-check -funroll-loops -ftree-vectorize
     -ffpe-summary=invalid,zero,overflow,underflow -fno-unsafe-math-optimizations
     -frounding-math -fsignaling-nans -fopenmp.

   This problem will use 7 of 8 possible threads.


  INPUT --- proc title ;

   CPU Time for the last procedure was 0.01 seconds.     


  INPUT --- proc chmatrix occasions= 3 groups= 1 etype= Occupancy 
  INPUT --- Nodes= 101 icovar = 5 ICMeans  NoHist hist= 138 ;

  INPUT ---    time interval 1 1 1 ;

  INPUT ---     icovariates pctex21 pctpool pctrock pctShade pctBrBnk ;

  INPUT ---    glabel(1)=freq1;

      Number of unique encounter histories read was 138.

      Number of individual covariates read was 5.
      Time interval lengths are all equal to 1.

      Data type number is 27
      Data type is Occupancy Estimation with Detection < 1                                                             

   CPU Time for the last procedure was 0.01 seconds.     

  Program  MARK  - Survival Rate Estimation with Capture-Recapture Data
   gfortran(dble) Vers. 9.0 Mar 2018    13-Dec-2019 09:51:17    Page  002
 - - - - - - - - - - - - - - - - - - - - - - - - - - - - - - - - - - - - - -
 


  INPUT --- proc estimate link=Logit NOLOOP varest=2ndPart    ;


  INPUT --- model={ p(~1)Psi(~pctex21 + pctpool + pctrock + pctShade + 
  INPUT --- pctBrBnk) };

  INPUT ---    group=1 p    rows=1 cols=3 Square ;
  INPUT ---        1 1 1 ;

  INPUT ---    group=1 Psi    rows=1 cols=1 Square ;
  INPUT ---        2 ;

  INPUT ---    design matrix constraints=2 covariates=7;
  INPUT ---        1 0 0 0 0 0 0;
  INPUT ---        0 1 pctex21 pctpool pctrock pctShade pctBrBnk;
  INPUT ---       blabel(1)=p:(Intercept);
  INPUT ---       blabel(2)=Psi:(Intercept);
  INPUT ---       blabel(3)=Psi:pctex21;
  INPUT ---       blabel(4)=Psi:pctpool;
  INPUT ---       blabel(5)=Psi:pctrock;
  INPUT ---       blabel(6)=Psi:pctShade;
  INPUT ---       blabel(7)=Psi:pctBrBnk;
  INPUT ---       rlabel(1)=p g1 a0 t1;
  INPUT ---       rlabel(2)=Psi g1 a0 t1;

 Link Function Used is LOGIT        

 Variance Estimation Procedure Used is 2ndPart 
 -2logL(saturated) = 0.0000000     
 Effective Sample Size = 138

 Number of function evaluations was 27 for 7 parameters.
 Time for numerical optimization was 0.08 seconds.     
 -2logL { p(~1)Psi(~pctex21 + pctpool + pctrock + pctShade + pctBrBnk) } = 147.26932     
 Penalty { p(~1)Psi(~pctex21 + pctpool + pctrock + pctShade + pctBrBnk) } = 0.0000000     
 Gradient { p(~1)Psi(~pctex21 + pctpool + pctrock + pctShade + pctBrBnk) }:
 -0.9777059E-06  0.5747152E-06 -0.9595592E-07   0.000000      0.1382602E-05
  0.1442826E-05  0.5048610E-06
 Maximum ABS(G) { p(~1)Psi(~pctex21 + pctpool + pctrock + pctShade + pctBrBnk) } = 0.1442826E-05 
 S Vector { p(~1)Psi(~pctex21 + pctpool + pctrock + pctShade + pctBrBnk) }:
   25.65848      9.713864      1.079403     0.9261109     0.2728010    
  0.2057885     0.1881850E-01
 Time to compute number of parameters was 0.01 seconds.     
 Ratio Threshold = 50.000000       Max Gap (6/7) = 10.935435       Next Max Gap (2/3) = 8.9992921     
 Gap Method for Num. of Estimated Parameters { p(~1)Psi(~pctex21 + pctpool + pctrock + pctShade + pctBrBnk) } = 7          
 Threshold { p(~1)Psi(~pctex21 + pctpool + pctrock + pctShade + pctBrBnk) } = 0.2885652E-05                 
 Numerical Threshold Method for Num. of Estimated Parameters { p(~1)Psi(~pctex21 + pctpool + pctrock + pctShade + pctBrBnk) } = 7          
 Number of Estimated Parameters { p(~1)Psi(~pctex21 + pctpool + pctrock + pctShade + pctBrBnk) } = 7          
 DEVIANCE { p(~1)Psi(~pctex21 + pctpool + pctrock + pctShade + pctBrBnk) } = 147.26932                     
 DEVIANCE Degrees of Freedom { p(~1)Psi(~pctex21 + pctpool + pctrock + pctShade + pctBrBnk) } = 131            
 c-hat { p(~1)Psi(~pctex21 + pctpool + pctrock + pctShade + pctBrBnk) } = 1.1241933                     
 AIC { p(~1)Psi(~pctex21 + pctpool + pctrock + pctShade + pctBrBnk) } = 161.26932                  
 AICc { p(~1)Psi(~pctex21 + pctpool + pctrock + pctShade + pctBrBnk) } = 162.13086                    
 BIC { p(~1)Psi(~pctex21 + pctpool + pctrock + pctShade + pctBrBnk) } = 181.76010                    
 Pearson Chisquare { p(~1)Psi(~pctex21 + pctpool + pctrock + pctShade + pctBrBnk) } = 1424.7485                  

  Program  MARK  - Survival Rate Estimation with Capture-Recapture Data
   gfortran(dble) Vers. 9.0 Mar 2018    13-Dec-2019 09:51:17    Page  003
 - - - - - - - - - - - - - - - - - - - - - - - - - - - - - - - - - - - - - -
 


 LOGIT Link Function Parameters of { p(~1)Psi(~pctex21 + pctpool + pctrock + pctShade + pctBrBnk) }
                                                              95% Confidence Interval
 Parameter                    Beta         Standard Error      Lower           Upper
 -------------------------  --------------  --------------  --------------  --------------
    1:p:(Intercept)          0.9508408       0.3203087       0.3230359       1.5786458    
    2:Psi:(Intercept)       -2.3187719       1.2831094      -4.8336663       0.1961226    
    3:Psi:pctex21           -0.6095665       0.2352193      -1.0705964      -0.1485367    
    4:Psi:pctpool            0.0252105       0.0162713      -0.0066813       0.0571022    
    5:Psi:pctrock            0.0175907       0.0145561      -0.0109393       0.0461207    
    6:Psi:pctShade           0.0032390       0.0103144      -0.0169772       0.0234552    
    7:Psi:pctBrBnk          -0.8772531       0.6450113      -2.1414753       0.3869691    


 Real Function Parameters of { p(~1)Psi(~pctex21 + pctpool + pctrock + pctShade + pctBrBnk) }

      Following estimates based on unstandardized individual covariate values:
          Variable   Value         
          ---------  ------------- 
          PCTEX21     4.8306834    
          PCTPOOL     25.664251    
          PCTROCK     68.678238    
          PCTSHADE    48.614931    
          PCTBRBNK    0.8740586    
                                                               95% Confidence Interval
  Parameter                  Estimate       Standard Error      Lower           Upper
 --------------------------  --------------  --------------  --------------  --------------
     1:p g1 a0 t1             0.7212842       0.0643927       0.5800639       0.8290127                          
     2:Psi g1 a0 t1           0.0176780       0.0176969       0.0024359       0.1170986                          


                      Estimates of Derived Parameters
 Occupancy Estimates of { p(~1)Psi(~pctex21 + pctpool + pctrock + pctShade + pctBrBnk) }
                                            95% Confidence Interval
 Group   Psi-hat         Standard Error      Lower           Upper
 -----   --------------  --------------  --------------  --------------
   1      0.0176780       0.0176969       0.0024359       0.1170986    

   CPU Time for the last procedure was 0.09 seconds.     

  Program  MARK  - Survival Rate Estimation with Capture-Recapture Data
   gfortran(dble) Vers. 9.0 Mar 2018    13-Dec-2019 09:51:17    Page  004
 - - - - - - - - - - - - - - - - - - - - - - - - - - - - - - - - - - - - - -
 


  INPUT --- proc stop;

     CPU Time in minutes for this job was 0.00

     Time Start = 09:51:17.391   Time End = 09:51:17.573

     Wall Clock Time in minutes for this job was 0.00


          E X E C U T I O N   S U C C E S S F U L 
