
   Program  MARK  - Survival Rate Estimation with Capture-Recapture Data
   gfortran(dble) Vers. 9.0 Mar 2018    12-Dec-2019 15:58:50    Page  001
 - - - - - - - - - - - - - - - - - - - - - - - - - - - - - - - - - - - - - -
 
   This version was compiled by GCC version 7.2.0 using the options: 
     -cpp -iprefix C:/Program Files/mingw-w64/x86_64-7.2.0-posix-seh-rt_v5-rev1/
     mingw64/bin/../lib/gcc/x86_64-w64-mingw32/7.2.0/ -D_MT -D_REENTRANT
     -U_REENTRANT -D IEEE -D DBLEPRECISION -m64 -mtune=core2 -march=nocona -mthreads
     -O2 -fimplicit-none -fbounds-check -funroll-loops -ftree-vectorize
     -ffpe-summary=invalid,zero,overflow,underflow -fno-unsafe-math-optimizations
     -frounding-math -fsignaling-nans -fopenmp.

   This problem will use 7 of 8 possible threads.


  INPUT --- proc title ;

   CPU Time for the last procedure was 0.01 seconds.     


  INPUT --- proc chmatrix occasions= 3 groups= 1 etype= Occupancy 
  INPUT --- Nodes= 101 icovar = 7 ICMeans  NoHist hist= 138 ;

  INPUT ---    time interval 1 1 1 ;

  INPUT ---     icovariates effort1 effort2 effort3 pctex21 pctrock  
  INPUT ---    BRT_100m HAiFLS_for ;

  INPUT ---    glabel(1)=freq1;

      Number of unique encounter histories read was 138.

      Number of individual covariates read was 7.
      Time interval lengths are all equal to 1.

      Data type number is 27
      Data type is Occupancy Estimation with Detection < 1                                                             

   CPU Time for the last procedure was 0.01 seconds.     

  Program  MARK  - Survival Rate Estimation with Capture-Recapture Data
   gfortran(dble) Vers. 9.0 Mar 2018    12-Dec-2019 15:58:50    Page  002
 - - - - - - - - - - - - - - - - - - - - - - - - - - - - - - - - - - - - - -
 


  INPUT --- proc estimate link=Logit NOLOOP varest=2ndPart    ;


  INPUT --- model={ p(~effort)Psi(~pctex21 + pctrock + BRT_100m + 
  INPUT --- HAiFLS_for) };

  INPUT ---    group=1 p    rows=1 cols=3 Square ;
  INPUT ---        1 2 3 ;

  INPUT ---    group=1 Psi    rows=1 cols=1 Square ;
  INPUT ---        4 ;

  INPUT ---    design matrix constraints=4 covariates=7;
  INPUT ---        1 effort1 0 0 0 0 0;
  INPUT ---        1 effort2 0 0 0 0 0;
  INPUT ---        1 effort3 0 0 0 0 0;
  INPUT ---        0 0 1 pctex21 pctrock BRT_100m HAiFLS_for;
  INPUT ---       blabel(1)=p:(Intercept);
  INPUT ---       blabel(2)=p:effort;
  INPUT ---       blabel(3)=Psi:(Intercept);
  INPUT ---       blabel(4)=Psi:pctex21;
  INPUT ---       blabel(5)=Psi:pctrock;
  INPUT ---       blabel(6)=Psi:BRT_100m;
  INPUT ---       blabel(7)=Psi:HAiFLS_for;
  INPUT ---       rlabel(1)=p g1 a0 t1;
  INPUT ---       rlabel(2)=p g1 a1 t2;
  INPUT ---       rlabel(3)=p g1 a2 t3;
  INPUT ---       rlabel(4)=Psi g1 a0 t1;

 Link Function Used is LOGIT        

 Variance Estimation Procedure Used is 2ndPart 
 -2logL(saturated) = 0.0000000     
 Effective Sample Size = 138

 Number of function evaluations was 26 for 7 parameters.
 Time for numerical optimization was 0.08 seconds.     
 -2logL { p(~effort)Psi(~pctex21 + pctrock + BRT_100m + HAiFLS_for) } = 139.02654     
 Penalty { p(~effort)Psi(~pctex21 + pctrock + BRT_100m + HAiFLS_for) } = 0.0000000     
 Gradient { p(~effort)Psi(~pctex21 + pctrock + BRT_100m + HAiFLS_for) }:
 -0.1367695E-05   0.000000     -0.1863023E-05 -0.7985192E-07 -0.1154321E-05
   0.000000     -0.1227929E-05
 Maximum ABS(G) { p(~effort)Psi(~pctex21 + pctrock + BRT_100m + HAiFLS_for) } = 0.1863023E-05 

  Program  MARK  - Survival Rate Estimation with Capture-Recapture Data
   gfortran(dble) Vers. 9.0 Mar 2018    12-Dec-2019 15:58:50    Page  003
 - - - - - - - - - - - - - - - - - - - - - - - - - - - - - - - - - - - - - -
 
 S Vector { p(~effort)Psi(~pctex21 + pctrock + BRT_100m + HAiFLS_for) }:
   21.23423      8.282267     0.9701032     0.5035689     0.3290684    
  0.9904656E-01 0.1499502E-01
 Time to compute number of parameters was 0.03 seconds.     
 Ratio Threshold = 50.000000       Max Gap (2/3) = 8.5375106       Next Max Gap (6/7) = 6.6052963     
 Gap Method for Num. of Estimated Parameters { p(~effort)Psi(~pctex21 + pctrock + BRT_100m + HAiFLS_for) } = 7          
 Threshold { p(~effort)Psi(~pctex21 + pctrock + BRT_100m + HAiFLS_for) } = 0.3726046E-05                 
 Numerical Threshold Method for Num. of Estimated Parameters { p(~effort)Psi(~pctex21 + pctrock + BRT_100m + HAiFLS_for) } = 7          
 Number of Estimated Parameters { p(~effort)Psi(~pctex21 + pctrock + BRT_100m + HAiFLS_for) } = 7          
 DEVIANCE { p(~effort)Psi(~pctex21 + pctrock + BRT_100m + HAiFLS_for) } = 139.02654                     
 DEVIANCE Degrees of Freedom { p(~effort)Psi(~pctex21 + pctrock + BRT_100m + HAiFLS_for) } = 131            
 c-hat { p(~effort)Psi(~pctex21 + pctrock + BRT_100m + HAiFLS_for) } = 1.0612713                     
 AIC { p(~effort)Psi(~pctex21 + pctrock + BRT_100m + HAiFLS_for) } = 153.02654                  
 AICc { p(~effort)Psi(~pctex21 + pctrock + BRT_100m + HAiFLS_for) } = 153.88808                    
 BIC { p(~effort)Psi(~pctex21 + pctrock + BRT_100m + HAiFLS_for) } = 173.51732                    
 Pearson Chisquare { p(~effort)Psi(~pctex21 + pctrock + BRT_100m + HAiFLS_for) } = 519.18387                  


 LOGIT Link Function Parameters of { p(~effort)Psi(~pctex21 + pctrock + BRT_100m + HAiFLS_for) }
                                                              95% Confidence Interval
 Parameter                    Beta         Standard Error      Lower           Upper
 -------------------------  --------------  --------------  --------------  --------------
    1:p:(Intercept)         -0.3945718       0.6687502      -1.7053222       0.9161787    
    2:p:effort               0.0016159       0.7837003E-03   0.7987176E-04   0.0031520    
    3:Psi:(Intercept)       -2.0713773       0.9708987      -3.9743387      -0.1684159    
    4:Psi:pctex21           -0.7390120       0.2635079      -1.2554876      -0.2225364    
    5:Psi:pctrock            0.0065236       0.0129066      -0.0187734       0.0318205    
    6:Psi:BRT_100m           0.0215293       0.0166310      -0.0110675       0.0541261    
    7:Psi:HAiFLS_for         0.0210911       0.0101867       0.0011252       0.0410571    


 Real Function Parameters of { p(~effort)Psi(~pctex21 + pctrock + BRT_100m + HAiFLS_for) }

      Following estimates based on unstandardized individual covariate values:
          Variable   Value         
          ---------  ------------- 
          EFFORT1     906.23188    
          EFFORT2     834.18841    
          EFFORT3     818.18116    
          PCTEX21     4.8306834    
          PCTROCK     68.678238    
          BRT_100M    6.7817616    
          HAIFLS_FOR  26.272482    
                                                               95% Confidence Interval
  Parameter                  Estimate       Standard Error      Lower           Upper
 --------------------------  --------------  --------------  --------------  --------------
     1:p g1 a0 t1             0.7445647       0.0719537       0.5813471       0.8595256                          
     2:p g1 a1 t2             0.7218012       0.0725113       0.5611053       0.8403961                          
     3:p g1 a2 t3             0.7165774       0.0727837       0.5560469       0.8361642                          
     4:Psi g1 a0 t1           0.0110615       0.0128374       0.0011200       0.1003775                          


                      Estimates of Derived Parameters
 Occupancy Estimates of { p(~effort)Psi(~pctex21 + pctrock + BRT_100m + HAiFLS_for) }
                                            95% Confidence Interval
 Group   Psi-hat         Standard Error      Lower           Upper
 -----   --------------  --------------  --------------  --------------
   1      0.0110615       0.0128374       0.0011200       0.1003775    

  Program  MARK  - Survival Rate Estimation with Capture-Recapture Data
   gfortran(dble) Vers. 9.0 Mar 2018    12-Dec-2019 15:58:50    Page  004
 - - - - - - - - - - - - - - - - - - - - - - - - - - - - - - - - - - - - - -
 

   CPU Time for the last procedure was 0.11 seconds.     


  INPUT --- proc stop;

     CPU Time in minutes for this job was 0.00

     Time Start = 15:58:50.573   Time End = 15:58:50.819

     Wall Clock Time in minutes for this job was 0.00


          E X E C U T I O N   S U C C E S S F U L 
