
   Program  MARK  - Survival Rate Estimation with Capture-Recapture Data
   gfortran(dble) Vers. 9.0 Mar 2018    13-Dec-2019 09:51:56    Page  001
 - - - - - - - - - - - - - - - - - - - - - - - - - - - - - - - - - - - - - -
 
   This version was compiled by GCC version 7.2.0 using the options: 
     -cpp -iprefix C:/Program Files/mingw-w64/x86_64-7.2.0-posix-seh-rt_v5-rev1/
     mingw64/bin/../lib/gcc/x86_64-w64-mingw32/7.2.0/ -D_MT -D_REENTRANT
     -U_REENTRANT -D IEEE -D DBLEPRECISION -m64 -mtune=core2 -march=nocona -mthreads
     -O2 -fimplicit-none -fbounds-check -funroll-loops -ftree-vectorize
     -ffpe-summary=invalid,zero,overflow,underflow -fno-unsafe-math-optimizations
     -frounding-math -fsignaling-nans -fopenmp.

   This problem will use 7 of 8 possible threads.


  INPUT --- proc title ;

   CPU Time for the last procedure was 0.01 seconds.     


  INPUT --- proc chmatrix occasions= 3 groups= 1 etype= Occupancy 
  INPUT --- Nodes= 101 icovar = 4 ICMeans  NoHist hist= 138 ;

  INPUT ---    time interval 1 1 1 ;

  INPUT ---     icovariates pctpool pctrock BRT_100m HAiFLS_for ;

  INPUT ---    glabel(1)=freq1;

      Number of unique encounter histories read was 138.

      Number of individual covariates read was 4.
      Time interval lengths are all equal to 1.

      Data type number is 27
      Data type is Occupancy Estimation with Detection < 1                                                             

   CPU Time for the last procedure was 0.01 seconds.     

  Program  MARK  - Survival Rate Estimation with Capture-Recapture Data
   gfortran(dble) Vers. 9.0 Mar 2018    13-Dec-2019 09:51:56    Page  002
 - - - - - - - - - - - - - - - - - - - - - - - - - - - - - - - - - - - - - -
 


  INPUT --- proc estimate link=Logit NOLOOP varest=2ndPart    ;


  INPUT --- model={ p(~1)Psi(~pctpool + pctrock + BRT_100m + 
  INPUT --- HAiFLS_for) };

  INPUT ---    group=1 p    rows=1 cols=3 Square ;
  INPUT ---        1 1 1 ;

  INPUT ---    group=1 Psi    rows=1 cols=1 Square ;
  INPUT ---        2 ;

  INPUT ---    design matrix constraints=2 covariates=6;
  INPUT ---        1 0 0 0 0 0;
  INPUT ---        0 1 pctpool pctrock BRT_100m HAiFLS_for;
  INPUT ---       blabel(1)=p:(Intercept);
  INPUT ---       blabel(2)=Psi:(Intercept);
  INPUT ---       blabel(3)=Psi:pctpool;
  INPUT ---       blabel(4)=Psi:pctrock;
  INPUT ---       blabel(5)=Psi:BRT_100m;
  INPUT ---       blabel(6)=Psi:HAiFLS_for;
  INPUT ---       rlabel(1)=p g1 a0 t1;
  INPUT ---       rlabel(2)=Psi g1 a0 t1;

 Link Function Used is LOGIT        

 Variance Estimation Procedure Used is 2ndPart 
 -2logL(saturated) = 0.0000000     
 Effective Sample Size = 138

 Number of function evaluations was 15 for 6 parameters.
 Time for numerical optimization was 0.02 seconds.     
 -2logL { p(~1)Psi(~pctpool + pctrock + BRT_100m + HAiFLS_for) } = 163.84259     
 Penalty { p(~1)Psi(~pctpool + pctrock + BRT_100m + HAiFLS_for) } = 0.0000000     
 Gradient { p(~1)Psi(~pctpool + pctrock + BRT_100m + HAiFLS_for) }:
 -0.1959796E-05  0.4201658E-06  0.8481395E-06  0.1216140E-05   0.000000    
 -0.6925337E-06
 Maximum ABS(G) { p(~1)Psi(~pctpool + pctrock + BRT_100m + HAiFLS_for) } = 0.1959796E-05 
 S Vector { p(~1)Psi(~pctpool + pctrock + BRT_100m + HAiFLS_for) }:
   27.18865      9.644727      1.271433     0.9669263     0.4269686    
  0.2368132    
 Time to compute number of parameters was 0.01 seconds.     
 Ratio Threshold = 50.000000       Max Gap (2/3) = 7.5857148       Next Max Gap (1/2) = 2.8190166     
 Gap Method for Num. of Estimated Parameters { p(~1)Psi(~pctpool + pctrock + BRT_100m + HAiFLS_for) } = 6          
 Threshold { p(~1)Psi(~pctpool + pctrock + BRT_100m + HAiFLS_for) } = 0.3919591E-05                 
 Numerical Threshold Method for Num. of Estimated Parameters { p(~1)Psi(~pctpool + pctrock + BRT_100m + HAiFLS_for) } = 6          
 Number of Estimated Parameters { p(~1)Psi(~pctpool + pctrock + BRT_100m + HAiFLS_for) } = 6          
 DEVIANCE { p(~1)Psi(~pctpool + pctrock + BRT_100m + HAiFLS_for) } = 163.84259                     
 DEVIANCE Degrees of Freedom { p(~1)Psi(~pctpool + pctrock + BRT_100m + HAiFLS_for) } = 132            
 c-hat { p(~1)Psi(~pctpool + pctrock + BRT_100m + HAiFLS_for) } = 1.2412318                     
 AIC { p(~1)Psi(~pctpool + pctrock + BRT_100m + HAiFLS_for) } = 175.84259                  
 AICc { p(~1)Psi(~pctpool + pctrock + BRT_100m + HAiFLS_for) } = 176.48382                    
 BIC { p(~1)Psi(~pctpool + pctrock + BRT_100m + HAiFLS_for) } = 193.40612                    
 Pearson Chisquare { p(~1)Psi(~pctpool + pctrock + BRT_100m + HAiFLS_for) } = 986.30089                  

  Program  MARK  - Survival Rate Estimation with Capture-Recapture Data
   gfortran(dble) Vers. 9.0 Mar 2018    13-Dec-2019 09:51:56    Page  003
 - - - - - - - - - - - - - - - - - - - - - - - - - - - - - - - - - - - - - -
 


   LOGIT Link Function Parameters of { p(~1)Psi(~pctpool + pctrock + BRT_100m + HAiFLS_for) }
                                                              95% Confidence Interval
 Parameter                    Beta         Standard Error      Lower           Upper
 -------------------------  --------------  --------------  --------------  --------------
    1:p:(Intercept)          0.9464770       0.3216019       0.3161373       1.5768167    
    2:Psi:(Intercept)       -3.5395141       1.2464412      -5.9825388      -1.0964894    
    3:Psi:pctpool            0.0157751       0.0159070      -0.0154027       0.0469529    
    4:Psi:pctrock            0.0056836       0.0137885      -0.0213418       0.0327091    
    5:Psi:BRT_100m           0.0339537       0.0168314       0.9642207E-03   0.0669433    
    6:Psi:HAiFLS_for         0.0175624       0.0087467       0.4188393E-03   0.0347060    


   Real Function Parameters of { p(~1)Psi(~pctpool + pctrock + BRT_100m + HAiFLS_for) }

      Following estimates based on unstandardized individual covariate values:
          Variable   Value         
          ---------  ------------- 
          PCTPOOL     25.664251    
          PCTROCK     68.678238    
          BRT_100M    6.7817616    
          HAIFLS_FOR  26.272482    
                                                               95% Confidence Interval
  Parameter                  Estimate       Standard Error      Lower           Upper
 --------------------------  --------------  --------------  --------------  --------------
     1:p g1 a0 t1             0.7204061       0.0647774       0.5783826       0.8287532                          
     2:Psi g1 a0 t1           0.1137858       0.0302938       0.0665171       0.1878838                          


                      Estimates of Derived Parameters
 Occupancy Estimates of { p(~1)Psi(~pctpool + pctrock + BRT_100m + HAiFLS_for) }
                                            95% Confidence Interval
 Group   Psi-hat         Standard Error      Lower           Upper
 -----   --------------  --------------  --------------  --------------
   1      0.1137858       0.0302938       0.0665171       0.1878838    

   CPU Time for the last procedure was 0.02 seconds.     

  Program  MARK  - Survival Rate Estimation with Capture-Recapture Data
   gfortran(dble) Vers. 9.0 Mar 2018    13-Dec-2019 09:51:56    Page  004
 - - - - - - - - - - - - - - - - - - - - - - - - - - - - - - - - - - - - - -
 


  INPUT --- proc stop;

     CPU Time in minutes for this job was 0.00

     Time Start = 09:51:56.057   Time End = 09:51:56.167

     Wall Clock Time in minutes for this job was 0.00


          E X E C U T I O N   S U C C E S S F U L 
