
   Program  MARK  - Survival Rate Estimation with Capture-Recapture Data
   gfortran(dble) Vers. 9.0 Mar 2018    13-Dec-2019 09:51:34    Page  001
 - - - - - - - - - - - - - - - - - - - - - - - - - - - - - - - - - - - - - -
 
   This version was compiled by GCC version 7.2.0 using the options: 
     -cpp -iprefix C:/Program Files/mingw-w64/x86_64-7.2.0-posix-seh-rt_v5-rev1/
     mingw64/bin/../lib/gcc/x86_64-w64-mingw32/7.2.0/ -D_MT -D_REENTRANT
     -U_REENTRANT -D IEEE -D DBLEPRECISION -m64 -mtune=core2 -march=nocona -mthreads
     -O2 -fimplicit-none -fbounds-check -funroll-loops -ftree-vectorize
     -ffpe-summary=invalid,zero,overflow,underflow -fno-unsafe-math-optimizations
     -frounding-math -fsignaling-nans -fopenmp.

   This problem will use 7 of 8 possible threads.


  INPUT --- proc title ;

   CPU Time for the last procedure was 0.01 seconds.     


  INPUT --- proc chmatrix occasions= 3 groups= 1 etype= Occupancy 
  INPUT --- Nodes= 101 icovar = 5 ICMeans  NoHist hist= 138 ;

  INPUT ---    time interval 1 1 1 ;

  INPUT ---     icovariates pctex21 pctpool BRT_100m pctShade HAiFLS_for  ;

  INPUT ---    glabel(1)=freq1;

      Number of unique encounter histories read was 138.

      Number of individual covariates read was 5.
      Time interval lengths are all equal to 1.

      Data type number is 27
      Data type is Occupancy Estimation with Detection < 1                                                             

   CPU Time for the last procedure was 0.02 seconds.     

  Program  MARK  - Survival Rate Estimation with Capture-Recapture Data
   gfortran(dble) Vers. 9.0 Mar 2018    13-Dec-2019 09:51:34    Page  002
 - - - - - - - - - - - - - - - - - - - - - - - - - - - - - - - - - - - - - -
 


  INPUT --- proc estimate link=Logit NOLOOP varest=2ndPart    ;


  INPUT --- model={ p(~1)Psi(~pctex21 + pctpool + BRT_100m + pctShade + 
  INPUT --- HAiFLS_for) };

  INPUT ---    group=1 p    rows=1 cols=3 Square ;
  INPUT ---        1 1 1 ;

  INPUT ---    group=1 Psi    rows=1 cols=1 Square ;
  INPUT ---        2 ;

  INPUT ---    design matrix constraints=2 covariates=7;
  INPUT ---        1 0 0 0 0 0 0;
  INPUT ---        0 1 pctex21 pctpool BRT_100m pctShade HAiFLS_for;
  INPUT ---       blabel(1)=p:(Intercept);
  INPUT ---       blabel(2)=Psi:(Intercept);
  INPUT ---       blabel(3)=Psi:pctex21;
  INPUT ---       blabel(4)=Psi:pctpool;
  INPUT ---       blabel(5)=Psi:BRT_100m;
  INPUT ---       blabel(6)=Psi:pctShade;
  INPUT ---       blabel(7)=Psi:HAiFLS_for;
  INPUT ---       rlabel(1)=p g1 a0 t1;
  INPUT ---       rlabel(2)=Psi g1 a0 t1;

 Link Function Used is LOGIT        

 Variance Estimation Procedure Used is 2ndPart 
 -2logL(saturated) = 0.0000000     
 Effective Sample Size = 138

 Number of function evaluations was 23 for 7 parameters.
 Time for numerical optimization was 0.01 seconds.     
 -2logL { p(~1)Psi(~pctex21 + pctpool + BRT_100m + pctShade + HAiFLS_for) } = 145.09203     
 Penalty { p(~1)Psi(~pctex21 + pctpool + BRT_100m + pctShade + HAiFLS_for) } = 0.0000000     
 Gradient { p(~1)Psi(~pctex21 + pctpool + BRT_100m + pctShade + HAiFLS_for) }:
   0.000000       0.000000       0.000000     -0.1025089E-05 -0.5546996E-06
   0.000000       0.000000    
 Maximum ABS(G) { p(~1)Psi(~pctex21 + pctpool + BRT_100m + pctShade + HAiFLS_for) } = 0.1025089E-05 
 S Vector { p(~1)Psi(~pctex21 + pctpool + BRT_100m + pctShade + HAiFLS_for) }:
   19.79953      9.584190      1.163183     0.6823287     0.5548407    
  0.4136459     0.1523267E-01
 Time to compute number of parameters was 0.01 seconds.     
 Ratio Threshold = 50.000000       Max Gap (6/7) = 27.155180       Next Max Gap (2/3) = 8.2396217     
 Gap Method for Num. of Estimated Parameters { p(~1)Psi(~pctex21 + pctpool + BRT_100m + pctShade + HAiFLS_for) } = 7          
 Threshold { p(~1)Psi(~pctex21 + pctpool + BRT_100m + pctShade + HAiFLS_for) } = 0.2050179E-05                 
 Numerical Threshold Method for Num. of Estimated Parameters { p(~1)Psi(~pctex21 + pctpool + BRT_100m + pctShade + HAiFLS_for) } = 7          
 Number of Estimated Parameters { p(~1)Psi(~pctex21 + pctpool + BRT_100m + pctShade + HAiFLS_for) } = 7          
 DEVIANCE { p(~1)Psi(~pctex21 + pctpool + BRT_100m + pctShade + HAiFLS_for) } = 145.09203                     
 DEVIANCE Degrees of Freedom { p(~1)Psi(~pctex21 + pctpool + BRT_100m + pctShade + HAiFLS_for) } = 131            
 c-hat { p(~1)Psi(~pctex21 + pctpool + BRT_100m + pctShade + HAiFLS_for) } = 1.1075727                     
 AIC { p(~1)Psi(~pctex21 + pctpool + BRT_100m + pctShade + HAiFLS_for) } = 159.09203                  
 AICc { p(~1)Psi(~pctex21 + pctpool + BRT_100m + pctShade + HAiFLS_for) } = 159.95357                    
 BIC { p(~1)Psi(~pctex21 + pctpool + BRT_100m + pctShade + HAiFLS_for) } = 179.58280                    
 Pearson Chisquare { p(~1)Psi(~pctex21 + pctpool + BRT_100m + pctShade + HAiFLS_for) } = 654.06666                  

  Program  MARK  - Survival Rate Estimation with Capture-Recapture Data
   gfortran(dble) Vers. 9.0 Mar 2018    13-Dec-2019 09:51:34    Page  003
 - - - - - - - - - - - - - - - - - - - - - - - - - - - - - - - - - - - - - -
 


 LOGIT Link Function Parameters of { p(~1)Psi(~pctex21 + pctpool + BRT_100m + pctShade + HAiFLS_for) }
                                                              95% Confidence Interval
 Parameter                    Beta         Standard Error      Lower           Upper
 -------------------------  --------------  --------------  --------------  --------------
    1:p:(Intercept)          0.9445875       0.3221826       0.3131095       1.5760655    
    2:Psi:(Intercept)       -1.9689733       0.7436723      -3.4265711      -0.5113756    
    3:Psi:pctex21           -0.7160404       0.2614872      -1.2285552      -0.2035255    
    4:Psi:pctpool            0.0108716       0.0157156      -0.0199311       0.0416742    
    5:Psi:BRT_100m           0.0253635       0.0160302      -0.0060558       0.0567827    
    6:Psi:pctShade          -0.0012343       0.0099997      -0.0208338       0.0183652    
    7:Psi:HAiFLS_for         0.0216312       0.0109904       0.9000277E-04   0.0431724    


 Real Function Parameters of { p(~1)Psi(~pctex21 + pctpool + BRT_100m + pctShade + HAiFLS_for) }

      Following estimates based on unstandardized individual covariate values:
          Variable   Value         
          ---------  ------------- 
          PCTEX21     4.8306834    
          PCTPOOL     25.664251    
          BRT_100M    6.7817616    
          PCTSHADE    48.614931    
          HAIFLS_FOR  26.272482    
                                                               95% Confidence Interval
  Parameter                  Estimate       Standard Error      Lower           Upper
 --------------------------  --------------  --------------  --------------  --------------
     1:p g1 a0 t1             0.7200254       0.0649484       0.5776441       0.8286466                          
     2:Psi g1 a0 t1           0.0113332       0.0130032       0.0011775       0.1002877                          


                      Estimates of Derived Parameters
 Occupancy Estimates of { p(~1)Psi(~pctex21 + pctpool + BRT_100m + pctShade + HAiFLS_for) }
                                            95% Confidence Interval
 Group   Psi-hat         Standard Error      Lower           Upper
 -----   --------------  --------------  --------------  --------------
   1      0.0113332       0.0130032       0.0011775       0.1002877    

   CPU Time for the last procedure was 0.01 seconds.     

  Program  MARK  - Survival Rate Estimation with Capture-Recapture Data
   gfortran(dble) Vers. 9.0 Mar 2018    13-Dec-2019 09:51:34    Page  004
 - - - - - - - - - - - - - - - - - - - - - - - - - - - - - - - - - - - - - -
 


  INPUT --- proc stop;

     CPU Time in minutes for this job was 0.00

     Time Start = 09:51:34.016   Time End = 09:51:34.228

     Wall Clock Time in minutes for this job was 0.00


          E X E C U T I O N   S U C C E S S F U L 
