
   Program  MARK  - Survival Rate Estimation with Capture-Recapture Data
   gfortran(dble) Vers. 9.0 Mar 2018    13-Dec-2019 09:51:49    Page  001
 - - - - - - - - - - - - - - - - - - - - - - - - - - - - - - - - - - - - - -
 
   This version was compiled by GCC version 7.2.0 using the options: 
     -cpp -iprefix C:/Program Files/mingw-w64/x86_64-7.2.0-posix-seh-rt_v5-rev1/
     mingw64/bin/../lib/gcc/x86_64-w64-mingw32/7.2.0/ -D_MT -D_REENTRANT
     -U_REENTRANT -D IEEE -D DBLEPRECISION -m64 -mtune=core2 -march=nocona -mthreads
     -O2 -fimplicit-none -fbounds-check -funroll-loops -ftree-vectorize
     -ffpe-summary=invalid,zero,overflow,underflow -fno-unsafe-math-optimizations
     -frounding-math -fsignaling-nans -fopenmp.

   This problem will use 7 of 8 possible threads.


  INPUT --- proc title ;

   CPU Time for the last procedure was 0.01 seconds.     


  INPUT --- proc chmatrix occasions= 3 groups= 1 etype= Occupancy 
  INPUT --- Nodes= 101 icovar = 4 ICMeans  NoHist hist= 138 ;

  INPUT ---    time interval 1 1 1 ;

  INPUT ---     icovariates pctex21 pctpool pctrock HAiFLS_for ;

  INPUT ---    glabel(1)=freq1;

      Number of unique encounter histories read was 138.

      Number of individual covariates read was 4.
      Time interval lengths are all equal to 1.

      Data type number is 27
      Data type is Occupancy Estimation with Detection < 1                                                             

   CPU Time for the last procedure was 0.02 seconds.     

  Program  MARK  - Survival Rate Estimation with Capture-Recapture Data
   gfortran(dble) Vers. 9.0 Mar 2018    13-Dec-2019 09:51:49    Page  002
 - - - - - - - - - - - - - - - - - - - - - - - - - - - - - - - - - - - - - -
 


  INPUT --- proc estimate link=Logit NOLOOP varest=2ndPart    ;


  INPUT --- model={ p(~1)Psi(~pctex21 + pctpool + pctrock + HAiFLS_for) 
  INPUT --- };

  INPUT ---    group=1 p    rows=1 cols=3 Square ;
  INPUT ---        1 1 1 ;

  INPUT ---    group=1 Psi    rows=1 cols=1 Square ;
  INPUT ---        2 ;

  INPUT ---    design matrix constraints=2 covariates=6;
  INPUT ---        1 0 0 0 0 0;
  INPUT ---        0 1 pctex21 pctpool pctrock HAiFLS_for;
  INPUT ---       blabel(1)=p:(Intercept);
  INPUT ---       blabel(2)=Psi:(Intercept);
  INPUT ---       blabel(3)=Psi:pctex21;
  INPUT ---       blabel(4)=Psi:pctpool;
  INPUT ---       blabel(5)=Psi:pctrock;
  INPUT ---       blabel(6)=Psi:HAiFLS_for;
  INPUT ---       rlabel(1)=p g1 a0 t1;
  INPUT ---       rlabel(2)=Psi g1 a0 t1;

 Link Function Used is LOGIT        

 Variance Estimation Procedure Used is 2ndPart 
 -2logL(saturated) = 0.0000000     
 Effective Sample Size = 138

 Number of function evaluations was 19 for 6 parameters.
 Time for numerical optimization was 0.01 seconds.     
 -2logL { p(~1)Psi(~pctex21 + pctpool + pctrock + HAiFLS_for) } = 145.88389     
 Penalty { p(~1)Psi(~pctex21 + pctpool + pctrock + HAiFLS_for) } = 0.0000000     
 Gradient { p(~1)Psi(~pctex21 + pctpool + pctrock + HAiFLS_for) }:
   0.000000      0.4718823E-06   0.000000       0.000000       0.000000    
 -0.6565632E-06
 Maximum ABS(G) { p(~1)Psi(~pctex21 + pctpool + pctrock + HAiFLS_for) } = 0.6565632E-06 
 S Vector { p(~1)Psi(~pctex21 + pctpool + pctrock + HAiFLS_for) }:
   23.09644      9.697997     0.9412200     0.8691330     0.2543134    
  0.1671903E-01
 Time to compute number of parameters was 0.05 seconds.     
 Ratio Threshold = 50.000000       Max Gap (5/6) = 15.211015       Next Max Gap (2/3) = 10.303645     
 Gap Method for Num. of Estimated Parameters { p(~1)Psi(~pctex21 + pctpool + pctrock + HAiFLS_for) } = 6          
 Threshold { p(~1)Psi(~pctex21 + pctpool + pctrock + HAiFLS_for) } = 0.1313126E-05                 
 Numerical Threshold Method for Num. of Estimated Parameters { p(~1)Psi(~pctex21 + pctpool + pctrock + HAiFLS_for) } = 6          
 Number of Estimated Parameters { p(~1)Psi(~pctex21 + pctpool + pctrock + HAiFLS_for) } = 6          
 DEVIANCE { p(~1)Psi(~pctex21 + pctpool + pctrock + HAiFLS_for) } = 145.88389                     
 DEVIANCE Degrees of Freedom { p(~1)Psi(~pctex21 + pctpool + pctrock + HAiFLS_for) } = 132            
 c-hat { p(~1)Psi(~pctex21 + pctpool + pctrock + HAiFLS_for) } = 1.1051810                     
 AIC { p(~1)Psi(~pctex21 + pctpool + pctrock + HAiFLS_for) } = 157.88389                  
 AICc { p(~1)Psi(~pctex21 + pctpool + pctrock + HAiFLS_for) } = 158.52511                    
 BIC { p(~1)Psi(~pctex21 + pctpool + pctrock + HAiFLS_for) } = 175.44741                    
 Pearson Chisquare { p(~1)Psi(~pctex21 + pctpool + pctrock + HAiFLS_for) } = 780.49577                  

  Program  MARK  - Survival Rate Estimation with Capture-Recapture Data
   gfortran(dble) Vers. 9.0 Mar 2018    13-Dec-2019 09:51:50    Page  003
 - - - - - - - - - - - - - - - - - - - - - - - - - - - - - - - - - - - - - -
 


   LOGIT Link Function Parameters of { p(~1)Psi(~pctex21 + pctpool + pctrock + HAiFLS_for) }
                                                              95% Confidence Interval
 Parameter                    Beta         Standard Error      Lower           Upper
 -------------------------  --------------  --------------  --------------  --------------
    1:p:(Intercept)          0.9502837       0.3205161       0.3220721       1.5784953    
    2:Psi:(Intercept)       -3.0420005       1.2774215      -5.5457468      -0.5382543    
    3:Psi:pctex21           -0.7346239       0.2495493      -1.2237405      -0.2455073    
    4:Psi:pctpool            0.0189435       0.0164148      -0.0132295       0.0511165    
    5:Psi:pctrock            0.0163726       0.0137337      -0.0105454       0.0432906    
    6:Psi:HAiFLS_for         0.0190731       0.0103556      -0.0012238       0.0393701    


   Real Function Parameters of { p(~1)Psi(~pctex21 + pctpool + pctrock + HAiFLS_for) }

      Following estimates based on unstandardized individual covariate values:
          Variable   Value         
          ---------  ------------- 
          PCTEX21     4.8306834    
          PCTPOOL     25.664251    
          PCTROCK     68.678238    
          HAIFLS_FOR  26.272482    
                                                               95% Confidence Interval
  Parameter                  Estimate       Standard Error      Lower           Upper
 --------------------------  --------------  --------------  --------------  --------------
     1:p g1 a0 t1             0.7211722       0.0644503       0.5798292       0.8289913                          
     2:Psi g1 a0 t1           0.0112172       0.0123460       0.0012786       0.0913454                          


                      Estimates of Derived Parameters
 Occupancy Estimates of { p(~1)Psi(~pctex21 + pctpool + pctrock + HAiFLS_for) }
                                            95% Confidence Interval
 Group   Psi-hat         Standard Error      Lower           Upper
 -----   --------------  --------------  --------------  --------------
   1      0.0112172       0.0123460       0.0012786       0.0913454    

   CPU Time for the last procedure was 0.05 seconds.     

  Program  MARK  - Survival Rate Estimation with Capture-Recapture Data
   gfortran(dble) Vers. 9.0 Mar 2018    13-Dec-2019 09:51:50    Page  004
 - - - - - - - - - - - - - - - - - - - - - - - - - - - - - - - - - - - - - -
 


  INPUT --- proc stop;

     CPU Time in minutes for this job was 0.00

     Time Start = 09:51:49.832   Time End = 09:51:50.032

     Wall Clock Time in minutes for this job was 0.00


          E X E C U T I O N   S U C C E S S F U L 
