
   Program  MARK  - Survival Rate Estimation with Capture-Recapture Data
   gfortran(dble) Vers. 9.0 Mar 2018    11-Dec-2019 13:41:21    Page  001
 - - - - - - - - - - - - - - - - - - - - - - - - - - - - - - - - - - - - - -
 
   This version was compiled by GCC version 7.2.0 using the options: 
     -cpp -iprefix C:/Program Files/mingw-w64/x86_64-7.2.0-posix-seh-rt_v5-rev1/
     mingw64/bin/../lib/gcc/x86_64-w64-mingw32/7.2.0/ -D_MT -D_REENTRANT
     -U_REENTRANT -D IEEE -D DBLEPRECISION -m64 -mtune=core2 -march=nocona -mthreads
     -O2 -fimplicit-none -fbounds-check -funroll-loops -ftree-vectorize
     -ffpe-summary=invalid,zero,overflow,underflow -fno-unsafe-math-optimizations
     -frounding-math -fsignaling-nans -fopenmp.

   This problem will use 7 of 8 possible threads.


  INPUT --- proc title ;

   CPU Time for the last procedure was 0.01 seconds.     


  INPUT --- proc chmatrix occasions= 3 groups= 1 etype= Occupancy 
  INPUT --- Nodes= 101 icovar = 6 ICMeans  NoHist hist= 138 ;

  INPUT ---    time interval 1 1 1 ;

  INPUT ---     icovariates effort1 effort2 effort3 pctrock pctShade  
  INPUT ---    pctBrBnk ;

  INPUT ---    glabel(1)=freq1;

      Number of unique encounter histories read was 138.

      Number of individual covariates read was 6.
      Time interval lengths are all equal to 1.

      Data type number is 27
      Data type is Occupancy Estimation with Detection < 1                                                             

   CPU Time for the last procedure was 0.01 seconds.     

  Program  MARK  - Survival Rate Estimation with Capture-Recapture Data
   gfortran(dble) Vers. 9.0 Mar 2018    11-Dec-2019 13:41:21    Page  002
 - - - - - - - - - - - - - - - - - - - - - - - - - - - - - - - - - - - - - -
 


  INPUT --- proc estimate link=Logit NOLOOP varest=2ndPart    ;


  INPUT --- model={ p(~effort)Psi(~pctrock + pctShade + pctBrBnk) };

  INPUT ---    group=1 p    rows=1 cols=3 Square ;
  INPUT ---        1 2 3 ;

  INPUT ---    group=1 Psi    rows=1 cols=1 Square ;
  INPUT ---        4 ;

  INPUT ---    design matrix constraints=4 covariates=6;
  INPUT ---        1 effort1 0 0 0 0;
  INPUT ---        1 effort2 0 0 0 0;
  INPUT ---        1 effort3 0 0 0 0;
  INPUT ---        0 0 1 pctrock pctShade pctBrBnk;
  INPUT ---       blabel(1)=p:(Intercept);
  INPUT ---       blabel(2)=p:effort;
  INPUT ---       blabel(3)=Psi:(Intercept);
  INPUT ---       blabel(4)=Psi:pctrock;
  INPUT ---       blabel(5)=Psi:pctShade;
  INPUT ---       blabel(6)=Psi:pctBrBnk;
  INPUT ---       rlabel(1)=p g1 a0 t1;
  INPUT ---       rlabel(2)=p g1 a1 t2;
  INPUT ---       rlabel(3)=p g1 a2 t3;
  INPUT ---       rlabel(4)=Psi g1 a0 t1;

 Link Function Used is LOGIT        

 Variance Estimation Procedure Used is 2ndPart 
 -2logL(saturated) = 0.0000000     
 Effective Sample Size = 138

 Number of function evaluations was 18 for 6 parameters.
 Time for numerical optimization was 0.11 seconds.     
 -2logL { p(~effort)Psi(~pctrock + pctShade + pctBrBnk) } = 161.49332     
 Penalty { p(~effort)Psi(~pctrock + pctShade + pctBrBnk) } = 0.0000000     
 Gradient { p(~effort)Psi(~pctrock + pctShade + pctBrBnk) }:
  0.1328919E-05 -0.2521187E-06  0.1825167E-05  0.1781073E-05  0.3347259E-05
  0.6677201E-06
 Maximum ABS(G) { p(~effort)Psi(~pctrock + pctShade + pctBrBnk) } = 0.3347259E-05 
 S Vector { p(~effort)Psi(~pctrock + pctShade + pctBrBnk) }:
   28.52359      8.109351      1.150251     0.5521403     0.2155579    
  0.9649032E-01
 Time to compute number of parameters was 0.03 seconds.     
 Ratio Threshold = 50.000000       Max Gap (2/3) = 7.0500694       Next Max Gap (1/2) = 3.5173702     
 Gap Method for Num. of Estimated Parameters { p(~effort)Psi(~pctrock + pctShade + pctBrBnk) } = 6          
 Threshold { p(~effort)Psi(~pctrock + pctShade + pctBrBnk) } = 0.6694517E-05                 
 Numerical Threshold Method for Num. of Estimated Parameters { p(~effort)Psi(~pctrock + pctShade + pctBrBnk) } = 6          
 Number of Estimated Parameters { p(~effort)Psi(~pctrock + pctShade + pctBrBnk) } = 6          
 DEVIANCE { p(~effort)Psi(~pctrock + pctShade + pctBrBnk) } = 161.49332                     
 DEVIANCE Degrees of Freedom { p(~effort)Psi(~pctrock + pctShade + pctBrBnk) } = 132            
 c-hat { p(~effort)Psi(~pctrock + pctShade + pctBrBnk) } = 1.2234342                     
 AIC { p(~effort)Psi(~pctrock + pctShade + pctBrBnk) } = 173.49332                  
 AICc { p(~effort)Psi(~pctrock + pctShade + pctBrBnk) } = 174.13454                    
 BIC { p(~effort)Psi(~pctrock + pctShade + pctBrBnk) } = 191.05684                    
 Pearson Chisquare { p(~effort)Psi(~pctrock + pctShade + pctBrBnk) } = 980.04041                  

  Program  MARK  - Survival Rate Estimation with Capture-Recapture Data
   gfortran(dble) Vers. 9.0 Mar 2018    11-Dec-2019 13:41:22    Page  003
 - - - - - - - - - - - - - - - - - - - - - - - - - - - - - - - - - - - - - -
 


      LOGIT Link Function Parameters of { p(~effort)Psi(~pctrock + pctShade + pctBrBnk) }
                                                              95% Confidence Interval
 Parameter                    Beta         Standard Error      Lower           Upper
 -------------------------  --------------  --------------  --------------  --------------
    1:p:(Intercept)         -0.4352635       0.6802425      -1.7685388       0.8980118    
    2:p:effort               0.0016463       0.7928434E-03   0.9228554E-04   0.0032002    
    3:Psi:(Intercept)       -1.0900533       1.0058536      -3.0615263       0.8814198    
    4:Psi:pctrock            0.7089880E-03   0.0122284      -0.0232586       0.0246766    
    5:Psi:pctShade           0.0071376       0.0091049      -0.0107081       0.0249832    
    6:Psi:pctBrBnk          -1.4883217       0.6359467      -2.7347772      -0.2418661    


      Real Function Parameters of { p(~effort)Psi(~pctrock + pctShade + pctBrBnk) }

      Following estimates based on unstandardized individual covariate values:
          Variable   Value         
          ---------  ------------- 
          EFFORT1     906.23188    
          EFFORT2     834.18841    
          EFFORT3     818.18116    
          PCTROCK     68.678238    
          PCTSHADE    48.614931    
          PCTBRBNK    0.8740586    
                                                               95% Confidence Interval
  Parameter                  Estimate       Standard Error      Lower           Upper
 --------------------------  --------------  --------------  --------------  --------------
     1:p g1 a0 t1             0.7420457       0.0731170       0.5763825       0.8587949                          
     2:p g1 a1 t2             0.7187008       0.0738184       0.5553647       0.8393881                          
     3:p g1 a2 t3             0.7133426       0.0741265       0.5501230       0.8350957                          
     4:Psi g1 a0 t1           0.1197027       0.0324300       0.0692376       0.1990828                          


                      Estimates of Derived Parameters
 Occupancy Estimates of { p(~effort)Psi(~pctrock + pctShade + pctBrBnk) }
                                            95% Confidence Interval
 Group   Psi-hat         Standard Error      Lower           Upper
 -----   --------------  --------------  --------------  --------------
   1      0.1197027       0.0324300       0.0692376       0.1990828    

   CPU Time for the last procedure was 0.14 seconds.     

  Program  MARK  - Survival Rate Estimation with Capture-Recapture Data
   gfortran(dble) Vers. 9.0 Mar 2018    11-Dec-2019 13:41:22    Page  004
 - - - - - - - - - - - - - - - - - - - - - - - - - - - - - - - - - - - - - -
 


  INPUT --- proc stop;

     CPU Time in minutes for this job was 0.00

     Time Start = 13:41:21.501   Time End = 13:41:22.464

     Wall Clock Time in minutes for this job was 0.02


          E X E C U T I O N   S U C C E S S F U L 
