
   Program  MARK  - Survival Rate Estimation with Capture-Recapture Data
   gfortran(dble) Vers. 9.0 Mar 2018    13-Dec-2019 09:51:54    Page  001
 - - - - - - - - - - - - - - - - - - - - - - - - - - - - - - - - - - - - - -
 
   This version was compiled by GCC version 7.2.0 using the options: 
     -cpp -iprefix C:/Program Files/mingw-w64/x86_64-7.2.0-posix-seh-rt_v5-rev1/
     mingw64/bin/../lib/gcc/x86_64-w64-mingw32/7.2.0/ -D_MT -D_REENTRANT
     -U_REENTRANT -D IEEE -D DBLEPRECISION -m64 -mtune=core2 -march=nocona -mthreads
     -O2 -fimplicit-none -fbounds-check -funroll-loops -ftree-vectorize
     -ffpe-summary=invalid,zero,overflow,underflow -fno-unsafe-math-optimizations
     -frounding-math -fsignaling-nans -fopenmp.

   This problem will use 7 of 8 possible threads.


  INPUT --- proc title ;

   CPU Time for the last procedure was 0.01 seconds.     


  INPUT --- proc chmatrix occasions= 3 groups= 1 etype= Occupancy 
  INPUT --- Nodes= 101 icovar = 4 ICMeans  NoHist hist= 138 ;

  INPUT ---    time interval 1 1 1 ;

  INPUT ---     icovariates pctex21 pctpool BRT_100m HAiFLS_for ;

  INPUT ---    glabel(1)=freq1;

      Number of unique encounter histories read was 138.

      Number of individual covariates read was 4.
      Time interval lengths are all equal to 1.

      Data type number is 27
      Data type is Occupancy Estimation with Detection < 1                                                             

   CPU Time for the last procedure was 0.02 seconds.     

  Program  MARK  - Survival Rate Estimation with Capture-Recapture Data
   gfortran(dble) Vers. 9.0 Mar 2018    13-Dec-2019 09:51:54    Page  002
 - - - - - - - - - - - - - - - - - - - - - - - - - - - - - - - - - - - - - -
 


  INPUT --- proc estimate link=Logit NOLOOP varest=2ndPart    ;


  INPUT --- model={ p(~1)Psi(~pctex21 + pctpool + BRT_100m + 
  INPUT --- HAiFLS_for) };

  INPUT ---    group=1 p    rows=1 cols=3 Square ;
  INPUT ---        1 1 1 ;

  INPUT ---    group=1 Psi    rows=1 cols=1 Square ;
  INPUT ---        2 ;

  INPUT ---    design matrix constraints=2 covariates=6;
  INPUT ---        1 0 0 0 0 0;
  INPUT ---        0 1 pctex21 pctpool BRT_100m HAiFLS_for;
  INPUT ---       blabel(1)=p:(Intercept);
  INPUT ---       blabel(2)=Psi:(Intercept);
  INPUT ---       blabel(3)=Psi:pctex21;
  INPUT ---       blabel(4)=Psi:pctpool;
  INPUT ---       blabel(5)=Psi:BRT_100m;
  INPUT ---       blabel(6)=Psi:HAiFLS_for;
  INPUT ---       rlabel(1)=p g1 a0 t1;
  INPUT ---       rlabel(2)=Psi g1 a0 t1;

 Link Function Used is LOGIT        

 Variance Estimation Procedure Used is 2ndPart 
 -2logL(saturated) = 0.0000000     
 Effective Sample Size = 138

 Number of function evaluations was 22 for 6 parameters.
 Time for numerical optimization was 0.05 seconds.     
 -2logL { p(~1)Psi(~pctex21 + pctpool + BRT_100m + HAiFLS_for) } = 145.10726     
 Penalty { p(~1)Psi(~pctex21 + pctpool + BRT_100m + HAiFLS_for) } = 0.0000000     
 Gradient { p(~1)Psi(~pctex21 + pctpool + BRT_100m + HAiFLS_for) }:
 -0.9804231E-06 -0.6330669E-06   0.000000       0.000000       0.000000    
   0.000000    
 Maximum ABS(G) { p(~1)Psi(~pctex21 + pctpool + BRT_100m + HAiFLS_for) } = 0.9804231E-06 
 S Vector { p(~1)Psi(~pctex21 + pctpool + BRT_100m + HAiFLS_for) }:
   16.25245      9.550887     0.9225723     0.5721199     0.4135867    
  0.1544241E-01
 Time to compute number of parameters was 0.02 seconds.     
 Ratio Threshold = 50.000000       Max Gap (5/6) = 26.782531       Next Max Gap (2/3) = 10.352454     
 Gap Method for Num. of Estimated Parameters { p(~1)Psi(~pctex21 + pctpool + BRT_100m + HAiFLS_for) } = 6          
 Threshold { p(~1)Psi(~pctex21 + pctpool + BRT_100m + HAiFLS_for) } = 0.1960846E-05                 
 Numerical Threshold Method for Num. of Estimated Parameters { p(~1)Psi(~pctex21 + pctpool + BRT_100m + HAiFLS_for) } = 6          
 Number of Estimated Parameters { p(~1)Psi(~pctex21 + pctpool + BRT_100m + HAiFLS_for) } = 6          
 DEVIANCE { p(~1)Psi(~pctex21 + pctpool + BRT_100m + HAiFLS_for) } = 145.10726                     
 DEVIANCE Degrees of Freedom { p(~1)Psi(~pctex21 + pctpool + BRT_100m + HAiFLS_for) } = 132            
 c-hat { p(~1)Psi(~pctex21 + pctpool + BRT_100m + HAiFLS_for) } = 1.0992974                     
 AIC { p(~1)Psi(~pctex21 + pctpool + BRT_100m + HAiFLS_for) } = 157.10726                  
 AICc { p(~1)Psi(~pctex21 + pctpool + BRT_100m + HAiFLS_for) } = 157.74848                    
 BIC { p(~1)Psi(~pctex21 + pctpool + BRT_100m + HAiFLS_for) } = 174.67078                    
 Pearson Chisquare { p(~1)Psi(~pctex21 + pctpool + BRT_100m + HAiFLS_for) } = 664.35502                  

  Program  MARK  - Survival Rate Estimation with Capture-Recapture Data
   gfortran(dble) Vers. 9.0 Mar 2018    13-Dec-2019 09:51:54    Page  003
 - - - - - - - - - - - - - - - - - - - - - - - - - - - - - - - - - - - - - -
 


   LOGIT Link Function Parameters of { p(~1)Psi(~pctex21 + pctpool + BRT_100m + HAiFLS_for) }
                                                              95% Confidence Interval
 Parameter                    Beta         Standard Error      Lower           Upper
 -------------------------  --------------  --------------  --------------  --------------
    1:p:(Intercept)          0.9454342       0.3218543       0.3145997       1.5762687    
    2:Psi:(Intercept)       -2.0128705       0.6559019      -3.2984383      -0.7273028    
    3:Psi:pctex21           -0.7199130       0.2596751      -1.2288763      -0.2109497    
    4:Psi:pctpool            0.0108850       0.0156724      -0.0198329       0.0416029    
    5:Psi:BRT_100m           0.0253477       0.0160293      -0.0060697       0.0567650    
    6:Psi:HAiFLS_for         0.0211551       0.0102827       0.0010010       0.0413093    


   Real Function Parameters of { p(~1)Psi(~pctex21 + pctpool + BRT_100m + HAiFLS_for) }

      Following estimates based on unstandardized individual covariate values:
          Variable   Value         
          ---------  ------------- 
          PCTEX21     4.8306834    
          PCTPOOL     25.664251    
          BRT_100M    6.7817616    
          HAIFLS_FOR  26.272482    
                                                               95% Confidence Interval
  Parameter                  Estimate       Standard Error      Lower           Upper
 --------------------------  --------------  --------------  --------------  --------------
     1:p g1 a0 t1             0.7201960       0.0648581       0.5780076       0.8286754                          
     2:Psi g1 a0 t1           0.0111678       0.0127542       0.0011728       0.0979870                          


                      Estimates of Derived Parameters
 Occupancy Estimates of { p(~1)Psi(~pctex21 + pctpool + BRT_100m + HAiFLS_for) }
                                            95% Confidence Interval
 Group   Psi-hat         Standard Error      Lower           Upper
 -----   --------------  --------------  --------------  --------------
   1      0.0111678       0.0127542       0.0011728       0.0979870    

   CPU Time for the last procedure was 0.06 seconds.     

  Program  MARK  - Survival Rate Estimation with Capture-Recapture Data
   gfortran(dble) Vers. 9.0 Mar 2018    13-Dec-2019 09:51:54    Page  004
 - - - - - - - - - - - - - - - - - - - - - - - - - - - - - - - - - - - - - -
 


  INPUT --- proc stop;

     CPU Time in minutes for this job was 0.00

     Time Start = 09:51:54.881   Time End = 09:51:54.999

     Wall Clock Time in minutes for this job was 0.00


          E X E C U T I O N   S U C C E S S F U L 
