
   Program  MARK  - Survival Rate Estimation with Capture-Recapture Data
   gfortran(dble) Vers. 9.0 Mar 2018    13-Dec-2019 09:52:26    Page  001
 - - - - - - - - - - - - - - - - - - - - - - - - - - - - - - - - - - - - - -
 
   This version was compiled by GCC version 7.2.0 using the options: 
     -cpp -iprefix C:/Program Files/mingw-w64/x86_64-7.2.0-posix-seh-rt_v5-rev1/
     mingw64/bin/../lib/gcc/x86_64-w64-mingw32/7.2.0/ -D_MT -D_REENTRANT
     -U_REENTRANT -D IEEE -D DBLEPRECISION -m64 -mtune=core2 -march=nocona -mthreads
     -O2 -fimplicit-none -fbounds-check -funroll-loops -ftree-vectorize
     -ffpe-summary=invalid,zero,overflow,underflow -fno-unsafe-math-optimizations
     -frounding-math -fsignaling-nans -fopenmp.

   This problem will use 7 of 8 possible threads.


  INPUT --- proc title ;

   CPU Time for the last procedure was 0.01 seconds.     


  INPUT --- proc chmatrix occasions= 3 groups= 1 etype= Occupancy 
  INPUT --- Nodes= 101 icovar = 6 ICMeans  NoHist hist= 138 ;

  INPUT ---    time interval 1 1 1 ;

  INPUT ---     icovariates effort1 effort2 effort3 pctex21 BRT_100m  
  INPUT ---    pctBrBnk ;

  INPUT ---    glabel(1)=freq1;

      Number of unique encounter histories read was 138.

      Number of individual covariates read was 6.
      Time interval lengths are all equal to 1.

      Data type number is 27
      Data type is Occupancy Estimation with Detection < 1                                                             

   CPU Time for the last procedure was 0.01 seconds.     

  Program  MARK  - Survival Rate Estimation with Capture-Recapture Data
   gfortran(dble) Vers. 9.0 Mar 2018    13-Dec-2019 09:52:26    Page  002
 - - - - - - - - - - - - - - - - - - - - - - - - - - - - - - - - - - - - - -
 


  INPUT --- proc estimate link=Logit NOLOOP varest=2ndPart    ;


  INPUT --- model={ p(~effort)Psi(~pctex21 + BRT_100m + pctBrBnk) };

  INPUT ---    group=1 p    rows=1 cols=3 Square ;
  INPUT ---        1 2 3 ;

  INPUT ---    group=1 Psi    rows=1 cols=1 Square ;
  INPUT ---        4 ;

  INPUT ---    design matrix constraints=4 covariates=6;
  INPUT ---        1 effort1 0 0 0 0;
  INPUT ---        1 effort2 0 0 0 0;
  INPUT ---        1 effort3 0 0 0 0;
  INPUT ---        0 0 1 pctex21 BRT_100m pctBrBnk;
  INPUT ---       blabel(1)=p:(Intercept);
  INPUT ---       blabel(2)=p:effort;
  INPUT ---       blabel(3)=Psi:(Intercept);
  INPUT ---       blabel(4)=Psi:pctex21;
  INPUT ---       blabel(5)=Psi:BRT_100m;
  INPUT ---       blabel(6)=Psi:pctBrBnk;
  INPUT ---       rlabel(1)=p g1 a0 t1;
  INPUT ---       rlabel(2)=p g1 a1 t2;
  INPUT ---       rlabel(3)=p g1 a2 t3;
  INPUT ---       rlabel(4)=Psi g1 a0 t1;

 Link Function Used is LOGIT        

 Variance Estimation Procedure Used is 2ndPart 
 -2logL(saturated) = 0.0000000     
 Effective Sample Size = 138

 Number of function evaluations was 23 for 6 parameters.
 Time for numerical optimization was 0.09 seconds.     
 -2logL { p(~effort)Psi(~pctex21 + BRT_100m + pctBrBnk) } = 142.50509     
 Penalty { p(~effort)Psi(~pctex21 + BRT_100m + pctBrBnk) } = 0.0000000     
 Gradient { p(~effort)Psi(~pctex21 + BRT_100m + pctBrBnk) }:
   0.000000       0.000000       0.000000       0.000000       0.000000    
  0.5699297E-06
 Maximum ABS(G) { p(~effort)Psi(~pctex21 + BRT_100m + pctBrBnk) } = 0.5699297E-06 
 S Vector { p(~effort)Psi(~pctex21 + BRT_100m + pctBrBnk) }:
   14.16344      7.788380     0.4378751     0.2480798     0.9345830E-01
  0.1824005E-01
 Time to compute number of parameters was 0.06 seconds.     
 Ratio Threshold = 50.000000       Max Gap (2/3) = 17.786760       Next Max Gap (5/6) = 5.1237975     
 Gap Method for Num. of Estimated Parameters { p(~effort)Psi(~pctex21 + BRT_100m + pctBrBnk) } = 6          
 Threshold { p(~effort)Psi(~pctex21 + BRT_100m + pctBrBnk) } = 0.1139859E-05                 
 Numerical Threshold Method for Num. of Estimated Parameters { p(~effort)Psi(~pctex21 + BRT_100m + pctBrBnk) } = 6          
 Number of Estimated Parameters { p(~effort)Psi(~pctex21 + BRT_100m + pctBrBnk) } = 6          
 DEVIANCE { p(~effort)Psi(~pctex21 + BRT_100m + pctBrBnk) } = 142.50509                     
 DEVIANCE Degrees of Freedom { p(~effort)Psi(~pctex21 + BRT_100m + pctBrBnk) } = 132            
 c-hat { p(~effort)Psi(~pctex21 + BRT_100m + pctBrBnk) } = 1.0795840                     
 AIC { p(~effort)Psi(~pctex21 + BRT_100m + pctBrBnk) } = 154.50509                  
 AICc { p(~effort)Psi(~pctex21 + BRT_100m + pctBrBnk) } = 155.14631                    
 BIC { p(~effort)Psi(~pctex21 + BRT_100m + pctBrBnk) } = 172.06861                    
 Pearson Chisquare { p(~effort)Psi(~pctex21 + BRT_100m + pctBrBnk) } = 744.59656                  

  Program  MARK  - Survival Rate Estimation with Capture-Recapture Data
   gfortran(dble) Vers. 9.0 Mar 2018    13-Dec-2019 09:52:26    Page  003
 - - - - - - - - - - - - - - - - - - - - - - - - - - - - - - - - - - - - - -
 


      LOGIT Link Function Parameters of { p(~effort)Psi(~pctex21 + BRT_100m + pctBrBnk) }
                                                              95% Confidence Interval
 Parameter                    Beta         Standard Error      Lower           Upper
 -------------------------  --------------  --------------  --------------  --------------
    1:p:(Intercept)         -0.4597797       0.6936438      -1.8193215       0.8997621    
    2:p:effort               0.0016737       0.8050782E-03   0.9573062E-04   0.0032516    
    3:Psi:(Intercept)       -0.5057944       0.5471049      -1.5781200       0.5665311    
    4:Psi:pctex21           -0.5862795       0.2388690      -1.0544627      -0.1180962    
    5:Psi:BRT_100m           0.0220930       0.0160190      -0.0093042       0.0534903    
    6:Psi:pctBrBnk          -0.7410437       0.6200865      -1.9564132       0.4743258    


      Real Function Parameters of { p(~effort)Psi(~pctex21 + BRT_100m + pctBrBnk) }

      Following estimates based on unstandardized individual covariate values:
          Variable   Value         
          ---------  ------------- 
          EFFORT1     906.23188    
          EFFORT2     834.18841    
          EFFORT3     818.18116    
          PCTEX21     4.8306834    
          BRT_100M    6.7817616    
          PCTBRBNK    0.8740586    
                                                               95% Confidence Interval
  Parameter                  Estimate       Standard Error      Lower           Upper
 --------------------------  --------------  --------------  --------------  --------------
     1:p g1 a0 t1             0.7421103       0.0730814       0.5765240       0.8588064                          
     2:p g1 a1 t2             0.7183695       0.0739272       0.5548262       0.8392402                          
     3:p g1 a2 t3             0.7129177       0.0742755       0.5494113       0.8349194                          
     4:Psi g1 a0 t1           0.0211278       0.0213335       0.0028499       0.1401539                          


                      Estimates of Derived Parameters
 Occupancy Estimates of { p(~effort)Psi(~pctex21 + BRT_100m + pctBrBnk) }
                                            95% Confidence Interval
 Group   Psi-hat         Standard Error      Lower           Upper
 -----   --------------  --------------  --------------  --------------
   1      0.0211278       0.0213335       0.0028499       0.1401539    

   CPU Time for the last procedure was 0.16 seconds.     

  Program  MARK  - Survival Rate Estimation with Capture-Recapture Data
   gfortran(dble) Vers. 9.0 Mar 2018    13-Dec-2019 09:52:26    Page  004
 - - - - - - - - - - - - - - - - - - - - - - - - - - - - - - - - - - - - - -
 


  INPUT --- proc stop;

     CPU Time in minutes for this job was 0.00

     Time Start = 09:52:26.822   Time End = 09:52:26.936

     Wall Clock Time in minutes for this job was 0.00


          E X E C U T I O N   S U C C E S S F U L 
