
   Program  MARK  - Survival Rate Estimation with Capture-Recapture Data
   gfortran(dble) Vers. 9.0 Mar 2018    13-Dec-2019 09:51:14    Page  001
 - - - - - - - - - - - - - - - - - - - - - - - - - - - - - - - - - - - - - -
 
   This version was compiled by GCC version 7.2.0 using the options: 
     -cpp -iprefix C:/Program Files/mingw-w64/x86_64-7.2.0-posix-seh-rt_v5-rev1/
     mingw64/bin/../lib/gcc/x86_64-w64-mingw32/7.2.0/ -D_MT -D_REENTRANT
     -U_REENTRANT -D IEEE -D DBLEPRECISION -m64 -mtune=core2 -march=nocona -mthreads
     -O2 -fimplicit-none -fbounds-check -funroll-loops -ftree-vectorize
     -ffpe-summary=invalid,zero,overflow,underflow -fno-unsafe-math-optimizations
     -frounding-math -fsignaling-nans -fopenmp.

   This problem will use 7 of 8 possible threads.


  INPUT --- proc title ;

   CPU Time for the last procedure was 0.01 seconds.     


  INPUT --- proc chmatrix occasions= 3 groups= 1 etype= Occupancy 
  INPUT --- Nodes= 101 icovar = 10 ICMeans  NoHist hist= 138 ;

  INPUT ---    time interval 1 1 1 ;

  INPUT ---     icovariates effort1 effort2 effort3 pctex21 pctpool  
  INPUT ---    pctrock BRT_100m pctBrBnk pctShade HAiFLS_for ;

  INPUT ---    glabel(1)=freq1;

      Number of unique encounter histories read was 138.

      Number of individual covariates read was 10.
      Time interval lengths are all equal to 1.

      Data type number is 27
      Data type is Occupancy Estimation with Detection < 1                                                             

   CPU Time for the last procedure was 0.01 seconds.     

  Program  MARK  - Survival Rate Estimation with Capture-Recapture Data
   gfortran(dble) Vers. 9.0 Mar 2018    13-Dec-2019 09:51:14    Page  002
 - - - - - - - - - - - - - - - - - - - - - - - - - - - - - - - - - - - - - -
 


  INPUT --- proc estimate link=Logit NOLOOP varest=2ndPart    ;


  INPUT --- model={ p(~effort)Psi(~pctex21 + pctpool + pctrock + 
  INPUT --- BRT_100m + pctBrBnk + pctShade + HAiFLS_for) };

  INPUT ---    group=1 p    rows=1 cols=3 Square ;
  INPUT ---        1 2 3 ;

  INPUT ---    group=1 Psi    rows=1 cols=1 Square ;
  INPUT ---        4 ;

  INPUT ---    design matrix constraints=4 covariates=10;
  INPUT ---        1 effort1 0 0 0 0 0 0 0 0;
  INPUT ---        1 effort2 0 0 0 0 0 0 0 0;
  INPUT ---        1 effort3 0 0 0 0 0 0 0 0;
  INPUT ---        0 0 1 pctex21 pctpool pctrock BRT_100m pctBrBnk pctShade 
  INPUT ---       HAiFLS_for;
  INPUT ---       blabel(1)=p:(Intercept);
  INPUT ---       blabel(2)=p:effort;
  INPUT ---       blabel(3)=Psi:(Intercept);
  INPUT ---       blabel(4)=Psi:pctex21;
  INPUT ---       blabel(5)=Psi:pctpool;
  INPUT ---       blabel(6)=Psi:pctrock;
  INPUT ---       blabel(7)=Psi:BRT_100m;
  INPUT ---       blabel(8)=Psi:pctBrBnk;
  INPUT ---       blabel(9)=Psi:pctShade;
  INPUT ---       blabel(10)=Psi:HAiFLS_for;
  INPUT ---       rlabel(1)=p g1 a0 t1;
  INPUT ---       rlabel(2)=p g1 a1 t2;
  INPUT ---       rlabel(3)=p g1 a2 t3;
  INPUT ---       rlabel(4)=Psi g1 a0 t1;

 Link Function Used is LOGIT        

 Variance Estimation Procedure Used is 2ndPart 
 -2logL(saturated) = 0.0000000     
 Effective Sample Size = 138

 Number of function evaluations was 30 for 10 parameters.
 Time for numerical optimization was 0.12 seconds.     

  Program  MARK  - Survival Rate Estimation with Capture-Recapture Data
   gfortran(dble) Vers. 9.0 Mar 2018    13-Dec-2019 09:51:14    Page  003
 - - - - - - - - - - - - - - - - - - - - - - - - - - - - - - - - - - - - - -
 
 -2logL { p(~effort)Psi(~pctex21 + pctpool + pctrock + BRT_100m + pctBrBnk + pctShade + HAiFLS_for) } = 136.95766     
 Penalty { p(~effort)Psi(~pctex21 + pctpool + pctrock + BRT_100m + pctBrBnk + pctShade + HAiFLS_for) } = 0.0000000     
 Gradient { p(~effort)Psi(~pctex21 + pctpool + pctrock + BRT_100m + pctBrBnk + pctShade + HAiFLS_for) }:
  0.1379702E-05  0.2574381E-06   0.000000      0.8754970E-07  0.1609670E-05
  0.8195249E-06  0.1513472E-05  0.6231308E-06  0.1427782E-05  0.6478547E-06
 Maximum ABS(G) { p(~effort)Psi(~pctex21 + pctpool + pctrock + BRT_100m + pctBrBnk + pctShade + HAiFLS_for) } = 0.1609670E-05 
 S Vector { p(~effort)Psi(~pctex21 + pctpool + pctrock + BRT_100m + pctBrBnk + pctShade + HAiFLS_for) }:
   26.03012      8.401941      1.135511     0.9124478     0.5805298    
  0.4327051     0.2242608     0.1637141     0.9935185E-01 0.1579974E-01
 Time to compute number of parameters was 0.05 seconds.     
 Ratio Threshold = 50.000000       Max Gap (2/3) = 7.3992574       Next Max Gap (9/10) = 6.2881931     
 Gap Method for Num. of Estimated Parameters { p(~effort)Psi(~pctex21 + pctpool + pctrock + BRT_100m + pctBrBnk + pctShade + HAiFLS_for) } = 10          
 Threshold { p(~effort)Psi(~pctex21 + pctpool + pctrock + BRT_100m + pctBrBnk + pctShade + HAiFLS_for) } = 0.3219339E-05                 
 Numerical Threshold Method for Num. of Estimated Parameters { p(~effort)Psi(~pctex21 + pctpool + pctrock + BRT_100m + pctBrBnk + pctShade + HAiFLS_for) } = 10          
 Number of Estimated Parameters { p(~effort)Psi(~pctex21 + pctpool + pctrock + BRT_100m + pctBrBnk + pctShade + HAiFLS_for) } = 10          
 DEVIANCE { p(~effort)Psi(~pctex21 + pctpool + pctrock + BRT_100m + pctBrBnk + pctShade + HAiFLS_for) } = 136.95766                     
 DEVIANCE Degrees of Freedom { p(~effort)Psi(~pctex21 + pctpool + pctrock + BRT_100m + pctBrBnk + pctShade + HAiFLS_for) } = 128            
 c-hat { p(~effort)Psi(~pctex21 + pctpool + pctrock + BRT_100m + pctBrBnk + pctShade + HAiFLS_for) } = 1.0699817                     
 AIC { p(~effort)Psi(~pctex21 + pctpool + pctrock + BRT_100m + pctBrBnk + pctShade + HAiFLS_for) } = 156.95766                  
 AICc { p(~effort)Psi(~pctex21 + pctpool + pctrock + BRT_100m + pctBrBnk + pctShade + HAiFLS_for) } = 158.68994                    
 BIC { p(~effort)Psi(~pctex21 + pctpool + pctrock + BRT_100m + pctBrBnk + pctShade + HAiFLS_for) } = 186.23020                    
 Pearson Chisquare { p(~effort)Psi(~pctex21 + pctpool + pctrock + BRT_100m + pctBrBnk + pctShade + HAiFLS_for) } = 553.14796                  


 LOGIT Link Function Parameters of { p(~effort)Psi(~pctex21 + pctpool + pctrock + BRT_100m + pctBrBnk + pctShade + HAiFLS_for) }
                                                              95% Confidence Interval
 Parameter                    Beta         Standard Error      Lower           Upper
 -------------------------  --------------  --------------  --------------  --------------
    1:p:(Intercept)         -0.3824354       0.6665840      -1.6889400       0.9240693    
    2:p:effort               0.0016071       0.7809769E-03   0.7634638E-04   0.0031378    
    3:Psi:(Intercept)       -2.3473977       1.4206778      -5.1319263       0.4371309    
    4:Psi:pctex21           -0.6711955       0.2565410      -1.1740159      -0.1683750    
    5:Psi:pctpool            0.0173035       0.0176452      -0.0172810       0.0518880    
    6:Psi:pctrock            0.0132738       0.0168439      -0.0197401       0.0462878    
    7:Psi:BRT_100m           0.0158149       0.0171719      -0.0178421       0.0494719    
    8:Psi:pctBrBnk          -0.6508144       0.6728717      -1.9696431       0.6680142    
    9:Psi:pctShade          -0.0033791       0.0120985      -0.0270922       0.0203339    
   10:Psi:HAiFLS_for         0.0194641       0.0114628      -0.0030029       0.0419311    


 Real Function Parameters of { p(~effort)Psi(~pctex21 + pctpool + pctrock + BRT_100m + pctBrBnk + pctShade + HAiFLS_for) }

  Program  MARK  - Survival Rate Estimation with Capture-Recapture Data
   gfortran(dble) Vers. 9.0 Mar 2018    13-Dec-2019 09:51:14    Page  004
 - - - - - - - - - - - - - - - - - - - - - - - - - - - - - - - - - - - - - -
 

      Following estimates based on unstandardized individual covariate values:
          Variable   Value         
          ---------  ------------- 
          EFFORT1     906.23188    
          EFFORT2     834.18841    
          EFFORT3     818.18116    
          PCTEX21     4.8306834    
          PCTPOOL     25.664251    
          PCTROCK     68.678238    
          BRT_100M    6.7817616    
          PCTBRBNK    0.8740586    
          PCTSHADE    48.614931    
          HAIFLS_FOR  26.272482    
                                                               95% Confidence Interval
  Parameter                  Estimate       Standard Error      Lower           Upper
 --------------------------  --------------  --------------  --------------  --------------
     1:p g1 a0 t1             0.7453445       0.0716090       0.5828482       0.8597714                          
     2:p g1 a1 t2             0.7227525       0.0721620       0.5627460       0.8407741                          
     3:p g1 a2 t3             0.7175684       0.0724332       0.5577208       0.8365729                          
     4:Psi g1 a0 t1           0.0127609       0.0141366       0.0014311       0.1044092                          


                      Estimates of Derived Parameters
 Occupancy Estimates of { p(~effort)Psi(~pctex21 + pctpool + pctrock + BRT_100m + pctBrBnk + pctShade + HAiFLS_for) }
                                            95% Confidence Interval
 Group   Psi-hat         Standard Error      Lower           Upper
 -----   --------------  --------------  --------------  --------------
   1      0.0127609       0.0141366       0.0014311       0.1044092    

   CPU Time for the last procedure was 0.17 seconds.     

  Program  MARK  - Survival Rate Estimation with Capture-Recapture Data
   gfortran(dble) Vers. 9.0 Mar 2018    13-Dec-2019 09:51:14    Page  005
 - - - - - - - - - - - - - - - - - - - - - - - - - - - - - - - - - - - - - -
 


  INPUT --- proc stop;

     CPU Time in minutes for this job was 0.00

     Time Start = 09:51:14.228   Time End = 09:51:14.385

     Wall Clock Time in minutes for this job was 0.00


          E X E C U T I O N   S U C C E S S F U L 
