
   Program  MARK  - Survival Rate Estimation with Capture-Recapture Data
   gfortran(dble) Vers. 9.0 Mar 2018    11-Dec-2019 13:42:51    Page  001
 - - - - - - - - - - - - - - - - - - - - - - - - - - - - - - - - - - - - - -
 
   This version was compiled by GCC version 7.2.0 using the options: 
     -cpp -iprefix C:/Program Files/mingw-w64/x86_64-7.2.0-posix-seh-rt_v5-rev1/
     mingw64/bin/../lib/gcc/x86_64-w64-mingw32/7.2.0/ -D_MT -D_REENTRANT
     -U_REENTRANT -D IEEE -D DBLEPRECISION -m64 -mtune=core2 -march=nocona -mthreads
     -O2 -fimplicit-none -fbounds-check -funroll-loops -ftree-vectorize
     -ffpe-summary=invalid,zero,overflow,underflow -fno-unsafe-math-optimizations
     -frounding-math -fsignaling-nans -fopenmp.

   This problem will use 7 of 8 possible threads.


  INPUT --- proc title ;

   CPU Time for the last procedure was 0.01 seconds.     


  INPUT --- proc chmatrix occasions= 3 groups= 1 etype= Occupancy 
  INPUT --- Nodes= 101 icovar = 6 ICMeans  NoHist hist= 138 ;

  INPUT ---    time interval 1 1 1 ;

  INPUT ---     icovariates effort1 effort2 effort3 pctrock BRT_100m  
  INPUT ---    HAiFLS_for ;

  INPUT ---    glabel(1)=freq1;

      Number of unique encounter histories read was 138.

      Number of individual covariates read was 6.
      Time interval lengths are all equal to 1.

      Data type number is 27
      Data type is Occupancy Estimation with Detection < 1                                                             

   CPU Time for the last procedure was 0.02 seconds.     

  Program  MARK  - Survival Rate Estimation with Capture-Recapture Data
   gfortran(dble) Vers. 9.0 Mar 2018    11-Dec-2019 13:42:51    Page  002
 - - - - - - - - - - - - - - - - - - - - - - - - - - - - - - - - - - - - - -
 


  INPUT --- proc estimate link=Logit NOLOOP varest=2ndPart    ;


  INPUT --- model={ p(~effort)Psi(~pctrock + BRT_100m + HAiFLS_for) };

  INPUT ---    group=1 p    rows=1 cols=3 Square ;
  INPUT ---        1 2 3 ;

  INPUT ---    group=1 Psi    rows=1 cols=1 Square ;
  INPUT ---        4 ;

  INPUT ---    design matrix constraints=4 covariates=6;
  INPUT ---        1 effort1 0 0 0 0;
  INPUT ---        1 effort2 0 0 0 0;
  INPUT ---        1 effort3 0 0 0 0;
  INPUT ---        0 0 1 pctrock BRT_100m HAiFLS_for;
  INPUT ---       blabel(1)=p:(Intercept);
  INPUT ---       blabel(2)=p:effort;
  INPUT ---       blabel(3)=Psi:(Intercept);
  INPUT ---       blabel(4)=Psi:pctrock;
  INPUT ---       blabel(5)=Psi:BRT_100m;
  INPUT ---       blabel(6)=Psi:HAiFLS_for;
  INPUT ---       rlabel(1)=p g1 a0 t1;
  INPUT ---       rlabel(2)=p g1 a1 t2;
  INPUT ---       rlabel(3)=p g1 a2 t3;
  INPUT ---       rlabel(4)=Psi g1 a0 t1;

 Link Function Used is LOGIT        

 Variance Estimation Procedure Used is 2ndPart 
 -2logL(saturated) = 0.0000000     
 Effective Sample Size = 138

 Number of function evaluations was 17 for 6 parameters.
 Time for numerical optimization was 0.11 seconds.     
 -2logL { p(~effort)Psi(~pctrock + BRT_100m + HAiFLS_for) } = 158.92840     
 Penalty { p(~effort)Psi(~pctrock + BRT_100m + HAiFLS_for) } = 0.0000000     
 Gradient { p(~effort)Psi(~pctrock + BRT_100m + HAiFLS_for) }:
 -0.1475200E-05 -0.5397570E-06 -0.1009041E-05   0.000000       0.000000    
  0.6536681E-06
 Maximum ABS(G) { p(~effort)Psi(~pctrock + BRT_100m + HAiFLS_for) } = 0.1475200E-05 
 S Vector { p(~effort)Psi(~pctrock + BRT_100m + HAiFLS_for) }:
   25.24926      8.685471      1.282595     0.5503819     0.3331737    
  0.1059845    
 Time to compute number of parameters was 0.02 seconds.     
 Ratio Threshold = 50.000000       Max Gap (2/3) = 6.7717943       Next Max Gap (5/6) = 3.1436081     
 Gap Method for Num. of Estimated Parameters { p(~effort)Psi(~pctrock + BRT_100m + HAiFLS_for) } = 6          
 Threshold { p(~effort)Psi(~pctrock + BRT_100m + HAiFLS_for) } = 0.2950401E-05                 
 Numerical Threshold Method for Num. of Estimated Parameters { p(~effort)Psi(~pctrock + BRT_100m + HAiFLS_for) } = 6          
 Number of Estimated Parameters { p(~effort)Psi(~pctrock + BRT_100m + HAiFLS_for) } = 6          
 DEVIANCE { p(~effort)Psi(~pctrock + BRT_100m + HAiFLS_for) } = 158.92840                     
 DEVIANCE Degrees of Freedom { p(~effort)Psi(~pctrock + BRT_100m + HAiFLS_for) } = 132            
 c-hat { p(~effort)Psi(~pctrock + BRT_100m + HAiFLS_for) } = 1.2040030                     
 AIC { p(~effort)Psi(~pctrock + BRT_100m + HAiFLS_for) } = 170.92840                  
 AICc { p(~effort)Psi(~pctrock + BRT_100m + HAiFLS_for) } = 171.56962                    
 BIC { p(~effort)Psi(~pctrock + BRT_100m + HAiFLS_for) } = 188.49192                    
 Pearson Chisquare { p(~effort)Psi(~pctrock + BRT_100m + HAiFLS_for) } = 755.56882                  

  Program  MARK  - Survival Rate Estimation with Capture-Recapture Data
   gfortran(dble) Vers. 9.0 Mar 2018    11-Dec-2019 13:42:52    Page  003
 - - - - - - - - - - - - - - - - - - - - - - - - - - - - - - - - - - - - - -
 


     LOGIT Link Function Parameters of { p(~effort)Psi(~pctrock + BRT_100m + HAiFLS_for) }
                                                              95% Confidence Interval
 Parameter                    Beta         Standard Error      Lower           Upper
 -------------------------  --------------  --------------  --------------  --------------
    1:p:(Intercept)         -0.2929421       0.6355913      -1.5387011       0.9528169    
    2:p:effort               0.0015214       0.7581029E-03   0.3554120E-04   0.0030073    
    3:Psi:(Intercept)       -2.7805191       0.9301213      -4.6035569      -0.9574812    
    4:Psi:pctrock            0.7619633E-03   0.0123041      -0.0233541       0.0248780    
    5:Psi:BRT_100m           0.0342581       0.0165792       0.0017628       0.0667534    
    6:Psi:HAiFLS_for         0.0192019       0.0085183       0.0025061       0.0358978    


     Real Function Parameters of { p(~effort)Psi(~pctrock + BRT_100m + HAiFLS_for) }

      Following estimates based on unstandardized individual covariate values:
          Variable   Value         
          ---------  ------------- 
          EFFORT1     906.23188    
          EFFORT2     834.18841    
          EFFORT3     818.18116    
          PCTROCK     68.678238    
          BRT_100M    6.7817616    
          HAIFLS_FOR  26.272482    
                                                               95% Confidence Interval
  Parameter                  Estimate       Standard Error      Lower           Upper
 --------------------------  --------------  --------------  --------------  --------------
     1:p g1 a0 t1             0.7475937       0.0709364       0.5863759       0.8608821                          
     2:p g1 a1 t2             0.7263558       0.0710177       0.5685424       0.8424426                          
     3:p g1 a2 t3             0.7214886       0.0711681       0.5640664       0.8383541                          
     4:Psi g1 a0 t1           0.1201114       0.0309532       0.0713970       0.1950810                          


                      Estimates of Derived Parameters
 Occupancy Estimates of { p(~effort)Psi(~pctrock + BRT_100m + HAiFLS_for) }
                                            95% Confidence Interval
 Group   Psi-hat         Standard Error      Lower           Upper
 -----   --------------  --------------  --------------  --------------
   1      0.1201114       0.0309532       0.0713970       0.1950810    

   CPU Time for the last procedure was 0.12 seconds.     

  Program  MARK  - Survival Rate Estimation with Capture-Recapture Data
   gfortran(dble) Vers. 9.0 Mar 2018    11-Dec-2019 13:42:52    Page  004
 - - - - - - - - - - - - - - - - - - - - - - - - - - - - - - - - - - - - - -
 


  INPUT --- proc stop;

     CPU Time in minutes for this job was 0.00

     Time Start = 13:42:51.470   Time End = 13:42:52.195

     Wall Clock Time in minutes for this job was 0.01


          E X E C U T I O N   S U C C E S S F U L 
