
   Program  MARK  - Survival Rate Estimation with Capture-Recapture Data
   gfortran(dble) Vers. 9.0 Mar 2018    12-Dec-2019 15:58:21    Page  001
 - - - - - - - - - - - - - - - - - - - - - - - - - - - - - - - - - - - - - -
 
   This version was compiled by GCC version 7.2.0 using the options: 
     -cpp -iprefix C:/Program Files/mingw-w64/x86_64-7.2.0-posix-seh-rt_v5-rev1/
     mingw64/bin/../lib/gcc/x86_64-w64-mingw32/7.2.0/ -D_MT -D_REENTRANT
     -U_REENTRANT -D IEEE -D DBLEPRECISION -m64 -mtune=core2 -march=nocona -mthreads
     -O2 -fimplicit-none -fbounds-check -funroll-loops -ftree-vectorize
     -ffpe-summary=invalid,zero,overflow,underflow -fno-unsafe-math-optimizations
     -frounding-math -fsignaling-nans -fopenmp.

   This problem will use 7 of 8 possible threads.


  INPUT --- proc title ;

   CPU Time for the last procedure was 0.01 seconds.     


  INPUT --- proc chmatrix occasions= 3 groups= 1 etype= Occupancy 
  INPUT --- Nodes= 101 icovar = 8 ICMeans  NoHist hist= 138 ;

  INPUT ---    time interval 1 1 1 ;

  INPUT ---     icovariates effort1 effort2 effort3 pctex21 pctrock  
  INPUT ---    BRT_100m pctShade HAiFLS_for ;

  INPUT ---    glabel(1)=freq1;

      Number of unique encounter histories read was 138.

      Number of individual covariates read was 8.
      Time interval lengths are all equal to 1.

      Data type number is 27
      Data type is Occupancy Estimation with Detection < 1                                                             

   CPU Time for the last procedure was 0.02 seconds.     

  Program  MARK  - Survival Rate Estimation with Capture-Recapture Data
   gfortran(dble) Vers. 9.0 Mar 2018    12-Dec-2019 15:58:21    Page  002
 - - - - - - - - - - - - - - - - - - - - - - - - - - - - - - - - - - - - - -
 


  INPUT --- proc estimate link=Logit NOLOOP varest=2ndPart    ;


  INPUT --- model={ p(~effort)Psi(~pctex21 + pctrock + BRT_100m + 
  INPUT --- pctShade + HAiFLS_for) };

  INPUT ---    group=1 p    rows=1 cols=3 Square ;
  INPUT ---        1 2 3 ;

  INPUT ---    group=1 Psi    rows=1 cols=1 Square ;
  INPUT ---        4 ;

  INPUT ---    design matrix constraints=4 covariates=8;
  INPUT ---        1 effort1 0 0 0 0 0 0;
  INPUT ---        1 effort2 0 0 0 0 0 0;
  INPUT ---        1 effort3 0 0 0 0 0 0;
  INPUT ---        0 0 1 pctex21 pctrock BRT_100m pctShade HAiFLS_for;
  INPUT ---       blabel(1)=p:(Intercept);
  INPUT ---       blabel(2)=p:effort;
  INPUT ---       blabel(3)=Psi:(Intercept);
  INPUT ---       blabel(4)=Psi:pctex21;
  INPUT ---       blabel(5)=Psi:pctrock;
  INPUT ---       blabel(6)=Psi:BRT_100m;
  INPUT ---       blabel(7)=Psi:pctShade;
  INPUT ---       blabel(8)=Psi:HAiFLS_for;
  INPUT ---       rlabel(1)=p g1 a0 t1;
  INPUT ---       rlabel(2)=p g1 a1 t2;
  INPUT ---       rlabel(3)=p g1 a2 t3;
  INPUT ---       rlabel(4)=Psi g1 a0 t1;

 Link Function Used is LOGIT        

 Variance Estimation Procedure Used is 2ndPart 
 -2logL(saturated) = 0.0000000     
 Effective Sample Size = 138

 Number of function evaluations was 23 for 8 parameters.
 Time for numerical optimization was 0.01 seconds.     
 -2logL { p(~effort)Psi(~pctex21 + pctrock + BRT_100m + pctShade + HAiFLS_for) } = 138.85477     
 Penalty { p(~effort)Psi(~pctex21 + pctrock + BRT_100m + pctShade + HAiFLS_for) } = 0.0000000     
 Gradient { p(~effort)Psi(~pctex21 + pctrock + BRT_100m + pctShade + HAiFLS_for) }:
  0.1365904E-05  0.2561583E-06  0.6183534E-06  0.8107723E-07   0.000000    
   0.000000       0.000000     -0.5824725E-06
 Maximum ABS(G) { p(~effort)Psi(~pctex21 + pctrock + BRT_100m + pctShade + HAiFLS_for) } = 0.1365904E-05 

  Program  MARK  - Survival Rate Estimation with Capture-Recapture Data
   gfortran(dble) Vers. 9.0 Mar 2018    12-Dec-2019 15:58:22    Page  003
 - - - - - - - - - - - - - - - - - - - - - - - - - - - - - - - - - - - - - -
 
 S Vector { p(~effort)Psi(~pctex21 + pctrock + BRT_100m + pctShade + HAiFLS_for) }:
   24.74912      8.301397      1.172312     0.7217889     0.4576205    
  0.2722258     0.9905956E-01 0.1499400E-01
 Time to compute number of parameters was 0.03 seconds.     
 Ratio Threshold = 50.000000       Max Gap (2/3) = 7.0812208       Next Max Gap (7/8) = 6.6066156     
 Gap Method for Num. of Estimated Parameters { p(~effort)Psi(~pctex21 + pctrock + BRT_100m + pctShade + HAiFLS_for) } = 8          
 Threshold { p(~effort)Psi(~pctex21 + pctrock + BRT_100m + pctShade + HAiFLS_for) } = 0.2731807E-05                 
 Numerical Threshold Method for Num. of Estimated Parameters { p(~effort)Psi(~pctex21 + pctrock + BRT_100m + pctShade + HAiFLS_for) } = 8          
 Number of Estimated Parameters { p(~effort)Psi(~pctex21 + pctrock + BRT_100m + pctShade + HAiFLS_for) } = 8          
 DEVIANCE { p(~effort)Psi(~pctex21 + pctrock + BRT_100m + pctShade + HAiFLS_for) } = 138.85477                     
 DEVIANCE Degrees of Freedom { p(~effort)Psi(~pctex21 + pctrock + BRT_100m + pctShade + HAiFLS_for) } = 130            
 c-hat { p(~effort)Psi(~pctex21 + pctrock + BRT_100m + pctShade + HAiFLS_for) } = 1.0681136                     
 AIC { p(~effort)Psi(~pctex21 + pctrock + BRT_100m + pctShade + HAiFLS_for) } = 154.85477                  
 AICc { p(~effort)Psi(~pctex21 + pctrock + BRT_100m + pctShade + HAiFLS_for) } = 155.97105                    
 BIC { p(~effort)Psi(~pctex21 + pctrock + BRT_100m + pctShade + HAiFLS_for) } = 178.27280                    
 Pearson Chisquare { p(~effort)Psi(~pctex21 + pctrock + BRT_100m + pctShade + HAiFLS_for) } = 508.89532                  


 LOGIT Link Function Parameters of { p(~effort)Psi(~pctex21 + pctrock + BRT_100m + pctShade + HAiFLS_for) }
                                                              95% Confidence Interval
 Parameter                    Beta         Standard Error      Lower           Upper
 -------------------------  --------------  --------------  --------------  --------------
    1:p:(Intercept)         -0.3964005       0.6693495      -1.7083255       0.9155245    
    2:p:effort               0.0016163       0.7835743E-03   0.8053728E-04   0.0031521    
    3:Psi:(Intercept)       -2.0845607       0.9879608      -4.0209639      -0.1481576    
    4:Psi:pctex21           -0.7273554       0.2635448      -1.2439033      -0.2108075    
    5:Psi:pctrock            0.0092724       0.0146447      -0.0194313       0.0379761    
    6:Psi:BRT_100m           0.0205884       0.0167481      -0.0122379       0.0534147    
    7:Psi:pctShade          -0.0047462       0.0114816      -0.0272501       0.0177578    
    8:Psi:HAiFLS_for         0.0227728       0.0109942       0.0012242       0.0443213    


 Real Function Parameters of { p(~effort)Psi(~pctex21 + pctrock + BRT_100m + pctShade + HAiFLS_for) }

      Following estimates based on unstandardized individual covariate values:
          Variable   Value         
          ---------  ------------- 
          EFFORT1     906.23188    
          EFFORT2     834.18841    
          EFFORT3     818.18116    
          PCTEX21     4.8306834    
          PCTROCK     68.678238    
          BRT_100M    6.7817616    
          PCTSHADE    48.614931    
          HAIFLS_FOR  26.272482    
                                                               95% Confidence Interval
  Parameter                  Estimate       Standard Error      Lower           Upper
 --------------------------  --------------  --------------  --------------  --------------
     1:p g1 a0 t1             0.7442889       0.0720659       0.5808406       0.8594267                          
     2:p g1 a1 t2             0.7215040       0.0726423       0.5605405       0.8403067                          
     3:p g1 a2 t3             0.7162754       0.0729190       0.5554693       0.8360775                          
     4:Psi g1 a0 t1           0.0114961       0.0133096       0.0011698       0.1035306                          


                      Estimates of Derived Parameters
 Occupancy Estimates of { p(~effort)Psi(~pctex21 + pctrock + BRT_100m + pctShade + HAiFLS_for) }
                                            95% Confidence Interval
 Group   Psi-hat         Standard Error      Lower           Upper
 -----   --------------  --------------  --------------  --------------

  Program  MARK  - Survival Rate Estimation with Capture-Recapture Data
   gfortran(dble) Vers. 9.0 Mar 2018    12-Dec-2019 15:58:22    Page  004
 - - - - - - - - - - - - - - - - - - - - - - - - - - - - - - - - - - - - - -
 
   1      0.0114961       0.0133096       0.0011698       0.1035306    

   CPU Time for the last procedure was 0.03 seconds.     


  INPUT --- proc stop;

     CPU Time in minutes for this job was 0.00

     Time Start = 15:58:21.750   Time End = 15:58:22.233

     Wall Clock Time in minutes for this job was 0.01


          E X E C U T I O N   S U C C E S S F U L 
