
   Program  MARK  - Survival Rate Estimation with Capture-Recapture Data
   gfortran(dble) Vers. 9.0 Mar 2018    11-Dec-2019 13:39:35    Page  001
 - - - - - - - - - - - - - - - - - - - - - - - - - - - - - - - - - - - - - -
 
   This version was compiled by GCC version 7.2.0 using the options: 
     -cpp -iprefix C:/Program Files/mingw-w64/x86_64-7.2.0-posix-seh-rt_v5-rev1/
     mingw64/bin/../lib/gcc/x86_64-w64-mingw32/7.2.0/ -D_MT -D_REENTRANT
     -U_REENTRANT -D IEEE -D DBLEPRECISION -m64 -mtune=core2 -march=nocona -mthreads
     -O2 -fimplicit-none -fbounds-check -funroll-loops -ftree-vectorize
     -ffpe-summary=invalid,zero,overflow,underflow -fno-unsafe-math-optimizations
     -frounding-math -fsignaling-nans -fopenmp.

   This problem will use 7 of 8 possible threads.


  INPUT --- proc title ;

   CPU Time for the last procedure was 0.01 seconds.     


  INPUT --- proc chmatrix occasions= 3 groups= 1 etype= Occupancy 
  INPUT --- Nodes= 101 icovar = 8 ICMeans  NoHist hist= 138 ;

  INPUT ---    time interval 1 1 1 ;

  INPUT ---     icovariates effort1 effort2 effort3 pctpool pctrock  
  INPUT ---    pctBrBnk pctShade HAiFLS_for ;

  INPUT ---    glabel(1)=freq1;

      Number of unique encounter histories read was 138.

      Number of individual covariates read was 8.
      Time interval lengths are all equal to 1.

      Data type number is 27
      Data type is Occupancy Estimation with Detection < 1                                                             

   CPU Time for the last procedure was 0.02 seconds.     

  Program  MARK  - Survival Rate Estimation with Capture-Recapture Data
   gfortran(dble) Vers. 9.0 Mar 2018    11-Dec-2019 13:39:35    Page  002
 - - - - - - - - - - - - - - - - - - - - - - - - - - - - - - - - - - - - - -
 


  INPUT --- proc estimate link=Logit NOLOOP varest=2ndPart    ;


  INPUT --- model={ p(~effort)Psi(~pctpool + pctrock + pctBrBnk + 
  INPUT --- pctShade + HAiFLS_for) };

  INPUT ---    group=1 p    rows=1 cols=3 Square ;
  INPUT ---        1 2 3 ;

  INPUT ---    group=1 Psi    rows=1 cols=1 Square ;
  INPUT ---        4 ;

  INPUT ---    design matrix constraints=4 covariates=8;
  INPUT ---        1 effort1 0 0 0 0 0 0;
  INPUT ---        1 effort2 0 0 0 0 0 0;
  INPUT ---        1 effort3 0 0 0 0 0 0;
  INPUT ---        0 0 1 pctpool pctrock pctBrBnk pctShade HAiFLS_for;
  INPUT ---       blabel(1)=p:(Intercept);
  INPUT ---       blabel(2)=p:effort;
  INPUT ---       blabel(3)=Psi:(Intercept);
  INPUT ---       blabel(4)=Psi:pctpool;
  INPUT ---       blabel(5)=Psi:pctrock;
  INPUT ---       blabel(6)=Psi:pctBrBnk;
  INPUT ---       blabel(7)=Psi:pctShade;
  INPUT ---       blabel(8)=Psi:HAiFLS_for;
  INPUT ---       rlabel(1)=p g1 a0 t1;
  INPUT ---       rlabel(2)=p g1 a1 t2;
  INPUT ---       rlabel(3)=p g1 a2 t3;
  INPUT ---       rlabel(4)=Psi g1 a0 t1;

 Link Function Used is LOGIT        

 Variance Estimation Procedure Used is 2ndPart 
 -2logL(saturated) = 0.0000000     
 Effective Sample Size = 138

 Number of function evaluations was 19 for 8 parameters.
 Time for numerical optimization was 0.01 seconds.     
 -2logL { p(~effort)Psi(~pctpool + pctrock + pctBrBnk + pctShade + HAiFLS_for) } = 155.63537     
 Penalty { p(~effort)Psi(~pctpool + pctrock + pctBrBnk + pctShade + HAiFLS_for) } = 0.0000000     
 Gradient { p(~effort)Psi(~pctpool + pctrock + pctBrBnk + pctShade + HAiFLS_for) }:
  0.2775789E-05  0.2602322E-06  0.1057184E-05  0.7017623E-06  0.8444870E-06
  0.3619440E-06  0.1293744E-05  0.7021154E-06
 Maximum ABS(G) { p(~effort)Psi(~pctpool + pctrock + pctBrBnk + pctShade + HAiFLS_for) } = 0.2775789E-05 

  Program  MARK  - Survival Rate Estimation with Capture-Recapture Data
   gfortran(dble) Vers. 9.0 Mar 2018    11-Dec-2019 13:39:35    Page  003
 - - - - - - - - - - - - - - - - - - - - - - - - - - - - - - - - - - - - - -
 
 S Vector { p(~effort)Psi(~pctpool + pctrock + pctBrBnk + pctShade + HAiFLS_for) }:
   31.09924      8.285566      1.514786      1.073484     0.6843892    
  0.2675339     0.1820624     0.1022448    
 Time to compute number of parameters was 0.05 seconds.     
 Ratio Threshold = 50.000000       Max Gap (2/3) = 5.4697911       Next Max Gap (1/2) = 3.7534239     
 Gap Method for Num. of Estimated Parameters { p(~effort)Psi(~pctpool + pctrock + pctBrBnk + pctShade + HAiFLS_for) } = 8          
 Threshold { p(~effort)Psi(~pctpool + pctrock + pctBrBnk + pctShade + HAiFLS_for) } = 0.5551577E-05                 
 Numerical Threshold Method for Num. of Estimated Parameters { p(~effort)Psi(~pctpool + pctrock + pctBrBnk + pctShade + HAiFLS_for) } = 8          
 Number of Estimated Parameters { p(~effort)Psi(~pctpool + pctrock + pctBrBnk + pctShade + HAiFLS_for) } = 8          
 DEVIANCE { p(~effort)Psi(~pctpool + pctrock + pctBrBnk + pctShade + HAiFLS_for) } = 155.63537                     
 DEVIANCE Degrees of Freedom { p(~effort)Psi(~pctpool + pctrock + pctBrBnk + pctShade + HAiFLS_for) } = 130            
 c-hat { p(~effort)Psi(~pctpool + pctrock + pctBrBnk + pctShade + HAiFLS_for) } = 1.1971952                     
 AIC { p(~effort)Psi(~pctpool + pctrock + pctBrBnk + pctShade + HAiFLS_for) } = 171.63537                  
 AICc { p(~effort)Psi(~pctpool + pctrock + pctBrBnk + pctShade + HAiFLS_for) } = 172.75165                    
 BIC { p(~effort)Psi(~pctpool + pctrock + pctBrBnk + pctShade + HAiFLS_for) } = 195.05340                    
 Pearson Chisquare { p(~effort)Psi(~pctpool + pctrock + pctBrBnk + pctShade + HAiFLS_for) } = 845.29249                  


 LOGIT Link Function Parameters of { p(~effort)Psi(~pctpool + pctrock + pctBrBnk + pctShade + HAiFLS_for) }
                                                              95% Confidence Interval
 Parameter                    Beta         Standard Error      Lower           Upper
 -------------------------  --------------  --------------  --------------  --------------
    1:p:(Intercept)         -0.3742752       0.6582623      -1.6644692       0.9159189    
    2:p:effort               0.0015871       0.7703554E-03   0.7721747E-04   0.0030970    
    3:Psi:(Intercept)       -2.6083565       1.3856301      -5.3241916       0.1074786    
    4:Psi:pctpool            0.0217003       0.0163991      -0.0104419       0.0538425    
    5:Psi:pctrock            0.0125859       0.0151478      -0.0171039       0.0422756    
    6:Psi:pctBrBnk          -1.3483373       0.6563797      -2.6348415      -0.0618330    
    7:Psi:pctShade          -0.0047715       0.0108366      -0.0260112       0.0164681    
    8:Psi:HAiFLS_for         0.0171861       0.0098324      -0.0020854       0.0364576    


 Real Function Parameters of { p(~effort)Psi(~pctpool + pctrock + pctBrBnk + pctShade + HAiFLS_for) }

      Following estimates based on unstandardized individual covariate values:
          Variable   Value         
          ---------  ------------- 
          EFFORT1     906.23188    
          EFFORT2     834.18841    
          EFFORT3     818.18116    
          PCTPOOL     25.664251    
          PCTROCK     68.678238    
          PCTBRBNK    0.8740586    
          PCTSHADE    48.614931    
          HAIFLS_FOR  26.272482    
                                                               95% Confidence Interval
  Parameter                  Estimate       Standard Error      Lower           Upper
 --------------------------  --------------  --------------  --------------  --------------
     1:p g1 a0 t1             0.7434577       0.0724323       0.5792452       0.8591637                          
     2:p g1 a1 t2             0.7210502       0.0729491       0.5594220       0.8403101                          
     3:p g1 a2 t3             0.7159117       0.0732057       0.5544794       0.8361364                          
     4:Psi g1 a0 t1           0.1047030       0.0318920       0.0566336       0.1855476                          


                      Estimates of Derived Parameters
 Occupancy Estimates of { p(~effort)Psi(~pctpool + pctrock + pctBrBnk + pctShade + HAiFLS_for) }
                                            95% Confidence Interval
 Group   Psi-hat         Standard Error      Lower           Upper
 -----   --------------  --------------  --------------  --------------

  Program  MARK  - Survival Rate Estimation with Capture-Recapture Data
   gfortran(dble) Vers. 9.0 Mar 2018    11-Dec-2019 13:39:35    Page  004
 - - - - - - - - - - - - - - - - - - - - - - - - - - - - - - - - - - - - - -
 
   1      0.1047030       0.0318920       0.0566336       0.1855476    

   CPU Time for the last procedure was 0.05 seconds.     


  INPUT --- proc stop;

     CPU Time in minutes for this job was 0.00

     Time Start = 13:39:35.511   Time End = 13:39:35.635

     Wall Clock Time in minutes for this job was 0.00


          E X E C U T I O N   S U C C E S S F U L 
