
   Program  MARK  - Survival Rate Estimation with Capture-Recapture Data
   gfortran(dble) Vers. 9.0 Mar 2018    12-Dec-2019 15:58:06    Page  001
 - - - - - - - - - - - - - - - - - - - - - - - - - - - - - - - - - - - - - -
 
   This version was compiled by GCC version 7.2.0 using the options: 
     -cpp -iprefix C:/Program Files/mingw-w64/x86_64-7.2.0-posix-seh-rt_v5-rev1/
     mingw64/bin/../lib/gcc/x86_64-w64-mingw32/7.2.0/ -D_MT -D_REENTRANT
     -U_REENTRANT -D IEEE -D DBLEPRECISION -m64 -mtune=core2 -march=nocona -mthreads
     -O2 -fimplicit-none -fbounds-check -funroll-loops -ftree-vectorize
     -ffpe-summary=invalid,zero,overflow,underflow -fno-unsafe-math-optimizations
     -frounding-math -fsignaling-nans -fopenmp.

   This problem will use 7 of 8 possible threads.


  INPUT --- proc title ;

   CPU Time for the last procedure was 0.02 seconds.     


  INPUT --- proc chmatrix occasions= 3 groups= 1 etype= Occupancy 
  INPUT --- Nodes= 101 icovar = 6 ICMeans  NoHist hist= 138 ;

  INPUT ---    time interval 1 1 1 ;

  INPUT ---     icovariates effort1 effort2 effort3 pctBrBnk pctShade  
  INPUT ---    HAiFLS_for ;

  INPUT ---    glabel(1)=freq1;

      Number of unique encounter histories read was 138.

      Number of individual covariates read was 6.
      Time interval lengths are all equal to 1.

      Data type number is 27
      Data type is Occupancy Estimation with Detection < 1                                                             

   CPU Time for the last procedure was 0.01 seconds.     

  Program  MARK  - Survival Rate Estimation with Capture-Recapture Data
   gfortran(dble) Vers. 9.0 Mar 2018    12-Dec-2019 15:58:06    Page  002
 - - - - - - - - - - - - - - - - - - - - - - - - - - - - - - - - - - - - - -
 


  INPUT --- proc estimate link=Logit NOLOOP varest=2ndPart    ;


  INPUT --- model={ p(~effort)Psi(~pctBrBnk + pctShade + HAiFLS_for) };

  INPUT ---    group=1 p    rows=1 cols=3 Square ;
  INPUT ---        1 2 3 ;

  INPUT ---    group=1 Psi    rows=1 cols=1 Square ;
  INPUT ---        4 ;

  INPUT ---    design matrix constraints=4 covariates=6;
  INPUT ---        1 effort1 0 0 0 0;
  INPUT ---        1 effort2 0 0 0 0;
  INPUT ---        1 effort3 0 0 0 0;
  INPUT ---        0 0 1 pctBrBnk pctShade HAiFLS_for;
  INPUT ---       blabel(1)=p:(Intercept);
  INPUT ---       blabel(2)=p:effort;
  INPUT ---       blabel(3)=Psi:(Intercept);
  INPUT ---       blabel(4)=Psi:pctBrBnk;
  INPUT ---       blabel(5)=Psi:pctShade;
  INPUT ---       blabel(6)=Psi:HAiFLS_for;
  INPUT ---       rlabel(1)=p g1 a0 t1;
  INPUT ---       rlabel(2)=p g1 a1 t2;
  INPUT ---       rlabel(3)=p g1 a2 t3;
  INPUT ---       rlabel(4)=Psi g1 a0 t1;

 Link Function Used is LOGIT        

 Variance Estimation Procedure Used is 2ndPart 
 -2logL(saturated) = 0.0000000     
 Effective Sample Size = 138

 Number of function evaluations was 19 for 6 parameters.
 Time for numerical optimization was 0.02 seconds.     
 -2logL { p(~effort)Psi(~pctBrBnk + pctShade + HAiFLS_for) } = 157.53868     
 Penalty { p(~effort)Psi(~pctBrBnk + pctShade + HAiFLS_for) } = 0.0000000     
 Gradient { p(~effort)Psi(~pctBrBnk + pctShade + HAiFLS_for) }:
  0.4032694E-05  0.5103581E-06  0.2458406E-05  0.1428299E-05  0.3537157E-05
  0.2675135E-05
 Maximum ABS(G) { p(~effort)Psi(~pctBrBnk + pctShade + HAiFLS_for) } = 0.4032694E-05 
 S Vector { p(~effort)Psi(~pctBrBnk + pctShade + HAiFLS_for) }:
   21.72328      8.004067      1.432494     0.8182320     0.2452122    
  0.9958198E-01
 Time to compute number of parameters was 0.01 seconds.     
 Ratio Threshold = 50.000000       Max Gap (2/3) = 5.5875054       Next Max Gap (4/5) = 3.3368325     
 Gap Method for Num. of Estimated Parameters { p(~effort)Psi(~pctBrBnk + pctShade + HAiFLS_for) } = 6          
 Threshold { p(~effort)Psi(~pctBrBnk + pctShade + HAiFLS_for) } = 0.8065388E-05                 
 Numerical Threshold Method for Num. of Estimated Parameters { p(~effort)Psi(~pctBrBnk + pctShade + HAiFLS_for) } = 6          
 Number of Estimated Parameters { p(~effort)Psi(~pctBrBnk + pctShade + HAiFLS_for) } = 6          
 DEVIANCE { p(~effort)Psi(~pctBrBnk + pctShade + HAiFLS_for) } = 157.53868                     
 DEVIANCE Degrees of Freedom { p(~effort)Psi(~pctBrBnk + pctShade + HAiFLS_for) } = 132            
 c-hat { p(~effort)Psi(~pctBrBnk + pctShade + HAiFLS_for) } = 1.1934749                     
 AIC { p(~effort)Psi(~pctBrBnk + pctShade + HAiFLS_for) } = 169.53868                  
 AICc { p(~effort)Psi(~pctBrBnk + pctShade + HAiFLS_for) } = 170.17990                    
 BIC { p(~effort)Psi(~pctBrBnk + pctShade + HAiFLS_for) } = 187.10220                    
 Pearson Chisquare { p(~effort)Psi(~pctBrBnk + pctShade + HAiFLS_for) } = 831.33288                  

  Program  MARK  - Survival Rate Estimation with Capture-Recapture Data
   gfortran(dble) Vers. 9.0 Mar 2018    12-Dec-2019 15:58:06    Page  003
 - - - - - - - - - - - - - - - - - - - - - - - - - - - - - - - - - - - - - -
 


     LOGIT Link Function Parameters of { p(~effort)Psi(~pctBrBnk + pctShade + HAiFLS_for) }
                                                              95% Confidence Interval
 Parameter                    Beta         Standard Error      Lower           Upper
 -------------------------  --------------  --------------  --------------  --------------
    1:p:(Intercept)         -0.4189141       0.6720367      -1.7361060       0.8982779    
    2:p:effort               0.0016235       0.7811760E-03   0.9240320E-04   0.0031546    
    3:Psi:(Intercept)       -1.3275429       0.6173343      -2.5375180      -0.1175677    
    4:Psi:pctBrBnk          -1.3710299       0.6272532      -2.6004461      -0.1416137    
    5:Psi:pctShade          -0.7893836E-03   0.0094191      -0.0192509       0.0176721    
    6:Psi:HAiFLS_for         0.0185417       0.0092375       0.4361512E-03   0.0366472    


     Real Function Parameters of { p(~effort)Psi(~pctBrBnk + pctShade + HAiFLS_for) }

      Following estimates based on unstandardized individual covariate values:
          Variable   Value         
          ---------  ------------- 
          EFFORT1     906.23188    
          EFFORT2     834.18841    
          EFFORT3     818.18116    
          PCTBRBNK    0.8740586    
          PCTSHADE    48.614931    
          HAIFLS_FOR  26.272482    
                                                               95% Confidence Interval
  Parameter                  Estimate       Standard Error      Lower           Upper
 --------------------------  --------------  --------------  --------------  --------------
     1:p g1 a0 t1             0.7412280       0.0733937       0.5750260       0.8584329                          
     2:p g1 a1 t2             0.7181691       0.0740924       0.5542630       0.8392806                          
     3:p g1 a2 t3             0.7128794       0.0743948       0.5490962       0.8350432                          
     4:Psi g1 a0 t1           0.1113383       0.0319855       0.0623413       0.1910001                          


                      Estimates of Derived Parameters
 Occupancy Estimates of { p(~effort)Psi(~pctBrBnk + pctShade + HAiFLS_for) }
                                            95% Confidence Interval
 Group   Psi-hat         Standard Error      Lower           Upper
 -----   --------------  --------------  --------------  --------------
   1      0.1113383       0.0319855       0.0623413       0.1910001    

   CPU Time for the last procedure was 0.02 seconds.     

  Program  MARK  - Survival Rate Estimation with Capture-Recapture Data
   gfortran(dble) Vers. 9.0 Mar 2018    12-Dec-2019 15:58:06    Page  004
 - - - - - - - - - - - - - - - - - - - - - - - - - - - - - - - - - - - - - -
 


  INPUT --- proc stop;

     CPU Time in minutes for this job was 0.00

     Time Start = 15:58:06.364   Time End = 15:58:06.596

     Wall Clock Time in minutes for this job was 0.00


          E X E C U T I O N   S U C C E S S F U L 
