
   Program  MARK  - Survival Rate Estimation with Capture-Recapture Data
   gfortran(dble) Vers. 9.0 Mar 2018    11-Dec-2019 13:41:49    Page  001
 - - - - - - - - - - - - - - - - - - - - - - - - - - - - - - - - - - - - - -
 
   This version was compiled by GCC version 7.2.0 using the options: 
     -cpp -iprefix C:/Program Files/mingw-w64/x86_64-7.2.0-posix-seh-rt_v5-rev1/
     mingw64/bin/../lib/gcc/x86_64-w64-mingw32/7.2.0/ -D_MT -D_REENTRANT
     -U_REENTRANT -D IEEE -D DBLEPRECISION -m64 -mtune=core2 -march=nocona -mthreads
     -O2 -fimplicit-none -fbounds-check -funroll-loops -ftree-vectorize
     -ffpe-summary=invalid,zero,overflow,underflow -fno-unsafe-math-optimizations
     -frounding-math -fsignaling-nans -fopenmp.

   This problem will use 7 of 8 possible threads.


  INPUT --- proc title ;

   CPU Time for the last procedure was 0.02 seconds.     


  INPUT --- proc chmatrix occasions= 3 groups= 1 etype= Occupancy 
  INPUT --- Nodes= 101 icovar = 6 ICMeans  NoHist hist= 138 ;

  INPUT ---    time interval 1 1 1 ;

  INPUT ---     icovariates effort1 effort2 effort3 pctpool BRT_100m  
  INPUT ---    pctShade ;

  INPUT ---    glabel(1)=freq1;

      Number of unique encounter histories read was 138.

      Number of individual covariates read was 6.
      Time interval lengths are all equal to 1.

      Data type number is 27
      Data type is Occupancy Estimation with Detection < 1                                                             

   CPU Time for the last procedure was 0.01 seconds.     

  Program  MARK  - Survival Rate Estimation with Capture-Recapture Data
   gfortran(dble) Vers. 9.0 Mar 2018    11-Dec-2019 13:41:49    Page  002
 - - - - - - - - - - - - - - - - - - - - - - - - - - - - - - - - - - - - - -
 


  INPUT --- proc estimate link=Logit NOLOOP varest=2ndPart    ;


  INPUT --- model={ p(~effort)Psi(~pctpool + BRT_100m + pctShade) };

  INPUT ---    group=1 p    rows=1 cols=3 Square ;
  INPUT ---        1 2 3 ;

  INPUT ---    group=1 Psi    rows=1 cols=1 Square ;
  INPUT ---        4 ;

  INPUT ---    design matrix constraints=4 covariates=6;
  INPUT ---        1 effort1 0 0 0 0;
  INPUT ---        1 effort2 0 0 0 0;
  INPUT ---        1 effort3 0 0 0 0;
  INPUT ---        0 0 1 pctpool BRT_100m pctShade;
  INPUT ---       blabel(1)=p:(Intercept);
  INPUT ---       blabel(2)=p:effort;
  INPUT ---       blabel(3)=Psi:(Intercept);
  INPUT ---       blabel(4)=Psi:pctpool;
  INPUT ---       blabel(5)=Psi:BRT_100m;
  INPUT ---       blabel(6)=Psi:pctShade;
  INPUT ---       rlabel(1)=p g1 a0 t1;
  INPUT ---       rlabel(2)=p g1 a1 t2;
  INPUT ---       rlabel(3)=p g1 a2 t3;
  INPUT ---       rlabel(4)=Psi g1 a0 t1;

 Link Function Used is LOGIT        

 Variance Estimation Procedure Used is 2ndPart 
 -2logL(saturated) = 0.0000000     
 Effective Sample Size = 138

 Number of function evaluations was 17 for 6 parameters.
 Time for numerical optimization was 0.02 seconds.     
 -2logL { p(~effort)Psi(~pctpool + BRT_100m + pctShade) } = 162.44628     
 Penalty { p(~effort)Psi(~pctpool + BRT_100m + pctShade) } = 0.0000000     
 Gradient { p(~effort)Psi(~pctpool + BRT_100m + pctShade) }:
  0.2972133E-05 -0.2703904E-06 -0.5218369E-06  0.8169216E-06   0.000000    
   0.000000    
 Maximum ABS(G) { p(~effort)Psi(~pctpool + BRT_100m + pctShade) } = 0.2972133E-05 
 S Vector { p(~effort)Psi(~pctpool + BRT_100m + pctShade) }:
   22.03309      8.783659      1.093499     0.7168293     0.4365407    
  0.1055720    
 Time to compute number of parameters was 0.09 seconds.     
 Ratio Threshold = 50.000000       Max Gap (2/3) = 8.0326196       Next Max Gap (5/6) = 4.1350058     
 Gap Method for Num. of Estimated Parameters { p(~effort)Psi(~pctpool + BRT_100m + pctShade) } = 6          
 Threshold { p(~effort)Psi(~pctpool + BRT_100m + pctShade) } = 0.5944267E-05                 
 Numerical Threshold Method for Num. of Estimated Parameters { p(~effort)Psi(~pctpool + BRT_100m + pctShade) } = 6          
 Number of Estimated Parameters { p(~effort)Psi(~pctpool + BRT_100m + pctShade) } = 6          
 DEVIANCE { p(~effort)Psi(~pctpool + BRT_100m + pctShade) } = 162.44628                     
 DEVIANCE Degrees of Freedom { p(~effort)Psi(~pctpool + BRT_100m + pctShade) } = 132            
 c-hat { p(~effort)Psi(~pctpool + BRT_100m + pctShade) } = 1.2306536                     
 AIC { p(~effort)Psi(~pctpool + BRT_100m + pctShade) } = 174.44628                  
 AICc { p(~effort)Psi(~pctpool + BRT_100m + pctShade) } = 175.08750                    
 BIC { p(~effort)Psi(~pctpool + BRT_100m + pctShade) } = 192.00980                    
 Pearson Chisquare { p(~effort)Psi(~pctpool + BRT_100m + pctShade) } = 783.55290                  

  Program  MARK  - Survival Rate Estimation with Capture-Recapture Data
   gfortran(dble) Vers. 9.0 Mar 2018    11-Dec-2019 13:41:50    Page  003
 - - - - - - - - - - - - - - - - - - - - - - - - - - - - - - - - - - - - - -
 


      LOGIT Link Function Parameters of { p(~effort)Psi(~pctpool + BRT_100m + pctShade) }
                                                              95% Confidence Interval
 Parameter                    Beta         Standard Error      Lower           Upper
 -------------------------  --------------  --------------  --------------  --------------
    1:p:(Intercept)         -0.2834880       0.6343284      -1.5267716       0.9597957    
    2:p:effort               0.0015181       0.7596400E-03   0.2917319E-04   0.0030070    
    3:Psi:(Intercept)       -2.6550663       0.6634770      -3.9554812      -1.3546513    
    4:Psi:pctpool            0.0168606       0.0139431      -0.0104679       0.0441892    
    5:Psi:BRT_100m           0.0357845       0.0155948       0.0052186       0.0663504    
    6:Psi:pctShade           0.0014819       0.0086843      -0.0155393       0.0185032    


      Real Function Parameters of { p(~effort)Psi(~pctpool + BRT_100m + pctShade) }

      Following estimates based on unstandardized individual covariate values:
          Variable   Value         
          ---------  ------------- 
          EFFORT1     906.23188    
          EFFORT2     834.18841    
          EFFORT3     818.18116    
          PCTPOOL     25.664251    
          BRT_100M    6.7817616    
          PCTSHADE    48.614931    
                                                               95% Confidence Interval
  Parameter                  Estimate       Standard Error      Lower           Upper
 --------------------------  --------------  --------------  --------------  --------------
     1:p g1 a0 t1             0.7488020       0.0704869       0.5884960       0.8613699                          
     2:p g1 a1 t2             0.7276766       0.0705003       0.5709088       0.8429274                          
     3:p g1 a2 t3             0.7228347       0.0706357       0.5664859       0.8388376                          
     4:Psi g1 a0 t1           0.1292479       0.0308884       0.0797636       0.2026707                          


                      Estimates of Derived Parameters
 Occupancy Estimates of { p(~effort)Psi(~pctpool + BRT_100m + pctShade) }
                                            95% Confidence Interval
 Group   Psi-hat         Standard Error      Lower           Upper
 -----   --------------  --------------  --------------  --------------
   1      0.1292479       0.0308884       0.0797636       0.2026707    

   CPU Time for the last procedure was 0.11 seconds.     

  Program  MARK  - Survival Rate Estimation with Capture-Recapture Data
   gfortran(dble) Vers. 9.0 Mar 2018    11-Dec-2019 13:41:50    Page  004
 - - - - - - - - - - - - - - - - - - - - - - - - - - - - - - - - - - - - - -
 


  INPUT --- proc stop;

     CPU Time in minutes for this job was 0.00

     Time Start = 13:41:49.204   Time End = 13:41:50.212

     Wall Clock Time in minutes for this job was 0.02


          E X E C U T I O N   S U C C E S S F U L 
