
   Program  MARK  - Survival Rate Estimation with Capture-Recapture Data
   gfortran(dble) Vers. 9.0 Mar 2018    12-Dec-2019 15:58:14    Page  001
 - - - - - - - - - - - - - - - - - - - - - - - - - - - - - - - - - - - - - -
 
   This version was compiled by GCC version 7.2.0 using the options: 
     -cpp -iprefix C:/Program Files/mingw-w64/x86_64-7.2.0-posix-seh-rt_v5-rev1/
     mingw64/bin/../lib/gcc/x86_64-w64-mingw32/7.2.0/ -D_MT -D_REENTRANT
     -U_REENTRANT -D IEEE -D DBLEPRECISION -m64 -mtune=core2 -march=nocona -mthreads
     -O2 -fimplicit-none -fbounds-check -funroll-loops -ftree-vectorize
     -ffpe-summary=invalid,zero,overflow,underflow -fno-unsafe-math-optimizations
     -frounding-math -fsignaling-nans -fopenmp.

   This problem will use 7 of 8 possible threads.


  INPUT --- proc title ;

   CPU Time for the last procedure was 0.01 seconds.     


  INPUT --- proc chmatrix occasions= 3 groups= 1 etype= Occupancy 
  INPUT --- Nodes= 101 icovar = 8 ICMeans  NoHist hist= 138 ;

  INPUT ---    time interval 1 1 1 ;

  INPUT ---     icovariates effort1 effort2 effort3 pctex21 pctpool  
  INPUT ---    pctrock pctShade HAiFLS_for ;

  INPUT ---    glabel(1)=freq1;

      Number of unique encounter histories read was 138.

      Number of individual covariates read was 8.
      Time interval lengths are all equal to 1.

      Data type number is 27
      Data type is Occupancy Estimation with Detection < 1                                                             

   CPU Time for the last procedure was 0.02 seconds.     

  Program  MARK  - Survival Rate Estimation with Capture-Recapture Data
   gfortran(dble) Vers. 9.0 Mar 2018    12-Dec-2019 15:58:14    Page  002
 - - - - - - - - - - - - - - - - - - - - - - - - - - - - - - - - - - - - - -
 


  INPUT --- proc estimate link=Logit NOLOOP varest=2ndPart    ;


  INPUT --- model={ p(~effort)Psi(~pctex21 + pctpool + pctrock + 
  INPUT --- pctShade + HAiFLS_for) };

  INPUT ---    group=1 p    rows=1 cols=3 Square ;
  INPUT ---        1 2 3 ;

  INPUT ---    group=1 Psi    rows=1 cols=1 Square ;
  INPUT ---        4 ;

  INPUT ---    design matrix constraints=4 covariates=8;
  INPUT ---        1 effort1 0 0 0 0 0 0;
  INPUT ---        1 effort2 0 0 0 0 0 0;
  INPUT ---        1 effort3 0 0 0 0 0 0;
  INPUT ---        0 0 1 pctex21 pctpool pctrock pctShade HAiFLS_for;
  INPUT ---       blabel(1)=p:(Intercept);
  INPUT ---       blabel(2)=p:effort;
  INPUT ---       blabel(3)=Psi:(Intercept);
  INPUT ---       blabel(4)=Psi:pctex21;
  INPUT ---       blabel(5)=Psi:pctpool;
  INPUT ---       blabel(6)=Psi:pctrock;
  INPUT ---       blabel(7)=Psi:pctShade;
  INPUT ---       blabel(8)=Psi:HAiFLS_for;
  INPUT ---       rlabel(1)=p g1 a0 t1;
  INPUT ---       rlabel(2)=p g1 a1 t2;
  INPUT ---       rlabel(3)=p g1 a2 t3;
  INPUT ---       rlabel(4)=Psi g1 a0 t1;

 Link Function Used is LOGIT        

 Variance Estimation Procedure Used is 2ndPart 
 -2logL(saturated) = 0.0000000     
 Effective Sample Size = 138

 Number of function evaluations was 26 for 8 parameters.
 Time for numerical optimization was 0.06 seconds.     
 -2logL { p(~effort)Psi(~pctex21 + pctpool + pctrock + pctShade + HAiFLS_for) } = 138.98757     
 Penalty { p(~effort)Psi(~pctex21 + pctpool + pctrock + pctShade + HAiFLS_for) } = 0.0000000     
 Gradient { p(~effort)Psi(~pctex21 + pctpool + pctrock + pctShade + HAiFLS_for) }:
   0.000000      0.2560723E-06  0.9448828E-06  0.1631834E-06  0.1502762E-05
  0.6129559E-06  0.2091435E-05  0.5986222E-06
 Maximum ABS(G) { p(~effort)Psi(~pctex21 + pctpool + pctrock + pctShade + HAiFLS_for) } = 0.2091435E-05 

  Program  MARK  - Survival Rate Estimation with Capture-Recapture Data
   gfortran(dble) Vers. 9.0 Mar 2018    12-Dec-2019 15:58:15    Page  003
 - - - - - - - - - - - - - - - - - - - - - - - - - - - - - - - - - - - - - -
 
 S Vector { p(~effort)Psi(~pctex21 + pctpool + pctrock + pctShade + HAiFLS_for) }:
   26.21359      8.304821      1.168980     0.9182636     0.5873866    
  0.2041609     0.9943607E-01 0.1668623E-01
 Time to compute number of parameters was 0.01 seconds.     
 Ratio Threshold = 50.000000       Max Gap (2/3) = 7.1043325       Next Max Gap (7/8) = 5.9591705     
 Gap Method for Num. of Estimated Parameters { p(~effort)Psi(~pctex21 + pctpool + pctrock + pctShade + HAiFLS_for) } = 8          
 Threshold { p(~effort)Psi(~pctex21 + pctpool + pctrock + pctShade + HAiFLS_for) } = 0.4182870E-05                 
 Numerical Threshold Method for Num. of Estimated Parameters { p(~effort)Psi(~pctex21 + pctpool + pctrock + pctShade + HAiFLS_for) } = 8          
 Number of Estimated Parameters { p(~effort)Psi(~pctex21 + pctpool + pctrock + pctShade + HAiFLS_for) } = 8          
 DEVIANCE { p(~effort)Psi(~pctex21 + pctpool + pctrock + pctShade + HAiFLS_for) } = 138.98757                     
 DEVIANCE Degrees of Freedom { p(~effort)Psi(~pctex21 + pctpool + pctrock + pctShade + HAiFLS_for) } = 130            
 c-hat { p(~effort)Psi(~pctex21 + pctpool + pctrock + pctShade + HAiFLS_for) } = 1.0691351                     
 AIC { p(~effort)Psi(~pctex21 + pctpool + pctrock + pctShade + HAiFLS_for) } = 154.98757                  
 AICc { p(~effort)Psi(~pctex21 + pctpool + pctrock + pctShade + HAiFLS_for) } = 156.10385                    
 BIC { p(~effort)Psi(~pctex21 + pctpool + pctrock + pctShade + HAiFLS_for) } = 178.40560                    
 Pearson Chisquare { p(~effort)Psi(~pctex21 + pctpool + pctrock + pctShade + HAiFLS_for) } = 585.33911                  


 LOGIT Link Function Parameters of { p(~effort)Psi(~pctex21 + pctpool + pctrock + pctShade + HAiFLS_for) }
                                                              95% Confidence Interval
 Parameter                    Beta         Standard Error      Lower           Upper
 -------------------------  --------------  --------------  --------------  --------------
    1:p:(Intercept)         -0.3970104       0.6684436      -1.7071598       0.9131390    
    2:p:effort               0.0016170       0.7814397E-03   0.8534839E-04   0.0031486    
    3:Psi:(Intercept)       -3.0372174       1.3427397      -5.6689873      -0.4054476    
    4:Psi:pctex21           -0.7225658       0.2498043      -1.2121822      -0.2329493    
    5:Psi:pctpool            0.0194331       0.0170927      -0.0140686       0.0529349    
    6:Psi:pctrock            0.0211172       0.0158897      -0.0100266       0.0522610    
    7:Psi:pctShade          -0.0082894       0.0113978      -0.0306291       0.0140503    
    8:Psi:HAiFLS_for         0.0218883       0.0111592       0.1626671E-04   0.0437603    


 Real Function Parameters of { p(~effort)Psi(~pctex21 + pctpool + pctrock + pctShade + HAiFLS_for) }

      Following estimates based on unstandardized individual covariate values:
          Variable   Value         
          ---------  ------------- 
          EFFORT1     906.23188    
          EFFORT2     834.18841    
          EFFORT3     818.18116    
          PCTEX21     4.8306834    
          PCTPOOL     25.664251    
          PCTROCK     68.678238    
          PCTSHADE    48.614931    
          HAIFLS_FOR  26.272482    
                                                               95% Confidence Interval
  Parameter                  Estimate       Standard Error      Lower           Upper
 --------------------------  --------------  --------------  --------------  --------------
     1:p g1 a0 t1             0.7442810       0.0720147       0.5809626       0.8593562                          
     2:p g1 a1 t2             0.7214865       0.0726205       0.5605782       0.8402629                          
     3:p g1 a2 t3             0.7162558       0.0729033       0.5554901       0.8360394                          
     4:Psi g1 a0 t1           0.0120496       0.0132103       0.0013837       0.0969499                          


                      Estimates of Derived Parameters
 Occupancy Estimates of { p(~effort)Psi(~pctex21 + pctpool + pctrock + pctShade + HAiFLS_for) }
                                            95% Confidence Interval
 Group   Psi-hat         Standard Error      Lower           Upper
 -----   --------------  --------------  --------------  --------------

  Program  MARK  - Survival Rate Estimation with Capture-Recapture Data
   gfortran(dble) Vers. 9.0 Mar 2018    12-Dec-2019 15:58:15    Page  004
 - - - - - - - - - - - - - - - - - - - - - - - - - - - - - - - - - - - - - -
 
   1      0.0120496       0.0132103       0.0013837       0.0969499    

   CPU Time for the last procedure was 0.06 seconds.     


  INPUT --- proc stop;

     CPU Time in minutes for this job was 0.00

     Time Start = 15:58:14.891   Time End = 15:58:15.097

     Wall Clock Time in minutes for this job was 0.00


          E X E C U T I O N   S U C C E S S F U L 
