
   Program  MARK  - Survival Rate Estimation with Capture-Recapture Data
   gfortran(dble) Vers. 9.0 Mar 2018    13-Dec-2019 09:51:12    Page  001
 - - - - - - - - - - - - - - - - - - - - - - - - - - - - - - - - - - - - - -
 
   This version was compiled by GCC version 7.2.0 using the options: 
     -cpp -iprefix C:/Program Files/mingw-w64/x86_64-7.2.0-posix-seh-rt_v5-rev1/
     mingw64/bin/../lib/gcc/x86_64-w64-mingw32/7.2.0/ -D_MT -D_REENTRANT
     -U_REENTRANT -D IEEE -D DBLEPRECISION -m64 -mtune=core2 -march=nocona -mthreads
     -O2 -fimplicit-none -fbounds-check -funroll-loops -ftree-vectorize
     -ffpe-summary=invalid,zero,overflow,underflow -fno-unsafe-math-optimizations
     -frounding-math -fsignaling-nans -fopenmp.

   This problem will use 7 of 8 possible threads.


  INPUT --- proc title ;

   CPU Time for the last procedure was 0.01 seconds.     


  INPUT --- proc chmatrix occasions= 3 groups= 1 etype= Occupancy 
  INPUT --- Nodes= 101 icovar = 4 ICMeans  NoHist hist= 138 ;

  INPUT ---    time interval 1 1 1 ;

  INPUT ---     icovariates effort1 effort2 effort3 HAiFLS_for ;

  INPUT ---    glabel(1)=freq1;

      Number of unique encounter histories read was 138.

      Number of individual covariates read was 4.
      Time interval lengths are all equal to 1.

      Data type number is 27
      Data type is Occupancy Estimation with Detection < 1                                                             

   CPU Time for the last procedure was 0.02 seconds.     

  Program  MARK  - Survival Rate Estimation with Capture-Recapture Data
   gfortran(dble) Vers. 9.0 Mar 2018    13-Dec-2019 09:51:12    Page  002
 - - - - - - - - - - - - - - - - - - - - - - - - - - - - - - - - - - - - - -
 


  INPUT --- proc estimate link=Logit NOLOOP varest=2ndPart    ;


  INPUT --- model={ p(~effort)Psi(~HAiFLS_for) };

  INPUT ---    group=1 p    rows=1 cols=3 Square ;
  INPUT ---        1 2 3 ;

  INPUT ---    group=1 Psi    rows=1 cols=1 Square ;
  INPUT ---        4 ;

  INPUT ---    design matrix constraints=4 covariates=4;
  INPUT ---        1 effort1 0 0;
  INPUT ---        1 effort2 0 0;
  INPUT ---        1 effort3 0 0;
  INPUT ---        0 0 1 HAiFLS_for;
  INPUT ---       blabel(1)=p:(Intercept);
  INPUT ---       blabel(2)=p:effort;
  INPUT ---       blabel(3)=Psi:(Intercept);
  INPUT ---       blabel(4)=Psi:HAiFLS_for;
  INPUT ---       rlabel(1)=p g1 a0 t1;
  INPUT ---       rlabel(2)=p g1 a1 t2;
  INPUT ---       rlabel(3)=p g1 a2 t3;
  INPUT ---       rlabel(4)=Psi g1 a0 t1;

 Link Function Used is LOGIT        

 Variance Estimation Procedure Used is 2ndPart 
 -2logL(saturated) = 0.0000000     
 Effective Sample Size = 138

 Number of function evaluations was 17 for 4 parameters.
 Time for numerical optimization was 0.01 seconds.     
 -2logL { p(~effort)Psi(~HAiFLS_for) } = 163.77803     
 Penalty { p(~effort)Psi(~HAiFLS_for) } = 0.0000000     
 Gradient { p(~effort)Psi(~HAiFLS_for) }:
  0.1398336E-05 -0.5226018E-06   0.000000       0.000000    
 Maximum ABS(G) { p(~effort)Psi(~HAiFLS_for) } = 0.1398336E-05 
 S Vector { p(~effort)Psi(~HAiFLS_for) }:
   17.99110      8.246549      1.330775     0.1027111    
 Time to compute number of parameters was 0.01 seconds.     
 Ratio Threshold = 50.000000       Max Gap (3/4) = 12.956490       Next Max Gap (2/3) = 6.1968024     
 Gap Method for Num. of Estimated Parameters { p(~effort)Psi(~HAiFLS_for) } = 4          
 Threshold { p(~effort)Psi(~HAiFLS_for) } = 0.2796671E-05                 
 Numerical Threshold Method for Num. of Estimated Parameters { p(~effort)Psi(~HAiFLS_for) } = 4          
 Number of Estimated Parameters { p(~effort)Psi(~HAiFLS_for) } = 4          
 DEVIANCE { p(~effort)Psi(~HAiFLS_for) } = 163.77803                     
 DEVIANCE Degrees of Freedom { p(~effort)Psi(~HAiFLS_for) } = 134            
 c-hat { p(~effort)Psi(~HAiFLS_for) } = 1.2222241                     
 AIC { p(~effort)Psi(~HAiFLS_for) } = 171.77803                  
 AICc { p(~effort)Psi(~HAiFLS_for) } = 172.07878                    
 BIC { p(~effort)Psi(~HAiFLS_for) } = 183.48704                    
 Pearson Chisquare { p(~effort)Psi(~HAiFLS_for) } = 891.46789                  

  Program  MARK  - Survival Rate Estimation with Capture-Recapture Data
   gfortran(dble) Vers. 9.0 Mar 2018    13-Dec-2019 09:51:13    Page  003
 - - - - - - - - - - - - - - - - - - - - - - - - - - - - - - - - - - - - - -
 


                LOGIT Link Function Parameters of { p(~effort)Psi(~HAiFLS_for) }
                                                              95% Confidence Interval
 Parameter                    Beta         Standard Error      Lower           Upper
 -------------------------  --------------  --------------  --------------  --------------
    1:p:(Intercept)         -0.3640134       0.6542790      -1.6464002       0.9183734    
    2:p:effort               0.0015796       0.7698770E-03   0.7063815E-04   0.0030886    
    3:Psi:(Intercept)       -2.3886032       0.3968248      -3.1663798      -1.6108265    
    4:Psi:HAiFLS_for         0.0191450       0.0080857       0.0032971       0.0349929    


                Real Function Parameters of { p(~effort)Psi(~HAiFLS_for) }

      Following estimates based on unstandardized individual covariate values:
          Variable   Value         
          ---------  ------------- 
          EFFORT1     906.23188    
          EFFORT2     834.18841    
          EFFORT3     818.18116    
          HAIFLS_FOR  26.272482    
                                                               95% Confidence Interval
  Parameter                  Estimate       Standard Error      Lower           Upper
 --------------------------  --------------  --------------  --------------  --------------
     1:p g1 a0 t1             0.7441151       0.0722535       0.5802287       0.8595097                          
     2:p g1 a1 t2             0.7218523       0.0726593       0.5607924       0.8406347                          
     3:p g1 a2 t3             0.7167472       0.0728892       0.5559392       0.8364529                          
     4:Psi g1 a0 t1           0.1317450       0.0312976       0.0815187       0.2059776                          


                      Estimates of Derived Parameters
          Occupancy Estimates of { p(~effort)Psi(~HAiFLS_for) }
                                            95% Confidence Interval
 Group   Psi-hat         Standard Error      Lower           Upper
 -----   --------------  --------------  --------------  --------------
   1      0.1317450       0.0312976       0.0815187       0.2059776    

   CPU Time for the last procedure was 0.01 seconds.     

  Program  MARK  - Survival Rate Estimation with Capture-Recapture Data
   gfortran(dble) Vers. 9.0 Mar 2018    13-Dec-2019 09:51:13    Page  004
 - - - - - - - - - - - - - - - - - - - - - - - - - - - - - - - - - - - - - -
 


  INPUT --- proc stop;

     CPU Time in minutes for this job was 0.00

     Time Start = 09:51:12.922   Time End = 09:51:13.062

     Wall Clock Time in minutes for this job was 0.00


          E X E C U T I O N   S U C C E S S F U L 
