
   Program  MARK  - Survival Rate Estimation with Capture-Recapture Data
   gfortran(dble) Vers. 9.0 Mar 2018    13-Dec-2019 09:51:11    Page  001
 - - - - - - - - - - - - - - - - - - - - - - - - - - - - - - - - - - - - - -
 
   This version was compiled by GCC version 7.2.0 using the options: 
     -cpp -iprefix C:/Program Files/mingw-w64/x86_64-7.2.0-posix-seh-rt_v5-rev1/
     mingw64/bin/../lib/gcc/x86_64-w64-mingw32/7.2.0/ -D_MT -D_REENTRANT
     -U_REENTRANT -D IEEE -D DBLEPRECISION -m64 -mtune=core2 -march=nocona -mthreads
     -O2 -fimplicit-none -fbounds-check -funroll-loops -ftree-vectorize
     -ffpe-summary=invalid,zero,overflow,underflow -fno-unsafe-math-optimizations
     -frounding-math -fsignaling-nans -fopenmp.

   This problem will use 7 of 8 possible threads.


  INPUT --- proc title ;

   CPU Time for the last procedure was 0.01 seconds.     


  INPUT --- proc chmatrix occasions= 3 groups= 1 etype= Occupancy 
  INPUT --- Nodes= 101 ICMeans NoHist hist=  7 ;

  INPUT ---    time interval 1 1 1 ;

  INPUT ---    glabel(1)=freq1;

      Number of unique encounter histories read was 7.

      Number of individual covariates read was 0.
      Time interval lengths are all equal to 1.

      Data type number is 27
      Data type is Occupancy Estimation with Detection < 1                                                             

   CPU Time for the last procedure was 0.01 seconds.     

  Program  MARK  - Survival Rate Estimation with Capture-Recapture Data
   gfortran(dble) Vers. 9.0 Mar 2018    13-Dec-2019 09:51:11    Page  002
 - - - - - - - - - - - - - - - - - - - - - - - - - - - - - - - - - - - - - -
 


  INPUT --- proc estimate link=Logit NOLOOP varest=2ndPart    ;


  INPUT --- model={ p(~1)Psi(~1) };

  INPUT ---    group=1 p    rows=1 cols=3 Square ;
  INPUT ---        1 1 1 ;

  INPUT ---    group=1 Psi    rows=1 cols=1 Square ;
  INPUT ---        2 ;

  INPUT ---    design matrix constraints=2 covariates=2 identity;
  INPUT ---       blabel(1)=p:(Intercept);
  INPUT ---       blabel(2)=Psi:(Intercept);
  INPUT ---       rlabel(1)=p g1 a0 t1;
  INPUT ---       rlabel(2)=Psi g1 a0 t1;

 Link Function Used is LOGIT        

 Variance Estimation Procedure Used is 2ndPart 
 -2logL(saturated) = 165.34857     
 Effective Sample Size = 138

 Number of function evaluations was 8 for 2 parameters.
 Time for numerical optimization was 0.01 seconds.     
 -2logL { p(~1)Psi(~1) } = 175.54163     
 Penalty { p(~1)Psi(~1) } = 0.0000000     
 Gradient { p(~1)Psi(~1) }:
 -0.1957797E-05 -0.6789837E-06
 Maximum ABS(G) { p(~1)Psi(~1) } = 0.1957797E-05 
 S Vector { p(~1)Psi(~1) }:
   16.39287      9.631612    
 Time to compute number of parameters was 0.01 seconds.     
 Gap Method for Num. of Estimated Parameters { p(~1)Psi(~1) } = 2          
 Threshold { p(~1)Psi(~1) } = 0.3915593E-05                 
 Numerical Threshold Method for Num. of Estimated Parameters { p(~1)Psi(~1) } = 2          
 Number of Estimated Parameters { p(~1)Psi(~1) } = 2          
 DEVIANCE { p(~1)Psi(~1) } = 10.193064                     
 DEVIANCE Degrees of Freedom { p(~1)Psi(~1) } = 4            
 c-hat { p(~1)Psi(~1) } = 2.5482659                     
 AIC { p(~1)Psi(~1) } = 179.54163                  
 AICc { p(~1)Psi(~1) } = 179.63052                    
 BIC { p(~1)Psi(~1) } = 185.39614                    
 Pearson Chisquare { p(~1)Psi(~1) } = 7.5187043                  
 Possible Encounter Histories { p(~1)Psi(~1) } = 8             
 Pearson Chisquare df { p(~1)Psi(~1) } = 5        
 Pearson chat { p(~1)Psi(~1) } = 1.5037409                  
 Sum(Observed/Expected) { p(~1)Psi(~1) } = 8.9376784                  
 Fletcher chat { p(~1)Psi(~1) } = 1.3459789                  


                       LOGIT Link Function Parameters of { p(~1)Psi(~1) }
                                                              95% Confidence Interval
 Parameter                    Beta         Standard Error      Lower           Upper
 -------------------------  --------------  --------------  --------------  --------------
    1:p:(Intercept)          0.9484645       0.3209877       0.3193287       1.5776003    
    2:Psi:(Intercept)       -1.8091229       0.2485836      -2.2963469      -1.3218990    

  Program  MARK  - Survival Rate Estimation with Capture-Recapture Data
   gfortran(dble) Vers. 9.0 Mar 2018    13-Dec-2019 09:51:11    Page  003
 - - - - - - - - - - - - - - - - - - - - - - - - - - - - - - - - - - - - - -
 


                       Real Function Parameters of { p(~1)Psi(~1) }
                                                               95% Confidence Interval
  Parameter                  Estimate       Standard Error      Lower           Upper
 --------------------------  --------------  --------------  --------------  --------------
     1:p g1 a0 t1             0.7208063       0.0645970       0.5791606       0.8288644                          
     2:Psi g1 a0 t1           0.1407442       0.0300625       0.0914260       0.2105025                          


                      Estimates of Derived Parameters
                 Occupancy Estimates of { p(~1)Psi(~1) }
                                            95% Confidence Interval
 Group   Psi-hat         Standard Error      Lower           Upper
 -----   --------------  --------------  --------------  --------------
   1      0.1407442       0.0300625       0.0914260       0.2105025    

   CPU Time for the last procedure was 0.01 seconds.     

  Program  MARK  - Survival Rate Estimation with Capture-Recapture Data
   gfortran(dble) Vers. 9.0 Mar 2018    13-Dec-2019 09:51:11    Page  004
 - - - - - - - - - - - - - - - - - - - - - - - - - - - - - - - - - - - - - -
 


  INPUT --- proc stop;

     CPU Time in minutes for this job was 0.00

     Time Start = 09:51:11.526   Time End = 09:51:11.533

     Wall Clock Time in minutes for this job was 0.00


          E X E C U T I O N   S U C C E S S F U L 
