
   Program  MARK  - Survival Rate Estimation with Capture-Recapture Data
   gfortran(dble) Vers. 9.0 Mar 2018    11-Dec-2019 13:37:53    Page  001
 - - - - - - - - - - - - - - - - - - - - - - - - - - - - - - - - - - - - - -
 
   This version was compiled by GCC version 7.2.0 using the options: 
     -cpp -iprefix C:/Program Files/mingw-w64/x86_64-7.2.0-posix-seh-rt_v5-rev1/
     mingw64/bin/../lib/gcc/x86_64-w64-mingw32/7.2.0/ -D_MT -D_REENTRANT
     -U_REENTRANT -D IEEE -D DBLEPRECISION -m64 -mtune=core2 -march=nocona -mthreads
     -O2 -fimplicit-none -fbounds-check -funroll-loops -ftree-vectorize
     -ffpe-summary=invalid,zero,overflow,underflow -fno-unsafe-math-optimizations
     -frounding-math -fsignaling-nans -fopenmp.

   This problem will use 7 of 8 possible threads.


  INPUT --- proc title ;

   CPU Time for the last procedure was 0.01 seconds.     


  INPUT --- proc chmatrix occasions= 3 groups= 1 etype= Occupancy 
  INPUT --- Nodes= 101 icovar = 2 ICMeans  NoHist hist= 137 ;

  INPUT ---    time interval 1 1 1 ;

  INPUT ---     icovariates BRT_100m HAiFLS_for ;

  INPUT ---    glabel(1)=freq1;

      Number of unique encounter histories read was 137.

      Number of individual covariates read was 2.
      Time interval lengths are all equal to 1.

      Data type number is 27
      Data type is Occupancy Estimation with Detection < 1                                                             

   CPU Time for the last procedure was 0.01 seconds.     

  Program  MARK  - Survival Rate Estimation with Capture-Recapture Data
   gfortran(dble) Vers. 9.0 Mar 2018    11-Dec-2019 13:37:53    Page  002
 - - - - - - - - - - - - - - - - - - - - - - - - - - - - - - - - - - - - - -
 


  INPUT --- proc estimate link=Logit NOLOOP varest=2ndPart    ;


  INPUT --- model={ p(~1)Psi(~BRT_100m + HAiFLS_for) };

  INPUT ---    group=1 p    rows=1 cols=3 Square ;
  INPUT ---        1 1 1 ;

  INPUT ---    group=1 Psi    rows=1 cols=1 Square ;
  INPUT ---        2 ;

  INPUT ---    design matrix constraints=2 covariates=4;
  INPUT ---        1 0 0 0;
  INPUT ---        0 1 BRT_100m HAiFLS_for;
  INPUT ---       blabel(1)=p:(Intercept);
  INPUT ---       blabel(2)=Psi:(Intercept);
  INPUT ---       blabel(3)=Psi:BRT_100m;
  INPUT ---       blabel(4)=Psi:HAiFLS_for;
  INPUT ---       rlabel(1)=p g1 a0 t1;
  INPUT ---       rlabel(2)=Psi g1 a0 t1;

 Link Function Used is LOGIT        

 Variance Estimation Procedure Used is 2ndPart 
 -2logL(saturated) = 0.0000000     
 Effective Sample Size = 138

 Number of function evaluations was 14 for 4 parameters.
 Time for numerical optimization was 0.01 seconds.     
 -2logL { p(~1)Psi(~BRT_100m + HAiFLS_for) } = 164.83153     
 Penalty { p(~1)Psi(~BRT_100m + HAiFLS_for) } = 0.0000000     
 Gradient { p(~1)Psi(~BRT_100m + HAiFLS_for) }:
 -0.9819312E-06   0.000000       0.000000       0.000000    
 Maximum ABS(G) { p(~1)Psi(~BRT_100m + HAiFLS_for) } = 0.9819312E-06 
 S Vector { p(~1)Psi(~BRT_100m + HAiFLS_for) }:
   17.40183      9.536435      1.198912     0.3839981    
 Time to compute number of parameters was 0.01 seconds.     
 Ratio Threshold = 50.000000       Max Gap (2/3) = 7.9542421       Next Max Gap (3/4) = 3.1221814     
 Gap Method for Num. of Estimated Parameters { p(~1)Psi(~BRT_100m + HAiFLS_for) } = 4          
 Threshold { p(~1)Psi(~BRT_100m + HAiFLS_for) } = 0.1963862E-05                 
 Numerical Threshold Method for Num. of Estimated Parameters { p(~1)Psi(~BRT_100m + HAiFLS_for) } = 4          
 Number of Estimated Parameters { p(~1)Psi(~BRT_100m + HAiFLS_for) } = 4          
 DEVIANCE { p(~1)Psi(~BRT_100m + HAiFLS_for) } = 164.83153                     
 DEVIANCE Degrees of Freedom { p(~1)Psi(~BRT_100m + HAiFLS_for) } = 134            
 c-hat { p(~1)Psi(~BRT_100m + HAiFLS_for) } = 1.2300860                     
 AIC { p(~1)Psi(~BRT_100m + HAiFLS_for) } = 172.83153                  
 AICc { p(~1)Psi(~BRT_100m + HAiFLS_for) } = 173.13228                    
 BIC { p(~1)Psi(~BRT_100m + HAiFLS_for) } = 184.54054                    
 Pearson Chisquare { p(~1)Psi(~BRT_100m + HAiFLS_for) } = 891.31701                  


             LOGIT Link Function Parameters of { p(~1)Psi(~BRT_100m + HAiFLS_for) }
                                                              95% Confidence Interval
 Parameter                    Beta         Standard Error      Lower           Upper
 -------------------------  --------------  --------------  --------------  --------------
    1:p:(Intercept)          0.9424464       0.3228502       0.3096599       1.5752328    
    2:Psi:(Intercept)       -2.7660186       0.4591977      -3.6660460      -1.8659912    
    3:Psi:BRT_100m           0.0365586       0.0166605       0.0039040       0.0692131    

  Program  MARK  - Survival Rate Estimation with Capture-Recapture Data
   gfortran(dble) Vers. 9.0 Mar 2018    11-Dec-2019 13:37:54    Page  003
 - - - - - - - - - - - - - - - - - - - - - - - - - - - - - - - - - - - - - -
 
    4:Psi:HAiFLS_for         0.0191163       0.0084939       0.0024682       0.0357643    


             Real Function Parameters of { p(~1)Psi(~BRT_100m + HAiFLS_for) }

      Following estimates based on unstandardized individual covariate values:
          Variable   Value         
          ---------  ------------- 
          BRT_100M    6.7817616    
          HAIFLS_FOR  26.272482    
                                                               95% Confidence Interval
  Parameter                  Estimate       Standard Error      Lower           Upper
 --------------------------  --------------  --------------  --------------  --------------
     1:p g1 a0 t1             0.7195935       0.0651443       0.5768022       0.8285283                          
     2:Psi g1 a0 t1           0.1175482       0.0301377       0.0700899       0.1905560                          


                      Estimates of Derived Parameters
       Occupancy Estimates of { p(~1)Psi(~BRT_100m + HAiFLS_for) }
                                            95% Confidence Interval
 Group   Psi-hat         Standard Error      Lower           Upper
 -----   --------------  --------------  --------------  --------------
   1      0.1175482       0.0301377       0.0700899       0.1905560    

   CPU Time for the last procedure was 0.02 seconds.     

  Program  MARK  - Survival Rate Estimation with Capture-Recapture Data
   gfortran(dble) Vers. 9.0 Mar 2018    11-Dec-2019 13:37:54    Page  004
 - - - - - - - - - - - - - - - - - - - - - - - - - - - - - - - - - - - - - -
 


  INPUT --- proc stop;

     CPU Time in minutes for this job was 0.00

     Time Start = 13:37:53.942   Time End = 13:37:54.083

     Wall Clock Time in minutes for this job was 0.00


          E X E C U T I O N   S U C C E S S F U L 
