
   Program  MARK  - Survival Rate Estimation with Capture-Recapture Data
   gfortran(dble) Vers. 9.0 Mar 2018    12-Dec-2019 15:59:31    Page  001
 - - - - - - - - - - - - - - - - - - - - - - - - - - - - - - - - - - - - - -
 
   This version was compiled by GCC version 7.2.0 using the options: 
     -cpp -iprefix C:/Program Files/mingw-w64/x86_64-7.2.0-posix-seh-rt_v5-rev1/
     mingw64/bin/../lib/gcc/x86_64-w64-mingw32/7.2.0/ -D_MT -D_REENTRANT
     -U_REENTRANT -D IEEE -D DBLEPRECISION -m64 -mtune=core2 -march=nocona -mthreads
     -O2 -fimplicit-none -fbounds-check -funroll-loops -ftree-vectorize
     -ffpe-summary=invalid,zero,overflow,underflow -fno-unsafe-math-optimizations
     -frounding-math -fsignaling-nans -fopenmp.

   This problem will use 7 of 8 possible threads.


  INPUT --- proc title ;

   CPU Time for the last procedure was 0.01 seconds.     


  INPUT --- proc chmatrix occasions= 3 groups= 1 etype= Occupancy 
  INPUT --- Nodes= 101 icovar = 6 ICMeans  NoHist hist= 138 ;

  INPUT ---    time interval 1 1 1 ;

  INPUT ---     icovariates effort1 effort2 effort3 pctrock pctShade  
  INPUT ---    HAiFLS_for ;

  INPUT ---    glabel(1)=freq1;

      Number of unique encounter histories read was 138.

      Number of individual covariates read was 6.
      Time interval lengths are all equal to 1.

      Data type number is 27
      Data type is Occupancy Estimation with Detection < 1                                                             

   CPU Time for the last procedure was 0.02 seconds.     

  Program  MARK  - Survival Rate Estimation with Capture-Recapture Data
   gfortran(dble) Vers. 9.0 Mar 2018    12-Dec-2019 15:59:31    Page  002
 - - - - - - - - - - - - - - - - - - - - - - - - - - - - - - - - - - - - - -
 


  INPUT --- proc estimate link=Logit NOLOOP varest=2ndPart    ;


  INPUT --- model={ p(~effort)Psi(~pctrock + pctShade + HAiFLS_for) };

  INPUT ---    group=1 p    rows=1 cols=3 Square ;
  INPUT ---        1 2 3 ;

  INPUT ---    group=1 Psi    rows=1 cols=1 Square ;
  INPUT ---        4 ;

  INPUT ---    design matrix constraints=4 covariates=6;
  INPUT ---        1 effort1 0 0 0 0;
  INPUT ---        1 effort2 0 0 0 0;
  INPUT ---        1 effort3 0 0 0 0;
  INPUT ---        0 0 1 pctrock pctShade HAiFLS_for;
  INPUT ---       blabel(1)=p:(Intercept);
  INPUT ---       blabel(2)=p:effort;
  INPUT ---       blabel(3)=Psi:(Intercept);
  INPUT ---       blabel(4)=Psi:pctrock;
  INPUT ---       blabel(5)=Psi:pctShade;
  INPUT ---       blabel(6)=Psi:HAiFLS_for;
  INPUT ---       rlabel(1)=p g1 a0 t1;
  INPUT ---       rlabel(2)=p g1 a1 t2;
  INPUT ---       rlabel(3)=p g1 a2 t3;
  INPUT ---       rlabel(4)=Psi g1 a0 t1;

 Link Function Used is LOGIT        

 Variance Estimation Procedure Used is 2ndPart 
 -2logL(saturated) = 0.0000000     
 Effective Sample Size = 138

 Number of function evaluations was 17 for 6 parameters.
 Time for numerical optimization was 0.02 seconds.     
 -2logL { p(~effort)Psi(~pctrock + pctShade + HAiFLS_for) } = 162.53273     
 Penalty { p(~effort)Psi(~pctrock + pctShade + HAiFLS_for) } = 0.0000000     
 Gradient { p(~effort)Psi(~pctrock + pctShade + HAiFLS_for) }:
  0.1405658E-05  0.2624769E-06  0.4850839E-06  0.8623549E-06   0.000000    
  0.5978182E-06
 Maximum ABS(G) { p(~effort)Psi(~pctrock + pctShade + HAiFLS_for) } = 0.1405658E-05 
 S Vector { p(~effort)Psi(~pctrock + pctShade + HAiFLS_for) }:
   30.33271      8.348548      1.641557     0.9108007     0.4000717    
  0.1036437    
 Time to compute number of parameters was 0.01 seconds.     
 Ratio Threshold = 50.000000       Max Gap (2/3) = 5.0857489       Next Max Gap (5/6) = 3.8600691     
 Gap Method for Num. of Estimated Parameters { p(~effort)Psi(~pctrock + pctShade + HAiFLS_for) } = 6          
 Threshold { p(~effort)Psi(~pctrock + pctShade + HAiFLS_for) } = 0.2811316E-05                 
 Numerical Threshold Method for Num. of Estimated Parameters { p(~effort)Psi(~pctrock + pctShade + HAiFLS_for) } = 6          
 Number of Estimated Parameters { p(~effort)Psi(~pctrock + pctShade + HAiFLS_for) } = 6          
 DEVIANCE { p(~effort)Psi(~pctrock + pctShade + HAiFLS_for) } = 162.53273                     
 DEVIANCE Degrees of Freedom { p(~effort)Psi(~pctrock + pctShade + HAiFLS_for) } = 132            
 c-hat { p(~effort)Psi(~pctrock + pctShade + HAiFLS_for) } = 1.2313085                     
 AIC { p(~effort)Psi(~pctrock + pctShade + HAiFLS_for) } = 174.53273                  
 AICc { p(~effort)Psi(~pctrock + pctShade + HAiFLS_for) } = 175.17395                    
 BIC { p(~effort)Psi(~pctrock + pctShade + HAiFLS_for) } = 192.09625                    
 Pearson Chisquare { p(~effort)Psi(~pctrock + pctShade + HAiFLS_for) } = 915.81366                  

  Program  MARK  - Survival Rate Estimation with Capture-Recapture Data
   gfortran(dble) Vers. 9.0 Mar 2018    12-Dec-2019 15:59:31    Page  003
 - - - - - - - - - - - - - - - - - - - - - - - - - - - - - - - - - - - - - -
 


     LOGIT Link Function Parameters of { p(~effort)Psi(~pctrock + pctShade + HAiFLS_for) }
                                                              95% Confidence Interval
 Parameter                    Beta         Standard Error      Lower           Upper
 -------------------------  --------------  --------------  --------------  --------------
    1:p:(Intercept)         -0.3569081       0.6518506      -1.6345353       0.9207191    
    2:p:effort               0.0015714       0.7664000E-03   0.6925308E-04   0.0030735    
    3:Psi:(Intercept)       -2.9319972       0.9428489      -4.7799811      -1.0840134    
    4:Psi:pctrock            0.0121179       0.0126348      -0.0126464       0.0368822    
    5:Psi:pctShade          -0.0082467       0.0097608      -0.0273779       0.0108845    
    6:Psi:HAiFLS_for         0.0219312       0.0090366       0.0042195       0.0396429    


     Real Function Parameters of { p(~effort)Psi(~pctrock + pctShade + HAiFLS_for) }

      Following estimates based on unstandardized individual covariate values:
          Variable   Value         
          ---------  ------------- 
          EFFORT1     906.23188    
          EFFORT2     834.18841    
          EFFORT3     818.18116    
          PCTROCK     68.678238    
          PCTSHADE    48.614931    
          HAIFLS_FOR  26.272482    
                                                               95% Confidence Interval
  Parameter                  Estimate       Standard Error      Lower           Upper
 --------------------------  --------------  --------------  --------------  --------------
     1:p g1 a0 t1             0.7440530       0.0722239       0.5802523       0.8594192                          
     2:p g1 a1 t2             0.7219055       0.0726281       0.5609123       0.8406405                          
     3:p g1 a2 t3             0.7168276       0.0728565       0.5560850       0.8364805                          
     4:Psi g1 a0 t1           0.1273621       0.0314774       0.0773008       0.2027209                          


                      Estimates of Derived Parameters
 Occupancy Estimates of { p(~effort)Psi(~pctrock + pctShade + HAiFLS_for) }
                                            95% Confidence Interval
 Group   Psi-hat         Standard Error      Lower           Upper
 -----   --------------  --------------  --------------  --------------
   1      0.1273621       0.0314774       0.0773008       0.2027209    

   CPU Time for the last procedure was 0.03 seconds.     

  Program  MARK  - Survival Rate Estimation with Capture-Recapture Data
   gfortran(dble) Vers. 9.0 Mar 2018    12-Dec-2019 15:59:31    Page  004
 - - - - - - - - - - - - - - - - - - - - - - - - - - - - - - - - - - - - - -
 


  INPUT --- proc stop;

     CPU Time in minutes for this job was 0.00

     Time Start = 15:59:31.160   Time End = 15:59:31.272

     Wall Clock Time in minutes for this job was 0.00


          E X E C U T I O N   S U C C E S S F U L 
