
   Program  MARK  - Survival Rate Estimation with Capture-Recapture Data
   gfortran(dble) Vers. 9.0 Mar 2018    12-Dec-2019 16:40:04    Page  001
 - - - - - - - - - - - - - - - - - - - - - - - - - - - - - - - - - - - - - -
 
   This version was compiled by GCC version 7.2.0 using the options: 
     -cpp -iprefix C:/Program Files/mingw-w64/x86_64-7.2.0-posix-seh-rt_v5-rev1/
     mingw64/bin/../lib/gcc/x86_64-w64-mingw32/7.2.0/ -D_MT -D_REENTRANT
     -U_REENTRANT -D IEEE -D DBLEPRECISION -m64 -mtune=core2 -march=nocona -mthreads
     -O2 -fimplicit-none -fbounds-check -funroll-loops -ftree-vectorize
     -ffpe-summary=invalid,zero,overflow,underflow -fno-unsafe-math-optimizations
     -frounding-math -fsignaling-nans -fopenmp.

   This problem will use 2 of 8 possible threads.


  INPUT --- proc title ;

   CPU Time for the last procedure was 0.01 seconds.     


  INPUT --- proc chmatrix occasions= 1 groups= 4 etype= Known Nodes= 
  INPUT --- 101 icovar = 2 ICMeans  NoHist hist= 113 ;

  INPUT ---    time interval 1 ;

  INPUT ---     icovariates length mass ;

  INPUT ---    glabel(1)=areacontrol.sexfemale;

  INPUT ---    glabel(2)=areatreatment.sexfemale;

  INPUT ---    glabel(3)=areacontrol.sexmale;

  INPUT ---    glabel(4)=areatreatment.sexmale;

      Number of unique encounter histories read was 113.

      Number of individual covariates read was 2.
      Time interval lengths are all equal to 1.

      Data type number is 4
      Data type is Known Fate                                                                                          

   CPU Time for the last procedure was 0.01 seconds.     

  Program  MARK  - Survival Rate Estimation with Capture-Recapture Data
   gfortran(dble) Vers. 9.0 Mar 2018    12-Dec-2019 16:40:04    Page  002
 - - - - - - - - - - - - - - - - - - - - - - - - - - - - - - - - - - - - - -
 


  INPUT --- proc estimate link=Logit NOLOOP varest=2ndPart    ;


  INPUT --- model={ S(~length + mass) };

  INPUT ---    group=1 S    rows=1 cols=1 Square ;
  INPUT ---        1 ;

  INPUT ---    group=2 S    rows=1 cols=1 Square ;
  INPUT ---        1 ;

  INPUT ---    group=3 S    rows=1 cols=1 Square ;
  INPUT ---        1 ;

  INPUT ---    group=4 S    rows=1 cols=1 Square ;
  INPUT ---        1 ;

  INPUT ---    design matrix constraints=1 covariates=3;
  INPUT ---        1 length mass;
  INPUT ---       blabel(1)=S:(Intercept);
  INPUT ---       blabel(2)=S:length;
  INPUT ---       blabel(3)=S:mass;
  INPUT ---       rlabel(1)=S gcontrolfemale a1 t2;

 Link Function Used is LOGIT        

 Variance Estimation Procedure Used is 2ndPart 
 -2logL(saturated) = 0.0000000     
 Effective Sample Size = 114

 Number of function evaluations was 16 for 3 parameters.
 Time for numerical optimization was 0.02 seconds.     
 -2logL { S(~length + mass) } = 149.97085     
 Penalty { S(~length + mass) } = 0.0000000     
 Gradient { S(~length + mass) }:
  0.3385897E-06 -0.1602131E-06 -0.3674970E-05
 Maximum ABS(G) { S(~length + mass) } = 0.3674970E-05 
 S Vector { S(~length + mass) }:
   63.78264     0.1523863     0.1189296E-01
 Time to compute number of parameters was 0.01 seconds.     
 Ratio Threshold = 50.000000       Max Gap (1/2) = 418.55888       Next Max Gap (1/2) = 418.55888     
 Gap Method for Num. of Estimated Parameters { S(~length + mass) } = 1          
 Threshold { S(~length + mass) } = 0.7349941E-05                 
 Numerical Threshold Method for Num. of Estimated Parameters { S(~length + mass) } = 3          
 Number of Estimated Parameters { S(~length + mass) } = 3          

   * *  WARNING  * *   Number of parameters estimated from gap method (=1) and threshold method (=3) differ.  Inspect full output.                                                                                                                                                                                                                                                                                                                                                                                                                      
 Ratios of S Vector { S(~length + mass) }:
   1/2    418.5589       2/3    12.81315    
 DEVIANCE { S(~length + mass) } = 149.97085                     
 DEVIANCE Degrees of Freedom { S(~length + mass) } = 111            
 c-hat { S(~length + mass) } = 1.3510888                     
 AIC { S(~length + mass) } = 155.97085                  
 AICc { S(~length + mass) } = 156.18903                    
 BIC { S(~length + mass) } = 164.17945                    
 Pearson Chisquare { S(~length + mass) } = 241.28432                  

  Program  MARK  - Survival Rate Estimation with Capture-Recapture Data
   gfortran(dble) Vers. 9.0 Mar 2018    12-Dec-2019 16:40:04    Page  003
 - - - - - - - - - - - - - - - - - - - - - - - - - - - - - - - - - - - - - -
 


                    LOGIT Link Function Parameters of { S(~length + mass) }
                                                              95% Confidence Interval
 Parameter                    Beta         Standard Error      Lower           Upper
 -------------------------  --------------  --------------  --------------  --------------
    1:S:(Intercept)         -10.266431       5.3912401      -20.833262       0.3003998    
    2:S:length               0.0804802       0.0538612      -0.0250876       0.1860481    
    3:S:mass                -0.8337995E-03   0.0633020      -0.1249057       0.1232381    


                    Real Function Parameters of { S(~length + mass) }

      Following estimates based on unstandardized individual covariate values:
          Variable   Value         
          ---------  ------------- 
          LENGTH      123.30702    
          MASS        34.050877    
                                                               95% Confidence Interval
  Parameter                  Estimate       Standard Error      Lower           Upper
 --------------------------  --------------  --------------  --------------  --------------
     1:S gcontrolfemale a1    0.4082881       0.0470513       0.3202177       0.5026695                          


                     Estimates of Derived Parameters

              Survival Estimates of { S(~length + mass) }

       Pr. Surviving
        Duration of                   95% Confidence Interval
 Group     Study      Standard Error     Lower          Upper     
 ----- -------------- -------------- -------------- --------------
   1    0.4082881      0.0470510      0.3202181      0.5026690    
   2    0.4082881      0.0470510      0.3202181      0.5026690    
   3    0.4082881      0.0470510      0.3202181      0.5026690    
   4    0.4082881      0.0470510      0.3202181      0.5026690    

 Attempted ordering of parameters by estimatibility:
  1 3 2
 Beta number 2 is a singular value.

   CPU Time for the last procedure was 0.02 seconds.     

  Program  MARK  - Survival Rate Estimation with Capture-Recapture Data
   gfortran(dble) Vers. 9.0 Mar 2018    12-Dec-2019 16:40:04    Page  004
 - - - - - - - - - - - - - - - - - - - - - - - - - - - - - - - - - - - - - -
 


  INPUT --- proc stop;

     CPU Time in minutes for this job was 0.00

     Time Start = 16:40:04.512   Time End = 16:40:04.661

     Wall Clock Time in minutes for this job was 0.00


          E X E C U T I O N   S U C C E S S F U L 
