
   Program  MARK  - Survival Rate Estimation with Capture-Recapture Data
   gfortran(dble) Vers. 9.0 Mar 2018    13-Dec-2019 09:51:27    Page  001
 - - - - - - - - - - - - - - - - - - - - - - - - - - - - - - - - - - - - - -
 
   This version was compiled by GCC version 7.2.0 using the options: 
     -cpp -iprefix C:/Program Files/mingw-w64/x86_64-7.2.0-posix-seh-rt_v5-rev1/
     mingw64/bin/../lib/gcc/x86_64-w64-mingw32/7.2.0/ -D_MT -D_REENTRANT
     -U_REENTRANT -D IEEE -D DBLEPRECISION -m64 -mtune=core2 -march=nocona -mthreads
     -O2 -fimplicit-none -fbounds-check -funroll-loops -ftree-vectorize
     -ffpe-summary=invalid,zero,overflow,underflow -fno-unsafe-math-optimizations
     -frounding-math -fsignaling-nans -fopenmp.

   This problem will use 7 of 8 possible threads.


  INPUT --- proc title ;

   CPU Time for the last procedure was 0.01 seconds.     


  INPUT --- proc chmatrix occasions= 3 groups= 1 etype= Occupancy 
  INPUT --- Nodes= 101 icovar = 8 ICMeans  NoHist hist= 138 ;

  INPUT ---    time interval 1 1 1 ;

  INPUT ---     icovariates effort1 effort2 effort3 pctrock BRT_100m  
  INPUT ---    pctShade pctBrBnk HAiFLS_for ;

  INPUT ---    glabel(1)=freq1;

      Number of unique encounter histories read was 138.

      Number of individual covariates read was 8.
      Time interval lengths are all equal to 1.

      Data type number is 27
      Data type is Occupancy Estimation with Detection < 1                                                             

   CPU Time for the last procedure was 0.01 seconds.     

  Program  MARK  - Survival Rate Estimation with Capture-Recapture Data
   gfortran(dble) Vers. 9.0 Mar 2018    13-Dec-2019 09:51:27    Page  002
 - - - - - - - - - - - - - - - - - - - - - - - - - - - - - - - - - - - - - -
 


  INPUT --- proc estimate link=Logit NOLOOP varest=2ndPart    ;


  INPUT --- model={ p(~effort)Psi(~pctrock + BRT_100m + pctShade + 
  INPUT --- pctBrBnk + HAiFLS_for) };

  INPUT ---    group=1 p    rows=1 cols=3 Square ;
  INPUT ---        1 2 3 ;

  INPUT ---    group=1 Psi    rows=1 cols=1 Square ;
  INPUT ---        4 ;

  INPUT ---    design matrix constraints=4 covariates=8;
  INPUT ---        1 effort1 0 0 0 0 0 0;
  INPUT ---        1 effort2 0 0 0 0 0 0;
  INPUT ---        1 effort3 0 0 0 0 0 0;
  INPUT ---        0 0 1 pctrock BRT_100m pctShade pctBrBnk HAiFLS_for;
  INPUT ---       blabel(1)=p:(Intercept);
  INPUT ---       blabel(2)=p:effort;
  INPUT ---       blabel(3)=Psi:(Intercept);
  INPUT ---       blabel(4)=Psi:pctrock;
  INPUT ---       blabel(5)=Psi:BRT_100m;
  INPUT ---       blabel(6)=Psi:pctShade;
  INPUT ---       blabel(7)=Psi:pctBrBnk;
  INPUT ---       blabel(8)=Psi:HAiFLS_for;
  INPUT ---       rlabel(1)=p g1 a0 t1;
  INPUT ---       rlabel(2)=p g1 a1 t2;
  INPUT ---       rlabel(3)=p g1 a2 t3;
  INPUT ---       rlabel(4)=Psi g1 a0 t1;

 Link Function Used is LOGIT        

 Variance Estimation Procedure Used is 2ndPart 
 -2logL(saturated) = 0.0000000     
 Effective Sample Size = 138

 Number of function evaluations was 23 for 8 parameters.
 Time for numerical optimization was 0.12 seconds.     
 -2logL { p(~effort)Psi(~pctrock + BRT_100m + pctShade + pctBrBnk + HAiFLS_for) } = 154.55613     
 Penalty { p(~effort)Psi(~pctrock + BRT_100m + pctShade + pctBrBnk + HAiFLS_for) } = 0.0000000     
 Gradient { p(~effort)Psi(~pctrock + BRT_100m + pctShade + pctBrBnk + HAiFLS_for) }:
 -0.1423886E-05   0.000000       0.000000       0.000000     -0.5163421E-06
 -0.1640142E-05 -0.3977073E-06 -0.1310440E-05
 Maximum ABS(G) { p(~effort)Psi(~pctrock + BRT_100m + pctShade + pctBrBnk + HAiFLS_for) } = 0.1640142E-05 

  Program  MARK  - Survival Rate Estimation with Capture-Recapture Data
   gfortran(dble) Vers. 9.0 Mar 2018    13-Dec-2019 09:51:27    Page  003
 - - - - - - - - - - - - - - - - - - - - - - - - - - - - - - - - - - - - - -
 
 S Vector { p(~effort)Psi(~pctrock + BRT_100m + pctShade + pctBrBnk + HAiFLS_for) }:
   28.98642      8.453903      1.423799     0.8544095     0.5343281    
  0.3173240     0.1914781     0.1033036    
 Time to compute number of parameters was 0.02 seconds.     
 Ratio Threshold = 50.000000       Max Gap (2/3) = 5.9375680       Next Max Gap (1/2) = 3.4287615     
 Gap Method for Num. of Estimated Parameters { p(~effort)Psi(~pctrock + BRT_100m + pctShade + pctBrBnk + HAiFLS_for) } = 8          
 Threshold { p(~effort)Psi(~pctrock + BRT_100m + pctShade + pctBrBnk + HAiFLS_for) } = 0.3280283E-05                 
 Numerical Threshold Method for Num. of Estimated Parameters { p(~effort)Psi(~pctrock + BRT_100m + pctShade + pctBrBnk + HAiFLS_for) } = 8          
 Number of Estimated Parameters { p(~effort)Psi(~pctrock + BRT_100m + pctShade + pctBrBnk + HAiFLS_for) } = 8          
 DEVIANCE { p(~effort)Psi(~pctrock + BRT_100m + pctShade + pctBrBnk + HAiFLS_for) } = 154.55613                     
 DEVIANCE Degrees of Freedom { p(~effort)Psi(~pctrock + BRT_100m + pctShade + pctBrBnk + HAiFLS_for) } = 130            
 c-hat { p(~effort)Psi(~pctrock + BRT_100m + pctShade + pctBrBnk + HAiFLS_for) } = 1.1888933                     
 AIC { p(~effort)Psi(~pctrock + BRT_100m + pctShade + pctBrBnk + HAiFLS_for) } = 170.55613                  
 AICc { p(~effort)Psi(~pctrock + BRT_100m + pctShade + pctBrBnk + HAiFLS_for) } = 171.67240                    
 BIC { p(~effort)Psi(~pctrock + BRT_100m + pctShade + pctBrBnk + HAiFLS_for) } = 193.97415                    
 Pearson Chisquare { p(~effort)Psi(~pctrock + BRT_100m + pctShade + pctBrBnk + HAiFLS_for) } = 735.86179                  


 LOGIT Link Function Parameters of { p(~effort)Psi(~pctrock + BRT_100m + pctShade + pctBrBnk + HAiFLS_for) }
                                                              95% Confidence Interval
 Parameter                    Beta         Standard Error      Lower           Upper
 -------------------------  --------------  --------------  --------------  --------------
    1:p:(Intercept)         -0.3395378       0.6500629      -1.6136611       0.9345856    
    2:p:effort               0.0015588       0.7669158E-03   0.5565072E-04   0.0030620    
    3:Psi:(Intercept)       -1.5929621       1.0980173      -3.7450762       0.5591519    
    4:Psi:pctrock           -0.0016541       0.0139274      -0.0289519       0.0256436    
    5:Psi:BRT_100m           0.0280203       0.0166595      -0.0046324       0.0606730    
    6:Psi:pctShade          -0.0016390       0.0108600      -0.0229246       0.0196465    
    7:Psi:pctBrBnk          -1.1986928       0.6611466      -2.4945402       0.0971545    
    8:Psi:HAiFLS_for         0.0191328       0.0095769       0.3620324E-03   0.0379035    


 Real Function Parameters of { p(~effort)Psi(~pctrock + BRT_100m + pctShade + pctBrBnk + HAiFLS_for) }

      Following estimates based on unstandardized individual covariate values:
          Variable   Value         
          ---------  ------------- 
          EFFORT1     906.23188    
          EFFORT2     834.18841    
          EFFORT3     818.18116    
          PCTROCK     68.678238    
          BRT_100M    6.7817616    
          PCTSHADE    48.614931    
          PCTBRBNK    0.8740586    
          HAIFLS_FOR  26.272482    
                                                               95% Confidence Interval
  Parameter                  Estimate       Standard Error      Lower           Upper
 --------------------------  --------------  --------------  --------------  --------------
     1:p g1 a0 t1             0.7451863       0.0718421       0.5821340       0.8599246                          
     2:p g1 a1 t2             0.7232819       0.0721674       0.5631786       0.8412459                          
     3:p g1 a2 t3             0.7182602       0.0723783       0.5584369       0.8371092                          
     4:Psi g1 a0 t1           0.1051487       0.0314193       0.0575535       0.1844024                          


                      Estimates of Derived Parameters
 Occupancy Estimates of { p(~effort)Psi(~pctrock + BRT_100m + pctShade + pctBrBnk + HAiFLS_for) }
                                            95% Confidence Interval
 Group   Psi-hat         Standard Error      Lower           Upper
 -----   --------------  --------------  --------------  --------------

  Program  MARK  - Survival Rate Estimation with Capture-Recapture Data
   gfortran(dble) Vers. 9.0 Mar 2018    13-Dec-2019 09:51:27    Page  004
 - - - - - - - - - - - - - - - - - - - - - - - - - - - - - - - - - - - - - -
 
   1      0.1051487       0.0314193       0.0575535       0.1844024    

   CPU Time for the last procedure was 0.14 seconds.     


  INPUT --- proc stop;

     CPU Time in minutes for this job was 0.00

     Time Start = 09:51:27.571   Time End = 09:51:27.746

     Wall Clock Time in minutes for this job was 0.00


          E X E C U T I O N   S U C C E S S F U L 
