
   Program  MARK  - Survival Rate Estimation with Capture-Recapture Data
   gfortran(dble) Vers. 9.0 Mar 2018    13-Dec-2019 09:51:20    Page  001
 - - - - - - - - - - - - - - - - - - - - - - - - - - - - - - - - - - - - - -
 
   This version was compiled by GCC version 7.2.0 using the options: 
     -cpp -iprefix C:/Program Files/mingw-w64/x86_64-7.2.0-posix-seh-rt_v5-rev1/
     mingw64/bin/../lib/gcc/x86_64-w64-mingw32/7.2.0/ -D_MT -D_REENTRANT
     -U_REENTRANT -D IEEE -D DBLEPRECISION -m64 -mtune=core2 -march=nocona -mthreads
     -O2 -fimplicit-none -fbounds-check -funroll-loops -ftree-vectorize
     -ffpe-summary=invalid,zero,overflow,underflow -fno-unsafe-math-optimizations
     -frounding-math -fsignaling-nans -fopenmp.

   This problem will use 7 of 8 possible threads.


  INPUT --- proc title ;

   CPU Time for the last procedure was 0.01 seconds.     


  INPUT --- proc chmatrix occasions= 3 groups= 1 etype= Occupancy 
  INPUT --- Nodes= 101 icovar = 8 ICMeans  NoHist hist= 138 ;

  INPUT ---    time interval 1 1 1 ;

  INPUT ---     icovariates effort1 effort2 effort3 pctex21 pctrock  
  INPUT ---    BRT_100m pctShade pctBrBnk ;

  INPUT ---    glabel(1)=freq1;

      Number of unique encounter histories read was 138.

      Number of individual covariates read was 8.
      Time interval lengths are all equal to 1.

      Data type number is 27
      Data type is Occupancy Estimation with Detection < 1                                                             

   CPU Time for the last procedure was 0.01 seconds.     

  Program  MARK  - Survival Rate Estimation with Capture-Recapture Data
   gfortran(dble) Vers. 9.0 Mar 2018    13-Dec-2019 09:51:20    Page  002
 - - - - - - - - - - - - - - - - - - - - - - - - - - - - - - - - - - - - - -
 


  INPUT --- proc estimate link=Logit NOLOOP varest=2ndPart    ;


  INPUT --- model={ p(~effort)Psi(~pctex21 + pctrock + BRT_100m + 
  INPUT --- pctShade + pctBrBnk) };

  INPUT ---    group=1 p    rows=1 cols=3 Square ;
  INPUT ---        1 2 3 ;

  INPUT ---    group=1 Psi    rows=1 cols=1 Square ;
  INPUT ---        4 ;

  INPUT ---    design matrix constraints=4 covariates=8;
  INPUT ---        1 effort1 0 0 0 0 0 0;
  INPUT ---        1 effort2 0 0 0 0 0 0;
  INPUT ---        1 effort3 0 0 0 0 0 0;
  INPUT ---        0 0 1 pctex21 pctrock BRT_100m pctShade pctBrBnk;
  INPUT ---       blabel(1)=p:(Intercept);
  INPUT ---       blabel(2)=p:effort;
  INPUT ---       blabel(3)=Psi:(Intercept);
  INPUT ---       blabel(4)=Psi:pctex21;
  INPUT ---       blabel(5)=Psi:pctrock;
  INPUT ---       blabel(6)=Psi:BRT_100m;
  INPUT ---       blabel(7)=Psi:pctShade;
  INPUT ---       blabel(8)=Psi:pctBrBnk;
  INPUT ---       rlabel(1)=p g1 a0 t1;
  INPUT ---       rlabel(2)=p g1 a1 t2;
  INPUT ---       rlabel(3)=p g1 a2 t3;
  INPUT ---       rlabel(4)=Psi g1 a0 t1;

 Link Function Used is LOGIT        

 Variance Estimation Procedure Used is 2ndPart 
 -2logL(saturated) = 0.0000000     
 Effective Sample Size = 138

 Number of function evaluations was 26 for 8 parameters.
 Time for numerical optimization was 0.14 seconds.     
 -2logL { p(~effort)Psi(~pctex21 + pctrock + BRT_100m + pctShade + pctBrBnk) } = 141.53544     
 Penalty { p(~effort)Psi(~pctex21 + pctrock + BRT_100m + pctShade + pctBrBnk) } = 0.0000000     
 Gradient { p(~effort)Psi(~pctex21 + pctrock + BRT_100m + pctShade + pctBrBnk) }:
 -0.1305932E-05  0.2486851E-06 -0.9200018E-06   0.000000     -0.2651133E-05
 -0.6635274E-06   0.000000      0.5342868E-06
 Maximum ABS(G) { p(~effort)Psi(~pctex21 + pctrock + BRT_100m + pctShade + pctBrBnk) } = 0.2651133E-05 

  Program  MARK  - Survival Rate Estimation with Capture-Recapture Data
   gfortran(dble) Vers. 9.0 Mar 2018    13-Dec-2019 09:51:20    Page  003
 - - - - - - - - - - - - - - - - - - - - - - - - - - - - - - - - - - - - - -
 
 S Vector { p(~effort)Psi(~pctex21 + pctrock + BRT_100m + pctShade + pctBrBnk) }:
   23.78556      8.023167     0.9581635     0.5765396     0.3254785    
  0.2110208     0.9384961E-01 0.1729448E-01
 Time to compute number of parameters was 0.09 seconds.     
 Ratio Threshold = 50.000000       Max Gap (2/3) = 8.3734840       Next Max Gap (7/8) = 5.4265657     
 Gap Method for Num. of Estimated Parameters { p(~effort)Psi(~pctex21 + pctrock + BRT_100m + pctShade + pctBrBnk) } = 8          
 Threshold { p(~effort)Psi(~pctex21 + pctrock + BRT_100m + pctShade + pctBrBnk) } = 0.5302266E-05                 
 Numerical Threshold Method for Num. of Estimated Parameters { p(~effort)Psi(~pctex21 + pctrock + BRT_100m + pctShade + pctBrBnk) } = 8          
 Number of Estimated Parameters { p(~effort)Psi(~pctex21 + pctrock + BRT_100m + pctShade + pctBrBnk) } = 8          
 DEVIANCE { p(~effort)Psi(~pctex21 + pctrock + BRT_100m + pctShade + pctBrBnk) } = 141.53544                     
 DEVIANCE Degrees of Freedom { p(~effort)Psi(~pctex21 + pctrock + BRT_100m + pctShade + pctBrBnk) } = 130            
 c-hat { p(~effort)Psi(~pctex21 + pctrock + BRT_100m + pctShade + pctBrBnk) } = 1.0887342                     
 AIC { p(~effort)Psi(~pctex21 + pctrock + BRT_100m + pctShade + pctBrBnk) } = 157.53544                  
 AICc { p(~effort)Psi(~pctex21 + pctrock + BRT_100m + pctShade + pctBrBnk) } = 158.65172                    
 BIC { p(~effort)Psi(~pctex21 + pctrock + BRT_100m + pctShade + pctBrBnk) } = 180.95347                    
 Pearson Chisquare { p(~effort)Psi(~pctex21 + pctrock + BRT_100m + pctShade + pctBrBnk) } = 861.42251                  


 LOGIT Link Function Parameters of { p(~effort)Psi(~pctex21 + pctrock + BRT_100m + pctShade + pctBrBnk) }
                                                              95% Confidence Interval
 Parameter                    Beta         Standard Error      Lower           Upper
 -------------------------  --------------  --------------  --------------  --------------
    1:p:(Intercept)         -0.4605262       0.6929948      -1.8187962       0.8977437    
    2:p:effort               0.0016725       0.8031312E-03   0.9831392E-04   0.0032466    
    3:Psi:(Intercept)       -1.0732009       1.0067168      -3.0463659       0.8999640    
    4:Psi:pctex21           -0.6206522       0.2453407      -1.1015200      -0.1397844    
    5:Psi:pctrock            0.0043889       0.0134527      -0.0219784       0.0307563    
    6:Psi:BRT_100m           0.0194976       0.0167911      -0.0134130       0.0524081    
    7:Psi:pctShade           0.0073748       0.0103205      -0.0128534       0.0276031    
    8:Psi:pctBrBnk          -0.8115464       0.6537637      -2.0929233       0.4698305    


 Real Function Parameters of { p(~effort)Psi(~pctex21 + pctrock + BRT_100m + pctShade + pctBrBnk) }

      Following estimates based on unstandardized individual covariate values:
          Variable   Value         
          ---------  ------------- 
          EFFORT1     906.23188    
          EFFORT2     834.18841    
          EFFORT3     818.18116    
          PCTEX21     4.8306834    
          PCTROCK     68.678238    
          BRT_100M    6.7817616    
          PCTSHADE    48.614931    
          PCTBRBNK    0.8740586    
                                                               95% Confidence Interval
  Parameter                  Estimate       Standard Error      Lower           Upper
 --------------------------  --------------  --------------  --------------  --------------
     1:p g1 a0 t1             0.7417535       0.0731542       0.5760518       0.8585888                          
     2:p g1 a1 t2             0.7180103       0.0740238       0.5542939       0.8390520                          
     3:p g1 a2 t3             0.7125583       0.0743769       0.5488679       0.8347380                          
     4:Psi g1 a0 t1           0.0181898       0.0189363       0.0023133       0.1289472                          


                      Estimates of Derived Parameters
 Occupancy Estimates of { p(~effort)Psi(~pctex21 + pctrock + BRT_100m + pctShade + pctBrBnk) }
                                            95% Confidence Interval
 Group   Psi-hat         Standard Error      Lower           Upper
 -----   --------------  --------------  --------------  --------------

  Program  MARK  - Survival Rate Estimation with Capture-Recapture Data
   gfortran(dble) Vers. 9.0 Mar 2018    13-Dec-2019 09:51:20    Page  004
 - - - - - - - - - - - - - - - - - - - - - - - - - - - - - - - - - - - - - -
 
   1      0.0181898       0.0189363       0.0023133       0.1289472    

   CPU Time for the last procedure was 0.23 seconds.     


  INPUT --- proc stop;

     CPU Time in minutes for this job was 0.00

     Time Start = 09:51:20.385   Time End = 09:51:20.517

     Wall Clock Time in minutes for this job was 0.00


          E X E C U T I O N   S U C C E S S F U L 
