
   Program  MARK  - Survival Rate Estimation with Capture-Recapture Data
   gfortran(dble) Vers. 9.0 Mar 2018    12-Dec-2019 15:58:28    Page  001
 - - - - - - - - - - - - - - - - - - - - - - - - - - - - - - - - - - - - - -
 
   This version was compiled by GCC version 7.2.0 using the options: 
     -cpp -iprefix C:/Program Files/mingw-w64/x86_64-7.2.0-posix-seh-rt_v5-rev1/
     mingw64/bin/../lib/gcc/x86_64-w64-mingw32/7.2.0/ -D_MT -D_REENTRANT
     -U_REENTRANT -D IEEE -D DBLEPRECISION -m64 -mtune=core2 -march=nocona -mthreads
     -O2 -fimplicit-none -fbounds-check -funroll-loops -ftree-vectorize
     -ffpe-summary=invalid,zero,overflow,underflow -fno-unsafe-math-optimizations
     -frounding-math -fsignaling-nans -fopenmp.

   This problem will use 7 of 8 possible threads.


  INPUT --- proc title ;

   CPU Time for the last procedure was 0.01 seconds.     


  INPUT --- proc chmatrix occasions= 3 groups= 1 etype= Occupancy 
  INPUT --- Nodes= 101 icovar = 5 ICMeans  NoHist hist= 138 ;

  INPUT ---    time interval 1 1 1 ;

  INPUT ---     icovariates pctex21 pctpool BRT_100m pctBrBnk HAiFLS_for  ;

  INPUT ---    glabel(1)=freq1;

      Number of unique encounter histories read was 138.

      Number of individual covariates read was 5.
      Time interval lengths are all equal to 1.

      Data type number is 27
      Data type is Occupancy Estimation with Detection < 1                                                             

   CPU Time for the last procedure was 0.01 seconds.     

  Program  MARK  - Survival Rate Estimation with Capture-Recapture Data
   gfortran(dble) Vers. 9.0 Mar 2018    12-Dec-2019 15:58:28    Page  002
 - - - - - - - - - - - - - - - - - - - - - - - - - - - - - - - - - - - - - -
 


  INPUT --- proc estimate link=Logit NOLOOP varest=2ndPart    ;


  INPUT --- model={ p(~1)Psi(~pctex21 + pctpool + BRT_100m + pctBrBnk + 
  INPUT --- HAiFLS_for) };

  INPUT ---    group=1 p    rows=1 cols=3 Square ;
  INPUT ---        1 1 1 ;

  INPUT ---    group=1 Psi    rows=1 cols=1 Square ;
  INPUT ---        2 ;

  INPUT ---    design matrix constraints=2 covariates=7;
  INPUT ---        1 0 0 0 0 0 0;
  INPUT ---        0 1 pctex21 pctpool BRT_100m pctBrBnk HAiFLS_for;
  INPUT ---       blabel(1)=p:(Intercept);
  INPUT ---       blabel(2)=Psi:(Intercept);
  INPUT ---       blabel(3)=Psi:pctex21;
  INPUT ---       blabel(4)=Psi:pctpool;
  INPUT ---       blabel(5)=Psi:BRT_100m;
  INPUT ---       blabel(6)=Psi:pctBrBnk;
  INPUT ---       blabel(7)=Psi:HAiFLS_for;
  INPUT ---       rlabel(1)=p g1 a0 t1;
  INPUT ---       rlabel(2)=Psi g1 a0 t1;

 Link Function Used is LOGIT        

 Variance Estimation Procedure Used is 2ndPart 
 -2logL(saturated) = 0.0000000     
 Effective Sample Size = 138

 Number of function evaluations was 21 for 7 parameters.
 Time for numerical optimization was 0.11 seconds.     
 -2logL { p(~1)Psi(~pctex21 + pctpool + BRT_100m + pctBrBnk + HAiFLS_for) } = 143.88175     
 Penalty { p(~1)Psi(~pctex21 + pctpool + BRT_100m + pctBrBnk + HAiFLS_for) } = 0.0000000     
 Gradient { p(~1)Psi(~pctex21 + pctpool + BRT_100m + pctBrBnk + HAiFLS_for) }:
   0.000000      0.2228484E-05  0.8825240E-07  0.9426950E-06  0.1209941E-05
  0.6005096E-06  0.1268038E-05
 Maximum ABS(G) { p(~1)Psi(~pctex21 + pctpool + BRT_100m + pctBrBnk + HAiFLS_for) } = 0.2228484E-05 
 S Vector { p(~1)Psi(~pctex21 + pctpool + BRT_100m + pctBrBnk + HAiFLS_for) }:
   16.33357      9.475663     0.9085589     0.5626873     0.4252151    
  0.2236718     0.1532360E-01
 Time to compute number of parameters was 0.02 seconds.     
 Ratio Threshold = 50.000000       Max Gap (6/7) = 14.596558       Next Max Gap (2/3) = 10.429332     
 Gap Method for Num. of Estimated Parameters { p(~1)Psi(~pctex21 + pctpool + BRT_100m + pctBrBnk + HAiFLS_for) } = 7          
 Threshold { p(~1)Psi(~pctex21 + pctpool + BRT_100m + pctBrBnk + HAiFLS_for) } = 0.4456967E-05                 
 Numerical Threshold Method for Num. of Estimated Parameters { p(~1)Psi(~pctex21 + pctpool + BRT_100m + pctBrBnk + HAiFLS_for) } = 7          
 Number of Estimated Parameters { p(~1)Psi(~pctex21 + pctpool + BRT_100m + pctBrBnk + HAiFLS_for) } = 7          
 DEVIANCE { p(~1)Psi(~pctex21 + pctpool + BRT_100m + pctBrBnk + HAiFLS_for) } = 143.88175                     
 DEVIANCE Degrees of Freedom { p(~1)Psi(~pctex21 + pctpool + BRT_100m + pctBrBnk + HAiFLS_for) } = 131            
 c-hat { p(~1)Psi(~pctex21 + pctpool + BRT_100m + pctBrBnk + HAiFLS_for) } = 1.0983339                     
 AIC { p(~1)Psi(~pctex21 + pctpool + BRT_100m + pctBrBnk + HAiFLS_for) } = 157.88175                  
 AICc { p(~1)Psi(~pctex21 + pctpool + BRT_100m + pctBrBnk + HAiFLS_for) } = 158.74328                    
 BIC { p(~1)Psi(~pctex21 + pctpool + BRT_100m + pctBrBnk + HAiFLS_for) } = 178.37252                    
 Pearson Chisquare { p(~1)Psi(~pctex21 + pctpool + BRT_100m + pctBrBnk + HAiFLS_for) } = 750.38378                  

  Program  MARK  - Survival Rate Estimation with Capture-Recapture Data
   gfortran(dble) Vers. 9.0 Mar 2018    12-Dec-2019 15:58:29    Page  003
 - - - - - - - - - - - - - - - - - - - - - - - - - - - - - - - - - - - - - -
 


 LOGIT Link Function Parameters of { p(~1)Psi(~pctex21 + pctpool + BRT_100m + pctBrBnk + HAiFLS_for) }
                                                              95% Confidence Interval
 Parameter                    Beta         Standard Error      Lower           Upper
 -------------------------  --------------  --------------  --------------  --------------
    1:p:(Intercept)          0.9411056       0.3231860       0.3076610       1.5745502    
    2:Psi:(Intercept)       -1.5676858       0.7521158      -3.0418329      -0.0935388    
    3:Psi:pctex21           -0.6655940       0.2604350      -1.1760466      -0.1551415    
    4:Psi:pctpool            0.0129258       0.0159838      -0.0184024       0.0442540    
    5:Psi:BRT_100m           0.0223915       0.0162367      -0.0094324       0.0542154    
    6:Psi:pctBrBnk          -0.6872263       0.6539840      -1.9690350       0.5945825    
    7:Psi:HAiFLS_for         0.0201073       0.0104064      -0.2891637E-03   0.0405038    


 Real Function Parameters of { p(~1)Psi(~pctex21 + pctpool + BRT_100m + pctBrBnk + HAiFLS_for) }

      Following estimates based on unstandardized individual covariate values:
          Variable   Value         
          ---------  ------------- 
          PCTEX21     4.8306834    
          PCTPOOL     25.664251    
          BRT_100M    6.7817616    
          PCTBRBNK    0.8740586    
          HAIFLS_FOR  26.272482    
                                                               95% Confidence Interval
  Parameter                  Estimate       Standard Error      Lower           Upper
 --------------------------  --------------  --------------  --------------  --------------
     1:p g1 a0 t1             0.7193229       0.0652504       0.5763142       0.8284313                          
     2:Psi g1 a0 t1           0.0124712       0.0140342       0.0013514       0.1054313                          


                      Estimates of Derived Parameters
 Occupancy Estimates of { p(~1)Psi(~pctex21 + pctpool + BRT_100m + pctBrBnk + HAiFLS_for) }
                                            95% Confidence Interval
 Group   Psi-hat         Standard Error      Lower           Upper
 -----   --------------  --------------  --------------  --------------
   1      0.0124712       0.0140342       0.0013514       0.1054313    

   CPU Time for the last procedure was 0.12 seconds.     

  Program  MARK  - Survival Rate Estimation with Capture-Recapture Data
   gfortran(dble) Vers. 9.0 Mar 2018    12-Dec-2019 15:58:29    Page  004
 - - - - - - - - - - - - - - - - - - - - - - - - - - - - - - - - - - - - - -
 


  INPUT --- proc stop;

     CPU Time in minutes for this job was 0.00

     Time Start = 15:58:28.823   Time End = 15:58:29.059

     Wall Clock Time in minutes for this job was 0.00


          E X E C U T I O N   S U C C E S S F U L 
