
   Program  MARK  - Survival Rate Estimation with Capture-Recapture Data
   gfortran(dble) Vers. 9.0 Mar 2018    11-Dec-2019 13:41:07    Page  001
 - - - - - - - - - - - - - - - - - - - - - - - - - - - - - - - - - - - - - -
 
   This version was compiled by GCC version 7.2.0 using the options: 
     -cpp -iprefix C:/Program Files/mingw-w64/x86_64-7.2.0-posix-seh-rt_v5-rev1/
     mingw64/bin/../lib/gcc/x86_64-w64-mingw32/7.2.0/ -D_MT -D_REENTRANT
     -U_REENTRANT -D IEEE -D DBLEPRECISION -m64 -mtune=core2 -march=nocona -mthreads
     -O2 -fimplicit-none -fbounds-check -funroll-loops -ftree-vectorize
     -ffpe-summary=invalid,zero,overflow,underflow -fno-unsafe-math-optimizations
     -frounding-math -fsignaling-nans -fopenmp.

   This problem will use 7 of 8 possible threads.


  INPUT --- proc title ;

   CPU Time for the last procedure was 0.01 seconds.     


  INPUT --- proc chmatrix occasions= 3 groups= 1 etype= Occupancy 
  INPUT --- Nodes= 101 icovar = 4 ICMeans  NoHist hist= 138 ;

  INPUT ---    time interval 1 1 1 ;

  INPUT ---     icovariates pctpool pctBrBnk pctShade HAiFLS_for ;

  INPUT ---    glabel(1)=freq1;

      Number of unique encounter histories read was 138.

      Number of individual covariates read was 4.
      Time interval lengths are all equal to 1.

      Data type number is 27
      Data type is Occupancy Estimation with Detection < 1                                                             

   CPU Time for the last procedure was 0.01 seconds.     

  Program  MARK  - Survival Rate Estimation with Capture-Recapture Data
   gfortran(dble) Vers. 9.0 Mar 2018    11-Dec-2019 13:41:07    Page  002
 - - - - - - - - - - - - - - - - - - - - - - - - - - - - - - - - - - - - - -
 


  INPUT --- proc estimate link=Logit NOLOOP varest=2ndPart    ;


  INPUT --- model={ p(~1)Psi(~pctpool + pctBrBnk + pctShade + 
  INPUT --- HAiFLS_for) };

  INPUT ---    group=1 p    rows=1 cols=3 Square ;
  INPUT ---        1 1 1 ;

  INPUT ---    group=1 Psi    rows=1 cols=1 Square ;
  INPUT ---        2 ;

  INPUT ---    design matrix constraints=2 covariates=6;
  INPUT ---        1 0 0 0 0 0;
  INPUT ---        0 1 pctpool pctBrBnk pctShade HAiFLS_for;
  INPUT ---       blabel(1)=p:(Intercept);
  INPUT ---       blabel(2)=Psi:(Intercept);
  INPUT ---       blabel(3)=Psi:pctpool;
  INPUT ---       blabel(4)=Psi:pctBrBnk;
  INPUT ---       blabel(5)=Psi:pctShade;
  INPUT ---       blabel(6)=Psi:HAiFLS_for;
  INPUT ---       rlabel(1)=p g1 a0 t1;
  INPUT ---       rlabel(2)=Psi g1 a0 t1;

 Link Function Used is LOGIT        

 Variance Estimation Procedure Used is 2ndPart 
 -2logL(saturated) = 0.0000000     
 Effective Sample Size = 138

 Number of function evaluations was 16 for 6 parameters.
 Time for numerical optimization was 0.01 seconds.     
 -2logL { p(~1)Psi(~pctpool + pctBrBnk + pctShade + HAiFLS_for) } = 162.69649     
 Penalty { p(~1)Psi(~pctpool + pctBrBnk + pctShade + HAiFLS_for) } = 0.0000000     
 Gradient { p(~1)Psi(~pctpool + pctBrBnk + pctShade + HAiFLS_for) }:
  0.1965267E-05  0.7037543E-06  0.2507436E-05 -0.3460330E-06  0.3548257E-05
   0.000000    
 Maximum ABS(G) { p(~1)Psi(~pctpool + pctBrBnk + pctShade + HAiFLS_for) } = 0.3548257E-05 
 S Vector { p(~1)Psi(~pctpool + pctBrBnk + pctShade + HAiFLS_for) }:
   23.49709      9.540527      1.448455     0.8320274     0.6823545    
  0.2340167    
 Time to compute number of parameters was 0.01 seconds.     
 Ratio Threshold = 50.000000       Max Gap (2/3) = 6.5866935       Next Max Gap (5/6) = 2.9158365     
 Gap Method for Num. of Estimated Parameters { p(~1)Psi(~pctpool + pctBrBnk + pctShade + HAiFLS_for) } = 6          
 Threshold { p(~1)Psi(~pctpool + pctBrBnk + pctShade + HAiFLS_for) } = 0.7096514E-05                 
 Numerical Threshold Method for Num. of Estimated Parameters { p(~1)Psi(~pctpool + pctBrBnk + pctShade + HAiFLS_for) } = 6          
 Number of Estimated Parameters { p(~1)Psi(~pctpool + pctBrBnk + pctShade + HAiFLS_for) } = 6          
 DEVIANCE { p(~1)Psi(~pctpool + pctBrBnk + pctShade + HAiFLS_for) } = 162.69649                     
 DEVIANCE Degrees of Freedom { p(~1)Psi(~pctpool + pctBrBnk + pctShade + HAiFLS_for) } = 132            
 c-hat { p(~1)Psi(~pctpool + pctBrBnk + pctShade + HAiFLS_for) } = 1.2325492                     
 AIC { p(~1)Psi(~pctpool + pctBrBnk + pctShade + HAiFLS_for) } = 174.69649                  
 AICc { p(~1)Psi(~pctpool + pctBrBnk + pctShade + HAiFLS_for) } = 175.33771                    
 BIC { p(~1)Psi(~pctpool + pctBrBnk + pctShade + HAiFLS_for) } = 192.26001                    
 Pearson Chisquare { p(~1)Psi(~pctpool + pctBrBnk + pctShade + HAiFLS_for) } = 1057.5619                  

  Program  MARK  - Survival Rate Estimation with Capture-Recapture Data
   gfortran(dble) Vers. 9.0 Mar 2018    11-Dec-2019 13:41:07    Page  003
 - - - - - - - - - - - - - - - - - - - - - - - - - - - - - - - - - - - - - -
 


  LOGIT Link Function Parameters of { p(~1)Psi(~pctpool + pctBrBnk + pctShade + HAiFLS_for) }
                                                              95% Confidence Interval
 Parameter                    Beta         Standard Error      Lower           Upper
 -------------------------  --------------  --------------  --------------  --------------
    1:p:(Intercept)          0.9410579       0.3231632       0.3076580       1.5744578    
    2:Psi:(Intercept)       -1.7102478       0.6857277      -3.0542742      -0.3662214    
    3:Psi:pctpool            0.0161941       0.0143102      -0.0118538       0.0442420    
    4:Psi:pctBrBnk          -1.4248554       0.6413050      -2.6818131      -0.1678977    
    5:Psi:pctShade          -0.7554414E-03   0.0094868      -0.0193496       0.0178387    
    6:Psi:HAiFLS_for         0.0166467       0.0095345      -0.0020408       0.0353343    


  Real Function Parameters of { p(~1)Psi(~pctpool + pctBrBnk + pctShade + HAiFLS_for) }

      Following estimates based on unstandardized individual covariate values:
          Variable   Value         
          ---------  ------------- 
          PCTPOOL     25.664251    
          PCTBRBNK    0.8740586    
          PCTSHADE    48.614931    
          HAIFLS_FOR  26.272482    
                                                               95% Confidence Interval
  Parameter                  Estimate       Standard Error      Lower           Upper
 --------------------------  --------------  --------------  --------------  --------------
     1:p g1 a0 t1             0.7193133       0.0652472       0.5763135       0.8284182                          
     2:Psi g1 a0 t1           0.1053239       0.0306116       0.0586271       0.1820231                          


                      Estimates of Derived Parameters
 Occupancy Estimates of { p(~1)Psi(~pctpool + pctBrBnk + pctShade + HAiFLS_for) }
                                            95% Confidence Interval
 Group   Psi-hat         Standard Error      Lower           Upper
 -----   --------------  --------------  --------------  --------------
   1      0.1053239       0.0306116       0.0586271       0.1820231    

   CPU Time for the last procedure was 0.01 seconds.     

  Program  MARK  - Survival Rate Estimation with Capture-Recapture Data
   gfortran(dble) Vers. 9.0 Mar 2018    11-Dec-2019 13:41:07    Page  004
 - - - - - - - - - - - - - - - - - - - - - - - - - - - - - - - - - - - - - -
 


  INPUT --- proc stop;

     CPU Time in minutes for this job was 0.00

     Time Start = 13:41:07.147   Time End = 13:41:07.262

     Wall Clock Time in minutes for this job was 0.00


          E X E C U T I O N   S U C C E S S F U L 
