
   Program  MARK  - Survival Rate Estimation with Capture-Recapture Data
   gfortran(dble) Vers. 9.0 Mar 2018    12-Dec-2019 15:59:04    Page  001
 - - - - - - - - - - - - - - - - - - - - - - - - - - - - - - - - - - - - - -
 
   This version was compiled by GCC version 7.2.0 using the options: 
     -cpp -iprefix C:/Program Files/mingw-w64/x86_64-7.2.0-posix-seh-rt_v5-rev1/
     mingw64/bin/../lib/gcc/x86_64-w64-mingw32/7.2.0/ -D_MT -D_REENTRANT
     -U_REENTRANT -D IEEE -D DBLEPRECISION -m64 -mtune=core2 -march=nocona -mthreads
     -O2 -fimplicit-none -fbounds-check -funroll-loops -ftree-vectorize
     -ffpe-summary=invalid,zero,overflow,underflow -fno-unsafe-math-optimizations
     -frounding-math -fsignaling-nans -fopenmp.

   This problem will use 7 of 8 possible threads.


  INPUT --- proc title ;

   CPU Time for the last procedure was 0.01 seconds.     


  INPUT --- proc chmatrix occasions= 3 groups= 1 etype= Occupancy 
  INPUT --- Nodes= 101 icovar = 4 ICMeans  NoHist hist= 138 ;

  INPUT ---    time interval 1 1 1 ;

  INPUT ---     icovariates pctpool BRT_100m pctBrBnk HAiFLS_for ;

  INPUT ---    glabel(1)=freq1;

      Number of unique encounter histories read was 138.

      Number of individual covariates read was 4.
      Time interval lengths are all equal to 1.

      Data type number is 27
      Data type is Occupancy Estimation with Detection < 1                                                             

   CPU Time for the last procedure was 0.01 seconds.     

  Program  MARK  - Survival Rate Estimation with Capture-Recapture Data
   gfortran(dble) Vers. 9.0 Mar 2018    12-Dec-2019 15:59:04    Page  002
 - - - - - - - - - - - - - - - - - - - - - - - - - - - - - - - - - - - - - -
 


  INPUT --- proc estimate link=Logit NOLOOP varest=2ndPart    ;


  INPUT --- model={ p(~1)Psi(~pctpool + BRT_100m + pctBrBnk + 
  INPUT --- HAiFLS_for) };

  INPUT ---    group=1 p    rows=1 cols=3 Square ;
  INPUT ---        1 1 1 ;

  INPUT ---    group=1 Psi    rows=1 cols=1 Square ;
  INPUT ---        2 ;

  INPUT ---    design matrix constraints=2 covariates=6;
  INPUT ---        1 0 0 0 0 0;
  INPUT ---        0 1 pctpool BRT_100m pctBrBnk HAiFLS_for;
  INPUT ---       blabel(1)=p:(Intercept);
  INPUT ---       blabel(2)=Psi:(Intercept);
  INPUT ---       blabel(3)=Psi:pctpool;
  INPUT ---       blabel(4)=Psi:BRT_100m;
  INPUT ---       blabel(5)=Psi:pctBrBnk;
  INPUT ---       blabel(6)=Psi:HAiFLS_for;
  INPUT ---       rlabel(1)=p g1 a0 t1;
  INPUT ---       rlabel(2)=Psi g1 a0 t1;

 Link Function Used is LOGIT        

 Variance Estimation Procedure Used is 2ndPart 
 -2logL(saturated) = 0.0000000     
 Effective Sample Size = 138

 Number of function evaluations was 20 for 6 parameters.
 Time for numerical optimization was 0.09 seconds.     
 -2logL { p(~1)Psi(~pctpool + BRT_100m + pctBrBnk + HAiFLS_for) } = 159.55419     
 Penalty { p(~1)Psi(~pctpool + BRT_100m + pctBrBnk + HAiFLS_for) } = 0.0000000     
 Gradient { p(~1)Psi(~pctpool + BRT_100m + pctBrBnk + HAiFLS_for) }:
   0.000000       0.000000      0.8419841E-06   0.000000       0.000000    
 -0.7192946E-06
 Maximum ABS(G) { p(~1)Psi(~pctpool + BRT_100m + pctBrBnk + HAiFLS_for) } = 0.8419841E-06 
 S Vector { p(~1)Psi(~pctpool + BRT_100m + pctBrBnk + HAiFLS_for) }:
   19.09480      9.549696      1.137784     0.6632780     0.4374073    
  0.2166383    
 Time to compute number of parameters was 0.01 seconds.     
 Ratio Threshold = 50.000000       Max Gap (2/3) = 8.3932404       Next Max Gap (5/6) = 2.0190667     
 Gap Method for Num. of Estimated Parameters { p(~1)Psi(~pctpool + BRT_100m + pctBrBnk + HAiFLS_for) } = 6          
 Threshold { p(~1)Psi(~pctpool + BRT_100m + pctBrBnk + HAiFLS_for) } = 0.1683968E-05                 
 Numerical Threshold Method for Num. of Estimated Parameters { p(~1)Psi(~pctpool + BRT_100m + pctBrBnk + HAiFLS_for) } = 6          
 Number of Estimated Parameters { p(~1)Psi(~pctpool + BRT_100m + pctBrBnk + HAiFLS_for) } = 6          
 DEVIANCE { p(~1)Psi(~pctpool + BRT_100m + pctBrBnk + HAiFLS_for) } = 159.55419                     
 DEVIANCE Degrees of Freedom { p(~1)Psi(~pctpool + BRT_100m + pctBrBnk + HAiFLS_for) } = 132            
 c-hat { p(~1)Psi(~pctpool + BRT_100m + pctBrBnk + HAiFLS_for) } = 1.2087439                     
 AIC { p(~1)Psi(~pctpool + BRT_100m + pctBrBnk + HAiFLS_for) } = 171.55419                  
 AICc { p(~1)Psi(~pctpool + BRT_100m + pctBrBnk + HAiFLS_for) } = 172.19541                    
 BIC { p(~1)Psi(~pctpool + BRT_100m + pctBrBnk + HAiFLS_for) } = 189.11771                    
 Pearson Chisquare { p(~1)Psi(~pctpool + BRT_100m + pctBrBnk + HAiFLS_for) } = 1030.1732                  

  Program  MARK  - Survival Rate Estimation with Capture-Recapture Data
   gfortran(dble) Vers. 9.0 Mar 2018    12-Dec-2019 15:59:04    Page  003
 - - - - - - - - - - - - - - - - - - - - - - - - - - - - - - - - - - - - - -
 


  LOGIT Link Function Parameters of { p(~1)Psi(~pctpool + BRT_100m + pctBrBnk + HAiFLS_for) }
                                                              95% Confidence Interval
 Parameter                    Beta         Standard Error      Lower           Upper
 -------------------------  --------------  --------------  --------------  --------------
    1:p:(Intercept)          0.9429995       0.3225498       0.3108018       1.5751972    
    2:Psi:(Intercept)       -2.1459130       0.7172253      -3.5516747      -0.7401514    
    3:Psi:pctpool            0.0159828       0.0147914      -0.0130084       0.0449739    
    4:Psi:BRT_100m           0.0284420       0.0160883      -0.0030912       0.0599751    
    5:Psi:pctBrBnk          -1.2484963       0.6525576      -2.5275093       0.0305167    
    6:Psi:HAiFLS_for         0.0165366       0.0089184      -0.9435086E-03   0.0340166    


  Real Function Parameters of { p(~1)Psi(~pctpool + BRT_100m + pctBrBnk + HAiFLS_for) }

      Following estimates based on unstandardized individual covariate values:
          Variable   Value         
          ---------  ------------- 
          PCTPOOL     25.664251    
          BRT_100M    6.7817616    
          PCTBRBNK    0.8740586    
          HAIFLS_FOR  26.272482    
                                                               95% Confidence Interval
  Parameter                  Estimate       Standard Error      Lower           Upper
 --------------------------  --------------  --------------  --------------  --------------
     1:p g1 a0 t1             0.7197051       0.0650679       0.5770810       0.8285232                          
     2:Psi g1 a0 t1           0.0997825       0.0302981       0.0541285       0.1767477                          


                      Estimates of Derived Parameters
 Occupancy Estimates of { p(~1)Psi(~pctpool + BRT_100m + pctBrBnk + HAiFLS_for) }
                                            95% Confidence Interval
 Group   Psi-hat         Standard Error      Lower           Upper
 -----   --------------  --------------  --------------  --------------
   1      0.0997825       0.0302981       0.0541285       0.1767477    

   CPU Time for the last procedure was 0.09 seconds.     

  Program  MARK  - Survival Rate Estimation with Capture-Recapture Data
   gfortran(dble) Vers. 9.0 Mar 2018    12-Dec-2019 15:59:04    Page  004
 - - - - - - - - - - - - - - - - - - - - - - - - - - - - - - - - - - - - - -
 


  INPUT --- proc stop;

     CPU Time in minutes for this job was 0.00

     Time Start = 15:59:04.136   Time End = 15:59:04.364

     Wall Clock Time in minutes for this job was 0.00


          E X E C U T I O N   S U C C E S S F U L 
