
   Program  MARK  - Survival Rate Estimation with Capture-Recapture Data
   gfortran(dble) Vers. 9.0 Mar 2018    13-Dec-2019 09:51:36    Page  001
 - - - - - - - - - - - - - - - - - - - - - - - - - - - - - - - - - - - - - -
 
   This version was compiled by GCC version 7.2.0 using the options: 
     -cpp -iprefix C:/Program Files/mingw-w64/x86_64-7.2.0-posix-seh-rt_v5-rev1/
     mingw64/bin/../lib/gcc/x86_64-w64-mingw32/7.2.0/ -D_MT -D_REENTRANT
     -U_REENTRANT -D IEEE -D DBLEPRECISION -m64 -mtune=core2 -march=nocona -mthreads
     -O2 -fimplicit-none -fbounds-check -funroll-loops -ftree-vectorize
     -ffpe-summary=invalid,zero,overflow,underflow -fno-unsafe-math-optimizations
     -frounding-math -fsignaling-nans -fopenmp.

   This problem will use 7 of 8 possible threads.


  INPUT --- proc title ;

   CPU Time for the last procedure was 0.01 seconds.     


  INPUT --- proc chmatrix occasions= 3 groups= 1 etype= Occupancy 
  INPUT --- Nodes= 101 icovar = 5 ICMeans  NoHist hist= 138 ;

  INPUT ---    time interval 1 1 1 ;

  INPUT ---     icovariates pctpool BRT_100m pctBrBnk pctShade HAiFLS_for  
  INPUT ---    ;

  INPUT ---    glabel(1)=freq1;

      Number of unique encounter histories read was 138.

      Number of individual covariates read was 5.
      Time interval lengths are all equal to 1.

      Data type number is 27
      Data type is Occupancy Estimation with Detection < 1                                                             

   CPU Time for the last procedure was 0.02 seconds.     

  Program  MARK  - Survival Rate Estimation with Capture-Recapture Data
   gfortran(dble) Vers. 9.0 Mar 2018    13-Dec-2019 09:51:36    Page  002
 - - - - - - - - - - - - - - - - - - - - - - - - - - - - - - - - - - - - - -
 


  INPUT --- proc estimate link=Logit NOLOOP varest=2ndPart    ;


  INPUT --- model={ p(~1)Psi(~pctpool + BRT_100m + pctBrBnk + pctShade 
  INPUT --- + HAiFLS_for) };

  INPUT ---    group=1 p    rows=1 cols=3 Square ;
  INPUT ---        1 1 1 ;

  INPUT ---    group=1 Psi    rows=1 cols=1 Square ;
  INPUT ---        2 ;

  INPUT ---    design matrix constraints=2 covariates=7;
  INPUT ---        1 0 0 0 0 0 0;
  INPUT ---        0 1 pctpool BRT_100m pctBrBnk pctShade HAiFLS_for;
  INPUT ---       blabel(1)=p:(Intercept);
  INPUT ---       blabel(2)=Psi:(Intercept);
  INPUT ---       blabel(3)=Psi:pctpool;
  INPUT ---       blabel(4)=Psi:BRT_100m;
  INPUT ---       blabel(5)=Psi:pctBrBnk;
  INPUT ---       blabel(6)=Psi:pctShade;
  INPUT ---       blabel(7)=Psi:HAiFLS_for;
  INPUT ---       rlabel(1)=p g1 a0 t1;
  INPUT ---       rlabel(2)=Psi g1 a0 t1;

 Link Function Used is LOGIT        

 Variance Estimation Procedure Used is 2ndPart 
 -2logL(saturated) = 0.0000000     
 Effective Sample Size = 138

 Number of function evaluations was 16 for 7 parameters.
 Time for numerical optimization was 0.01 seconds.     
 -2logL { p(~1)Psi(~pctpool + BRT_100m + pctBrBnk + pctShade + HAiFLS_for) } = 159.50926     
 Penalty { p(~1)Psi(~pctpool + BRT_100m + pctBrBnk + pctShade + HAiFLS_for) } = 0.0000000     
 Gradient { p(~1)Psi(~pctpool + BRT_100m + pctBrBnk + pctShade + HAiFLS_for) }:
   0.000000      0.1235406E-05   0.000000      0.5072344E-06  0.7829102E-06
   0.000000       0.000000    
 Maximum ABS(G) { p(~1)Psi(~pctpool + BRT_100m + pctBrBnk + pctShade + HAiFLS_for) } = 0.1235406E-05 
 S Vector { p(~1)Psi(~pctpool + BRT_100m + pctBrBnk + pctShade + HAiFLS_for) }:
   23.11531      9.564705      1.322782     0.8191836     0.6237871    
  0.4378016     0.2101921    
 Time to compute number of parameters was 0.01 seconds.     
 Ratio Threshold = 50.000000       Max Gap (2/3) = 7.2307487       Next Max Gap (1/2) = 2.4167306     
 Gap Method for Num. of Estimated Parameters { p(~1)Psi(~pctpool + BRT_100m + pctBrBnk + pctShade + HAiFLS_for) } = 7          
 Threshold { p(~1)Psi(~pctpool + BRT_100m + pctBrBnk + pctShade + HAiFLS_for) } = 0.2470811E-05                 
 Numerical Threshold Method for Num. of Estimated Parameters { p(~1)Psi(~pctpool + BRT_100m + pctBrBnk + pctShade + HAiFLS_for) } = 7          
 Number of Estimated Parameters { p(~1)Psi(~pctpool + BRT_100m + pctBrBnk + pctShade + HAiFLS_for) } = 7          
 DEVIANCE { p(~1)Psi(~pctpool + BRT_100m + pctBrBnk + pctShade + HAiFLS_for) } = 159.50926                     
 DEVIANCE Degrees of Freedom { p(~1)Psi(~pctpool + BRT_100m + pctBrBnk + pctShade + HAiFLS_for) } = 131            
 c-hat { p(~1)Psi(~pctpool + BRT_100m + pctBrBnk + pctShade + HAiFLS_for) } = 1.2176279                     
 AIC { p(~1)Psi(~pctpool + BRT_100m + pctBrBnk + pctShade + HAiFLS_for) } = 173.50926                  
 AICc { p(~1)Psi(~pctpool + BRT_100m + pctBrBnk + pctShade + HAiFLS_for) } = 174.37080                    
 BIC { p(~1)Psi(~pctpool + BRT_100m + pctBrBnk + pctShade + HAiFLS_for) } = 194.00004                    
 Pearson Chisquare { p(~1)Psi(~pctpool + BRT_100m + pctBrBnk + pctShade + HAiFLS_for) } = 1006.8986                  

  Program  MARK  - Survival Rate Estimation with Capture-Recapture Data
   gfortran(dble) Vers. 9.0 Mar 2018    13-Dec-2019 09:51:36    Page  003
 - - - - - - - - - - - - - - - - - - - - - - - - - - - - - - - - - - - - - -
 


 LOGIT Link Function Parameters of { p(~1)Psi(~pctpool + BRT_100m + pctBrBnk + pctShade + HAiFLS_for) }
                                                              95% Confidence Interval
 Parameter                    Beta         Standard Error      Lower           Upper
 -------------------------  --------------  --------------  --------------  --------------
    1:p:(Intercept)          0.9424794       0.3227093       0.3099692       1.5749897    
    2:Psi:(Intercept)       -2.0878093       0.7639065      -3.5850661      -0.5905526    
    3:Psi:pctpool            0.0159341       0.0148298      -0.0131322       0.0450004    
    4:Psi:BRT_100m           0.0287102       0.0161488      -0.0029414       0.0603618    
    5:Psi:pctBrBnk          -1.2228816       0.6620183      -2.5204375       0.0746742    
    6:Psi:pctShade          -0.0020779       0.0097964      -0.0212787       0.0171230    
    7:Psi:HAiFLS_for         0.0173849       0.0097568      -0.0017385       0.0365082    


 Real Function Parameters of { p(~1)Psi(~pctpool + BRT_100m + pctBrBnk + pctShade + HAiFLS_for) }

      Following estimates based on unstandardized individual covariate values:
          Variable   Value         
          ---------  ------------- 
          PCTPOOL     25.664251    
          BRT_100M    6.7817616    
          PCTBRBNK    0.8740586    
          PCTSHADE    48.614931    
          HAIFLS_FOR  26.272482    
                                                               95% Confidence Interval
  Parameter                  Estimate       Standard Error      Lower           Upper
 --------------------------  --------------  --------------  --------------  --------------
     1:p g1 a0 t1             0.7196002       0.0651149       0.5768777       0.8284938                          
     2:Psi g1 a0 t1           0.0999924       0.0303039       0.0543049       0.1769263                          


                      Estimates of Derived Parameters
 Occupancy Estimates of { p(~1)Psi(~pctpool + BRT_100m + pctBrBnk + pctShade + HAiFLS_for) }
                                            95% Confidence Interval
 Group   Psi-hat         Standard Error      Lower           Upper
 -----   --------------  --------------  --------------  --------------
   1      0.0999924       0.0303039       0.0543049       0.1769263    

   CPU Time for the last procedure was 0.01 seconds.     

  Program  MARK  - Survival Rate Estimation with Capture-Recapture Data
   gfortran(dble) Vers. 9.0 Mar 2018    13-Dec-2019 09:51:36    Page  004
 - - - - - - - - - - - - - - - - - - - - - - - - - - - - - - - - - - - - - -
 


  INPUT --- proc stop;

     CPU Time in minutes for this job was 0.00

     Time Start = 09:51:36.098   Time End = 09:51:36.307

     Wall Clock Time in minutes for this job was 0.00


          E X E C U T I O N   S U C C E S S F U L 
