
   Program  MARK  - Survival Rate Estimation with Capture-Recapture Data
   gfortran(dble) Vers. 9.0 Mar 2018    12-Dec-2019 15:59:13    Page  001
 - - - - - - - - - - - - - - - - - - - - - - - - - - - - - - - - - - - - - -
 
   This version was compiled by GCC version 7.2.0 using the options: 
     -cpp -iprefix C:/Program Files/mingw-w64/x86_64-7.2.0-posix-seh-rt_v5-rev1/
     mingw64/bin/../lib/gcc/x86_64-w64-mingw32/7.2.0/ -D_MT -D_REENTRANT
     -U_REENTRANT -D IEEE -D DBLEPRECISION -m64 -mtune=core2 -march=nocona -mthreads
     -O2 -fimplicit-none -fbounds-check -funroll-loops -ftree-vectorize
     -ffpe-summary=invalid,zero,overflow,underflow -fno-unsafe-math-optimizations
     -frounding-math -fsignaling-nans -fopenmp.

   This problem will use 7 of 8 possible threads.


  INPUT --- proc title ;

   CPU Time for the last procedure was 0.01 seconds.     


  INPUT --- proc chmatrix occasions= 3 groups= 1 etype= Occupancy 
  INPUT --- Nodes= 101 icovar = 6 ICMeans  NoHist hist= 138 ;

  INPUT ---    time interval 1 1 1 ;

  INPUT ---     icovariates effort1 effort2 effort3 pctpool pctrock  
  INPUT ---    pctShade ;

  INPUT ---    glabel(1)=freq1;

      Number of unique encounter histories read was 138.

      Number of individual covariates read was 6.
      Time interval lengths are all equal to 1.

      Data type number is 27
      Data type is Occupancy Estimation with Detection < 1                                                             

   CPU Time for the last procedure was 0.01 seconds.     

  Program  MARK  - Survival Rate Estimation with Capture-Recapture Data
   gfortran(dble) Vers. 9.0 Mar 2018    12-Dec-2019 15:59:13    Page  002
 - - - - - - - - - - - - - - - - - - - - - - - - - - - - - - - - - - - - - -
 


  INPUT --- proc estimate link=Logit NOLOOP varest=2ndPart    ;


  INPUT --- model={ p(~effort)Psi(~pctpool + pctrock + pctShade) };

  INPUT ---    group=1 p    rows=1 cols=3 Square ;
  INPUT ---        1 2 3 ;

  INPUT ---    group=1 Psi    rows=1 cols=1 Square ;
  INPUT ---        4 ;

  INPUT ---    design matrix constraints=4 covariates=6;
  INPUT ---        1 effort1 0 0 0 0;
  INPUT ---        1 effort2 0 0 0 0;
  INPUT ---        1 effort3 0 0 0 0;
  INPUT ---        0 0 1 pctpool pctrock pctShade;
  INPUT ---       blabel(1)=p:(Intercept);
  INPUT ---       blabel(2)=p:effort;
  INPUT ---       blabel(3)=Psi:(Intercept);
  INPUT ---       blabel(4)=Psi:pctpool;
  INPUT ---       blabel(5)=Psi:pctrock;
  INPUT ---       blabel(6)=Psi:pctShade;
  INPUT ---       rlabel(1)=p g1 a0 t1;
  INPUT ---       rlabel(2)=p g1 a1 t2;
  INPUT ---       rlabel(3)=p g1 a2 t3;
  INPUT ---       rlabel(4)=Psi g1 a0 t1;

 Link Function Used is LOGIT        

 Variance Estimation Procedure Used is 2ndPart 
 -2logL(saturated) = 0.0000000     
 Effective Sample Size = 138

 Number of function evaluations was 16 for 6 parameters.
 Time for numerical optimization was 0.01 seconds.     
 -2logL { p(~effort)Psi(~pctpool + pctrock + pctShade) } = 165.73469     
 Penalty { p(~effort)Psi(~pctpool + pctrock + pctShade) } = 0.0000000     
 Gradient { p(~effort)Psi(~pctpool + pctrock + pctShade) }:
   0.000000      0.5314553E-06  0.8156606E-06  0.6500802E-06  0.2020598E-05
  0.1636947E-05
 Maximum ABS(G) { p(~effort)Psi(~pctpool + pctrock + pctShade) } = 0.2020598E-05 
 S Vector { p(~effort)Psi(~pctpool + pctrock + pctShade) }:
   31.08783      8.590634      1.182315      1.110990     0.2709302    
  0.1047412    
 Time to compute number of parameters was 0.01 seconds.     
 Ratio Threshold = 50.000000       Max Gap (2/3) = 7.2659428       Next Max Gap (4/5) = 4.1006497     
 Gap Method for Num. of Estimated Parameters { p(~effort)Psi(~pctpool + pctrock + pctShade) } = 6          
 Threshold { p(~effort)Psi(~pctpool + pctrock + pctShade) } = 0.4041196E-05                 
 Numerical Threshold Method for Num. of Estimated Parameters { p(~effort)Psi(~pctpool + pctrock + pctShade) } = 6          
 Number of Estimated Parameters { p(~effort)Psi(~pctpool + pctrock + pctShade) } = 6          
 DEVIANCE { p(~effort)Psi(~pctpool + pctrock + pctShade) } = 165.73469                     
 DEVIANCE Degrees of Freedom { p(~effort)Psi(~pctpool + pctrock + pctShade) } = 132            
 c-hat { p(~effort)Psi(~pctpool + pctrock + pctShade) } = 1.2555658                     
 AIC { p(~effort)Psi(~pctpool + pctrock + pctShade) } = 177.73469                  
 AICc { p(~effort)Psi(~pctpool + pctrock + pctShade) } = 178.37591                    
 BIC { p(~effort)Psi(~pctpool + pctrock + pctShade) } = 195.29821                    
 Pearson Chisquare { p(~effort)Psi(~pctpool + pctrock + pctShade) } = 943.17456                  

  Program  MARK  - Survival Rate Estimation with Capture-Recapture Data
   gfortran(dble) Vers. 9.0 Mar 2018    12-Dec-2019 15:59:14    Page  003
 - - - - - - - - - - - - - - - - - - - - - - - - - - - - - - - - - - - - - -
 


       LOGIT Link Function Parameters of { p(~effort)Psi(~pctpool + pctrock + pctShade) }
                                                              95% Confidence Interval
 Parameter                    Beta         Standard Error      Lower           Upper
 -------------------------  --------------  --------------  --------------  --------------
    1:p:(Intercept)         -0.3234624       0.6433457      -1.5844200       0.9374952    
    2:p:effort               0.0015491       0.7623862E-03   0.5482854E-04   0.0030434    
    3:Psi:(Intercept)       -3.6768192       1.2130326      -6.0543630      -1.2992753    
    4:Psi:pctpool            0.0244297       0.0151794      -0.0053218       0.0541813    
    5:Psi:pctrock            0.0183186       0.0134151      -0.0079751       0.0446123    
    6:Psi:pctShade          -0.0016618       0.0087688      -0.0188486       0.0155249    


       Real Function Parameters of { p(~effort)Psi(~pctpool + pctrock + pctShade) }

      Following estimates based on unstandardized individual covariate values:
          Variable   Value         
          ---------  ------------- 
          EFFORT1     906.23188    
          EFFORT2     834.18841    
          EFFORT3     818.18116    
          PCTPOOL     25.664251    
          PCTROCK     68.678238    
          PCTSHADE    48.614931    
                                                               95% Confidence Interval
  Parameter                  Estimate       Standard Error      Lower           Upper
 --------------------------  --------------  --------------  --------------  --------------
     1:p g1 a0 t1             0.7465671       0.0712112       0.5848459       0.8603349                          
     2:p g1 a1 t2             0.7248769       0.0714526       0.5662453       0.8417116                          
     3:p g1 a2 t3             0.7199042       0.0716422       0.5615884       0.8375842                          
     4:Psi g1 a0 t1           0.1332468       0.0314617       0.0826796       0.2077373                          


                      Estimates of Derived Parameters
 Occupancy Estimates of { p(~effort)Psi(~pctpool + pctrock + pctShade) }
                                            95% Confidence Interval
 Group   Psi-hat         Standard Error      Lower           Upper
 -----   --------------  --------------  --------------  --------------
   1      0.1332468       0.0314617       0.0826796       0.2077373    

   CPU Time for the last procedure was 0.03 seconds.     

  Program  MARK  - Survival Rate Estimation with Capture-Recapture Data
   gfortran(dble) Vers. 9.0 Mar 2018    12-Dec-2019 15:59:14    Page  004
 - - - - - - - - - - - - - - - - - - - - - - - - - - - - - - - - - - - - - -
 


  INPUT --- proc stop;

     CPU Time in minutes for this job was 0.00

     Time Start = 15:59:13.888   Time End = 15:59:14.054

     Wall Clock Time in minutes for this job was 0.00


          E X E C U T I O N   S U C C E S S F U L 
