
   Program  MARK  - Survival Rate Estimation with Capture-Recapture Data
   gfortran(dble) Vers. 9.0 Mar 2018    13-Dec-2019 09:52:36    Page  001
 - - - - - - - - - - - - - - - - - - - - - - - - - - - - - - - - - - - - - -
 
   This version was compiled by GCC version 7.2.0 using the options: 
     -cpp -iprefix C:/Program Files/mingw-w64/x86_64-7.2.0-posix-seh-rt_v5-rev1/
     mingw64/bin/../lib/gcc/x86_64-w64-mingw32/7.2.0/ -D_MT -D_REENTRANT
     -U_REENTRANT -D IEEE -D DBLEPRECISION -m64 -mtune=core2 -march=nocona -mthreads
     -O2 -fimplicit-none -fbounds-check -funroll-loops -ftree-vectorize
     -ffpe-summary=invalid,zero,overflow,underflow -fno-unsafe-math-optimizations
     -frounding-math -fsignaling-nans -fopenmp.

   This problem will use 7 of 8 possible threads.


  INPUT --- proc title ;

   CPU Time for the last procedure was 0.01 seconds.     


  INPUT --- proc chmatrix occasions= 3 groups= 1 etype= Occupancy 
  INPUT --- Nodes= 101 icovar = 3 ICMeans  NoHist hist= 138 ;

  INPUT ---    time interval 1 1 1 ;

  INPUT ---     icovariates pctpool pctBrBnk HAiFLS_for ;

  INPUT ---    glabel(1)=freq1;

      Number of unique encounter histories read was 138.

      Number of individual covariates read was 3.
      Time interval lengths are all equal to 1.

      Data type number is 27
      Data type is Occupancy Estimation with Detection < 1                                                             

   CPU Time for the last procedure was 0.01 seconds.     

  Program  MARK  - Survival Rate Estimation with Capture-Recapture Data
   gfortran(dble) Vers. 9.0 Mar 2018    13-Dec-2019 09:52:36    Page  002
 - - - - - - - - - - - - - - - - - - - - - - - - - - - - - - - - - - - - - -
 


  INPUT --- proc estimate link=Logit NOLOOP varest=2ndPart    ;


  INPUT --- model={ p(~1)Psi(~pctpool + pctBrBnk + HAiFLS_for) };

  INPUT ---    group=1 p    rows=1 cols=3 Square ;
  INPUT ---        1 1 1 ;

  INPUT ---    group=1 Psi    rows=1 cols=1 Square ;
  INPUT ---        2 ;

  INPUT ---    design matrix constraints=2 covariates=5;
  INPUT ---        1 0 0 0 0;
  INPUT ---        0 1 pctpool pctBrBnk HAiFLS_for;
  INPUT ---       blabel(1)=p:(Intercept);
  INPUT ---       blabel(2)=Psi:(Intercept);
  INPUT ---       blabel(3)=Psi:pctpool;
  INPUT ---       blabel(4)=Psi:pctBrBnk;
  INPUT ---       blabel(5)=Psi:HAiFLS_for;
  INPUT ---       rlabel(1)=p g1 a0 t1;
  INPUT ---       rlabel(2)=Psi g1 a0 t1;

 Link Function Used is LOGIT        

 Variance Estimation Procedure Used is 2ndPart 
 -2logL(saturated) = 0.0000000     
 Effective Sample Size = 138

 Number of function evaluations was 17 for 5 parameters.
 Time for numerical optimization was 0.05 seconds.     
 -2logL { p(~1)Psi(~pctpool + pctBrBnk + HAiFLS_for) } = 162.70283     
 Penalty { p(~1)Psi(~pctpool + pctBrBnk + HAiFLS_for) } = 0.0000000     
 Gradient { p(~1)Psi(~pctpool + pctBrBnk + HAiFLS_for) }:
 -0.9824769E-06  0.2095016E-05   0.000000      0.6886129E-06  0.7252112E-06
 Maximum ABS(G) { p(~1)Psi(~pctpool + pctBrBnk + HAiFLS_for) } = 0.2095016E-05 
 S Vector { p(~1)Psi(~pctpool + pctBrBnk + HAiFLS_for) }:
   19.33464      9.520230      1.214608     0.7131908     0.2406746    
 Time to compute number of parameters was 0.01 seconds.     
 Ratio Threshold = 50.000000       Max Gap (2/3) = 7.8381109       Next Max Gap (4/5) = 2.9632986     
 Gap Method for Num. of Estimated Parameters { p(~1)Psi(~pctpool + pctBrBnk + HAiFLS_for) } = 5          
 Threshold { p(~1)Psi(~pctpool + pctBrBnk + HAiFLS_for) } = 0.4190032E-05                 
 Numerical Threshold Method for Num. of Estimated Parameters { p(~1)Psi(~pctpool + pctBrBnk + HAiFLS_for) } = 5          
 Number of Estimated Parameters { p(~1)Psi(~pctpool + pctBrBnk + HAiFLS_for) } = 5          
 DEVIANCE { p(~1)Psi(~pctpool + pctBrBnk + HAiFLS_for) } = 162.70283                     
 DEVIANCE Degrees of Freedom { p(~1)Psi(~pctpool + pctBrBnk + HAiFLS_for) } = 133            
 c-hat { p(~1)Psi(~pctpool + pctBrBnk + HAiFLS_for) } = 1.2233295                     
 AIC { p(~1)Psi(~pctpool + pctBrBnk + HAiFLS_for) } = 172.70283                  
 AICc { p(~1)Psi(~pctpool + pctBrBnk + HAiFLS_for) } = 173.15737                    
 BIC { p(~1)Psi(~pctpool + pctBrBnk + HAiFLS_for) } = 187.33909                    
 Pearson Chisquare { p(~1)Psi(~pctpool + pctBrBnk + HAiFLS_for) } = 1065.4076                  


        LOGIT Link Function Parameters of { p(~1)Psi(~pctpool + pctBrBnk + HAiFLS_for) }
                                                              95% Confidence Interval
 Parameter                    Beta         Standard Error      Lower           Upper
 -------------------------  --------------  --------------  --------------  --------------

  Program  MARK  - Survival Rate Estimation with Capture-Recapture Data
   gfortran(dble) Vers. 9.0 Mar 2018    13-Dec-2019 09:52:36    Page  003
 - - - - - - - - - - - - - - - - - - - - - - - - - - - - - - - - - - - - - -
 
    1:p:(Intercept)          0.9413674       0.3230473       0.3081946       1.5745401    
    2:Psi:(Intercept)       -1.7312659       0.6339394      -2.9737872      -0.4887446    
    3:Psi:pctpool            0.0161867       0.0142965      -0.0118344       0.0442078    
    4:Psi:pctBrBnk          -1.4335842       0.6323779      -2.6730449      -0.1941235    
    5:Psi:HAiFLS_for         0.0163200       0.0086117      -0.5590239E-03   0.0331989    


        Real Function Parameters of { p(~1)Psi(~pctpool + pctBrBnk + HAiFLS_for) }

      Following estimates based on unstandardized individual covariate values:
          Variable   Value         
          ---------  ------------- 
          PCTPOOL     25.664251    
          PCTBRBNK    0.8740586    
          HAIFLS_FOR  26.272482    
                                                               95% Confidence Interval
  Parameter                  Estimate       Standard Error      Lower           Upper
 --------------------------  --------------  --------------  --------------  --------------
     1:p g1 a0 t1             0.7193758       0.0652149       0.5764445       0.8284299                          
     2:Psi g1 a0 t1           0.1052583       0.0305990       0.0585839       0.1819324                          


                      Estimates of Derived Parameters
  Occupancy Estimates of { p(~1)Psi(~pctpool + pctBrBnk + HAiFLS_for) }
                                            95% Confidence Interval
 Group   Psi-hat         Standard Error      Lower           Upper
 -----   --------------  --------------  --------------  --------------
   1      0.1052583       0.0305990       0.0585839       0.1819324    

   CPU Time for the last procedure was 0.06 seconds.     

  Program  MARK  - Survival Rate Estimation with Capture-Recapture Data
   gfortran(dble) Vers. 9.0 Mar 2018    13-Dec-2019 09:52:36    Page  004
 - - - - - - - - - - - - - - - - - - - - - - - - - - - - - - - - - - - - - -
 


  INPUT --- proc stop;

     CPU Time in minutes for this job was 0.00

     Time Start = 09:52:36.141   Time End = 09:52:36.247

     Wall Clock Time in minutes for this job was 0.00


          E X E C U T I O N   S U C C E S S F U L 
