
   Program  MARK  - Survival Rate Estimation with Capture-Recapture Data
   gfortran(dble) Vers. 9.0 Mar 2018    12-Dec-2019 15:58:53    Page  001
 - - - - - - - - - - - - - - - - - - - - - - - - - - - - - - - - - - - - - -
 
   This version was compiled by GCC version 7.2.0 using the options: 
     -cpp -iprefix C:/Program Files/mingw-w64/x86_64-7.2.0-posix-seh-rt_v5-rev1/
     mingw64/bin/../lib/gcc/x86_64-w64-mingw32/7.2.0/ -D_MT -D_REENTRANT
     -U_REENTRANT -D IEEE -D DBLEPRECISION -m64 -mtune=core2 -march=nocona -mthreads
     -O2 -fimplicit-none -fbounds-check -funroll-loops -ftree-vectorize
     -ffpe-summary=invalid,zero,overflow,underflow -fno-unsafe-math-optimizations
     -frounding-math -fsignaling-nans -fopenmp.

   This problem will use 7 of 8 possible threads.


  INPUT --- proc title ;

   CPU Time for the last procedure was 0.01 seconds.     


  INPUT --- proc chmatrix occasions= 3 groups= 1 etype= Occupancy 
  INPUT --- Nodes= 101 icovar = 7 ICMeans  NoHist hist= 138 ;

  INPUT ---    time interval 1 1 1 ;

  INPUT ---     icovariates effort1 effort2 effort3 pctex21 pctrock  
  INPUT ---    pctBrBnk HAiFLS_for ;

  INPUT ---    glabel(1)=freq1;

      Number of unique encounter histories read was 138.

      Number of individual covariates read was 7.
      Time interval lengths are all equal to 1.

      Data type number is 27
      Data type is Occupancy Estimation with Detection < 1                                                             

   CPU Time for the last procedure was 0.01 seconds.     

  Program  MARK  - Survival Rate Estimation with Capture-Recapture Data
   gfortran(dble) Vers. 9.0 Mar 2018    12-Dec-2019 15:58:53    Page  002
 - - - - - - - - - - - - - - - - - - - - - - - - - - - - - - - - - - - - - -
 


  INPUT --- proc estimate link=Logit NOLOOP varest=2ndPart    ;


  INPUT --- model={ p(~effort)Psi(~pctex21 + pctrock + pctBrBnk + 
  INPUT --- HAiFLS_for) };

  INPUT ---    group=1 p    rows=1 cols=3 Square ;
  INPUT ---        1 2 3 ;

  INPUT ---    group=1 Psi    rows=1 cols=1 Square ;
  INPUT ---        4 ;

  INPUT ---    design matrix constraints=4 covariates=7;
  INPUT ---        1 effort1 0 0 0 0 0;
  INPUT ---        1 effort2 0 0 0 0 0;
  INPUT ---        1 effort3 0 0 0 0 0;
  INPUT ---        0 0 1 pctex21 pctrock pctBrBnk HAiFLS_for;
  INPUT ---       blabel(1)=p:(Intercept);
  INPUT ---       blabel(2)=p:effort;
  INPUT ---       blabel(3)=Psi:(Intercept);
  INPUT ---       blabel(4)=Psi:pctex21;
  INPUT ---       blabel(5)=Psi:pctrock;
  INPUT ---       blabel(6)=Psi:pctBrBnk;
  INPUT ---       blabel(7)=Psi:HAiFLS_for;
  INPUT ---       rlabel(1)=p g1 a0 t1;
  INPUT ---       rlabel(2)=p g1 a1 t2;
  INPUT ---       rlabel(3)=p g1 a2 t3;
  INPUT ---       rlabel(4)=Psi g1 a0 t1;

 Link Function Used is LOGIT        

 Variance Estimation Procedure Used is 2ndPart 
 -2logL(saturated) = 0.0000000     
 Effective Sample Size = 138

 Number of function evaluations was 26 for 7 parameters.
 Time for numerical optimization was 0.03 seconds.     
 -2logL { p(~effort)Psi(~pctex21 + pctrock + pctBrBnk + HAiFLS_for) } = 139.24550     
 Penalty { p(~effort)Psi(~pctex21 + pctrock + pctBrBnk + HAiFLS_for) } = 0.0000000     
 Gradient { p(~effort)Psi(~pctex21 + pctrock + pctBrBnk + HAiFLS_for) }:
 -0.1272505E-05 -0.2449128E-06  0.7458057E-06  0.8530798E-07   0.000000    
 -0.5916558E-06   0.000000    
 Maximum ABS(G) { p(~effort)Psi(~pctex21 + pctrock + pctBrBnk + HAiFLS_for) } = 0.1272505E-05 

  Program  MARK  - Survival Rate Estimation with Capture-Recapture Data
   gfortran(dble) Vers. 9.0 Mar 2018    12-Dec-2019 15:58:53    Page  003
 - - - - - - - - - - - - - - - - - - - - - - - - - - - - - - - - - - - - - -
 
 S Vector { p(~effort)Psi(~pctex21 + pctrock + pctBrBnk + HAiFLS_for) }:
   21.41288      7.771186     0.9788264     0.4546918     0.2370418    
  0.9328144E-01 0.1573087E-01
 Time to compute number of parameters was 0.01 seconds.     
 Ratio Threshold = 50.000000       Max Gap (2/3) = 7.9392896       Next Max Gap (6/7) = 5.9298351     
 Gap Method for Num. of Estimated Parameters { p(~effort)Psi(~pctex21 + pctrock + pctBrBnk + HAiFLS_for) } = 7          
 Threshold { p(~effort)Psi(~pctex21 + pctrock + pctBrBnk + HAiFLS_for) } = 0.2545011E-05                 
 Numerical Threshold Method for Num. of Estimated Parameters { p(~effort)Psi(~pctex21 + pctrock + pctBrBnk + HAiFLS_for) } = 7          
 Number of Estimated Parameters { p(~effort)Psi(~pctex21 + pctrock + pctBrBnk + HAiFLS_for) } = 7          
 DEVIANCE { p(~effort)Psi(~pctex21 + pctrock + pctBrBnk + HAiFLS_for) } = 139.24550                     
 DEVIANCE Degrees of Freedom { p(~effort)Psi(~pctex21 + pctrock + pctBrBnk + HAiFLS_for) } = 131            
 c-hat { p(~effort)Psi(~pctex21 + pctrock + pctBrBnk + HAiFLS_for) } = 1.0629427                     
 AIC { p(~effort)Psi(~pctex21 + pctrock + pctBrBnk + HAiFLS_for) } = 153.24550                  
 AICc { p(~effort)Psi(~pctex21 + pctrock + pctBrBnk + HAiFLS_for) } = 154.10704                    
 BIC { p(~effort)Psi(~pctex21 + pctrock + pctBrBnk + HAiFLS_for) } = 173.73627                    
 Pearson Chisquare { p(~effort)Psi(~pctex21 + pctrock + pctBrBnk + HAiFLS_for) } = 580.77268                  


 LOGIT Link Function Parameters of { p(~effort)Psi(~pctex21 + pctrock + pctBrBnk + HAiFLS_for) }
                                                              95% Confidence Interval
 Parameter                    Beta         Standard Error      Lower           Upper
 -------------------------  --------------  --------------  --------------  --------------
    1:p:(Intercept)         -0.4988924       0.7006043      -1.8720768       0.8742921    
    2:p:effort               0.0017021       0.8065155E-03   0.1213028E-03   0.0032828    
    3:Psi:(Intercept)       -1.5574338       1.0834830      -3.6810604       0.5661929    
    4:Psi:pctex21           -0.6896816       0.2569932      -1.1933883      -0.1859750    
    5:Psi:pctrock            0.0096606       0.0124676      -0.0147758       0.0340970    
    6:Psi:pctBrBnk          -0.7022359       0.6299782      -1.9369931       0.5325214    
    7:Psi:HAiFLS_for         0.0199976       0.0101104       0.1812952E-03   0.0398140    


 Real Function Parameters of { p(~effort)Psi(~pctex21 + pctrock + pctBrBnk + HAiFLS_for) }

      Following estimates based on unstandardized individual covariate values:
          Variable   Value         
          ---------  ------------- 
          EFFORT1     906.23188    
          EFFORT2     834.18841    
          EFFORT3     818.18116    
          PCTEX21     4.8306834    
          PCTROCK     68.678238    
          PCTBRBNK    0.8740586    
          HAIFLS_FOR  26.272482    
                                                               95% Confidence Interval
  Parameter                  Estimate       Standard Error      Lower           Upper
 --------------------------  --------------  --------------  --------------  --------------
     1:p g1 a0 t1             0.7395403       0.0739282       0.5723213       0.8576409                          
     2:p g1 a1 t2             0.7152371       0.0749791       0.5496886       0.8378751                          
     3:p g1 a2 t3             0.7096556       0.0753747       0.5440627       0.8335106                          
     4:Psi g1 a0 t1           0.0132032       0.0146076       0.0014841       0.1075019                          


                      Estimates of Derived Parameters
 Occupancy Estimates of { p(~effort)Psi(~pctex21 + pctrock + pctBrBnk + HAiFLS_for) }
                                            95% Confidence Interval
 Group   Psi-hat         Standard Error      Lower           Upper
 -----   --------------  --------------  --------------  --------------
   1      0.0132032       0.0146076       0.0014841       0.1075019    

  Program  MARK  - Survival Rate Estimation with Capture-Recapture Data
   gfortran(dble) Vers. 9.0 Mar 2018    12-Dec-2019 15:58:53    Page  004
 - - - - - - - - - - - - - - - - - - - - - - - - - - - - - - - - - - - - - -
 

   CPU Time for the last procedure was 0.03 seconds.     


  INPUT --- proc stop;

     CPU Time in minutes for this job was 0.00

     Time Start = 15:58:53.053   Time End = 15:58:53.182

     Wall Clock Time in minutes for this job was 0.00


          E X E C U T I O N   S U C C E S S F U L 
