
   Program  MARK  - Survival Rate Estimation with Capture-Recapture Data
   gfortran(dble) Vers. 9.0 Mar 2018    11-Dec-2019 13:39:20    Page  001
 - - - - - - - - - - - - - - - - - - - - - - - - - - - - - - - - - - - - - -
 
   This version was compiled by GCC version 7.2.0 using the options: 
     -cpp -iprefix C:/Program Files/mingw-w64/x86_64-7.2.0-posix-seh-rt_v5-rev1/
     mingw64/bin/../lib/gcc/x86_64-w64-mingw32/7.2.0/ -D_MT -D_REENTRANT
     -U_REENTRANT -D IEEE -D DBLEPRECISION -m64 -mtune=core2 -march=nocona -mthreads
     -O2 -fimplicit-none -fbounds-check -funroll-loops -ftree-vectorize
     -ffpe-summary=invalid,zero,overflow,underflow -fno-unsafe-math-optimizations
     -frounding-math -fsignaling-nans -fopenmp.

   This problem will use 7 of 8 possible threads.


  INPUT --- proc title ;

   CPU Time for the last procedure was 0.01 seconds.     


  INPUT --- proc chmatrix occasions= 3 groups= 1 etype= Occupancy 
  INPUT --- Nodes= 101 icovar = 8 ICMeans  NoHist hist= 138 ;

  INPUT ---    time interval 1 1 1 ;

  INPUT ---     icovariates effort1 effort2 effort3 pctex21 pctrock  
  INPUT ---    pctBrBnk pctShade HAiFLS_for ;

  INPUT ---    glabel(1)=freq1;

      Number of unique encounter histories read was 138.

      Number of individual covariates read was 8.
      Time interval lengths are all equal to 1.

      Data type number is 27
      Data type is Occupancy Estimation with Detection < 1                                                             

   CPU Time for the last procedure was 0.02 seconds.     

  Program  MARK  - Survival Rate Estimation with Capture-Recapture Data
   gfortran(dble) Vers. 9.0 Mar 2018    11-Dec-2019 13:39:20    Page  002
 - - - - - - - - - - - - - - - - - - - - - - - - - - - - - - - - - - - - - -
 


  INPUT --- proc estimate link=Logit NOLOOP varest=2ndPart    ;


  INPUT --- model={ p(~effort)Psi(~pctex21 + pctrock + pctBrBnk + 
  INPUT --- pctShade + HAiFLS_for) };

  INPUT ---    group=1 p    rows=1 cols=3 Square ;
  INPUT ---        1 2 3 ;

  INPUT ---    group=1 Psi    rows=1 cols=1 Square ;
  INPUT ---        4 ;

  INPUT ---    design matrix constraints=4 covariates=8;
  INPUT ---        1 effort1 0 0 0 0 0 0;
  INPUT ---        1 effort2 0 0 0 0 0 0;
  INPUT ---        1 effort3 0 0 0 0 0 0;
  INPUT ---        0 0 1 pctex21 pctrock pctBrBnk pctShade HAiFLS_for;
  INPUT ---       blabel(1)=p:(Intercept);
  INPUT ---       blabel(2)=p:effort;
  INPUT ---       blabel(3)=Psi:(Intercept);
  INPUT ---       blabel(4)=Psi:pctex21;
  INPUT ---       blabel(5)=Psi:pctrock;
  INPUT ---       blabel(6)=Psi:pctBrBnk;
  INPUT ---       blabel(7)=Psi:pctShade;
  INPUT ---       blabel(8)=Psi:HAiFLS_for;
  INPUT ---       rlabel(1)=p g1 a0 t1;
  INPUT ---       rlabel(2)=p g1 a1 t2;
  INPUT ---       rlabel(3)=p g1 a2 t3;
  INPUT ---       rlabel(4)=Psi g1 a0 t1;

 Link Function Used is LOGIT        

 Variance Estimation Procedure Used is 2ndPart 
 -2logL(saturated) = 0.0000000     
 Effective Sample Size = 138

 Number of function evaluations was 26 for 8 parameters.
 Time for numerical optimization was 0.05 seconds.     
 -2logL { p(~effort)Psi(~pctex21 + pctrock + pctBrBnk + pctShade + HAiFLS_for) } = 139.18448     
 Penalty { p(~effort)Psi(~pctex21 + pctrock + pctBrBnk + pctShade + HAiFLS_for) } = 0.0000000     
 Gradient { p(~effort)Psi(~pctex21 + pctrock + pctBrBnk + pctShade + HAiFLS_for) }:
  0.5098134E-05  0.4904948E-06  0.2203841E-05  0.1711715E-06  0.8998441E-06
   0.000000      0.4447457E-05  0.6122215E-06
 Maximum ABS(G) { p(~effort)Psi(~pctex21 + pctrock + pctBrBnk + pctShade + HAiFLS_for) } = 0.5098134E-05 

  Program  MARK  - Survival Rate Estimation with Capture-Recapture Data
   gfortran(dble) Vers. 9.0 Mar 2018    11-Dec-2019 13:39:21    Page  003
 - - - - - - - - - - - - - - - - - - - - - - - - - - - - - - - - - - - - - -
 
 S Vector { p(~effort)Psi(~pctex21 + pctrock + pctBrBnk + pctShade + HAiFLS_for) }:
   24.86171      7.834010      1.207238     0.6912072     0.4055561    
  0.1976854     0.9343819E-01 0.1575129E-01
 Time to compute number of parameters was 0.01 seconds.     
 Ratio Threshold = 50.000000       Max Gap (2/3) = 6.4892023       Next Max Gap (7/8) = 5.9320958     
 Gap Method for Num. of Estimated Parameters { p(~effort)Psi(~pctex21 + pctrock + pctBrBnk + pctShade + HAiFLS_for) } = 8          
 Threshold { p(~effort)Psi(~pctex21 + pctrock + pctBrBnk + pctShade + HAiFLS_for) } = 0.1019627E-04                 
 Numerical Threshold Method for Num. of Estimated Parameters { p(~effort)Psi(~pctex21 + pctrock + pctBrBnk + pctShade + HAiFLS_for) } = 8          
 Number of Estimated Parameters { p(~effort)Psi(~pctex21 + pctrock + pctBrBnk + pctShade + HAiFLS_for) } = 8          
 DEVIANCE { p(~effort)Psi(~pctex21 + pctrock + pctBrBnk + pctShade + HAiFLS_for) } = 139.18448                     
 DEVIANCE Degrees of Freedom { p(~effort)Psi(~pctex21 + pctrock + pctBrBnk + pctShade + HAiFLS_for) } = 130            
 c-hat { p(~effort)Psi(~pctex21 + pctrock + pctBrBnk + pctShade + HAiFLS_for) } = 1.0706498                     
 AIC { p(~effort)Psi(~pctex21 + pctrock + pctBrBnk + pctShade + HAiFLS_for) } = 155.18448                  
 AICc { p(~effort)Psi(~pctex21 + pctrock + pctBrBnk + pctShade + HAiFLS_for) } = 156.30076                    
 BIC { p(~effort)Psi(~pctex21 + pctrock + pctBrBnk + pctShade + HAiFLS_for) } = 178.60251                    
 Pearson Chisquare { p(~effort)Psi(~pctex21 + pctrock + pctBrBnk + pctShade + HAiFLS_for) } = 568.23262                  


 LOGIT Link Function Parameters of { p(~effort)Psi(~pctex21 + pctrock + pctBrBnk + pctShade + HAiFLS_for) }
                                                              95% Confidence Interval
 Parameter                    Beta         Standard Error      Lower           Upper
 -------------------------  --------------  --------------  --------------  --------------
    1:p:(Intercept)         -0.4965073       0.6998249      -1.8681641       0.8751495    
    2:p:effort               0.0016994       0.8056003E-03   0.1204325E-03   0.0032784    
    3:Psi:(Intercept)       -1.5963971       1.1059803      -3.7641186       0.5713244    
    4:Psi:pctex21           -0.6873384       0.2568694      -1.1908025      -0.1838744    
    5:Psi:pctrock            0.0111964       0.0140481      -0.0163378       0.0387307    
    6:Psi:pctBrBnk          -0.6573792       0.6521023      -1.9354997       0.6207413    
    7:Psi:pctShade          -0.0028832       0.0116915      -0.0257986       0.0200322    
    8:Psi:HAiFLS_for         0.0211797       0.0112108      -0.7935493E-03   0.0431529    


 Real Function Parameters of { p(~effort)Psi(~pctex21 + pctrock + pctBrBnk + pctShade + HAiFLS_for) }

      Following estimates based on unstandardized individual covariate values:
          Variable   Value         
          ---------  ------------- 
          EFFORT1     906.23188    
          EFFORT2     834.18841    
          EFFORT3     818.18116    
          PCTEX21     4.8306834    
          PCTROCK     68.678238    
          PCTBRBNK    0.8740586    
          PCTSHADE    48.614931    
          HAIFLS_FOR  26.272482    
                                                               95% Confidence Interval
  Parameter                  Estimate       Standard Error      Lower           Upper
 --------------------------  --------------  --------------  --------------  --------------
     1:p g1 a0 t1             0.7395347       0.0739282       0.5723165       0.8576362                          
     2:p g1 a1 t2             0.7152703       0.0749734       0.5497300       0.8378966                          
     3:p g1 a2 t3             0.7096979       0.0753673       0.5441158       0.8335379                          
     4:Psi g1 a0 t1           0.0133070       0.0147252       0.0014949       0.1083287                          


                      Estimates of Derived Parameters
 Occupancy Estimates of { p(~effort)Psi(~pctex21 + pctrock + pctBrBnk + pctShade + HAiFLS_for) }
                                            95% Confidence Interval
 Group   Psi-hat         Standard Error      Lower           Upper
 -----   --------------  --------------  --------------  --------------

  Program  MARK  - Survival Rate Estimation with Capture-Recapture Data
   gfortran(dble) Vers. 9.0 Mar 2018    11-Dec-2019 13:39:21    Page  004
 - - - - - - - - - - - - - - - - - - - - - - - - - - - - - - - - - - - - - -
 
   1      0.0133070       0.0147252       0.0014949       0.1083287    

   CPU Time for the last procedure was 0.05 seconds.     


  INPUT --- proc stop;

     CPU Time in minutes for this job was 0.00

     Time Start = 13:39:20.153   Time End = 13:39:21.449

     Wall Clock Time in minutes for this job was 0.02


          E X E C U T I O N   S U C C E S S F U L 
