
   Program  MARK  - Survival Rate Estimation with Capture-Recapture Data
   gfortran(dble) Vers. 9.0 Mar 2018    12-Dec-2019 15:58:14    Page  001
 - - - - - - - - - - - - - - - - - - - - - - - - - - - - - - - - - - - - - -
 
   This version was compiled by GCC version 7.2.0 using the options: 
     -cpp -iprefix C:/Program Files/mingw-w64/x86_64-7.2.0-posix-seh-rt_v5-rev1/
     mingw64/bin/../lib/gcc/x86_64-w64-mingw32/7.2.0/ -D_MT -D_REENTRANT
     -U_REENTRANT -D IEEE -D DBLEPRECISION -m64 -mtune=core2 -march=nocona -mthreads
     -O2 -fimplicit-none -fbounds-check -funroll-loops -ftree-vectorize
     -ffpe-summary=invalid,zero,overflow,underflow -fno-unsafe-math-optimizations
     -frounding-math -fsignaling-nans -fopenmp.

   This problem will use 7 of 8 possible threads.


  INPUT --- proc title ;

   CPU Time for the last procedure was 0.01 seconds.     


  INPUT --- proc chmatrix occasions= 3 groups= 1 etype= Occupancy 
  INPUT --- Nodes= 101 icovar = 5 ICMeans  NoHist hist= 138 ;

  INPUT ---    time interval 1 1 1 ;

  INPUT ---     icovariates pctex21 pctpool pctrock pctShade HAiFLS_for ;

  INPUT ---    glabel(1)=freq1;

      Number of unique encounter histories read was 138.

      Number of individual covariates read was 5.
      Time interval lengths are all equal to 1.

      Data type number is 27
      Data type is Occupancy Estimation with Detection < 1                                                             

   CPU Time for the last procedure was 0.01 seconds.     

  Program  MARK  - Survival Rate Estimation with Capture-Recapture Data
   gfortran(dble) Vers. 9.0 Mar 2018    12-Dec-2019 15:58:14    Page  002
 - - - - - - - - - - - - - - - - - - - - - - - - - - - - - - - - - - - - - -
 


  INPUT --- proc estimate link=Logit NOLOOP varest=2ndPart    ;


  INPUT --- model={ p(~1)Psi(~pctex21 + pctpool + pctrock + pctShade + 
  INPUT --- HAiFLS_for) };

  INPUT ---    group=1 p    rows=1 cols=3 Square ;
  INPUT ---        1 1 1 ;

  INPUT ---    group=1 Psi    rows=1 cols=1 Square ;
  INPUT ---        2 ;

  INPUT ---    design matrix constraints=2 covariates=7;
  INPUT ---        1 0 0 0 0 0 0;
  INPUT ---        0 1 pctex21 pctpool pctrock pctShade HAiFLS_for;
  INPUT ---       blabel(1)=p:(Intercept);
  INPUT ---       blabel(2)=Psi:(Intercept);
  INPUT ---       blabel(3)=Psi:pctex21;
  INPUT ---       blabel(4)=Psi:pctpool;
  INPUT ---       blabel(5)=Psi:pctrock;
  INPUT ---       blabel(6)=Psi:pctShade;
  INPUT ---       blabel(7)=Psi:HAiFLS_for;
  INPUT ---       rlabel(1)=p g1 a0 t1;
  INPUT ---       rlabel(2)=Psi g1 a0 t1;

 Link Function Used is LOGIT        

 Variance Estimation Procedure Used is 2ndPart 
 -2logL(saturated) = 0.0000000     
 Effective Sample Size = 138

 Number of function evaluations was 25 for 7 parameters.
 Time for numerical optimization was 0.02 seconds.     
 -2logL { p(~1)Psi(~pctex21 + pctpool + pctrock + pctShade + HAiFLS_for) } = 145.31422     
 Penalty { p(~1)Psi(~pctex21 + pctpool + pctrock + pctShade + HAiFLS_for) } = 0.0000000     
 Gradient { p(~1)Psi(~pctex21 + pctpool + pctrock + pctShade + HAiFLS_for) }:
  0.2936223E-05  0.4572856E-06  0.8209687E-07 -0.7131307E-06  0.6037317E-06
   0.000000     -0.5949928E-06
 Maximum ABS(G) { p(~1)Psi(~pctex21 + pctpool + pctrock + pctShade + HAiFLS_for) } = 0.2936223E-05 
 S Vector { p(~1)Psi(~pctex21 + pctpool + pctrock + pctShade + HAiFLS_for) }:
   26.59414      9.687734      1.198222     0.8876251     0.6121993    
  0.2065711     0.1690926E-01
 Time to compute number of parameters was 0.02 seconds.     
 Ratio Threshold = 50.000000       Max Gap (6/7) = 12.216448       Next Max Gap (2/3) = 8.0850914     
 Gap Method for Num. of Estimated Parameters { p(~1)Psi(~pctex21 + pctpool + pctrock + pctShade + HAiFLS_for) } = 7          
 Threshold { p(~1)Psi(~pctex21 + pctpool + pctrock + pctShade + HAiFLS_for) } = 0.5872446E-05                 
 Numerical Threshold Method for Num. of Estimated Parameters { p(~1)Psi(~pctex21 + pctpool + pctrock + pctShade + HAiFLS_for) } = 7          
 Number of Estimated Parameters { p(~1)Psi(~pctex21 + pctpool + pctrock + pctShade + HAiFLS_for) } = 7          
 DEVIANCE { p(~1)Psi(~pctex21 + pctpool + pctrock + pctShade + HAiFLS_for) } = 145.31422                     
 DEVIANCE Degrees of Freedom { p(~1)Psi(~pctex21 + pctpool + pctrock + pctShade + HAiFLS_for) } = 131            
 c-hat { p(~1)Psi(~pctex21 + pctpool + pctrock + pctShade + HAiFLS_for) } = 1.1092688                     
 AIC { p(~1)Psi(~pctex21 + pctpool + pctrock + pctShade + HAiFLS_for) } = 159.31422                  
 AICc { p(~1)Psi(~pctex21 + pctpool + pctrock + pctShade + HAiFLS_for) } = 160.17576                    
 BIC { p(~1)Psi(~pctex21 + pctpool + pctrock + pctShade + HAiFLS_for) } = 179.80500                    
 Pearson Chisquare { p(~1)Psi(~pctex21 + pctpool + pctrock + pctShade + HAiFLS_for) } = 797.05399                  

  Program  MARK  - Survival Rate Estimation with Capture-Recapture Data
   gfortran(dble) Vers. 9.0 Mar 2018    12-Dec-2019 15:58:14    Page  003
 - - - - - - - - - - - - - - - - - - - - - - - - - - - - - - - - - - - - - -
 


 LOGIT Link Function Parameters of { p(~1)Psi(~pctex21 + pctpool + pctrock + pctShade + HAiFLS_for) }
                                                              95% Confidence Interval
 Parameter                    Beta         Standard Error      Lower           Upper
 -------------------------  --------------  --------------  --------------  --------------
    1:p:(Intercept)          0.9487778       0.3210035       0.3196109       1.5779447    
    2:Psi:(Intercept)       -3.1710225       1.3277120      -5.7733381      -0.5687069    
    3:Psi:pctex21           -0.7179207       0.2481648      -1.2043237      -0.2315176    
    4:Psi:pctpool            0.0211530       0.0169844      -0.0121365       0.0544425    
    5:Psi:pctrock            0.0215927       0.0157899      -0.0093556       0.0525409    
    6:Psi:pctShade          -0.0084157       0.0112282      -0.0304230       0.0135915    
    7:Psi:HAiFLS_for         0.0220829       0.0111459       0.2369281E-03   0.0439288    


 Real Function Parameters of { p(~1)Psi(~pctex21 + pctpool + pctrock + pctShade + HAiFLS_for) }

      Following estimates based on unstandardized individual covariate values:
          Variable   Value         
          ---------  ------------- 
          PCTEX21     4.8306834    
          PCTPOOL     25.664251    
          PCTROCK     68.678238    
          PCTSHADE    48.614931    
          HAIFLS_FOR  26.272482    
                                                               95% Confidence Interval
  Parameter                  Estimate       Standard Error      Lower           Upper
 --------------------------  --------------  --------------  --------------  --------------
     1:p g1 a0 t1             0.7208693       0.0645913       0.5792294       0.8289132                          
     2:Psi g1 a0 t1           0.0116330       0.0127199       0.0013443       0.0933116                          


                      Estimates of Derived Parameters
 Occupancy Estimates of { p(~1)Psi(~pctex21 + pctpool + pctrock + pctShade + HAiFLS_for) }
                                            95% Confidence Interval
 Group   Psi-hat         Standard Error      Lower           Upper
 -----   --------------  --------------  --------------  --------------
   1      0.0116330       0.0127199       0.0013443       0.0933116    

   CPU Time for the last procedure was 0.03 seconds.     

  Program  MARK  - Survival Rate Estimation with Capture-Recapture Data
   gfortran(dble) Vers. 9.0 Mar 2018    12-Dec-2019 15:58:14    Page  004
 - - - - - - - - - - - - - - - - - - - - - - - - - - - - - - - - - - - - - -
 


  INPUT --- proc stop;

     CPU Time in minutes for this job was 0.00

     Time Start = 15:58:14.420   Time End = 15:58:14.548

     Wall Clock Time in minutes for this job was 0.00


          E X E C U T I O N   S U C C E S S F U L 
