
   Program  MARK  - Survival Rate Estimation with Capture-Recapture Data
   gfortran(dble) Vers. 9.0 Mar 2018    12-Dec-2019 16:40:06    Page  001
 - - - - - - - - - - - - - - - - - - - - - - - - - - - - - - - - - - - - - -
 
   This version was compiled by GCC version 7.2.0 using the options: 
     -cpp -iprefix C:/Program Files/mingw-w64/x86_64-7.2.0-posix-seh-rt_v5-rev1/
     mingw64/bin/../lib/gcc/x86_64-w64-mingw32/7.2.0/ -D_MT -D_REENTRANT
     -U_REENTRANT -D IEEE -D DBLEPRECISION -m64 -mtune=core2 -march=nocona -mthreads
     -O2 -fimplicit-none -fbounds-check -funroll-loops -ftree-vectorize
     -ffpe-summary=invalid,zero,overflow,underflow -fno-unsafe-math-optimizations
     -frounding-math -fsignaling-nans -fopenmp.

   This problem will use 2 of 8 possible threads.


  INPUT --- proc title ;

   CPU Time for the last procedure was 0.01 seconds.     


  INPUT --- proc chmatrix occasions= 1 groups= 4 etype= Known Nodes= 
  INPUT --- 101 ICMeans NoHist hist= 8 ;

  INPUT ---    time interval 1 ;

  INPUT ---    glabel(1)=areacontrol.sexfemale;

  INPUT ---    glabel(2)=areatreatment.sexfemale;

  INPUT ---    glabel(3)=areacontrol.sexmale;

  INPUT ---    glabel(4)=areatreatment.sexmale;

   * *  WARNING  * *   At least a pair of the encounter histories are duplicates. 

      Number of unique encounter histories read was 2.

      Number of individual covariates read was 0.
      Time interval lengths are all equal to 1.

      Data type number is 4
      Data type is Known Fate                                                                                          

   CPU Time for the last procedure was 0.01 seconds.     

  Program  MARK  - Survival Rate Estimation with Capture-Recapture Data
   gfortran(dble) Vers. 9.0 Mar 2018    12-Dec-2019 16:40:06    Page  002
 - - - - - - - - - - - - - - - - - - - - - - - - - - - - - - - - - - - - - -
 


  INPUT --- proc estimate link=Logit NOLOOP varest=2ndPart    ;


  INPUT --- model={ S(~sex) };

  INPUT ---    group=1 S    rows=1 cols=1 Square ;
  INPUT ---        1 ;

  INPUT ---    group=2 S    rows=1 cols=1 Square ;
  INPUT ---        1 ;

  INPUT ---    group=3 S    rows=1 cols=1 Square ;
  INPUT ---        2 ;

  INPUT ---    group=4 S    rows=1 cols=1 Square ;
  INPUT ---        2 ;

  INPUT ---    design matrix constraints=2 covariates=2;
  INPUT ---        1 0;
  INPUT ---        1 1;
  INPUT ---       blabel(1)=S:(Intercept);
  INPUT ---       blabel(2)=S:sexmale;
  INPUT ---       rlabel(1)=S gcontrolfemale a1 t2;
  INPUT ---       rlabel(2)=S gcontrolmale a1 t2;

 Link Function Used is LOGIT        

 Variance Estimation Procedure Used is 2ndPart 
 -2logL(saturated) = 149.73600     
 Effective Sample Size = 114

 Number of function evaluations was 7 for 2 parameters.
 Time for numerical optimization was 0.01 seconds.     
 -2logL { S(~sex) } = 150.09789     
 Penalty { S(~sex) } = 0.0000000     
 Gradient { S(~sex) }:
   0.000000     -0.2109571E-05
 Maximum ABS(G) { S(~sex) } = 0.2109571E-05 
 S Vector { S(~sex) }:
   33.66579      5.211403    
 Time to compute number of parameters was 0.01 seconds.     
 Gap Method for Num. of Estimated Parameters { S(~sex) } = 2          
 Threshold { S(~sex) } = 0.4219142E-05                 
 Numerical Threshold Method for Num. of Estimated Parameters { S(~sex) } = 2          
 Number of Estimated Parameters { S(~sex) } = 2          
 DEVIANCE { S(~sex) } = 0.3618895                     
 DEVIANCE Degrees of Freedom { S(~sex) } = 2            
 c-hat { S(~sex) } = 0.1809447                     
 AIC { S(~sex) } = 154.09789                  
 AICc { S(~sex) } = 154.20599                    
 BIC { S(~sex) } = 159.57028                    
 Pearson Chisquare { S(~sex) } = 0.3626406                  
 Possible Encounter Histories { S(~sex) } = 8             
 Pearson Chisquare df { S(~sex) } = 2        
 Pearson chat { S(~sex) } = 0.1813203                  
 Sum(Observed/Expected) { S(~sex) } = 8.0170436                  
 Fletcher chat { S(~sex) } = 0.1809348                  

  Program  MARK  - Survival Rate Estimation with Capture-Recapture Data
   gfortran(dble) Vers. 9.0 Mar 2018    12-Dec-2019 16:40:06    Page  003
 - - - - - - - - - - - - - - - - - - - - - - - - - - - - - - - - - - - - - -
 


                         LOGIT Link Function Parameters of { S(~sex) }
                                                              95% Confidence Interval
 Parameter                    Beta         Standard Error      Lower           Upper
 -------------------------  --------------  --------------  --------------  --------------
    1:S:(Intercept)          0.0350913       0.2649472      -0.4842053       0.5543879    
    2:S:sexmale             -0.8082813       0.3890933      -1.5709042      -0.0456583    


                         Real Function Parameters of { S(~sex) }
                                                               95% Confidence Interval
  Parameter                  Estimate       Standard Error      Lower           Upper
 --------------------------  --------------  --------------  --------------  --------------
     1:S gcontrolfemale a1    0.5087719       0.0662164       0.3812596       0.6351530                          
     2:S gcontrolmale a1 t2   0.3157895       0.0615682       0.2088796       0.4465333                          


                     Estimates of Derived Parameters

                   Survival Estimates of { S(~sex) }

       Pr. Surviving
        Duration of                   95% Confidence Interval
 Group     Study      Standard Error     Lower          Upper     
 ----- -------------- -------------- -------------- --------------
   1    0.5087719      0.0662164      0.3812596      0.6351530    
   2    0.5087719      0.0662164      0.3812596      0.6351530    
   3    0.3157895      0.0615682      0.2088796      0.4465333    
   4    0.3157895      0.0615682      0.2088796      0.4465333    

   CPU Time for the last procedure was 0.01 seconds.     

  Program  MARK  - Survival Rate Estimation with Capture-Recapture Data
   gfortran(dble) Vers. 9.0 Mar 2018    12-Dec-2019 16:40:06    Page  004
 - - - - - - - - - - - - - - - - - - - - - - - - - - - - - - - - - - - - - -
 


  INPUT --- proc stop;

     CPU Time in minutes for this job was 0.00

     Time Start = 16:40:06.137   Time End = 16:40:06.142

     Wall Clock Time in minutes for this job was 0.00


          E X E C U T I O N   S U C C E S S F U L 
