
   Program  MARK  - Survival Rate Estimation with Capture-Recapture Data
   gfortran(dble) Vers. 9.0 Mar 2018    12-Dec-2019 15:58:36    Page  001
 - - - - - - - - - - - - - - - - - - - - - - - - - - - - - - - - - - - - - -
 
   This version was compiled by GCC version 7.2.0 using the options: 
     -cpp -iprefix C:/Program Files/mingw-w64/x86_64-7.2.0-posix-seh-rt_v5-rev1/
     mingw64/bin/../lib/gcc/x86_64-w64-mingw32/7.2.0/ -D_MT -D_REENTRANT
     -U_REENTRANT -D IEEE -D DBLEPRECISION -m64 -mtune=core2 -march=nocona -mthreads
     -O2 -fimplicit-none -fbounds-check -funroll-loops -ftree-vectorize
     -ffpe-summary=invalid,zero,overflow,underflow -fno-unsafe-math-optimizations
     -frounding-math -fsignaling-nans -fopenmp.

   This problem will use 7 of 8 possible threads.


  INPUT --- proc title ;

   CPU Time for the last procedure was 0.02 seconds.     


  INPUT --- proc chmatrix occasions= 3 groups= 1 etype= Occupancy 
  INPUT --- Nodes= 101 icovar = 7 ICMeans  NoHist hist= 138 ;

  INPUT ---    time interval 1 1 1 ;

  INPUT ---     icovariates effort1 effort2 effort3 pctex21 pctrock  
  INPUT ---    pctShade pctBrBnk ;

  INPUT ---    glabel(1)=freq1;

      Number of unique encounter histories read was 138.

      Number of individual covariates read was 7.
      Time interval lengths are all equal to 1.

      Data type number is 27
      Data type is Occupancy Estimation with Detection < 1                                                             

   CPU Time for the last procedure was 0.01 seconds.     

  Program  MARK  - Survival Rate Estimation with Capture-Recapture Data
   gfortran(dble) Vers. 9.0 Mar 2018    12-Dec-2019 15:58:36    Page  002
 - - - - - - - - - - - - - - - - - - - - - - - - - - - - - - - - - - - - - -
 


  INPUT --- proc estimate link=Logit NOLOOP varest=2ndPart    ;


  INPUT --- model={ p(~effort)Psi(~pctex21 + pctrock + pctShade + 
  INPUT --- pctBrBnk) };

  INPUT ---    group=1 p    rows=1 cols=3 Square ;
  INPUT ---        1 2 3 ;

  INPUT ---    group=1 Psi    rows=1 cols=1 Square ;
  INPUT ---        4 ;

  INPUT ---    design matrix constraints=4 covariates=7;
  INPUT ---        1 effort1 0 0 0 0 0;
  INPUT ---        1 effort2 0 0 0 0 0;
  INPUT ---        1 effort3 0 0 0 0 0;
  INPUT ---        0 0 1 pctex21 pctrock pctShade pctBrBnk;
  INPUT ---       blabel(1)=p:(Intercept);
  INPUT ---       blabel(2)=p:effort;
  INPUT ---       blabel(3)=Psi:(Intercept);
  INPUT ---       blabel(4)=Psi:pctex21;
  INPUT ---       blabel(5)=Psi:pctrock;
  INPUT ---       blabel(6)=Psi:pctShade;
  INPUT ---       blabel(7)=Psi:pctBrBnk;
  INPUT ---       rlabel(1)=p g1 a0 t1;
  INPUT ---       rlabel(2)=p g1 a1 t2;
  INPUT ---       rlabel(3)=p g1 a2 t3;
  INPUT ---       rlabel(4)=Psi g1 a0 t1;

 Link Function Used is LOGIT        

 Variance Estimation Procedure Used is 2ndPart 
 -2logL(saturated) = 0.0000000     
 Effective Sample Size = 138

 Number of function evaluations was 24 for 7 parameters.
 Time for numerical optimization was 0.02 seconds.     
 -2logL { p(~effort)Psi(~pctex21 + pctrock + pctShade + pctBrBnk) } = 142.89532     
 Penalty { p(~effort)Psi(~pctex21 + pctrock + pctShade + pctBrBnk) } = 0.0000000     
 Gradient { p(~effort)Psi(~pctex21 + pctrock + pctShade + pctBrBnk) }:
 -0.1233248E-05   0.000000      0.9158103E-06 -0.9452882E-07   0.000000    
   0.000000     -0.5056430E-06
 Maximum ABS(G) { p(~effort)Psi(~pctex21 + pctrock + pctShade + pctBrBnk) } = 0.1233248E-05 

  Program  MARK  - Survival Rate Estimation with Capture-Recapture Data
   gfortran(dble) Vers. 9.0 Mar 2018    12-Dec-2019 15:58:37    Page  003
 - - - - - - - - - - - - - - - - - - - - - - - - - - - - - - - - - - - - - -
 
 S Vector { p(~effort)Psi(~pctex21 + pctrock + pctShade + pctBrBnk) }:
   23.90560      7.612266     0.9828707     0.4897477     0.2148174    
  0.8995494E-01 0.1858204E-01
 Time to compute number of parameters was 0.01 seconds.     
 Ratio Threshold = 50.000000       Max Gap (2/3) = 7.7449312       Next Max Gap (6/7) = 4.8409628     
 Gap Method for Num. of Estimated Parameters { p(~effort)Psi(~pctex21 + pctrock + pctShade + pctBrBnk) } = 7          
 Threshold { p(~effort)Psi(~pctex21 + pctrock + pctShade + pctBrBnk) } = 0.2466497E-05                 
 Numerical Threshold Method for Num. of Estimated Parameters { p(~effort)Psi(~pctex21 + pctrock + pctShade + pctBrBnk) } = 7          
 Number of Estimated Parameters { p(~effort)Psi(~pctex21 + pctrock + pctShade + pctBrBnk) } = 7          
 DEVIANCE { p(~effort)Psi(~pctex21 + pctrock + pctShade + pctBrBnk) } = 142.89532                     
 DEVIANCE Degrees of Freedom { p(~effort)Psi(~pctex21 + pctrock + pctShade + pctBrBnk) } = 131            
 c-hat { p(~effort)Psi(~pctex21 + pctrock + pctShade + pctBrBnk) } = 1.0908040                     
 AIC { p(~effort)Psi(~pctex21 + pctrock + pctShade + pctBrBnk) } = 156.89532                  
 AICc { p(~effort)Psi(~pctex21 + pctrock + pctShade + pctBrBnk) } = 157.75686                    
 BIC { p(~effort)Psi(~pctex21 + pctrock + pctShade + pctBrBnk) } = 177.38610                    
 Pearson Chisquare { p(~effort)Psi(~pctex21 + pctrock + pctShade + pctBrBnk) } = 852.94299                  


 LOGIT Link Function Parameters of { p(~effort)Psi(~pctex21 + pctrock + pctShade + pctBrBnk) }
                                                              95% Confidence Interval
 Parameter                    Beta         Standard Error      Lower           Upper
 -------------------------  --------------  --------------  --------------  --------------
    1:p:(Intercept)         -0.5466053       0.7177610      -1.9534169       0.8602062    
    2:p:effort               0.0017420       0.8202135E-03   0.1343411E-03   0.0033496    
    3:Psi:(Intercept)       -1.0826897       1.0042691      -3.0510573       0.8856779    
    4:Psi:pctex21           -0.6192566       0.2366862      -1.0831616      -0.1553517    
    5:Psi:pctrock            0.0088533       0.0128287      -0.0162909       0.0339976    
    6:Psi:pctShade           0.0066332       0.0101390      -0.0132392       0.0265056    
    7:Psi:pctBrBnk          -0.8754079       0.6478627      -2.1452188       0.3944031    


 Real Function Parameters of { p(~effort)Psi(~pctex21 + pctrock + pctShade + pctBrBnk) }

      Following estimates based on unstandardized individual covariate values:
          Variable   Value         
          ---------  ------------- 
          EFFORT1     906.23188    
          EFFORT2     834.18841    
          EFFORT3     818.18116    
          PCTEX21     4.8306834    
          PCTROCK     68.678238    
          PCTSHADE    48.614931    
          PCTBRBNK    0.8740586    
                                                               95% Confidence Interval
  Parameter                  Estimate       Standard Error      Lower           Upper
 --------------------------  --------------  --------------  --------------  --------------
     1:p g1 a0 t1             0.7373062       0.0749086       0.5680691       0.8569335                          
     2:p g1 a1 t2             0.7122869       0.0761881       0.5443458       0.8368785                          
     3:p g1 a2 t3             0.7065389       0.0766420       0.5384579       0.8324554                          
     4:Psi g1 a0 t1           0.0196704       0.0196157       0.0027250       0.1284202                          


                      Estimates of Derived Parameters
 Occupancy Estimates of { p(~effort)Psi(~pctex21 + pctrock + pctShade + pctBrBnk) }
                                            95% Confidence Interval
 Group   Psi-hat         Standard Error      Lower           Upper
 -----   --------------  --------------  --------------  --------------
   1      0.0196704       0.0196157       0.0027250       0.1284202    

  Program  MARK  - Survival Rate Estimation with Capture-Recapture Data
   gfortran(dble) Vers. 9.0 Mar 2018    12-Dec-2019 15:58:37    Page  004
 - - - - - - - - - - - - - - - - - - - - - - - - - - - - - - - - - - - - - -
 

   CPU Time for the last procedure was 0.02 seconds.     


  INPUT --- proc stop;

     CPU Time in minutes for this job was 0.00

     Time Start = 15:58:36.817   Time End = 15:58:37.148

     Wall Clock Time in minutes for this job was 0.01


          E X E C U T I O N   S U C C E S S F U L 
