
   Program  MARK  - Survival Rate Estimation with Capture-Recapture Data
   gfortran(dble) Vers. 9.0 Mar 2018    13-Dec-2019 09:52:27    Page  001
 - - - - - - - - - - - - - - - - - - - - - - - - - - - - - - - - - - - - - -
 
   This version was compiled by GCC version 7.2.0 using the options: 
     -cpp -iprefix C:/Program Files/mingw-w64/x86_64-7.2.0-posix-seh-rt_v5-rev1/
     mingw64/bin/../lib/gcc/x86_64-w64-mingw32/7.2.0/ -D_MT -D_REENTRANT
     -U_REENTRANT -D IEEE -D DBLEPRECISION -m64 -mtune=core2 -march=nocona -mthreads
     -O2 -fimplicit-none -fbounds-check -funroll-loops -ftree-vectorize
     -ffpe-summary=invalid,zero,overflow,underflow -fno-unsafe-math-optimizations
     -frounding-math -fsignaling-nans -fopenmp.

   This problem will use 7 of 8 possible threads.


  INPUT --- proc title ;

   CPU Time for the last procedure was 0.01 seconds.     


  INPUT --- proc chmatrix occasions= 3 groups= 1 etype= Occupancy 
  INPUT --- Nodes= 101 icovar = 3 ICMeans  NoHist hist= 138 ;

  INPUT ---    time interval 1 1 1 ;

  INPUT ---     icovariates pctex21 pctrock pctBrBnk ;

  INPUT ---    glabel(1)=freq1;

      Number of unique encounter histories read was 138.

      Number of individual covariates read was 3.
      Time interval lengths are all equal to 1.

      Data type number is 27
      Data type is Occupancy Estimation with Detection < 1                                                             

   CPU Time for the last procedure was 0.01 seconds.     

  Program  MARK  - Survival Rate Estimation with Capture-Recapture Data
   gfortran(dble) Vers. 9.0 Mar 2018    13-Dec-2019 09:52:27    Page  002
 - - - - - - - - - - - - - - - - - - - - - - - - - - - - - - - - - - - - - -
 


  INPUT --- proc estimate link=Logit NOLOOP varest=2ndPart    ;


  INPUT --- model={ p(~1)Psi(~pctex21 + pctrock + pctBrBnk) };

  INPUT ---    group=1 p    rows=1 cols=3 Square ;
  INPUT ---        1 1 1 ;

  INPUT ---    group=1 Psi    rows=1 cols=1 Square ;
  INPUT ---        2 ;

  INPUT ---    design matrix constraints=2 covariates=5;
  INPUT ---        1 0 0 0 0;
  INPUT ---        0 1 pctex21 pctrock pctBrBnk;
  INPUT ---       blabel(1)=p:(Intercept);
  INPUT ---       blabel(2)=Psi:(Intercept);
  INPUT ---       blabel(3)=Psi:pctex21;
  INPUT ---       blabel(4)=Psi:pctrock;
  INPUT ---       blabel(5)=Psi:pctBrBnk;
  INPUT ---       rlabel(1)=p g1 a0 t1;
  INPUT ---       rlabel(2)=Psi g1 a0 t1;

 Link Function Used is LOGIT        

 Variance Estimation Procedure Used is 2ndPart 
 -2logL(saturated) = 0.0000000     
 Effective Sample Size = 138

 Number of function evaluations was 22 for 5 parameters.
 Time for numerical optimization was 0.01 seconds.     
 -2logL { p(~1)Psi(~pctex21 + pctrock + pctBrBnk) } = 150.19617     
 Penalty { p(~1)Psi(~pctex21 + pctrock + pctBrBnk) } = 0.0000000     
 Gradient { p(~1)Psi(~pctex21 + pctrock + pctBrBnk) }:
  0.2936040E-05  0.3450838E-05  0.9873116E-07  0.1705621E-05  0.1174271E-05
 Maximum ABS(G) { p(~1)Psi(~pctex21 + pctrock + pctBrBnk) } = 0.3450838E-05 
 S Vector { p(~1)Psi(~pctex21 + pctrock + pctBrBnk) }:
   21.09686      9.662930     0.5335425     0.2571722     0.1999061E-01
 Time to compute number of parameters was 0.02 seconds.     
 Ratio Threshold = 50.000000       Max Gap (2/3) = 18.110892       Next Max Gap (4/5) = 12.864649     
 Gap Method for Num. of Estimated Parameters { p(~1)Psi(~pctex21 + pctrock + pctBrBnk) } = 5          
 Threshold { p(~1)Psi(~pctex21 + pctrock + pctBrBnk) } = 0.6901676E-05                 
 Numerical Threshold Method for Num. of Estimated Parameters { p(~1)Psi(~pctex21 + pctrock + pctBrBnk) } = 5          
 Number of Estimated Parameters { p(~1)Psi(~pctex21 + pctrock + pctBrBnk) } = 5          
 DEVIANCE { p(~1)Psi(~pctex21 + pctrock + pctBrBnk) } = 150.19617                     
 DEVIANCE Degrees of Freedom { p(~1)Psi(~pctex21 + pctrock + pctBrBnk) } = 133            
 c-hat { p(~1)Psi(~pctex21 + pctrock + pctBrBnk) } = 1.1292945                     
 AIC { p(~1)Psi(~pctex21 + pctrock + pctBrBnk) } = 160.19617                  
 AICc { p(~1)Psi(~pctex21 + pctrock + pctBrBnk) } = 160.65071                    
 BIC { p(~1)Psi(~pctex21 + pctrock + pctBrBnk) } = 174.83244                    
 Pearson Chisquare { p(~1)Psi(~pctex21 + pctrock + pctBrBnk) } = 1361.8759                  


         LOGIT Link Function Parameters of { p(~1)Psi(~pctex21 + pctrock + pctBrBnk) }
                                                              95% Confidence Interval
 Parameter                    Beta         Standard Error      Lower           Upper
 -------------------------  --------------  --------------  --------------  --------------

  Program  MARK  - Survival Rate Estimation with Capture-Recapture Data
   gfortran(dble) Vers. 9.0 Mar 2018    13-Dec-2019 09:52:27    Page  003
 - - - - - - - - - - - - - - - - - - - - - - - - - - - - - - - - - - - - - -
 
    1:p:(Intercept)          0.9488990       0.3208582       0.3200169       1.5777811    
    2:Psi:(Intercept)       -1.2108817       0.9823966      -3.1363792       0.7146157    
    3:Psi:pctex21           -0.5915245       0.2281491      -1.0386967      -0.1443524    
    4:Psi:pctrock            0.0123654       0.0116332      -0.0104356       0.0351665    
    5:Psi:pctBrBnk          -0.7100736       0.5987898      -1.8837016       0.4635544    


         Real Function Parameters of { p(~1)Psi(~pctex21 + pctrock + pctBrBnk) }

      Following estimates based on unstandardized individual covariate values:
          Variable   Value         
          ---------  ------------- 
          PCTEX21     4.8306834    
          PCTROCK     68.678238    
          PCTBRBNK    0.8740586    
                                                               95% Confidence Interval
  Parameter                  Estimate       Standard Error      Lower           Upper
 --------------------------  --------------  --------------  --------------  --------------
     1:p g1 a0 t1             0.7208937       0.0645586       0.5793284       0.8288900                          
     2:Psi g1 a0 t1           0.0210463       0.0202493       0.0031222       0.1285952                          


                      Estimates of Derived Parameters
    Occupancy Estimates of { p(~1)Psi(~pctex21 + pctrock + pctBrBnk) }
                                            95% Confidence Interval
 Group   Psi-hat         Standard Error      Lower           Upper
 -----   --------------  --------------  --------------  --------------
   1      0.0210463       0.0202493       0.0031222       0.1285952    

   CPU Time for the last procedure was 0.02 seconds.     

  Program  MARK  - Survival Rate Estimation with Capture-Recapture Data
   gfortran(dble) Vers. 9.0 Mar 2018    13-Dec-2019 09:52:27    Page  004
 - - - - - - - - - - - - - - - - - - - - - - - - - - - - - - - - - - - - - -
 


  INPUT --- proc stop;

     CPU Time in minutes for this job was 0.00

     Time Start = 09:52:27.329   Time End = 09:52:27.518

     Wall Clock Time in minutes for this job was 0.00


          E X E C U T I O N   S U C C E S S F U L 
