
   Program  MARK  - Survival Rate Estimation with Capture-Recapture Data
   gfortran(dble) Vers. 9.0 Mar 2018    13-Dec-2019 09:51:04    Page  001
 - - - - - - - - - - - - - - - - - - - - - - - - - - - - - - - - - - - - - -
 
   This version was compiled by GCC version 7.2.0 using the options: 
     -cpp -iprefix C:/Program Files/mingw-w64/x86_64-7.2.0-posix-seh-rt_v5-rev1/
     mingw64/bin/../lib/gcc/x86_64-w64-mingw32/7.2.0/ -D_MT -D_REENTRANT
     -U_REENTRANT -D IEEE -D DBLEPRECISION -m64 -mtune=core2 -march=nocona -mthreads
     -O2 -fimplicit-none -fbounds-check -funroll-loops -ftree-vectorize
     -ffpe-summary=invalid,zero,overflow,underflow -fno-unsafe-math-optimizations
     -frounding-math -fsignaling-nans -fopenmp.

   This problem will use 7 of 8 possible threads.


  INPUT --- proc title ;

   CPU Time for the last procedure was 0.01 seconds.     


  INPUT --- proc chmatrix occasions= 3 groups= 1 etype= Occupancy 
  INPUT --- Nodes= 101 icovar = 5 ICMeans  NoHist hist= 138 ;

  INPUT ---    time interval 1 1 1 ;

  INPUT ---     icovariates effort1 effort2 effort3 pctBrBnk HAiFLS_for ;

  INPUT ---    glabel(1)=freq1;

      Number of unique encounter histories read was 138.

      Number of individual covariates read was 5.
      Time interval lengths are all equal to 1.

      Data type number is 27
      Data type is Occupancy Estimation with Detection < 1                                                             

   CPU Time for the last procedure was 0.01 seconds.     

  Program  MARK  - Survival Rate Estimation with Capture-Recapture Data
   gfortran(dble) Vers. 9.0 Mar 2018    13-Dec-2019 09:51:04    Page  002
 - - - - - - - - - - - - - - - - - - - - - - - - - - - - - - - - - - - - - -
 


  INPUT --- proc estimate link=Logit NOLOOP varest=2ndPart    ;


  INPUT --- model={ p(~effort)Psi(~pctBrBnk + HAiFLS_for) };

  INPUT ---    group=1 p    rows=1 cols=3 Square ;
  INPUT ---        1 2 3 ;

  INPUT ---    group=1 Psi    rows=1 cols=1 Square ;
  INPUT ---        4 ;

  INPUT ---    design matrix constraints=4 covariates=5;
  INPUT ---        1 effort1 0 0 0;
  INPUT ---        1 effort2 0 0 0;
  INPUT ---        1 effort3 0 0 0;
  INPUT ---        0 0 1 pctBrBnk HAiFLS_for;
  INPUT ---       blabel(1)=p:(Intercept);
  INPUT ---       blabel(2)=p:effort;
  INPUT ---       blabel(3)=Psi:(Intercept);
  INPUT ---       blabel(4)=Psi:pctBrBnk;
  INPUT ---       blabel(5)=Psi:HAiFLS_for;
  INPUT ---       rlabel(1)=p g1 a0 t1;
  INPUT ---       rlabel(2)=p g1 a1 t2;
  INPUT ---       rlabel(3)=p g1 a2 t3;
  INPUT ---       rlabel(4)=Psi g1 a0 t1;

 Link Function Used is LOGIT        

 Variance Estimation Procedure Used is 2ndPart 
 -2logL(saturated) = 0.0000000     
 Effective Sample Size = 138

 Number of function evaluations was 18 for 5 parameters.
 Time for numerical optimization was 0.06 seconds.     
 -2logL { p(~effort)Psi(~pctBrBnk + HAiFLS_for) } = 157.54570     
 Penalty { p(~effort)Psi(~pctBrBnk + HAiFLS_for) } = 0.0000000     
 Gradient { p(~effort)Psi(~pctBrBnk + HAiFLS_for) }:
  0.1344390E-05   0.000000     -0.8115494E-06   0.000000      0.6764365E-06
 Maximum ABS(G) { p(~effort)Psi(~pctBrBnk + HAiFLS_for) } = 0.1344390E-05 
 S Vector { p(~effort)Psi(~pctBrBnk + HAiFLS_for) }:
   17.63244      7.931323      1.243340     0.2511823     0.9957789E-01
 Time to compute number of parameters was 0.01 seconds.     
 Ratio Threshold = 50.000000       Max Gap (2/3) = 6.3790456       Next Max Gap (3/4) = 4.9499504     
 Gap Method for Num. of Estimated Parameters { p(~effort)Psi(~pctBrBnk + HAiFLS_for) } = 5          
 Threshold { p(~effort)Psi(~pctBrBnk + HAiFLS_for) } = 0.2688780E-05                 
 Numerical Threshold Method for Num. of Estimated Parameters { p(~effort)Psi(~pctBrBnk + HAiFLS_for) } = 5          
 Number of Estimated Parameters { p(~effort)Psi(~pctBrBnk + HAiFLS_for) } = 5          
 DEVIANCE { p(~effort)Psi(~pctBrBnk + HAiFLS_for) } = 157.54570                     
 DEVIANCE Degrees of Freedom { p(~effort)Psi(~pctBrBnk + HAiFLS_for) } = 133            
 c-hat { p(~effort)Psi(~pctBrBnk + HAiFLS_for) } = 1.1845541                     
 AIC { p(~effort)Psi(~pctBrBnk + HAiFLS_for) } = 167.54570                  
 AICc { p(~effort)Psi(~pctBrBnk + HAiFLS_for) } = 168.00025                    
 BIC { p(~effort)Psi(~pctBrBnk + HAiFLS_for) } = 182.18197                    
 Pearson Chisquare { p(~effort)Psi(~pctBrBnk + HAiFLS_for) } = 835.81254                  

  Program  MARK  - Survival Rate Estimation with Capture-Recapture Data
   gfortran(dble) Vers. 9.0 Mar 2018    13-Dec-2019 09:51:04    Page  003
 - - - - - - - - - - - - - - - - - - - - - - - - - - - - - - - - - - - - - -
 


          LOGIT Link Function Parameters of { p(~effort)Psi(~pctBrBnk + HAiFLS_for) }
                                                              95% Confidence Interval
 Parameter                    Beta         Standard Error      Lower           Upper
 -------------------------  --------------  --------------  --------------  --------------
    1:p:(Intercept)         -0.4187468       0.6719669      -1.7358019       0.8983083    
    2:p:effort               0.0016235       0.7812001E-03   0.9234337E-04   0.0031546    
    3:Psi:(Intercept)       -1.3502558       0.5557662      -2.4395576      -0.2609540    
    4:Psi:pctBrBnk          -1.3798910       0.6188404      -2.5928181      -0.1669638    
    5:Psi:HAiFLS_for         0.0182186       0.0084009       0.0017529       0.0346844    


          Real Function Parameters of { p(~effort)Psi(~pctBrBnk + HAiFLS_for) }

      Following estimates based on unstandardized individual covariate values:
          Variable   Value         
          ---------  ------------- 
          EFFORT1     906.23188    
          EFFORT2     834.18841    
          EFFORT3     818.18116    
          PCTBRBNK    0.8740586    
          HAIFLS_FOR  26.272482    
                                                               95% Confidence Interval
  Parameter                  Estimate       Standard Error      Lower           Upper
 --------------------------  --------------  --------------  --------------  --------------
     1:p g1 a0 t1             0.7412579       0.0733817       0.5750802       0.8584438                          
     2:p g1 a1 t2             0.7182008       0.0740780       0.5543239       0.8392896                          
     3:p g1 a2 t3             0.7129115       0.0743799       0.5491585       0.8350518                          
     4:Psi g1 a0 t1           0.1112820       0.0319759       0.0623027       0.1909261                          


                      Estimates of Derived Parameters
     Occupancy Estimates of { p(~effort)Psi(~pctBrBnk + HAiFLS_for) }
                                            95% Confidence Interval
 Group   Psi-hat         Standard Error      Lower           Upper
 -----   --------------  --------------  --------------  --------------
   1      0.1112820       0.0319759       0.0623027       0.1909261    

   CPU Time for the last procedure was 0.06 seconds.     

  Program  MARK  - Survival Rate Estimation with Capture-Recapture Data
   gfortran(dble) Vers. 9.0 Mar 2018    13-Dec-2019 09:51:04    Page  004
 - - - - - - - - - - - - - - - - - - - - - - - - - - - - - - - - - - - - - -
 


  INPUT --- proc stop;

     CPU Time in minutes for this job was 0.00

     Time Start = 09:51:04.028   Time End = 09:51:04.399

     Wall Clock Time in minutes for this job was 0.01


          E X E C U T I O N   S U C C E S S F U L 
