
   Program  MARK  - Survival Rate Estimation with Capture-Recapture Data
   gfortran(dble) Vers. 9.0 Mar 2018    12-Dec-2019 15:58:59    Page  001
 - - - - - - - - - - - - - - - - - - - - - - - - - - - - - - - - - - - - - -
 
   This version was compiled by GCC version 7.2.0 using the options: 
     -cpp -iprefix C:/Program Files/mingw-w64/x86_64-7.2.0-posix-seh-rt_v5-rev1/
     mingw64/bin/../lib/gcc/x86_64-w64-mingw32/7.2.0/ -D_MT -D_REENTRANT
     -U_REENTRANT -D IEEE -D DBLEPRECISION -m64 -mtune=core2 -march=nocona -mthreads
     -O2 -fimplicit-none -fbounds-check -funroll-loops -ftree-vectorize
     -ffpe-summary=invalid,zero,overflow,underflow -fno-unsafe-math-optimizations
     -frounding-math -fsignaling-nans -fopenmp.

   This problem will use 7 of 8 possible threads.


  INPUT --- proc title ;

   CPU Time for the last procedure was 0.01 seconds.     


  INPUT --- proc chmatrix occasions= 3 groups= 1 etype= Occupancy 
  INPUT --- Nodes= 101 icovar = 6 ICMeans  NoHist hist= 138 ;

  INPUT ---    time interval 1 1 1 ;

  INPUT ---     icovariates pctex21 pctpool BRT_100m pctBrBnk pctShade  
  INPUT ---    HAiFLS_for ;

  INPUT ---    glabel(1)=freq1;

      Number of unique encounter histories read was 138.

      Number of individual covariates read was 6.
      Time interval lengths are all equal to 1.

      Data type number is 27
      Data type is Occupancy Estimation with Detection < 1                                                             

   CPU Time for the last procedure was 0.02 seconds.     

  Program  MARK  - Survival Rate Estimation with Capture-Recapture Data
   gfortran(dble) Vers. 9.0 Mar 2018    12-Dec-2019 15:58:59    Page  002
 - - - - - - - - - - - - - - - - - - - - - - - - - - - - - - - - - - - - - -
 


  INPUT --- proc estimate link=Logit NOLOOP varest=2ndPart    ;


  INPUT --- model={ p(~1)Psi(~pctex21 + pctpool + BRT_100m + pctBrBnk + 
  INPUT --- pctShade + HAiFLS_for) };

  INPUT ---    group=1 p    rows=1 cols=3 Square ;
  INPUT ---        1 1 1 ;

  INPUT ---    group=1 Psi    rows=1 cols=1 Square ;
  INPUT ---        2 ;

  INPUT ---    design matrix constraints=2 covariates=8;
  INPUT ---        1 0 0 0 0 0 0 0;
  INPUT ---        0 1 pctex21 pctpool BRT_100m pctBrBnk pctShade HAiFLS_for;
  INPUT ---       blabel(1)=p:(Intercept);
  INPUT ---       blabel(2)=Psi:(Intercept);
  INPUT ---       blabel(3)=Psi:pctex21;
  INPUT ---       blabel(4)=Psi:pctpool;
  INPUT ---       blabel(5)=Psi:BRT_100m;
  INPUT ---       blabel(6)=Psi:pctBrBnk;
  INPUT ---       blabel(7)=Psi:pctShade;
  INPUT ---       blabel(8)=Psi:HAiFLS_for;
  INPUT ---       rlabel(1)=p g1 a0 t1;
  INPUT ---       rlabel(2)=Psi g1 a0 t1;

 Link Function Used is LOGIT        

 Variance Estimation Procedure Used is 2ndPart 
 -2logL(saturated) = 0.0000000     
 Effective Sample Size = 138

 Number of function evaluations was 25 for 8 parameters.
 Time for numerical optimization was 0.09 seconds.     
 -2logL { p(~1)Psi(~pctex21 + pctpool + BRT_100m + pctBrBnk + pctShade + HAiFLS_for) } = 143.87207     
 Penalty { p(~1)Psi(~pctex21 + pctpool + BRT_100m + pctBrBnk + pctShade + HAiFLS_for) } = 0.0000000     
 Gradient { p(~1)Psi(~pctex21 + pctpool + BRT_100m + pctBrBnk + pctShade + HAiFLS_for) }:
  0.9821859E-06   0.000000      0.8801989E-07  0.9410691E-06 -0.6061554E-06
  0.5931272E-06   0.000000      0.1286842E-05
 Maximum ABS(G) { p(~1)Psi(~pctex21 + pctpool + BRT_100m + pctBrBnk + pctShade + HAiFLS_for) } = 0.1286842E-05 
 S Vector { p(~1)Psi(~pctex21 + pctpool + BRT_100m + pctBrBnk + pctShade + HAiFLS_for) }:
   19.85642      9.542930      1.163061     0.6514141     0.5534370    
  0.4236067     0.2133895     0.1526042E-01
 Time to compute number of parameters was 0.03 seconds.     
 Ratio Threshold = 50.000000       Max Gap (7/8) = 13.983203       Next Max Gap (2/3) = 8.2050103     
 Gap Method for Num. of Estimated Parameters { p(~1)Psi(~pctex21 + pctpool + BRT_100m + pctBrBnk + pctShade + HAiFLS_for) } = 8          
 Threshold { p(~1)Psi(~pctex21 + pctpool + BRT_100m + pctBrBnk + pctShade + HAiFLS_for) } = 0.2573683E-05                 
 Numerical Threshold Method for Num. of Estimated Parameters { p(~1)Psi(~pctex21 + pctpool + BRT_100m + pctBrBnk + pctShade + HAiFLS_for) } = 8          
 Number of Estimated Parameters { p(~1)Psi(~pctex21 + pctpool + BRT_100m + pctBrBnk + pctShade + HAiFLS_for) } = 8          
 DEVIANCE { p(~1)Psi(~pctex21 + pctpool + BRT_100m + pctBrBnk + pctShade + HAiFLS_for) } = 143.87207                     
 DEVIANCE Degrees of Freedom { p(~1)Psi(~pctex21 + pctpool + BRT_100m + pctBrBnk + pctShade + HAiFLS_for) } = 130            
 c-hat { p(~1)Psi(~pctex21 + pctpool + BRT_100m + pctBrBnk + pctShade + HAiFLS_for) } = 1.1067082                     
 AIC { p(~1)Psi(~pctex21 + pctpool + BRT_100m + pctBrBnk + pctShade + HAiFLS_for) } = 159.87207                  
 AICc { p(~1)Psi(~pctex21 + pctpool + BRT_100m + pctBrBnk + pctShade + HAiFLS_for) } = 160.98834                    
 BIC { p(~1)Psi(~pctex21 + pctpool + BRT_100m + pctBrBnk + pctShade + HAiFLS_for) } = 183.29010                    
 Pearson Chisquare { p(~1)Psi(~pctex21 + pctpool + BRT_100m + pctBrBnk + pctShade + HAiFLS_for) } = 766.65074                  

  Program  MARK  - Survival Rate Estimation with Capture-Recapture Data
   gfortran(dble) Vers. 9.0 Mar 2018    12-Dec-2019 15:58:59    Page  003
 - - - - - - - - - - - - - - - - - - - - - - - - - - - - - - - - - - - - - -
 


 LOGIT Link Function Parameters of { p(~1)Psi(~pctex21 + pctpool + BRT_100m + pctBrBnk + pctShade + HAiFLS_for) }
                                                              95% Confidence Interval
 Parameter                    Beta         Standard Error      Lower           Upper
 -------------------------  --------------  --------------  --------------  --------------
    1:p:(Intercept)          0.9419426       0.3230317       0.3088005       1.5750848    
    2:Psi:(Intercept)       -1.5952366       0.8040957      -3.1712642      -0.0192090    
    3:Psi:pctex21           -0.6674376       0.2610387      -1.1790735      -0.1558017    
    4:Psi:pctpool            0.0129700       0.0159549      -0.0183016       0.0442415    
    5:Psi:BRT_100m           0.0223274       0.0162474      -0.0095174       0.0541723    
    6:Psi:pctBrBnk          -0.6997104       0.6669210      -2.0068757       0.6074548    
    7:Psi:pctShade           0.0010175       0.0103454      -0.0192594       0.0212944    
    8:Psi:HAiFLS_for         0.0196672       0.0113197      -0.0025193       0.0418537    


 Real Function Parameters of { p(~1)Psi(~pctex21 + pctpool + BRT_100m + pctBrBnk + pctShade + HAiFLS_for) }

      Following estimates based on unstandardized individual covariate values:
          Variable   Value         
          ---------  ------------- 
          PCTEX21     4.8306834    
          PCTPOOL     25.664251    
          BRT_100M    6.7817616    
          PCTBRBNK    0.8740586    
          PCTSHADE    48.614931    
          HAIFLS_FOR  26.272482    
                                                               95% Confidence Interval
  Parameter                  Estimate       Standard Error      Lower           Upper
 --------------------------  --------------  --------------  --------------  --------------
     1:p g1 a0 t1             0.7194919       0.0651953       0.5765924       0.8285073                          
     2:Psi g1 a0 t1           0.0123637       0.0139555       0.0013309       0.1052213                          


                      Estimates of Derived Parameters
 Occupancy Estimates of { p(~1)Psi(~pctex21 + pctpool + BRT_100m + pctBrBnk + pctShade + HAiFLS_for) }
                                            95% Confidence Interval
 Group   Psi-hat         Standard Error      Lower           Upper
 -----   --------------  --------------  --------------  --------------
   1      0.0123637       0.0139555       0.0013309       0.1052213    

   CPU Time for the last procedure was 0.12 seconds.     

  Program  MARK  - Survival Rate Estimation with Capture-Recapture Data
   gfortran(dble) Vers. 9.0 Mar 2018    12-Dec-2019 15:58:59    Page  004
 - - - - - - - - - - - - - - - - - - - - - - - - - - - - - - - - - - - - - -
 


  INPUT --- proc stop;

     CPU Time in minutes for this job was 0.00

     Time Start = 15:58:59.419   Time End = 15:58:59.559

     Wall Clock Time in minutes for this job was 0.00


          E X E C U T I O N   S U C C E S S F U L 
