
   Program  MARK  - Survival Rate Estimation with Capture-Recapture Data
   gfortran(dble) Vers. 9.0 Mar 2018    12-Dec-2019 15:58:35    Page  001
 - - - - - - - - - - - - - - - - - - - - - - - - - - - - - - - - - - - - - -
 
   This version was compiled by GCC version 7.2.0 using the options: 
     -cpp -iprefix C:/Program Files/mingw-w64/x86_64-7.2.0-posix-seh-rt_v5-rev1/
     mingw64/bin/../lib/gcc/x86_64-w64-mingw32/7.2.0/ -D_MT -D_REENTRANT
     -U_REENTRANT -D IEEE -D DBLEPRECISION -m64 -mtune=core2 -march=nocona -mthreads
     -O2 -fimplicit-none -fbounds-check -funroll-loops -ftree-vectorize
     -ffpe-summary=invalid,zero,overflow,underflow -fno-unsafe-math-optimizations
     -frounding-math -fsignaling-nans -fopenmp.

   This problem will use 7 of 8 possible threads.


  INPUT --- proc title ;

   CPU Time for the last procedure was 0.01 seconds.     


  INPUT --- proc chmatrix occasions= 3 groups= 1 etype= Occupancy 
  INPUT --- Nodes= 101 icovar = 7 ICMeans  NoHist hist= 138 ;

  INPUT ---    time interval 1 1 1 ;

  INPUT ---     icovariates effort1 effort2 effort3 pctex21 pctpool  
  INPUT ---    pctShade pctBrBnk ;

  INPUT ---    glabel(1)=freq1;

      Number of unique encounter histories read was 138.

      Number of individual covariates read was 7.
      Time interval lengths are all equal to 1.

      Data type number is 27
      Data type is Occupancy Estimation with Detection < 1                                                             

   CPU Time for the last procedure was 0.01 seconds.     

  Program  MARK  - Survival Rate Estimation with Capture-Recapture Data
   gfortran(dble) Vers. 9.0 Mar 2018    12-Dec-2019 15:58:35    Page  002
 - - - - - - - - - - - - - - - - - - - - - - - - - - - - - - - - - - - - - -
 


  INPUT --- proc estimate link=Logit NOLOOP varest=2ndPart    ;


  INPUT --- model={ p(~effort)Psi(~pctex21 + pctpool + pctShade + 
  INPUT --- pctBrBnk) };

  INPUT ---    group=1 p    rows=1 cols=3 Square ;
  INPUT ---        1 2 3 ;

  INPUT ---    group=1 Psi    rows=1 cols=1 Square ;
  INPUT ---        4 ;

  INPUT ---    design matrix constraints=4 covariates=7;
  INPUT ---        1 effort1 0 0 0 0 0;
  INPUT ---        1 effort2 0 0 0 0 0;
  INPUT ---        1 effort3 0 0 0 0 0;
  INPUT ---        0 0 1 pctex21 pctpool pctShade pctBrBnk;
  INPUT ---       blabel(1)=p:(Intercept);
  INPUT ---       blabel(2)=p:effort;
  INPUT ---       blabel(3)=Psi:(Intercept);
  INPUT ---       blabel(4)=Psi:pctex21;
  INPUT ---       blabel(5)=Psi:pctpool;
  INPUT ---       blabel(6)=Psi:pctShade;
  INPUT ---       blabel(7)=Psi:pctBrBnk;
  INPUT ---       rlabel(1)=p g1 a0 t1;
  INPUT ---       rlabel(2)=p g1 a1 t2;
  INPUT ---       rlabel(3)=p g1 a2 t3;
  INPUT ---       rlabel(4)=Psi g1 a0 t1;

 Link Function Used is LOGIT        

 Variance Estimation Procedure Used is 2ndPart 
 -2logL(saturated) = 0.0000000     
 Effective Sample Size = 138

 Number of function evaluations was 25 for 7 parameters.
 Time for numerical optimization was 0.03 seconds.     
 -2logL { p(~effort)Psi(~pctex21 + pctpool + pctShade + pctBrBnk) } = 142.14098     
 Penalty { p(~effort)Psi(~pctex21 + pctpool + pctShade + pctBrBnk) } = 0.0000000     
 Gradient { p(~effort)Psi(~pctex21 + pctpool + pctShade + pctBrBnk) }:
   0.000000     -0.2428291E-06   0.000000      0.1906977E-06  0.1670598E-05
 -0.1003674E-05   0.000000    
 Maximum ABS(G) { p(~effort)Psi(~pctex21 + pctpool + pctShade + pctBrBnk) } = 0.1670598E-05 

  Program  MARK  - Survival Rate Estimation with Capture-Recapture Data
   gfortran(dble) Vers. 9.0 Mar 2018    12-Dec-2019 15:58:35    Page  003
 - - - - - - - - - - - - - - - - - - - - - - - - - - - - - - - - - - - - - -
 
 S Vector { p(~effort)Psi(~pctex21 + pctpool + pctShade + pctBrBnk) }:
   18.97011      7.782670      1.009080     0.6637676     0.2315404    
  0.9152887E-01 0.1794391E-01
 Time to compute number of parameters was 0.01 seconds.     
 Ratio Threshold = 50.000000       Max Gap (2/3) = 7.7126365       Next Max Gap (6/7) = 5.1008312     
 Gap Method for Num. of Estimated Parameters { p(~effort)Psi(~pctex21 + pctpool + pctShade + pctBrBnk) } = 7          
 Threshold { p(~effort)Psi(~pctex21 + pctpool + pctShade + pctBrBnk) } = 0.3341195E-05                 
 Numerical Threshold Method for Num. of Estimated Parameters { p(~effort)Psi(~pctex21 + pctpool + pctShade + pctBrBnk) } = 7          
 Number of Estimated Parameters { p(~effort)Psi(~pctex21 + pctpool + pctShade + pctBrBnk) } = 7          
 DEVIANCE { p(~effort)Psi(~pctex21 + pctpool + pctShade + pctBrBnk) } = 142.14098                     
 DEVIANCE Degrees of Freedom { p(~effort)Psi(~pctex21 + pctpool + pctShade + pctBrBnk) } = 131            
 c-hat { p(~effort)Psi(~pctex21 + pctpool + pctShade + pctBrBnk) } = 1.0850456                     
 AIC { p(~effort)Psi(~pctex21 + pctpool + pctShade + pctBrBnk) } = 156.14098                  
 AICc { p(~effort)Psi(~pctex21 + pctpool + pctShade + pctBrBnk) } = 157.00252                    
 BIC { p(~effort)Psi(~pctex21 + pctpool + pctShade + pctBrBnk) } = 176.63175                    
 Pearson Chisquare { p(~effort)Psi(~pctex21 + pctpool + pctShade + pctBrBnk) } = 816.66197                  


 LOGIT Link Function Parameters of { p(~effort)Psi(~pctex21 + pctpool + pctShade + pctBrBnk) }
                                                              95% Confidence Interval
 Parameter                    Beta         Standard Error      Lower           Upper
 -------------------------  --------------  --------------  --------------  --------------
    1:p:(Intercept)         -0.5107568       0.7051229      -1.8927977       0.8712840    
    2:p:effort               0.0017188       0.8141086E-03   0.1231774E-03   0.0033145    
    3:Psi:(Intercept)       -0.9393362       0.7180631      -2.3467399       0.4680675    
    4:Psi:pctex21           -0.6136530       0.2408563      -1.0857315      -0.1415746    
    5:Psi:pctpool            0.0162118       0.0145288      -0.0122646       0.0446882    
    6:Psi:pctShade           0.0090581       0.0094618      -0.0094870       0.0276032    
    7:Psi:pctBrBnk          -1.0399983       0.6514214      -2.3167843       0.2367877    


 Real Function Parameters of { p(~effort)Psi(~pctex21 + pctpool + pctShade + pctBrBnk) }

      Following estimates based on unstandardized individual covariate values:
          Variable   Value         
          ---------  ------------- 
          EFFORT1     906.23188    
          EFFORT2     834.18841    
          EFFORT3     818.18116    
          PCTEX21     4.8306834    
          PCTPOOL     25.664251    
          PCTSHADE    48.614931    
          PCTBRBNK    0.8740586    
                                                               95% Confidence Interval
  Parameter                  Estimate       Standard Error      Lower           Upper
 --------------------------  --------------  --------------  --------------  --------------
     1:p g1 a0 t1             0.7401795       0.0738068       0.5731432       0.8580414                          
     2:p g1 a1 t2             0.7156675       0.0748423       0.5503754       0.8380724                          
     3:p g1 a2 t3             0.7100358       0.0752368       0.5447083       0.8336616                          
     4:Psi g1 a0 t1           0.0187746       0.0191431       0.0024899       0.1279072                          


                      Estimates of Derived Parameters
 Occupancy Estimates of { p(~effort)Psi(~pctex21 + pctpool + pctShade + pctBrBnk) }
                                            95% Confidence Interval
 Group   Psi-hat         Standard Error      Lower           Upper
 -----   --------------  --------------  --------------  --------------
   1      0.0187746       0.0191431       0.0024899       0.1279072    

  Program  MARK  - Survival Rate Estimation with Capture-Recapture Data
   gfortran(dble) Vers. 9.0 Mar 2018    12-Dec-2019 15:58:35    Page  004
 - - - - - - - - - - - - - - - - - - - - - - - - - - - - - - - - - - - - - -
 

   CPU Time for the last procedure was 0.05 seconds.     


  INPUT --- proc stop;

     CPU Time in minutes for this job was 0.00

     Time Start = 15:58:35.760   Time End = 15:58:35.886

     Wall Clock Time in minutes for this job was 0.00


          E X E C U T I O N   S U C C E S S F U L 
