
   Program  MARK  - Survival Rate Estimation with Capture-Recapture Data
   gfortran(dble) Vers. 9.0 Mar 2018    13-Dec-2019 09:52:17    Page  001
 - - - - - - - - - - - - - - - - - - - - - - - - - - - - - - - - - - - - - -
 
   This version was compiled by GCC version 7.2.0 using the options: 
     -cpp -iprefix C:/Program Files/mingw-w64/x86_64-7.2.0-posix-seh-rt_v5-rev1/
     mingw64/bin/../lib/gcc/x86_64-w64-mingw32/7.2.0/ -D_MT -D_REENTRANT
     -U_REENTRANT -D IEEE -D DBLEPRECISION -m64 -mtune=core2 -march=nocona -mthreads
     -O2 -fimplicit-none -fbounds-check -funroll-loops -ftree-vectorize
     -ffpe-summary=invalid,zero,overflow,underflow -fno-unsafe-math-optimizations
     -frounding-math -fsignaling-nans -fopenmp.

   This problem will use 7 of 8 possible threads.


  INPUT --- proc title ;

   CPU Time for the last procedure was 0.01 seconds.     


  INPUT --- proc chmatrix occasions= 3 groups= 1 etype= Occupancy 
  INPUT --- Nodes= 101 icovar = 6 ICMeans  NoHist hist= 138 ;

  INPUT ---    time interval 1 1 1 ;

  INPUT ---     icovariates pctex21 pctrock BRT_100m pctBrBnk pctShade  
  INPUT ---    HAiFLS_for ;

  INPUT ---    glabel(1)=freq1;

      Number of unique encounter histories read was 138.

      Number of individual covariates read was 6.
      Time interval lengths are all equal to 1.

      Data type number is 27
      Data type is Occupancy Estimation with Detection < 1                                                             

   CPU Time for the last procedure was 0.01 seconds.     

  Program  MARK  - Survival Rate Estimation with Capture-Recapture Data
   gfortran(dble) Vers. 9.0 Mar 2018    13-Dec-2019 09:52:17    Page  002
 - - - - - - - - - - - - - - - - - - - - - - - - - - - - - - - - - - - - - -
 


  INPUT --- proc estimate link=Logit NOLOOP varest=2ndPart    ;


  INPUT --- model={ p(~1)Psi(~pctex21 + pctrock + BRT_100m + pctBrBnk + 
  INPUT --- pctShade + HAiFLS_for) };

  INPUT ---    group=1 p    rows=1 cols=3 Square ;
  INPUT ---        1 1 1 ;

  INPUT ---    group=1 Psi    rows=1 cols=1 Square ;
  INPUT ---        2 ;

  INPUT ---    design matrix constraints=2 covariates=8;
  INPUT ---        1 0 0 0 0 0 0 0;
  INPUT ---        0 1 pctex21 pctrock BRT_100m pctBrBnk pctShade HAiFLS_for;
  INPUT ---       blabel(1)=p:(Intercept);
  INPUT ---       blabel(2)=Psi:(Intercept);
  INPUT ---       blabel(3)=Psi:pctex21;
  INPUT ---       blabel(4)=Psi:pctrock;
  INPUT ---       blabel(5)=Psi:BRT_100m;
  INPUT ---       blabel(6)=Psi:pctBrBnk;
  INPUT ---       blabel(7)=Psi:pctShade;
  INPUT ---       blabel(8)=Psi:HAiFLS_for;
  INPUT ---       rlabel(1)=p g1 a0 t1;
  INPUT ---       rlabel(2)=Psi g1 a0 t1;

 Link Function Used is LOGIT        

 Variance Estimation Procedure Used is 2ndPart 
 -2logL(saturated) = 0.0000000     
 Effective Sample Size = 138

 Number of function evaluations was 26 for 8 parameters.
 Time for numerical optimization was 0.14 seconds.     
 -2logL { p(~1)Psi(~pctex21 + pctrock + BRT_100m + pctBrBnk + pctShade + HAiFLS_for) } = 144.33471     
 Penalty { p(~1)Psi(~pctex21 + pctrock + BRT_100m + pctBrBnk + pctShade + HAiFLS_for) } = 0.0000000     
 Gradient { p(~1)Psi(~pctex21 + pctrock + BRT_100m + pctBrBnk + pctShade + HAiFLS_for) }:
  0.9794467E-06  0.7132788E-06  0.8722809E-07  0.1159478E-05   0.000000    
   0.000000      0.1620387E-05  0.1228738E-05
 Maximum ABS(G) { p(~1)Psi(~pctex21 + pctrock + BRT_100m + pctBrBnk + pctShade + HAiFLS_for) } = 0.1620387E-05 
 S Vector { p(~1)Psi(~pctex21 + pctrock + BRT_100m + pctBrBnk + pctShade + HAiFLS_for) }:
   25.22052      9.654460      1.186241     0.7238028     0.4949378    
  0.3062031     0.1973079     0.1520546E-01
 Time to compute number of parameters was 0.01 seconds.     
 Ratio Threshold = 50.000000       Max Gap (7/8) = 12.976117       Next Max Gap (2/3) = 8.1386970     
 Gap Method for Num. of Estimated Parameters { p(~1)Psi(~pctex21 + pctrock + BRT_100m + pctBrBnk + pctShade + HAiFLS_for) } = 8          
 Threshold { p(~1)Psi(~pctex21 + pctrock + BRT_100m + pctBrBnk + pctShade + HAiFLS_for) } = 0.3240774E-05                 
 Numerical Threshold Method for Num. of Estimated Parameters { p(~1)Psi(~pctex21 + pctrock + BRT_100m + pctBrBnk + pctShade + HAiFLS_for) } = 8          
 Number of Estimated Parameters { p(~1)Psi(~pctex21 + pctrock + BRT_100m + pctBrBnk + pctShade + HAiFLS_for) } = 8          
 DEVIANCE { p(~1)Psi(~pctex21 + pctrock + BRT_100m + pctBrBnk + pctShade + HAiFLS_for) } = 144.33471                     
 DEVIANCE Degrees of Freedom { p(~1)Psi(~pctex21 + pctrock + BRT_100m + pctBrBnk + pctShade + HAiFLS_for) } = 130            
 c-hat { p(~1)Psi(~pctex21 + pctrock + BRT_100m + pctBrBnk + pctShade + HAiFLS_for) } = 1.1102670                     
 AIC { p(~1)Psi(~pctex21 + pctrock + BRT_100m + pctBrBnk + pctShade + HAiFLS_for) } = 160.33471                  
 AICc { p(~1)Psi(~pctex21 + pctrock + BRT_100m + pctBrBnk + pctShade + HAiFLS_for) } = 161.45099                    
 BIC { p(~1)Psi(~pctex21 + pctrock + BRT_100m + pctBrBnk + pctShade + HAiFLS_for) } = 183.75274                    
 Pearson Chisquare { p(~1)Psi(~pctex21 + pctrock + BRT_100m + pctBrBnk + pctShade + HAiFLS_for) } = 778.12824                  

  Program  MARK  - Survival Rate Estimation with Capture-Recapture Data
   gfortran(dble) Vers. 9.0 Mar 2018    13-Dec-2019 09:52:17    Page  003
 - - - - - - - - - - - - - - - - - - - - - - - - - - - - - - - - - - - - - -
 


 LOGIT Link Function Parameters of { p(~1)Psi(~pctex21 + pctrock + BRT_100m + pctBrBnk + pctShade + HAiFLS_for) }
                                                              95% Confidence Interval
 Parameter                    Beta         Standard Error      Lower           Upper
 -------------------------  --------------  --------------  --------------  --------------
    1:p:(Intercept)          0.9473737       0.3213544       0.3175189       1.5772284    
    2:Psi:(Intercept)       -1.6740576       1.0913481      -3.8130999       0.4649847    
    3:Psi:pctex21           -0.6737892       0.2614765      -1.1862832      -0.1612953    
    4:Psi:pctrock            0.0064501       0.0145881      -0.0221426       0.0350428    
    5:Psi:BRT_100m           0.0212512       0.0169837      -0.0120368       0.0545393    
    6:Psi:pctBrBnk          -0.5766160       0.6528715      -1.8562442       0.7030121    
    7:Psi:pctShade          -0.0017816       0.0116268      -0.0245702       0.0210069    
    8:Psi:HAiFLS_for         0.0210706       0.0110567      -0.6004947E-03   0.0427418    


 Real Function Parameters of { p(~1)Psi(~pctex21 + pctrock + BRT_100m + pctBrBnk + pctShade + HAiFLS_for) }

      Following estimates based on unstandardized individual covariate values:
          Variable   Value         
          ---------  ------------- 
          PCTEX21     4.8306834    
          PCTROCK     68.678238    
          BRT_100M    6.7817616    
          PCTBRBNK    0.8740586    
          PCTSHADE    48.614931    
          HAIFLS_FOR  26.272482    
                                                               95% Confidence Interval
  Parameter                  Estimate       Standard Error      Lower           Upper
 --------------------------  --------------  --------------  --------------  --------------
     1:p g1 a0 t1             0.7205867       0.0647020       0.5787195       0.8288116                          
     2:Psi g1 a0 t1           0.0123844       0.0140368       0.0013208       0.1062637                          


                      Estimates of Derived Parameters
 Occupancy Estimates of { p(~1)Psi(~pctex21 + pctrock + BRT_100m + pctBrBnk + pctShade + HAiFLS_for) }
                                            95% Confidence Interval
 Group   Psi-hat         Standard Error      Lower           Upper
 -----   --------------  --------------  --------------  --------------
   1      0.0123844       0.0140368       0.0013208       0.1062637    

   CPU Time for the last procedure was 0.14 seconds.     

  Program  MARK  - Survival Rate Estimation with Capture-Recapture Data
   gfortran(dble) Vers. 9.0 Mar 2018    13-Dec-2019 09:52:17    Page  004
 - - - - - - - - - - - - - - - - - - - - - - - - - - - - - - - - - - - - - -
 


  INPUT --- proc stop;

     CPU Time in minutes for this job was 0.00

     Time Start = 09:52:17.105   Time End = 09:52:17.340

     Wall Clock Time in minutes for this job was 0.00


          E X E C U T I O N   S U C C E S S F U L 
