
   Program  MARK  - Survival Rate Estimation with Capture-Recapture Data
   gfortran(dble) Vers. 9.0 Mar 2018    12-Dec-2019 15:58:05    Page  001
 - - - - - - - - - - - - - - - - - - - - - - - - - - - - - - - - - - - - - -
 
   This version was compiled by GCC version 7.2.0 using the options: 
     -cpp -iprefix C:/Program Files/mingw-w64/x86_64-7.2.0-posix-seh-rt_v5-rev1/
     mingw64/bin/../lib/gcc/x86_64-w64-mingw32/7.2.0/ -D_MT -D_REENTRANT
     -U_REENTRANT -D IEEE -D DBLEPRECISION -m64 -mtune=core2 -march=nocona -mthreads
     -O2 -fimplicit-none -fbounds-check -funroll-loops -ftree-vectorize
     -ffpe-summary=invalid,zero,overflow,underflow -fno-unsafe-math-optimizations
     -frounding-math -fsignaling-nans -fopenmp.

   This problem will use 7 of 8 possible threads.


  INPUT --- proc title ;

   CPU Time for the last procedure was 0.01 seconds.     


  INPUT --- proc chmatrix occasions= 3 groups= 1 etype= Occupancy 
  INPUT --- Nodes= 101 icovar = 3 ICMeans  NoHist hist= 138 ;

  INPUT ---    time interval 1 1 1 ;

  INPUT ---     icovariates pctBrBnk pctShade HAiFLS_for ;

  INPUT ---    glabel(1)=freq1;

      Number of unique encounter histories read was 138.

      Number of individual covariates read was 3.
      Time interval lengths are all equal to 1.

      Data type number is 27
      Data type is Occupancy Estimation with Detection < 1                                                             

   CPU Time for the last procedure was 0.01 seconds.     

  Program  MARK  - Survival Rate Estimation with Capture-Recapture Data
   gfortran(dble) Vers. 9.0 Mar 2018    12-Dec-2019 15:58:05    Page  002
 - - - - - - - - - - - - - - - - - - - - - - - - - - - - - - - - - - - - - -
 


  INPUT --- proc estimate link=Logit NOLOOP varest=2ndPart    ;


  INPUT --- model={ p(~1)Psi(~pctBrBnk + pctShade + HAiFLS_for) };

  INPUT ---    group=1 p    rows=1 cols=3 Square ;
  INPUT ---        1 1 1 ;

  INPUT ---    group=1 Psi    rows=1 cols=1 Square ;
  INPUT ---        2 ;

  INPUT ---    design matrix constraints=2 covariates=5;
  INPUT ---        1 0 0 0 0;
  INPUT ---        0 1 pctBrBnk pctShade HAiFLS_for;
  INPUT ---       blabel(1)=p:(Intercept);
  INPUT ---       blabel(2)=Psi:(Intercept);
  INPUT ---       blabel(3)=Psi:pctBrBnk;
  INPUT ---       blabel(4)=Psi:pctShade;
  INPUT ---       blabel(5)=Psi:HAiFLS_for;
  INPUT ---       rlabel(1)=p g1 a0 t1;
  INPUT ---       rlabel(2)=Psi g1 a0 t1;

 Link Function Used is LOGIT        

 Variance Estimation Procedure Used is 2ndPart 
 -2logL(saturated) = 0.0000000     
 Effective Sample Size = 138

 Number of function evaluations was 14 for 5 parameters.
 Time for numerical optimization was 0.03 seconds.     
 -2logL { p(~1)Psi(~pctBrBnk + pctShade + HAiFLS_for) } = 163.96909     
 Penalty { p(~1)Psi(~pctBrBnk + pctShade + HAiFLS_for) } = 0.0000000     
 Gradient { p(~1)Psi(~pctBrBnk + pctShade + HAiFLS_for) }:
  0.9808811E-06  0.1594627E-05  0.3637004E-06  0.3536932E-05   0.000000    
 Maximum ABS(G) { p(~1)Psi(~pctBrBnk + pctShade + HAiFLS_for) } = 0.3536932E-05 
 S Vector { p(~1)Psi(~pctBrBnk + pctShade + HAiFLS_for) }:
   21.89611      9.593238      1.474286     0.8334427     0.2504055    
 Time to compute number of parameters was 0.01 seconds.     
 Ratio Threshold = 50.000000       Max Gap (2/3) = 6.5070422       Next Max Gap (4/5) = 3.3283726     
 Gap Method for Num. of Estimated Parameters { p(~1)Psi(~pctBrBnk + pctShade + HAiFLS_for) } = 5          
 Threshold { p(~1)Psi(~pctBrBnk + pctShade + HAiFLS_for) } = 0.7073864E-05                 
 Numerical Threshold Method for Num. of Estimated Parameters { p(~1)Psi(~pctBrBnk + pctShade + HAiFLS_for) } = 5          
 Number of Estimated Parameters { p(~1)Psi(~pctBrBnk + pctShade + HAiFLS_for) } = 5          
 DEVIANCE { p(~1)Psi(~pctBrBnk + pctShade + HAiFLS_for) } = 163.96909                     
 DEVIANCE Degrees of Freedom { p(~1)Psi(~pctBrBnk + pctShade + HAiFLS_for) } = 133            
 c-hat { p(~1)Psi(~pctBrBnk + pctShade + HAiFLS_for) } = 1.2328503                     
 AIC { p(~1)Psi(~pctBrBnk + pctShade + HAiFLS_for) } = 173.96909                  
 AICc { p(~1)Psi(~pctBrBnk + pctShade + HAiFLS_for) } = 174.42364                    
 BIC { p(~1)Psi(~pctBrBnk + pctShade + HAiFLS_for) } = 188.60536                    
 Pearson Chisquare { p(~1)Psi(~pctBrBnk + pctShade + HAiFLS_for) } = 1055.3753                  


       LOGIT Link Function Parameters of { p(~1)Psi(~pctBrBnk + pctShade + HAiFLS_for) }
                                                              95% Confidence Interval
 Parameter                    Beta         Standard Error      Lower           Upper
 -------------------------  --------------  --------------  --------------  --------------

  Program  MARK  - Survival Rate Estimation with Capture-Recapture Data
   gfortran(dble) Vers. 9.0 Mar 2018    12-Dec-2019 15:58:05    Page  003
 - - - - - - - - - - - - - - - - - - - - - - - - - - - - - - - - - - - - - -
 
    1:p:(Intercept)          0.9445258       0.3221232       0.3131643       1.5758873    
    2:Psi:(Intercept)       -1.3922194       0.6035433      -2.5751643      -0.2092746    
    3:Psi:pctBrBnk          -1.3403005       0.6205170      -2.5565138      -0.1240872    
    4:Psi:pctShade          -0.7900731E-03   0.0092967      -0.0190116       0.0174315    
    5:Psi:HAiFLS_for         0.0185674       0.0091678       0.5984723E-03   0.0365364    


       Real Function Parameters of { p(~1)Psi(~pctBrBnk + pctShade + HAiFLS_for) }

      Following estimates based on unstandardized individual covariate values:
          Variable   Value         
          ---------  ------------- 
          PCTBRBNK    0.8740586    
          PCTSHADE    48.614931    
          HAIFLS_FOR  26.272482    
                                                               95% Confidence Interval
  Parameter                  Estimate       Standard Error      Lower           Upper
 --------------------------  --------------  --------------  --------------  --------------
     1:p g1 a0 t1             0.7200129       0.0649382       0.5776574       0.8286213                          
     2:Psi g1 a0 t1           0.1077130       0.0307254       0.0606024       0.1842625                          


                      Estimates of Derived Parameters
  Occupancy Estimates of { p(~1)Psi(~pctBrBnk + pctShade + HAiFLS_for) }
                                            95% Confidence Interval
 Group   Psi-hat         Standard Error      Lower           Upper
 -----   --------------  --------------  --------------  --------------
   1      0.1077130       0.0307254       0.0606024       0.1842625    

   CPU Time for the last procedure was 0.03 seconds.     

  Program  MARK  - Survival Rate Estimation with Capture-Recapture Data
   gfortran(dble) Vers. 9.0 Mar 2018    12-Dec-2019 15:58:05    Page  004
 - - - - - - - - - - - - - - - - - - - - - - - - - - - - - - - - - - - - - -
 


  INPUT --- proc stop;

     CPU Time in minutes for this job was 0.00

     Time Start = 15:58:05.569   Time End = 15:58:05.917

     Wall Clock Time in minutes for this job was 0.01


          E X E C U T I O N   S U C C E S S F U L 
