
   Program  MARK  - Survival Rate Estimation with Capture-Recapture Data
   gfortran(dble) Vers. 9.0 Mar 2018    12-Dec-2019 16:40:05    Page  001
 - - - - - - - - - - - - - - - - - - - - - - - - - - - - - - - - - - - - - -
 
   This version was compiled by GCC version 7.2.0 using the options: 
     -cpp -iprefix C:/Program Files/mingw-w64/x86_64-7.2.0-posix-seh-rt_v5-rev1/
     mingw64/bin/../lib/gcc/x86_64-w64-mingw32/7.2.0/ -D_MT -D_REENTRANT
     -U_REENTRANT -D IEEE -D DBLEPRECISION -m64 -mtune=core2 -march=nocona -mthreads
     -O2 -fimplicit-none -fbounds-check -funroll-loops -ftree-vectorize
     -ffpe-summary=invalid,zero,overflow,underflow -fno-unsafe-math-optimizations
     -frounding-math -fsignaling-nans -fopenmp.

   This problem will use 2 of 8 possible threads.


  INPUT --- proc title ;

   CPU Time for the last procedure was 0.01 seconds.     


  INPUT --- proc chmatrix occasions= 1 groups= 4 etype= Known Nodes= 
  INPUT --- 101 icovar = 2 ICMeans  NoHist hist= 98 ;

  INPUT ---    time interval 1 ;

  INPUT ---     icovariates length length.sq ;

  INPUT ---    glabel(1)=areacontrol.sexfemale;

  INPUT ---    glabel(2)=areatreatment.sexfemale;

  INPUT ---    glabel(3)=areacontrol.sexmale;

  INPUT ---    glabel(4)=areatreatment.sexmale;

      Number of unique encounter histories read was 98.

      Number of individual covariates read was 2.
      Time interval lengths are all equal to 1.

      Data type number is 4
      Data type is Known Fate                                                                                          

   CPU Time for the last procedure was 0.01 seconds.     

  Program  MARK  - Survival Rate Estimation with Capture-Recapture Data
   gfortran(dble) Vers. 9.0 Mar 2018    12-Dec-2019 16:40:05    Page  002
 - - - - - - - - - - - - - - - - - - - - - - - - - - - - - - - - - - - - - -
 


  INPUT --- proc estimate link=Logit NOLOOP varest=2ndPart    ;


  INPUT --- model={ S(~length + length.sq) };

  INPUT ---    group=1 S    rows=1 cols=1 Square ;
  INPUT ---        1 ;

  INPUT ---    group=2 S    rows=1 cols=1 Square ;
  INPUT ---        1 ;

  INPUT ---    group=3 S    rows=1 cols=1 Square ;
  INPUT ---        1 ;

  INPUT ---    group=4 S    rows=1 cols=1 Square ;
  INPUT ---        1 ;

  INPUT ---    design matrix constraints=1 covariates=3;
  INPUT ---        1 length length.sq;
  INPUT ---       blabel(1)=S:(Intercept);
  INPUT ---       blabel(2)=S:length;
  INPUT ---       blabel(3)=S:length.sq;
  INPUT ---       rlabel(1)=S gcontrolfemale a1 t2;

 Link Function Used is LOGIT        

 Variance Estimation Procedure Used is 2ndPart 
 -2logL(saturated) = 0.0000000     
 Effective Sample Size = 114

 Number of function evaluations was 27 for 3 parameters.
 Time for numerical optimization was 0.02 seconds.     
 -2logL { S(~length + length.sq) } = 145.88802     
 Penalty { S(~length + length.sq) } = 0.0000000     
 Gradient { S(~length + length.sq) }:
  0.6415610E-02  0.5357040E-02  0.4434525E-02
 Maximum ABS(G) { S(~length + length.sq) } = 0.0064156     
 S Vector { S(~length + length.sq) }:
   65.73591     0.5922515E-01 0.6159244E-02
 Time to compute number of parameters was 0.01 seconds.     
 Ratio Threshold = 50.000000       Max Gap (1/2) = 1109.9323       Next Max Gap (1/2) = 1109.9323     
 Gap Method for Num. of Estimated Parameters { S(~length + length.sq) } = 1          
 Threshold { S(~length + length.sq) } = 0.0128312                     
 Numerical Threshold Method for Num. of Estimated Parameters { S(~length + length.sq) } = 2          
 Number of Estimated Parameters { S(~length + length.sq) } = 2          

   * *  WARNING  * *   Number of parameters estimated from gap method (=1) and threshold method (=2) differ.  Inspect full output.                                                                                                                                                                                                                                                                                                                                                                                                                      
 Ratios of S Vector { S(~length + length.sq) }:
   1/2    1109.932       2/3    9.615653    
 DEVIANCE { S(~length + length.sq) } = 145.88802                     
 DEVIANCE Degrees of Freedom { S(~length + length.sq) } = 112            
 c-hat { S(~length + length.sq) } = 1.3025716                     
 AIC { S(~length + length.sq) } = 149.88802                  
 AICc { S(~length + length.sq) } = 149.99613                    
 BIC { S(~length + length.sq) } = 155.36042                    
 Pearson Chisquare { S(~length + length.sq) } = 229.63745                  

  Program  MARK  - Survival Rate Estimation with Capture-Recapture Data
   gfortran(dble) Vers. 9.0 Mar 2018    12-Dec-2019 16:40:05    Page  003
 - - - - - - - - - - - - - - - - - - - - - - - - - - - - - - - - - - - - - -
 


                  LOGIT Link Function Parameters of { S(~length + length.sq) }
                                                              95% Confidence Interval
 Parameter                    Beta         Standard Error      Lower           Upper
 -------------------------  --------------  --------------  --------------  --------------
    1:S:(Intercept)         -212.64890       5.4417628      -223.31475      -201.98304    
    2:S:length               3.3628999       0.0765572       3.2128477       3.5129521    
    3:S:length.sq           -0.0132911       0.3531241E-03  -0.0139832      -0.0125990    


                  Real Function Parameters of { S(~length + length.sq) }

      Following estimates based on unstandardized individual covariate values:
          Variable   Value         
          ---------  ------------- 
          LENGTH      123.30702    
          LENGTH.SQ   15232.228    
                                                               95% Confidence Interval
  Parameter                  Estimate       Standard Error      Lower           Upper
 --------------------------  --------------  --------------  --------------  --------------
     1:S gcontrolfemale a1    0.3933779       0.0476447       0.3048167       0.4895500                          


                     Estimates of Derived Parameters

            Survival Estimates of { S(~length + length.sq) }

       Pr. Surviving
        Duration of                   95% Confidence Interval
 Group     Study      Standard Error     Lower          Upper     
 ----- -------------- -------------- -------------- --------------
   1    0.3933779      0.0489510      0.3025479      0.4922314    
   2    0.3933779      0.0489510      0.3025479      0.4922314    
   3    0.3933779      0.0489510      0.3025479      0.4922314    
   4    0.3933779      0.0489510      0.3025479      0.4922314    

 Attempted ordering of parameters by estimatibility:
  1 3 2
 Beta number 2 is a singular value.

   CPU Time for the last procedure was 0.02 seconds.     

  Program  MARK  - Survival Rate Estimation with Capture-Recapture Data
   gfortran(dble) Vers. 9.0 Mar 2018    12-Dec-2019 16:40:05    Page  004
 - - - - - - - - - - - - - - - - - - - - - - - - - - - - - - - - - - - - - -
 


  INPUT --- proc stop;

     CPU Time in minutes for this job was 0.00

     Time Start = 16:40:05.035   Time End = 16:40:05.240

     Wall Clock Time in minutes for this job was 0.00


          E X E C U T I O N   S U C C E S S F U L 
