
   Program  MARK  - Survival Rate Estimation with Capture-Recapture Data
   gfortran(dble) Vers. 9.0 Mar 2018    12-Dec-2019 15:59:17    Page  001
 - - - - - - - - - - - - - - - - - - - - - - - - - - - - - - - - - - - - - -
 
   This version was compiled by GCC version 7.2.0 using the options: 
     -cpp -iprefix C:/Program Files/mingw-w64/x86_64-7.2.0-posix-seh-rt_v5-rev1/
     mingw64/bin/../lib/gcc/x86_64-w64-mingw32/7.2.0/ -D_MT -D_REENTRANT
     -U_REENTRANT -D IEEE -D DBLEPRECISION -m64 -mtune=core2 -march=nocona -mthreads
     -O2 -fimplicit-none -fbounds-check -funroll-loops -ftree-vectorize
     -ffpe-summary=invalid,zero,overflow,underflow -fno-unsafe-math-optimizations
     -frounding-math -fsignaling-nans -fopenmp.

   This problem will use 7 of 8 possible threads.


  INPUT --- proc title ;

   CPU Time for the last procedure was 0.01 seconds.     


  INPUT --- proc chmatrix occasions= 3 groups= 1 etype= Occupancy 
  INPUT --- Nodes= 101 icovar = 3 ICMeans  NoHist hist= 137 ;

  INPUT ---    time interval 1 1 1 ;

  INPUT ---     icovariates pctpool BRT_100m pctShade ;

  INPUT ---    glabel(1)=freq1;

      Number of unique encounter histories read was 137.

      Number of individual covariates read was 3.
      Time interval lengths are all equal to 1.

      Data type number is 27
      Data type is Occupancy Estimation with Detection < 1                                                             

   CPU Time for the last procedure was 0.01 seconds.     

  Program  MARK  - Survival Rate Estimation with Capture-Recapture Data
   gfortran(dble) Vers. 9.0 Mar 2018    12-Dec-2019 15:59:17    Page  002
 - - - - - - - - - - - - - - - - - - - - - - - - - - - - - - - - - - - - - -
 


  INPUT --- proc estimate link=Logit NOLOOP varest=2ndPart    ;


  INPUT --- model={ p(~1)Psi(~pctpool + BRT_100m + pctShade) };

  INPUT ---    group=1 p    rows=1 cols=3 Square ;
  INPUT ---        1 1 1 ;

  INPUT ---    group=1 Psi    rows=1 cols=1 Square ;
  INPUT ---        2 ;

  INPUT ---    design matrix constraints=2 covariates=5;
  INPUT ---        1 0 0 0 0;
  INPUT ---        0 1 pctpool BRT_100m pctShade;
  INPUT ---       blabel(1)=p:(Intercept);
  INPUT ---       blabel(2)=Psi:(Intercept);
  INPUT ---       blabel(3)=Psi:pctpool;
  INPUT ---       blabel(4)=Psi:BRT_100m;
  INPUT ---       blabel(5)=Psi:pctShade;
  INPUT ---       rlabel(1)=p g1 a0 t1;
  INPUT ---       rlabel(2)=Psi g1 a0 t1;

 Link Function Used is LOGIT        

 Variance Estimation Procedure Used is 2ndPart 
 -2logL(saturated) = 0.0000000     
 Effective Sample Size = 138

 Number of function evaluations was 13 for 5 parameters.
 Time for numerical optimization was 0.01 seconds.     
 -2logL { p(~1)Psi(~pctpool + BRT_100m + pctShade) } = 168.27950     
 Penalty { p(~1)Psi(~pctpool + BRT_100m + pctShade) } = 0.0000000     
 Gradient { p(~1)Psi(~pctpool + BRT_100m + pctShade) }:
  0.1964898E-05 -0.5164498E-06  0.8170918E-06   0.000000       0.000000    
 Maximum ABS(G) { p(~1)Psi(~pctpool + BRT_100m + pctShade) } = 0.1964898E-05 
 S Vector { p(~1)Psi(~pctpool + BRT_100m + pctShade) }:
   21.93470      9.557356      1.105309     0.7068788     0.3833726    
 Time to compute number of parameters was 0.01 seconds.     
 Ratio Threshold = 50.000000       Max Gap (2/3) = 8.6467698       Next Max Gap (1/2) = 2.2950594     
 Gap Method for Num. of Estimated Parameters { p(~1)Psi(~pctpool + BRT_100m + pctShade) } = 5          
 Threshold { p(~1)Psi(~pctpool + BRT_100m + pctShade) } = 0.3929795E-05                 
 Numerical Threshold Method for Num. of Estimated Parameters { p(~1)Psi(~pctpool + BRT_100m + pctShade) } = 5          
 Number of Estimated Parameters { p(~1)Psi(~pctpool + BRT_100m + pctShade) } = 5          
 DEVIANCE { p(~1)Psi(~pctpool + BRT_100m + pctShade) } = 168.27950                     
 DEVIANCE Degrees of Freedom { p(~1)Psi(~pctpool + BRT_100m + pctShade) } = 133            
 c-hat { p(~1)Psi(~pctpool + BRT_100m + pctShade) } = 1.2652594                     
 AIC { p(~1)Psi(~pctpool + BRT_100m + pctShade) } = 178.27950                  
 AICc { p(~1)Psi(~pctpool + BRT_100m + pctShade) } = 178.73405                    
 BIC { p(~1)Psi(~pctpool + BRT_100m + pctShade) } = 192.91577                    
 Pearson Chisquare { p(~1)Psi(~pctpool + BRT_100m + pctShade) } = 1002.3439                  


         LOGIT Link Function Parameters of { p(~1)Psi(~pctpool + BRT_100m + pctShade) }
                                                              95% Confidence Interval
 Parameter                    Beta         Standard Error      Lower           Upper
 -------------------------  --------------  --------------  --------------  --------------

  Program  MARK  - Survival Rate Estimation with Capture-Recapture Data
   gfortran(dble) Vers. 9.0 Mar 2018    12-Dec-2019 15:59:18    Page  003
 - - - - - - - - - - - - - - - - - - - - - - - - - - - - - - - - - - - - - -
 
    1:p:(Intercept)          0.9414229       0.3232446       0.3078634       1.5749823    
    2:Psi:(Intercept)       -2.6931930       0.6605170      -3.9878063      -1.3985796    
    3:Psi:pctpool            0.0168545       0.0139695      -0.0105257       0.0442347    
    4:Psi:BRT_100m           0.0379027       0.0166957       0.0051791       0.0706264    
    5:Psi:pctShade           0.0014995       0.0086403      -0.0154356       0.0184345    


         Real Function Parameters of { p(~1)Psi(~pctpool + BRT_100m + pctShade) }

      Following estimates based on unstandardized individual covariate values:
          Variable   Value         
          ---------  ------------- 
          PCTPOOL     25.664251    
          BRT_100M    6.7817616    
          PCTSHADE    48.614931    
                                                               95% Confidence Interval
  Parameter                  Estimate       Standard Error      Lower           Upper
 --------------------------  --------------  --------------  --------------  --------------
     1:p g1 a0 t1             0.7193870       0.0652532       0.5763637       0.8284927                          
     2:Psi g1 a0 t1           0.1266741       0.0301415       0.0783695       0.1983447                          


                      Estimates of Derived Parameters
   Occupancy Estimates of { p(~1)Psi(~pctpool + BRT_100m + pctShade) }
                                            95% Confidence Interval
 Group   Psi-hat         Standard Error      Lower           Upper
 -----   --------------  --------------  --------------  --------------
   1      0.1266741       0.0301415       0.0783695       0.1983447    

   CPU Time for the last procedure was 0.02 seconds.     

  Program  MARK  - Survival Rate Estimation with Capture-Recapture Data
   gfortran(dble) Vers. 9.0 Mar 2018    12-Dec-2019 15:59:18    Page  004
 - - - - - - - - - - - - - - - - - - - - - - - - - - - - - - - - - - - - - -
 


  INPUT --- proc stop;

     CPU Time in minutes for this job was 0.00

     Time Start = 15:59:17.983   Time End = 15:59:18.240

     Wall Clock Time in minutes for this job was 0.00


          E X E C U T I O N   S U C C E S S F U L 
