
   Program  MARK  - Survival Rate Estimation with Capture-Recapture Data
   gfortran(dble) Vers. 9.0 Mar 2018    13-Dec-2019 09:53:00    Page  001
 - - - - - - - - - - - - - - - - - - - - - - - - - - - - - - - - - - - - - -
 
   This version was compiled by GCC version 7.2.0 using the options: 
     -cpp -iprefix C:/Program Files/mingw-w64/x86_64-7.2.0-posix-seh-rt_v5-rev1/
     mingw64/bin/../lib/gcc/x86_64-w64-mingw32/7.2.0/ -D_MT -D_REENTRANT
     -U_REENTRANT -D IEEE -D DBLEPRECISION -m64 -mtune=core2 -march=nocona -mthreads
     -O2 -fimplicit-none -fbounds-check -funroll-loops -ftree-vectorize
     -ffpe-summary=invalid,zero,overflow,underflow -fno-unsafe-math-optimizations
     -frounding-math -fsignaling-nans -fopenmp.

   This problem will use 7 of 8 possible threads.


  INPUT --- proc title ;

   CPU Time for the last procedure was 0.01 seconds.     


  INPUT --- proc chmatrix occasions= 3 groups= 1 etype= Occupancy 
  INPUT --- Nodes= 101 icovar = 5 ICMeans  NoHist hist= 138 ;

  INPUT ---    time interval 1 1 1 ;

  INPUT ---     icovariates effort1 effort2 effort3 pctpool pctBrBnk ;

  INPUT ---    glabel(1)=freq1;

      Number of unique encounter histories read was 138.

      Number of individual covariates read was 5.
      Time interval lengths are all equal to 1.

      Data type number is 27
      Data type is Occupancy Estimation with Detection < 1                                                             

   CPU Time for the last procedure was 0.02 seconds.     

  Program  MARK  - Survival Rate Estimation with Capture-Recapture Data
   gfortran(dble) Vers. 9.0 Mar 2018    13-Dec-2019 09:53:00    Page  002
 - - - - - - - - - - - - - - - - - - - - - - - - - - - - - - - - - - - - - -
 


  INPUT --- proc estimate link=Logit NOLOOP varest=2ndPart    ;


  INPUT --- model={ p(~effort)Psi(~pctpool + pctBrBnk) };

  INPUT ---    group=1 p    rows=1 cols=3 Square ;
  INPUT ---        1 2 3 ;

  INPUT ---    group=1 Psi    rows=1 cols=1 Square ;
  INPUT ---        4 ;

  INPUT ---    design matrix constraints=4 covariates=5;
  INPUT ---        1 effort1 0 0 0;
  INPUT ---        1 effort2 0 0 0;
  INPUT ---        1 effort3 0 0 0;
  INPUT ---        0 0 1 pctpool pctBrBnk;
  INPUT ---       blabel(1)=p:(Intercept);
  INPUT ---       blabel(2)=p:effort;
  INPUT ---       blabel(3)=Psi:(Intercept);
  INPUT ---       blabel(4)=Psi:pctpool;
  INPUT ---       blabel(5)=Psi:pctBrBnk;
  INPUT ---       rlabel(1)=p g1 a0 t1;
  INPUT ---       rlabel(2)=p g1 a1 t2;
  INPUT ---       rlabel(3)=p g1 a2 t3;
  INPUT ---       rlabel(4)=Psi g1 a0 t1;

 Link Function Used is LOGIT        

 Variance Estimation Procedure Used is 2ndPart 
 -2logL(saturated) = 0.0000000     
 Effective Sample Size = 138

 Number of function evaluations was 17 for 5 parameters.
 Time for numerical optimization was 0.01 seconds.     
 -2logL { p(~effort)Psi(~pctpool + pctBrBnk) } = 159.81448     
 Penalty { p(~effort)Psi(~pctpool + pctBrBnk) } = 0.0000000     
 Gradient { p(~effort)Psi(~pctpool + pctBrBnk) }:
  0.1336908E-05  0.2530637E-06  0.8537376E-06  0.7153947E-06 -0.3267208E-06
 Maximum ABS(G) { p(~effort)Psi(~pctpool + pctBrBnk) } = 0.1336908E-05 
 S Vector { p(~effort)Psi(~pctpool + pctBrBnk) }:
   17.92673      8.033687     0.7893405     0.2513603     0.9750483E-01
 Time to compute number of parameters was 0.03 seconds.     
 Ratio Threshold = 50.000000       Max Gap (2/3) = 10.177720       Next Max Gap (3/4) = 3.1402750     
 Gap Method for Num. of Estimated Parameters { p(~effort)Psi(~pctpool + pctBrBnk) } = 5          
 Threshold { p(~effort)Psi(~pctpool + pctBrBnk) } = 0.2673815E-05                 
 Numerical Threshold Method for Num. of Estimated Parameters { p(~effort)Psi(~pctpool + pctBrBnk) } = 5          
 Number of Estimated Parameters { p(~effort)Psi(~pctpool + pctBrBnk) } = 5          
 DEVIANCE { p(~effort)Psi(~pctpool + pctBrBnk) } = 159.81448                     
 DEVIANCE Degrees of Freedom { p(~effort)Psi(~pctpool + pctBrBnk) } = 133            
 c-hat { p(~effort)Psi(~pctpool + pctBrBnk) } = 1.2016126                     
 AIC { p(~effort)Psi(~pctpool + pctBrBnk) } = 169.81448                  
 AICc { p(~effort)Psi(~pctpool + pctBrBnk) } = 170.26903                    
 BIC { p(~effort)Psi(~pctpool + pctBrBnk) } = 184.45075                    
 Pearson Chisquare { p(~effort)Psi(~pctpool + pctBrBnk) } = 899.84969                  

  Program  MARK  - Survival Rate Estimation with Capture-Recapture Data
   gfortran(dble) Vers. 9.0 Mar 2018    13-Dec-2019 09:53:00    Page  003
 - - - - - - - - - - - - - - - - - - - - - - - - - - - - - - - - - - - - - -
 


            LOGIT Link Function Parameters of { p(~effort)Psi(~pctpool + pctBrBnk) }
                                                              95% Confidence Interval
 Parameter                    Beta         Standard Error      Lower           Upper
 -------------------------  --------------  --------------  --------------  --------------
    1:p:(Intercept)         -0.4266869       0.6765643      -1.7527529       0.8993790    
    2:p:effort               0.0016392       0.7893034E-03   0.9214009E-04   0.0031862    
    3:Psi:(Intercept)       -1.2341158       0.5683411      -2.3480643      -0.1201672    
    4:Psi:pctpool            0.0210461       0.0134879      -0.0053902       0.0474824    
    5:Psi:pctBrBnk          -1.5277434       0.6197993      -2.7425501      -0.3129367    


            Real Function Parameters of { p(~effort)Psi(~pctpool + pctBrBnk) }

      Following estimates based on unstandardized individual covariate values:
          Variable   Value         
          ---------  ------------- 
          EFFORT1     906.23188    
          EFFORT2     834.18841    
          EFFORT3     818.18116    
          PCTPOOL     25.664251    
          PCTBRBNK    0.8740586    
                                                               95% Confidence Interval
  Parameter                  Estimate       Standard Error      Lower           Upper
 --------------------------  --------------  --------------  --------------  --------------
     1:p g1 a0 t1             0.7424584       0.0729016       0.5772568       0.8588837                          
     2:p g1 a1 t2             0.7192398       0.0735742       0.5564018       0.8395409                          
     3:p g1 a2 t3             0.7139109       0.0738742       0.5512010       0.8352615                          
     4:Psi g1 a0 t1           0.1161586       0.0322536       0.0662931       0.1956722                          


                      Estimates of Derived Parameters
      Occupancy Estimates of { p(~effort)Psi(~pctpool + pctBrBnk) }
                                            95% Confidence Interval
 Group   Psi-hat         Standard Error      Lower           Upper
 -----   --------------  --------------  --------------  --------------
   1      0.1161586       0.0322536       0.0662931       0.1956722    

   CPU Time for the last procedure was 0.03 seconds.     

  Program  MARK  - Survival Rate Estimation with Capture-Recapture Data
   gfortran(dble) Vers. 9.0 Mar 2018    13-Dec-2019 09:53:00    Page  004
 - - - - - - - - - - - - - - - - - - - - - - - - - - - - - - - - - - - - - -
 


  INPUT --- proc stop;

     CPU Time in minutes for this job was 0.00

     Time Start = 09:53:00.662   Time End = 09:53:00.767

     Wall Clock Time in minutes for this job was 0.00


          E X E C U T I O N   S U C C E S S F U L 
