
   Program  MARK  - Survival Rate Estimation with Capture-Recapture Data
   gfortran(dble) Vers. 9.0 Mar 2018    13-Dec-2019 09:52:34    Page  001
 - - - - - - - - - - - - - - - - - - - - - - - - - - - - - - - - - - - - - -
 
   This version was compiled by GCC version 7.2.0 using the options: 
     -cpp -iprefix C:/Program Files/mingw-w64/x86_64-7.2.0-posix-seh-rt_v5-rev1/
     mingw64/bin/../lib/gcc/x86_64-w64-mingw32/7.2.0/ -D_MT -D_REENTRANT
     -U_REENTRANT -D IEEE -D DBLEPRECISION -m64 -mtune=core2 -march=nocona -mthreads
     -O2 -fimplicit-none -fbounds-check -funroll-loops -ftree-vectorize
     -ffpe-summary=invalid,zero,overflow,underflow -fno-unsafe-math-optimizations
     -frounding-math -fsignaling-nans -fopenmp.

   This problem will use 7 of 8 possible threads.


  INPUT --- proc title ;

   CPU Time for the last procedure was 0.01 seconds.     


  INPUT --- proc chmatrix occasions= 3 groups= 1 etype= Occupancy 
  INPUT --- Nodes= 101 icovar = 6 ICMeans  NoHist hist= 138 ;

  INPUT ---    time interval 1 1 1 ;

  INPUT ---     icovariates effort1 effort2 effort3 BRT_100m pctShade  
  INPUT ---    HAiFLS_for ;

  INPUT ---    glabel(1)=freq1;

      Number of unique encounter histories read was 138.

      Number of individual covariates read was 6.
      Time interval lengths are all equal to 1.

      Data type number is 27
      Data type is Occupancy Estimation with Detection < 1                                                             

   CPU Time for the last procedure was 0.01 seconds.     

  Program  MARK  - Survival Rate Estimation with Capture-Recapture Data
   gfortran(dble) Vers. 9.0 Mar 2018    13-Dec-2019 09:52:34    Page  002
 - - - - - - - - - - - - - - - - - - - - - - - - - - - - - - - - - - - - - -
 


  INPUT --- proc estimate link=Logit NOLOOP varest=2ndPart    ;


  INPUT --- model={ p(~effort)Psi(~BRT_100m + pctShade + HAiFLS_for) };

  INPUT ---    group=1 p    rows=1 cols=3 Square ;
  INPUT ---        1 2 3 ;

  INPUT ---    group=1 Psi    rows=1 cols=1 Square ;
  INPUT ---        4 ;

  INPUT ---    design matrix constraints=4 covariates=6;
  INPUT ---        1 effort1 0 0 0 0;
  INPUT ---        1 effort2 0 0 0 0;
  INPUT ---        1 effort3 0 0 0 0;
  INPUT ---        0 0 1 BRT_100m pctShade HAiFLS_for;
  INPUT ---       blabel(1)=p:(Intercept);
  INPUT ---       blabel(2)=p:effort;
  INPUT ---       blabel(3)=Psi:(Intercept);
  INPUT ---       blabel(4)=Psi:BRT_100m;
  INPUT ---       blabel(5)=Psi:pctShade;
  INPUT ---       blabel(6)=Psi:HAiFLS_for;
  INPUT ---       rlabel(1)=p g1 a0 t1;
  INPUT ---       rlabel(2)=p g1 a1 t2;
  INPUT ---       rlabel(3)=p g1 a2 t3;
  INPUT ---       rlabel(4)=Psi g1 a0 t1;

 Link Function Used is LOGIT        

 Variance Estimation Procedure Used is 2ndPart 
 -2logL(saturated) = 0.0000000     
 Effective Sample Size = 138

 Number of function evaluations was 18 for 6 parameters.
 Time for numerical optimization was 0.02 seconds.     
 -2logL { p(~effort)Psi(~BRT_100m + pctShade + HAiFLS_for) } = 158.56582     
 Penalty { p(~effort)Psi(~BRT_100m + pctShade + HAiFLS_for) } = 0.0000000     
 Gradient { p(~effort)Psi(~BRT_100m + pctShade + HAiFLS_for) }:
  0.1477021E-05  0.2701529E-06  0.1084935E-05  0.1311759E-05  0.3674767E-05
  0.1835034E-05
 Maximum ABS(G) { p(~effort)Psi(~BRT_100m + pctShade + HAiFLS_for) } = 0.3674767E-05 
 S Vector { p(~effort)Psi(~BRT_100m + pctShade + HAiFLS_for) }:
   21.57162      8.669621      1.343318     0.8645824     0.4297784    
  0.1061773    
 Time to compute number of parameters was 0.01 seconds.     
 Ratio Threshold = 50.000000       Max Gap (2/3) = 6.4538850       Next Max Gap (5/6) = 4.0477433     
 Gap Method for Num. of Estimated Parameters { p(~effort)Psi(~BRT_100m + pctShade + HAiFLS_for) } = 6          
 Threshold { p(~effort)Psi(~BRT_100m + pctShade + HAiFLS_for) } = 0.7349534E-05                 
 Numerical Threshold Method for Num. of Estimated Parameters { p(~effort)Psi(~BRT_100m + pctShade + HAiFLS_for) } = 6          
 Number of Estimated Parameters { p(~effort)Psi(~BRT_100m + pctShade + HAiFLS_for) } = 6          
 DEVIANCE { p(~effort)Psi(~BRT_100m + pctShade + HAiFLS_for) } = 158.56582                     
 DEVIANCE Degrees of Freedom { p(~effort)Psi(~BRT_100m + pctShade + HAiFLS_for) } = 132            
 c-hat { p(~effort)Psi(~BRT_100m + pctShade + HAiFLS_for) } = 1.2012562                     
 AIC { p(~effort)Psi(~BRT_100m + pctShade + HAiFLS_for) } = 170.56582                  
 AICc { p(~effort)Psi(~BRT_100m + pctShade + HAiFLS_for) } = 171.20704                    
 BIC { p(~effort)Psi(~BRT_100m + pctShade + HAiFLS_for) } = 188.12934                    
 Pearson Chisquare { p(~effort)Psi(~BRT_100m + pctShade + HAiFLS_for) } = 739.22888                  

  Program  MARK  - Survival Rate Estimation with Capture-Recapture Data
   gfortran(dble) Vers. 9.0 Mar 2018    13-Dec-2019 09:52:34    Page  003
 - - - - - - - - - - - - - - - - - - - - - - - - - - - - - - - - - - - - - -
 


     LOGIT Link Function Parameters of { p(~effort)Psi(~BRT_100m + pctShade + HAiFLS_for) }
                                                              95% Confidence Interval
 Parameter                    Beta         Standard Error      Lower           Upper
 -------------------------  --------------  --------------  --------------  --------------
    1:p:(Intercept)         -0.2913479       0.6351085      -1.5361606       0.9534647    
    2:p:effort               0.0015196       0.7574150E-03   0.3508923E-04   0.0030042    
    3:Psi:(Intercept)       -2.5160609       0.5662865      -3.6259824      -1.4061394    
    4:Psi:BRT_100m           0.0349699       0.0157513       0.0040973       0.0658424    
    5:Psi:pctShade          -0.0056048       0.0092626      -0.0237595       0.0125499    
    6:Psi:HAiFLS_for         0.0212074       0.0090596       0.0034505       0.0389643    


     Real Function Parameters of { p(~effort)Psi(~BRT_100m + pctShade + HAiFLS_for) }

      Following estimates based on unstandardized individual covariate values:
          Variable   Value         
          ---------  ------------- 
          EFFORT1     906.23188    
          EFFORT2     834.18841    
          EFFORT3     818.18116    
          BRT_100M    6.7817616    
          PCTSHADE    48.614931    
          HAIFLS_FOR  26.272482    
                                                               95% Confidence Interval
  Parameter                  Estimate       Standard Error      Lower           Upper
 --------------------------  --------------  --------------  --------------  --------------
     1:p g1 a0 t1             0.7475867       0.0709300       0.5863861       0.8608681                          
     2:p g1 a1 t2             0.7263742       0.0710108       0.5685746       0.8424497                          
     3:p g1 a2 t3             0.7215129       0.0711609       0.5641044       0.8383661                          
     4:Psi g1 a0 t1           0.1198120       0.0308753       0.0712231       0.1946035                          


                      Estimates of Derived Parameters
 Occupancy Estimates of { p(~effort)Psi(~BRT_100m + pctShade + HAiFLS_for) }
                                            95% Confidence Interval
 Group   Psi-hat         Standard Error      Lower           Upper
 -----   --------------  --------------  --------------  --------------
   1      0.1198120       0.0308753       0.0712231       0.1946035    

   CPU Time for the last procedure was 0.02 seconds.     

  Program  MARK  - Survival Rate Estimation with Capture-Recapture Data
   gfortran(dble) Vers. 9.0 Mar 2018    13-Dec-2019 09:52:34    Page  004
 - - - - - - - - - - - - - - - - - - - - - - - - - - - - - - - - - - - - - -
 


  INPUT --- proc stop;

     CPU Time in minutes for this job was 0.00

     Time Start = 09:52:34.589   Time End = 09:52:34.700

     Wall Clock Time in minutes for this job was 0.00


          E X E C U T I O N   S U C C E S S F U L 
