
   Program  MARK  - Survival Rate Estimation with Capture-Recapture Data
   gfortran(dble) Vers. 9.0 Mar 2018    12-Dec-2019 16:40:02    Page  001
 - - - - - - - - - - - - - - - - - - - - - - - - - - - - - - - - - - - - - -
 
   This version was compiled by GCC version 7.2.0 using the options: 
     -cpp -iprefix C:/Program Files/mingw-w64/x86_64-7.2.0-posix-seh-rt_v5-rev1/
     mingw64/bin/../lib/gcc/x86_64-w64-mingw32/7.2.0/ -D_MT -D_REENTRANT
     -U_REENTRANT -D IEEE -D DBLEPRECISION -m64 -mtune=core2 -march=nocona -mthreads
     -O2 -fimplicit-none -fbounds-check -funroll-loops -ftree-vectorize
     -ffpe-summary=invalid,zero,overflow,underflow -fno-unsafe-math-optimizations
     -frounding-math -fsignaling-nans -fopenmp.

   This problem will use 2 of 8 possible threads.


  INPUT --- proc title ;

   CPU Time for the last procedure was 0.01 seconds.     


  INPUT --- proc chmatrix occasions= 1 groups= 4 etype= Known Nodes= 
  INPUT --- 101 icovar = 1 ICMeans  NoHist hist= 98 ;

  INPUT ---    time interval 1 ;

  INPUT ---     icovariates length ;

  INPUT ---    glabel(1)=areacontrol.sexfemale;

  INPUT ---    glabel(2)=areatreatment.sexfemale;

  INPUT ---    glabel(3)=areacontrol.sexmale;

  INPUT ---    glabel(4)=areatreatment.sexmale;

      Number of unique encounter histories read was 98.

      Number of individual covariates read was 1.
      Time interval lengths are all equal to 1.

      Data type number is 4
      Data type is Known Fate                                                                                          

   CPU Time for the last procedure was 0.02 seconds.     

  Program  MARK  - Survival Rate Estimation with Capture-Recapture Data
   gfortran(dble) Vers. 9.0 Mar 2018    12-Dec-2019 16:40:02    Page  002
 - - - - - - - - - - - - - - - - - - - - - - - - - - - - - - - - - - - - - -
 


  INPUT --- proc estimate link=Logit NOLOOP varest=2ndPart    ;


  INPUT --- model={ S(~area + length) };

  INPUT ---    group=1 S    rows=1 cols=1 Square ;
  INPUT ---        1 ;

  INPUT ---    group=2 S    rows=1 cols=1 Square ;
  INPUT ---        2 ;

  INPUT ---    group=3 S    rows=1 cols=1 Square ;
  INPUT ---        1 ;

  INPUT ---    group=4 S    rows=1 cols=1 Square ;
  INPUT ---        2 ;

  INPUT ---    design matrix constraints=2 covariates=3;
  INPUT ---        1 0 length;
  INPUT ---        1 1 length;
  INPUT ---       blabel(1)=S:(Intercept);
  INPUT ---       blabel(2)=S:areatreatment;
  INPUT ---       blabel(3)=S:length;
  INPUT ---       rlabel(1)=S gcontrolfemale a1 t2;
  INPUT ---       rlabel(2)=S gtreatmentfemale a1 t2;

 Link Function Used is LOGIT        

 Variance Estimation Procedure Used is 2ndPart 
 -2logL(saturated) = 0.0000000     
 Effective Sample Size = 114

 Number of function evaluations was 10 for 3 parameters.
 Time for numerical optimization was 0.01 seconds.     
 -2logL { S(~area + length) } = 149.93754     
 Penalty { S(~area + length) } = 0.0000000     
 Gradient { S(~area + length) }:
  0.1021939E-05  0.1780461E-05  0.4865408E-06
 Maximum ABS(G) { S(~area + length) } = 0.1780461E-05 
 S Vector { S(~area + length) }:
   56.10166      5.742385     0.1973490E-01
 Time to compute number of parameters was 0.01 seconds.     
 Ratio Threshold = 50.000000       Max Gap (2/3) = 290.97611       Next Max Gap (1/2) = 9.7697488     
 Gap Method for Num. of Estimated Parameters { S(~area + length) } = 2          
 Threshold { S(~area + length) } = 0.3560921E-05                 
 Numerical Threshold Method for Num. of Estimated Parameters { S(~area + length) } = 3          
 Number of Estimated Parameters { S(~area + length) } = 3          

   * *  WARNING  * *   Number of parameters estimated from gap method (=2) and threshold method (=3) differ.  Inspect full output.                                                                                                                                                                                                                                                                                                                                                                                                                      
 Ratios of S Vector { S(~area + length) }:
   1/2    9.769749       2/3    290.9761    
 DEVIANCE { S(~area + length) } = 149.93754                     
 DEVIANCE Degrees of Freedom { S(~area + length) } = 111            
 c-hat { S(~area + length) } = 1.3507886                     
 AIC { S(~area + length) } = 155.93754                  
 AICc { S(~area + length) } = 156.15572                    
 BIC { S(~area + length) } = 164.14613                    
 Pearson Chisquare { S(~area + length) } = 216.80599                  

  Program  MARK  - Survival Rate Estimation with Capture-Recapture Data
   gfortran(dble) Vers. 9.0 Mar 2018    12-Dec-2019 16:40:02    Page  003
 - - - - - - - - - - - - - - - - - - - - - - - - - - - - - - - - - - - - - -
 


                    LOGIT Link Function Parameters of { S(~area + length) }
                                                              95% Confidence Interval
 Parameter                    Beta         Standard Error      Lower           Upper
 -------------------------  --------------  --------------  --------------  --------------
    1:S:(Intercept)         -10.198410       4.7978204      -19.602138      -0.7946816    
    2:S:areatreatment        0.0712669       0.3894066      -0.6919700       0.8345039    
    3:S:length               0.0794145       0.0388369       0.0032942       0.1555349    


                    Real Function Parameters of { S(~area + length) }

      Following estimates based on unstandardized individual covariate values:
          Variable   Value         
          ---------  ------------- 
          LENGTH      123.30702    
                                                               95% Confidence Interval
  Parameter                  Estimate       Standard Error      Lower           Upper
 --------------------------  --------------  --------------  --------------  --------------
     1:S gcontrolfemale a1    0.3998622       0.0656170       0.2805019       0.5324280                          
     2:S gtreatmentfemale a   0.4170798       0.0674391       0.2934995       0.5520367                          


                     Estimates of Derived Parameters

              Survival Estimates of { S(~area + length) }

       Pr. Surviving
        Duration of                   95% Confidence Interval
 Group     Study      Standard Error     Lower          Upper     
 ----- -------------- -------------- -------------- --------------
   1    0.3998622      0.0656167      0.2805025      0.5324273    
   2    0.4170798      0.0674391      0.2934996      0.5520365    
   3    0.3998622      0.0656167      0.2805025      0.5324273    
   4    0.4170798      0.0674391      0.2934996      0.5520365    

 Attempted ordering of parameters by estimatibility:
  1 2 3
 Beta number 3 is a singular value.

   CPU Time for the last procedure was 0.01 seconds.     

  Program  MARK  - Survival Rate Estimation with Capture-Recapture Data
   gfortran(dble) Vers. 9.0 Mar 2018    12-Dec-2019 16:40:02    Page  004
 - - - - - - - - - - - - - - - - - - - - - - - - - - - - - - - - - - - - - -
 


  INPUT --- proc stop;

     CPU Time in minutes for this job was 0.00

     Time Start = 16:40:02.529   Time End = 16:40:02.678

     Wall Clock Time in minutes for this job was 0.00


          E X E C U T I O N   S U C C E S S F U L 
