
   Program  MARK  - Survival Rate Estimation with Capture-Recapture Data
   gfortran(dble) Vers. 9.0 Mar 2018    13-Dec-2019 09:52:53    Page  001
 - - - - - - - - - - - - - - - - - - - - - - - - - - - - - - - - - - - - - -
 
   This version was compiled by GCC version 7.2.0 using the options: 
     -cpp -iprefix C:/Program Files/mingw-w64/x86_64-7.2.0-posix-seh-rt_v5-rev1/
     mingw64/bin/../lib/gcc/x86_64-w64-mingw32/7.2.0/ -D_MT -D_REENTRANT
     -U_REENTRANT -D IEEE -D DBLEPRECISION -m64 -mtune=core2 -march=nocona -mthreads
     -O2 -fimplicit-none -fbounds-check -funroll-loops -ftree-vectorize
     -ffpe-summary=invalid,zero,overflow,underflow -fno-unsafe-math-optimizations
     -frounding-math -fsignaling-nans -fopenmp.

   This problem will use 7 of 8 possible threads.


  INPUT --- proc title ;

   CPU Time for the last procedure was 0.01 seconds.     


  INPUT --- proc chmatrix occasions= 3 groups= 1 etype= Occupancy 
  INPUT --- Nodes= 101 icovar = 2 ICMeans  NoHist hist= 138 ;

  INPUT ---    time interval 1 1 1 ;

  INPUT ---     icovariates pctex21 HAiFLS_for ;

  INPUT ---    glabel(1)=freq1;

      Number of unique encounter histories read was 138.

      Number of individual covariates read was 2.
      Time interval lengths are all equal to 1.

      Data type number is 27
      Data type is Occupancy Estimation with Detection < 1                                                             

   CPU Time for the last procedure was 0.01 seconds.     

  Program  MARK  - Survival Rate Estimation with Capture-Recapture Data
   gfortran(dble) Vers. 9.0 Mar 2018    13-Dec-2019 09:52:53    Page  002
 - - - - - - - - - - - - - - - - - - - - - - - - - - - - - - - - - - - - - -
 


  INPUT --- proc estimate link=Logit NOLOOP varest=2ndPart    ;


  INPUT --- model={ p(~1)Psi(~pctex21 + HAiFLS_for) };

  INPUT ---    group=1 p    rows=1 cols=3 Square ;
  INPUT ---        1 1 1 ;

  INPUT ---    group=1 Psi    rows=1 cols=1 Square ;
  INPUT ---        2 ;

  INPUT ---    design matrix constraints=2 covariates=4;
  INPUT ---        1 0 0 0;
  INPUT ---        0 1 pctex21 HAiFLS_for;
  INPUT ---       blabel(1)=p:(Intercept);
  INPUT ---       blabel(2)=Psi:(Intercept);
  INPUT ---       blabel(3)=Psi:pctex21;
  INPUT ---       blabel(4)=Psi:HAiFLS_for;
  INPUT ---       rlabel(1)=p g1 a0 t1;
  INPUT ---       rlabel(2)=Psi g1 a0 t1;

 Link Function Used is LOGIT        

 Variance Estimation Procedure Used is 2ndPart 
 -2logL(saturated) = 0.0000000     
 Effective Sample Size = 138

 Number of function evaluations was 17 for 4 parameters.
 Time for numerical optimization was 0.03 seconds.     
 -2logL { p(~1)Psi(~pctex21 + HAiFLS_for) } = 148.10301     
 Penalty { p(~1)Psi(~pctex21 + HAiFLS_for) } = 0.0000000     
 Gradient { p(~1)Psi(~pctex21 + HAiFLS_for) }:
  0.2941371E-05  0.7730680E-06  0.8069979E-07  0.5933750E-06
 Maximum ABS(G) { p(~1)Psi(~pctex21 + HAiFLS_for) } = 0.2941371E-05 
 S Vector { p(~1)Psi(~pctex21 + HAiFLS_for) }:
   15.05281      9.531544     0.9936170     0.1618168E-01
 Time to compute number of parameters was 0.01 seconds.     
 Ratio Threshold = 50.000000       Max Gap (3/4) = 61.403811       Next Max Gap (2/3) = 9.5927744     
 Gap Method for Num. of Estimated Parameters { p(~1)Psi(~pctex21 + HAiFLS_for) } = 3          
 Threshold { p(~1)Psi(~pctex21 + HAiFLS_for) } = 0.5882741E-05                 
 Numerical Threshold Method for Num. of Estimated Parameters { p(~1)Psi(~pctex21 + HAiFLS_for) } = 4          
 Number of Estimated Parameters { p(~1)Psi(~pctex21 + HAiFLS_for) } = 4          

   * *  WARNING  * *   Number of parameters estimated from gap method (=3) and threshold method (=4) differ.  Inspect full output.                                                                                                                                                                                                                                                                                                                                                                                                                      
 Ratios of S Vector { p(~1)Psi(~pctex21 + HAiFLS_for) }:
   1/2    1.579262       2/3    9.592774       3/4    61.40381    
 DEVIANCE { p(~1)Psi(~pctex21 + HAiFLS_for) } = 148.10301                     
 DEVIANCE Degrees of Freedom { p(~1)Psi(~pctex21 + HAiFLS_for) } = 134            
 c-hat { p(~1)Psi(~pctex21 + HAiFLS_for) } = 1.1052464                     
 AIC { p(~1)Psi(~pctex21 + HAiFLS_for) } = 156.10301                  
 AICc { p(~1)Psi(~pctex21 + HAiFLS_for) } = 156.40376                    
 BIC { p(~1)Psi(~pctex21 + HAiFLS_for) } = 167.81203                    
 Pearson Chisquare { p(~1)Psi(~pctex21 + HAiFLS_for) } = 694.12256                  

  Program  MARK  - Survival Rate Estimation with Capture-Recapture Data
   gfortran(dble) Vers. 9.0 Mar 2018    13-Dec-2019 09:52:54    Page  003
 - - - - - - - - - - - - - - - - - - - - - - - - - - - - - - - - - - - - - -
 


             LOGIT Link Function Parameters of { p(~1)Psi(~pctex21 + HAiFLS_for) }
                                                              95% Confidence Interval
 Parameter                    Beta         Standard Error      Lower           Upper
 -------------------------  --------------  --------------  --------------  --------------
    1:p:(Intercept)          0.9453671       0.3218617       0.3145181       1.5762161    
    2:Psi:(Intercept)       -1.4672456       0.4440638      -2.3376107      -0.5968806    
    3:Psi:pctex21           -0.7309084       0.2536408      -1.2280443      -0.2337725    
    4:Psi:HAiFLS_for         0.0221704       0.0098927       0.0027807       0.0415601    


             Real Function Parameters of { p(~1)Psi(~pctex21 + HAiFLS_for) }

      Following estimates based on unstandardized individual covariate values:
          Variable   Value         
          ---------  ------------- 
          PCTEX21     4.8306834    
          HAIFLS_FOR  26.272482    
                                                               95% Confidence Interval
  Parameter                  Estimate       Standard Error      Lower           Upper
 --------------------------  --------------  --------------  --------------  --------------
     1:p g1 a0 t1             0.7201825       0.0648615       0.5779877       0.8286680                          
     2:Psi g1 a0 t1           0.0119434       0.0133052       0.0013244       0.0992417                          


                      Estimates of Derived Parameters
        Occupancy Estimates of { p(~1)Psi(~pctex21 + HAiFLS_for) }
                                            95% Confidence Interval
 Group   Psi-hat         Standard Error      Lower           Upper
 -----   --------------  --------------  --------------  --------------
   1      0.0119434       0.0133052       0.0013244       0.0992417    

 Attempted ordering of parameters by estimatibility:
  2 1 4 3
 Beta number 3 is a singular value.

   CPU Time for the last procedure was 0.03 seconds.     

  Program  MARK  - Survival Rate Estimation with Capture-Recapture Data
   gfortran(dble) Vers. 9.0 Mar 2018    13-Dec-2019 09:52:54    Page  004
 - - - - - - - - - - - - - - - - - - - - - - - - - - - - - - - - - - - - - -
 


  INPUT --- proc stop;

     CPU Time in minutes for this job was 0.00

     Time Start = 09:52:53.890   Time End = 09:52:54.081

     Wall Clock Time in minutes for this job was 0.00


          E X E C U T I O N   S U C C E S S F U L 
