
   Program  MARK  - Survival Rate Estimation with Capture-Recapture Data
   gfortran(dble) Vers. 9.0 Mar 2018    11-Dec-2019 13:41:08    Page  001
 - - - - - - - - - - - - - - - - - - - - - - - - - - - - - - - - - - - - - -
 
   This version was compiled by GCC version 7.2.0 using the options: 
     -cpp -iprefix C:/Program Files/mingw-w64/x86_64-7.2.0-posix-seh-rt_v5-rev1/
     mingw64/bin/../lib/gcc/x86_64-w64-mingw32/7.2.0/ -D_MT -D_REENTRANT
     -U_REENTRANT -D IEEE -D DBLEPRECISION -m64 -mtune=core2 -march=nocona -mthreads
     -O2 -fimplicit-none -fbounds-check -funroll-loops -ftree-vectorize
     -ffpe-summary=invalid,zero,overflow,underflow -fno-unsafe-math-optimizations
     -frounding-math -fsignaling-nans -fopenmp.

   This problem will use 7 of 8 possible threads.


  INPUT --- proc title ;

   CPU Time for the last procedure was 0.01 seconds.     


  INPUT --- proc chmatrix occasions= 3 groups= 1 etype= Occupancy 
  INPUT --- Nodes= 101 icovar = 7 ICMeans  NoHist hist= 138 ;

  INPUT ---    time interval 1 1 1 ;

  INPUT ---     icovariates effort1 effort2 effort3 pctpool pctBrBnk  
  INPUT ---    pctShade HAiFLS_for ;

  INPUT ---    glabel(1)=freq1;

      Number of unique encounter histories read was 138.

      Number of individual covariates read was 7.
      Time interval lengths are all equal to 1.

      Data type number is 27
      Data type is Occupancy Estimation with Detection < 1                                                             

   CPU Time for the last procedure was 0.02 seconds.     

  Program  MARK  - Survival Rate Estimation with Capture-Recapture Data
   gfortran(dble) Vers. 9.0 Mar 2018    11-Dec-2019 13:41:08    Page  002
 - - - - - - - - - - - - - - - - - - - - - - - - - - - - - - - - - - - - - -
 


  INPUT --- proc estimate link=Logit NOLOOP varest=2ndPart    ;


  INPUT --- model={ p(~effort)Psi(~pctpool + pctBrBnk + pctShade + 
  INPUT --- HAiFLS_for) };

  INPUT ---    group=1 p    rows=1 cols=3 Square ;
  INPUT ---        1 2 3 ;

  INPUT ---    group=1 Psi    rows=1 cols=1 Square ;
  INPUT ---        4 ;

  INPUT ---    design matrix constraints=4 covariates=7;
  INPUT ---        1 effort1 0 0 0 0 0;
  INPUT ---        1 effort2 0 0 0 0 0;
  INPUT ---        1 effort3 0 0 0 0 0;
  INPUT ---        0 0 1 pctpool pctBrBnk pctShade HAiFLS_for;
  INPUT ---       blabel(1)=p:(Intercept);
  INPUT ---       blabel(2)=p:effort;
  INPUT ---       blabel(3)=Psi:(Intercept);
  INPUT ---       blabel(4)=Psi:pctpool;
  INPUT ---       blabel(5)=Psi:pctBrBnk;
  INPUT ---       blabel(6)=Psi:pctShade;
  INPUT ---       blabel(7)=Psi:HAiFLS_for;
  INPUT ---       rlabel(1)=p g1 a0 t1;
  INPUT ---       rlabel(2)=p g1 a1 t2;
  INPUT ---       rlabel(3)=p g1 a2 t3;
  INPUT ---       rlabel(4)=Psi g1 a0 t1;

 Link Function Used is LOGIT        

 Variance Estimation Procedure Used is 2ndPart 
 -2logL(saturated) = 0.0000000     
 Effective Sample Size = 138

 Number of function evaluations was 19 for 7 parameters.
 Time for numerical optimization was 0.01 seconds.     
 -2logL { p(~effort)Psi(~pctpool + pctBrBnk + pctShade + HAiFLS_for) } = 156.36591     
 Penalty { p(~effort)Psi(~pctpool + pctBrBnk + pctShade + HAiFLS_for) } = 0.0000000     
 Gradient { p(~effort)Psi(~pctpool + pctBrBnk + pctShade + HAiFLS_for) }:
  0.1360225E-05  0.2568260E-06   0.000000      0.8527852E-06  0.3417052E-06
  0.1789612E-05   0.000000    
 Maximum ABS(G) { p(~effort)Psi(~pctpool + pctBrBnk + pctShade + HAiFLS_for) } = 0.1789612E-05 

  Program  MARK  - Survival Rate Estimation with Capture-Recapture Data
   gfortran(dble) Vers. 9.0 Mar 2018    11-Dec-2019 13:41:08    Page  003
 - - - - - - - - - - - - - - - - - - - - - - - - - - - - - - - - - - - - - -
 
 S Vector { p(~effort)Psi(~pctpool + pctBrBnk + pctShade + HAiFLS_for) }:
   23.34338      8.126399      1.407676     0.8459511     0.6626144    
  0.2308720     0.1004602    
 Time to compute number of parameters was 0.01 seconds.     
 Ratio Threshold = 50.000000       Max Gap (2/3) = 5.7729198       Next Max Gap (1/2) = 2.8725367     
 Gap Method for Num. of Estimated Parameters { p(~effort)Psi(~pctpool + pctBrBnk + pctShade + HAiFLS_for) } = 7          
 Threshold { p(~effort)Psi(~pctpool + pctBrBnk + pctShade + HAiFLS_for) } = 0.3579224E-05                 
 Numerical Threshold Method for Num. of Estimated Parameters { p(~effort)Psi(~pctpool + pctBrBnk + pctShade + HAiFLS_for) } = 7          
 Number of Estimated Parameters { p(~effort)Psi(~pctpool + pctBrBnk + pctShade + HAiFLS_for) } = 7          
 DEVIANCE { p(~effort)Psi(~pctpool + pctBrBnk + pctShade + HAiFLS_for) } = 156.36591                     
 DEVIANCE Degrees of Freedom { p(~effort)Psi(~pctpool + pctBrBnk + pctShade + HAiFLS_for) } = 131            
 c-hat { p(~effort)Psi(~pctpool + pctBrBnk + pctShade + HAiFLS_for) } = 1.1936329                     
 AIC { p(~effort)Psi(~pctpool + pctBrBnk + pctShade + HAiFLS_for) } = 170.36591                  
 AICc { p(~effort)Psi(~pctpool + pctBrBnk + pctShade + HAiFLS_for) } = 171.22745                    
 BIC { p(~effort)Psi(~pctpool + pctBrBnk + pctShade + HAiFLS_for) } = 190.85669                    
 Pearson Chisquare { p(~effort)Psi(~pctpool + pctBrBnk + pctShade + HAiFLS_for) } = 814.37212                  


 LOGIT Link Function Parameters of { p(~effort)Psi(~pctpool + pctBrBnk + pctShade + HAiFLS_for) }
                                                              95% Confidence Interval
 Parameter                    Beta         Standard Error      Lower           Upper
 -------------------------  --------------  --------------  --------------  --------------
    1:p:(Intercept)         -0.4022303       0.6666718      -1.7089071       0.9044466    
    2:p:effort               0.0016115       0.7778880E-03   0.8682872E-04   0.0031361    
    3:Psi:(Intercept)       -1.6392675       0.6985858      -3.0084957      -0.2700393    
    4:Psi:pctpool            0.0156203       0.0143555      -0.0125165       0.0437572    
    5:Psi:pctBrBnk          -1.4469015       0.6457537      -2.7125787      -0.1812242    
    6:Psi:pctShade          -0.6618651E-03   0.0095864      -0.0194512       0.0181275    
    7:Psi:HAiFLS_for         0.0165003       0.0095812      -0.0022788       0.0352794    


 Real Function Parameters of { p(~effort)Psi(~pctpool + pctBrBnk + pctShade + HAiFLS_for) }

      Following estimates based on unstandardized individual covariate values:
          Variable   Value         
          ---------  ------------- 
          EFFORT1     906.23188    
          EFFORT2     834.18841    
          EFFORT3     818.18116    
          PCTPOOL     25.664251    
          PCTBRBNK    0.8740586    
          PCTSHADE    48.614931    
          HAIFLS_FOR  26.272482    
                                                               95% Confidence Interval
  Parameter                  Estimate       Standard Error      Lower           Upper
 --------------------------  --------------  --------------  --------------  --------------
     1:p g1 a0 t1             0.7423373       0.0729341       0.5770770       0.8588195                          
     2:p g1 a1 t2             0.7195146       0.0735458       0.5567007       0.8397445                          
     3:p g1 a2 t3             0.7142794       0.0738268       0.5516245       0.8355224                          
     4:Psi g1 a0 t1           0.1089286       0.0317951       0.0604393       0.1885144                          


                      Estimates of Derived Parameters
 Occupancy Estimates of { p(~effort)Psi(~pctpool + pctBrBnk + pctShade + HAiFLS_for) }
                                            95% Confidence Interval
 Group   Psi-hat         Standard Error      Lower           Upper
 -----   --------------  --------------  --------------  --------------
   1      0.1089286       0.0317951       0.0604393       0.1885144    

  Program  MARK  - Survival Rate Estimation with Capture-Recapture Data
   gfortran(dble) Vers. 9.0 Mar 2018    11-Dec-2019 13:41:08    Page  004
 - - - - - - - - - - - - - - - - - - - - - - - - - - - - - - - - - - - - - -
 

   CPU Time for the last procedure was 0.02 seconds.     


  INPUT --- proc stop;

     CPU Time in minutes for this job was 0.00

     Time Start = 13:41:08.124   Time End = 13:41:08.815

     Wall Clock Time in minutes for this job was 0.01


          E X E C U T I O N   S U C C E S S F U L 
