
   Program  MARK  - Survival Rate Estimation with Capture-Recapture Data
   gfortran(dble) Vers. 9.0 Mar 2018    13-Dec-2019 09:51:48    Page  001
 - - - - - - - - - - - - - - - - - - - - - - - - - - - - - - - - - - - - - -
 
   This version was compiled by GCC version 7.2.0 using the options: 
     -cpp -iprefix C:/Program Files/mingw-w64/x86_64-7.2.0-posix-seh-rt_v5-rev1/
     mingw64/bin/../lib/gcc/x86_64-w64-mingw32/7.2.0/ -D_MT -D_REENTRANT
     -U_REENTRANT -D IEEE -D DBLEPRECISION -m64 -mtune=core2 -march=nocona -mthreads
     -O2 -fimplicit-none -fbounds-check -funroll-loops -ftree-vectorize
     -ffpe-summary=invalid,zero,overflow,underflow -fno-unsafe-math-optimizations
     -frounding-math -fsignaling-nans -fopenmp.

   This problem will use 7 of 8 possible threads.


  INPUT --- proc title ;

   CPU Time for the last procedure was 0.01 seconds.     


  INPUT --- proc chmatrix occasions= 3 groups= 1 etype= Occupancy 
  INPUT --- Nodes= 101 icovar = 4 ICMeans  NoHist hist= 137 ;

  INPUT ---    time interval 1 1 1 ;

  INPUT ---     icovariates pctpool BRT_100m pctShade pctBrBnk ;

  INPUT ---    glabel(1)=freq1;

      Number of unique encounter histories read was 137.

      Number of individual covariates read was 4.
      Time interval lengths are all equal to 1.

      Data type number is 27
      Data type is Occupancy Estimation with Detection < 1                                                             

   CPU Time for the last procedure was 0.01 seconds.     

  Program  MARK  - Survival Rate Estimation with Capture-Recapture Data
   gfortran(dble) Vers. 9.0 Mar 2018    13-Dec-2019 09:51:48    Page  002
 - - - - - - - - - - - - - - - - - - - - - - - - - - - - - - - - - - - - - -
 


  INPUT --- proc estimate link=Logit NOLOOP varest=2ndPart    ;


  INPUT --- model={ p(~1)Psi(~pctpool + BRT_100m + pctShade + pctBrBnk) 
  INPUT --- };

  INPUT ---    group=1 p    rows=1 cols=3 Square ;
  INPUT ---        1 1 1 ;

  INPUT ---    group=1 Psi    rows=1 cols=1 Square ;
  INPUT ---        2 ;

  INPUT ---    design matrix constraints=2 covariates=6;
  INPUT ---        1 0 0 0 0 0;
  INPUT ---        0 1 pctpool BRT_100m pctShade pctBrBnk;
  INPUT ---       blabel(1)=p:(Intercept);
  INPUT ---       blabel(2)=Psi:(Intercept);
  INPUT ---       blabel(3)=Psi:pctpool;
  INPUT ---       blabel(4)=Psi:BRT_100m;
  INPUT ---       blabel(5)=Psi:pctShade;
  INPUT ---       blabel(6)=Psi:pctBrBnk;
  INPUT ---       rlabel(1)=p g1 a0 t1;
  INPUT ---       rlabel(2)=Psi g1 a0 t1;

 Link Function Used is LOGIT        

 Variance Estimation Procedure Used is 2ndPart 
 -2logL(saturated) = 0.0000000     
 Effective Sample Size = 138

 Number of function evaluations was 16 for 6 parameters.
 Time for numerical optimization was 0.06 seconds.     
 -2logL { p(~1)Psi(~pctpool + BRT_100m + pctShade + pctBrBnk) } = 162.60955     
 Penalty { p(~1)Psi(~pctpool + BRT_100m + pctShade + pctBrBnk) } = 0.0000000     
 Gradient { p(~1)Psi(~pctpool + BRT_100m + pctShade + pctBrBnk) }:
 -0.1961338E-05 -0.1320642E-05 -0.7240703E-06 -0.5176844E-06 -0.1259395E-05
 -0.3535198E-06
 Maximum ABS(G) { p(~1)Psi(~pctpool + BRT_100m + pctShade + pctBrBnk) } = 0.1961338E-05 
 S Vector { p(~1)Psi(~pctpool + BRT_100m + pctShade + pctBrBnk) }:
   21.60304      9.605460      1.074401     0.7334060     0.4312482    
  0.2171929    
 Time to compute number of parameters was 0.03 seconds.     
 Ratio Threshold = 50.000000       Max Gap (2/3) = 8.9402921       Next Max Gap (1/2) = 2.2490378     
 Gap Method for Num. of Estimated Parameters { p(~1)Psi(~pctpool + BRT_100m + pctShade + pctBrBnk) } = 6          
 Threshold { p(~1)Psi(~pctpool + BRT_100m + pctShade + pctBrBnk) } = 0.3922675E-05                 
 Numerical Threshold Method for Num. of Estimated Parameters { p(~1)Psi(~pctpool + BRT_100m + pctShade + pctBrBnk) } = 6          
 Number of Estimated Parameters { p(~1)Psi(~pctpool + BRT_100m + pctShade + pctBrBnk) } = 6          
 DEVIANCE { p(~1)Psi(~pctpool + BRT_100m + pctShade + pctBrBnk) } = 162.60955                     
 DEVIANCE Degrees of Freedom { p(~1)Psi(~pctpool + BRT_100m + pctShade + pctBrBnk) } = 132            
 c-hat { p(~1)Psi(~pctpool + BRT_100m + pctShade + pctBrBnk) } = 1.2318905                     
 AIC { p(~1)Psi(~pctpool + BRT_100m + pctShade + pctBrBnk) } = 174.60955                  
 AICc { p(~1)Psi(~pctpool + BRT_100m + pctShade + pctBrBnk) } = 175.25077                    
 BIC { p(~1)Psi(~pctpool + BRT_100m + pctShade + pctBrBnk) } = 192.17307                    
 Pearson Chisquare { p(~1)Psi(~pctpool + BRT_100m + pctShade + pctBrBnk) } = 1320.2084                  

  Program  MARK  - Survival Rate Estimation with Capture-Recapture Data
   gfortran(dble) Vers. 9.0 Mar 2018    13-Dec-2019 09:51:48    Page  003
 - - - - - - - - - - - - - - - - - - - - - - - - - - - - - - - - - - - - - -
 


   LOGIT Link Function Parameters of { p(~1)Psi(~pctpool + BRT_100m + pctShade + pctBrBnk) }
                                                              95% Confidence Interval
 Parameter                    Beta         Standard Error      Lower           Upper
 -------------------------  --------------  --------------  --------------  --------------
    1:p:(Intercept)          0.9449469       0.3220478       0.3137331       1.5761606    
    2:Psi:(Intercept)       -1.8885184       0.7193804      -3.2985041      -0.4785327    
    3:Psi:pctpool            0.0206426       0.0139151      -0.0066310       0.0479161    
    4:Psi:BRT_100m           0.0279207       0.0162594      -0.0039477       0.0597891    
    5:Psi:pctShade           0.0051761       0.0089359      -0.0123384       0.0226905    
    6:Psi:pctBrBnk          -1.3879925       0.6548575      -2.6715132      -0.1044717    


   Real Function Parameters of { p(~1)Psi(~pctpool + BRT_100m + pctShade + pctBrBnk) }

      Following estimates based on unstandardized individual covariate values:
          Variable   Value         
          ---------  ------------- 
          PCTPOOL     25.664251    
          BRT_100M    6.7817616    
          PCTSHADE    48.614931    
          PCTBRBNK    0.8740586    
                                                               95% Confidence Interval
  Parameter                  Estimate       Standard Error      Lower           Upper
 --------------------------  --------------  --------------  --------------  --------------
     1:p g1 a0 t1             0.7200978       0.0649110       0.5777962       0.8286601                          
     2:Psi g1 a0 t1           0.1061254       0.0308987       0.0590027       0.1835419                          


                      Estimates of Derived Parameters
 Occupancy Estimates of { p(~1)Psi(~pctpool + BRT_100m + pctShade + pctBrBnk) }
                                            95% Confidence Interval
 Group   Psi-hat         Standard Error      Lower           Upper
 -----   --------------  --------------  --------------  --------------
   1      0.1061254       0.0308987       0.0590027       0.1835419    

   CPU Time for the last procedure was 0.09 seconds.     

  Program  MARK  - Survival Rate Estimation with Capture-Recapture Data
   gfortran(dble) Vers. 9.0 Mar 2018    13-Dec-2019 09:51:48    Page  004
 - - - - - - - - - - - - - - - - - - - - - - - - - - - - - - - - - - - - - -
 


  INPUT --- proc stop;

     CPU Time in minutes for this job was 0.00

     Time Start = 09:51:48.778   Time End = 09:51:48.906

     Wall Clock Time in minutes for this job was 0.00


          E X E C U T I O N   S U C C E S S F U L 
