
   Program  MARK  - Survival Rate Estimation with Capture-Recapture Data
   gfortran(dble) Vers. 9.0 Mar 2018    12-Dec-2019 15:58:33    Page  001
 - - - - - - - - - - - - - - - - - - - - - - - - - - - - - - - - - - - - - -
 
   This version was compiled by GCC version 7.2.0 using the options: 
     -cpp -iprefix C:/Program Files/mingw-w64/x86_64-7.2.0-posix-seh-rt_v5-rev1/
     mingw64/bin/../lib/gcc/x86_64-w64-mingw32/7.2.0/ -D_MT -D_REENTRANT
     -U_REENTRANT -D IEEE -D DBLEPRECISION -m64 -mtune=core2 -march=nocona -mthreads
     -O2 -fimplicit-none -fbounds-check -funroll-loops -ftree-vectorize
     -ffpe-summary=invalid,zero,overflow,underflow -fno-unsafe-math-optimizations
     -frounding-math -fsignaling-nans -fopenmp.

   This problem will use 7 of 8 possible threads.


  INPUT --- proc title ;

   CPU Time for the last procedure was 0.01 seconds.     


  INPUT --- proc chmatrix occasions= 3 groups= 1 etype= Occupancy 
  INPUT --- Nodes= 101 icovar = 6 ICMeans  NoHist hist= 138 ;

  INPUT ---    time interval 1 1 1 ;

  INPUT ---     icovariates pctex21 pctpool pctrock BRT_100m pctShade  
  INPUT ---    HAiFLS_for ;

  INPUT ---    glabel(1)=freq1;

      Number of unique encounter histories read was 138.

      Number of individual covariates read was 6.
      Time interval lengths are all equal to 1.

      Data type number is 27
      Data type is Occupancy Estimation with Detection < 1                                                             

   CPU Time for the last procedure was 0.02 seconds.     

  Program  MARK  - Survival Rate Estimation with Capture-Recapture Data
   gfortran(dble) Vers. 9.0 Mar 2018    12-Dec-2019 15:58:33    Page  002
 - - - - - - - - - - - - - - - - - - - - - - - - - - - - - - - - - - - - - -
 


  INPUT --- proc estimate link=Logit NOLOOP varest=2ndPart    ;


  INPUT --- model={ p(~1)Psi(~pctex21 + pctpool + pctrock + BRT_100m + 
  INPUT --- pctShade + HAiFLS_for) };

  INPUT ---    group=1 p    rows=1 cols=3 Square ;
  INPUT ---        1 1 1 ;

  INPUT ---    group=1 Psi    rows=1 cols=1 Square ;
  INPUT ---        2 ;

  INPUT ---    design matrix constraints=2 covariates=8;
  INPUT ---        1 0 0 0 0 0 0 0;
  INPUT ---        0 1 pctex21 pctpool pctrock BRT_100m pctShade HAiFLS_for;
  INPUT ---       blabel(1)=p:(Intercept);
  INPUT ---       blabel(2)=Psi:(Intercept);
  INPUT ---       blabel(3)=Psi:pctex21;
  INPUT ---       blabel(4)=Psi:pctpool;
  INPUT ---       blabel(5)=Psi:pctrock;
  INPUT ---       blabel(6)=Psi:BRT_100m;
  INPUT ---       blabel(7)=Psi:pctShade;
  INPUT ---       blabel(8)=Psi:HAiFLS_for;
  INPUT ---       rlabel(1)=p g1 a0 t1;
  INPUT ---       rlabel(2)=Psi g1 a0 t1;

 Link Function Used is LOGIT        

 Variance Estimation Procedure Used is 2ndPart 
 -2logL(saturated) = 0.0000000     
 Effective Sample Size = 138

 Number of function evaluations was 23 for 8 parameters.
 Time for numerical optimization was 0.01 seconds.     
 -2logL { p(~1)Psi(~pctex21 + pctpool + pctrock + BRT_100m + pctShade + HAiFLS_for) } = 144.15758     
 Penalty { p(~1)Psi(~pctex21 + pctpool + pctrock + BRT_100m + pctShade + HAiFLS_for) } = 0.0000000     
 Gradient { p(~1)Psi(~pctex21 + pctpool + pctrock + BRT_100m + pctShade + HAiFLS_for) }:
  0.1957484E-05   0.000000       0.000000      0.2402149E-05  0.7467372E-06
  0.6723452E-06  0.1155075E-05  0.1200793E-05
 Maximum ABS(G) { p(~1)Psi(~pctex21 + pctpool + pctrock + BRT_100m + pctShade + HAiFLS_for) } = 0.2402149E-05 
 S Vector { p(~1)Psi(~pctex21 + pctpool + pctrock + BRT_100m + pctShade + HAiFLS_for) }:
   26.27244      9.684305      1.158912     0.8931837     0.5908641    
  0.4164511     0.1795104     0.1601053E-01
 Time to compute number of parameters was 0.01 seconds.     
 Ratio Threshold = 50.000000       Max Gap (7/8) = 11.212021       Next Max Gap (2/3) = 8.3563786     
 Gap Method for Num. of Estimated Parameters { p(~1)Psi(~pctex21 + pctpool + pctrock + BRT_100m + pctShade + HAiFLS_for) } = 8          
 Threshold { p(~1)Psi(~pctex21 + pctpool + pctrock + BRT_100m + pctShade + HAiFLS_for) } = 0.4804298E-05                 
 Numerical Threshold Method for Num. of Estimated Parameters { p(~1)Psi(~pctex21 + pctpool + pctrock + BRT_100m + pctShade + HAiFLS_for) } = 8          
 Number of Estimated Parameters { p(~1)Psi(~pctex21 + pctpool + pctrock + BRT_100m + pctShade + HAiFLS_for) } = 8          
 DEVIANCE { p(~1)Psi(~pctex21 + pctpool + pctrock + BRT_100m + pctShade + HAiFLS_for) } = 144.15758                     
 DEVIANCE Degrees of Freedom { p(~1)Psi(~pctex21 + pctpool + pctrock + BRT_100m + pctShade + HAiFLS_for) } = 130            
 c-hat { p(~1)Psi(~pctex21 + pctpool + pctrock + BRT_100m + pctShade + HAiFLS_for) } = 1.1089045                     
 AIC { p(~1)Psi(~pctex21 + pctpool + pctrock + BRT_100m + pctShade + HAiFLS_for) } = 160.15758                  
 AICc { p(~1)Psi(~pctex21 + pctpool + pctrock + BRT_100m + pctShade + HAiFLS_for) } = 161.27386                    
 BIC { p(~1)Psi(~pctex21 + pctpool + pctrock + BRT_100m + pctShade + HAiFLS_for) } = 183.57561                    
 Pearson Chisquare { p(~1)Psi(~pctex21 + pctpool + pctrock + BRT_100m + pctShade + HAiFLS_for) } = 731.09230                  

  Program  MARK  - Survival Rate Estimation with Capture-Recapture Data
   gfortran(dble) Vers. 9.0 Mar 2018    12-Dec-2019 15:58:34    Page  003
 - - - - - - - - - - - - - - - - - - - - - - - - - - - - - - - - - - - - - -
 


 LOGIT Link Function Parameters of { p(~1)Psi(~pctex21 + pctpool + pctrock + BRT_100m + pctShade + HAiFLS_for) }
                                                              95% Confidence Interval
 Parameter                    Beta         Standard Error      Lower           Upper
 -------------------------  --------------  --------------  --------------  --------------
    1:p:(Intercept)          0.9487762       0.3209776       0.3196601       1.5778922    
    2:Psi:(Intercept)       -2.9312772       1.3285979      -5.5353291      -0.3272254    
    3:Psi:pctex21           -0.7081563       0.2550582      -1.2080703      -0.2082423    
    4:Psi:pctpool            0.0174575       0.0173856      -0.0166183       0.0515333    
    5:Psi:pctrock            0.0155424       0.0166614      -0.0171139       0.0481987    
    6:Psi:BRT_100m           0.0191054       0.0172461      -0.0146969       0.0529078    
    7:Psi:pctShade          -0.0065521       0.0115716      -0.0292325       0.0161283    
    8:Psi:HAiFLS_for         0.0217940       0.0111748      -0.1086575E-03   0.0436967    


 Real Function Parameters of { p(~1)Psi(~pctex21 + pctpool + pctrock + BRT_100m + pctShade + HAiFLS_for) }

      Following estimates based on unstandardized individual covariate values:
          Variable   Value         
          ---------  ------------- 
          PCTEX21     4.8306834    
          PCTPOOL     25.664251    
          PCTROCK     68.678238    
          BRT_100M    6.7817616    
          PCTSHADE    48.614931    
          HAIFLS_FOR  26.272482    
                                                               95% Confidence Interval
  Parameter                  Estimate       Standard Error      Lower           Upper
 --------------------------  --------------  --------------  --------------  --------------
     1:p g1 a0 t1             0.7208690       0.0645861       0.5792414       0.8289058                          
     2:Psi g1 a0 t1           0.0115087       0.0128948       0.0012609       0.0969620                          


                      Estimates of Derived Parameters
 Occupancy Estimates of { p(~1)Psi(~pctex21 + pctpool + pctrock + BRT_100m + pctShade + HAiFLS_for) }
                                            95% Confidence Interval
 Group   Psi-hat         Standard Error      Lower           Upper
 -----   --------------  --------------  --------------  --------------
   1      0.0115087       0.0128948       0.0012609       0.0969620    

   CPU Time for the last procedure was 0.01 seconds.     

  Program  MARK  - Survival Rate Estimation with Capture-Recapture Data
   gfortran(dble) Vers. 9.0 Mar 2018    12-Dec-2019 15:58:34    Page  004
 - - - - - - - - - - - - - - - - - - - - - - - - - - - - - - - - - - - - - -
 


  INPUT --- proc stop;

     CPU Time in minutes for this job was 0.00

     Time Start = 15:58:33.828   Time End = 15:58:34.058

     Wall Clock Time in minutes for this job was 0.00


          E X E C U T I O N   S U C C E S S F U L 
