
   Program  MARK  - Survival Rate Estimation with Capture-Recapture Data
   gfortran(dble) Vers. 9.0 Mar 2018    11-Dec-2019 13:41:45    Page  001
 - - - - - - - - - - - - - - - - - - - - - - - - - - - - - - - - - - - - - -
 
   This version was compiled by GCC version 7.2.0 using the options: 
     -cpp -iprefix C:/Program Files/mingw-w64/x86_64-7.2.0-posix-seh-rt_v5-rev1/
     mingw64/bin/../lib/gcc/x86_64-w64-mingw32/7.2.0/ -D_MT -D_REENTRANT
     -U_REENTRANT -D IEEE -D DBLEPRECISION -m64 -mtune=core2 -march=nocona -mthreads
     -O2 -fimplicit-none -fbounds-check -funroll-loops -ftree-vectorize
     -ffpe-summary=invalid,zero,overflow,underflow -fno-unsafe-math-optimizations
     -frounding-math -fsignaling-nans -fopenmp.

   This problem will use 7 of 8 possible threads.


  INPUT --- proc title ;

   CPU Time for the last procedure was 0.01 seconds.     


  INPUT --- proc chmatrix occasions= 3 groups= 1 etype= Occupancy 
  INPUT --- Nodes= 101 icovar = 3 ICMeans  NoHist hist= 138 ;

  INPUT ---    time interval 1 1 1 ;

  INPUT ---     icovariates pctex21 pctrock pctShade ;

  INPUT ---    glabel(1)=freq1;

      Number of unique encounter histories read was 138.

      Number of individual covariates read was 3.
      Time interval lengths are all equal to 1.

      Data type number is 27
      Data type is Occupancy Estimation with Detection < 1                                                             

   CPU Time for the last procedure was 0.02 seconds.     

  Program  MARK  - Survival Rate Estimation with Capture-Recapture Data
   gfortran(dble) Vers. 9.0 Mar 2018    11-Dec-2019 13:41:45    Page  002
 - - - - - - - - - - - - - - - - - - - - - - - - - - - - - - - - - - - - - -
 


  INPUT --- proc estimate link=Logit NOLOOP varest=2ndPart    ;


  INPUT --- model={ p(~1)Psi(~pctex21 + pctrock + pctShade) };

  INPUT ---    group=1 p    rows=1 cols=3 Square ;
  INPUT ---        1 1 1 ;

  INPUT ---    group=1 Psi    rows=1 cols=1 Square ;
  INPUT ---        2 ;

  INPUT ---    design matrix constraints=2 covariates=5;
  INPUT ---        1 0 0 0 0;
  INPUT ---        0 1 pctex21 pctrock pctShade;
  INPUT ---       blabel(1)=p:(Intercept);
  INPUT ---       blabel(2)=Psi:(Intercept);
  INPUT ---       blabel(3)=Psi:pctex21;
  INPUT ---       blabel(4)=Psi:pctrock;
  INPUT ---       blabel(5)=Psi:pctShade;
  INPUT ---       rlabel(1)=p g1 a0 t1;
  INPUT ---       rlabel(2)=Psi g1 a0 t1;

 Link Function Used is LOGIT        

 Variance Estimation Procedure Used is 2ndPart 
 -2logL(saturated) = 0.0000000     
 Effective Sample Size = 138

 Number of function evaluations was 19 for 5 parameters.
 Time for numerical optimization was 0.01 seconds.     
 -2logL { p(~1)Psi(~pctex21 + pctrock + pctShade) } = 151.65665     
 Penalty { p(~1)Psi(~pctex21 + pctrock + pctShade) } = 0.0000000     
 Gradient { p(~1)Psi(~pctex21 + pctrock + pctShade) }:
 -0.9784380E-06  0.6699748E-06   0.000000      0.1653868E-05  0.1472466E-05
 Maximum ABS(G) { p(~1)Psi(~pctex21 + pctrock + pctShade) } = 0.1653868E-05 
 S Vector { p(~1)Psi(~pctex21 + pctrock + pctShade) }:
   24.76870      9.684608      1.062314     0.4621469     0.1939224E-01
 Time to compute number of parameters was 0.09 seconds.     
 Ratio Threshold = 50.000000       Max Gap (4/5) = 23.831542       Next Max Gap (2/3) = 9.1165190     
 Gap Method for Num. of Estimated Parameters { p(~1)Psi(~pctex21 + pctrock + pctShade) } = 5          
 Threshold { p(~1)Psi(~pctex21 + pctrock + pctShade) } = 0.3307735E-05                 
 Numerical Threshold Method for Num. of Estimated Parameters { p(~1)Psi(~pctex21 + pctrock + pctShade) } = 5          
 Number of Estimated Parameters { p(~1)Psi(~pctex21 + pctrock + pctShade) } = 5          
 DEVIANCE { p(~1)Psi(~pctex21 + pctrock + pctShade) } = 151.65665                     
 DEVIANCE Degrees of Freedom { p(~1)Psi(~pctex21 + pctrock + pctShade) } = 133            
 c-hat { p(~1)Psi(~pctex21 + pctrock + pctShade) } = 1.1402756                     
 AIC { p(~1)Psi(~pctex21 + pctrock + pctShade) } = 161.65665                  
 AICc { p(~1)Psi(~pctex21 + pctrock + pctShade) } = 162.11120                    
 BIC { p(~1)Psi(~pctex21 + pctrock + pctShade) } = 176.29292                    
 Pearson Chisquare { p(~1)Psi(~pctex21 + pctrock + pctShade) } = 1106.8713                  


         LOGIT Link Function Parameters of { p(~1)Psi(~pctex21 + pctrock + pctShade) }
                                                              95% Confidence Interval
 Parameter                    Beta         Standard Error      Lower           Upper
 -------------------------  --------------  --------------  --------------  --------------

  Program  MARK  - Survival Rate Estimation with Capture-Recapture Data
   gfortran(dble) Vers. 9.0 Mar 2018    11-Dec-2019 13:41:46    Page  003
 - - - - - - - - - - - - - - - - - - - - - - - - - - - - - - - - - - - - - -
 
    1:p:(Intercept)          0.9493813       0.3207264       0.3207575       1.5780051    
    2:Psi:(Intercept)       -1.8468962       0.8805505      -3.5727751      -0.1210173    
    3:Psi:pctex21           -0.6485885       0.2318204      -1.1029564      -0.1942205    
    4:Psi:pctrock            0.0130653       0.0123399      -0.0111209       0.0372515    
    5:Psi:pctShade           0.0029713       0.0094110      -0.0154743       0.0214168    


         Real Function Parameters of { p(~1)Psi(~pctex21 + pctrock + pctShade) }

      Following estimates based on unstandardized individual covariate values:
          Variable   Value         
          ---------  ------------- 
          PCTEX21     4.8306834    
          PCTROCK     68.678238    
          PCTSHADE    48.614931    
                                                               95% Confidence Interval
  Parameter                  Estimate       Standard Error      Lower           Upper
 --------------------------  --------------  --------------  --------------  --------------
     1:p g1 a0 t1             0.7209907       0.0645183       0.5795089       0.8289218                          
     2:Psi g1 a0 t1           0.0191096       0.0189017       0.0026921       0.1232701                          


                      Estimates of Derived Parameters
    Occupancy Estimates of { p(~1)Psi(~pctex21 + pctrock + pctShade) }
                                            95% Confidence Interval
 Group   Psi-hat         Standard Error      Lower           Upper
 -----   --------------  --------------  --------------  --------------
   1      0.0191096       0.0189017       0.0026921       0.1232701    

   CPU Time for the last procedure was 0.09 seconds.     

  Program  MARK  - Survival Rate Estimation with Capture-Recapture Data
   gfortran(dble) Vers. 9.0 Mar 2018    11-Dec-2019 13:41:46    Page  004
 - - - - - - - - - - - - - - - - - - - - - - - - - - - - - - - - - - - - - -
 


  INPUT --- proc stop;

     CPU Time in minutes for this job was 0.00

     Time Start = 13:41:45.779   Time End = 13:41:46.447

     Wall Clock Time in minutes for this job was 0.01


          E X E C U T I O N   S U C C E S S F U L 
