
   Program  MARK  - Survival Rate Estimation with Capture-Recapture Data
   gfortran(dble) Vers. 9.0 Mar 2018    11-Dec-2019 13:40:16    Page  001
 - - - - - - - - - - - - - - - - - - - - - - - - - - - - - - - - - - - - - -
 
   This version was compiled by GCC version 7.2.0 using the options: 
     -cpp -iprefix C:/Program Files/mingw-w64/x86_64-7.2.0-posix-seh-rt_v5-rev1/
     mingw64/bin/../lib/gcc/x86_64-w64-mingw32/7.2.0/ -D_MT -D_REENTRANT
     -U_REENTRANT -D IEEE -D DBLEPRECISION -m64 -mtune=core2 -march=nocona -mthreads
     -O2 -fimplicit-none -fbounds-check -funroll-loops -ftree-vectorize
     -ffpe-summary=invalid,zero,overflow,underflow -fno-unsafe-math-optimizations
     -frounding-math -fsignaling-nans -fopenmp.

   This problem will use 7 of 8 possible threads.


  INPUT --- proc title ;

   CPU Time for the last procedure was 0.01 seconds.     


  INPUT --- proc chmatrix occasions= 3 groups= 1 etype= Occupancy 
  INPUT --- Nodes= 101 icovar = 6 ICMeans  NoHist hist= 138 ;

  INPUT ---    time interval 1 1 1 ;

  INPUT ---     icovariates pctex21 pctpool pctrock pctBrBnk pctShade  
  INPUT ---    HAiFLS_for ;

  INPUT ---    glabel(1)=freq1;

      Number of unique encounter histories read was 138.

      Number of individual covariates read was 6.
      Time interval lengths are all equal to 1.

      Data type number is 27
      Data type is Occupancy Estimation with Detection < 1                                                             

   CPU Time for the last procedure was 0.02 seconds.     

  Program  MARK  - Survival Rate Estimation with Capture-Recapture Data
   gfortran(dble) Vers. 9.0 Mar 2018    11-Dec-2019 13:40:16    Page  002
 - - - - - - - - - - - - - - - - - - - - - - - - - - - - - - - - - - - - - -
 


  INPUT --- proc estimate link=Logit NOLOOP varest=2ndPart    ;


  INPUT --- model={ p(~1)Psi(~pctex21 + pctpool + pctrock + pctBrBnk + 
  INPUT --- pctShade + HAiFLS_for) };

  INPUT ---    group=1 p    rows=1 cols=3 Square ;
  INPUT ---        1 1 1 ;

  INPUT ---    group=1 Psi    rows=1 cols=1 Square ;
  INPUT ---        2 ;

  INPUT ---    design matrix constraints=2 covariates=8;
  INPUT ---        1 0 0 0 0 0 0 0;
  INPUT ---        0 1 pctex21 pctpool pctrock pctBrBnk pctShade HAiFLS_for;
  INPUT ---       blabel(1)=p:(Intercept);
  INPUT ---       blabel(2)=Psi:(Intercept);
  INPUT ---       blabel(3)=Psi:pctex21;
  INPUT ---       blabel(4)=Psi:pctpool;
  INPUT ---       blabel(5)=Psi:pctrock;
  INPUT ---       blabel(6)=Psi:pctBrBnk;
  INPUT ---       blabel(7)=Psi:pctShade;
  INPUT ---       blabel(8)=Psi:HAiFLS_for;
  INPUT ---       rlabel(1)=p g1 a0 t1;
  INPUT ---       rlabel(2)=Psi g1 a0 t1;

 Link Function Used is LOGIT        

 Variance Estimation Procedure Used is 2ndPart 
 -2logL(saturated) = 0.0000000     
 Effective Sample Size = 138

 Number of function evaluations was 22 for 8 parameters.
 Time for numerical optimization was 0.01 seconds.     
 -2logL { p(~1)Psi(~pctex21 + pctpool + pctrock + pctBrBnk + pctShade + HAiFLS_for) } = 144.13902     
 Penalty { p(~1)Psi(~pctex21 + pctpool + pctrock + pctBrBnk + pctShade + HAiFLS_for) } = 0.0000000     
 Gradient { p(~1)Psi(~pctex21 + pctpool + pctrock + pctBrBnk + pctShade + HAiFLS_for) }:
  0.9802654E-06  0.1040801E-05   0.000000       0.000000       0.000000    
   0.000000      0.1270131E-05 -0.6375560E-06
 Maximum ABS(G) { p(~1)Psi(~pctex21 + pctpool + pctrock + pctBrBnk + pctShade + HAiFLS_for) } = 0.1270131E-05 
 S Vector { p(~1)Psi(~pctex21 + pctpool + pctrock + pctBrBnk + pctShade + HAiFLS_for) }:
   26.56728      9.642816      1.189291     0.8700990     0.6120589    
  0.2587176     0.1760042     0.1665160E-01
 Time to compute number of parameters was 0.14 seconds.     
 Ratio Threshold = 50.000000       Max Gap (7/8) = 10.569805       Next Max Gap (2/3) = 8.1080353     
 Gap Method for Num. of Estimated Parameters { p(~1)Psi(~pctex21 + pctpool + pctrock + pctBrBnk + pctShade + HAiFLS_for) } = 8          
 Threshold { p(~1)Psi(~pctex21 + pctpool + pctrock + pctBrBnk + pctShade + HAiFLS_for) } = 0.2540263E-05                 
 Numerical Threshold Method for Num. of Estimated Parameters { p(~1)Psi(~pctex21 + pctpool + pctrock + pctBrBnk + pctShade + HAiFLS_for) } = 8          
 Number of Estimated Parameters { p(~1)Psi(~pctex21 + pctpool + pctrock + pctBrBnk + pctShade + HAiFLS_for) } = 8          
 DEVIANCE { p(~1)Psi(~pctex21 + pctpool + pctrock + pctBrBnk + pctShade + HAiFLS_for) } = 144.13902                     
 DEVIANCE Degrees of Freedom { p(~1)Psi(~pctex21 + pctpool + pctrock + pctBrBnk + pctShade + HAiFLS_for) } = 130            
 c-hat { p(~1)Psi(~pctex21 + pctpool + pctrock + pctBrBnk + pctShade + HAiFLS_for) } = 1.1087617                     
 AIC { p(~1)Psi(~pctex21 + pctpool + pctrock + pctBrBnk + pctShade + HAiFLS_for) } = 160.13902                  
 AICc { p(~1)Psi(~pctex21 + pctpool + pctrock + pctBrBnk + pctShade + HAiFLS_for) } = 161.25530                    
 BIC { p(~1)Psi(~pctex21 + pctpool + pctrock + pctBrBnk + pctShade + HAiFLS_for) } = 183.55705                    
 Pearson Chisquare { p(~1)Psi(~pctex21 + pctpool + pctrock + pctBrBnk + pctShade + HAiFLS_for) } = 850.83169                  

  Program  MARK  - Survival Rate Estimation with Capture-Recapture Data
   gfortran(dble) Vers. 9.0 Mar 2018    11-Dec-2019 13:40:17    Page  003
 - - - - - - - - - - - - - - - - - - - - - - - - - - - - - - - - - - - - - -
 


 LOGIT Link Function Parameters of { p(~1)Psi(~pctex21 + pctpool + pctrock + pctBrBnk + pctShade + HAiFLS_for) }
                                                              95% Confidence Interval
 Parameter                    Beta         Standard Error      Lower           Upper
 -------------------------  --------------  --------------  --------------  --------------
    1:p:(Intercept)          0.9457472       0.3219553       0.3147147       1.5767797    
    2:Psi:(Intercept)       -2.6651543       1.4001947      -5.4095359       0.0792273    
    3:Psi:pctex21           -0.6733949       0.2498657      -1.1631316      -0.1836581    
    4:Psi:pctpool            0.0224282       0.0172521      -0.0113859       0.0562422    
    5:Psi:pctrock            0.0187156       0.0159733      -0.0125920       0.0500232    
    6:Psi:pctBrBnk          -0.6795782       0.6586225      -1.9704784       0.6113219    
    7:Psi:pctShade          -0.0050473       0.0116779      -0.0279359       0.0178414    
    8:Psi:HAiFLS_for         0.0199402       0.0114686      -0.0025383       0.0424188    


 Real Function Parameters of { p(~1)Psi(~pctex21 + pctpool + pctrock + pctBrBnk + pctShade + HAiFLS_for) }

      Following estimates based on unstandardized individual covariate values:
          Variable   Value         
          ---------  ------------- 
          PCTEX21     4.8306834    
          PCTPOOL     25.664251    
          PCTROCK     68.678238    
          PCTBRBNK    0.8740586    
          PCTSHADE    48.614931    
          HAIFLS_FOR  26.272482    
                                                               95% Confidence Interval
  Parameter                  Estimate       Standard Error      Lower           Upper
 --------------------------  --------------  --------------  --------------  --------------
     1:p g1 a0 t1             0.7202591       0.0648695       0.5780356       0.8287480                          
     2:Psi g1 a0 t1           0.0124607       0.0135208       0.0014624       0.0980521                          


                      Estimates of Derived Parameters
 Occupancy Estimates of { p(~1)Psi(~pctex21 + pctpool + pctrock + pctBrBnk + pctShade + HAiFLS_for) }
                                            95% Confidence Interval
 Group   Psi-hat         Standard Error      Lower           Upper
 -----   --------------  --------------  --------------  --------------
   1      0.0124607       0.0135208       0.0014624       0.0980521    

   CPU Time for the last procedure was 0.14 seconds.     

  Program  MARK  - Survival Rate Estimation with Capture-Recapture Data
   gfortran(dble) Vers. 9.0 Mar 2018    11-Dec-2019 13:40:17    Page  004
 - - - - - - - - - - - - - - - - - - - - - - - - - - - - - - - - - - - - - -
 


  INPUT --- proc stop;

     CPU Time in minutes for this job was 0.00

     Time Start = 13:40:16.464   Time End = 13:40:17.195

     Wall Clock Time in minutes for this job was 0.01


          E X E C U T I O N   S U C C E S S F U L 
