
   Program  MARK  - Survival Rate Estimation with Capture-Recapture Data
   gfortran(dble) Vers. 9.0 Mar 2018    12-Dec-2019 15:59:46    Page  001
 - - - - - - - - - - - - - - - - - - - - - - - - - - - - - - - - - - - - - -
 
   This version was compiled by GCC version 7.2.0 using the options: 
     -cpp -iprefix C:/Program Files/mingw-w64/x86_64-7.2.0-posix-seh-rt_v5-rev1/
     mingw64/bin/../lib/gcc/x86_64-w64-mingw32/7.2.0/ -D_MT -D_REENTRANT
     -U_REENTRANT -D IEEE -D DBLEPRECISION -m64 -mtune=core2 -march=nocona -mthreads
     -O2 -fimplicit-none -fbounds-check -funroll-loops -ftree-vectorize
     -ffpe-summary=invalid,zero,overflow,underflow -fno-unsafe-math-optimizations
     -frounding-math -fsignaling-nans -fopenmp.

   This problem will use 7 of 8 possible threads.


  INPUT --- proc title ;

   CPU Time for the last procedure was 0.02 seconds.     


  INPUT --- proc chmatrix occasions= 3 groups= 1 etype= Occupancy 
  INPUT --- Nodes= 101 icovar = 3 ICMeans  NoHist hist= 133 ;

  INPUT ---    time interval 1 1 1 ;

  INPUT ---     icovariates pctex21 pctpool BRT_100m ;

  INPUT ---    glabel(1)=freq1;

      Number of unique encounter histories read was 133.

      Number of individual covariates read was 3.
      Time interval lengths are all equal to 1.

      Data type number is 27
      Data type is Occupancy Estimation with Detection < 1                                                             

   CPU Time for the last procedure was 0.01 seconds.     

  Program  MARK  - Survival Rate Estimation with Capture-Recapture Data
   gfortran(dble) Vers. 9.0 Mar 2018    12-Dec-2019 15:59:46    Page  002
 - - - - - - - - - - - - - - - - - - - - - - - - - - - - - - - - - - - - - -
 


  INPUT --- proc estimate link=Logit NOLOOP varest=2ndPart    ;


  INPUT --- model={ p(~1)Psi(~pctex21 + pctpool + BRT_100m) };

  INPUT ---    group=1 p    rows=1 cols=3 Square ;
  INPUT ---        1 1 1 ;

  INPUT ---    group=1 Psi    rows=1 cols=1 Square ;
  INPUT ---        2 ;

  INPUT ---    design matrix constraints=2 covariates=5;
  INPUT ---        1 0 0 0 0;
  INPUT ---        0 1 pctex21 pctpool BRT_100m;
  INPUT ---       blabel(1)=p:(Intercept);
  INPUT ---       blabel(2)=Psi:(Intercept);
  INPUT ---       blabel(3)=Psi:pctex21;
  INPUT ---       blabel(4)=Psi:pctpool;
  INPUT ---       blabel(5)=Psi:BRT_100m;
  INPUT ---       rlabel(1)=p g1 a0 t1;
  INPUT ---       rlabel(2)=Psi g1 a0 t1;

 Link Function Used is LOGIT        

 Variance Estimation Procedure Used is 2ndPart 
 -2logL(saturated) = 0.0000000     
 Effective Sample Size = 138

 Number of function evaluations was 18 for 5 parameters.
 Time for numerical optimization was 0.11 seconds.     
 -2logL { p(~1)Psi(~pctex21 + pctpool + BRT_100m) } = 149.53042     
 Penalty { p(~1)Psi(~pctex21 + pctpool + BRT_100m) } = 0.0000000     
 Gradient { p(~1)Psi(~pctex21 + pctpool + BRT_100m) }:
  0.9789995E-06  0.7702241E-06  0.9334563E-07   0.000000      0.5369209E-06
 Maximum ABS(G) { p(~1)Psi(~pctex21 + pctpool + BRT_100m) } = 0.9789995E-06 
 S Vector { p(~1)Psi(~pctex21 + pctpool + BRT_100m) }:
   15.44429      9.599018     0.6690251     0.4200984     0.1805387E-01
 Time to compute number of parameters was 0.02 seconds.     
 Ratio Threshold = 50.000000       Max Gap (4/5) = 23.269164       Next Max Gap (2/3) = 14.347769     
 Gap Method for Num. of Estimated Parameters { p(~1)Psi(~pctex21 + pctpool + BRT_100m) } = 5          
 Threshold { p(~1)Psi(~pctex21 + pctpool + BRT_100m) } = 0.1957999E-05                 
 Numerical Threshold Method for Num. of Estimated Parameters { p(~1)Psi(~pctex21 + pctpool + BRT_100m) } = 5          
 Number of Estimated Parameters { p(~1)Psi(~pctex21 + pctpool + BRT_100m) } = 5          
 DEVIANCE { p(~1)Psi(~pctex21 + pctpool + BRT_100m) } = 149.53042                     
 DEVIANCE Degrees of Freedom { p(~1)Psi(~pctex21 + pctpool + BRT_100m) } = 133            
 c-hat { p(~1)Psi(~pctex21 + pctpool + BRT_100m) } = 1.1242889                     
 AIC { p(~1)Psi(~pctex21 + pctpool + BRT_100m) } = 159.53042                  
 AICc { p(~1)Psi(~pctex21 + pctpool + BRT_100m) } = 159.98497                    
 BIC { p(~1)Psi(~pctex21 + pctpool + BRT_100m) } = 174.16669                    
 Pearson Chisquare { p(~1)Psi(~pctex21 + pctpool + BRT_100m) } = 946.11310                  


         LOGIT Link Function Parameters of { p(~1)Psi(~pctex21 + pctpool + BRT_100m) }
                                                              95% Confidence Interval
 Parameter                    Beta         Standard Error      Lower           Upper
 -------------------------  --------------  --------------  --------------  --------------

  Program  MARK  - Survival Rate Estimation with Capture-Recapture Data
   gfortran(dble) Vers. 9.0 Mar 2018    12-Dec-2019 15:59:46    Page  003
 - - - - - - - - - - - - - - - - - - - - - - - - - - - - - - - - - - - - - -
 
    1:p:(Intercept)          0.9482631       0.3210680       0.3189698       1.5775565    
    2:Psi:(Intercept)       -1.4763554       0.5468882      -2.5482562      -0.4044545    
    3:Psi:pctex21           -0.6275152       0.2402775      -1.0984592      -0.1565712    
    4:Psi:pctpool            0.0141678       0.0144740      -0.0142012       0.0425368    
    5:Psi:BRT_100m           0.0265477       0.0159439      -0.0047023       0.0577977    


         Real Function Parameters of { p(~1)Psi(~pctex21 + pctpool + BRT_100m) }

      Following estimates based on unstandardized individual covariate values:
          Variable   Value         
          ---------  ------------- 
          PCTEX21     4.8306834    
          PCTPOOL     25.664251    
          BRT_100M    6.7817616    
                                                               95% Confidence Interval
  Parameter                  Estimate       Standard Error      Lower           Upper
 --------------------------  --------------  --------------  --------------  --------------
     1:p g1 a0 t1             0.7207657       0.0646190       0.5790732       0.8288582                          
     2:Psi g1 a0 t1           0.0186325       0.0192082       0.0024166       0.1295307                          


                      Estimates of Derived Parameters
    Occupancy Estimates of { p(~1)Psi(~pctex21 + pctpool + BRT_100m) }
                                            95% Confidence Interval
 Group   Psi-hat         Standard Error      Lower           Upper
 -----   --------------  --------------  --------------  --------------
   1      0.0186325       0.0192082       0.0024166       0.1295307    

   CPU Time for the last procedure was 0.12 seconds.     

  Program  MARK  - Survival Rate Estimation with Capture-Recapture Data
   gfortran(dble) Vers. 9.0 Mar 2018    12-Dec-2019 15:59:46    Page  004
 - - - - - - - - - - - - - - - - - - - - - - - - - - - - - - - - - - - - - -
 


  INPUT --- proc stop;

     CPU Time in minutes for this job was 0.00

     Time Start = 15:59:46.302   Time End = 15:59:46.408

     Wall Clock Time in minutes for this job was 0.00


          E X E C U T I O N   S U C C E S S F U L 
