
   Program  MARK  - Survival Rate Estimation with Capture-Recapture Data
   gfortran(dble) Vers. 9.0 Mar 2018    11-Dec-2019 13:38:16    Page  001
 - - - - - - - - - - - - - - - - - - - - - - - - - - - - - - - - - - - - - -
 
   This version was compiled by GCC version 7.2.0 using the options: 
     -cpp -iprefix C:/Program Files/mingw-w64/x86_64-7.2.0-posix-seh-rt_v5-rev1/
     mingw64/bin/../lib/gcc/x86_64-w64-mingw32/7.2.0/ -D_MT -D_REENTRANT
     -U_REENTRANT -D IEEE -D DBLEPRECISION -m64 -mtune=core2 -march=nocona -mthreads
     -O2 -fimplicit-none -fbounds-check -funroll-loops -ftree-vectorize
     -ffpe-summary=invalid,zero,overflow,underflow -fno-unsafe-math-optimizations
     -frounding-math -fsignaling-nans -fopenmp.

   This problem will use 7 of 8 possible threads.


  INPUT --- proc title ;

   CPU Time for the last procedure was 0.01 seconds.     


  INPUT --- proc chmatrix occasions= 3 groups= 1 etype= Occupancy 
  INPUT --- Nodes= 101 icovar = 9 ICMeans  NoHist hist= 138 ;

  INPUT ---    time interval 1 1 1 ;

  INPUT ---     icovariates effort1 effort2 effort3 pctex21 pctpool  
  INPUT ---    pctrock BRT_100m pctBrBnk pctShade ;

  INPUT ---    glabel(1)=freq1;

      Number of unique encounter histories read was 138.

      Number of individual covariates read was 9.
      Time interval lengths are all equal to 1.

      Data type number is 27
      Data type is Occupancy Estimation with Detection < 1                                                             

   CPU Time for the last procedure was 0.02 seconds.     

  Program  MARK  - Survival Rate Estimation with Capture-Recapture Data
   gfortran(dble) Vers. 9.0 Mar 2018    11-Dec-2019 13:38:16    Page  002
 - - - - - - - - - - - - - - - - - - - - - - - - - - - - - - - - - - - - - -
 


  INPUT --- proc estimate link=Logit NOLOOP varest=2ndPart    ;


  INPUT --- model={ p(~effort)Psi(~pctex21 + pctpool + pctrock + 
  INPUT --- BRT_100m + pctBrBnk + pctShade) };

  INPUT ---    group=1 p    rows=1 cols=3 Square ;
  INPUT ---        1 2 3 ;

  INPUT ---    group=1 Psi    rows=1 cols=1 Square ;
  INPUT ---        4 ;

  INPUT ---    design matrix constraints=4 covariates=9;
  INPUT ---        1 effort1 0 0 0 0 0 0 0;
  INPUT ---        1 effort2 0 0 0 0 0 0 0;
  INPUT ---        1 effort3 0 0 0 0 0 0 0;
  INPUT ---        0 0 1 pctex21 pctpool pctrock BRT_100m pctBrBnk pctShade;
  INPUT ---       blabel(1)=p:(Intercept);
  INPUT ---       blabel(2)=p:effort;
  INPUT ---       blabel(3)=Psi:(Intercept);
  INPUT ---       blabel(4)=Psi:pctex21;
  INPUT ---       blabel(5)=Psi:pctpool;
  INPUT ---       blabel(6)=Psi:pctrock;
  INPUT ---       blabel(7)=Psi:BRT_100m;
  INPUT ---       blabel(8)=Psi:pctBrBnk;
  INPUT ---       blabel(9)=Psi:pctShade;
  INPUT ---       rlabel(1)=p g1 a0 t1;
  INPUT ---       rlabel(2)=p g1 a1 t2;
  INPUT ---       rlabel(3)=p g1 a2 t3;
  INPUT ---       rlabel(4)=Psi g1 a0 t1;

 Link Function Used is LOGIT        

 Variance Estimation Procedure Used is 2ndPart 
 -2logL(saturated) = 0.0000000     
 Effective Sample Size = 138

 Number of function evaluations was 27 for 9 parameters.
 Time for numerical optimization was 0.01 seconds.     
 -2logL { p(~effort)Psi(~pctex21 + pctpool + pctrock + BRT_100m + pctBrBnk + pctShade) } = 139.90398     
 Penalty { p(~effort)Psi(~pctex21 + pctpool + pctrock + BRT_100m + pctBrBnk + pctShade) } = 0.0000000     
 Gradient { p(~effort)Psi(~pctex21 + pctpool + pctrock + BRT_100m + pctBrBnk + pctShade) }:
  0.2700528E-05   0.000000      0.1265919E-05  0.9479519E-07   0.000000    
  0.1711174E-05   0.000000      0.5108680E-06  0.2615048E-05
 Maximum ABS(G) { p(~effort)Psi(~pctex21 + pctpool + pctrock + BRT_100m + pctBrBnk + pctShade) } = 0.2700528E-05 

  Program  MARK  - Survival Rate Estimation with Capture-Recapture Data
   gfortran(dble) Vers. 9.0 Mar 2018    11-Dec-2019 13:38:16    Page  003
 - - - - - - - - - - - - - - - - - - - - - - - - - - - - - - - - - - - - - -
 
 S Vector { p(~effort)Psi(~pctex21 + pctpool + pctrock + BRT_100m + pctBrBnk + pctShade) }:
   25.03033      8.267163      1.031051     0.8834601     0.4547997    
  0.2299819     0.1900874     0.9732561E-01 0.1750713E-01
 Time to compute number of parameters was 0.02 seconds.     
 Ratio Threshold = 50.000000       Max Gap (2/3) = 8.0181891       Next Max Gap (8/9) = 5.5591976     
 Gap Method for Num. of Estimated Parameters { p(~effort)Psi(~pctex21 + pctpool + pctrock + BRT_100m + pctBrBnk + pctShade) } = 9          
 Threshold { p(~effort)Psi(~pctex21 + pctpool + pctrock + BRT_100m + pctBrBnk + pctShade) } = 0.5401056E-05                 
 Numerical Threshold Method for Num. of Estimated Parameters { p(~effort)Psi(~pctex21 + pctpool + pctrock + BRT_100m + pctBrBnk + pctShade) } = 9          
 Number of Estimated Parameters { p(~effort)Psi(~pctex21 + pctpool + pctrock + BRT_100m + pctBrBnk + pctShade) } = 9          
 DEVIANCE { p(~effort)Psi(~pctex21 + pctpool + pctrock + BRT_100m + pctBrBnk + pctShade) } = 139.90398                     
 DEVIANCE Degrees of Freedom { p(~effort)Psi(~pctex21 + pctpool + pctrock + BRT_100m + pctBrBnk + pctShade) } = 129            
 c-hat { p(~effort)Psi(~pctex21 + pctpool + pctrock + BRT_100m + pctBrBnk + pctShade) } = 1.0845269                     
 AIC { p(~effort)Psi(~pctex21 + pctpool + pctrock + BRT_100m + pctBrBnk + pctShade) } = 157.90398                  
 AICc { p(~effort)Psi(~pctex21 + pctpool + pctrock + BRT_100m + pctBrBnk + pctShade) } = 159.31023                    
 BIC { p(~effort)Psi(~pctex21 + pctpool + pctrock + BRT_100m + pctBrBnk + pctShade) } = 184.24926                    
 Pearson Chisquare { p(~effort)Psi(~pctex21 + pctpool + pctrock + BRT_100m + pctBrBnk + pctShade) } = 825.07227                  


 LOGIT Link Function Parameters of { p(~effort)Psi(~pctex21 + pctpool + pctrock + BRT_100m + pctBrBnk + pctShade) }
                                                              95% Confidence Interval
 Parameter                    Beta         Standard Error      Lower           Upper
 -------------------------  --------------  --------------  --------------  --------------
    1:p:(Intercept)         -0.4125747       0.6760753      -1.7376822       0.9125329    
    2:p:effort               0.0016327       0.7889071E-03   0.8640143E-04   0.0031789    
    3:Psi:(Intercept)       -2.0133817       1.3087936      -4.5786171       0.5518538    
    4:Psi:pctex21           -0.6174258       0.2438720      -1.0954150      -0.1394367    
    5:Psi:pctpool            0.0211089       0.0167316      -0.0116850       0.0539028    
    6:Psi:pctrock            0.0122929       0.0155137      -0.0181139       0.0426997    
    7:Psi:BRT_100m           0.0152850       0.0168354      -0.0177124       0.0482823    
    8:Psi:pctBrBnk          -0.8632248       0.6649994      -2.1666236       0.4401740    
    9:Psi:pctShade           0.0046152       0.0107550      -0.0164645       0.0256949    


 Real Function Parameters of { p(~effort)Psi(~pctex21 + pctpool + pctrock + BRT_100m + pctBrBnk + pctShade) }

      Following estimates based on unstandardized individual covariate values:
          Variable   Value         
          ---------  ------------- 
          EFFORT1     906.23188    
          EFFORT2     834.18841    
          EFFORT3     818.18116    
          PCTEX21     4.8306834    
          PCTPOOL     25.664251    
          PCTROCK     68.678238    
          BRT_100M    6.7817616    
          PCTBRBNK    0.8740586    
          PCTSHADE    48.614931    
                                                               95% Confidence Interval
  Parameter                  Estimate       Standard Error      Lower           Upper
 --------------------------  --------------  --------------  --------------  --------------
     1:p g1 a0 t1             0.7440247       0.0721275       0.5804710       0.8592748                          
     2:p g1 a1 t2             0.7209886       0.0727975       0.5597342       0.8400578                          
     3:p g1 a2 t3             0.7157011       0.0730989       0.5545556       0.8358102                          
     4:Psi g1 a0 t1           0.0173535       0.0180035       0.0022250       0.1226977                          

  Program  MARK  - Survival Rate Estimation with Capture-Recapture Data
   gfortran(dble) Vers. 9.0 Mar 2018    11-Dec-2019 13:38:16    Page  004
 - - - - - - - - - - - - - - - - - - - - - - - - - - - - - - - - - - - - - -
 


                      Estimates of Derived Parameters
 Occupancy Estimates of { p(~effort)Psi(~pctex21 + pctpool + pctrock + BRT_100m + pctBrBnk + pctShade) }
                                            95% Confidence Interval
 Group   Psi-hat         Standard Error      Lower           Upper
 -----   --------------  --------------  --------------  --------------
   1      0.0173535       0.0180035       0.0022250       0.1226977    

   CPU Time for the last procedure was 0.02 seconds.     


  INPUT --- proc stop;

     CPU Time in minutes for this job was 0.00

     Time Start = 13:38:16.240   Time End = 13:38:16.973

     Wall Clock Time in minutes for this job was 0.01


          E X E C U T I O N   S U C C E S S F U L 
