
   Program  MARK  - Survival Rate Estimation with Capture-Recapture Data
   gfortran(dble) Vers. 9.0 Mar 2018    11-Dec-2019 13:42:10    Page  001
 - - - - - - - - - - - - - - - - - - - - - - - - - - - - - - - - - - - - - -
 
   This version was compiled by GCC version 7.2.0 using the options: 
     -cpp -iprefix C:/Program Files/mingw-w64/x86_64-7.2.0-posix-seh-rt_v5-rev1/
     mingw64/bin/../lib/gcc/x86_64-w64-mingw32/7.2.0/ -D_MT -D_REENTRANT
     -U_REENTRANT -D IEEE -D DBLEPRECISION -m64 -mtune=core2 -march=nocona -mthreads
     -O2 -fimplicit-none -fbounds-check -funroll-loops -ftree-vectorize
     -ffpe-summary=invalid,zero,overflow,underflow -fno-unsafe-math-optimizations
     -frounding-math -fsignaling-nans -fopenmp.

   This problem will use 7 of 8 possible threads.


  INPUT --- proc title ;

   CPU Time for the last procedure was 0.01 seconds.     


  INPUT --- proc chmatrix occasions= 3 groups= 1 etype= Occupancy 
  INPUT --- Nodes= 101 icovar = 3 ICMeans  NoHist hist= 135 ;

  INPUT ---    time interval 1 1 1 ;

  INPUT ---     icovariates pctpool BRT_100m pctBrBnk ;

  INPUT ---    glabel(1)=freq1;

      Number of unique encounter histories read was 135.

      Number of individual covariates read was 3.
      Time interval lengths are all equal to 1.

      Data type number is 27
      Data type is Occupancy Estimation with Detection < 1                                                             

   CPU Time for the last procedure was 0.02 seconds.     

  Program  MARK  - Survival Rate Estimation with Capture-Recapture Data
   gfortran(dble) Vers. 9.0 Mar 2018    11-Dec-2019 13:42:10    Page  002
 - - - - - - - - - - - - - - - - - - - - - - - - - - - - - - - - - - - - - -
 


  INPUT --- proc estimate link=Logit NOLOOP varest=2ndPart    ;


  INPUT --- model={ p(~1)Psi(~pctpool + BRT_100m + pctBrBnk) };

  INPUT ---    group=1 p    rows=1 cols=3 Square ;
  INPUT ---        1 1 1 ;

  INPUT ---    group=1 Psi    rows=1 cols=1 Square ;
  INPUT ---        2 ;

  INPUT ---    design matrix constraints=2 covariates=5;
  INPUT ---        1 0 0 0 0;
  INPUT ---        0 1 pctpool BRT_100m pctBrBnk;
  INPUT ---       blabel(1)=p:(Intercept);
  INPUT ---       blabel(2)=Psi:(Intercept);
  INPUT ---       blabel(3)=Psi:pctpool;
  INPUT ---       blabel(4)=Psi:BRT_100m;
  INPUT ---       blabel(5)=Psi:pctBrBnk;
  INPUT ---       rlabel(1)=p g1 a0 t1;
  INPUT ---       rlabel(2)=Psi g1 a0 t1;

 Link Function Used is LOGIT        

 Variance Estimation Procedure Used is 2ndPart 
 -2logL(saturated) = 0.0000000     
 Effective Sample Size = 138

 Number of function evaluations was 15 for 5 parameters.
 Time for numerical optimization was 0.01 seconds.     
 -2logL { p(~1)Psi(~pctpool + BRT_100m + pctBrBnk) } = 162.94708     
 Penalty { p(~1)Psi(~pctpool + BRT_100m + pctBrBnk) } = 0.0000000     
 Gradient { p(~1)Psi(~pctpool + BRT_100m + pctBrBnk) }:
 -0.2942322E-05 -0.7062405E-06 -0.7132689E-06   0.000000       0.000000    
 Maximum ABS(G) { p(~1)Psi(~pctpool + BRT_100m + pctBrBnk) } = 0.2942322E-05 
 S Vector { p(~1)Psi(~pctpool + BRT_100m + pctBrBnk) }:
   17.55585      9.575953     0.7430536     0.4300519     0.2289068    
 Time to compute number of parameters was 0.09 seconds.     
 Ratio Threshold = 50.000000       Max Gap (2/3) = 12.887298       Next Max Gap (4/5) = 1.8787203     
 Gap Method for Num. of Estimated Parameters { p(~1)Psi(~pctpool + BRT_100m + pctBrBnk) } = 5          
 Threshold { p(~1)Psi(~pctpool + BRT_100m + pctBrBnk) } = 0.5884644E-05                 
 Numerical Threshold Method for Num. of Estimated Parameters { p(~1)Psi(~pctpool + BRT_100m + pctBrBnk) } = 5          
 Number of Estimated Parameters { p(~1)Psi(~pctpool + BRT_100m + pctBrBnk) } = 5          
 DEVIANCE { p(~1)Psi(~pctpool + BRT_100m + pctBrBnk) } = 162.94708                     
 DEVIANCE Degrees of Freedom { p(~1)Psi(~pctpool + BRT_100m + pctBrBnk) } = 133            
 c-hat { p(~1)Psi(~pctpool + BRT_100m + pctBrBnk) } = 1.2251660                     
 AIC { p(~1)Psi(~pctpool + BRT_100m + pctBrBnk) } = 172.94708                  
 AICc { p(~1)Psi(~pctpool + BRT_100m + pctBrBnk) } = 173.40163                    
 BIC { p(~1)Psi(~pctpool + BRT_100m + pctBrBnk) } = 187.58335                    
 Pearson Chisquare { p(~1)Psi(~pctpool + BRT_100m + pctBrBnk) } = 1242.7476                  


         LOGIT Link Function Parameters of { p(~1)Psi(~pctpool + BRT_100m + pctBrBnk) }
                                                              95% Confidence Interval
 Parameter                    Beta         Standard Error      Lower           Upper
 -------------------------  --------------  --------------  --------------  --------------

  Program  MARK  - Survival Rate Estimation with Capture-Recapture Data
   gfortran(dble) Vers. 9.0 Mar 2018    11-Dec-2019 13:42:10    Page  003
 - - - - - - - - - - - - - - - - - - - - - - - - - - - - - - - - - - - - - -
 
    1:p:(Intercept)          0.9447381       0.3221128       0.3133971       1.5760792    
    2:Psi:(Intercept)       -1.7007068       0.6285863      -2.9327359      -0.4686777    
    3:Psi:pctpool            0.0211465       0.0138755      -0.0060496       0.0483425    
    4:Psi:BRT_100m           0.0288543       0.0162571      -0.0030095       0.0607181    
    5:Psi:pctBrBnk          -1.3173606       0.6357146      -2.5633613      -0.0713599    


         Real Function Parameters of { p(~1)Psi(~pctpool + BRT_100m + pctBrBnk) }

      Following estimates based on unstandardized individual covariate values:
          Variable   Value         
          ---------  ------------- 
          PCTPOOL     25.664251    
          BRT_100M    6.7817616    
          PCTBRBNK    0.8740586    
                                                               95% Confidence Interval
  Parameter                  Estimate       Standard Error      Lower           Upper
 --------------------------  --------------  --------------  --------------  --------------
     1:p g1 a0 t1             0.7200557       0.0649300       0.5777142       0.8286485                          
     2:Psi g1 a0 t1           0.1077660       0.0308359       0.0605210       0.1846437                          


                      Estimates of Derived Parameters
   Occupancy Estimates of { p(~1)Psi(~pctpool + BRT_100m + pctBrBnk) }
                                            95% Confidence Interval
 Group   Psi-hat         Standard Error      Lower           Upper
 -----   --------------  --------------  --------------  --------------
   1      0.1077660       0.0308359       0.0605210       0.1846437    

   CPU Time for the last procedure was 0.09 seconds.     

  Program  MARK  - Survival Rate Estimation with Capture-Recapture Data
   gfortran(dble) Vers. 9.0 Mar 2018    11-Dec-2019 13:42:10    Page  004
 - - - - - - - - - - - - - - - - - - - - - - - - - - - - - - - - - - - - - -
 


  INPUT --- proc stop;

     CPU Time in minutes for this job was 0.00

     Time Start = 13:42:10.717   Time End = 13:42:10.820

     Wall Clock Time in minutes for this job was 0.00


          E X E C U T I O N   S U C C E S S F U L 
