
   Program  MARK  - Survival Rate Estimation with Capture-Recapture Data
   gfortran(dble) Vers. 9.0 Mar 2018    12-Dec-2019 16:40:02    Page  001
 - - - - - - - - - - - - - - - - - - - - - - - - - - - - - - - - - - - - - -
 
   This version was compiled by GCC version 7.2.0 using the options: 
     -cpp -iprefix C:/Program Files/mingw-w64/x86_64-7.2.0-posix-seh-rt_v5-rev1/
     mingw64/bin/../lib/gcc/x86_64-w64-mingw32/7.2.0/ -D_MT -D_REENTRANT
     -U_REENTRANT -D IEEE -D DBLEPRECISION -m64 -mtune=core2 -march=nocona -mthreads
     -O2 -fimplicit-none -fbounds-check -funroll-loops -ftree-vectorize
     -ffpe-summary=invalid,zero,overflow,underflow -fno-unsafe-math-optimizations
     -frounding-math -fsignaling-nans -fopenmp.

   This problem will use 2 of 8 possible threads.


  INPUT --- proc title ;

   CPU Time for the last procedure was 0.01 seconds.     


  INPUT --- proc chmatrix occasions= 1 groups= 4 etype= Known Nodes= 
  INPUT --- 101 ICMeans NoHist hist= 8 ;

  INPUT ---    time interval 1 ;

  INPUT ---    glabel(1)=areacontrol.sexfemale;

  INPUT ---    glabel(2)=areatreatment.sexfemale;

  INPUT ---    glabel(3)=areacontrol.sexmale;

  INPUT ---    glabel(4)=areatreatment.sexmale;

   * *  WARNING  * *   At least a pair of the encounter histories are duplicates. 

      Number of unique encounter histories read was 2.

      Number of individual covariates read was 0.
      Time interval lengths are all equal to 1.

      Data type number is 4
      Data type is Known Fate                                                                                          

   CPU Time for the last procedure was 0.01 seconds.     

  Program  MARK  - Survival Rate Estimation with Capture-Recapture Data
   gfortran(dble) Vers. 9.0 Mar 2018    12-Dec-2019 16:40:02    Page  002
 - - - - - - - - - - - - - - - - - - - - - - - - - - - - - - - - - - - - - -
 


  INPUT --- proc estimate link=Logit NOLOOP varest=2ndPart    ;


  INPUT --- model={ S(~area) };

  INPUT ---    group=1 S    rows=1 cols=1 Square ;
  INPUT ---        1 ;

  INPUT ---    group=2 S    rows=1 cols=1 Square ;
  INPUT ---        2 ;

  INPUT ---    group=3 S    rows=1 cols=1 Square ;
  INPUT ---        1 ;

  INPUT ---    group=4 S    rows=1 cols=1 Square ;
  INPUT ---        2 ;

  INPUT ---    design matrix constraints=2 covariates=2;
  INPUT ---        1 0;
  INPUT ---        1 1;
  INPUT ---       blabel(1)=S:(Intercept);
  INPUT ---       blabel(2)=S:areatreatment;
  INPUT ---       rlabel(1)=S gcontrolfemale a1 t2;
  INPUT ---       rlabel(2)=S gtreatmentfemale a1 t2;

 Link Function Used is LOGIT        

 Variance Estimation Procedure Used is 2ndPart 
 -2logL(saturated) = 149.73600     
 Effective Sample Size = 114

 Number of function evaluations was 8 for 2 parameters.
 Time for numerical optimization was 0.01 seconds.     
 -2logL { S(~area) } = 154.39000     
 Penalty { S(~area) } = 0.0000000     
 Gradient { S(~area) }:
  0.1343342E-05  0.1684681E-05
 Maximum ABS(G) { S(~area) } = 0.1684681E-05 
 S Vector { S(~area) }:
   36.02406      5.283825    
 Time to compute number of parameters was 0.01 seconds.     
 Gap Method for Num. of Estimated Parameters { S(~area) } = 2          
 Threshold { S(~area) } = 0.3369363E-05                 
 Numerical Threshold Method for Num. of Estimated Parameters { S(~area) } = 2          
 Number of Estimated Parameters { S(~area) } = 2          
 DEVIANCE { S(~area) } = 4.6540015                     
 DEVIANCE Degrees of Freedom { S(~area) } = 2            
 c-hat { S(~area) } = 2.3270008                     
 AIC { S(~area) } = 158.39000                  
 AICc { S(~area) } = 158.49811                    
 BIC { S(~area) } = 163.86240                    
 Pearson Chisquare { S(~area) } = 4.6419242                  
 Possible Encounter Histories { S(~area) } = 8             
 Pearson Chisquare df { S(~area) } = 2        
 Pearson chat { S(~area) } = 2.3209621                  
 Sum(Observed/Expected) { S(~area) } = 8.0226285                  
 Fletcher chat { S(~area) } = 2.3144156                  

  Program  MARK  - Survival Rate Estimation with Capture-Recapture Data
   gfortran(dble) Vers. 9.0 Mar 2018    12-Dec-2019 16:40:02    Page  003
 - - - - - - - - - - - - - - - - - - - - - - - - - - - - - - - - - - - - - -
 


                         LOGIT Link Function Parameters of { S(~area) }
                                                              95% Confidence Interval
 Parameter                    Beta         Standard Error      Lower           Upper
 -------------------------  --------------  --------------  --------------  --------------
    1:S:(Intercept)         -0.4198538       0.2684207      -0.9459585       0.1062508    
    2:S:areatreatment        0.1321718       0.3807445      -0.6140875       0.8784310    


                         Real Function Parameters of { S(~area) }
                                                               95% Confidence Interval
  Parameter                  Estimate       Standard Error      Lower           Upper
 --------------------------  --------------  --------------  --------------  --------------
     1:S gcontrolfemale a1    0.3965517       0.0642327       0.2796983       0.5265377                          
     2:S gtreatmentfemale a   0.4285714       0.0661300       0.3064131       0.5601026                          


                     Estimates of Derived Parameters

                   Survival Estimates of { S(~area) }

       Pr. Surviving
        Duration of                   95% Confidence Interval
 Group     Study      Standard Error     Lower          Upper     
 ----- -------------- -------------- -------------- --------------
   1    0.3965517      0.0642327      0.2796983      0.5265377    
   2    0.4285714      0.0661300      0.3064131      0.5601026    
   3    0.3965517      0.0642327      0.2796983      0.5265377    
   4    0.4285714      0.0661300      0.3064131      0.5601026    

   CPU Time for the last procedure was 0.01 seconds.     

  Program  MARK  - Survival Rate Estimation with Capture-Recapture Data
   gfortran(dble) Vers. 9.0 Mar 2018    12-Dec-2019 16:40:02    Page  004
 - - - - - - - - - - - - - - - - - - - - - - - - - - - - - - - - - - - - - -
 


  INPUT --- proc stop;

     CPU Time in minutes for this job was 0.00

     Time Start = 16:40:02.131   Time End = 16:40:02.136

     Wall Clock Time in minutes for this job was 0.00


          E X E C U T I O N   S U C C E S S F U L 
