
   Program  MARK  - Survival Rate Estimation with Capture-Recapture Data
   gfortran(dble) Vers. 9.0 Mar 2018    11-Dec-2019 13:40:48    Page  001
 - - - - - - - - - - - - - - - - - - - - - - - - - - - - - - - - - - - - - -
 
   This version was compiled by GCC version 7.2.0 using the options: 
     -cpp -iprefix C:/Program Files/mingw-w64/x86_64-7.2.0-posix-seh-rt_v5-rev1/
     mingw64/bin/../lib/gcc/x86_64-w64-mingw32/7.2.0/ -D_MT -D_REENTRANT
     -U_REENTRANT -D IEEE -D DBLEPRECISION -m64 -mtune=core2 -march=nocona -mthreads
     -O2 -fimplicit-none -fbounds-check -funroll-loops -ftree-vectorize
     -ffpe-summary=invalid,zero,overflow,underflow -fno-unsafe-math-optimizations
     -frounding-math -fsignaling-nans -fopenmp.

   This problem will use 7 of 8 possible threads.


  INPUT --- proc title ;

   CPU Time for the last procedure was 0.01 seconds.     


  INPUT --- proc chmatrix occasions= 3 groups= 1 etype= Occupancy 
  INPUT --- Nodes= 101 icovar = 4 ICMeans  NoHist hist= 138 ;

  INPUT ---    time interval 1 1 1 ;

  INPUT ---     icovariates pctpool pctrock pctShade HAiFLS_for ;

  INPUT ---    glabel(1)=freq1;

      Number of unique encounter histories read was 138.

      Number of individual covariates read was 4.
      Time interval lengths are all equal to 1.

      Data type number is 27
      Data type is Occupancy Estimation with Detection < 1                                                             

   CPU Time for the last procedure was 0.02 seconds.     

  Program  MARK  - Survival Rate Estimation with Capture-Recapture Data
   gfortran(dble) Vers. 9.0 Mar 2018    11-Dec-2019 13:40:48    Page  002
 - - - - - - - - - - - - - - - - - - - - - - - - - - - - - - - - - - - - - -
 


  INPUT --- proc estimate link=Logit NOLOOP varest=2ndPart    ;


  INPUT --- model={ p(~1)Psi(~pctpool + pctrock + pctShade + 
  INPUT --- HAiFLS_for) };

  INPUT ---    group=1 p    rows=1 cols=3 Square ;
  INPUT ---        1 1 1 ;

  INPUT ---    group=1 Psi    rows=1 cols=1 Square ;
  INPUT ---        2 ;

  INPUT ---    design matrix constraints=2 covariates=6;
  INPUT ---        1 0 0 0 0 0;
  INPUT ---        0 1 pctpool pctrock pctShade HAiFLS_for;
  INPUT ---       blabel(1)=p:(Intercept);
  INPUT ---       blabel(2)=Psi:(Intercept);
  INPUT ---       blabel(3)=Psi:pctpool;
  INPUT ---       blabel(4)=Psi:pctrock;
  INPUT ---       blabel(5)=Psi:pctShade;
  INPUT ---       blabel(6)=Psi:HAiFLS_for;
  INPUT ---       rlabel(1)=p g1 a0 t1;
  INPUT ---       rlabel(2)=Psi g1 a0 t1;

 Link Function Used is LOGIT        

 Variance Estimation Procedure Used is 2ndPart 
 -2logL(saturated) = 0.0000000     
 Effective Sample Size = 138

 Number of function evaluations was 15 for 6 parameters.
 Time for numerical optimization was 0.01 seconds.     
 -2logL { p(~1)Psi(~pctpool + pctrock + pctShade + HAiFLS_for) } = 166.90644     
 Penalty { p(~1)Psi(~pctpool + pctrock + pctShade + HAiFLS_for) } = 0.0000000     
 Gradient { p(~1)Psi(~pctpool + pctrock + pctShade + HAiFLS_for) }:
 -0.9790469E-06 -0.3869861E-06  0.1422474E-05 -0.6474569E-06   0.000000    
   0.000000    
 Maximum ABS(G) { p(~1)Psi(~pctpool + pctrock + pctShade + HAiFLS_for) } = 0.1422474E-05 
 S Vector { p(~1)Psi(~pctpool + pctrock + pctShade + HAiFLS_for) }:
   32.25240      9.679142      1.625526      1.079004     0.7574495    
  0.2445611    
 Time to compute number of parameters was 0.01 seconds.     
 Ratio Threshold = 50.000000       Max Gap (2/3) = 5.9544666       Next Max Gap (1/2) = 3.3321543     
 Gap Method for Num. of Estimated Parameters { p(~1)Psi(~pctpool + pctrock + pctShade + HAiFLS_for) } = 6          
 Threshold { p(~1)Psi(~pctpool + pctrock + pctShade + HAiFLS_for) } = 0.2844948E-05                 
 Numerical Threshold Method for Num. of Estimated Parameters { p(~1)Psi(~pctpool + pctrock + pctShade + HAiFLS_for) } = 6          
 Number of Estimated Parameters { p(~1)Psi(~pctpool + pctrock + pctShade + HAiFLS_for) } = 6          
 DEVIANCE { p(~1)Psi(~pctpool + pctrock + pctShade + HAiFLS_for) } = 166.90644                     
 DEVIANCE Degrees of Freedom { p(~1)Psi(~pctpool + pctrock + pctShade + HAiFLS_for) } = 132            
 c-hat { p(~1)Psi(~pctpool + pctrock + pctShade + HAiFLS_for) } = 1.2644427                     
 AIC { p(~1)Psi(~pctpool + pctrock + pctShade + HAiFLS_for) } = 178.90644                  
 AICc { p(~1)Psi(~pctpool + pctrock + pctShade + HAiFLS_for) } = 179.54766                    
 BIC { p(~1)Psi(~pctpool + pctrock + pctShade + HAiFLS_for) } = 196.46996                    
 Pearson Chisquare { p(~1)Psi(~pctpool + pctrock + pctShade + HAiFLS_for) } = 1229.0658                  

  Program  MARK  - Survival Rate Estimation with Capture-Recapture Data
   gfortran(dble) Vers. 9.0 Mar 2018    11-Dec-2019 13:40:50    Page  003
 - - - - - - - - - - - - - - - - - - - - - - - - - - - - - - - - - - - - - -
 


   LOGIT Link Function Parameters of { p(~1)Psi(~pctpool + pctrock + pctShade + HAiFLS_for) }
                                                              95% Confidence Interval
 Parameter                    Beta         Standard Error      Lower           Upper
 -------------------------  --------------  --------------  --------------  --------------
    1:p:(Intercept)          0.9481688       0.3210750       0.3188618       1.5774758    
    2:Psi:(Intercept)       -3.9287265       1.2561275      -6.3907365      -1.4667165    
    3:Psi:pctpool            0.0212430       0.0157596      -0.0096458       0.0521317    
    4:Psi:pctrock            0.0194591       0.0141937      -0.0083606       0.0472788    
    5:Psi:pctShade          -0.0103580       0.0099799      -0.0299186       0.0092026    
    6:Psi:HAiFLS_for         0.0205570       0.0092265       0.0024731       0.0386409    


   Real Function Parameters of { p(~1)Psi(~pctpool + pctrock + pctShade + HAiFLS_for) }

      Following estimates based on unstandardized individual covariate values:
          Variable   Value         
          ---------  ------------- 
          PCTPOOL     25.664251    
          PCTROCK     68.678238    
          PCTSHADE    48.614931    
          HAIFLS_FOR  26.272482    
                                                               95% Confidence Interval
  Parameter                  Estimate       Standard Error      Lower           Upper
 --------------------------  --------------  --------------  --------------  --------------
     1:p g1 a0 t1             0.7207468       0.0646230       0.5790468       0.8288467                          
     2:Psi g1 a0 t1           0.1180949       0.0305589       0.0700649       0.1922434                          


                      Estimates of Derived Parameters
 Occupancy Estimates of { p(~1)Psi(~pctpool + pctrock + pctShade + HAiFLS_for) }
                                            95% Confidence Interval
 Group   Psi-hat         Standard Error      Lower           Upper
 -----   --------------  --------------  --------------  --------------
   1      0.1180949       0.0305589       0.0700649       0.1922434    

   CPU Time for the last procedure was 0.01 seconds.     

  Program  MARK  - Survival Rate Estimation with Capture-Recapture Data
   gfortran(dble) Vers. 9.0 Mar 2018    11-Dec-2019 13:40:50    Page  004
 - - - - - - - - - - - - - - - - - - - - - - - - - - - - - - - - - - - - - -
 


  INPUT --- proc stop;

     CPU Time in minutes for this job was 0.00

     Time Start = 13:40:48.934   Time End = 13:40:50.186

     Wall Clock Time in minutes for this job was 0.02


          E X E C U T I O N   S U C C E S S F U L 
