
   Program  MARK  - Survival Rate Estimation with Capture-Recapture Data
   gfortran(dble) Vers. 9.0 Mar 2018    12-Dec-2019 15:57:59    Page  001
 - - - - - - - - - - - - - - - - - - - - - - - - - - - - - - - - - - - - - -
 
   This version was compiled by GCC version 7.2.0 using the options: 
     -cpp -iprefix C:/Program Files/mingw-w64/x86_64-7.2.0-posix-seh-rt_v5-rev1/
     mingw64/bin/../lib/gcc/x86_64-w64-mingw32/7.2.0/ -D_MT -D_REENTRANT
     -U_REENTRANT -D IEEE -D DBLEPRECISION -m64 -mtune=core2 -march=nocona -mthreads
     -O2 -fimplicit-none -fbounds-check -funroll-loops -ftree-vectorize
     -ffpe-summary=invalid,zero,overflow,underflow -fno-unsafe-math-optimizations
     -frounding-math -fsignaling-nans -fopenmp.

   This problem will use 7 of 8 possible threads.


  INPUT --- proc title ;

   CPU Time for the last procedure was 0.01 seconds.     


  INPUT --- proc chmatrix occasions= 3 groups= 1 etype= Occupancy 
  INPUT --- Nodes= 101 icovar = 5 ICMeans  NoHist hist= 138 ;

  INPUT ---    time interval 1 1 1 ;

  INPUT ---     icovariates effort1 effort2 effort3 BRT_100m pctBrBnk ;

  INPUT ---    glabel(1)=freq1;

      Number of unique encounter histories read was 138.

      Number of individual covariates read was 5.
      Time interval lengths are all equal to 1.

      Data type number is 27
      Data type is Occupancy Estimation with Detection < 1                                                             

   CPU Time for the last procedure was 0.01 seconds.     

  Program  MARK  - Survival Rate Estimation with Capture-Recapture Data
   gfortran(dble) Vers. 9.0 Mar 2018    12-Dec-2019 15:57:59    Page  002
 - - - - - - - - - - - - - - - - - - - - - - - - - - - - - - - - - - - - - -
 


  INPUT --- proc estimate link=Logit NOLOOP varest=2ndPart    ;


  INPUT --- model={ p(~effort)Psi(~BRT_100m + pctBrBnk) };

  INPUT ---    group=1 p    rows=1 cols=3 Square ;
  INPUT ---        1 2 3 ;

  INPUT ---    group=1 Psi    rows=1 cols=1 Square ;
  INPUT ---        4 ;

  INPUT ---    design matrix constraints=4 covariates=5;
  INPUT ---        1 effort1 0 0 0;
  INPUT ---        1 effort2 0 0 0;
  INPUT ---        1 effort3 0 0 0;
  INPUT ---        0 0 1 BRT_100m pctBrBnk;
  INPUT ---       blabel(1)=p:(Intercept);
  INPUT ---       blabel(2)=p:effort;
  INPUT ---       blabel(3)=Psi:(Intercept);
  INPUT ---       blabel(4)=Psi:BRT_100m;
  INPUT ---       blabel(5)=Psi:pctBrBnk;
  INPUT ---       rlabel(1)=p g1 a0 t1;
  INPUT ---       rlabel(2)=p g1 a1 t2;
  INPUT ---       rlabel(3)=p g1 a2 t3;
  INPUT ---       rlabel(4)=Psi g1 a0 t1;

 Link Function Used is LOGIT        

 Variance Estimation Procedure Used is 2ndPart 
 -2logL(saturated) = 0.0000000     
 Effective Sample Size = 138

 Number of function evaluations was 17 for 5 parameters.
 Time for numerical optimization was 0.01 seconds.     
 -2logL { p(~effort)Psi(~BRT_100m + pctBrBnk) } = 159.13330     
 Penalty { p(~effort)Psi(~BRT_100m + pctBrBnk) } = 0.0000000     
 Gradient { p(~effort)Psi(~BRT_100m + pctBrBnk) }:
 -0.1408238E-05   0.000000     -0.2674767E-05 -0.5166624E-06 -0.3907208E-06
 Maximum ABS(G) { p(~effort)Psi(~BRT_100m + pctBrBnk) } = 0.2674767E-05 
 S Vector { p(~effort)Psi(~BRT_100m + pctBrBnk) }:
   15.83690      8.343123     0.4356105     0.2419416     0.1002695    
 Time to compute number of parameters was 0.01 seconds.     
 Ratio Threshold = 50.000000       Max Gap (2/3) = 19.152710       Next Max Gap (4/5) = 2.4129136     
 Gap Method for Num. of Estimated Parameters { p(~effort)Psi(~BRT_100m + pctBrBnk) } = 5          
 Threshold { p(~effort)Psi(~BRT_100m + pctBrBnk) } = 0.5349533E-05                 
 Numerical Threshold Method for Num. of Estimated Parameters { p(~effort)Psi(~BRT_100m + pctBrBnk) } = 5          
 Number of Estimated Parameters { p(~effort)Psi(~BRT_100m + pctBrBnk) } = 5          
 DEVIANCE { p(~effort)Psi(~BRT_100m + pctBrBnk) } = 159.13330                     
 DEVIANCE Degrees of Freedom { p(~effort)Psi(~BRT_100m + pctBrBnk) } = 133            
 c-hat { p(~effort)Psi(~BRT_100m + pctBrBnk) } = 1.1964910                     
 AIC { p(~effort)Psi(~BRT_100m + pctBrBnk) } = 169.13330                  
 AICc { p(~effort)Psi(~BRT_100m + pctBrBnk) } = 169.58785                    
 BIC { p(~effort)Psi(~BRT_100m + pctBrBnk) } = 183.76957                    
 Pearson Chisquare { p(~effort)Psi(~BRT_100m + pctBrBnk) } = 848.11233                  

  Program  MARK  - Survival Rate Estimation with Capture-Recapture Data
   gfortran(dble) Vers. 9.0 Mar 2018    12-Dec-2019 15:57:59    Page  003
 - - - - - - - - - - - - - - - - - - - - - - - - - - - - - - - - - - - - - -
 


           LOGIT Link Function Parameters of { p(~effort)Psi(~BRT_100m + pctBrBnk) }
                                                              95% Confidence Interval
 Parameter                    Beta         Standard Error      Lower           Upper
 -------------------------  --------------  --------------  --------------  --------------
    1:p:(Intercept)         -0.3544219       0.6579732      -1.6440494       0.9352056    
    2:p:effort               0.0015777       0.7782186E-03   0.5240280E-04   0.0031030    
    3:Psi:(Intercept)       -1.1392692       0.5205777      -2.1596014      -0.1189370    
    4:Psi:BRT_100m           0.0279965       0.0162830      -0.0039182       0.0599111    
    5:Psi:pctBrBnk          -1.2257733       0.6154519      -2.4320589      -0.0194876    


           Real Function Parameters of { p(~effort)Psi(~BRT_100m + pctBrBnk) }

      Following estimates based on unstandardized individual covariate values:
          Variable   Value         
          ---------  ------------- 
          EFFORT1     906.23188    
          EFFORT2     834.18841    
          EFFORT3     818.18116    
          BRT_100M    6.7817616    
          PCTBRBNK    0.8740586    
                                                               95% Confidence Interval
  Parameter                  Estimate       Standard Error      Lower           Upper
 --------------------------  --------------  --------------  --------------  --------------
     1:p g1 a0 t1             0.7456131       0.0717779       0.5826430       0.8602139                          
     2:p g1 a1 t2             0.7234594       0.0720912       0.5635116       0.8413019                          
     3:p g1 a2 t3             0.7183783       0.0723037       0.5587151       0.8371146                          
     4:Psi g1 a0 t1           0.1170361       0.0318569       0.0675452       0.1951985                          


                      Estimates of Derived Parameters
      Occupancy Estimates of { p(~effort)Psi(~BRT_100m + pctBrBnk) }
                                            95% Confidence Interval
 Group   Psi-hat         Standard Error      Lower           Upper
 -----   --------------  --------------  --------------  --------------
   1      0.1170361       0.0318569       0.0675452       0.1951985    

   CPU Time for the last procedure was 0.01 seconds.     

  Program  MARK  - Survival Rate Estimation with Capture-Recapture Data
   gfortran(dble) Vers. 9.0 Mar 2018    12-Dec-2019 15:57:59    Page  004
 - - - - - - - - - - - - - - - - - - - - - - - - - - - - - - - - - - - - - -
 


  INPUT --- proc stop;

     CPU Time in minutes for this job was 0.00

     Time Start = 15:57:59.355   Time End = 15:57:59.504

     Wall Clock Time in minutes for this job was 0.00


          E X E C U T I O N   S U C C E S S F U L 
