
   Program  MARK  - Survival Rate Estimation with Capture-Recapture Data
   gfortran(dble) Vers. 9.0 Mar 2018    11-Dec-2019 13:40:10    Page  001
 - - - - - - - - - - - - - - - - - - - - - - - - - - - - - - - - - - - - - -
 
   This version was compiled by GCC version 7.2.0 using the options: 
     -cpp -iprefix C:/Program Files/mingw-w64/x86_64-7.2.0-posix-seh-rt_v5-rev1/
     mingw64/bin/../lib/gcc/x86_64-w64-mingw32/7.2.0/ -D_MT -D_REENTRANT
     -U_REENTRANT -D IEEE -D DBLEPRECISION -m64 -mtune=core2 -march=nocona -mthreads
     -O2 -fimplicit-none -fbounds-check -funroll-loops -ftree-vectorize
     -ffpe-summary=invalid,zero,overflow,underflow -fno-unsafe-math-optimizations
     -frounding-math -fsignaling-nans -fopenmp.

   This problem will use 7 of 8 possible threads.


  INPUT --- proc title ;

   CPU Time for the last procedure was 0.01 seconds.     


  INPUT --- proc chmatrix occasions= 3 groups= 1 etype= Occupancy 
  INPUT --- Nodes= 101 icovar = 7 ICMeans  NoHist hist= 138 ;

  INPUT ---    time interval 1 1 1 ;

  INPUT ---     icovariates effort1 effort2 effort3 pctex21 pctBrBnk  
  INPUT ---    pctShade HAiFLS_for ;

  INPUT ---    glabel(1)=freq1;

      Number of unique encounter histories read was 138.

      Number of individual covariates read was 7.
      Time interval lengths are all equal to 1.

      Data type number is 27
      Data type is Occupancy Estimation with Detection < 1                                                             

   CPU Time for the last procedure was 0.02 seconds.     

  Program  MARK  - Survival Rate Estimation with Capture-Recapture Data
   gfortran(dble) Vers. 9.0 Mar 2018    11-Dec-2019 13:40:10    Page  002
 - - - - - - - - - - - - - - - - - - - - - - - - - - - - - - - - - - - - - -
 


  INPUT --- proc estimate link=Logit NOLOOP varest=2ndPart    ;


  INPUT --- model={ p(~effort)Psi(~pctex21 + pctBrBnk + pctShade + 
  INPUT --- HAiFLS_for) };

  INPUT ---    group=1 p    rows=1 cols=3 Square ;
  INPUT ---        1 2 3 ;

  INPUT ---    group=1 Psi    rows=1 cols=1 Square ;
  INPUT ---        4 ;

  INPUT ---    design matrix constraints=4 covariates=7;
  INPUT ---        1 effort1 0 0 0 0 0;
  INPUT ---        1 effort2 0 0 0 0 0;
  INPUT ---        1 effort3 0 0 0 0 0;
  INPUT ---        0 0 1 pctex21 pctBrBnk pctShade HAiFLS_for;
  INPUT ---       blabel(1)=p:(Intercept);
  INPUT ---       blabel(2)=p:effort;
  INPUT ---       blabel(3)=Psi:(Intercept);
  INPUT ---       blabel(4)=Psi:pctex21;
  INPUT ---       blabel(5)=Psi:pctBrBnk;
  INPUT ---       blabel(6)=Psi:pctShade;
  INPUT ---       blabel(7)=Psi:HAiFLS_for;
  INPUT ---       rlabel(1)=p g1 a0 t1;
  INPUT ---       rlabel(2)=p g1 a1 t2;
  INPUT ---       rlabel(3)=p g1 a2 t3;
  INPUT ---       rlabel(4)=Psi g1 a0 t1;

 Link Function Used is LOGIT        

 Variance Estimation Procedure Used is 2ndPart 
 -2logL(saturated) = 0.0000000     
 Effective Sample Size = 138

 Number of function evaluations was 24 for 7 parameters.
 Time for numerical optimization was 0.01 seconds.     
 -2logL { p(~effort)Psi(~pctex21 + pctBrBnk + pctShade + HAiFLS_for) } = 139.85254     
 Penalty { p(~effort)Psi(~pctex21 + pctBrBnk + pctShade + HAiFLS_for) } = 0.0000000     
 Gradient { p(~effort)Psi(~pctex21 + pctBrBnk + pctShade + HAiFLS_for) }:
   0.000000       0.000000     -0.9992937E-06 -0.8634064E-07 -0.1110905E-05
 -0.1692470E-05   0.000000    
 Maximum ABS(G) { p(~effort)Psi(~pctex21 + pctBrBnk + pctShade + HAiFLS_for) } = 0.1692470E-05 

  Program  MARK  - Survival Rate Estimation with Capture-Recapture Data
   gfortran(dble) Vers. 9.0 Mar 2018    11-Dec-2019 13:40:10    Page  003
 - - - - - - - - - - - - - - - - - - - - - - - - - - - - - - - - - - - - - -
 
 S Vector { p(~effort)Psi(~pctex21 + pctBrBnk + pctShade + HAiFLS_for) }:
   18.51731      7.677561      1.168965     0.6531322     0.2352461    
  0.9202703E-01 0.1556749E-01
 Time to compute number of parameters was 0.01 seconds.     
 Ratio Threshold = 50.000000       Max Gap (2/3) = 6.5678263       Next Max Gap (6/7) = 5.9114896     
 Gap Method for Num. of Estimated Parameters { p(~effort)Psi(~pctex21 + pctBrBnk + pctShade + HAiFLS_for) } = 7          
 Threshold { p(~effort)Psi(~pctex21 + pctBrBnk + pctShade + HAiFLS_for) } = 0.3384941E-05                 
 Numerical Threshold Method for Num. of Estimated Parameters { p(~effort)Psi(~pctex21 + pctBrBnk + pctShade + HAiFLS_for) } = 7          
 Number of Estimated Parameters { p(~effort)Psi(~pctex21 + pctBrBnk + pctShade + HAiFLS_for) } = 7          
 DEVIANCE { p(~effort)Psi(~pctex21 + pctBrBnk + pctShade + HAiFLS_for) } = 139.85254                     
 DEVIANCE Degrees of Freedom { p(~effort)Psi(~pctex21 + pctBrBnk + pctShade + HAiFLS_for) } = 131            
 c-hat { p(~effort)Psi(~pctex21 + pctBrBnk + pctShade + HAiFLS_for) } = 1.0675767                     
 AIC { p(~effort)Psi(~pctex21 + pctBrBnk + pctShade + HAiFLS_for) } = 153.85254                  
 AICc { p(~effort)Psi(~pctex21 + pctBrBnk + pctShade + HAiFLS_for) } = 154.71408                    
 BIC { p(~effort)Psi(~pctex21 + pctBrBnk + pctShade + HAiFLS_for) } = 174.34332                    
 Pearson Chisquare { p(~effort)Psi(~pctex21 + pctBrBnk + pctShade + HAiFLS_for) } = 562.90559                  


 LOGIT Link Function Parameters of { p(~effort)Psi(~pctex21 + pctBrBnk + pctShade + HAiFLS_for) }
                                                              95% Confidence Interval
 Parameter                    Beta         Standard Error      Lower           Upper
 -------------------------  --------------  --------------  --------------  --------------
    1:p:(Intercept)         -0.5157435       0.7062452      -1.8999841       0.8684971    
    2:p:effort               0.0017179       0.8122648E-03   0.1258685E-03   0.0033099    
    3:Psi:(Intercept)       -0.9086967       0.6667576      -2.2155416       0.3981483    
    4:Psi:pctex21           -0.6810466       0.2584008      -1.1875122      -0.1745811    
    5:Psi:pctBrBnk          -0.7685887       0.6448816      -2.0325566       0.4953793    
    6:Psi:pctShade           0.0012773       0.0103444      -0.0189977       0.0215523    
    7:Psi:HAiFLS_for         0.0203815       0.0110768      -0.0013289       0.0420920    


 Real Function Parameters of { p(~effort)Psi(~pctex21 + pctBrBnk + pctShade + HAiFLS_for) }

      Following estimates based on unstandardized individual covariate values:
          Variable   Value         
          ---------  ------------- 
          EFFORT1     906.23188    
          EFFORT2     834.18841    
          EFFORT3     818.18116    
          PCTEX21     4.8306834    
          PCTBRBNK    0.8740586    
          PCTSHADE    48.614931    
          HAIFLS_FOR  26.272482    
                                                               95% Confidence Interval
  Parameter                  Estimate       Standard Error      Lower           Upper
 --------------------------  --------------  --------------  --------------  --------------
     1:p g1 a0 t1             0.7390581       0.0741964       0.5712616       0.8575585                          
     2:p g1 a1 t2             0.7144947       0.0752988       0.5483058       0.8376441                          
     3:p g1 a2 t3             0.7088522       0.0757082       0.5426001       0.8332471                          
     4:Psi g1 a0 t1           0.0137504       0.0152367       0.0015392       0.1119773                          


                      Estimates of Derived Parameters
 Occupancy Estimates of { p(~effort)Psi(~pctex21 + pctBrBnk + pctShade + HAiFLS_for) }
                                            95% Confidence Interval
 Group   Psi-hat         Standard Error      Lower           Upper
 -----   --------------  --------------  --------------  --------------
   1      0.0137504       0.0152367       0.0015392       0.1119773    

  Program  MARK  - Survival Rate Estimation with Capture-Recapture Data
   gfortran(dble) Vers. 9.0 Mar 2018    11-Dec-2019 13:40:10    Page  004
 - - - - - - - - - - - - - - - - - - - - - - - - - - - - - - - - - - - - - -
 

   CPU Time for the last procedure was 0.01 seconds.     


  INPUT --- proc stop;

     CPU Time in minutes for this job was 0.00

     Time Start = 13:40:10.164   Time End = 13:40:10.847

     Wall Clock Time in minutes for this job was 0.01


          E X E C U T I O N   S U C C E S S F U L 
