
   Program  MARK  - Survival Rate Estimation with Capture-Recapture Data
   gfortran(dble) Vers. 9.0 Mar 2018    12-Dec-2019 16:40:06    Page  001
 - - - - - - - - - - - - - - - - - - - - - - - - - - - - - - - - - - - - - -
 
   This version was compiled by GCC version 7.2.0 using the options: 
     -cpp -iprefix C:/Program Files/mingw-w64/x86_64-7.2.0-posix-seh-rt_v5-rev1/
     mingw64/bin/../lib/gcc/x86_64-w64-mingw32/7.2.0/ -D_MT -D_REENTRANT
     -U_REENTRANT -D IEEE -D DBLEPRECISION -m64 -mtune=core2 -march=nocona -mthreads
     -O2 -fimplicit-none -fbounds-check -funroll-loops -ftree-vectorize
     -ffpe-summary=invalid,zero,overflow,underflow -fno-unsafe-math-optimizations
     -frounding-math -fsignaling-nans -fopenmp.

   This problem will use 2 of 8 possible threads.


  INPUT --- proc title ;

   CPU Time for the last procedure was 0.01 seconds.     


  INPUT --- proc chmatrix occasions= 1 groups= 4 etype= Known Nodes= 
  INPUT --- 101 icovar = 1 ICMeans  NoHist hist= 98 ;

  INPUT ---    time interval 1 ;

  INPUT ---     icovariates length ;

  INPUT ---    glabel(1)=areacontrol.sexfemale;

  INPUT ---    glabel(2)=areatreatment.sexfemale;

  INPUT ---    glabel(3)=areacontrol.sexmale;

  INPUT ---    glabel(4)=areatreatment.sexmale;

      Number of unique encounter histories read was 98.

      Number of individual covariates read was 1.
      Time interval lengths are all equal to 1.

      Data type number is 4
      Data type is Known Fate                                                                                          

   CPU Time for the last procedure was 0.02 seconds.     

  Program  MARK  - Survival Rate Estimation with Capture-Recapture Data
   gfortran(dble) Vers. 9.0 Mar 2018    12-Dec-2019 16:40:06    Page  002
 - - - - - - - - - - - - - - - - - - - - - - - - - - - - - - - - - - - - - -
 


  INPUT --- proc estimate link=Logit NOLOOP varest=2ndPart    ;


  INPUT --- model={ S(~sex + length) };

  INPUT ---    group=1 S    rows=1 cols=1 Square ;
  INPUT ---        1 ;

  INPUT ---    group=2 S    rows=1 cols=1 Square ;
  INPUT ---        1 ;

  INPUT ---    group=3 S    rows=1 cols=1 Square ;
  INPUT ---        2 ;

  INPUT ---    group=4 S    rows=1 cols=1 Square ;
  INPUT ---        2 ;

  INPUT ---    design matrix constraints=2 covariates=3;
  INPUT ---        1 0 length;
  INPUT ---        1 1 length;
  INPUT ---       blabel(1)=S:(Intercept);
  INPUT ---       blabel(2)=S:sexmale;
  INPUT ---       blabel(3)=S:length;
  INPUT ---       rlabel(1)=S gcontrolfemale a1 t2;
  INPUT ---       rlabel(2)=S gcontrolmale a1 t2;

 Link Function Used is LOGIT        

 Variance Estimation Procedure Used is 2ndPart 
 -2logL(saturated) = 0.0000000     
 Effective Sample Size = 114

 Number of function evaluations was 16 for 3 parameters.
 Time for numerical optimization was 0.01 seconds.     
 -2logL { S(~sex + length) } = 143.24722     
 Penalty { S(~sex + length) } = 0.0000000     
 Gradient { S(~sex + length) }:
 -0.2785296E-06 -0.9279249E-06 -0.1263611E-06
 Maximum ABS(G) { S(~sex + length) } = 0.9279249E-06 
 S Vector { S(~sex + length) }:
   52.09212      5.430550     0.1716272E-01
 Time to compute number of parameters was 0.01 seconds.     
 Ratio Threshold = 50.000000       Max Gap (2/3) = 316.41555       Next Max Gap (1/2) = 9.5924193     
 Gap Method for Num. of Estimated Parameters { S(~sex + length) } = 2          
 Threshold { S(~sex + length) } = 0.1855850E-05                 
 Numerical Threshold Method for Num. of Estimated Parameters { S(~sex + length) } = 3          
 Number of Estimated Parameters { S(~sex + length) } = 3          

   * *  WARNING  * *   Number of parameters estimated from gap method (=2) and threshold method (=3) differ.  Inspect full output.                                                                                                                                                                                                                                                                                                                                                                                                                      
 Ratios of S Vector { S(~sex + length) }:
   1/2    9.592419       2/3    316.4155    
 DEVIANCE { S(~sex + length) } = 143.24722                     
 DEVIANCE Degrees of Freedom { S(~sex + length) } = 111            
 c-hat { S(~sex + length) } = 1.2905155                     
 AIC { S(~sex + length) } = 149.24722                  
 AICc { S(~sex + length) } = 149.46540                    
 BIC { S(~sex + length) } = 157.45581                    
 Pearson Chisquare { S(~sex + length) } = 219.47093                  

  Program  MARK  - Survival Rate Estimation with Capture-Recapture Data
   gfortran(dble) Vers. 9.0 Mar 2018    12-Dec-2019 16:40:06    Page  003
 - - - - - - - - - - - - - - - - - - - - - - - - - - - - - - - - - - - - - -
 


                     LOGIT Link Function Parameters of { S(~sex + length) }
                                                              95% Confidence Interval
 Parameter                    Beta         Standard Error      Lower           Upper
 -------------------------  --------------  --------------  --------------  --------------
    1:S:(Intercept)         -12.695843       5.1228516      -22.736632      -2.6550532    
    2:S:sexmale             -1.0554989       0.4181582      -1.8750891      -0.2359088    
    3:S:length               0.1040179       0.0417811       0.0221270       0.1859088    


                     Real Function Parameters of { S(~sex + length) }

      Following estimates based on unstandardized individual covariate values:
          Variable   Value         
          ---------  ------------- 
          LENGTH      123.30702    
                                                               95% Confidence Interval
  Parameter                  Estimate       Standard Error      Lower           Upper
 --------------------------  --------------  --------------  --------------  --------------
     1:S gcontrolfemale a1    0.5325286       0.0686615       0.3988412       0.6617029                          
     2:S gcontrolmale a1 t2   0.2838994       0.0619258       0.1791347       0.4186834                          


                     Estimates of Derived Parameters

               Survival Estimates of { S(~sex + length) }

       Pr. Surviving
        Duration of                   95% Confidence Interval
 Group     Study      Standard Error     Lower          Upper     
 ----- -------------- -------------- -------------- --------------
   1    0.5325286      0.0686609      0.3988423      0.6617019    
   2    0.5325286      0.0686609      0.3988423      0.6617019    
   3    0.2838994      0.0619258      0.1791347      0.4186834    
   4    0.2838994      0.0619258      0.1791347      0.4186834    

 Attempted ordering of parameters by estimatibility:
  1 2 3
 Beta number 3 is a singular value.

   CPU Time for the last procedure was 0.01 seconds.     

  Program  MARK  - Survival Rate Estimation with Capture-Recapture Data
   gfortran(dble) Vers. 9.0 Mar 2018    12-Dec-2019 16:40:06    Page  004
 - - - - - - - - - - - - - - - - - - - - - - - - - - - - - - - - - - - - - -
 


  INPUT --- proc stop;

     CPU Time in minutes for this job was 0.00

     Time Start = 16:40:06.532   Time End = 16:40:06.733

     Wall Clock Time in minutes for this job was 0.00


          E X E C U T I O N   S U C C E S S F U L 
