
   Program  MARK  - Survival Rate Estimation with Capture-Recapture Data
   gfortran(dble) Vers. 9.0 Mar 2018    12-Dec-2019 16:40:03    Page  001
 - - - - - - - - - - - - - - - - - - - - - - - - - - - - - - - - - - - - - -
 
   This version was compiled by GCC version 7.2.0 using the options: 
     -cpp -iprefix C:/Program Files/mingw-w64/x86_64-7.2.0-posix-seh-rt_v5-rev1/
     mingw64/bin/../lib/gcc/x86_64-w64-mingw32/7.2.0/ -D_MT -D_REENTRANT
     -U_REENTRANT -D IEEE -D DBLEPRECISION -m64 -mtune=core2 -march=nocona -mthreads
     -O2 -fimplicit-none -fbounds-check -funroll-loops -ftree-vectorize
     -ffpe-summary=invalid,zero,overflow,underflow -fno-unsafe-math-optimizations
     -frounding-math -fsignaling-nans -fopenmp.

   This problem will use 2 of 8 possible threads.


  INPUT --- proc title ;

   CPU Time for the last procedure was 0.01 seconds.     


  INPUT --- proc chmatrix occasions= 1 groups= 4 etype= Known Nodes= 
  INPUT --- 101 ICMeans NoHist hist= 8 ;

  INPUT ---    time interval 1 ;

  INPUT ---    glabel(1)=areacontrol.sexfemale;

  INPUT ---    glabel(2)=areatreatment.sexfemale;

  INPUT ---    glabel(3)=areacontrol.sexmale;

  INPUT ---    glabel(4)=areatreatment.sexmale;

   * *  WARNING  * *   At least a pair of the encounter histories are duplicates. 

      Number of unique encounter histories read was 2.

      Number of individual covariates read was 0.
      Time interval lengths are all equal to 1.

      Data type number is 4
      Data type is Known Fate                                                                                          

   CPU Time for the last procedure was 0.01 seconds.     

  Program  MARK  - Survival Rate Estimation with Capture-Recapture Data
   gfortran(dble) Vers. 9.0 Mar 2018    12-Dec-2019 16:40:03    Page  002
 - - - - - - - - - - - - - - - - - - - - - - - - - - - - - - - - - - - - - -
 


  INPUT --- proc estimate link=Logit NOLOOP varest=2ndPart    ;


  INPUT --- model={ S(~1) };

  INPUT ---    group=1 S    rows=1 cols=1 Square ;
  INPUT ---        1 ;

  INPUT ---    group=2 S    rows=1 cols=1 Square ;
  INPUT ---        1 ;

  INPUT ---    group=3 S    rows=1 cols=1 Square ;
  INPUT ---        1 ;

  INPUT ---    group=4 S    rows=1 cols=1 Square ;
  INPUT ---        1 ;

  INPUT ---    design matrix constraints=1 covariates=1 identity;
  INPUT ---       blabel(1)=S:(Intercept);
  INPUT ---       rlabel(1)=S gcontrolfemale a1 t2;

 Link Function Used is LOGIT        

 Variance Estimation Procedure Used is 2ndPart 
 -2logL(saturated) = 149.73600     
 Effective Sample Size = 114

   * *  WARNING  * *   Error number 0 from VA09AD optimization routine. 

 Number of function evaluations was 5 for 1 parameters.
 Time for numerical optimization was 0.01 seconds.     
 -2logL { S(~1) } = 154.51056     
 Penalty { S(~1) } = 0.0000000     
 Gradient { S(~1) }:
   0.000000    
 Maximum ABS(G) { S(~1) } = 0.0000000     
 S Vector { S(~1) }:
   27.62281    
 Time to compute number of parameters was 0.01 seconds.     
 Gap Method for Num. of Estimated Parameters { S(~1) } = 1          
 Threshold { S(~1) } = 0.0000000                     
 Numerical Threshold Method for Num. of Estimated Parameters { S(~1) } = 1          
 Number of Estimated Parameters { S(~1) } = 1          
 DEVIANCE { S(~1) } = 4.7745635                     
 DEVIANCE Degrees of Freedom { S(~1) } = 3            
 c-hat { S(~1) } = 1.5915212                     
 AIC { S(~1) } = 156.51056                  
 AICc { S(~1) } = 156.54627                    
 BIC { S(~1) } = 159.24676                    
 Pearson Chisquare { S(~1) } = 4.7288874                  
 Possible Encounter Histories { S(~1) } = 8             
 Pearson Chisquare df { S(~1) } = 3        
 Pearson chat { S(~1) } = 1.5762958                  
 Sum(Observed/Expected) { S(~1) } = 8.0140001                  
 Fletcher chat { S(~1) } = 1.5735421                  


                          LOGIT Link Function Parameters of { S(~1) }
                                                              95% Confidence Interval
 Parameter                    Beta         Standard Error      Lower           Upper
 -------------------------  --------------  --------------  --------------  --------------
    1:S:(Intercept)         -0.3545450       0.1902681      -0.7274706       0.0183806    

  Program  MARK  - Survival Rate Estimation with Capture-Recapture Data
   gfortran(dble) Vers. 9.0 Mar 2018    12-Dec-2019 16:40:03    Page  003
 - - - - - - - - - - - - - - - - - - - - - - - - - - - - - - - - - - - - - -
 


                          Real Function Parameters of { S(~1) }
                                                               95% Confidence Interval
  Parameter                  Estimate       Standard Error      Lower           Upper
 --------------------------  --------------  --------------  --------------  --------------
     1:S gcontrolfemale a1    0.4122807       0.0461030       0.3257500       0.5045950                          


                     Estimates of Derived Parameters

                    Survival Estimates of { S(~1) }

       Pr. Surviving
        Duration of                   95% Confidence Interval
 Group     Study      Standard Error     Lower          Upper     
 ----- -------------- -------------- -------------- --------------
   1    0.4122807      0.0461030      0.3257500      0.5045950    
   2    0.4122807      0.0461030      0.3257500      0.5045950    
   3    0.4122807      0.0461030      0.3257500      0.5045950    
   4    0.4122807      0.0461030      0.3257500      0.5045950    

   CPU Time for the last procedure was 0.01 seconds.     

  Program  MARK  - Survival Rate Estimation with Capture-Recapture Data
   gfortran(dble) Vers. 9.0 Mar 2018    12-Dec-2019 16:40:03    Page  004
 - - - - - - - - - - - - - - - - - - - - - - - - - - - - - - - - - - - - - -
 


  INPUT --- proc stop;

     CPU Time in minutes for this job was 0.00

     Time Start = 16:40:03.246   Time End = 16:40:03.250

     Wall Clock Time in minutes for this job was 0.00


          E X E C U T I O N   S U C C E S S F U L 
