
   Program  MARK  - Survival Rate Estimation with Capture-Recapture Data
   gfortran(dble) Vers. 9.0 Mar 2018    11-Dec-2019 13:39:10    Page  001
 - - - - - - - - - - - - - - - - - - - - - - - - - - - - - - - - - - - - - -
 
   This version was compiled by GCC version 7.2.0 using the options: 
     -cpp -iprefix C:/Program Files/mingw-w64/x86_64-7.2.0-posix-seh-rt_v5-rev1/
     mingw64/bin/../lib/gcc/x86_64-w64-mingw32/7.2.0/ -D_MT -D_REENTRANT
     -U_REENTRANT -D IEEE -D DBLEPRECISION -m64 -mtune=core2 -march=nocona -mthreads
     -O2 -fimplicit-none -fbounds-check -funroll-loops -ftree-vectorize
     -ffpe-summary=invalid,zero,overflow,underflow -fno-unsafe-math-optimizations
     -frounding-math -fsignaling-nans -fopenmp.

   This problem will use 7 of 8 possible threads.


  INPUT --- proc title ;

   CPU Time for the last procedure was 0.01 seconds.     


  INPUT --- proc chmatrix occasions= 3 groups= 1 etype= Occupancy 
  INPUT --- Nodes= 101 icovar = 8 ICMeans  NoHist hist= 138 ;

  INPUT ---    time interval 1 1 1 ;

  INPUT ---     icovariates effort1 effort2 effort3 pctex21 pctpool  
  INPUT ---    pctrock pctBrBnk HAiFLS_for ;

  INPUT ---    glabel(1)=freq1;

      Number of unique encounter histories read was 138.

      Number of individual covariates read was 8.
      Time interval lengths are all equal to 1.

      Data type number is 27
      Data type is Occupancy Estimation with Detection < 1                                                             

   CPU Time for the last procedure was 0.02 seconds.     

  Program  MARK  - Survival Rate Estimation with Capture-Recapture Data
   gfortran(dble) Vers. 9.0 Mar 2018    11-Dec-2019 13:39:10    Page  002
 - - - - - - - - - - - - - - - - - - - - - - - - - - - - - - - - - - - - - -
 


  INPUT --- proc estimate link=Logit NOLOOP varest=2ndPart    ;


  INPUT --- model={ p(~effort)Psi(~pctex21 + pctpool + pctrock + 
  INPUT --- pctBrBnk + HAiFLS_for) };

  INPUT ---    group=1 p    rows=1 cols=3 Square ;
  INPUT ---        1 2 3 ;

  INPUT ---    group=1 Psi    rows=1 cols=1 Square ;
  INPUT ---        4 ;

  INPUT ---    design matrix constraints=4 covariates=8;
  INPUT ---        1 effort1 0 0 0 0 0 0;
  INPUT ---        1 effort2 0 0 0 0 0 0;
  INPUT ---        1 effort3 0 0 0 0 0 0;
  INPUT ---        0 0 1 pctex21 pctpool pctrock pctBrBnk HAiFLS_for;
  INPUT ---       blabel(1)=p:(Intercept);
  INPUT ---       blabel(2)=p:effort;
  INPUT ---       blabel(3)=Psi:(Intercept);
  INPUT ---       blabel(4)=Psi:pctex21;
  INPUT ---       blabel(5)=Psi:pctpool;
  INPUT ---       blabel(6)=Psi:pctrock;
  INPUT ---       blabel(7)=Psi:pctBrBnk;
  INPUT ---       blabel(8)=Psi:HAiFLS_for;
  INPUT ---       rlabel(1)=p g1 a0 t1;
  INPUT ---       rlabel(2)=p g1 a1 t2;
  INPUT ---       rlabel(3)=p g1 a2 t3;
  INPUT ---       rlabel(4)=Psi g1 a0 t1;

 Link Function Used is LOGIT        

 Variance Estimation Procedure Used is 2ndPart 
 -2logL(saturated) = 0.0000000     
 Effective Sample Size = 138

 Number of function evaluations was 27 for 8 parameters.
 Time for numerical optimization was 0.01 seconds.     
 -2logL { p(~effort)Psi(~pctex21 + pctpool + pctrock + pctBrBnk + HAiFLS_for) } = 137.91927     
 Penalty { p(~effort)Psi(~pctex21 + pctpool + pctrock + pctBrBnk + HAiFLS_for) } = 0.0000000     
 Gradient { p(~effort)Psi(~pctex21 + pctpool + pctrock + pctBrBnk + HAiFLS_for) }:
  0.2673985E-05  0.5046637E-06  0.1124921E-05  0.8640523E-07  0.7506690E-06
  0.7540307E-06  0.5543176E-06  0.6909541E-06
 Maximum ABS(G) { p(~effort)Psi(~pctex21 + pctpool + pctrock + pctBrBnk + HAiFLS_for) } = 0.2673985E-05 

  Program  MARK  - Survival Rate Estimation with Capture-Recapture Data
   gfortran(dble) Vers. 9.0 Mar 2018    11-Dec-2019 13:39:11    Page  003
 - - - - - - - - - - - - - - - - - - - - - - - - - - - - - - - - - - - - - -
 
 S Vector { p(~effort)Psi(~pctex21 + pctpool + pctrock + pctBrBnk + HAiFLS_for) }:
   22.69623      8.165001     0.9499714     0.8377363     0.2567497    
  0.2196807     0.9695111E-01 0.1641870E-01
 Time to compute number of parameters was 0.09 seconds.     
 Ratio Threshold = 50.000000       Max Gap (2/3) = 8.5949975       Next Max Gap (7/8) = 5.9049218     
 Gap Method for Num. of Estimated Parameters { p(~effort)Psi(~pctex21 + pctpool + pctrock + pctBrBnk + HAiFLS_for) } = 8          
 Threshold { p(~effort)Psi(~pctex21 + pctpool + pctrock + pctBrBnk + HAiFLS_for) } = 0.5347970E-05                 
 Numerical Threshold Method for Num. of Estimated Parameters { p(~effort)Psi(~pctex21 + pctpool + pctrock + pctBrBnk + HAiFLS_for) } = 8          
 Number of Estimated Parameters { p(~effort)Psi(~pctex21 + pctpool + pctrock + pctBrBnk + HAiFLS_for) } = 8          
 DEVIANCE { p(~effort)Psi(~pctex21 + pctpool + pctrock + pctBrBnk + HAiFLS_for) } = 137.91927                     
 DEVIANCE Degrees of Freedom { p(~effort)Psi(~pctex21 + pctpool + pctrock + pctBrBnk + HAiFLS_for) } = 130            
 c-hat { p(~effort)Psi(~pctex21 + pctpool + pctrock + pctBrBnk + HAiFLS_for) } = 1.0609175                     
 AIC { p(~effort)Psi(~pctex21 + pctpool + pctrock + pctBrBnk + HAiFLS_for) } = 153.91927                  
 AICc { p(~effort)Psi(~pctex21 + pctpool + pctrock + pctBrBnk + HAiFLS_for) } = 155.03555                    
 BIC { p(~effort)Psi(~pctex21 + pctpool + pctrock + pctBrBnk + HAiFLS_for) } = 177.33730                    
 Pearson Chisquare { p(~effort)Psi(~pctex21 + pctpool + pctrock + pctBrBnk + HAiFLS_for) } = 602.04812                  


 LOGIT Link Function Parameters of { p(~effort)Psi(~pctex21 + pctpool + pctrock + pctBrBnk + HAiFLS_for) }
                                                              95% Confidence Interval
 Parameter                    Beta         Standard Error      Lower           Upper
 -------------------------  --------------  --------------  --------------  --------------
    1:p:(Intercept)         -0.4265963       0.6793579      -1.7581378       0.9049452    
    2:p:effort               0.0016447       0.7905983E-03   0.9508365E-04   0.0031942    
    3:Psi:(Intercept)       -2.3910787       1.3720254      -5.0802486       0.2980913    
    4:Psi:pctex21           -0.6805134       0.2515891      -1.1736280      -0.1873989    
    5:Psi:pctpool            0.0194636       0.0169903      -0.0138374       0.0527645    
    6:Psi:pctrock            0.0152954       0.0140987      -0.0123381       0.0429289    
    7:Psi:pctBrBnk          -0.7708090       0.6469334      -2.0387985       0.4971805    
    8:Psi:HAiFLS_for         0.0176255       0.0104866      -0.0029282       0.0381792    


 Real Function Parameters of { p(~effort)Psi(~pctex21 + pctpool + pctrock + pctBrBnk + HAiFLS_for) }

      Following estimates based on unstandardized individual covariate values:
          Variable   Value         
          ---------  ------------- 
          EFFORT1     906.23188    
          EFFORT2     834.18841    
          EFFORT3     818.18116    
          PCTEX21     4.8306834    
          PCTPOOL     25.664251    
          PCTROCK     68.678238    
          PCTBRBNK    0.8740586    
          HAIFLS_FOR  26.272482    
                                                               95% Confidence Interval
  Parameter                  Estimate       Standard Error      Lower           Upper
 --------------------------  --------------  --------------  --------------  --------------
     1:p g1 a0 t1             0.7434244       0.0723654       0.5793856       0.8590517                          
     2:p g1 a1 t2             0.7201805       0.0731096       0.5583059       0.8397575                          
     3:p g1 a2 t3             0.7148445       0.0734286       0.5530478       0.8354929                          
     4:Psi g1 a0 t1           0.0128800       0.0140031       0.0015045       0.1015233                          


                      Estimates of Derived Parameters
 Occupancy Estimates of { p(~effort)Psi(~pctex21 + pctpool + pctrock + pctBrBnk + HAiFLS_for) }
                                            95% Confidence Interval
 Group   Psi-hat         Standard Error      Lower           Upper
 -----   --------------  --------------  --------------  --------------

  Program  MARK  - Survival Rate Estimation with Capture-Recapture Data
   gfortran(dble) Vers. 9.0 Mar 2018    11-Dec-2019 13:39:11    Page  004
 - - - - - - - - - - - - - - - - - - - - - - - - - - - - - - - - - - - - - -
 
   1      0.0128800       0.0140031       0.0015045       0.1015233    

   CPU Time for the last procedure was 0.09 seconds.     


  INPUT --- proc stop;

     CPU Time in minutes for this job was 0.00

     Time Start = 13:39:10.320   Time End = 13:39:11.022

     Wall Clock Time in minutes for this job was 0.01


          E X E C U T I O N   S U C C E S S F U L 
