
   Program  MARK  - Survival Rate Estimation with Capture-Recapture Data
   gfortran(dble) Vers. 9.0 Mar 2018    13-Dec-2019 09:51:38    Page  001
 - - - - - - - - - - - - - - - - - - - - - - - - - - - - - - - - - - - - - -
 
   This version was compiled by GCC version 7.2.0 using the options: 
     -cpp -iprefix C:/Program Files/mingw-w64/x86_64-7.2.0-posix-seh-rt_v5-rev1/
     mingw64/bin/../lib/gcc/x86_64-w64-mingw32/7.2.0/ -D_MT -D_REENTRANT
     -U_REENTRANT -D IEEE -D DBLEPRECISION -m64 -mtune=core2 -march=nocona -mthreads
     -O2 -fimplicit-none -fbounds-check -funroll-loops -ftree-vectorize
     -ffpe-summary=invalid,zero,overflow,underflow -fno-unsafe-math-optimizations
     -frounding-math -fsignaling-nans -fopenmp.

   This problem will use 7 of 8 possible threads.


  INPUT --- proc title ;

   CPU Time for the last procedure was 0.02 seconds.     


  INPUT --- proc chmatrix occasions= 3 groups= 1 etype= Occupancy 
  INPUT --- Nodes= 101 icovar = 8 ICMeans  NoHist hist= 138 ;

  INPUT ---    time interval 1 1 1 ;

  INPUT ---     icovariates effort1 effort2 effort3 pctex21 pctrock  
  INPUT ---    BRT_100m pctBrBnk HAiFLS_for ;

  INPUT ---    glabel(1)=freq1;

      Number of unique encounter histories read was 138.

      Number of individual covariates read was 8.
      Time interval lengths are all equal to 1.

      Data type number is 27
      Data type is Occupancy Estimation with Detection < 1                                                             

   CPU Time for the last procedure was 0.01 seconds.     

  Program  MARK  - Survival Rate Estimation with Capture-Recapture Data
   gfortran(dble) Vers. 9.0 Mar 2018    13-Dec-2019 09:51:38    Page  002
 - - - - - - - - - - - - - - - - - - - - - - - - - - - - - - - - - - - - - -
 


  INPUT --- proc estimate link=Logit NOLOOP varest=2ndPart    ;


  INPUT --- model={ p(~effort)Psi(~pctex21 + pctrock + BRT_100m + 
  INPUT --- pctBrBnk + HAiFLS_for) };

  INPUT ---    group=1 p    rows=1 cols=3 Square ;
  INPUT ---        1 2 3 ;

  INPUT ---    group=1 Psi    rows=1 cols=1 Square ;
  INPUT ---        4 ;

  INPUT ---    design matrix constraints=4 covariates=8;
  INPUT ---        1 effort1 0 0 0 0 0 0;
  INPUT ---        1 effort2 0 0 0 0 0 0;
  INPUT ---        1 effort3 0 0 0 0 0 0;
  INPUT ---        0 0 1 pctex21 pctrock BRT_100m pctBrBnk HAiFLS_for;
  INPUT ---       blabel(1)=p:(Intercept);
  INPUT ---       blabel(2)=p:effort;
  INPUT ---       blabel(3)=Psi:(Intercept);
  INPUT ---       blabel(4)=Psi:pctex21;
  INPUT ---       blabel(5)=Psi:pctrock;
  INPUT ---       blabel(6)=Psi:BRT_100m;
  INPUT ---       blabel(7)=Psi:pctBrBnk;
  INPUT ---       blabel(8)=Psi:HAiFLS_for;
  INPUT ---       rlabel(1)=p g1 a0 t1;
  INPUT ---       rlabel(2)=p g1 a1 t2;
  INPUT ---       rlabel(3)=p g1 a2 t3;
  INPUT ---       rlabel(4)=Psi g1 a0 t1;

 Link Function Used is LOGIT        

 Variance Estimation Procedure Used is 2ndPart 
 -2logL(saturated) = 0.0000000     
 Effective Sample Size = 138

 Number of function evaluations was 25 for 8 parameters.
 Time for numerical optimization was 0.12 seconds.     
 -2logL { p(~effort)Psi(~pctex21 + pctrock + BRT_100m + pctBrBnk + HAiFLS_for) } = 137.95085     
 Penalty { p(~effort)Psi(~pctex21 + pctrock + BRT_100m + pctBrBnk + HAiFLS_for) } = 0.0000000     
 Gradient { p(~effort)Psi(~pctex21 + pctrock + BRT_100m + pctBrBnk + HAiFLS_for) }:
   0.000000      0.2528928E-06   0.000000      0.8589989E-07  0.2424503E-05
 -0.1334102E-05  0.1901986E-05   0.000000    
 Maximum ABS(G) { p(~effort)Psi(~pctex21 + pctrock + BRT_100m + pctBrBnk + HAiFLS_for) } = 0.2424503E-05 

  Program  MARK  - Survival Rate Estimation with Capture-Recapture Data
   gfortran(dble) Vers. 9.0 Mar 2018    13-Dec-2019 09:51:38    Page  003
 - - - - - - - - - - - - - - - - - - - - - - - - - - - - - - - - - - - - - -
 
 S Vector { p(~effort)Psi(~pctex21 + pctrock + BRT_100m + pctBrBnk + HAiFLS_for) }:
   21.32128      8.143099     0.9661117     0.5277230     0.3300020    
  0.2300210     0.9687101E-01 0.1497436E-01
 Time to compute number of parameters was 0.03 seconds.     
 Ratio Threshold = 50.000000       Max Gap (2/3) = 8.4287345       Next Max Gap (7/8) = 6.4691261     
 Gap Method for Num. of Estimated Parameters { p(~effort)Psi(~pctex21 + pctrock + BRT_100m + pctBrBnk + HAiFLS_for) } = 8          
 Threshold { p(~effort)Psi(~pctex21 + pctrock + BRT_100m + pctBrBnk + HAiFLS_for) } = 0.4849006E-05                 
 Numerical Threshold Method for Num. of Estimated Parameters { p(~effort)Psi(~pctex21 + pctrock + BRT_100m + pctBrBnk + HAiFLS_for) } = 8          
 Number of Estimated Parameters { p(~effort)Psi(~pctex21 + pctrock + BRT_100m + pctBrBnk + HAiFLS_for) } = 8          
 DEVIANCE { p(~effort)Psi(~pctex21 + pctrock + BRT_100m + pctBrBnk + HAiFLS_for) } = 137.95085                     
 DEVIANCE Degrees of Freedom { p(~effort)Psi(~pctex21 + pctrock + BRT_100m + pctBrBnk + HAiFLS_for) } = 130            
 c-hat { p(~effort)Psi(~pctex21 + pctrock + BRT_100m + pctBrBnk + HAiFLS_for) } = 1.0611604                     
 AIC { p(~effort)Psi(~pctex21 + pctrock + BRT_100m + pctBrBnk + HAiFLS_for) } = 153.95085                  
 AICc { p(~effort)Psi(~pctex21 + pctrock + BRT_100m + pctBrBnk + HAiFLS_for) } = 155.06713                    
 BIC { p(~effort)Psi(~pctex21 + pctrock + BRT_100m + pctBrBnk + HAiFLS_for) } = 177.36888                    
 Pearson Chisquare { p(~effort)Psi(~pctex21 + pctrock + BRT_100m + pctBrBnk + HAiFLS_for) } = 543.79193                  


 LOGIT Link Function Parameters of { p(~effort)Psi(~pctex21 + pctrock + BRT_100m + pctBrBnk + HAiFLS_for) }
                                                              95% Confidence Interval
 Parameter                    Beta         Standard Error      Lower           Upper
 -------------------------  --------------  --------------  --------------  --------------
    1:p:(Intercept)         -0.4236094       0.6796045      -1.7556343       0.9084154    
    2:p:effort               0.0016405       0.7912662E-03   0.8957025E-04   0.0031913    
    3:Psi:(Intercept)       -1.5635942       1.0914878      -3.7029103       0.5757220    
    4:Psi:pctex21           -0.6847068       0.2634240      -1.2010178      -0.1683957    
    5:Psi:pctrock            0.0057339       0.0130015      -0.0197489       0.0312168    
    6:Psi:BRT_100m           0.0193396       0.0167289      -0.0134491       0.0521283    
    7:Psi:pctBrBnk          -0.6342503       0.6400731      -1.8887935       0.6202929    
    8:Psi:HAiFLS_for         0.0202436       0.0101834       0.2840220E-03   0.0402031    


 Real Function Parameters of { p(~effort)Psi(~pctex21 + pctrock + BRT_100m + pctBrBnk + HAiFLS_for) }

      Following estimates based on unstandardized individual covariate values:
          Variable   Value         
          ---------  ------------- 
          EFFORT1     906.23188    
          EFFORT2     834.18841    
          EFFORT3     818.18116    
          PCTEX21     4.8306834    
          PCTROCK     68.678238    
          BRT_100M    6.7817616    
          PCTBRBNK    0.8740586    
          HAIFLS_FOR  26.272482    
                                                               95% Confidence Interval
  Parameter                  Estimate       Standard Error      Lower           Upper
 --------------------------  --------------  --------------  --------------  --------------
     1:p g1 a0 t1             0.7432673       0.0724690       0.5789980       0.8590449                          
     2:p g1 a1 t2             0.7200756       0.0731920       0.5580200       0.8397734                          
     3:p g1 a2 t3             0.7147522       0.0735064       0.5527849       0.8355146                          
     4:Psi g1 a0 t1           0.0125084       0.0142370       0.0013212       0.1081623                          


                      Estimates of Derived Parameters
 Occupancy Estimates of { p(~effort)Psi(~pctex21 + pctrock + BRT_100m + pctBrBnk + HAiFLS_for) }
                                            95% Confidence Interval
 Group   Psi-hat         Standard Error      Lower           Upper
 -----   --------------  --------------  --------------  --------------

  Program  MARK  - Survival Rate Estimation with Capture-Recapture Data
   gfortran(dble) Vers. 9.0 Mar 2018    13-Dec-2019 09:51:38    Page  004
 - - - - - - - - - - - - - - - - - - - - - - - - - - - - - - - - - - - - - -
 
   1      0.0125084       0.0142370       0.0013212       0.1081623    

   CPU Time for the last procedure was 0.16 seconds.     


  INPUT --- proc stop;

     CPU Time in minutes for this job was 0.00

     Time Start = 09:51:38.849   Time End = 09:51:38.988

     Wall Clock Time in minutes for this job was 0.00


          E X E C U T I O N   S U C C E S S F U L 
