
   Program  MARK  - Survival Rate Estimation with Capture-Recapture Data
   gfortran(dble) Vers. 9.0 Mar 2018    13-Dec-2019 09:51:34    Page  001
 - - - - - - - - - - - - - - - - - - - - - - - - - - - - - - - - - - - - - -
 
   This version was compiled by GCC version 7.2.0 using the options: 
     -cpp -iprefix C:/Program Files/mingw-w64/x86_64-7.2.0-posix-seh-rt_v5-rev1/
     mingw64/bin/../lib/gcc/x86_64-w64-mingw32/7.2.0/ -D_MT -D_REENTRANT
     -U_REENTRANT -D IEEE -D DBLEPRECISION -m64 -mtune=core2 -march=nocona -mthreads
     -O2 -fimplicit-none -fbounds-check -funroll-loops -ftree-vectorize
     -ffpe-summary=invalid,zero,overflow,underflow -fno-unsafe-math-optimizations
     -frounding-math -fsignaling-nans -fopenmp.

   This problem will use 7 of 8 possible threads.


  INPUT --- proc title ;

   CPU Time for the last procedure was 0.01 seconds.     


  INPUT --- proc chmatrix occasions= 3 groups= 1 etype= Occupancy 
  INPUT --- Nodes= 101 icovar = 5 ICMeans  NoHist hist= 138 ;

  INPUT ---    time interval 1 1 1 ;

  INPUT ---     icovariates pctex21 pctrock pctBrBnk pctShade HAiFLS_for  ;

  INPUT ---    glabel(1)=freq1;

      Number of unique encounter histories read was 138.

      Number of individual covariates read was 5.
      Time interval lengths are all equal to 1.

      Data type number is 27
      Data type is Occupancy Estimation with Detection < 1                                                             

   CPU Time for the last procedure was 0.01 seconds.     

  Program  MARK  - Survival Rate Estimation with Capture-Recapture Data
   gfortran(dble) Vers. 9.0 Mar 2018    13-Dec-2019 09:51:34    Page  002
 - - - - - - - - - - - - - - - - - - - - - - - - - - - - - - - - - - - - - -
 


  INPUT --- proc estimate link=Logit NOLOOP varest=2ndPart    ;


  INPUT --- model={ p(~1)Psi(~pctex21 + pctrock + pctBrBnk + pctShade + 
  INPUT --- HAiFLS_for) };

  INPUT ---    group=1 p    rows=1 cols=3 Square ;
  INPUT ---        1 1 1 ;

  INPUT ---    group=1 Psi    rows=1 cols=1 Square ;
  INPUT ---        2 ;

  INPUT ---    design matrix constraints=2 covariates=7;
  INPUT ---        1 0 0 0 0 0 0;
  INPUT ---        0 1 pctex21 pctrock pctBrBnk pctShade HAiFLS_for;
  INPUT ---       blabel(1)=p:(Intercept);
  INPUT ---       blabel(2)=Psi:(Intercept);
  INPUT ---       blabel(3)=Psi:pctex21;
  INPUT ---       blabel(4)=Psi:pctrock;
  INPUT ---       blabel(5)=Psi:pctBrBnk;
  INPUT ---       blabel(6)=Psi:pctShade;
  INPUT ---       blabel(7)=Psi:HAiFLS_for;
  INPUT ---       rlabel(1)=p g1 a0 t1;
  INPUT ---       rlabel(2)=Psi g1 a0 t1;

 Link Function Used is LOGIT        

 Variance Estimation Procedure Used is 2ndPart 
 -2logL(saturated) = 0.0000000     
 Effective Sample Size = 138

 Number of function evaluations was 22 for 7 parameters.
 Time for numerical optimization was 0.01 seconds.     
 -2logL { p(~1)Psi(~pctex21 + pctrock + pctBrBnk + pctShade + HAiFLS_for) } = 145.88434     
 Penalty { p(~1)Psi(~pctex21 + pctrock + pctBrBnk + pctShade + HAiFLS_for) } = 0.0000000     
 Gradient { p(~1)Psi(~pctex21 + pctrock + pctBrBnk + pctShade + HAiFLS_for) }:
 -0.9793638E-06 -0.7053421E-06   0.000000       0.000000      0.6440046E-06
   0.000000       0.000000    
 Maximum ABS(G) { p(~1)Psi(~pctex21 + pctrock + pctBrBnk + pctShade + HAiFLS_for) } = 0.9793638E-06 
 S Vector { p(~1)Psi(~pctex21 + pctrock + pctBrBnk + pctShade + HAiFLS_for) }:
   25.57535      9.658695      1.251658     0.7313318     0.4193054    
  0.2040899     0.1619759E-01
 Time to compute number of parameters was 0.01 seconds.     
 Ratio Threshold = 50.000000       Max Gap (6/7) = 12.600016       Next Max Gap (2/3) = 7.7167218     
 Gap Method for Num. of Estimated Parameters { p(~1)Psi(~pctex21 + pctrock + pctBrBnk + pctShade + HAiFLS_for) } = 7          
 Threshold { p(~1)Psi(~pctex21 + pctrock + pctBrBnk + pctShade + HAiFLS_for) } = 0.1958728E-05                 
 Numerical Threshold Method for Num. of Estimated Parameters { p(~1)Psi(~pctex21 + pctrock + pctBrBnk + pctShade + HAiFLS_for) } = 7          
 Number of Estimated Parameters { p(~1)Psi(~pctex21 + pctrock + pctBrBnk + pctShade + HAiFLS_for) } = 7          
 DEVIANCE { p(~1)Psi(~pctex21 + pctrock + pctBrBnk + pctShade + HAiFLS_for) } = 145.88434                     
 DEVIANCE Degrees of Freedom { p(~1)Psi(~pctex21 + pctrock + pctBrBnk + pctShade + HAiFLS_for) } = 131            
 c-hat { p(~1)Psi(~pctex21 + pctrock + pctBrBnk + pctShade + HAiFLS_for) } = 1.1136209                     
 AIC { p(~1)Psi(~pctex21 + pctrock + pctBrBnk + pctShade + HAiFLS_for) } = 159.88434                  
 AICc { p(~1)Psi(~pctex21 + pctrock + pctBrBnk + pctShade + HAiFLS_for) } = 160.74588                    
 BIC { p(~1)Psi(~pctex21 + pctrock + pctBrBnk + pctShade + HAiFLS_for) } = 180.37512                    
 Pearson Chisquare { p(~1)Psi(~pctex21 + pctrock + pctBrBnk + pctShade + HAiFLS_for) } = 810.30778                  

  Program  MARK  - Survival Rate Estimation with Capture-Recapture Data
   gfortran(dble) Vers. 9.0 Mar 2018    13-Dec-2019 09:51:35    Page  003
 - - - - - - - - - - - - - - - - - - - - - - - - - - - - - - - - - - - - - -
 


 LOGIT Link Function Parameters of { p(~1)Psi(~pctex21 + pctrock + pctBrBnk + pctShade + HAiFLS_for) }
                                                              95% Confidence Interval
 Parameter                    Beta         Standard Error      Lower           Upper
 -------------------------  --------------  --------------  --------------  --------------
    1:p:(Intercept)          0.9475384       0.3213039       0.3177827       1.5772940    
    2:Psi:(Intercept)       -1.7041470       1.0838083      -3.8284112       0.4201173    
    3:Psi:pctex21           -0.6765037       0.2533170      -1.1730051      -0.1800023    
    4:Psi:pctrock            0.0113183       0.0139000      -0.0159257       0.0385624    
    5:Psi:pctBrBnk          -0.6194843       0.6395624      -1.8730266       0.6340580    
    6:Psi:pctShade          -0.0030112       0.0113614      -0.0252795       0.0192571    
    7:Psi:HAiFLS_for         0.0212912       0.0109793      -0.2283334E-03   0.0428107    


 Real Function Parameters of { p(~1)Psi(~pctex21 + pctrock + pctBrBnk + pctShade + HAiFLS_for) }

      Following estimates based on unstandardized individual covariate values:
          Variable   Value         
          ---------  ------------- 
          PCTEX21     4.8306834    
          PCTROCK     68.678238    
          PCTBRBNK    0.8740586    
          PCTSHADE    48.614931    
          HAIFLS_FOR  26.272482    
                                                               95% Confidence Interval
  Parameter                  Estimate       Standard Error      Lower           Upper
 --------------------------  --------------  --------------  --------------  --------------
     1:p g1 a0 t1             0.7206199       0.0646871       0.5787838       0.8288209                          
     2:Psi g1 a0 t1           0.0130829       0.0143378       0.0015015       0.1046310                          


                      Estimates of Derived Parameters
 Occupancy Estimates of { p(~1)Psi(~pctex21 + pctrock + pctBrBnk + pctShade + HAiFLS_for) }
                                            95% Confidence Interval
 Group   Psi-hat         Standard Error      Lower           Upper
 -----   --------------  --------------  --------------  --------------
   1      0.0130829       0.0143378       0.0015015       0.1046310    

   CPU Time for the last procedure was 0.02 seconds.     

  Program  MARK  - Survival Rate Estimation with Capture-Recapture Data
   gfortran(dble) Vers. 9.0 Mar 2018    13-Dec-2019 09:51:35    Page  004
 - - - - - - - - - - - - - - - - - - - - - - - - - - - - - - - - - - - - - -
 


  INPUT --- proc stop;

     CPU Time in minutes for this job was 0.00

     Time Start = 09:51:34.968   Time End = 09:51:35.181

     Wall Clock Time in minutes for this job was 0.00


          E X E C U T I O N   S U C C E S S F U L 
