
   Program  MARK  - Survival Rate Estimation with Capture-Recapture Data
   gfortran(dble) Vers. 9.0 Mar 2018    12-Dec-2019 15:59:53    Page  001
 - - - - - - - - - - - - - - - - - - - - - - - - - - - - - - - - - - - - - -
 
   This version was compiled by GCC version 7.2.0 using the options: 
     -cpp -iprefix C:/Program Files/mingw-w64/x86_64-7.2.0-posix-seh-rt_v5-rev1/
     mingw64/bin/../lib/gcc/x86_64-w64-mingw32/7.2.0/ -D_MT -D_REENTRANT
     -U_REENTRANT -D IEEE -D DBLEPRECISION -m64 -mtune=core2 -march=nocona -mthreads
     -O2 -fimplicit-none -fbounds-check -funroll-loops -ftree-vectorize
     -ffpe-summary=invalid,zero,overflow,underflow -fno-unsafe-math-optimizations
     -frounding-math -fsignaling-nans -fopenmp.

   This problem will use 7 of 8 possible threads.


  INPUT --- proc title ;

   CPU Time for the last procedure was 0.02 seconds.     


  INPUT --- proc chmatrix occasions= 3 groups= 1 etype= Occupancy 
  INPUT --- Nodes= 101 icovar = 5 ICMeans  NoHist hist= 138 ;

  INPUT ---    time interval 1 1 1 ;

  INPUT ---     icovariates effort1 effort2 effort3 pctex21 pctpool ;

  INPUT ---    glabel(1)=freq1;

      Number of unique encounter histories read was 138.

      Number of individual covariates read was 5.
      Time interval lengths are all equal to 1.

      Data type number is 27
      Data type is Occupancy Estimation with Detection < 1                                                             

   CPU Time for the last procedure was 0.01 seconds.     

  Program  MARK  - Survival Rate Estimation with Capture-Recapture Data
   gfortran(dble) Vers. 9.0 Mar 2018    12-Dec-2019 15:59:53    Page  002
 - - - - - - - - - - - - - - - - - - - - - - - - - - - - - - - - - - - - - -
 


  INPUT --- proc estimate link=Logit NOLOOP varest=2ndPart    ;


  INPUT --- model={ p(~effort)Psi(~pctex21 + pctpool) };

  INPUT ---    group=1 p    rows=1 cols=3 Square ;
  INPUT ---        1 2 3 ;

  INPUT ---    group=1 Psi    rows=1 cols=1 Square ;
  INPUT ---        4 ;

  INPUT ---    design matrix constraints=4 covariates=5;
  INPUT ---        1 effort1 0 0 0;
  INPUT ---        1 effort2 0 0 0;
  INPUT ---        1 effort3 0 0 0;
  INPUT ---        0 0 1 pctex21 pctpool;
  INPUT ---       blabel(1)=p:(Intercept);
  INPUT ---       blabel(2)=p:effort;
  INPUT ---       blabel(3)=Psi:(Intercept);
  INPUT ---       blabel(4)=Psi:pctex21;
  INPUT ---       blabel(5)=Psi:pctpool;
  INPUT ---       rlabel(1)=p g1 a0 t1;
  INPUT ---       rlabel(2)=p g1 a1 t2;
  INPUT ---       rlabel(3)=p g1 a2 t3;
  INPUT ---       rlabel(4)=Psi g1 a0 t1;

 Link Function Used is LOGIT        

 Variance Estimation Procedure Used is 2ndPart 
 -2logL(saturated) = 0.0000000     
 Effective Sample Size = 138

 Number of function evaluations was 25 for 5 parameters.
 Time for numerical optimization was 0.06 seconds.     
 -2logL { p(~effort)Psi(~pctex21 + pctpool) } = 145.66016     
 Penalty { p(~effort)Psi(~pctex21 + pctpool) } = 0.0000000     
 Gradient { p(~effort)Psi(~pctex21 + pctpool) }:
  0.3875072E-05  0.2475061E-06  0.2678367E-05  0.9175358E-07  0.1790326E-05
 Maximum ABS(G) { p(~effort)Psi(~pctex21 + pctpool) } = 0.3875072E-05 
 S Vector { p(~effort)Psi(~pctex21 + pctpool) }:
   15.84479      7.704831     0.6986439     0.9484744E-01 0.1939389E-01
 Time to compute number of parameters was 0.01 seconds.     
 Ratio Threshold = 50.000000       Max Gap (2/3) = 11.028267       Next Max Gap (3/4) = 7.3659749     
 Gap Method for Num. of Estimated Parameters { p(~effort)Psi(~pctex21 + pctpool) } = 5          
 Threshold { p(~effort)Psi(~pctex21 + pctpool) } = 0.7750143E-05                 
 Numerical Threshold Method for Num. of Estimated Parameters { p(~effort)Psi(~pctex21 + pctpool) } = 5          
 Number of Estimated Parameters { p(~effort)Psi(~pctex21 + pctpool) } = 5          
 DEVIANCE { p(~effort)Psi(~pctex21 + pctpool) } = 145.66016                     
 DEVIANCE Degrees of Freedom { p(~effort)Psi(~pctex21 + pctpool) } = 133            
 c-hat { p(~effort)Psi(~pctex21 + pctpool) } = 1.0951892                     
 AIC { p(~effort)Psi(~pctex21 + pctpool) } = 155.66016                  
 AICc { p(~effort)Psi(~pctex21 + pctpool) } = 156.11471                    
 BIC { p(~effort)Psi(~pctex21 + pctpool) } = 170.29643                    
 Pearson Chisquare { p(~effort)Psi(~pctex21 + pctpool) } = 615.51330                  

  Program  MARK  - Survival Rate Estimation with Capture-Recapture Data
   gfortran(dble) Vers. 9.0 Mar 2018    12-Dec-2019 15:59:53    Page  003
 - - - - - - - - - - - - - - - - - - - - - - - - - - - - - - - - - - - - - -
 


            LOGIT Link Function Parameters of { p(~effort)Psi(~pctex21 + pctpool) }
                                                              95% Confidence Interval
 Parameter                    Beta         Standard Error      Lower           Upper
 -------------------------  --------------  --------------  --------------  --------------
    1:p:(Intercept)         -0.4766297       0.6920867      -1.8331197       0.8798602    
    2:p:effort               0.0016816       0.8006470E-03   0.1123444E-03   0.0032509    
    3:Psi:(Intercept)       -1.1363939       0.5171098      -2.1499291      -0.1228587    
    4:Psi:pctex21           -0.6389638       0.2318001      -1.0932920      -0.1846356    
    5:Psi:pctpool            0.0142829       0.0141667      -0.0134839       0.0420497    


            Real Function Parameters of { p(~effort)Psi(~pctex21 + pctpool) }

      Following estimates based on unstandardized individual covariate values:
          Variable   Value         
          ---------  ------------- 
          EFFORT1     906.23188    
          EFFORT2     834.18841    
          EFFORT3     818.18116    
          PCTEX21     4.8306834    
          PCTPOOL     25.664251    
                                                               95% Confidence Interval
  Parameter                  Estimate       Standard Error      Lower           Upper
 --------------------------  --------------  --------------  --------------  --------------
     1:p g1 a0 t1             0.7402563       0.0737779       0.5732775       0.8580718                          
     2:p g1 a1 t2             0.7162939       0.0746887       0.5512666       0.8384194                          
     3:p g1 a2 t3             0.7107921       0.0750483       0.5457907       0.8340754                          
     4:Psi g1 a0 t1           0.0207048       0.0204473       0.0029207       0.1323977                          


                      Estimates of Derived Parameters
       Occupancy Estimates of { p(~effort)Psi(~pctex21 + pctpool) }
                                            95% Confidence Interval
 Group   Psi-hat         Standard Error      Lower           Upper
 -----   --------------  --------------  --------------  --------------
   1      0.0207048       0.0204473       0.0029207       0.1323977    

   CPU Time for the last procedure was 0.08 seconds.     

  Program  MARK  - Survival Rate Estimation with Capture-Recapture Data
   gfortran(dble) Vers. 9.0 Mar 2018    12-Dec-2019 15:59:53    Page  004
 - - - - - - - - - - - - - - - - - - - - - - - - - - - - - - - - - - - - - -
 


  INPUT --- proc stop;

     CPU Time in minutes for this job was 0.00

     Time Start = 15:59:53.787   Time End = 15:59:53.896

     Wall Clock Time in minutes for this job was 0.00


          E X E C U T I O N   S U C C E S S F U L 
