
   Program  MARK  - Survival Rate Estimation with Capture-Recapture Data
   gfortran(dble) Vers. 9.0 Mar 2018    12-Dec-2019 15:59:39    Page  001
 - - - - - - - - - - - - - - - - - - - - - - - - - - - - - - - - - - - - - -
 
   This version was compiled by GCC version 7.2.0 using the options: 
     -cpp -iprefix C:/Program Files/mingw-w64/x86_64-7.2.0-posix-seh-rt_v5-rev1/
     mingw64/bin/../lib/gcc/x86_64-w64-mingw32/7.2.0/ -D_MT -D_REENTRANT
     -U_REENTRANT -D IEEE -D DBLEPRECISION -m64 -mtune=core2 -march=nocona -mthreads
     -O2 -fimplicit-none -fbounds-check -funroll-loops -ftree-vectorize
     -ffpe-summary=invalid,zero,overflow,underflow -fno-unsafe-math-optimizations
     -frounding-math -fsignaling-nans -fopenmp.

   This problem will use 7 of 8 possible threads.


  INPUT --- proc title ;

   CPU Time for the last procedure was 0.01 seconds.     


  INPUT --- proc chmatrix occasions= 3 groups= 1 etype= Occupancy 
  INPUT --- Nodes= 101 icovar = 8 ICMeans  NoHist hist= 138 ;

  INPUT ---    time interval 1 1 1 ;

  INPUT ---     icovariates effort1 effort2 effort3 pctex21 pctpool  
  INPUT ---    pctrock BRT_100m pctBrBnk ;

  INPUT ---    glabel(1)=freq1;

      Number of unique encounter histories read was 138.

      Number of individual covariates read was 8.
      Time interval lengths are all equal to 1.

      Data type number is 27
      Data type is Occupancy Estimation with Detection < 1                                                             

   CPU Time for the last procedure was 0.01 seconds.     

  Program  MARK  - Survival Rate Estimation with Capture-Recapture Data
   gfortran(dble) Vers. 9.0 Mar 2018    12-Dec-2019 15:59:39    Page  002
 - - - - - - - - - - - - - - - - - - - - - - - - - - - - - - - - - - - - - -
 


  INPUT --- proc estimate link=Logit NOLOOP varest=2ndPart    ;


  INPUT --- model={ p(~effort)Psi(~pctex21 + pctpool + pctrock + 
  INPUT --- BRT_100m + pctBrBnk) };

  INPUT ---    group=1 p    rows=1 cols=3 Square ;
  INPUT ---        1 2 3 ;

  INPUT ---    group=1 Psi    rows=1 cols=1 Square ;
  INPUT ---        4 ;

  INPUT ---    design matrix constraints=4 covariates=8;
  INPUT ---        1 effort1 0 0 0 0 0 0;
  INPUT ---        1 effort2 0 0 0 0 0 0;
  INPUT ---        1 effort3 0 0 0 0 0 0;
  INPUT ---        0 0 1 pctex21 pctpool pctrock BRT_100m pctBrBnk;
  INPUT ---       blabel(1)=p:(Intercept);
  INPUT ---       blabel(2)=p:effort;
  INPUT ---       blabel(3)=Psi:(Intercept);
  INPUT ---       blabel(4)=Psi:pctex21;
  INPUT ---       blabel(5)=Psi:pctpool;
  INPUT ---       blabel(6)=Psi:pctrock;
  INPUT ---       blabel(7)=Psi:BRT_100m;
  INPUT ---       blabel(8)=Psi:pctBrBnk;
  INPUT ---       rlabel(1)=p g1 a0 t1;
  INPUT ---       rlabel(2)=p g1 a1 t2;
  INPUT ---       rlabel(3)=p g1 a2 t3;
  INPUT ---       rlabel(4)=Psi g1 a0 t1;

 Link Function Used is LOGIT        

 Variance Estimation Procedure Used is 2ndPart 
 -2logL(saturated) = 0.0000000     
 Effective Sample Size = 138

 Number of function evaluations was 25 for 8 parameters.
 Time for numerical optimization was 0.06 seconds.     
 -2logL { p(~effort)Psi(~pctex21 + pctpool + pctrock + BRT_100m + pctBrBnk) } = 140.08901     
 Penalty { p(~effort)Psi(~pctex21 + pctpool + pctrock + BRT_100m + pctBrBnk) } = 0.0000000     
 Gradient { p(~effort)Psi(~pctex21 + pctpool + pctrock + BRT_100m + pctBrBnk) }:
   0.000000     -0.2544800E-06   0.000000     -0.9640582E-07   0.000000    
   0.000000     -0.7983671E-06 -0.5388355E-06
 Maximum ABS(G) { p(~effort)Psi(~pctex21 + pctpool + pctrock + BRT_100m + pctBrBnk) } = 0.7983671E-06 

  Program  MARK  - Survival Rate Estimation with Capture-Recapture Data
   gfortran(dble) Vers. 9.0 Mar 2018    12-Dec-2019 15:59:39    Page  003
 - - - - - - - - - - - - - - - - - - - - - - - - - - - - - - - - - - - - - -
 
 S Vector { p(~effort)Psi(~pctex21 + pctpool + pctrock + BRT_100m + pctBrBnk) }:
   21.69657      8.238367     0.9816296     0.4576706     0.2327415    
  0.2268530     0.9778590E-01 0.1809917E-01
 Time to compute number of parameters was 0.02 seconds.     
 Ratio Threshold = 50.000000       Max Gap (2/3) = 8.3925419       Next Max Gap (7/8) = 5.4027829     
 Gap Method for Num. of Estimated Parameters { p(~effort)Psi(~pctex21 + pctpool + pctrock + BRT_100m + pctBrBnk) } = 8          
 Threshold { p(~effort)Psi(~pctex21 + pctpool + pctrock + BRT_100m + pctBrBnk) } = 0.1596734E-05                 
 Numerical Threshold Method for Num. of Estimated Parameters { p(~effort)Psi(~pctex21 + pctpool + pctrock + BRT_100m + pctBrBnk) } = 8          
 Number of Estimated Parameters { p(~effort)Psi(~pctex21 + pctpool + pctrock + BRT_100m + pctBrBnk) } = 8          
 DEVIANCE { p(~effort)Psi(~pctex21 + pctpool + pctrock + BRT_100m + pctBrBnk) } = 140.08901                     
 DEVIANCE Degrees of Freedom { p(~effort)Psi(~pctex21 + pctpool + pctrock + BRT_100m + pctBrBnk) } = 130            
 c-hat { p(~effort)Psi(~pctex21 + pctpool + pctrock + BRT_100m + pctBrBnk) } = 1.0776078                     
 AIC { p(~effort)Psi(~pctex21 + pctpool + pctrock + BRT_100m + pctBrBnk) } = 156.08901                  
 AICc { p(~effort)Psi(~pctex21 + pctpool + pctrock + BRT_100m + pctBrBnk) } = 157.20529                    
 BIC { p(~effort)Psi(~pctex21 + pctpool + pctrock + BRT_100m + pctBrBnk) } = 179.50704                    
 Pearson Chisquare { p(~effort)Psi(~pctex21 + pctpool + pctrock + BRT_100m + pctBrBnk) } = 781.83442                  


 LOGIT Link Function Parameters of { p(~effort)Psi(~pctex21 + pctpool + pctrock + BRT_100m + pctBrBnk) }
                                                              95% Confidence Interval
 Parameter                    Beta         Standard Error      Lower           Upper
 -------------------------  --------------  --------------  --------------  --------------
    1:p:(Intercept)         -0.4088028       0.6748410      -1.7314912       0.9138856    
    2:p:effort               0.0016287       0.7873384E-03   0.8547350E-04   0.0031718    
    3:Psi:(Intercept)       -2.0811460       1.3092608      -4.6472973       0.4850053    
    4:Psi:pctex21           -0.6065712       0.2397997      -1.0765787      -0.1365637    
    5:Psi:pctpool            0.0227480       0.0164259      -0.0094467       0.0549427    
    6:Psi:pctrock            0.0152660       0.0140562      -0.0122841       0.0428160    
    7:Psi:BRT_100m           0.0144478       0.0166838      -0.0182523       0.0471480    
    8:Psi:pctBrBnk          -0.8020297       0.6422523      -2.0608443       0.4567849    


 Real Function Parameters of { p(~effort)Psi(~pctex21 + pctpool + pctrock + BRT_100m + pctBrBnk) }

      Following estimates based on unstandardized individual covariate values:
          Variable   Value         
          ---------  ------------- 
          EFFORT1     906.23188    
          EFFORT2     834.18841    
          EFFORT3     818.18116    
          PCTEX21     4.8306834    
          PCTPOOL     25.664251    
          PCTROCK     68.678238    
          BRT_100M    6.7817616    
          PCTBRBNK    0.8740586    
                                                               95% Confidence Interval
  Parameter                  Estimate       Standard Error      Lower           Upper
 --------------------------  --------------  --------------  --------------  --------------
     1:p g1 a0 t1             0.7440522       0.0721067       0.5805455       0.8592727                          
     2:p g1 a1 t2             0.7210757       0.0727721       0.5598685       0.8401009                          
     3:p g1 a2 t3             0.7158022       0.0730718       0.5547055       0.8358633                          
     4:Psi g1 a0 t1           0.0183053       0.0186268       0.0024391       0.1245015                          


                      Estimates of Derived Parameters
 Occupancy Estimates of { p(~effort)Psi(~pctex21 + pctpool + pctrock + BRT_100m + pctBrBnk) }
                                            95% Confidence Interval
 Group   Psi-hat         Standard Error      Lower           Upper
 -----   --------------  --------------  --------------  --------------

  Program  MARK  - Survival Rate Estimation with Capture-Recapture Data
   gfortran(dble) Vers. 9.0 Mar 2018    12-Dec-2019 15:59:39    Page  004
 - - - - - - - - - - - - - - - - - - - - - - - - - - - - - - - - - - - - - -
 
   1      0.0183053       0.0186268       0.0024391       0.1245015    

   CPU Time for the last procedure was 0.08 seconds.     


  INPUT --- proc stop;

     CPU Time in minutes for this job was 0.00

     Time Start = 15:59:39.678   Time End = 15:59:39.816

     Wall Clock Time in minutes for this job was 0.00


          E X E C U T I O N   S U C C E S S F U L 
