
   Program  MARK  - Survival Rate Estimation with Capture-Recapture Data
   gfortran(dble) Vers. 9.0 Mar 2018    12-Dec-2019 16:40:07    Page  001
 - - - - - - - - - - - - - - - - - - - - - - - - - - - - - - - - - - - - - -
 
   This version was compiled by GCC version 7.2.0 using the options: 
     -cpp -iprefix C:/Program Files/mingw-w64/x86_64-7.2.0-posix-seh-rt_v5-rev1/
     mingw64/bin/../lib/gcc/x86_64-w64-mingw32/7.2.0/ -D_MT -D_REENTRANT
     -U_REENTRANT -D IEEE -D DBLEPRECISION -m64 -mtune=core2 -march=nocona -mthreads
     -O2 -fimplicit-none -fbounds-check -funroll-loops -ftree-vectorize
     -ffpe-summary=invalid,zero,overflow,underflow -fno-unsafe-math-optimizations
     -frounding-math -fsignaling-nans -fopenmp.

   This problem will use 2 of 8 possible threads.


  INPUT --- proc title ;

   CPU Time for the last procedure was 0.01 seconds.     


  INPUT --- proc chmatrix occasions= 1 groups= 4 etype= Known Nodes= 
  INPUT --- 101 icovar = 1 ICMeans  NoHist hist= 98 ;

  INPUT ---    time interval 1 ;

  INPUT ---     icovariates length ;

  INPUT ---    glabel(1)=areacontrol.sexfemale;

  INPUT ---    glabel(2)=areatreatment.sexfemale;

  INPUT ---    glabel(3)=areacontrol.sexmale;

  INPUT ---    glabel(4)=areatreatment.sexmale;

      Number of unique encounter histories read was 98.

      Number of individual covariates read was 1.
      Time interval lengths are all equal to 1.

      Data type number is 4
      Data type is Known Fate                                                                                          

   CPU Time for the last procedure was 0.02 seconds.     

  Program  MARK  - Survival Rate Estimation with Capture-Recapture Data
   gfortran(dble) Vers. 9.0 Mar 2018    12-Dec-2019 16:40:07    Page  002
 - - - - - - - - - - - - - - - - - - - - - - - - - - - - - - - - - - - - - -
 


  INPUT --- proc estimate link=Logit NOLOOP varest=2ndPart    ;


  INPUT --- model={ S(~sex * length) };

  INPUT ---    group=1 S    rows=1 cols=1 Square ;
  INPUT ---        1 ;

  INPUT ---    group=2 S    rows=1 cols=1 Square ;
  INPUT ---        1 ;

  INPUT ---    group=3 S    rows=1 cols=1 Square ;
  INPUT ---        2 ;

  INPUT ---    group=4 S    rows=1 cols=1 Square ;
  INPUT ---        2 ;

  INPUT ---    design matrix constraints=2 covariates=4;
  INPUT ---        1 0 length 0;
  INPUT ---        1 1 length length;
  INPUT ---       blabel(1)=S:(Intercept);
  INPUT ---       blabel(2)=S:sexmale;
  INPUT ---       blabel(3)=S:length;
  INPUT ---       blabel(4)=S:sexmale:length;
  INPUT ---       rlabel(1)=S gcontrolfemale a1 t2;
  INPUT ---       rlabel(2)=S gcontrolmale a1 t2;

 Link Function Used is LOGIT        

 Variance Estimation Procedure Used is 2ndPart 
 -2logL(saturated) = 0.0000000     
 Effective Sample Size = 114

 Number of function evaluations was 27 for 4 parameters.
 Time for numerical optimization was 0.01 seconds.     
 -2logL { S(~sex * length) } = 140.16579     
 Penalty { S(~sex * length) } = 0.0000000     
 Gradient { S(~sex * length) }:
  0.5627791E-06  0.4106323E-06  0.5826675E-06  0.4450780E-06
 Maximum ABS(G) { S(~sex * length) } = 0.5826675E-06 
 S Vector { S(~sex * length) }:
   58.61254      8.433758     0.2294508E-01 0.2671179E-02
 Time to compute number of parameters was 0.02 seconds.     
 Ratio Threshold = 50.000000       Max Gap (2/3) = 367.56276       Next Max Gap (3/4) = 8.5898721     
 Gap Method for Num. of Estimated Parameters { S(~sex * length) } = 2          
 Threshold { S(~sex * length) } = 0.1165335E-05                 
 Numerical Threshold Method for Num. of Estimated Parameters { S(~sex * length) } = 4          
 Number of Estimated Parameters { S(~sex * length) } = 4          

   * *  WARNING  * *   Number of parameters estimated from gap method (=2) and threshold method (=4) differ.  Inspect full output.                                                                                                                                                                                                                                                                                                                                                                                                                      

  Program  MARK  - Survival Rate Estimation with Capture-Recapture Data
   gfortran(dble) Vers. 9.0 Mar 2018    12-Dec-2019 16:40:07    Page  003
 - - - - - - - - - - - - - - - - - - - - - - - - - - - - - - - - - - - - - -
 
 Ratios of S Vector { S(~sex * length) }:
   1/2    6.949753       2/3    367.5628       3/4    8.589872    
 DEVIANCE { S(~sex * length) } = 140.16579                     
 DEVIANCE Degrees of Freedom { S(~sex * length) } = 110            
 c-hat { S(~sex * length) } = 1.2742345                     
 AIC { S(~sex * length) } = 148.16579                  
 AICc { S(~sex * length) } = 148.53276                    
 BIC { S(~sex * length) } = 159.11059                    
 Pearson Chisquare { S(~sex * length) } = 220.16618                  


                     LOGIT Link Function Parameters of { S(~sex * length) }
                                                              95% Confidence Interval
 Parameter                    Beta         Standard Error      Lower           Upper
 -------------------------  --------------  --------------  --------------  --------------
    1:S:(Intercept)         -22.724125       8.4130953      -39.213792      -6.2344576    
    2:S:sexmale              17.579626       10.877029      -3.7393503       38.898603    
    3:S:length               0.1858879       0.0686154       0.0514017       0.3203742    
    4:S:sexmale:length      -0.1507537       0.0881148      -0.3234588       0.0219514    


                     Real Function Parameters of { S(~sex * length) }

      Following estimates based on unstandardized individual covariate values:
          Variable   Value         
          ---------  ------------- 
          LENGTH      123.30702    
                                                               95% Confidence Interval
  Parameter                  Estimate       Standard Error      Lower           Upper
 --------------------------  --------------  --------------  --------------  --------------
     1:S gcontrolfemale a1    0.5491317       0.0725283       0.4068499       0.6838084                          
     2:S gcontrolmale a1 t2   0.3074218       0.0627607       0.1994156       0.4416544                          


                     Estimates of Derived Parameters

               Survival Estimates of { S(~sex * length) }

       Pr. Surviving
        Duration of                   95% Confidence Interval
 Group     Study      Standard Error     Lower          Upper     
 ----- -------------- -------------- -------------- --------------
   1    0.5491317      0.0725264      0.4068536      0.6838051    
   2    0.5491317      0.0725264      0.4068536      0.6838051    
   3    0.3074218      0.0627604      0.1994159      0.4416539    
   4    0.3074218      0.0627604      0.1994159      0.4416539    

 Attempted ordering of parameters by estimatibility:
  1 2 3 4
 Beta number 4 is a singular value.

   CPU Time for the last procedure was 0.02 seconds.     

  Program  MARK  - Survival Rate Estimation with Capture-Recapture Data
   gfortran(dble) Vers. 9.0 Mar 2018    12-Dec-2019 16:40:07    Page  004
 - - - - - - - - - - - - - - - - - - - - - - - - - - - - - - - - - - - - - -
 


  INPUT --- proc stop;

     CPU Time in minutes for this job was 0.00

     Time Start = 16:40:07.158   Time End = 16:40:07.259

     Wall Clock Time in minutes for this job was 0.00


          E X E C U T I O N   S U C C E S S F U L 
