
   Program  MARK  - Survival Rate Estimation with Capture-Recapture Data
   gfortran(dble) Vers. 9.0 Mar 2018    13-Dec-2019 09:53:07    Page  001
 - - - - - - - - - - - - - - - - - - - - - - - - - - - - - - - - - - - - - -
 
   This version was compiled by GCC version 7.2.0 using the options: 
     -cpp -iprefix C:/Program Files/mingw-w64/x86_64-7.2.0-posix-seh-rt_v5-rev1/
     mingw64/bin/../lib/gcc/x86_64-w64-mingw32/7.2.0/ -D_MT -D_REENTRANT
     -U_REENTRANT -D IEEE -D DBLEPRECISION -m64 -mtune=core2 -march=nocona -mthreads
     -O2 -fimplicit-none -fbounds-check -funroll-loops -ftree-vectorize
     -ffpe-summary=invalid,zero,overflow,underflow -fno-unsafe-math-optimizations
     -frounding-math -fsignaling-nans -fopenmp.

   This problem will use 7 of 8 possible threads.


  INPUT --- proc title ;

   CPU Time for the last procedure was 0.01 seconds.     


  INPUT --- proc chmatrix occasions= 3 groups= 1 etype= Occupancy 
  INPUT --- Nodes= 101 icovar = 5 ICMeans  NoHist hist= 138 ;

  INPUT ---    time interval 1 1 1 ;

  INPUT ---     icovariates effort1 effort2 effort3 pctrock pctShade ;

  INPUT ---    glabel(1)=freq1;

      Number of unique encounter histories read was 138.

      Number of individual covariates read was 5.
      Time interval lengths are all equal to 1.

      Data type number is 27
      Data type is Occupancy Estimation with Detection < 1                                                             

   CPU Time for the last procedure was 0.02 seconds.     

  Program  MARK  - Survival Rate Estimation with Capture-Recapture Data
   gfortran(dble) Vers. 9.0 Mar 2018    13-Dec-2019 09:53:07    Page  002
 - - - - - - - - - - - - - - - - - - - - - - - - - - - - - - - - - - - - - -
 


  INPUT --- proc estimate link=Logit NOLOOP varest=2ndPart    ;


  INPUT --- model={ p(~effort)Psi(~pctrock + pctShade) };

  INPUT ---    group=1 p    rows=1 cols=3 Square ;
  INPUT ---        1 2 3 ;

  INPUT ---    group=1 Psi    rows=1 cols=1 Square ;
  INPUT ---        4 ;

  INPUT ---    design matrix constraints=4 covariates=5;
  INPUT ---        1 effort1 0 0 0;
  INPUT ---        1 effort2 0 0 0;
  INPUT ---        1 effort3 0 0 0;
  INPUT ---        0 0 1 pctrock pctShade;
  INPUT ---       blabel(1)=p:(Intercept);
  INPUT ---       blabel(2)=p:effort;
  INPUT ---       blabel(3)=Psi:(Intercept);
  INPUT ---       blabel(4)=Psi:pctrock;
  INPUT ---       blabel(5)=Psi:pctShade;
  INPUT ---       rlabel(1)=p g1 a0 t1;
  INPUT ---       rlabel(2)=p g1 a1 t2;
  INPUT ---       rlabel(3)=p g1 a2 t3;
  INPUT ---       rlabel(4)=Psi g1 a0 t1;

 Link Function Used is LOGIT        

 Variance Estimation Procedure Used is 2ndPart 
 -2logL(saturated) = 0.0000000     
 Effective Sample Size = 138

 Number of function evaluations was 18 for 5 parameters.
 Time for numerical optimization was 0.02 seconds.     
 -2logL { p(~effort)Psi(~pctrock + pctShade) } = 168.37972     
 Penalty { p(~effort)Psi(~pctrock + pctShade) } = 0.0000000     
 Gradient { p(~effort)Psi(~pctrock + pctShade) }:
 -0.1409038E-05   0.000000       0.000000       0.000000       0.000000    
 Maximum ABS(G) { p(~effort)Psi(~pctrock + pctShade) } = 0.1409038E-05 
 S Vector { p(~effort)Psi(~pctrock + pctShade) }:
   29.54180      8.476213      1.237033     0.4944031     0.1020318    
 Time to compute number of parameters was 0.06 seconds.     
 Ratio Threshold = 50.000000       Max Gap (2/3) = 6.8520536       Next Max Gap (4/5) = 4.8455802     
 Gap Method for Num. of Estimated Parameters { p(~effort)Psi(~pctrock + pctShade) } = 5          
 Threshold { p(~effort)Psi(~pctrock + pctShade) } = 0.2818077E-05                 
 Numerical Threshold Method for Num. of Estimated Parameters { p(~effort)Psi(~pctrock + pctShade) } = 5          
 Number of Estimated Parameters { p(~effort)Psi(~pctrock + pctShade) } = 5          
 DEVIANCE { p(~effort)Psi(~pctrock + pctShade) } = 168.37972                     
 DEVIANCE Degrees of Freedom { p(~effort)Psi(~pctrock + pctShade) } = 133            
 c-hat { p(~effort)Psi(~pctrock + pctShade) } = 1.2660129                     
 AIC { p(~effort)Psi(~pctrock + pctShade) } = 178.37972                  
 AICc { p(~effort)Psi(~pctrock + pctShade) } = 178.83427                    
 BIC { p(~effort)Psi(~pctrock + pctShade) } = 193.01599                    
 Pearson Chisquare { p(~effort)Psi(~pctrock + pctShade) } = 923.34671                  

  Program  MARK  - Survival Rate Estimation with Capture-Recapture Data
   gfortran(dble) Vers. 9.0 Mar 2018    13-Dec-2019 09:53:07    Page  003
 - - - - - - - - - - - - - - - - - - - - - - - - - - - - - - - - - - - - - -
 


            LOGIT Link Function Parameters of { p(~effort)Psi(~pctrock + pctShade) }
                                                              95% Confidence Interval
 Parameter                    Beta         Standard Error      Lower           Upper
 -------------------------  --------------  --------------  --------------  --------------
    1:p:(Intercept)         -0.3536527       0.6533333      -1.6341860       0.9268806    
    2:p:effort               0.0015770       0.7724455E-03   0.6301513E-04   0.0030910    
    3:Psi:(Intercept)       -2.5484853       0.8920091      -4.2968231      -0.8001474    
    4:Psi:pctrock            0.0099422       0.0117531      -0.0130939       0.0329783    
    5:Psi:pctShade           0.0012977       0.0083586      -0.0150851       0.0176805    


            Real Function Parameters of { p(~effort)Psi(~pctrock + pctShade) }

      Following estimates based on unstandardized individual covariate values:
          Variable   Value         
          ---------  ------------- 
          EFFORT1     906.23188    
          EFFORT2     834.18841    
          EFFORT3     818.18116    
          PCTROCK     68.678238    
          PCTSHADE    48.614931    
                                                               95% Confidence Interval
  Parameter                  Estimate       Standard Error      Lower           Upper
 --------------------------  --------------  --------------  --------------  --------------
     1:p g1 a0 t1             0.7456381       0.0716581       0.5829646       0.8600866                          
     2:p g1 a1 t2             0.7234959       0.0719829       0.5638032       0.8411924                          
     3:p g1 a2 t3             0.7184176       0.0721954       0.5590071       0.8370060                          
     4:Psi g1 a0 t1           0.1415371       0.0312761       0.0905366       0.2144911                          


                      Estimates of Derived Parameters
      Occupancy Estimates of { p(~effort)Psi(~pctrock + pctShade) }
                                            95% Confidence Interval
 Group   Psi-hat         Standard Error      Lower           Upper
 -----   --------------  --------------  --------------  --------------
   1      0.1415371       0.0312761       0.0905366       0.2144911    

   CPU Time for the last procedure was 0.08 seconds.     

  Program  MARK  - Survival Rate Estimation with Capture-Recapture Data
   gfortran(dble) Vers. 9.0 Mar 2018    13-Dec-2019 09:53:07    Page  004
 - - - - - - - - - - - - - - - - - - - - - - - - - - - - - - - - - - - - - -
 


  INPUT --- proc stop;

     CPU Time in minutes for this job was 0.00

     Time Start = 09:53:07.616   Time End = 09:53:07.721

     Wall Clock Time in minutes for this job was 0.00


          E X E C U T I O N   S U C C E S S F U L 
