
   Program  MARK  - Survival Rate Estimation with Capture-Recapture Data
   gfortran(dble) Vers. 9.0 Mar 2018    11-Dec-2019 13:41:57    Page  001
 - - - - - - - - - - - - - - - - - - - - - - - - - - - - - - - - - - - - - -
 
   This version was compiled by GCC version 7.2.0 using the options: 
     -cpp -iprefix C:/Program Files/mingw-w64/x86_64-7.2.0-posix-seh-rt_v5-rev1/
     mingw64/bin/../lib/gcc/x86_64-w64-mingw32/7.2.0/ -D_MT -D_REENTRANT
     -U_REENTRANT -D IEEE -D DBLEPRECISION -m64 -mtune=core2 -march=nocona -mthreads
     -O2 -fimplicit-none -fbounds-check -funroll-loops -ftree-vectorize
     -ffpe-summary=invalid,zero,overflow,underflow -fno-unsafe-math-optimizations
     -frounding-math -fsignaling-nans -fopenmp.

   This problem will use 7 of 8 possible threads.


  INPUT --- proc title ;

   CPU Time for the last procedure was 0.01 seconds.     


  INPUT --- proc chmatrix occasions= 3 groups= 1 etype= Occupancy 
  INPUT --- Nodes= 101 icovar = 3 ICMeans  NoHist hist= 137 ;

  INPUT ---    time interval 1 1 1 ;

  INPUT ---     icovariates pctrock BRT_100m pctBrBnk ;

  INPUT ---    glabel(1)=freq1;

      Number of unique encounter histories read was 137.

      Number of individual covariates read was 3.
      Time interval lengths are all equal to 1.

      Data type number is 27
      Data type is Occupancy Estimation with Detection < 1                                                             

   CPU Time for the last procedure was 0.01 seconds.     

  Program  MARK  - Survival Rate Estimation with Capture-Recapture Data
   gfortran(dble) Vers. 9.0 Mar 2018    11-Dec-2019 13:41:57    Page  002
 - - - - - - - - - - - - - - - - - - - - - - - - - - - - - - - - - - - - - -
 


  INPUT --- proc estimate link=Logit NOLOOP varest=2ndPart    ;


  INPUT --- model={ p(~1)Psi(~pctrock + BRT_100m + pctBrBnk) };

  INPUT ---    group=1 p    rows=1 cols=3 Square ;
  INPUT ---        1 1 1 ;

  INPUT ---    group=1 Psi    rows=1 cols=1 Square ;
  INPUT ---        2 ;

  INPUT ---    design matrix constraints=2 covariates=5;
  INPUT ---        1 0 0 0 0;
  INPUT ---        0 1 pctrock BRT_100m pctBrBnk;
  INPUT ---       blabel(1)=p:(Intercept);
  INPUT ---       blabel(2)=Psi:(Intercept);
  INPUT ---       blabel(3)=Psi:pctrock;
  INPUT ---       blabel(4)=Psi:BRT_100m;
  INPUT ---       blabel(5)=Psi:pctBrBnk;
  INPUT ---       rlabel(1)=p g1 a0 t1;
  INPUT ---       rlabel(2)=Psi g1 a0 t1;

 Link Function Used is LOGIT        

 Variance Estimation Procedure Used is 2ndPart 
 -2logL(saturated) = 0.0000000     
 Effective Sample Size = 138

 Number of function evaluations was 17 for 5 parameters.
 Time for numerical optimization was 0.02 seconds.     
 -2logL { p(~1)Psi(~pctrock + BRT_100m + pctBrBnk) } = 165.20841     
 Penalty { p(~1)Psi(~pctrock + BRT_100m + pctBrBnk) } = 0.0000000     
 Gradient { p(~1)Psi(~pctrock + BRT_100m + pctBrBnk) }:
 -0.9842209E-06  0.9006000E-06  0.1662115E-05   0.000000      0.3986816E-06
 Maximum ABS(G) { p(~1)Psi(~pctrock + BRT_100m + pctBrBnk) } = 0.1662115E-05 
 S Vector { p(~1)Psi(~pctrock + BRT_100m + pctBrBnk) }:
   23.57885      9.503437     0.6080383     0.2902534     0.2338176    
 Time to compute number of parameters was 0.01 seconds.     
 Ratio Threshold = 50.000000       Max Gap (2/3) = 15.629668       Next Max Gap (1/2) = 2.4810871     
 Gap Method for Num. of Estimated Parameters { p(~1)Psi(~pctrock + BRT_100m + pctBrBnk) } = 5          
 Threshold { p(~1)Psi(~pctrock + BRT_100m + pctBrBnk) } = 0.3324230E-05                 
 Numerical Threshold Method for Num. of Estimated Parameters { p(~1)Psi(~pctrock + BRT_100m + pctBrBnk) } = 5          
 Number of Estimated Parameters { p(~1)Psi(~pctrock + BRT_100m + pctBrBnk) } = 5          
 DEVIANCE { p(~1)Psi(~pctrock + BRT_100m + pctBrBnk) } = 165.20841                     
 DEVIANCE Degrees of Freedom { p(~1)Psi(~pctrock + BRT_100m + pctBrBnk) } = 133            
 c-hat { p(~1)Psi(~pctrock + BRT_100m + pctBrBnk) } = 1.2421685                     
 AIC { p(~1)Psi(~pctrock + BRT_100m + pctBrBnk) } = 175.20841                  
 AICc { p(~1)Psi(~pctrock + BRT_100m + pctBrBnk) } = 175.66296                    
 BIC { p(~1)Psi(~pctrock + BRT_100m + pctBrBnk) } = 189.84468                    
 Pearson Chisquare { p(~1)Psi(~pctrock + BRT_100m + pctBrBnk) } = 1237.6174                  


         LOGIT Link Function Parameters of { p(~1)Psi(~pctrock + BRT_100m + pctBrBnk) }
                                                              95% Confidence Interval
 Parameter                    Beta         Standard Error      Lower           Upper
 -------------------------  --------------  --------------  --------------  --------------

  Program  MARK  - Survival Rate Estimation with Capture-Recapture Data
   gfortran(dble) Vers. 9.0 Mar 2018    11-Dec-2019 13:41:58    Page  003
 - - - - - - - - - - - - - - - - - - - - - - - - - - - - - - - - - - - - - -
 
    1:p:(Intercept)          0.9379274       0.3244519       0.3020016       1.5738532    
    2:Psi:(Intercept)       -1.1178643       0.9983680      -3.0746656       0.8389371    
    3:Psi:pctrock           -0.0014754       0.0119569      -0.0249110       0.0219601    
    4:Psi:BRT_100m           0.0316264       0.0185811      -0.0047925       0.0680454    
    5:Psi:pctBrBnk          -1.1949915       0.6148815      -2.4001592       0.0101763    


         Real Function Parameters of { p(~1)Psi(~pctrock + BRT_100m + pctBrBnk) }

      Following estimates based on unstandardized individual covariate values:
          Variable   Value         
          ---------  ------------- 
          PCTROCK     68.678238    
          BRT_100M    6.7817616    
          PCTBRBNK    0.8740586    
                                                               95% Confidence Interval
  Parameter                  Estimate       Standard Error      Lower           Upper
 --------------------------  --------------  --------------  --------------  --------------
     1:p g1 a0 t1             0.7186808       0.0655973       0.5749318       0.8283322                          
     2:Psi g1 a0 t1           0.1141328       0.0309288       0.0660646       0.1900579                          


                      Estimates of Derived Parameters
   Occupancy Estimates of { p(~1)Psi(~pctrock + BRT_100m + pctBrBnk) }
                                            95% Confidence Interval
 Group   Psi-hat         Standard Error      Lower           Upper
 -----   --------------  --------------  --------------  --------------
   1      0.1141328       0.0309288       0.0660646       0.1900579    

   CPU Time for the last procedure was 0.02 seconds.     

  Program  MARK  - Survival Rate Estimation with Capture-Recapture Data
   gfortran(dble) Vers. 9.0 Mar 2018    11-Dec-2019 13:41:58    Page  004
 - - - - - - - - - - - - - - - - - - - - - - - - - - - - - - - - - - - - - -
 


  INPUT --- proc stop;

     CPU Time in minutes for this job was 0.00

     Time Start = 13:41:57.628   Time End = 13:41:58.333

     Wall Clock Time in minutes for this job was 0.01


          E X E C U T I O N   S U C C E S S F U L 
