
   Program  MARK  - Survival Rate Estimation with Capture-Recapture Data
   gfortran(dble) Vers. 9.0 Mar 2018    12-Dec-2019 16:00:04    Page  001
 - - - - - - - - - - - - - - - - - - - - - - - - - - - - - - - - - - - - - -
 
   This version was compiled by GCC version 7.2.0 using the options: 
     -cpp -iprefix C:/Program Files/mingw-w64/x86_64-7.2.0-posix-seh-rt_v5-rev1/
     mingw64/bin/../lib/gcc/x86_64-w64-mingw32/7.2.0/ -D_MT -D_REENTRANT
     -U_REENTRANT -D IEEE -D DBLEPRECISION -m64 -mtune=core2 -march=nocona -mthreads
     -O2 -fimplicit-none -fbounds-check -funroll-loops -ftree-vectorize
     -ffpe-summary=invalid,zero,overflow,underflow -fno-unsafe-math-optimizations
     -frounding-math -fsignaling-nans -fopenmp.

   This problem will use 7 of 8 possible threads.


  INPUT --- proc title ;

   CPU Time for the last procedure was 0.01 seconds.     


  INPUT --- proc chmatrix occasions= 3 groups= 1 etype= Occupancy 
  INPUT --- Nodes= 101 icovar = 5 ICMeans  NoHist hist= 138 ;

  INPUT ---    time interval 1 1 1 ;

  INPUT ---     icovariates effort1 effort2 effort3 pctrock HAiFLS_for ;

  INPUT ---    glabel(1)=freq1;

      Number of unique encounter histories read was 138.

      Number of individual covariates read was 5.
      Time interval lengths are all equal to 1.

      Data type number is 27
      Data type is Occupancy Estimation with Detection < 1                                                             

   CPU Time for the last procedure was 0.01 seconds.     

  Program  MARK  - Survival Rate Estimation with Capture-Recapture Data
   gfortran(dble) Vers. 9.0 Mar 2018    12-Dec-2019 16:00:04    Page  002
 - - - - - - - - - - - - - - - - - - - - - - - - - - - - - - - - - - - - - -
 


  INPUT --- proc estimate link=Logit NOLOOP varest=2ndPart    ;


  INPUT --- model={ p(~effort)Psi(~pctrock + HAiFLS_for) };

  INPUT ---    group=1 p    rows=1 cols=3 Square ;
  INPUT ---        1 2 3 ;

  INPUT ---    group=1 Psi    rows=1 cols=1 Square ;
  INPUT ---        4 ;

  INPUT ---    design matrix constraints=4 covariates=5;
  INPUT ---        1 effort1 0 0 0;
  INPUT ---        1 effort2 0 0 0;
  INPUT ---        1 effort3 0 0 0;
  INPUT ---        0 0 1 pctrock HAiFLS_for;
  INPUT ---       blabel(1)=p:(Intercept);
  INPUT ---       blabel(2)=p:effort;
  INPUT ---       blabel(3)=Psi:(Intercept);
  INPUT ---       blabel(4)=Psi:pctrock;
  INPUT ---       blabel(5)=Psi:HAiFLS_for;
  INPUT ---       rlabel(1)=p g1 a0 t1;
  INPUT ---       rlabel(2)=p g1 a1 t2;
  INPUT ---       rlabel(3)=p g1 a2 t3;
  INPUT ---       rlabel(4)=Psi g1 a0 t1;

 Link Function Used is LOGIT        

 Variance Estimation Procedure Used is 2ndPart 
 -2logL(saturated) = 0.0000000     
 Effective Sample Size = 138

 Number of function evaluations was 16 for 5 parameters.
 Time for numerical optimization was 0.08 seconds.     
 -2logL { p(~effort)Psi(~pctrock + HAiFLS_for) } = 163.25619     
 Penalty { p(~effort)Psi(~pctrock + HAiFLS_for) } = 0.0000000     
 Gradient { p(~effort)Psi(~pctrock + HAiFLS_for) }:
 -0.2808095E-05 -0.5241857E-06 -0.9627191E-06 -0.3138430E-05   0.000000    
 Maximum ABS(G) { p(~effort)Psi(~pctrock + HAiFLS_for) } = 0.3138430E-05 
 S Vector { p(~effort)Psi(~pctrock + HAiFLS_for) }:
   26.12182      8.339645      1.378236     0.4714608     0.1031976    
 Time to compute number of parameters was 0.02 seconds.     
 Ratio Threshold = 50.000000       Max Gap (2/3) = 6.0509563       Next Max Gap (4/5) = 4.5685263     
 Gap Method for Num. of Estimated Parameters { p(~effort)Psi(~pctrock + HAiFLS_for) } = 5          
 Threshold { p(~effort)Psi(~pctrock + HAiFLS_for) } = 0.6276861E-05                 
 Numerical Threshold Method for Num. of Estimated Parameters { p(~effort)Psi(~pctrock + HAiFLS_for) } = 5          
 Number of Estimated Parameters { p(~effort)Psi(~pctrock + HAiFLS_for) } = 5          
 DEVIANCE { p(~effort)Psi(~pctrock + HAiFLS_for) } = 163.25619                     
 DEVIANCE Degrees of Freedom { p(~effort)Psi(~pctrock + HAiFLS_for) } = 133            
 c-hat { p(~effort)Psi(~pctrock + HAiFLS_for) } = 1.2274902                     
 AIC { p(~effort)Psi(~pctrock + HAiFLS_for) } = 173.25619                  
 AICc { p(~effort)Psi(~pctrock + HAiFLS_for) } = 173.71074                    
 BIC { p(~effort)Psi(~pctrock + HAiFLS_for) } = 187.89246                    
 Pearson Chisquare { p(~effort)Psi(~pctrock + HAiFLS_for) } = 912.97846                  

  Program  MARK  - Survival Rate Estimation with Capture-Recapture Data
   gfortran(dble) Vers. 9.0 Mar 2018    12-Dec-2019 16:00:04    Page  003
 - - - - - - - - - - - - - - - - - - - - - - - - - - - - - - - - - - - - - -
 


           LOGIT Link Function Parameters of { p(~effort)Psi(~pctrock + HAiFLS_for) }
                                                              95% Confidence Interval
 Parameter                    Beta         Standard Error      Lower           Upper
 -------------------------  --------------  --------------  --------------  --------------
    1:p:(Intercept)         -0.3584643       0.6525312      -1.6374254       0.9204968    
    2:p:effort               0.0015741       0.7680636E-03   0.6866189E-04   0.0030795    
    3:Psi:(Intercept)       -2.9624198       0.9262016      -4.7777751      -1.1470645    
    4:Psi:pctrock            0.0082322       0.0116615      -0.0146244       0.0310888    
    5:Psi:HAiFLS_for         0.0187611       0.0081903       0.0027081       0.0348140    


           Real Function Parameters of { p(~effort)Psi(~pctrock + HAiFLS_for) }

      Following estimates based on unstandardized individual covariate values:
          Variable   Value         
          ---------  ------------- 
          EFFORT1     906.23188    
          EFFORT2     834.18841    
          EFFORT3     818.18116    
          PCTROCK     68.678238    
          HAIFLS_FOR  26.272482    
                                                               95% Confidence Interval
  Parameter                  Estimate       Standard Error      Lower           Upper
 --------------------------  --------------  --------------  --------------  --------------
     1:p g1 a0 t1             0.7442173       0.0721960       0.5804563       0.8595265                          
     2:p g1 a1 t2             0.7220401       0.0725860       0.5611266       0.8407035                          
     3:p g1 a2 t3             0.7169550       0.0728116       0.5562998       0.8365332                          
     4:Psi g1 a0 t1           0.1296398       0.0313644       0.0795138       0.2043502                          


                      Estimates of Derived Parameters
     Occupancy Estimates of { p(~effort)Psi(~pctrock + HAiFLS_for) }
                                            95% Confidence Interval
 Group   Psi-hat         Standard Error      Lower           Upper
 -----   --------------  --------------  --------------  --------------
   1      0.1296398       0.0313644       0.0795138       0.2043502    

   CPU Time for the last procedure was 0.09 seconds.     

  Program  MARK  - Survival Rate Estimation with Capture-Recapture Data
   gfortran(dble) Vers. 9.0 Mar 2018    12-Dec-2019 16:00:04    Page  004
 - - - - - - - - - - - - - - - - - - - - - - - - - - - - - - - - - - - - - -
 


  INPUT --- proc stop;

     CPU Time in minutes for this job was 0.00

     Time Start = 16:00:04.086   Time End = 16:00:04.358

     Wall Clock Time in minutes for this job was 0.00


          E X E C U T I O N   S U C C E S S F U L 
