
   Program  MARK  - Survival Rate Estimation with Capture-Recapture Data
   gfortran(dble) Vers. 9.0 Mar 2018    12-Dec-2019 15:58:45    Page  001
 - - - - - - - - - - - - - - - - - - - - - - - - - - - - - - - - - - - - - -
 
   This version was compiled by GCC version 7.2.0 using the options: 
     -cpp -iprefix C:/Program Files/mingw-w64/x86_64-7.2.0-posix-seh-rt_v5-rev1/
     mingw64/bin/../lib/gcc/x86_64-w64-mingw32/7.2.0/ -D_MT -D_REENTRANT
     -U_REENTRANT -D IEEE -D DBLEPRECISION -m64 -mtune=core2 -march=nocona -mthreads
     -O2 -fimplicit-none -fbounds-check -funroll-loops -ftree-vectorize
     -ffpe-summary=invalid,zero,overflow,underflow -fno-unsafe-math-optimizations
     -frounding-math -fsignaling-nans -fopenmp.

   This problem will use 7 of 8 possible threads.


  INPUT --- proc title ;

   CPU Time for the last procedure was 0.01 seconds.     


  INPUT --- proc chmatrix occasions= 3 groups= 1 etype= Occupancy 
  INPUT --- Nodes= 101 icovar = 7 ICMeans  NoHist hist= 138 ;

  INPUT ---    time interval 1 1 1 ;

  INPUT ---     icovariates effort1 effort2 effort3 BRT_100m pctBrBnk  
  INPUT ---    pctShade HAiFLS_for ;

  INPUT ---    glabel(1)=freq1;

      Number of unique encounter histories read was 138.

      Number of individual covariates read was 7.
      Time interval lengths are all equal to 1.

      Data type number is 27
      Data type is Occupancy Estimation with Detection < 1                                                             

   CPU Time for the last procedure was 0.01 seconds.     

  Program  MARK  - Survival Rate Estimation with Capture-Recapture Data
   gfortran(dble) Vers. 9.0 Mar 2018    12-Dec-2019 15:58:45    Page  002
 - - - - - - - - - - - - - - - - - - - - - - - - - - - - - - - - - - - - - -
 


  INPUT --- proc estimate link=Logit NOLOOP varest=2ndPart    ;


  INPUT --- model={ p(~effort)Psi(~BRT_100m + pctBrBnk + pctShade + 
  INPUT --- HAiFLS_for) };

  INPUT ---    group=1 p    rows=1 cols=3 Square ;
  INPUT ---        1 2 3 ;

  INPUT ---    group=1 Psi    rows=1 cols=1 Square ;
  INPUT ---        4 ;

  INPUT ---    design matrix constraints=4 covariates=7;
  INPUT ---        1 effort1 0 0 0 0 0;
  INPUT ---        1 effort2 0 0 0 0 0;
  INPUT ---        1 effort3 0 0 0 0 0;
  INPUT ---        0 0 1 BRT_100m pctBrBnk pctShade HAiFLS_for;
  INPUT ---       blabel(1)=p:(Intercept);
  INPUT ---       blabel(2)=p:effort;
  INPUT ---       blabel(3)=Psi:(Intercept);
  INPUT ---       blabel(4)=Psi:BRT_100m;
  INPUT ---       blabel(5)=Psi:pctBrBnk;
  INPUT ---       blabel(6)=Psi:pctShade;
  INPUT ---       blabel(7)=Psi:HAiFLS_for;
  INPUT ---       rlabel(1)=p g1 a0 t1;
  INPUT ---       rlabel(2)=p g1 a1 t2;
  INPUT ---       rlabel(3)=p g1 a2 t3;
  INPUT ---       rlabel(4)=Psi g1 a0 t1;

 Link Function Used is LOGIT        

 Variance Estimation Procedure Used is 2ndPart 
 -2logL(saturated) = 0.0000000     
 Effective Sample Size = 138

 Number of function evaluations was 18 for 7 parameters.
 Time for numerical optimization was 0.01 seconds.     
 -2logL { p(~effort)Psi(~BRT_100m + pctBrBnk + pctShade + HAiFLS_for) } = 154.57016     
 Penalty { p(~effort)Psi(~BRT_100m + pctBrBnk + pctShade + HAiFLS_for) } = 0.0000000     
 Gradient { p(~effort)Psi(~BRT_100m + pctBrBnk + pctShade + HAiFLS_for) }:
  0.1424515E-05 -0.2644228E-06   0.000000      0.5237016E-06  0.4019597E-06
  0.1562499E-05  0.6505474E-06
 Maximum ABS(G) { p(~effort)Psi(~BRT_100m + pctBrBnk + pctShade + HAiFLS_for) } = 0.1562499E-05 

  Program  MARK  - Survival Rate Estimation with Capture-Recapture Data
   gfortran(dble) Vers. 9.0 Mar 2018    12-Dec-2019 15:58:45    Page  003
 - - - - - - - - - - - - - - - - - - - - - - - - - - - - - - - - - - - - - -
 
 S Vector { p(~effort)Psi(~BRT_100m + pctBrBnk + pctShade + HAiFLS_for) }:
   21.38715      8.410428      1.327563     0.7930698     0.4486882    
  0.2211257     0.1034657    
 Time to compute number of parameters was 0.01 seconds.     
 Ratio Threshold = 50.000000       Max Gap (2/3) = 6.3352367       Next Max Gap (1/2) = 2.5429329     
 Gap Method for Num. of Estimated Parameters { p(~effort)Psi(~BRT_100m + pctBrBnk + pctShade + HAiFLS_for) } = 7          
 Threshold { p(~effort)Psi(~BRT_100m + pctBrBnk + pctShade + HAiFLS_for) } = 0.3124999E-05                 
 Numerical Threshold Method for Num. of Estimated Parameters { p(~effort)Psi(~BRT_100m + pctBrBnk + pctShade + HAiFLS_for) } = 7          
 Number of Estimated Parameters { p(~effort)Psi(~BRT_100m + pctBrBnk + pctShade + HAiFLS_for) } = 7          
 DEVIANCE { p(~effort)Psi(~BRT_100m + pctBrBnk + pctShade + HAiFLS_for) } = 154.57016                     
 DEVIANCE Degrees of Freedom { p(~effort)Psi(~BRT_100m + pctBrBnk + pctShade + HAiFLS_for) } = 131            
 c-hat { p(~effort)Psi(~BRT_100m + pctBrBnk + pctShade + HAiFLS_for) } = 1.1799249                     
 AIC { p(~effort)Psi(~BRT_100m + pctBrBnk + pctShade + HAiFLS_for) } = 168.57016                  
 AICc { p(~effort)Psi(~BRT_100m + pctBrBnk + pctShade + HAiFLS_for) } = 169.43170                    
 BIC { p(~effort)Psi(~BRT_100m + pctBrBnk + pctShade + HAiFLS_for) } = 189.06093                    
 Pearson Chisquare { p(~effort)Psi(~BRT_100m + pctBrBnk + pctShade + HAiFLS_for) } = 736.33601                  


 LOGIT Link Function Parameters of { p(~effort)Psi(~BRT_100m + pctBrBnk + pctShade + HAiFLS_for) }
                                                              95% Confidence Interval
 Parameter                    Beta         Standard Error      Lower           Upper
 -------------------------  --------------  --------------  --------------  --------------
    1:p:(Intercept)         -0.3389457       0.6497568      -1.6124692       0.9345777    
    2:p:effort               0.0015580       0.7664359E-03   0.5577270E-04   0.0030602    
    3:Psi:(Intercept)       -1.6957386       0.6812116      -3.0309133      -0.3605639    
    4:Psi:BRT_100m           0.0274804       0.0159964      -0.0038726       0.0588334    
    5:Psi:pctBrBnk          -1.1826707       0.6459126      -2.4486594       0.0833181    
    6:Psi:pctShade          -0.0022204       0.0097001      -0.0212325       0.0167918    
    7:Psi:HAiFLS_for         0.0193421       0.0094380       0.8435462E-03   0.0378406    


 Real Function Parameters of { p(~effort)Psi(~BRT_100m + pctBrBnk + pctShade + HAiFLS_for) }

      Following estimates based on unstandardized individual covariate values:
          Variable   Value         
          ---------  ------------- 
          EFFORT1     906.23188    
          EFFORT2     834.18841    
          EFFORT3     818.18116    
          BRT_100M    6.7817616    
          PCTBRBNK    0.8740586    
          PCTSHADE    48.614931    
          HAIFLS_FOR  26.272482    
                                                               95% Confidence Interval
  Parameter                  Estimate       Standard Error      Lower           Upper
 --------------------------  --------------  --------------  --------------  --------------
     1:p g1 a0 t1             0.7451579       0.0718471       0.5820982       0.8599062                          
     2:p g1 a1 t2             0.7232637       0.0721735       0.5631485       0.8412379                          
     3:p g1 a2 t3             0.7182444       0.0723846       0.5584087       0.8371036                          
     4:Psi g1 a0 t1           0.1049989       0.0313809       0.0574658       0.1841666                          


                      Estimates of Derived Parameters
 Occupancy Estimates of { p(~effort)Psi(~BRT_100m + pctBrBnk + pctShade + HAiFLS_for) }
                                            95% Confidence Interval
 Group   Psi-hat         Standard Error      Lower           Upper
 -----   --------------  --------------  --------------  --------------
   1      0.1049989       0.0313809       0.0574658       0.1841666    

  Program  MARK  - Survival Rate Estimation with Capture-Recapture Data
   gfortran(dble) Vers. 9.0 Mar 2018    12-Dec-2019 15:58:45    Page  004
 - - - - - - - - - - - - - - - - - - - - - - - - - - - - - - - - - - - - - -
 

   CPU Time for the last procedure was 0.01 seconds.     


  INPUT --- proc stop;

     CPU Time in minutes for this job was 0.00

     Time Start = 15:58:45.603   Time End = 15:58:45.730

     Wall Clock Time in minutes for this job was 0.00


          E X E C U T I O N   S U C C E S S F U L 
