
   Program  MARK  - Survival Rate Estimation with Capture-Recapture Data
   gfortran(dble) Vers. 9.0 Mar 2018    11-Dec-2019 13:41:28    Page  001
 - - - - - - - - - - - - - - - - - - - - - - - - - - - - - - - - - - - - - -
 
   This version was compiled by GCC version 7.2.0 using the options: 
     -cpp -iprefix C:/Program Files/mingw-w64/x86_64-7.2.0-posix-seh-rt_v5-rev1/
     mingw64/bin/../lib/gcc/x86_64-w64-mingw32/7.2.0/ -D_MT -D_REENTRANT
     -U_REENTRANT -D IEEE -D DBLEPRECISION -m64 -mtune=core2 -march=nocona -mthreads
     -O2 -fimplicit-none -fbounds-check -funroll-loops -ftree-vectorize
     -ffpe-summary=invalid,zero,overflow,underflow -fno-unsafe-math-optimizations
     -frounding-math -fsignaling-nans -fopenmp.

   This problem will use 7 of 8 possible threads.


  INPUT --- proc title ;

   CPU Time for the last procedure was 0.01 seconds.     


  INPUT --- proc chmatrix occasions= 3 groups= 1 etype= Occupancy 
  INPUT --- Nodes= 101 icovar = 3 ICMeans  NoHist hist= 138 ;

  INPUT ---    time interval 1 1 1 ;

  INPUT ---     icovariates pctex21 pctpool pctShade ;

  INPUT ---    glabel(1)=freq1;

      Number of unique encounter histories read was 138.

      Number of individual covariates read was 3.
      Time interval lengths are all equal to 1.

      Data type number is 27
      Data type is Occupancy Estimation with Detection < 1                                                             

   CPU Time for the last procedure was 0.01 seconds.     

  Program  MARK  - Survival Rate Estimation with Capture-Recapture Data
   gfortran(dble) Vers. 9.0 Mar 2018    11-Dec-2019 13:41:28    Page  002
 - - - - - - - - - - - - - - - - - - - - - - - - - - - - - - - - - - - - - -
 


  INPUT --- proc estimate link=Logit NOLOOP varest=2ndPart    ;


  INPUT --- model={ p(~1)Psi(~pctex21 + pctpool + pctShade) };

  INPUT ---    group=1 p    rows=1 cols=3 Square ;
  INPUT ---        1 1 1 ;

  INPUT ---    group=1 Psi    rows=1 cols=1 Square ;
  INPUT ---        2 ;

  INPUT ---    design matrix constraints=2 covariates=5;
  INPUT ---        1 0 0 0 0;
  INPUT ---        0 1 pctex21 pctpool pctShade;
  INPUT ---       blabel(1)=p:(Intercept);
  INPUT ---       blabel(2)=Psi:(Intercept);
  INPUT ---       blabel(3)=Psi:pctex21;
  INPUT ---       blabel(4)=Psi:pctpool;
  INPUT ---       blabel(5)=Psi:pctShade;
  INPUT ---       rlabel(1)=p g1 a0 t1;
  INPUT ---       rlabel(2)=Psi g1 a0 t1;

 Link Function Used is LOGIT        

 Variance Estimation Procedure Used is 2ndPart 
 -2logL(saturated) = 0.0000000     
 Effective Sample Size = 138

 Number of function evaluations was 19 for 5 parameters.
 Time for numerical optimization was 0.09 seconds.     
 -2logL { p(~1)Psi(~pctex21 + pctpool + pctShade) } = 151.79886     
 Penalty { p(~1)Psi(~pctex21 + pctpool + pctShade) } = 0.0000000     
 Gradient { p(~1)Psi(~pctex21 + pctpool + pctShade) }:
 -0.9784183E-06   0.000000       0.000000      0.8909691E-06   0.000000    
 Maximum ABS(G) { p(~1)Psi(~pctex21 + pctpool + pctShade) } = 0.9784183E-06 
 S Vector { p(~1)Psi(~pctex21 + pctpool + pctShade) }:
   19.48973      9.666219      1.089802     0.7032401     0.1839269E-01
 Time to compute number of parameters was 0.01 seconds.     
 Ratio Threshold = 50.000000       Max Gap (4/5) = 38.234754       Next Max Gap (2/3) = 8.8697013     
 Gap Method for Num. of Estimated Parameters { p(~1)Psi(~pctex21 + pctpool + pctShade) } = 5          
 Threshold { p(~1)Psi(~pctex21 + pctpool + pctShade) } = 0.1956837E-05                 
 Numerical Threshold Method for Num. of Estimated Parameters { p(~1)Psi(~pctex21 + pctpool + pctShade) } = 5          
 Number of Estimated Parameters { p(~1)Psi(~pctex21 + pctpool + pctShade) } = 5          
 DEVIANCE { p(~1)Psi(~pctex21 + pctpool + pctShade) } = 151.79886                     
 DEVIANCE Degrees of Freedom { p(~1)Psi(~pctex21 + pctpool + pctShade) } = 133            
 c-hat { p(~1)Psi(~pctex21 + pctpool + pctShade) } = 1.1413448                     
 AIC { p(~1)Psi(~pctex21 + pctpool + pctShade) } = 161.79886                  
 AICc { p(~1)Psi(~pctex21 + pctpool + pctShade) } = 162.25340                    
 BIC { p(~1)Psi(~pctex21 + pctpool + pctShade) } = 176.43513                    
 Pearson Chisquare { p(~1)Psi(~pctex21 + pctpool + pctShade) } = 982.22973                  


         LOGIT Link Function Parameters of { p(~1)Psi(~pctex21 + pctpool + pctShade) }
                                                              95% Confidence Interval
 Parameter                    Beta         Standard Error      Lower           Upper
 -------------------------  --------------  --------------  --------------  --------------

  Program  MARK  - Survival Rate Estimation with Capture-Recapture Data
   gfortran(dble) Vers. 9.0 Mar 2018    11-Dec-2019 13:41:29    Page  003
 - - - - - - - - - - - - - - - - - - - - - - - - - - - - - - - - - - - - - -
 
    1:p:(Intercept)          0.9494204       0.3207221       0.3208051       1.5780357    
    2:Psi:(Intercept)       -1.4939828       0.6419161      -2.7521384      -0.2358272    
    3:Psi:pctex21           -0.6613530       0.2380163      -1.1278650      -0.1948411    
    4:Psi:pctpool            0.0144096       0.0140363      -0.0131015       0.0419207    
    5:Psi:pctShade           0.0062808       0.0088989      -0.0111611       0.0237227    


         Real Function Parameters of { p(~1)Psi(~pctex21 + pctpool + pctShade) }

      Following estimates based on unstandardized individual covariate values:
          Variable   Value         
          ---------  ------------- 
          PCTEX21     4.8306834    
          PCTPOOL     25.664251    
          PCTSHADE    48.614931    
                                                               95% Confidence Interval
  Parameter                  Estimate       Standard Error      Lower           Upper
 --------------------------  --------------  --------------  --------------  --------------
     1:p g1 a0 t1             0.7209986       0.0645163       0.5795205       0.8289261                          
     2:Psi g1 a0 t1           0.0177472       0.0181027       0.0023547       0.1215066                          


                      Estimates of Derived Parameters
    Occupancy Estimates of { p(~1)Psi(~pctex21 + pctpool + pctShade) }
                                            95% Confidence Interval
 Group   Psi-hat         Standard Error      Lower           Upper
 -----   --------------  --------------  --------------  --------------
   1      0.0177472       0.0181027       0.0023547       0.1215066    

   CPU Time for the last procedure was 0.11 seconds.     

  Program  MARK  - Survival Rate Estimation with Capture-Recapture Data
   gfortran(dble) Vers. 9.0 Mar 2018    11-Dec-2019 13:41:29    Page  004
 - - - - - - - - - - - - - - - - - - - - - - - - - - - - - - - - - - - - - -
 


  INPUT --- proc stop;

     CPU Time in minutes for this job was 0.00

     Time Start = 13:41:28.380   Time End = 13:41:29.049

     Wall Clock Time in minutes for this job was 0.01


          E X E C U T I O N   S U C C E S S F U L 
