
   Program  MARK  - Survival Rate Estimation with Capture-Recapture Data
   gfortran(dble) Vers. 9.0 Mar 2018    13-Dec-2019 09:52:45    Page  001
 - - - - - - - - - - - - - - - - - - - - - - - - - - - - - - - - - - - - - -
 
   This version was compiled by GCC version 7.2.0 using the options: 
     -cpp -iprefix C:/Program Files/mingw-w64/x86_64-7.2.0-posix-seh-rt_v5-rev1/
     mingw64/bin/../lib/gcc/x86_64-w64-mingw32/7.2.0/ -D_MT -D_REENTRANT
     -U_REENTRANT -D IEEE -D DBLEPRECISION -m64 -mtune=core2 -march=nocona -mthreads
     -O2 -fimplicit-none -fbounds-check -funroll-loops -ftree-vectorize
     -ffpe-summary=invalid,zero,overflow,underflow -fno-unsafe-math-optimizations
     -frounding-math -fsignaling-nans -fopenmp.

   This problem will use 7 of 8 possible threads.


  INPUT --- proc title ;

   CPU Time for the last procedure was 0.01 seconds.     


  INPUT --- proc chmatrix occasions= 3 groups= 1 etype= Occupancy 
  INPUT --- Nodes= 101 icovar = 3 ICMeans  NoHist hist= 138 ;

  INPUT ---    time interval 1 1 1 ;

  INPUT ---     icovariates pctex21 pctrock HAiFLS_for ;

  INPUT ---    glabel(1)=freq1;

      Number of unique encounter histories read was 138.

      Number of individual covariates read was 3.
      Time interval lengths are all equal to 1.

      Data type number is 27
      Data type is Occupancy Estimation with Detection < 1                                                             

   CPU Time for the last procedure was 0.01 seconds.     

  Program  MARK  - Survival Rate Estimation with Capture-Recapture Data
   gfortran(dble) Vers. 9.0 Mar 2018    13-Dec-2019 09:52:45    Page  002
 - - - - - - - - - - - - - - - - - - - - - - - - - - - - - - - - - - - - - -
 


  INPUT --- proc estimate link=Logit NOLOOP varest=2ndPart    ;


  INPUT --- model={ p(~1)Psi(~pctex21 + pctrock + HAiFLS_for) };

  INPUT ---    group=1 p    rows=1 cols=3 Square ;
  INPUT ---        1 1 1 ;

  INPUT ---    group=1 Psi    rows=1 cols=1 Square ;
  INPUT ---        2 ;

  INPUT ---    design matrix constraints=2 covariates=5;
  INPUT ---        1 0 0 0 0;
  INPUT ---        0 1 pctex21 pctrock HAiFLS_for;
  INPUT ---       blabel(1)=p:(Intercept);
  INPUT ---       blabel(2)=Psi:(Intercept);
  INPUT ---       blabel(3)=Psi:pctex21;
  INPUT ---       blabel(4)=Psi:pctrock;
  INPUT ---       blabel(5)=Psi:HAiFLS_for;
  INPUT ---       rlabel(1)=p g1 a0 t1;
  INPUT ---       rlabel(2)=Psi g1 a0 t1;

 Link Function Used is LOGIT        

 Variance Estimation Procedure Used is 2ndPart 
 -2logL(saturated) = 0.0000000     
 Effective Sample Size = 138

 Number of function evaluations was 18 for 5 parameters.
 Time for numerical optimization was 0.05 seconds.     
 -2logL { p(~1)Psi(~pctex21 + pctrock + HAiFLS_for) } = 147.23527     
 Penalty { p(~1)Psi(~pctex21 + pctrock + HAiFLS_for) } = 0.0000000     
 Gradient { p(~1)Psi(~pctex21 + pctrock + HAiFLS_for) }:
 -0.1956609E-05 -0.5968623E-06   0.000000      0.9064950E-06 -0.6197332E-06
 Maximum ABS(G) { p(~1)Psi(~pctex21 + pctrock + HAiFLS_for) } = 0.1956609E-05 
 S Vector { p(~1)Psi(~pctex21 + pctrock + HAiFLS_for) }:
   21.84232      9.679253      1.008720     0.4485462     0.1630005E-01
 Time to compute number of parameters was 0.01 seconds.     
 Ratio Threshold = 50.000000       Max Gap (4/5) = 27.518089       Next Max Gap (2/3) = 9.5955770     
 Gap Method for Num. of Estimated Parameters { p(~1)Psi(~pctex21 + pctrock + HAiFLS_for) } = 5          
 Threshold { p(~1)Psi(~pctex21 + pctrock + HAiFLS_for) } = 0.3913218E-05                 
 Numerical Threshold Method for Num. of Estimated Parameters { p(~1)Psi(~pctex21 + pctrock + HAiFLS_for) } = 5          
 Number of Estimated Parameters { p(~1)Psi(~pctex21 + pctrock + HAiFLS_for) } = 5          
 DEVIANCE { p(~1)Psi(~pctex21 + pctrock + HAiFLS_for) } = 147.23527                     
 DEVIANCE Degrees of Freedom { p(~1)Psi(~pctex21 + pctrock + HAiFLS_for) } = 133            
 c-hat { p(~1)Psi(~pctex21 + pctrock + HAiFLS_for) } = 1.1070321                     
 AIC { p(~1)Psi(~pctex21 + pctrock + HAiFLS_for) } = 157.23527                  
 AICc { p(~1)Psi(~pctex21 + pctrock + HAiFLS_for) } = 157.68981                    
 BIC { p(~1)Psi(~pctex21 + pctrock + HAiFLS_for) } = 171.87154                    
 Pearson Chisquare { p(~1)Psi(~pctex21 + pctrock + HAiFLS_for) } = 753.54874                  


        LOGIT Link Function Parameters of { p(~1)Psi(~pctex21 + pctrock + HAiFLS_for) }
                                                              95% Confidence Interval
 Parameter                    Beta         Standard Error      Lower           Upper
 -------------------------  --------------  --------------  --------------  --------------

  Program  MARK  - Survival Rate Estimation with Capture-Recapture Data
   gfortran(dble) Vers. 9.0 Mar 2018    13-Dec-2019 09:52:45    Page  003
 - - - - - - - - - - - - - - - - - - - - - - - - - - - - - - - - - - - - - -
 
    1:p:(Intercept)          0.9496474       0.3206706       0.3211331       1.5781618    
    2:Psi:(Intercept)       -2.1956257       0.9460059      -4.0497973      -0.3414541    
    3:Psi:pctex21           -0.7357540       0.2527395      -1.2311234      -0.2403846    
    4:Psi:pctrock            0.0110409       0.0121217      -0.0127175       0.0347994    
    5:Psi:HAiFLS_for         0.0208016       0.0099671       0.0012662       0.0403371    


        Real Function Parameters of { p(~1)Psi(~pctex21 + pctrock + HAiFLS_for) }

      Following estimates based on unstandardized individual covariate values:
          Variable   Value         
          ---------  ------------- 
          PCTEX21     4.8306834    
          PCTROCK     68.678238    
          HAIFLS_FOR  26.272482    
                                                               95% Confidence Interval
  Parameter                  Estimate       Standard Error      Lower           Upper
 --------------------------  --------------  --------------  --------------  --------------
     1:p g1 a0 t1             0.7210443       0.0644995       0.5796004       0.8289440                          
     2:Psi g1 a0 t1           0.0116005       0.0129199       0.0012877       0.0965203                          


                      Estimates of Derived Parameters
   Occupancy Estimates of { p(~1)Psi(~pctex21 + pctrock + HAiFLS_for) }
                                            95% Confidence Interval
 Group   Psi-hat         Standard Error      Lower           Upper
 -----   --------------  --------------  --------------  --------------
   1      0.0116005       0.0129199       0.0012877       0.0965203    

   CPU Time for the last procedure was 0.05 seconds.     

  Program  MARK  - Survival Rate Estimation with Capture-Recapture Data
   gfortran(dble) Vers. 9.0 Mar 2018    13-Dec-2019 09:52:45    Page  004
 - - - - - - - - - - - - - - - - - - - - - - - - - - - - - - - - - - - - - -
 


  INPUT --- proc stop;

     CPU Time in minutes for this job was 0.00

     Time Start = 09:52:45.185   Time End = 09:52:45.388

     Wall Clock Time in minutes for this job was 0.00


          E X E C U T I O N   S U C C E S S F U L 
