
   Program  MARK  - Survival Rate Estimation with Capture-Recapture Data
   gfortran(dble) Vers. 9.0 Mar 2018    11-Dec-2019 13:38:48    Page  001
 - - - - - - - - - - - - - - - - - - - - - - - - - - - - - - - - - - - - - -
 
   This version was compiled by GCC version 7.2.0 using the options: 
     -cpp -iprefix C:/Program Files/mingw-w64/x86_64-7.2.0-posix-seh-rt_v5-rev1/
     mingw64/bin/../lib/gcc/x86_64-w64-mingw32/7.2.0/ -D_MT -D_REENTRANT
     -U_REENTRANT -D IEEE -D DBLEPRECISION -m64 -mtune=core2 -march=nocona -mthreads
     -O2 -fimplicit-none -fbounds-check -funroll-loops -ftree-vectorize
     -ffpe-summary=invalid,zero,overflow,underflow -fno-unsafe-math-optimizations
     -frounding-math -fsignaling-nans -fopenmp.

   This problem will use 7 of 8 possible threads.


  INPUT --- proc title ;

   CPU Time for the last procedure was 0.01 seconds.     


  INPUT --- proc chmatrix occasions= 3 groups= 1 etype= Occupancy 
  INPUT --- Nodes= 101 icovar = 8 ICMeans  NoHist hist= 138 ;

  INPUT ---    time interval 1 1 1 ;

  INPUT ---     icovariates effort1 effort2 effort3 pctex21 BRT_100m  
  INPUT ---    pctShade pctBrBnk HAiFLS_for ;

  INPUT ---    glabel(1)=freq1;

      Number of unique encounter histories read was 138.

      Number of individual covariates read was 8.
      Time interval lengths are all equal to 1.

      Data type number is 27
      Data type is Occupancy Estimation with Detection < 1                                                             

   CPU Time for the last procedure was 0.02 seconds.     

  Program  MARK  - Survival Rate Estimation with Capture-Recapture Data
   gfortran(dble) Vers. 9.0 Mar 2018    11-Dec-2019 13:38:48    Page  002
 - - - - - - - - - - - - - - - - - - - - - - - - - - - - - - - - - - - - - -
 


  INPUT --- proc estimate link=Logit NOLOOP varest=2ndPart    ;


  INPUT --- model={ p(~effort)Psi(~pctex21 + BRT_100m + pctShade + 
  INPUT --- pctBrBnk + HAiFLS_for) };

  INPUT ---    group=1 p    rows=1 cols=3 Square ;
  INPUT ---        1 2 3 ;

  INPUT ---    group=1 Psi    rows=1 cols=1 Square ;
  INPUT ---        4 ;

  INPUT ---    design matrix constraints=4 covariates=8;
  INPUT ---        1 effort1 0 0 0 0 0 0;
  INPUT ---        1 effort2 0 0 0 0 0 0;
  INPUT ---        1 effort3 0 0 0 0 0 0;
  INPUT ---        0 0 1 pctex21 BRT_100m pctShade pctBrBnk HAiFLS_for;
  INPUT ---       blabel(1)=p:(Intercept);
  INPUT ---       blabel(2)=p:effort;
  INPUT ---       blabel(3)=Psi:(Intercept);
  INPUT ---       blabel(4)=Psi:pctex21;
  INPUT ---       blabel(5)=Psi:BRT_100m;
  INPUT ---       blabel(6)=Psi:pctShade;
  INPUT ---       blabel(7)=Psi:pctBrBnk;
  INPUT ---       blabel(8)=Psi:HAiFLS_for;
  INPUT ---       rlabel(1)=p g1 a0 t1;
  INPUT ---       rlabel(2)=p g1 a1 t2;
  INPUT ---       rlabel(3)=p g1 a2 t3;
  INPUT ---       rlabel(4)=Psi g1 a0 t1;

 Link Function Used is LOGIT        

 Variance Estimation Procedure Used is 2ndPart 
 -2logL(saturated) = 0.0000000     
 Effective Sample Size = 138

 Number of function evaluations was 27 for 8 parameters.
 Time for numerical optimization was 0.06 seconds.     
 -2logL { p(~effort)Psi(~pctex21 + BRT_100m + pctShade + pctBrBnk + HAiFLS_for) } = 138.14328     
 Penalty { p(~effort)Psi(~pctex21 + BRT_100m + pctShade + pctBrBnk + HAiFLS_for) } = 0.0000000     
 Gradient { p(~effort)Psi(~pctex21 + BRT_100m + pctShade + pctBrBnk + HAiFLS_for) }:
   0.000000     -0.2526801E-06  0.8637804E-06  0.8664698E-07  0.6234357E-06
   0.000000      0.6149522E-06  0.6281726E-06
 Maximum ABS(G) { p(~effort)Psi(~pctex21 + BRT_100m + pctShade + pctBrBnk + HAiFLS_for) } = 0.8637804E-06 

  Program  MARK  - Survival Rate Estimation with Capture-Recapture Data
   gfortran(dble) Vers. 9.0 Mar 2018    11-Dec-2019 13:38:48    Page  003
 - - - - - - - - - - - - - - - - - - - - - - - - - - - - - - - - - - - - - -
 
 S Vector { p(~effort)Psi(~pctex21 + BRT_100m + pctShade + pctBrBnk + HAiFLS_for) }:
   18.39142      8.113983      1.120211     0.6517063     0.4325213    
  0.2218231     0.9657467E-01 0.1484050E-01
 Time to compute number of parameters was 0.06 seconds.     
 Ratio Threshold = 50.000000       Max Gap (2/3) = 7.2432644       Next Max Gap (7/8) = 6.5075084     
 Gap Method for Num. of Estimated Parameters { p(~effort)Psi(~pctex21 + BRT_100m + pctShade + pctBrBnk + HAiFLS_for) } = 8          
 Threshold { p(~effort)Psi(~pctex21 + BRT_100m + pctShade + pctBrBnk + HAiFLS_for) } = 0.1727561E-05                 
 Numerical Threshold Method for Num. of Estimated Parameters { p(~effort)Psi(~pctex21 + BRT_100m + pctShade + pctBrBnk + HAiFLS_for) } = 8          
 Number of Estimated Parameters { p(~effort)Psi(~pctex21 + BRT_100m + pctShade + pctBrBnk + HAiFLS_for) } = 8          
 DEVIANCE { p(~effort)Psi(~pctex21 + BRT_100m + pctShade + pctBrBnk + HAiFLS_for) } = 138.14328                     
 DEVIANCE Degrees of Freedom { p(~effort)Psi(~pctex21 + BRT_100m + pctShade + pctBrBnk + HAiFLS_for) } = 130            
 c-hat { p(~effort)Psi(~pctex21 + BRT_100m + pctShade + pctBrBnk + HAiFLS_for) } = 1.0626406                     
 AIC { p(~effort)Psi(~pctex21 + BRT_100m + pctShade + pctBrBnk + HAiFLS_for) } = 154.14328                  
 AICc { p(~effort)Psi(~pctex21 + BRT_100m + pctShade + pctBrBnk + HAiFLS_for) } = 155.25956                    
 BIC { p(~effort)Psi(~pctex21 + BRT_100m + pctShade + pctBrBnk + HAiFLS_for) } = 177.56131                    
 Pearson Chisquare { p(~effort)Psi(~pctex21 + BRT_100m + pctShade + pctBrBnk + HAiFLS_for) } = 531.55220                  


 LOGIT Link Function Parameters of { p(~effort)Psi(~pctex21 + BRT_100m + pctShade + pctBrBnk + HAiFLS_for) }
                                                              95% Confidence Interval
 Parameter                    Beta         Standard Error      Lower           Upper
 -------------------------  --------------  --------------  --------------  --------------
    1:p:(Intercept)         -0.4244730       0.6801756      -1.7576173       0.9086713    
    2:p:effort               0.0016420       0.7924783E-03   0.8878693E-04   0.0031953    
    3:Psi:(Intercept)       -1.2081407       0.7198404      -2.6190279       0.2027466    
    4:Psi:pctex21           -0.6785246       0.2646963      -1.1973294      -0.1597199    
    5:Psi:BRT_100m           0.0214203       0.0160622      -0.0100617       0.0529022    
    6:Psi:pctShade           0.7746806E-03   0.0104659      -0.0197385       0.0212878    
    7:Psi:pctBrBnk          -0.6636698       0.6557657      -1.9489705       0.6216309    
    8:Psi:HAiFLS_for         0.0203876       0.0110576      -0.0012853       0.0420605    


 Real Function Parameters of { p(~effort)Psi(~pctex21 + BRT_100m + pctShade + pctBrBnk + HAiFLS_for) }

      Following estimates based on unstandardized individual covariate values:
          Variable   Value         
          ---------  ------------- 
          EFFORT1     906.23188    
          EFFORT2     834.18841    
          EFFORT3     818.18116    
          PCTEX21     4.8306834    
          BRT_100M    6.7817616    
          PCTSHADE    48.614931    
          PCTBRBNK    0.8740586    
          HAIFLS_FOR  26.272482    
                                                               95% Confidence Interval
  Parameter                  Estimate       Standard Error      Lower           Upper
 --------------------------  --------------  --------------  --------------  --------------
     1:p g1 a0 t1             0.7433779       0.0724560       0.5791207       0.8591242                          
     2:p g1 a1 t2             0.7201693       0.0731697       0.5581523       0.8398263                          
     3:p g1 a2 t3             0.7148417       0.0734823       0.5529178       0.8355614                          
     4:Psi g1 a0 t1           0.0127751       0.0145886       0.0013389       0.1110356                          


                      Estimates of Derived Parameters
 Occupancy Estimates of { p(~effort)Psi(~pctex21 + BRT_100m + pctShade + pctBrBnk + HAiFLS_for) }
                                            95% Confidence Interval
 Group   Psi-hat         Standard Error      Lower           Upper
 -----   --------------  --------------  --------------  --------------

  Program  MARK  - Survival Rate Estimation with Capture-Recapture Data
   gfortran(dble) Vers. 9.0 Mar 2018    11-Dec-2019 13:38:48    Page  004
 - - - - - - - - - - - - - - - - - - - - - - - - - - - - - - - - - - - - - -
 
   1      0.0127751       0.0145886       0.0013389       0.1110356    

   CPU Time for the last procedure was 0.12 seconds.     


  INPUT --- proc stop;

     CPU Time in minutes for this job was 0.00

     Time Start = 13:38:48.211   Time End = 13:38:48.346

     Wall Clock Time in minutes for this job was 0.00


          E X E C U T I O N   S U C C E S S F U L 
