
   Program  MARK  - Survival Rate Estimation with Capture-Recapture Data
   gfortran(dble) Vers. 9.0 Mar 2018    11-Dec-2019 13:42:01    Page  001
 - - - - - - - - - - - - - - - - - - - - - - - - - - - - - - - - - - - - - -
 
   This version was compiled by GCC version 7.2.0 using the options: 
     -cpp -iprefix C:/Program Files/mingw-w64/x86_64-7.2.0-posix-seh-rt_v5-rev1/
     mingw64/bin/../lib/gcc/x86_64-w64-mingw32/7.2.0/ -D_MT -D_REENTRANT
     -U_REENTRANT -D IEEE -D DBLEPRECISION -m64 -mtune=core2 -march=nocona -mthreads
     -O2 -fimplicit-none -fbounds-check -funroll-loops -ftree-vectorize
     -ffpe-summary=invalid,zero,overflow,underflow -fno-unsafe-math-optimizations
     -frounding-math -fsignaling-nans -fopenmp.

   This problem will use 7 of 8 possible threads.


  INPUT --- proc title ;

   CPU Time for the last procedure was 0.02 seconds.     


  INPUT --- proc chmatrix occasions= 3 groups= 1 etype= Occupancy 
  INPUT --- Nodes= 101 icovar = 6 ICMeans  NoHist hist= 138 ;

  INPUT ---    time interval 1 1 1 ;

  INPUT ---     icovariates effort1 effort2 effort3 pctex21 pctrock  
  INPUT ---    pctBrBnk ;

  INPUT ---    glabel(1)=freq1;

      Number of unique encounter histories read was 138.

      Number of individual covariates read was 6.
      Time interval lengths are all equal to 1.

      Data type number is 27
      Data type is Occupancy Estimation with Detection < 1                                                             

   CPU Time for the last procedure was 0.01 seconds.     

  Program  MARK  - Survival Rate Estimation with Capture-Recapture Data
   gfortran(dble) Vers. 9.0 Mar 2018    11-Dec-2019 13:42:01    Page  002
 - - - - - - - - - - - - - - - - - - - - - - - - - - - - - - - - - - - - - -
 


  INPUT --- proc estimate link=Logit NOLOOP varest=2ndPart    ;


  INPUT --- model={ p(~effort)Psi(~pctex21 + pctrock + pctBrBnk) };

  INPUT ---    group=1 p    rows=1 cols=3 Square ;
  INPUT ---        1 2 3 ;

  INPUT ---    group=1 Psi    rows=1 cols=1 Square ;
  INPUT ---        4 ;

  INPUT ---    design matrix constraints=4 covariates=6;
  INPUT ---        1 effort1 0 0 0 0;
  INPUT ---        1 effort2 0 0 0 0;
  INPUT ---        1 effort3 0 0 0 0;
  INPUT ---        0 0 1 pctex21 pctrock pctBrBnk;
  INPUT ---       blabel(1)=p:(Intercept);
  INPUT ---       blabel(2)=p:effort;
  INPUT ---       blabel(3)=Psi:(Intercept);
  INPUT ---       blabel(4)=Psi:pctex21;
  INPUT ---       blabel(5)=Psi:pctrock;
  INPUT ---       blabel(6)=Psi:pctBrBnk;
  INPUT ---       rlabel(1)=p g1 a0 t1;
  INPUT ---       rlabel(2)=p g1 a1 t2;
  INPUT ---       rlabel(3)=p g1 a2 t3;
  INPUT ---       rlabel(4)=Psi g1 a0 t1;

 Link Function Used is LOGIT        

 Variance Estimation Procedure Used is 2ndPart 
 -2logL(saturated) = 0.0000000     
 Effective Sample Size = 138

 Number of function evaluations was 24 for 6 parameters.
 Time for numerical optimization was 0.08 seconds.     
 -2logL { p(~effort)Psi(~pctex21 + pctrock + pctBrBnk) } = 143.32864     
 Penalty { p(~effort)Psi(~pctex21 + pctrock + pctBrBnk) } = 0.0000000     
 Gradient { p(~effort)Psi(~pctex21 + pctrock + pctBrBnk) }:
  0.1237260E-05  0.4812396E-06   0.000000      0.9681258E-07  0.1721316E-05
  0.1109161E-05
 Maximum ABS(G) { p(~effort)Psi(~pctex21 + pctrock + pctBrBnk) } = 0.1721316E-05 
 S Vector { p(~effort)Psi(~pctex21 + pctrock + pctBrBnk) }:
   20.65637      7.557083     0.5040282     0.2454937     0.9027972E-01
  0.1947687E-01
 Time to compute number of parameters was 0.02 seconds.     
 Ratio Threshold = 50.000000       Max Gap (2/3) = 14.993373       Next Max Gap (5/6) = 4.6352278     
 Gap Method for Num. of Estimated Parameters { p(~effort)Psi(~pctex21 + pctrock + pctBrBnk) } = 6          
 Threshold { p(~effort)Psi(~pctex21 + pctrock + pctBrBnk) } = 0.3442632E-05                 
 Numerical Threshold Method for Num. of Estimated Parameters { p(~effort)Psi(~pctex21 + pctrock + pctBrBnk) } = 6          
 Number of Estimated Parameters { p(~effort)Psi(~pctex21 + pctrock + pctBrBnk) } = 6          
 DEVIANCE { p(~effort)Psi(~pctex21 + pctrock + pctBrBnk) } = 143.32864                     
 DEVIANCE Degrees of Freedom { p(~effort)Psi(~pctex21 + pctrock + pctBrBnk) } = 132            
 c-hat { p(~effort)Psi(~pctex21 + pctrock + pctBrBnk) } = 1.0858230                     
 AIC { p(~effort)Psi(~pctex21 + pctrock + pctBrBnk) } = 155.32864                  
 AICc { p(~effort)Psi(~pctex21 + pctrock + pctBrBnk) } = 155.96986                    
 BIC { p(~effort)Psi(~pctex21 + pctrock + pctBrBnk) } = 172.89216                    
 Pearson Chisquare { p(~effort)Psi(~pctex21 + pctrock + pctBrBnk) } = 792.12249                  

  Program  MARK  - Survival Rate Estimation with Capture-Recapture Data
   gfortran(dble) Vers. 9.0 Mar 2018    11-Dec-2019 13:42:02    Page  003
 - - - - - - - - - - - - - - - - - - - - - - - - - - - - - - - - - - - - - -
 


       LOGIT Link Function Parameters of { p(~effort)Psi(~pctex21 + pctrock + pctBrBnk) }
                                                              95% Confidence Interval
 Parameter                    Beta         Standard Error      Lower           Upper
 -------------------------  --------------  --------------  --------------  --------------
    1:p:(Intercept)         -0.5415911       0.7168432      -1.9466038       0.8634215    
    2:p:effort               0.0017369       0.8188794E-03   0.1319106E-03   0.0033419    
    3:Psi:(Intercept)       -1.0723908       1.0092055      -3.0504337       0.9056521    
    4:Psi:pctex21           -0.6038870       0.2311434      -1.0569281      -0.1508458    
    5:Psi:pctrock            0.0121615       0.0119077      -0.0111776       0.0355007    
    6:Psi:pctBrBnk          -0.7702934       0.6158747      -1.9774078       0.4368210    


       Real Function Parameters of { p(~effort)Psi(~pctex21 + pctrock + pctBrBnk) }

      Following estimates based on unstandardized individual covariate values:
          Variable   Value         
          ---------  ------------- 
          EFFORT1     906.23188    
          EFFORT2     834.18841    
          EFFORT3     818.18116    
          PCTEX21     4.8306834    
          PCTROCK     68.678238    
          PCTBRBNK    0.8740586    
                                                               95% Confidence Interval
  Parameter                  Estimate       Standard Error      Lower           Upper
 --------------------------  --------------  --------------  --------------  --------------
     1:p g1 a0 t1             0.7373918       0.0748678       0.5682399       0.8569565                          
     2:p g1 a1 t2             0.7124520       0.0761440       0.5445885       0.8369649                          
     3:p g1 a2 t3             0.7067226       0.0765969       0.5387183       0.8325565                          
     4:Psi g1 a0 t1           0.0212977       0.0207003       0.0030974       0.1322567                          


                      Estimates of Derived Parameters
 Occupancy Estimates of { p(~effort)Psi(~pctex21 + pctrock + pctBrBnk) }
                                            95% Confidence Interval
 Group   Psi-hat         Standard Error      Lower           Upper
 -----   --------------  --------------  --------------  --------------
   1      0.0212977       0.0207003       0.0030974       0.1322567    

   CPU Time for the last procedure was 0.09 seconds.     

  Program  MARK  - Survival Rate Estimation with Capture-Recapture Data
   gfortran(dble) Vers. 9.0 Mar 2018    11-Dec-2019 13:42:02    Page  004
 - - - - - - - - - - - - - - - - - - - - - - - - - - - - - - - - - - - - - -
 


  INPUT --- proc stop;

     CPU Time in minutes for this job was 0.00

     Time Start = 13:42:01.860   Time End = 13:42:02.149

     Wall Clock Time in minutes for this job was 0.00


          E X E C U T I O N   S U C C E S S F U L 
