
   Program  MARK  - Survival Rate Estimation with Capture-Recapture Data
   gfortran(dble) Vers. 9.0 Mar 2018    11-Dec-2019 13:37:57    Page  001
 - - - - - - - - - - - - - - - - - - - - - - - - - - - - - - - - - - - - - -
 
   This version was compiled by GCC version 7.2.0 using the options: 
     -cpp -iprefix C:/Program Files/mingw-w64/x86_64-7.2.0-posix-seh-rt_v5-rev1/
     mingw64/bin/../lib/gcc/x86_64-w64-mingw32/7.2.0/ -D_MT -D_REENTRANT
     -U_REENTRANT -D IEEE -D DBLEPRECISION -m64 -mtune=core2 -march=nocona -mthreads
     -O2 -fimplicit-none -fbounds-check -funroll-loops -ftree-vectorize
     -ffpe-summary=invalid,zero,overflow,underflow -fno-unsafe-math-optimizations
     -frounding-math -fsignaling-nans -fopenmp.

   This problem will use 7 of 8 possible threads.


  INPUT --- proc title ;

   CPU Time for the last procedure was 0.01 seconds.     


  INPUT --- proc chmatrix occasions= 3 groups= 1 etype= Occupancy 
  INPUT --- Nodes= 101 icovar = 2 ICMeans  NoHist hist= 135 ;

  INPUT ---    time interval 1 1 1 ;

  INPUT ---     icovariates BRT_100m pctShade ;

  INPUT ---    glabel(1)=freq1;

      Number of unique encounter histories read was 135.

      Number of individual covariates read was 2.
      Time interval lengths are all equal to 1.

      Data type number is 27
      Data type is Occupancy Estimation with Detection < 1                                                             

   CPU Time for the last procedure was 0.01 seconds.     

  Program  MARK  - Survival Rate Estimation with Capture-Recapture Data
   gfortran(dble) Vers. 9.0 Mar 2018    11-Dec-2019 13:37:57    Page  002
 - - - - - - - - - - - - - - - - - - - - - - - - - - - - - - - - - - - - - -
 


  INPUT --- proc estimate link=Logit NOLOOP varest=2ndPart    ;


  INPUT --- model={ p(~1)Psi(~BRT_100m + pctShade) };

  INPUT ---    group=1 p    rows=1 cols=3 Square ;
  INPUT ---        1 1 1 ;

  INPUT ---    group=1 Psi    rows=1 cols=1 Square ;
  INPUT ---        2 ;

  INPUT ---    design matrix constraints=2 covariates=4;
  INPUT ---        1 0 0 0;
  INPUT ---        0 1 BRT_100m pctShade;
  INPUT ---       blabel(1)=p:(Intercept);
  INPUT ---       blabel(2)=Psi:(Intercept);
  INPUT ---       blabel(3)=Psi:BRT_100m;
  INPUT ---       blabel(4)=Psi:pctShade;
  INPUT ---       rlabel(1)=p g1 a0 t1;
  INPUT ---       rlabel(2)=Psi g1 a0 t1;

 Link Function Used is LOGIT        

 Variance Estimation Procedure Used is 2ndPart 
 -2logL(saturated) = 0.0000000     
 Effective Sample Size = 138

 Number of function evaluations was 12 for 4 parameters.
 Time for numerical optimization was 0.01 seconds.     
 -2logL { p(~1)Psi(~BRT_100m + pctShade) } = 169.70169     
 Penalty { p(~1)Psi(~BRT_100m + pctShade) } = 0.0000000     
 Gradient { p(~1)Psi(~BRT_100m + pctShade) }:
   0.000000     -0.1752399E-05 -0.4009391E-06 -0.1563071E-05
 Maximum ABS(G) { p(~1)Psi(~BRT_100m + pctShade) } = 0.1752399E-05 
 S Vector { p(~1)Psi(~BRT_100m + pctShade) }:
   19.85185      9.437982      1.103807     0.3216749    
 Time to compute number of parameters was 0.01 seconds.     
 Ratio Threshold = 50.000000       Max Gap (2/3) = 8.5503919       Next Max Gap (3/4) = 3.4314362     
 Gap Method for Num. of Estimated Parameters { p(~1)Psi(~BRT_100m + pctShade) } = 4          
 Threshold { p(~1)Psi(~BRT_100m + pctShade) } = 0.3504797E-05                 
 Numerical Threshold Method for Num. of Estimated Parameters { p(~1)Psi(~BRT_100m + pctShade) } = 4          
 Number of Estimated Parameters { p(~1)Psi(~BRT_100m + pctShade) } = 4          
 DEVIANCE { p(~1)Psi(~BRT_100m + pctShade) } = 169.70169                     
 DEVIANCE Degrees of Freedom { p(~1)Psi(~BRT_100m + pctShade) } = 134            
 c-hat { p(~1)Psi(~BRT_100m + pctShade) } = 1.2664305                     
 AIC { p(~1)Psi(~BRT_100m + pctShade) } = 177.70169                  
 AICc { p(~1)Psi(~BRT_100m + pctShade) } = 178.00244                    
 BIC { p(~1)Psi(~BRT_100m + pctShade) } = 189.41071                    
 Pearson Chisquare { p(~1)Psi(~BRT_100m + pctShade) } = 993.50539                  


              LOGIT Link Function Parameters of { p(~1)Psi(~BRT_100m + pctShade) }
                                                              95% Confidence Interval
 Parameter                    Beta         Standard Error      Lower           Upper
 -------------------------  --------------  --------------  --------------  --------------
    1:p:(Intercept)          0.9340074       0.3259276       0.2951894       1.5728255    
    2:Psi:(Intercept)       -2.2652649       0.5243711      -3.2930322      -1.2374976    
    3:Psi:BRT_100m           0.0390792       0.0182580       0.0032936       0.0748649    

  Program  MARK  - Survival Rate Estimation with Capture-Recapture Data
   gfortran(dble) Vers. 9.0 Mar 2018    11-Dec-2019 13:37:57    Page  003
 - - - - - - - - - - - - - - - - - - - - - - - - - - - - - - - - - - - - - -
 
    4:Psi:pctShade           0.0022159       0.0084678      -0.0143811       0.0188128    


              Real Function Parameters of { p(~1)Psi(~BRT_100m + pctShade) }

      Following estimates based on unstandardized individual covariate values:
          Variable   Value         
          ---------  ------------- 
          BRT_100M    6.7817616    
          PCTSHADE    48.614931    
                                                               95% Confidence Interval
  Parameter                  Estimate       Standard Error      Lower           Upper
 --------------------------  --------------  --------------  --------------  --------------
     1:p g1 a0 t1             0.7178876       0.0660085       0.5732661       0.8281860                          
     2:Psi g1 a0 t1           0.1309581       0.0300220       0.0824472       0.2017366                          


                      Estimates of Derived Parameters
        Occupancy Estimates of { p(~1)Psi(~BRT_100m + pctShade) }
                                            95% Confidence Interval
 Group   Psi-hat         Standard Error      Lower           Upper
 -----   --------------  --------------  --------------  --------------
   1      0.1309581       0.0300220       0.0824472       0.2017366    

   CPU Time for the last procedure was 0.02 seconds.     

  Program  MARK  - Survival Rate Estimation with Capture-Recapture Data
   gfortran(dble) Vers. 9.0 Mar 2018    11-Dec-2019 13:37:57    Page  004
 - - - - - - - - - - - - - - - - - - - - - - - - - - - - - - - - - - - - - -
 


  INPUT --- proc stop;

     CPU Time in minutes for this job was 0.00

     Time Start = 13:37:57.530   Time End = 13:37:57.671

     Wall Clock Time in minutes for this job was 0.00


          E X E C U T I O N   S U C C E S S F U L 
