
   Program  MARK  - Survival Rate Estimation with Capture-Recapture Data
   gfortran(dble) Vers. 9.0 Mar 2018    11-Dec-2019 13:42:32    Page  001
 - - - - - - - - - - - - - - - - - - - - - - - - - - - - - - - - - - - - - -
 
   This version was compiled by GCC version 7.2.0 using the options: 
     -cpp -iprefix C:/Program Files/mingw-w64/x86_64-7.2.0-posix-seh-rt_v5-rev1/
     mingw64/bin/../lib/gcc/x86_64-w64-mingw32/7.2.0/ -D_MT -D_REENTRANT
     -U_REENTRANT -D IEEE -D DBLEPRECISION -m64 -mtune=core2 -march=nocona -mthreads
     -O2 -fimplicit-none -fbounds-check -funroll-loops -ftree-vectorize
     -ffpe-summary=invalid,zero,overflow,underflow -fno-unsafe-math-optimizations
     -frounding-math -fsignaling-nans -fopenmp.

   This problem will use 7 of 8 possible threads.


  INPUT --- proc title ;

   CPU Time for the last procedure was 0.01 seconds.     


  INPUT --- proc chmatrix occasions= 3 groups= 1 etype= Occupancy 
  INPUT --- Nodes= 101 icovar = 3 ICMeans  NoHist hist= 138 ;

  INPUT ---    time interval 1 1 1 ;

  INPUT ---     icovariates pctrock pctBrBnk HAiFLS_for ;

  INPUT ---    glabel(1)=freq1;

      Number of unique encounter histories read was 138.

      Number of individual covariates read was 3.
      Time interval lengths are all equal to 1.

      Data type number is 27
      Data type is Occupancy Estimation with Detection < 1                                                             

   CPU Time for the last procedure was 0.01 seconds.     

  Program  MARK  - Survival Rate Estimation with Capture-Recapture Data
   gfortran(dble) Vers. 9.0 Mar 2018    11-Dec-2019 13:42:32    Page  002
 - - - - - - - - - - - - - - - - - - - - - - - - - - - - - - - - - - - - - -
 


  INPUT --- proc estimate link=Logit NOLOOP varest=2ndPart    ;


  INPUT --- model={ p(~1)Psi(~pctrock + pctBrBnk + HAiFLS_for) };

  INPUT ---    group=1 p    rows=1 cols=3 Square ;
  INPUT ---        1 1 1 ;

  INPUT ---    group=1 Psi    rows=1 cols=1 Square ;
  INPUT ---        2 ;

  INPUT ---    design matrix constraints=2 covariates=5;
  INPUT ---        1 0 0 0 0;
  INPUT ---        0 1 pctrock pctBrBnk HAiFLS_for;
  INPUT ---       blabel(1)=p:(Intercept);
  INPUT ---       blabel(2)=Psi:(Intercept);
  INPUT ---       blabel(3)=Psi:pctrock;
  INPUT ---       blabel(4)=Psi:pctBrBnk;
  INPUT ---       blabel(5)=Psi:HAiFLS_for;
  INPUT ---       rlabel(1)=p g1 a0 t1;
  INPUT ---       rlabel(2)=Psi g1 a0 t1;

 Link Function Used is LOGIT        

 Variance Estimation Procedure Used is 2ndPart 
 -2logL(saturated) = 0.0000000     
 Effective Sample Size = 138

 Number of function evaluations was 14 for 5 parameters.
 Time for numerical optimization was 0.05 seconds.     
 -2logL { p(~1)Psi(~pctrock + pctBrBnk + HAiFLS_for) } = 163.89493     
 Penalty { p(~1)Psi(~pctrock + pctBrBnk + HAiFLS_for) } = 0.0000000     
 Gradient { p(~1)Psi(~pctrock + pctBrBnk + HAiFLS_for) }:
  0.9805698E-06  0.7145123E-06   0.000000      0.3674469E-06  0.6781109E-06
 Maximum ABS(G) { p(~1)Psi(~pctrock + pctBrBnk + HAiFLS_for) } = 0.9805698E-06 
 S Vector { p(~1)Psi(~pctrock + pctBrBnk + HAiFLS_for) }:
   25.69746      9.615177      1.344186     0.5094531     0.2336356    
 Time to compute number of parameters was 0.01 seconds.     
 Ratio Threshold = 50.000000       Max Gap (2/3) = 7.1531614       Next Max Gap (1/2) = 2.6725937     
 Gap Method for Num. of Estimated Parameters { p(~1)Psi(~pctrock + pctBrBnk + HAiFLS_for) } = 5          
 Threshold { p(~1)Psi(~pctrock + pctBrBnk + HAiFLS_for) } = 0.1961140E-05                 
 Numerical Threshold Method for Num. of Estimated Parameters { p(~1)Psi(~pctrock + pctBrBnk + HAiFLS_for) } = 5          
 Number of Estimated Parameters { p(~1)Psi(~pctrock + pctBrBnk + HAiFLS_for) } = 5          
 DEVIANCE { p(~1)Psi(~pctrock + pctBrBnk + HAiFLS_for) } = 163.89493                     
 DEVIANCE Degrees of Freedom { p(~1)Psi(~pctrock + pctBrBnk + HAiFLS_for) } = 133            
 c-hat { p(~1)Psi(~pctrock + pctBrBnk + HAiFLS_for) } = 1.2322927                     
 AIC { p(~1)Psi(~pctrock + pctBrBnk + HAiFLS_for) } = 173.89493                  
 AICc { p(~1)Psi(~pctrock + pctBrBnk + HAiFLS_for) } = 174.34948                    
 BIC { p(~1)Psi(~pctrock + pctBrBnk + HAiFLS_for) } = 188.53120                    
 Pearson Chisquare { p(~1)Psi(~pctrock + pctBrBnk + HAiFLS_for) } = 1069.8027                  


        LOGIT Link Function Parameters of { p(~1)Psi(~pctrock + pctBrBnk + HAiFLS_for) }
                                                              95% Confidence Interval
 Parameter                    Beta         Standard Error      Lower           Upper
 -------------------------  --------------  --------------  --------------  --------------

  Program  MARK  - Survival Rate Estimation with Capture-Recapture Data
   gfortran(dble) Vers. 9.0 Mar 2018    11-Dec-2019 13:42:33    Page  003
 - - - - - - - - - - - - - - - - - - - - - - - - - - - - - - - - - - - - - -
 
    1:p:(Intercept)          0.9451432       0.3219438       0.3141333       1.5761531    
    2:Psi:(Intercept)       -1.6694415       1.0583068      -3.7437228       0.4048398    
    3:Psi:pctrock            0.0033321       0.0117796      -0.0197560       0.0264201    
    4:Psi:pctBrBnk          -1.3234149       0.6176225      -2.5339551      -0.1128747    
    5:Psi:HAiFLS_for         0.0181489       0.0083375       0.0018074       0.0344904    


        Real Function Parameters of { p(~1)Psi(~pctrock + pctBrBnk + HAiFLS_for) }

      Following estimates based on unstandardized individual covariate values:
          Variable   Value         
          ---------  ------------- 
          PCTROCK     68.678238    
          PCTBRBNK    0.8740586    
          HAIFLS_FOR  26.272482    
                                                               95% Confidence Interval
  Parameter                  Estimate       Standard Error      Lower           Upper
 --------------------------  --------------  --------------  --------------  --------------
     1:p g1 a0 t1             0.7201374       0.0648844       0.5778938       0.8286590                          
     2:Psi g1 a0 t1           0.1071178       0.0307521       0.0600459       0.1838723                          


                      Estimates of Derived Parameters
  Occupancy Estimates of { p(~1)Psi(~pctrock + pctBrBnk + HAiFLS_for) }
                                            95% Confidence Interval
 Group   Psi-hat         Standard Error      Lower           Upper
 -----   --------------  --------------  --------------  --------------
   1      0.1071178       0.0307521       0.0600459       0.1838723    

   CPU Time for the last procedure was 0.05 seconds.     

  Program  MARK  - Survival Rate Estimation with Capture-Recapture Data
   gfortran(dble) Vers. 9.0 Mar 2018    11-Dec-2019 13:42:33    Page  004
 - - - - - - - - - - - - - - - - - - - - - - - - - - - - - - - - - - - - - -
 


  INPUT --- proc stop;

     CPU Time in minutes for this job was 0.00

     Time Start = 13:42:32.819   Time End = 13:42:33.483

     Wall Clock Time in minutes for this job was 0.01


          E X E C U T I O N   S U C C E S S F U L 
