
   Program  MARK  - Survival Rate Estimation with Capture-Recapture Data
   gfortran(dble) Vers. 9.0 Mar 2018    11-Dec-2019 13:41:10    Page  001
 - - - - - - - - - - - - - - - - - - - - - - - - - - - - - - - - - - - - - -
 
   This version was compiled by GCC version 7.2.0 using the options: 
     -cpp -iprefix C:/Program Files/mingw-w64/x86_64-7.2.0-posix-seh-rt_v5-rev1/
     mingw64/bin/../lib/gcc/x86_64-w64-mingw32/7.2.0/ -D_MT -D_REENTRANT
     -U_REENTRANT -D IEEE -D DBLEPRECISION -m64 -mtune=core2 -march=nocona -mthreads
     -O2 -fimplicit-none -fbounds-check -funroll-loops -ftree-vectorize
     -ffpe-summary=invalid,zero,overflow,underflow -fno-unsafe-math-optimizations
     -frounding-math -fsignaling-nans -fopenmp.

   This problem will use 7 of 8 possible threads.


  INPUT --- proc title ;

   CPU Time for the last procedure was 0.02 seconds.     


  INPUT --- proc chmatrix occasions= 3 groups= 1 etype= Occupancy 
  INPUT --- Nodes= 101 icovar = 7 ICMeans  NoHist hist= 138 ;

  INPUT ---    time interval 1 1 1 ;

  INPUT ---     icovariates effort1 effort2 effort3 pctpool BRT_100m  
  INPUT ---    pctBrBnk HAiFLS_for ;

  INPUT ---    glabel(1)=freq1;

      Number of unique encounter histories read was 138.

      Number of individual covariates read was 7.
      Time interval lengths are all equal to 1.

      Data type number is 27
      Data type is Occupancy Estimation with Detection < 1                                                             

   CPU Time for the last procedure was 0.01 seconds.     

  Program  MARK  - Survival Rate Estimation with Capture-Recapture Data
   gfortran(dble) Vers. 9.0 Mar 2018    11-Dec-2019 13:41:10    Page  002
 - - - - - - - - - - - - - - - - - - - - - - - - - - - - - - - - - - - - - -
 


  INPUT --- proc estimate link=Logit NOLOOP varest=2ndPart    ;


  INPUT --- model={ p(~effort)Psi(~pctpool + BRT_100m + pctBrBnk + 
  INPUT --- HAiFLS_for) };

  INPUT ---    group=1 p    rows=1 cols=3 Square ;
  INPUT ---        1 2 3 ;

  INPUT ---    group=1 Psi    rows=1 cols=1 Square ;
  INPUT ---        4 ;

  INPUT ---    design matrix constraints=4 covariates=7;
  INPUT ---        1 effort1 0 0 0 0 0;
  INPUT ---        1 effort2 0 0 0 0 0;
  INPUT ---        1 effort3 0 0 0 0 0;
  INPUT ---        0 0 1 pctpool BRT_100m pctBrBnk HAiFLS_for;
  INPUT ---       blabel(1)=p:(Intercept);
  INPUT ---       blabel(2)=p:effort;
  INPUT ---       blabel(3)=Psi:(Intercept);
  INPUT ---       blabel(4)=Psi:pctpool;
  INPUT ---       blabel(5)=Psi:BRT_100m;
  INPUT ---       blabel(6)=Psi:pctBrBnk;
  INPUT ---       blabel(7)=Psi:HAiFLS_for;
  INPUT ---       rlabel(1)=p g1 a0 t1;
  INPUT ---       rlabel(2)=p g1 a1 t2;
  INPUT ---       rlabel(3)=p g1 a2 t3;
  INPUT ---       rlabel(4)=Psi g1 a0 t1;

 Link Function Used is LOGIT        

 Variance Estimation Procedure Used is 2ndPart 
 -2logL(saturated) = 0.0000000     
 Effective Sample Size = 138

 Number of function evaluations was 20 for 7 parameters.
 Time for numerical optimization was 0.03 seconds.     
 -2logL { p(~effort)Psi(~pctpool + BRT_100m + pctBrBnk + HAiFLS_for) } = 153.52382     
 Penalty { p(~effort)Psi(~pctpool + BRT_100m + pctBrBnk + HAiFLS_for) } = 0.0000000     
 Gradient { p(~effort)Psi(~pctpool + BRT_100m + pctBrBnk + HAiFLS_for) }:
  0.1437500E-05  0.2654493E-06  0.1862835E-05  0.1707619E-05  0.5342928E-06
  0.3792010E-06  0.2161796E-05
 Maximum ABS(G) { p(~effort)Psi(~pctpool + BRT_100m + pctBrBnk + HAiFLS_for) } = 0.2161796E-05 

  Program  MARK  - Survival Rate Estimation with Capture-Recapture Data
   gfortran(dble) Vers. 9.0 Mar 2018    11-Dec-2019 13:41:11    Page  003
 - - - - - - - - - - - - - - - - - - - - - - - - - - - - - - - - - - - - - -
 
 S Vector { p(~effort)Psi(~pctpool + BRT_100m + pctBrBnk + HAiFLS_for) }:
   19.09576      8.487535      1.139994     0.6657381     0.4609368    
  0.2152893     0.1041386    
 Time to compute number of parameters was 0.02 seconds.     
 Ratio Threshold = 50.000000       Max Gap (2/3) = 7.4452467       Next Max Gap (1/2) = 2.2498590     
 Gap Method for Num. of Estimated Parameters { p(~effort)Psi(~pctpool + BRT_100m + pctBrBnk + HAiFLS_for) } = 7          
 Threshold { p(~effort)Psi(~pctpool + BRT_100m + pctBrBnk + HAiFLS_for) } = 0.4323593E-05                 
 Numerical Threshold Method for Num. of Estimated Parameters { p(~effort)Psi(~pctpool + BRT_100m + pctBrBnk + HAiFLS_for) } = 7          
 Number of Estimated Parameters { p(~effort)Psi(~pctpool + BRT_100m + pctBrBnk + HAiFLS_for) } = 7          
 DEVIANCE { p(~effort)Psi(~pctpool + BRT_100m + pctBrBnk + HAiFLS_for) } = 153.52382                     
 DEVIANCE Degrees of Freedom { p(~effort)Psi(~pctpool + BRT_100m + pctBrBnk + HAiFLS_for) } = 131            
 c-hat { p(~effort)Psi(~pctpool + BRT_100m + pctBrBnk + HAiFLS_for) } = 1.1719376                     
 AIC { p(~effort)Psi(~pctpool + BRT_100m + pctBrBnk + HAiFLS_for) } = 167.52382                  
 AICc { p(~effort)Psi(~pctpool + BRT_100m + pctBrBnk + HAiFLS_for) } = 168.38536                    
 BIC { p(~effort)Psi(~pctpool + BRT_100m + pctBrBnk + HAiFLS_for) } = 188.01460                    
 Pearson Chisquare { p(~effort)Psi(~pctpool + BRT_100m + pctBrBnk + HAiFLS_for) } = 757.46902                  


 LOGIT Link Function Parameters of { p(~effort)Psi(~pctpool + BRT_100m + pctBrBnk + HAiFLS_for) }
                                                              95% Confidence Interval
 Parameter                    Beta         Standard Error      Lower           Upper
 -------------------------  --------------  --------------  --------------  --------------
    1:p:(Intercept)         -0.3268510       0.6459840      -1.5929797       0.9392778    
    2:p:effort               0.0015510       0.7641227E-03   0.5331249E-04   0.0030487    
    3:Psi:(Intercept)       -2.0716869       0.7241261      -3.4909742      -0.6523996    
    4:Psi:pctpool            0.0155865       0.0147799      -0.0133821       0.0445550    
    5:Psi:BRT_100m           0.0267294       0.0156353      -0.0039158       0.0573747    
    6:Psi:pctBrBnk          -1.2726044       0.6555838      -2.5575487       0.0123398    
    7:Psi:HAiFLS_for         0.0164885       0.0089551      -0.0010634       0.0340405    


 Real Function Parameters of { p(~effort)Psi(~pctpool + BRT_100m + pctBrBnk + HAiFLS_for) }

      Following estimates based on unstandardized individual covariate values:
          Variable   Value         
          ---------  ------------- 
          EFFORT1     906.23188    
          EFFORT2     834.18841    
          EFFORT3     818.18116    
          PCTPOOL     25.664251    
          BRT_100M    6.7817616    
          PCTBRBNK    0.8740586    
          HAIFLS_FOR  26.272482    
                                                               95% Confidence Interval
  Parameter                  Estimate       Standard Error      Lower           Upper
 --------------------------  --------------  --------------  --------------  --------------
     1:p g1 a0 t1             0.7462495       0.0713906       0.5841355       0.8602831                          
     2:p g1 a1 t2             0.7245150       0.0716645       0.5654289       0.8416709                          
     3:p g1 a2 t3             0.7195322       0.0718626       0.5607459       0.8375478                          
     4:Psi g1 a0 t1           0.1025197       0.0311880       0.0555191       0.1816565                          


                      Estimates of Derived Parameters
 Occupancy Estimates of { p(~effort)Psi(~pctpool + BRT_100m + pctBrBnk + HAiFLS_for) }
                                            95% Confidence Interval
 Group   Psi-hat         Standard Error      Lower           Upper
 -----   --------------  --------------  --------------  --------------
   1      0.1025197       0.0311880       0.0555191       0.1816565    

  Program  MARK  - Survival Rate Estimation with Capture-Recapture Data
   gfortran(dble) Vers. 9.0 Mar 2018    11-Dec-2019 13:41:11    Page  004
 - - - - - - - - - - - - - - - - - - - - - - - - - - - - - - - - - - - - - -
 

   CPU Time for the last procedure was 0.05 seconds.     


  INPUT --- proc stop;

     CPU Time in minutes for this job was 0.00

     Time Start = 13:41:10.953   Time End = 13:41:11.631

     Wall Clock Time in minutes for this job was 0.01


          E X E C U T I O N   S U C C E S S F U L 
