
   Program  MARK  - Survival Rate Estimation with Capture-Recapture Data
   gfortran(dble) Vers. 9.0 Mar 2018    13-Dec-2019 09:51:54    Page  001
 - - - - - - - - - - - - - - - - - - - - - - - - - - - - - - - - - - - - - -
 
   This version was compiled by GCC version 7.2.0 using the options: 
     -cpp -iprefix C:/Program Files/mingw-w64/x86_64-7.2.0-posix-seh-rt_v5-rev1/
     mingw64/bin/../lib/gcc/x86_64-w64-mingw32/7.2.0/ -D_MT -D_REENTRANT
     -U_REENTRANT -D IEEE -D DBLEPRECISION -m64 -mtune=core2 -march=nocona -mthreads
     -O2 -fimplicit-none -fbounds-check -funroll-loops -ftree-vectorize
     -ffpe-summary=invalid,zero,overflow,underflow -fno-unsafe-math-optimizations
     -frounding-math -fsignaling-nans -fopenmp.

   This problem will use 7 of 8 possible threads.


  INPUT --- proc title ;

   CPU Time for the last procedure was 0.01 seconds.     


  INPUT --- proc chmatrix occasions= 3 groups= 1 etype= Occupancy 
  INPUT --- Nodes= 101 icovar = 9 ICMeans  NoHist hist= 138 ;

  INPUT ---    time interval 1 1 1 ;

  INPUT ---     icovariates effort1 effort2 effort3 pctex21 pctpool  
  INPUT ---    pctrock pctBrBnk pctShade HAiFLS_for ;

  INPUT ---    glabel(1)=freq1;

      Number of unique encounter histories read was 138.

      Number of individual covariates read was 9.
      Time interval lengths are all equal to 1.

      Data type number is 27
      Data type is Occupancy Estimation with Detection < 1                                                             

   CPU Time for the last procedure was 0.01 seconds.     

  Program  MARK  - Survival Rate Estimation with Capture-Recapture Data
   gfortran(dble) Vers. 9.0 Mar 2018    13-Dec-2019 09:51:54    Page  002
 - - - - - - - - - - - - - - - - - - - - - - - - - - - - - - - - - - - - - -
 


  INPUT --- proc estimate link=Logit NOLOOP varest=2ndPart    ;


  INPUT --- model={ p(~effort)Psi(~pctex21 + pctpool + pctrock + 
  INPUT --- pctBrBnk + pctShade + HAiFLS_for) };

  INPUT ---    group=1 p    rows=1 cols=3 Square ;
  INPUT ---        1 2 3 ;

  INPUT ---    group=1 Psi    rows=1 cols=1 Square ;
  INPUT ---        4 ;

  INPUT ---    design matrix constraints=4 covariates=9;
  INPUT ---        1 effort1 0 0 0 0 0 0 0;
  INPUT ---        1 effort2 0 0 0 0 0 0 0;
  INPUT ---        1 effort3 0 0 0 0 0 0 0;
  INPUT ---        0 0 1 pctex21 pctpool pctrock pctBrBnk pctShade HAiFLS_for;
  INPUT ---       blabel(1)=p:(Intercept);
  INPUT ---       blabel(2)=p:effort;
  INPUT ---       blabel(3)=Psi:(Intercept);
  INPUT ---       blabel(4)=Psi:pctex21;
  INPUT ---       blabel(5)=Psi:pctpool;
  INPUT ---       blabel(6)=Psi:pctrock;
  INPUT ---       blabel(7)=Psi:pctBrBnk;
  INPUT ---       blabel(8)=Psi:pctShade;
  INPUT ---       blabel(9)=Psi:HAiFLS_for;
  INPUT ---       rlabel(1)=p g1 a0 t1;
  INPUT ---       rlabel(2)=p g1 a1 t2;
  INPUT ---       rlabel(3)=p g1 a2 t3;
  INPUT ---       rlabel(4)=Psi g1 a0 t1;

 Link Function Used is LOGIT        

 Variance Estimation Procedure Used is 2ndPart 
 -2logL(saturated) = 0.0000000     
 Effective Sample Size = 138

 Number of function evaluations was 28 for 9 parameters.
 Time for numerical optimization was 0.08 seconds.     
 -2logL { p(~effort)Psi(~pctex21 + pctpool + pctrock + pctBrBnk + pctShade + HAiFLS_for) } = 137.76278     
 Penalty { p(~effort)Psi(~pctex21 + pctpool + pctrock + pctBrBnk + pctShade + HAiFLS_for) } = 0.0000000     
 Gradient { p(~effort)Psi(~pctex21 + pctpool + pctrock + pctBrBnk + pctShade + HAiFLS_for) }:
 -0.1343234E-05 -0.2532123E-06 -0.5446753E-06 -0.1739167E-06 -0.7277856E-06
 -0.2033649E-05 -0.5928095E-06   0.000000     -0.1296133E-05
 Maximum ABS(G) { p(~effort)Psi(~pctex21 + pctpool + pctrock + pctBrBnk + pctShade + HAiFLS_for) } = 0.2033649E-05 

  Program  MARK  - Survival Rate Estimation with Capture-Recapture Data
   gfortran(dble) Vers. 9.0 Mar 2018    13-Dec-2019 09:51:54    Page  003
 - - - - - - - - - - - - - - - - - - - - - - - - - - - - - - - - - - - - - -
 
 S Vector { p(~effort)Psi(~pctex21 + pctpool + pctrock + pctBrBnk + pctShade + HAiFLS_for) }:
   26.14477      8.220558      1.156558     0.9034117     0.5879547    
  0.2558942     0.1724948     0.9726576E-01 0.1652127E-01
 Time to compute number of parameters was 0.06 seconds.     
 Ratio Threshold = 50.000000       Max Gap (2/3) = 7.1077806       Next Max Gap (8/9) = 5.8873065     
 Gap Method for Num. of Estimated Parameters { p(~effort)Psi(~pctex21 + pctpool + pctrock + pctBrBnk + pctShade + HAiFLS_for) } = 9          
 Threshold { p(~effort)Psi(~pctex21 + pctpool + pctrock + pctBrBnk + pctShade + HAiFLS_for) } = 0.4067298E-05                 
 Numerical Threshold Method for Num. of Estimated Parameters { p(~effort)Psi(~pctex21 + pctpool + pctrock + pctBrBnk + pctShade + HAiFLS_for) } = 9          
 Number of Estimated Parameters { p(~effort)Psi(~pctex21 + pctpool + pctrock + pctBrBnk + pctShade + HAiFLS_for) } = 9          
 DEVIANCE { p(~effort)Psi(~pctex21 + pctpool + pctrock + pctBrBnk + pctShade + HAiFLS_for) } = 137.76278                     
 DEVIANCE Degrees of Freedom { p(~effort)Psi(~pctex21 + pctpool + pctrock + pctBrBnk + pctShade + HAiFLS_for) } = 129            
 c-hat { p(~effort)Psi(~pctex21 + pctpool + pctrock + pctBrBnk + pctShade + HAiFLS_for) } = 1.0679285                     
 AIC { p(~effort)Psi(~pctex21 + pctpool + pctrock + pctBrBnk + pctShade + HAiFLS_for) } = 155.76278                  
 AICc { p(~effort)Psi(~pctex21 + pctpool + pctrock + pctBrBnk + pctShade + HAiFLS_for) } = 157.16903                    
 BIC { p(~effort)Psi(~pctex21 + pctpool + pctrock + pctBrBnk + pctShade + HAiFLS_for) } = 182.10806                    
 Pearson Chisquare { p(~effort)Psi(~pctex21 + pctpool + pctrock + pctBrBnk + pctShade + HAiFLS_for) } = 588.66243                  


 LOGIT Link Function Parameters of { p(~effort)Psi(~pctex21 + pctpool + pctrock + pctBrBnk + pctShade + HAiFLS_for) }
                                                              95% Confidence Interval
 Parameter                    Beta         Standard Error      Lower           Upper
 -------------------------  --------------  --------------  --------------  --------------
    1:p:(Intercept)         -0.4199673       0.6773542      -1.7475816       0.9076470    
    2:p:effort               0.0016381       0.7885561E-03   0.9249582E-04   0.0031836    
    3:Psi:(Intercept)       -2.5018084       1.4227523      -5.2904030       0.2867862    
    4:Psi:pctex21           -0.6759794       0.2508492      -1.1676437      -0.1843150    
    5:Psi:pctpool            0.0204727       0.0173271      -0.0134883       0.0544338    
    6:Psi:pctrock            0.0181368       0.0160642      -0.0133490       0.0496227    
    7:Psi:pctBrBnk          -0.7002547       0.6660574      -2.0057273       0.6052179    
    8:Psi:pctShade          -0.0046954       0.0118971      -0.0280138       0.0186230    
    9:Psi:HAiFLS_for         0.0194545       0.0114871      -0.0030602       0.0419691    


 Real Function Parameters of { p(~effort)Psi(~pctex21 + pctpool + pctrock + pctBrBnk + pctShade + HAiFLS_for) }

      Following estimates based on unstandardized individual covariate values:
          Variable   Value         
          ---------  ------------- 
          EFFORT1     906.23188    
          EFFORT2     834.18841    
          EFFORT3     818.18116    
          PCTEX21     4.8306834    
          PCTPOOL     25.664251    
          PCTROCK     68.678238    
          PCTBRBNK    0.8740586    
          PCTSHADE    48.614931    
          HAIFLS_FOR  26.272482    
                                                               95% Confidence Interval
  Parameter                  Estimate       Standard Error      Lower           Upper
 --------------------------  --------------  --------------  --------------  --------------
     1:p g1 a0 t1             0.7435496       0.0723099       0.5796266       0.8590909                          
     2:p g1 a1 t2             0.7204084       0.0730340       0.5586786       0.8398585                          
     3:p g1 a2 t3             0.7150966       0.0733477       0.5534531       0.8356075                          
     4:Psi g1 a0 t1           0.0130550       0.0141572       0.0015329       0.1023067                          

  Program  MARK  - Survival Rate Estimation with Capture-Recapture Data
   gfortran(dble) Vers. 9.0 Mar 2018    13-Dec-2019 09:51:54    Page  004
 - - - - - - - - - - - - - - - - - - - - - - - - - - - - - - - - - - - - - -
 


                      Estimates of Derived Parameters
 Occupancy Estimates of { p(~effort)Psi(~pctex21 + pctpool + pctrock + pctBrBnk + pctShade + HAiFLS_for) }
                                            95% Confidence Interval
 Group   Psi-hat         Standard Error      Lower           Upper
 -----   --------------  --------------  --------------  --------------
   1      0.0130550       0.0141572       0.0015329       0.1023067    

   CPU Time for the last procedure was 0.14 seconds.     


  INPUT --- proc stop;

     CPU Time in minutes for this job was 0.00

     Time Start = 09:51:54.214   Time End = 09:51:54.402

     Wall Clock Time in minutes for this job was 0.00


          E X E C U T I O N   S U C C E S S F U L 
