
   Program  MARK  - Survival Rate Estimation with Capture-Recapture Data
   gfortran(dble) Vers. 9.0 Mar 2018    12-Dec-2019 15:57:54    Page  001
 - - - - - - - - - - - - - - - - - - - - - - - - - - - - - - - - - - - - - -
 
   This version was compiled by GCC version 7.2.0 using the options: 
     -cpp -iprefix C:/Program Files/mingw-w64/x86_64-7.2.0-posix-seh-rt_v5-rev1/
     mingw64/bin/../lib/gcc/x86_64-w64-mingw32/7.2.0/ -D_MT -D_REENTRANT
     -U_REENTRANT -D IEEE -D DBLEPRECISION -m64 -mtune=core2 -march=nocona -mthreads
     -O2 -fimplicit-none -fbounds-check -funroll-loops -ftree-vectorize
     -ffpe-summary=invalid,zero,overflow,underflow -fno-unsafe-math-optimizations
     -frounding-math -fsignaling-nans -fopenmp.

   This problem will use 7 of 8 possible threads.


  INPUT --- proc title ;

   CPU Time for the last procedure was 0.01 seconds.     


  INPUT --- proc chmatrix occasions= 3 groups= 1 etype= Occupancy 
  INPUT --- Nodes= 101 icovar = 4 ICMeans  NoHist hist= 138 ;

  INPUT ---    time interval 1 1 1 ;

  INPUT ---     icovariates effort1 effort2 effort3 pctBrBnk ;

  INPUT ---    glabel(1)=freq1;

      Number of unique encounter histories read was 138.

      Number of individual covariates read was 4.
      Time interval lengths are all equal to 1.

      Data type number is 27
      Data type is Occupancy Estimation with Detection < 1                                                             

   CPU Time for the last procedure was 0.02 seconds.     

  Program  MARK  - Survival Rate Estimation with Capture-Recapture Data
   gfortran(dble) Vers. 9.0 Mar 2018    12-Dec-2019 15:57:54    Page  002
 - - - - - - - - - - - - - - - - - - - - - - - - - - - - - - - - - - - - - -
 


  INPUT --- proc estimate link=Logit NOLOOP varest=2ndPart    ;


  INPUT --- model={ p(~effort)Psi(~pctBrBnk) };

  INPUT ---    group=1 p    rows=1 cols=3 Square ;
  INPUT ---        1 2 3 ;

  INPUT ---    group=1 Psi    rows=1 cols=1 Square ;
  INPUT ---        4 ;

  INPUT ---    design matrix constraints=4 covariates=4;
  INPUT ---        1 effort1 0 0;
  INPUT ---        1 effort2 0 0;
  INPUT ---        1 effort3 0 0;
  INPUT ---        0 0 1 pctBrBnk;
  INPUT ---       blabel(1)=p:(Intercept);
  INPUT ---       blabel(2)=p:effort;
  INPUT ---       blabel(3)=Psi:(Intercept);
  INPUT ---       blabel(4)=Psi:pctBrBnk;
  INPUT ---       rlabel(1)=p g1 a0 t1;
  INPUT ---       rlabel(2)=p g1 a1 t2;
  INPUT ---       rlabel(3)=p g1 a2 t3;
  INPUT ---       rlabel(4)=Psi g1 a0 t1;

 Link Function Used is LOGIT        

 Variance Estimation Procedure Used is 2ndPart 
 -2logL(saturated) = 0.0000000     
 Effective Sample Size = 138

 Number of function evaluations was 18 for 4 parameters.
 Time for numerical optimization was 0.01 seconds.     
 -2logL { p(~effort)Psi(~pctBrBnk) } = 162.24761     
 Penalty { p(~effort)Psi(~pctBrBnk) } = 0.0000000     
 Gradient { p(~effort)Psi(~pctBrBnk) }:
  0.1316786E-05  0.2505172E-06 -0.1092951E-05   0.000000    
 Maximum ABS(G) { p(~effort)Psi(~pctBrBnk) } = 0.1316786E-05 
 S Vector { p(~effort)Psi(~pctBrBnk) }:
   16.26627      7.897209     0.2709358     0.9565625E-01
 Time to compute number of parameters was 0.01 seconds.     
 Ratio Threshold = 50.000000       Max Gap (2/3) = 29.147897       Next Max Gap (3/4) = 2.8323901     
 Gap Method for Num. of Estimated Parameters { p(~effort)Psi(~pctBrBnk) } = 4          
 Threshold { p(~effort)Psi(~pctBrBnk) } = 0.2633572E-05                 
 Numerical Threshold Method for Num. of Estimated Parameters { p(~effort)Psi(~pctBrBnk) } = 4          
 Number of Estimated Parameters { p(~effort)Psi(~pctBrBnk) } = 4          
 DEVIANCE { p(~effort)Psi(~pctBrBnk) } = 162.24761                     
 DEVIANCE Degrees of Freedom { p(~effort)Psi(~pctBrBnk) } = 134            
 c-hat { p(~effort)Psi(~pctBrBnk) } = 1.2108031                     
 AIC { p(~effort)Psi(~pctBrBnk) } = 170.24761                  
 AICc { p(~effort)Psi(~pctBrBnk) } = 170.54836                    
 BIC { p(~effort)Psi(~pctBrBnk) } = 181.95662                    
 Pearson Chisquare { p(~effort)Psi(~pctBrBnk) } = 934.26870                  

  Program  MARK  - Survival Rate Estimation with Capture-Recapture Data
   gfortran(dble) Vers. 9.0 Mar 2018    12-Dec-2019 15:57:54    Page  003
 - - - - - - - - - - - - - - - - - - - - - - - - - - - - - - - - - - - - - -
 


                 LOGIT Link Function Parameters of { p(~effort)Psi(~pctBrBnk) }
                                                              95% Confidence Interval
 Parameter                    Beta         Standard Error      Lower           Upper
 -------------------------  --------------  --------------  --------------  --------------
    1:p:(Intercept)         -0.4484879       0.6846295      -1.7903619       0.8933860    
    2:p:effort               0.0016584       0.7966730E-03   0.9690711E-04   0.0032199    
    3:Psi:(Intercept)       -0.7451359       0.4557854      -1.6384753       0.1482035    
    4:Psi:pctBrBnk          -1.3991166       0.5960387      -2.5673524      -0.2308808    


                 Real Function Parameters of { p(~effort)Psi(~pctBrBnk) }

      Following estimates based on unstandardized individual covariate values:
          Variable   Value         
          ---------  ------------- 
          EFFORT1     906.23188    
          EFFORT2     834.18841    
          EFFORT3     818.18116    
          PCTBRBNK    0.8740586    
                                                               95% Confidence Interval
  Parameter                  Estimate       Standard Error      Lower           Upper
 --------------------------  --------------  --------------  --------------  --------------
     1:p g1 a0 t1             0.7416179       0.0732988       0.5755801       0.8586514                          
     2:p g1 a1 t2             0.7180721       0.0740538       0.5542741       0.8391453                          
     3:p g1 a2 t3             0.7126670       0.0743757       0.5489623       0.8348318                          
     4:Psi g1 a0 t1           0.1225989       0.0324283       0.0718295       0.2014637                          


                      Estimates of Derived Parameters
           Occupancy Estimates of { p(~effort)Psi(~pctBrBnk) }
                                            95% Confidence Interval
 Group   Psi-hat         Standard Error      Lower           Upper
 -----   --------------  --------------  --------------  --------------
   1      0.1225989       0.0324283       0.0718295       0.2014637    

   CPU Time for the last procedure was 0.01 seconds.     

  Program  MARK  - Survival Rate Estimation with Capture-Recapture Data
   gfortran(dble) Vers. 9.0 Mar 2018    12-Dec-2019 15:57:54    Page  004
 - - - - - - - - - - - - - - - - - - - - - - - - - - - - - - - - - - - - - -
 


  INPUT --- proc stop;

     CPU Time in minutes for this job was 0.00

     Time Start = 15:57:54.069   Time End = 15:57:54.170

     Wall Clock Time in minutes for this job was 0.00


          E X E C U T I O N   S U C C E S S F U L 
