
   Program  MARK  - Survival Rate Estimation with Capture-Recapture Data
   gfortran(dble) Vers. 9.0 Mar 2018    12-Dec-2019 15:58:54    Page  001
 - - - - - - - - - - - - - - - - - - - - - - - - - - - - - - - - - - - - - -
 
   This version was compiled by GCC version 7.2.0 using the options: 
     -cpp -iprefix C:/Program Files/mingw-w64/x86_64-7.2.0-posix-seh-rt_v5-rev1/
     mingw64/bin/../lib/gcc/x86_64-w64-mingw32/7.2.0/ -D_MT -D_REENTRANT
     -U_REENTRANT -D IEEE -D DBLEPRECISION -m64 -mtune=core2 -march=nocona -mthreads
     -O2 -fimplicit-none -fbounds-check -funroll-loops -ftree-vectorize
     -ffpe-summary=invalid,zero,overflow,underflow -fno-unsafe-math-optimizations
     -frounding-math -fsignaling-nans -fopenmp.

   This problem will use 7 of 8 possible threads.


  INPUT --- proc title ;

   CPU Time for the last procedure was 0.01 seconds.     


  INPUT --- proc chmatrix occasions= 3 groups= 1 etype= Occupancy 
  INPUT --- Nodes= 101 icovar = 4 ICMeans  NoHist hist= 138 ;

  INPUT ---    time interval 1 1 1 ;

  INPUT ---     icovariates pctex21 pctrock pctBrBnk HAiFLS_for ;

  INPUT ---    glabel(1)=freq1;

      Number of unique encounter histories read was 138.

      Number of individual covariates read was 4.
      Time interval lengths are all equal to 1.

      Data type number is 27
      Data type is Occupancy Estimation with Detection < 1                                                             

   CPU Time for the last procedure was 0.02 seconds.     

  Program  MARK  - Survival Rate Estimation with Capture-Recapture Data
   gfortran(dble) Vers. 9.0 Mar 2018    12-Dec-2019 15:58:54    Page  002
 - - - - - - - - - - - - - - - - - - - - - - - - - - - - - - - - - - - - - -
 


  INPUT --- proc estimate link=Logit NOLOOP varest=2ndPart    ;


  INPUT --- model={ p(~1)Psi(~pctex21 + pctrock + pctBrBnk + 
  INPUT --- HAiFLS_for) };

  INPUT ---    group=1 p    rows=1 cols=3 Square ;
  INPUT ---        1 1 1 ;

  INPUT ---    group=1 Psi    rows=1 cols=1 Square ;
  INPUT ---        2 ;

  INPUT ---    design matrix constraints=2 covariates=6;
  INPUT ---        1 0 0 0 0 0;
  INPUT ---        0 1 pctex21 pctrock pctBrBnk HAiFLS_for;
  INPUT ---       blabel(1)=p:(Intercept);
  INPUT ---       blabel(2)=Psi:(Intercept);
  INPUT ---       blabel(3)=Psi:pctex21;
  INPUT ---       blabel(4)=Psi:pctrock;
  INPUT ---       blabel(5)=Psi:pctBrBnk;
  INPUT ---       blabel(6)=Psi:HAiFLS_for;
  INPUT ---       rlabel(1)=p g1 a0 t1;
  INPUT ---       rlabel(2)=Psi g1 a0 t1;

 Link Function Used is LOGIT        

 Variance Estimation Procedure Used is 2ndPart 
 -2logL(saturated) = 0.0000000     
 Effective Sample Size = 138

 Number of function evaluations was 23 for 6 parameters.
 Time for numerical optimization was 0.02 seconds.     
 -2logL { p(~1)Psi(~pctex21 + pctrock + pctBrBnk + HAiFLS_for) } = 145.95486     
 Penalty { p(~1)Psi(~pctex21 + pctrock + pctBrBnk + HAiFLS_for) } = 0.0000000     
 Gradient { p(~1)Psi(~pctex21 + pctrock + pctBrBnk + HAiFLS_for) }:
  0.9791851E-06  0.7170454E-06   0.000000       0.000000       0.000000    
   0.000000    
 Maximum ABS(G) { p(~1)Psi(~pctex21 + pctrock + pctBrBnk + HAiFLS_for) } = 0.9791851E-06 
 S Vector { p(~1)Psi(~pctex21 + pctrock + pctBrBnk + HAiFLS_for) }:
   21.92437      9.649679      1.003904     0.4738874     0.2452325    
  0.1617921E-01
 Time to compute number of parameters was 0.01 seconds.     
 Ratio Threshold = 50.000000       Max Gap (5/6) = 15.157264       Next Max Gap (2/3) = 9.6121557     
 Gap Method for Num. of Estimated Parameters { p(~1)Psi(~pctex21 + pctrock + pctBrBnk + HAiFLS_for) } = 6          
 Threshold { p(~1)Psi(~pctex21 + pctrock + pctBrBnk + HAiFLS_for) } = 0.1958370E-05                 
 Numerical Threshold Method for Num. of Estimated Parameters { p(~1)Psi(~pctex21 + pctrock + pctBrBnk + HAiFLS_for) } = 6          
 Number of Estimated Parameters { p(~1)Psi(~pctex21 + pctrock + pctBrBnk + HAiFLS_for) } = 6          
 DEVIANCE { p(~1)Psi(~pctex21 + pctrock + pctBrBnk + HAiFLS_for) } = 145.95486                     
 DEVIANCE Degrees of Freedom { p(~1)Psi(~pctex21 + pctrock + pctBrBnk + HAiFLS_for) } = 132            
 c-hat { p(~1)Psi(~pctex21 + pctrock + pctBrBnk + HAiFLS_for) } = 1.1057187                     
 AIC { p(~1)Psi(~pctex21 + pctrock + pctBrBnk + HAiFLS_for) } = 157.95486                  
 AICc { p(~1)Psi(~pctex21 + pctrock + pctBrBnk + HAiFLS_for) } = 158.59608                    
 BIC { p(~1)Psi(~pctex21 + pctrock + pctBrBnk + HAiFLS_for) } = 175.51839                    
 Pearson Chisquare { p(~1)Psi(~pctex21 + pctrock + pctBrBnk + HAiFLS_for) } = 838.85931                  

  Program  MARK  - Survival Rate Estimation with Capture-Recapture Data
   gfortran(dble) Vers. 9.0 Mar 2018    12-Dec-2019 15:58:54    Page  003
 - - - - - - - - - - - - - - - - - - - - - - - - - - - - - - - - - - - - - -
 


   LOGIT Link Function Parameters of { p(~1)Psi(~pctex21 + pctrock + pctBrBnk + HAiFLS_for) }
                                                              95% Confidence Interval
 Parameter                    Beta         Standard Error      Lower           Upper
 -------------------------  --------------  --------------  --------------  --------------
    1:p:(Intercept)          0.9478939       0.3211854       0.3183705       1.5774174    
    2:Psi:(Intercept)       -1.6600111       1.0591613      -3.7359673       0.4159450    
    3:Psi:pctex21           -0.6787802       0.2534211      -1.1754855      -0.1820749    
    4:Psi:pctrock            0.0096475       0.0122525      -0.0143675       0.0336624    
    5:Psi:pctBrBnk          -0.6661469       0.6182397      -1.8778968       0.5456029    
    6:Psi:HAiFLS_for         0.0200740       0.0099613       0.5497845E-03   0.0395981    


   Real Function Parameters of { p(~1)Psi(~pctex21 + pctrock + pctBrBnk + HAiFLS_for) }

      Following estimates based on unstandardized individual covariate values:
          Variable   Value         
          ---------  ------------- 
          PCTEX21     4.8306834    
          PCTROCK     68.678238    
          PCTBRBNK    0.8740586    
          HAIFLS_FOR  26.272482    
                                                               95% Confidence Interval
  Parameter                  Estimate       Standard Error      Lower           Upper
 --------------------------  --------------  --------------  --------------  --------------
     1:p g1 a0 t1             0.7206914       0.0646531       0.5789271       0.8288385                          
     2:Psi g1 a0 t1           0.0129801       0.0142221       0.0014907       0.1038189                          


                      Estimates of Derived Parameters
 Occupancy Estimates of { p(~1)Psi(~pctex21 + pctrock + pctBrBnk + HAiFLS_for) }
                                            95% Confidence Interval
 Group   Psi-hat         Standard Error      Lower           Upper
 -----   --------------  --------------  --------------  --------------
   1      0.0129801       0.0142221       0.0014907       0.1038189    

   CPU Time for the last procedure was 0.02 seconds.     

  Program  MARK  - Survival Rate Estimation with Capture-Recapture Data
   gfortran(dble) Vers. 9.0 Mar 2018    12-Dec-2019 15:58:54    Page  004
 - - - - - - - - - - - - - - - - - - - - - - - - - - - - - - - - - - - - - -
 


  INPUT --- proc stop;

     CPU Time in minutes for this job was 0.00

     Time Start = 15:58:54.769   Time End = 15:58:54.889

     Wall Clock Time in minutes for this job was 0.00


          E X E C U T I O N   S U C C E S S F U L 
