
   Program  MARK  - Survival Rate Estimation with Capture-Recapture Data
   gfortran(dble) Vers. 9.0 Mar 2018    11-Dec-2019 13:38:35    Page  001
 - - - - - - - - - - - - - - - - - - - - - - - - - - - - - - - - - - - - - -
 
   This version was compiled by GCC version 7.2.0 using the options: 
     -cpp -iprefix C:/Program Files/mingw-w64/x86_64-7.2.0-posix-seh-rt_v5-rev1/
     mingw64/bin/../lib/gcc/x86_64-w64-mingw32/7.2.0/ -D_MT -D_REENTRANT
     -U_REENTRANT -D IEEE -D DBLEPRECISION -m64 -mtune=core2 -march=nocona -mthreads
     -O2 -fimplicit-none -fbounds-check -funroll-loops -ftree-vectorize
     -ffpe-summary=invalid,zero,overflow,underflow -fno-unsafe-math-optimizations
     -frounding-math -fsignaling-nans -fopenmp.

   This problem will use 7 of 8 possible threads.


  INPUT --- proc title ;

   CPU Time for the last procedure was 0.01 seconds.     


  INPUT --- proc chmatrix occasions= 3 groups= 1 etype= Occupancy 
  INPUT --- Nodes= 101 icovar = 8 ICMeans  NoHist hist= 138 ;

  INPUT ---    time interval 1 1 1 ;

  INPUT ---     icovariates effort1 effort2 effort3 pctex21 pctpool  
  INPUT ---    pctrock BRT_100m HAiFLS_for ;

  INPUT ---    glabel(1)=freq1;

      Number of unique encounter histories read was 138.

      Number of individual covariates read was 8.
      Time interval lengths are all equal to 1.

      Data type number is 27
      Data type is Occupancy Estimation with Detection < 1                                                             

   CPU Time for the last procedure was 0.02 seconds.     

  Program  MARK  - Survival Rate Estimation with Capture-Recapture Data
   gfortran(dble) Vers. 9.0 Mar 2018    11-Dec-2019 13:38:35    Page  002
 - - - - - - - - - - - - - - - - - - - - - - - - - - - - - - - - - - - - - -
 


  INPUT --- proc estimate link=Logit NOLOOP varest=2ndPart    ;


  INPUT --- model={ p(~effort)Psi(~pctex21 + pctpool + pctrock + 
  INPUT --- BRT_100m + HAiFLS_for) };

  INPUT ---    group=1 p    rows=1 cols=3 Square ;
  INPUT ---        1 2 3 ;

  INPUT ---    group=1 Psi    rows=1 cols=1 Square ;
  INPUT ---        4 ;

  INPUT ---    design matrix constraints=4 covariates=8;
  INPUT ---        1 effort1 0 0 0 0 0 0;
  INPUT ---        1 effort2 0 0 0 0 0 0;
  INPUT ---        1 effort3 0 0 0 0 0 0;
  INPUT ---        0 0 1 pctex21 pctpool pctrock BRT_100m HAiFLS_for;
  INPUT ---       blabel(1)=p:(Intercept);
  INPUT ---       blabel(2)=p:effort;
  INPUT ---       blabel(3)=Psi:(Intercept);
  INPUT ---       blabel(4)=Psi:pctex21;
  INPUT ---       blabel(5)=Psi:pctpool;
  INPUT ---       blabel(6)=Psi:pctrock;
  INPUT ---       blabel(7)=Psi:BRT_100m;
  INPUT ---       blabel(8)=Psi:HAiFLS_for;
  INPUT ---       rlabel(1)=p g1 a0 t1;
  INPUT ---       rlabel(2)=p g1 a1 t2;
  INPUT ---       rlabel(3)=p g1 a2 t3;
  INPUT ---       rlabel(4)=Psi g1 a0 t1;

 Link Function Used is LOGIT        

 Variance Estimation Procedure Used is 2ndPart 
 -2logL(saturated) = 0.0000000     
 Effective Sample Size = 138

 Number of function evaluations was 25 for 8 parameters.
 Time for numerical optimization was 0.06 seconds.     
 -2logL { p(~effort)Psi(~pctex21 + pctpool + pctrock + BRT_100m + HAiFLS_for) } = 138.29590     
 Penalty { p(~effort)Psi(~pctex21 + pctpool + pctrock + BRT_100m + HAiFLS_for) } = 0.0000000     
 Gradient { p(~effort)Psi(~pctex21 + pctpool + pctrock + BRT_100m + HAiFLS_for) }:
  0.1401271E-05  0.5199617E-06  0.5115770E-06  0.8081896E-07  0.1778981E-05
  0.9036598E-06  0.6675723E-06  0.1294589E-05
 Maximum ABS(G) { p(~effort)Psi(~pctex21 + pctpool + pctrock + BRT_100m + HAiFLS_for) } = 0.1778981E-05 

  Program  MARK  - Survival Rate Estimation with Capture-Recapture Data
   gfortran(dble) Vers. 9.0 Mar 2018    11-Dec-2019 13:38:36    Page  003
 - - - - - - - - - - - - - - - - - - - - - - - - - - - - - - - - - - - - - -
 
 S Vector { p(~effort)Psi(~pctex21 + pctpool + pctrock + BRT_100m + HAiFLS_for) }:
   22.59257      8.470441     0.9627801     0.8289953     0.4219847    
  0.2199426     0.1011522     0.1566608E-01
 Time to compute number of parameters was 0.03 seconds.     
 Ratio Threshold = 50.000000       Max Gap (2/3) = 8.7978980       Next Max Gap (7/8) = 6.4567625     
 Gap Method for Num. of Estimated Parameters { p(~effort)Psi(~pctex21 + pctpool + pctrock + BRT_100m + HAiFLS_for) } = 8          
 Threshold { p(~effort)Psi(~pctex21 + pctpool + pctrock + BRT_100m + HAiFLS_for) } = 0.3557962E-05                 
 Numerical Threshold Method for Num. of Estimated Parameters { p(~effort)Psi(~pctex21 + pctpool + pctrock + BRT_100m + HAiFLS_for) } = 8          
 Number of Estimated Parameters { p(~effort)Psi(~pctex21 + pctpool + pctrock + BRT_100m + HAiFLS_for) } = 8          
 DEVIANCE { p(~effort)Psi(~pctex21 + pctpool + pctrock + BRT_100m + HAiFLS_for) } = 138.29590                     
 DEVIANCE Degrees of Freedom { p(~effort)Psi(~pctex21 + pctpool + pctrock + BRT_100m + HAiFLS_for) } = 130            
 c-hat { p(~effort)Psi(~pctex21 + pctpool + pctrock + BRT_100m + HAiFLS_for) } = 1.0638146                     
 AIC { p(~effort)Psi(~pctex21 + pctpool + pctrock + BRT_100m + HAiFLS_for) } = 154.29590                  
 AICc { p(~effort)Psi(~pctex21 + pctpool + pctrock + BRT_100m + HAiFLS_for) } = 155.41218                    
 BIC { p(~effort)Psi(~pctex21 + pctpool + pctrock + BRT_100m + HAiFLS_for) } = 177.71393                    
 Pearson Chisquare { p(~effort)Psi(~pctex21 + pctpool + pctrock + BRT_100m + HAiFLS_for) } = 534.96735                  


 LOGIT Link Function Parameters of { p(~effort)Psi(~pctex21 + pctpool + pctrock + BRT_100m + HAiFLS_for) }
                                                              95% Confidence Interval
 Parameter                    Beta         Standard Error      Lower           Upper
 -------------------------  --------------  --------------  --------------  --------------
    1:p:(Intercept)         -0.3611561       0.6585751      -1.6519633       0.9296511    
    2:p:effort               0.0015889       0.7753534E-03   0.6919824E-04   0.0031086    
    3:Psi:(Intercept)       -2.7283707       1.2982767      -5.2729931      -0.1837484    
    4:Psi:pctex21           -0.7297830       0.2578124      -1.2350954      -0.2244706    
    5:Psi:pctpool            0.0144545       0.0169170      -0.0187028       0.0476119    
    6:Psi:pctrock            0.0111069       0.0144930      -0.0172994       0.0395133    
    7:Psi:BRT_100m           0.0193164       0.0168700      -0.0137488       0.0523816    
    8:Psi:HAiFLS_for         0.0194896       0.0104604      -0.0010127       0.0399920    


 Real Function Parameters of { p(~effort)Psi(~pctex21 + pctpool + pctrock + BRT_100m + HAiFLS_for) }

      Following estimates based on unstandardized individual covariate values:
          Variable   Value         
          ---------  ------------- 
          EFFORT1     906.23188    
          EFFORT2     834.18841    
          EFFORT3     818.18116    
          PCTEX21     4.8306834    
          PCTPOOL     25.664251    
          PCTROCK     68.678238    
          BRT_100M    6.7817616    
          HAIFLS_FOR  26.272482    
                                                               95% Confidence Interval
  Parameter                  Estimate       Standard Error      Lower           Upper
 --------------------------  --------------  --------------  --------------  --------------
     1:p g1 a0 t1             0.7462569       0.0712558       0.5844805       0.8601217                          
     2:p g1 a1 t2             0.7239776       0.0716893       0.5649165       0.8412311                          
     3:p g1 a2 t3             0.7188662       0.0719300       0.5600209       0.8370502                          
     4:Psi g1 a0 t1           0.0112407       0.0127319       0.0012025       0.0969446                          


                      Estimates of Derived Parameters
 Occupancy Estimates of { p(~effort)Psi(~pctex21 + pctpool + pctrock + BRT_100m + HAiFLS_for) }
                                            95% Confidence Interval
 Group   Psi-hat         Standard Error      Lower           Upper
 -----   --------------  --------------  --------------  --------------

  Program  MARK  - Survival Rate Estimation with Capture-Recapture Data
   gfortran(dble) Vers. 9.0 Mar 2018    11-Dec-2019 13:38:36    Page  004
 - - - - - - - - - - - - - - - - - - - - - - - - - - - - - - - - - - - - - -
 
   1      0.0112407       0.0127319       0.0012025       0.0969446    

   CPU Time for the last procedure was 0.09 seconds.     


  INPUT --- proc stop;

     CPU Time in minutes for this job was 0.00

     Time Start = 13:38:35.805   Time End = 13:38:36.525

     Wall Clock Time in minutes for this job was 0.01


          E X E C U T I O N   S U C C E S S F U L 
