
   Program  MARK  - Survival Rate Estimation with Capture-Recapture Data
   gfortran(dble) Vers. 9.0 Mar 2018    13-Dec-2019 09:52:13    Page  001
 - - - - - - - - - - - - - - - - - - - - - - - - - - - - - - - - - - - - - -
 
   This version was compiled by GCC version 7.2.0 using the options: 
     -cpp -iprefix C:/Program Files/mingw-w64/x86_64-7.2.0-posix-seh-rt_v5-rev1/
     mingw64/bin/../lib/gcc/x86_64-w64-mingw32/7.2.0/ -D_MT -D_REENTRANT
     -U_REENTRANT -D IEEE -D DBLEPRECISION -m64 -mtune=core2 -march=nocona -mthreads
     -O2 -fimplicit-none -fbounds-check -funroll-loops -ftree-vectorize
     -ffpe-summary=invalid,zero,overflow,underflow -fno-unsafe-math-optimizations
     -frounding-math -fsignaling-nans -fopenmp.

   This problem will use 7 of 8 possible threads.


  INPUT --- proc title ;

   CPU Time for the last procedure was 0.01 seconds.     


  INPUT --- proc chmatrix occasions= 3 groups= 1 etype= Occupancy 
  INPUT --- Nodes= 101 icovar = 6 ICMeans  NoHist hist= 138 ;

  INPUT ---    time interval 1 1 1 ;

  INPUT ---     icovariates effort1 effort2 effort3 pctpool pctShade  
  INPUT ---    pctBrBnk ;

  INPUT ---    glabel(1)=freq1;

      Number of unique encounter histories read was 138.

      Number of individual covariates read was 6.
      Time interval lengths are all equal to 1.

      Data type number is 27
      Data type is Occupancy Estimation with Detection < 1                                                             

   CPU Time for the last procedure was 0.02 seconds.     

  Program  MARK  - Survival Rate Estimation with Capture-Recapture Data
   gfortran(dble) Vers. 9.0 Mar 2018    13-Dec-2019 09:52:13    Page  002
 - - - - - - - - - - - - - - - - - - - - - - - - - - - - - - - - - - - - - -
 


  INPUT --- proc estimate link=Logit NOLOOP varest=2ndPart    ;


  INPUT --- model={ p(~effort)Psi(~pctpool + pctShade + pctBrBnk) };

  INPUT ---    group=1 p    rows=1 cols=3 Square ;
  INPUT ---        1 2 3 ;

  INPUT ---    group=1 Psi    rows=1 cols=1 Square ;
  INPUT ---        4 ;

  INPUT ---    design matrix constraints=4 covariates=6;
  INPUT ---        1 effort1 0 0 0 0;
  INPUT ---        1 effort2 0 0 0 0;
  INPUT ---        1 effort3 0 0 0 0;
  INPUT ---        0 0 1 pctpool pctShade pctBrBnk;
  INPUT ---       blabel(1)=p:(Intercept);
  INPUT ---       blabel(2)=p:effort;
  INPUT ---       blabel(3)=Psi:(Intercept);
  INPUT ---       blabel(4)=Psi:pctpool;
  INPUT ---       blabel(5)=Psi:pctShade;
  INPUT ---       blabel(6)=Psi:pctBrBnk;
  INPUT ---       rlabel(1)=p g1 a0 t1;
  INPUT ---       rlabel(2)=p g1 a1 t2;
  INPUT ---       rlabel(3)=p g1 a2 t3;
  INPUT ---       rlabel(4)=Psi g1 a0 t1;

 Link Function Used is LOGIT        

 Variance Estimation Procedure Used is 2ndPart 
 -2logL(saturated) = 0.0000000     
 Effective Sample Size = 138

 Number of function evaluations was 17 for 6 parameters.
 Time for numerical optimization was 0.05 seconds.     
 -2logL { p(~effort)Psi(~pctpool + pctShade + pctBrBnk) } = 159.26698     
 Penalty { p(~effort)Psi(~pctpool + pctShade + pctBrBnk) } = 0.0000000     
 Gradient { p(~effort)Psi(~pctpool + pctShade + pctBrBnk) }:
 -0.2690398E-05   0.000000       0.000000     -0.1465403E-05 -0.1165084E-05
 -0.6252779E-06
 Maximum ABS(G) { p(~effort)Psi(~pctpool + pctShade + pctBrBnk) } = 0.2690398E-05 
 S Vector { p(~effort)Psi(~pctpool + pctShade + pctBrBnk) }:
   21.95495      8.148539      1.121285     0.7825760     0.2372549    
  0.9805290E-01
 Time to compute number of parameters was 0.05 seconds.     
 Ratio Threshold = 50.000000       Max Gap (2/3) = 7.2671457       Next Max Gap (4/5) = 3.2984612     
 Gap Method for Num. of Estimated Parameters { p(~effort)Psi(~pctpool + pctShade + pctBrBnk) } = 6          
 Threshold { p(~effort)Psi(~pctpool + pctShade + pctBrBnk) } = 0.5380796E-05                 
 Numerical Threshold Method for Num. of Estimated Parameters { p(~effort)Psi(~pctpool + pctShade + pctBrBnk) } = 6          
 Number of Estimated Parameters { p(~effort)Psi(~pctpool + pctShade + pctBrBnk) } = 6          
 DEVIANCE { p(~effort)Psi(~pctpool + pctShade + pctBrBnk) } = 159.26698                     
 DEVIANCE Degrees of Freedom { p(~effort)Psi(~pctpool + pctShade + pctBrBnk) } = 132            
 c-hat { p(~effort)Psi(~pctpool + pctShade + pctBrBnk) } = 1.2065680                     
 AIC { p(~effort)Psi(~pctpool + pctShade + pctBrBnk) } = 171.26698                  
 AICc { p(~effort)Psi(~pctpool + pctShade + pctBrBnk) } = 171.90820                    
 BIC { p(~effort)Psi(~pctpool + pctShade + pctBrBnk) } = 188.83050                    
 Pearson Chisquare { p(~effort)Psi(~pctpool + pctShade + pctBrBnk) } = 945.03059                  

  Program  MARK  - Survival Rate Estimation with Capture-Recapture Data
   gfortran(dble) Vers. 9.0 Mar 2018    13-Dec-2019 09:52:13    Page  003
 - - - - - - - - - - - - - - - - - - - - - - - - - - - - - - - - - - - - - -
 


      LOGIT Link Function Parameters of { p(~effort)Psi(~pctpool + pctShade + pctBrBnk) }
                                                              95% Confidence Interval
 Parameter                    Beta         Standard Error      Lower           Upper
 -------------------------  --------------  --------------  --------------  --------------
    1:p:(Intercept)         -0.4178933       0.6734392      -1.7378340       0.9020475    
    2:p:effort               0.0016321       0.7872213E-03   0.8914764E-04   0.0031751    
    3:Psi:(Intercept)       -1.4755999       0.6658422      -2.7806506      -0.1705491    
    4:Psi:pctpool            0.0202506       0.0135220      -0.0062526       0.0467538    
    5:Psi:pctShade           0.0064094       0.0087058      -0.0106539       0.0234727    
    6:Psi:pctBrBnk          -1.6107799       0.6397104      -2.8646122      -0.3569475    


      Real Function Parameters of { p(~effort)Psi(~pctpool + pctShade + pctBrBnk) }

      Following estimates based on unstandardized individual covariate values:
          Variable   Value         
          ---------  ------------- 
          EFFORT1     906.23188    
          EFFORT2     834.18841    
          EFFORT3     818.18116    
          PCTPOOL     25.664251    
          PCTSHADE    48.614931    
          PCTBRBNK    0.8740586    
                                                               95% Confidence Interval
  Parameter                  Estimate       Standard Error      Lower           Upper
 --------------------------  --------------  --------------  --------------  --------------
     1:p g1 a0 t1             0.7429139       0.0727292       0.5780588       0.8590629                          
     2:p g1 a1 t2             0.7198236       0.0733530       0.5574223       0.8397631                          
     3:p g1 a2 t3             0.7145246       0.0736407       0.5522736       0.8354920                          
     4:Psi g1 a0 t1           0.1138296       0.0322748       0.0642047       0.1938646                          


                      Estimates of Derived Parameters
 Occupancy Estimates of { p(~effort)Psi(~pctpool + pctShade + pctBrBnk) }
                                            95% Confidence Interval
 Group   Psi-hat         Standard Error      Lower           Upper
 -----   --------------  --------------  --------------  --------------
   1      0.1138296       0.0322748       0.0642047       0.1938646    

   CPU Time for the last procedure was 0.09 seconds.     

  Program  MARK  - Survival Rate Estimation with Capture-Recapture Data
   gfortran(dble) Vers. 9.0 Mar 2018    13-Dec-2019 09:52:13    Page  004
 - - - - - - - - - - - - - - - - - - - - - - - - - - - - - - - - - - - - - -
 


  INPUT --- proc stop;

     CPU Time in minutes for this job was 0.00

     Time Start = 09:52:13.785   Time End = 09:52:13.944

     Wall Clock Time in minutes for this job was 0.00


          E X E C U T I O N   S U C C E S S F U L 
