
   Program  MARK  - Survival Rate Estimation with Capture-Recapture Data
   gfortran(dble) Vers. 9.0 Mar 2018    11-Dec-2019 13:41:01    Page  001
 - - - - - - - - - - - - - - - - - - - - - - - - - - - - - - - - - - - - - -
 
   This version was compiled by GCC version 7.2.0 using the options: 
     -cpp -iprefix C:/Program Files/mingw-w64/x86_64-7.2.0-posix-seh-rt_v5-rev1/
     mingw64/bin/../lib/gcc/x86_64-w64-mingw32/7.2.0/ -D_MT -D_REENTRANT
     -U_REENTRANT -D IEEE -D DBLEPRECISION -m64 -mtune=core2 -march=nocona -mthreads
     -O2 -fimplicit-none -fbounds-check -funroll-loops -ftree-vectorize
     -ffpe-summary=invalid,zero,overflow,underflow -fno-unsafe-math-optimizations
     -frounding-math -fsignaling-nans -fopenmp.

   This problem will use 7 of 8 possible threads.


  INPUT --- proc title ;

   CPU Time for the last procedure was 0.01 seconds.     


  INPUT --- proc chmatrix occasions= 3 groups= 1 etype= Occupancy 
  INPUT --- Nodes= 101 icovar = 7 ICMeans  NoHist hist= 138 ;

  INPUT ---    time interval 1 1 1 ;

  INPUT ---     icovariates effort1 effort2 effort3 pctrock BRT_100m  
  INPUT ---    pctShade HAiFLS_for ;

  INPUT ---    glabel(1)=freq1;

      Number of unique encounter histories read was 138.

      Number of individual covariates read was 7.
      Time interval lengths are all equal to 1.

      Data type number is 27
      Data type is Occupancy Estimation with Detection < 1                                                             

   CPU Time for the last procedure was 0.01 seconds.     

  Program  MARK  - Survival Rate Estimation with Capture-Recapture Data
   gfortran(dble) Vers. 9.0 Mar 2018    11-Dec-2019 13:41:01    Page  002
 - - - - - - - - - - - - - - - - - - - - - - - - - - - - - - - - - - - - - -
 


  INPUT --- proc estimate link=Logit NOLOOP varest=2ndPart    ;


  INPUT --- model={ p(~effort)Psi(~pctrock + BRT_100m + pctShade + 
  INPUT --- HAiFLS_for) };

  INPUT ---    group=1 p    rows=1 cols=3 Square ;
  INPUT ---        1 2 3 ;

  INPUT ---    group=1 Psi    rows=1 cols=1 Square ;
  INPUT ---        4 ;

  INPUT ---    design matrix constraints=4 covariates=7;
  INPUT ---        1 effort1 0 0 0 0 0;
  INPUT ---        1 effort2 0 0 0 0 0;
  INPUT ---        1 effort3 0 0 0 0 0;
  INPUT ---        0 0 1 pctrock BRT_100m pctShade HAiFLS_for;
  INPUT ---       blabel(1)=p:(Intercept);
  INPUT ---       blabel(2)=p:effort;
  INPUT ---       blabel(3)=Psi:(Intercept);
  INPUT ---       blabel(4)=Psi:pctrock;
  INPUT ---       blabel(5)=Psi:BRT_100m;
  INPUT ---       blabel(6)=Psi:pctShade;
  INPUT ---       blabel(7)=Psi:HAiFLS_for;
  INPUT ---       rlabel(1)=p g1 a0 t1;
  INPUT ---       rlabel(2)=p g1 a1 t2;
  INPUT ---       rlabel(3)=p g1 a2 t3;
  INPUT ---       rlabel(4)=Psi g1 a0 t1;

 Link Function Used is LOGIT        

 Variance Estimation Procedure Used is 2ndPart 
 -2logL(saturated) = 0.0000000     
 Effective Sample Size = 138

 Number of function evaluations was 18 for 7 parameters.
 Time for numerical optimization was 0.02 seconds.     
 -2logL { p(~effort)Psi(~pctrock + BRT_100m + pctShade + HAiFLS_for) } = 158.45405     
 Penalty { p(~effort)Psi(~pctrock + BRT_100m + pctShade + HAiFLS_for) } = 0.0000000     
 Gradient { p(~effort)Psi(~pctrock + BRT_100m + pctShade + HAiFLS_for) }:
 -0.2952525E-05 -0.5402884E-06 -0.5070163E-06 -0.1318448E-05 -0.4551438E-06
 -0.1124834E-05 -0.1207433E-05
 Maximum ABS(G) { p(~effort)Psi(~pctrock + BRT_100m + pctShade + HAiFLS_for) } = 0.2952525E-05 

  Program  MARK  - Survival Rate Estimation with Capture-Recapture Data
   gfortran(dble) Vers. 9.0 Mar 2018    11-Dec-2019 13:41:02    Page  003
 - - - - - - - - - - - - - - - - - - - - - - - - - - - - - - - - - - - - - -
 
 S Vector { p(~effort)Psi(~pctrock + BRT_100m + pctShade + HAiFLS_for) }:
   29.39201      8.692061      1.468726     0.8912973     0.4956546    
  0.3074662     0.1063025    
 Time to compute number of parameters was 0.01 seconds.     
 Ratio Threshold = 50.000000       Max Gap (2/3) = 5.9180968       Next Max Gap (1/2) = 3.3814772     
 Gap Method for Num. of Estimated Parameters { p(~effort)Psi(~pctrock + BRT_100m + pctShade + HAiFLS_for) } = 7          
 Threshold { p(~effort)Psi(~pctrock + BRT_100m + pctShade + HAiFLS_for) } = 0.5905051E-05                 
 Numerical Threshold Method for Num. of Estimated Parameters { p(~effort)Psi(~pctrock + BRT_100m + pctShade + HAiFLS_for) } = 7          
 Number of Estimated Parameters { p(~effort)Psi(~pctrock + BRT_100m + pctShade + HAiFLS_for) } = 7          
 DEVIANCE { p(~effort)Psi(~pctrock + BRT_100m + pctShade + HAiFLS_for) } = 158.45405                     
 DEVIANCE Degrees of Freedom { p(~effort)Psi(~pctrock + BRT_100m + pctShade + HAiFLS_for) } = 131            
 c-hat { p(~effort)Psi(~pctrock + BRT_100m + pctShade + HAiFLS_for) } = 1.2095729                     
 AIC { p(~effort)Psi(~pctrock + BRT_100m + pctShade + HAiFLS_for) } = 172.45405                  
 AICc { p(~effort)Psi(~pctrock + BRT_100m + pctShade + HAiFLS_for) } = 173.31558                    
 BIC { p(~effort)Psi(~pctrock + BRT_100m + pctShade + HAiFLS_for) } = 192.94482                    
 Pearson Chisquare { p(~effort)Psi(~pctrock + BRT_100m + pctShade + HAiFLS_for) } = 756.96021                  


 LOGIT Link Function Parameters of { p(~effort)Psi(~pctrock + BRT_100m + pctShade + HAiFLS_for) }
                                                              95% Confidence Interval
 Parameter                    Beta         Standard Error      Lower           Upper
 -------------------------  --------------  --------------  --------------  --------------
    1:p:(Intercept)         -0.2920117       0.6351126      -1.5368325       0.9528091    
    2:p:effort               0.0015197       0.7569614E-03   0.3603570E-04   0.0030033    
    3:Psi:(Intercept)       -2.7619080       0.9454290      -4.6149489      -0.9088670    
    4:Psi:pctrock            0.0044666       0.0134547      -0.0219045       0.0308378    
    5:Psi:BRT_100m           0.0331864       0.0165421       0.7639124E-03   0.0656089    
    6:Psi:pctShade          -0.0069987       0.0102048      -0.0270002       0.0130027    
    7:Psi:HAiFLS_for         0.0216191       0.0092316       0.0035251       0.0397131    


 Real Function Parameters of { p(~effort)Psi(~pctrock + BRT_100m + pctShade + HAiFLS_for) }

      Following estimates based on unstandardized individual covariate values:
          Variable   Value         
          ---------  ------------- 
          EFFORT1     906.23188    
          EFFORT2     834.18841    
          EFFORT3     818.18116    
          PCTROCK     68.678238    
          BRT_100M    6.7817616    
          PCTSHADE    48.614931    
          HAIFLS_FOR  26.272482    
                                                               95% Confidence Interval
  Parameter                  Estimate       Standard Error      Lower           Upper
 --------------------------  --------------  --------------  --------------  --------------
     1:p g1 a0 t1             0.7474713       0.0709616       0.5862124       0.8608074                          
     2:p g1 a1 t2             0.7262517       0.0710524       0.5683707       0.8423965                          
     3:p g1 a2 t3             0.7213890       0.0712048       0.5638941       0.8383148                          
     4:Psi g1 a0 t1           0.1189573       0.0309747       0.0703318       0.1941792                          


                      Estimates of Derived Parameters
 Occupancy Estimates of { p(~effort)Psi(~pctrock + BRT_100m + pctShade + HAiFLS_for) }
                                            95% Confidence Interval
 Group   Psi-hat         Standard Error      Lower           Upper
 -----   --------------  --------------  --------------  --------------
   1      0.1189573       0.0309747       0.0703318       0.1941792    

  Program  MARK  - Survival Rate Estimation with Capture-Recapture Data
   gfortran(dble) Vers. 9.0 Mar 2018    11-Dec-2019 13:41:02    Page  004
 - - - - - - - - - - - - - - - - - - - - - - - - - - - - - - - - - - - - - -
 

   CPU Time for the last procedure was 0.02 seconds.     


  INPUT --- proc stop;

     CPU Time in minutes for this job was 0.00

     Time Start = 13:41:01.646   Time End = 13:41:02.962

     Wall Clock Time in minutes for this job was 0.02


          E X E C U T I O N   S U C C E S S F U L 
