
   Program  MARK  - Survival Rate Estimation with Capture-Recapture Data
   gfortran(dble) Vers. 9.0 Mar 2018    12-Dec-2019 15:59:29    Page  001
 - - - - - - - - - - - - - - - - - - - - - - - - - - - - - - - - - - - - - -
 
   This version was compiled by GCC version 7.2.0 using the options: 
     -cpp -iprefix C:/Program Files/mingw-w64/x86_64-7.2.0-posix-seh-rt_v5-rev1/
     mingw64/bin/../lib/gcc/x86_64-w64-mingw32/7.2.0/ -D_MT -D_REENTRANT
     -U_REENTRANT -D IEEE -D DBLEPRECISION -m64 -mtune=core2 -march=nocona -mthreads
     -O2 -fimplicit-none -fbounds-check -funroll-loops -ftree-vectorize
     -ffpe-summary=invalid,zero,overflow,underflow -fno-unsafe-math-optimizations
     -frounding-math -fsignaling-nans -fopenmp.

   This problem will use 7 of 8 possible threads.


  INPUT --- proc title ;

   CPU Time for the last procedure was 0.01 seconds.     


  INPUT --- proc chmatrix occasions= 3 groups= 1 etype= Occupancy 
  INPUT --- Nodes= 101 icovar = 6 ICMeans  NoHist hist= 138 ;

  INPUT ---    time interval 1 1 1 ;

  INPUT ---     icovariates effort1 effort2 effort3 pctex21 pctShade  
  INPUT ---    HAiFLS_for ;

  INPUT ---    glabel(1)=freq1;

      Number of unique encounter histories read was 138.

      Number of individual covariates read was 6.
      Time interval lengths are all equal to 1.

      Data type number is 27
      Data type is Occupancy Estimation with Detection < 1                                                             

   CPU Time for the last procedure was 0.02 seconds.     

  Program  MARK  - Survival Rate Estimation with Capture-Recapture Data
   gfortran(dble) Vers. 9.0 Mar 2018    12-Dec-2019 15:59:29    Page  002
 - - - - - - - - - - - - - - - - - - - - - - - - - - - - - - - - - - - - - -
 


  INPUT --- proc estimate link=Logit NOLOOP varest=2ndPart    ;


  INPUT --- model={ p(~effort)Psi(~pctex21 + pctShade + HAiFLS_for) };

  INPUT ---    group=1 p    rows=1 cols=3 Square ;
  INPUT ---        1 2 3 ;

  INPUT ---    group=1 Psi    rows=1 cols=1 Square ;
  INPUT ---        4 ;

  INPUT ---    design matrix constraints=4 covariates=6;
  INPUT ---        1 effort1 0 0 0 0;
  INPUT ---        1 effort2 0 0 0 0;
  INPUT ---        1 effort3 0 0 0 0;
  INPUT ---        0 0 1 pctex21 pctShade HAiFLS_for;
  INPUT ---       blabel(1)=p:(Intercept);
  INPUT ---       blabel(2)=p:effort;
  INPUT ---       blabel(3)=Psi:(Intercept);
  INPUT ---       blabel(4)=Psi:pctex21;
  INPUT ---       blabel(5)=Psi:pctShade;
  INPUT ---       blabel(6)=Psi:HAiFLS_for;
  INPUT ---       rlabel(1)=p g1 a0 t1;
  INPUT ---       rlabel(2)=p g1 a1 t2;
  INPUT ---       rlabel(3)=p g1 a2 t3;
  INPUT ---       rlabel(4)=Psi g1 a0 t1;

 Link Function Used is LOGIT        

 Variance Estimation Procedure Used is 2ndPart 
 -2logL(saturated) = 0.0000000     
 Effective Sample Size = 138

 Number of function evaluations was 22 for 6 parameters.
 Time for numerical optimization was 0.08 seconds.     
 -2logL { p(~effort)Psi(~pctex21 + pctShade + HAiFLS_for) } = 141.45030     
 Penalty { p(~effort)Psi(~pctex21 + pctShade + HAiFLS_for) } = 0.0000000     
 Gradient { p(~effort)Psi(~pctex21 + pctShade + HAiFLS_for) }:
  0.1284549E-05  0.4927330E-06 -0.8108823E-06   0.000000       0.000000    
   0.000000    
 Maximum ABS(G) { p(~effort)Psi(~pctex21 + pctShade + HAiFLS_for) } = 0.1284549E-05 
 S Vector { p(~effort)Psi(~pctex21 + pctShade + HAiFLS_for) }:
   18.50176      7.812789      1.174299     0.6871519     0.9428369E-01
  0.1551995E-01
 Time to compute number of parameters was 0.02 seconds.     
 Ratio Threshold = 50.000000       Max Gap (4/5) = 7.2881320       Next Max Gap (2/3) = 6.6531500     
 Gap Method for Num. of Estimated Parameters { p(~effort)Psi(~pctex21 + pctShade + HAiFLS_for) } = 6          
 Threshold { p(~effort)Psi(~pctex21 + pctShade + HAiFLS_for) } = 0.2569097E-05                 
 Numerical Threshold Method for Num. of Estimated Parameters { p(~effort)Psi(~pctex21 + pctShade + HAiFLS_for) } = 6          
 Number of Estimated Parameters { p(~effort)Psi(~pctex21 + pctShade + HAiFLS_for) } = 6          
 DEVIANCE { p(~effort)Psi(~pctex21 + pctShade + HAiFLS_for) } = 141.45030                     
 DEVIANCE Degrees of Freedom { p(~effort)Psi(~pctex21 + pctShade + HAiFLS_for) } = 132            
 c-hat { p(~effort)Psi(~pctex21 + pctShade + HAiFLS_for) } = 1.0715932                     
 AIC { p(~effort)Psi(~pctex21 + pctShade + HAiFLS_for) } = 153.45030                  
 AICc { p(~effort)Psi(~pctex21 + pctShade + HAiFLS_for) } = 154.09152                    
 BIC { p(~effort)Psi(~pctex21 + pctShade + HAiFLS_for) } = 171.01382                    
 Pearson Chisquare { p(~effort)Psi(~pctex21 + pctShade + HAiFLS_for) } = 536.03380                  

  Program  MARK  - Survival Rate Estimation with Capture-Recapture Data
   gfortran(dble) Vers. 9.0 Mar 2018    12-Dec-2019 15:59:29    Page  003
 - - - - - - - - - - - - - - - - - - - - - - - - - - - - - - - - - - - - - -
 


     LOGIT Link Function Parameters of { p(~effort)Psi(~pctex21 + pctShade + HAiFLS_for) }
                                                              95% Confidence Interval
 Parameter                    Beta         Standard Error      Lower           Upper
 -------------------------  --------------  --------------  --------------  --------------
    1:p:(Intercept)         -0.4848396       0.6942796      -1.8456276       0.8759483    
    2:p:effort               0.0016906       0.8034587E-03   0.1157717E-03   0.0032653    
    3:Psi:(Intercept)       -1.3521892       0.5694704      -2.4683513      -0.2360271    
    4:Psi:pctex21           -0.7394894       0.2589774      -1.2470851      -0.2318938    
    5:Psi:pctShade          -0.0012310       0.0099197      -0.0206737       0.0182117    
    6:Psi:HAiFLS_for         0.0226496       0.0107854       0.0015102       0.0437890    


     Real Function Parameters of { p(~effort)Psi(~pctex21 + pctShade + HAiFLS_for) }

      Following estimates based on unstandardized individual covariate values:
          Variable   Value         
          ---------  ------------- 
          EFFORT1     906.23188    
          EFFORT2     834.18841    
          EFFORT3     818.18116    
          PCTEX21     4.8306834    
          PCTSHADE    48.614931    
          HAIFLS_FOR  26.272482    
                                                               95% Confidence Interval
  Parameter                  Estimate       Standard Error      Lower           Upper
 --------------------------  --------------  --------------  --------------  --------------
     1:p g1 a0 t1             0.7402352       0.0737280       0.5733848       0.8579916                          
     2:p g1 a1 t2             0.7161407       0.0746502       0.5512299       0.8382351                          
     3:p g1 a2 t3             0.7106077       0.0750137       0.5457171       0.8338682                          
     4:Psi g1 a0 t1           0.0122584       0.0138462       0.0013177       0.1045313                          


                      Estimates of Derived Parameters
 Occupancy Estimates of { p(~effort)Psi(~pctex21 + pctShade + HAiFLS_for) }
                                            95% Confidence Interval
 Group   Psi-hat         Standard Error      Lower           Upper
 -----   --------------  --------------  --------------  --------------
   1      0.0122584       0.0138462       0.0013177       0.1045313    

   CPU Time for the last procedure was 0.09 seconds.     

  Program  MARK  - Survival Rate Estimation with Capture-Recapture Data
   gfortran(dble) Vers. 9.0 Mar 2018    12-Dec-2019 15:59:29    Page  004
 - - - - - - - - - - - - - - - - - - - - - - - - - - - - - - - - - - - - - -
 


  INPUT --- proc stop;

     CPU Time in minutes for this job was 0.00

     Time Start = 15:59:29.187   Time End = 15:59:29.355

     Wall Clock Time in minutes for this job was 0.00


          E X E C U T I O N   S U C C E S S F U L 
