
   Program  MARK  - Survival Rate Estimation with Capture-Recapture Data
   gfortran(dble) Vers. 9.0 Mar 2018     9-Dec-2019 13:32:50    Page  001
 - - - - - - - - - - - - - - - - - - - - - - - - - - - - - - - - - - - - - -
 
   This version was compiled by GCC version 7.2.0 using the options: 
     -cpp -iprefix C:/Program Files/mingw-w64/x86_64-7.2.0-posix-seh-rt_v5-rev1/
     mingw64/bin/../lib/gcc/x86_64-w64-mingw32/7.2.0/ -D_MT -D_REENTRANT
     -U_REENTRANT -D IEEE -D DBLEPRECISION -m64 -mtune=core2 -march=nocona -mthreads
     -O2 -fimplicit-none -fbounds-check -funroll-loops -ftree-vectorize
     -ffpe-summary=invalid,zero,overflow,underflow -fno-unsafe-math-optimizations
     -frounding-math -fsignaling-nans -fopenmp.

   This problem will use 7 of 8 possible threads.


  INPUT --- proc title ;

   CPU Time for the last procedure was 0.01 seconds.     


  INPUT --- proc chmatrix occasions= 3 groups= 1 etype= Occupancy 
  INPUT --- Nodes= 101 icovar = 3 ICMeans  NoHist hist= 138 ;

  INPUT ---    time interval 1 1 1 ;

  INPUT ---     icovariates pctex21 pctrock BRT_100m ;

  INPUT ---    glabel(1)=freq1;

      Number of unique encounter histories read was 138.

      Number of individual covariates read was 3.
      Time interval lengths are all equal to 1.

      Data type number is 27
      Data type is Occupancy Estimation with Detection < 1                                                             

   CPU Time for the last procedure was 0.01 seconds.     

  Program  MARK  - Survival Rate Estimation with Capture-Recapture Data
   gfortran(dble) Vers. 9.0 Mar 2018     9-Dec-2019 13:32:50    Page  002
 - - - - - - - - - - - - - - - - - - - - - - - - - - - - - - - - - - - - - -
 


  INPUT --- proc estimate link=Logit NOLOOP varest=2ndPart    ;


  INPUT --- model={ p(~1)Psi(~pctex21 + pctrock + BRT_100m) };

  INPUT ---    group=1 p    rows=1 cols=3 Square ;
  INPUT ---        1 1 1 ;

  INPUT ---    group=1 Psi    rows=1 cols=1 Square ;
  INPUT ---        2 ;

  INPUT ---    design matrix constraints=2 covariates=5;
  INPUT ---        1 0 0 0 0;
  INPUT ---        0 1 pctex21 pctrock BRT_100m;
  INPUT ---       blabel(1)=p:(Intercept);
  INPUT ---       blabel(2)=Psi:(Intercept);
  INPUT ---       blabel(3)=Psi:pctex21;
  INPUT ---       blabel(4)=Psi:pctrock;
  INPUT ---       blabel(5)=Psi:BRT_100m;
  INPUT ---       rlabel(1)=p g1 a0 t1;
  INPUT ---       rlabel(2)=Psi g1 a0 t1;

 Link Function Used is LOGIT        

 Variance Estimation Procedure Used is 2ndPart 
 -2logL(saturated) = 0.0000000     
 Effective Sample Size = 138

 Number of function evaluations was 19 for 5 parameters.
 Time for numerical optimization was 0.02 seconds.     
 -2logL { p(~1)Psi(~pctex21 + pctrock + BRT_100m) } = 149.82387     
 Penalty { p(~1)Psi(~pctex21 + pctrock + BRT_100m) } = 0.0000000     
 Gradient { p(~1)Psi(~pctex21 + pctrock + BRT_100m) }:
 -0.9793712E-06   0.000000     -0.9223658E-07 -0.9707572E-06 -0.1179748E-05
 Maximum ABS(G) { p(~1)Psi(~pctex21 + pctrock + BRT_100m) } = 0.1179748E-05 
 S Vector { p(~1)Psi(~pctex21 + pctrock + BRT_100m) }:
   20.61105      9.636371     0.5422003     0.3280761     0.1849717E-01
 Time to compute number of parameters was 0.01 seconds.     
 Ratio Threshold = 50.000000       Max Gap (2/3) = 17.772713       Next Max Gap (4/5) = 17.736552     
 Gap Method for Num. of Estimated Parameters { p(~1)Psi(~pctex21 + pctrock + BRT_100m) } = 5          
 Threshold { p(~1)Psi(~pctex21 + pctrock + BRT_100m) } = 0.2359496E-05                 
 Numerical Threshold Method for Num. of Estimated Parameters { p(~1)Psi(~pctex21 + pctrock + BRT_100m) } = 5          
 Number of Estimated Parameters { p(~1)Psi(~pctex21 + pctrock + BRT_100m) } = 5          
 DEVIANCE { p(~1)Psi(~pctex21 + pctrock + BRT_100m) } = 149.82387                     
 DEVIANCE Degrees of Freedom { p(~1)Psi(~pctex21 + pctrock + BRT_100m) } = 133            
 c-hat { p(~1)Psi(~pctex21 + pctrock + BRT_100m) } = 1.1264953                     
 AIC { p(~1)Psi(~pctex21 + pctrock + BRT_100m) } = 159.82387                  
 AICc { p(~1)Psi(~pctex21 + pctrock + BRT_100m) } = 160.27842                    
 BIC { p(~1)Psi(~pctex21 + pctrock + BRT_100m) } = 174.46014                    
 Pearson Chisquare { p(~1)Psi(~pctex21 + pctrock + BRT_100m) } = 1082.3835                  


         LOGIT Link Function Parameters of { p(~1)Psi(~pctex21 + pctrock + BRT_100m) }
                                                              95% Confidence Interval
 Parameter                    Beta         Standard Error      Lower           Upper
 -------------------------  --------------  --------------  --------------  --------------

  Program  MARK  - Survival Rate Estimation with Capture-Recapture Data
   gfortran(dble) Vers. 9.0 Mar 2018     9-Dec-2019 13:32:50    Page  003
 - - - - - - - - - - - - - - - - - - - - - - - - - - - - - - - - - - - - - -
 
    1:p:(Intercept)          0.9475236       0.3213144       0.3177473       1.5772999    
    2:Psi:(Intercept)       -1.7133923       0.8800320      -3.4382550       0.0114704    
    3:Psi:pctex21           -0.6354487       0.2373917      -1.1007364      -0.1701610    
    4:Psi:pctrock            0.0096480       0.0121842      -0.0142331       0.0335292    
    5:Psi:BRT_100m           0.0232308       0.0170842      -0.0102543       0.0567159    


         Real Function Parameters of { p(~1)Psi(~pctex21 + pctrock + BRT_100m) }

      Following estimates based on unstandardized individual covariate values:
          Variable   Value         
          ---------  ------------- 
          PCTEX21     4.8306834    
          PCTROCK     68.678238    
          BRT_100M    6.7817616    
                                                               95% Confidence Interval
  Parameter                  Estimate       Standard Error      Lower           Upper
 --------------------------  --------------  --------------  --------------  --------------
     1:p g1 a0 t1             0.7206169       0.0646896       0.5787752       0.8288218                          
     2:Psi g1 a0 t1           0.0186536       0.0190062       0.0024778       0.1269859                          


                      Estimates of Derived Parameters
    Occupancy Estimates of { p(~1)Psi(~pctex21 + pctrock + BRT_100m) }
                                            95% Confidence Interval
 Group   Psi-hat         Standard Error      Lower           Upper
 -----   --------------  --------------  --------------  --------------
   1      0.0186536       0.0190062       0.0024778       0.1269859    

   CPU Time for the last procedure was 0.03 seconds.     

  Program  MARK  - Survival Rate Estimation with Capture-Recapture Data
   gfortran(dble) Vers. 9.0 Mar 2018     9-Dec-2019 13:32:50    Page  004
 - - - - - - - - - - - - - - - - - - - - - - - - - - - - - - - - - - - - - -
 


  INPUT --- proc stop;

     CPU Time in minutes for this job was 0.00

     Time Start = 13:32:50.198   Time End = 13:32:50.349

     Wall Clock Time in minutes for this job was 0.00


          E X E C U T I O N   S U C C E S S F U L 
