
   Program  MARK  - Survival Rate Estimation with Capture-Recapture Data
   gfortran(dble) Vers. 9.0 Mar 2018     6-Dec-2019 14:35:38    Page  001
 - - - - - - - - - - - - - - - - - - - - - - - - - - - - - - - - - - - - - -
 
   This version was compiled by GCC version 7.2.0 using the options: 
     -cpp -iprefix C:/Program Files/mingw-w64/x86_64-7.2.0-posix-seh-rt_v5-rev1/
     mingw64/bin/../lib/gcc/x86_64-w64-mingw32/7.2.0/ -D_MT -D_REENTRANT
     -U_REENTRANT -D IEEE -D DBLEPRECISION -m64 -mtune=core2 -march=nocona -mthreads
     -O2 -fimplicit-none -fbounds-check -funroll-loops -ftree-vectorize
     -ffpe-summary=invalid,zero,overflow,underflow -fno-unsafe-math-optimizations
     -frounding-math -fsignaling-nans -fopenmp.

   This problem will use 7 of 8 possible threads.


  INPUT --- proc title ;

   CPU Time for the last procedure was 0.01 seconds.     


  INPUT --- proc chmatrix occasions= 3 groups= 1 etype= Occupancy 
  INPUT --- Nodes= 101 icovar = 5 ICMeans  NoHist hist= 138 ;

  INPUT ---    time interval 1 1 1 ;

  INPUT ---     icovariates effort1 effort2 effort3 pctpool LWD ;

  INPUT ---    glabel(1)=freq1;

      Number of unique encounter histories read was 138.

      Number of individual covariates read was 5.
      Time interval lengths are all equal to 1.

      Data type number is 27
      Data type is Occupancy Estimation with Detection < 1                                                             

   CPU Time for the last procedure was 0.01 seconds.     

  Program  MARK  - Survival Rate Estimation with Capture-Recapture Data
   gfortran(dble) Vers. 9.0 Mar 2018     6-Dec-2019 14:35:38    Page  002
 - - - - - - - - - - - - - - - - - - - - - - - - - - - - - - - - - - - - - -
 


  INPUT --- proc estimate link=Logit NOLOOP varest=2ndPart    ;


  INPUT --- model={ p(~effort)Psi(~pctpool + LWD) };

  INPUT ---    group=1 p    rows=1 cols=3 Square ;
  INPUT ---        1 2 3 ;

  INPUT ---    group=1 Psi    rows=1 cols=1 Square ;
  INPUT ---        4 ;

  INPUT ---    design matrix constraints=4 covariates=5;
  INPUT ---        1 effort1 0 0 0;
  INPUT ---        1 effort2 0 0 0;
  INPUT ---        1 effort3 0 0 0;
  INPUT ---        0 0 1 pctpool LWD;
  INPUT ---       blabel(1)=p:(Intercept);
  INPUT ---       blabel(2)=p:effort;
  INPUT ---       blabel(3)=Psi:(Intercept);
  INPUT ---       blabel(4)=Psi:pctpool;
  INPUT ---       blabel(5)=Psi:LWD;
  INPUT ---       rlabel(1)=p g1 a0 t1;
  INPUT ---       rlabel(2)=p g1 a1 t2;
  INPUT ---       rlabel(3)=p g1 a2 t3;
  INPUT ---       rlabel(4)=Psi g1 a0 t1;

 Link Function Used is LOGIT        

 Variance Estimation Procedure Used is 2ndPart 
 -2logL(saturated) = 0.0000000     
 Effective Sample Size = 138

 Number of function evaluations was 15 for 5 parameters.
 Time for numerical optimization was 0.03 seconds.     
 -2logL { p(~effort)Psi(~pctpool + LWD) } = 167.12309     
 Penalty { p(~effort)Psi(~pctpool + LWD) } = 0.0000000     
 Gradient { p(~effort)Psi(~pctpool + LWD) }:
   0.000000      0.3251754E-06  0.6294948E-06  0.8028296E-06  0.9190622E-06
 Maximum ABS(G) { p(~effort)Psi(~pctpool + LWD) } = 0.9190622E-06 
 S Vector { p(~effort)Psi(~pctpool + LWD) }:
   19.07302      8.036535     0.7926727     0.6400870     0.1749735    
 Time to compute number of parameters was 0.01 seconds.     
 Ratio Threshold = 50.000000       Max Gap (2/3) = 10.138529       Next Max Gap (4/5) = 3.6581943     
 Gap Method for Num. of Estimated Parameters { p(~effort)Psi(~pctpool + LWD) } = 5          
 Threshold { p(~effort)Psi(~pctpool + LWD) } = 0.1838124E-05                 
 Numerical Threshold Method for Num. of Estimated Parameters { p(~effort)Psi(~pctpool + LWD) } = 5          
 Number of Estimated Parameters { p(~effort)Psi(~pctpool + LWD) } = 5          
 DEVIANCE { p(~effort)Psi(~pctpool + LWD) } = 167.12309                     
 DEVIANCE Degrees of Freedom { p(~effort)Psi(~pctpool + LWD) } = 133            
 c-hat { p(~effort)Psi(~pctpool + LWD) } = 1.2565646                     
 AIC { p(~effort)Psi(~pctpool + LWD) } = 177.12309                  
 AICc { p(~effort)Psi(~pctpool + LWD) } = 177.57764                    
 BIC { p(~effort)Psi(~pctpool + LWD) } = 191.75936                    
 Pearson Chisquare { p(~effort)Psi(~pctpool + LWD) } = 860.67374                  

  Program  MARK  - Survival Rate Estimation with Capture-Recapture Data
   gfortran(dble) Vers. 9.0 Mar 2018     6-Dec-2019 14:35:38    Page  003
 - - - - - - - - - - - - - - - - - - - - - - - - - - - - - - - - - - - - - -
 


              LOGIT Link Function Parameters of { p(~effort)Psi(~pctpool + LWD) }
                                                              95% Confidence Interval
 Parameter                    Beta         Standard Error      Lower           Upper
 -------------------------  --------------  --------------  --------------  --------------
    1:p:(Intercept)          0.9814668       0.3648119       0.2664355       1.6964981    
    2:p:effort               1.0543701       0.5175083       0.0400538       2.0686865    
    3:Psi:(Intercept)       -2.0299672       0.5049819      -3.0197318      -1.0402026    
    4:Psi:pctpool            0.0173783       0.0135038      -0.0090892       0.0438458    
    5:Psi:LWD               -1.0753205       1.2172317      -3.4610946       1.3104536    


              Real Function Parameters of { p(~effort)Psi(~pctpool + LWD) }

      Following estimates based on unstandardized individual covariate values:
          Variable   Value         
          ---------  ------------- 
          EFFORT1    -0.7246373E-10
          EFFORT2    -0.1449268E-10
          EFFORT3     0.4347865E-11
          PCTPOOL     25.664251    
          LWD         0.2273503    
                                                               95% Confidence Interval
  Parameter                  Estimate       Standard Error      Lower           Upper
 --------------------------  --------------  --------------  --------------  --------------
     1:p g1 a0 t1             0.7273992       0.0723384       0.5662176       0.8450768                          
     2:p g1 a1 t2             0.7273992       0.0723384       0.5662176       0.8450768                          
     3:p g1 a2 t3             0.7273992       0.0723384       0.5662176       0.8450768                          
     4:Psi g1 a0 t1           0.1384242       0.0314098       0.0874929       0.2121119                          


                      Estimates of Derived Parameters
         Occupancy Estimates of { p(~effort)Psi(~pctpool + LWD) }
                                            95% Confidence Interval
 Group   Psi-hat         Standard Error      Lower           Upper
 -----   --------------  --------------  --------------  --------------
   1      0.1384242       0.0314098       0.0874929       0.2121119    

   CPU Time for the last procedure was 0.03 seconds.     

  Program  MARK  - Survival Rate Estimation with Capture-Recapture Data
   gfortran(dble) Vers. 9.0 Mar 2018     6-Dec-2019 14:35:38    Page  004
 - - - - - - - - - - - - - - - - - - - - - - - - - - - - - - - - - - - - - -
 


  INPUT --- proc stop;

     CPU Time in minutes for this job was 0.00

     Time Start = 14:35:38.849   Time End = 14:35:38.963

     Wall Clock Time in minutes for this job was 0.00


          E X E C U T I O N   S U C C E S S F U L 
