
   Program  MARK  - Survival Rate Estimation with Capture-Recapture Data
   gfortran(dble) Vers. 9.0 Mar 2018     4-Dec-2019 15:22:22    Page  001
 - - - - - - - - - - - - - - - - - - - - - - - - - - - - - - - - - - - - - -
 
   This version was compiled by GCC version 7.2.0 using the options: 
     -cpp -iprefix C:/Program Files/mingw-w64/x86_64-7.2.0-posix-seh-rt_v5-rev1/
     mingw64/bin/../lib/gcc/x86_64-w64-mingw32/7.2.0/ -D_MT -D_REENTRANT
     -U_REENTRANT -D IEEE -D DBLEPRECISION -m64 -mtune=core2 -march=nocona -mthreads
     -O2 -fimplicit-none -fbounds-check -funroll-loops -ftree-vectorize
     -ffpe-summary=invalid,zero,overflow,underflow -fno-unsafe-math-optimizations
     -frounding-math -fsignaling-nans -fopenmp.

   This problem will use 7 of 8 possible threads.


  INPUT --- proc title ;

   CPU Time for the last procedure was 0.01 seconds.     


  INPUT --- proc chmatrix occasions= 3 groups= 1 etype= Occupancy 
  INPUT --- Nodes= 101 icovar = 4 ICMeans  NoHist hist= 138 ;

  INPUT ---    time interval 1 1 1 ;

  INPUT ---     icovariates effort1 effort2 effort3 machabprop ;

  INPUT ---    glabel(1)=freq1;

      Number of unique encounter histories read was 138.

      Number of individual covariates read was 4.
      Time interval lengths are all equal to 1.

      Data type number is 27
      Data type is Occupancy Estimation with Detection < 1                                                             

   CPU Time for the last procedure was 0.01 seconds.     

  Program  MARK  - Survival Rate Estimation with Capture-Recapture Data
   gfortran(dble) Vers. 9.0 Mar 2018     4-Dec-2019 15:22:22    Page  002
 - - - - - - - - - - - - - - - - - - - - - - - - - - - - - - - - - - - - - -
 


  INPUT --- proc estimate link=Logit NOLOOP varest=2ndPart    ;


  INPUT --- model={ p(~effort)Psi(~machabprop) };

  INPUT ---    group=1 p    rows=1 cols=3 Square ;
  INPUT ---        1 2 3 ;

  INPUT ---    group=1 Psi    rows=1 cols=1 Square ;
  INPUT ---        4 ;

  INPUT ---    design matrix constraints=4 covariates=4;
  INPUT ---        1 effort1 0 0;
  INPUT ---        1 effort2 0 0;
  INPUT ---        1 effort3 0 0;
  INPUT ---        0 0 1 machabprop;
  INPUT ---       blabel(1)=p:(Intercept);
  INPUT ---       blabel(2)=p:effort;
  INPUT ---       blabel(3)=Psi:(Intercept);
  INPUT ---       blabel(4)=Psi:machabprop;
  INPUT ---       rlabel(1)=p g1 a0 t1;
  INPUT ---       rlabel(2)=p g1 a1 t2;
  INPUT ---       rlabel(3)=p g1 a2 t3;
  INPUT ---       rlabel(4)=Psi g1 a0 t1;

 Link Function Used is LOGIT        

 Variance Estimation Procedure Used is 2ndPart 
 -2logL(saturated) = 0.0000000     
 Effective Sample Size = 138

 Number of function evaluations was 15 for 4 parameters.
 Time for numerical optimization was 0.09 seconds.     
 -2logL { p(~effort)Psi(~machabprop) } = 167.06561     
 Penalty { p(~effort)Psi(~machabprop) } = 0.0000000     
 Gradient { p(~effort)Psi(~machabprop) }:
  0.1913891E-05 -0.3314436E-06  0.6709991E-06  0.1899468E-05
 Maximum ABS(G) { p(~effort)Psi(~machabprop) } = 0.1913891E-05 
 S Vector { p(~effort)Psi(~machabprop) }:
   16.38936      8.209754      2.022008     0.1797334    
 Time to compute number of parameters was 0.01 seconds.     
 Ratio Threshold = 50.000000       Max Gap (3/4) = 11.250038       Next Max Gap (2/3) = 4.0601994     
 Gap Method for Num. of Estimated Parameters { p(~effort)Psi(~machabprop) } = 4          
 Threshold { p(~effort)Psi(~machabprop) } = 0.3827782E-05                 
 Numerical Threshold Method for Num. of Estimated Parameters { p(~effort)Psi(~machabprop) } = 4          
 Number of Estimated Parameters { p(~effort)Psi(~machabprop) } = 4          
 DEVIANCE { p(~effort)Psi(~machabprop) } = 167.06561                     
 DEVIANCE Degrees of Freedom { p(~effort)Psi(~machabprop) } = 134            
 c-hat { p(~effort)Psi(~machabprop) } = 1.2467583                     
 AIC { p(~effort)Psi(~machabprop) } = 175.06561                  
 AICc { p(~effort)Psi(~machabprop) } = 175.36636                    
 BIC { p(~effort)Psi(~machabprop) } = 186.77463                    
 Pearson Chisquare { p(~effort)Psi(~machabprop) } = 883.06706                  

  Program  MARK  - Survival Rate Estimation with Capture-Recapture Data
   gfortran(dble) Vers. 9.0 Mar 2018     4-Dec-2019 15:22:22    Page  003
 - - - - - - - - - - - - - - - - - - - - - - - - - - - - - - - - - - - - - -
 


                LOGIT Link Function Parameters of { p(~effort)Psi(~machabprop) }
                                                              95% Confidence Interval
 Parameter                    Beta         Standard Error      Lower           Upper
 -------------------------  --------------  --------------  --------------  --------------
    1:p:(Intercept)          0.9931630       0.3623033       0.2830485       1.7032776    
    2:p:effort               1.0303319       0.5105831       0.0295890       2.0310748    
    3:Psi:(Intercept)       -1.8425504       0.2663298      -2.3645568      -1.3205439    
    4:Psi:machabprop        -0.4169440       0.2886797      -0.9827563       0.1488683    


                Real Function Parameters of { p(~effort)Psi(~machabprop) }

      Following estimates based on unstandardized individual covariate values:
          Variable   Value         
          ---------  ------------- 
          EFFORT1    -0.7246373E-10
          EFFORT2    -0.1449268E-10
          EFFORT3     0.4347865E-11
          MACHABPROP -0.8205996E-16
                                                               95% Confidence Interval
  Parameter                  Estimate       Standard Error      Lower           Upper
 --------------------------  --------------  --------------  --------------  --------------
     1:p g1 a0 t1             0.7297122       0.0714579       0.5702934       0.8459623                          
     2:p g1 a1 t2             0.7297122       0.0714579       0.5702934       0.8459623                          
     3:p g1 a2 t3             0.7297122       0.0714579       0.5702934       0.8459623                          
     4:Psi g1 a0 t1           0.1367499       0.0314401       0.0859157       0.2107278                          


                      Estimates of Derived Parameters
          Occupancy Estimates of { p(~effort)Psi(~machabprop) }
                                            95% Confidence Interval
 Group   Psi-hat         Standard Error      Lower           Upper
 -----   --------------  --------------  --------------  --------------
   1      0.1367499       0.0314401       0.0859157       0.2107278    

   CPU Time for the last procedure was 0.09 seconds.     

  Program  MARK  - Survival Rate Estimation with Capture-Recapture Data
   gfortran(dble) Vers. 9.0 Mar 2018     4-Dec-2019 15:22:22    Page  004
 - - - - - - - - - - - - - - - - - - - - - - - - - - - - - - - - - - - - - -
 


  INPUT --- proc stop;

     CPU Time in minutes for this job was 0.00

     Time Start = 15:22:22.626   Time End = 15:22:22.722

     Wall Clock Time in minutes for this job was 0.00


          E X E C U T I O N   S U C C E S S F U L 
