
   Program  MARK  - Survival Rate Estimation with Capture-Recapture Data
   gfortran(dble) Vers. 9.0 Mar 2018     9-Dec-2019 13:32:30    Page  001
 - - - - - - - - - - - - - - - - - - - - - - - - - - - - - - - - - - - - - -
 
   This version was compiled by GCC version 7.2.0 using the options: 
     -cpp -iprefix C:/Program Files/mingw-w64/x86_64-7.2.0-posix-seh-rt_v5-rev1/
     mingw64/bin/../lib/gcc/x86_64-w64-mingw32/7.2.0/ -D_MT -D_REENTRANT
     -U_REENTRANT -D IEEE -D DBLEPRECISION -m64 -mtune=core2 -march=nocona -mthreads
     -O2 -fimplicit-none -fbounds-check -funroll-loops -ftree-vectorize
     -ffpe-summary=invalid,zero,overflow,underflow -fno-unsafe-math-optimizations
     -frounding-math -fsignaling-nans -fopenmp.

   This problem will use 7 of 8 possible threads.


  INPUT --- proc title ;

   CPU Time for the last procedure was 0.01 seconds.     


  INPUT --- proc chmatrix occasions= 3 groups= 1 etype= Occupancy 
  INPUT --- Nodes= 101 icovar = 5 ICMeans  NoHist hist= 138 ;

  INPUT ---    time interval 1 1 1 ;

  INPUT ---     icovariates pctex21 pctpool pctrock BRT_100m pctBrBnk ;

  INPUT ---    glabel(1)=freq1;

      Number of unique encounter histories read was 138.

      Number of individual covariates read was 5.
      Time interval lengths are all equal to 1.

      Data type number is 27
      Data type is Occupancy Estimation with Detection < 1                                                             

   CPU Time for the last procedure was 0.01 seconds.     

  Program  MARK  - Survival Rate Estimation with Capture-Recapture Data
   gfortran(dble) Vers. 9.0 Mar 2018     9-Dec-2019 13:32:30    Page  002
 - - - - - - - - - - - - - - - - - - - - - - - - - - - - - - - - - - - - - -
 


  INPUT --- proc estimate link=Logit NOLOOP varest=2ndPart    ;


  INPUT --- model={ p(~1)Psi(~pctex21 + pctpool + pctrock + BRT_100m + 
  INPUT --- pctBrBnk) };

  INPUT ---    group=1 p    rows=1 cols=3 Square ;
  INPUT ---        1 1 1 ;

  INPUT ---    group=1 Psi    rows=1 cols=1 Square ;
  INPUT ---        2 ;

  INPUT ---    design matrix constraints=2 covariates=7;
  INPUT ---        1 0 0 0 0 0 0;
  INPUT ---        0 1 pctex21 pctpool pctrock BRT_100m pctBrBnk;
  INPUT ---       blabel(1)=p:(Intercept);
  INPUT ---       blabel(2)=Psi:(Intercept);
  INPUT ---       blabel(3)=Psi:pctex21;
  INPUT ---       blabel(4)=Psi:pctpool;
  INPUT ---       blabel(5)=Psi:pctrock;
  INPUT ---       blabel(6)=Psi:BRT_100m;
  INPUT ---       blabel(7)=Psi:pctBrBnk;
  INPUT ---       rlabel(1)=p g1 a0 t1;
  INPUT ---       rlabel(2)=Psi g1 a0 t1;

 Link Function Used is LOGIT        

 Variance Estimation Procedure Used is 2ndPart 
 -2logL(saturated) = 0.0000000     
 Effective Sample Size = 138

 Number of function evaluations was 24 for 7 parameters.
 Time for numerical optimization was 0.11 seconds.     
 -2logL { p(~1)Psi(~pctex21 + pctpool + pctrock + BRT_100m + pctBrBnk) } = 146.46230     
 Penalty { p(~1)Psi(~pctex21 + pctpool + pctrock + BRT_100m + pctBrBnk) } = 0.0000000     
 Gradient { p(~1)Psi(~pctex21 + pctpool + pctrock + BRT_100m + pctBrBnk) }:
 -0.1955617E-05   0.000000       0.000000     -0.6674955E-06 -0.1503818E-05
   0.000000     -0.5579552E-06
 Maximum ABS(G) { p(~1)Psi(~pctex21 + pctpool + pctrock + BRT_100m + pctBrBnk) } = 0.1955617E-05 
 S Vector { p(~1)Psi(~pctex21 + pctpool + pctrock + BRT_100m + pctBrBnk) }:
   21.93534      9.696823      1.004659     0.4535906     0.2392018    
  0.2288087     0.1825670E-01
 Time to compute number of parameters was 0.06 seconds.     
 Ratio Threshold = 50.000000       Max Gap (6/7) = 12.532863       Next Max Gap (2/3) = 9.6518540     
 Gap Method for Num. of Estimated Parameters { p(~1)Psi(~pctex21 + pctpool + pctrock + BRT_100m + pctBrBnk) } = 7          
 Threshold { p(~1)Psi(~pctex21 + pctpool + pctrock + BRT_100m + pctBrBnk) } = 0.3911234E-05                 
 Numerical Threshold Method for Num. of Estimated Parameters { p(~1)Psi(~pctex21 + pctpool + pctrock + BRT_100m + pctBrBnk) } = 7          
 Number of Estimated Parameters { p(~1)Psi(~pctex21 + pctpool + pctrock + BRT_100m + pctBrBnk) } = 7          
 DEVIANCE { p(~1)Psi(~pctex21 + pctpool + pctrock + BRT_100m + pctBrBnk) } = 146.46230                     
 DEVIANCE Degrees of Freedom { p(~1)Psi(~pctex21 + pctpool + pctrock + BRT_100m + pctBrBnk) } = 131            
 c-hat { p(~1)Psi(~pctex21 + pctpool + pctrock + BRT_100m + pctBrBnk) } = 1.1180328                     
 AIC { p(~1)Psi(~pctex21 + pctpool + pctrock + BRT_100m + pctBrBnk) } = 160.46230                  
 AICc { p(~1)Psi(~pctex21 + pctpool + pctrock + BRT_100m + pctBrBnk) } = 161.32384                    
 BIC { p(~1)Psi(~pctex21 + pctpool + pctrock + BRT_100m + pctBrBnk) } = 180.95308                    
 Pearson Chisquare { p(~1)Psi(~pctex21 + pctpool + pctrock + BRT_100m + pctBrBnk) } = 1343.8927                  

  Program  MARK  - Survival Rate Estimation with Capture-Recapture Data
   gfortran(dble) Vers. 9.0 Mar 2018     9-Dec-2019 13:32:30    Page  003
 - - - - - - - - - - - - - - - - - - - - - - - - - - - - - - - - - - - - - -
 


 LOGIT Link Function Parameters of { p(~1)Psi(~pctex21 + pctpool + pctrock + BRT_100m + pctBrBnk) }
                                                              95% Confidence Interval
 Parameter                    Beta         Standard Error      Lower           Upper
 -------------------------  --------------  --------------  --------------  --------------
    1:p:(Intercept)          0.9506363       0.3203760       0.3226992       1.5785733    
    2:Psi:(Intercept)       -2.2067857       1.2881093      -4.7314800       0.3179087    
    3:Psi:pctex21           -0.5992000       0.2387477      -1.0671455      -0.1312545    
    4:Psi:pctpool            0.0234628       0.0163155      -0.0085157       0.0554412    
    5:Psi:pctrock            0.0153667       0.0138744      -0.0118270       0.0425605    
    6:Psi:BRT_100m           0.0161919       0.0168666      -0.0168666       0.0492504    
    7:Psi:pctBrBnk          -0.7637248       0.6334129      -2.0052141       0.4777644    


 Real Function Parameters of { p(~1)Psi(~pctex21 + pctpool + pctrock + BRT_100m + pctBrBnk) }

      Following estimates based on unstandardized individual covariate values:
          Variable   Value         
          ---------  ------------- 
          PCTEX21     4.8306834    
          PCTPOOL     25.664251    
          PCTROCK     68.678238    
          BRT_100M    6.7817616    
          PCTBRBNK    0.8740586    
                                                               95% Confidence Interval
  Parameter                  Estimate       Standard Error      Lower           Upper
 --------------------------  --------------  --------------  --------------  --------------
     1:p g1 a0 t1             0.7212431       0.0644121       0.5799819       0.8290024                          
     2:Psi g1 a0 t1           0.0179589       0.0182138       0.0024100       0.1215988                          


                      Estimates of Derived Parameters
 Occupancy Estimates of { p(~1)Psi(~pctex21 + pctpool + pctrock + BRT_100m + pctBrBnk) }
                                            95% Confidence Interval
 Group   Psi-hat         Standard Error      Lower           Upper
 -----   --------------  --------------  --------------  --------------
   1      0.0179589       0.0182138       0.0024100       0.1215988    

   CPU Time for the last procedure was 0.17 seconds.     

  Program  MARK  - Survival Rate Estimation with Capture-Recapture Data
   gfortran(dble) Vers. 9.0 Mar 2018     9-Dec-2019 13:32:30    Page  004
 - - - - - - - - - - - - - - - - - - - - - - - - - - - - - - - - - - - - - -
 


  INPUT --- proc stop;

     CPU Time in minutes for this job was 0.00

     Time Start = 13:32:30.244   Time End = 13:32:30.417

     Wall Clock Time in minutes for this job was 0.00


          E X E C U T I O N   S U C C E S S F U L 
