
   Program  MARK  - Survival Rate Estimation with Capture-Recapture Data
   gfortran(dble) Vers. 9.0 Mar 2018     6-Dec-2019 14:35:07    Page  001
 - - - - - - - - - - - - - - - - - - - - - - - - - - - - - - - - - - - - - -
 
   This version was compiled by GCC version 7.2.0 using the options: 
     -cpp -iprefix C:/Program Files/mingw-w64/x86_64-7.2.0-posix-seh-rt_v5-rev1/
     mingw64/bin/../lib/gcc/x86_64-w64-mingw32/7.2.0/ -D_MT -D_REENTRANT
     -U_REENTRANT -D IEEE -D DBLEPRECISION -m64 -mtune=core2 -march=nocona -mthreads
     -O2 -fimplicit-none -fbounds-check -funroll-loops -ftree-vectorize
     -ffpe-summary=invalid,zero,overflow,underflow -fno-unsafe-math-optimizations
     -frounding-math -fsignaling-nans -fopenmp.

   This problem will use 7 of 8 possible threads.


  INPUT --- proc title ;

   CPU Time for the last procedure was 0.01 seconds.     


  INPUT --- proc chmatrix occasions= 3 groups= 1 etype= Occupancy 
  INPUT --- Nodes= 101 icovar = 6 ICMeans  NoHist hist= 138 ;

  INPUT ---    time interval 1 1 1 ;

  INPUT ---     icovariates effort1 effort2 effort3 pctpool LWD pctBrBnk  ;

  INPUT ---    glabel(1)=freq1;

      Number of unique encounter histories read was 138.

      Number of individual covariates read was 6.
      Time interval lengths are all equal to 1.

      Data type number is 27
      Data type is Occupancy Estimation with Detection < 1                                                             

   CPU Time for the last procedure was 0.01 seconds.     

  Program  MARK  - Survival Rate Estimation with Capture-Recapture Data
   gfortran(dble) Vers. 9.0 Mar 2018     6-Dec-2019 14:35:07    Page  002
 - - - - - - - - - - - - - - - - - - - - - - - - - - - - - - - - - - - - - -
 


  INPUT --- proc estimate link=Logit NOLOOP varest=2ndPart    ;


  INPUT --- model={ p(~effort)Psi(~pctpool + LWD + pctBrBnk) };

  INPUT ---    group=1 p    rows=1 cols=3 Square ;
  INPUT ---        1 2 3 ;

  INPUT ---    group=1 Psi    rows=1 cols=1 Square ;
  INPUT ---        4 ;

  INPUT ---    design matrix constraints=4 covariates=6;
  INPUT ---        1 effort1 0 0 0 0;
  INPUT ---        1 effort2 0 0 0 0;
  INPUT ---        1 effort3 0 0 0 0;
  INPUT ---        0 0 1 pctpool LWD pctBrBnk;
  INPUT ---       blabel(1)=p:(Intercept);
  INPUT ---       blabel(2)=p:effort;
  INPUT ---       blabel(3)=Psi:(Intercept);
  INPUT ---       blabel(4)=Psi:pctpool;
  INPUT ---       blabel(5)=Psi:LWD;
  INPUT ---       blabel(6)=Psi:pctBrBnk;
  INPUT ---       rlabel(1)=p g1 a0 t1;
  INPUT ---       rlabel(2)=p g1 a1 t2;
  INPUT ---       rlabel(3)=p g1 a2 t3;
  INPUT ---       rlabel(4)=Psi g1 a0 t1;

 Link Function Used is LOGIT        

 Variance Estimation Procedure Used is 2ndPart 
 -2logL(saturated) = 0.0000000     
 Effective Sample Size = 138

 Number of function evaluations was 17 for 6 parameters.
 Time for numerical optimization was 0.06 seconds.     
 -2logL { p(~effort)Psi(~pctpool + LWD + pctBrBnk) } = 159.67270     
 Penalty { p(~effort)Psi(~pctpool + LWD + pctBrBnk) } = 0.0000000     
 Gradient { p(~effort)Psi(~pctpool + LWD + pctBrBnk) }:
 -0.2912027E-05  0.3151304E-06 -0.1753096E-05   0.000000      0.1209386E-05
 -0.3332754E-06
 Maximum ABS(G) { p(~effort)Psi(~pctpool + LWD + pctBrBnk) } = 0.2912027E-05 
 S Vector { p(~effort)Psi(~pctpool + LWD + pctBrBnk) }:
   18.50230      7.740104     0.8503097     0.6025323     0.2495352    
  0.1661389    
 Time to compute number of parameters was 0.01 seconds.     
 Ratio Threshold = 50.000000       Max Gap (2/3) = 9.1026882       Next Max Gap (4/5) = 2.4146183     
 Gap Method for Num. of Estimated Parameters { p(~effort)Psi(~pctpool + LWD + pctBrBnk) } = 6          
 Threshold { p(~effort)Psi(~pctpool + LWD + pctBrBnk) } = 0.5824055E-05                 
 Numerical Threshold Method for Num. of Estimated Parameters { p(~effort)Psi(~pctpool + LWD + pctBrBnk) } = 6          
 Number of Estimated Parameters { p(~effort)Psi(~pctpool + LWD + pctBrBnk) } = 6          
 DEVIANCE { p(~effort)Psi(~pctpool + LWD + pctBrBnk) } = 159.67270                     
 DEVIANCE Degrees of Freedom { p(~effort)Psi(~pctpool + LWD + pctBrBnk) } = 132            
 c-hat { p(~effort)Psi(~pctpool + LWD + pctBrBnk) } = 1.2096417                     
 AIC { p(~effort)Psi(~pctpool + LWD + pctBrBnk) } = 171.67270                  
 AICc { p(~effort)Psi(~pctpool + LWD + pctBrBnk) } = 172.31392                    
 BIC { p(~effort)Psi(~pctpool + LWD + pctBrBnk) } = 189.23622                    
 Pearson Chisquare { p(~effort)Psi(~pctpool + LWD + pctBrBnk) } = 888.11788                  

  Program  MARK  - Survival Rate Estimation with Capture-Recapture Data
   gfortran(dble) Vers. 9.0 Mar 2018     6-Dec-2019 14:35:07    Page  003
 - - - - - - - - - - - - - - - - - - - - - - - - - - - - - - - - - - - - - -
 


         LOGIT Link Function Parameters of { p(~effort)Psi(~pctpool + LWD + pctBrBnk) }
                                                              95% Confidence Interval
 Parameter                    Beta         Standard Error      Lower           Upper
 -------------------------  --------------  --------------  --------------  --------------
    1:p:(Intercept)          0.9649699       0.3684957       0.2427182       1.6872215    
    2:p:effort               1.0948864       0.5302755       0.0555465       2.1342263    
    3:Psi:(Intercept)       -1.1759768       0.5803482      -2.3134593      -0.0384943    
    4:Psi:pctpool            0.0223596       0.0139108      -0.0049056       0.0496248    
    5:Psi:LWD               -0.5771217       1.2185871      -2.9655526       1.8113091    
    6:Psi:pctBrBnk          -1.4914865       0.6225942      -2.7117711      -0.2712019    


         Real Function Parameters of { p(~effort)Psi(~pctpool + LWD + pctBrBnk) }

      Following estimates based on unstandardized individual covariate values:
          Variable   Value         
          ---------  ------------- 
          EFFORT1    -0.7246373E-10
          EFFORT2    -0.1449268E-10
          EFFORT3     0.4347865E-11
          PCTPOOL     25.664251    
          LWD         0.2273503    
          PCTBRBNK    0.8740586    
                                                               95% Confidence Interval
  Parameter                  Estimate       Standard Error      Lower           Upper
 --------------------------  --------------  --------------  --------------  --------------
     1:p g1 a0 t1             0.7241158       0.0736152       0.5603834       0.8438584                          
     2:p g1 a1 t2             0.7241158       0.0736152       0.5603834       0.8438584                          
     3:p g1 a2 t3             0.7241158       0.0736152       0.5603834       0.8438584                          
     4:Psi g1 a0 t1           0.1153737       0.0322936       0.0655496       0.1951596                          


                      Estimates of Derived Parameters
   Occupancy Estimates of { p(~effort)Psi(~pctpool + LWD + pctBrBnk) }
                                            95% Confidence Interval
 Group   Psi-hat         Standard Error      Lower           Upper
 -----   --------------  --------------  --------------  --------------
   1      0.1153737       0.0322936       0.0655496       0.1951596    

   CPU Time for the last procedure was 0.06 seconds.     

  Program  MARK  - Survival Rate Estimation with Capture-Recapture Data
   gfortran(dble) Vers. 9.0 Mar 2018     6-Dec-2019 14:35:07    Page  004
 - - - - - - - - - - - - - - - - - - - - - - - - - - - - - - - - - - - - - -
 


  INPUT --- proc stop;

     CPU Time in minutes for this job was 0.00

     Time Start = 14:35:07.799   Time End = 14:35:07.905

     Wall Clock Time in minutes for this job was 0.00


          E X E C U T I O N   S U C C E S S F U L 
