
   Program  MARK  - Survival Rate Estimation with Capture-Recapture Data
   gfortran(dble) Vers. 9.0 Mar 2018    10-Dec-2019 13:16:42    Page  001
 - - - - - - - - - - - - - - - - - - - - - - - - - - - - - - - - - - - - - -
 
   This version was compiled by GCC version 7.2.0 using the options: 
     -cpp -iprefix C:/Program Files/mingw-w64/x86_64-7.2.0-posix-seh-rt_v5-rev1/
     mingw64/bin/../lib/gcc/x86_64-w64-mingw32/7.2.0/ -D_MT -D_REENTRANT
     -U_REENTRANT -D IEEE -D DBLEPRECISION -m64 -mtune=core2 -march=nocona -mthreads
     -O2 -fimplicit-none -fbounds-check -funroll-loops -ftree-vectorize
     -ffpe-summary=invalid,zero,overflow,underflow -fno-unsafe-math-optimizations
     -frounding-math -fsignaling-nans -fopenmp.

   This problem will use 7 of 8 possible threads.


  INPUT --- proc title ;

   CPU Time for the last procedure was 0.01 seconds.     


  INPUT --- proc chmatrix occasions= 3 groups= 1 etype= Occupancy 
  INPUT --- Nodes= 101 icovar = 7 ICMeans  NoHist hist= 138 ;

  INPUT ---    time interval 1 1 1 ;

  INPUT ---     icovariates effort1 effort2 effort3 HAiFLS_for Area_km2  
  INPUT ---    EFac_Cat Cross_Cat ;

  INPUT ---    glabel(1)=freq1;

      Number of unique encounter histories read was 138.

      Number of individual covariates read was 7.
      Time interval lengths are all equal to 1.

      Data type number is 27
      Data type is Occupancy Estimation with Detection < 1                                                             

   CPU Time for the last procedure was 0.02 seconds.     

  Program  MARK  - Survival Rate Estimation with Capture-Recapture Data
   gfortran(dble) Vers. 9.0 Mar 2018    10-Dec-2019 13:16:42    Page  002
 - - - - - - - - - - - - - - - - - - - - - - - - - - - - - - - - - - - - - -
 


  INPUT --- proc estimate link=Logit NOLOOP varest=2ndPart    ;


  INPUT --- model={ p(~effort)Psi(~HAiFLS_for + Area_km2 + EFac_Cat + 
  INPUT --- Cross_Cat) };

  INPUT ---    group=1 p    rows=1 cols=3 Square ;
  INPUT ---        1 2 3 ;

  INPUT ---    group=1 Psi    rows=1 cols=1 Square ;
  INPUT ---        4 ;

  INPUT ---    design matrix constraints=4 covariates=7;
  INPUT ---        1 effort1 0 0 0 0 0;
  INPUT ---        1 effort2 0 0 0 0 0;
  INPUT ---        1 effort3 0 0 0 0 0;
  INPUT ---        0 0 1 HAiFLS_for Area_km2 EFac_Cat Cross_Cat;
  INPUT ---       blabel(1)=p:(Intercept);
  INPUT ---       blabel(2)=p:effort;
  INPUT ---       blabel(3)=Psi:(Intercept);
  INPUT ---       blabel(4)=Psi:HAiFLS_for;
  INPUT ---       blabel(5)=Psi:Area_km2;
  INPUT ---       blabel(6)=Psi:EFac_Cat;
  INPUT ---       blabel(7)=Psi:Cross_Cat;
  INPUT ---       rlabel(1)=p g1 a0 t1;
  INPUT ---       rlabel(2)=p g1 a1 t2;
  INPUT ---       rlabel(3)=p g1 a2 t3;
  INPUT ---       rlabel(4)=Psi g1 a0 t1;

 Link Function Used is LOGIT        

 Variance Estimation Procedure Used is 2ndPart 
 -2logL(saturated) = 0.0000000     
 Effective Sample Size = 138

 Number of function evaluations was 21 for 7 parameters.
 Time for numerical optimization was 0.03 seconds.     
 -2logL { p(~effort)Psi(~HAiFLS_for + Area_km2 + EFac_Cat + Cross_Cat) } = 160.44586     
 Penalty { p(~effort)Psi(~HAiFLS_for + Area_km2 + EFac_Cat + Cross_Cat) } = 0.0000000     
 Gradient { p(~effort)Psi(~HAiFLS_for + Area_km2 + EFac_Cat + Cross_Cat) }:
  0.1909860E-05  0.6665031E-06   0.000000      0.2989831E-05   0.000000    
   0.000000      0.5115751E-06
 Maximum ABS(G) { p(~effort)Psi(~HAiFLS_for + Area_km2 + EFac_Cat + Cross_Cat) } = 0.2989831E-05 

  Program  MARK  - Survival Rate Estimation with Capture-Recapture Data
   gfortran(dble) Vers. 9.0 Mar 2018    10-Dec-2019 13:16:42    Page  003
 - - - - - - - - - - - - - - - - - - - - - - - - - - - - - - - - - - - - - -
 
 S Vector { p(~effort)Psi(~HAiFLS_for + Area_km2 + EFac_Cat + Cross_Cat) }:
   18.19104      8.304490      1.387814     0.4102534     0.2924794    
  0.1796763     0.2849051E-01
 Time to compute number of parameters was 0.02 seconds.     
 Ratio Threshold = 50.000000       Max Gap (6/7) = 6.3065312       Next Max Gap (2/3) = 5.9838641     
 Gap Method for Num. of Estimated Parameters { p(~effort)Psi(~HAiFLS_for + Area_km2 + EFac_Cat + Cross_Cat) } = 7          
 Threshold { p(~effort)Psi(~HAiFLS_for + Area_km2 + EFac_Cat + Cross_Cat) } = 0.5979661E-05                 
 Numerical Threshold Method for Num. of Estimated Parameters { p(~effort)Psi(~HAiFLS_for + Area_km2 + EFac_Cat + Cross_Cat) } = 7          
 Number of Estimated Parameters { p(~effort)Psi(~HAiFLS_for + Area_km2 + EFac_Cat + Cross_Cat) } = 7          
 DEVIANCE { p(~effort)Psi(~HAiFLS_for + Area_km2 + EFac_Cat + Cross_Cat) } = 160.44586                     
 DEVIANCE Degrees of Freedom { p(~effort)Psi(~HAiFLS_for + Area_km2 + EFac_Cat + Cross_Cat) } = 131            
 c-hat { p(~effort)Psi(~HAiFLS_for + Area_km2 + EFac_Cat + Cross_Cat) } = 1.2247776                     
 AIC { p(~effort)Psi(~HAiFLS_for + Area_km2 + EFac_Cat + Cross_Cat) } = 174.44586                  
 AICc { p(~effort)Psi(~HAiFLS_for + Area_km2 + EFac_Cat + Cross_Cat) } = 175.30740                    
 BIC { p(~effort)Psi(~HAiFLS_for + Area_km2 + EFac_Cat + Cross_Cat) } = 194.93664                    
 Pearson Chisquare { p(~effort)Psi(~HAiFLS_for + Area_km2 + EFac_Cat + Cross_Cat) } = 822.08371                  


 LOGIT Link Function Parameters of { p(~effort)Psi(~HAiFLS_for + Area_km2 + EFac_Cat + Cross_Cat) }
                                                              95% Confidence Interval
 Parameter                    Beta         Standard Error      Lower           Upper
 -------------------------  --------------  --------------  --------------  --------------
    1:p:(Intercept)          0.9973704       0.3618636       0.2881176       1.7066232    
    2:p:effort               1.0235665       0.5101877       0.0235987       2.0235344    
    3:Psi:(Intercept)       -2.3885633       0.7109436      -3.7820128      -0.9951139    
    4:Psi:HAiFLS_for         0.0155363       0.0097739      -0.0036205       0.0346930    
    5:Psi:Area_km2           0.0614134       0.0355281      -0.0082215       0.1310484    
    6:Psi:EFac_Cat           0.5585870       1.6754798      -2.7253535       3.8425275    
    7:Psi:Cross_Cat         -0.9331063       0.8418445      -2.5831216       0.7169089    


 Real Function Parameters of { p(~effort)Psi(~HAiFLS_for + Area_km2 + EFac_Cat + Cross_Cat) }

      Following estimates based on unstandardized individual covariate values:
          Variable   Value         
          ---------  ------------- 
          EFFORT1    -0.7246373E-10
          EFFORT2    -0.1449268E-10
          EFFORT3     0.4347865E-11
          HAIFLS_FOR  26.272482    
          AREA_KM2    7.8085664    
          EFAC_CAT    0.0880592    
          CROSS_CAT   0.6212393    
                                                               95% Confidence Interval
  Parameter                  Estimate       Standard Error      Lower           Upper
 --------------------------  --------------  --------------  --------------  --------------
     1:p g1 a0 t1             0.7305413       0.0712331       0.5715352       0.8463978                          
     2:p g1 a1 t2             0.7305413       0.0712331       0.5715352       0.8463978                          
     3:p g1 a2 t3             0.7305413       0.0712331       0.5715352       0.8463978                          
     4:Psi g1 a0 t1           0.1159525       0.0321555       0.0662261       0.1952108                          


                      Estimates of Derived Parameters
 Occupancy Estimates of { p(~effort)Psi(~HAiFLS_for + Area_km2 + EFac_Cat + Cross_Cat) }
                                            95% Confidence Interval
 Group   Psi-hat         Standard Error      Lower           Upper
 -----   --------------  --------------  --------------  --------------
   1      0.1159525       0.0321555       0.0662261       0.1952108    

  Program  MARK  - Survival Rate Estimation with Capture-Recapture Data
   gfortran(dble) Vers. 9.0 Mar 2018    10-Dec-2019 13:16:42    Page  004
 - - - - - - - - - - - - - - - - - - - - - - - - - - - - - - - - - - - - - -
 

   CPU Time for the last procedure was 0.05 seconds.     


  INPUT --- proc stop;

     CPU Time in minutes for this job was 0.00

     Time Start = 13:16:42.248   Time End = 13:16:42.648

     Wall Clock Time in minutes for this job was 0.01


          E X E C U T I O N   S U C C E S S F U L 
