
   Program  MARK  - Survival Rate Estimation with Capture-Recapture Data
   gfortran(dble) Vers. 9.0 Mar 2018     6-Dec-2019 14:34:47    Page  001
 - - - - - - - - - - - - - - - - - - - - - - - - - - - - - - - - - - - - - -
 
   This version was compiled by GCC version 7.2.0 using the options: 
     -cpp -iprefix C:/Program Files/mingw-w64/x86_64-7.2.0-posix-seh-rt_v5-rev1/
     mingw64/bin/../lib/gcc/x86_64-w64-mingw32/7.2.0/ -D_MT -D_REENTRANT
     -U_REENTRANT -D IEEE -D DBLEPRECISION -m64 -mtune=core2 -march=nocona -mthreads
     -O2 -fimplicit-none -fbounds-check -funroll-loops -ftree-vectorize
     -ffpe-summary=invalid,zero,overflow,underflow -fno-unsafe-math-optimizations
     -frounding-math -fsignaling-nans -fopenmp.

   This problem will use 7 of 8 possible threads.


  INPUT --- proc title ;

   CPU Time for the last procedure was 0.01 seconds.     


  INPUT --- proc chmatrix occasions= 3 groups= 1 etype= Occupancy 
  INPUT --- Nodes= 101 icovar = 7 ICMeans  NoHist hist= 138 ;

  INPUT ---    time interval 1 1 1 ;

  INPUT ---     icovariates effort1 effort2 effort3 pctex21 pctpool LWD  
  INPUT ---    pctBrBnk ;

  INPUT ---    glabel(1)=freq1;

      Number of unique encounter histories read was 138.

      Number of individual covariates read was 7.
      Time interval lengths are all equal to 1.

      Data type number is 27
      Data type is Occupancy Estimation with Detection < 1                                                             

   CPU Time for the last procedure was 0.02 seconds.     

  Program  MARK  - Survival Rate Estimation with Capture-Recapture Data
   gfortran(dble) Vers. 9.0 Mar 2018     6-Dec-2019 14:34:47    Page  002
 - - - - - - - - - - - - - - - - - - - - - - - - - - - - - - - - - - - - - -
 


  INPUT --- proc estimate link=Logit NOLOOP varest=2ndPart    ;


  INPUT --- model={ p(~effort)Psi(~pctex21 + pctpool + LWD + pctBrBnk) 
  INPUT --- };

  INPUT ---    group=1 p    rows=1 cols=3 Square ;
  INPUT ---        1 2 3 ;

  INPUT ---    group=1 Psi    rows=1 cols=1 Square ;
  INPUT ---        4 ;

  INPUT ---    design matrix constraints=4 covariates=7;
  INPUT ---        1 effort1 0 0 0 0 0;
  INPUT ---        1 effort2 0 0 0 0 0;
  INPUT ---        1 effort3 0 0 0 0 0;
  INPUT ---        0 0 1 pctex21 pctpool LWD pctBrBnk;
  INPUT ---       blabel(1)=p:(Intercept);
  INPUT ---       blabel(2)=p:effort;
  INPUT ---       blabel(3)=Psi:(Intercept);
  INPUT ---       blabel(4)=Psi:pctex21;
  INPUT ---       blabel(5)=Psi:pctpool;
  INPUT ---       blabel(6)=Psi:LWD;
  INPUT ---       blabel(7)=Psi:pctBrBnk;
  INPUT ---       rlabel(1)=p g1 a0 t1;
  INPUT ---       rlabel(2)=p g1 a1 t2;
  INPUT ---       rlabel(3)=p g1 a2 t3;
  INPUT ---       rlabel(4)=Psi g1 a0 t1;

 Link Function Used is LOGIT        

 Variance Estimation Procedure Used is 2ndPart 
 -2logL(saturated) = 0.0000000     
 Effective Sample Size = 138

 Number of function evaluations was 22 for 7 parameters.
 Time for numerical optimization was 0.02 seconds.     
 -2logL { p(~effort)Psi(~pctex21 + pctpool + LWD + pctBrBnk) } = 142.82538     
 Penalty { p(~effort)Psi(~pctex21 + pctpool + LWD + pctBrBnk) } = 0.0000000     
 Gradient { p(~effort)Psi(~pctex21 + pctpool + LWD + pctBrBnk) }:
  0.2953391E-05  0.2998839E-06  0.1271404E-05   0.000000       0.000000    
  0.1091350E-05  0.4906731E-06
 Maximum ABS(G) { p(~effort)Psi(~pctex21 + pctpool + LWD + pctBrBnk) } = 0.2953391E-05 

  Program  MARK  - Survival Rate Estimation with Capture-Recapture Data
   gfortran(dble) Vers. 9.0 Mar 2018     6-Dec-2019 14:34:47    Page  003
 - - - - - - - - - - - - - - - - - - - - - - - - - - - - - - - - - - - - - -
 
 S Vector { p(~effort)Psi(~pctex21 + pctpool + LWD + pctBrBnk) }:
   16.23664      7.191241     0.7101404     0.5297182     0.2571621    
  0.1534248     0.1884674E-01
 Time to compute number of parameters was 0.02 seconds.     
 Ratio Threshold = 50.000000       Max Gap (2/3) = 10.126506       Next Max Gap (6/7) = 8.1406528     
 Gap Method for Num. of Estimated Parameters { p(~effort)Psi(~pctex21 + pctpool + LWD + pctBrBnk) } = 7          
 Threshold { p(~effort)Psi(~pctex21 + pctpool + LWD + pctBrBnk) } = 0.5906781E-05                 
 Numerical Threshold Method for Num. of Estimated Parameters { p(~effort)Psi(~pctex21 + pctpool + LWD + pctBrBnk) } = 7          
 Number of Estimated Parameters { p(~effort)Psi(~pctex21 + pctpool + LWD + pctBrBnk) } = 7          
 DEVIANCE { p(~effort)Psi(~pctex21 + pctpool + LWD + pctBrBnk) } = 142.82538                     
 DEVIANCE Degrees of Freedom { p(~effort)Psi(~pctex21 + pctpool + LWD + pctBrBnk) } = 131            
 c-hat { p(~effort)Psi(~pctex21 + pctpool + LWD + pctBrBnk) } = 1.0902701                     
 AIC { p(~effort)Psi(~pctex21 + pctpool + LWD + pctBrBnk) } = 156.82538                  
 AICc { p(~effort)Psi(~pctex21 + pctpool + LWD + pctBrBnk) } = 157.68692                    
 BIC { p(~effort)Psi(~pctex21 + pctpool + LWD + pctBrBnk) } = 177.31616                    
 Pearson Chisquare { p(~effort)Psi(~pctex21 + pctpool + LWD + pctBrBnk) } = 725.22949                  


    LOGIT Link Function Parameters of { p(~effort)Psi(~pctex21 + pctpool + LWD + pctBrBnk) }
                                                              95% Confidence Interval
 Parameter                    Beta         Standard Error      Lower           Upper
 -------------------------  --------------  --------------  --------------  --------------
    1:p:(Intercept)          0.9374498       0.3748982       0.2026493       1.6722502    
    2:p:effort               1.1615690       0.5513493       0.0809244       2.2422136    
    3:Psi:(Intercept)       -0.5001909       0.6462355      -1.7668124       0.7664307    
    4:Psi:pctex21           -0.5766172       0.2350165      -1.0372495      -0.1159848    
    5:Psi:pctpool            0.0181900       0.0148218      -0.0108606       0.0472407    
    6:Psi:LWD               -0.7476959       1.3145293      -3.3241734       1.8287816    
    7:Psi:pctBrBnk          -0.9117501       0.6200559      -2.1270597       0.3035594    


    Real Function Parameters of { p(~effort)Psi(~pctex21 + pctpool + LWD + pctBrBnk) }

      Following estimates based on unstandardized individual covariate values:
          Variable   Value         
          ---------  ------------- 
          EFFORT1    -0.7246373E-10
          EFFORT2    -0.1449268E-10
          EFFORT3     0.4347865E-11
          PCTEX21     4.8306834    
          PCTPOOL     25.664251    
          LWD         0.2273503    
          PCTBRBNK    0.8740586    
                                                               95% Confidence Interval
  Parameter                  Estimate       Standard Error      Lower           Upper
 --------------------------  --------------  --------------  --------------  --------------
     1:p g1 a0 t1             0.7185842       0.0758123       0.5504897       0.8418756                          
     2:p g1 a1 t2             0.7185842       0.0758123       0.5504897       0.8418756                          
     3:p g1 a2 t3             0.7185842       0.0758123       0.5504897       0.8418756                          
     4:Psi g1 a0 t1           0.0221889       0.0219170       0.0031236       0.1411450                          


                      Estimates of Derived Parameters
 Occupancy Estimates of { p(~effort)Psi(~pctex21 + pctpool + LWD + pctBrBnk) }
                                            95% Confidence Interval
 Group   Psi-hat         Standard Error      Lower           Upper
 -----   --------------  --------------  --------------  --------------
   1      0.0221889       0.0219170       0.0031236       0.1411450    

  Program  MARK  - Survival Rate Estimation with Capture-Recapture Data
   gfortran(dble) Vers. 9.0 Mar 2018     6-Dec-2019 14:34:47    Page  004
 - - - - - - - - - - - - - - - - - - - - - - - - - - - - - - - - - - - - - -
 

   CPU Time for the last procedure was 0.03 seconds.     


  INPUT --- proc stop;

     CPU Time in minutes for this job was 0.00

     Time Start = 14:34:47.560   Time End = 14:34:47.780

     Wall Clock Time in minutes for this job was 0.00


          E X E C U T I O N   S U C C E S S F U L 
