
   Program  MARK  - Survival Rate Estimation with Capture-Recapture Data
   gfortran(dble) Vers. 9.0 Mar 2018     9-Dec-2019 13:22:08    Page  001
 - - - - - - - - - - - - - - - - - - - - - - - - - - - - - - - - - - - - - -
 
   This version was compiled by GCC version 7.2.0 using the options: 
     -cpp -iprefix C:/Program Files/mingw-w64/x86_64-7.2.0-posix-seh-rt_v5-rev1/
     mingw64/bin/../lib/gcc/x86_64-w64-mingw32/7.2.0/ -D_MT -D_REENTRANT
     -U_REENTRANT -D IEEE -D DBLEPRECISION -m64 -mtune=core2 -march=nocona -mthreads
     -O2 -fimplicit-none -fbounds-check -funroll-loops -ftree-vectorize
     -ffpe-summary=invalid,zero,overflow,underflow -fno-unsafe-math-optimizations
     -frounding-math -fsignaling-nans -fopenmp.

   This problem will use 7 of 8 possible threads.


  INPUT --- proc title ;

   CPU Time for the last procedure was 0.01 seconds.     


  INPUT --- proc chmatrix occasions= 3 groups= 1 etype= Occupancy 
  INPUT --- Nodes= 101 icovar = 2 ICMeans  NoHist hist= 138 ;

  INPUT ---    time interval 1 1 1 ;

  INPUT ---     icovariates HAiFLS_for Area_km2 ;

  INPUT ---    glabel(1)=freq1;

      Number of unique encounter histories read was 138.

      Number of individual covariates read was 2.
      Time interval lengths are all equal to 1.

      Data type number is 27
      Data type is Occupancy Estimation with Detection < 1                                                             

   CPU Time for the last procedure was 0.02 seconds.     

  Program  MARK  - Survival Rate Estimation with Capture-Recapture Data
   gfortran(dble) Vers. 9.0 Mar 2018     9-Dec-2019 13:22:08    Page  002
 - - - - - - - - - - - - - - - - - - - - - - - - - - - - - - - - - - - - - -
 


  INPUT --- proc estimate link=Logit NOLOOP varest=2ndPart    ;


  INPUT --- model={ p(~1)Psi(~HAiFLS_for + Area_km2) };

  INPUT ---    group=1 p    rows=1 cols=3 Square ;
  INPUT ---        1 1 1 ;

  INPUT ---    group=1 Psi    rows=1 cols=1 Square ;
  INPUT ---        2 ;

  INPUT ---    design matrix constraints=2 covariates=4;
  INPUT ---        1 0 0 0;
  INPUT ---        0 1 HAiFLS_for Area_km2;
  INPUT ---       blabel(1)=p:(Intercept);
  INPUT ---       blabel(2)=Psi:(Intercept);
  INPUT ---       blabel(3)=Psi:HAiFLS_for;
  INPUT ---       blabel(4)=Psi:Area_km2;
  INPUT ---       rlabel(1)=p g1 a0 t1;
  INPUT ---       rlabel(2)=Psi g1 a0 t1;

 Link Function Used is LOGIT        

 Variance Estimation Procedure Used is 2ndPart 
 -2logL(saturated) = 0.0000000     
 Effective Sample Size = 138

 Number of function evaluations was 13 for 4 parameters.
 Time for numerical optimization was 0.01 seconds.     
 -2logL { p(~1)Psi(~HAiFLS_for + Area_km2) } = 168.05569     
 Penalty { p(~1)Psi(~HAiFLS_for + Area_km2) } = 0.0000000     
 Gradient { p(~1)Psi(~HAiFLS_for + Area_km2) }:
  0.9798303E-06  0.1960177E-05  0.6077211E-06   0.000000    
 Maximum ABS(G) { p(~1)Psi(~HAiFLS_for + Area_km2) } = 0.1960177E-05 
 S Vector { p(~1)Psi(~HAiFLS_for + Area_km2) }:
   18.26024      9.609151      1.373735     0.3578835    
 Time to compute number of parameters was 0.01 seconds.     
 Ratio Threshold = 50.000000       Max Gap (2/3) = 6.9949067       Next Max Gap (3/4) = 3.8384982     
 Gap Method for Num. of Estimated Parameters { p(~1)Psi(~HAiFLS_for + Area_km2) } = 4          
 Threshold { p(~1)Psi(~HAiFLS_for + Area_km2) } = 0.3920355E-05                 
 Numerical Threshold Method for Num. of Estimated Parameters { p(~1)Psi(~HAiFLS_for + Area_km2) } = 4          
 Number of Estimated Parameters { p(~1)Psi(~HAiFLS_for + Area_km2) } = 4          
 DEVIANCE { p(~1)Psi(~HAiFLS_for + Area_km2) } = 168.05569                     
 DEVIANCE Degrees of Freedom { p(~1)Psi(~HAiFLS_for + Area_km2) } = 134            
 c-hat { p(~1)Psi(~HAiFLS_for + Area_km2) } = 1.2541469                     
 AIC { p(~1)Psi(~HAiFLS_for + Area_km2) } = 176.05569                  
 AICc { p(~1)Psi(~HAiFLS_for + Area_km2) } = 176.35644                    
 BIC { p(~1)Psi(~HAiFLS_for + Area_km2) } = 187.76470                    
 Pearson Chisquare { p(~1)Psi(~HAiFLS_for + Area_km2) } = 910.23730                  


             LOGIT Link Function Parameters of { p(~1)Psi(~HAiFLS_for + Area_km2) }
                                                              95% Confidence Interval
 Parameter                    Beta         Standard Error      Lower           Upper
 -------------------------  --------------  --------------  --------------  --------------
    1:p:(Intercept)          0.9466112       0.3215162       0.3164395       1.5767829    
    2:Psi:(Intercept)       -2.8921960       0.5467479      -3.9638219      -1.8205701    
    3:Psi:HAiFLS_for         0.0214107       0.0084607       0.0048277       0.0379936    

  Program  MARK  - Survival Rate Estimation with Capture-Recapture Data
   gfortran(dble) Vers. 9.0 Mar 2018     9-Dec-2019 13:22:08    Page  003
 - - - - - - - - - - - - - - - - - - - - - - - - - - - - - - - - - - - - - -
 
    4:Psi:Area_km2           0.0461946       0.0314687      -0.0154841       0.1078732    


             Real Function Parameters of { p(~1)Psi(~HAiFLS_for + Area_km2) }

      Following estimates based on unstandardized individual covariate values:
          Variable   Value         
          ---------  ------------- 
          HAIFLS_FOR  26.272482    
          AREA_KM2    7.8085664    
                                                               95% Confidence Interval
  Parameter                  Estimate       Standard Error      Lower           Upper
 --------------------------  --------------  --------------  --------------  --------------
     1:p g1 a0 t1             0.7204331       0.0647563       0.5784563       0.8287484                          
     2:Psi g1 a0 t1           0.1224994       0.0303190       0.0743442       0.1952667                          


                      Estimates of Derived Parameters
       Occupancy Estimates of { p(~1)Psi(~HAiFLS_for + Area_km2) }
                                            95% Confidence Interval
 Group   Psi-hat         Standard Error      Lower           Upper
 -----   --------------  --------------  --------------  --------------
   1      0.1224994       0.0303190       0.0743442       0.1952667    

   CPU Time for the last procedure was 0.02 seconds.     

  Program  MARK  - Survival Rate Estimation with Capture-Recapture Data
   gfortran(dble) Vers. 9.0 Mar 2018     9-Dec-2019 13:22:08    Page  004
 - - - - - - - - - - - - - - - - - - - - - - - - - - - - - - - - - - - - - -
 


  INPUT --- proc stop;

     CPU Time in minutes for this job was 0.00

     Time Start = 13:22:08.271   Time End = 13:22:08.370

     Wall Clock Time in minutes for this job was 0.00


          E X E C U T I O N   S U C C E S S F U L 
