
   Program  MARK  - Survival Rate Estimation with Capture-Recapture Data
   gfortran(dble) Vers. 9.0 Mar 2018     6-Dec-2019 14:34:39    Page  001
 - - - - - - - - - - - - - - - - - - - - - - - - - - - - - - - - - - - - - -
 
   This version was compiled by GCC version 7.2.0 using the options: 
     -cpp -iprefix C:/Program Files/mingw-w64/x86_64-7.2.0-posix-seh-rt_v5-rev1/
     mingw64/bin/../lib/gcc/x86_64-w64-mingw32/7.2.0/ -D_MT -D_REENTRANT
     -U_REENTRANT -D IEEE -D DBLEPRECISION -m64 -mtune=core2 -march=nocona -mthreads
     -O2 -fimplicit-none -fbounds-check -funroll-loops -ftree-vectorize
     -ffpe-summary=invalid,zero,overflow,underflow -fno-unsafe-math-optimizations
     -frounding-math -fsignaling-nans -fopenmp.

   This problem will use 7 of 8 possible threads.


  INPUT --- proc title ;

   CPU Time for the last procedure was 0.01 seconds.     


  INPUT --- proc chmatrix occasions= 3 groups= 1 etype= Occupancy 
  INPUT --- Nodes= 101 icovar = 2 ICMeans  NoHist hist= 122 ;

  INPUT ---    time interval 1 1 1 ;

  INPUT ---     icovariates LWD pctBrBnk ;

  INPUT ---    glabel(1)=freq1;

      Number of unique encounter histories read was 122.

      Number of individual covariates read was 2.
      Time interval lengths are all equal to 1.

      Data type number is 27
      Data type is Occupancy Estimation with Detection < 1                                                             

   CPU Time for the last procedure was 0.01 seconds.     

  Program  MARK  - Survival Rate Estimation with Capture-Recapture Data
   gfortran(dble) Vers. 9.0 Mar 2018     6-Dec-2019 14:34:39    Page  002
 - - - - - - - - - - - - - - - - - - - - - - - - - - - - - - - - - - - - - -
 


  INPUT --- proc estimate link=Logit NOLOOP varest=2ndPart    ;


  INPUT --- model={ p(~1)Psi(~LWD + pctBrBnk) };

  INPUT ---    group=1 p    rows=1 cols=3 Square ;
  INPUT ---        1 1 1 ;

  INPUT ---    group=1 Psi    rows=1 cols=1 Square ;
  INPUT ---        2 ;

  INPUT ---    design matrix constraints=2 covariates=4;
  INPUT ---        1 0 0 0;
  INPUT ---        0 1 LWD pctBrBnk;
  INPUT ---       blabel(1)=p:(Intercept);
  INPUT ---       blabel(2)=Psi:(Intercept);
  INPUT ---       blabel(3)=Psi:LWD;
  INPUT ---       blabel(4)=Psi:pctBrBnk;
  INPUT ---       rlabel(1)=p g1 a0 t1;
  INPUT ---       rlabel(2)=Psi g1 a0 t1;

 Link Function Used is LOGIT        

 Variance Estimation Procedure Used is 2ndPart 
 -2logL(saturated) = 0.0000000     
 Effective Sample Size = 138

 Number of function evaluations was 13 for 4 parameters.
 Time for numerical optimization was 0.01 seconds.     
 -2logL { p(~1)Psi(~LWD + pctBrBnk) } = 168.74839     
 Penalty { p(~1)Psi(~LWD + pctBrBnk) } = 0.0000000     
 Gradient { p(~1)Psi(~LWD + pctBrBnk) }:
   0.000000     -0.2130032E-05   0.000000       0.000000    
 Maximum ABS(G) { p(~1)Psi(~LWD + pctBrBnk) } = 0.2130032E-05 
 S Vector { p(~1)Psi(~LWD + pctBrBnk) }:
   16.82481      9.632559     0.7435267     0.2673483    
 Time to compute number of parameters was 0.02 seconds.     
 Ratio Threshold = 50.000000       Max Gap (2/3) = 12.955228       Next Max Gap (3/4) = 2.7811165     
 Gap Method for Num. of Estimated Parameters { p(~1)Psi(~LWD + pctBrBnk) } = 4          
 Threshold { p(~1)Psi(~LWD + pctBrBnk) } = 0.4260064E-05                 
 Numerical Threshold Method for Num. of Estimated Parameters { p(~1)Psi(~LWD + pctBrBnk) } = 4          
 Number of Estimated Parameters { p(~1)Psi(~LWD + pctBrBnk) } = 4          
 DEVIANCE { p(~1)Psi(~LWD + pctBrBnk) } = 168.74839                     
 DEVIANCE Degrees of Freedom { p(~1)Psi(~LWD + pctBrBnk) } = 134            
 c-hat { p(~1)Psi(~LWD + pctBrBnk) } = 1.2593164                     
 AIC { p(~1)Psi(~LWD + pctBrBnk) } = 176.74839                  
 AICc { p(~1)Psi(~LWD + pctBrBnk) } = 177.04914                    
 BIC { p(~1)Psi(~LWD + pctBrBnk) } = 188.45741                    
 Pearson Chisquare { p(~1)Psi(~LWD + pctBrBnk) } = 1318.3567                  


                LOGIT Link Function Parameters of { p(~1)Psi(~LWD + pctBrBnk) }
                                                              95% Confidence Interval
 Parameter                    Beta         Standard Error      Lower           Upper
 -------------------------  --------------  --------------  --------------  --------------
    1:p:(Intercept)          0.9483639       0.3210152       0.3191742       1.5775536    
    2:Psi:(Intercept)       -0.7909106       0.4677607      -1.7077216       0.1259004    
    3:Psi:LWD               -0.2154906       1.1665515      -2.5019316       2.0709504    

  Program  MARK  - Survival Rate Estimation with Capture-Recapture Data
   gfortran(dble) Vers. 9.0 Mar 2018     6-Dec-2019 14:34:40    Page  003
 - - - - - - - - - - - - - - - - - - - - - - - - - - - - - - - - - - - - - -
 
    4:Psi:pctBrBnk          -1.3322751       0.5963271      -2.5010762      -0.1634739    


                Real Function Parameters of { p(~1)Psi(~LWD + pctBrBnk) }

      Following estimates based on unstandardized individual covariate values:
          Variable   Value         
          ---------  ------------- 
          LWD         0.2273503    
          PCTBRBNK    0.8740586    
                                                               95% Confidence Interval
  Parameter                  Estimate       Standard Error      Lower           Upper
 --------------------------  --------------  --------------  --------------  --------------
     1:p g1 a0 t1             0.7207860       0.0646054       0.5791230       0.8288578                          
     2:Psi g1 a0 t1           0.1187429       0.0310414       0.0700576       0.1941959                          


                      Estimates of Derived Parameters
           Occupancy Estimates of { p(~1)Psi(~LWD + pctBrBnk) }
                                            95% Confidence Interval
 Group   Psi-hat         Standard Error      Lower           Upper
 -----   --------------  --------------  --------------  --------------
   1      0.1187429       0.0310414       0.0700576       0.1941959    

   CPU Time for the last procedure was 0.02 seconds.     

  Program  MARK  - Survival Rate Estimation with Capture-Recapture Data
   gfortran(dble) Vers. 9.0 Mar 2018     6-Dec-2019 14:34:40    Page  004
 - - - - - - - - - - - - - - - - - - - - - - - - - - - - - - - - - - - - - -
 


  INPUT --- proc stop;

     CPU Time in minutes for this job was 0.00

     Time Start = 14:34:39.971   Time End = 14:34:40.054

     Wall Clock Time in minutes for this job was 0.00


          E X E C U T I O N   S U C C E S S F U L 
