
   Program  MARK  - Survival Rate Estimation with Capture-Recapture Data
   gfortran(dble) Vers. 9.0 Mar 2018     4-Dec-2019 15:17:24    Page  001
 - - - - - - - - - - - - - - - - - - - - - - - - - - - - - - - - - - - - - -
 
   This version was compiled by GCC version 7.2.0 using the options: 
     -cpp -iprefix C:/Program Files/mingw-w64/x86_64-7.2.0-posix-seh-rt_v5-rev1/
     mingw64/bin/../lib/gcc/x86_64-w64-mingw32/7.2.0/ -D_MT -D_REENTRANT
     -U_REENTRANT -D IEEE -D DBLEPRECISION -m64 -mtune=core2 -march=nocona -mthreads
     -O2 -fimplicit-none -fbounds-check -funroll-loops -ftree-vectorize
     -ffpe-summary=invalid,zero,overflow,underflow -fno-unsafe-math-optimizations
     -frounding-math -fsignaling-nans -fopenmp.

   This problem will use 7 of 8 possible threads.


  INPUT --- proc title ;

   CPU Time for the last procedure was 0.01 seconds.     


  INPUT --- proc chmatrix occasions= 3 groups= 1 etype= Occupancy 
  INPUT --- Nodes= 101 icovar = 4 ICMeans  NoHist hist= 138 ;

  INPUT ---    time interval 1 1 1 ;

  INPUT ---     icovariates effort1 effort2 effort3 pctBrBnk ;

  INPUT ---    glabel(1)=freq1;

      Number of unique encounter histories read was 138.

      Number of individual covariates read was 4.
      Time interval lengths are all equal to 1.

      Data type number is 27
      Data type is Occupancy Estimation with Detection < 1                                                             

   CPU Time for the last procedure was 0.01 seconds.     

  Program  MARK  - Survival Rate Estimation with Capture-Recapture Data
   gfortran(dble) Vers. 9.0 Mar 2018     4-Dec-2019 15:17:24    Page  002
 - - - - - - - - - - - - - - - - - - - - - - - - - - - - - - - - - - - - - -
 


  INPUT --- proc estimate link=Logit NOLOOP varest=2ndPart    ;


  INPUT --- model={ p(~effort)Psi(~pctBrBnk) };

  INPUT ---    group=1 p    rows=1 cols=3 Square ;
  INPUT ---        1 2 3 ;

  INPUT ---    group=1 Psi    rows=1 cols=1 Square ;
  INPUT ---        4 ;

  INPUT ---    design matrix constraints=4 covariates=4;
  INPUT ---        1 effort1 0 0;
  INPUT ---        1 effort2 0 0;
  INPUT ---        1 effort3 0 0;
  INPUT ---        0 0 1 pctBrBnk;
  INPUT ---       blabel(1)=p:(Intercept);
  INPUT ---       blabel(2)=p:effort;
  INPUT ---       blabel(3)=Psi:(Intercept);
  INPUT ---       blabel(4)=Psi:pctBrBnk;
  INPUT ---       rlabel(1)=p g1 a0 t1;
  INPUT ---       rlabel(2)=p g1 a1 t2;
  INPUT ---       rlabel(3)=p g1 a2 t3;
  INPUT ---       rlabel(4)=Psi g1 a0 t1;

 Link Function Used is LOGIT        

 Variance Estimation Procedure Used is 2ndPart 
 -2logL(saturated) = 0.0000000     
 Effective Sample Size = 138

 Number of function evaluations was 15 for 4 parameters.
 Time for numerical optimization was 0.01 seconds.     
 -2logL { p(~effort)Psi(~pctBrBnk) } = 162.33757     
 Penalty { p(~effort)Psi(~pctBrBnk) } = 0.0000000     
 Gradient { p(~effort)Psi(~pctBrBnk) }:
  0.9710398E-06  0.6261828E-06  0.1285426E-05  0.9063745E-06
 Maximum ABS(G) { p(~effort)Psi(~pctBrBnk) } = 0.1285426E-05 
 S Vector { p(~effort)Psi(~pctBrBnk) }:
   15.88434      7.637228     0.5301563     0.1640051    
 Time to compute number of parameters was 0.01 seconds.     
 Ratio Threshold = 50.000000       Max Gap (2/3) = 14.405614       Next Max Gap (3/4) = 3.2325594     
 Gap Method for Num. of Estimated Parameters { p(~effort)Psi(~pctBrBnk) } = 4          
 Threshold { p(~effort)Psi(~pctBrBnk) } = 0.2570853E-05                 
 Numerical Threshold Method for Num. of Estimated Parameters { p(~effort)Psi(~pctBrBnk) } = 4          
 Number of Estimated Parameters { p(~effort)Psi(~pctBrBnk) } = 4          
 DEVIANCE { p(~effort)Psi(~pctBrBnk) } = 162.33757                     
 DEVIANCE Degrees of Freedom { p(~effort)Psi(~pctBrBnk) } = 134            
 c-hat { p(~effort)Psi(~pctBrBnk) } = 1.2114744                     
 AIC { p(~effort)Psi(~pctBrBnk) } = 170.33757                  
 AICc { p(~effort)Psi(~pctBrBnk) } = 170.63832                    
 BIC { p(~effort)Psi(~pctBrBnk) } = 182.04659                    
 Pearson Chisquare { p(~effort)Psi(~pctBrBnk) } = 948.16026                  

  Program  MARK  - Survival Rate Estimation with Capture-Recapture Data
   gfortran(dble) Vers. 9.0 Mar 2018     4-Dec-2019 15:17:25    Page  003
 - - - - - - - - - - - - - - - - - - - - - - - - - - - - - - - - - - - - - -
 


                 LOGIT Link Function Parameters of { p(~effort)Psi(~pctBrBnk) }
                                                              95% Confidence Interval
 Parameter                    Beta         Standard Error      Lower           Upper
 -------------------------  --------------  --------------  --------------  --------------
    1:p:(Intercept)          0.9642333       0.3686974       0.2415863       1.6868803    
    2:p:effort               1.1034281       0.5344364       0.0559328       2.1509235    
    3:Psi:(Intercept)       -1.9676512       0.3015607      -2.5587101      -1.3765923    
    4:Psi:pctBrBnk          -0.8336102       0.3550885      -1.5295837      -0.1376367    


                 Real Function Parameters of { p(~effort)Psi(~pctBrBnk) }

      Following estimates based on unstandardized individual covariate values:
          Variable   Value         
          ---------  ------------- 
          EFFORT1    -0.7246373E-10
          EFFORT2    -0.1449268E-10
          EFFORT3     0.4347865E-11
          PCTBRBNK   -0.5072464E-10
                                                               95% Confidence Interval
  Parameter                  Estimate       Standard Error      Lower           Upper
 --------------------------  --------------  --------------  --------------  --------------
     1:p g1 a0 t1             0.7239686       0.0736798       0.5601045       0.8438134                          
     2:p g1 a1 t2             0.7239686       0.0736798       0.5601045       0.8438134                          
     3:p g1 a2 t3             0.7239686       0.0736798       0.5601045       0.8438134                          
     4:Psi g1 a0 t1           0.1226414       0.0324481       0.0718435       0.2015569                          


                      Estimates of Derived Parameters
           Occupancy Estimates of { p(~effort)Psi(~pctBrBnk) }
                                            95% Confidence Interval
 Group   Psi-hat         Standard Error      Lower           Upper
 -----   --------------  --------------  --------------  --------------
   1      0.1226414       0.0324481       0.0718435       0.2015569    

   CPU Time for the last procedure was 0.03 seconds.     

  Program  MARK  - Survival Rate Estimation with Capture-Recapture Data
   gfortran(dble) Vers. 9.0 Mar 2018     4-Dec-2019 15:17:25    Page  004
 - - - - - - - - - - - - - - - - - - - - - - - - - - - - - - - - - - - - - -
 


  INPUT --- proc stop;

     CPU Time in minutes for this job was 0.00

     Time Start = 15:17:24.835   Time End = 15:17:25.547

     Wall Clock Time in minutes for this job was 0.01


          E X E C U T I O N   S U C C E S S F U L 
