
   Program  MARK  - Survival Rate Estimation with Capture-Recapture Data
   gfortran(dble) Vers. 9.0 Mar 2018    10-Dec-2019 13:16:39    Page  001
 - - - - - - - - - - - - - - - - - - - - - - - - - - - - - - - - - - - - - -
 
   This version was compiled by GCC version 7.2.0 using the options: 
     -cpp -iprefix C:/Program Files/mingw-w64/x86_64-7.2.0-posix-seh-rt_v5-rev1/
     mingw64/bin/../lib/gcc/x86_64-w64-mingw32/7.2.0/ -D_MT -D_REENTRANT
     -U_REENTRANT -D IEEE -D DBLEPRECISION -m64 -mtune=core2 -march=nocona -mthreads
     -O2 -fimplicit-none -fbounds-check -funroll-loops -ftree-vectorize
     -ffpe-summary=invalid,zero,overflow,underflow -fno-unsafe-math-optimizations
     -frounding-math -fsignaling-nans -fopenmp.

   This problem will use 7 of 8 possible threads.


  INPUT --- proc title ;

   CPU Time for the last procedure was 0.01 seconds.     


  INPUT --- proc chmatrix occasions= 3 groups= 1 etype= Occupancy 
  INPUT --- Nodes= 101 icovar = 6 ICMeans  NoHist hist= 138 ;

  INPUT ---    time interval 1 1 1 ;

  INPUT ---     icovariates effort1 effort2 effort3 AvgSlope EFac_Cat  
  INPUT ---    Cross_Cat ;

  INPUT ---    glabel(1)=freq1;

      Number of unique encounter histories read was 138.

      Number of individual covariates read was 6.
      Time interval lengths are all equal to 1.

      Data type number is 27
      Data type is Occupancy Estimation with Detection < 1                                                             

   CPU Time for the last procedure was 0.02 seconds.     

  Program  MARK  - Survival Rate Estimation with Capture-Recapture Data
   gfortran(dble) Vers. 9.0 Mar 2018    10-Dec-2019 13:16:39    Page  002
 - - - - - - - - - - - - - - - - - - - - - - - - - - - - - - - - - - - - - -
 


  INPUT --- proc estimate link=Logit NOLOOP varest=2ndPart    ;


  INPUT --- model={ p(~effort)Psi(~AvgSlope + EFac_Cat + Cross_Cat) };

  INPUT ---    group=1 p    rows=1 cols=3 Square ;
  INPUT ---        1 2 3 ;

  INPUT ---    group=1 Psi    rows=1 cols=1 Square ;
  INPUT ---        4 ;

  INPUT ---    design matrix constraints=4 covariates=6;
  INPUT ---        1 effort1 0 0 0 0;
  INPUT ---        1 effort2 0 0 0 0;
  INPUT ---        1 effort3 0 0 0 0;
  INPUT ---        0 0 1 AvgSlope EFac_Cat Cross_Cat;
  INPUT ---       blabel(1)=p:(Intercept);
  INPUT ---       blabel(2)=p:effort;
  INPUT ---       blabel(3)=Psi:(Intercept);
  INPUT ---       blabel(4)=Psi:AvgSlope;
  INPUT ---       blabel(5)=Psi:EFac_Cat;
  INPUT ---       blabel(6)=Psi:Cross_Cat;
  INPUT ---       rlabel(1)=p g1 a0 t1;
  INPUT ---       rlabel(2)=p g1 a1 t2;
  INPUT ---       rlabel(3)=p g1 a2 t3;
  INPUT ---       rlabel(4)=Psi g1 a0 t1;

 Link Function Used is LOGIT        

 Variance Estimation Procedure Used is 2ndPart 
 -2logL(saturated) = 0.0000000     
 Effective Sample Size = 138

 Number of function evaluations was 22 for 6 parameters.
 Time for numerical optimization was 0.12 seconds.     
 -2logL { p(~effort)Psi(~AvgSlope + EFac_Cat + Cross_Cat) } = 163.24855     
 Penalty { p(~effort)Psi(~AvgSlope + EFac_Cat + Cross_Cat) } = 0.0000000     
 Gradient { p(~effort)Psi(~AvgSlope + EFac_Cat + Cross_Cat) }:
 -0.1918056E-05  0.3271064E-06   0.000000      0.5239657E-06  0.1570942E-05
  0.4316172E-06
 Maximum ABS(G) { p(~effort)Psi(~AvgSlope + EFac_Cat + Cross_Cat) } = 0.1918056E-05 
 S Vector { p(~effort)Psi(~AvgSlope + EFac_Cat + Cross_Cat) }:
   16.74673      8.117676     0.4132758     0.3434875     0.1758917    
  0.4997513E-01
 Time to compute number of parameters was 0.01 seconds.     
 Ratio Threshold = 50.000000       Max Gap (2/3) = 19.642274       Next Max Gap (5/6) = 3.5195840     
 Gap Method for Num. of Estimated Parameters { p(~effort)Psi(~AvgSlope + EFac_Cat + Cross_Cat) } = 6          
 Threshold { p(~effort)Psi(~AvgSlope + EFac_Cat + Cross_Cat) } = 0.3836113E-05                 
 Numerical Threshold Method for Num. of Estimated Parameters { p(~effort)Psi(~AvgSlope + EFac_Cat + Cross_Cat) } = 6          
 Number of Estimated Parameters { p(~effort)Psi(~AvgSlope + EFac_Cat + Cross_Cat) } = 6          
 DEVIANCE { p(~effort)Psi(~AvgSlope + EFac_Cat + Cross_Cat) } = 163.24855                     
 DEVIANCE Degrees of Freedom { p(~effort)Psi(~AvgSlope + EFac_Cat + Cross_Cat) } = 132            
 c-hat { p(~effort)Psi(~AvgSlope + EFac_Cat + Cross_Cat) } = 1.2367314                     
 AIC { p(~effort)Psi(~AvgSlope + EFac_Cat + Cross_Cat) } = 175.24855                  
 AICc { p(~effort)Psi(~AvgSlope + EFac_Cat + Cross_Cat) } = 175.88977                    
 BIC { p(~effort)Psi(~AvgSlope + EFac_Cat + Cross_Cat) } = 192.81207                    
 Pearson Chisquare { p(~effort)Psi(~AvgSlope + EFac_Cat + Cross_Cat) } = 963.76548                  

  Program  MARK  - Survival Rate Estimation with Capture-Recapture Data
   gfortran(dble) Vers. 9.0 Mar 2018    10-Dec-2019 13:16:39    Page  003
 - - - - - - - - - - - - - - - - - - - - - - - - - - - - - - - - - - - - - -
 


     LOGIT Link Function Parameters of { p(~effort)Psi(~AvgSlope + EFac_Cat + Cross_Cat) }
                                                              95% Confidence Interval
 Parameter                    Beta         Standard Error      Lower           Upper
 -------------------------  --------------  --------------  --------------  --------------
    1:p:(Intercept)          0.9888348       0.3632610       0.2768432       1.7008264    
    2:p:effort               1.0468668       0.5160728       0.0353640       2.0583695    
    3:Psi:(Intercept)       -1.8668085       0.5453541      -2.9357026      -0.7979144    
    4:Psi:AvgSlope           0.0465200       0.0274489      -0.0072799       0.1003199    
    5:Psi:EFac_Cat           0.2043590       1.5953032      -2.9224353       3.3311534    
    6:Psi:Cross_Cat         -1.1327379       0.6444630      -2.3958854       0.1304095    


     Real Function Parameters of { p(~effort)Psi(~AvgSlope + EFac_Cat + Cross_Cat) }

      Following estimates based on unstandardized individual covariate values:
          Variable   Value         
          ---------  ------------- 
          EFFORT1    -0.7246373E-10
          EFFORT2    -0.1449268E-10
          EFFORT3     0.4347865E-11
          AVGSLOPE    12.952003    
          EFAC_CAT    0.0880592    
          CROSS_CAT   0.6212393    
                                                               95% Confidence Interval
  Parameter                  Estimate       Standard Error      Lower           Upper
 --------------------------  --------------  --------------  --------------  --------------
     1:p g1 a0 t1             0.7288577       0.0717891       0.5687721       0.8456426                          
     2:p g1 a1 t2             0.7288577       0.0717891       0.5687721       0.8456426                          
     3:p g1 a2 t3             0.7288577       0.0717891       0.5687721       0.8456426                          
     4:Psi g1 a0 t1           0.1245547       0.0315816       0.0746291       0.2006381                          


                      Estimates of Derived Parameters
 Occupancy Estimates of { p(~effort)Psi(~AvgSlope + EFac_Cat + Cross_Cat) }
                                            95% Confidence Interval
 Group   Psi-hat         Standard Error      Lower           Upper
 -----   --------------  --------------  --------------  --------------
   1      0.1245547       0.0315816       0.0746291       0.2006381    

   CPU Time for the last procedure was 0.14 seconds.     

  Program  MARK  - Survival Rate Estimation with Capture-Recapture Data
   gfortran(dble) Vers. 9.0 Mar 2018    10-Dec-2019 13:16:39    Page  004
 - - - - - - - - - - - - - - - - - - - - - - - - - - - - - - - - - - - - - -
 


  INPUT --- proc stop;

     CPU Time in minutes for this job was 0.00

     Time Start = 13:16:39.751   Time End = 13:16:39.907

     Wall Clock Time in minutes for this job was 0.00


          E X E C U T I O N   S U C C E S S F U L 
