
   Program  MARK  - Survival Rate Estimation with Capture-Recapture Data
   gfortran(dble) Vers. 9.0 Mar 2018     9-Dec-2019 13:22:14    Page  001
 - - - - - - - - - - - - - - - - - - - - - - - - - - - - - - - - - - - - - -
 
   This version was compiled by GCC version 7.2.0 using the options: 
     -cpp -iprefix C:/Program Files/mingw-w64/x86_64-7.2.0-posix-seh-rt_v5-rev1/
     mingw64/bin/../lib/gcc/x86_64-w64-mingw32/7.2.0/ -D_MT -D_REENTRANT
     -U_REENTRANT -D IEEE -D DBLEPRECISION -m64 -mtune=core2 -march=nocona -mthreads
     -O2 -fimplicit-none -fbounds-check -funroll-loops -ftree-vectorize
     -ffpe-summary=invalid,zero,overflow,underflow -fno-unsafe-math-optimizations
     -frounding-math -fsignaling-nans -fopenmp.

   This problem will use 7 of 8 possible threads.


  INPUT --- proc title ;

   CPU Time for the last procedure was 0.01 seconds.     


  INPUT --- proc chmatrix occasions= 3 groups= 1 etype= Occupancy 
  INPUT --- Nodes= 101 icovar = 6 ICMeans  NoHist hist= 138 ;

  INPUT ---    time interval 1 1 1 ;

  INPUT ---     icovariates effort1 effort2 effort3 Area_km2 AvgSlope  
  INPUT ---    EFac_Cat ;

  INPUT ---    glabel(1)=freq1;

      Number of unique encounter histories read was 138.

      Number of individual covariates read was 6.
      Time interval lengths are all equal to 1.

      Data type number is 27
      Data type is Occupancy Estimation with Detection < 1                                                             

   CPU Time for the last procedure was 0.01 seconds.     

  Program  MARK  - Survival Rate Estimation with Capture-Recapture Data
   gfortran(dble) Vers. 9.0 Mar 2018     9-Dec-2019 13:22:14    Page  002
 - - - - - - - - - - - - - - - - - - - - - - - - - - - - - - - - - - - - - -
 


  INPUT --- proc estimate link=Logit NOLOOP varest=2ndPart    ;


  INPUT --- model={ p(~effort)Psi(~Area_km2 + AvgSlope + EFac_Cat) };

  INPUT ---    group=1 p    rows=1 cols=3 Square ;
  INPUT ---        1 2 3 ;

  INPUT ---    group=1 Psi    rows=1 cols=1 Square ;
  INPUT ---        4 ;

  INPUT ---    design matrix constraints=4 covariates=6;
  INPUT ---        1 effort1 0 0 0 0;
  INPUT ---        1 effort2 0 0 0 0;
  INPUT ---        1 effort3 0 0 0 0;
  INPUT ---        0 0 1 Area_km2 AvgSlope EFac_Cat;
  INPUT ---       blabel(1)=p:(Intercept);
  INPUT ---       blabel(2)=p:effort;
  INPUT ---       blabel(3)=Psi:(Intercept);
  INPUT ---       blabel(4)=Psi:Area_km2;
  INPUT ---       blabel(5)=Psi:AvgSlope;
  INPUT ---       blabel(6)=Psi:EFac_Cat;
  INPUT ---       rlabel(1)=p g1 a0 t1;
  INPUT ---       rlabel(2)=p g1 a1 t2;
  INPUT ---       rlabel(3)=p g1 a2 t3;
  INPUT ---       rlabel(4)=Psi g1 a0 t1;

 Link Function Used is LOGIT        

 Variance Estimation Procedure Used is 2ndPart 
 -2logL(saturated) = 0.0000000     
 Effective Sample Size = 138

 Number of function evaluations was 18 for 6 parameters.
 Time for numerical optimization was 0.08 seconds.     
 -2logL { p(~effort)Psi(~Area_km2 + AvgSlope + EFac_Cat) } = 166.54154     
 Penalty { p(~effort)Psi(~Area_km2 + AvgSlope + EFac_Cat) } = 0.0000000     
 Gradient { p(~effort)Psi(~Area_km2 + AvgSlope + EFac_Cat) }:
  0.4337022E-05  0.2658879E-06  0.1619239E-05  0.1859186E-05  0.5933664E-06
   0.000000    
 Maximum ABS(G) { p(~effort)Psi(~Area_km2 + AvgSlope + EFac_Cat) } = 0.4337022E-05 
 S Vector { p(~effort)Psi(~Area_km2 + AvgSlope + EFac_Cat) }:
   17.79182      8.568746     0.4706774     0.3516227     0.3237036    
  0.1041019    
 Time to compute number of parameters was 0.06 seconds.     
 Ratio Threshold = 50.000000       Max Gap (2/3) = 18.205138       Next Max Gap (5/6) = 3.1094885     
 Gap Method for Num. of Estimated Parameters { p(~effort)Psi(~Area_km2 + AvgSlope + EFac_Cat) } = 6          
 Threshold { p(~effort)Psi(~Area_km2 + AvgSlope + EFac_Cat) } = 0.8674045E-05                 
 Numerical Threshold Method for Num. of Estimated Parameters { p(~effort)Psi(~Area_km2 + AvgSlope + EFac_Cat) } = 6          
 Number of Estimated Parameters { p(~effort)Psi(~Area_km2 + AvgSlope + EFac_Cat) } = 6          
 DEVIANCE { p(~effort)Psi(~Area_km2 + AvgSlope + EFac_Cat) } = 166.54154                     
 DEVIANCE Degrees of Freedom { p(~effort)Psi(~Area_km2 + AvgSlope + EFac_Cat) } = 132            
 c-hat { p(~effort)Psi(~Area_km2 + AvgSlope + EFac_Cat) } = 1.2616783                     
 AIC { p(~effort)Psi(~Area_km2 + AvgSlope + EFac_Cat) } = 178.54154                  
 AICc { p(~effort)Psi(~Area_km2 + AvgSlope + EFac_Cat) } = 179.18276                    
 BIC { p(~effort)Psi(~Area_km2 + AvgSlope + EFac_Cat) } = 196.10506                    
 Pearson Chisquare { p(~effort)Psi(~Area_km2 + AvgSlope + EFac_Cat) } = 873.11578                  

  Program  MARK  - Survival Rate Estimation with Capture-Recapture Data
   gfortran(dble) Vers. 9.0 Mar 2018     9-Dec-2019 13:22:14    Page  003
 - - - - - - - - - - - - - - - - - - - - - - - - - - - - - - - - - - - - - -
 


      LOGIT Link Function Parameters of { p(~effort)Psi(~Area_km2 + AvgSlope + EFac_Cat) }
                                                              95% Confidence Interval
 Parameter                    Beta         Standard Error      Lower           Upper
 -------------------------  --------------  --------------  --------------  --------------
    1:p:(Intercept)         -0.3193489       0.6437537      -1.5811062       0.9424084    
    2:p:effort               0.0015480       0.7646964E-03   0.4921552E-04   0.0030468    
    3:Psi:(Intercept)       -2.5337877       0.5624556      -3.6362008      -1.4313747    
    4:Psi:Area_km2           0.0206686       0.0308907      -0.0398771       0.0812144    
    5:Psi:AvgSlope           0.0390181       0.0275016      -0.0148851       0.0929214    
    6:Psi:EFac_Cat           0.2996816       1.6246787      -2.8846887       3.4840518    


      Real Function Parameters of { p(~effort)Psi(~Area_km2 + AvgSlope + EFac_Cat) }

      Following estimates based on unstandardized individual covariate values:
          Variable   Value         
          ---------  ------------- 
          EFFORT1     906.23188    
          EFFORT2     834.18841    
          EFFORT3     818.18116    
          AREA_KM2    7.8085664    
          AVGSLOPE    12.952003    
          EFAC_CAT    0.0880592    
                                                               95% Confidence Interval
  Parameter                  Estimate       Standard Error      Lower           Upper
 --------------------------  --------------  --------------  --------------  --------------
     1:p g1 a0 t1             0.7471589       0.0710754       0.5856708       0.8606784                          
     2:p g1 a1 t2             0.7255163       0.0712757       0.5672112       0.8420421                          
     3:p g1 a2 t3             0.7205542       0.0714565       0.5625835       0.8379116                          
     4:Psi g1 a0 t1           0.1369753       0.0310914       0.0865786       0.2099643                          


                      Estimates of Derived Parameters
 Occupancy Estimates of { p(~effort)Psi(~Area_km2 + AvgSlope + EFac_Cat) }
                                            95% Confidence Interval
 Group   Psi-hat         Standard Error      Lower           Upper
 -----   --------------  --------------  --------------  --------------
   1      0.1369753       0.0310914       0.0865786       0.2099643    

   CPU Time for the last procedure was 0.14 seconds.     

  Program  MARK  - Survival Rate Estimation with Capture-Recapture Data
   gfortran(dble) Vers. 9.0 Mar 2018     9-Dec-2019 13:22:14    Page  004
 - - - - - - - - - - - - - - - - - - - - - - - - - - - - - - - - - - - - - -
 


  INPUT --- proc stop;

     CPU Time in minutes for this job was 0.00

     Time Start = 13:22:14.730   Time End = 13:22:14.887

     Wall Clock Time in minutes for this job was 0.00


          E X E C U T I O N   S U C C E S S F U L 
