
   Program  MARK  - Survival Rate Estimation with Capture-Recapture Data
   gfortran(dble) Vers. 9.0 Mar 2018    10-Dec-2019 12:35:10    Page  001
 - - - - - - - - - - - - - - - - - - - - - - - - - - - - - - - - - - - - - -
 
   This version was compiled by GCC version 7.2.0 using the options: 
     -cpp -iprefix C:/Program Files/mingw-w64/x86_64-7.2.0-posix-seh-rt_v5-rev1/
     mingw64/bin/../lib/gcc/x86_64-w64-mingw32/7.2.0/ -D_MT -D_REENTRANT
     -U_REENTRANT -D IEEE -D DBLEPRECISION -m64 -mtune=core2 -march=nocona -mthreads
     -O2 -fimplicit-none -fbounds-check -funroll-loops -ftree-vectorize
     -ffpe-summary=invalid,zero,overflow,underflow -fno-unsafe-math-optimizations
     -frounding-math -fsignaling-nans -fopenmp.

   This problem will use 7 of 8 possible threads.


  INPUT --- proc title ;

   CPU Time for the last procedure was 0.01 seconds.     


  INPUT --- proc chmatrix occasions= 3 groups= 1 etype= Occupancy 
  INPUT --- Nodes= 101 icovar = 5 ICMeans  NoHist hist= 138 ;

  INPUT ---    time interval 1 1 1 ;

  INPUT ---     icovariates effort1 effort2 effort3 pctex21 BRT_100m ;

  INPUT ---    glabel(1)=freq1;

      Number of unique encounter histories read was 138.

      Number of individual covariates read was 5.
      Time interval lengths are all equal to 1.

      Data type number is 27
      Data type is Occupancy Estimation with Detection < 1                                                             

   CPU Time for the last procedure was 0.01 seconds.     

  Program  MARK  - Survival Rate Estimation with Capture-Recapture Data
   gfortran(dble) Vers. 9.0 Mar 2018    10-Dec-2019 12:35:10    Page  002
 - - - - - - - - - - - - - - - - - - - - - - - - - - - - - - - - - - - - - -
 


  INPUT --- proc estimate link=Logit NOLOOP varest=2ndPart    ;


  INPUT --- model={ p(~effort)Psi(~pctex21 + BRT_100m) };

  INPUT ---    group=1 p    rows=1 cols=3 Square ;
  INPUT ---        1 2 3 ;

  INPUT ---    group=1 Psi    rows=1 cols=1 Square ;
  INPUT ---        4 ;

  INPUT ---    design matrix constraints=4 covariates=5;
  INPUT ---        1 effort1 0 0 0;
  INPUT ---        1 effort2 0 0 0;
  INPUT ---        1 effort3 0 0 0;
  INPUT ---        0 0 1 pctex21 BRT_100m;
  INPUT ---       blabel(1)=p:(Intercept);
  INPUT ---       blabel(2)=p:effort;
  INPUT ---       blabel(3)=Psi:(Intercept);
  INPUT ---       blabel(4)=Psi:pctex21;
  INPUT ---       blabel(5)=Psi:BRT_100m;
  INPUT ---       rlabel(1)=p g1 a0 t1;
  INPUT ---       rlabel(2)=p g1 a1 t2;
  INPUT ---       rlabel(3)=p g1 a2 t3;
  INPUT ---       rlabel(4)=Psi g1 a0 t1;

 Link Function Used is LOGIT        

 Variance Estimation Procedure Used is 2ndPart 
 -2logL(saturated) = 0.0000000     
 Effective Sample Size = 138

 Number of function evaluations was 20 for 5 parameters.
 Time for numerical optimization was 0.01 seconds.     
 -2logL { p(~effort)Psi(~pctex21 + BRT_100m) } = 144.18789     
 Penalty { p(~effort)Psi(~pctex21 + BRT_100m) } = 0.0000000     
 Gradient { p(~effort)Psi(~pctex21 + BRT_100m) }:
  0.9652884E-06   0.000000      0.3785973E-05   0.000000      0.2225563E-05
 Maximum ABS(G) { p(~effort)Psi(~pctex21 + BRT_100m) } = 0.3785973E-05 
 S Vector { p(~effort)Psi(~pctex21 + BRT_100m) }:
   13.90131      7.733431     0.4298532     0.1656487     0.1817124E-01
 Time to compute number of parameters was 0.01 seconds.     
 Ratio Threshold = 50.000000       Max Gap (2/3) = 17.990864       Next Max Gap (4/5) = 9.1159789     
 Gap Method for Num. of Estimated Parameters { p(~effort)Psi(~pctex21 + BRT_100m) } = 5          
 Threshold { p(~effort)Psi(~pctex21 + BRT_100m) } = 0.7571946E-05                 
 Numerical Threshold Method for Num. of Estimated Parameters { p(~effort)Psi(~pctex21 + BRT_100m) } = 5          
 Number of Estimated Parameters { p(~effort)Psi(~pctex21 + BRT_100m) } = 5          
 DEVIANCE { p(~effort)Psi(~pctex21 + BRT_100m) } = 144.18789                     
 DEVIANCE Degrees of Freedom { p(~effort)Psi(~pctex21 + BRT_100m) } = 133            
 c-hat { p(~effort)Psi(~pctex21 + BRT_100m) } = 1.0841195                     
 AIC { p(~effort)Psi(~pctex21 + BRT_100m) } = 154.18789                  
 AICc { p(~effort)Psi(~pctex21 + BRT_100m) } = 154.64243                    
 BIC { p(~effort)Psi(~pctex21 + BRT_100m) } = 168.82416                    
 Pearson Chisquare { p(~effort)Psi(~pctex21 + BRT_100m) } = 647.99319                  

  Program  MARK  - Survival Rate Estimation with Capture-Recapture Data
   gfortran(dble) Vers. 9.0 Mar 2018    10-Dec-2019 12:35:10    Page  003
 - - - - - - - - - - - - - - - - - - - - - - - - - - - - - - - - - - - - - -
 


            LOGIT Link Function Parameters of { p(~effort)Psi(~pctex21 + BRT_100m) }
                                                              95% Confidence Interval
 Parameter                    Beta         Standard Error      Lower           Upper
 -------------------------  --------------  --------------  --------------  --------------
    1:p:(Intercept)          0.9759366       0.3660092       0.2585585       1.6933146    
    2:p:effort               1.0875392       0.5315291       0.0457421       2.1293363    
    3:Psi:(Intercept)       -1.0151740       0.3698503      -1.7400806      -0.2902674    
    4:Psi:pctex21           -0.6331633       0.2394803      -1.1025447      -0.1637819    
    5:Psi:BRT_100m           0.0252548       0.0157989      -0.0057110       0.0562205    


            Real Function Parameters of { p(~effort)Psi(~pctex21 + BRT_100m) }

      Following estimates based on unstandardized individual covariate values:
          Variable   Value         
          ---------  ------------- 
          EFFORT1    -0.7246373E-10
          EFFORT2    -0.1449268E-10
          EFFORT3     0.4347865E-11
          PCTEX21     4.8306834    
          BRT_100M    6.7817616    
                                                               95% Confidence Interval
  Parameter                  Estimate       Standard Error      Lower           Upper
 --------------------------  --------------  --------------  --------------  --------------
     1:p g1 a0 t1             0.7263012       0.0727581       0.5642819       0.8446596                          
     2:p g1 a1 t2             0.7263012       0.0727581       0.5642819       0.8446596                          
     3:p g1 a2 t3             0.7263012       0.0727581       0.5642819       0.8446596                          
     4:Psi g1 a0 t1           0.0197915       0.0202767       0.0025962       0.1354139                          


                      Estimates of Derived Parameters
      Occupancy Estimates of { p(~effort)Psi(~pctex21 + BRT_100m) }
                                            95% Confidence Interval
 Group   Psi-hat         Standard Error      Lower           Upper
 -----   --------------  --------------  --------------  --------------
   1      0.0197915       0.0202767       0.0025962       0.1354139    

   CPU Time for the last procedure was 0.01 seconds.     

  Program  MARK  - Survival Rate Estimation with Capture-Recapture Data
   gfortran(dble) Vers. 9.0 Mar 2018    10-Dec-2019 12:35:10    Page  004
 - - - - - - - - - - - - - - - - - - - - - - - - - - - - - - - - - - - - - -
 


  INPUT --- proc stop;

     CPU Time in minutes for this job was 0.00

     Time Start = 12:35:10.556   Time End = 12:35:10.747

     Wall Clock Time in minutes for this job was 0.00


          E X E C U T I O N   S U C C E S S F U L 
