
   Program  MARK  - Survival Rate Estimation with Capture-Recapture Data
   gfortran(dble) Vers. 9.0 Mar 2018    10-Dec-2019 12:34:35    Page  001
 - - - - - - - - - - - - - - - - - - - - - - - - - - - - - - - - - - - - - -
 
   This version was compiled by GCC version 7.2.0 using the options: 
     -cpp -iprefix C:/Program Files/mingw-w64/x86_64-7.2.0-posix-seh-rt_v5-rev1/
     mingw64/bin/../lib/gcc/x86_64-w64-mingw32/7.2.0/ -D_MT -D_REENTRANT
     -U_REENTRANT -D IEEE -D DBLEPRECISION -m64 -mtune=core2 -march=nocona -mthreads
     -O2 -fimplicit-none -fbounds-check -funroll-loops -ftree-vectorize
     -ffpe-summary=invalid,zero,overflow,underflow -fno-unsafe-math-optimizations
     -frounding-math -fsignaling-nans -fopenmp.

   This problem will use 7 of 8 possible threads.


  INPUT --- proc title ;

   CPU Time for the last procedure was 0.01 seconds.     


  INPUT --- proc chmatrix occasions= 3 groups= 1 etype= Occupancy 
  INPUT --- Nodes= 101 icovar = 6 ICMeans  NoHist hist= 138 ;

  INPUT ---    time interval 1 1 1 ;

  INPUT ---     icovariates effort1 effort2 effort3 pctBrBnk pctShade  
  INPUT ---    HAiFLS_for ;

  INPUT ---    glabel(1)=freq1;

      Number of unique encounter histories read was 138.

      Number of individual covariates read was 6.
      Time interval lengths are all equal to 1.

      Data type number is 27
      Data type is Occupancy Estimation with Detection < 1                                                             

   CPU Time for the last procedure was 0.02 seconds.     

  Program  MARK  - Survival Rate Estimation with Capture-Recapture Data
   gfortran(dble) Vers. 9.0 Mar 2018    10-Dec-2019 12:34:35    Page  002
 - - - - - - - - - - - - - - - - - - - - - - - - - - - - - - - - - - - - - -
 


  INPUT --- proc estimate link=Logit NOLOOP varest=2ndPart    ;


  INPUT --- model={ p(~effort)Psi(~pctBrBnk + pctShade + HAiFLS_for) };

  INPUT ---    group=1 p    rows=1 cols=3 Square ;
  INPUT ---        1 2 3 ;

  INPUT ---    group=1 Psi    rows=1 cols=1 Square ;
  INPUT ---        4 ;

  INPUT ---    design matrix constraints=4 covariates=6;
  INPUT ---        1 effort1 0 0 0 0;
  INPUT ---        1 effort2 0 0 0 0;
  INPUT ---        1 effort3 0 0 0 0;
  INPUT ---        0 0 1 pctBrBnk pctShade HAiFLS_for;
  INPUT ---       blabel(1)=p:(Intercept);
  INPUT ---       blabel(2)=p:effort;
  INPUT ---       blabel(3)=Psi:(Intercept);
  INPUT ---       blabel(4)=Psi:pctBrBnk;
  INPUT ---       blabel(5)=Psi:pctShade;
  INPUT ---       blabel(6)=Psi:HAiFLS_for;
  INPUT ---       rlabel(1)=p g1 a0 t1;
  INPUT ---       rlabel(2)=p g1 a1 t2;
  INPUT ---       rlabel(3)=p g1 a2 t3;
  INPUT ---       rlabel(4)=Psi g1 a0 t1;

 Link Function Used is LOGIT        

 Variance Estimation Procedure Used is 2ndPart 
 -2logL(saturated) = 0.0000000     
 Effective Sample Size = 138

 Number of function evaluations was 18 for 6 parameters.
 Time for numerical optimization was 0.05 seconds.     
 -2logL { p(~effort)Psi(~pctBrBnk + pctShade + HAiFLS_for) } = 157.62877     
 Penalty { p(~effort)Psi(~pctBrBnk + pctShade + HAiFLS_for) } = 0.0000000     
 Gradient { p(~effort)Psi(~pctBrBnk + pctShade + HAiFLS_for) }:
 -0.9711233E-06   0.000000     -0.8197085E-06 -0.3569971E-06 -0.1768332E-05
 -0.6687186E-06
 Maximum ABS(G) { p(~effort)Psi(~pctBrBnk + pctShade + HAiFLS_for) } = 0.1768332E-05 
 S Vector { p(~effort)Psi(~pctBrBnk + pctShade + HAiFLS_for) }:
   21.71565      7.766120      1.432178     0.8179168     0.2455323    
  0.1704909    
 Time to compute number of parameters was 0.02 seconds.     
 Ratio Threshold = 50.000000       Max Gap (2/3) = 5.4225947       Next Max Gap (4/5) = 3.3311985     
 Gap Method for Num. of Estimated Parameters { p(~effort)Psi(~pctBrBnk + pctShade + HAiFLS_for) } = 6          
 Threshold { p(~effort)Psi(~pctBrBnk + pctShade + HAiFLS_for) } = 0.3536663E-05                 
 Numerical Threshold Method for Num. of Estimated Parameters { p(~effort)Psi(~pctBrBnk + pctShade + HAiFLS_for) } = 6          
 Number of Estimated Parameters { p(~effort)Psi(~pctBrBnk + pctShade + HAiFLS_for) } = 6          
 DEVIANCE { p(~effort)Psi(~pctBrBnk + pctShade + HAiFLS_for) } = 157.62877                     
 DEVIANCE Degrees of Freedom { p(~effort)Psi(~pctBrBnk + pctShade + HAiFLS_for) } = 132            
 c-hat { p(~effort)Psi(~pctBrBnk + pctShade + HAiFLS_for) } = 1.1941574                     
 AIC { p(~effort)Psi(~pctBrBnk + pctShade + HAiFLS_for) } = 169.62877                  
 AICc { p(~effort)Psi(~pctBrBnk + pctShade + HAiFLS_for) } = 170.26999                    
 BIC { p(~effort)Psi(~pctBrBnk + pctShade + HAiFLS_for) } = 187.19229                    
 Pearson Chisquare { p(~effort)Psi(~pctBrBnk + pctShade + HAiFLS_for) } = 837.36447                  

  Program  MARK  - Survival Rate Estimation with Capture-Recapture Data
   gfortran(dble) Vers. 9.0 Mar 2018    10-Dec-2019 12:34:35    Page  003
 - - - - - - - - - - - - - - - - - - - - - - - - - - - - - - - - - - - - - -
 


     LOGIT Link Function Parameters of { p(~effort)Psi(~pctBrBnk + pctShade + HAiFLS_for) }
                                                              95% Confidence Interval
 Parameter                    Beta         Standard Error      Lower           Upper
 -------------------------  --------------  --------------  --------------  --------------
    1:p:(Intercept)          0.9640642       0.3689542       0.2409140       1.6872145    
    2:p:effort               1.0796826       0.5237346       0.0531629       2.1062024    
    3:Psi:(Intercept)       -1.3268622       0.6174979      -2.5371581      -0.1165663    
    4:Psi:pctBrBnk          -1.3713966       0.6273532      -2.6010090      -0.1417842    
    5:Psi:pctShade          -0.7908976E-03   0.0094207      -0.0192555       0.0176737    
    6:Psi:HAiFLS_for         0.0185444       0.0092393       0.4353918E-03   0.0366535    


     Real Function Parameters of { p(~effort)Psi(~pctBrBnk + pctShade + HAiFLS_for) }

      Following estimates based on unstandardized individual covariate values:
          Variable   Value         
          ---------  ------------- 
          EFFORT1    -0.7246373E-10
          EFFORT2    -0.1449268E-10
          EFFORT3     0.4347865E-11
          PCTBRBNK    0.8740586    
          PCTSHADE    48.614931    
          HAIFLS_FOR  26.272482    
                                                               95% Confidence Interval
  Parameter                  Estimate       Standard Error      Lower           Upper
 --------------------------  --------------  --------------  --------------  --------------
     1:p g1 a0 t1             0.7239348       0.0737367       0.5599389       0.8438575                          
     2:p g1 a1 t2             0.7239348       0.0737367       0.5599389       0.8438575                          
     3:p g1 a2 t3             0.7239348       0.0737367       0.5599389       0.8438575                          
     4:Psi g1 a0 t1           0.1113739       0.0320021       0.0623534       0.1910793                          


                      Estimates of Derived Parameters
 Occupancy Estimates of { p(~effort)Psi(~pctBrBnk + pctShade + HAiFLS_for) }
                                            95% Confidence Interval
 Group   Psi-hat         Standard Error      Lower           Upper
 -----   --------------  --------------  --------------  --------------
   1      0.1113739       0.0320021       0.0623534       0.1910793    

   CPU Time for the last procedure was 0.06 seconds.     

  Program  MARK  - Survival Rate Estimation with Capture-Recapture Data
   gfortran(dble) Vers. 9.0 Mar 2018    10-Dec-2019 12:34:35    Page  004
 - - - - - - - - - - - - - - - - - - - - - - - - - - - - - - - - - - - - - -
 


  INPUT --- proc stop;

     CPU Time in minutes for this job was 0.00

     Time Start = 12:34:35.411   Time End = 12:34:35.545

     Wall Clock Time in minutes for this job was 0.00


          E X E C U T I O N   S U C C E S S F U L 
