
   Program  MARK  - Survival Rate Estimation with Capture-Recapture Data
   gfortran(dble) Vers. 9.0 Mar 2018     6-Dec-2019 14:34:52    Page  001
 - - - - - - - - - - - - - - - - - - - - - - - - - - - - - - - - - - - - - -
 
   This version was compiled by GCC version 7.2.0 using the options: 
     -cpp -iprefix C:/Program Files/mingw-w64/x86_64-7.2.0-posix-seh-rt_v5-rev1/
     mingw64/bin/../lib/gcc/x86_64-w64-mingw32/7.2.0/ -D_MT -D_REENTRANT
     -U_REENTRANT -D IEEE -D DBLEPRECISION -m64 -mtune=core2 -march=nocona -mthreads
     -O2 -fimplicit-none -fbounds-check -funroll-loops -ftree-vectorize
     -ffpe-summary=invalid,zero,overflow,underflow -fno-unsafe-math-optimizations
     -frounding-math -fsignaling-nans -fopenmp.

   This problem will use 7 of 8 possible threads.


  INPUT --- proc title ;

   CPU Time for the last procedure was 0.01 seconds.     


  INPUT --- proc chmatrix occasions= 3 groups= 1 etype= Occupancy 
  INPUT --- Nodes= 101 icovar = 4 ICMeans  NoHist hist= 138 ;

  INPUT ---    time interval 1 1 1 ;

  INPUT ---     icovariates pctex21 BRT_100m pctShade pctBrBnk ;

  INPUT ---    glabel(1)=freq1;

      Number of unique encounter histories read was 138.

      Number of individual covariates read was 4.
      Time interval lengths are all equal to 1.

      Data type number is 27
      Data type is Occupancy Estimation with Detection < 1                                                             

   CPU Time for the last procedure was 0.01 seconds.     

  Program  MARK  - Survival Rate Estimation with Capture-Recapture Data
   gfortran(dble) Vers. 9.0 Mar 2018     6-Dec-2019 14:34:52    Page  002
 - - - - - - - - - - - - - - - - - - - - - - - - - - - - - - - - - - - - - -
 


  INPUT --- proc estimate link=Logit NOLOOP varest=2ndPart    ;


  INPUT --- model={ p(~1)Psi(~pctex21 + BRT_100m + pctShade + pctBrBnk) 
  INPUT --- };

  INPUT ---    group=1 p    rows=1 cols=3 Square ;
  INPUT ---        1 1 1 ;

  INPUT ---    group=1 Psi    rows=1 cols=1 Square ;
  INPUT ---        2 ;

  INPUT ---    design matrix constraints=2 covariates=6;
  INPUT ---        1 0 0 0 0 0;
  INPUT ---        0 1 pctex21 BRT_100m pctShade pctBrBnk;
  INPUT ---       blabel(1)=p:(Intercept);
  INPUT ---       blabel(2)=Psi:(Intercept);
  INPUT ---       blabel(3)=Psi:pctex21;
  INPUT ---       blabel(4)=Psi:BRT_100m;
  INPUT ---       blabel(5)=Psi:pctShade;
  INPUT ---       blabel(6)=Psi:pctBrBnk;
  INPUT ---       rlabel(1)=p g1 a0 t1;
  INPUT ---       rlabel(2)=Psi g1 a0 t1;

 Link Function Used is LOGIT        

 Variance Estimation Procedure Used is 2ndPart 
 -2logL(saturated) = 0.0000000     
 Effective Sample Size = 138

 Number of function evaluations was 21 for 6 parameters.
 Time for numerical optimization was 0.05 seconds.     
 -2logL { p(~1)Psi(~pctex21 + BRT_100m + pctShade + pctBrBnk) } = 148.18043     
 Penalty { p(~1)Psi(~pctex21 + BRT_100m + pctShade + pctBrBnk) } = 0.0000000     
 Gradient { p(~1)Psi(~pctex21 + BRT_100m + pctShade + pctBrBnk) }:
  0.9795600E-06  0.9823939E-06  0.9646838E-07  0.5816654E-06   0.000000    
  0.5402574E-06
 Maximum ABS(G) { p(~1)Psi(~pctex21 + BRT_100m + pctShade + pctBrBnk) } = 0.9823939E-06 
 S Vector { p(~1)Psi(~pctex21 + BRT_100m + pctShade + pctBrBnk) }:
   17.39863      9.609723     0.9920165     0.4033195     0.2389506    
  0.1742453E-01
 Time to compute number of parameters was 0.01 seconds.     
 Ratio Threshold = 50.000000       Max Gap (5/6) = 13.713456       Next Max Gap (2/3) = 9.6870604     
 Gap Method for Num. of Estimated Parameters { p(~1)Psi(~pctex21 + BRT_100m + pctShade + pctBrBnk) } = 6          
 Threshold { p(~1)Psi(~pctex21 + BRT_100m + pctShade + pctBrBnk) } = 0.1964788E-05                 
 Numerical Threshold Method for Num. of Estimated Parameters { p(~1)Psi(~pctex21 + BRT_100m + pctShade + pctBrBnk) } = 6          
 Number of Estimated Parameters { p(~1)Psi(~pctex21 + BRT_100m + pctShade + pctBrBnk) } = 6          
 DEVIANCE { p(~1)Psi(~pctex21 + BRT_100m + pctShade + pctBrBnk) } = 148.18043                     
 DEVIANCE Degrees of Freedom { p(~1)Psi(~pctex21 + BRT_100m + pctShade + pctBrBnk) } = 132            
 c-hat { p(~1)Psi(~pctex21 + BRT_100m + pctShade + pctBrBnk) } = 1.1225790                     
 AIC { p(~1)Psi(~pctex21 + BRT_100m + pctShade + pctBrBnk) } = 160.18043                  
 AICc { p(~1)Psi(~pctex21 + BRT_100m + pctShade + pctBrBnk) } = 160.82165                    
 BIC { p(~1)Psi(~pctex21 + BRT_100m + pctShade + pctBrBnk) } = 177.74395                    
 Pearson Chisquare { p(~1)Psi(~pctex21 + BRT_100m + pctShade + pctBrBnk) } = 1536.9302                  

  Program  MARK  - Survival Rate Estimation with Capture-Recapture Data
   gfortran(dble) Vers. 9.0 Mar 2018     6-Dec-2019 14:34:53    Page  003
 - - - - - - - - - - - - - - - - - - - - - - - - - - - - - - - - - - - - - -
 


   LOGIT Link Function Parameters of { p(~1)Psi(~pctex21 + BRT_100m + pctShade + pctBrBnk) }
                                                              95% Confidence Interval
 Parameter                    Beta         Standard Error      Lower           Upper
 -------------------------  --------------  --------------  --------------  --------------
    1:p:(Intercept)          0.9471484       0.3214344       0.3171370       1.5771598    
    2:Psi:(Intercept)       -0.9415314       0.6394609      -2.1948748       0.3118119    
    3:Psi:pctex21           -0.6061569       0.2444054      -1.0851914      -0.1271223    
    4:Psi:BRT_100m           0.0237054       0.0166243      -0.0088783       0.0562891    
    5:Psi:pctShade           0.0084762       0.0092753      -0.0097033       0.0266557    
    6:Psi:pctBrBnk          -0.7990877       0.6331420      -2.0400460       0.4418707    


   Real Function Parameters of { p(~1)Psi(~pctex21 + BRT_100m + pctShade + pctBrBnk) }

      Following estimates based on unstandardized individual covariate values:
          Variable   Value         
          ---------  ------------- 
          PCTEX21     4.8306834    
          BRT_100M    6.7817616    
          PCTSHADE    48.614931    
          PCTBRBNK    0.8740586    
                                                               95% Confidence Interval
  Parameter                  Estimate       Standard Error      Lower           Upper
 --------------------------  --------------  --------------  --------------  --------------
     1:p g1 a0 t1             0.7205413       0.0647245       0.5786264       0.8288019                          
     2:Psi g1 a0 t1           0.0180694       0.0187698       0.0023088       0.1276540                          


                      Estimates of Derived Parameters
 Occupancy Estimates of { p(~1)Psi(~pctex21 + BRT_100m + pctShade + pctBrBnk) }
                                            95% Confidence Interval
 Group   Psi-hat         Standard Error      Lower           Upper
 -----   --------------  --------------  --------------  --------------
   1      0.0180694       0.0187698       0.0023088       0.1276540    

   CPU Time for the last procedure was 0.05 seconds.     

  Program  MARK  - Survival Rate Estimation with Capture-Recapture Data
   gfortran(dble) Vers. 9.0 Mar 2018     6-Dec-2019 14:34:53    Page  004
 - - - - - - - - - - - - - - - - - - - - - - - - - - - - - - - - - - - - - -
 


  INPUT --- proc stop;

     CPU Time in minutes for this job was 0.00

     Time Start = 14:34:52.992   Time End = 14:34:53.205

     Wall Clock Time in minutes for this job was 0.00


          E X E C U T I O N   S U C C E S S F U L 
