
   Program  MARK  - Survival Rate Estimation with Capture-Recapture Data
   gfortran(dble) Vers. 9.0 Mar 2018     6-Dec-2019 14:35:05    Page  001
 - - - - - - - - - - - - - - - - - - - - - - - - - - - - - - - - - - - - - -
 
   This version was compiled by GCC version 7.2.0 using the options: 
     -cpp -iprefix C:/Program Files/mingw-w64/x86_64-7.2.0-posix-seh-rt_v5-rev1/
     mingw64/bin/../lib/gcc/x86_64-w64-mingw32/7.2.0/ -D_MT -D_REENTRANT
     -U_REENTRANT -D IEEE -D DBLEPRECISION -m64 -mtune=core2 -march=nocona -mthreads
     -O2 -fimplicit-none -fbounds-check -funroll-loops -ftree-vectorize
     -ffpe-summary=invalid,zero,overflow,underflow -fno-unsafe-math-optimizations
     -frounding-math -fsignaling-nans -fopenmp.

   This problem will use 7 of 8 possible threads.


  INPUT --- proc title ;

   CPU Time for the last procedure was 0.01 seconds.     


  INPUT --- proc chmatrix occasions= 3 groups= 1 etype= Occupancy 
  INPUT --- Nodes= 101 icovar = 6 ICMeans  NoHist hist= 138 ;

  INPUT ---    time interval 1 1 1 ;

  INPUT ---     icovariates effort1 effort2 effort3 pctex21 LWD pctBrBnk  ;

  INPUT ---    glabel(1)=freq1;

      Number of unique encounter histories read was 138.

      Number of individual covariates read was 6.
      Time interval lengths are all equal to 1.

      Data type number is 27
      Data type is Occupancy Estimation with Detection < 1                                                             

   CPU Time for the last procedure was 0.01 seconds.     

  Program  MARK  - Survival Rate Estimation with Capture-Recapture Data
   gfortran(dble) Vers. 9.0 Mar 2018     6-Dec-2019 14:35:05    Page  002
 - - - - - - - - - - - - - - - - - - - - - - - - - - - - - - - - - - - - - -
 


  INPUT --- proc estimate link=Logit NOLOOP varest=2ndPart    ;


  INPUT --- model={ p(~effort)Psi(~pctex21 + LWD + pctBrBnk) };

  INPUT ---    group=1 p    rows=1 cols=3 Square ;
  INPUT ---        1 2 3 ;

  INPUT ---    group=1 Psi    rows=1 cols=1 Square ;
  INPUT ---        4 ;

  INPUT ---    design matrix constraints=4 covariates=6;
  INPUT ---        1 effort1 0 0 0 0;
  INPUT ---        1 effort2 0 0 0 0;
  INPUT ---        1 effort3 0 0 0 0;
  INPUT ---        0 0 1 pctex21 LWD pctBrBnk;
  INPUT ---       blabel(1)=p:(Intercept);
  INPUT ---       blabel(2)=p:effort;
  INPUT ---       blabel(3)=Psi:(Intercept);
  INPUT ---       blabel(4)=Psi:pctex21;
  INPUT ---       blabel(5)=Psi:LWD;
  INPUT ---       blabel(6)=Psi:pctBrBnk;
  INPUT ---       rlabel(1)=p g1 a0 t1;
  INPUT ---       rlabel(2)=p g1 a1 t2;
  INPUT ---       rlabel(3)=p g1 a2 t3;
  INPUT ---       rlabel(4)=Psi g1 a0 t1;

 Link Function Used is LOGIT        

 Variance Estimation Procedure Used is 2ndPart 
 -2logL(saturated) = 0.0000000     
 Effective Sample Size = 138

 Number of function evaluations was 24 for 6 parameters.
 Time for numerical optimization was 0.02 seconds.     
 -2logL { p(~effort)Psi(~pctex21 + LWD + pctBrBnk) } = 144.35506     
 Penalty { p(~effort)Psi(~pctex21 + LWD + pctBrBnk) } = 0.0000000     
 Gradient { p(~effort)Psi(~pctex21 + LWD + pctBrBnk) }:
  0.9893559E-06   0.000000       0.000000      0.1009272E-06 -0.1274615E-05
  0.5240043E-06
 Maximum ABS(G) { p(~effort)Psi(~pctex21 + LWD + pctBrBnk) } = 0.1274615E-05 
 S Vector { p(~effort)Psi(~pctex21 + LWD + pctBrBnk) }:
   14.89643      6.939796     0.5948274     0.2657639     0.1483519    
  0.1962198E-01
 Time to compute number of parameters was 0.01 seconds.     
 Ratio Threshold = 50.000000       Max Gap (2/3) = 11.666907       Next Max Gap (5/6) = 7.5604953     
 Gap Method for Num. of Estimated Parameters { p(~effort)Psi(~pctex21 + LWD + pctBrBnk) } = 6          
 Threshold { p(~effort)Psi(~pctex21 + LWD + pctBrBnk) } = 0.2549230E-05                 
 Numerical Threshold Method for Num. of Estimated Parameters { p(~effort)Psi(~pctex21 + LWD + pctBrBnk) } = 6          
 Number of Estimated Parameters { p(~effort)Psi(~pctex21 + LWD + pctBrBnk) } = 6          
 DEVIANCE { p(~effort)Psi(~pctex21 + LWD + pctBrBnk) } = 144.35506                     
 DEVIANCE Degrees of Freedom { p(~effort)Psi(~pctex21 + LWD + pctBrBnk) } = 132            
 c-hat { p(~effort)Psi(~pctex21 + LWD + pctBrBnk) } = 1.0935990                     
 AIC { p(~effort)Psi(~pctex21 + LWD + pctBrBnk) } = 156.35506                  
 AICc { p(~effort)Psi(~pctex21 + LWD + pctBrBnk) } = 156.99629                    
 BIC { p(~effort)Psi(~pctex21 + LWD + pctBrBnk) } = 173.91859                    
 Pearson Chisquare { p(~effort)Psi(~pctex21 + LWD + pctBrBnk) } = 763.14148                  

  Program  MARK  - Survival Rate Estimation with Capture-Recapture Data
   gfortran(dble) Vers. 9.0 Mar 2018     6-Dec-2019 14:35:05    Page  003
 - - - - - - - - - - - - - - - - - - - - - - - - - - - - - - - - - - - - - -
 


         LOGIT Link Function Parameters of { p(~effort)Psi(~pctex21 + LWD + pctBrBnk) }
                                                              95% Confidence Interval
 Parameter                    Beta         Standard Error      Lower           Upper
 -------------------------  --------------  --------------  --------------  --------------
    1:p:(Intercept)          0.9278690       0.3772927       0.1883753       1.6673627    
    2:p:effort               1.1863612       0.5608092       0.0871752       2.2855472    
    3:Psi:(Intercept)       -0.0893692       0.5547421      -1.1766637       0.9979253    
    4:Psi:pctex21           -0.5779510       0.2303293      -1.0293964      -0.1265056    
    5:Psi:LWD               -0.4964116       1.2730443      -2.9915785       1.9987553    
    6:Psi:pctBrBnk          -0.8336679       0.6084101      -2.0261518       0.3588159    


         Real Function Parameters of { p(~effort)Psi(~pctex21 + LWD + pctBrBnk) }

      Following estimates based on unstandardized individual covariate values:
          Variable   Value         
          ---------  ------------- 
          EFFORT1    -0.7246373E-10
          EFFORT2    -0.1449268E-10
          EFFORT3     0.4347865E-11
          PCTEX21     4.8306834    
          LWD         0.2273503    
          PCTBRBNK    0.8740586    
                                                               95% Confidence Interval
  Parameter                  Estimate       Standard Error      Lower           Upper
 --------------------------  --------------  --------------  --------------  --------------
     1:p g1 a0 t1             0.7166428       0.0766153       0.5469551       0.8412239                          
     2:p g1 a1 t2             0.7166428       0.0766153       0.5469551       0.8412239                          
     3:p g1 a2 t3             0.7166428       0.0766153       0.5469551       0.8412239                          
     4:Psi g1 a0 t1           0.0235959       0.0227682       0.0034713       0.1435822                          


                      Estimates of Derived Parameters
   Occupancy Estimates of { p(~effort)Psi(~pctex21 + LWD + pctBrBnk) }
                                            95% Confidence Interval
 Group   Psi-hat         Standard Error      Lower           Upper
 -----   --------------  --------------  --------------  --------------
   1      0.0235959       0.0227682       0.0034713       0.1435822    

   CPU Time for the last procedure was 0.03 seconds.     

  Program  MARK  - Survival Rate Estimation with Capture-Recapture Data
   gfortran(dble) Vers. 9.0 Mar 2018     6-Dec-2019 14:35:05    Page  004
 - - - - - - - - - - - - - - - - - - - - - - - - - - - - - - - - - - - - - -
 


  INPUT --- proc stop;

     CPU Time in minutes for this job was 0.00

     Time Start = 14:35:05.414   Time End = 14:35:05.578

     Wall Clock Time in minutes for this job was 0.00


          E X E C U T I O N   S U C C E S S F U L 
