
   Program  MARK  - Survival Rate Estimation with Capture-Recapture Data
   gfortran(dble) Vers. 9.0 Mar 2018    10-Dec-2019 12:35:00    Page  001
 - - - - - - - - - - - - - - - - - - - - - - - - - - - - - - - - - - - - - -
 
   This version was compiled by GCC version 7.2.0 using the options: 
     -cpp -iprefix C:/Program Files/mingw-w64/x86_64-7.2.0-posix-seh-rt_v5-rev1/
     mingw64/bin/../lib/gcc/x86_64-w64-mingw32/7.2.0/ -D_MT -D_REENTRANT
     -U_REENTRANT -D IEEE -D DBLEPRECISION -m64 -mtune=core2 -march=nocona -mthreads
     -O2 -fimplicit-none -fbounds-check -funroll-loops -ftree-vectorize
     -ffpe-summary=invalid,zero,overflow,underflow -fno-unsafe-math-optimizations
     -frounding-math -fsignaling-nans -fopenmp.

   This problem will use 7 of 8 possible threads.


  INPUT --- proc title ;

   CPU Time for the last procedure was 0.01 seconds.     


  INPUT --- proc chmatrix occasions= 3 groups= 1 etype= Occupancy 
  INPUT --- Nodes= 101 icovar = 6 ICMeans  NoHist hist= 138 ;

  INPUT ---    time interval 1 1 1 ;

  INPUT ---     icovariates effort1 effort2 effort3 pctex21 pctpool  
  INPUT ---    HAiFLS_for ;

  INPUT ---    glabel(1)=freq1;

      Number of unique encounter histories read was 138.

      Number of individual covariates read was 6.
      Time interval lengths are all equal to 1.

      Data type number is 27
      Data type is Occupancy Estimation with Detection < 1                                                             

   CPU Time for the last procedure was 0.02 seconds.     

  Program  MARK  - Survival Rate Estimation with Capture-Recapture Data
   gfortran(dble) Vers. 9.0 Mar 2018    10-Dec-2019 12:35:00    Page  002
 - - - - - - - - - - - - - - - - - - - - - - - - - - - - - - - - - - - - - -
 


  INPUT --- proc estimate link=Logit NOLOOP varest=2ndPart    ;


  INPUT --- model={ p(~effort)Psi(~pctex21 + pctpool + HAiFLS_for) };

  INPUT ---    group=1 p    rows=1 cols=3 Square ;
  INPUT ---        1 2 3 ;

  INPUT ---    group=1 Psi    rows=1 cols=1 Square ;
  INPUT ---        4 ;

  INPUT ---    design matrix constraints=4 covariates=6;
  INPUT ---        1 effort1 0 0 0 0;
  INPUT ---        1 effort2 0 0 0 0;
  INPUT ---        1 effort3 0 0 0 0;
  INPUT ---        0 0 1 pctex21 pctpool HAiFLS_for;
  INPUT ---       blabel(1)=p:(Intercept);
  INPUT ---       blabel(2)=p:effort;
  INPUT ---       blabel(3)=Psi:(Intercept);
  INPUT ---       blabel(4)=Psi:pctex21;
  INPUT ---       blabel(5)=Psi:pctpool;
  INPUT ---       blabel(6)=Psi:HAiFLS_for;
  INPUT ---       rlabel(1)=p g1 a0 t1;
  INPUT ---       rlabel(2)=p g1 a1 t2;
  INPUT ---       rlabel(3)=p g1 a2 t3;
  INPUT ---       rlabel(4)=Psi g1 a0 t1;

 Link Function Used is LOGIT        

 Variance Estimation Procedure Used is 2ndPart 
 -2logL(saturated) = 0.0000000     
 Effective Sample Size = 138

 Number of function evaluations was 24 for 6 parameters.
 Time for numerical optimization was 0.01 seconds.     
 -2logL { p(~effort)Psi(~pctex21 + pctpool + HAiFLS_for) } = 141.07874     
 Penalty { p(~effort)Psi(~pctex21 + pctpool + HAiFLS_for) } = 0.0000000     
 Gradient { p(~effort)Psi(~pctex21 + pctpool + HAiFLS_for) }:
  0.9698807E-06 -0.3124158E-06   0.000000     -0.7964333E-07   0.000000    
   0.000000    
 Maximum ABS(G) { p(~effort)Psi(~pctex21 + pctpool + HAiFLS_for) } = 0.9698807E-06 
 S Vector { p(~effort)Psi(~pctex21 + pctpool + HAiFLS_for) }:
   16.50766      7.687002     0.9544633     0.6030511     0.1641344    
  0.1597370E-01
 Time to compute number of parameters was 0.01 seconds.     
 Ratio Threshold = 50.000000       Max Gap (5/6) = 10.275286       Next Max Gap (2/3) = 8.0537429     
 Gap Method for Num. of Estimated Parameters { p(~effort)Psi(~pctex21 + pctpool + HAiFLS_for) } = 6          
 Threshold { p(~effort)Psi(~pctex21 + pctpool + HAiFLS_for) } = 0.1939761E-05                 
 Numerical Threshold Method for Num. of Estimated Parameters { p(~effort)Psi(~pctex21 + pctpool + HAiFLS_for) } = 6          
 Number of Estimated Parameters { p(~effort)Psi(~pctex21 + pctpool + HAiFLS_for) } = 6          
 DEVIANCE { p(~effort)Psi(~pctex21 + pctpool + HAiFLS_for) } = 141.07874                     
 DEVIANCE Degrees of Freedom { p(~effort)Psi(~pctex21 + pctpool + HAiFLS_for) } = 132            
 c-hat { p(~effort)Psi(~pctex21 + pctpool + HAiFLS_for) } = 1.0687783                     
 AIC { p(~effort)Psi(~pctex21 + pctpool + HAiFLS_for) } = 153.07874                  
 AICc { p(~effort)Psi(~pctex21 + pctpool + HAiFLS_for) } = 153.71996                    
 BIC { p(~effort)Psi(~pctex21 + pctpool + HAiFLS_for) } = 170.64226                    
 Pearson Chisquare { p(~effort)Psi(~pctex21 + pctpool + HAiFLS_for) } = 539.08918                  

  Program  MARK  - Survival Rate Estimation with Capture-Recapture Data
   gfortran(dble) Vers. 9.0 Mar 2018    10-Dec-2019 12:35:00    Page  003
 - - - - - - - - - - - - - - - - - - - - - - - - - - - - - - - - - - - - - -
 


      LOGIT Link Function Parameters of { p(~effort)Psi(~pctex21 + pctpool + HAiFLS_for) }
                                                              95% Confidence Interval
 Parameter                    Beta         Standard Error      Lower           Upper
 -------------------------  --------------  --------------  --------------  --------------
    1:p:(Intercept)          0.9665807       0.3676202       0.2460451       1.6871163    
    2:p:effort               1.1062827       0.5344429       0.0587746       2.1537908    
    3:Psi:(Intercept)       -1.6670732       0.6172538      -2.8768907      -0.4572556    
    4:Psi:pctex21           -0.7410322       0.2552636      -1.2413489      -0.2407154    
    5:Psi:pctpool            0.0105257       0.0153032      -0.0194686       0.0405200    
    6:Psi:HAiFLS_for         0.0214147       0.0101836       0.0014548       0.0413747    


      Real Function Parameters of { p(~effort)Psi(~pctex21 + pctpool + HAiFLS_for) }

      Following estimates based on unstandardized individual covariate values:
          Variable   Value         
          ---------  ------------- 
          EFFORT1    -0.7246373E-10
          EFFORT2    -0.1449268E-10
          EFFORT3     0.4347865E-11
          PCTEX21     4.8306834    
          PCTPOOL     25.664251    
          HAIFLS_FOR  26.272482    
                                                               95% Confidence Interval
  Parameter                  Estimate       Standard Error      Lower           Upper
 --------------------------  --------------  --------------  --------------  --------------
     1:p g1 a0 t1             0.7244374       0.0733872       0.5612028       0.8438445                          
     2:p g1 a1 t2             0.7244374       0.0733872       0.5612028       0.8438445                          
     3:p g1 a2 t3             0.7244374       0.0733872       0.5612028       0.8438445                          
     4:Psi g1 a0 t1           0.0119617       0.0133592       0.0013191       0.0998829                          


                      Estimates of Derived Parameters
 Occupancy Estimates of { p(~effort)Psi(~pctex21 + pctpool + HAiFLS_for) }
                                            95% Confidence Interval
 Group   Psi-hat         Standard Error      Lower           Upper
 -----   --------------  --------------  --------------  --------------
   1      0.0119617       0.0133592       0.0013191       0.0998829    

   CPU Time for the last procedure was 0.01 seconds.     

  Program  MARK  - Survival Rate Estimation with Capture-Recapture Data
   gfortran(dble) Vers. 9.0 Mar 2018    10-Dec-2019 12:35:00    Page  004
 - - - - - - - - - - - - - - - - - - - - - - - - - - - - - - - - - - - - - -
 


  INPUT --- proc stop;

     CPU Time in minutes for this job was 0.00

     Time Start = 12:35:00.670   Time End = 12:35:00.787

     Wall Clock Time in minutes for this job was 0.00


          E X E C U T I O N   S U C C E S S F U L 
