
   Program  MARK  - Survival Rate Estimation with Capture-Recapture Data
   gfortran(dble) Vers. 9.0 Mar 2018     6-Dec-2019 14:34:49    Page  001
 - - - - - - - - - - - - - - - - - - - - - - - - - - - - - - - - - - - - - -
 
   This version was compiled by GCC version 7.2.0 using the options: 
     -cpp -iprefix C:/Program Files/mingw-w64/x86_64-7.2.0-posix-seh-rt_v5-rev1/
     mingw64/bin/../lib/gcc/x86_64-w64-mingw32/7.2.0/ -D_MT -D_REENTRANT
     -U_REENTRANT -D IEEE -D DBLEPRECISION -m64 -mtune=core2 -march=nocona -mthreads
     -O2 -fimplicit-none -fbounds-check -funroll-loops -ftree-vectorize
     -ffpe-summary=invalid,zero,overflow,underflow -fno-unsafe-math-optimizations
     -frounding-math -fsignaling-nans -fopenmp.

   This problem will use 7 of 8 possible threads.


  INPUT --- proc title ;

   CPU Time for the last procedure was 0.01 seconds.     


  INPUT --- proc chmatrix occasions= 3 groups= 1 etype= Occupancy 
  INPUT --- Nodes= 101 icovar = 4 ICMeans  NoHist hist= 138 ;

  INPUT ---    time interval 1 1 1 ;

  INPUT ---     icovariates pctex21 pctpool LWD pctBrBnk ;

  INPUT ---    glabel(1)=freq1;

      Number of unique encounter histories read was 138.

      Number of individual covariates read was 4.
      Time interval lengths are all equal to 1.

      Data type number is 27
      Data type is Occupancy Estimation with Detection < 1                                                             

   CPU Time for the last procedure was 0.01 seconds.     

  Program  MARK  - Survival Rate Estimation with Capture-Recapture Data
   gfortran(dble) Vers. 9.0 Mar 2018     6-Dec-2019 14:34:49    Page  002
 - - - - - - - - - - - - - - - - - - - - - - - - - - - - - - - - - - - - - -
 


  INPUT --- proc estimate link=Logit NOLOOP varest=2ndPart    ;


  INPUT --- model={ p(~1)Psi(~pctex21 + pctpool + LWD + pctBrBnk) };

  INPUT ---    group=1 p    rows=1 cols=3 Square ;
  INPUT ---        1 1 1 ;

  INPUT ---    group=1 Psi    rows=1 cols=1 Square ;
  INPUT ---        2 ;

  INPUT ---    design matrix constraints=2 covariates=6;
  INPUT ---        1 0 0 0 0 0;
  INPUT ---        0 1 pctex21 pctpool LWD pctBrBnk;
  INPUT ---       blabel(1)=p:(Intercept);
  INPUT ---       blabel(2)=Psi:(Intercept);
  INPUT ---       blabel(3)=Psi:pctex21;
  INPUT ---       blabel(4)=Psi:pctpool;
  INPUT ---       blabel(5)=Psi:LWD;
  INPUT ---       blabel(6)=Psi:pctBrBnk;
  INPUT ---       rlabel(1)=p g1 a0 t1;
  INPUT ---       rlabel(2)=Psi g1 a0 t1;

 Link Function Used is LOGIT        

 Variance Estimation Procedure Used is 2ndPart 
 -2logL(saturated) = 0.0000000     
 Effective Sample Size = 138

 Number of function evaluations was 21 for 6 parameters.
 Time for numerical optimization was 0.02 seconds.     
 -2logL { p(~1)Psi(~pctex21 + pctpool + LWD + pctBrBnk) } = 149.61181     
 Penalty { p(~1)Psi(~pctex21 + pctpool + LWD + pctBrBnk) } = 0.0000000     
 Gradient { p(~1)Psi(~pctex21 + pctpool + LWD + pctBrBnk) }:
 -0.1958353E-05   0.000000      0.2057495E-06 -0.7743878E-06   0.000000    
   0.000000    
 Maximum ABS(G) { p(~1)Psi(~pctex21 + pctpool + LWD + pctBrBnk) } = 0.1958353E-05 
 S Vector { p(~1)Psi(~pctex21 + pctpool + LWD + pctBrBnk) }:
   16.33943      9.605760     0.7327019     0.5673812     0.2673645    
  0.1919374E-01
 Time to compute number of parameters was 0.01 seconds.     
 Ratio Threshold = 50.000000       Max Gap (5/6) = 13.929775       Next Max Gap (2/3) = 13.110052     
 Gap Method for Num. of Estimated Parameters { p(~1)Psi(~pctex21 + pctpool + LWD + pctBrBnk) } = 6          
 Threshold { p(~1)Psi(~pctex21 + pctpool + LWD + pctBrBnk) } = 0.3916706E-05                 
 Numerical Threshold Method for Num. of Estimated Parameters { p(~1)Psi(~pctex21 + pctpool + LWD + pctBrBnk) } = 6          
 Number of Estimated Parameters { p(~1)Psi(~pctex21 + pctpool + LWD + pctBrBnk) } = 6          
 DEVIANCE { p(~1)Psi(~pctex21 + pctpool + LWD + pctBrBnk) } = 149.61181                     
 DEVIANCE Degrees of Freedom { p(~1)Psi(~pctex21 + pctpool + LWD + pctBrBnk) } = 132            
 c-hat { p(~1)Psi(~pctex21 + pctpool + LWD + pctBrBnk) } = 1.1334228                     
 AIC { p(~1)Psi(~pctex21 + pctpool + LWD + pctBrBnk) } = 161.61181                  
 AICc { p(~1)Psi(~pctex21 + pctpool + LWD + pctBrBnk) } = 162.25304                    
 BIC { p(~1)Psi(~pctex21 + pctpool + LWD + pctBrBnk) } = 179.17534                    
 Pearson Chisquare { p(~1)Psi(~pctex21 + pctpool + LWD + pctBrBnk) } = 1179.9655                  

  Program  MARK  - Survival Rate Estimation with Capture-Recapture Data
   gfortran(dble) Vers. 9.0 Mar 2018     6-Dec-2019 14:34:49    Page  003
 - - - - - - - - - - - - - - - - - - - - - - - - - - - - - - - - - - - - - -
 


      LOGIT Link Function Parameters of { p(~1)Psi(~pctex21 + pctpool + LWD + pctBrBnk) }
                                                              95% Confidence Interval
 Parameter                    Beta         Standard Error      Lower           Upper
 -------------------------  --------------  --------------  --------------  --------------
    1:p:(Intercept)          0.9479110       0.3211530       0.3184512       1.5773709    
    2:Psi:(Intercept)       -0.6442218       0.6114024      -1.8425704       0.5541269    
    3:Psi:pctex21           -0.5663985       0.2328718      -1.0228272      -0.1099698    
    4:Psi:pctpool            0.0184805       0.0143444      -0.0096346       0.0465956    
    5:Psi:LWD               -0.6351275       1.2882057      -3.1600108       1.8897558    
    6:Psi:pctBrBnk          -0.8692273       0.6073302      -2.0595944       0.3211399    


      Real Function Parameters of { p(~1)Psi(~pctex21 + pctpool + LWD + pctBrBnk) }

      Following estimates based on unstandardized individual covariate values:
          Variable   Value         
          ---------  ------------- 
          PCTEX21     4.8306834    
          PCTPOOL     25.664251    
          LWD         0.2273503    
          PCTBRBNK    0.8740586    
                                                               95% Confidence Interval
  Parameter                  Estimate       Standard Error      Lower           Upper
 --------------------------  --------------  --------------  --------------  --------------
     1:p g1 a0 t1             0.7206949       0.0646461       0.5789467       0.8288319                          
     2:Psi g1 a0 t1           0.0216645       0.0212592       0.0030912       0.1365485                          


                      Estimates of Derived Parameters
 Occupancy Estimates of { p(~1)Psi(~pctex21 + pctpool + LWD + pctBrBnk) }
                                            95% Confidence Interval
 Group   Psi-hat         Standard Error      Lower           Upper
 -----   --------------  --------------  --------------  --------------
   1      0.0216645       0.0212592       0.0030912       0.1365485    

   CPU Time for the last procedure was 0.02 seconds.     

  Program  MARK  - Survival Rate Estimation with Capture-Recapture Data
   gfortran(dble) Vers. 9.0 Mar 2018     6-Dec-2019 14:34:49    Page  004
 - - - - - - - - - - - - - - - - - - - - - - - - - - - - - - - - - - - - - -
 


  INPUT --- proc stop;

     CPU Time in minutes for this job was 0.00

     Time Start = 14:34:49.267   Time End = 14:34:49.661

     Wall Clock Time in minutes for this job was 0.01


          E X E C U T I O N   S U C C E S S F U L 
