
   Program  MARK  - Survival Rate Estimation with Capture-Recapture Data
   gfortran(dble) Vers. 9.0 Mar 2018     9-Dec-2019 13:22:20    Page  001
 - - - - - - - - - - - - - - - - - - - - - - - - - - - - - - - - - - - - - -
 
   This version was compiled by GCC version 7.2.0 using the options: 
     -cpp -iprefix C:/Program Files/mingw-w64/x86_64-7.2.0-posix-seh-rt_v5-rev1/
     mingw64/bin/../lib/gcc/x86_64-w64-mingw32/7.2.0/ -D_MT -D_REENTRANT
     -U_REENTRANT -D IEEE -D DBLEPRECISION -m64 -mtune=core2 -march=nocona -mthreads
     -O2 -fimplicit-none -fbounds-check -funroll-loops -ftree-vectorize
     -ffpe-summary=invalid,zero,overflow,underflow -fno-unsafe-math-optimizations
     -frounding-math -fsignaling-nans -fopenmp.

   This problem will use 7 of 8 possible threads.


  INPUT --- proc title ;

   CPU Time for the last procedure was 0.01 seconds.     


  INPUT --- proc chmatrix occasions= 3 groups= 1 etype= Occupancy 
  INPUT --- Nodes= 101 icovar = 7 ICMeans  NoHist hist= 138 ;

  INPUT ---    time interval 1 1 1 ;

  INPUT ---     icovariates effort1 effort2 effort3 HAiFLS_for AvgSlope  
  INPUT ---    EFac_Cat Cross_Cat ;

  INPUT ---    glabel(1)=freq1;

      Number of unique encounter histories read was 138.

      Number of individual covariates read was 7.
      Time interval lengths are all equal to 1.

      Data type number is 27
      Data type is Occupancy Estimation with Detection < 1                                                             

   CPU Time for the last procedure was 0.01 seconds.     

  Program  MARK  - Survival Rate Estimation with Capture-Recapture Data
   gfortran(dble) Vers. 9.0 Mar 2018     9-Dec-2019 13:22:20    Page  002
 - - - - - - - - - - - - - - - - - - - - - - - - - - - - - - - - - - - - - -
 


  INPUT --- proc estimate link=Logit NOLOOP varest=2ndPart    ;


  INPUT --- model={ p(~effort)Psi(~HAiFLS_for + AvgSlope + EFac_Cat + 
  INPUT --- Cross_Cat) };

  INPUT ---    group=1 p    rows=1 cols=3 Square ;
  INPUT ---        1 2 3 ;

  INPUT ---    group=1 Psi    rows=1 cols=1 Square ;
  INPUT ---        4 ;

  INPUT ---    design matrix constraints=4 covariates=7;
  INPUT ---        1 effort1 0 0 0 0 0;
  INPUT ---        1 effort2 0 0 0 0 0;
  INPUT ---        1 effort3 0 0 0 0 0;
  INPUT ---        0 0 1 HAiFLS_for AvgSlope EFac_Cat Cross_Cat;
  INPUT ---       blabel(1)=p:(Intercept);
  INPUT ---       blabel(2)=p:effort;
  INPUT ---       blabel(3)=Psi:(Intercept);
  INPUT ---       blabel(4)=Psi:HAiFLS_for;
  INPUT ---       blabel(5)=Psi:AvgSlope;
  INPUT ---       blabel(6)=Psi:EFac_Cat;
  INPUT ---       blabel(7)=Psi:Cross_Cat;
  INPUT ---       rlabel(1)=p g1 a0 t1;
  INPUT ---       rlabel(2)=p g1 a1 t2;
  INPUT ---       rlabel(3)=p g1 a2 t3;
  INPUT ---       rlabel(4)=Psi g1 a0 t1;

 Link Function Used is LOGIT        

 Variance Estimation Procedure Used is 2ndPart 
 -2logL(saturated) = 0.0000000     
 Effective Sample Size = 138

 Number of function evaluations was 21 for 7 parameters.
 Time for numerical optimization was 0.01 seconds.     
 -2logL { p(~effort)Psi(~HAiFLS_for + AvgSlope + EFac_Cat + Cross_Cat) } = 160.84139     
 Penalty { p(~effort)Psi(~HAiFLS_for + AvgSlope + EFac_Cat + Cross_Cat) } = 0.0000000     
 Gradient { p(~effort)Psi(~HAiFLS_for + AvgSlope + EFac_Cat + Cross_Cat) }:
 -0.2845338E-05   0.000000     -0.1067655E-05 -0.1541621E-05   0.000000    
 -0.2637553E-05   0.000000    
 Maximum ABS(G) { p(~effort)Psi(~HAiFLS_for + AvgSlope + EFac_Cat + Cross_Cat) } = 0.2845338E-05 

  Program  MARK  - Survival Rate Estimation with Capture-Recapture Data
   gfortran(dble) Vers. 9.0 Mar 2018     9-Dec-2019 13:22:20    Page  003
 - - - - - - - - - - - - - - - - - - - - - - - - - - - - - - - - - - - - - -
 
 S Vector { p(~effort)Psi(~HAiFLS_for + AvgSlope + EFac_Cat + Cross_Cat) }:
   18.44298      8.296835      1.318338     0.3926868     0.2991555    
  0.1052268     0.4029804E-01
 Time to compute number of parameters was 0.02 seconds.     
 Ratio Threshold = 50.000000       Max Gap (2/3) = 6.2934071       Next Max Gap (3/4) = 3.3572240     
 Gap Method for Num. of Estimated Parameters { p(~effort)Psi(~HAiFLS_for + AvgSlope + EFac_Cat + Cross_Cat) } = 7          
 Threshold { p(~effort)Psi(~HAiFLS_for + AvgSlope + EFac_Cat + Cross_Cat) } = 0.5690676E-05                 
 Numerical Threshold Method for Num. of Estimated Parameters { p(~effort)Psi(~HAiFLS_for + AvgSlope + EFac_Cat + Cross_Cat) } = 7          
 Number of Estimated Parameters { p(~effort)Psi(~HAiFLS_for + AvgSlope + EFac_Cat + Cross_Cat) } = 7          
 DEVIANCE { p(~effort)Psi(~HAiFLS_for + AvgSlope + EFac_Cat + Cross_Cat) } = 160.84139                     
 DEVIANCE Degrees of Freedom { p(~effort)Psi(~HAiFLS_for + AvgSlope + EFac_Cat + Cross_Cat) } = 131            
 c-hat { p(~effort)Psi(~HAiFLS_for + AvgSlope + EFac_Cat + Cross_Cat) } = 1.2277969                     
 AIC { p(~effort)Psi(~HAiFLS_for + AvgSlope + EFac_Cat + Cross_Cat) } = 174.84139                  
 AICc { p(~effort)Psi(~HAiFLS_for + AvgSlope + EFac_Cat + Cross_Cat) } = 175.70293                    
 BIC { p(~effort)Psi(~HAiFLS_for + AvgSlope + EFac_Cat + Cross_Cat) } = 195.33217                    
 Pearson Chisquare { p(~effort)Psi(~HAiFLS_for + AvgSlope + EFac_Cat + Cross_Cat) } = 897.78947                  


 LOGIT Link Function Parameters of { p(~effort)Psi(~HAiFLS_for + AvgSlope + EFac_Cat + Cross_Cat) }
                                                              95% Confidence Interval
 Parameter                    Beta         Standard Error      Lower           Upper
 -------------------------  --------------  --------------  --------------  --------------
    1:p:(Intercept)         -0.3406834       0.6459517      -1.6067488       0.9253819    
    2:p:effort               0.0015545       0.7607448E-03   0.6339447E-04   0.0030455    
    3:Psi:(Intercept)       -2.5729681       0.7587087      -4.0600372      -1.0858990    
    4:Psi:HAiFLS_for         0.0147622       0.0097744      -0.0043956       0.0339200    
    5:Psi:AvgSlope           0.0419865       0.0279007      -0.0126988       0.0966718    
    6:Psi:EFac_Cat           0.4259109       1.7181275      -2.9416192       3.7934409    
    7:Psi:Cross_Cat         -0.5662282       0.7115396      -1.9608459       0.8283895    


 Real Function Parameters of { p(~effort)Psi(~HAiFLS_for + AvgSlope + EFac_Cat + Cross_Cat) }

      Following estimates based on unstandardized individual covariate values:
          Variable   Value         
          ---------  ------------- 
          EFFORT1     906.23188    
          EFFORT2     834.18841    
          EFFORT3     818.18116    
          HAIFLS_FOR  26.272482    
          AVGSLOPE    12.952003    
          EFAC_CAT    0.0880592    
          CROSS_CAT   0.6212393    
                                                               95% Confidence Interval
  Parameter                  Estimate       Standard Error      Lower           Upper
 --------------------------  --------------  --------------  --------------  --------------
     1:p g1 a0 t1             0.7442188       0.0722037       0.5804380       0.8595374                          
     2:p g1 a1 t2             0.7223251       0.0725465       0.5614613       0.8409019                          
     3:p g1 a2 t3             0.7173069       0.0727581       0.5567246       0.8367721                          
     4:Psi g1 a0 t1           0.1239466       0.0313345       0.0743865       0.1994124                          


                      Estimates of Derived Parameters
 Occupancy Estimates of { p(~effort)Psi(~HAiFLS_for + AvgSlope + EFac_Cat + Cross_Cat) }
                                            95% Confidence Interval
 Group   Psi-hat         Standard Error      Lower           Upper
 -----   --------------  --------------  --------------  --------------
   1      0.1239466       0.0313345       0.0743865       0.1994124    

  Program  MARK  - Survival Rate Estimation with Capture-Recapture Data
   gfortran(dble) Vers. 9.0 Mar 2018     9-Dec-2019 13:22:20    Page  004
 - - - - - - - - - - - - - - - - - - - - - - - - - - - - - - - - - - - - - -
 

   CPU Time for the last procedure was 0.02 seconds.     


  INPUT --- proc stop;

     CPU Time in minutes for this job was 0.00

     Time Start = 13:22:20.233   Time End = 13:22:20.649

     Wall Clock Time in minutes for this job was 0.01


          E X E C U T I O N   S U C C E S S F U L 
