
   Program  MARK  - Survival Rate Estimation with Capture-Recapture Data
   gfortran(dble) Vers. 9.0 Mar 2018     9-Dec-2019 13:22:26    Page  001
 - - - - - - - - - - - - - - - - - - - - - - - - - - - - - - - - - - - - - -
 
   This version was compiled by GCC version 7.2.0 using the options: 
     -cpp -iprefix C:/Program Files/mingw-w64/x86_64-7.2.0-posix-seh-rt_v5-rev1/
     mingw64/bin/../lib/gcc/x86_64-w64-mingw32/7.2.0/ -D_MT -D_REENTRANT
     -U_REENTRANT -D IEEE -D DBLEPRECISION -m64 -mtune=core2 -march=nocona -mthreads
     -O2 -fimplicit-none -fbounds-check -funroll-loops -ftree-vectorize
     -ffpe-summary=invalid,zero,overflow,underflow -fno-unsafe-math-optimizations
     -frounding-math -fsignaling-nans -fopenmp.

   This problem will use 7 of 8 possible threads.


  INPUT --- proc title ;

   CPU Time for the last procedure was 0.01 seconds.     


  INPUT --- proc chmatrix occasions= 3 groups= 1 etype= Occupancy 
  INPUT --- Nodes= 101 icovar = 3 ICMeans  NoHist hist= 138 ;

  INPUT ---    time interval 1 1 1 ;

  INPUT ---     icovariates HAiFLS_for AvgSlope EFac_Cat ;

  INPUT ---    glabel(1)=freq1;

      Number of unique encounter histories read was 138.

      Number of individual covariates read was 3.
      Time interval lengths are all equal to 1.

      Data type number is 27
      Data type is Occupancy Estimation with Detection < 1                                                             

   CPU Time for the last procedure was 0.01 seconds.     

  Program  MARK  - Survival Rate Estimation with Capture-Recapture Data
   gfortran(dble) Vers. 9.0 Mar 2018     9-Dec-2019 13:22:26    Page  002
 - - - - - - - - - - - - - - - - - - - - - - - - - - - - - - - - - - - - - -
 


  INPUT --- proc estimate link=Logit NOLOOP varest=2ndPart    ;


  INPUT --- model={ p(~1)Psi(~HAiFLS_for + AvgSlope + EFac_Cat) };

  INPUT ---    group=1 p    rows=1 cols=3 Square ;
  INPUT ---        1 1 1 ;

  INPUT ---    group=1 Psi    rows=1 cols=1 Square ;
  INPUT ---        2 ;

  INPUT ---    design matrix constraints=2 covariates=5;
  INPUT ---        1 0 0 0 0;
  INPUT ---        0 1 HAiFLS_for AvgSlope EFac_Cat;
  INPUT ---       blabel(1)=p:(Intercept);
  INPUT ---       blabel(2)=Psi:(Intercept);
  INPUT ---       blabel(3)=Psi:HAiFLS_for;
  INPUT ---       blabel(4)=Psi:AvgSlope;
  INPUT ---       blabel(5)=Psi:EFac_Cat;
  INPUT ---       rlabel(1)=p g1 a0 t1;
  INPUT ---       rlabel(2)=Psi g1 a0 t1;

 Link Function Used is LOGIT        

 Variance Estimation Procedure Used is 2ndPart 
 -2logL(saturated) = 0.0000000     
 Effective Sample Size = 138

 Number of function evaluations was 14 for 5 parameters.
 Time for numerical optimization was 0.01 seconds.     
 -2logL { p(~1)Psi(~HAiFLS_for + AvgSlope + EFac_Cat) } = 167.75541     
 Penalty { p(~1)Psi(~HAiFLS_for + AvgSlope + EFac_Cat) } = 0.0000000     
 Gradient { p(~1)Psi(~HAiFLS_for + AvgSlope + EFac_Cat) }:
 -0.1960565E-05  0.4747063E-06 -0.1960816E-05   0.000000       0.000000    
 Maximum ABS(G) { p(~1)Psi(~HAiFLS_for + AvgSlope + EFac_Cat) } = 0.1960816E-05 
 S Vector { p(~1)Psi(~HAiFLS_for + AvgSlope + EFac_Cat) }:
   18.55981      9.594518      1.319971     0.4064135     0.3011522    
 Time to compute number of parameters was 0.05 seconds.     
 Ratio Threshold = 50.000000       Max Gap (2/3) = 7.2687336       Next Max Gap (3/4) = 3.2478528     
 Gap Method for Num. of Estimated Parameters { p(~1)Psi(~HAiFLS_for + AvgSlope + EFac_Cat) } = 5          
 Threshold { p(~1)Psi(~HAiFLS_for + AvgSlope + EFac_Cat) } = 0.3921632E-05                 
 Numerical Threshold Method for Num. of Estimated Parameters { p(~1)Psi(~HAiFLS_for + AvgSlope + EFac_Cat) } = 5          
 Number of Estimated Parameters { p(~1)Psi(~HAiFLS_for + AvgSlope + EFac_Cat) } = 5          
 DEVIANCE { p(~1)Psi(~HAiFLS_for + AvgSlope + EFac_Cat) } = 167.75541                     
 DEVIANCE Degrees of Freedom { p(~1)Psi(~HAiFLS_for + AvgSlope + EFac_Cat) } = 133            
 c-hat { p(~1)Psi(~HAiFLS_for + AvgSlope + EFac_Cat) } = 1.2613189                     
 AIC { p(~1)Psi(~HAiFLS_for + AvgSlope + EFac_Cat) } = 177.75541                  
 AICc { p(~1)Psi(~HAiFLS_for + AvgSlope + EFac_Cat) } = 178.20996                    
 BIC { p(~1)Psi(~HAiFLS_for + AvgSlope + EFac_Cat) } = 192.39168                    
 Pearson Chisquare { p(~1)Psi(~HAiFLS_for + AvgSlope + EFac_Cat) } = 946.23486                  


       LOGIT Link Function Parameters of { p(~1)Psi(~HAiFLS_for + AvgSlope + EFac_Cat) }
                                                              95% Confidence Interval
 Parameter                    Beta         Standard Error      Lower           Upper
 -------------------------  --------------  --------------  --------------  --------------

  Program  MARK  - Survival Rate Estimation with Capture-Recapture Data
   gfortran(dble) Vers. 9.0 Mar 2018     9-Dec-2019 13:22:26    Page  003
 - - - - - - - - - - - - - - - - - - - - - - - - - - - - - - - - - - - - - -
 
    1:p:(Intercept)          0.9457137       0.3218146       0.3149572       1.5764702    
    2:Psi:(Intercept)       -3.0179554       0.5959831      -4.1860824      -1.8498284    
    3:Psi:HAiFLS_for         0.0192048       0.0082465       0.0030415       0.0353680    
    4:Psi:AvgSlope           0.0404191       0.0270799      -0.0126575       0.0934957    
    5:Psi:EFac_Cat           0.4174762       1.7064691      -2.9272033       3.7621557    


       Real Function Parameters of { p(~1)Psi(~HAiFLS_for + AvgSlope + EFac_Cat) }

      Following estimates based on unstandardized individual covariate values:
          Variable   Value         
          ---------  ------------- 
          HAIFLS_FOR  26.272482    
          AVGSLOPE    12.952003    
          EFAC_CAT    0.0880592    
                                                               95% Confidence Interval
  Parameter                  Estimate       Standard Error      Lower           Upper
 --------------------------  --------------  --------------  --------------  --------------
     1:p g1 a0 t1             0.7202524       0.0648421       0.5780948       0.8287040                          
     2:Psi g1 a0 t1           0.1242127       0.0300432       0.0762498       0.1959457                          


                      Estimates of Derived Parameters
  Occupancy Estimates of { p(~1)Psi(~HAiFLS_for + AvgSlope + EFac_Cat) }
                                            95% Confidence Interval
 Group   Psi-hat         Standard Error      Lower           Upper
 -----   --------------  --------------  --------------  --------------
   1      0.1242127       0.0300432       0.0762498       0.1959457    

   CPU Time for the last procedure was 0.05 seconds.     

  Program  MARK  - Survival Rate Estimation with Capture-Recapture Data
   gfortran(dble) Vers. 9.0 Mar 2018     9-Dec-2019 13:22:26    Page  004
 - - - - - - - - - - - - - - - - - - - - - - - - - - - - - - - - - - - - - -
 


  INPUT --- proc stop;

     CPU Time in minutes for this job was 0.00

     Time Start = 13:22:26.014   Time End = 13:22:26.128

     Wall Clock Time in minutes for this job was 0.00


          E X E C U T I O N   S U C C E S S F U L 
