
   Program  MARK  - Survival Rate Estimation with Capture-Recapture Data
   gfortran(dble) Vers. 9.0 Mar 2018     6-Dec-2019 14:35:23    Page  001
 - - - - - - - - - - - - - - - - - - - - - - - - - - - - - - - - - - - - - -
 
   This version was compiled by GCC version 7.2.0 using the options: 
     -cpp -iprefix C:/Program Files/mingw-w64/x86_64-7.2.0-posix-seh-rt_v5-rev1/
     mingw64/bin/../lib/gcc/x86_64-w64-mingw32/7.2.0/ -D_MT -D_REENTRANT
     -U_REENTRANT -D IEEE -D DBLEPRECISION -m64 -mtune=core2 -march=nocona -mthreads
     -O2 -fimplicit-none -fbounds-check -funroll-loops -ftree-vectorize
     -ffpe-summary=invalid,zero,overflow,underflow -fno-unsafe-math-optimizations
     -frounding-math -fsignaling-nans -fopenmp.

   This problem will use 7 of 8 possible threads.


  INPUT --- proc title ;

   CPU Time for the last procedure was 0.01 seconds.     


  INPUT --- proc chmatrix occasions= 3 groups= 1 etype= Occupancy 
  INPUT --- Nodes= 101 icovar = 6 ICMeans  NoHist hist= 138 ;

  INPUT ---    time interval 1 1 1 ;

  INPUT ---     icovariates effort1 effort2 effort3 pctex21 pctpool  
  INPUT ---    BRT_100m ;

  INPUT ---    glabel(1)=freq1;

      Number of unique encounter histories read was 138.

      Number of individual covariates read was 6.
      Time interval lengths are all equal to 1.

      Data type number is 27
      Data type is Occupancy Estimation with Detection < 1                                                             

   CPU Time for the last procedure was 0.02 seconds.     

  Program  MARK  - Survival Rate Estimation with Capture-Recapture Data
   gfortran(dble) Vers. 9.0 Mar 2018     6-Dec-2019 14:35:23    Page  002
 - - - - - - - - - - - - - - - - - - - - - - - - - - - - - - - - - - - - - -
 


  INPUT --- proc estimate link=Logit NOLOOP varest=2ndPart    ;


  INPUT --- model={ p(~effort)Psi(~pctex21 + pctpool + BRT_100m) };

  INPUT ---    group=1 p    rows=1 cols=3 Square ;
  INPUT ---        1 2 3 ;

  INPUT ---    group=1 Psi    rows=1 cols=1 Square ;
  INPUT ---        4 ;

  INPUT ---    design matrix constraints=4 covariates=6;
  INPUT ---        1 effort1 0 0 0 0;
  INPUT ---        1 effort2 0 0 0 0;
  INPUT ---        1 effort3 0 0 0 0;
  INPUT ---        0 0 1 pctex21 pctpool BRT_100m;
  INPUT ---       blabel(1)=p:(Intercept);
  INPUT ---       blabel(2)=p:effort;
  INPUT ---       blabel(3)=Psi:(Intercept);
  INPUT ---       blabel(4)=Psi:pctex21;
  INPUT ---       blabel(5)=Psi:pctpool;
  INPUT ---       blabel(6)=Psi:BRT_100m;
  INPUT ---       rlabel(1)=p g1 a0 t1;
  INPUT ---       rlabel(2)=p g1 a1 t2;
  INPUT ---       rlabel(3)=p g1 a2 t3;
  INPUT ---       rlabel(4)=Psi g1 a0 t1;

 Link Function Used is LOGIT        

 Variance Estimation Procedure Used is 2ndPart 
 -2logL(saturated) = 0.0000000     
 Effective Sample Size = 138

 Number of function evaluations was 21 for 6 parameters.
 Time for numerical optimization was 0.02 seconds.     
 -2logL { p(~effort)Psi(~pctex21 + pctpool + BRT_100m) } = 143.32398     
 Penalty { p(~effort)Psi(~pctex21 + pctpool + BRT_100m) } = 0.0000000     
 Gradient { p(~effort)Psi(~pctex21 + pctpool + BRT_100m) }:
  0.9620287E-06   0.000000       0.000000      0.9224043E-07 -0.9188204E-06
   0.000000    
 Maximum ABS(G) { p(~effort)Psi(~pctex21 + pctpool + BRT_100m) } = 0.9620287E-06 
 S Vector { p(~effort)Psi(~pctex21 + pctpool + BRT_100m) }:
   15.48270      7.937994     0.6636806     0.4416560     0.1690781    
  0.1791731E-01
 Time to compute number of parameters was 0.05 seconds.     
 Ratio Threshold = 50.000000       Max Gap (2/3) = 11.960563       Next Max Gap (5/6) = 9.4365826     
 Gap Method for Num. of Estimated Parameters { p(~effort)Psi(~pctex21 + pctpool + BRT_100m) } = 6          
 Threshold { p(~effort)Psi(~pctex21 + pctpool + BRT_100m) } = 0.1924057E-05                 
 Numerical Threshold Method for Num. of Estimated Parameters { p(~effort)Psi(~pctex21 + pctpool + BRT_100m) } = 6          
 Number of Estimated Parameters { p(~effort)Psi(~pctex21 + pctpool + BRT_100m) } = 6          
 DEVIANCE { p(~effort)Psi(~pctex21 + pctpool + BRT_100m) } = 143.32398                     
 DEVIANCE Degrees of Freedom { p(~effort)Psi(~pctex21 + pctpool + BRT_100m) } = 132            
 c-hat { p(~effort)Psi(~pctex21 + pctpool + BRT_100m) } = 1.0857878                     
 AIC { p(~effort)Psi(~pctex21 + pctpool + BRT_100m) } = 155.32398                  
 AICc { p(~effort)Psi(~pctex21 + pctpool + BRT_100m) } = 155.96520                    
 BIC { p(~effort)Psi(~pctex21 + pctpool + BRT_100m) } = 172.88751                    
 Pearson Chisquare { p(~effort)Psi(~pctex21 + pctpool + BRT_100m) } = 620.85574                  

  Program  MARK  - Survival Rate Estimation with Capture-Recapture Data
   gfortran(dble) Vers. 9.0 Mar 2018     6-Dec-2019 14:35:24    Page  003
 - - - - - - - - - - - - - - - - - - - - - - - - - - - - - - - - - - - - - -
 


       LOGIT Link Function Parameters of { p(~effort)Psi(~pctex21 + pctpool + BRT_100m) }
                                                              95% Confidence Interval
 Parameter                    Beta         Standard Error      Lower           Upper
 -------------------------  --------------  --------------  --------------  --------------
    1:p:(Intercept)          0.9826317       0.3644278       0.2683532       1.6969102    
    2:p:effort               1.0731754       0.5260630       0.0420918       2.1042590    
    3:Psi:(Intercept)       -1.3898668       0.5592598      -2.4860161      -0.2937176    
    4:Psi:pctex21           -0.6354209       0.2411801      -1.1081339      -0.1627079    
    5:Psi:pctpool            0.0135899       0.0145384      -0.0149053       0.0420851    
    6:Psi:BRT_100m           0.0246106       0.0155623      -0.0058915       0.0551128    


       Real Function Parameters of { p(~effort)Psi(~pctex21 + pctpool + BRT_100m) }

      Following estimates based on unstandardized individual covariate values:
          Variable   Value         
          ---------  ------------- 
          EFFORT1    -0.7246373E-10
          EFFORT2    -0.1449268E-10
          EFFORT3     0.4347865E-11
          PCTEX21     4.8306834    
          PCTPOOL     25.664251    
          BRT_100M    6.7817616    
                                                               95% Confidence Interval
  Parameter                  Estimate       Standard Error      Lower           Upper
 --------------------------  --------------  --------------  --------------  --------------
     1:p g1 a0 t1             0.7276301       0.0722240       0.5666886       0.8451308                          
     2:p g1 a1 t2             0.7276301       0.0722240       0.5666886       0.8451308                          
     3:p g1 a2 t3             0.7276301       0.0722240       0.5666886       0.8451308                          
     4:Psi g1 a0 t1           0.0190080       0.0196254       0.0024564       0.1322937                          


                      Estimates of Derived Parameters
 Occupancy Estimates of { p(~effort)Psi(~pctex21 + pctpool + BRT_100m) }
                                            95% Confidence Interval
 Group   Psi-hat         Standard Error      Lower           Upper
 -----   --------------  --------------  --------------  --------------
   1      0.0190080       0.0196254       0.0024564       0.1322937    

   CPU Time for the last procedure was 0.06 seconds.     

  Program  MARK  - Survival Rate Estimation with Capture-Recapture Data
   gfortran(dble) Vers. 9.0 Mar 2018     6-Dec-2019 14:35:24    Page  004
 - - - - - - - - - - - - - - - - - - - - - - - - - - - - - - - - - - - - - -
 


  INPUT --- proc stop;

     CPU Time in minutes for this job was 0.00

     Time Start = 14:35:23.950   Time End = 14:35:24.399

     Wall Clock Time in minutes for this job was 0.01


          E X E C U T I O N   S U C C E S S F U L 
