
   Program  MARK  - Survival Rate Estimation with Capture-Recapture Data
   gfortran(dble) Vers. 9.0 Mar 2018     6-Dec-2019 14:34:51    Page  001
 - - - - - - - - - - - - - - - - - - - - - - - - - - - - - - - - - - - - - -
 
   This version was compiled by GCC version 7.2.0 using the options: 
     -cpp -iprefix C:/Program Files/mingw-w64/x86_64-7.2.0-posix-seh-rt_v5-rev1/
     mingw64/bin/../lib/gcc/x86_64-w64-mingw32/7.2.0/ -D_MT -D_REENTRANT
     -U_REENTRANT -D IEEE -D DBLEPRECISION -m64 -mtune=core2 -march=nocona -mthreads
     -O2 -fimplicit-none -fbounds-check -funroll-loops -ftree-vectorize
     -ffpe-summary=invalid,zero,overflow,underflow -fno-unsafe-math-optimizations
     -frounding-math -fsignaling-nans -fopenmp.

   This problem will use 7 of 8 possible threads.


  INPUT --- proc title ;

   CPU Time for the last procedure was 0.02 seconds.     


  INPUT --- proc chmatrix occasions= 3 groups= 1 etype= Occupancy 
  INPUT --- Nodes= 101 icovar = 7 ICMeans  NoHist hist= 138 ;

  INPUT ---    time interval 1 1 1 ;

  INPUT ---     icovariates effort1 effort2 effort3 pctex21 pctpool  
  INPUT ---    pctShade pctBrBnk ;

  INPUT ---    glabel(1)=freq1;

      Number of unique encounter histories read was 138.

      Number of individual covariates read was 7.
      Time interval lengths are all equal to 1.

      Data type number is 27
      Data type is Occupancy Estimation with Detection < 1                                                             

   CPU Time for the last procedure was 0.01 seconds.     

  Program  MARK  - Survival Rate Estimation with Capture-Recapture Data
   gfortran(dble) Vers. 9.0 Mar 2018     6-Dec-2019 14:34:51    Page  002
 - - - - - - - - - - - - - - - - - - - - - - - - - - - - - - - - - - - - - -
 


  INPUT --- proc estimate link=Logit NOLOOP varest=2ndPart    ;


  INPUT --- model={ p(~effort)Psi(~pctex21 + pctpool + pctShade + 
  INPUT --- pctBrBnk) };

  INPUT ---    group=1 p    rows=1 cols=3 Square ;
  INPUT ---        1 2 3 ;

  INPUT ---    group=1 Psi    rows=1 cols=1 Square ;
  INPUT ---        4 ;

  INPUT ---    design matrix constraints=4 covariates=7;
  INPUT ---        1 effort1 0 0 0 0 0;
  INPUT ---        1 effort2 0 0 0 0 0;
  INPUT ---        1 effort3 0 0 0 0 0;
  INPUT ---        0 0 1 pctex21 pctpool pctShade pctBrBnk;
  INPUT ---       blabel(1)=p:(Intercept);
  INPUT ---       blabel(2)=p:effort;
  INPUT ---       blabel(3)=Psi:(Intercept);
  INPUT ---       blabel(4)=Psi:pctex21;
  INPUT ---       blabel(5)=Psi:pctpool;
  INPUT ---       blabel(6)=Psi:pctShade;
  INPUT ---       blabel(7)=Psi:pctBrBnk;
  INPUT ---       rlabel(1)=p g1 a0 t1;
  INPUT ---       rlabel(2)=p g1 a1 t2;
  INPUT ---       rlabel(3)=p g1 a2 t3;
  INPUT ---       rlabel(4)=Psi g1 a0 t1;

 Link Function Used is LOGIT        

 Variance Estimation Procedure Used is 2ndPart 
 -2logL(saturated) = 0.0000000     
 Effective Sample Size = 138

 Number of function evaluations was 25 for 7 parameters.
 Time for numerical optimization was 0.08 seconds.     
 -2logL { p(~effort)Psi(~pctex21 + pctpool + pctShade + pctBrBnk) } = 142.22321     
 Penalty { p(~effort)Psi(~pctex21 + pctpool + pctShade + pctBrBnk) } = 0.0000000     
 Gradient { p(~effort)Psi(~pctex21 + pctpool + pctShade + pctBrBnk) }:
  0.2929729E-05  0.9093553E-06  0.1969433E-05  0.1906095E-06  0.1671349E-05
  0.2007182E-05  0.1331974E-05
 Maximum ABS(G) { p(~effort)Psi(~pctex21 + pctpool + pctShade + pctBrBnk) } = 0.2929729E-05 

  Program  MARK  - Survival Rate Estimation with Capture-Recapture Data
   gfortran(dble) Vers. 9.0 Mar 2018     6-Dec-2019 14:34:51    Page  003
 - - - - - - - - - - - - - - - - - - - - - - - - - - - - - - - - - - - - - -
 
 S Vector { p(~effort)Psi(~pctex21 + pctpool + pctShade + pctBrBnk) }:
   18.95832      7.530146      1.007990     0.6633207     0.2321205    
  0.1553621     0.1793441E-01
 Time to compute number of parameters was 0.09 seconds.     
 Ratio Threshold = 50.000000       Max Gap (6/7) = 8.6627914       Next Max Gap (2/3) = 7.4704591     
 Gap Method for Num. of Estimated Parameters { p(~effort)Psi(~pctex21 + pctpool + pctShade + pctBrBnk) } = 7          
 Threshold { p(~effort)Psi(~pctex21 + pctpool + pctShade + pctBrBnk) } = 0.5859458E-05                 
 Numerical Threshold Method for Num. of Estimated Parameters { p(~effort)Psi(~pctex21 + pctpool + pctShade + pctBrBnk) } = 7          
 Number of Estimated Parameters { p(~effort)Psi(~pctex21 + pctpool + pctShade + pctBrBnk) } = 7          
 DEVIANCE { p(~effort)Psi(~pctex21 + pctpool + pctShade + pctBrBnk) } = 142.22321                     
 DEVIANCE Degrees of Freedom { p(~effort)Psi(~pctex21 + pctpool + pctShade + pctBrBnk) } = 131            
 c-hat { p(~effort)Psi(~pctex21 + pctpool + pctShade + pctBrBnk) } = 1.0856734                     
 AIC { p(~effort)Psi(~pctex21 + pctpool + pctShade + pctBrBnk) } = 156.22321                  
 AICc { p(~effort)Psi(~pctex21 + pctpool + pctShade + pctBrBnk) } = 157.08475                    
 BIC { p(~effort)Psi(~pctex21 + pctpool + pctShade + pctBrBnk) } = 176.71399                    
 Pearson Chisquare { p(~effort)Psi(~pctex21 + pctpool + pctShade + pctBrBnk) } = 848.93941                  


 LOGIT Link Function Parameters of { p(~effort)Psi(~pctex21 + pctpool + pctShade + pctBrBnk) }
                                                              95% Confidence Interval
 Parameter                    Beta         Standard Error      Lower           Upper
 -------------------------  --------------  --------------  --------------  --------------
    1:p:(Intercept)          0.9530973       0.3706218       0.2266786       1.6795160    
    2:p:effort               1.1468618       0.5479357       0.0729078       2.2208158    
    3:Psi:(Intercept)       -0.9369520       0.7188851      -2.3459669       0.4720628    
    4:Psi:pctex21           -0.6139519       0.2409321      -1.0861788      -0.1417251    
    5:Psi:pctpool            0.0161988       0.0145367      -0.0122931       0.0446907    
    6:Psi:pctShade           0.0090597       0.0094671      -0.0094959       0.0276152    
    7:Psi:pctBrBnk          -1.0408145       0.6517793      -2.3183020       0.2366730    


 Real Function Parameters of { p(~effort)Psi(~pctex21 + pctpool + pctShade + pctBrBnk) }

      Following estimates based on unstandardized individual covariate values:
          Variable   Value         
          ---------  ------------- 
          EFFORT1    -0.7246373E-10
          EFFORT2    -0.1449268E-10
          EFFORT3     0.4347865E-11
          PCTEX21     4.8306834    
          PCTPOOL     25.664251    
          PCTSHADE    48.614931    
          PCTBRBNK    0.8740586    
                                                               95% Confidence Interval
  Parameter                  Estimate       Standard Error      Lower           Upper
 --------------------------  --------------  --------------  --------------  --------------
     1:p g1 a0 t1             0.7217376       0.0744329       0.5564282       0.8428404                          
     2:p g1 a1 t2             0.7217376       0.0744329       0.5564282       0.8428404                          
     3:p g1 a2 t3             0.7217376       0.0744329       0.5564282       0.8428404                          
     4:Psi g1 a0 t1           0.0187740       0.0191462       0.0024889       0.1279475                          


                      Estimates of Derived Parameters
 Occupancy Estimates of { p(~effort)Psi(~pctex21 + pctpool + pctShade + pctBrBnk) }
                                            95% Confidence Interval
 Group   Psi-hat         Standard Error      Lower           Upper
 -----   --------------  --------------  --------------  --------------
   1      0.0187740       0.0191462       0.0024889       0.1279475    

  Program  MARK  - Survival Rate Estimation with Capture-Recapture Data
   gfortran(dble) Vers. 9.0 Mar 2018     6-Dec-2019 14:34:51    Page  004
 - - - - - - - - - - - - - - - - - - - - - - - - - - - - - - - - - - - - - -
 

   CPU Time for the last procedure was 0.17 seconds.     


  INPUT --- proc stop;

     CPU Time in minutes for this job was 0.00

     Time Start = 14:34:51.281   Time End = 14:34:51.408

     Wall Clock Time in minutes for this job was 0.00


          E X E C U T I O N   S U C C E S S F U L 
