
   Program  MARK  - Survival Rate Estimation with Capture-Recapture Data
   gfortran(dble) Vers. 9.0 Mar 2018     9-Dec-2019 13:22:00    Page  001
 - - - - - - - - - - - - - - - - - - - - - - - - - - - - - - - - - - - - - -
 
   This version was compiled by GCC version 7.2.0 using the options: 
     -cpp -iprefix C:/Program Files/mingw-w64/x86_64-7.2.0-posix-seh-rt_v5-rev1/
     mingw64/bin/../lib/gcc/x86_64-w64-mingw32/7.2.0/ -D_MT -D_REENTRANT
     -U_REENTRANT -D IEEE -D DBLEPRECISION -m64 -mtune=core2 -march=nocona -mthreads
     -O2 -fimplicit-none -fbounds-check -funroll-loops -ftree-vectorize
     -ffpe-summary=invalid,zero,overflow,underflow -fno-unsafe-math-optimizations
     -frounding-math -fsignaling-nans -fopenmp.

   This problem will use 7 of 8 possible threads.


  INPUT --- proc title ;

   CPU Time for the last procedure was 0.01 seconds.     


  INPUT --- proc chmatrix occasions= 3 groups= 1 etype= Occupancy 
  INPUT --- Nodes= 101 icovar = 2 ICMeans  NoHist hist= 138 ;

  INPUT ---    time interval 1 1 1 ;

  INPUT ---     icovariates Area_km2 AvgSlope ;

  INPUT ---    glabel(1)=freq1;

      Number of unique encounter histories read was 138.

      Number of individual covariates read was 2.
      Time interval lengths are all equal to 1.

      Data type number is 27
      Data type is Occupancy Estimation with Detection < 1                                                             

   CPU Time for the last procedure was 0.01 seconds.     

  Program  MARK  - Survival Rate Estimation with Capture-Recapture Data
   gfortran(dble) Vers. 9.0 Mar 2018     9-Dec-2019 13:22:00    Page  002
 - - - - - - - - - - - - - - - - - - - - - - - - - - - - - - - - - - - - - -
 


  INPUT --- proc estimate link=Logit NOLOOP varest=2ndPart    ;


  INPUT --- model={ p(~1)Psi(~Area_km2 + AvgSlope) };

  INPUT ---    group=1 p    rows=1 cols=3 Square ;
  INPUT ---        1 1 1 ;

  INPUT ---    group=1 Psi    rows=1 cols=1 Square ;
  INPUT ---        2 ;

  INPUT ---    design matrix constraints=2 covariates=4;
  INPUT ---        1 0 0 0;
  INPUT ---        0 1 Area_km2 AvgSlope;
  INPUT ---       blabel(1)=p:(Intercept);
  INPUT ---       blabel(2)=Psi:(Intercept);
  INPUT ---       blabel(3)=Psi:Area_km2;
  INPUT ---       blabel(4)=Psi:AvgSlope;
  INPUT ---       rlabel(1)=p g1 a0 t1;
  INPUT ---       rlabel(2)=Psi g1 a0 t1;

 Link Function Used is LOGIT        

 Variance Estimation Procedure Used is 2ndPart 
 -2logL(saturated) = 0.0000000     
 Effective Sample Size = 138

 Number of function evaluations was 12 for 4 parameters.
 Time for numerical optimization was 0.01 seconds.     
 -2logL { p(~1)Psi(~Area_km2 + AvgSlope) } = 172.61494     
 Penalty { p(~1)Psi(~Area_km2 + AvgSlope) } = 0.0000000     
 Gradient { p(~1)Psi(~Area_km2 + AvgSlope) }:
  0.9786080E-06 -0.1612859E-05   0.000000     -0.5963260E-06
 Maximum ABS(G) { p(~1)Psi(~Area_km2 + AvgSlope) } = 0.1612859E-05 
 S Vector { p(~1)Psi(~Area_km2 + AvgSlope) }:
   17.65099      9.652167     0.4473694     0.3539675    
 Time to compute number of parameters was 0.01 seconds.     
 Ratio Threshold = 50.000000       Max Gap (2/3) = 21.575381       Next Max Gap (1/2) = 1.8287072     
 Gap Method for Num. of Estimated Parameters { p(~1)Psi(~Area_km2 + AvgSlope) } = 4          
 Threshold { p(~1)Psi(~Area_km2 + AvgSlope) } = 0.3225718E-05                 
 Numerical Threshold Method for Num. of Estimated Parameters { p(~1)Psi(~Area_km2 + AvgSlope) } = 4          
 Number of Estimated Parameters { p(~1)Psi(~Area_km2 + AvgSlope) } = 4          
 DEVIANCE { p(~1)Psi(~Area_km2 + AvgSlope) } = 172.61494                     
 DEVIANCE Degrees of Freedom { p(~1)Psi(~Area_km2 + AvgSlope) } = 134            
 c-hat { p(~1)Psi(~Area_km2 + AvgSlope) } = 1.2881712                     
 AIC { p(~1)Psi(~Area_km2 + AvgSlope) } = 180.61494                  
 AICc { p(~1)Psi(~Area_km2 + AvgSlope) } = 180.91569                    
 BIC { p(~1)Psi(~Area_km2 + AvgSlope) } = 192.32396                    
 Pearson Chisquare { p(~1)Psi(~Area_km2 + AvgSlope) } = 1084.3847                  


              LOGIT Link Function Parameters of { p(~1)Psi(~Area_km2 + AvgSlope) }
                                                              95% Confidence Interval
 Parameter                    Beta         Standard Error      Lower           Upper
 -------------------------  --------------  --------------  --------------  --------------
    1:p:(Intercept)          0.9490426       0.3208295       0.3202168       1.5778685    
    2:Psi:(Intercept)       -2.5477661       0.5229325      -3.5727138      -1.5228184    
    3:Psi:Area_km2           0.0229666       0.0307658      -0.0373343       0.0832676    

  Program  MARK  - Survival Rate Estimation with Capture-Recapture Data
   gfortran(dble) Vers. 9.0 Mar 2018     9-Dec-2019 13:22:00    Page  003
 - - - - - - - - - - - - - - - - - - - - - - - - - - - - - - - - - - - - - -
 
    4:Psi:AvgSlope           0.0387370       0.0272567      -0.0146861       0.0921602    


              Real Function Parameters of { p(~1)Psi(~Area_km2 + AvgSlope) }

      Following estimates based on unstandardized individual covariate values:
          Variable   Value         
          ---------  ------------- 
          AREA_KM2    7.8085664    
          AVGSLOPE    12.952003    
                                                               95% Confidence Interval
  Parameter                  Estimate       Standard Error      Lower           Upper
 --------------------------  --------------  --------------  --------------  --------------
     1:p g1 a0 t1             0.7209226       0.0645487       0.5793771       0.8289024                          
     2:Psi g1 a0 t1           0.1339232       0.0301523       0.0850032       0.2046984                          


                      Estimates of Derived Parameters
        Occupancy Estimates of { p(~1)Psi(~Area_km2 + AvgSlope) }
                                            95% Confidence Interval
 Group   Psi-hat         Standard Error      Lower           Upper
 -----   --------------  --------------  --------------  --------------
   1      0.1339232       0.0301523       0.0850032       0.2046984    

   CPU Time for the last procedure was 0.02 seconds.     

  Program  MARK  - Survival Rate Estimation with Capture-Recapture Data
   gfortran(dble) Vers. 9.0 Mar 2018     9-Dec-2019 13:22:00    Page  004
 - - - - - - - - - - - - - - - - - - - - - - - - - - - - - - - - - - - - - -
 


  INPUT --- proc stop;

     CPU Time in minutes for this job was 0.00

     Time Start = 13:22:00.150   Time End = 13:22:00.398

     Wall Clock Time in minutes for this job was 0.00


          E X E C U T I O N   S U C C E S S F U L 
