
   Program  MARK  - Survival Rate Estimation with Capture-Recapture Data
   gfortran(dble) Vers. 9.0 Mar 2018     9-Dec-2019 13:22:21    Page  001
 - - - - - - - - - - - - - - - - - - - - - - - - - - - - - - - - - - - - - -
 
   This version was compiled by GCC version 7.2.0 using the options: 
     -cpp -iprefix C:/Program Files/mingw-w64/x86_64-7.2.0-posix-seh-rt_v5-rev1/
     mingw64/bin/../lib/gcc/x86_64-w64-mingw32/7.2.0/ -D_MT -D_REENTRANT
     -U_REENTRANT -D IEEE -D DBLEPRECISION -m64 -mtune=core2 -march=nocona -mthreads
     -O2 -fimplicit-none -fbounds-check -funroll-loops -ftree-vectorize
     -ffpe-summary=invalid,zero,overflow,underflow -fno-unsafe-math-optimizations
     -frounding-math -fsignaling-nans -fopenmp.

   This problem will use 7 of 8 possible threads.


  INPUT --- proc title ;

   CPU Time for the last procedure was 0.01 seconds.     


  INPUT --- proc chmatrix occasions= 3 groups= 1 etype= Occupancy 
  INPUT --- Nodes= 101 icovar = 7 ICMeans  NoHist hist= 138 ;

  INPUT ---    time interval 1 1 1 ;

  INPUT ---     icovariates effort1 effort2 effort3 Area_km2 AvgSlope  
  INPUT ---    EFac_Cat Cross_Cat ;

  INPUT ---    glabel(1)=freq1;

      Number of unique encounter histories read was 138.

      Number of individual covariates read was 7.
      Time interval lengths are all equal to 1.

      Data type number is 27
      Data type is Occupancy Estimation with Detection < 1                                                             

   CPU Time for the last procedure was 0.02 seconds.     

  Program  MARK  - Survival Rate Estimation with Capture-Recapture Data
   gfortran(dble) Vers. 9.0 Mar 2018     9-Dec-2019 13:22:21    Page  002
 - - - - - - - - - - - - - - - - - - - - - - - - - - - - - - - - - - - - - -
 


  INPUT --- proc estimate link=Logit NOLOOP varest=2ndPart    ;


  INPUT --- model={ p(~effort)Psi(~Area_km2 + AvgSlope + EFac_Cat + 
  INPUT --- Cross_Cat) };

  INPUT ---    group=1 p    rows=1 cols=3 Square ;
  INPUT ---        1 2 3 ;

  INPUT ---    group=1 Psi    rows=1 cols=1 Square ;
  INPUT ---        4 ;

  INPUT ---    design matrix constraints=4 covariates=7;
  INPUT ---        1 effort1 0 0 0 0 0;
  INPUT ---        1 effort2 0 0 0 0 0;
  INPUT ---        1 effort3 0 0 0 0 0;
  INPUT ---        0 0 1 Area_km2 AvgSlope EFac_Cat Cross_Cat;
  INPUT ---       blabel(1)=p:(Intercept);
  INPUT ---       blabel(2)=p:effort;
  INPUT ---       blabel(3)=Psi:(Intercept);
  INPUT ---       blabel(4)=Psi:Area_km2;
  INPUT ---       blabel(5)=Psi:AvgSlope;
  INPUT ---       blabel(6)=Psi:EFac_Cat;
  INPUT ---       blabel(7)=Psi:Cross_Cat;
  INPUT ---       rlabel(1)=p g1 a0 t1;
  INPUT ---       rlabel(2)=p g1 a1 t2;
  INPUT ---       rlabel(3)=p g1 a2 t3;
  INPUT ---       rlabel(4)=Psi g1 a0 t1;

 Link Function Used is LOGIT        

 Variance Estimation Procedure Used is 2ndPart 
 -2logL(saturated) = 0.0000000     
 Effective Sample Size = 138

 Number of function evaluations was 27 for 7 parameters.
 Time for numerical optimization was 0.12 seconds.     
 -2logL { p(~effort)Psi(~Area_km2 + AvgSlope + EFac_Cat + Cross_Cat) } = 160.84191     
 Penalty { p(~effort)Psi(~Area_km2 + AvgSlope + EFac_Cat + Cross_Cat) } = 0.0000000     
 Gradient { p(~effort)Psi(~Area_km2 + AvgSlope + EFac_Cat + Cross_Cat) }:
   0.000000       0.000000      0.6216825E-06   0.000000       0.000000    
   0.000000       0.000000    
 Maximum ABS(G) { p(~effort)Psi(~Area_km2 + AvgSlope + EFac_Cat + Cross_Cat) } = 0.6216825E-06 

  Program  MARK  - Survival Rate Estimation with Capture-Recapture Data
   gfortran(dble) Vers. 9.0 Mar 2018     9-Dec-2019 13:22:21    Page  003
 - - - - - - - - - - - - - - - - - - - - - - - - - - - - - - - - - - - - - -
 
 S Vector { p(~effort)Psi(~Area_km2 + AvgSlope + EFac_Cat + Cross_Cat) }:
   16.98905      8.684113     0.4809107     0.3346715     0.3249926    
  0.1051972     0.3265571E-01
 Time to compute number of parameters was 0.05 seconds.     
 Ratio Threshold = 50.000000       Max Gap (2/3) = 18.057643       Next Max Gap (6/7) = 3.2214035     
 Gap Method for Num. of Estimated Parameters { p(~effort)Psi(~Area_km2 + AvgSlope + EFac_Cat + Cross_Cat) } = 7          
 Threshold { p(~effort)Psi(~Area_km2 + AvgSlope + EFac_Cat + Cross_Cat) } = 0.1243365E-05                 
 Numerical Threshold Method for Num. of Estimated Parameters { p(~effort)Psi(~Area_km2 + AvgSlope + EFac_Cat + Cross_Cat) } = 7          
 Number of Estimated Parameters { p(~effort)Psi(~Area_km2 + AvgSlope + EFac_Cat + Cross_Cat) } = 7          
 DEVIANCE { p(~effort)Psi(~Area_km2 + AvgSlope + EFac_Cat + Cross_Cat) } = 160.84191                     
 DEVIANCE Degrees of Freedom { p(~effort)Psi(~Area_km2 + AvgSlope + EFac_Cat + Cross_Cat) } = 131            
 c-hat { p(~effort)Psi(~Area_km2 + AvgSlope + EFac_Cat + Cross_Cat) } = 1.2278008                     
 AIC { p(~effort)Psi(~Area_km2 + AvgSlope + EFac_Cat + Cross_Cat) } = 174.84191                  
 AICc { p(~effort)Psi(~Area_km2 + AvgSlope + EFac_Cat + Cross_Cat) } = 175.70345                    
 BIC { p(~effort)Psi(~Area_km2 + AvgSlope + EFac_Cat + Cross_Cat) } = 195.33268                    
 Pearson Chisquare { p(~effort)Psi(~Area_km2 + AvgSlope + EFac_Cat + Cross_Cat) } = 928.50495                  


 LOGIT Link Function Parameters of { p(~effort)Psi(~Area_km2 + AvgSlope + EFac_Cat + Cross_Cat) }
                                                              95% Confidence Interval
 Parameter                    Beta         Standard Error      Lower           Upper
 -------------------------  --------------  --------------  --------------  --------------
    1:p:(Intercept)         -0.2995957       0.6379487      -1.5499752       0.9507837    
    2:p:effort               0.0015335       0.7608485E-03   0.4221367E-04   0.0030247    
    3:Psi:(Intercept)       -2.0680430       0.5708292      -3.1868682      -0.9492178    
    4:Psi:Area_km2           0.0570759       0.0363638      -0.0141972       0.1283490    
    5:Psi:AvgSlope           0.0412364       0.0283790      -0.0143864       0.0968593    
    6:Psi:EFac_Cat           0.3546979       1.6337941      -2.8475387       3.5569345    
    7:Psi:Cross_Cat         -1.6371449       0.7856902      -3.1770976      -0.0971922    


 Real Function Parameters of { p(~effort)Psi(~Area_km2 + AvgSlope + EFac_Cat + Cross_Cat) }

      Following estimates based on unstandardized individual covariate values:
          Variable   Value         
          ---------  ------------- 
          EFFORT1     906.23188    
          EFFORT2     834.18841    
          EFFORT3     818.18116    
          AREA_KM2    7.8085664    
          AVGSLOPE    12.952003    
          EFAC_CAT    0.0880592    
          CROSS_CAT   0.6212393    
                                                               95% Confidence Interval
  Parameter                  Estimate       Standard Error      Lower           Upper
 --------------------------  --------------  --------------  --------------  --------------
     1:p g1 a0 t1             0.7483986       0.0705863       0.5879156       0.8611440                          
     2:p g1 a1 t2             0.7270314       0.0707007       0.5698790       0.8426220                          
     3:p g1 a2 t3             0.7221328       0.0708602       0.5653515       0.8385152                          
     4:Psi g1 a0 t1           0.1116406       0.0318954       0.0627125       0.1909647                          


                      Estimates of Derived Parameters
 Occupancy Estimates of { p(~effort)Psi(~Area_km2 + AvgSlope + EFac_Cat + Cross_Cat) }
                                            95% Confidence Interval
 Group   Psi-hat         Standard Error      Lower           Upper
 -----   --------------  --------------  --------------  --------------
   1      0.1116406       0.0318954       0.0627125       0.1909647    

  Program  MARK  - Survival Rate Estimation with Capture-Recapture Data
   gfortran(dble) Vers. 9.0 Mar 2018     9-Dec-2019 13:22:21    Page  004
 - - - - - - - - - - - - - - - - - - - - - - - - - - - - - - - - - - - - - -
 

   CPU Time for the last procedure was 0.17 seconds.     


  INPUT --- proc stop;

     CPU Time in minutes for this job was 0.00

     Time Start = 13:22:21.617   Time End = 13:22:21.998

     Wall Clock Time in minutes for this job was 0.01


          E X E C U T I O N   S U C C E S S F U L 
