
   Program  MARK  - Survival Rate Estimation with Capture-Recapture Data
   gfortran(dble) Vers. 9.0 Mar 2018     4-Dec-2019 15:17:57    Page  001
 - - - - - - - - - - - - - - - - - - - - - - - - - - - - - - - - - - - - - -
 
   This version was compiled by GCC version 7.2.0 using the options: 
     -cpp -iprefix C:/Program Files/mingw-w64/x86_64-7.2.0-posix-seh-rt_v5-rev1/
     mingw64/bin/../lib/gcc/x86_64-w64-mingw32/7.2.0/ -D_MT -D_REENTRANT
     -U_REENTRANT -D IEEE -D DBLEPRECISION -m64 -mtune=core2 -march=nocona -mthreads
     -O2 -fimplicit-none -fbounds-check -funroll-loops -ftree-vectorize
     -ffpe-summary=invalid,zero,overflow,underflow -fno-unsafe-math-optimizations
     -frounding-math -fsignaling-nans -fopenmp.

   This problem will use 7 of 8 possible threads.


  INPUT --- proc title ;

   CPU Time for the last procedure was 0.01 seconds.     


  INPUT --- proc chmatrix occasions= 3 groups= 1 etype= Occupancy 
  INPUT --- Nodes= 101 icovar = 1 ICMeans  NoHist hist= 107 ;

  INPUT ---    time interval 1 1 1 ;

  INPUT ---     icovariates pctrock ;

  INPUT ---    glabel(1)=freq1;

      Number of unique encounter histories read was 107.

      Number of individual covariates read was 1.
      Time interval lengths are all equal to 1.

      Data type number is 27
      Data type is Occupancy Estimation with Detection < 1                                                             

   CPU Time for the last procedure was 0.01 seconds.     

  Program  MARK  - Survival Rate Estimation with Capture-Recapture Data
   gfortran(dble) Vers. 9.0 Mar 2018     4-Dec-2019 15:17:57    Page  002
 - - - - - - - - - - - - - - - - - - - - - - - - - - - - - - - - - - - - - -
 


  INPUT --- proc estimate link=Logit NOLOOP varest=2ndPart    ;


  INPUT --- model={ p(~1)Psi(~pctrock) };

  INPUT ---    group=1 p    rows=1 cols=3 Square ;
  INPUT ---        1 1 1 ;

  INPUT ---    group=1 Psi    rows=1 cols=1 Square ;
  INPUT ---        2 ;

  INPUT ---    design matrix constraints=2 covariates=3;
  INPUT ---        1 0 0;
  INPUT ---        0 1 pctrock;
  INPUT ---       blabel(1)=p:(Intercept);
  INPUT ---       blabel(2)=Psi:(Intercept);
  INPUT ---       blabel(3)=Psi:pctrock;
  INPUT ---       rlabel(1)=p g1 a0 t1;
  INPUT ---       rlabel(2)=Psi g1 a0 t1;

 Link Function Used is LOGIT        

 Variance Estimation Procedure Used is 2ndPart 
 -2logL(saturated) = 0.0000000     
 Effective Sample Size = 138

 Number of function evaluations was 10 for 3 parameters.
 Time for numerical optimization was 0.02 seconds.     
 -2logL { p(~1)Psi(~pctrock) } = 174.58792     
 Penalty { p(~1)Psi(~pctrock) } = 0.0000000     
 Gradient { p(~1)Psi(~pctrock) }:
  0.9789248E-06   0.000000       0.000000    
 Maximum ABS(G) { p(~1)Psi(~pctrock) } = 0.9789248E-06 
 S Vector { p(~1)Psi(~pctrock) }:
   16.34786      9.629571      1.644922    
 Time to compute number of parameters was 0.01 seconds.     
 Ratio Threshold = 50.000000       Max Gap (2/3) = 5.8541198       Next Max Gap (1/2) = 1.6976723     
 Gap Method for Num. of Estimated Parameters { p(~1)Psi(~pctrock) } = 3          
 Threshold { p(~1)Psi(~pctrock) } = 0.1957850E-05                 
 Numerical Threshold Method for Num. of Estimated Parameters { p(~1)Psi(~pctrock) } = 3          
 Number of Estimated Parameters { p(~1)Psi(~pctrock) } = 3          
 DEVIANCE { p(~1)Psi(~pctrock) } = 174.58792                     
 DEVIANCE Degrees of Freedom { p(~1)Psi(~pctrock) } = 135            
 c-hat { p(~1)Psi(~pctrock) } = 1.2932439                     
 AIC { p(~1)Psi(~pctrock) } = 180.58792                  
 AICc { p(~1)Psi(~pctrock) } = 180.76703                    
 BIC { p(~1)Psi(~pctrock) } = 189.36968                    
 Pearson Chisquare { p(~1)Psi(~pctrock) } = 1121.9787                  


                    LOGIT Link Function Parameters of { p(~1)Psi(~pctrock) }
                                                              95% Confidence Interval
 Parameter                    Beta         Standard Error      Lower           Upper
 -------------------------  --------------  --------------  --------------  --------------
    1:p:(Intercept)          0.9484118       0.3210025       0.3192468       1.5775767    
    2:Psi:(Intercept)       -1.8320093       0.2538952      -2.3296440      -1.3343747    
    3:Psi:pctrock            0.2578031       0.2730942      -0.2774615       0.7930676    

  Program  MARK  - Survival Rate Estimation with Capture-Recapture Data
   gfortran(dble) Vers. 9.0 Mar 2018     4-Dec-2019 15:17:57    Page  003
 - - - - - - - - - - - - - - - - - - - - - - - - - - - - - - - - - - - - - -
 


                    Real Function Parameters of { p(~1)Psi(~pctrock) }

      Following estimates based on unstandardized individual covariate values:
          Variable   Value         
          ---------  ------------- 
          PCTROCK    -0.5072466E-09
                                                               95% Confidence Interval
  Parameter                  Estimate       Standard Error      Lower           Upper
 --------------------------  --------------  --------------  --------------  --------------
     1:p g1 a0 t1             0.7207957       0.0646015       0.5791407       0.8288610                          
     2:Psi g1 a0 t1           0.1379991       0.0302022       0.0886974       0.2084367                          


                      Estimates of Derived Parameters
              Occupancy Estimates of { p(~1)Psi(~pctrock) }
                                            95% Confidence Interval
 Group   Psi-hat         Standard Error      Lower           Upper
 -----   --------------  --------------  --------------  --------------
   1      0.1379991       0.0302022       0.0886974       0.2084367    

   CPU Time for the last procedure was 0.02 seconds.     

  Program  MARK  - Survival Rate Estimation with Capture-Recapture Data
   gfortran(dble) Vers. 9.0 Mar 2018     4-Dec-2019 15:17:57    Page  004
 - - - - - - - - - - - - - - - - - - - - - - - - - - - - - - - - - - - - - -
 


  INPUT --- proc stop;

     CPU Time in minutes for this job was 0.00

     Time Start = 15:17:57.148   Time End = 15:17:57.161

     Wall Clock Time in minutes for this job was 0.00


          E X E C U T I O N   S U C C E S S F U L 
