
   Program  MARK  - Survival Rate Estimation with Capture-Recapture Data
   gfortran(dble) Vers. 9.0 Mar 2018     6-Dec-2019 14:34:37    Page  001
 - - - - - - - - - - - - - - - - - - - - - - - - - - - - - - - - - - - - - -
 
   This version was compiled by GCC version 7.2.0 using the options: 
     -cpp -iprefix C:/Program Files/mingw-w64/x86_64-7.2.0-posix-seh-rt_v5-rev1/
     mingw64/bin/../lib/gcc/x86_64-w64-mingw32/7.2.0/ -D_MT -D_REENTRANT
     -U_REENTRANT -D IEEE -D DBLEPRECISION -m64 -mtune=core2 -march=nocona -mthreads
     -O2 -fimplicit-none -fbounds-check -funroll-loops -ftree-vectorize
     -ffpe-summary=invalid,zero,overflow,underflow -fno-unsafe-math-optimizations
     -frounding-math -fsignaling-nans -fopenmp.

   This problem will use 7 of 8 possible threads.


  INPUT --- proc title ;

   CPU Time for the last procedure was 0.01 seconds.     


  INPUT --- proc chmatrix occasions= 3 groups= 1 etype= Occupancy 
  INPUT --- Nodes= 101 icovar = 9 ICMeans  NoHist hist= 138 ;

  INPUT ---    time interval 1 1 1 ;

  INPUT ---     icovariates effort1 effort2 effort3 pctex21 pctpool  
  INPUT ---    pctrock LWD pctBrBnk BRT_100m ;

  INPUT ---    glabel(1)=freq1;

      Number of unique encounter histories read was 138.

      Number of individual covariates read was 9.
      Time interval lengths are all equal to 1.

      Data type number is 27
      Data type is Occupancy Estimation with Detection < 1                                                             

   CPU Time for the last procedure was 0.02 seconds.     

  Program  MARK  - Survival Rate Estimation with Capture-Recapture Data
   gfortran(dble) Vers. 9.0 Mar 2018     6-Dec-2019 14:34:37    Page  002
 - - - - - - - - - - - - - - - - - - - - - - - - - - - - - - - - - - - - - -
 


  INPUT --- proc estimate link=Logit NOLOOP varest=2ndPart    ;


  INPUT --- model={ p(~effort)Psi(~pctex21 + pctpool + pctrock + LWD + 
  INPUT --- pctBrBnk + BRT_100m) };

  INPUT ---    group=1 p    rows=1 cols=3 Square ;
  INPUT ---        1 2 3 ;

  INPUT ---    group=1 Psi    rows=1 cols=1 Square ;
  INPUT ---        4 ;

  INPUT ---    design matrix constraints=4 covariates=9;
  INPUT ---        1 effort1 0 0 0 0 0 0 0;
  INPUT ---        1 effort2 0 0 0 0 0 0 0;
  INPUT ---        1 effort3 0 0 0 0 0 0 0;
  INPUT ---        0 0 1 pctex21 pctpool pctrock LWD pctBrBnk BRT_100m;
  INPUT ---       blabel(1)=p:(Intercept);
  INPUT ---       blabel(2)=p:effort;
  INPUT ---       blabel(3)=Psi:(Intercept);
  INPUT ---       blabel(4)=Psi:pctex21;
  INPUT ---       blabel(5)=Psi:pctpool;
  INPUT ---       blabel(6)=Psi:pctrock;
  INPUT ---       blabel(7)=Psi:LWD;
  INPUT ---       blabel(8)=Psi:pctBrBnk;
  INPUT ---       blabel(9)=Psi:BRT_100m;
  INPUT ---       rlabel(1)=p g1 a0 t1;
  INPUT ---       rlabel(2)=p g1 a1 t2;
  INPUT ---       rlabel(3)=p g1 a2 t3;
  INPUT ---       rlabel(4)=Psi g1 a0 t1;

 Link Function Used is LOGIT        

 Variance Estimation Procedure Used is 2ndPart 
 -2logL(saturated) = 0.0000000     
 Effective Sample Size = 138

 Number of function evaluations was 27 for 9 parameters.
 Time for numerical optimization was 0.09 seconds.     
 -2logL { p(~effort)Psi(~pctex21 + pctpool + pctrock + LWD + pctBrBnk + BRT_100m) } = 139.89494     
 Penalty { p(~effort)Psi(~pctex21 + pctpool + pctrock + LWD + pctBrBnk + BRT_100m) } = 0.0000000     
 Gradient { p(~effort)Psi(~pctex21 + pctpool + pctrock + LWD + pctBrBnk + BRT_100m) }:
   0.000000     -0.3154346E-06   0.000000       0.000000      0.6517816E-06
  0.1482055E-05 -0.1116615E-05  0.5439773E-06  0.1668920E-05
 Maximum ABS(G) { p(~effort)Psi(~pctex21 + pctpool + pctrock + LWD + pctBrBnk + BRT_100m) } = 0.1668920E-05 

  Program  MARK  - Survival Rate Estimation with Capture-Recapture Data
   gfortran(dble) Vers. 9.0 Mar 2018     6-Dec-2019 14:34:37    Page  003
 - - - - - - - - - - - - - - - - - - - - - - - - - - - - - - - - - - - - - -
 
 S Vector { p(~effort)Psi(~pctex21 + pctpool + pctrock + LWD + pctBrBnk + BRT_100m) }:
   22.03739      7.871465      1.011088     0.5332766     0.4401919    
  0.2350416     0.2214305     0.1641318     0.1800699E-01
 Time to compute number of parameters was 0.01 seconds.     
 Ratio Threshold = 50.000000       Max Gap (8/9) = 9.1148944       Next Max Gap (2/3) = 7.7851420     
 Gap Method for Num. of Estimated Parameters { p(~effort)Psi(~pctex21 + pctpool + pctrock + LWD + pctBrBnk + BRT_100m) } = 9          
 Threshold { p(~effort)Psi(~pctex21 + pctpool + pctrock + LWD + pctBrBnk + BRT_100m) } = 0.3337841E-05                 
 Numerical Threshold Method for Num. of Estimated Parameters { p(~effort)Psi(~pctex21 + pctpool + pctrock + LWD + pctBrBnk + BRT_100m) } = 9          
 Number of Estimated Parameters { p(~effort)Psi(~pctex21 + pctpool + pctrock + LWD + pctBrBnk + BRT_100m) } = 9          
 DEVIANCE { p(~effort)Psi(~pctex21 + pctpool + pctrock + LWD + pctBrBnk + BRT_100m) } = 139.89494                     
 DEVIANCE Degrees of Freedom { p(~effort)Psi(~pctex21 + pctpool + pctrock + LWD + pctBrBnk + BRT_100m) } = 129            
 c-hat { p(~effort)Psi(~pctex21 + pctpool + pctrock + LWD + pctBrBnk + BRT_100m) } = 1.0844569                     
 AIC { p(~effort)Psi(~pctex21 + pctpool + pctrock + LWD + pctBrBnk + BRT_100m) } = 157.89494                  
 AICc { p(~effort)Psi(~pctex21 + pctpool + pctrock + LWD + pctBrBnk + BRT_100m) } = 159.30119                    
 BIC { p(~effort)Psi(~pctex21 + pctpool + pctrock + LWD + pctBrBnk + BRT_100m) } = 184.24022                    
 Pearson Chisquare { p(~effort)Psi(~pctex21 + pctpool + pctrock + LWD + pctBrBnk + BRT_100m) } = 797.01513                  


 LOGIT Link Function Parameters of { p(~effort)Psi(~pctex21 + pctpool + pctrock + LWD + pctBrBnk + BRT_100m) }
                                                              95% Confidence Interval
 Parameter                    Beta         Standard Error      Lower           Upper
 -------------------------  --------------  --------------  --------------  --------------
    1:p:(Intercept)          0.9701192       0.3670416       0.2507176       1.6895207    
    2:p:effort               1.0936215       0.5312496       0.0523724       2.1348707    
    3:Psi:(Intercept)       -2.0042811       1.3157171      -4.5830867       0.5745245    
    4:Psi:pctex21           -0.6029387       0.2404350      -1.0741913      -0.1316861    
    5:Psi:pctpool            0.0243330       0.0169228      -0.0088356       0.0575016    
    6:Psi:pctrock            0.0157392       0.0141246      -0.0119450       0.0434234    
    7:Psi:LWD               -0.7081519       1.3585979      -3.3710038       1.9547001    
    8:Psi:pctBrBnk          -0.7914638       0.6414556      -2.0487168       0.4657891    
    9:Psi:BRT_100m           0.0133730       0.0168566      -0.0196659       0.0464120    


 Real Function Parameters of { p(~effort)Psi(~pctex21 + pctpool + pctrock + LWD + pctBrBnk + BRT_100m) }

      Following estimates based on unstandardized individual covariate values:
          Variable   Value         
          ---------  ------------- 
          EFFORT1    -0.7246373E-10
          EFFORT2    -0.1449268E-10
          EFFORT3     0.4347865E-11
          PCTEX21     4.8306834    
          PCTPOOL     25.664251    
          PCTROCK     68.678238    
          LWD         0.2273503    
          PCTBRBNK    0.8740586    
          BRT_100M    6.7817616    
                                                               95% Confidence Interval
  Parameter                  Estimate       Standard Error      Lower           Upper
 --------------------------  --------------  --------------  --------------  --------------
     1:p g1 a0 t1             0.7251433       0.0731552       0.5623531       0.8441611                          
     2:p g1 a1 t2             0.7251433       0.0731552       0.5623531       0.8441611                          
     3:p g1 a2 t3             0.7251433       0.0731552       0.5623531       0.8441611                          
     4:Psi g1 a0 t1           0.0184594       0.0188111       0.0024519       0.1257966                          

  Program  MARK  - Survival Rate Estimation with Capture-Recapture Data
   gfortran(dble) Vers. 9.0 Mar 2018     6-Dec-2019 14:34:37    Page  004
 - - - - - - - - - - - - - - - - - - - - - - - - - - - - - - - - - - - - - -
 


                      Estimates of Derived Parameters
 Occupancy Estimates of { p(~effort)Psi(~pctex21 + pctpool + pctrock + LWD + pctBrBnk + BRT_100m) }
                                            95% Confidence Interval
 Group   Psi-hat         Standard Error      Lower           Upper
 -----   --------------  --------------  --------------  --------------
   1      0.0184594       0.0188111       0.0024519       0.1257966    

   CPU Time for the last procedure was 0.09 seconds.     


  INPUT --- proc stop;

     CPU Time in minutes for this job was 0.00

     Time Start = 14:34:37.022   Time End = 14:34:37.175

     Wall Clock Time in minutes for this job was 0.00


          E X E C U T I O N   S U C C E S S F U L 
