
   Program  MARK  - Survival Rate Estimation with Capture-Recapture Data
   gfortran(dble) Vers. 9.0 Mar 2018    10-Dec-2019 13:16:24    Page  001
 - - - - - - - - - - - - - - - - - - - - - - - - - - - - - - - - - - - - - -
 
   This version was compiled by GCC version 7.2.0 using the options: 
     -cpp -iprefix C:/Program Files/mingw-w64/x86_64-7.2.0-posix-seh-rt_v5-rev1/
     mingw64/bin/../lib/gcc/x86_64-w64-mingw32/7.2.0/ -D_MT -D_REENTRANT
     -U_REENTRANT -D IEEE -D DBLEPRECISION -m64 -mtune=core2 -march=nocona -mthreads
     -O2 -fimplicit-none -fbounds-check -funroll-loops -ftree-vectorize
     -ffpe-summary=invalid,zero,overflow,underflow -fno-unsafe-math-optimizations
     -frounding-math -fsignaling-nans -fopenmp.

   This problem will use 7 of 8 possible threads.


  INPUT --- proc title ;

   CPU Time for the last procedure was 0.01 seconds.     


  INPUT --- proc chmatrix occasions= 3 groups= 1 etype= Occupancy 
  INPUT --- Nodes= 101 icovar = 8 ICMeans  NoHist hist= 138 ;

  INPUT ---    time interval 1 1 1 ;

  INPUT ---     icovariates effort1 effort2 effort3 HAiFLS_for Area_km2  
  INPUT ---    AvgSlope EFac_Cat Cross_Cat ;

  INPUT ---    glabel(1)=freq1;

      Number of unique encounter histories read was 138.

      Number of individual covariates read was 8.
      Time interval lengths are all equal to 1.

      Data type number is 27
      Data type is Occupancy Estimation with Detection < 1                                                             

   CPU Time for the last procedure was 0.02 seconds.     

  Program  MARK  - Survival Rate Estimation with Capture-Recapture Data
   gfortran(dble) Vers. 9.0 Mar 2018    10-Dec-2019 13:16:24    Page  002
 - - - - - - - - - - - - - - - - - - - - - - - - - - - - - - - - - - - - - -
 


  INPUT --- proc estimate link=Logit NOLOOP varest=2ndPart    ;


  INPUT --- model={ p(~effort)Psi(~HAiFLS_for + Area_km2 + AvgSlope + 
  INPUT --- EFac_Cat + Cross_Cat) };

  INPUT ---    group=1 p    rows=1 cols=3 Square ;
  INPUT ---        1 2 3 ;

  INPUT ---    group=1 Psi    rows=1 cols=1 Square ;
  INPUT ---        4 ;

  INPUT ---    design matrix constraints=4 covariates=8;
  INPUT ---        1 effort1 0 0 0 0 0 0;
  INPUT ---        1 effort2 0 0 0 0 0 0;
  INPUT ---        1 effort3 0 0 0 0 0 0;
  INPUT ---        0 0 1 HAiFLS_for Area_km2 AvgSlope EFac_Cat Cross_Cat;
  INPUT ---       blabel(1)=p:(Intercept);
  INPUT ---       blabel(2)=p:effort;
  INPUT ---       blabel(3)=Psi:(Intercept);
  INPUT ---       blabel(4)=Psi:HAiFLS_for;
  INPUT ---       blabel(5)=Psi:Area_km2;
  INPUT ---       blabel(6)=Psi:AvgSlope;
  INPUT ---       blabel(7)=Psi:EFac_Cat;
  INPUT ---       blabel(8)=Psi:Cross_Cat;
  INPUT ---       rlabel(1)=p g1 a0 t1;
  INPUT ---       rlabel(2)=p g1 a1 t2;
  INPUT ---       rlabel(3)=p g1 a2 t3;
  INPUT ---       rlabel(4)=Psi g1 a0 t1;

 Link Function Used is LOGIT        

 Variance Estimation Procedure Used is 2ndPart 
 -2logL(saturated) = 0.0000000     
 Effective Sample Size = 138

 Number of function evaluations was 24 for 8 parameters.
 Time for numerical optimization was 0.01 seconds.     
 -2logL { p(~effort)Psi(~HAiFLS_for + Area_km2 + AvgSlope + EFac_Cat + Cross_Cat) } = 158.86672     
 Penalty { p(~effort)Psi(~HAiFLS_for + Area_km2 + AvgSlope + EFac_Cat + Cross_Cat) } = 0.0000000     
 Gradient { p(~effort)Psi(~HAiFLS_for + Area_km2 + AvgSlope + EFac_Cat + Cross_Cat) }:
 -0.1908318E-05 -0.6742462E-06 -0.1016124E-05 -0.1566818E-05 -0.1018167E-05
 -0.1247936E-05 -0.1195507E-05 -0.7158039E-06
 Maximum ABS(G) { p(~effort)Psi(~HAiFLS_for + Area_km2 + AvgSlope + EFac_Cat + Cross_Cat) } = 0.1908318E-05 

  Program  MARK  - Survival Rate Estimation with Capture-Recapture Data
   gfortran(dble) Vers. 9.0 Mar 2018    10-Dec-2019 13:16:25    Page  003
 - - - - - - - - - - - - - - - - - - - - - - - - - - - - - - - - - - - - - -
 
 S Vector { p(~effort)Psi(~HAiFLS_for + Area_km2 + AvgSlope + EFac_Cat + Cross_Cat) }:
   18.75491      8.350881      1.358857     0.4288805     0.3180128    
  0.2755006     0.1838222     0.2686478E-01
 Time to compute number of parameters was 0.01 seconds.     
 Ratio Threshold = 50.000000       Max Gap (7/8) = 6.8424990       Next Max Gap (2/3) = 6.1455199     
 Gap Method for Num. of Estimated Parameters { p(~effort)Psi(~HAiFLS_for + Area_km2 + AvgSlope + EFac_Cat + Cross_Cat) } = 8          
 Threshold { p(~effort)Psi(~HAiFLS_for + Area_km2 + AvgSlope + EFac_Cat + Cross_Cat) } = 0.3816636E-05                 
 Numerical Threshold Method for Num. of Estimated Parameters { p(~effort)Psi(~HAiFLS_for + Area_km2 + AvgSlope + EFac_Cat + Cross_Cat) } = 8          
 Number of Estimated Parameters { p(~effort)Psi(~HAiFLS_for + Area_km2 + AvgSlope + EFac_Cat + Cross_Cat) } = 8          
 DEVIANCE { p(~effort)Psi(~HAiFLS_for + Area_km2 + AvgSlope + EFac_Cat + Cross_Cat) } = 158.86672                     
 DEVIANCE Degrees of Freedom { p(~effort)Psi(~HAiFLS_for + Area_km2 + AvgSlope + EFac_Cat + Cross_Cat) } = 130            
 c-hat { p(~effort)Psi(~HAiFLS_for + Area_km2 + AvgSlope + EFac_Cat + Cross_Cat) } = 1.2220517                     
 AIC { p(~effort)Psi(~HAiFLS_for + Area_km2 + AvgSlope + EFac_Cat + Cross_Cat) } = 174.86672                  
 AICc { p(~effort)Psi(~HAiFLS_for + Area_km2 + AvgSlope + EFac_Cat + Cross_Cat) } = 175.98300                    
 BIC { p(~effort)Psi(~HAiFLS_for + Area_km2 + AvgSlope + EFac_Cat + Cross_Cat) } = 198.28475                    
 Pearson Chisquare { p(~effort)Psi(~HAiFLS_for + Area_km2 + AvgSlope + EFac_Cat + Cross_Cat) } = 855.80905                  


 LOGIT Link Function Parameters of { p(~effort)Psi(~HAiFLS_for + Area_km2 + AvgSlope + EFac_Cat + Cross_Cat) }
                                                              95% Confidence Interval
 Parameter                    Beta         Standard Error      Lower           Upper
 -------------------------  --------------  --------------  --------------  --------------
    1:p:(Intercept)          0.9989843       0.3615654       0.2903161       1.7076524    
    2:p:effort               1.0093234       0.5043849       0.0207289       1.9979178    
    3:Psi:(Intercept)       -2.7541640       0.7942646      -4.3109225      -1.1974054    
    4:Psi:HAiFLS_for         0.0143638       0.0100896      -0.0054118       0.0341395    
    5:Psi:Area_km2           0.0539728       0.0363657      -0.0173041       0.1252497    
    6:Psi:AvgSlope           0.0362404       0.0288108      -0.0202288       0.0927096    
    7:Psi:EFac_Cat           0.5682266       1.7449892      -2.8519522       3.9884054    
    8:Psi:Cross_Cat         -1.0107267       0.8675964      -2.7112157       0.6897623    


 Real Function Parameters of { p(~effort)Psi(~HAiFLS_for + Area_km2 + AvgSlope + EFac_Cat + Cross_Cat) }

      Following estimates based on unstandardized individual covariate values:
          Variable   Value         
          ---------  ------------- 
          EFFORT1    -0.7246373E-10
          EFFORT2    -0.1449268E-10
          EFFORT3     0.4347865E-11
          HAIFLS_FOR  26.272482    
          AREA_KM2    7.8085664    
          AVGSLOPE    12.952003    
          EFAC_CAT    0.0880592    
          CROSS_CAT   0.6212393    
                                                               95% Confidence Interval
  Parameter                  Estimate       Standard Error      Lower           Upper
 --------------------------  --------------  --------------  --------------  --------------
     1:p g1 a0 t1             0.7308588       0.0711214       0.5720735       0.8465315                          
     2:p g1 a1 t2             0.7308588       0.0711214       0.5720735       0.8465315                          
     3:p g1 a2 t3             0.7308588       0.0711214       0.5720735       0.8465315                          
     4:Psi g1 a0 t1           0.1126634       0.0317910       0.0637383       0.1914631                          


                      Estimates of Derived Parameters
 Occupancy Estimates of { p(~effort)Psi(~HAiFLS_for + Area_km2 + AvgSlope + EFac_Cat + Cross_Cat) }
                                            95% Confidence Interval
 Group   Psi-hat         Standard Error      Lower           Upper
 -----   --------------  --------------  --------------  --------------

  Program  MARK  - Survival Rate Estimation with Capture-Recapture Data
   gfortran(dble) Vers. 9.0 Mar 2018    10-Dec-2019 13:16:25    Page  004
 - - - - - - - - - - - - - - - - - - - - - - - - - - - - - - - - - - - - - -
 
   1      0.1126634       0.0317910       0.0637383       0.1914631    

   CPU Time for the last procedure was 0.01 seconds.     


  INPUT --- proc stop;

     CPU Time in minutes for this job was 0.00

     Time Start = 13:16:24.961   Time End = 13:16:25.135

     Wall Clock Time in minutes for this job was 0.00


          E X E C U T I O N   S U C C E S S F U L 
