
   Program  MARK  - Survival Rate Estimation with Capture-Recapture Data
   gfortran(dble) Vers. 9.0 Mar 2018     9-Dec-2019 13:32:29    Page  001
 - - - - - - - - - - - - - - - - - - - - - - - - - - - - - - - - - - - - - -
 
   This version was compiled by GCC version 7.2.0 using the options: 
     -cpp -iprefix C:/Program Files/mingw-w64/x86_64-7.2.0-posix-seh-rt_v5-rev1/
     mingw64/bin/../lib/gcc/x86_64-w64-mingw32/7.2.0/ -D_MT -D_REENTRANT
     -U_REENTRANT -D IEEE -D DBLEPRECISION -m64 -mtune=core2 -march=nocona -mthreads
     -O2 -fimplicit-none -fbounds-check -funroll-loops -ftree-vectorize
     -ffpe-summary=invalid,zero,overflow,underflow -fno-unsafe-math-optimizations
     -frounding-math -fsignaling-nans -fopenmp.

   This problem will use 7 of 8 possible threads.


  INPUT --- proc title ;

   CPU Time for the last procedure was 0.01 seconds.     


  INPUT --- proc chmatrix occasions= 3 groups= 1 etype= Occupancy 
  INPUT --- Nodes= 101 icovar = 6 ICMeans  NoHist hist= 138 ;

  INPUT ---    time interval 1 1 1 ;

  INPUT ---     icovariates pctex21 pctpool pctrock BRT_100m pctBrBnk  
  INPUT ---    pctShade ;

  INPUT ---    glabel(1)=freq1;

      Number of unique encounter histories read was 138.

      Number of individual covariates read was 6.
      Time interval lengths are all equal to 1.

      Data type number is 27
      Data type is Occupancy Estimation with Detection < 1                                                             

   CPU Time for the last procedure was 0.02 seconds.     

  Program  MARK  - Survival Rate Estimation with Capture-Recapture Data
   gfortran(dble) Vers. 9.0 Mar 2018     9-Dec-2019 13:32:29    Page  002
 - - - - - - - - - - - - - - - - - - - - - - - - - - - - - - - - - - - - - -
 


  INPUT --- proc estimate link=Logit NOLOOP varest=2ndPart    ;


  INPUT --- model={ p(~1)Psi(~pctex21 + pctpool + pctrock + BRT_100m + 
  INPUT --- pctBrBnk + pctShade) };

  INPUT ---    group=1 p    rows=1 cols=3 Square ;
  INPUT ---        1 1 1 ;

  INPUT ---    group=1 Psi    rows=1 cols=1 Square ;
  INPUT ---        2 ;

  INPUT ---    design matrix constraints=2 covariates=8;
  INPUT ---        1 0 0 0 0 0 0 0;
  INPUT ---        0 1 pctex21 pctpool pctrock BRT_100m pctBrBnk pctShade;
  INPUT ---       blabel(1)=p:(Intercept);
  INPUT ---       blabel(2)=Psi:(Intercept);
  INPUT ---       blabel(3)=Psi:pctex21;
  INPUT ---       blabel(4)=Psi:pctpool;
  INPUT ---       blabel(5)=Psi:pctrock;
  INPUT ---       blabel(6)=Psi:BRT_100m;
  INPUT ---       blabel(7)=Psi:pctBrBnk;
  INPUT ---       blabel(8)=Psi:pctShade;
  INPUT ---       rlabel(1)=p g1 a0 t1;
  INPUT ---       rlabel(2)=Psi g1 a0 t1;

 Link Function Used is LOGIT        

 Variance Estimation Procedure Used is 2ndPart 
 -2logL(saturated) = 0.0000000     
 Effective Sample Size = 138

 Number of function evaluations was 22 for 8 parameters.
 Time for numerical optimization was 0.01 seconds.     
 -2logL { p(~1)Psi(~pctex21 + pctpool + pctrock + BRT_100m + pctBrBnk + pctShade) } = 146.28700     
 Penalty { p(~1)Psi(~pctex21 + pctpool + pctrock + BRT_100m + pctBrBnk + pctShade) } = 0.0000000     
 Gradient { p(~1)Psi(~pctex21 + pctpool + pctrock + BRT_100m + pctBrBnk + pctShade) }:
  0.9779618E-06   0.000000      0.9598747E-07   0.000000      0.8477913E-06
   0.000000       0.000000       0.000000    
 Maximum ABS(G) { p(~1)Psi(~pctex21 + pctpool + pctrock + BRT_100m + pctBrBnk + pctShade) } = 0.9779618E-06 
 S Vector { p(~1)Psi(~pctex21 + pctpool + pctrock + BRT_100m + pctBrBnk + pctShade) }:
   25.39977      9.703399      1.065788     0.9001478     0.4515980    
  0.2347762     0.1934924     0.1770951E-01
 Time to compute number of parameters was 0.02 seconds.     
 Ratio Threshold = 50.000000       Max Gap (7/8) = 10.925901       Next Max Gap (2/3) = 9.1044363     
 Gap Method for Num. of Estimated Parameters { p(~1)Psi(~pctex21 + pctpool + pctrock + BRT_100m + pctBrBnk + pctShade) } = 8          
 Threshold { p(~1)Psi(~pctex21 + pctpool + pctrock + BRT_100m + pctBrBnk + pctShade) } = 0.1955924E-05                 
 Numerical Threshold Method for Num. of Estimated Parameters { p(~1)Psi(~pctex21 + pctpool + pctrock + BRT_100m + pctBrBnk + pctShade) } = 8          
 Number of Estimated Parameters { p(~1)Psi(~pctex21 + pctpool + pctrock + BRT_100m + pctBrBnk + pctShade) } = 8          
 DEVIANCE { p(~1)Psi(~pctex21 + pctpool + pctrock + BRT_100m + pctBrBnk + pctShade) } = 146.28700                     
 DEVIANCE Degrees of Freedom { p(~1)Psi(~pctex21 + pctpool + pctrock + BRT_100m + pctBrBnk + pctShade) } = 130            
 c-hat { p(~1)Psi(~pctex21 + pctpool + pctrock + BRT_100m + pctBrBnk + pctShade) } = 1.1252846                     
 AIC { p(~1)Psi(~pctex21 + pctpool + pctrock + BRT_100m + pctBrBnk + pctShade) } = 162.28700                  
 AICc { p(~1)Psi(~pctex21 + pctpool + pctrock + BRT_100m + pctBrBnk + pctShade) } = 163.40328                    
 BIC { p(~1)Psi(~pctex21 + pctpool + pctrock + BRT_100m + pctBrBnk + pctShade) } = 185.70503                    
 Pearson Chisquare { p(~1)Psi(~pctex21 + pctpool + pctrock + BRT_100m + pctBrBnk + pctShade) } = 1437.8886                  

  Program  MARK  - Survival Rate Estimation with Capture-Recapture Data
   gfortran(dble) Vers. 9.0 Mar 2018     9-Dec-2019 13:32:29    Page  003
 - - - - - - - - - - - - - - - - - - - - - - - - - - - - - - - - - - - - - -
 


 LOGIT Link Function Parameters of { p(~1)Psi(~pctex21 + pctpool + pctrock + BRT_100m + pctBrBnk + pctShade) }
                                                              95% Confidence Interval
 Parameter                    Beta         Standard Error      Lower           Upper
 -------------------------  --------------  --------------  --------------  --------------
    1:p:(Intercept)          0.9503304       0.3204595       0.3222298       1.5784310    
    2:Psi:(Intercept)       -2.1424848       1.2880650      -4.6670923       0.3821227    
    3:Psi:pctex21           -0.6093556       0.2424642      -1.0845855      -0.1341257    
    4:Psi:pctpool            0.0219286       0.0166084      -0.0106240       0.0544811    
    5:Psi:pctrock            0.0124979       0.0153331      -0.0175550       0.0425507    
    6:Psi:BRT_100m           0.0170005       0.0170323      -0.0163829       0.0503838    
    7:Psi:pctBrBnk          -0.8211537       0.6543976      -2.1037730       0.4614656    
    8:Psi:pctShade           0.0044116       0.0105594      -0.0162848       0.0251081    


 Real Function Parameters of { p(~1)Psi(~pctex21 + pctpool + pctrock + BRT_100m + pctBrBnk + pctShade) }

      Following estimates based on unstandardized individual covariate values:
          Variable   Value         
          ---------  ------------- 
          PCTEX21     4.8306834    
          PCTPOOL     25.664251    
          PCTROCK     68.678238    
          BRT_100M    6.7817616    
          PCTBRBNK    0.8740586    
          PCTSHADE    48.614931    
                                                               95% Confidence Interval
  Parameter                  Estimate       Standard Error      Lower           Upper
 --------------------------  --------------  --------------  --------------  --------------
     1:p g1 a0 t1             0.7211816       0.0644376       0.5798676       0.8289822                          
     2:Psi g1 a0 t1           0.0170744       0.0176334       0.0022106       0.1198740                          


                      Estimates of Derived Parameters
 Occupancy Estimates of { p(~1)Psi(~pctex21 + pctpool + pctrock + BRT_100m + pctBrBnk + pctShade) }
                                            95% Confidence Interval
 Group   Psi-hat         Standard Error      Lower           Upper
 -----   --------------  --------------  --------------  --------------
   1      0.0170744       0.0176334       0.0022106       0.1198740    

   CPU Time for the last procedure was 0.02 seconds.     

  Program  MARK  - Survival Rate Estimation with Capture-Recapture Data
   gfortran(dble) Vers. 9.0 Mar 2018     9-Dec-2019 13:32:29    Page  004
 - - - - - - - - - - - - - - - - - - - - - - - - - - - - - - - - - - - - - -
 


  INPUT --- proc stop;

     CPU Time in minutes for this job was 0.00

     Time Start = 13:32:29.013   Time End = 13:32:29.211

     Wall Clock Time in minutes for this job was 0.00


          E X E C U T I O N   S U C C E S S F U L 
