
   Program  MARK  - Survival Rate Estimation with Capture-Recapture Data
   gfortran(dble) Vers. 9.0 Mar 2018     6-Dec-2019 14:35:43    Page  001
 - - - - - - - - - - - - - - - - - - - - - - - - - - - - - - - - - - - - - -
 
   This version was compiled by GCC version 7.2.0 using the options: 
     -cpp -iprefix C:/Program Files/mingw-w64/x86_64-7.2.0-posix-seh-rt_v5-rev1/
     mingw64/bin/../lib/gcc/x86_64-w64-mingw32/7.2.0/ -D_MT -D_REENTRANT
     -U_REENTRANT -D IEEE -D DBLEPRECISION -m64 -mtune=core2 -march=nocona -mthreads
     -O2 -fimplicit-none -fbounds-check -funroll-loops -ftree-vectorize
     -ffpe-summary=invalid,zero,overflow,underflow -fno-unsafe-math-optimizations
     -frounding-math -fsignaling-nans -fopenmp.

   This problem will use 7 of 8 possible threads.


  INPUT --- proc title ;

   CPU Time for the last procedure was 0.01 seconds.     


  INPUT --- proc chmatrix occasions= 3 groups= 1 etype= Occupancy 
  INPUT --- Nodes= 101 icovar = 5 ICMeans  NoHist hist= 138 ;

  INPUT ---    time interval 1 1 1 ;

  INPUT ---     icovariates effort1 effort2 effort3 pctrock LWD ;

  INPUT ---    glabel(1)=freq1;

      Number of unique encounter histories read was 138.

      Number of individual covariates read was 5.
      Time interval lengths are all equal to 1.

      Data type number is 27
      Data type is Occupancy Estimation with Detection < 1                                                             

   CPU Time for the last procedure was 0.02 seconds.     

  Program  MARK  - Survival Rate Estimation with Capture-Recapture Data
   gfortran(dble) Vers. 9.0 Mar 2018     6-Dec-2019 14:35:43    Page  002
 - - - - - - - - - - - - - - - - - - - - - - - - - - - - - - - - - - - - - -
 


  INPUT --- proc estimate link=Logit NOLOOP varest=2ndPart    ;


  INPUT --- model={ p(~effort)Psi(~pctrock + LWD) };

  INPUT ---    group=1 p    rows=1 cols=3 Square ;
  INPUT ---        1 2 3 ;

  INPUT ---    group=1 Psi    rows=1 cols=1 Square ;
  INPUT ---        4 ;

  INPUT ---    design matrix constraints=4 covariates=5;
  INPUT ---        1 effort1 0 0 0;
  INPUT ---        1 effort2 0 0 0;
  INPUT ---        1 effort3 0 0 0;
  INPUT ---        0 0 1 pctrock LWD;
  INPUT ---       blabel(1)=p:(Intercept);
  INPUT ---       blabel(2)=p:effort;
  INPUT ---       blabel(3)=Psi:(Intercept);
  INPUT ---       blabel(4)=Psi:pctrock;
  INPUT ---       blabel(5)=Psi:LWD;
  INPUT ---       rlabel(1)=p g1 a0 t1;
  INPUT ---       rlabel(2)=p g1 a1 t2;
  INPUT ---       rlabel(3)=p g1 a2 t3;
  INPUT ---       rlabel(4)=Psi g1 a0 t1;

 Link Function Used is LOGIT        

 Variance Estimation Procedure Used is 2ndPart 
 -2logL(saturated) = 0.0000000     
 Effective Sample Size = 138

 Number of function evaluations was 15 for 5 parameters.
 Time for numerical optimization was 0.02 seconds.     
 -2logL { p(~effort)Psi(~pctrock + LWD) } = 167.90795     
 Penalty { p(~effort)Psi(~pctrock + LWD) } = 0.0000000     
 Gradient { p(~effort)Psi(~pctrock + LWD) }:
  0.2882397E-05   0.000000     -0.5765677E-06  0.9450945E-06  0.1002574E-05
 Maximum ABS(G) { p(~effort)Psi(~pctrock + LWD) } = 0.2882397E-05 
 S Vector { p(~effort)Psi(~pctrock + LWD) }:
   25.53886      8.146774     0.6910633     0.4800833     0.1743081    
 Time to compute number of parameters was 0.01 seconds.     
 Ratio Threshold = 50.000000       Max Gap (2/3) = 11.788753       Next Max Gap (1/2) = 3.1348436     
 Gap Method for Num. of Estimated Parameters { p(~effort)Psi(~pctrock + LWD) } = 5          
 Threshold { p(~effort)Psi(~pctrock + LWD) } = 0.5764794E-05                 
 Numerical Threshold Method for Num. of Estimated Parameters { p(~effort)Psi(~pctrock + LWD) } = 5          
 Number of Estimated Parameters { p(~effort)Psi(~pctrock + LWD) } = 5          
 DEVIANCE { p(~effort)Psi(~pctrock + LWD) } = 167.90795                     
 DEVIANCE Degrees of Freedom { p(~effort)Psi(~pctrock + LWD) } = 133            
 c-hat { p(~effort)Psi(~pctrock + LWD) } = 1.2624658                     
 AIC { p(~effort)Psi(~pctrock + LWD) } = 177.90795                  
 AICc { p(~effort)Psi(~pctrock + LWD) } = 178.36250                    
 BIC { p(~effort)Psi(~pctrock + LWD) } = 192.54422                    
 Pearson Chisquare { p(~effort)Psi(~pctrock + LWD) } = 911.24610                  

  Program  MARK  - Survival Rate Estimation with Capture-Recapture Data
   gfortran(dble) Vers. 9.0 Mar 2018     6-Dec-2019 14:35:43    Page  003
 - - - - - - - - - - - - - - - - - - - - - - - - - - - - - - - - - - - - - -
 


              LOGIT Link Function Parameters of { p(~effort)Psi(~pctrock + LWD) }
                                                              95% Confidence Interval
 Parameter                    Beta         Standard Error      Lower           Upper
 -------------------------  --------------  --------------  --------------  --------------
    1:p:(Intercept)          0.9851693       0.3639923       0.2717443       1.6985943    
    2:p:effort               1.0530048       0.5184133       0.0369147       2.0690949    
    3:Psi:(Intercept)       -2.3081086       0.8999840      -4.0720773      -0.5441399    
    4:Psi:pctrock            0.0101816       0.0113404      -0.0120456       0.0324087    
    5:Psi:LWD               -0.9024508       1.2153972      -3.2846293       1.4797276    


              Real Function Parameters of { p(~effort)Psi(~pctrock + LWD) }

      Following estimates based on unstandardized individual covariate values:
          Variable   Value         
          ---------  ------------- 
          EFFORT1    -0.7246373E-10
          EFFORT2    -0.1449268E-10
          EFFORT3     0.4347865E-11
          PCTROCK     68.678238    
          LWD         0.2273503    
                                                               95% Confidence Interval
  Parameter                  Estimate       Standard Error      Lower           Upper
 --------------------------  --------------  --------------  --------------  --------------
     1:p g1 a0 t1             0.7281327       0.0720543       0.5675211       0.8453511                          
     2:p g1 a1 t2             0.7281327       0.0720543       0.5675211       0.8453511                          
     3:p g1 a2 t3             0.7281327       0.0720543       0.5675211       0.8453511                          
     4:Psi g1 a0 t1           0.1401519       0.0314053       0.0890885       0.2136197                          


                      Estimates of Derived Parameters
         Occupancy Estimates of { p(~effort)Psi(~pctrock + LWD) }
                                            95% Confidence Interval
 Group   Psi-hat         Standard Error      Lower           Upper
 -----   --------------  --------------  --------------  --------------
   1      0.1401519       0.0314053       0.0890885       0.2136197    

   CPU Time for the last procedure was 0.02 seconds.     

  Program  MARK  - Survival Rate Estimation with Capture-Recapture Data
   gfortran(dble) Vers. 9.0 Mar 2018     6-Dec-2019 14:35:43    Page  004
 - - - - - - - - - - - - - - - - - - - - - - - - - - - - - - - - - - - - - -
 


  INPUT --- proc stop;

     CPU Time in minutes for this job was 0.00

     Time Start = 14:35:43.607   Time End = 14:35:43.706

     Wall Clock Time in minutes for this job was 0.00


          E X E C U T I O N   S U C C E S S F U L 
