
   Program  MARK  - Survival Rate Estimation with Capture-Recapture Data
   gfortran(dble) Vers. 9.0 Mar 2018     6-Dec-2019 14:35:12    Page  001
 - - - - - - - - - - - - - - - - - - - - - - - - - - - - - - - - - - - - - -
 
   This version was compiled by GCC version 7.2.0 using the options: 
     -cpp -iprefix C:/Program Files/mingw-w64/x86_64-7.2.0-posix-seh-rt_v5-rev1/
     mingw64/bin/../lib/gcc/x86_64-w64-mingw32/7.2.0/ -D_MT -D_REENTRANT
     -U_REENTRANT -D IEEE -D DBLEPRECISION -m64 -mtune=core2 -march=nocona -mthreads
     -O2 -fimplicit-none -fbounds-check -funroll-loops -ftree-vectorize
     -ffpe-summary=invalid,zero,overflow,underflow -fno-unsafe-math-optimizations
     -frounding-math -fsignaling-nans -fopenmp.

   This problem will use 7 of 8 possible threads.


  INPUT --- proc title ;

   CPU Time for the last procedure was 0.01 seconds.     


  INPUT --- proc chmatrix occasions= 3 groups= 1 etype= Occupancy 
  INPUT --- Nodes= 101 icovar = 6 ICMeans  NoHist hist= 138 ;

  INPUT ---    time interval 1 1 1 ;

  INPUT ---     icovariates effort1 effort2 effort3 pctrock pctShade  
  INPUT ---    pctBrBnk ;

  INPUT ---    glabel(1)=freq1;

      Number of unique encounter histories read was 138.

      Number of individual covariates read was 6.
      Time interval lengths are all equal to 1.

      Data type number is 27
      Data type is Occupancy Estimation with Detection < 1                                                             

   CPU Time for the last procedure was 0.01 seconds.     

  Program  MARK  - Survival Rate Estimation with Capture-Recapture Data
   gfortran(dble) Vers. 9.0 Mar 2018     6-Dec-2019 14:35:12    Page  002
 - - - - - - - - - - - - - - - - - - - - - - - - - - - - - - - - - - - - - -
 


  INPUT --- proc estimate link=Logit NOLOOP varest=2ndPart    ;


  INPUT --- model={ p(~effort)Psi(~pctrock + pctShade + pctBrBnk) };

  INPUT ---    group=1 p    rows=1 cols=3 Square ;
  INPUT ---        1 2 3 ;

  INPUT ---    group=1 Psi    rows=1 cols=1 Square ;
  INPUT ---        4 ;

  INPUT ---    design matrix constraints=4 covariates=6;
  INPUT ---        1 effort1 0 0 0 0;
  INPUT ---        1 effort2 0 0 0 0;
  INPUT ---        1 effort3 0 0 0 0;
  INPUT ---        0 0 1 pctrock pctShade pctBrBnk;
  INPUT ---       blabel(1)=p:(Intercept);
  INPUT ---       blabel(2)=p:effort;
  INPUT ---       blabel(3)=Psi:(Intercept);
  INPUT ---       blabel(4)=Psi:pctrock;
  INPUT ---       blabel(5)=Psi:pctShade;
  INPUT ---       blabel(6)=Psi:pctBrBnk;
  INPUT ---       rlabel(1)=p g1 a0 t1;
  INPUT ---       rlabel(2)=p g1 a1 t2;
  INPUT ---       rlabel(3)=p g1 a2 t3;
  INPUT ---       rlabel(4)=Psi g1 a0 t1;

 Link Function Used is LOGIT        

 Variance Estimation Procedure Used is 2ndPart 
 -2logL(saturated) = 0.0000000     
 Effective Sample Size = 138

 Number of function evaluations was 18 for 6 parameters.
 Time for numerical optimization was 0.08 seconds.     
 -2logL { p(~effort)Psi(~pctrock + pctShade + pctBrBnk) } = 161.58344     
 Penalty { p(~effort)Psi(~pctrock + pctShade + pctBrBnk) } = 0.0000000     
 Gradient { p(~effort)Psi(~pctrock + pctShade + pctBrBnk) }:
  0.2908811E-05  0.1260211E-05  0.1826008E-05  0.3562860E-05   0.000000    
  0.6675036E-06
 Maximum ABS(G) { p(~effort)Psi(~pctrock + pctShade + pctBrBnk) } = 0.3562860E-05 
 S Vector { p(~effort)Psi(~pctrock + pctShade + pctBrBnk) }:
   28.51857      7.866484      1.150020     0.5519892     0.2169610    
  0.1641659    
 Time to compute number of parameters was 0.02 seconds.     
 Ratio Threshold = 50.000000       Max Gap (2/3) = 6.8403028       Next Max Gap (1/2) = 3.6253258     
 Gap Method for Num. of Estimated Parameters { p(~effort)Psi(~pctrock + pctShade + pctBrBnk) } = 6          
 Threshold { p(~effort)Psi(~pctrock + pctShade + pctBrBnk) } = 0.7125720E-05                 
 Numerical Threshold Method for Num. of Estimated Parameters { p(~effort)Psi(~pctrock + pctShade + pctBrBnk) } = 6          
 Number of Estimated Parameters { p(~effort)Psi(~pctrock + pctShade + pctBrBnk) } = 6          
 DEVIANCE { p(~effort)Psi(~pctrock + pctShade + pctBrBnk) } = 161.58344                     
 DEVIANCE Degrees of Freedom { p(~effort)Psi(~pctrock + pctShade + pctBrBnk) } = 132            
 c-hat { p(~effort)Psi(~pctrock + pctShade + pctBrBnk) } = 1.2241170                     
 AIC { p(~effort)Psi(~pctrock + pctShade + pctBrBnk) } = 173.58344                  
 AICc { p(~effort)Psi(~pctrock + pctShade + pctBrBnk) } = 174.22466                    
 BIC { p(~effort)Psi(~pctrock + pctShade + pctBrBnk) } = 191.14696                    
 Pearson Chisquare { p(~effort)Psi(~pctrock + pctShade + pctBrBnk) } = 996.43850                  

  Program  MARK  - Survival Rate Estimation with Capture-Recapture Data
   gfortran(dble) Vers. 9.0 Mar 2018     6-Dec-2019 14:35:12    Page  003
 - - - - - - - - - - - - - - - - - - - - - - - - - - - - - - - - - - - - - -
 


      LOGIT Link Function Parameters of { p(~effort)Psi(~pctrock + pctShade + pctBrBnk) }
                                                              95% Confidence Interval
 Parameter                    Beta         Standard Error      Lower           Upper
 -------------------------  --------------  --------------  --------------  --------------
    1:p:(Intercept)          0.9671424       0.3680637       0.2457375       1.6885473    
    2:p:effort               1.0952098       0.5318415       0.0528003       2.1376192    
    3:Psi:(Intercept)       -1.0890912       1.0060917      -3.0610310       0.8828485    
    4:Psi:pctrock            0.7068402E-03   0.0122296      -0.0232632       0.0246769    
    5:Psi:pctShade           0.0071385       0.0091060      -0.0107092       0.0249863    
    6:Psi:pctBrBnk          -1.4889068       0.6361233      -2.7357086      -0.2421051    


      Real Function Parameters of { p(~effort)Psi(~pctrock + pctShade + pctBrBnk) }

      Following estimates based on unstandardized individual covariate values:
          Variable   Value         
          ---------  ------------- 
          EFFORT1    -0.7246373E-10
          EFFORT2    -0.1449268E-10
          EFFORT3     0.4347865E-11
          PCTROCK     68.678238    
          PCTSHADE    48.614931    
          PCTBRBNK    0.8740586    
                                                               95% Confidence Interval
  Parameter                  Estimate       Standard Error      Lower           Upper
 --------------------------  --------------  --------------  --------------  --------------
     1:p g1 a0 t1             0.7245496       0.0734572       0.5611271       0.8440330                          
     2:p g1 a1 t2             0.7245496       0.0734572       0.5611271       0.8440330                          
     3:p g1 a2 t3             0.7245496       0.0734572       0.5611271       0.8440330                          
     4:Psi g1 a0 t1           0.1197395       0.0324483       0.0692485       0.1991671                          


                      Estimates of Derived Parameters
 Occupancy Estimates of { p(~effort)Psi(~pctrock + pctShade + pctBrBnk) }
                                            95% Confidence Interval
 Group   Psi-hat         Standard Error      Lower           Upper
 -----   --------------  --------------  --------------  --------------
   1      0.1197395       0.0324483       0.0692485       0.1991671    

   CPU Time for the last procedure was 0.09 seconds.     

  Program  MARK  - Survival Rate Estimation with Capture-Recapture Data
   gfortran(dble) Vers. 9.0 Mar 2018     6-Dec-2019 14:35:12    Page  004
 - - - - - - - - - - - - - - - - - - - - - - - - - - - - - - - - - - - - - -
 


  INPUT --- proc stop;

     CPU Time in minutes for this job was 0.00

     Time Start = 14:35:12.801   Time End = 14:35:12.913

     Wall Clock Time in minutes for this job was 0.00


          E X E C U T I O N   S U C C E S S F U L 
