
   Program  MARK  - Survival Rate Estimation with Capture-Recapture Data
   gfortran(dble) Vers. 9.0 Mar 2018     4-Dec-2019 15:22:19    Page  001
 - - - - - - - - - - - - - - - - - - - - - - - - - - - - - - - - - - - - - -
 
   This version was compiled by GCC version 7.2.0 using the options: 
     -cpp -iprefix C:/Program Files/mingw-w64/x86_64-7.2.0-posix-seh-rt_v5-rev1/
     mingw64/bin/../lib/gcc/x86_64-w64-mingw32/7.2.0/ -D_MT -D_REENTRANT
     -U_REENTRANT -D IEEE -D DBLEPRECISION -m64 -mtune=core2 -march=nocona -mthreads
     -O2 -fimplicit-none -fbounds-check -funroll-loops -ftree-vectorize
     -ffpe-summary=invalid,zero,overflow,underflow -fno-unsafe-math-optimizations
     -frounding-math -fsignaling-nans -fopenmp.

   This problem will use 7 of 8 possible threads.


  INPUT --- proc title ;

   CPU Time for the last procedure was 0.01 seconds.     


  INPUT --- proc chmatrix occasions= 3 groups= 1 etype= Occupancy 
  INPUT --- Nodes= 101 icovar = 2 ICMeans  NoHist hist= 138 ;

  INPUT ---    time interval 1 1 1 ;

  INPUT ---     icovariates effsec machabprop ;

  INPUT ---    glabel(1)=freq1;

      Number of unique encounter histories read was 138.

      Number of individual covariates read was 2.
      Time interval lengths are all equal to 1.

      Data type number is 27
      Data type is Occupancy Estimation with Detection < 1                                                             

   CPU Time for the last procedure was 0.02 seconds.     

  Program  MARK  - Survival Rate Estimation with Capture-Recapture Data
   gfortran(dble) Vers. 9.0 Mar 2018     4-Dec-2019 15:22:19    Page  002
 - - - - - - - - - - - - - - - - - - - - - - - - - - - - - - - - - - - - - -
 


  INPUT --- proc estimate link=Logit NOLOOP varest=2ndPart    ;


  INPUT --- model={ p(~effsec)Psi(~machabprop) };

  INPUT ---    group=1 p    rows=1 cols=3 Square ;
  INPUT ---        1 1 1 ;

  INPUT ---    group=1 Psi    rows=1 cols=1 Square ;
  INPUT ---        2 ;

  INPUT ---    design matrix constraints=2 covariates=4;
  INPUT ---        1 effsec 0 0;
  INPUT ---        0 0 1 machabprop;
  INPUT ---       blabel(1)=p:(Intercept);
  INPUT ---       blabel(2)=p:effsec;
  INPUT ---       blabel(3)=Psi:(Intercept);
  INPUT ---       blabel(4)=Psi:machabprop;
  INPUT ---       rlabel(1)=p g1 a0 t1;
  INPUT ---       rlabel(2)=Psi g1 a0 t1;

 Link Function Used is LOGIT        

 Variance Estimation Procedure Used is 2ndPart 
 -2logL(saturated) = 0.0000000     
 Effective Sample Size = 138

 Number of function evaluations was 13 for 4 parameters.
 Time for numerical optimization was 0.01 seconds.     
 -2logL { p(~effsec)Psi(~machabprop) } = 169.06876     
 Penalty { p(~effsec)Psi(~machabprop) } = 0.0000000     
 Gradient { p(~effsec)Psi(~machabprop) }:
   0.000000       0.000000      0.6705363E-06   0.000000    
 Maximum ABS(G) { p(~effsec)Psi(~machabprop) } = 0.6705363E-06 
 S Vector { p(~effsec)Psi(~machabprop) }:
   16.40328      8.421447      2.023218     0.4399883    
 Time to compute number of parameters was 0.01 seconds.     
 Ratio Threshold = 50.000000       Max Gap (3/4) = 4.5983448       Next Max Gap (2/3) = 4.1624020     
 Gap Method for Num. of Estimated Parameters { p(~effsec)Psi(~machabprop) } = 4          
 Threshold { p(~effsec)Psi(~machabprop) } = 0.1341073E-05                 
 Numerical Threshold Method for Num. of Estimated Parameters { p(~effsec)Psi(~machabprop) } = 4          
 Number of Estimated Parameters { p(~effsec)Psi(~machabprop) } = 4          
 DEVIANCE { p(~effsec)Psi(~machabprop) } = 169.06876                     
 DEVIANCE Degrees of Freedom { p(~effsec)Psi(~machabprop) } = 134            
 c-hat { p(~effsec)Psi(~machabprop) } = 1.2617072                     
 AIC { p(~effsec)Psi(~machabprop) } = 177.06876                  
 AICc { p(~effsec)Psi(~machabprop) } = 177.36951                    
 BIC { p(~effsec)Psi(~machabprop) } = 188.77777                    
 Pearson Chisquare { p(~effsec)Psi(~machabprop) } = 970.21945                  


                LOGIT Link Function Parameters of { p(~effsec)Psi(~machabprop) }
                                                              95% Confidence Interval
 Parameter                    Beta         Standard Error      Lower           Upper
 -------------------------  --------------  --------------  --------------  --------------
    1:p:(Intercept)          0.9035241       0.3426391       0.2319514       1.5750968    
    2:p:effsec               0.7622787       0.4196434      -0.0602225       1.5847798    
    3:Psi:(Intercept)       -1.8445122       0.2664284      -2.3667119      -1.3223125    

  Program  MARK  - Survival Rate Estimation with Capture-Recapture Data
   gfortran(dble) Vers. 9.0 Mar 2018     4-Dec-2019 15:22:20    Page  003
 - - - - - - - - - - - - - - - - - - - - - - - - - - - - - - - - - - - - - -
 
    4:Psi:machabprop        -0.4193364       0.2886074      -0.9850068       0.1463341    


                Real Function Parameters of { p(~effsec)Psi(~machabprop) }

      Following estimates based on unstandardized individual covariate values:
          Variable   Value         
          ---------  ------------- 
          EFFSEC     -0.2898548E-09
          MACHABPROP -0.2896234E-16
                                                               95% Confidence Interval
  Parameter                  Estimate       Standard Error      Lower           Upper
 --------------------------  --------------  --------------  --------------  --------------
     1:p g1 a0 t1             0.7116732       0.0703077       0.5577293       0.8285090                          
     2:Psi g1 a0 t1           0.1365185       0.0314069       0.0857466       0.2104338                          


                      Estimates of Derived Parameters
          Occupancy Estimates of { p(~effsec)Psi(~machabprop) }
                                            95% Confidence Interval
 Group   Psi-hat         Standard Error      Lower           Upper
 -----   --------------  --------------  --------------  --------------
   1      0.1365185       0.0314069       0.0857466       0.2104338    

   CPU Time for the last procedure was 0.01 seconds.     

  Program  MARK  - Survival Rate Estimation with Capture-Recapture Data
   gfortran(dble) Vers. 9.0 Mar 2018     4-Dec-2019 15:22:20    Page  004
 - - - - - - - - - - - - - - - - - - - - - - - - - - - - - - - - - - - - - -
 


  INPUT --- proc stop;

     CPU Time in minutes for this job was 0.00

     Time Start = 15:22:19.172   Time End = 15:22:20.858

     Wall Clock Time in minutes for this job was 0.03


          E X E C U T I O N   S U C C E S S F U L 
