
   Program  MARK  - Survival Rate Estimation with Capture-Recapture Data
   gfortran(dble) Vers. 9.0 Mar 2018     6-Dec-2019 14:35:15    Page  001
 - - - - - - - - - - - - - - - - - - - - - - - - - - - - - - - - - - - - - -
 
   This version was compiled by GCC version 7.2.0 using the options: 
     -cpp -iprefix C:/Program Files/mingw-w64/x86_64-7.2.0-posix-seh-rt_v5-rev1/
     mingw64/bin/../lib/gcc/x86_64-w64-mingw32/7.2.0/ -D_MT -D_REENTRANT
     -U_REENTRANT -D IEEE -D DBLEPRECISION -m64 -mtune=core2 -march=nocona -mthreads
     -O2 -fimplicit-none -fbounds-check -funroll-loops -ftree-vectorize
     -ffpe-summary=invalid,zero,overflow,underflow -fno-unsafe-math-optimizations
     -frounding-math -fsignaling-nans -fopenmp.

   This problem will use 7 of 8 possible threads.


  INPUT --- proc title ;

   CPU Time for the last procedure was 0.01 seconds.     


  INPUT --- proc chmatrix occasions= 3 groups= 1 etype= Occupancy 
  INPUT --- Nodes= 101 icovar = 5 ICMeans  NoHist hist= 138 ;

  INPUT ---    time interval 1 1 1 ;

  INPUT ---     icovariates pctex21 pctpool pctrock LWD pctBrBnk ;

  INPUT ---    glabel(1)=freq1;

      Number of unique encounter histories read was 138.

      Number of individual covariates read was 5.
      Time interval lengths are all equal to 1.

      Data type number is 27
      Data type is Occupancy Estimation with Detection < 1                                                             

   CPU Time for the last procedure was 0.01 seconds.     

  Program  MARK  - Survival Rate Estimation with Capture-Recapture Data
   gfortran(dble) Vers. 9.0 Mar 2018     6-Dec-2019 14:35:15    Page  002
 - - - - - - - - - - - - - - - - - - - - - - - - - - - - - - - - - - - - - -
 


  INPUT --- proc estimate link=Logit NOLOOP varest=2ndPart    ;


  INPUT --- model={ p(~1)Psi(~pctex21 + pctpool + pctrock + LWD + 
  INPUT --- pctBrBnk) };

  INPUT ---    group=1 p    rows=1 cols=3 Square ;
  INPUT ---        1 1 1 ;

  INPUT ---    group=1 Psi    rows=1 cols=1 Square ;
  INPUT ---        2 ;

  INPUT ---    design matrix constraints=2 covariates=7;
  INPUT ---        1 0 0 0 0 0 0;
  INPUT ---        0 1 pctex21 pctpool pctrock LWD pctBrBnk;
  INPUT ---       blabel(1)=p:(Intercept);
  INPUT ---       blabel(2)=Psi:(Intercept);
  INPUT ---       blabel(3)=Psi:pctex21;
  INPUT ---       blabel(4)=Psi:pctpool;
  INPUT ---       blabel(5)=Psi:pctrock;
  INPUT ---       blabel(6)=Psi:LWD;
  INPUT ---       blabel(7)=Psi:pctBrBnk;
  INPUT ---       rlabel(1)=p g1 a0 t1;
  INPUT ---       rlabel(2)=Psi g1 a0 t1;

 Link Function Used is LOGIT        

 Variance Estimation Procedure Used is 2ndPart 
 -2logL(saturated) = 0.0000000     
 Effective Sample Size = 138

 Number of function evaluations was 21 for 7 parameters.
 Time for numerical optimization was 0.03 seconds.     
 -2logL { p(~1)Psi(~pctex21 + pctpool + pctrock + LWD + pctBrBnk) } = 147.06498     
 Penalty { p(~1)Psi(~pctex21 + pctpool + pctrock + LWD + pctBrBnk) } = 0.0000000     
 Gradient { p(~1)Psi(~pctex21 + pctpool + pctrock + LWD + pctBrBnk) }:
 -0.9778094E-06 -0.5803668E-06 -0.1957400E-06  0.5981961E-06 -0.6400162E-06
 -0.1111067E-05 -0.1602004E-05
 Maximum ABS(G) { p(~1)Psi(~pctex21 + pctpool + pctrock + LWD + pctBrBnk) } = 0.1602004E-05 
 S Vector { p(~1)Psi(~pctex21 + pctpool + pctrock + LWD + pctBrBnk) }:
   22.49409      9.700605      1.048213     0.5436318     0.2721747    
  0.2450976     0.1910994E-01
 Time to compute number of parameters was 0.01 seconds.     
 Ratio Threshold = 50.000000       Max Gap (6/7) = 12.825661       Next Max Gap (2/3) = 9.2544221     
 Gap Method for Num. of Estimated Parameters { p(~1)Psi(~pctex21 + pctpool + pctrock + LWD + pctBrBnk) } = 7          
 Threshold { p(~1)Psi(~pctex21 + pctpool + pctrock + LWD + pctBrBnk) } = 0.3204007E-05                 
 Numerical Threshold Method for Num. of Estimated Parameters { p(~1)Psi(~pctex21 + pctpool + pctrock + LWD + pctBrBnk) } = 7          
 Number of Estimated Parameters { p(~1)Psi(~pctex21 + pctpool + pctrock + LWD + pctBrBnk) } = 7          
 DEVIANCE { p(~1)Psi(~pctex21 + pctpool + pctrock + LWD + pctBrBnk) } = 147.06498                     
 DEVIANCE Degrees of Freedom { p(~1)Psi(~pctex21 + pctpool + pctrock + LWD + pctBrBnk) } = 131            
 c-hat { p(~1)Psi(~pctex21 + pctpool + pctrock + LWD + pctBrBnk) } = 1.1226334                     
 AIC { p(~1)Psi(~pctex21 + pctpool + pctrock + LWD + pctBrBnk) } = 161.06498                  
 AICc { p(~1)Psi(~pctex21 + pctpool + pctrock + LWD + pctBrBnk) } = 161.92651                    
 BIC { p(~1)Psi(~pctex21 + pctpool + pctrock + LWD + pctBrBnk) } = 181.55575                    
 Pearson Chisquare { p(~1)Psi(~pctex21 + pctpool + pctrock + LWD + pctBrBnk) } = 1354.0566                  

  Program  MARK  - Survival Rate Estimation with Capture-Recapture Data
   gfortran(dble) Vers. 9.0 Mar 2018     6-Dec-2019 14:35:15    Page  003
 - - - - - - - - - - - - - - - - - - - - - - - - - - - - - - - - - - - - - -
 


 LOGIT Link Function Parameters of { p(~1)Psi(~pctex21 + pctpool + pctrock + LWD + pctBrBnk) }
                                                              95% Confidence Interval
 Parameter                    Beta         Standard Error      Lower           Upper
 -------------------------  --------------  --------------  --------------  --------------
    1:p:(Intercept)          0.9506343       0.3203628       0.3227233       1.5785453    
    2:Psi:(Intercept)       -2.2864537       1.2851069      -4.8052632       0.2323558    
    3:Psi:pctex21           -0.5970136       0.2333712      -1.0544212      -0.1396060    
    4:Psi:pctpool            0.0276442       0.0163315      -0.0043655       0.0596539    
    5:Psi:pctrock            0.0198016       0.0131953      -0.0060612       0.0456643    
    6:Psi:LWD               -0.7166820       1.3206575      -3.3051707       1.8718068    
    7:Psi:pctBrBnk          -0.8121492       0.6221300      -2.0315240       0.4072257    


 Real Function Parameters of { p(~1)Psi(~pctex21 + pctpool + pctrock + LWD + pctBrBnk) }

      Following estimates based on unstandardized individual covariate values:
          Variable   Value         
          ---------  ------------- 
          PCTEX21     4.8306834    
          PCTPOOL     25.664251    
          PCTROCK     68.678238    
          LWD         0.2273503    
          PCTBRBNK    0.8740586    
                                                               95% Confidence Interval
  Parameter                  Estimate       Standard Error      Lower           Upper
 --------------------------  --------------  --------------  --------------  --------------
     1:p g1 a0 t1             0.7212427       0.0644095       0.5799878       0.8289984                          
     2:Psi g1 a0 t1           0.0184542       0.0182787       0.0025947       0.1196262                          


                      Estimates of Derived Parameters
 Occupancy Estimates of { p(~1)Psi(~pctex21 + pctpool + pctrock + LWD + pctBrBnk) }
                                            95% Confidence Interval
 Group   Psi-hat         Standard Error      Lower           Upper
 -----   --------------  --------------  --------------  --------------
   1      0.0184542       0.0182787       0.0025947       0.1196262    

   CPU Time for the last procedure was 0.05 seconds.     

  Program  MARK  - Survival Rate Estimation with Capture-Recapture Data
   gfortran(dble) Vers. 9.0 Mar 2018     6-Dec-2019 14:35:15    Page  004
 - - - - - - - - - - - - - - - - - - - - - - - - - - - - - - - - - - - - - -
 


  INPUT --- proc stop;

     CPU Time in minutes for this job was 0.00

     Time Start = 14:35:15.612   Time End = 14:35:15.784

     Wall Clock Time in minutes for this job was 0.00


          E X E C U T I O N   S U C C E S S F U L 
