
   Program  MARK  - Survival Rate Estimation with Capture-Recapture Data
   gfortran(dble) Vers. 9.0 Mar 2018     6-Dec-2019 14:35:01    Page  001
 - - - - - - - - - - - - - - - - - - - - - - - - - - - - - - - - - - - - - -
 
   This version was compiled by GCC version 7.2.0 using the options: 
     -cpp -iprefix C:/Program Files/mingw-w64/x86_64-7.2.0-posix-seh-rt_v5-rev1/
     mingw64/bin/../lib/gcc/x86_64-w64-mingw32/7.2.0/ -D_MT -D_REENTRANT
     -U_REENTRANT -D IEEE -D DBLEPRECISION -m64 -mtune=core2 -march=nocona -mthreads
     -O2 -fimplicit-none -fbounds-check -funroll-loops -ftree-vectorize
     -ffpe-summary=invalid,zero,overflow,underflow -fno-unsafe-math-optimizations
     -frounding-math -fsignaling-nans -fopenmp.

   This problem will use 7 of 8 possible threads.


  INPUT --- proc title ;

   CPU Time for the last procedure was 0.01 seconds.     


  INPUT --- proc chmatrix occasions= 3 groups= 1 etype= Occupancy 
  INPUT --- Nodes= 101 icovar = 7 ICMeans  NoHist hist= 138 ;

  INPUT ---    time interval 1 1 1 ;

  INPUT ---     icovariates effort1 effort2 effort3 pctex21 pctrock  
  INPUT ---    pctShade pctBrBnk ;

  INPUT ---    glabel(1)=freq1;

      Number of unique encounter histories read was 138.

      Number of individual covariates read was 7.
      Time interval lengths are all equal to 1.

      Data type number is 27
      Data type is Occupancy Estimation with Detection < 1                                                             

   CPU Time for the last procedure was 0.01 seconds.     

  Program  MARK  - Survival Rate Estimation with Capture-Recapture Data
   gfortran(dble) Vers. 9.0 Mar 2018     6-Dec-2019 14:35:01    Page  002
 - - - - - - - - - - - - - - - - - - - - - - - - - - - - - - - - - - - - - -
 


  INPUT --- proc estimate link=Logit NOLOOP varest=2ndPart    ;


  INPUT --- model={ p(~effort)Psi(~pctex21 + pctrock + pctShade + 
  INPUT --- pctBrBnk) };

  INPUT ---    group=1 p    rows=1 cols=3 Square ;
  INPUT ---        1 2 3 ;

  INPUT ---    group=1 Psi    rows=1 cols=1 Square ;
  INPUT ---        4 ;

  INPUT ---    design matrix constraints=4 covariates=7;
  INPUT ---        1 effort1 0 0 0 0 0;
  INPUT ---        1 effort2 0 0 0 0 0;
  INPUT ---        1 effort3 0 0 0 0 0;
  INPUT ---        0 0 1 pctex21 pctrock pctShade pctBrBnk;
  INPUT ---       blabel(1)=p:(Intercept);
  INPUT ---       blabel(2)=p:effort;
  INPUT ---       blabel(3)=Psi:(Intercept);
  INPUT ---       blabel(4)=Psi:pctex21;
  INPUT ---       blabel(5)=Psi:pctrock;
  INPUT ---       blabel(6)=Psi:pctShade;
  INPUT ---       blabel(7)=Psi:pctBrBnk;
  INPUT ---       rlabel(1)=p g1 a0 t1;
  INPUT ---       rlabel(2)=p g1 a1 t2;
  INPUT ---       rlabel(3)=p g1 a2 t3;
  INPUT ---       rlabel(4)=Psi g1 a0 t1;

 Link Function Used is LOGIT        

 Variance Estimation Procedure Used is 2ndPart 
 -2logL(saturated) = 0.0000000     
 Effective Sample Size = 138

 Number of function evaluations was 26 for 7 parameters.
 Time for numerical optimization was 0.14 seconds.     
 -2logL { p(~effort)Psi(~pctex21 + pctrock + pctShade + pctBrBnk) } = 142.97420     
 Penalty { p(~effort)Psi(~pctex21 + pctrock + pctShade + pctBrBnk) } = 0.0000000     
 Gradient { p(~effort)Psi(~pctex21 + pctrock + pctShade + pctBrBnk) }:
 -0.9848138E-06  0.2993959E-06   0.000000     -0.9446257E-07 -0.1011529E-05
   0.000000      0.5049723E-06
 Maximum ABS(G) { p(~effort)Psi(~pctex21 + pctrock + pctShade + pctBrBnk) } = 0.1011529E-05 

  Program  MARK  - Survival Rate Estimation with Capture-Recapture Data
   gfortran(dble) Vers. 9.0 Mar 2018     6-Dec-2019 14:35:01    Page  003
 - - - - - - - - - - - - - - - - - - - - - - - - - - - - - - - - - - - - - -
 
 S Vector { p(~effort)Psi(~pctex21 + pctrock + pctShade + pctBrBnk) }:
   23.88689      7.353412     0.9817474     0.4889601     0.2170157    
  0.1511575     0.1856416E-01
 Time to compute number of parameters was 0.01 seconds.     
 Ratio Threshold = 50.000000       Max Gap (6/7) = 8.1424339       Next Max Gap (2/3) = 7.4901264     
 Gap Method for Num. of Estimated Parameters { p(~effort)Psi(~pctex21 + pctrock + pctShade + pctBrBnk) } = 7          
 Threshold { p(~effort)Psi(~pctex21 + pctrock + pctShade + pctBrBnk) } = 0.2023058E-05                 
 Numerical Threshold Method for Num. of Estimated Parameters { p(~effort)Psi(~pctex21 + pctrock + pctShade + pctBrBnk) } = 7          
 Number of Estimated Parameters { p(~effort)Psi(~pctex21 + pctrock + pctShade + pctBrBnk) } = 7          
 DEVIANCE { p(~effort)Psi(~pctex21 + pctrock + pctShade + pctBrBnk) } = 142.97420                     
 DEVIANCE Degrees of Freedom { p(~effort)Psi(~pctex21 + pctrock + pctShade + pctBrBnk) } = 131            
 c-hat { p(~effort)Psi(~pctex21 + pctrock + pctShade + pctBrBnk) } = 1.0914061                     
 AIC { p(~effort)Psi(~pctex21 + pctrock + pctShade + pctBrBnk) } = 156.97420                  
 AICc { p(~effort)Psi(~pctex21 + pctrock + pctShade + pctBrBnk) } = 157.83574                    
 BIC { p(~effort)Psi(~pctex21 + pctrock + pctShade + pctBrBnk) } = 177.46498                    
 Pearson Chisquare { p(~effort)Psi(~pctex21 + pctrock + pctShade + pctBrBnk) } = 888.11129                  


 LOGIT Link Function Parameters of { p(~effort)Psi(~pctex21 + pctrock + pctShade + pctBrBnk) }
                                                              95% Confidence Interval
 Parameter                    Beta         Standard Error      Lower           Upper
 -------------------------  --------------  --------------  --------------  --------------
    1:p:(Intercept)          0.9367606       0.3744003       0.2029361       1.6705851    
    2:p:effort               1.1638156       0.5529873       0.0799604       2.2476708    
    3:Psi:(Intercept)       -1.0801835       1.0050603      -3.0501017       0.8897347    
    4:Psi:pctex21           -0.6197136       0.2368236      -1.0838879      -0.1555393    
    5:Psi:pctrock            0.0088561       0.0128347      -0.0163000       0.0340121    
    6:Psi:pctShade           0.0066409       0.0101456      -0.0132445       0.0265263    
    7:Psi:pctBrBnk          -0.8769901       0.6485025      -2.1480551       0.3940749    


 Real Function Parameters of { p(~effort)Psi(~pctex21 + pctrock + pctShade + pctBrBnk) }

      Following estimates based on unstandardized individual covariate values:
          Variable   Value         
          ---------  ------------- 
          EFFORT1    -0.7246373E-10
          EFFORT2    -0.1449268E-10
          EFFORT3     0.4347865E-11
          PCTEX21     4.8306834    
          PCTROCK     68.678238    
          PCTSHADE    48.614931    
          PCTBRBNK    0.8740586    
                                                               95% Confidence Interval
  Parameter                  Estimate       Standard Error      Lower           Upper
 --------------------------  --------------  --------------  --------------  --------------
     1:p g1 a0 t1             0.7184449       0.0757344       0.5505606       0.8416538                          
     2:p g1 a1 t2             0.7184449       0.0757344       0.5505606       0.8416538                          
     3:p g1 a2 t3             0.7184449       0.0757344       0.5505606       0.8416538                          
     4:Psi g1 a0 t1           0.0196603       0.0196134       0.0027215       0.1284470                          


                      Estimates of Derived Parameters
 Occupancy Estimates of { p(~effort)Psi(~pctex21 + pctrock + pctShade + pctBrBnk) }
                                            95% Confidence Interval
 Group   Psi-hat         Standard Error      Lower           Upper
 -----   --------------  --------------  --------------  --------------
   1      0.0196603       0.0196134       0.0027215       0.1284470    

  Program  MARK  - Survival Rate Estimation with Capture-Recapture Data
   gfortran(dble) Vers. 9.0 Mar 2018     6-Dec-2019 14:35:01    Page  004
 - - - - - - - - - - - - - - - - - - - - - - - - - - - - - - - - - - - - - -
 

   CPU Time for the last procedure was 0.14 seconds.     


  INPUT --- proc stop;

     CPU Time in minutes for this job was 0.00

     Time Start = 14:35:01.658   Time End = 14:35:01.890

     Wall Clock Time in minutes for this job was 0.00


          E X E C U T I O N   S U C C E S S F U L 
