
   Program  MARK  - Survival Rate Estimation with Capture-Recapture Data
   gfortran(dble) Vers. 9.0 Mar 2018     6-Dec-2019 14:34:55    Page  001
 - - - - - - - - - - - - - - - - - - - - - - - - - - - - - - - - - - - - - -
 
   This version was compiled by GCC version 7.2.0 using the options: 
     -cpp -iprefix C:/Program Files/mingw-w64/x86_64-7.2.0-posix-seh-rt_v5-rev1/
     mingw64/bin/../lib/gcc/x86_64-w64-mingw32/7.2.0/ -D_MT -D_REENTRANT
     -U_REENTRANT -D IEEE -D DBLEPRECISION -m64 -mtune=core2 -march=nocona -mthreads
     -O2 -fimplicit-none -fbounds-check -funroll-loops -ftree-vectorize
     -ffpe-summary=invalid,zero,overflow,underflow -fno-unsafe-math-optimizations
     -frounding-math -fsignaling-nans -fopenmp.

   This problem will use 7 of 8 possible threads.


  INPUT --- proc title ;

   CPU Time for the last procedure was 0.01 seconds.     


  INPUT --- proc chmatrix occasions= 3 groups= 1 etype= Occupancy 
  INPUT --- Nodes= 101 icovar = 7 ICMeans  NoHist hist= 138 ;

  INPUT ---    time interval 1 1 1 ;

  INPUT ---     icovariates effort1 effort2 effort3 pctrock BRT_100m  
  INPUT ---    pctShade pctBrBnk ;

  INPUT ---    glabel(1)=freq1;

      Number of unique encounter histories read was 138.

      Number of individual covariates read was 7.
      Time interval lengths are all equal to 1.

      Data type number is 27
      Data type is Occupancy Estimation with Detection < 1                                                             

   CPU Time for the last procedure was 0.01 seconds.     

  Program  MARK  - Survival Rate Estimation with Capture-Recapture Data
   gfortran(dble) Vers. 9.0 Mar 2018     6-Dec-2019 14:34:55    Page  002
 - - - - - - - - - - - - - - - - - - - - - - - - - - - - - - - - - - - - - -
 


  INPUT --- proc estimate link=Logit NOLOOP varest=2ndPart    ;


  INPUT --- model={ p(~effort)Psi(~pctrock + BRT_100m + pctShade + 
  INPUT --- pctBrBnk) };

  INPUT ---    group=1 p    rows=1 cols=3 Square ;
  INPUT ---        1 2 3 ;

  INPUT ---    group=1 Psi    rows=1 cols=1 Square ;
  INPUT ---        4 ;

  INPUT ---    design matrix constraints=4 covariates=7;
  INPUT ---        1 effort1 0 0 0 0 0;
  INPUT ---        1 effort2 0 0 0 0 0;
  INPUT ---        1 effort3 0 0 0 0 0;
  INPUT ---        0 0 1 pctrock BRT_100m pctShade pctBrBnk;
  INPUT ---       blabel(1)=p:(Intercept);
  INPUT ---       blabel(2)=p:effort;
  INPUT ---       blabel(3)=Psi:(Intercept);
  INPUT ---       blabel(4)=Psi:pctrock;
  INPUT ---       blabel(5)=Psi:BRT_100m;
  INPUT ---       blabel(6)=Psi:pctShade;
  INPUT ---       blabel(7)=Psi:pctBrBnk;
  INPUT ---       rlabel(1)=p g1 a0 t1;
  INPUT ---       rlabel(2)=p g1 a1 t2;
  INPUT ---       rlabel(3)=p g1 a2 t3;
  INPUT ---       rlabel(4)=Psi g1 a0 t1;

 Link Function Used is LOGIT        

 Variance Estimation Procedure Used is 2ndPart 
 -2logL(saturated) = 0.0000000     
 Effective Sample Size = 138

 Number of function evaluations was 21 for 7 parameters.
 Time for numerical optimization was 0.05 seconds.     
 -2logL { p(~effort)Psi(~pctrock + BRT_100m + pctShade + pctBrBnk) } = 158.60769     
 Penalty { p(~effort)Psi(~pctrock + BRT_100m + pctShade + pctBrBnk) } = 0.0000000     
 Gradient { p(~effort)Psi(~pctrock + BRT_100m + pctShade + pctBrBnk) }:
 -0.1917455E-05 -0.6524745E-06 -0.2797627E-05 -0.3776575E-05 -0.1526522E-05
 -0.1105535E-05   0.000000    
 Maximum ABS(G) { p(~effort)Psi(~pctrock + BRT_100m + pctShade + pctBrBnk) } = 0.3776575E-05 

  Program  MARK  - Survival Rate Estimation with Capture-Recapture Data
   gfortran(dble) Vers. 9.0 Mar 2018     6-Dec-2019 14:34:55    Page  003
 - - - - - - - - - - - - - - - - - - - - - - - - - - - - - - - - - - - - - -
 
 S Vector { p(~effort)Psi(~pctrock + BRT_100m + pctShade + pctBrBnk) }:
   27.69945      8.227534      1.069658     0.6292546     0.3285001    
  0.2057377     0.1699434    
 Time to compute number of parameters was 0.02 seconds.     
 Ratio Threshold = 50.000000       Max Gap (2/3) = 7.6917397       Next Max Gap (1/2) = 3.3666770     
 Gap Method for Num. of Estimated Parameters { p(~effort)Psi(~pctrock + BRT_100m + pctShade + pctBrBnk) } = 7          
 Threshold { p(~effort)Psi(~pctrock + BRT_100m + pctShade + pctBrBnk) } = 0.7553149E-05                 
 Numerical Threshold Method for Num. of Estimated Parameters { p(~effort)Psi(~pctrock + BRT_100m + pctShade + pctBrBnk) } = 7          
 Number of Estimated Parameters { p(~effort)Psi(~pctrock + BRT_100m + pctShade + pctBrBnk) } = 7          
 DEVIANCE { p(~effort)Psi(~pctrock + BRT_100m + pctShade + pctBrBnk) } = 158.60769                     
 DEVIANCE Degrees of Freedom { p(~effort)Psi(~pctrock + BRT_100m + pctShade + pctBrBnk) } = 131            
 c-hat { p(~effort)Psi(~pctrock + BRT_100m + pctShade + pctBrBnk) } = 1.2107457                     
 AIC { p(~effort)Psi(~pctrock + BRT_100m + pctShade + pctBrBnk) } = 172.60769                  
 AICc { p(~effort)Psi(~pctrock + BRT_100m + pctShade + pctBrBnk) } = 173.46923                    
 BIC { p(~effort)Psi(~pctrock + BRT_100m + pctShade + pctBrBnk) } = 193.09847                    
 Pearson Chisquare { p(~effort)Psi(~pctrock + BRT_100m + pctShade + pctBrBnk) } = 906.92580                  


 LOGIT Link Function Parameters of { p(~effort)Psi(~pctrock + BRT_100m + pctShade + pctBrBnk) }
                                                              95% Confidence Interval
 Parameter                    Beta         Standard Error      Lower           Upper
 -------------------------  --------------  --------------  --------------  --------------
    1:p:(Intercept)          0.9894590       0.3636053       0.2767927       1.7021253    
    2:p:effort               1.0502331       0.5219892       0.0271343       2.0733320    
    3:Psi:(Intercept)       -1.0453213       1.0112732      -3.0274167       0.9367742    
    4:Psi:pctrock           -0.0051514       0.0128899      -0.0304157       0.0201129    
    5:Psi:BRT_100m           0.0285867       0.0170135      -0.0047597       0.0619332    
    6:Psi:pctShade           0.0072965       0.0094916      -0.0113069       0.0259000    
    7:Psi:pctBrBnk          -1.3642252       0.6537815      -2.6456369      -0.0828135    


 Real Function Parameters of { p(~effort)Psi(~pctrock + BRT_100m + pctShade + pctBrBnk) }

      Following estimates based on unstandardized individual covariate values:
          Variable   Value         
          ---------  ------------- 
          EFFORT1    -0.7246373E-10
          EFFORT2    -0.1449268E-10
          EFFORT3     0.4347865E-11
          PCTROCK     68.678238    
          BRT_100M    6.7817616    
          PCTSHADE    48.614931    
          PCTBRBNK    0.8740586    
                                                               95% Confidence Interval
  Parameter                  Estimate       Standard Error      Lower           Upper
 --------------------------  --------------  --------------  --------------  --------------
     1:p g1 a0 t1             0.7289811       0.0718366       0.5687597       0.8458121                          
     2:p g1 a1 t2             0.7289811       0.0718366       0.5687597       0.8458121                          
     3:p g1 a2 t3             0.7289811       0.0718366       0.5687597       0.8458121                          
     4:Psi g1 a0 t1           0.1147682       0.0319568       0.0654092       0.1936565                          


                      Estimates of Derived Parameters
 Occupancy Estimates of { p(~effort)Psi(~pctrock + BRT_100m + pctShade + pctBrBnk) }
                                            95% Confidence Interval
 Group   Psi-hat         Standard Error      Lower           Upper
 -----   --------------  --------------  --------------  --------------
   1      0.1147682       0.0319568       0.0654092       0.1936565    

  Program  MARK  - Survival Rate Estimation with Capture-Recapture Data
   gfortran(dble) Vers. 9.0 Mar 2018     6-Dec-2019 14:34:55    Page  004
 - - - - - - - - - - - - - - - - - - - - - - - - - - - - - - - - - - - - - -
 

   CPU Time for the last procedure was 0.06 seconds.     


  INPUT --- proc stop;

     CPU Time in minutes for this job was 0.00

     Time Start = 14:34:55.695   Time End = 14:34:55.921

     Wall Clock Time in minutes for this job was 0.00


          E X E C U T I O N   S U C C E S S F U L 
