
   Program  MARK  - Survival Rate Estimation with Capture-Recapture Data
   gfortran(dble) Vers. 9.0 Mar 2018     9-Dec-2019 13:22:17    Page  001
 - - - - - - - - - - - - - - - - - - - - - - - - - - - - - - - - - - - - - -
 
   This version was compiled by GCC version 7.2.0 using the options: 
     -cpp -iprefix C:/Program Files/mingw-w64/x86_64-7.2.0-posix-seh-rt_v5-rev1/
     mingw64/bin/../lib/gcc/x86_64-w64-mingw32/7.2.0/ -D_MT -D_REENTRANT
     -U_REENTRANT -D IEEE -D DBLEPRECISION -m64 -mtune=core2 -march=nocona -mthreads
     -O2 -fimplicit-none -fbounds-check -funroll-loops -ftree-vectorize
     -ffpe-summary=invalid,zero,overflow,underflow -fno-unsafe-math-optimizations
     -frounding-math -fsignaling-nans -fopenmp.

   This problem will use 7 of 8 possible threads.


  INPUT --- proc title ;

   CPU Time for the last procedure was 0.01 seconds.     


  INPUT --- proc chmatrix occasions= 3 groups= 1 etype= Occupancy 
  INPUT --- Nodes= 101 icovar = 7 ICMeans  NoHist hist= 138 ;

  INPUT ---    time interval 1 1 1 ;

  INPUT ---     icovariates effort1 effort2 effort3 HAiFLS_for Area_km2  
  INPUT ---    AvgSlope Cross_Cat ;

  INPUT ---    glabel(1)=freq1;

      Number of unique encounter histories read was 138.

      Number of individual covariates read was 7.
      Time interval lengths are all equal to 1.

      Data type number is 27
      Data type is Occupancy Estimation with Detection < 1                                                             

   CPU Time for the last procedure was 0.01 seconds.     

  Program  MARK  - Survival Rate Estimation with Capture-Recapture Data
   gfortran(dble) Vers. 9.0 Mar 2018     9-Dec-2019 13:22:17    Page  002
 - - - - - - - - - - - - - - - - - - - - - - - - - - - - - - - - - - - - - -
 


  INPUT --- proc estimate link=Logit NOLOOP varest=2ndPart    ;


  INPUT --- model={ p(~effort)Psi(~HAiFLS_for + Area_km2 + AvgSlope + 
  INPUT --- Cross_Cat) };

  INPUT ---    group=1 p    rows=1 cols=3 Square ;
  INPUT ---        1 2 3 ;

  INPUT ---    group=1 Psi    rows=1 cols=1 Square ;
  INPUT ---        4 ;

  INPUT ---    design matrix constraints=4 covariates=7;
  INPUT ---        1 effort1 0 0 0 0 0;
  INPUT ---        1 effort2 0 0 0 0 0;
  INPUT ---        1 effort3 0 0 0 0 0;
  INPUT ---        0 0 1 HAiFLS_for Area_km2 AvgSlope Cross_Cat;
  INPUT ---       blabel(1)=p:(Intercept);
  INPUT ---       blabel(2)=p:effort;
  INPUT ---       blabel(3)=Psi:(Intercept);
  INPUT ---       blabel(4)=Psi:HAiFLS_for;
  INPUT ---       blabel(5)=Psi:Area_km2;
  INPUT ---       blabel(6)=Psi:AvgSlope;
  INPUT ---       blabel(7)=Psi:Cross_Cat;
  INPUT ---       rlabel(1)=p g1 a0 t1;
  INPUT ---       rlabel(2)=p g1 a1 t2;
  INPUT ---       rlabel(3)=p g1 a2 t3;
  INPUT ---       rlabel(4)=Psi g1 a0 t1;

 Link Function Used is LOGIT        

 Variance Estimation Procedure Used is 2ndPart 
 -2logL(saturated) = 0.0000000     
 Effective Sample Size = 138

 Number of function evaluations was 23 for 7 parameters.
 Time for numerical optimization was 0.03 seconds.     
 -2logL { p(~effort)Psi(~HAiFLS_for + Area_km2 + AvgSlope + Cross_Cat) } = 158.87510     
 Penalty { p(~effort)Psi(~HAiFLS_for + Area_km2 + AvgSlope + Cross_Cat) } = 0.0000000     
 Gradient { p(~effort)Psi(~HAiFLS_for + Area_km2 + AvgSlope + Cross_Cat) }:
 -0.2946307E-05   0.000000     -0.1035437E-05   0.000000       0.000000    
 -0.6251756E-06 -0.4718293E-06
 Maximum ABS(G) { p(~effort)Psi(~HAiFLS_for + Area_km2 + AvgSlope + Cross_Cat) } = 0.2946307E-05 

  Program  MARK  - Survival Rate Estimation with Capture-Recapture Data
   gfortran(dble) Vers. 9.0 Mar 2018     9-Dec-2019 13:22:17    Page  003
 - - - - - - - - - - - - - - - - - - - - - - - - - - - - - - - - - - - - - -
 
 S Vector { p(~effort)Psi(~HAiFLS_for + Area_km2 + AvgSlope + Cross_Cat) }:
   18.72994      8.612425      1.360014     0.4049968     0.3131089    
  0.1070984     0.2706409E-01
 Time to compute number of parameters was 0.12 seconds.     
 Ratio Threshold = 50.000000       Max Gap (2/3) = 6.3325986       Next Max Gap (6/7) = 3.9572147     
 Gap Method for Num. of Estimated Parameters { p(~effort)Psi(~HAiFLS_for + Area_km2 + AvgSlope + Cross_Cat) } = 7          
 Threshold { p(~effort)Psi(~HAiFLS_for + Area_km2 + AvgSlope + Cross_Cat) } = 0.5892615E-05                 
 Numerical Threshold Method for Num. of Estimated Parameters { p(~effort)Psi(~HAiFLS_for + Area_km2 + AvgSlope + Cross_Cat) } = 7          
 Number of Estimated Parameters { p(~effort)Psi(~HAiFLS_for + Area_km2 + AvgSlope + Cross_Cat) } = 7          
 DEVIANCE { p(~effort)Psi(~HAiFLS_for + Area_km2 + AvgSlope + Cross_Cat) } = 158.87510                     
 DEVIANCE Degrees of Freedom { p(~effort)Psi(~HAiFLS_for + Area_km2 + AvgSlope + Cross_Cat) } = 131            
 c-hat { p(~effort)Psi(~HAiFLS_for + Area_km2 + AvgSlope + Cross_Cat) } = 1.2127870                     
 AIC { p(~effort)Psi(~HAiFLS_for + Area_km2 + AvgSlope + Cross_Cat) } = 172.87510                  
 AICc { p(~effort)Psi(~HAiFLS_for + Area_km2 + AvgSlope + Cross_Cat) } = 173.73664                    
 BIC { p(~effort)Psi(~HAiFLS_for + Area_km2 + AvgSlope + Cross_Cat) } = 193.36588                    
 Pearson Chisquare { p(~effort)Psi(~HAiFLS_for + Area_km2 + AvgSlope + Cross_Cat) } = 872.24370                  


 LOGIT Link Function Parameters of { p(~effort)Psi(~HAiFLS_for + Area_km2 + AvgSlope + Cross_Cat) }
                                                              95% Confidence Interval
 Parameter                    Beta         Standard Error      Lower           Upper
 -------------------------  --------------  --------------  --------------  --------------
    1:p:(Intercept)         -0.2947384       0.6341411      -1.5376549       0.9481782    
    2:p:effort               0.0015212       0.7540510E-03   0.4323974E-04   0.0029991    
    3:Psi:(Intercept)       -2.6841430       0.7579300      -4.1696858      -1.1986001    
    4:Psi:HAiFLS_for         0.0140818       0.0100144      -0.0055465       0.0337101    
    5:Psi:Area_km2           0.0532577       0.0362236      -0.0177406       0.1242561    
    6:Psi:AvgSlope           0.0361364       0.0286797      -0.0200758       0.0923486    
    7:Psi:Cross_Cat         -1.0238827       0.8645231      -2.7183481       0.6705827    


 Real Function Parameters of { p(~effort)Psi(~HAiFLS_for + Area_km2 + AvgSlope + Cross_Cat) }

      Following estimates based on unstandardized individual covariate values:
          Variable   Value         
          ---------  ------------- 
          EFFORT1     906.23188    
          EFFORT2     834.18841    
          EFFORT3     818.18116    
          HAIFLS_FOR  26.272482    
          AREA_KM2    7.8085664    
          AVGSLOPE    12.952003    
          CROSS_CAT   0.6212393    
                                                               95% Confidence Interval
  Parameter                  Estimate       Standard Error      Lower           Upper
 --------------------------  --------------  --------------  --------------  --------------
     1:p g1 a0 t1             0.7472130       0.0710064       0.5858886       0.8606395                          
     2:p g1 a1 t2             0.7259583       0.0711429       0.5679046       0.8422569                          
     3:p g1 a2 t3             0.7210875       0.0713047       0.5633990       0.8381810                          
     4:Psi g1 a0 t1           0.1124106       0.0317171       0.0636011       0.1910363                          


                      Estimates of Derived Parameters
 Occupancy Estimates of { p(~effort)Psi(~HAiFLS_for + Area_km2 + AvgSlope + Cross_Cat) }
                                            95% Confidence Interval
 Group   Psi-hat         Standard Error      Lower           Upper
 -----   --------------  --------------  --------------  --------------
   1      0.1124106       0.0317171       0.0636011       0.1910363    

  Program  MARK  - Survival Rate Estimation with Capture-Recapture Data
   gfortran(dble) Vers. 9.0 Mar 2018     9-Dec-2019 13:22:17    Page  004
 - - - - - - - - - - - - - - - - - - - - - - - - - - - - - - - - - - - - - -
 

   CPU Time for the last procedure was 0.16 seconds.     


  INPUT --- proc stop;

     CPU Time in minutes for this job was 0.00

     Time Start = 13:22:17.763   Time End = 13:22:17.889

     Wall Clock Time in minutes for this job was 0.00


          E X E C U T I O N   S U C C E S S F U L 
