
   Program  MARK  - Survival Rate Estimation with Capture-Recapture Data
   gfortran(dble) Vers. 9.0 Mar 2018     9-Dec-2019 13:32:36    Page  001
 - - - - - - - - - - - - - - - - - - - - - - - - - - - - - - - - - - - - - -
 
   This version was compiled by GCC version 7.2.0 using the options: 
     -cpp -iprefix C:/Program Files/mingw-w64/x86_64-7.2.0-posix-seh-rt_v5-rev1/
     mingw64/bin/../lib/gcc/x86_64-w64-mingw32/7.2.0/ -D_MT -D_REENTRANT
     -U_REENTRANT -D IEEE -D DBLEPRECISION -m64 -mtune=core2 -march=nocona -mthreads
     -O2 -fimplicit-none -fbounds-check -funroll-loops -ftree-vectorize
     -ffpe-summary=invalid,zero,overflow,underflow -fno-unsafe-math-optimizations
     -frounding-math -fsignaling-nans -fopenmp.

   This problem will use 7 of 8 possible threads.


  INPUT --- proc title ;

   CPU Time for the last procedure was 0.01 seconds.     


  INPUT --- proc chmatrix occasions= 3 groups= 1 etype= Occupancy 
  INPUT --- Nodes= 101 icovar = 3 ICMeans  NoHist hist= 138 ;

  INPUT ---    time interval 1 1 1 ;

  INPUT ---     icovariates pctrock pctShade pctBrBnk ;

  INPUT ---    glabel(1)=freq1;

      Number of unique encounter histories read was 138.

      Number of individual covariates read was 3.
      Time interval lengths are all equal to 1.

      Data type number is 27
      Data type is Occupancy Estimation with Detection < 1                                                             

   CPU Time for the last procedure was 0.01 seconds.     

  Program  MARK  - Survival Rate Estimation with Capture-Recapture Data
   gfortran(dble) Vers. 9.0 Mar 2018     9-Dec-2019 13:32:36    Page  002
 - - - - - - - - - - - - - - - - - - - - - - - - - - - - - - - - - - - - - -
 


  INPUT --- proc estimate link=Logit NOLOOP varest=2ndPart    ;


  INPUT --- model={ p(~1)Psi(~pctrock + pctShade + pctBrBnk) };

  INPUT ---    group=1 p    rows=1 cols=3 Square ;
  INPUT ---        1 1 1 ;

  INPUT ---    group=1 Psi    rows=1 cols=1 Square ;
  INPUT ---        2 ;

  INPUT ---    design matrix constraints=2 covariates=5;
  INPUT ---        1 0 0 0 0;
  INPUT ---        0 1 pctrock pctShade pctBrBnk;
  INPUT ---       blabel(1)=p:(Intercept);
  INPUT ---       blabel(2)=Psi:(Intercept);
  INPUT ---       blabel(3)=Psi:pctrock;
  INPUT ---       blabel(4)=Psi:pctShade;
  INPUT ---       blabel(5)=Psi:pctBrBnk;
  INPUT ---       rlabel(1)=p g1 a0 t1;
  INPUT ---       rlabel(2)=Psi g1 a0 t1;

 Link Function Used is LOGIT        

 Variance Estimation Procedure Used is 2ndPart 
 -2logL(saturated) = 0.0000000     
 Effective Sample Size = 138

 Number of function evaluations was 16 for 5 parameters.
 Time for numerical optimization was 0.06 seconds.     
 -2logL { p(~1)Psi(~pctrock + pctShade + pctBrBnk) } = 167.97947     
 Penalty { p(~1)Psi(~pctrock + pctShade + pctBrBnk) } = 0.0000000     
 Gradient { p(~1)Psi(~pctrock + pctShade + pctBrBnk) }:
 -0.9791413E-06 -0.1732231E-05   0.000000       0.000000     -0.3427935E-06
 Maximum ABS(G) { p(~1)Psi(~pctrock + pctShade + pctBrBnk) } = 0.1732231E-05 
 S Vector { p(~1)Psi(~pctrock + pctShade + pctBrBnk) }:
   28.79357      9.671111      1.186803     0.5631530     0.2207329    
 Time to compute number of parameters was 0.02 seconds.     
 Ratio Threshold = 50.000000       Max Gap (2/3) = 8.1488780       Next Max Gap (1/2) = 2.9772762     
 Gap Method for Num. of Estimated Parameters { p(~1)Psi(~pctrock + pctShade + pctBrBnk) } = 5          
 Threshold { p(~1)Psi(~pctrock + pctShade + pctBrBnk) } = 0.3464461E-05                 
 Numerical Threshold Method for Num. of Estimated Parameters { p(~1)Psi(~pctrock + pctShade + pctBrBnk) } = 5          
 Number of Estimated Parameters { p(~1)Psi(~pctrock + pctShade + pctBrBnk) } = 5          
 DEVIANCE { p(~1)Psi(~pctrock + pctShade + pctBrBnk) } = 167.97947                     
 DEVIANCE Degrees of Freedom { p(~1)Psi(~pctrock + pctShade + pctBrBnk) } = 133            
 c-hat { p(~1)Psi(~pctrock + pctShade + pctBrBnk) } = 1.2630035                     
 AIC { p(~1)Psi(~pctrock + pctShade + pctBrBnk) } = 177.97947                  
 AICc { p(~1)Psi(~pctrock + pctShade + pctBrBnk) } = 178.43401                    
 BIC { p(~1)Psi(~pctrock + pctShade + pctBrBnk) } = 192.61574                    
 Pearson Chisquare { p(~1)Psi(~pctrock + pctShade + pctBrBnk) } = 1414.3560                  


         LOGIT Link Function Parameters of { p(~1)Psi(~pctrock + pctShade + pctBrBnk) }
                                                              95% Confidence Interval
 Parameter                    Beta         Standard Error      Lower           Upper
 -------------------------  --------------  --------------  --------------  --------------

  Program  MARK  - Survival Rate Estimation with Capture-Recapture Data
   gfortran(dble) Vers. 9.0 Mar 2018     9-Dec-2019 13:32:37    Page  003
 - - - - - - - - - - - - - - - - - - - - - - - - - - - - - - - - - - - - - -
 
    1:p:(Intercept)          0.9479810       0.3211232       0.3185795       1.5773825    
    2:Psi:(Intercept)       -1.2021879       0.9908527      -3.1442593       0.7398835    
    3:Psi:pctrock            0.0012643       0.0121354      -0.0225211       0.0250497    
    4:Psi:pctShade           0.0070806       0.0089787      -0.0105175       0.0246788    
    5:Psi:pctBrBnk          -1.4413052       0.6262438      -2.6687430      -0.2138674    


         Real Function Parameters of { p(~1)Psi(~pctrock + pctShade + pctBrBnk) }

      Following estimates based on unstandardized individual covariate values:
          Variable   Value         
          ---------  ------------- 
          PCTROCK     68.678238    
          PCTSHADE    48.614931    
          PCTBRBNK    0.8740586    
                                                               95% Confidence Interval
  Parameter                  Estimate       Standard Error      Lower           Upper
 --------------------------  --------------  --------------  --------------  --------------
     1:p g1 a0 t1             0.7207090       0.0646381       0.5789780       0.8288335                          
     2:Psi g1 a0 t1           0.1159946       0.0311072       0.0675141       0.1921159                          


                      Estimates of Derived Parameters
   Occupancy Estimates of { p(~1)Psi(~pctrock + pctShade + pctBrBnk) }
                                            95% Confidence Interval
 Group   Psi-hat         Standard Error      Lower           Upper
 -----   --------------  --------------  --------------  --------------
   1      0.1159946       0.0311072       0.0675141       0.1921159    

   CPU Time for the last procedure was 0.08 seconds.     

  Program  MARK  - Survival Rate Estimation with Capture-Recapture Data
   gfortran(dble) Vers. 9.0 Mar 2018     9-Dec-2019 13:32:37    Page  004
 - - - - - - - - - - - - - - - - - - - - - - - - - - - - - - - - - - - - - -
 


  INPUT --- proc stop;

     CPU Time in minutes for this job was 0.00

     Time Start = 13:32:36.776   Time End = 13:32:37.118

     Wall Clock Time in minutes for this job was 0.01


          E X E C U T I O N   S U C C E S S F U L 
