
   Program  MARK  - Survival Rate Estimation with Capture-Recapture Data
   gfortran(dble) Vers. 9.0 Mar 2018     6-Dec-2019 14:34:40    Page  001
 - - - - - - - - - - - - - - - - - - - - - - - - - - - - - - - - - - - - - -
 
   This version was compiled by GCC version 7.2.0 using the options: 
     -cpp -iprefix C:/Program Files/mingw-w64/x86_64-7.2.0-posix-seh-rt_v5-rev1/
     mingw64/bin/../lib/gcc/x86_64-w64-mingw32/7.2.0/ -D_MT -D_REENTRANT
     -U_REENTRANT -D IEEE -D DBLEPRECISION -m64 -mtune=core2 -march=nocona -mthreads
     -O2 -fimplicit-none -fbounds-check -funroll-loops -ftree-vectorize
     -ffpe-summary=invalid,zero,overflow,underflow -fno-unsafe-math-optimizations
     -frounding-math -fsignaling-nans -fopenmp.

   This problem will use 7 of 8 possible threads.


  INPUT --- proc title ;

   CPU Time for the last procedure was 0.01 seconds.     


  INPUT --- proc chmatrix occasions= 3 groups= 1 etype= Occupancy 
  INPUT --- Nodes= 101 icovar = 5 ICMeans  NoHist hist= 138 ;

  INPUT ---    time interval 1 1 1 ;

  INPUT ---     icovariates effort1 effort2 effort3 LWD pctBrBnk ;

  INPUT ---    glabel(1)=freq1;

      Number of unique encounter histories read was 138.

      Number of individual covariates read was 5.
      Time interval lengths are all equal to 1.

      Data type number is 27
      Data type is Occupancy Estimation with Detection < 1                                                             

   CPU Time for the last procedure was 0.02 seconds.     

  Program  MARK  - Survival Rate Estimation with Capture-Recapture Data
   gfortran(dble) Vers. 9.0 Mar 2018     6-Dec-2019 14:34:40    Page  002
 - - - - - - - - - - - - - - - - - - - - - - - - - - - - - - - - - - - - - -
 


  INPUT --- proc estimate link=Logit NOLOOP varest=2ndPart    ;


  INPUT --- model={ p(~effort)Psi(~LWD + pctBrBnk) };

  INPUT ---    group=1 p    rows=1 cols=3 Square ;
  INPUT ---        1 2 3 ;

  INPUT ---    group=1 Psi    rows=1 cols=1 Square ;
  INPUT ---        4 ;

  INPUT ---    design matrix constraints=4 covariates=5;
  INPUT ---        1 effort1 0 0 0;
  INPUT ---        1 effort2 0 0 0;
  INPUT ---        1 effort3 0 0 0;
  INPUT ---        0 0 1 LWD pctBrBnk;
  INPUT ---       blabel(1)=p:(Intercept);
  INPUT ---       blabel(2)=p:effort;
  INPUT ---       blabel(3)=Psi:(Intercept);
  INPUT ---       blabel(4)=Psi:LWD;
  INPUT ---       blabel(5)=Psi:pctBrBnk;
  INPUT ---       rlabel(1)=p g1 a0 t1;
  INPUT ---       rlabel(2)=p g1 a1 t2;
  INPUT ---       rlabel(3)=p g1 a2 t3;
  INPUT ---       rlabel(4)=Psi g1 a0 t1;

 Link Function Used is LOGIT        

 Variance Estimation Procedure Used is 2ndPart 
 -2logL(saturated) = 0.0000000     
 Effective Sample Size = 138

 Number of function evaluations was 17 for 5 parameters.
 Time for numerical optimization was 0.01 seconds.     
 -2logL { p(~effort)Psi(~LWD + pctBrBnk) } = 162.28898     
 Penalty { p(~effort)Psi(~LWD + pctBrBnk) } = 0.0000000     
 Gradient { p(~effort)Psi(~LWD + pctBrBnk) }:
  0.1943593E-05  0.3126817E-06   0.000000     -0.1517765E-05  0.3564072E-06
 Maximum ABS(G) { p(~effort)Psi(~LWD + pctBrBnk) } = 0.1943593E-05 
 S Vector { p(~effort)Psi(~LWD + pctBrBnk) }:
   16.86137      7.661515     0.7268060     0.2608412     0.1632656    
 Time to compute number of parameters was 0.09 seconds.     
 Ratio Threshold = 50.000000       Max Gap (2/3) = 10.541347       Next Max Gap (3/4) = 2.7863925     
 Gap Method for Num. of Estimated Parameters { p(~effort)Psi(~LWD + pctBrBnk) } = 5          
 Threshold { p(~effort)Psi(~LWD + pctBrBnk) } = 0.3887186E-05                 
 Numerical Threshold Method for Num. of Estimated Parameters { p(~effort)Psi(~LWD + pctBrBnk) } = 5          
 Number of Estimated Parameters { p(~effort)Psi(~LWD + pctBrBnk) } = 5          
 DEVIANCE { p(~effort)Psi(~LWD + pctBrBnk) } = 162.28898                     
 DEVIANCE Degrees of Freedom { p(~effort)Psi(~LWD + pctBrBnk) } = 133            
 c-hat { p(~effort)Psi(~LWD + pctBrBnk) } = 1.2202179                     
 AIC { p(~effort)Psi(~LWD + pctBrBnk) } = 172.28898                  
 AICc { p(~effort)Psi(~LWD + pctBrBnk) } = 172.74353                    
 BIC { p(~effort)Psi(~LWD + pctBrBnk) } = 186.92525                    
 Pearson Chisquare { p(~effort)Psi(~LWD + pctBrBnk) } = 937.60400                  

  Program  MARK  - Survival Rate Estimation with Capture-Recapture Data
   gfortran(dble) Vers. 9.0 Mar 2018     6-Dec-2019 14:34:40    Page  003
 - - - - - - - - - - - - - - - - - - - - - - - - - - - - - - - - - - - - - -
 


              LOGIT Link Function Parameters of { p(~effort)Psi(~LWD + pctBrBnk) }
                                                              95% Confidence Interval
 Parameter                    Beta         Standard Error      Lower           Upper
 -------------------------  --------------  --------------  --------------  --------------
    1:p:(Intercept)          0.9627039       0.3691183       0.2392321       1.6861757    
    2:p:effort               1.1051577       0.5349188       0.0567168       2.1535985    
    3:Psi:(Intercept)       -0.7075467       0.4852504      -1.6586374       0.2435440    
    4:Psi:LWD               -0.2566828       1.1751775      -2.5600308       2.0466651    
    5:Psi:pctBrBnk          -1.3741893       0.6056460      -2.5612554      -0.1871231    


              Real Function Parameters of { p(~effort)Psi(~LWD + pctBrBnk) }

      Following estimates based on unstandardized individual covariate values:
          Variable   Value         
          ---------  ------------- 
          EFFORT1    -0.7246373E-10
          EFFORT2    -0.1449268E-10
          EFFORT3     0.4347865E-11
          LWD         0.2273503    
          PCTBRBNK    0.8740586    
                                                               95% Confidence Interval
  Parameter                  Estimate       Standard Error      Lower           Upper
 --------------------------  --------------  --------------  --------------  --------------
     1:p g1 a0 t1             0.7236628       0.0738144       0.5595244       0.8437206                          
     2:p g1 a1 t2             0.7236628       0.0738144       0.5595244       0.8437206                          
     3:p g1 a2 t3             0.7236628       0.0738144       0.5595244       0.8437206                          
     4:Psi g1 a0 t1           0.1227087       0.0324409       0.0719125       0.2015917                          


                      Estimates of Derived Parameters
        Occupancy Estimates of { p(~effort)Psi(~LWD + pctBrBnk) }
                                            95% Confidence Interval
 Group   Psi-hat         Standard Error      Lower           Upper
 -----   --------------  --------------  --------------  --------------
   1      0.1227087       0.0324409       0.0719125       0.2015917    

   CPU Time for the last procedure was 0.09 seconds.     

  Program  MARK  - Survival Rate Estimation with Capture-Recapture Data
   gfortran(dble) Vers. 9.0 Mar 2018     6-Dec-2019 14:34:40    Page  004
 - - - - - - - - - - - - - - - - - - - - - - - - - - - - - - - - - - - - - -
 


  INPUT --- proc stop;

     CPU Time in minutes for this job was 0.00

     Time Start = 14:34:40.387   Time End = 14:34:40.765

     Wall Clock Time in minutes for this job was 0.01


          E X E C U T I O N   S U C C E S S F U L 
