
   Program  MARK  - Survival Rate Estimation with Capture-Recapture Data
   gfortran(dble) Vers. 9.0 Mar 2018    10-Dec-2019 12:34:58    Page  001
 - - - - - - - - - - - - - - - - - - - - - - - - - - - - - - - - - - - - - -
 
   This version was compiled by GCC version 7.2.0 using the options: 
     -cpp -iprefix C:/Program Files/mingw-w64/x86_64-7.2.0-posix-seh-rt_v5-rev1/
     mingw64/bin/../lib/gcc/x86_64-w64-mingw32/7.2.0/ -D_MT -D_REENTRANT
     -U_REENTRANT -D IEEE -D DBLEPRECISION -m64 -mtune=core2 -march=nocona -mthreads
     -O2 -fimplicit-none -fbounds-check -funroll-loops -ftree-vectorize
     -ffpe-summary=invalid,zero,overflow,underflow -fno-unsafe-math-optimizations
     -frounding-math -fsignaling-nans -fopenmp.

   This problem will use 7 of 8 possible threads.


  INPUT --- proc title ;

   CPU Time for the last procedure was 0.01 seconds.     


  INPUT --- proc chmatrix occasions= 3 groups= 1 etype= Occupancy 
  INPUT --- Nodes= 101 icovar = 6 ICMeans  NoHist hist= 138 ;

  INPUT ---    time interval 1 1 1 ;

  INPUT ---     icovariates effort1 effort2 effort3 pctex21 pctShade  
  INPUT ---    HAiFLS_for ;

  INPUT ---    glabel(1)=freq1;

      Number of unique encounter histories read was 138.

      Number of individual covariates read was 6.
      Time interval lengths are all equal to 1.

      Data type number is 27
      Data type is Occupancy Estimation with Detection < 1                                                             

   CPU Time for the last procedure was 0.01 seconds.     

  Program  MARK  - Survival Rate Estimation with Capture-Recapture Data
   gfortran(dble) Vers. 9.0 Mar 2018    10-Dec-2019 12:34:58    Page  002
 - - - - - - - - - - - - - - - - - - - - - - - - - - - - - - - - - - - - - -
 


  INPUT --- proc estimate link=Logit NOLOOP varest=2ndPart    ;


  INPUT --- model={ p(~effort)Psi(~pctex21 + pctShade + HAiFLS_for) };

  INPUT ---    group=1 p    rows=1 cols=3 Square ;
  INPUT ---        1 2 3 ;

  INPUT ---    group=1 Psi    rows=1 cols=1 Square ;
  INPUT ---        4 ;

  INPUT ---    design matrix constraints=4 covariates=6;
  INPUT ---        1 effort1 0 0 0 0;
  INPUT ---        1 effort2 0 0 0 0;
  INPUT ---        1 effort3 0 0 0 0;
  INPUT ---        0 0 1 pctex21 pctShade HAiFLS_for;
  INPUT ---       blabel(1)=p:(Intercept);
  INPUT ---       blabel(2)=p:effort;
  INPUT ---       blabel(3)=Psi:(Intercept);
  INPUT ---       blabel(4)=Psi:pctex21;
  INPUT ---       blabel(5)=Psi:pctShade;
  INPUT ---       blabel(6)=Psi:HAiFLS_for;
  INPUT ---       rlabel(1)=p g1 a0 t1;
  INPUT ---       rlabel(2)=p g1 a1 t2;
  INPUT ---       rlabel(3)=p g1 a2 t3;
  INPUT ---       rlabel(4)=Psi g1 a0 t1;

 Link Function Used is LOGIT        

 Variance Estimation Procedure Used is 2ndPart 
 -2logL(saturated) = 0.0000000     
 Effective Sample Size = 138

 Number of function evaluations was 23 for 6 parameters.
 Time for numerical optimization was 0.01 seconds.     
 -2logL { p(~effort)Psi(~pctex21 + pctShade + HAiFLS_for) } = 141.53385     
 Penalty { p(~effort)Psi(~pctex21 + pctShade + HAiFLS_for) } = 0.0000000     
 Gradient { p(~effort)Psi(~pctex21 + pctShade + HAiFLS_for) }:
  0.9756363E-06 -0.3075776E-06  0.1622850E-05  0.7977047E-07  0.1698142E-05
   0.000000    
 Maximum ABS(G) { p(~effort)Psi(~pctex21 + pctShade + HAiFLS_for) } = 0.1698142E-05 
 S Vector { p(~effort)Psi(~pctex21 + pctShade + HAiFLS_for) }:
   18.48932      7.564840      1.173663     0.6862862     0.1609574    
  0.1551095E-01
 Time to compute number of parameters was 0.11 seconds.     
 Ratio Threshold = 50.000000       Max Gap (5/6) = 10.377015       Next Max Gap (2/3) = 6.4454956     
 Gap Method for Num. of Estimated Parameters { p(~effort)Psi(~pctex21 + pctShade + HAiFLS_for) } = 6          
 Threshold { p(~effort)Psi(~pctex21 + pctShade + HAiFLS_for) } = 0.3396285E-05                 
 Numerical Threshold Method for Num. of Estimated Parameters { p(~effort)Psi(~pctex21 + pctShade + HAiFLS_for) } = 6          
 Number of Estimated Parameters { p(~effort)Psi(~pctex21 + pctShade + HAiFLS_for) } = 6          
 DEVIANCE { p(~effort)Psi(~pctex21 + pctShade + HAiFLS_for) } = 141.53385                     
 DEVIANCE Degrees of Freedom { p(~effort)Psi(~pctex21 + pctShade + HAiFLS_for) } = 132            
 c-hat { p(~effort)Psi(~pctex21 + pctShade + HAiFLS_for) } = 1.0722261                     
 AIC { p(~effort)Psi(~pctex21 + pctShade + HAiFLS_for) } = 153.53385                  
 AICc { p(~effort)Psi(~pctex21 + pctShade + HAiFLS_for) } = 154.17507                    
 BIC { p(~effort)Psi(~pctex21 + pctShade + HAiFLS_for) } = 171.09737                    
 Pearson Chisquare { p(~effort)Psi(~pctex21 + pctShade + HAiFLS_for) } = 542.38021                  

  Program  MARK  - Survival Rate Estimation with Capture-Recapture Data
   gfortran(dble) Vers. 9.0 Mar 2018    10-Dec-2019 12:34:58    Page  003
 - - - - - - - - - - - - - - - - - - - - - - - - - - - - - - - - - - - - - -
 


     LOGIT Link Function Parameters of { p(~effort)Psi(~pctex21 + pctShade + HAiFLS_for) }
                                                              95% Confidence Interval
 Parameter                    Beta         Standard Error      Lower           Upper
 -------------------------  --------------  --------------  --------------  --------------
    1:p:(Intercept)          0.9549792       0.3700909       0.2296011       1.6803573    
    2:p:effort               1.1270934       0.5401555       0.0683886       2.1857983    
    3:Psi:(Intercept)       -1.3506167       0.5699113      -2.4676428      -0.2335905    
    4:Psi:pctex21           -0.7397996       0.2590703      -1.2475775      -0.2320218    
    5:Psi:pctShade          -0.0012394       0.0099251      -0.0206927       0.0182139    
    6:Psi:HAiFLS_for         0.0226563       0.0107912       0.0015056       0.0438070    


     Real Function Parameters of { p(~effort)Psi(~pctex21 + pctShade + HAiFLS_for) }

      Following estimates based on unstandardized individual covariate values:
          Variable   Value         
          ---------  ------------- 
          EFFORT1    -0.7246373E-10
          EFFORT2    -0.1449268E-10
          EFFORT3     0.4347865E-11
          PCTEX21     4.8306834    
          PCTSHADE    48.614931    
          HAIFLS_FOR  26.272482    
                                                               95% Confidence Interval
  Parameter                  Estimate       Standard Error      Lower           Upper
 --------------------------  --------------  --------------  --------------  --------------
     1:p g1 a0 t1             0.7221154       0.0742642       0.5571494       0.8429518                          
     2:p g1 a1 t2             0.7221154       0.0742642       0.5571494       0.8429518                          
     3:p g1 a2 t3             0.7221154       0.0742642       0.5571494       0.8429518                          
     4:Psi g1 a0 t1           0.0122564       0.0138469       0.0013169       0.1045592                          


                      Estimates of Derived Parameters
 Occupancy Estimates of { p(~effort)Psi(~pctex21 + pctShade + HAiFLS_for) }
                                            95% Confidence Interval
 Group   Psi-hat         Standard Error      Lower           Upper
 -----   --------------  --------------  --------------  --------------
   1      0.0122564       0.0138469       0.0013169       0.1045592    

   CPU Time for the last procedure was 0.11 seconds.     

  Program  MARK  - Survival Rate Estimation with Capture-Recapture Data
   gfortran(dble) Vers. 9.0 Mar 2018    10-Dec-2019 12:34:58    Page  004
 - - - - - - - - - - - - - - - - - - - - - - - - - - - - - - - - - - - - - -
 


  INPUT --- proc stop;

     CPU Time in minutes for this job was 0.00

     Time Start = 12:34:58.728   Time End = 12:34:58.919

     Wall Clock Time in minutes for this job was 0.00


          E X E C U T I O N   S U C C E S S F U L 
