
   Program  MARK  - Survival Rate Estimation with Capture-Recapture Data
   gfortran(dble) Vers. 9.0 Mar 2018    10-Dec-2019 12:34:34    Page  001
 - - - - - - - - - - - - - - - - - - - - - - - - - - - - - - - - - - - - - -
 
   This version was compiled by GCC version 7.2.0 using the options: 
     -cpp -iprefix C:/Program Files/mingw-w64/x86_64-7.2.0-posix-seh-rt_v5-rev1/
     mingw64/bin/../lib/gcc/x86_64-w64-mingw32/7.2.0/ -D_MT -D_REENTRANT
     -U_REENTRANT -D IEEE -D DBLEPRECISION -m64 -mtune=core2 -march=nocona -mthreads
     -O2 -fimplicit-none -fbounds-check -funroll-loops -ftree-vectorize
     -ffpe-summary=invalid,zero,overflow,underflow -fno-unsafe-math-optimizations
     -frounding-math -fsignaling-nans -fopenmp.

   This problem will use 7 of 8 possible threads.


  INPUT --- proc title ;

   CPU Time for the last procedure was 0.01 seconds.     


  INPUT --- proc chmatrix occasions= 3 groups= 1 etype= Occupancy 
  INPUT --- Nodes= 101 icovar = 4 ICMeans  NoHist hist= 138 ;

  INPUT ---    time interval 1 1 1 ;

  INPUT ---     icovariates effort1 effort2 effort3 HAiFLS_for ;

  INPUT ---    glabel(1)=freq1;

      Number of unique encounter histories read was 138.

      Number of individual covariates read was 4.
      Time interval lengths are all equal to 1.

      Data type number is 27
      Data type is Occupancy Estimation with Detection < 1                                                             

   CPU Time for the last procedure was 0.01 seconds.     

  Program  MARK  - Survival Rate Estimation with Capture-Recapture Data
   gfortran(dble) Vers. 9.0 Mar 2018    10-Dec-2019 12:34:34    Page  002
 - - - - - - - - - - - - - - - - - - - - - - - - - - - - - - - - - - - - - -
 


  INPUT --- proc estimate link=Logit NOLOOP varest=2ndPart    ;


  INPUT --- model={ p(~effort)Psi(~HAiFLS_for) };

  INPUT ---    group=1 p    rows=1 cols=3 Square ;
  INPUT ---        1 2 3 ;

  INPUT ---    group=1 Psi    rows=1 cols=1 Square ;
  INPUT ---        4 ;

  INPUT ---    design matrix constraints=4 covariates=4;
  INPUT ---        1 effort1 0 0;
  INPUT ---        1 effort2 0 0;
  INPUT ---        1 effort3 0 0;
  INPUT ---        0 0 1 HAiFLS_for;
  INPUT ---       blabel(1)=p:(Intercept);
  INPUT ---       blabel(2)=p:effort;
  INPUT ---       blabel(3)=Psi:(Intercept);
  INPUT ---       blabel(4)=Psi:HAiFLS_for;
  INPUT ---       rlabel(1)=p g1 a0 t1;
  INPUT ---       rlabel(2)=p g1 a1 t2;
  INPUT ---       rlabel(3)=p g1 a2 t3;
  INPUT ---       rlabel(4)=Psi g1 a0 t1;

 Link Function Used is LOGIT        

 Variance Estimation Procedure Used is 2ndPart 
 -2logL(saturated) = 0.0000000     
 Effective Sample Size = 138

 Number of function evaluations was 16 for 4 parameters.
 Time for numerical optimization was 0.05 seconds.     
 -2logL { p(~effort)Psi(~HAiFLS_for) } = 163.87063     
 Penalty { p(~effort)Psi(~HAiFLS_for) } = 0.0000000     
 Gradient { p(~effort)Psi(~HAiFLS_for) }:
   0.000000     -0.3265161E-06  0.5629030E-06 -0.6549077E-06
 Maximum ABS(G) { p(~effort)Psi(~HAiFLS_for) } = 0.6549077E-06 
 S Vector { p(~effort)Psi(~HAiFLS_for) }:
   17.98311      8.015794      1.330604     0.1763454    
 Time to compute number of parameters was 0.01 seconds.     
 Ratio Threshold = 50.000000       Max Gap (3/4) = 7.5454394       Next Max Gap (2/3) = 6.0241789     
 Gap Method for Num. of Estimated Parameters { p(~effort)Psi(~HAiFLS_for) } = 4          
 Threshold { p(~effort)Psi(~HAiFLS_for) } = 0.1309815E-05                 
 Numerical Threshold Method for Num. of Estimated Parameters { p(~effort)Psi(~HAiFLS_for) } = 4          
 Number of Estimated Parameters { p(~effort)Psi(~HAiFLS_for) } = 4          
 DEVIANCE { p(~effort)Psi(~HAiFLS_for) } = 163.87063                     
 DEVIANCE Degrees of Freedom { p(~effort)Psi(~HAiFLS_for) } = 134            
 c-hat { p(~effort)Psi(~HAiFLS_for) } = 1.2229152                     
 AIC { p(~effort)Psi(~HAiFLS_for) } = 171.87063                  
 AICc { p(~effort)Psi(~HAiFLS_for) } = 172.17138                    
 BIC { p(~effort)Psi(~HAiFLS_for) } = 183.57965                    
 Pearson Chisquare { p(~effort)Psi(~HAiFLS_for) } = 898.74864                  

  Program  MARK  - Survival Rate Estimation with Capture-Recapture Data
   gfortran(dble) Vers. 9.0 Mar 2018    10-Dec-2019 12:34:34    Page  003
 - - - - - - - - - - - - - - - - - - - - - - - - - - - - - - - - - - - - - -
 


                LOGIT Link Function Parameters of { p(~effort)Psi(~HAiFLS_for) }
                                                              95% Confidence Interval
 Parameter                    Beta         Standard Error      Lower           Upper
 -------------------------  --------------  --------------  --------------  --------------
    1:p:(Intercept)          0.9816207       0.3650089       0.2662033       1.6970381    
    2:p:effort               1.0491509       0.5155214       0.0387289       2.0595729    
    3:Psi:(Intercept)       -2.3884145       0.3968654      -3.1662706      -1.6105584    
    4:Psi:HAiFLS_for         0.0191467       0.0080863       0.0032975       0.0349958    


                Real Function Parameters of { p(~effort)Psi(~HAiFLS_for) }

      Following estimates based on unstandardized individual covariate values:
          Variable   Value         
          ---------  ------------- 
          EFFORT1    -0.7246373E-10
          EFFORT2    -0.1449268E-10
          EFFORT3     0.4347865E-11
          HAIFLS_FOR  26.272482    
                                                               95% Confidence Interval
  Parameter                  Estimate       Standard Error      Lower           Upper
 --------------------------  --------------  --------------  --------------  --------------
     1:p g1 a0 t1             0.7274297       0.0723724       0.5661606       0.8451475                          
     2:p g1 a1 t2             0.7274297       0.0723724       0.5661606       0.8451475                          
     3:p g1 a2 t3             0.7274297       0.0723724       0.5661606       0.8451475                          
     4:Psi g1 a0 t1           0.1317716       0.0313093       0.0815279       0.2060335                          


                      Estimates of Derived Parameters
          Occupancy Estimates of { p(~effort)Psi(~HAiFLS_for) }
                                            95% Confidence Interval
 Group   Psi-hat         Standard Error      Lower           Upper
 -----   --------------  --------------  --------------  --------------
   1      0.1317716       0.0313093       0.0815279       0.2060335    

   CPU Time for the last procedure was 0.05 seconds.     

  Program  MARK  - Survival Rate Estimation with Capture-Recapture Data
   gfortran(dble) Vers. 9.0 Mar 2018    10-Dec-2019 12:34:34    Page  004
 - - - - - - - - - - - - - - - - - - - - - - - - - - - - - - - - - - - - - -
 


  INPUT --- proc stop;

     CPU Time in minutes for this job was 0.00

     Time Start = 12:34:34.475   Time End = 12:34:34.655

     Wall Clock Time in minutes for this job was 0.00


          E X E C U T I O N   S U C C E S S F U L 
