
   Program  MARK  - Survival Rate Estimation with Capture-Recapture Data
   gfortran(dble) Vers. 9.0 Mar 2018     9-Dec-2019 13:32:23    Page  001
 - - - - - - - - - - - - - - - - - - - - - - - - - - - - - - - - - - - - - -
 
   This version was compiled by GCC version 7.2.0 using the options: 
     -cpp -iprefix C:/Program Files/mingw-w64/x86_64-7.2.0-posix-seh-rt_v5-rev1/
     mingw64/bin/../lib/gcc/x86_64-w64-mingw32/7.2.0/ -D_MT -D_REENTRANT
     -U_REENTRANT -D IEEE -D DBLEPRECISION -m64 -mtune=core2 -march=nocona -mthreads
     -O2 -fimplicit-none -fbounds-check -funroll-loops -ftree-vectorize
     -ffpe-summary=invalid,zero,overflow,underflow -fno-unsafe-math-optimizations
     -frounding-math -fsignaling-nans -fopenmp.

   This problem will use 7 of 8 possible threads.


  INPUT --- proc title ;

   CPU Time for the last procedure was 0.01 seconds.     


  INPUT --- proc chmatrix occasions= 3 groups= 1 etype= Occupancy 
  INPUT --- Nodes= 101 icovar = 5 ICMeans  NoHist hist= 138 ;

  INPUT ---    time interval 1 1 1 ;

  INPUT ---     icovariates effort1 effort2 effort3 pctBrBnk pctShade ;

  INPUT ---    glabel(1)=freq1;

      Number of unique encounter histories read was 138.

      Number of individual covariates read was 5.
      Time interval lengths are all equal to 1.

      Data type number is 27
      Data type is Occupancy Estimation with Detection < 1                                                             

   CPU Time for the last procedure was 0.01 seconds.     

  Program  MARK  - Survival Rate Estimation with Capture-Recapture Data
   gfortran(dble) Vers. 9.0 Mar 2018     9-Dec-2019 13:32:23    Page  002
 - - - - - - - - - - - - - - - - - - - - - - - - - - - - - - - - - - - - - -
 


  INPUT --- proc estimate link=Logit NOLOOP varest=2ndPart    ;


  INPUT --- model={ p(~effort)Psi(~pctBrBnk + pctShade) };

  INPUT ---    group=1 p    rows=1 cols=3 Square ;
  INPUT ---        1 2 3 ;

  INPUT ---    group=1 Psi    rows=1 cols=1 Square ;
  INPUT ---        4 ;

  INPUT ---    design matrix constraints=4 covariates=5;
  INPUT ---        1 effort1 0 0 0;
  INPUT ---        1 effort2 0 0 0;
  INPUT ---        1 effort3 0 0 0;
  INPUT ---        0 0 1 pctBrBnk pctShade;
  INPUT ---       blabel(1)=p:(Intercept);
  INPUT ---       blabel(2)=p:effort;
  INPUT ---       blabel(3)=Psi:(Intercept);
  INPUT ---       blabel(4)=Psi:pctBrBnk;
  INPUT ---       blabel(5)=Psi:pctShade;
  INPUT ---       rlabel(1)=p g1 a0 t1;
  INPUT ---       rlabel(2)=p g1 a1 t2;
  INPUT ---       rlabel(3)=p g1 a2 t3;
  INPUT ---       rlabel(4)=Psi g1 a0 t1;

 Link Function Used is LOGIT        

 Variance Estimation Procedure Used is 2ndPart 
 -2logL(saturated) = 0.0000000     
 Effective Sample Size = 138

 Number of function evaluations was 17 for 5 parameters.
 Time for numerical optimization was 0.08 seconds.     
 -2logL { p(~effort)Psi(~pctBrBnk + pctShade) } = 161.49669     
 Penalty { p(~effort)Psi(~pctBrBnk + pctShade) } = 0.0000000     
 Gradient { p(~effort)Psi(~pctBrBnk + pctShade) }:
  0.1327515E-05  0.5038430E-06  0.1867658E-05  0.3322278E-06  0.1103668E-05
 Maximum ABS(G) { p(~effort)Psi(~pctBrBnk + pctShade) } = 0.1867658E-05 
 S Vector { p(~effort)Psi(~pctBrBnk + pctShade) }:
   20.33693      8.040313      1.136212     0.2541325     0.9659882E-01
 Time to compute number of parameters was 0.01 seconds.     
 Ratio Threshold = 50.000000       Max Gap (2/3) = 7.0764204       Next Max Gap (3/4) = 4.4709424     
 Gap Method for Num. of Estimated Parameters { p(~effort)Psi(~pctBrBnk + pctShade) } = 5          
 Threshold { p(~effort)Psi(~pctBrBnk + pctShade) } = 0.3735315E-05                 
 Numerical Threshold Method for Num. of Estimated Parameters { p(~effort)Psi(~pctBrBnk + pctShade) } = 5          
 Number of Estimated Parameters { p(~effort)Psi(~pctBrBnk + pctShade) } = 5          
 DEVIANCE { p(~effort)Psi(~pctBrBnk + pctShade) } = 161.49669                     
 DEVIANCE Degrees of Freedom { p(~effort)Psi(~pctBrBnk + pctShade) } = 133            
 c-hat { p(~effort)Psi(~pctBrBnk + pctShade) } = 1.2142608                     
 AIC { p(~effort)Psi(~pctBrBnk + pctShade) } = 171.49669                  
 AICc { p(~effort)Psi(~pctBrBnk + pctShade) } = 171.95123                    
 BIC { p(~effort)Psi(~pctBrBnk + pctShade) } = 186.13296                    
 Pearson Chisquare { p(~effort)Psi(~pctBrBnk + pctShade) } = 981.51329                  

  Program  MARK  - Survival Rate Estimation with Capture-Recapture Data
   gfortran(dble) Vers. 9.0 Mar 2018     9-Dec-2019 13:32:23    Page  003
 - - - - - - - - - - - - - - - - - - - - - - - - - - - - - - - - - - - - - -
 


           LOGIT Link Function Parameters of { p(~effort)Psi(~pctBrBnk + pctShade) }
                                                              95% Confidence Interval
 Parameter                    Beta         Standard Error      Lower           Upper
 -------------------------  --------------  --------------  --------------  --------------
    1:p:(Intercept)         -0.4367812       0.6802457      -1.7700627       0.8965004    
    2:p:effort               0.0016477       0.7929501E-03   0.9356150E-04   0.0032019    
    3:Psi:(Intercept)       -1.0425034       0.5801212      -2.1795411       0.0945343    
    4:Psi:pctBrBnk          -1.4971852       0.6176425      -2.7077644      -0.2866059    
    5:Psi:pctShade           0.0073259       0.0085126      -0.0093589       0.0240107    


           Real Function Parameters of { p(~effort)Psi(~pctBrBnk + pctShade) }

      Following estimates based on unstandardized individual covariate values:
          Variable   Value         
          ---------  ------------- 
          EFFORT1     906.23188    
          EFFORT2     834.18841    
          EFFORT3     818.18116    
          PCTBRBNK    0.8740586    
          PCTSHADE    48.614931    
                                                               95% Confidence Interval
  Parameter                  Estimate       Standard Error      Lower           Upper
 --------------------------  --------------  --------------  --------------  --------------
     1:p g1 a0 t1             0.7420128       0.0731327       0.5763164       0.8587860                          
     2:p g1 a1 t2             0.7186444       0.0738345       0.5552788       0.8393598                          
     3:p g1 a2 t3             0.7132808       0.0741425       0.5500327       0.8350626                          
     4:Psi g1 a0 t1           0.1197307       0.0324386       0.0692522       0.1991314                          


                      Estimates of Derived Parameters
      Occupancy Estimates of { p(~effort)Psi(~pctBrBnk + pctShade) }
                                            95% Confidence Interval
 Group   Psi-hat         Standard Error      Lower           Upper
 -----   --------------  --------------  --------------  --------------
   1      0.1197307       0.0324386       0.0692522       0.1991314    

   CPU Time for the last procedure was 0.08 seconds.     

  Program  MARK  - Survival Rate Estimation with Capture-Recapture Data
   gfortran(dble) Vers. 9.0 Mar 2018     9-Dec-2019 13:32:23    Page  004
 - - - - - - - - - - - - - - - - - - - - - - - - - - - - - - - - - - - - - -
 


  INPUT --- proc stop;

     CPU Time in minutes for this job was 0.00

     Time Start = 13:32:23.394   Time End = 13:32:23.725

     Wall Clock Time in minutes for this job was 0.01


          E X E C U T I O N   S U C C E S S F U L 
