
   Program  MARK  - Survival Rate Estimation with Capture-Recapture Data
   gfortran(dble) Vers. 9.0 Mar 2018     9-Dec-2019 13:22:01    Page  001
 - - - - - - - - - - - - - - - - - - - - - - - - - - - - - - - - - - - - - -
 
   This version was compiled by GCC version 7.2.0 using the options: 
     -cpp -iprefix C:/Program Files/mingw-w64/x86_64-7.2.0-posix-seh-rt_v5-rev1/
     mingw64/bin/../lib/gcc/x86_64-w64-mingw32/7.2.0/ -D_MT -D_REENTRANT
     -U_REENTRANT -D IEEE -D DBLEPRECISION -m64 -mtune=core2 -march=nocona -mthreads
     -O2 -fimplicit-none -fbounds-check -funroll-loops -ftree-vectorize
     -ffpe-summary=invalid,zero,overflow,underflow -fno-unsafe-math-optimizations
     -frounding-math -fsignaling-nans -fopenmp.

   This problem will use 7 of 8 possible threads.


  INPUT --- proc title ;

   CPU Time for the last procedure was 0.01 seconds.     


  INPUT --- proc chmatrix occasions= 3 groups= 1 etype= Occupancy 
  INPUT --- Nodes= 101 icovar = 5 ICMeans  NoHist hist= 138 ;

  INPUT ---    time interval 1 1 1 ;

  INPUT ---     icovariates HAiFLS_for Area_km2 AvgSlope EFac_Cat  
  INPUT ---    Cross_Cat ;

  INPUT ---    glabel(1)=freq1;

      Number of unique encounter histories read was 138.

      Number of individual covariates read was 5.
      Time interval lengths are all equal to 1.

      Data type number is 27
      Data type is Occupancy Estimation with Detection < 1                                                             

   CPU Time for the last procedure was 0.01 seconds.     

  Program  MARK  - Survival Rate Estimation with Capture-Recapture Data
   gfortran(dble) Vers. 9.0 Mar 2018     9-Dec-2019 13:22:01    Page  002
 - - - - - - - - - - - - - - - - - - - - - - - - - - - - - - - - - - - - - -
 


  INPUT --- proc estimate link=Logit NOLOOP varest=2ndPart    ;


  INPUT --- model={ p(~1)Psi(~HAiFLS_for + Area_km2 + AvgSlope + 
  INPUT --- EFac_Cat + Cross_Cat) };

  INPUT ---    group=1 p    rows=1 cols=3 Square ;
  INPUT ---        1 1 1 ;

  INPUT ---    group=1 Psi    rows=1 cols=1 Square ;
  INPUT ---        2 ;

  INPUT ---    design matrix constraints=2 covariates=7;
  INPUT ---        1 0 0 0 0 0 0;
  INPUT ---        0 1 HAiFLS_for Area_km2 AvgSlope EFac_Cat Cross_Cat;
  INPUT ---       blabel(1)=p:(Intercept);
  INPUT ---       blabel(2)=Psi:(Intercept);
  INPUT ---       blabel(3)=Psi:HAiFLS_for;
  INPUT ---       blabel(4)=Psi:Area_km2;
  INPUT ---       blabel(5)=Psi:AvgSlope;
  INPUT ---       blabel(6)=Psi:EFac_Cat;
  INPUT ---       blabel(7)=Psi:Cross_Cat;
  INPUT ---       rlabel(1)=p g1 a0 t1;
  INPUT ---       rlabel(2)=Psi g1 a0 t1;

 Link Function Used is LOGIT        

 Variance Estimation Procedure Used is 2ndPart 
 -2logL(saturated) = 0.0000000     
 Effective Sample Size = 138

 Number of function evaluations was 19 for 7 parameters.
 Time for numerical optimization was 0.02 seconds.     
 -2logL { p(~1)Psi(~HAiFLS_for + Area_km2 + AvgSlope + EFac_Cat + Cross_Cat) } = 164.74577     
 Penalty { p(~1)Psi(~HAiFLS_for + Area_km2 + AvgSlope + EFac_Cat + Cross_Cat) } = 0.0000000     
 Gradient { p(~1)Psi(~HAiFLS_for + Area_km2 + AvgSlope + EFac_Cat + Cross_Cat) }:
 -0.9793763E-06 -0.5023766E-06  0.7858491E-06 -0.4932604E-06   0.000000    
 -0.1205586E-05   0.000000    
 Maximum ABS(G) { p(~1)Psi(~HAiFLS_for + Area_km2 + AvgSlope + EFac_Cat + Cross_Cat) } = 0.1205586E-05 
 S Vector { p(~1)Psi(~HAiFLS_for + Area_km2 + AvgSlope + EFac_Cat + Cross_Cat) }:
   18.78852      9.627269      1.365980     0.4336496     0.3223078    
  0.2779824     0.2692726E-01
 Time to compute number of parameters was 0.03 seconds.     
 Ratio Threshold = 50.000000       Max Gap (6/7) = 10.323458       Next Max Gap (2/3) = 7.0478838     
 Gap Method for Num. of Estimated Parameters { p(~1)Psi(~HAiFLS_for + Area_km2 + AvgSlope + EFac_Cat + Cross_Cat) } = 7          
 Threshold { p(~1)Psi(~HAiFLS_for + Area_km2 + AvgSlope + EFac_Cat + Cross_Cat) } = 0.2411172E-05                 
 Numerical Threshold Method for Num. of Estimated Parameters { p(~1)Psi(~HAiFLS_for + Area_km2 + AvgSlope + EFac_Cat + Cross_Cat) } = 7          
 Number of Estimated Parameters { p(~1)Psi(~HAiFLS_for + Area_km2 + AvgSlope + EFac_Cat + Cross_Cat) } = 7          
 DEVIANCE { p(~1)Psi(~HAiFLS_for + Area_km2 + AvgSlope + EFac_Cat + Cross_Cat) } = 164.74577                     
 DEVIANCE Degrees of Freedom { p(~1)Psi(~HAiFLS_for + Area_km2 + AvgSlope + EFac_Cat + Cross_Cat) } = 131            
 c-hat { p(~1)Psi(~HAiFLS_for + Area_km2 + AvgSlope + EFac_Cat + Cross_Cat) } = 1.2576013                     
 AIC { p(~1)Psi(~HAiFLS_for + Area_km2 + AvgSlope + EFac_Cat + Cross_Cat) } = 178.74577                  
 AICc { p(~1)Psi(~HAiFLS_for + Area_km2 + AvgSlope + EFac_Cat + Cross_Cat) } = 179.60731                    
 BIC { p(~1)Psi(~HAiFLS_for + Area_km2 + AvgSlope + EFac_Cat + Cross_Cat) } = 199.23655                    
 Pearson Chisquare { p(~1)Psi(~HAiFLS_for + Area_km2 + AvgSlope + EFac_Cat + Cross_Cat) } = 1002.7146                  

  Program  MARK  - Survival Rate Estimation with Capture-Recapture Data
   gfortran(dble) Vers. 9.0 Mar 2018     9-Dec-2019 13:22:01    Page  003
 - - - - - - - - - - - - - - - - - - - - - - - - - - - - - - - - - - - - - -
 


 LOGIT Link Function Parameters of { p(~1)Psi(~HAiFLS_for + Area_km2 + AvgSlope + EFac_Cat + Cross_Cat) }
                                                              95% Confidence Interval
 Parameter                    Beta         Standard Error      Lower           Upper
 -------------------------  --------------  --------------  --------------  --------------
    1:p:(Intercept)          0.9475135       0.3212965       0.3177725       1.5772546    
    2:Psi:(Intercept)       -2.7966507       0.7872269      -4.3396155      -1.2536859    
    3:Psi:HAiFLS_for         0.0142881       0.0100383      -0.0053869       0.0339631    
    4:Psi:Area_km2           0.0563345       0.0364093      -0.0150277       0.1276967    
    5:Psi:AvgSlope           0.0366469       0.0285633      -0.0193372       0.0926309    
    6:Psi:EFac_Cat           0.5554974       1.7311976      -2.8376500       3.9486448    
    7:Psi:Cross_Cat         -1.0176165       0.8665197      -2.7159952       0.6807622    


 Real Function Parameters of { p(~1)Psi(~HAiFLS_for + Area_km2 + AvgSlope + EFac_Cat + Cross_Cat) }

      Following estimates based on unstandardized individual covariate values:
          Variable   Value         
          ---------  ------------- 
          HAIFLS_FOR  26.272482    
          AREA_KM2    7.8085664    
          AVGSLOPE    12.952003    
          EFAC_CAT    0.0880592    
          CROSS_CAT   0.6212393    
                                                               95% Confidence Interval
  Parameter                  Estimate       Standard Error      Lower           Upper
 --------------------------  --------------  --------------  --------------  --------------
     1:p g1 a0 t1             0.7206149       0.0646863       0.5787813       0.8288153                          
     2:Psi g1 a0 t1           0.1100735       0.0309198       0.0624646       0.1867412                          


                      Estimates of Derived Parameters
 Occupancy Estimates of { p(~1)Psi(~HAiFLS_for + Area_km2 + AvgSlope + EFac_Cat + Cross_Cat) }
                                            95% Confidence Interval
 Group   Psi-hat         Standard Error      Lower           Upper
 -----   --------------  --------------  --------------  --------------
   1      0.1100735       0.0309198       0.0624646       0.1867412    

   CPU Time for the last procedure was 0.06 seconds.     

  Program  MARK  - Survival Rate Estimation with Capture-Recapture Data
   gfortran(dble) Vers. 9.0 Mar 2018     9-Dec-2019 13:22:01    Page  004
 - - - - - - - - - - - - - - - - - - - - - - - - - - - - - - - - - - - - - -
 


  INPUT --- proc stop;

     CPU Time in minutes for this job was 0.00

     Time Start = 13:22:01.309   Time End = 13:22:01.666

     Wall Clock Time in minutes for this job was 0.01


          E X E C U T I O N   S U C C E S S F U L 
