
   Program  MARK  - Survival Rate Estimation with Capture-Recapture Data
   gfortran(dble) Vers. 9.0 Mar 2018     6-Dec-2019 14:34:45    Page  001
 - - - - - - - - - - - - - - - - - - - - - - - - - - - - - - - - - - - - - -
 
   This version was compiled by GCC version 7.2.0 using the options: 
     -cpp -iprefix C:/Program Files/mingw-w64/x86_64-7.2.0-posix-seh-rt_v5-rev1/
     mingw64/bin/../lib/gcc/x86_64-w64-mingw32/7.2.0/ -D_MT -D_REENTRANT
     -U_REENTRANT -D IEEE -D DBLEPRECISION -m64 -mtune=core2 -march=nocona -mthreads
     -O2 -fimplicit-none -fbounds-check -funroll-loops -ftree-vectorize
     -ffpe-summary=invalid,zero,overflow,underflow -fno-unsafe-math-optimizations
     -frounding-math -fsignaling-nans -fopenmp.

   This problem will use 7 of 8 possible threads.


  INPUT --- proc title ;

   CPU Time for the last procedure was 0.01 seconds.     


  INPUT --- proc chmatrix occasions= 3 groups= 1 etype= Occupancy 
  INPUT --- Nodes= 101 icovar = 8 ICMeans  NoHist hist= 138 ;

  INPUT ---    time interval 1 1 1 ;

  INPUT ---     icovariates effort1 effort2 effort3 pctpool pctrock  
  INPUT ---    BRT_100m LWD pctBrBnk ;

  INPUT ---    glabel(1)=freq1;

      Number of unique encounter histories read was 138.

      Number of individual covariates read was 8.
      Time interval lengths are all equal to 1.

      Data type number is 27
      Data type is Occupancy Estimation with Detection < 1                                                             

   CPU Time for the last procedure was 0.02 seconds.     

  Program  MARK  - Survival Rate Estimation with Capture-Recapture Data
   gfortran(dble) Vers. 9.0 Mar 2018     6-Dec-2019 14:34:45    Page  002
 - - - - - - - - - - - - - - - - - - - - - - - - - - - - - - - - - - - - - -
 


  INPUT --- proc estimate link=Logit NOLOOP varest=2ndPart    ;


  INPUT --- model={ p(~effort)Psi(~pctpool + pctrock + BRT_100m + LWD + 
  INPUT --- pctBrBnk) };

  INPUT ---    group=1 p    rows=1 cols=3 Square ;
  INPUT ---        1 2 3 ;

  INPUT ---    group=1 Psi    rows=1 cols=1 Square ;
  INPUT ---        4 ;

  INPUT ---    design matrix constraints=4 covariates=8;
  INPUT ---        1 effort1 0 0 0 0 0 0;
  INPUT ---        1 effort2 0 0 0 0 0 0;
  INPUT ---        1 effort3 0 0 0 0 0 0;
  INPUT ---        0 0 1 pctpool pctrock BRT_100m LWD pctBrBnk;
  INPUT ---       blabel(1)=p:(Intercept);
  INPUT ---       blabel(2)=p:effort;
  INPUT ---       blabel(3)=Psi:(Intercept);
  INPUT ---       blabel(4)=Psi:pctpool;
  INPUT ---       blabel(5)=Psi:pctrock;
  INPUT ---       blabel(6)=Psi:BRT_100m;
  INPUT ---       blabel(7)=Psi:LWD;
  INPUT ---       blabel(8)=Psi:pctBrBnk;
  INPUT ---       rlabel(1)=p g1 a0 t1;
  INPUT ---       rlabel(2)=p g1 a1 t2;
  INPUT ---       rlabel(3)=p g1 a2 t3;
  INPUT ---       rlabel(4)=Psi g1 a0 t1;

 Link Function Used is LOGIT        

 Variance Estimation Procedure Used is 2ndPart 
 -2logL(saturated) = 0.0000000     
 Effective Sample Size = 138

 Number of function evaluations was 20 for 8 parameters.
 Time for numerical optimization was 0.09 seconds.     
 -2logL { p(~effort)Psi(~pctpool + pctrock + BRT_100m + LWD + pctBrBnk) } = 156.54211     
 Penalty { p(~effort)Psi(~pctpool + pctrock + BRT_100m + LWD + pctBrBnk) } = 0.0000000     
 Gradient { p(~effort)Psi(~pctpool + pctrock + BRT_100m + LWD + pctBrBnk) }:
  0.9563671E-06   0.000000     -0.1211256E-05   0.000000     -0.1119564E-05
   0.000000     -0.1267751E-05 -0.3696468E-06
 Maximum ABS(G) { p(~effort)Psi(~pctpool + pctrock + BRT_100m + LWD + pctBrBnk) } = 0.1267751E-05 

  Program  MARK  - Survival Rate Estimation with Capture-Recapture Data
   gfortran(dble) Vers. 9.0 Mar 2018     6-Dec-2019 14:34:45    Page  003
 - - - - - - - - - - - - - - - - - - - - - - - - - - - - - - - - - - - - - -
 
 S Vector { p(~effort)Psi(~pctpool + pctrock + BRT_100m + LWD + pctBrBnk) }:
   25.82868      8.305005      1.197199     0.5976861     0.4693512    
  0.2358174     0.2197715     0.1746897    
 Time to compute number of parameters was 0.01 seconds.     
 Ratio Threshold = 50.000000       Max Gap (2/3) = 6.9370310       Next Max Gap (1/2) = 3.1100131     
 Gap Method for Num. of Estimated Parameters { p(~effort)Psi(~pctpool + pctrock + BRT_100m + LWD + pctBrBnk) } = 8          
 Threshold { p(~effort)Psi(~pctpool + pctrock + BRT_100m + LWD + pctBrBnk) } = 0.2535502E-05                 
 Numerical Threshold Method for Num. of Estimated Parameters { p(~effort)Psi(~pctpool + pctrock + BRT_100m + LWD + pctBrBnk) } = 8          
 Number of Estimated Parameters { p(~effort)Psi(~pctpool + pctrock + BRT_100m + LWD + pctBrBnk) } = 8          
 DEVIANCE { p(~effort)Psi(~pctpool + pctrock + BRT_100m + LWD + pctBrBnk) } = 156.54211                     
 DEVIANCE Degrees of Freedom { p(~effort)Psi(~pctpool + pctrock + BRT_100m + LWD + pctBrBnk) } = 130            
 c-hat { p(~effort)Psi(~pctpool + pctrock + BRT_100m + LWD + pctBrBnk) } = 1.2041701                     
 AIC { p(~effort)Psi(~pctpool + pctrock + BRT_100m + LWD + pctBrBnk) } = 172.54211                  
 AICc { p(~effort)Psi(~pctpool + pctrock + BRT_100m + LWD + pctBrBnk) } = 173.65839                    
 BIC { p(~effort)Psi(~pctpool + pctrock + BRT_100m + LWD + pctBrBnk) } = 195.96014                    
 Pearson Chisquare { p(~effort)Psi(~pctpool + pctrock + BRT_100m + LWD + pctBrBnk) } = 855.53346                  


 LOGIT Link Function Parameters of { p(~effort)Psi(~pctpool + pctrock + BRT_100m + LWD + pctBrBnk) }
                                                              95% Confidence Interval
 Parameter                    Beta         Standard Error      Lower           Upper
 -------------------------  --------------  --------------  --------------  --------------
    1:p:(Intercept)          0.9943687       0.3621528       0.2845491       1.7041883    
    2:p:effort               1.0383766       0.5156227       0.0277561       2.0489972    
    3:Psi:(Intercept)       -2.1493745       1.3174056      -4.7314895       0.4327405    
    4:Psi:pctpool            0.0255745       0.0159623      -0.0057117       0.0568606    
    5:Psi:pctrock            0.0070365       0.0137539      -0.0199212       0.0339942    
    6:Psi:BRT_100m           0.0234815       0.0163543      -0.0085729       0.0555358    
    7:Psi:LWD               -0.5045134       1.2624638      -2.9789426       1.9699157    
    8:Psi:pctBrBnk          -1.3136596       0.6494944      -2.5866686      -0.0406506    


 Real Function Parameters of { p(~effort)Psi(~pctpool + pctrock + BRT_100m + LWD + pctBrBnk) }

      Following estimates based on unstandardized individual covariate values:
          Variable   Value         
          ---------  ------------- 
          EFFORT1    -0.7246373E-10
          EFFORT2    -0.1449268E-10
          EFFORT3     0.4347865E-11
          PCTPOOL     25.664251    
          PCTROCK     68.678238    
          BRT_100M    6.7817616    
          LWD         0.2273503    
          PCTBRBNK    0.8740586    
                                                               95% Confidence Interval
  Parameter                  Estimate       Standard Error      Lower           Upper
 --------------------------  --------------  --------------  --------------  --------------
     1:p g1 a0 t1             0.7299500       0.0713887       0.5706612       0.8460810                          
     2:p g1 a1 t2             0.7299500       0.0713887       0.5706612       0.8460810                          
     3:p g1 a2 t3             0.7299500       0.0713887       0.5706612       0.8460810                          
     4:Psi g1 a0 t1           0.1077974       0.0319613       0.0592573       0.1881465                          


                      Estimates of Derived Parameters
 Occupancy Estimates of { p(~effort)Psi(~pctpool + pctrock + BRT_100m + LWD + pctBrBnk) }
                                            95% Confidence Interval
 Group   Psi-hat         Standard Error      Lower           Upper
 -----   --------------  --------------  --------------  --------------

  Program  MARK  - Survival Rate Estimation with Capture-Recapture Data
   gfortran(dble) Vers. 9.0 Mar 2018     6-Dec-2019 14:34:45    Page  004
 - - - - - - - - - - - - - - - - - - - - - - - - - - - - - - - - - - - - - -
 
   1      0.1077974       0.0319613       0.0592573       0.1881465    

   CPU Time for the last procedure was 0.09 seconds.     


  INPUT --- proc stop;

     CPU Time in minutes for this job was 0.00

     Time Start = 14:34:45.310   Time End = 14:34:45.438

     Wall Clock Time in minutes for this job was 0.00


          E X E C U T I O N   S U C C E S S F U L 
