
   Program  MARK  - Survival Rate Estimation with Capture-Recapture Data
   gfortran(dble) Vers. 9.0 Mar 2018     6-Dec-2019 14:35:18    Page  001
 - - - - - - - - - - - - - - - - - - - - - - - - - - - - - - - - - - - - - -
 
   This version was compiled by GCC version 7.2.0 using the options: 
     -cpp -iprefix C:/Program Files/mingw-w64/x86_64-7.2.0-posix-seh-rt_v5-rev1/
     mingw64/bin/../lib/gcc/x86_64-w64-mingw32/7.2.0/ -D_MT -D_REENTRANT
     -U_REENTRANT -D IEEE -D DBLEPRECISION -m64 -mtune=core2 -march=nocona -mthreads
     -O2 -fimplicit-none -fbounds-check -funroll-loops -ftree-vectorize
     -ffpe-summary=invalid,zero,overflow,underflow -fno-unsafe-math-optimizations
     -frounding-math -fsignaling-nans -fopenmp.

   This problem will use 7 of 8 possible threads.


  INPUT --- proc title ;

   CPU Time for the last procedure was 0.02 seconds.     


  INPUT --- proc chmatrix occasions= 3 groups= 1 etype= Occupancy 
  INPUT --- Nodes= 101 icovar = 8 ICMeans  NoHist hist= 138 ;

  INPUT ---    time interval 1 1 1 ;

  INPUT ---     icovariates effort1 effort2 effort3 pctex21 pctpool  
  INPUT ---    BRT_100m LWD pctBrBnk ;

  INPUT ---    glabel(1)=freq1;

      Number of unique encounter histories read was 138.

      Number of individual covariates read was 8.
      Time interval lengths are all equal to 1.

      Data type number is 27
      Data type is Occupancy Estimation with Detection < 1                                                             

   CPU Time for the last procedure was 0.01 seconds.     

  Program  MARK  - Survival Rate Estimation with Capture-Recapture Data
   gfortran(dble) Vers. 9.0 Mar 2018     6-Dec-2019 14:35:18    Page  002
 - - - - - - - - - - - - - - - - - - - - - - - - - - - - - - - - - - - - - -
 


  INPUT --- proc estimate link=Logit NOLOOP varest=2ndPart    ;


  INPUT --- model={ p(~effort)Psi(~pctex21 + pctpool + BRT_100m + LWD + 
  INPUT --- pctBrBnk) };

  INPUT ---    group=1 p    rows=1 cols=3 Square ;
  INPUT ---        1 2 3 ;

  INPUT ---    group=1 Psi    rows=1 cols=1 Square ;
  INPUT ---        4 ;

  INPUT ---    design matrix constraints=4 covariates=8;
  INPUT ---        1 effort1 0 0 0 0 0 0;
  INPUT ---        1 effort2 0 0 0 0 0 0;
  INPUT ---        1 effort3 0 0 0 0 0 0;
  INPUT ---        0 0 1 pctex21 pctpool BRT_100m LWD pctBrBnk;
  INPUT ---       blabel(1)=p:(Intercept);
  INPUT ---       blabel(2)=p:effort;
  INPUT ---       blabel(3)=Psi:(Intercept);
  INPUT ---       blabel(4)=Psi:pctex21;
  INPUT ---       blabel(5)=Psi:pctpool;
  INPUT ---       blabel(6)=Psi:BRT_100m;
  INPUT ---       blabel(7)=Psi:LWD;
  INPUT ---       blabel(8)=Psi:pctBrBnk;
  INPUT ---       rlabel(1)=p g1 a0 t1;
  INPUT ---       rlabel(2)=p g1 a1 t2;
  INPUT ---       rlabel(3)=p g1 a2 t3;
  INPUT ---       rlabel(4)=Psi g1 a0 t1;

 Link Function Used is LOGIT        

 Variance Estimation Procedure Used is 2ndPart 
 -2logL(saturated) = 0.0000000     
 Effective Sample Size = 138

 Number of function evaluations was 22 for 8 parameters.
 Time for numerical optimization was 0.12 seconds.     
 -2logL { p(~effort)Psi(~pctex21 + pctpool + BRT_100m + LWD + pctBrBnk) } = 141.23733     
 Penalty { p(~effort)Psi(~pctex21 + pctpool + BRT_100m + LWD + pctBrBnk) } = 0.0000000     
 Gradient { p(~effort)Psi(~pctex21 + pctpool + BRT_100m + LWD + pctBrBnk) }:
  0.9691003E-06   0.000000       0.000000       0.000000       0.000000    
  0.6476063E-06   0.000000       0.000000    
 Maximum ABS(G) { p(~effort)Psi(~pctex21 + pctpool + BRT_100m + LWD + pctBrBnk) } = 0.9691003E-06 

  Program  MARK  - Survival Rate Estimation with Capture-Recapture Data
   gfortran(dble) Vers. 9.0 Mar 2018     6-Dec-2019 14:35:19    Page  003
 - - - - - - - - - - - - - - - - - - - - - - - - - - - - - - - - - - - - - -
 
 S Vector { p(~effort)Psi(~pctex21 + pctpool + BRT_100m + LWD + pctBrBnk) }:
   16.06049      7.707039     0.6924073     0.5414116     0.4323902    
  0.2405008     0.1611491     0.1774387E-01
 Time to compute number of parameters was 0.02 seconds.     
 Ratio Threshold = 50.000000       Max Gap (2/3) = 11.130788       Next Max Gap (7/8) = 9.0819597     
 Gap Method for Num. of Estimated Parameters { p(~effort)Psi(~pctex21 + pctpool + BRT_100m + LWD + pctBrBnk) } = 8          
 Threshold { p(~effort)Psi(~pctex21 + pctpool + BRT_100m + LWD + pctBrBnk) } = 0.1938201E-05                 
 Numerical Threshold Method for Num. of Estimated Parameters { p(~effort)Psi(~pctex21 + pctpool + BRT_100m + LWD + pctBrBnk) } = 8          
 Number of Estimated Parameters { p(~effort)Psi(~pctex21 + pctpool + BRT_100m + LWD + pctBrBnk) } = 8          
 DEVIANCE { p(~effort)Psi(~pctex21 + pctpool + BRT_100m + LWD + pctBrBnk) } = 141.23733                     
 DEVIANCE Degrees of Freedom { p(~effort)Psi(~pctex21 + pctpool + BRT_100m + LWD + pctBrBnk) } = 130            
 c-hat { p(~effort)Psi(~pctex21 + pctpool + BRT_100m + LWD + pctBrBnk) } = 1.0864410                     
 AIC { p(~effort)Psi(~pctex21 + pctpool + BRT_100m + LWD + pctBrBnk) } = 157.23733                  
 AICc { p(~effort)Psi(~pctex21 + pctpool + BRT_100m + LWD + pctBrBnk) } = 158.35361                    
 BIC { p(~effort)Psi(~pctex21 + pctpool + BRT_100m + LWD + pctBrBnk) } = 180.65536                    
 Pearson Chisquare { p(~effort)Psi(~pctex21 + pctpool + BRT_100m + LWD + pctBrBnk) } = 731.41134                  


 LOGIT Link Function Parameters of { p(~effort)Psi(~pctex21 + pctpool + BRT_100m + LWD + pctBrBnk) }
                                                              95% Confidence Interval
 Parameter                    Beta         Standard Error      Lower           Upper
 -------------------------  --------------  --------------  --------------  --------------
    1:p:(Intercept)          0.9681642       0.3678950       0.2470901       1.6892383    
    2:p:effort               1.1055198       0.5364947       0.0539902       2.1570495    
    3:Psi:(Intercept)       -0.7908587       0.6927014      -2.1485534       0.5668360    
    4:Psi:pctex21           -0.5798253       0.2422022      -1.0545417      -0.1051090    
    5:Psi:pctpool            0.0167978       0.0149265      -0.0124580       0.0460537    
    6:Psi:BRT_100m           0.0202326       0.0158189      -0.0107725       0.0512377    
    7:Psi:LWD               -0.6061850       1.3357335      -3.2242228       2.0118527    
    8:Psi:pctBrBnk          -0.8065396       0.6330959      -2.0474076       0.4343285    


 Real Function Parameters of { p(~effort)Psi(~pctex21 + pctpool + BRT_100m + LWD + pctBrBnk) }

      Following estimates based on unstandardized individual covariate values:
          Variable   Value         
          ---------  ------------- 
          EFFORT1    -0.7246373E-10
          EFFORT2    -0.1449268E-10
          EFFORT3     0.4347865E-11
          PCTEX21     4.8306834    
          PCTPOOL     25.664251    
          BRT_100M    6.7817616    
          LWD         0.2273503    
          PCTBRBNK    0.8740586    
                                                               95% Confidence Interval
  Parameter                  Estimate       Standard Error      Lower           Upper
 --------------------------  --------------  --------------  --------------  --------------
     1:p g1 a0 t1             0.7247534       0.0733899       0.5614601       0.8441240                          
     2:p g1 a1 t2             0.7247534       0.0733899       0.5614601       0.8441240                          
     3:p g1 a2 t3             0.7247534       0.0733899       0.5614601       0.8441240                          
     4:Psi g1 a0 t1           0.0205069       0.0209792       0.0026957       0.1395351                          


                      Estimates of Derived Parameters
 Occupancy Estimates of { p(~effort)Psi(~pctex21 + pctpool + BRT_100m + LWD + pctBrBnk) }
                                            95% Confidence Interval
 Group   Psi-hat         Standard Error      Lower           Upper
 -----   --------------  --------------  --------------  --------------

  Program  MARK  - Survival Rate Estimation with Capture-Recapture Data
   gfortran(dble) Vers. 9.0 Mar 2018     6-Dec-2019 14:35:19    Page  004
 - - - - - - - - - - - - - - - - - - - - - - - - - - - - - - - - - - - - - -
 
   1      0.0205069       0.0209792       0.0026957       0.1395351    

   CPU Time for the last procedure was 0.14 seconds.     


  INPUT --- proc stop;

     CPU Time in minutes for this job was 0.00

     Time Start = 14:35:18.874   Time End = 14:35:19.104

     Wall Clock Time in minutes for this job was 0.00


          E X E C U T I O N   S U C C E S S F U L 
