
   Program  MARK  - Survival Rate Estimation with Capture-Recapture Data
   gfortran(dble) Vers. 9.0 Mar 2018     9-Dec-2019 13:33:04    Page  001
 - - - - - - - - - - - - - - - - - - - - - - - - - - - - - - - - - - - - - -
 
   This version was compiled by GCC version 7.2.0 using the options: 
     -cpp -iprefix C:/Program Files/mingw-w64/x86_64-7.2.0-posix-seh-rt_v5-rev1/
     mingw64/bin/../lib/gcc/x86_64-w64-mingw32/7.2.0/ -D_MT -D_REENTRANT
     -U_REENTRANT -D IEEE -D DBLEPRECISION -m64 -mtune=core2 -march=nocona -mthreads
     -O2 -fimplicit-none -fbounds-check -funroll-loops -ftree-vectorize
     -ffpe-summary=invalid,zero,overflow,underflow -fno-unsafe-math-optimizations
     -frounding-math -fsignaling-nans -fopenmp.

   This problem will use 7 of 8 possible threads.


  INPUT --- proc title ;

   CPU Time for the last procedure was 0.01 seconds.     


  INPUT --- proc chmatrix occasions= 3 groups= 1 etype= Occupancy 
  INPUT --- Nodes= 101 icovar = 4 ICMeans  NoHist hist= 138 ;

  INPUT ---    time interval 1 1 1 ;

  INPUT ---     icovariates effort1 effort2 effort3 pctShade ;

  INPUT ---    glabel(1)=freq1;

      Number of unique encounter histories read was 138.

      Number of individual covariates read was 4.
      Time interval lengths are all equal to 1.

      Data type number is 27
      Data type is Occupancy Estimation with Detection < 1                                                             

   CPU Time for the last procedure was 0.02 seconds.     

  Program  MARK  - Survival Rate Estimation with Capture-Recapture Data
   gfortran(dble) Vers. 9.0 Mar 2018     9-Dec-2019 13:33:04    Page  002
 - - - - - - - - - - - - - - - - - - - - - - - - - - - - - - - - - - - - - -
 


  INPUT --- proc estimate link=Logit NOLOOP varest=2ndPart    ;


  INPUT --- model={ p(~effort)Psi(~pctShade) };

  INPUT ---    group=1 p    rows=1 cols=3 Square ;
  INPUT ---        1 2 3 ;

  INPUT ---    group=1 Psi    rows=1 cols=1 Square ;
  INPUT ---        4 ;

  INPUT ---    design matrix constraints=4 covariates=4;
  INPUT ---        1 effort1 0 0;
  INPUT ---        1 effort2 0 0;
  INPUT ---        1 effort3 0 0;
  INPUT ---        0 0 1 pctShade;
  INPUT ---       blabel(1)=p:(Intercept);
  INPUT ---       blabel(2)=p:effort;
  INPUT ---       blabel(3)=Psi:(Intercept);
  INPUT ---       blabel(4)=Psi:pctShade;
  INPUT ---       rlabel(1)=p g1 a0 t1;
  INPUT ---       rlabel(2)=p g1 a1 t2;
  INPUT ---       rlabel(3)=p g1 a2 t3;
  INPUT ---       rlabel(4)=Psi g1 a0 t1;

 Link Function Used is LOGIT        

 Variance Estimation Procedure Used is 2ndPart 
 -2logL(saturated) = 0.0000000     
 Effective Sample Size = 138

 Number of function evaluations was 16 for 4 parameters.
 Time for numerical optimization was 0.01 seconds.     
 -2logL { p(~effort)Psi(~pctShade) } = 169.13339     
 Penalty { p(~effort)Psi(~pctShade) } = 0.0000000     
 Gradient { p(~effort)Psi(~pctShade) }:
  0.2790761E-05  0.5199112E-06   0.000000       0.000000    
 Maximum ABS(G) { p(~effort)Psi(~pctShade) } = 0.2790761E-05 
 S Vector { p(~effort)Psi(~pctShade) }:
   20.94755      8.377510      1.213058     0.1010591    
 Time to compute number of parameters was 0.01 seconds.     
 Ratio Threshold = 50.000000       Max Gap (3/4) = 12.003448       Next Max Gap (2/3) = 6.9061090     
 Gap Method for Num. of Estimated Parameters { p(~effort)Psi(~pctShade) } = 4          
 Threshold { p(~effort)Psi(~pctShade) } = 0.5581522E-05                 
 Numerical Threshold Method for Num. of Estimated Parameters { p(~effort)Psi(~pctShade) } = 4          
 Number of Estimated Parameters { p(~effort)Psi(~pctShade) } = 4          
 DEVIANCE { p(~effort)Psi(~pctShade) } = 169.13339                     
 DEVIANCE Degrees of Freedom { p(~effort)Psi(~pctShade) } = 134            
 c-hat { p(~effort)Psi(~pctShade) } = 1.2621895                     
 AIC { p(~effort)Psi(~pctShade) } = 177.13339                  
 AICc { p(~effort)Psi(~pctShade) } = 177.43414                    
 BIC { p(~effort)Psi(~pctShade) } = 188.84241                    
 Pearson Chisquare { p(~effort)Psi(~pctShade) } = 912.36501                  

  Program  MARK  - Survival Rate Estimation with Capture-Recapture Data
   gfortran(dble) Vers. 9.0 Mar 2018     9-Dec-2019 13:33:04    Page  003
 - - - - - - - - - - - - - - - - - - - - - - - - - - - - - - - - - - - - - -
 


                 LOGIT Link Function Parameters of { p(~effort)Psi(~pctShade) }
                                                              95% Confidence Interval
 Parameter                    Beta         Standard Error      Lower           Upper
 -------------------------  --------------  --------------  --------------  --------------
    1:p:(Intercept)         -0.3669022       0.6572541      -1.6551204       0.9213159    
    2:p:effort               0.0015891       0.7761426E-03   0.6783010E-04   0.0031103    
    3:Psi:(Intercept)       -1.9403900       0.4820859      -2.8852783      -0.9955017    
    4:Psi:pctShade           0.0032597       0.0080588      -0.0125356       0.0190549    


                 Real Function Parameters of { p(~effort)Psi(~pctShade) }

      Following estimates based on unstandardized individual covariate values:
          Variable   Value         
          ---------  ------------- 
          EFFORT1     906.23188    
          EFFORT2     834.18841    
          EFFORT3     818.18116    
          PCTSHADE    48.614931    
                                                               95% Confidence Interval
  Parameter                  Estimate       Standard Error      Lower           Upper
 --------------------------  --------------  --------------  --------------  --------------
     1:p g1 a0 t1             0.7451980       0.0718671       0.5820806       0.8599658                          
     2:p g1 a1 t2             0.7228577       0.0722333       0.5626630       0.8409596                          
     3:p g1 a2 t3             0.7177331       0.0724565       0.5578046       0.8367486                          
     4:Psi g1 a0 t1           0.1440659       0.0312044       0.0929691       0.2165415                          


                      Estimates of Derived Parameters
           Occupancy Estimates of { p(~effort)Psi(~pctShade) }
                                            95% Confidence Interval
 Group   Psi-hat         Standard Error      Lower           Upper
 -----   --------------  --------------  --------------  --------------
   1      0.1440659       0.0312044       0.0929691       0.2165415    

   CPU Time for the last procedure was 0.02 seconds.     

  Program  MARK  - Survival Rate Estimation with Capture-Recapture Data
   gfortran(dble) Vers. 9.0 Mar 2018     9-Dec-2019 13:33:04    Page  004
 - - - - - - - - - - - - - - - - - - - - - - - - - - - - - - - - - - - - - -
 


  INPUT --- proc stop;

     CPU Time in minutes for this job was 0.00

     Time Start = 13:33:04.673   Time End = 13:33:04.771

     Wall Clock Time in minutes for this job was 0.00


          E X E C U T I O N   S U C C E S S F U L 
