
   Program  MARK  - Survival Rate Estimation with Capture-Recapture Data
   gfortran(dble) Vers. 9.0 Mar 2018    10-Dec-2019 12:34:58    Page  001
 - - - - - - - - - - - - - - - - - - - - - - - - - - - - - - - - - - - - - -
 
   This version was compiled by GCC version 7.2.0 using the options: 
     -cpp -iprefix C:/Program Files/mingw-w64/x86_64-7.2.0-posix-seh-rt_v5-rev1/
     mingw64/bin/../lib/gcc/x86_64-w64-mingw32/7.2.0/ -D_MT -D_REENTRANT
     -U_REENTRANT -D IEEE -D DBLEPRECISION -m64 -mtune=core2 -march=nocona -mthreads
     -O2 -fimplicit-none -fbounds-check -funroll-loops -ftree-vectorize
     -ffpe-summary=invalid,zero,overflow,underflow -fno-unsafe-math-optimizations
     -frounding-math -fsignaling-nans -fopenmp.

   This problem will use 7 of 8 possible threads.


  INPUT --- proc title ;

   CPU Time for the last procedure was 0.01 seconds.     


  INPUT --- proc chmatrix occasions= 3 groups= 1 etype= Occupancy 
  INPUT --- Nodes= 101 icovar = 3 ICMeans  NoHist hist= 138 ;

  INPUT ---    time interval 1 1 1 ;

  INPUT ---     icovariates pctex21 pctShade HAiFLS_for ;

  INPUT ---    glabel(1)=freq1;

      Number of unique encounter histories read was 138.

      Number of individual covariates read was 3.
      Time interval lengths are all equal to 1.

      Data type number is 27
      Data type is Occupancy Estimation with Detection < 1                                                             

   CPU Time for the last procedure was 0.02 seconds.     

  Program  MARK  - Survival Rate Estimation with Capture-Recapture Data
   gfortran(dble) Vers. 9.0 Mar 2018    10-Dec-2019 12:34:58    Page  002
 - - - - - - - - - - - - - - - - - - - - - - - - - - - - - - - - - - - - - -
 


  INPUT --- proc estimate link=Logit NOLOOP varest=2ndPart    ;


  INPUT --- model={ p(~1)Psi(~pctex21 + pctShade + HAiFLS_for) };

  INPUT ---    group=1 p    rows=1 cols=3 Square ;
  INPUT ---        1 1 1 ;

  INPUT ---    group=1 Psi    rows=1 cols=1 Square ;
  INPUT ---        2 ;

  INPUT ---    design matrix constraints=2 covariates=5;
  INPUT ---        1 0 0 0 0;
  INPUT ---        0 1 pctex21 pctShade HAiFLS_for;
  INPUT ---       blabel(1)=p:(Intercept);
  INPUT ---       blabel(2)=Psi:(Intercept);
  INPUT ---       blabel(3)=Psi:pctex21;
  INPUT ---       blabel(4)=Psi:pctShade;
  INPUT ---       blabel(5)=Psi:HAiFLS_for;
  INPUT ---       rlabel(1)=p g1 a0 t1;
  INPUT ---       rlabel(2)=Psi g1 a0 t1;

 Link Function Used is LOGIT        

 Variance Estimation Procedure Used is 2ndPart 
 -2logL(saturated) = 0.0000000     
 Effective Sample Size = 138

 Number of function evaluations was 19 for 5 parameters.
 Time for numerical optimization was 0.01 seconds.     
 -2logL { p(~1)Psi(~pctex21 + pctShade + HAiFLS_for) } = 148.08979     
 Penalty { p(~1)Psi(~pctex21 + pctShade + HAiFLS_for) } = 0.0000000     
 Gradient { p(~1)Psi(~pctex21 + pctShade + HAiFLS_for) }:
  0.9808054E-06  0.2355830E-05  0.8104241E-07  0.1718124E-05  0.1170675E-05
 Maximum ABS(G) { p(~1)Psi(~pctex21 + pctShade + HAiFLS_for) } = 0.2355830E-05 
 S Vector { p(~1)Psi(~pctex21 + pctShade + HAiFLS_for) }:
   18.75104      9.579935      1.215989     0.7196122     0.1599281E-01
 Time to compute number of parameters was 0.03 seconds.     
 Ratio Threshold = 50.000000       Max Gap (4/5) = 44.995996       Next Max Gap (2/3) = 7.8783049     
 Gap Method for Num. of Estimated Parameters { p(~1)Psi(~pctex21 + pctShade + HAiFLS_for) } = 5          
 Threshold { p(~1)Psi(~pctex21 + pctShade + HAiFLS_for) } = 0.4711659E-05                 
 Numerical Threshold Method for Num. of Estimated Parameters { p(~1)Psi(~pctex21 + pctShade + HAiFLS_for) } = 5          
 Number of Estimated Parameters { p(~1)Psi(~pctex21 + pctShade + HAiFLS_for) } = 5          
 DEVIANCE { p(~1)Psi(~pctex21 + pctShade + HAiFLS_for) } = 148.08979                     
 DEVIANCE Degrees of Freedom { p(~1)Psi(~pctex21 + pctShade + HAiFLS_for) } = 133            
 c-hat { p(~1)Psi(~pctex21 + pctShade + HAiFLS_for) } = 1.1134571                     
 AIC { p(~1)Psi(~pctex21 + pctShade + HAiFLS_for) } = 158.08979                  
 AICc { p(~1)Psi(~pctex21 + pctShade + HAiFLS_for) } = 158.54434                    
 BIC { p(~1)Psi(~pctex21 + pctShade + HAiFLS_for) } = 172.72606                    
 Pearson Chisquare { p(~1)Psi(~pctex21 + pctShade + HAiFLS_for) } = 686.78823                  


        LOGIT Link Function Parameters of { p(~1)Psi(~pctex21 + pctShade + HAiFLS_for) }
                                                              95% Confidence Interval
 Parameter                    Beta         Standard Error      Lower           Upper
 -------------------------  --------------  --------------  --------------  --------------

  Program  MARK  - Survival Rate Estimation with Capture-Recapture Data
   gfortran(dble) Vers. 9.0 Mar 2018    10-Dec-2019 12:34:58    Page  003
 - - - - - - - - - - - - - - - - - - - - - - - - - - - - - - - - - - - - - -
 
    1:p:(Intercept)          0.9446759       0.3221212       0.3133184       1.5760335    
    2:Psi:(Intercept)       -1.4288878       0.5534797      -2.5137080      -0.3440677    
    3:Psi:pctex21           -0.7276818       0.2551698      -1.2278147      -0.2275490    
    4:Psi:pctShade          -0.0011080       0.0096353      -0.0199932       0.0177772    
    5:Psi:HAiFLS_for         0.0226123       0.0106211       0.0017948       0.0434297    


        Real Function Parameters of { p(~1)Psi(~pctex21 + pctShade + HAiFLS_for) }

      Following estimates based on unstandardized individual covariate values:
          Variable   Value         
          ---------  ------------- 
          PCTEX21     4.8306834    
          PCTSHADE    48.614931    
          HAIFLS_FOR  26.272482    
                                                               95% Confidence Interval
  Parameter                  Estimate       Standard Error      Lower           Upper
 --------------------------  --------------  --------------  --------------  --------------
     1:p g1 a0 t1             0.7200432       0.0649335       0.5776950       0.8286420                          
     2:Psi g1 a0 t1           0.0120821       0.0135099       0.0013286       0.1010646                          


                      Estimates of Derived Parameters
  Occupancy Estimates of { p(~1)Psi(~pctex21 + pctShade + HAiFLS_for) }
                                            95% Confidence Interval
 Group   Psi-hat         Standard Error      Lower           Upper
 -----   --------------  --------------  --------------  --------------
   1      0.0120821       0.0135099       0.0013286       0.1010646    

   CPU Time for the last procedure was 0.03 seconds.     

  Program  MARK  - Survival Rate Estimation with Capture-Recapture Data
   gfortran(dble) Vers. 9.0 Mar 2018    10-Dec-2019 12:34:58    Page  004
 - - - - - - - - - - - - - - - - - - - - - - - - - - - - - - - - - - - - - -
 


  INPUT --- proc stop;

     CPU Time in minutes for this job was 0.00

     Time Start = 12:34:58.296   Time End = 12:34:58.405

     Wall Clock Time in minutes for this job was 0.00


          E X E C U T I O N   S U C C E S S F U L 
