
   Program  MARK  - Survival Rate Estimation with Capture-Recapture Data
   gfortran(dble) Vers. 9.0 Mar 2018     4-Dec-2019 15:22:42    Page  001
 - - - - - - - - - - - - - - - - - - - - - - - - - - - - - - - - - - - - - -
 
   This version was compiled by GCC version 7.2.0 using the options: 
     -cpp -iprefix C:/Program Files/mingw-w64/x86_64-7.2.0-posix-seh-rt_v5-rev1/
     mingw64/bin/../lib/gcc/x86_64-w64-mingw32/7.2.0/ -D_MT -D_REENTRANT
     -U_REENTRANT -D IEEE -D DBLEPRECISION -m64 -mtune=core2 -march=nocona -mthreads
     -O2 -fimplicit-none -fbounds-check -funroll-loops -ftree-vectorize
     -ffpe-summary=invalid,zero,overflow,underflow -fno-unsafe-math-optimizations
     -frounding-math -fsignaling-nans -fopenmp.

   This problem will use 7 of 8 possible threads.


  INPUT --- proc title ;

   CPU Time for the last procedure was 0.01 seconds.     


  INPUT --- proc chmatrix occasions= 3 groups= 1 etype= Occupancy 
  INPUT --- Nodes= 101 icovar = 2 ICMeans  NoHist hist= 138 ;

  INPUT ---    time interval 1 1 1 ;

  INPUT ---     icovariates effsec pctShade ;

  INPUT ---    glabel(1)=freq1;

      Number of unique encounter histories read was 138.

      Number of individual covariates read was 2.
      Time interval lengths are all equal to 1.

      Data type number is 27
      Data type is Occupancy Estimation with Detection < 1                                                             

   CPU Time for the last procedure was 0.01 seconds.     

  Program  MARK  - Survival Rate Estimation with Capture-Recapture Data
   gfortran(dble) Vers. 9.0 Mar 2018     4-Dec-2019 15:22:42    Page  002
 - - - - - - - - - - - - - - - - - - - - - - - - - - - - - - - - - - - - - -
 


  INPUT --- proc estimate link=Logit NOLOOP varest=2ndPart    ;


  INPUT --- model={ p(~effsec)Psi(~pctShade) };

  INPUT ---    group=1 p    rows=1 cols=3 Square ;
  INPUT ---        1 1 1 ;

  INPUT ---    group=1 Psi    rows=1 cols=1 Square ;
  INPUT ---        2 ;

  INPUT ---    design matrix constraints=2 covariates=4;
  INPUT ---        1 effsec 0 0;
  INPUT ---        0 0 1 pctShade;
  INPUT ---       blabel(1)=p:(Intercept);
  INPUT ---       blabel(2)=p:effsec;
  INPUT ---       blabel(3)=Psi:(Intercept);
  INPUT ---       blabel(4)=Psi:pctShade;
  INPUT ---       rlabel(1)=p g1 a0 t1;
  INPUT ---       rlabel(2)=Psi g1 a0 t1;

 Link Function Used is LOGIT        

 Variance Estimation Procedure Used is 2ndPart 
 -2logL(saturated) = 0.0000000     
 Effective Sample Size = 138

 Number of function evaluations was 13 for 4 parameters.
 Time for numerical optimization was 0.01 seconds.     
 -2logL { p(~effsec)Psi(~pctShade) } = 171.25795     
 Penalty { p(~effsec)Psi(~pctShade) } = 0.0000000     
 Gradient { p(~effsec)Psi(~pctShade) }:
   0.000000      0.5011821E-06  0.1370218E-05  0.1635693E-05
 Maximum ABS(G) { p(~effsec)Psi(~pctShade) } = 0.1635693E-05 
 S Vector { p(~effsec)Psi(~pctShade) }:
   16.49994      8.304897      5.958815     0.4250336    
 Time to compute number of parameters was 0.06 seconds.     
 Ratio Threshold = 50.000000       Max Gap (3/4) = 14.019632       Next Max Gap (1/2) = 1.9867727     
 Gap Method for Num. of Estimated Parameters { p(~effsec)Psi(~pctShade) } = 4          
 Threshold { p(~effsec)Psi(~pctShade) } = 0.3271387E-05                 
 Numerical Threshold Method for Num. of Estimated Parameters { p(~effsec)Psi(~pctShade) } = 4          
 Number of Estimated Parameters { p(~effsec)Psi(~pctShade) } = 4          
 DEVIANCE { p(~effsec)Psi(~pctShade) } = 171.25795                     
 DEVIANCE Degrees of Freedom { p(~effsec)Psi(~pctShade) } = 134            
 c-hat { p(~effsec)Psi(~pctShade) } = 1.2780444                     
 AIC { p(~effsec)Psi(~pctShade) } = 179.25795                  
 AICc { p(~effsec)Psi(~pctShade) } = 179.55870                    
 BIC { p(~effsec)Psi(~pctShade) } = 190.96697                    
 Pearson Chisquare { p(~effsec)Psi(~pctShade) } = 969.90620                  


                 LOGIT Link Function Parameters of { p(~effsec)Psi(~pctShade) }
                                                              95% Confidence Interval
 Parameter                    Beta         Standard Error      Lower           Upper
 -------------------------  --------------  --------------  --------------  --------------
    1:p:(Intercept)          0.8954855       0.3443546       0.2205505       1.5704205    
    2:p:effsec               0.7812484       0.4270089      -0.0556891       1.6181859    
    3:Psi:(Intercept)       -1.7840084       0.2532172      -2.2803141      -1.2877027    

  Program  MARK  - Survival Rate Estimation with Capture-Recapture Data
   gfortran(dble) Vers. 9.0 Mar 2018     4-Dec-2019 15:22:43    Page  003
 - - - - - - - - - - - - - - - - - - - - - - - - - - - - - - - - - - - - - -
 
    4:Psi:pctShade           0.1024932       0.2523555      -0.3921237       0.5971101    


                 Real Function Parameters of { p(~effsec)Psi(~pctShade) }

      Following estimates based on unstandardized individual covariate values:
          Variable   Value         
          ---------  ------------- 
          EFFSEC     -0.2898548E-09
          PCTSHADE   -0.3623188E-09
                                                               95% Confidence Interval
  Parameter                  Estimate       Standard Error      Lower           Upper
 --------------------------  --------------  --------------  --------------  --------------
     1:p g1 a0 t1             0.7100209       0.0708996       0.5549152       0.8278435                          
     2:Psi g1 a0 t1           0.1438089       0.0311781       0.0927665       0.2162419                          


                      Estimates of Derived Parameters
           Occupancy Estimates of { p(~effsec)Psi(~pctShade) }
                                            95% Confidence Interval
 Group   Psi-hat         Standard Error      Lower           Upper
 -----   --------------  --------------  --------------  --------------
   1      0.1438089       0.0311781       0.0927665       0.2162419    

   CPU Time for the last procedure was 0.06 seconds.     

  Program  MARK  - Survival Rate Estimation with Capture-Recapture Data
   gfortran(dble) Vers. 9.0 Mar 2018     4-Dec-2019 15:22:43    Page  004
 - - - - - - - - - - - - - - - - - - - - - - - - - - - - - - - - - - - - - -
 


  INPUT --- proc stop;

     CPU Time in minutes for this job was 0.00

     Time Start = 15:22:42.251   Time End = 15:22:43.352

     Wall Clock Time in minutes for this job was 0.02


          E X E C U T I O N   S U C C E S S F U L 
