
   Program  MARK  - Survival Rate Estimation with Capture-Recapture Data
   gfortran(dble) Vers. 9.0 Mar 2018    10-Dec-2019 12:35:15    Page  001
 - - - - - - - - - - - - - - - - - - - - - - - - - - - - - - - - - - - - - -
 
   This version was compiled by GCC version 7.2.0 using the options: 
     -cpp -iprefix C:/Program Files/mingw-w64/x86_64-7.2.0-posix-seh-rt_v5-rev1/
     mingw64/bin/../lib/gcc/x86_64-w64-mingw32/7.2.0/ -D_MT -D_REENTRANT
     -U_REENTRANT -D IEEE -D DBLEPRECISION -m64 -mtune=core2 -march=nocona -mthreads
     -O2 -fimplicit-none -fbounds-check -funroll-loops -ftree-vectorize
     -ffpe-summary=invalid,zero,overflow,underflow -fno-unsafe-math-optimizations
     -frounding-math -fsignaling-nans -fopenmp.

   This problem will use 7 of 8 possible threads.


  INPUT --- proc title ;

   CPU Time for the last procedure was 0.01 seconds.     


  INPUT --- proc chmatrix occasions= 3 groups= 1 etype= Occupancy 
  INPUT --- Nodes= 101 icovar = 1 ICMeans  NoHist hist= 34 ;

  INPUT ---    time interval 1 1 1 ;

  INPUT ---     icovariates pctpool ;

  INPUT ---    glabel(1)=freq1;

      Number of unique encounter histories read was 34.

      Number of individual covariates read was 1.
      Time interval lengths are all equal to 1.

      Data type number is 27
      Data type is Occupancy Estimation with Detection < 1                                                             

   CPU Time for the last procedure was 0.01 seconds.     

  Program  MARK  - Survival Rate Estimation with Capture-Recapture Data
   gfortran(dble) Vers. 9.0 Mar 2018    10-Dec-2019 12:35:15    Page  002
 - - - - - - - - - - - - - - - - - - - - - - - - - - - - - - - - - - - - - -
 


  INPUT --- proc estimate link=Logit NOLOOP varest=2ndPart    ;


  INPUT --- model={ p(~1)Psi(~pctpool) };

  INPUT ---    group=1 p    rows=1 cols=3 Square ;
  INPUT ---        1 1 1 ;

  INPUT ---    group=1 Psi    rows=1 cols=1 Square ;
  INPUT ---        2 ;

  INPUT ---    design matrix constraints=2 covariates=3;
  INPUT ---        1 0 0;
  INPUT ---        0 1 pctpool;
  INPUT ---       blabel(1)=p:(Intercept);
  INPUT ---       blabel(2)=Psi:(Intercept);
  INPUT ---       blabel(3)=Psi:pctpool;
  INPUT ---       rlabel(1)=p g1 a0 t1;
  INPUT ---       rlabel(2)=Psi g1 a0 t1;

 Link Function Used is LOGIT        

 Variance Estimation Procedure Used is 2ndPart 
 -2logL(saturated) = 0.0000000     
 Effective Sample Size = 138

   * *  WARNING  * *   Error number 0 from VA09AD optimization routine. 

 Number of function evaluations was 13 for 3 parameters.
 Time for numerical optimization was 0.01 seconds.     
 -2logL { p(~1)Psi(~pctpool) } = 174.07198     
 Penalty { p(~1)Psi(~pctpool) } = 0.0000000     
 Gradient { p(~1)Psi(~pctpool) }:
   0.000000       0.000000       0.000000    
 Maximum ABS(G) { p(~1)Psi(~pctpool) } = 0.0000000     
 S Vector { p(~1)Psi(~pctpool) }:
   18.53936      9.642166     0.8241647    
 Time to compute number of parameters was 0.01 seconds.     
 Ratio Threshold = 50.000000       Max Gap (2/3) = 11.699319       Next Max Gap (1/2) = 1.9227386     
 Gap Method for Num. of Estimated Parameters { p(~1)Psi(~pctpool) } = 3          
 Threshold { p(~1)Psi(~pctpool) } = 0.0000000                     
 Numerical Threshold Method for Num. of Estimated Parameters { p(~1)Psi(~pctpool) } = 3          
 Number of Estimated Parameters { p(~1)Psi(~pctpool) } = 3          
 DEVIANCE { p(~1)Psi(~pctpool) } = 174.07198                     
 DEVIANCE Degrees of Freedom { p(~1)Psi(~pctpool) } = 135            
 c-hat { p(~1)Psi(~pctpool) } = 1.2894221                     
 AIC { p(~1)Psi(~pctpool) } = 180.07198                  
 AICc { p(~1)Psi(~pctpool) } = 180.25108                    
 BIC { p(~1)Psi(~pctpool) } = 188.85374                    
 Pearson Chisquare { p(~1)Psi(~pctpool) } = 1059.1844                  


                    LOGIT Link Function Parameters of { p(~1)Psi(~pctpool) }
                                                              95% Confidence Interval
 Parameter                    Beta         Standard Error      Lower           Upper
 -------------------------  --------------  --------------  --------------  --------------
    1:p:(Intercept)          0.9481116       0.3210878       0.3187794       1.5774437    
    2:Psi:(Intercept)       -2.2478816       0.4577689      -3.1451086      -1.3506546    

  Program  MARK  - Survival Rate Estimation with Capture-Recapture Data
   gfortran(dble) Vers. 9.0 Mar 2018    10-Dec-2019 12:35:15    Page  003
 - - - - - - - - - - - - - - - - - - - - - - - - - - - - - - - - - - - - - -
 
    3:Psi:pctpool            0.0158970       0.0129949      -0.0095730       0.0413670    


                    Real Function Parameters of { p(~1)Psi(~pctpool) }

      Following estimates based on unstandardized individual covariate values:
          Variable   Value         
          ---------  ------------- 
          PCTPOOL     25.664251    
                                                               95% Confidence Interval
  Parameter                  Estimate       Standard Error      Lower           Upper
 --------------------------  --------------  --------------  --------------  --------------
     1:p g1 a0 t1             0.7207352       0.0646273       0.5790268       0.8288422                          
     2:Psi g1 a0 t1           0.1370635       0.0301628       0.0878854       0.2074998                          


                      Estimates of Derived Parameters
              Occupancy Estimates of { p(~1)Psi(~pctpool) }
                                            95% Confidence Interval
 Group   Psi-hat         Standard Error      Lower           Upper
 -----   --------------  --------------  --------------  --------------
   1      0.1370635       0.0301628       0.0878854       0.2074998    

   CPU Time for the last procedure was 0.02 seconds.     

  Program  MARK  - Survival Rate Estimation with Capture-Recapture Data
   gfortran(dble) Vers. 9.0 Mar 2018    10-Dec-2019 12:35:15    Page  004
 - - - - - - - - - - - - - - - - - - - - - - - - - - - - - - - - - - - - - -
 


  INPUT --- proc stop;

     CPU Time in minutes for this job was 0.00

     Time Start = 12:35:15.808   Time End = 12:35:15.818

     Wall Clock Time in minutes for this job was 0.00


          E X E C U T I O N   S U C C E S S F U L 
