
   Program  MARK  - Survival Rate Estimation with Capture-Recapture Data
   gfortran(dble) Vers. 9.0 Mar 2018     6-Dec-2019 14:35:31    Page  001
 - - - - - - - - - - - - - - - - - - - - - - - - - - - - - - - - - - - - - -
 
   This version was compiled by GCC version 7.2.0 using the options: 
     -cpp -iprefix C:/Program Files/mingw-w64/x86_64-7.2.0-posix-seh-rt_v5-rev1/
     mingw64/bin/../lib/gcc/x86_64-w64-mingw32/7.2.0/ -D_MT -D_REENTRANT
     -U_REENTRANT -D IEEE -D DBLEPRECISION -m64 -mtune=core2 -march=nocona -mthreads
     -O2 -fimplicit-none -fbounds-check -funroll-loops -ftree-vectorize
     -ffpe-summary=invalid,zero,overflow,underflow -fno-unsafe-math-optimizations
     -frounding-math -fsignaling-nans -fopenmp.

   This problem will use 7 of 8 possible threads.


  INPUT --- proc title ;

   CPU Time for the last procedure was 0.01 seconds.     


  INPUT --- proc chmatrix occasions= 3 groups= 1 etype= Occupancy 
  INPUT --- Nodes= 101 icovar = 5 ICMeans  NoHist hist= 138 ;

  INPUT ---    time interval 1 1 1 ;

  INPUT ---     icovariates effort1 effort2 effort3 pctex21 pctpool ;

  INPUT ---    glabel(1)=freq1;

      Number of unique encounter histories read was 138.

      Number of individual covariates read was 5.
      Time interval lengths are all equal to 1.

      Data type number is 27
      Data type is Occupancy Estimation with Detection < 1                                                             

   CPU Time for the last procedure was 0.01 seconds.     

  Program  MARK  - Survival Rate Estimation with Capture-Recapture Data
   gfortran(dble) Vers. 9.0 Mar 2018     6-Dec-2019 14:35:31    Page  002
 - - - - - - - - - - - - - - - - - - - - - - - - - - - - - - - - - - - - - -
 


  INPUT --- proc estimate link=Logit NOLOOP varest=2ndPart    ;


  INPUT --- model={ p(~effort)Psi(~pctex21 + pctpool) };

  INPUT ---    group=1 p    rows=1 cols=3 Square ;
  INPUT ---        1 2 3 ;

  INPUT ---    group=1 Psi    rows=1 cols=1 Square ;
  INPUT ---        4 ;

  INPUT ---    design matrix constraints=4 covariates=5;
  INPUT ---        1 effort1 0 0 0;
  INPUT ---        1 effort2 0 0 0;
  INPUT ---        1 effort3 0 0 0;
  INPUT ---        0 0 1 pctex21 pctpool;
  INPUT ---       blabel(1)=p:(Intercept);
  INPUT ---       blabel(2)=p:effort;
  INPUT ---       blabel(3)=Psi:(Intercept);
  INPUT ---       blabel(4)=Psi:pctex21;
  INPUT ---       blabel(5)=Psi:pctpool;
  INPUT ---       rlabel(1)=p g1 a0 t1;
  INPUT ---       rlabel(2)=p g1 a1 t2;
  INPUT ---       rlabel(3)=p g1 a2 t3;
  INPUT ---       rlabel(4)=Psi g1 a0 t1;

 Link Function Used is LOGIT        

 Variance Estimation Procedure Used is 2ndPart 
 -2logL(saturated) = 0.0000000     
 Effective Sample Size = 138

 Number of function evaluations was 21 for 5 parameters.
 Time for numerical optimization was 0.08 seconds.     
 -2logL { p(~effort)Psi(~pctex21 + pctpool) } = 145.74380     
 Penalty { p(~effort)Psi(~pctex21 + pctpool) } = 0.0000000     
 Gradient { p(~effort)Psi(~pctex21 + pctpool) }:
 -0.9753746E-06   0.000000       0.000000       0.000000     -0.8953861E-06
 Maximum ABS(G) { p(~effort)Psi(~pctex21 + pctpool) } = 0.9753746E-06 
 S Vector { p(~effort)Psi(~pctex21 + pctpool) }:
   15.83094      7.460415     0.6982375     0.1619408     0.1938672E-01
 Time to compute number of parameters was 0.01 seconds.     
 Ratio Threshold = 50.000000       Max Gap (2/3) = 10.684639       Next Max Gap (4/5) = 8.3531815     
 Gap Method for Num. of Estimated Parameters { p(~effort)Psi(~pctex21 + pctpool) } = 5          
 Threshold { p(~effort)Psi(~pctex21 + pctpool) } = 0.1950749E-05                 
 Numerical Threshold Method for Num. of Estimated Parameters { p(~effort)Psi(~pctex21 + pctpool) } = 5          
 Number of Estimated Parameters { p(~effort)Psi(~pctex21 + pctpool) } = 5          
 DEVIANCE { p(~effort)Psi(~pctex21 + pctpool) } = 145.74380                     
 DEVIANCE Degrees of Freedom { p(~effort)Psi(~pctex21 + pctpool) } = 133            
 c-hat { p(~effort)Psi(~pctex21 + pctpool) } = 1.0958180                     
 AIC { p(~effort)Psi(~pctex21 + pctpool) } = 155.74380                  
 AICc { p(~effort)Psi(~pctex21 + pctpool) } = 156.19834                    
 BIC { p(~effort)Psi(~pctex21 + pctpool) } = 170.38007                    
 Pearson Chisquare { p(~effort)Psi(~pctex21 + pctpool) } = 627.58071                  

  Program  MARK  - Survival Rate Estimation with Capture-Recapture Data
   gfortran(dble) Vers. 9.0 Mar 2018     6-Dec-2019 14:35:32    Page  003
 - - - - - - - - - - - - - - - - - - - - - - - - - - - - - - - - - - - - - -
 


            LOGIT Link Function Parameters of { p(~effort)Psi(~pctex21 + pctpool) }
                                                              95% Confidence Interval
 Parameter                    Beta         Standard Error      Lower           Upper
 -------------------------  --------------  --------------  --------------  --------------
    1:p:(Intercept)          0.9555038       0.3704110       0.2294982       1.6815094    
    2:p:effort               1.1209470       0.5381749       0.0661243       2.1757698    
    3:Psi:(Intercept)       -1.1349281       0.5176327      -2.1494882      -0.1203679    
    4:Psi:pctex21           -0.6392284       0.2318531      -1.0936604      -0.1847963    
    5:Psi:pctpool            0.0142762       0.0141725      -0.0135020       0.0420543    


            Real Function Parameters of { p(~effort)Psi(~pctex21 + pctpool) }

      Following estimates based on unstandardized individual covariate values:
          Variable   Value         
          ---------  ------------- 
          EFFORT1    -0.7246373E-10
          EFFORT2    -0.1449268E-10
          EFFORT3     0.4347865E-11
          PCTEX21     4.8306834    
          PCTPOOL     25.664251    
                                                               95% Confidence Interval
  Parameter                  Estimate       Standard Error      Lower           Upper
 --------------------------  --------------  --------------  --------------  --------------
     1:p g1 a0 t1             0.7222207       0.0743111       0.5571240       0.8431043                          
     2:p g1 a1 t2             0.7222207       0.0743111       0.5571240       0.8431043                          
     3:p g1 a2 t3             0.7222207       0.0743111       0.5571240       0.8431043                          
     4:Psi g1 a0 t1           0.0207051       0.0204499       0.0029201       0.1324249                          


                      Estimates of Derived Parameters
       Occupancy Estimates of { p(~effort)Psi(~pctex21 + pctpool) }
                                            95% Confidence Interval
 Group   Psi-hat         Standard Error      Lower           Upper
 -----   --------------  --------------  --------------  --------------
   1      0.0207051       0.0204499       0.0029201       0.1324249    

   CPU Time for the last procedure was 0.09 seconds.     

  Program  MARK  - Survival Rate Estimation with Capture-Recapture Data
   gfortran(dble) Vers. 9.0 Mar 2018     6-Dec-2019 14:35:32    Page  004
 - - - - - - - - - - - - - - - - - - - - - - - - - - - - - - - - - - - - - -
 


  INPUT --- proc stop;

     CPU Time in minutes for this job was 0.00

     Time Start = 14:35:31.880   Time End = 14:35:32.047

     Wall Clock Time in minutes for this job was 0.00


          E X E C U T I O N   S U C C E S S F U L 
