
   Program  MARK  - Survival Rate Estimation with Capture-Recapture Data
   gfortran(dble) Vers. 9.0 Mar 2018    10-Dec-2019 12:34:47    Page  001
 - - - - - - - - - - - - - - - - - - - - - - - - - - - - - - - - - - - - - -
 
   This version was compiled by GCC version 7.2.0 using the options: 
     -cpp -iprefix C:/Program Files/mingw-w64/x86_64-7.2.0-posix-seh-rt_v5-rev1/
     mingw64/bin/../lib/gcc/x86_64-w64-mingw32/7.2.0/ -D_MT -D_REENTRANT
     -U_REENTRANT -D IEEE -D DBLEPRECISION -m64 -mtune=core2 -march=nocona -mthreads
     -O2 -fimplicit-none -fbounds-check -funroll-loops -ftree-vectorize
     -ffpe-summary=invalid,zero,overflow,underflow -fno-unsafe-math-optimizations
     -frounding-math -fsignaling-nans -fopenmp.

   This problem will use 7 of 8 possible threads.


  INPUT --- proc title ;

   CPU Time for the last procedure was 0.01 seconds.     


  INPUT --- proc chmatrix occasions= 3 groups= 1 etype= Occupancy 
  INPUT --- Nodes= 101 icovar = 7 ICMeans  NoHist hist= 138 ;

  INPUT ---    time interval 1 1 1 ;

  INPUT ---     icovariates effort1 effort2 effort3 pctex21 pctrock  
  INPUT ---    pctBrBnk HAiFLS_for ;

  INPUT ---    glabel(1)=freq1;

      Number of unique encounter histories read was 138.

      Number of individual covariates read was 7.
      Time interval lengths are all equal to 1.

      Data type number is 27
      Data type is Occupancy Estimation with Detection < 1                                                             

   CPU Time for the last procedure was 0.02 seconds.     

  Program  MARK  - Survival Rate Estimation with Capture-Recapture Data
   gfortran(dble) Vers. 9.0 Mar 2018    10-Dec-2019 12:34:47    Page  002
 - - - - - - - - - - - - - - - - - - - - - - - - - - - - - - - - - - - - - -
 


  INPUT --- proc estimate link=Logit NOLOOP varest=2ndPart    ;


  INPUT --- model={ p(~effort)Psi(~pctex21 + pctrock + pctBrBnk + 
  INPUT --- HAiFLS_for) };

  INPUT ---    group=1 p    rows=1 cols=3 Square ;
  INPUT ---        1 2 3 ;

  INPUT ---    group=1 Psi    rows=1 cols=1 Square ;
  INPUT ---        4 ;

  INPUT ---    design matrix constraints=4 covariates=7;
  INPUT ---        1 effort1 0 0 0 0 0;
  INPUT ---        1 effort2 0 0 0 0 0;
  INPUT ---        1 effort3 0 0 0 0 0;
  INPUT ---        0 0 1 pctex21 pctrock pctBrBnk HAiFLS_for;
  INPUT ---       blabel(1)=p:(Intercept);
  INPUT ---       blabel(2)=p:effort;
  INPUT ---       blabel(3)=Psi:(Intercept);
  INPUT ---       blabel(4)=Psi:pctex21;
  INPUT ---       blabel(5)=Psi:pctrock;
  INPUT ---       blabel(6)=Psi:pctBrBnk;
  INPUT ---       blabel(7)=Psi:HAiFLS_for;
  INPUT ---       rlabel(1)=p g1 a0 t1;
  INPUT ---       rlabel(2)=p g1 a1 t2;
  INPUT ---       rlabel(3)=p g1 a2 t3;
  INPUT ---       rlabel(4)=Psi g1 a0 t1;

 Link Function Used is LOGIT        

 Variance Estimation Procedure Used is 2ndPart 
 -2logL(saturated) = 0.0000000     
 Effective Sample Size = 138

 Number of function evaluations was 25 for 7 parameters.
 Time for numerical optimization was 0.09 seconds.     
 -2logL { p(~effort)Psi(~pctex21 + pctrock + pctBrBnk + HAiFLS_for) } = 139.32751     
 Penalty { p(~effort)Psi(~pctex21 + pctrock + pctBrBnk + HAiFLS_for) } = 0.0000000     
 Gradient { p(~effort)Psi(~pctex21 + pctrock + pctBrBnk + HAiFLS_for) }:
 -0.9777918E-06  0.3056454E-06  0.7463859E-06   0.000000       0.000000    
   0.000000       0.000000    
 Maximum ABS(G) { p(~effort)Psi(~pctex21 + pctrock + pctBrBnk + HAiFLS_for) } = 0.9777918E-06 

  Program  MARK  - Survival Rate Estimation with Capture-Recapture Data
   gfortran(dble) Vers. 9.0 Mar 2018    10-Dec-2019 12:34:47    Page  003
 - - - - - - - - - - - - - - - - - - - - - - - - - - - - - - - - - - - - - -
 
 S Vector { p(~effort)Psi(~pctex21 + pctrock + pctBrBnk + HAiFLS_for) }:
   21.39771      7.516597     0.9781036     0.4542138     0.2379523    
  0.1582598     0.1572110E-01
 Time to compute number of parameters was 0.01 seconds.     
 Ratio Threshold = 50.000000       Max Gap (6/7) = 10.066713       Next Max Gap (2/3) = 7.6848679     
 Gap Method for Num. of Estimated Parameters { p(~effort)Psi(~pctex21 + pctrock + pctBrBnk + HAiFLS_for) } = 7          
 Threshold { p(~effort)Psi(~pctex21 + pctrock + pctBrBnk + HAiFLS_for) } = 0.1955584E-05                 
 Numerical Threshold Method for Num. of Estimated Parameters { p(~effort)Psi(~pctex21 + pctrock + pctBrBnk + HAiFLS_for) } = 7          
 Number of Estimated Parameters { p(~effort)Psi(~pctex21 + pctrock + pctBrBnk + HAiFLS_for) } = 7          
 DEVIANCE { p(~effort)Psi(~pctex21 + pctrock + pctBrBnk + HAiFLS_for) } = 139.32751                     
 DEVIANCE Degrees of Freedom { p(~effort)Psi(~pctex21 + pctrock + pctBrBnk + HAiFLS_for) } = 131            
 c-hat { p(~effort)Psi(~pctex21 + pctrock + pctBrBnk + HAiFLS_for) } = 1.0635688                     
 AIC { p(~effort)Psi(~pctex21 + pctrock + pctBrBnk + HAiFLS_for) } = 153.32751                  
 AICc { p(~effort)Psi(~pctex21 + pctrock + pctBrBnk + HAiFLS_for) } = 154.18905                    
 BIC { p(~effort)Psi(~pctex21 + pctrock + pctBrBnk + HAiFLS_for) } = 173.81829                    
 Pearson Chisquare { p(~effort)Psi(~pctex21 + pctrock + pctBrBnk + HAiFLS_for) } = 590.02045                  


 LOGIT Link Function Parameters of { p(~effort)Psi(~pctex21 + pctrock + pctBrBnk + HAiFLS_for) }
                                                              95% Confidence Interval
 Parameter                    Beta         Standard Error      Lower           Upper
 -------------------------  --------------  --------------  --------------  --------------
    1:p:(Intercept)          0.9506695       0.3708951       0.2237151       1.6776240    
    2:p:effort               1.1355883       0.5428051       0.0716903       2.1994862    
    3:Psi:(Intercept)       -1.5554459       1.0840853      -3.6802531       0.5693614    
    4:Psi:pctex21           -0.6900052       0.2570868      -1.1938953      -0.1861152    
    5:Psi:pctrock            0.0096628       0.0124736      -0.0147854       0.0341109    
    6:Psi:pctBrBnk          -0.7031032       0.6302575      -1.9384079       0.5322016    
    7:Psi:HAiFLS_for         0.0199986       0.0101144       0.1742719E-03   0.0398229    


 Real Function Parameters of { p(~effort)Psi(~pctex21 + pctrock + pctBrBnk + HAiFLS_for) }

      Following estimates based on unstandardized individual covariate values:
          Variable   Value         
          ---------  ------------- 
          EFFORT1    -0.7246373E-10
          EFFORT2    -0.1449268E-10
          EFFORT3     0.4347865E-11
          PCTEX21     4.8306834    
          PCTROCK     68.678238    
          PCTBRBNK    0.8740586    
          HAIFLS_FOR  26.272482    
                                                               95% Confidence Interval
  Parameter                  Estimate       Standard Error      Lower           Upper
 --------------------------  --------------  --------------  --------------  --------------
     1:p g1 a0 t1             0.7212498       0.0745679       0.5556967       0.8425897                          
     2:p g1 a1 t2             0.7212498       0.0745679       0.5556967       0.8425897                          
     3:p g1 a2 t3             0.7212498       0.0745679       0.5556967       0.8425897                          
     4:Psi g1 a0 t1           0.0132011       0.0146084       0.0014831       0.1075319                          


                      Estimates of Derived Parameters
 Occupancy Estimates of { p(~effort)Psi(~pctex21 + pctrock + pctBrBnk + HAiFLS_for) }
                                            95% Confidence Interval
 Group   Psi-hat         Standard Error      Lower           Upper
 -----   --------------  --------------  --------------  --------------
   1      0.0132011       0.0146084       0.0014831       0.1075319    

  Program  MARK  - Survival Rate Estimation with Capture-Recapture Data
   gfortran(dble) Vers. 9.0 Mar 2018    10-Dec-2019 12:34:47    Page  004
 - - - - - - - - - - - - - - - - - - - - - - - - - - - - - - - - - - - - - -
 

   CPU Time for the last procedure was 0.09 seconds.     


  INPUT --- proc stop;

     CPU Time in minutes for this job was 0.00

     Time Start = 12:34:47.577   Time End = 12:34:47.795

     Wall Clock Time in minutes for this job was 0.00


          E X E C U T I O N   S U C C E S S F U L 
