
   Program  MARK  - Survival Rate Estimation with Capture-Recapture Data
   gfortran(dble) Vers. 9.0 Mar 2018     9-Dec-2019 13:22:18    Page  001
 - - - - - - - - - - - - - - - - - - - - - - - - - - - - - - - - - - - - - -
 
   This version was compiled by GCC version 7.2.0 using the options: 
     -cpp -iprefix C:/Program Files/mingw-w64/x86_64-7.2.0-posix-seh-rt_v5-rev1/
     mingw64/bin/../lib/gcc/x86_64-w64-mingw32/7.2.0/ -D_MT -D_REENTRANT
     -U_REENTRANT -D IEEE -D DBLEPRECISION -m64 -mtune=core2 -march=nocona -mthreads
     -O2 -fimplicit-none -fbounds-check -funroll-loops -ftree-vectorize
     -ffpe-summary=invalid,zero,overflow,underflow -fno-unsafe-math-optimizations
     -frounding-math -fsignaling-nans -fopenmp.

   This problem will use 7 of 8 possible threads.


  INPUT --- proc title ;

   CPU Time for the last procedure was 0.01 seconds.     


  INPUT --- proc chmatrix occasions= 3 groups= 1 etype= Occupancy 
  INPUT --- Nodes= 101 icovar = 4 ICMeans  NoHist hist= 138 ;

  INPUT ---    time interval 1 1 1 ;

  INPUT ---     icovariates HAiFLS_for Area_km2 EFac_Cat Cross_Cat ;

  INPUT ---    glabel(1)=freq1;

      Number of unique encounter histories read was 138.

      Number of individual covariates read was 4.
      Time interval lengths are all equal to 1.

      Data type number is 27
      Data type is Occupancy Estimation with Detection < 1                                                             

   CPU Time for the last procedure was 0.01 seconds.     

  Program  MARK  - Survival Rate Estimation with Capture-Recapture Data
   gfortran(dble) Vers. 9.0 Mar 2018     9-Dec-2019 13:22:18    Page  002
 - - - - - - - - - - - - - - - - - - - - - - - - - - - - - - - - - - - - - -
 


  INPUT --- proc estimate link=Logit NOLOOP varest=2ndPart    ;


  INPUT --- model={ p(~1)Psi(~HAiFLS_for + Area_km2 + EFac_Cat + 
  INPUT --- Cross_Cat) };

  INPUT ---    group=1 p    rows=1 cols=3 Square ;
  INPUT ---        1 1 1 ;

  INPUT ---    group=1 Psi    rows=1 cols=1 Square ;
  INPUT ---        2 ;

  INPUT ---    design matrix constraints=2 covariates=6;
  INPUT ---        1 0 0 0 0 0;
  INPUT ---        0 1 HAiFLS_for Area_km2 EFac_Cat Cross_Cat;
  INPUT ---       blabel(1)=p:(Intercept);
  INPUT ---       blabel(2)=Psi:(Intercept);
  INPUT ---       blabel(3)=Psi:HAiFLS_for;
  INPUT ---       blabel(4)=Psi:Area_km2;
  INPUT ---       blabel(5)=Psi:EFac_Cat;
  INPUT ---       blabel(6)=Psi:Cross_Cat;
  INPUT ---       rlabel(1)=p g1 a0 t1;
  INPUT ---       rlabel(2)=Psi g1 a0 t1;

 Link Function Used is LOGIT        

 Variance Estimation Procedure Used is 2ndPart 
 -2logL(saturated) = 0.0000000     
 Effective Sample Size = 138

 Number of function evaluations was 20 for 6 parameters.
 Time for numerical optimization was 0.09 seconds.     
 -2logL { p(~1)Psi(~HAiFLS_for + Area_km2 + EFac_Cat + Cross_Cat) } = 166.38340     
 Penalty { p(~1)Psi(~HAiFLS_for + Area_km2 + EFac_Cat + Cross_Cat) } = 0.0000000     
 Gradient { p(~1)Psi(~HAiFLS_for + Area_km2 + EFac_Cat + Cross_Cat) }:
  0.9795920E-06   0.000000       0.000000     -0.8960102E-06 -0.1214567E-05
 -0.5108157E-06
 Maximum ABS(G) { p(~1)Psi(~HAiFLS_for + Area_km2 + EFac_Cat + Cross_Cat) } = 0.1214567E-05 
 S Vector { p(~1)Psi(~HAiFLS_for + Area_km2 + EFac_Cat + Cross_Cat) }:
   18.22080      9.616773      1.393198     0.4123012     0.2946396    
  0.2858401E-01
 Time to compute number of parameters was 0.01 seconds.     
 Ratio Threshold = 50.000000       Max Gap (5/6) = 10.307848       Next Max Gap (2/3) = 6.9026620     
 Gap Method for Num. of Estimated Parameters { p(~1)Psi(~HAiFLS_for + Area_km2 + EFac_Cat + Cross_Cat) } = 6          
 Threshold { p(~1)Psi(~HAiFLS_for + Area_km2 + EFac_Cat + Cross_Cat) } = 0.2429134E-05                 
 Numerical Threshold Method for Num. of Estimated Parameters { p(~1)Psi(~HAiFLS_for + Area_km2 + EFac_Cat + Cross_Cat) } = 6          
 Number of Estimated Parameters { p(~1)Psi(~HAiFLS_for + Area_km2 + EFac_Cat + Cross_Cat) } = 6          
 DEVIANCE { p(~1)Psi(~HAiFLS_for + Area_km2 + EFac_Cat + Cross_Cat) } = 166.38340                     
 DEVIANCE Degrees of Freedom { p(~1)Psi(~HAiFLS_for + Area_km2 + EFac_Cat + Cross_Cat) } = 132            
 c-hat { p(~1)Psi(~HAiFLS_for + Area_km2 + EFac_Cat + Cross_Cat) } = 1.2604803                     
 AIC { p(~1)Psi(~HAiFLS_for + Area_km2 + EFac_Cat + Cross_Cat) } = 178.38340                  
 AICc { p(~1)Psi(~HAiFLS_for + Area_km2 + EFac_Cat + Cross_Cat) } = 179.02462                    
 BIC { p(~1)Psi(~HAiFLS_for + Area_km2 + EFac_Cat + Cross_Cat) } = 195.94692                    
 Pearson Chisquare { p(~1)Psi(~HAiFLS_for + Area_km2 + EFac_Cat + Cross_Cat) } = 963.34771                  

  Program  MARK  - Survival Rate Estimation with Capture-Recapture Data
   gfortran(dble) Vers. 9.0 Mar 2018     9-Dec-2019 13:22:18    Page  003
 - - - - - - - - - - - - - - - - - - - - - - - - - - - - - - - - - - - - - -
 


 LOGIT Link Function Parameters of { p(~1)Psi(~HAiFLS_for + Area_km2 + EFac_Cat + Cross_Cat) }
                                                              95% Confidence Interval
 Parameter                    Beta         Standard Error      Lower           Upper
 -------------------------  --------------  --------------  --------------  --------------
    1:p:(Intercept)          0.9470848       0.3213884       0.3171635       1.5770061    
    2:Psi:(Intercept)       -2.4323094       0.7063718      -3.8167982      -1.0478207    
    3:Psi:HAiFLS_for         0.0154860       0.0097299      -0.0035846       0.0345566    
    4:Psi:Area_km2           0.0640102       0.0356222      -0.0058093       0.1338296    
    5:Psi:EFac_Cat           0.5443335       1.6628095      -2.7147733       3.8034402    
    6:Psi:Cross_Cat         -0.9347085       0.8403292      -2.5817538       0.7123368    


 Real Function Parameters of { p(~1)Psi(~HAiFLS_for + Area_km2 + EFac_Cat + Cross_Cat) }

      Following estimates based on unstandardized individual covariate values:
          Variable   Value         
          ---------  ------------- 
          HAIFLS_FOR  26.272482    
          AREA_KM2    7.8085664    
          EFAC_CAT    0.0880592    
          CROSS_CAT   0.6212393    
                                                               95% Confidence Interval
  Parameter                  Estimate       Standard Error      Lower           Upper
 --------------------------  --------------  --------------  --------------  --------------
     1:p g1 a0 t1             0.7205285       0.0647171       0.5786328       0.8287801                          
     2:Psi g1 a0 t1           0.1132093       0.0312421       0.0648688       0.1902445                          


                      Estimates of Derived Parameters
 Occupancy Estimates of { p(~1)Psi(~HAiFLS_for + Area_km2 + EFac_Cat + Cross_Cat) }
                                            95% Confidence Interval
 Group   Psi-hat         Standard Error      Lower           Upper
 -----   --------------  --------------  --------------  --------------
   1      0.1132093       0.0312421       0.0648688       0.1902445    

   CPU Time for the last procedure was 0.09 seconds.     

  Program  MARK  - Survival Rate Estimation with Capture-Recapture Data
   gfortran(dble) Vers. 9.0 Mar 2018     9-Dec-2019 13:22:18    Page  004
 - - - - - - - - - - - - - - - - - - - - - - - - - - - - - - - - - - - - - -
 


  INPUT --- proc stop;

     CPU Time in minutes for this job was 0.00

     Time Start = 13:22:18.542   Time End = 13:22:18.663

     Wall Clock Time in minutes for this job was 0.00


          E X E C U T I O N   S U C C E S S F U L 
