
   Program  MARK  - Survival Rate Estimation with Capture-Recapture Data
   gfortran(dble) Vers. 9.0 Mar 2018     6-Dec-2019 14:35:25    Page  001
 - - - - - - - - - - - - - - - - - - - - - - - - - - - - - - - - - - - - - -
 
   This version was compiled by GCC version 7.2.0 using the options: 
     -cpp -iprefix C:/Program Files/mingw-w64/x86_64-7.2.0-posix-seh-rt_v5-rev1/
     mingw64/bin/../lib/gcc/x86_64-w64-mingw32/7.2.0/ -D_MT -D_REENTRANT
     -U_REENTRANT -D IEEE -D DBLEPRECISION -m64 -mtune=core2 -march=nocona -mthreads
     -O2 -fimplicit-none -fbounds-check -funroll-loops -ftree-vectorize
     -ffpe-summary=invalid,zero,overflow,underflow -fno-unsafe-math-optimizations
     -frounding-math -fsignaling-nans -fopenmp.

   This problem will use 7 of 8 possible threads.


  INPUT --- proc title ;

   CPU Time for the last procedure was 0.01 seconds.     


  INPUT --- proc chmatrix occasions= 3 groups= 1 etype= Occupancy 
  INPUT --- Nodes= 101 icovar = 6 ICMeans  NoHist hist= 138 ;

  INPUT ---    time interval 1 1 1 ;

  INPUT ---     icovariates effort1 effort2 effort3 pctex21 pctpool  
  INPUT ---    pctrock ;

  INPUT ---    glabel(1)=freq1;

      Number of unique encounter histories read was 138.

      Number of individual covariates read was 6.
      Time interval lengths are all equal to 1.

      Data type number is 27
      Data type is Occupancy Estimation with Detection < 1                                                             

   CPU Time for the last procedure was 0.02 seconds.     

  Program  MARK  - Survival Rate Estimation with Capture-Recapture Data
   gfortran(dble) Vers. 9.0 Mar 2018     6-Dec-2019 14:35:25    Page  002
 - - - - - - - - - - - - - - - - - - - - - - - - - - - - - - - - - - - - - -
 


  INPUT --- proc estimate link=Logit NOLOOP varest=2ndPart    ;


  INPUT --- model={ p(~effort)Psi(~pctex21 + pctpool + pctrock) };

  INPUT ---    group=1 p    rows=1 cols=3 Square ;
  INPUT ---        1 2 3 ;

  INPUT ---    group=1 Psi    rows=1 cols=1 Square ;
  INPUT ---        4 ;

  INPUT ---    design matrix constraints=4 covariates=6;
  INPUT ---        1 effort1 0 0 0 0;
  INPUT ---        1 effort2 0 0 0 0;
  INPUT ---        1 effort3 0 0 0 0;
  INPUT ---        0 0 1 pctex21 pctpool pctrock;
  INPUT ---       blabel(1)=p:(Intercept);
  INPUT ---       blabel(2)=p:effort;
  INPUT ---       blabel(3)=Psi:(Intercept);
  INPUT ---       blabel(4)=Psi:pctex21;
  INPUT ---       blabel(5)=Psi:pctpool;
  INPUT ---       blabel(6)=Psi:pctrock;
  INPUT ---       rlabel(1)=p g1 a0 t1;
  INPUT ---       rlabel(2)=p g1 a1 t2;
  INPUT ---       rlabel(3)=p g1 a2 t3;
  INPUT ---       rlabel(4)=Psi g1 a0 t1;

 Link Function Used is LOGIT        

 Variance Estimation Procedure Used is 2ndPart 
 -2logL(saturated) = 0.0000000     
 Effective Sample Size = 138

 Number of function evaluations was 20 for 6 parameters.
 Time for numerical optimization was 0.02 seconds.     
 -2logL { p(~effort)Psi(~pctex21 + pctpool + pctrock) } = 143.06218     
 Penalty { p(~effort)Psi(~pctex21 + pctpool + pctrock) } = 0.0000000     
 Gradient { p(~effort)Psi(~pctex21 + pctpool + pctrock) }:
 -0.9669392E-06  0.6370800E-06  0.5062200E-06 -0.8894551E-07  0.6822933E-06
   0.000000    
 Maximum ABS(G) { p(~effort)Psi(~pctex21 + pctpool + pctrock) } = 0.9669392E-06 
 S Vector { p(~effort)Psi(~pctex21 + pctpool + pctrock) }:
   21.87697      7.887379     0.9597866     0.2747070     0.1695240    
  0.1919919E-01
 Time to compute number of parameters was 0.02 seconds.     
 Ratio Threshold = 50.000000       Max Gap (5/6) = 8.8297503       Next Max Gap (2/3) = 8.2178466     
 Gap Method for Num. of Estimated Parameters { p(~effort)Psi(~pctex21 + pctpool + pctrock) } = 6          
 Threshold { p(~effort)Psi(~pctex21 + pctpool + pctrock) } = 0.1933878E-05                 
 Numerical Threshold Method for Num. of Estimated Parameters { p(~effort)Psi(~pctex21 + pctpool + pctrock) } = 6          
 Number of Estimated Parameters { p(~effort)Psi(~pctex21 + pctpool + pctrock) } = 6          
 DEVIANCE { p(~effort)Psi(~pctex21 + pctpool + pctrock) } = 143.06218                     
 DEVIANCE Degrees of Freedom { p(~effort)Psi(~pctex21 + pctpool + pctrock) } = 132            
 c-hat { p(~effort)Psi(~pctex21 + pctpool + pctrock) } = 1.0838044                     
 AIC { p(~effort)Psi(~pctex21 + pctpool + pctrock) } = 155.06218                  
 AICc { p(~effort)Psi(~pctex21 + pctpool + pctrock) } = 155.70340                    
 BIC { p(~effort)Psi(~pctex21 + pctpool + pctrock) } = 172.62570                    
 Pearson Chisquare { p(~effort)Psi(~pctex21 + pctpool + pctrock) } = 687.56801                  

  Program  MARK  - Survival Rate Estimation with Capture-Recapture Data
   gfortran(dble) Vers. 9.0 Mar 2018     6-Dec-2019 14:35:25    Page  003
 - - - - - - - - - - - - - - - - - - - - - - - - - - - - - - - - - - - - - -
 


       LOGIT Link Function Parameters of { p(~effort)Psi(~pctex21 + pctpool + pctrock) }
                                                              95% Confidence Interval
 Parameter                    Beta         Standard Error      Lower           Upper
 -------------------------  --------------  --------------  --------------  --------------
    1:p:(Intercept)          0.9725632       0.3660859       0.2550348       1.6900915    
    2:p:effort               1.0808474       0.5249679       0.0519104       2.1097844    
    3:Psi:(Intercept)       -2.7678253       1.2248770      -5.1685843      -0.3670664    
    4:Psi:pctex21           -0.6601558       0.2329967      -1.1168293      -0.2034822    
    5:Psi:pctpool            0.0226800       0.0157830      -0.0082547       0.0536146    
    6:Psi:pctrock            0.0201109       0.0130785      -0.0055230       0.0457447    


       Real Function Parameters of { p(~effort)Psi(~pctex21 + pctpool + pctrock) }

      Following estimates based on unstandardized individual covariate values:
          Variable   Value         
          ---------  ------------- 
          EFFORT1    -0.7246373E-10
          EFFORT2    -0.1449268E-10
          EFFORT3     0.4347865E-11
          PCTEX21     4.8306834    
          PCTPOOL     25.664251    
          PCTROCK     68.678238    
                                                               95% Confidence Interval
  Parameter                  Estimate       Standard Error      Lower           Upper
 --------------------------  --------------  --------------  --------------  --------------
     1:p g1 a0 t1             0.7256301       0.0728844       0.5634154       0.8442362                          
     2:p g1 a1 t2             0.7256301       0.0728844       0.5634154       0.8442362                          
     3:p g1 a2 t3             0.7256301       0.0728844       0.5634154       0.8442362                          
     4:Psi g1 a0 t1           0.0180999       0.0180522       0.0025112       0.1189188                          


                      Estimates of Derived Parameters
  Occupancy Estimates of { p(~effort)Psi(~pctex21 + pctpool + pctrock) }
                                            95% Confidence Interval
 Group   Psi-hat         Standard Error      Lower           Upper
 -----   --------------  --------------  --------------  --------------
   1      0.0180999       0.0180522       0.0025112       0.1189188    

   CPU Time for the last procedure was 0.03 seconds.     

  Program  MARK  - Survival Rate Estimation with Capture-Recapture Data
   gfortran(dble) Vers. 9.0 Mar 2018     6-Dec-2019 14:35:25    Page  004
 - - - - - - - - - - - - - - - - - - - - - - - - - - - - - - - - - - - - - -
 


  INPUT --- proc stop;

     CPU Time in minutes for this job was 0.00

     Time Start = 14:35:25.437   Time End = 14:35:25.561

     Wall Clock Time in minutes for this job was 0.00


          E X E C U T I O N   S U C C E S S F U L 
