
   Program  MARK  - Survival Rate Estimation with Capture-Recapture Data
   gfortran(dble) Vers. 9.0 Mar 2018     6-Dec-2019 14:35:15    Page  001
 - - - - - - - - - - - - - - - - - - - - - - - - - - - - - - - - - - - - - -
 
   This version was compiled by GCC version 7.2.0 using the options: 
     -cpp -iprefix C:/Program Files/mingw-w64/x86_64-7.2.0-posix-seh-rt_v5-rev1/
     mingw64/bin/../lib/gcc/x86_64-w64-mingw32/7.2.0/ -D_MT -D_REENTRANT
     -U_REENTRANT -D IEEE -D DBLEPRECISION -m64 -mtune=core2 -march=nocona -mthreads
     -O2 -fimplicit-none -fbounds-check -funroll-loops -ftree-vectorize
     -ffpe-summary=invalid,zero,overflow,underflow -fno-unsafe-math-optimizations
     -frounding-math -fsignaling-nans -fopenmp.

   This problem will use 7 of 8 possible threads.


  INPUT --- proc title ;

   CPU Time for the last procedure was 0.01 seconds.     


  INPUT --- proc chmatrix occasions= 3 groups= 1 etype= Occupancy 
  INPUT --- Nodes= 101 icovar = 6 ICMeans  NoHist hist= 138 ;

  INPUT ---    time interval 1 1 1 ;

  INPUT ---     icovariates effort1 effort2 effort3 BRT_100m pctShade  
  INPUT ---    pctBrBnk ;

  INPUT ---    glabel(1)=freq1;

      Number of unique encounter histories read was 138.

      Number of individual covariates read was 6.
      Time interval lengths are all equal to 1.

      Data type number is 27
      Data type is Occupancy Estimation with Detection < 1                                                             

   CPU Time for the last procedure was 0.01 seconds.     

  Program  MARK  - Survival Rate Estimation with Capture-Recapture Data
   gfortran(dble) Vers. 9.0 Mar 2018     6-Dec-2019 14:35:15    Page  002
 - - - - - - - - - - - - - - - - - - - - - - - - - - - - - - - - - - - - - -
 


  INPUT --- proc estimate link=Logit NOLOOP varest=2ndPart    ;


  INPUT --- model={ p(~effort)Psi(~BRT_100m + pctShade + pctBrBnk) };

  INPUT ---    group=1 p    rows=1 cols=3 Square ;
  INPUT ---        1 2 3 ;

  INPUT ---    group=1 Psi    rows=1 cols=1 Square ;
  INPUT ---        4 ;

  INPUT ---    design matrix constraints=4 covariates=6;
  INPUT ---        1 effort1 0 0 0 0;
  INPUT ---        1 effort2 0 0 0 0;
  INPUT ---        1 effort3 0 0 0 0;
  INPUT ---        0 0 1 BRT_100m pctShade pctBrBnk;
  INPUT ---       blabel(1)=p:(Intercept);
  INPUT ---       blabel(2)=p:effort;
  INPUT ---       blabel(3)=Psi:(Intercept);
  INPUT ---       blabel(4)=Psi:BRT_100m;
  INPUT ---       blabel(5)=Psi:pctShade;
  INPUT ---       blabel(6)=Psi:pctBrBnk;
  INPUT ---       rlabel(1)=p g1 a0 t1;
  INPUT ---       rlabel(2)=p g1 a1 t2;
  INPUT ---       rlabel(3)=p g1 a2 t3;
  INPUT ---       rlabel(4)=Psi g1 a0 t1;

 Link Function Used is LOGIT        

 Variance Estimation Procedure Used is 2ndPart 
 -2logL(saturated) = 0.0000000     
 Effective Sample Size = 138

 Number of function evaluations was 18 for 6 parameters.
 Time for numerical optimization was 0.05 seconds.     
 -2logL { p(~effort)Psi(~BRT_100m + pctShade + pctBrBnk) } = 158.76499     
 Penalty { p(~effort)Psi(~BRT_100m + pctShade + pctBrBnk) } = 0.0000000     
 Gradient { p(~effort)Psi(~BRT_100m + pctShade + pctBrBnk) }:
  0.9586556E-06  0.3270648E-06 -0.8058908E-06  0.5337213E-06 -0.1197873E-05
 -0.7412030E-06
 Maximum ABS(G) { p(~effort)Psi(~BRT_100m + pctShade + pctBrBnk) } = 0.1197873E-05 
 S Vector { p(~effort)Psi(~BRT_100m + pctShade + pctBrBnk) }:
   19.85861      8.184128      1.064224     0.4384717     0.2295214    
  0.1715963    
 Time to compute number of parameters was 0.01 seconds.     
 Ratio Threshold = 50.000000       Max Gap (2/3) = 7.6902329       Next Max Gap (3/4) = 2.4271205     
 Gap Method for Num. of Estimated Parameters { p(~effort)Psi(~BRT_100m + pctShade + pctBrBnk) } = 6          
 Threshold { p(~effort)Psi(~BRT_100m + pctShade + pctBrBnk) } = 0.2395746E-05                 
 Numerical Threshold Method for Num. of Estimated Parameters { p(~effort)Psi(~BRT_100m + pctShade + pctBrBnk) } = 6          
 Number of Estimated Parameters { p(~effort)Psi(~BRT_100m + pctShade + pctBrBnk) } = 6          
 DEVIANCE { p(~effort)Psi(~BRT_100m + pctShade + pctBrBnk) } = 158.76499                     
 DEVIANCE Degrees of Freedom { p(~effort)Psi(~BRT_100m + pctShade + pctBrBnk) } = 132            
 c-hat { p(~effort)Psi(~BRT_100m + pctShade + pctBrBnk) } = 1.2027651                     
 AIC { p(~effort)Psi(~BRT_100m + pctShade + pctBrBnk) } = 170.76499                  
 AICc { p(~effort)Psi(~BRT_100m + pctShade + pctBrBnk) } = 171.40622                    
 BIC { p(~effort)Psi(~BRT_100m + pctShade + pctBrBnk) } = 188.32852                    
 Pearson Chisquare { p(~effort)Psi(~BRT_100m + pctShade + pctBrBnk) } = 897.85657                  

  Program  MARK  - Survival Rate Estimation with Capture-Recapture Data
   gfortran(dble) Vers. 9.0 Mar 2018     6-Dec-2019 14:35:15    Page  003
 - - - - - - - - - - - - - - - - - - - - - - - - - - - - - - - - - - - - - -
 


      LOGIT Link Function Parameters of { p(~effort)Psi(~BRT_100m + pctShade + pctBrBnk) }
                                                              95% Confidence Interval
 Parameter                    Beta         Standard Error      Lower           Upper
 -------------------------  --------------  --------------  --------------  --------------
    1:p:(Intercept)          0.9896078       0.3635230       0.2771028       1.7021129    
    2:p:effort               1.0470273       0.5204829       0.0268808       2.0671738    
    3:Psi:(Intercept)       -1.3667580       0.6312949      -2.6040961      -0.1294200    
    4:Psi:BRT_100m           0.0267692       0.0162851      -0.0051496       0.0586880    
    5:Psi:pctShade           0.0059586       0.0088158      -0.0113204       0.0232375    
    6:Psi:pctBrBnk          -1.3094620       0.6361732      -2.5563615      -0.0625625    


      Real Function Parameters of { p(~effort)Psi(~BRT_100m + pctShade + pctBrBnk) }

      Following estimates based on unstandardized individual covariate values:
          Variable   Value         
          ---------  ------------- 
          EFFORT1    -0.7246373E-10
          EFFORT2    -0.1449268E-10
          EFFORT3     0.4347865E-11
          BRT_100M    6.7817616    
          PCTSHADE    48.614931    
          PCTBRBNK    0.8740586    
                                                               95% Confidence Interval
  Parameter                  Estimate       Standard Error      Lower           Upper
 --------------------------  --------------  --------------  --------------  --------------
     1:p g1 a0 t1             0.7290105       0.0718155       0.5688358       0.8458105                          
     2:p g1 a1 t2             0.7290105       0.0718155       0.5688358       0.8458105                          
     3:p g1 a2 t3             0.7290105       0.0718155       0.5688358       0.8458105                          
     4:Psi g1 a0 t1           0.1150580       0.0319085       0.0657235       0.1937452                          


                      Estimates of Derived Parameters
 Occupancy Estimates of { p(~effort)Psi(~BRT_100m + pctShade + pctBrBnk) }
                                            95% Confidence Interval
 Group   Psi-hat         Standard Error      Lower           Upper
 -----   --------------  --------------  --------------  --------------
   1      0.1150580       0.0319085       0.0657235       0.1937452    

   CPU Time for the last procedure was 0.05 seconds.     

  Program  MARK  - Survival Rate Estimation with Capture-Recapture Data
   gfortran(dble) Vers. 9.0 Mar 2018     6-Dec-2019 14:35:15    Page  004
 - - - - - - - - - - - - - - - - - - - - - - - - - - - - - - - - - - - - - -
 


  INPUT --- proc stop;

     CPU Time in minutes for this job was 0.00

     Time Start = 14:35:15.038   Time End = 14:35:15.253

     Wall Clock Time in minutes for this job was 0.00


          E X E C U T I O N   S U C C E S S F U L 
