
   Program  MARK  - Survival Rate Estimation with Capture-Recapture Data
   gfortran(dble) Vers. 9.0 Mar 2018     9-Dec-2019 13:22:19    Page  001
 - - - - - - - - - - - - - - - - - - - - - - - - - - - - - - - - - - - - - -
 
   This version was compiled by GCC version 7.2.0 using the options: 
     -cpp -iprefix C:/Program Files/mingw-w64/x86_64-7.2.0-posix-seh-rt_v5-rev1/
     mingw64/bin/../lib/gcc/x86_64-w64-mingw32/7.2.0/ -D_MT -D_REENTRANT
     -U_REENTRANT -D IEEE -D DBLEPRECISION -m64 -mtune=core2 -march=nocona -mthreads
     -O2 -fimplicit-none -fbounds-check -funroll-loops -ftree-vectorize
     -ffpe-summary=invalid,zero,overflow,underflow -fno-unsafe-math-optimizations
     -frounding-math -fsignaling-nans -fopenmp.

   This problem will use 7 of 8 possible threads.


  INPUT --- proc title ;

   CPU Time for the last procedure was 0.01 seconds.     


  INPUT --- proc chmatrix occasions= 3 groups= 1 etype= Occupancy 
  INPUT --- Nodes= 101 icovar = 4 ICMeans  NoHist hist= 138 ;

  INPUT ---    time interval 1 1 1 ;

  INPUT ---     icovariates HAiFLS_for AvgSlope EFac_Cat Cross_Cat ;

  INPUT ---    glabel(1)=freq1;

      Number of unique encounter histories read was 138.

      Number of individual covariates read was 4.
      Time interval lengths are all equal to 1.

      Data type number is 27
      Data type is Occupancy Estimation with Detection < 1                                                             

   CPU Time for the last procedure was 0.01 seconds.     

  Program  MARK  - Survival Rate Estimation with Capture-Recapture Data
   gfortran(dble) Vers. 9.0 Mar 2018     9-Dec-2019 13:22:19    Page  002
 - - - - - - - - - - - - - - - - - - - - - - - - - - - - - - - - - - - - - -
 


  INPUT --- proc estimate link=Logit NOLOOP varest=2ndPart    ;


  INPUT --- model={ p(~1)Psi(~HAiFLS_for + AvgSlope + EFac_Cat + 
  INPUT --- Cross_Cat) };

  INPUT ---    group=1 p    rows=1 cols=3 Square ;
  INPUT ---        1 1 1 ;

  INPUT ---    group=1 Psi    rows=1 cols=1 Square ;
  INPUT ---        2 ;

  INPUT ---    design matrix constraints=2 covariates=6;
  INPUT ---        1 0 0 0 0 0;
  INPUT ---        0 1 HAiFLS_for AvgSlope EFac_Cat Cross_Cat;
  INPUT ---       blabel(1)=p:(Intercept);
  INPUT ---       blabel(2)=Psi:(Intercept);
  INPUT ---       blabel(3)=Psi:HAiFLS_for;
  INPUT ---       blabel(4)=Psi:AvgSlope;
  INPUT ---       blabel(5)=Psi:EFac_Cat;
  INPUT ---       blabel(6)=Psi:Cross_Cat;
  INPUT ---       rlabel(1)=p g1 a0 t1;
  INPUT ---       rlabel(2)=Psi g1 a0 t1;

 Link Function Used is LOGIT        

 Variance Estimation Procedure Used is 2ndPart 
 -2logL(saturated) = 0.0000000     
 Effective Sample Size = 138

 Number of function evaluations was 18 for 6 parameters.
 Time for numerical optimization was 0.01 seconds.     
 -2logL { p(~1)Psi(~HAiFLS_for + AvgSlope + EFac_Cat + Cross_Cat) } = 167.00256     
 Penalty { p(~1)Psi(~HAiFLS_for + AvgSlope + EFac_Cat + Cross_Cat) } = 0.0000000     
 Gradient { p(~1)Psi(~HAiFLS_for + AvgSlope + EFac_Cat + Cross_Cat) }:
   0.000000      0.3165737E-05  0.1540557E-05   0.000000      0.1342256E-05
  0.3943936E-06
 Maximum ABS(G) { p(~1)Psi(~HAiFLS_for + AvgSlope + EFac_Cat + Cross_Cat) } = 0.3165737E-05 
 S Vector { p(~1)Psi(~HAiFLS_for + AvgSlope + EFac_Cat + Cross_Cat) }:
   18.46468      9.607429      1.335148     0.4022744     0.3062914    
  0.4088719E-01
 Time to compute number of parameters was 0.11 seconds.     
 Ratio Threshold = 50.000000       Max Gap (5/6) = 7.4911350       Next Max Gap (2/3) = 7.1957753     
 Gap Method for Num. of Estimated Parameters { p(~1)Psi(~HAiFLS_for + AvgSlope + EFac_Cat + Cross_Cat) } = 6          
 Threshold { p(~1)Psi(~HAiFLS_for + AvgSlope + EFac_Cat + Cross_Cat) } = 0.6331474E-05                 
 Numerical Threshold Method for Num. of Estimated Parameters { p(~1)Psi(~HAiFLS_for + AvgSlope + EFac_Cat + Cross_Cat) } = 6          
 Number of Estimated Parameters { p(~1)Psi(~HAiFLS_for + AvgSlope + EFac_Cat + Cross_Cat) } = 6          
 DEVIANCE { p(~1)Psi(~HAiFLS_for + AvgSlope + EFac_Cat + Cross_Cat) } = 167.00256                     
 DEVIANCE Degrees of Freedom { p(~1)Psi(~HAiFLS_for + AvgSlope + EFac_Cat + Cross_Cat) } = 132            
 c-hat { p(~1)Psi(~HAiFLS_for + AvgSlope + EFac_Cat + Cross_Cat) } = 1.2651709                     
 AIC { p(~1)Psi(~HAiFLS_for + AvgSlope + EFac_Cat + Cross_Cat) } = 179.00256                  
 AICc { p(~1)Psi(~HAiFLS_for + AvgSlope + EFac_Cat + Cross_Cat) } = 179.64378                    
 BIC { p(~1)Psi(~HAiFLS_for + AvgSlope + EFac_Cat + Cross_Cat) } = 196.56608                    
 Pearson Chisquare { p(~1)Psi(~HAiFLS_for + AvgSlope + EFac_Cat + Cross_Cat) } = 982.36434                  

  Program  MARK  - Survival Rate Estimation with Capture-Recapture Data
   gfortran(dble) Vers. 9.0 Mar 2018     9-Dec-2019 13:22:19    Page  003
 - - - - - - - - - - - - - - - - - - - - - - - - - - - - - - - - - - - - - -
 


 LOGIT Link Function Parameters of { p(~1)Psi(~HAiFLS_for + AvgSlope + EFac_Cat + Cross_Cat) }
                                                              95% Confidence Interval
 Parameter                    Beta         Standard Error      Lower           Upper
 -------------------------  --------------  --------------  --------------  --------------
    1:p:(Intercept)          0.9464722       0.3216018       0.3161326       1.5768118    
    2:Psi:(Intercept)       -2.6149851       0.7495580      -4.0841188      -1.1458513    
    3:Psi:HAiFLS_for         0.0147793       0.0096980      -0.0042288       0.0337875    
    4:Psi:AvgSlope           0.0425489       0.0275280      -0.0114060       0.0965038    
    5:Psi:EFac_Cat           0.4017675       1.7002534      -2.9307293       3.7342642    
    6:Psi:Cross_Cat         -0.5543857       0.7064564      -1.9390403       0.8302689    


 Real Function Parameters of { p(~1)Psi(~HAiFLS_for + AvgSlope + EFac_Cat + Cross_Cat) }

      Following estimates based on unstandardized individual covariate values:
          Variable   Value         
          ---------  ------------- 
          HAIFLS_FOR  26.272482    
          AVGSLOPE    12.952003    
          EFAC_CAT    0.0880592    
          CROSS_CAT   0.6212393    
                                                               95% Confidence Interval
  Parameter                  Estimate       Standard Error      Lower           Upper
 --------------------------  --------------  --------------  --------------  --------------
     1:p g1 a0 t1             0.7204052       0.0647775       0.5783815       0.8287525                          
     2:Psi g1 a0 t1           0.1208263       0.0303364       0.0728059       0.1938960                          


                      Estimates of Derived Parameters
 Occupancy Estimates of { p(~1)Psi(~HAiFLS_for + AvgSlope + EFac_Cat + Cross_Cat) }
                                            95% Confidence Interval
 Group   Psi-hat         Standard Error      Lower           Upper
 -----   --------------  --------------  --------------  --------------
   1      0.1208263       0.0303364       0.0728059       0.1938960    

   CPU Time for the last procedure was 0.12 seconds.     

  Program  MARK  - Survival Rate Estimation with Capture-Recapture Data
   gfortran(dble) Vers. 9.0 Mar 2018     9-Dec-2019 13:22:19    Page  004
 - - - - - - - - - - - - - - - - - - - - - - - - - - - - - - - - - - - - - -
 


  INPUT --- proc stop;

     CPU Time in minutes for this job was 0.00

     Time Start = 13:22:19.799   Time End = 13:22:19.956

     Wall Clock Time in minutes for this job was 0.00


          E X E C U T I O N   S U C C E S S F U L 
