
   Program  MARK  - Survival Rate Estimation with Capture-Recapture Data
   gfortran(dble) Vers. 9.0 Mar 2018    10-Dec-2019 13:16:36    Page  001
 - - - - - - - - - - - - - - - - - - - - - - - - - - - - - - - - - - - - - -
 
   This version was compiled by GCC version 7.2.0 using the options: 
     -cpp -iprefix C:/Program Files/mingw-w64/x86_64-7.2.0-posix-seh-rt_v5-rev1/
     mingw64/bin/../lib/gcc/x86_64-w64-mingw32/7.2.0/ -D_MT -D_REENTRANT
     -U_REENTRANT -D IEEE -D DBLEPRECISION -m64 -mtune=core2 -march=nocona -mthreads
     -O2 -fimplicit-none -fbounds-check -funroll-loops -ftree-vectorize
     -ffpe-summary=invalid,zero,overflow,underflow -fno-unsafe-math-optimizations
     -frounding-math -fsignaling-nans -fopenmp.

   This problem will use 7 of 8 possible threads.


  INPUT --- proc title ;

   CPU Time for the last procedure was 0.01 seconds.     


  INPUT --- proc chmatrix occasions= 3 groups= 1 etype= Occupancy 
  INPUT --- Nodes= 101 icovar = 6 ICMeans  NoHist hist= 138 ;

  INPUT ---    time interval 1 1 1 ;

  INPUT ---     icovariates effort1 effort2 effort3 HAiFLS_for AvgSlope  
  INPUT ---    Cross_Cat ;

  INPUT ---    glabel(1)=freq1;

      Number of unique encounter histories read was 138.

      Number of individual covariates read was 6.
      Time interval lengths are all equal to 1.

      Data type number is 27
      Data type is Occupancy Estimation with Detection < 1                                                             

   CPU Time for the last procedure was 0.01 seconds.     

  Program  MARK  - Survival Rate Estimation with Capture-Recapture Data
   gfortran(dble) Vers. 9.0 Mar 2018    10-Dec-2019 13:16:36    Page  002
 - - - - - - - - - - - - - - - - - - - - - - - - - - - - - - - - - - - - - -
 


  INPUT --- proc estimate link=Logit NOLOOP varest=2ndPart    ;


  INPUT --- model={ p(~effort)Psi(~HAiFLS_for + AvgSlope + Cross_Cat) };

  INPUT ---    group=1 p    rows=1 cols=3 Square ;
  INPUT ---        1 2 3 ;

  INPUT ---    group=1 Psi    rows=1 cols=1 Square ;
  INPUT ---        4 ;

  INPUT ---    design matrix constraints=4 covariates=6;
  INPUT ---        1 effort1 0 0 0 0;
  INPUT ---        1 effort2 0 0 0 0;
  INPUT ---        1 effort3 0 0 0 0;
  INPUT ---        0 0 1 HAiFLS_for AvgSlope Cross_Cat;
  INPUT ---       blabel(1)=p:(Intercept);
  INPUT ---       blabel(2)=p:effort;
  INPUT ---       blabel(3)=Psi:(Intercept);
  INPUT ---       blabel(4)=Psi:HAiFLS_for;
  INPUT ---       blabel(5)=Psi:AvgSlope;
  INPUT ---       blabel(6)=Psi:Cross_Cat;
  INPUT ---       rlabel(1)=p g1 a0 t1;
  INPUT ---       rlabel(2)=p g1 a1 t2;
  INPUT ---       rlabel(3)=p g1 a2 t3;
  INPUT ---       rlabel(4)=Psi g1 a0 t1;

 Link Function Used is LOGIT        

 Variance Estimation Procedure Used is 2ndPart 
 -2logL(saturated) = 0.0000000     
 Effective Sample Size = 138

   * *  WARNING  * *   Error number 0 from VA09AD optimization routine. 

 Number of function evaluations was 21 for 6 parameters.
 Time for numerical optimization was 0.01 seconds.     
 -2logL { p(~effort)Psi(~HAiFLS_for + AvgSlope + Cross_Cat) } = 160.99271     
 Penalty { p(~effort)Psi(~HAiFLS_for + AvgSlope + Cross_Cat) } = 0.0000000     
 Gradient { p(~effort)Psi(~HAiFLS_for + AvgSlope + Cross_Cat) }:
   0.000000       0.000000       0.000000       0.000000       0.000000    
   0.000000    
 Maximum ABS(G) { p(~effort)Psi(~HAiFLS_for + AvgSlope + Cross_Cat) } = 0.0000000     

  Program  MARK  - Survival Rate Estimation with Capture-Recapture Data
   gfortran(dble) Vers. 9.0 Mar 2018    10-Dec-2019 13:16:36    Page  003
 - - - - - - - - - - - - - - - - - - - - - - - - - - - - - - - - - - - - - -
 
 S Vector { p(~effort)Psi(~HAiFLS_for + AvgSlope + Cross_Cat) }:
   18.40073      8.101030      1.316580     0.3835556     0.1803942    
  0.4013264E-01
 Time to compute number of parameters was 0.08 seconds.     
 Ratio Threshold = 50.000000       Max Gap (2/3) = 6.1530840       Next Max Gap (5/6) = 4.4949492     
 Gap Method for Num. of Estimated Parameters { p(~effort)Psi(~HAiFLS_for + AvgSlope + Cross_Cat) } = 6          
 Threshold { p(~effort)Psi(~HAiFLS_for + AvgSlope + Cross_Cat) } = 0.0000000                     
 Numerical Threshold Method for Num. of Estimated Parameters { p(~effort)Psi(~HAiFLS_for + AvgSlope + Cross_Cat) } = 6          
 Number of Estimated Parameters { p(~effort)Psi(~HAiFLS_for + AvgSlope + Cross_Cat) } = 6          
 DEVIANCE { p(~effort)Psi(~HAiFLS_for + AvgSlope + Cross_Cat) } = 160.99271                     
 DEVIANCE Degrees of Freedom { p(~effort)Psi(~HAiFLS_for + AvgSlope + Cross_Cat) } = 132            
 c-hat { p(~effort)Psi(~HAiFLS_for + AvgSlope + Cross_Cat) } = 1.2196418                     
 AIC { p(~effort)Psi(~HAiFLS_for + AvgSlope + Cross_Cat) } = 172.99271                  
 AICc { p(~effort)Psi(~HAiFLS_for + AvgSlope + Cross_Cat) } = 173.63394                    
 BIC { p(~effort)Psi(~HAiFLS_for + AvgSlope + Cross_Cat) } = 190.55624                    
 Pearson Chisquare { p(~effort)Psi(~HAiFLS_for + AvgSlope + Cross_Cat) } = 919.49802                  


    LOGIT Link Function Parameters of { p(~effort)Psi(~HAiFLS_for + AvgSlope + Cross_Cat) }
                                                              95% Confidence Interval
 Parameter                    Beta         Standard Error      Lower           Upper
 -------------------------  --------------  --------------  --------------  --------------
    1:p:(Intercept)          0.9856713       0.3641354       0.2719658       1.6993768    
    2:p:effort               1.0322319       0.5095660       0.0334826       2.0309812    
    3:Psi:(Intercept)       -2.5225317       0.7271648      -3.9477747      -1.0972886    
    4:Psi:HAiFLS_for         0.0145536       0.0097199      -0.0044974       0.0336046    
    5:Psi:AvgSlope           0.0417752       0.0277757      -0.0126651       0.0962155    
    6:Psi:Cross_Cat         -0.5791141       0.7136646      -1.9778967       0.8196685    


    Real Function Parameters of { p(~effort)Psi(~HAiFLS_for + AvgSlope + Cross_Cat) }

      Following estimates based on unstandardized individual covariate values:
          Variable   Value         
          ---------  ------------- 
          EFFORT1    -0.7246373E-10
          EFFORT2    -0.1449268E-10
          EFFORT3     0.4347865E-11
          HAIFLS_FOR  26.272482    
          AVGSLOPE    12.952003    
          CROSS_CAT   0.6212393    
                                                               95% Confidence Interval
  Parameter                  Estimate       Standard Error      Lower           Upper
 --------------------------  --------------  --------------  --------------  --------------
     1:p g1 a0 t1             0.7282321       0.0720661       0.5675754       0.8454533                          
     2:p g1 a1 t2             0.7282321       0.0720661       0.5675754       0.8454533                          
     3:p g1 a2 t3             0.7282321       0.0720661       0.5675754       0.8454533                          
     4:Psi g1 a0 t1           0.1235895       0.0312923       0.0741163       0.1989892                          


                      Estimates of Derived Parameters
 Occupancy Estimates of { p(~effort)Psi(~HAiFLS_for + AvgSlope + Cross_Cat) }
                                            95% Confidence Interval
 Group   Psi-hat         Standard Error      Lower           Upper
 -----   --------------  --------------  --------------  --------------
   1      0.1235895       0.0312923       0.0741163       0.1989892    

   CPU Time for the last procedure was 0.08 seconds.     

  Program  MARK  - Survival Rate Estimation with Capture-Recapture Data
   gfortran(dble) Vers. 9.0 Mar 2018    10-Dec-2019 13:16:36    Page  004
 - - - - - - - - - - - - - - - - - - - - - - - - - - - - - - - - - - - - - -
 


  INPUT --- proc stop;

     CPU Time in minutes for this job was 0.00

     Time Start = 13:16:36.521   Time End = 13:16:36.680

     Wall Clock Time in minutes for this job was 0.00


          E X E C U T I O N   S U C C E S S F U L 
