
   Program  MARK  - Survival Rate Estimation with Capture-Recapture Data
   gfortran(dble) Vers. 9.0 Mar 2018     9-Dec-2019 13:22:23    Page  001
 - - - - - - - - - - - - - - - - - - - - - - - - - - - - - - - - - - - - - -
 
   This version was compiled by GCC version 7.2.0 using the options: 
     -cpp -iprefix C:/Program Files/mingw-w64/x86_64-7.2.0-posix-seh-rt_v5-rev1/
     mingw64/bin/../lib/gcc/x86_64-w64-mingw32/7.2.0/ -D_MT -D_REENTRANT
     -U_REENTRANT -D IEEE -D DBLEPRECISION -m64 -mtune=core2 -march=nocona -mthreads
     -O2 -fimplicit-none -fbounds-check -funroll-loops -ftree-vectorize
     -ffpe-summary=invalid,zero,overflow,underflow -fno-unsafe-math-optimizations
     -frounding-math -fsignaling-nans -fopenmp.

   This problem will use 7 of 8 possible threads.


  INPUT --- proc title ;

   CPU Time for the last procedure was 0.01 seconds.     


  INPUT --- proc chmatrix occasions= 3 groups= 1 etype= Occupancy 
  INPUT --- Nodes= 101 icovar = 3 ICMeans  NoHist hist= 138 ;

  INPUT ---    time interval 1 1 1 ;

  INPUT ---     icovariates HAiFLS_for Area_km2 EFac_Cat ;

  INPUT ---    glabel(1)=freq1;

      Number of unique encounter histories read was 138.

      Number of individual covariates read was 3.
      Time interval lengths are all equal to 1.

      Data type number is 27
      Data type is Occupancy Estimation with Detection < 1                                                             

   CPU Time for the last procedure was 0.02 seconds.     

  Program  MARK  - Survival Rate Estimation with Capture-Recapture Data
   gfortran(dble) Vers. 9.0 Mar 2018     9-Dec-2019 13:22:23    Page  002
 - - - - - - - - - - - - - - - - - - - - - - - - - - - - - - - - - - - - - -
 


  INPUT --- proc estimate link=Logit NOLOOP varest=2ndPart    ;


  INPUT --- model={ p(~1)Psi(~HAiFLS_for + Area_km2 + EFac_Cat) };

  INPUT ---    group=1 p    rows=1 cols=3 Square ;
  INPUT ---        1 1 1 ;

  INPUT ---    group=1 Psi    rows=1 cols=1 Square ;
  INPUT ---        2 ;

  INPUT ---    design matrix constraints=2 covariates=5;
  INPUT ---        1 0 0 0 0;
  INPUT ---        0 1 HAiFLS_for Area_km2 EFac_Cat;
  INPUT ---       blabel(1)=p:(Intercept);
  INPUT ---       blabel(2)=Psi:(Intercept);
  INPUT ---       blabel(3)=Psi:HAiFLS_for;
  INPUT ---       blabel(4)=Psi:Area_km2;
  INPUT ---       blabel(5)=Psi:EFac_Cat;
  INPUT ---       rlabel(1)=p g1 a0 t1;
  INPUT ---       rlabel(2)=Psi g1 a0 t1;

 Link Function Used is LOGIT        

 Variance Estimation Procedure Used is 2ndPart 
 -2logL(saturated) = 0.0000000     
 Effective Sample Size = 138

 Number of function evaluations was 12 for 5 parameters.
 Time for numerical optimization was 0.01 seconds.     
 -2logL { p(~1)Psi(~HAiFLS_for + Area_km2 + EFac_Cat) } = 167.93947     
 Penalty { p(~1)Psi(~HAiFLS_for + Area_km2 + EFac_Cat) } = 0.0000000     
 Gradient { p(~1)Psi(~HAiFLS_for + Area_km2 + EFac_Cat) }:
  0.2940565E-05  0.4331958E-05  0.2409704E-05  0.1117554E-05  0.2363929E-05
 Maximum ABS(G) { p(~1)Psi(~HAiFLS_for + Area_km2 + EFac_Cat) } = 0.4331958E-05 
 S Vector { p(~1)Psi(~HAiFLS_for + Area_km2 + EFac_Cat) }:
   18.33044      9.596287      1.385825     0.4027378     0.2868626    
 Time to compute number of parameters was 0.01 seconds.     
 Ratio Threshold = 50.000000       Max Gap (2/3) = 6.9246020       Next Max Gap (3/4) = 3.4410103     
 Gap Method for Num. of Estimated Parameters { p(~1)Psi(~HAiFLS_for + Area_km2 + EFac_Cat) } = 5          
 Threshold { p(~1)Psi(~HAiFLS_for + Area_km2 + EFac_Cat) } = 0.8663916E-05                 
 Numerical Threshold Method for Num. of Estimated Parameters { p(~1)Psi(~HAiFLS_for + Area_km2 + EFac_Cat) } = 5          
 Number of Estimated Parameters { p(~1)Psi(~HAiFLS_for + Area_km2 + EFac_Cat) } = 5          
 DEVIANCE { p(~1)Psi(~HAiFLS_for + Area_km2 + EFac_Cat) } = 167.93947                     
 DEVIANCE Degrees of Freedom { p(~1)Psi(~HAiFLS_for + Area_km2 + EFac_Cat) } = 133            
 c-hat { p(~1)Psi(~HAiFLS_for + Area_km2 + EFac_Cat) } = 1.2627028                     
 AIC { p(~1)Psi(~HAiFLS_for + Area_km2 + EFac_Cat) } = 177.93947                  
 AICc { p(~1)Psi(~HAiFLS_for + Area_km2 + EFac_Cat) } = 178.39402                    
 BIC { p(~1)Psi(~HAiFLS_for + Area_km2 + EFac_Cat) } = 192.57574                    
 Pearson Chisquare { p(~1)Psi(~HAiFLS_for + Area_km2 + EFac_Cat) } = 901.88659                  


       LOGIT Link Function Parameters of { p(~1)Psi(~HAiFLS_for + Area_km2 + EFac_Cat) }
                                                              95% Confidence Interval
 Parameter                    Beta         Standard Error      Lower           Upper
 -------------------------  --------------  --------------  --------------  --------------

  Program  MARK  - Survival Rate Estimation with Capture-Recapture Data
   gfortran(dble) Vers. 9.0 Mar 2018     9-Dec-2019 13:22:23    Page  003
 - - - - - - - - - - - - - - - - - - - - - - - - - - - - - - - - - - - - - -
 
    1:p:(Intercept)          0.9459001       0.3217268       0.3153156       1.5764846    
    2:Psi:(Intercept)       -2.9626742       0.5889042      -4.1169264      -1.8084220    
    3:Psi:HAiFLS_for         0.0216869       0.0084974       0.0050319       0.0383418    
    4:Psi:Area_km2           0.0474253       0.0317126      -0.0147313       0.1095819    
    5:Psi:EFac_Cat           0.5856713       1.6732449      -2.6938888       3.8652314    


       Real Function Parameters of { p(~1)Psi(~HAiFLS_for + Area_km2 + EFac_Cat) }

      Following estimates based on unstandardized individual covariate values:
          Variable   Value         
          ---------  ------------- 
          HAIFLS_FOR  26.272482    
          AREA_KM2    7.8085664    
          EFAC_CAT    0.0880592    
                                                               95% Confidence Interval
  Parameter                  Estimate       Standard Error      Lower           Upper
 --------------------------  --------------  --------------  --------------  --------------
     1:p g1 a0 t1             0.7202899       0.0648191       0.5781822       0.8287061                          
     2:Psi g1 a0 t1           0.1222805       0.0303066       0.0741610       0.1950449                          


                      Estimates of Derived Parameters
  Occupancy Estimates of { p(~1)Psi(~HAiFLS_for + Area_km2 + EFac_Cat) }
                                            95% Confidence Interval
 Group   Psi-hat         Standard Error      Lower           Upper
 -----   --------------  --------------  --------------  --------------
   1      0.1222805       0.0303066       0.0741610       0.1950449    

   CPU Time for the last procedure was 0.01 seconds.     

  Program  MARK  - Survival Rate Estimation with Capture-Recapture Data
   gfortran(dble) Vers. 9.0 Mar 2018     9-Dec-2019 13:22:23    Page  004
 - - - - - - - - - - - - - - - - - - - - - - - - - - - - - - - - - - - - - -
 


  INPUT --- proc stop;

     CPU Time in minutes for this job was 0.00

     Time Start = 13:22:23.579   Time End = 13:22:23.839

     Wall Clock Time in minutes for this job was 0.00


          E X E C U T I O N   S U C C E S S F U L 
