
   Program  MARK  - Survival Rate Estimation with Capture-Recapture Data
   gfortran(dble) Vers. 9.0 Mar 2018     6-Dec-2019 14:34:43    Page  001
 - - - - - - - - - - - - - - - - - - - - - - - - - - - - - - - - - - - - - -
 
   This version was compiled by GCC version 7.2.0 using the options: 
     -cpp -iprefix C:/Program Files/mingw-w64/x86_64-7.2.0-posix-seh-rt_v5-rev1/
     mingw64/bin/../lib/gcc/x86_64-w64-mingw32/7.2.0/ -D_MT -D_REENTRANT
     -U_REENTRANT -D IEEE -D DBLEPRECISION -m64 -mtune=core2 -march=nocona -mthreads
     -O2 -fimplicit-none -fbounds-check -funroll-loops -ftree-vectorize
     -ffpe-summary=invalid,zero,overflow,underflow -fno-unsafe-math-optimizations
     -frounding-math -fsignaling-nans -fopenmp.

   This problem will use 7 of 8 possible threads.


  INPUT --- proc title ;

   CPU Time for the last procedure was 0.01 seconds.     


  INPUT --- proc chmatrix occasions= 3 groups= 1 etype= Occupancy 
  INPUT --- Nodes= 101 icovar = 5 ICMeans  NoHist hist= 138 ;

  INPUT ---    time interval 1 1 1 ;

  INPUT ---     icovariates pctex21 pctpool pctrock BRT_100m LWD ;

  INPUT ---    glabel(1)=freq1;

      Number of unique encounter histories read was 138.

      Number of individual covariates read was 5.
      Time interval lengths are all equal to 1.

      Data type number is 27
      Data type is Occupancy Estimation with Detection < 1                                                             

   CPU Time for the last procedure was 0.01 seconds.     

  Program  MARK  - Survival Rate Estimation with Capture-Recapture Data
   gfortran(dble) Vers. 9.0 Mar 2018     6-Dec-2019 14:34:43    Page  002
 - - - - - - - - - - - - - - - - - - - - - - - - - - - - - - - - - - - - - -
 


  INPUT --- proc estimate link=Logit NOLOOP varest=2ndPart    ;


  INPUT --- model={ p(~1)Psi(~pctex21 + pctpool + pctrock + BRT_100m + 
  INPUT --- LWD) };

  INPUT ---    group=1 p    rows=1 cols=3 Square ;
  INPUT ---        1 1 1 ;

  INPUT ---    group=1 Psi    rows=1 cols=1 Square ;
  INPUT ---        2 ;

  INPUT ---    design matrix constraints=2 covariates=7;
  INPUT ---        1 0 0 0 0 0 0;
  INPUT ---        0 1 pctex21 pctpool pctrock BRT_100m LWD;
  INPUT ---       blabel(1)=p:(Intercept);
  INPUT ---       blabel(2)=Psi:(Intercept);
  INPUT ---       blabel(3)=Psi:pctex21;
  INPUT ---       blabel(4)=Psi:pctpool;
  INPUT ---       blabel(5)=Psi:pctrock;
  INPUT ---       blabel(6)=Psi:BRT_100m;
  INPUT ---       blabel(7)=Psi:LWD;
  INPUT ---       rlabel(1)=p g1 a0 t1;
  INPUT ---       rlabel(2)=Psi g1 a0 t1;

 Link Function Used is LOGIT        

 Variance Estimation Procedure Used is 2ndPart 
 -2logL(saturated) = 0.0000000     
 Effective Sample Size = 138

 Number of function evaluations was 20 for 7 parameters.
 Time for numerical optimization was 0.03 seconds.     
 -2logL { p(~1)Psi(~pctex21 + pctpool + pctrock + BRT_100m + LWD) } = 147.83983     
 Penalty { p(~1)Psi(~pctex21 + pctpool + pctrock + BRT_100m + LWD) } = 0.0000000     
 Gradient { p(~1)Psi(~pctex21 + pctpool + pctrock + BRT_100m + LWD) }:
 -0.1956082E-05 -0.1065511E-05   0.000000       0.000000       0.000000    
 -0.1379726E-05 -0.2283136E-05
 Maximum ABS(G) { p(~1)Psi(~pctex21 + pctpool + pctrock + BRT_100m + LWD) } = 0.2283136E-05 
 S Vector { p(~1)Psi(~pctex21 + pctpool + pctrock + BRT_100m + LWD) }:
   22.28916      9.690467     0.9729152     0.5466961     0.4288139    
  0.2374446     0.1824519E-01
 Time to compute number of parameters was 0.01 seconds.     
 Ratio Threshold = 50.000000       Max Gap (6/7) = 13.014088       Next Max Gap (2/3) = 9.9602378     
 Gap Method for Num. of Estimated Parameters { p(~1)Psi(~pctex21 + pctpool + pctrock + BRT_100m + LWD) } = 7          
 Threshold { p(~1)Psi(~pctex21 + pctpool + pctrock + BRT_100m + LWD) } = 0.4566273E-05                 
 Numerical Threshold Method for Num. of Estimated Parameters { p(~1)Psi(~pctex21 + pctpool + pctrock + BRT_100m + LWD) } = 7          
 Number of Estimated Parameters { p(~1)Psi(~pctex21 + pctpool + pctrock + BRT_100m + LWD) } = 7          
 DEVIANCE { p(~1)Psi(~pctex21 + pctpool + pctrock + BRT_100m + LWD) } = 147.83983                     
 DEVIANCE Degrees of Freedom { p(~1)Psi(~pctex21 + pctpool + pctrock + BRT_100m + LWD) } = 131            
 c-hat { p(~1)Psi(~pctex21 + pctpool + pctrock + BRT_100m + LWD) } = 1.1285483                     
 AIC { p(~1)Psi(~pctex21 + pctpool + pctrock + BRT_100m + LWD) } = 161.83983                  
 AICc { p(~1)Psi(~pctex21 + pctpool + pctrock + BRT_100m + LWD) } = 162.70137                    
 BIC { p(~1)Psi(~pctex21 + pctpool + pctrock + BRT_100m + LWD) } = 182.33061                    
 Pearson Chisquare { p(~1)Psi(~pctex21 + pctpool + pctrock + BRT_100m + LWD) } = 1034.4100                  

  Program  MARK  - Survival Rate Estimation with Capture-Recapture Data
   gfortran(dble) Vers. 9.0 Mar 2018     6-Dec-2019 14:34:43    Page  003
 - - - - - - - - - - - - - - - - - - - - - - - - - - - - - - - - - - - - - -
 


 LOGIT Link Function Parameters of { p(~1)Psi(~pctex21 + pctpool + pctrock + BRT_100m + LWD) }
                                                              95% Confidence Interval
 Parameter                    Beta         Standard Error      Lower           Upper
 -------------------------  --------------  --------------  --------------  --------------
    1:p:(Intercept)          0.9501723       0.3205035       0.3219854       1.5783593    
    2:Psi:(Intercept)       -2.5801586       1.2260938      -4.9833026      -0.1770147    
    3:Psi:pctex21           -0.6386371       0.2390150      -1.1071066      -0.1701676    
    4:Psi:pctpool            0.0220540       0.0163135      -0.0099204       0.0540283    
    5:Psi:pctrock            0.0160101       0.0136460      -0.0107359       0.0427562    
    6:Psi:BRT_100m           0.0183562       0.0168202      -0.0146113       0.0513237    
    7:Psi:LWD               -0.6708144       1.3482388      -3.3133624       1.9717337    


 Real Function Parameters of { p(~1)Psi(~pctex21 + pctpool + pctrock + BRT_100m + LWD) }

      Following estimates based on unstandardized individual covariate values:
          Variable   Value         
          ---------  ------------- 
          PCTEX21     4.8306834    
          PCTPOOL     25.664251    
          PCTROCK     68.678238    
          BRT_100M    6.7817616    
          LWD         0.2273503    
                                                               95% Confidence Interval
  Parameter                  Estimate       Standard Error      Lower           Upper
 --------------------------  --------------  --------------  --------------  --------------
     1:p g1 a0 t1             0.7211498       0.0644509       0.5798080       0.8289720                          
     2:Psi g1 a0 t1           0.0175036       0.0179215       0.0023053       0.1207719                          


                      Estimates of Derived Parameters
 Occupancy Estimates of { p(~1)Psi(~pctex21 + pctpool + pctrock + BRT_100m + LWD) }
                                            95% Confidence Interval
 Group   Psi-hat         Standard Error      Lower           Upper
 -----   --------------  --------------  --------------  --------------
   1      0.0175036       0.0179215       0.0023053       0.1207719    

   CPU Time for the last procedure was 0.03 seconds.     

  Program  MARK  - Survival Rate Estimation with Capture-Recapture Data
   gfortran(dble) Vers. 9.0 Mar 2018     6-Dec-2019 14:34:43    Page  004
 - - - - - - - - - - - - - - - - - - - - - - - - - - - - - - - - - - - - - -
 


  INPUT --- proc stop;

     CPU Time in minutes for this job was 0.00

     Time Start = 14:34:43.554   Time End = 14:34:43.722

     Wall Clock Time in minutes for this job was 0.00


          E X E C U T I O N   S U C C E S S F U L 
