
   Program  MARK  - Survival Rate Estimation with Capture-Recapture Data
   gfortran(dble) Vers. 9.0 Mar 2018     6-Dec-2019 14:35:10    Page  001
 - - - - - - - - - - - - - - - - - - - - - - - - - - - - - - - - - - - - - -
 
   This version was compiled by GCC version 7.2.0 using the options: 
     -cpp -iprefix C:/Program Files/mingw-w64/x86_64-7.2.0-posix-seh-rt_v5-rev1/
     mingw64/bin/../lib/gcc/x86_64-w64-mingw32/7.2.0/ -D_MT -D_REENTRANT
     -U_REENTRANT -D IEEE -D DBLEPRECISION -m64 -mtune=core2 -march=nocona -mthreads
     -O2 -fimplicit-none -fbounds-check -funroll-loops -ftree-vectorize
     -ffpe-summary=invalid,zero,overflow,underflow -fno-unsafe-math-optimizations
     -frounding-math -fsignaling-nans -fopenmp.

   This problem will use 7 of 8 possible threads.


  INPUT --- proc title ;

   CPU Time for the last procedure was 0.01 seconds.     


  INPUT --- proc chmatrix occasions= 3 groups= 1 etype= Occupancy 
  INPUT --- Nodes= 101 icovar = 3 ICMeans  NoHist hist= 138 ;

  INPUT ---    time interval 1 1 1 ;

  INPUT ---     icovariates pctrock LWD pctBrBnk ;

  INPUT ---    glabel(1)=freq1;

      Number of unique encounter histories read was 138.

      Number of individual covariates read was 3.
      Time interval lengths are all equal to 1.

      Data type number is 27
      Data type is Occupancy Estimation with Detection < 1                                                             

   CPU Time for the last procedure was 0.02 seconds.     

  Program  MARK  - Survival Rate Estimation with Capture-Recapture Data
   gfortran(dble) Vers. 9.0 Mar 2018     6-Dec-2019 14:35:10    Page  002
 - - - - - - - - - - - - - - - - - - - - - - - - - - - - - - - - - - - - - -
 


  INPUT --- proc estimate link=Logit NOLOOP varest=2ndPart    ;


  INPUT --- model={ p(~1)Psi(~pctrock + LWD + pctBrBnk) };

  INPUT ---    group=1 p    rows=1 cols=3 Square ;
  INPUT ---        1 1 1 ;

  INPUT ---    group=1 Psi    rows=1 cols=1 Square ;
  INPUT ---        2 ;

  INPUT ---    design matrix constraints=2 covariates=5;
  INPUT ---        1 0 0 0 0;
  INPUT ---        0 1 pctrock LWD pctBrBnk;
  INPUT ---       blabel(1)=p:(Intercept);
  INPUT ---       blabel(2)=Psi:(Intercept);
  INPUT ---       blabel(3)=Psi:pctrock;
  INPUT ---       blabel(4)=Psi:LWD;
  INPUT ---       blabel(5)=Psi:pctBrBnk;
  INPUT ---       rlabel(1)=p g1 a0 t1;
  INPUT ---       rlabel(2)=Psi g1 a0 t1;

 Link Function Used is LOGIT        

 Variance Estimation Procedure Used is 2ndPart 
 -2logL(saturated) = 0.0000000     
 Effective Sample Size = 138

 Number of function evaluations was 13 for 5 parameters.
 Time for numerical optimization was 0.01 seconds.     
 -2logL { p(~1)Psi(~pctrock + LWD + pctBrBnk) } = 168.57348     
 Penalty { p(~1)Psi(~pctrock + LWD + pctBrBnk) } = 0.0000000     
 Gradient { p(~1)Psi(~pctrock + LWD + pctBrBnk) }:
   0.000000      0.2659564E-05   0.000000      0.1557273E-05  0.7495553E-06
 Maximum ABS(G) { p(~1)Psi(~pctrock + LWD + pctBrBnk) } = 0.2659564E-05 
 S Vector { p(~1)Psi(~pctrock + LWD + pctBrBnk) }:
   25.18768      9.668593     0.7916285     0.5223317     0.2420499    
 Time to compute number of parameters was 0.01 seconds.     
 Ratio Threshold = 50.000000       Max Gap (2/3) = 12.213549       Next Max Gap (1/2) = 2.6051029     
 Gap Method for Num. of Estimated Parameters { p(~1)Psi(~pctrock + LWD + pctBrBnk) } = 5          
 Threshold { p(~1)Psi(~pctrock + LWD + pctBrBnk) } = 0.5319128E-05                 
 Numerical Threshold Method for Num. of Estimated Parameters { p(~1)Psi(~pctrock + LWD + pctBrBnk) } = 5          
 Number of Estimated Parameters { p(~1)Psi(~pctrock + LWD + pctBrBnk) } = 5          
 DEVIANCE { p(~1)Psi(~pctrock + LWD + pctBrBnk) } = 168.57348                     
 DEVIANCE Degrees of Freedom { p(~1)Psi(~pctrock + LWD + pctBrBnk) } = 133            
 c-hat { p(~1)Psi(~pctrock + LWD + pctBrBnk) } = 1.2674698                     
 AIC { p(~1)Psi(~pctrock + LWD + pctBrBnk) } = 178.57348                  
 AICc { p(~1)Psi(~pctrock + LWD + pctBrBnk) } = 179.02802                    
 BIC { p(~1)Psi(~pctrock + LWD + pctBrBnk) } = 193.20975                    
 Pearson Chisquare { p(~1)Psi(~pctrock + LWD + pctBrBnk) } = 1321.5646                  


           LOGIT Link Function Parameters of { p(~1)Psi(~pctrock + LWD + pctBrBnk) }
                                                              95% Confidence Interval
 Parameter                    Beta         Standard Error      Lower           Upper
 -------------------------  --------------  --------------  --------------  --------------

  Program  MARK  - Survival Rate Estimation with Capture-Recapture Data
   gfortran(dble) Vers. 9.0 Mar 2018     6-Dec-2019 14:35:11    Page  003
 - - - - - - - - - - - - - - - - - - - - - - - - - - - - - - - - - - - - - -
 
    1:p:(Intercept)          0.9482070       0.3210596       0.3189302       1.5774838    
    2:Psi:(Intercept)       -1.1514976       0.9977648      -3.1071165       0.8041214    
    3:Psi:pctrock            0.0046832       0.0113558      -0.0175740       0.0269405    
    4:Psi:LWD               -0.2248008       1.1781155      -2.5339073       2.0843057    
    5:Psi:pctBrBnk          -1.2913518       0.6054698      -2.4780726      -0.1046311    


           Real Function Parameters of { p(~1)Psi(~pctrock + LWD + pctBrBnk) }

      Following estimates based on unstandardized individual covariate values:
          Variable   Value         
          ---------  ------------- 
          PCTROCK     68.678238    
          LWD         0.2273503    
          PCTBRBNK    0.8740586    
                                                               95% Confidence Interval
  Parameter                  Estimate       Standard Error      Lower           Upper
 --------------------------  --------------  --------------  --------------  --------------
     1:p g1 a0 t1             0.7207544       0.0646189       0.5790635       0.8288479                          
     2:Psi g1 a0 t1           0.1181896       0.0310332       0.0695707       0.1937118                          


                      Estimates of Derived Parameters
      Occupancy Estimates of { p(~1)Psi(~pctrock + LWD + pctBrBnk) }
                                            95% Confidence Interval
 Group   Psi-hat         Standard Error      Lower           Upper
 -----   --------------  --------------  --------------  --------------
   1      0.1181896       0.0310332       0.0695707       0.1937118    

   CPU Time for the last procedure was 0.01 seconds.     

  Program  MARK  - Survival Rate Estimation with Capture-Recapture Data
   gfortran(dble) Vers. 9.0 Mar 2018     6-Dec-2019 14:35:11    Page  004
 - - - - - - - - - - - - - - - - - - - - - - - - - - - - - - - - - - - - - -
 


  INPUT --- proc stop;

     CPU Time in minutes for this job was 0.00

     Time Start = 14:35:10.966   Time End = 14:35:11.164

     Wall Clock Time in minutes for this job was 0.00


          E X E C U T I O N   S U C C E S S F U L 
