
   Program  MARK  - Survival Rate Estimation with Capture-Recapture Data
   gfortran(dble) Vers. 9.0 Mar 2018     6-Dec-2019 14:34:33    Page  001
 - - - - - - - - - - - - - - - - - - - - - - - - - - - - - - - - - - - - - -
 
   This version was compiled by GCC version 7.2.0 using the options: 
     -cpp -iprefix C:/Program Files/mingw-w64/x86_64-7.2.0-posix-seh-rt_v5-rev1/
     mingw64/bin/../lib/gcc/x86_64-w64-mingw32/7.2.0/ -D_MT -D_REENTRANT
     -U_REENTRANT -D IEEE -D DBLEPRECISION -m64 -mtune=core2 -march=nocona -mthreads
     -O2 -fimplicit-none -fbounds-check -funroll-loops -ftree-vectorize
     -ffpe-summary=invalid,zero,overflow,underflow -fno-unsafe-math-optimizations
     -frounding-math -fsignaling-nans -fopenmp.

   This problem will use 7 of 8 possible threads.


  INPUT --- proc title ;

   CPU Time for the last procedure was 0.01 seconds.     


  INPUT --- proc chmatrix occasions= 3 groups= 1 etype= Occupancy 
  INPUT --- Nodes= 101 icovar = 5 ICMeans  NoHist hist= 138 ;

  INPUT ---    time interval 1 1 1 ;

  INPUT ---     icovariates effort1 effort2 effort3 BRT_100m LWD ;

  INPUT ---    glabel(1)=freq1;

      Number of unique encounter histories read was 138.

      Number of individual covariates read was 5.
      Time interval lengths are all equal to 1.

      Data type number is 27
      Data type is Occupancy Estimation with Detection < 1                                                             

   CPU Time for the last procedure was 0.01 seconds.     

  Program  MARK  - Survival Rate Estimation with Capture-Recapture Data
   gfortran(dble) Vers. 9.0 Mar 2018     6-Dec-2019 14:34:33    Page  002
 - - - - - - - - - - - - - - - - - - - - - - - - - - - - - - - - - - - - - -
 


  INPUT --- proc estimate link=Logit NOLOOP varest=2ndPart    ;


  INPUT --- model={ p(~effort)Psi(~BRT_100m + LWD) };

  INPUT ---    group=1 p    rows=1 cols=3 Square ;
  INPUT ---        1 2 3 ;

  INPUT ---    group=1 Psi    rows=1 cols=1 Square ;
  INPUT ---        4 ;

  INPUT ---    design matrix constraints=4 covariates=5;
  INPUT ---        1 effort1 0 0 0;
  INPUT ---        1 effort2 0 0 0;
  INPUT ---        1 effort3 0 0 0;
  INPUT ---        0 0 1 BRT_100m LWD;
  INPUT ---       blabel(1)=p:(Intercept);
  INPUT ---       blabel(2)=p:effort;
  INPUT ---       blabel(3)=Psi:(Intercept);
  INPUT ---       blabel(4)=Psi:BRT_100m;
  INPUT ---       blabel(5)=Psi:LWD;
  INPUT ---       rlabel(1)=p g1 a0 t1;
  INPUT ---       rlabel(2)=p g1 a1 t2;
  INPUT ---       rlabel(3)=p g1 a2 t3;
  INPUT ---       rlabel(4)=Psi g1 a0 t1;

 Link Function Used is LOGIT        

 Variance Estimation Procedure Used is 2ndPart 
 -2logL(saturated) = 0.0000000     
 Effective Sample Size = 138

 Number of function evaluations was 14 for 5 parameters.
 Time for numerical optimization was 0.06 seconds.     
 -2logL { p(~effort)Psi(~BRT_100m + LWD) } = 163.65341     
 Penalty { p(~effort)Psi(~BRT_100m + LWD) } = 0.0000000     
 Gradient { p(~effort)Psi(~BRT_100m + LWD) }:
   0.000000      0.3352600E-06  0.1297533E-05  0.8651220E-06  0.1078753E-05
 Maximum ABS(G) { p(~effort)Psi(~BRT_100m + LWD) } = 0.1297533E-05 
 S Vector { p(~effort)Psi(~BRT_100m + LWD) }:
   16.27974      8.383197     0.6147698     0.4024986     0.1780861    
 Time to compute number of parameters was 0.01 seconds.     
 Ratio Threshold = 50.000000       Max Gap (2/3) = 13.636319       Next Max Gap (4/5) = 2.2601351     
 Gap Method for Num. of Estimated Parameters { p(~effort)Psi(~BRT_100m + LWD) } = 5          
 Threshold { p(~effort)Psi(~BRT_100m + LWD) } = 0.2595065E-05                 
 Numerical Threshold Method for Num. of Estimated Parameters { p(~effort)Psi(~BRT_100m + LWD) } = 5          
 Number of Estimated Parameters { p(~effort)Psi(~BRT_100m + LWD) } = 5          
 DEVIANCE { p(~effort)Psi(~BRT_100m + LWD) } = 163.65341                     
 DEVIANCE Degrees of Freedom { p(~effort)Psi(~BRT_100m + LWD) } = 133            
 c-hat { p(~effort)Psi(~BRT_100m + LWD) } = 1.2304768                     
 AIC { p(~effort)Psi(~BRT_100m + LWD) } = 173.65341                  
 AICc { p(~effort)Psi(~BRT_100m + LWD) } = 174.10796                    
 BIC { p(~effort)Psi(~BRT_100m + LWD) } = 188.28968                    
 Pearson Chisquare { p(~effort)Psi(~BRT_100m + LWD) } = 773.86984                  

  Program  MARK  - Survival Rate Estimation with Capture-Recapture Data
   gfortran(dble) Vers. 9.0 Mar 2018     6-Dec-2019 14:34:33    Page  003
 - - - - - - - - - - - - - - - - - - - - - - - - - - - - - - - - - - - - - -
 


              LOGIT Link Function Parameters of { p(~effort)Psi(~BRT_100m + LWD) }
                                                              95% Confidence Interval
 Parameter                    Beta         Standard Error      Lower           Upper
 -------------------------  --------------  --------------  --------------  --------------
    1:p:(Intercept)          1.0030788       0.3608793       0.2957552       1.7104023    
    2:p:effort               1.0161364       0.5124000       0.0118325       2.0204404    
    3:Psi:(Intercept)       -1.9399626       0.4048827      -2.7335327      -1.1463924    
    4:Psi:BRT_100m           0.0354620       0.0162069       0.0036964       0.0672276    
    5:Psi:LWD               -0.7681058       1.2624473      -3.2425026       1.7062910    


              Real Function Parameters of { p(~effort)Psi(~BRT_100m + LWD) }

      Following estimates based on unstandardized individual covariate values:
          Variable   Value         
          ---------  ------------- 
          EFFORT1    -0.7246373E-10
          EFFORT2    -0.1449268E-10
          EFFORT3     0.4347865E-11
          BRT_100M    6.7817616    
          LWD         0.2273503    
                                                               95% Confidence Interval
  Parameter                  Estimate       Standard Error      Lower           Upper
 --------------------------  --------------  --------------  --------------  --------------
     1:p g1 a0 t1             0.7316635       0.0708522       0.5734045       0.8468885                          
     2:p g1 a1 t2             0.7316635       0.0708522       0.5734045       0.8468885                          
     3:p g1 a2 t3             0.7316635       0.0708522       0.5734045       0.8468885                          
     4:Psi g1 a0 t1           0.1330684       0.0308569       0.0832979       0.2058974                          


                      Estimates of Derived Parameters
        Occupancy Estimates of { p(~effort)Psi(~BRT_100m + LWD) }
                                            95% Confidence Interval
 Group   Psi-hat         Standard Error      Lower           Upper
 -----   --------------  --------------  --------------  --------------
   1      0.1330684       0.0308569       0.0832979       0.2058974    

   CPU Time for the last procedure was 0.06 seconds.     

  Program  MARK  - Survival Rate Estimation with Capture-Recapture Data
   gfortran(dble) Vers. 9.0 Mar 2018     6-Dec-2019 14:34:33    Page  004
 - - - - - - - - - - - - - - - - - - - - - - - - - - - - - - - - - - - - - -
 


  INPUT --- proc stop;

     CPU Time in minutes for this job was 0.00

     Time Start = 14:34:33.518   Time End = 14:34:33.712

     Wall Clock Time in minutes for this job was 0.00


          E X E C U T I O N   S U C C E S S F U L 
