
   Program  MARK  - Survival Rate Estimation with Capture-Recapture Data
   gfortran(dble) Vers. 9.0 Mar 2018     9-Dec-2019 13:22:05    Page  001
 - - - - - - - - - - - - - - - - - - - - - - - - - - - - - - - - - - - - - -
 
   This version was compiled by GCC version 7.2.0 using the options: 
     -cpp -iprefix C:/Program Files/mingw-w64/x86_64-7.2.0-posix-seh-rt_v5-rev1/
     mingw64/bin/../lib/gcc/x86_64-w64-mingw32/7.2.0/ -D_MT -D_REENTRANT
     -U_REENTRANT -D IEEE -D DBLEPRECISION -m64 -mtune=core2 -march=nocona -mthreads
     -O2 -fimplicit-none -fbounds-check -funroll-loops -ftree-vectorize
     -ffpe-summary=invalid,zero,overflow,underflow -fno-unsafe-math-optimizations
     -frounding-math -fsignaling-nans -fopenmp.

   This problem will use 7 of 8 possible threads.


  INPUT --- proc title ;

   CPU Time for the last procedure was 0.01 seconds.     


  INPUT --- proc chmatrix occasions= 3 groups= 1 etype= Occupancy 
  INPUT --- Nodes= 101 icovar = 2 ICMeans  NoHist hist= 120 ;

  INPUT ---    time interval 1 1 1 ;

  INPUT ---     icovariates EFac_Cat Cross_Cat ;

  INPUT ---    glabel(1)=freq1;

      Number of unique encounter histories read was 120.

      Number of individual covariates read was 2.
      Time interval lengths are all equal to 1.

      Data type number is 27
      Data type is Occupancy Estimation with Detection < 1                                                             

   CPU Time for the last procedure was 0.01 seconds.     

  Program  MARK  - Survival Rate Estimation with Capture-Recapture Data
   gfortran(dble) Vers. 9.0 Mar 2018     9-Dec-2019 13:22:06    Page  002
 - - - - - - - - - - - - - - - - - - - - - - - - - - - - - - - - - - - - - -
 


  INPUT --- proc estimate link=Logit NOLOOP varest=2ndPart    ;


  INPUT --- model={ p(~1)Psi(~EFac_Cat + Cross_Cat) };

  INPUT ---    group=1 p    rows=1 cols=3 Square ;
  INPUT ---        1 1 1 ;

  INPUT ---    group=1 Psi    rows=1 cols=1 Square ;
  INPUT ---        2 ;

  INPUT ---    design matrix constraints=2 covariates=4;
  INPUT ---        1 0 0 0;
  INPUT ---        0 1 EFac_Cat Cross_Cat;
  INPUT ---       blabel(1)=p:(Intercept);
  INPUT ---       blabel(2)=Psi:(Intercept);
  INPUT ---       blabel(3)=Psi:EFac_Cat;
  INPUT ---       blabel(4)=Psi:Cross_Cat;
  INPUT ---       rlabel(1)=p g1 a0 t1;
  INPUT ---       rlabel(2)=Psi g1 a0 t1;

 Link Function Used is LOGIT        

 Variance Estimation Procedure Used is 2ndPart 
 -2logL(saturated) = 0.0000000     
 Effective Sample Size = 138

 Number of function evaluations was 13 for 4 parameters.
 Time for numerical optimization was 0.09 seconds.     
 -2logL { p(~1)Psi(~EFac_Cat + Cross_Cat) } = 172.42278     
 Penalty { p(~1)Psi(~EFac_Cat + Cross_Cat) } = 0.0000000     
 Gradient { p(~1)Psi(~EFac_Cat + Cross_Cat) }:
   0.000000     -0.1638608E-05   0.000000      0.4997781E-06
 Maximum ABS(G) { p(~1)Psi(~EFac_Cat + Cross_Cat) } = 0.1638608E-05 
 S Vector { p(~1)Psi(~EFac_Cat + Cross_Cat) }:
   16.21909      9.625511     0.3893922     0.5616448E-01
 Time to compute number of parameters was 0.01 seconds.     
 Ratio Threshold = 50.000000       Max Gap (2/3) = 24.719322       Next Max Gap (3/4) = 6.9330690     
 Gap Method for Num. of Estimated Parameters { p(~1)Psi(~EFac_Cat + Cross_Cat) } = 4          
 Threshold { p(~1)Psi(~EFac_Cat + Cross_Cat) } = 0.3277216E-05                 
 Numerical Threshold Method for Num. of Estimated Parameters { p(~1)Psi(~EFac_Cat + Cross_Cat) } = 4          
 Number of Estimated Parameters { p(~1)Psi(~EFac_Cat + Cross_Cat) } = 4          
 DEVIANCE { p(~1)Psi(~EFac_Cat + Cross_Cat) } = 172.42278                     
 DEVIANCE Degrees of Freedom { p(~1)Psi(~EFac_Cat + Cross_Cat) } = 134            
 c-hat { p(~1)Psi(~EFac_Cat + Cross_Cat) } = 1.2867372                     
 AIC { p(~1)Psi(~EFac_Cat + Cross_Cat) } = 180.42278                  
 AICc { p(~1)Psi(~EFac_Cat + Cross_Cat) } = 180.72353                    
 BIC { p(~1)Psi(~EFac_Cat + Cross_Cat) } = 192.13180                    
 Pearson Chisquare { p(~1)Psi(~EFac_Cat + Cross_Cat) } = 1059.8555                  


             LOGIT Link Function Parameters of { p(~1)Psi(~EFac_Cat + Cross_Cat) }
                                                              95% Confidence Interval
 Parameter                    Beta         Standard Error      Lower           Upper
 -------------------------  --------------  --------------  --------------  --------------
    1:p:(Intercept)          0.9483157       0.3210296       0.3190978       1.5775336    
    2:Psi:(Intercept)       -1.3280107       0.3911215      -2.0946088      -0.5614125    
    3:Psi:EFac_Cat           0.0624608       1.5257952      -2.9280979       3.0530195    

  Program  MARK  - Survival Rate Estimation with Capture-Recapture Data
   gfortran(dble) Vers. 9.0 Mar 2018     9-Dec-2019 13:22:06    Page  003
 - - - - - - - - - - - - - - - - - - - - - - - - - - - - - - - - - - - - - -
 
    4:Psi:Cross_Cat         -0.9585432       0.6084477      -2.1511008       0.2340143    


             Real Function Parameters of { p(~1)Psi(~EFac_Cat + Cross_Cat) }

      Following estimates based on unstandardized individual covariate values:
          Variable   Value         
          ---------  ------------- 
          EFAC_CAT    0.0880592    
          CROSS_CAT   0.6212393    
                                                               95% Confidence Interval
  Parameter                  Estimate       Standard Error      Lower           Upper
 --------------------------  --------------  --------------  --------------  --------------
     1:p g1 a0 t1             0.7207763       0.0646097       0.5791044       0.8288549                          
     2:Psi g1 a0 t1           0.1280853       0.0308971       0.0786925       0.2016933                          


                      Estimates of Derived Parameters
        Occupancy Estimates of { p(~1)Psi(~EFac_Cat + Cross_Cat) }
                                            95% Confidence Interval
 Group   Psi-hat         Standard Error      Lower           Upper
 -----   --------------  --------------  --------------  --------------
   1      0.1280853       0.0308971       0.0786925       0.2016933    

   CPU Time for the last procedure was 0.09 seconds.     

  Program  MARK  - Survival Rate Estimation with Capture-Recapture Data
   gfortran(dble) Vers. 9.0 Mar 2018     9-Dec-2019 13:22:06    Page  004
 - - - - - - - - - - - - - - - - - - - - - - - - - - - - - - - - - - - - - -
 


  INPUT --- proc stop;

     CPU Time in minutes for this job was 0.00

     Time Start = 13:22:05.999   Time End = 13:22:06.210

     Wall Clock Time in minutes for this job was 0.00


          E X E C U T I O N   S U C C E S S F U L 
