
   Program  MARK  - Survival Rate Estimation with Capture-Recapture Data
   gfortran(dble) Vers. 9.0 Mar 2018     9-Dec-2019 13:22:08    Page  001
 - - - - - - - - - - - - - - - - - - - - - - - - - - - - - - - - - - - - - -
 
   This version was compiled by GCC version 7.2.0 using the options: 
     -cpp -iprefix C:/Program Files/mingw-w64/x86_64-7.2.0-posix-seh-rt_v5-rev1/
     mingw64/bin/../lib/gcc/x86_64-w64-mingw32/7.2.0/ -D_MT -D_REENTRANT
     -U_REENTRANT -D IEEE -D DBLEPRECISION -m64 -mtune=core2 -march=nocona -mthreads
     -O2 -fimplicit-none -fbounds-check -funroll-loops -ftree-vectorize
     -ffpe-summary=invalid,zero,overflow,underflow -fno-unsafe-math-optimizations
     -frounding-math -fsignaling-nans -fopenmp.

   This problem will use 7 of 8 possible threads.


  INPUT --- proc title ;

   CPU Time for the last procedure was 0.02 seconds.     


  INPUT --- proc chmatrix occasions= 3 groups= 1 etype= Occupancy 
  INPUT --- Nodes= 101 icovar = 5 ICMeans  NoHist hist= 138 ;

  INPUT ---    time interval 1 1 1 ;

  INPUT ---     icovariates effort1 effort2 effort3 HAiFLS_for Area_km2 ;

  INPUT ---    glabel(1)=freq1;

      Number of unique encounter histories read was 138.

      Number of individual covariates read was 5.
      Time interval lengths are all equal to 1.

      Data type number is 27
      Data type is Occupancy Estimation with Detection < 1                                                             

   CPU Time for the last procedure was 0.01 seconds.     

  Program  MARK  - Survival Rate Estimation with Capture-Recapture Data
   gfortran(dble) Vers. 9.0 Mar 2018     9-Dec-2019 13:22:08    Page  002
 - - - - - - - - - - - - - - - - - - - - - - - - - - - - - - - - - - - - - -
 


  INPUT --- proc estimate link=Logit NOLOOP varest=2ndPart    ;


  INPUT --- model={ p(~effort)Psi(~HAiFLS_for + Area_km2) };

  INPUT ---    group=1 p    rows=1 cols=3 Square ;
  INPUT ---        1 2 3 ;

  INPUT ---    group=1 Psi    rows=1 cols=1 Square ;
  INPUT ---        4 ;

  INPUT ---    design matrix constraints=4 covariates=5;
  INPUT ---        1 effort1 0 0 0;
  INPUT ---        1 effort2 0 0 0;
  INPUT ---        1 effort3 0 0 0;
  INPUT ---        0 0 1 HAiFLS_for Area_km2;
  INPUT ---       blabel(1)=p:(Intercept);
  INPUT ---       blabel(2)=p:effort;
  INPUT ---       blabel(3)=Psi:(Intercept);
  INPUT ---       blabel(4)=Psi:HAiFLS_for;
  INPUT ---       blabel(5)=Psi:Area_km2;
  INPUT ---       rlabel(1)=p g1 a0 t1;
  INPUT ---       rlabel(2)=p g1 a1 t2;
  INPUT ---       rlabel(3)=p g1 a2 t3;
  INPUT ---       rlabel(4)=Psi g1 a0 t1;

 Link Function Used is LOGIT        

 Variance Estimation Procedure Used is 2ndPart 
 -2logL(saturated) = 0.0000000     
 Effective Sample Size = 138

 Number of function evaluations was 17 for 5 parameters.
 Time for numerical optimization was 0.02 seconds.     
 -2logL { p(~effort)Psi(~HAiFLS_for + Area_km2) } = 162.01946     
 Penalty { p(~effort)Psi(~HAiFLS_for + Area_km2) } = 0.0000000     
 Gradient { p(~effort)Psi(~HAiFLS_for + Area_km2) }:
  0.1450017E-05  0.2673586E-06  0.4956635E-06   0.000000       0.000000    
 Maximum ABS(G) { p(~effort)Psi(~HAiFLS_for + Area_km2) } = 0.1450017E-05 
 S Vector { p(~effort)Psi(~HAiFLS_for + Area_km2) }:
   18.24302      8.496082      1.368251     0.3584761     0.1055455    
 Time to compute number of parameters was 0.08 seconds.     
 Ratio Threshold = 50.000000       Max Gap (2/3) = 6.2094476       Next Max Gap (3/4) = 3.8168533     
 Gap Method for Num. of Estimated Parameters { p(~effort)Psi(~HAiFLS_for + Area_km2) } = 5          
 Threshold { p(~effort)Psi(~HAiFLS_for + Area_km2) } = 0.2900033E-05                 
 Numerical Threshold Method for Num. of Estimated Parameters { p(~effort)Psi(~HAiFLS_for + Area_km2) } = 5          
 Number of Estimated Parameters { p(~effort)Psi(~HAiFLS_for + Area_km2) } = 5          
 DEVIANCE { p(~effort)Psi(~HAiFLS_for + Area_km2) } = 162.01946                     
 DEVIANCE Degrees of Freedom { p(~effort)Psi(~HAiFLS_for + Area_km2) } = 133            
 c-hat { p(~effort)Psi(~HAiFLS_for + Area_km2) } = 1.2181914                     
 AIC { p(~effort)Psi(~HAiFLS_for + Area_km2) } = 172.01946                  
 AICc { p(~effort)Psi(~HAiFLS_for + Area_km2) } = 172.47401                    
 BIC { p(~effort)Psi(~HAiFLS_for + Area_km2) } = 186.65573                    
 Pearson Chisquare { p(~effort)Psi(~HAiFLS_for + Area_km2) } = 799.34717                  

  Program  MARK  - Survival Rate Estimation with Capture-Recapture Data
   gfortran(dble) Vers. 9.0 Mar 2018     9-Dec-2019 13:22:08    Page  003
 - - - - - - - - - - - - - - - - - - - - - - - - - - - - - - - - - - - - - -
 


          LOGIT Link Function Parameters of { p(~effort)Psi(~HAiFLS_for + Area_km2) }
                                                              95% Confidence Interval
 Parameter                    Beta         Standard Error      Lower           Upper
 -------------------------  --------------  --------------  --------------  --------------
    1:p:(Intercept)         -0.3153978       0.6405921      -1.5709585       0.9401628    
    2:p:effort               0.0015381       0.7594783E-03   0.4954851E-04   0.0030267    
    3:Psi:(Intercept)       -2.8480715       0.5506804      -3.9274052      -1.7687378    
    4:Psi:HAiFLS_for         0.0214531       0.0085038       0.0047856       0.0381206    
    5:Psi:Area_km2           0.0437864       0.0314340      -0.0178243       0.1053970    


          Real Function Parameters of { p(~effort)Psi(~HAiFLS_for + Area_km2) }

      Following estimates based on unstandardized individual covariate values:
          Variable   Value         
          ---------  ------------- 
          EFFORT1     906.23188    
          EFFORT2     834.18841    
          EFFORT3     818.18116    
          HAIFLS_FOR  26.272482    
          AREA_KM2    7.8085664    
                                                               95% Confidence Interval
  Parameter                  Estimate       Standard Error      Lower           Upper
 --------------------------  --------------  --------------  --------------  --------------
     1:p g1 a0 t1             0.7462102       0.0714278       0.5840101       0.8602953                          
     2:p g1 a1 t2             0.7246586       0.0716367       0.5656170       0.8417607                          
     3:p g1 a2 t3             0.7197189       0.0718173       0.5610125       0.8376524                          
     4:Psi g1 a0 t1           0.1253695       0.0312241       0.0758120       0.2003012                          


                      Estimates of Derived Parameters
     Occupancy Estimates of { p(~effort)Psi(~HAiFLS_for + Area_km2) }
                                            95% Confidence Interval
 Group   Psi-hat         Standard Error      Lower           Upper
 -----   --------------  --------------  --------------  --------------
   1      0.1253695       0.0312241       0.0758120       0.2003012    

   CPU Time for the last procedure was 0.09 seconds.     

  Program  MARK  - Survival Rate Estimation with Capture-Recapture Data
   gfortran(dble) Vers. 9.0 Mar 2018     9-Dec-2019 13:22:08    Page  004
 - - - - - - - - - - - - - - - - - - - - - - - - - - - - - - - - - - - - - -
 


  INPUT --- proc stop;

     CPU Time in minutes for this job was 0.00

     Time Start = 13:22:08.680   Time End = 13:22:08.784

     Wall Clock Time in minutes for this job was 0.00


          E X E C U T I O N   S U C C E S S F U L 
