
   Program  MARK  - Survival Rate Estimation with Capture-Recapture Data
   gfortran(dble) Vers. 9.0 Mar 2018     9-Dec-2019 13:22:14    Page  001
 - - - - - - - - - - - - - - - - - - - - - - - - - - - - - - - - - - - - - -
 
   This version was compiled by GCC version 7.2.0 using the options: 
     -cpp -iprefix C:/Program Files/mingw-w64/x86_64-7.2.0-posix-seh-rt_v5-rev1/
     mingw64/bin/../lib/gcc/x86_64-w64-mingw32/7.2.0/ -D_MT -D_REENTRANT
     -U_REENTRANT -D IEEE -D DBLEPRECISION -m64 -mtune=core2 -march=nocona -mthreads
     -O2 -fimplicit-none -fbounds-check -funroll-loops -ftree-vectorize
     -ffpe-summary=invalid,zero,overflow,underflow -fno-unsafe-math-optimizations
     -frounding-math -fsignaling-nans -fopenmp.

   This problem will use 7 of 8 possible threads.


  INPUT --- proc title ;

   CPU Time for the last procedure was 0.01 seconds.     


  INPUT --- proc chmatrix occasions= 3 groups= 1 etype= Occupancy 
  INPUT --- Nodes= 101 icovar = 3 ICMeans  NoHist hist= 138 ;

  INPUT ---    time interval 1 1 1 ;

  INPUT ---     icovariates Area_km2 AvgSlope EFac_Cat ;

  INPUT ---    glabel(1)=freq1;

      Number of unique encounter histories read was 138.

      Number of individual covariates read was 3.
      Time interval lengths are all equal to 1.

      Data type number is 27
      Data type is Occupancy Estimation with Detection < 1                                                             

   CPU Time for the last procedure was 0.02 seconds.     

  Program  MARK  - Survival Rate Estimation with Capture-Recapture Data
   gfortran(dble) Vers. 9.0 Mar 2018     9-Dec-2019 13:22:14    Page  002
 - - - - - - - - - - - - - - - - - - - - - - - - - - - - - - - - - - - - - -
 


  INPUT --- proc estimate link=Logit NOLOOP varest=2ndPart    ;


  INPUT --- model={ p(~1)Psi(~Area_km2 + AvgSlope + EFac_Cat) };

  INPUT ---    group=1 p    rows=1 cols=3 Square ;
  INPUT ---        1 1 1 ;

  INPUT ---    group=1 Psi    rows=1 cols=1 Square ;
  INPUT ---        2 ;

  INPUT ---    design matrix constraints=2 covariates=5;
  INPUT ---        1 0 0 0 0;
  INPUT ---        0 1 Area_km2 AvgSlope EFac_Cat;
  INPUT ---       blabel(1)=p:(Intercept);
  INPUT ---       blabel(2)=Psi:(Intercept);
  INPUT ---       blabel(3)=Psi:Area_km2;
  INPUT ---       blabel(4)=Psi:AvgSlope;
  INPUT ---       blabel(5)=Psi:EFac_Cat;
  INPUT ---       rlabel(1)=p g1 a0 t1;
  INPUT ---       rlabel(2)=Psi g1 a0 t1;

 Link Function Used is LOGIT        

 Variance Estimation Procedure Used is 2ndPart 
 -2logL(saturated) = 0.0000000     
 Effective Sample Size = 138

 Number of function evaluations was 15 for 5 parameters.
 Time for numerical optimization was 0.01 seconds.     
 -2logL { p(~1)Psi(~Area_km2 + AvgSlope + EFac_Cat) } = 172.58377     
 Penalty { p(~1)Psi(~Area_km2 + AvgSlope + EFac_Cat) } = 0.0000000     
 Gradient { p(~1)Psi(~Area_km2 + AvgSlope + EFac_Cat) }:
  0.9786604E-06  0.5325755E-06  0.8717683E-06   0.000000       0.000000    
 Maximum ABS(G) { p(~1)Psi(~Area_km2 + AvgSlope + EFac_Cat) } = 0.9786604E-06 
 S Vector { p(~1)Psi(~Area_km2 + AvgSlope + EFac_Cat) }:
   17.75868      9.651031     0.4756273     0.3550159     0.3253727    
 Time to compute number of parameters was 0.01 seconds.     
 Ratio Threshold = 50.000000       Max Gap (2/3) = 20.291162       Next Max Gap (1/2) = 1.8400808     
 Gap Method for Num. of Estimated Parameters { p(~1)Psi(~Area_km2 + AvgSlope + EFac_Cat) } = 5          
 Threshold { p(~1)Psi(~Area_km2 + AvgSlope + EFac_Cat) } = 0.1957321E-05                 
 Numerical Threshold Method for Num. of Estimated Parameters { p(~1)Psi(~Area_km2 + AvgSlope + EFac_Cat) } = 5          
 Number of Estimated Parameters { p(~1)Psi(~Area_km2 + AvgSlope + EFac_Cat) } = 5          
 DEVIANCE { p(~1)Psi(~Area_km2 + AvgSlope + EFac_Cat) } = 172.58377                     
 DEVIANCE Degrees of Freedom { p(~1)Psi(~Area_km2 + AvgSlope + EFac_Cat) } = 133            
 c-hat { p(~1)Psi(~Area_km2 + AvgSlope + EFac_Cat) } = 1.2976223                     
 AIC { p(~1)Psi(~Area_km2 + AvgSlope + EFac_Cat) } = 182.58377                  
 AICc { p(~1)Psi(~Area_km2 + AvgSlope + EFac_Cat) } = 183.03832                    
 BIC { p(~1)Psi(~Area_km2 + AvgSlope + EFac_Cat) } = 197.22004                    
 Pearson Chisquare { p(~1)Psi(~Area_km2 + AvgSlope + EFac_Cat) } = 1089.2843                  


        LOGIT Link Function Parameters of { p(~1)Psi(~Area_km2 + AvgSlope + EFac_Cat) }
                                                              95% Confidence Interval
 Parameter                    Beta         Standard Error      Lower           Upper
 -------------------------  --------------  --------------  --------------  --------------

  Program  MARK  - Survival Rate Estimation with Capture-Recapture Data
   gfortran(dble) Vers. 9.0 Mar 2018     9-Dec-2019 13:22:14    Page  003
 - - - - - - - - - - - - - - - - - - - - - - - - - - - - - - - - - - - - - -
 
    1:p:(Intercept)          0.9489383       0.3208590       0.3200546       1.5778220    
    2:Psi:(Intercept)       -2.5813679       0.5582441      -3.6755263      -1.4872094    
    3:Psi:Area_km2           0.0233430       0.0308423      -0.0371079       0.0837939    
    4:Psi:AvgSlope           0.0390804       0.0272981      -0.0144239       0.0925847    
    5:Psi:EFac_Cat           0.2900216       1.6179009      -2.8810641       3.4611074    


        Real Function Parameters of { p(~1)Psi(~Area_km2 + AvgSlope + EFac_Cat) }

      Following estimates based on unstandardized individual covariate values:
          Variable   Value         
          ---------  ------------- 
          AREA_KM2    7.8085664    
          AVGSLOPE    12.952003    
          EFAC_CAT    0.0880592    
                                                               95% Confidence Interval
  Parameter                  Estimate       Standard Error      Lower           Upper
 --------------------------  --------------  --------------  --------------  --------------
     1:p g1 a0 t1             0.7209016       0.0645576       0.5793375       0.8288958                          
     2:Psi g1 a0 t1           0.1338447       0.0301549       0.0849277       0.2046365                          


                      Estimates of Derived Parameters
   Occupancy Estimates of { p(~1)Psi(~Area_km2 + AvgSlope + EFac_Cat) }
                                            95% Confidence Interval
 Group   Psi-hat         Standard Error      Lower           Upper
 -----   --------------  --------------  --------------  --------------
   1      0.1338447       0.0301549       0.0849277       0.2046365    

   CPU Time for the last procedure was 0.01 seconds.     

  Program  MARK  - Survival Rate Estimation with Capture-Recapture Data
   gfortran(dble) Vers. 9.0 Mar 2018     9-Dec-2019 13:22:14    Page  004
 - - - - - - - - - - - - - - - - - - - - - - - - - - - - - - - - - - - - - -
 


  INPUT --- proc stop;

     CPU Time in minutes for this job was 0.00

     Time Start = 13:22:14.224   Time End = 13:22:14.393

     Wall Clock Time in minutes for this job was 0.00


          E X E C U T I O N   S U C C E S S F U L 
