
   Program  MARK  - Survival Rate Estimation with Capture-Recapture Data
   gfortran(dble) Vers. 9.0 Mar 2018     6-Dec-2019 14:34:58    Page  001
 - - - - - - - - - - - - - - - - - - - - - - - - - - - - - - - - - - - - - -
 
   This version was compiled by GCC version 7.2.0 using the options: 
     -cpp -iprefix C:/Program Files/mingw-w64/x86_64-7.2.0-posix-seh-rt_v5-rev1/
     mingw64/bin/../lib/gcc/x86_64-w64-mingw32/7.2.0/ -D_MT -D_REENTRANT
     -U_REENTRANT -D IEEE -D DBLEPRECISION -m64 -mtune=core2 -march=nocona -mthreads
     -O2 -fimplicit-none -fbounds-check -funroll-loops -ftree-vectorize
     -ffpe-summary=invalid,zero,overflow,underflow -fno-unsafe-math-optimizations
     -frounding-math -fsignaling-nans -fopenmp.

   This problem will use 7 of 8 possible threads.


  INPUT --- proc title ;

   CPU Time for the last procedure was 0.02 seconds.     


  INPUT --- proc chmatrix occasions= 3 groups= 1 etype= Occupancy 
  INPUT --- Nodes= 101 icovar = 4 ICMeans  NoHist hist= 138 ;

  INPUT ---    time interval 1 1 1 ;

  INPUT ---     icovariates pctpool pctrock pctShade pctBrBnk ;

  INPUT ---    glabel(1)=freq1;

      Number of unique encounter histories read was 138.

      Number of individual covariates read was 4.
      Time interval lengths are all equal to 1.

      Data type number is 27
      Data type is Occupancy Estimation with Detection < 1                                                             

   CPU Time for the last procedure was 0.01 seconds.     

  Program  MARK  - Survival Rate Estimation with Capture-Recapture Data
   gfortran(dble) Vers. 9.0 Mar 2018     6-Dec-2019 14:34:58    Page  002
 - - - - - - - - - - - - - - - - - - - - - - - - - - - - - - - - - - - - - -
 


  INPUT --- proc estimate link=Logit NOLOOP varest=2ndPart    ;


  INPUT --- model={ p(~1)Psi(~pctpool + pctrock + pctShade + pctBrBnk) 
  INPUT --- };

  INPUT ---    group=1 p    rows=1 cols=3 Square ;
  INPUT ---        1 1 1 ;

  INPUT ---    group=1 Psi    rows=1 cols=1 Square ;
  INPUT ---        2 ;

  INPUT ---    design matrix constraints=2 covariates=6;
  INPUT ---        1 0 0 0 0 0;
  INPUT ---        0 1 pctpool pctrock pctShade pctBrBnk;
  INPUT ---       blabel(1)=p:(Intercept);
  INPUT ---       blabel(2)=Psi:(Intercept);
  INPUT ---       blabel(3)=Psi:pctpool;
  INPUT ---       blabel(4)=Psi:pctrock;
  INPUT ---       blabel(5)=Psi:pctShade;
  INPUT ---       blabel(6)=Psi:pctBrBnk;
  INPUT ---       rlabel(1)=p g1 a0 t1;
  INPUT ---       rlabel(2)=Psi g1 a0 t1;

 Link Function Used is LOGIT        

 Variance Estimation Procedure Used is 2ndPart 
 -2logL(saturated) = 0.0000000     
 Effective Sample Size = 138

 Number of function evaluations was 15 for 6 parameters.
 Time for numerical optimization was 0.03 seconds.     
 -2logL { p(~1)Psi(~pctpool + pctrock + pctShade + pctBrBnk) } = 164.95652     
 Penalty { p(~1)Psi(~pctpool + pctrock + pctShade + pctBrBnk) } = 0.0000000     
 Gradient { p(~1)Psi(~pctpool + pctrock + pctShade + pctBrBnk) }:
 -0.3915653E-05  0.5506098E-06 -0.6132869E-06   0.000000       0.000000    
 -0.3325776E-06
 Maximum ABS(G) { p(~1)Psi(~pctpool + pctrock + pctShade + pctBrBnk) } = 0.3915653E-05 
 S Vector { p(~1)Psi(~pctpool + pctrock + pctShade + pctBrBnk) }:
   30.17285      9.681213      1.189587      1.124326     0.2748429    
  0.2039613    
 Time to compute number of parameters was 0.01 seconds.     
 Ratio Threshold = 50.000000       Max Gap (2/3) = 8.1383006       Next Max Gap (4/5) = 4.0907934     
 Gap Method for Num. of Estimated Parameters { p(~1)Psi(~pctpool + pctrock + pctShade + pctBrBnk) } = 6          
 Threshold { p(~1)Psi(~pctpool + pctrock + pctShade + pctBrBnk) } = 0.7831307E-05                 
 Numerical Threshold Method for Num. of Estimated Parameters { p(~1)Psi(~pctpool + pctrock + pctShade + pctBrBnk) } = 6          
 Number of Estimated Parameters { p(~1)Psi(~pctpool + pctrock + pctShade + pctBrBnk) } = 6          
 DEVIANCE { p(~1)Psi(~pctpool + pctrock + pctShade + pctBrBnk) } = 164.95652                     
 DEVIANCE Degrees of Freedom { p(~1)Psi(~pctpool + pctrock + pctShade + pctBrBnk) } = 132            
 c-hat { p(~1)Psi(~pctpool + pctrock + pctShade + pctBrBnk) } = 1.2496706                     
 AIC { p(~1)Psi(~pctpool + pctrock + pctShade + pctBrBnk) } = 176.95652                  
 AICc { p(~1)Psi(~pctpool + pctrock + pctShade + pctBrBnk) } = 177.59774                    
 BIC { p(~1)Psi(~pctpool + pctrock + pctShade + pctBrBnk) } = 194.52004                    
 Pearson Chisquare { p(~1)Psi(~pctpool + pctrock + pctShade + pctBrBnk) } = 1395.9150                  

  Program  MARK  - Survival Rate Estimation with Capture-Recapture Data
   gfortran(dble) Vers. 9.0 Mar 2018     6-Dec-2019 14:34:59    Page  003
 - - - - - - - - - - - - - - - - - - - - - - - - - - - - - - - - - - - - - -
 


    LOGIT Link Function Parameters of { p(~1)Psi(~pctpool + pctrock + pctShade + pctBrBnk) }
                                                              95% Confidence Interval
 Parameter                    Beta         Standard Error      Lower           Upper
 -------------------------  --------------  --------------  --------------  --------------
    1:p:(Intercept)          0.9484346       0.3209969       0.3192807       1.5775885    
    2:Psi:(Intercept)       -2.4640656       1.3072846      -5.0263434       0.0982122    
    3:Psi:pctpool            0.0266532       0.0156298      -0.0039812       0.0572876    
    4:Psi:pctrock            0.0118593       0.0142979      -0.0161645       0.0398832    
    5:Psi:pctShade           0.0031255       0.0094197      -0.0153372       0.0215881    
    6:Psi:pctBrBnk          -1.4952783       0.6428278      -2.7552208      -0.2353357    


    Real Function Parameters of { p(~1)Psi(~pctpool + pctrock + pctShade + pctBrBnk) }

      Following estimates based on unstandardized individual covariate values:
          Variable   Value         
          ---------  ------------- 
          PCTPOOL     25.664251    
          PCTROCK     68.678238    
          PCTSHADE    48.614931    
          PCTBRBNK    0.8740586    
                                                               95% Confidence Interval
  Parameter                  Estimate       Standard Error      Lower           Upper
 --------------------------  --------------  --------------  --------------  --------------
     1:p g1 a0 t1             0.7208003       0.0645997       0.5791489       0.8288627                          
     2:Psi g1 a0 t1           0.1071135       0.0312020       0.0595240       0.1852562                          


                      Estimates of Derived Parameters
 Occupancy Estimates of { p(~1)Psi(~pctpool + pctrock + pctShade + pctBrBnk) }
                                            95% Confidence Interval
 Group   Psi-hat         Standard Error      Lower           Upper
 -----   --------------  --------------  --------------  --------------
   1      0.1071135       0.0312020       0.0595240       0.1852562    

   CPU Time for the last procedure was 0.03 seconds.     

  Program  MARK  - Survival Rate Estimation with Capture-Recapture Data
   gfortran(dble) Vers. 9.0 Mar 2018     6-Dec-2019 14:34:59    Page  004
 - - - - - - - - - - - - - - - - - - - - - - - - - - - - - - - - - - - - - -
 


  INPUT --- proc stop;

     CPU Time in minutes for this job was 0.00

     Time Start = 14:34:58.890   Time End = 14:34:59.049

     Wall Clock Time in minutes for this job was 0.00


          E X E C U T I O N   S U C C E S S F U L 
