
   Program  MARK  - Survival Rate Estimation with Capture-Recapture Data
   gfortran(dble) Vers. 9.0 Mar 2018     6-Dec-2019 14:34:53    Page  001
 - - - - - - - - - - - - - - - - - - - - - - - - - - - - - - - - - - - - - -
 
   This version was compiled by GCC version 7.2.0 using the options: 
     -cpp -iprefix C:/Program Files/mingw-w64/x86_64-7.2.0-posix-seh-rt_v5-rev1/
     mingw64/bin/../lib/gcc/x86_64-w64-mingw32/7.2.0/ -D_MT -D_REENTRANT
     -U_REENTRANT -D IEEE -D DBLEPRECISION -m64 -mtune=core2 -march=nocona -mthreads
     -O2 -fimplicit-none -fbounds-check -funroll-loops -ftree-vectorize
     -ffpe-summary=invalid,zero,overflow,underflow -fno-unsafe-math-optimizations
     -frounding-math -fsignaling-nans -fopenmp.

   This problem will use 7 of 8 possible threads.


  INPUT --- proc title ;

   CPU Time for the last procedure was 0.01 seconds.     


  INPUT --- proc chmatrix occasions= 3 groups= 1 etype= Occupancy 
  INPUT --- Nodes= 101 icovar = 7 ICMeans  NoHist hist= 138 ;

  INPUT ---    time interval 1 1 1 ;

  INPUT ---     icovariates effort1 effort2 effort3 pctex21 BRT_100m  
  INPUT ---    pctShade pctBrBnk ;

  INPUT ---    glabel(1)=freq1;

      Number of unique encounter histories read was 138.

      Number of individual covariates read was 7.
      Time interval lengths are all equal to 1.

      Data type number is 27
      Data type is Occupancy Estimation with Detection < 1                                                             

   CPU Time for the last procedure was 0.02 seconds.     

  Program  MARK  - Survival Rate Estimation with Capture-Recapture Data
   gfortran(dble) Vers. 9.0 Mar 2018     6-Dec-2019 14:34:53    Page  002
 - - - - - - - - - - - - - - - - - - - - - - - - - - - - - - - - - - - - - -
 


  INPUT --- proc estimate link=Logit NOLOOP varest=2ndPart    ;


  INPUT --- model={ p(~effort)Psi(~pctex21 + BRT_100m + pctShade + 
  INPUT --- pctBrBnk) };

  INPUT ---    group=1 p    rows=1 cols=3 Square ;
  INPUT ---        1 2 3 ;

  INPUT ---    group=1 Psi    rows=1 cols=1 Square ;
  INPUT ---        4 ;

  INPUT ---    design matrix constraints=4 covariates=7;
  INPUT ---        1 effort1 0 0 0 0 0;
  INPUT ---        1 effort2 0 0 0 0 0;
  INPUT ---        1 effort3 0 0 0 0 0;
  INPUT ---        0 0 1 pctex21 BRT_100m pctShade pctBrBnk;
  INPUT ---       blabel(1)=p:(Intercept);
  INPUT ---       blabel(2)=p:effort;
  INPUT ---       blabel(3)=Psi:(Intercept);
  INPUT ---       blabel(4)=Psi:pctex21;
  INPUT ---       blabel(5)=Psi:BRT_100m;
  INPUT ---       blabel(6)=Psi:pctShade;
  INPUT ---       blabel(7)=Psi:pctBrBnk;
  INPUT ---       rlabel(1)=p g1 a0 t1;
  INPUT ---       rlabel(2)=p g1 a1 t2;
  INPUT ---       rlabel(3)=p g1 a2 t3;
  INPUT ---       rlabel(4)=Psi g1 a0 t1;

 Link Function Used is LOGIT        

 Variance Estimation Procedure Used is 2ndPart 
 -2logL(saturated) = 0.0000000     
 Effective Sample Size = 138

 Number of function evaluations was 24 for 7 parameters.
 Time for numerical optimization was 0.02 seconds.     
 -2logL { p(~effort)Psi(~pctex21 + BRT_100m + pctShade + pctBrBnk) } = 141.72730     
 Penalty { p(~effort)Psi(~pctex21 + BRT_100m + pctShade + pctBrBnk) } = 0.0000000     
 Gradient { p(~effort)Psi(~pctex21 + BRT_100m + pctShade + pctBrBnk) }:
 -0.1941086E-05  0.6197244E-06 -0.1044506E-05  0.9465668E-07   0.000000    
  0.1021329E-05 -0.5168910E-06
 Maximum ABS(G) { p(~effort)Psi(~pctex21 + BRT_100m + pctShade + pctBrBnk) } = 0.1941086E-05 

  Program  MARK  - Survival Rate Estimation with Capture-Recapture Data
   gfortran(dble) Vers. 9.0 Mar 2018     6-Dec-2019 14:34:53    Page  003
 - - - - - - - - - - - - - - - - - - - - - - - - - - - - - - - - - - - - - -
 
 S Vector { p(~effort)Psi(~pctex21 + BRT_100m + pctShade + pctBrBnk) }:
   17.28315      7.684666     0.9561506     0.4345841     0.2311467    
  0.1580324     0.1710057E-01
 Time to compute number of parameters was 0.01 seconds.     
 Ratio Threshold = 50.000000       Max Gap (6/7) = 9.2413550       Next Max Gap (2/3) = 8.0370875     
 Gap Method for Num. of Estimated Parameters { p(~effort)Psi(~pctex21 + BRT_100m + pctShade + pctBrBnk) } = 7          
 Threshold { p(~effort)Psi(~pctex21 + BRT_100m + pctShade + pctBrBnk) } = 0.3882172E-05                 
 Numerical Threshold Method for Num. of Estimated Parameters { p(~effort)Psi(~pctex21 + BRT_100m + pctShade + pctBrBnk) } = 7          
 Number of Estimated Parameters { p(~effort)Psi(~pctex21 + BRT_100m + pctShade + pctBrBnk) } = 7          
 DEVIANCE { p(~effort)Psi(~pctex21 + BRT_100m + pctShade + pctBrBnk) } = 141.72730                     
 DEVIANCE Degrees of Freedom { p(~effort)Psi(~pctex21 + BRT_100m + pctShade + pctBrBnk) } = 131            
 c-hat { p(~effort)Psi(~pctex21 + BRT_100m + pctShade + pctBrBnk) } = 1.0818878                     
 AIC { p(~effort)Psi(~pctex21 + BRT_100m + pctShade + pctBrBnk) } = 155.72730                  
 AICc { p(~effort)Psi(~pctex21 + BRT_100m + pctShade + pctBrBnk) } = 156.58884                    
 BIC { p(~effort)Psi(~pctex21 + BRT_100m + pctShade + pctBrBnk) } = 176.21808                    
 Pearson Chisquare { p(~effort)Psi(~pctex21 + BRT_100m + pctShade + pctBrBnk) } = 901.27136                  


 LOGIT Link Function Parameters of { p(~effort)Psi(~pctex21 + BRT_100m + pctShade + pctBrBnk) }
                                                              95% Confidence Interval
 Parameter                    Beta         Standard Error      Lower           Upper
 -------------------------  --------------  --------------  --------------  --------------
    1:p:(Intercept)          0.9652385       0.3681836       0.2435985       1.6868784    
    2:p:effort               1.1171857       0.5413837       0.0560737       2.1782977    
    3:Psi:(Intercept)       -0.8260767       0.6611183      -2.1218686       0.4697153    
    4:Psi:pctex21           -0.6183766       0.2467272      -1.1019619      -0.1347912    
    5:Psi:BRT_100m           0.0211197       0.0160759      -0.0103891       0.0526284    
    6:Psi:pctShade           0.0087276       0.0094957      -0.0098840       0.0273392    
    7:Psi:pctBrBnk          -0.8494864       0.6465057      -2.1166376       0.4176648    


 Real Function Parameters of { p(~effort)Psi(~pctex21 + BRT_100m + pctShade + pctBrBnk) }

      Following estimates based on unstandardized individual covariate values:
          Variable   Value         
          ---------  ------------- 
          EFFORT1    -0.7246373E-10
          EFFORT2    -0.1449268E-10
          EFFORT3     0.4347865E-11
          PCTEX21     4.8306834    
          BRT_100M    6.7817616    
          PCTSHADE    48.614931    
          PCTBRBNK    0.8740586    
                                                               95% Confidence Interval
  Parameter                  Estimate       Standard Error      Lower           Upper
 --------------------------  --------------  --------------  --------------  --------------
     1:p g1 a0 t1             0.7241694       0.0735440       0.5606003       0.8438132                          
     2:p g1 a1 t2             0.7241694       0.0735440       0.5606003       0.8438132                          
     3:p g1 a2 t3             0.7241694       0.0735440       0.5606003       0.8438132                          
     4:Psi g1 a0 t1           0.0181951       0.0190439       0.0022882       0.1302460                          


                      Estimates of Derived Parameters
 Occupancy Estimates of { p(~effort)Psi(~pctex21 + BRT_100m + pctShade + pctBrBnk) }
                                            95% Confidence Interval
 Group   Psi-hat         Standard Error      Lower           Upper
 -----   --------------  --------------  --------------  --------------
   1      0.0181951       0.0190439       0.0022882       0.1302460    

  Program  MARK  - Survival Rate Estimation with Capture-Recapture Data
   gfortran(dble) Vers. 9.0 Mar 2018     6-Dec-2019 14:34:53    Page  004
 - - - - - - - - - - - - - - - - - - - - - - - - - - - - - - - - - - - - - -
 

   CPU Time for the last procedure was 0.02 seconds.     


  INPUT --- proc stop;

     CPU Time in minutes for this job was 0.00

     Time Start = 14:34:53.540   Time End = 14:34:53.714

     Wall Clock Time in minutes for this job was 0.00


          E X E C U T I O N   S U C C E S S F U L 
