
   Program  MARK  - Survival Rate Estimation with Capture-Recapture Data
   gfortran(dble) Vers. 9.0 Mar 2018    10-Dec-2019 12:35:18    Page  001
 - - - - - - - - - - - - - - - - - - - - - - - - - - - - - - - - - - - - - -
 
   This version was compiled by GCC version 7.2.0 using the options: 
     -cpp -iprefix C:/Program Files/mingw-w64/x86_64-7.2.0-posix-seh-rt_v5-rev1/
     mingw64/bin/../lib/gcc/x86_64-w64-mingw32/7.2.0/ -D_MT -D_REENTRANT
     -U_REENTRANT -D IEEE -D DBLEPRECISION -m64 -mtune=core2 -march=nocona -mthreads
     -O2 -fimplicit-none -fbounds-check -funroll-loops -ftree-vectorize
     -ffpe-summary=invalid,zero,overflow,underflow -fno-unsafe-math-optimizations
     -frounding-math -fsignaling-nans -fopenmp.

   This problem will use 7 of 8 possible threads.


  INPUT --- proc title ;

   CPU Time for the last procedure was 0.01 seconds.     


  INPUT --- proc chmatrix occasions= 3 groups= 1 etype= Occupancy 
  INPUT --- Nodes= 101 icovar = 5 ICMeans  NoHist hist= 138 ;

  INPUT ---    time interval 1 1 1 ;

  INPUT ---     icovariates effort1 effort2 effort3 pctShade HAiFLS_for ;

  INPUT ---    glabel(1)=freq1;

      Number of unique encounter histories read was 138.

      Number of individual covariates read was 5.
      Time interval lengths are all equal to 1.

      Data type number is 27
      Data type is Occupancy Estimation with Detection < 1                                                             

   CPU Time for the last procedure was 0.01 seconds.     

  Program  MARK  - Survival Rate Estimation with Capture-Recapture Data
   gfortran(dble) Vers. 9.0 Mar 2018    10-Dec-2019 12:35:18    Page  002
 - - - - - - - - - - - - - - - - - - - - - - - - - - - - - - - - - - - - - -
 


  INPUT --- proc estimate link=Logit NOLOOP varest=2ndPart    ;


  INPUT --- model={ p(~effort)Psi(~pctShade + HAiFLS_for) };

  INPUT ---    group=1 p    rows=1 cols=3 Square ;
  INPUT ---        1 2 3 ;

  INPUT ---    group=1 Psi    rows=1 cols=1 Square ;
  INPUT ---        4 ;

  INPUT ---    design matrix constraints=4 covariates=5;
  INPUT ---        1 effort1 0 0 0;
  INPUT ---        1 effort2 0 0 0;
  INPUT ---        1 effort3 0 0 0;
  INPUT ---        0 0 1 pctShade HAiFLS_for;
  INPUT ---       blabel(1)=p:(Intercept);
  INPUT ---       blabel(2)=p:effort;
  INPUT ---       blabel(3)=Psi:(Intercept);
  INPUT ---       blabel(4)=Psi:pctShade;
  INPUT ---       blabel(5)=Psi:HAiFLS_for;
  INPUT ---       rlabel(1)=p g1 a0 t1;
  INPUT ---       rlabel(2)=p g1 a1 t2;
  INPUT ---       rlabel(3)=p g1 a2 t3;
  INPUT ---       rlabel(4)=Psi g1 a0 t1;

 Link Function Used is LOGIT        

 Variance Estimation Procedure Used is 2ndPart 
 -2logL(saturated) = 0.0000000     
 Effective Sample Size = 138

 Number of function evaluations was 17 for 5 parameters.
 Time for numerical optimization was 0.03 seconds.     
 -2logL { p(~effort)Psi(~pctShade + HAiFLS_for) } = 163.59962     
 Penalty { p(~effort)Psi(~pctShade + HAiFLS_for) } = 0.0000000     
 Gradient { p(~effort)Psi(~pctShade + HAiFLS_for) }:
  0.2888631E-05  0.3266846E-06 -0.5940748E-06 -0.1308933E-05  0.6195462E-06
 Maximum ABS(G) { p(~effort)Psi(~pctShade + HAiFLS_for) } = 0.2888631E-05 
 S Vector { p(~effort)Psi(~pctShade + HAiFLS_for) }:
   22.28543      8.057021      1.492916     0.9341513     0.1766765    
 Time to compute number of parameters was 0.01 seconds.     
 Ratio Threshold = 50.000000       Max Gap (2/3) = 5.3968343       Next Max Gap (4/5) = 5.2873533     
 Gap Method for Num. of Estimated Parameters { p(~effort)Psi(~pctShade + HAiFLS_for) } = 5          
 Threshold { p(~effort)Psi(~pctShade + HAiFLS_for) } = 0.5777263E-05                 
 Numerical Threshold Method for Num. of Estimated Parameters { p(~effort)Psi(~pctShade + HAiFLS_for) } = 5          
 Number of Estimated Parameters { p(~effort)Psi(~pctShade + HAiFLS_for) } = 5          
 DEVIANCE { p(~effort)Psi(~pctShade + HAiFLS_for) } = 163.59962                     
 DEVIANCE Degrees of Freedom { p(~effort)Psi(~pctShade + HAiFLS_for) } = 133            
 c-hat { p(~effort)Psi(~pctShade + HAiFLS_for) } = 1.2300724                     
 AIC { p(~effort)Psi(~pctShade + HAiFLS_for) } = 173.59962                  
 AICc { p(~effort)Psi(~pctShade + HAiFLS_for) } = 174.05417                    
 BIC { p(~effort)Psi(~pctShade + HAiFLS_for) } = 188.23589                    
 Pearson Chisquare { p(~effort)Psi(~pctShade + HAiFLS_for) } = 878.27425                  

  Program  MARK  - Survival Rate Estimation with Capture-Recapture Data
   gfortran(dble) Vers. 9.0 Mar 2018    10-Dec-2019 12:35:19    Page  003
 - - - - - - - - - - - - - - - - - - - - - - - - - - - - - - - - - - - - - -
 


          LOGIT Link Function Parameters of { p(~effort)Psi(~pctShade + HAiFLS_for) }
                                                              95% Confidence Interval
 Parameter                    Beta         Standard Error      Lower           Upper
 -------------------------  --------------  --------------  --------------  --------------
    1:p:(Intercept)          0.9808847       0.3651537       0.2651835       1.6965860    
    2:p:effort               1.0484983       0.5150388       0.0390224       2.0579743    
    3:Psi:(Intercept)       -2.2106206       0.5135393      -3.2171576      -1.2040836    
    4:Psi:pctShade          -0.0045994       0.0088388      -0.0219235       0.0127246    
    5:Psi:HAiFLS_for         0.0208109       0.0086792       0.0037998       0.0378221    


          Real Function Parameters of { p(~effort)Psi(~pctShade + HAiFLS_for) }

      Following estimates based on unstandardized individual covariate values:
          Variable   Value         
          ---------  ------------- 
          EFFORT1    -0.7246373E-10
          EFFORT2    -0.1449268E-10
          EFFORT3     0.4347865E-11
          PCTSHADE    48.614931    
          HAIFLS_FOR  26.272482    
                                                               95% Confidence Interval
  Parameter                  Estimate       Standard Error      Lower           Upper
 --------------------------  --------------  --------------  --------------  --------------
     1:p g1 a0 t1             0.7272837       0.0724254       0.5659101       0.8450883                          
     2:p g1 a1 t2             0.7272837       0.0724254       0.5659101       0.8450883                          
     3:p g1 a2 t3             0.7272837       0.0724254       0.5659101       0.8450883                          
     4:Psi g1 a0 t1           0.1315337       0.0312859       0.0813407       0.2057619                          


                      Estimates of Derived Parameters
     Occupancy Estimates of { p(~effort)Psi(~pctShade + HAiFLS_for) }
                                            95% Confidence Interval
 Group   Psi-hat         Standard Error      Lower           Upper
 -----   --------------  --------------  --------------  --------------
   1      0.1315337       0.0312859       0.0813407       0.2057619    

   CPU Time for the last procedure was 0.03 seconds.     

  Program  MARK  - Survival Rate Estimation with Capture-Recapture Data
   gfortran(dble) Vers. 9.0 Mar 2018    10-Dec-2019 12:35:19    Page  004
 - - - - - - - - - - - - - - - - - - - - - - - - - - - - - - - - - - - - - -
 


  INPUT --- proc stop;

     CPU Time in minutes for this job was 0.00

     Time Start = 12:35:18.852   Time End = 12:35:19.035

     Wall Clock Time in minutes for this job was 0.00


          E X E C U T I O N   S U C C E S S F U L 
