
   Program  MARK  - Survival Rate Estimation with Capture-Recapture Data
   gfortran(dble) Vers. 9.0 Mar 2018     6-Dec-2019 14:34:34    Page  001
 - - - - - - - - - - - - - - - - - - - - - - - - - - - - - - - - - - - - - -
 
   This version was compiled by GCC version 7.2.0 using the options: 
     -cpp -iprefix C:/Program Files/mingw-w64/x86_64-7.2.0-posix-seh-rt_v5-rev1/
     mingw64/bin/../lib/gcc/x86_64-w64-mingw32/7.2.0/ -D_MT -D_REENTRANT
     -U_REENTRANT -D IEEE -D DBLEPRECISION -m64 -mtune=core2 -march=nocona -mthreads
     -O2 -fimplicit-none -fbounds-check -funroll-loops -ftree-vectorize
     -ffpe-summary=invalid,zero,overflow,underflow -fno-unsafe-math-optimizations
     -frounding-math -fsignaling-nans -fopenmp.

   This problem will use 7 of 8 possible threads.


  INPUT --- proc title ;

   CPU Time for the last procedure was 0.01 seconds.     


  INPUT --- proc chmatrix occasions= 3 groups= 1 etype= Occupancy 
  INPUT --- Nodes= 101 icovar = 5 ICMeans  NoHist hist= 138 ;

  INPUT ---    time interval 1 1 1 ;

  INPUT ---     icovariates effort1 effort2 effort3 BRT_100m pctShade ;

  INPUT ---    glabel(1)=freq1;

      Number of unique encounter histories read was 138.

      Number of individual covariates read was 5.
      Time interval lengths are all equal to 1.

      Data type number is 27
      Data type is Occupancy Estimation with Detection < 1                                                             

   CPU Time for the last procedure was 0.01 seconds.     

  Program  MARK  - Survival Rate Estimation with Capture-Recapture Data
   gfortran(dble) Vers. 9.0 Mar 2018     6-Dec-2019 14:34:34    Page  002
 - - - - - - - - - - - - - - - - - - - - - - - - - - - - - - - - - - - - - -
 


  INPUT --- proc estimate link=Logit NOLOOP varest=2ndPart    ;


  INPUT --- model={ p(~effort)Psi(~BRT_100m + pctShade) };

  INPUT ---    group=1 p    rows=1 cols=3 Square ;
  INPUT ---        1 2 3 ;

  INPUT ---    group=1 Psi    rows=1 cols=1 Square ;
  INPUT ---        4 ;

  INPUT ---    design matrix constraints=4 covariates=5;
  INPUT ---        1 effort1 0 0 0;
  INPUT ---        1 effort2 0 0 0;
  INPUT ---        1 effort3 0 0 0;
  INPUT ---        0 0 1 BRT_100m pctShade;
  INPUT ---       blabel(1)=p:(Intercept);
  INPUT ---       blabel(2)=p:effort;
  INPUT ---       blabel(3)=Psi:(Intercept);
  INPUT ---       blabel(4)=Psi:BRT_100m;
  INPUT ---       blabel(5)=Psi:pctShade;
  INPUT ---       rlabel(1)=p g1 a0 t1;
  INPUT ---       rlabel(2)=p g1 a1 t2;
  INPUT ---       rlabel(3)=p g1 a2 t3;
  INPUT ---       rlabel(4)=Psi g1 a0 t1;

 Link Function Used is LOGIT        

 Variance Estimation Procedure Used is 2ndPart 
 -2logL(saturated) = 0.0000000     
 Effective Sample Size = 138

 Number of function evaluations was 14 for 5 parameters.
 Time for numerical optimization was 0.11 seconds.     
 -2logL { p(~effort)Psi(~BRT_100m + pctShade) } = 163.97522     
 Penalty { p(~effort)Psi(~BRT_100m + pctShade) } = 0.0000000     
 Gradient { p(~effort)Psi(~BRT_100m + pctShade) }:
  0.9506018E-06  0.3363336E-06   0.000000      0.4270700E-06   0.000000    
 Maximum ABS(G) { p(~effort)Psi(~BRT_100m + pctShade) } = 0.9506018E-06 
 S Vector { p(~effort)Psi(~BRT_100m + pctShade) }:
   19.99826      8.485680      1.094912     0.4071861     0.1785608    
 Time to compute number of parameters was 0.01 seconds.     
 Ratio Threshold = 50.000000       Max Gap (2/3) = 7.7501012       Next Max Gap (3/4) = 2.6889727     
 Gap Method for Num. of Estimated Parameters { p(~effort)Psi(~BRT_100m + pctShade) } = 5          
 Threshold { p(~effort)Psi(~BRT_100m + pctShade) } = 0.1901204E-05                 
 Numerical Threshold Method for Num. of Estimated Parameters { p(~effort)Psi(~BRT_100m + pctShade) } = 5          
 Number of Estimated Parameters { p(~effort)Psi(~BRT_100m + pctShade) } = 5          
 DEVIANCE { p(~effort)Psi(~BRT_100m + pctShade) } = 163.97522                     
 DEVIANCE Degrees of Freedom { p(~effort)Psi(~BRT_100m + pctShade) } = 133            
 c-hat { p(~effort)Psi(~BRT_100m + pctShade) } = 1.2328964                     
 AIC { p(~effort)Psi(~BRT_100m + pctShade) } = 173.97522                  
 AICc { p(~effort)Psi(~BRT_100m + pctShade) } = 174.42977                    
 BIC { p(~effort)Psi(~BRT_100m + pctShade) } = 188.61149                    
 Pearson Chisquare { p(~effort)Psi(~BRT_100m + pctShade) } = 775.38595                  

  Program  MARK  - Survival Rate Estimation with Capture-Recapture Data
   gfortran(dble) Vers. 9.0 Mar 2018     6-Dec-2019 14:34:34    Page  003
 - - - - - - - - - - - - - - - - - - - - - - - - - - - - - - - - - - - - - -
 


           LOGIT Link Function Parameters of { p(~effort)Psi(~BRT_100m + pctShade) }
                                                              95% Confidence Interval
 Parameter                    Beta         Standard Error      Lower           Upper
 -------------------------  --------------  --------------  --------------  --------------
    1:p:(Intercept)          1.0064644       0.3602310       0.3004116       1.7125172    
    2:p:effort               1.0122011       0.5117703       0.0091312       2.0152710    
    3:Psi:(Intercept)       -2.2210880       0.5255211      -3.2511095      -1.1910666    
    4:Psi:BRT_100m           0.0360517       0.0162490       0.0042036       0.0678998    
    5:Psi:pctShade           0.0022443       0.0084973      -0.0144104       0.0188991    


           Real Function Parameters of { p(~effort)Psi(~BRT_100m + pctShade) }

      Following estimates based on unstandardized individual covariate values:
          Variable   Value         
          ---------  ------------- 
          EFFORT1    -0.7246373E-10
          EFFORT2    -0.1449268E-10
          EFFORT3     0.4347865E-11
          BRT_100M    6.7817616    
          PCTSHADE    48.614931    
                                                               95% Confidence Interval
  Parameter                  Estimate       Standard Error      Lower           Upper
 --------------------------  --------------  --------------  --------------  --------------
     1:p g1 a0 t1             0.7323277       0.0706139       0.5745431       0.8471625                          
     2:p g1 a1 t2             0.7323277       0.0706139       0.5745431       0.8471625                          
     3:p g1 a2 t3             0.7323277       0.0706139       0.5745431       0.8471625                          
     4:Psi g1 a0 t1           0.1338329       0.0307806       0.0840982       0.2063535                          


                      Estimates of Derived Parameters
      Occupancy Estimates of { p(~effort)Psi(~BRT_100m + pctShade) }
                                            95% Confidence Interval
 Group   Psi-hat         Standard Error      Lower           Upper
 -----   --------------  --------------  --------------  --------------
   1      0.1338329       0.0307806       0.0840982       0.2063535    

   CPU Time for the last procedure was 0.12 seconds.     

  Program  MARK  - Survival Rate Estimation with Capture-Recapture Data
   gfortran(dble) Vers. 9.0 Mar 2018     6-Dec-2019 14:34:34    Page  004
 - - - - - - - - - - - - - - - - - - - - - - - - - - - - - - - - - - - - - -
 


  INPUT --- proc stop;

     CPU Time in minutes for this job was 0.00

     Time Start = 14:34:34.625   Time End = 14:34:34.828

     Wall Clock Time in minutes for this job was 0.00


          E X E C U T I O N   S U C C E S S F U L 
