
   Program  MARK  - Survival Rate Estimation with Capture-Recapture Data
   gfortran(dble) Vers. 9.0 Mar 2018     6-Dec-2019 14:35:13    Page  001
 - - - - - - - - - - - - - - - - - - - - - - - - - - - - - - - - - - - - - -
 
   This version was compiled by GCC version 7.2.0 using the options: 
     -cpp -iprefix C:/Program Files/mingw-w64/x86_64-7.2.0-posix-seh-rt_v5-rev1/
     mingw64/bin/../lib/gcc/x86_64-w64-mingw32/7.2.0/ -D_MT -D_REENTRANT
     -U_REENTRANT -D IEEE -D DBLEPRECISION -m64 -mtune=core2 -march=nocona -mthreads
     -O2 -fimplicit-none -fbounds-check -funroll-loops -ftree-vectorize
     -ffpe-summary=invalid,zero,overflow,underflow -fno-unsafe-math-optimizations
     -frounding-math -fsignaling-nans -fopenmp.

   This problem will use 7 of 8 possible threads.


  INPUT --- proc title ;

   CPU Time for the last procedure was 0.01 seconds.     


  INPUT --- proc chmatrix occasions= 3 groups= 1 etype= Occupancy 
  INPUT --- Nodes= 101 icovar = 3 ICMeans  NoHist hist= 131 ;

  INPUT ---    time interval 1 1 1 ;

  INPUT ---     icovariates BRT_100m LWD pctBrBnk ;

  INPUT ---    glabel(1)=freq1;

      Number of unique encounter histories read was 131.

      Number of individual covariates read was 3.
      Time interval lengths are all equal to 1.

      Data type number is 27
      Data type is Occupancy Estimation with Detection < 1                                                             

   CPU Time for the last procedure was 0.02 seconds.     

  Program  MARK  - Survival Rate Estimation with Capture-Recapture Data
   gfortran(dble) Vers. 9.0 Mar 2018     6-Dec-2019 14:35:13    Page  002
 - - - - - - - - - - - - - - - - - - - - - - - - - - - - - - - - - - - - - -
 


  INPUT --- proc estimate link=Logit NOLOOP varest=2ndPart    ;


  INPUT --- model={ p(~1)Psi(~BRT_100m + LWD + pctBrBnk) };

  INPUT ---    group=1 p    rows=1 cols=3 Square ;
  INPUT ---        1 1 1 ;

  INPUT ---    group=1 Psi    rows=1 cols=1 Square ;
  INPUT ---        2 ;

  INPUT ---    design matrix constraints=2 covariates=5;
  INPUT ---        1 0 0 0 0;
  INPUT ---        0 1 BRT_100m LWD pctBrBnk;
  INPUT ---       blabel(1)=p:(Intercept);
  INPUT ---       blabel(2)=Psi:(Intercept);
  INPUT ---       blabel(3)=Psi:BRT_100m;
  INPUT ---       blabel(4)=Psi:LWD;
  INPUT ---       blabel(5)=Psi:pctBrBnk;
  INPUT ---       rlabel(1)=p g1 a0 t1;
  INPUT ---       rlabel(2)=Psi g1 a0 t1;

 Link Function Used is LOGIT        

 Variance Estimation Procedure Used is 2ndPart 
 -2logL(saturated) = 0.0000000     
 Effective Sample Size = 138

 Number of function evaluations was 15 for 5 parameters.
 Time for numerical optimization was 0.01 seconds.     
 -2logL { p(~1)Psi(~BRT_100m + LWD + pctBrBnk) } = 165.20562     
 Penalty { p(~1)Psi(~BRT_100m + LWD + pctBrBnk) } = 0.0000000     
 Gradient { p(~1)Psi(~BRT_100m + LWD + pctBrBnk) }:
 -0.9840194E-06 -0.8667454E-06  0.4805318E-06   0.000000     -0.4058542E-06
 Maximum ABS(G) { p(~1)Psi(~BRT_100m + LWD + pctBrBnk) } = 0.9840194E-06 
 S Vector { p(~1)Psi(~BRT_100m + LWD + pctBrBnk) }:
   16.30411      9.460803     0.6834514     0.3592671     0.2350092    
 Time to compute number of parameters was 0.02 seconds.     
 Ratio Threshold = 50.000000       Max Gap (2/3) = 13.842686       Next Max Gap (3/4) = 1.9023491     
 Gap Method for Num. of Estimated Parameters { p(~1)Psi(~BRT_100m + LWD + pctBrBnk) } = 5          
 Threshold { p(~1)Psi(~BRT_100m + LWD + pctBrBnk) } = 0.1968039E-05                 
 Numerical Threshold Method for Num. of Estimated Parameters { p(~1)Psi(~BRT_100m + LWD + pctBrBnk) } = 5          
 Number of Estimated Parameters { p(~1)Psi(~BRT_100m + LWD + pctBrBnk) } = 5          
 DEVIANCE { p(~1)Psi(~BRT_100m + LWD + pctBrBnk) } = 165.20562                     
 DEVIANCE Degrees of Freedom { p(~1)Psi(~BRT_100m + LWD + pctBrBnk) } = 133            
 c-hat { p(~1)Psi(~BRT_100m + LWD + pctBrBnk) } = 1.2421475                     
 AIC { p(~1)Psi(~BRT_100m + LWD + pctBrBnk) } = 175.20562                  
 AICc { p(~1)Psi(~BRT_100m + LWD + pctBrBnk) } = 175.66017                    
 BIC { p(~1)Psi(~BRT_100m + LWD + pctBrBnk) } = 189.84189                    
 Pearson Chisquare { p(~1)Psi(~BRT_100m + LWD + pctBrBnk) } = 1226.1205                  


           LOGIT Link Function Parameters of { p(~1)Psi(~BRT_100m + LWD + pctBrBnk) }
                                                              95% Confidence Interval
 Parameter                    Beta         Standard Error      Lower           Upper
 -------------------------  --------------  --------------  --------------  --------------

  Program  MARK  - Survival Rate Estimation with Capture-Recapture Data
   gfortran(dble) Vers. 9.0 Mar 2018     6-Dec-2019 14:35:13    Page  003
 - - - - - - - - - - - - - - - - - - - - - - - - - - - - - - - - - - - - - -
 
    1:p:(Intercept)          0.9383242       0.3242971       0.3027019       1.5739464    
    2:Psi:(Intercept)       -1.2005871       0.5406326      -2.2602269      -0.1409472    
    3:Psi:BRT_100m           0.0308836       0.0177054      -0.0038190       0.0655861    
    4:Psi:LWD               -0.1633894       1.2280036      -2.5702765       2.2434976    
    5:Psi:pctBrBnk          -1.1682919       0.6208850      -2.3852265       0.0486428    


           Real Function Parameters of { p(~1)Psi(~BRT_100m + LWD + pctBrBnk) }

      Following estimates based on unstandardized individual covariate values:
          Variable   Value         
          ---------  ------------- 
          BRT_100M    6.7817616    
          LWD         0.2273503    
          PCTBRBNK    0.8740586    
                                                               95% Confidence Interval
  Parameter                  Estimate       Standard Error      Lower           Upper
 --------------------------  --------------  --------------  --------------  --------------
     1:p g1 a0 t1             0.7187610       0.0655546       0.5751029       0.8283455                          
     2:Psi g1 a0 t1           0.1141085       0.0309034       0.0660733       0.1899621                          


                      Estimates of Derived Parameters
     Occupancy Estimates of { p(~1)Psi(~BRT_100m + LWD + pctBrBnk) }
                                            95% Confidence Interval
 Group   Psi-hat         Standard Error      Lower           Upper
 -----   --------------  --------------  --------------  --------------
   1      0.1141085       0.0309034       0.0660733       0.1899621    

   CPU Time for the last procedure was 0.02 seconds.     

  Program  MARK  - Survival Rate Estimation with Capture-Recapture Data
   gfortran(dble) Vers. 9.0 Mar 2018     6-Dec-2019 14:35:13    Page  004
 - - - - - - - - - - - - - - - - - - - - - - - - - - - - - - - - - - - - - -
 


  INPUT --- proc stop;

     CPU Time in minutes for this job was 0.00

     Time Start = 14:35:13.400   Time End = 14:35:13.601

     Wall Clock Time in minutes for this job was 0.00


          E X E C U T I O N   S U C C E S S F U L 
