
   Program  MARK  - Survival Rate Estimation with Capture-Recapture Data
   gfortran(dble) Vers. 9.0 Mar 2018    10-Dec-2019 12:35:15    Page  001
 - - - - - - - - - - - - - - - - - - - - - - - - - - - - - - - - - - - - - -
 
   This version was compiled by GCC version 7.2.0 using the options: 
     -cpp -iprefix C:/Program Files/mingw-w64/x86_64-7.2.0-posix-seh-rt_v5-rev1/
     mingw64/bin/../lib/gcc/x86_64-w64-mingw32/7.2.0/ -D_MT -D_REENTRANT
     -U_REENTRANT -D IEEE -D DBLEPRECISION -m64 -mtune=core2 -march=nocona -mthreads
     -O2 -fimplicit-none -fbounds-check -funroll-loops -ftree-vectorize
     -ffpe-summary=invalid,zero,overflow,underflow -fno-unsafe-math-optimizations
     -frounding-math -fsignaling-nans -fopenmp.

   This problem will use 7 of 8 possible threads.


  INPUT --- proc title ;

   CPU Time for the last procedure was 0.01 seconds.     


  INPUT --- proc chmatrix occasions= 3 groups= 1 etype= Occupancy 
  INPUT --- Nodes= 101 icovar = 4 ICMeans  NoHist hist= 138 ;

  INPUT ---    time interval 1 1 1 ;

  INPUT ---     icovariates effort1 effort2 effort3 pctex21 ;

  INPUT ---    glabel(1)=freq1;

      Number of unique encounter histories read was 138.

      Number of individual covariates read was 4.
      Time interval lengths are all equal to 1.

      Data type number is 27
      Data type is Occupancy Estimation with Detection < 1                                                             

   CPU Time for the last procedure was 0.01 seconds.     

  Program  MARK  - Survival Rate Estimation with Capture-Recapture Data
   gfortran(dble) Vers. 9.0 Mar 2018    10-Dec-2019 12:35:15    Page  002
 - - - - - - - - - - - - - - - - - - - - - - - - - - - - - - - - - - - - - -
 


  INPUT --- proc estimate link=Logit NOLOOP varest=2ndPart    ;


  INPUT --- model={ p(~effort)Psi(~pctex21) };

  INPUT ---    group=1 p    rows=1 cols=3 Square ;
  INPUT ---        1 2 3 ;

  INPUT ---    group=1 Psi    rows=1 cols=1 Square ;
  INPUT ---        4 ;

  INPUT ---    design matrix constraints=4 covariates=4;
  INPUT ---        1 effort1 0 0;
  INPUT ---        1 effort2 0 0;
  INPUT ---        1 effort3 0 0;
  INPUT ---        0 0 1 pctex21;
  INPUT ---       blabel(1)=p:(Intercept);
  INPUT ---       blabel(2)=p:effort;
  INPUT ---       blabel(3)=Psi:(Intercept);
  INPUT ---       blabel(4)=Psi:pctex21;
  INPUT ---       rlabel(1)=p g1 a0 t1;
  INPUT ---       rlabel(2)=p g1 a1 t2;
  INPUT ---       rlabel(3)=p g1 a2 t3;
  INPUT ---       rlabel(4)=Psi g1 a0 t1;

 Link Function Used is LOGIT        

 Variance Estimation Procedure Used is 2ndPart 
 -2logL(saturated) = 0.0000000     
 Effective Sample Size = 138

 Number of function evaluations was 22 for 4 parameters.
 Time for numerical optimization was 0.02 seconds.     
 -2logL { p(~effort)Psi(~pctex21) } = 146.75606     
 Penalty { p(~effort)Psi(~pctex21) } = 0.0000000     
 Gradient { p(~effort)Psi(~pctex21) }:
  0.9802033E-06  0.3037321E-06  0.1098782E-05  0.9271130E-07
 Maximum ABS(G) { p(~effort)Psi(~pctex21) } = 0.1098782E-05 
 S Vector { p(~effort)Psi(~pctex21) }:
   14.25890      7.193764     0.1574511     0.1992501E-01
 Time to compute number of parameters was 0.01 seconds.     
 Ratio Threshold = 50.000000       Max Gap (2/3) = 45.688880       Next Max Gap (3/4) = 7.9021835     
 Gap Method for Num. of Estimated Parameters { p(~effort)Psi(~pctex21) } = 4          
 Threshold { p(~effort)Psi(~pctex21) } = 0.2197565E-05                 
 Numerical Threshold Method for Num. of Estimated Parameters { p(~effort)Psi(~pctex21) } = 4          
 Number of Estimated Parameters { p(~effort)Psi(~pctex21) } = 4          
 DEVIANCE { p(~effort)Psi(~pctex21) } = 146.75606                     
 DEVIANCE Degrees of Freedom { p(~effort)Psi(~pctex21) } = 134            
 c-hat { p(~effort)Psi(~pctex21) } = 1.0951945                     
 AIC { p(~effort)Psi(~pctex21) } = 154.75606                  
 AICc { p(~effort)Psi(~pctex21) } = 155.05681                    
 BIC { p(~effort)Psi(~pctex21) } = 166.46508                    
 Pearson Chisquare { p(~effort)Psi(~pctex21) } = 656.07241                  

  Program  MARK  - Survival Rate Estimation with Capture-Recapture Data
   gfortran(dble) Vers. 9.0 Mar 2018    10-Dec-2019 12:35:15    Page  003
 - - - - - - - - - - - - - - - - - - - - - - - - - - - - - - - - - - - - - -
 


                 LOGIT Link Function Parameters of { p(~effort)Psi(~pctex21) }
                                                              95% Confidence Interval
 Parameter                    Beta         Standard Error      Lower           Upper
 -------------------------  --------------  --------------  --------------  --------------
    1:p:(Intercept)          0.9458704       0.3727080       0.2153627       1.6763781    
    2:p:effort               1.1441067       0.5461746       0.0736044       2.2146090    
    3:Psi:(Intercept)       -0.7358749       0.3222592      -1.3675030      -0.1042467    
    4:Psi:pctex21           -0.6320296       0.2286807      -1.0802437      -0.1838155    


                 Real Function Parameters of { p(~effort)Psi(~pctex21) }

      Following estimates based on unstandardized individual covariate values:
          Variable   Value         
          ---------  ------------- 
          EFFORT1    -0.7246373E-10
          EFFORT2    -0.1449268E-10
          EFFORT3     0.4347865E-11
          PCTEX21     4.8306834    
                                                               95% Confidence Interval
  Parameter                  Estimate       Standard Error      Lower           Upper
 --------------------------  --------------  --------------  --------------  --------------
     1:p g1 a0 t1             0.7202839       0.0750913       0.5536335       0.8424243                          
     2:p g1 a1 t2             0.7202839       0.0750913       0.5536335       0.8424243                          
     3:p g1 a2 t3             0.7202839       0.0750913       0.5536335       0.8424243                          
     4:Psi g1 a0 t1           0.0221177       0.0214376       0.0032311       0.1363069                          


                      Estimates of Derived Parameters
            Occupancy Estimates of { p(~effort)Psi(~pctex21) }
                                            95% Confidence Interval
 Group   Psi-hat         Standard Error      Lower           Upper
 -----   --------------  --------------  --------------  --------------
   1      0.0221177       0.0214376       0.0032311       0.1363069    

   CPU Time for the last procedure was 0.02 seconds.     

  Program  MARK  - Survival Rate Estimation with Capture-Recapture Data
   gfortran(dble) Vers. 9.0 Mar 2018    10-Dec-2019 12:35:15    Page  004
 - - - - - - - - - - - - - - - - - - - - - - - - - - - - - - - - - - - - - -
 


  INPUT --- proc stop;

     CPU Time in minutes for this job was 0.00

     Time Start = 12:35:15.351   Time End = 12:35:15.535

     Wall Clock Time in minutes for this job was 0.00


          E X E C U T I O N   S U C C E S S F U L 
