
   Program  MARK  - Survival Rate Estimation with Capture-Recapture Data
   gfortran(dble) Vers. 9.0 Mar 2018     6-Dec-2019 14:34:38    Page  001
 - - - - - - - - - - - - - - - - - - - - - - - - - - - - - - - - - - - - - -
 
   This version was compiled by GCC version 7.2.0 using the options: 
     -cpp -iprefix C:/Program Files/mingw-w64/x86_64-7.2.0-posix-seh-rt_v5-rev1/
     mingw64/bin/../lib/gcc/x86_64-w64-mingw32/7.2.0/ -D_MT -D_REENTRANT
     -U_REENTRANT -D IEEE -D DBLEPRECISION -m64 -mtune=core2 -march=nocona -mthreads
     -O2 -fimplicit-none -fbounds-check -funroll-loops -ftree-vectorize
     -ffpe-summary=invalid,zero,overflow,underflow -fno-unsafe-math-optimizations
     -frounding-math -fsignaling-nans -fopenmp.

   This problem will use 7 of 8 possible threads.


  INPUT --- proc title ;

   CPU Time for the last procedure was 0.01 seconds.     


  INPUT --- proc chmatrix occasions= 3 groups= 1 etype= Occupancy 
  INPUT --- Nodes= 101 icovar = 9 ICMeans  NoHist hist= 138 ;

  INPUT ---    time interval 1 1 1 ;

  INPUT ---     icovariates effort1 effort2 effort3 pctex21 pctpool  
  INPUT ---    pctrock pctBrBnk pctShade BRT_100m ;

  INPUT ---    glabel(1)=freq1;

      Number of unique encounter histories read was 138.

      Number of individual covariates read was 9.
      Time interval lengths are all equal to 1.

      Data type number is 27
      Data type is Occupancy Estimation with Detection < 1                                                             

   CPU Time for the last procedure was 0.01 seconds.     

  Program  MARK  - Survival Rate Estimation with Capture-Recapture Data
   gfortran(dble) Vers. 9.0 Mar 2018     6-Dec-2019 14:34:38    Page  002
 - - - - - - - - - - - - - - - - - - - - - - - - - - - - - - - - - - - - - -
 


  INPUT --- proc estimate link=Logit NOLOOP varest=2ndPart    ;


  INPUT --- model={ p(~effort)Psi(~pctex21 + pctpool + pctrock + 
  INPUT --- pctBrBnk + pctShade + BRT_100m) };

  INPUT ---    group=1 p    rows=1 cols=3 Square ;
  INPUT ---        1 2 3 ;

  INPUT ---    group=1 Psi    rows=1 cols=1 Square ;
  INPUT ---        4 ;

  INPUT ---    design matrix constraints=4 covariates=9;
  INPUT ---        1 effort1 0 0 0 0 0 0 0;
  INPUT ---        1 effort2 0 0 0 0 0 0 0;
  INPUT ---        1 effort3 0 0 0 0 0 0 0;
  INPUT ---        0 0 1 pctex21 pctpool pctrock pctBrBnk pctShade BRT_100m;
  INPUT ---       blabel(1)=p:(Intercept);
  INPUT ---       blabel(2)=p:effort;
  INPUT ---       blabel(3)=Psi:(Intercept);
  INPUT ---       blabel(4)=Psi:pctex21;
  INPUT ---       blabel(5)=Psi:pctpool;
  INPUT ---       blabel(6)=Psi:pctrock;
  INPUT ---       blabel(7)=Psi:pctBrBnk;
  INPUT ---       blabel(8)=Psi:pctShade;
  INPUT ---       blabel(9)=Psi:BRT_100m;
  INPUT ---       rlabel(1)=p g1 a0 t1;
  INPUT ---       rlabel(2)=p g1 a1 t2;
  INPUT ---       rlabel(3)=p g1 a2 t3;
  INPUT ---       rlabel(4)=Psi g1 a0 t1;

 Link Function Used is LOGIT        

 Variance Estimation Procedure Used is 2ndPart 
 -2logL(saturated) = 0.0000000     
 Effective Sample Size = 138

 Number of function evaluations was 29 for 9 parameters.
 Time for numerical optimization was 0.01 seconds.     
 -2logL { p(~effort)Psi(~pctex21 + pctpool + pctrock + pctBrBnk + pctShade + BRT_100m) } = 139.98990     
 Penalty { p(~effort)Psi(~pctex21 + pctpool + pctrock + pctBrBnk + pctShade + BRT_100m) } = 0.0000000     
 Gradient { p(~effort)Psi(~pctex21 + pctpool + pctrock + pctBrBnk + pctShade + BRT_100m) }:
  0.2892863E-05  0.6338990E-06  0.1266575E-05  0.1895252E-06  0.7142045E-06
  0.8554908E-06 -0.5105671E-06  0.1307290E-05  0.7728773E-06
 Maximum ABS(G) { p(~effort)Psi(~pctex21 + pctpool + pctrock + pctBrBnk + pctShade + BRT_100m) } = 0.2892863E-05 

  Program  MARK  - Survival Rate Estimation with Capture-Recapture Data
   gfortran(dble) Vers. 9.0 Mar 2018     6-Dec-2019 14:34:38    Page  003
 - - - - - - - - - - - - - - - - - - - - - - - - - - - - - - - - - - - - - -
 
 S Vector { p(~effort)Psi(~pctex21 + pctpool + pctrock + pctBrBnk + pctShade + BRT_100m) }:
   25.01946      8.014435      1.030194     0.8832189     0.4550759    
  0.2303790     0.1924405     0.1635483     0.1750071E-01
 Time to compute number of parameters was 0.06 seconds.     
 Ratio Threshold = 50.000000       Max Gap (8/9) = 9.3452356       Next Max Gap (2/3) = 7.7795408     
 Gap Method for Num. of Estimated Parameters { p(~effort)Psi(~pctex21 + pctpool + pctrock + pctBrBnk + pctShade + BRT_100m) } = 9          
 Threshold { p(~effort)Psi(~pctex21 + pctpool + pctrock + pctBrBnk + pctShade + BRT_100m) } = 0.5785726E-05                 
 Numerical Threshold Method for Num. of Estimated Parameters { p(~effort)Psi(~pctex21 + pctpool + pctrock + pctBrBnk + pctShade + BRT_100m) } = 9          
 Number of Estimated Parameters { p(~effort)Psi(~pctex21 + pctpool + pctrock + pctBrBnk + pctShade + BRT_100m) } = 9          
 DEVIANCE { p(~effort)Psi(~pctex21 + pctpool + pctrock + pctBrBnk + pctShade + BRT_100m) } = 139.98990                     
 DEVIANCE Degrees of Freedom { p(~effort)Psi(~pctex21 + pctpool + pctrock + pctBrBnk + pctShade + BRT_100m) } = 129            
 c-hat { p(~effort)Psi(~pctex21 + pctpool + pctrock + pctBrBnk + pctShade + BRT_100m) } = 1.0851930                     
 AIC { p(~effort)Psi(~pctex21 + pctpool + pctrock + pctBrBnk + pctShade + BRT_100m) } = 157.98990                  
 AICc { p(~effort)Psi(~pctex21 + pctpool + pctrock + pctBrBnk + pctShade + BRT_100m) } = 159.39615                    
 BIC { p(~effort)Psi(~pctex21 + pctpool + pctrock + pctBrBnk + pctShade + BRT_100m) } = 184.33518                    
 Pearson Chisquare { p(~effort)Psi(~pctex21 + pctpool + pctrock + pctBrBnk + pctShade + BRT_100m) } = 855.76010                  


 LOGIT Link Function Parameters of { p(~effort)Psi(~pctex21 + pctpool + pctrock + pctBrBnk + pctShade + BRT_100m) }
                                                              95% Confidence Interval
 Parameter                    Beta         Standard Error      Lower           Upper
 -------------------------  --------------  --------------  --------------  --------------
    1:p:(Intercept)          0.9779873       0.3648858       0.2628111       1.6931635    
    2:p:effort               1.0873588       0.5300271       0.0485056       2.1262120    
    3:Psi:(Intercept)       -2.0118214       1.3092634      -4.5779778       0.5543350    
    4:Psi:pctex21           -0.6176491       0.2439235      -1.0957392      -0.1395591    
    5:Psi:pctpool            0.0211022       0.0167365      -0.0117013       0.0539057    
    6:Psi:pctrock            0.0122954       0.0155167      -0.0181173       0.0427081    
    7:Psi:pctBrBnk          -0.8639195       0.6652468      -2.1678033       0.4399642    
    8:Psi:pctShade           0.0046178       0.0107579      -0.0164677       0.0257034    
    9:Psi:BRT_100m           0.0152674       0.0168384      -0.0177358       0.0482706    


 Real Function Parameters of { p(~effort)Psi(~pctex21 + pctpool + pctrock + pctBrBnk + pctShade + BRT_100m) }

      Following estimates based on unstandardized individual covariate values:
          Variable   Value         
          ---------  ------------- 
          EFFORT1    -0.7246373E-10
          EFFORT2    -0.1449268E-10
          EFFORT3     0.4347865E-11
          PCTEX21     4.8306834    
          PCTPOOL     25.664251    
          PCTROCK     68.678238    
          PCTBRBNK    0.8740586    
          PCTSHADE    48.614931    
          BRT_100M    6.7817616    
                                                               95% Confidence Interval
  Parameter                  Estimate       Standard Error      Lower           Upper
 --------------------------  --------------  --------------  --------------  --------------
     1:p g1 a0 t1             0.7267087       0.0724675       0.5653272       0.8446397                          
     2:p g1 a1 t2             0.7267087       0.0724675       0.5653272       0.8446397                          
     3:p g1 a2 t3             0.7267087       0.0724675       0.5653272       0.8446397                          
     4:Psi g1 a0 t1           0.0173515       0.0180040       0.0022241       0.1227160                          

  Program  MARK  - Survival Rate Estimation with Capture-Recapture Data
   gfortran(dble) Vers. 9.0 Mar 2018     6-Dec-2019 14:34:38    Page  004
 - - - - - - - - - - - - - - - - - - - - - - - - - - - - - - - - - - - - - -
 


                      Estimates of Derived Parameters
 Occupancy Estimates of { p(~effort)Psi(~pctex21 + pctpool + pctrock + pctBrBnk + pctShade + BRT_100m) }
                                            95% Confidence Interval
 Group   Psi-hat         Standard Error      Lower           Upper
 -----   --------------  --------------  --------------  --------------
   1      0.0173515       0.0180040       0.0022241       0.1227160    

   CPU Time for the last procedure was 0.08 seconds.     


  INPUT --- proc stop;

     CPU Time in minutes for this job was 0.00

     Time Start = 14:34:38.192   Time End = 14:34:38.453

     Wall Clock Time in minutes for this job was 0.00


          E X E C U T I O N   S U C C E S S F U L 
