
   Program  MARK  - Survival Rate Estimation with Capture-Recapture Data
   gfortran(dble) Vers. 9.0 Mar 2018    10-Dec-2019 12:34:53    Page  001
 - - - - - - - - - - - - - - - - - - - - - - - - - - - - - - - - - - - - - -
 
   This version was compiled by GCC version 7.2.0 using the options: 
     -cpp -iprefix C:/Program Files/mingw-w64/x86_64-7.2.0-posix-seh-rt_v5-rev1/
     mingw64/bin/../lib/gcc/x86_64-w64-mingw32/7.2.0/ -D_MT -D_REENTRANT
     -U_REENTRANT -D IEEE -D DBLEPRECISION -m64 -mtune=core2 -march=nocona -mthreads
     -O2 -fimplicit-none -fbounds-check -funroll-loops -ftree-vectorize
     -ffpe-summary=invalid,zero,overflow,underflow -fno-unsafe-math-optimizations
     -frounding-math -fsignaling-nans -fopenmp.

   This problem will use 7 of 8 possible threads.


  INPUT --- proc title ;

   CPU Time for the last procedure was 0.02 seconds.     


  INPUT --- proc chmatrix occasions= 3 groups= 1 etype= Occupancy 
  INPUT --- Nodes= 101 icovar = 6 ICMeans  NoHist hist= 138 ;

  INPUT ---    time interval 1 1 1 ;

  INPUT ---     icovariates effort1 effort2 effort3 pctex21 BRT_100m  
  INPUT ---    pctShade ;

  INPUT ---    glabel(1)=freq1;

      Number of unique encounter histories read was 138.

      Number of individual covariates read was 6.
      Time interval lengths are all equal to 1.

      Data type number is 27
      Data type is Occupancy Estimation with Detection < 1                                                             

   CPU Time for the last procedure was 0.01 seconds.     

  Program  MARK  - Survival Rate Estimation with Capture-Recapture Data
   gfortran(dble) Vers. 9.0 Mar 2018    10-Dec-2019 12:34:53    Page  002
 - - - - - - - - - - - - - - - - - - - - - - - - - - - - - - - - - - - - - -
 


  INPUT --- proc estimate link=Logit NOLOOP varest=2ndPart    ;


  INPUT --- model={ p(~effort)Psi(~pctex21 + BRT_100m + pctShade) };

  INPUT ---    group=1 p    rows=1 cols=3 Square ;
  INPUT ---        1 2 3 ;

  INPUT ---    group=1 Psi    rows=1 cols=1 Square ;
  INPUT ---        4 ;

  INPUT ---    design matrix constraints=4 covariates=6;
  INPUT ---        1 effort1 0 0 0 0;
  INPUT ---        1 effort2 0 0 0 0;
  INPUT ---        1 effort3 0 0 0 0;
  INPUT ---        0 0 1 pctex21 BRT_100m pctShade;
  INPUT ---       blabel(1)=p:(Intercept);
  INPUT ---       blabel(2)=p:effort;
  INPUT ---       blabel(3)=Psi:(Intercept);
  INPUT ---       blabel(4)=Psi:pctex21;
  INPUT ---       blabel(5)=Psi:BRT_100m;
  INPUT ---       blabel(6)=Psi:pctShade;
  INPUT ---       rlabel(1)=p g1 a0 t1;
  INPUT ---       rlabel(2)=p g1 a1 t2;
  INPUT ---       rlabel(3)=p g1 a2 t3;
  INPUT ---       rlabel(4)=Psi g1 a0 t1;

 Link Function Used is LOGIT        

 Variance Estimation Procedure Used is 2ndPart 
 -2logL(saturated) = 0.0000000     
 Effective Sample Size = 138

   * *  WARNING  * *   Error number 0 from VA09AD optimization routine. 

 Number of function evaluations was 22 for 6 parameters.
 Time for numerical optimization was 0.08 seconds.     
 -2logL { p(~effort)Psi(~pctex21 + BRT_100m + pctShade) } = 143.70544     
 Penalty { p(~effort)Psi(~pctex21 + BRT_100m + pctShade) } = 0.0000000     
 Gradient { p(~effort)Psi(~pctex21 + BRT_100m + pctShade) }:
   0.000000       0.000000       0.000000       0.000000       0.000000    
   0.000000    
 Maximum ABS(G) { p(~effort)Psi(~pctex21 + BRT_100m + pctShade) } = 0.0000000     

  Program  MARK  - Survival Rate Estimation with Capture-Recapture Data
   gfortran(dble) Vers. 9.0 Mar 2018    10-Dec-2019 12:34:53    Page  003
 - - - - - - - - - - - - - - - - - - - - - - - - - - - - - - - - - - - - - -
 
 S Vector { p(~effort)Psi(~pctex21 + BRT_100m + pctShade) }:
   17.29783      7.902300     0.9749049     0.4283510     0.1663819    
  0.1691218E-01
 Time to compute number of parameters was 0.01 seconds.     
 Ratio Threshold = 50.000000       Max Gap (5/6) = 9.8379945       Next Max Gap (2/3) = 8.1057134     
 Gap Method for Num. of Estimated Parameters { p(~effort)Psi(~pctex21 + BRT_100m + pctShade) } = 6          
 Threshold { p(~effort)Psi(~pctex21 + BRT_100m + pctShade) } = 0.0000000                     
 Numerical Threshold Method for Num. of Estimated Parameters { p(~effort)Psi(~pctex21 + BRT_100m + pctShade) } = 6          
 Number of Estimated Parameters { p(~effort)Psi(~pctex21 + BRT_100m + pctShade) } = 6          
 DEVIANCE { p(~effort)Psi(~pctex21 + BRT_100m + pctShade) } = 143.70544                     
 DEVIANCE Degrees of Freedom { p(~effort)Psi(~pctex21 + BRT_100m + pctShade) } = 132            
 c-hat { p(~effort)Psi(~pctex21 + BRT_100m + pctShade) } = 1.0886776                     
 AIC { p(~effort)Psi(~pctex21 + BRT_100m + pctShade) } = 155.70544                  
 AICc { p(~effort)Psi(~pctex21 + BRT_100m + pctShade) } = 156.34666                    
 BIC { p(~effort)Psi(~pctex21 + BRT_100m + pctShade) } = 173.26896                    
 Pearson Chisquare { p(~effort)Psi(~pctex21 + BRT_100m + pctShade) } = 694.28392                  


      LOGIT Link Function Parameters of { p(~effort)Psi(~pctex21 + BRT_100m + pctShade) }
                                                              95% Confidence Interval
 Parameter                    Beta         Standard Error      Lower           Upper
 -------------------------  --------------  --------------  --------------  --------------
    1:p:(Intercept)          0.9777490       0.3654836       0.2614012       1.6940969    
    2:p:effort               1.0848000       0.5303872       0.0452410       2.1243589    
    3:Psi:(Intercept)       -1.3039382       0.5684867      -2.4181722      -0.1897042    
    4:Psi:pctex21           -0.6649812       0.2482036      -1.1514602      -0.1785021    
    5:Psi:BRT_100m           0.0249283       0.0158181      -0.0060751       0.0559316    
    6:Psi:pctShade           0.0063696       0.0092294      -0.0117201       0.0244593    


      Real Function Parameters of { p(~effort)Psi(~pctex21 + BRT_100m + pctShade) }

      Following estimates based on unstandardized individual covariate values:
          Variable   Value         
          ---------  ------------- 
          EFFORT1    -0.7246373E-10
          EFFORT2    -0.1449268E-10
          EFFORT3     0.4347865E-11
          PCTEX21     4.8306834    
          BRT_100M    6.7817616    
          PCTSHADE    48.614931    
                                                               95% Confidence Interval
  Parameter                  Estimate       Standard Error      Lower           Upper
 --------------------------  --------------  --------------  --------------  --------------
     1:p g1 a0 t1             0.7266613       0.0725940       0.5649807       0.8447622                          
     2:p g1 a1 t2             0.7266613       0.0725940       0.5649807       0.8447622                          
     3:p g1 a2 t3             0.7266613       0.0725940       0.5649807       0.8447622                          
     4:Psi g1 a0 t1           0.0173351       0.0184479       0.0021075       0.1284291                          


                      Estimates of Derived Parameters
 Occupancy Estimates of { p(~effort)Psi(~pctex21 + BRT_100m + pctShade) }
                                            95% Confidence Interval
 Group   Psi-hat         Standard Error      Lower           Upper
 -----   --------------  --------------  --------------  --------------
   1      0.0173351       0.0184479       0.0021075       0.1284291    

   CPU Time for the last procedure was 0.08 seconds.     

  Program  MARK  - Survival Rate Estimation with Capture-Recapture Data
   gfortran(dble) Vers. 9.0 Mar 2018    10-Dec-2019 12:34:53    Page  004
 - - - - - - - - - - - - - - - - - - - - - - - - - - - - - - - - - - - - - -
 


  INPUT --- proc stop;

     CPU Time in minutes for this job was 0.00

     Time Start = 12:34:53.348   Time End = 12:34:53.565

     Wall Clock Time in minutes for this job was 0.00


          E X E C U T I O N   S U C C E S S F U L 
