
   Program  MARK  - Survival Rate Estimation with Capture-Recapture Data
   gfortran(dble) Vers. 9.0 Mar 2018     6-Dec-2019 14:34:36    Page  001
 - - - - - - - - - - - - - - - - - - - - - - - - - - - - - - - - - - - - - -
 
   This version was compiled by GCC version 7.2.0 using the options: 
     -cpp -iprefix C:/Program Files/mingw-w64/x86_64-7.2.0-posix-seh-rt_v5-rev1/
     mingw64/bin/../lib/gcc/x86_64-w64-mingw32/7.2.0/ -D_MT -D_REENTRANT
     -U_REENTRANT -D IEEE -D DBLEPRECISION -m64 -mtune=core2 -march=nocona -mthreads
     -O2 -fimplicit-none -fbounds-check -funroll-loops -ftree-vectorize
     -ffpe-summary=invalid,zero,overflow,underflow -fno-unsafe-math-optimizations
     -frounding-math -fsignaling-nans -fopenmp.

   This problem will use 7 of 8 possible threads.


  INPUT --- proc title ;

   CPU Time for the last procedure was 0.01 seconds.     


  INPUT --- proc chmatrix occasions= 3 groups= 1 etype= Occupancy 
  INPUT --- Nodes= 101 icovar = 6 ICMeans  NoHist hist= 138 ;

  INPUT ---    time interval 1 1 1 ;

  INPUT ---     icovariates pctex21 pctpool pctrock LWD pctBrBnk BRT_100m  
  INPUT ---    ;

  INPUT ---    glabel(1)=freq1;

      Number of unique encounter histories read was 138.

      Number of individual covariates read was 6.
      Time interval lengths are all equal to 1.

      Data type number is 27
      Data type is Occupancy Estimation with Detection < 1                                                             

   CPU Time for the last procedure was 0.02 seconds.     

  Program  MARK  - Survival Rate Estimation with Capture-Recapture Data
   gfortran(dble) Vers. 9.0 Mar 2018     6-Dec-2019 14:34:36    Page  002
 - - - - - - - - - - - - - - - - - - - - - - - - - - - - - - - - - - - - - -
 


  INPUT --- proc estimate link=Logit NOLOOP varest=2ndPart    ;


  INPUT --- model={ p(~1)Psi(~pctex21 + pctpool + pctrock + LWD + 
  INPUT --- pctBrBnk + BRT_100m) };

  INPUT ---    group=1 p    rows=1 cols=3 Square ;
  INPUT ---        1 1 1 ;

  INPUT ---    group=1 Psi    rows=1 cols=1 Square ;
  INPUT ---        2 ;

  INPUT ---    design matrix constraints=2 covariates=8;
  INPUT ---        1 0 0 0 0 0 0 0;
  INPUT ---        0 1 pctex21 pctpool pctrock LWD pctBrBnk BRT_100m;
  INPUT ---       blabel(1)=p:(Intercept);
  INPUT ---       blabel(2)=Psi:(Intercept);
  INPUT ---       blabel(3)=Psi:pctex21;
  INPUT ---       blabel(4)=Psi:pctpool;
  INPUT ---       blabel(5)=Psi:pctrock;
  INPUT ---       blabel(6)=Psi:LWD;
  INPUT ---       blabel(7)=Psi:pctBrBnk;
  INPUT ---       blabel(8)=Psi:BRT_100m;
  INPUT ---       rlabel(1)=p g1 a0 t1;
  INPUT ---       rlabel(2)=Psi g1 a0 t1;

 Link Function Used is LOGIT        

 Variance Estimation Procedure Used is 2ndPart 
 -2logL(saturated) = 0.0000000     
 Effective Sample Size = 138

 Number of function evaluations was 24 for 8 parameters.
 Time for numerical optimization was 0.02 seconds.     
 -2logL { p(~1)Psi(~pctex21 + pctpool + pctrock + LWD + pctBrBnk + BRT_100m) } = 146.25996     
 Penalty { p(~1)Psi(~pctex21 + pctpool + pctrock + LWD + pctBrBnk + BRT_100m) } = 0.0000000     
 Gradient { p(~1)Psi(~pctex21 + pctpool + pctrock + LWD + pctBrBnk + BRT_100m) }:
   0.000000     -0.6069525E-06   0.000000      0.1292981E-05   0.000000    
  0.1194653E-05  0.5653272E-06  0.7695638E-06
 Maximum ABS(G) { p(~1)Psi(~pctex21 + pctpool + pctrock + LWD + pctBrBnk + BRT_100m) } = 0.1292981E-05 
 S Vector { p(~1)Psi(~pctex21 + pctpool + pctrock + LWD + pctBrBnk + BRT_100m) }:
   22.36258      9.696982      1.039178     0.5465760     0.4385269    
  0.2412400     0.2254278     0.1821195E-01
 Time to compute number of parameters was 0.05 seconds.     
 Ratio Threshold = 50.000000       Max Gap (7/8) = 12.378016       Next Max Gap (2/3) = 9.3313932     
 Gap Method for Num. of Estimated Parameters { p(~1)Psi(~pctex21 + pctpool + pctrock + LWD + pctBrBnk + BRT_100m) } = 8          
 Threshold { p(~1)Psi(~pctex21 + pctpool + pctrock + LWD + pctBrBnk + BRT_100m) } = 0.2585961E-05                 
 Numerical Threshold Method for Num. of Estimated Parameters { p(~1)Psi(~pctex21 + pctpool + pctrock + LWD + pctBrBnk + BRT_100m) } = 8          
 Number of Estimated Parameters { p(~1)Psi(~pctex21 + pctpool + pctrock + LWD + pctBrBnk + BRT_100m) } = 8          
 DEVIANCE { p(~1)Psi(~pctex21 + pctpool + pctrock + LWD + pctBrBnk + BRT_100m) } = 146.25996                     
 DEVIANCE Degrees of Freedom { p(~1)Psi(~pctex21 + pctpool + pctrock + LWD + pctBrBnk + BRT_100m) } = 130            
 c-hat { p(~1)Psi(~pctex21 + pctpool + pctrock + LWD + pctBrBnk + BRT_100m) } = 1.1250766                     
 AIC { p(~1)Psi(~pctex21 + pctpool + pctrock + LWD + pctBrBnk + BRT_100m) } = 162.25996                  
 AICc { p(~1)Psi(~pctex21 + pctpool + pctrock + LWD + pctBrBnk + BRT_100m) } = 163.37624                    
 BIC { p(~1)Psi(~pctex21 + pctpool + pctrock + LWD + pctBrBnk + BRT_100m) } = 185.67799                    
 Pearson Chisquare { p(~1)Psi(~pctex21 + pctpool + pctrock + LWD + pctBrBnk + BRT_100m) } = 1327.8345                  

  Program  MARK  - Survival Rate Estimation with Capture-Recapture Data
   gfortran(dble) Vers. 9.0 Mar 2018     6-Dec-2019 14:34:36    Page  003
 - - - - - - - - - - - - - - - - - - - - - - - - - - - - - - - - - - - - - -
 


 LOGIT Link Function Parameters of { p(~1)Psi(~pctex21 + pctpool + pctrock + LWD + pctBrBnk + BRT_100m) }
                                                              95% Confidence Interval
 Parameter                    Beta         Standard Error      Lower           Upper
 -------------------------  --------------  --------------  --------------  --------------
    1:p:(Intercept)          0.9505301       0.3203989       0.3225482       1.5785120    
    2:Psi:(Intercept)       -2.1425004       1.2936734      -4.6781003       0.3930994    
    3:Psi:pctex21           -0.5944219       0.2390565      -1.0629727      -0.1258711    
    4:Psi:pctpool            0.0246355       0.0166645      -0.0080269       0.0572979    
    5:Psi:pctrock            0.0156948       0.0139034      -0.0115558       0.0429455    
    6:Psi:LWD               -0.5965719       1.3423245      -3.2275279       2.0343842    
    7:Psi:pctBrBnk          -0.7496478       0.6310747      -1.9865542       0.4872586    
    8:Psi:BRT_100m           0.0153779       0.0169559      -0.0178557       0.0486115    


 Real Function Parameters of { p(~1)Psi(~pctex21 + pctpool + pctrock + LWD + pctBrBnk + BRT_100m) }

      Following estimates based on unstandardized individual covariate values:
          Variable   Value         
          ---------  ------------- 
          PCTEX21     4.8306834    
          PCTPOOL     25.664251    
          PCTROCK     68.678238    
          LWD         0.2273503    
          PCTBRBNK    0.8740586    
          BRT_100M    6.7817616    
                                                               95% Confidence Interval
  Parameter                  Estimate       Standard Error      Lower           Upper
 --------------------------  --------------  --------------  --------------  --------------
     1:p g1 a0 t1             0.7212218       0.0644197       0.5799451       0.8289937                          
     2:Psi g1 a0 t1           0.0181566       0.0184173       0.0024352       0.1228737                          


                      Estimates of Derived Parameters
 Occupancy Estimates of { p(~1)Psi(~pctex21 + pctpool + pctrock + LWD + pctBrBnk + BRT_100m) }
                                            95% Confidence Interval
 Group   Psi-hat         Standard Error      Lower           Upper
 -----   --------------  --------------  --------------  --------------
   1      0.0181566       0.0184173       0.0024352       0.1228737    

   CPU Time for the last procedure was 0.06 seconds.     

  Program  MARK  - Survival Rate Estimation with Capture-Recapture Data
   gfortran(dble) Vers. 9.0 Mar 2018     6-Dec-2019 14:34:36    Page  004
 - - - - - - - - - - - - - - - - - - - - - - - - - - - - - - - - - - - - - -
 


  INPUT --- proc stop;

     CPU Time in minutes for this job was 0.00

     Time Start = 14:34:36.326   Time End = 14:34:36.575

     Wall Clock Time in minutes for this job was 0.00


          E X E C U T I O N   S U C C E S S F U L 
