
   Program  MARK  - Survival Rate Estimation with Capture-Recapture Data
   gfortran(dble) Vers. 9.0 Mar 2018     9-Dec-2019 13:22:11    Page  001
 - - - - - - - - - - - - - - - - - - - - - - - - - - - - - - - - - - - - - -
 
   This version was compiled by GCC version 7.2.0 using the options: 
     -cpp -iprefix C:/Program Files/mingw-w64/x86_64-7.2.0-posix-seh-rt_v5-rev1/
     mingw64/bin/../lib/gcc/x86_64-w64-mingw32/7.2.0/ -D_MT -D_REENTRANT
     -U_REENTRANT -D IEEE -D DBLEPRECISION -m64 -mtune=core2 -march=nocona -mthreads
     -O2 -fimplicit-none -fbounds-check -funroll-loops -ftree-vectorize
     -ffpe-summary=invalid,zero,overflow,underflow -fno-unsafe-math-optimizations
     -frounding-math -fsignaling-nans -fopenmp.

   This problem will use 7 of 8 possible threads.


  INPUT --- proc title ;

   CPU Time for the last procedure was 0.01 seconds.     


  INPUT --- proc chmatrix occasions= 3 groups= 1 etype= Occupancy 
  INPUT --- Nodes= 101 icovar = 2 ICMeans  NoHist hist= 138 ;

  INPUT ---    time interval 1 1 1 ;

  INPUT ---     icovariates HAiFLS_for AvgSlope ;

  INPUT ---    glabel(1)=freq1;

      Number of unique encounter histories read was 138.

      Number of individual covariates read was 2.
      Time interval lengths are all equal to 1.

      Data type number is 27
      Data type is Occupancy Estimation with Detection < 1                                                             

   CPU Time for the last procedure was 0.02 seconds.     

  Program  MARK  - Survival Rate Estimation with Capture-Recapture Data
   gfortran(dble) Vers. 9.0 Mar 2018     9-Dec-2019 13:22:11    Page  002
 - - - - - - - - - - - - - - - - - - - - - - - - - - - - - - - - - - - - - -
 


  INPUT --- proc estimate link=Logit NOLOOP varest=2ndPart    ;


  INPUT --- model={ p(~1)Psi(~HAiFLS_for + AvgSlope) };

  INPUT ---    group=1 p    rows=1 cols=3 Square ;
  INPUT ---        1 1 1 ;

  INPUT ---    group=1 Psi    rows=1 cols=1 Square ;
  INPUT ---        2 ;

  INPUT ---    design matrix constraints=2 covariates=4;
  INPUT ---        1 0 0 0;
  INPUT ---        0 1 HAiFLS_for AvgSlope;
  INPUT ---       blabel(1)=p:(Intercept);
  INPUT ---       blabel(2)=Psi:(Intercept);
  INPUT ---       blabel(3)=Psi:HAiFLS_for;
  INPUT ---       blabel(4)=Psi:AvgSlope;
  INPUT ---       rlabel(1)=p g1 a0 t1;
  INPUT ---       rlabel(2)=Psi g1 a0 t1;

 Link Function Used is LOGIT        

 Variance Estimation Procedure Used is 2ndPart 
 -2logL(saturated) = 0.0000000     
 Effective Sample Size = 138

 Number of function evaluations was 13 for 4 parameters.
 Time for numerical optimization was 0.01 seconds.     
 -2logL { p(~1)Psi(~HAiFLS_for + AvgSlope) } = 167.81319     
 Penalty { p(~1)Psi(~HAiFLS_for + AvgSlope) } = 0.0000000     
 Gradient { p(~1)Psi(~HAiFLS_for + AvgSlope) }:
   0.000000     -0.9595109E-06   0.000000      0.5820300E-06
 Maximum ABS(G) { p(~1)Psi(~HAiFLS_for + AvgSlope) } = 0.9595109E-06 
 S Vector { p(~1)Psi(~HAiFLS_for + AvgSlope) }:
   18.52749      9.618376      1.316339     0.3970515    
 Time to compute number of parameters was 0.06 seconds.     
 Ratio Threshold = 50.000000       Max Gap (2/3) = 7.3069163       Next Max Gap (3/4) = 3.3152842     
 Gap Method for Num. of Estimated Parameters { p(~1)Psi(~HAiFLS_for + AvgSlope) } = 4          
 Threshold { p(~1)Psi(~HAiFLS_for + AvgSlope) } = 0.1919022E-05                 
 Numerical Threshold Method for Num. of Estimated Parameters { p(~1)Psi(~HAiFLS_for + AvgSlope) } = 4          
 Number of Estimated Parameters { p(~1)Psi(~HAiFLS_for + AvgSlope) } = 4          
 DEVIANCE { p(~1)Psi(~HAiFLS_for + AvgSlope) } = 167.81319                     
 DEVIANCE Degrees of Freedom { p(~1)Psi(~HAiFLS_for + AvgSlope) } = 134            
 c-hat { p(~1)Psi(~HAiFLS_for + AvgSlope) } = 1.2523372                     
 AIC { p(~1)Psi(~HAiFLS_for + AvgSlope) } = 175.81319                  
 AICc { p(~1)Psi(~HAiFLS_for + AvgSlope) } = 176.11394                    
 BIC { p(~1)Psi(~HAiFLS_for + AvgSlope) } = 187.52220                    
 Pearson Chisquare { p(~1)Psi(~HAiFLS_for + AvgSlope) } = 952.81071                  


             LOGIT Link Function Parameters of { p(~1)Psi(~HAiFLS_for + AvgSlope) }
                                                              95% Confidence Interval
 Parameter                    Beta         Standard Error      Lower           Upper
 -------------------------  --------------  --------------  --------------  --------------
    1:p:(Intercept)          0.9470460       0.3213856       0.3171301       1.5769619    
    2:Psi:(Intercept)       -2.9756686       0.5657503      -4.0845392      -1.8667980    
    3:Psi:HAiFLS_for         0.0190808       0.0082077       0.0029938       0.0351678    

  Program  MARK  - Survival Rate Estimation with Capture-Recapture Data
   gfortran(dble) Vers. 9.0 Mar 2018     9-Dec-2019 13:22:11    Page  003
 - - - - - - - - - - - - - - - - - - - - - - - - - - - - - - - - - - - - - -
 
    4:Psi:AvgSlope           0.0401213       0.0269575      -0.0127154       0.0929579    


             Real Function Parameters of { p(~1)Psi(~HAiFLS_for + AvgSlope) }

      Following estimates based on unstandardized individual covariate values:
          Variable   Value         
          ---------  ------------- 
          HAIFLS_FOR  26.272482    
          AVGSLOPE    12.952003    
                                                               95% Confidence Interval
  Parameter                  Estimate       Standard Error      Lower           Upper
 --------------------------  --------------  --------------  --------------  --------------
     1:p g1 a0 t1             0.7205207       0.0647176       0.5786247       0.8287738                          
     2:Psi g1 a0 t1           0.1240398       0.0300523       0.0760808       0.1958232                          


                      Estimates of Derived Parameters
       Occupancy Estimates of { p(~1)Psi(~HAiFLS_for + AvgSlope) }
                                            95% Confidence Interval
 Group   Psi-hat         Standard Error      Lower           Upper
 -----   --------------  --------------  --------------  --------------
   1      0.1240398       0.0300523       0.0760808       0.1958232    

   CPU Time for the last procedure was 0.06 seconds.     

  Program  MARK  - Survival Rate Estimation with Capture-Recapture Data
   gfortran(dble) Vers. 9.0 Mar 2018     9-Dec-2019 13:22:11    Page  004
 - - - - - - - - - - - - - - - - - - - - - - - - - - - - - - - - - - - - - -
 


  INPUT --- proc stop;

     CPU Time in minutes for this job was 0.00

     Time Start = 13:22:11.039   Time End = 13:22:11.188

     Wall Clock Time in minutes for this job was 0.00


          E X E C U T I O N   S U C C E S S F U L 
