
   Program  MARK  - Survival Rate Estimation with Capture-Recapture Data
   gfortran(dble) Vers. 9.0 Mar 2018     6-Dec-2019 14:35:33    Page  001
 - - - - - - - - - - - - - - - - - - - - - - - - - - - - - - - - - - - - - -
 
   This version was compiled by GCC version 7.2.0 using the options: 
     -cpp -iprefix C:/Program Files/mingw-w64/x86_64-7.2.0-posix-seh-rt_v5-rev1/
     mingw64/bin/../lib/gcc/x86_64-w64-mingw32/7.2.0/ -D_MT -D_REENTRANT
     -U_REENTRANT -D IEEE -D DBLEPRECISION -m64 -mtune=core2 -march=nocona -mthreads
     -O2 -fimplicit-none -fbounds-check -funroll-loops -ftree-vectorize
     -ffpe-summary=invalid,zero,overflow,underflow -fno-unsafe-math-optimizations
     -frounding-math -fsignaling-nans -fopenmp.

   This problem will use 7 of 8 possible threads.


  INPUT --- proc title ;

   CPU Time for the last procedure was 0.01 seconds.     


  INPUT --- proc chmatrix occasions= 3 groups= 1 etype= Occupancy 
  INPUT --- Nodes= 101 icovar = 5 ICMeans  NoHist hist= 138 ;

  INPUT ---    time interval 1 1 1 ;

  INPUT ---     icovariates effort1 effort2 effort3 pctex21 pctrock ;

  INPUT ---    glabel(1)=freq1;

      Number of unique encounter histories read was 138.

      Number of individual covariates read was 5.
      Time interval lengths are all equal to 1.

      Data type number is 27
      Data type is Occupancy Estimation with Detection < 1                                                             

   CPU Time for the last procedure was 0.01 seconds.     

  Program  MARK  - Survival Rate Estimation with Capture-Recapture Data
   gfortran(dble) Vers. 9.0 Mar 2018     6-Dec-2019 14:35:33    Page  002
 - - - - - - - - - - - - - - - - - - - - - - - - - - - - - - - - - - - - - -
 


  INPUT --- proc estimate link=Logit NOLOOP varest=2ndPart    ;


  INPUT --- model={ p(~effort)Psi(~pctex21 + pctrock) };

  INPUT ---    group=1 p    rows=1 cols=3 Square ;
  INPUT ---        1 2 3 ;

  INPUT ---    group=1 Psi    rows=1 cols=1 Square ;
  INPUT ---        4 ;

  INPUT ---    design matrix constraints=4 covariates=5;
  INPUT ---        1 effort1 0 0 0;
  INPUT ---        1 effort2 0 0 0;
  INPUT ---        1 effort3 0 0 0;
  INPUT ---        0 0 1 pctex21 pctrock;
  INPUT ---       blabel(1)=p:(Intercept);
  INPUT ---       blabel(2)=p:effort;
  INPUT ---       blabel(3)=Psi:(Intercept);
  INPUT ---       blabel(4)=Psi:pctex21;
  INPUT ---       blabel(5)=Psi:pctrock;
  INPUT ---       rlabel(1)=p g1 a0 t1;
  INPUT ---       rlabel(2)=p g1 a1 t2;
  INPUT ---       rlabel(3)=p g1 a2 t3;
  INPUT ---       rlabel(4)=Psi g1 a0 t1;

 Link Function Used is LOGIT        

 Variance Estimation Procedure Used is 2ndPart 
 -2logL(saturated) = 0.0000000     
 Effective Sample Size = 138

 Number of function evaluations was 24 for 5 parameters.
 Time for numerical optimization was 0.11 seconds.     
 -2logL { p(~effort)Psi(~pctex21 + pctrock) } = 145.17535     
 Penalty { p(~effort)Psi(~pctex21 + pctrock) } = 0.0000000     
 Gradient { p(~effort)Psi(~pctex21 + pctrock) }:
 -0.9765402E-06 -0.3090346E-06  0.7008792E-06  0.9030545E-07 -0.7860553E-06
 Maximum ABS(G) { p(~effort)Psi(~pctex21 + pctrock) } = 0.9765402E-06 
 S Vector { p(~effort)Psi(~pctex21 + pctrock) }:
   20.71816      7.544725     0.4752006     0.1620332     0.1970001E-01
 Time to compute number of parameters was 0.05 seconds.     
 Ratio Threshold = 50.000000       Max Gap (2/3) = 15.876925       Next Max Gap (4/5) = 8.2250329     
 Gap Method for Num. of Estimated Parameters { p(~effort)Psi(~pctex21 + pctrock) } = 5          
 Threshold { p(~effort)Psi(~pctex21 + pctrock) } = 0.1953080E-05                 
 Numerical Threshold Method for Num. of Estimated Parameters { p(~effort)Psi(~pctex21 + pctrock) } = 5          
 Number of Estimated Parameters { p(~effort)Psi(~pctex21 + pctrock) } = 5          
 DEVIANCE { p(~effort)Psi(~pctex21 + pctrock) } = 145.17535                     
 DEVIANCE Degrees of Freedom { p(~effort)Psi(~pctex21 + pctrock) } = 133            
 c-hat { p(~effort)Psi(~pctex21 + pctrock) } = 1.0915440                     
 AIC { p(~effort)Psi(~pctex21 + pctrock) } = 155.17535                  
 AICc { p(~effort)Psi(~pctex21 + pctrock) } = 155.62990                    
 BIC { p(~effort)Psi(~pctex21 + pctrock) } = 169.81162                    
 Pearson Chisquare { p(~effort)Psi(~pctex21 + pctrock) } = 704.35653                  

  Program  MARK  - Survival Rate Estimation with Capture-Recapture Data
   gfortran(dble) Vers. 9.0 Mar 2018     6-Dec-2019 14:35:33    Page  003
 - - - - - - - - - - - - - - - - - - - - - - - - - - - - - - - - - - - - - -
 


            LOGIT Link Function Parameters of { p(~effort)Psi(~pctex21 + pctrock) }
                                                              95% Confidence Interval
 Parameter                    Beta         Standard Error      Lower           Upper
 -------------------------  --------------  --------------  --------------  --------------
    1:p:(Intercept)          0.9531697       0.3706216       0.2267513       1.6795881    
    2:p:effort               1.1207578       0.5381438       0.0659959       2.1755197    
    3:Psi:(Intercept)       -1.7213657       0.8915669      -3.4688368       0.0261054    
    4:Psi:pctex21           -0.6497279       0.2300052      -1.1005382      -0.1989176    
    5:Psi:pctrock            0.0142648       0.0117598      -0.0087843       0.0373140    


            Real Function Parameters of { p(~effort)Psi(~pctex21 + pctrock) }

      Following estimates based on unstandardized individual covariate values:
          Variable   Value         
          ---------  ------------- 
          EFFORT1    -0.7246373E-10
          EFFORT2    -0.1449268E-10
          EFFORT3     0.4347865E-11
          PCTEX21     4.8306834    
          PCTROCK     68.678238    
                                                               95% Confidence Interval
  Parameter                  Estimate       Standard Error      Lower           Upper
 --------------------------  --------------  --------------  --------------  --------------
     1:p g1 a0 t1             0.7217522       0.0744304       0.5564462       0.8428500                          
     2:p g1 a1 t2             0.7217522       0.0744304       0.5564462       0.8428500                          
     3:p g1 a2 t3             0.7217522       0.0744304       0.5564462       0.8428500                          
     4:Psi g1 a0 t1           0.0202268       0.0197836       0.0029093       0.1274517                          


                      Estimates of Derived Parameters
       Occupancy Estimates of { p(~effort)Psi(~pctex21 + pctrock) }
                                            95% Confidence Interval
 Group   Psi-hat         Standard Error      Lower           Upper
 -----   --------------  --------------  --------------  --------------
   1      0.0202268       0.0197836       0.0029093       0.1274517    

   CPU Time for the last procedure was 0.16 seconds.     

  Program  MARK  - Survival Rate Estimation with Capture-Recapture Data
   gfortran(dble) Vers. 9.0 Mar 2018     6-Dec-2019 14:35:33    Page  004
 - - - - - - - - - - - - - - - - - - - - - - - - - - - - - - - - - - - - - -
 


  INPUT --- proc stop;

     CPU Time in minutes for this job was 0.00

     Time Start = 14:35:33.019   Time End = 14:35:33.243

     Wall Clock Time in minutes for this job was 0.00


          E X E C U T I O N   S U C C E S S F U L 
