
   Program  MARK  - Survival Rate Estimation with Capture-Recapture Data
   gfortran(dble) Vers. 9.0 Mar 2018    10-Dec-2019 12:34:43    Page  001
 - - - - - - - - - - - - - - - - - - - - - - - - - - - - - - - - - - - - - -
 
   This version was compiled by GCC version 7.2.0 using the options: 
     -cpp -iprefix C:/Program Files/mingw-w64/x86_64-7.2.0-posix-seh-rt_v5-rev1/
     mingw64/bin/../lib/gcc/x86_64-w64-mingw32/7.2.0/ -D_MT -D_REENTRANT
     -U_REENTRANT -D IEEE -D DBLEPRECISION -m64 -mtune=core2 -march=nocona -mthreads
     -O2 -fimplicit-none -fbounds-check -funroll-loops -ftree-vectorize
     -ffpe-summary=invalid,zero,overflow,underflow -fno-unsafe-math-optimizations
     -frounding-math -fsignaling-nans -fopenmp.

   This problem will use 7 of 8 possible threads.


  INPUT --- proc title ;

   CPU Time for the last procedure was 0.01 seconds.     


  INPUT --- proc chmatrix occasions= 3 groups= 1 etype= Occupancy 
  INPUT --- Nodes= 101 icovar = 7 ICMeans  NoHist hist= 138 ;

  INPUT ---    time interval 1 1 1 ;

  INPUT ---     icovariates effort1 effort2 effort3 pctex21 pctBrBnk  
  INPUT ---    pctShade HAiFLS_for ;

  INPUT ---    glabel(1)=freq1;

      Number of unique encounter histories read was 138.

      Number of individual covariates read was 7.
      Time interval lengths are all equal to 1.

      Data type number is 27
      Data type is Occupancy Estimation with Detection < 1                                                             

   CPU Time for the last procedure was 0.02 seconds.     

  Program  MARK  - Survival Rate Estimation with Capture-Recapture Data
   gfortran(dble) Vers. 9.0 Mar 2018    10-Dec-2019 12:34:43    Page  002
 - - - - - - - - - - - - - - - - - - - - - - - - - - - - - - - - - - - - - -
 


  INPUT --- proc estimate link=Logit NOLOOP varest=2ndPart    ;


  INPUT --- model={ p(~effort)Psi(~pctex21 + pctBrBnk + pctShade + 
  INPUT --- HAiFLS_for) };

  INPUT ---    group=1 p    rows=1 cols=3 Square ;
  INPUT ---        1 2 3 ;

  INPUT ---    group=1 Psi    rows=1 cols=1 Square ;
  INPUT ---        4 ;

  INPUT ---    design matrix constraints=4 covariates=7;
  INPUT ---        1 effort1 0 0 0 0 0;
  INPUT ---        1 effort2 0 0 0 0 0;
  INPUT ---        1 effort3 0 0 0 0 0;
  INPUT ---        0 0 1 pctex21 pctBrBnk pctShade HAiFLS_for;
  INPUT ---       blabel(1)=p:(Intercept);
  INPUT ---       blabel(2)=p:effort;
  INPUT ---       blabel(3)=Psi:(Intercept);
  INPUT ---       blabel(4)=Psi:pctex21;
  INPUT ---       blabel(5)=Psi:pctBrBnk;
  INPUT ---       blabel(6)=Psi:pctShade;
  INPUT ---       blabel(7)=Psi:HAiFLS_for;
  INPUT ---       rlabel(1)=p g1 a0 t1;
  INPUT ---       rlabel(2)=p g1 a1 t2;
  INPUT ---       rlabel(3)=p g1 a2 t3;
  INPUT ---       rlabel(4)=Psi g1 a0 t1;

 Link Function Used is LOGIT        

 Variance Estimation Procedure Used is 2ndPart 
 -2logL(saturated) = 0.0000000     
 Effective Sample Size = 138

 Number of function evaluations was 23 for 7 parameters.
 Time for numerical optimization was 0.09 seconds.     
 -2logL { p(~effort)Psi(~pctex21 + pctBrBnk + pctShade + HAiFLS_for) } = 139.93428     
 Penalty { p(~effort)Psi(~pctex21 + pctBrBnk + pctShade + HAiFLS_for) } = 0.0000000     
 Gradient { p(~effort)Psi(~pctex21 + pctBrBnk + pctShade + HAiFLS_for) }:
  0.9794831E-06  0.3032270E-06   0.000000      0.8630027E-07   0.000000    
   0.000000       0.000000    
 Maximum ABS(G) { p(~effort)Psi(~pctex21 + pctBrBnk + pctShade + HAiFLS_for) } = 0.9794831E-06 

  Program  MARK  - Survival Rate Estimation with Capture-Recapture Data
   gfortran(dble) Vers. 9.0 Mar 2018    10-Dec-2019 12:34:43    Page  003
 - - - - - - - - - - - - - - - - - - - - - - - - - - - - - - - - - - - - - -
 
 S Vector { p(~effort)Psi(~pctex21 + pctBrBnk + pctShade + HAiFLS_for) }:
   18.50293      7.426172      1.168157     0.6521246     0.2357034    
  0.1563690     0.1555718E-01
 Time to compute number of parameters was 0.01 seconds.     
 Ratio Threshold = 50.000000       Max Gap (6/7) = 10.051248       Next Max Gap (2/3) = 6.3571714     
 Gap Method for Num. of Estimated Parameters { p(~effort)Psi(~pctex21 + pctBrBnk + pctShade + HAiFLS_for) } = 7          
 Threshold { p(~effort)Psi(~pctex21 + pctBrBnk + pctShade + HAiFLS_for) } = 0.1958966E-05                 
 Numerical Threshold Method for Num. of Estimated Parameters { p(~effort)Psi(~pctex21 + pctBrBnk + pctShade + HAiFLS_for) } = 7          
 Number of Estimated Parameters { p(~effort)Psi(~pctex21 + pctBrBnk + pctShade + HAiFLS_for) } = 7          
 DEVIANCE { p(~effort)Psi(~pctex21 + pctBrBnk + pctShade + HAiFLS_for) } = 139.93428                     
 DEVIANCE Degrees of Freedom { p(~effort)Psi(~pctex21 + pctBrBnk + pctShade + HAiFLS_for) } = 131            
 c-hat { p(~effort)Psi(~pctex21 + pctBrBnk + pctShade + HAiFLS_for) } = 1.0682006                     
 AIC { p(~effort)Psi(~pctex21 + pctBrBnk + pctShade + HAiFLS_for) } = 153.93428                  
 AICc { p(~effort)Psi(~pctex21 + pctBrBnk + pctShade + HAiFLS_for) } = 154.79582                    
 BIC { p(~effort)Psi(~pctex21 + pctBrBnk + pctShade + HAiFLS_for) } = 174.42505                    
 Pearson Chisquare { p(~effort)Psi(~pctex21 + pctBrBnk + pctShade + HAiFLS_for) } = 573.53761                  


 LOGIT Link Function Parameters of { p(~effort)Psi(~pctex21 + pctBrBnk + pctShade + HAiFLS_for) }
                                                              95% Confidence Interval
 Parameter                    Beta         Standard Error      Lower           Upper
 -------------------------  --------------  --------------  --------------  --------------
    1:p:(Intercept)          0.9473012       0.3718704       0.2184351       1.6761673    
    2:p:effort               1.1463736       0.5467293       0.0747841       2.2179632    
    3:Psi:(Intercept)       -0.9065269       0.6674623      -2.2147530       0.4016993    
    4:Psi:pctex21           -0.6813803       0.2585023      -1.1880448      -0.1747159    
    5:Psi:pctBrBnk          -0.7693106       0.6452013      -2.0339052       0.4952841    
    6:Psi:pctShade           0.0012750       0.0103524      -0.0190157       0.0215658    
    7:Psi:HAiFLS_for         0.0203844       0.0110840      -0.0013403       0.0421091    


 Real Function Parameters of { p(~effort)Psi(~pctex21 + pctBrBnk + pctShade + HAiFLS_for) }

      Following estimates based on unstandardized individual covariate values:
          Variable   Value         
          ---------  ------------- 
          EFFORT1    -0.7246373E-10
          EFFORT2    -0.1449268E-10
          EFFORT3     0.4347865E-11
          PCTEX21     4.8306834    
          PCTBRBNK    0.8740586    
          PCTSHADE    48.614931    
          HAIFLS_FOR  26.272482    
                                                               95% Confidence Interval
  Parameter                  Estimate       Standard Error      Lower           Upper
 --------------------------  --------------  --------------  --------------  --------------
     1:p g1 a0 t1             0.7205721       0.0748754       0.5543927       0.8423964                          
     2:p g1 a1 t2             0.7205721       0.0748754       0.5543927       0.8423964                          
     3:p g1 a2 t3             0.7205721       0.0748754       0.5543927       0.8423964                          
     4:Psi g1 a0 t1           0.0137490       0.0152387       0.0015382       0.1120179                          


                      Estimates of Derived Parameters
 Occupancy Estimates of { p(~effort)Psi(~pctex21 + pctBrBnk + pctShade + HAiFLS_for) }
                                            95% Confidence Interval
 Group   Psi-hat         Standard Error      Lower           Upper
 -----   --------------  --------------  --------------  --------------
   1      0.0137490       0.0152387       0.0015382       0.1120179    

  Program  MARK  - Survival Rate Estimation with Capture-Recapture Data
   gfortran(dble) Vers. 9.0 Mar 2018    10-Dec-2019 12:34:43    Page  004
 - - - - - - - - - - - - - - - - - - - - - - - - - - - - - - - - - - - - - -
 

   CPU Time for the last procedure was 0.09 seconds.     


  INPUT --- proc stop;

     CPU Time in minutes for this job was 0.00

     Time Start = 12:34:43.045   Time End = 12:34:43.217

     Wall Clock Time in minutes for this job was 0.00


          E X E C U T I O N   S U C C E S S F U L 
