
   Program  MARK  - Survival Rate Estimation with Capture-Recapture Data
   gfortran(dble) Vers. 9.0 Mar 2018     6-Dec-2019 14:35:18    Page  001
 - - - - - - - - - - - - - - - - - - - - - - - - - - - - - - - - - - - - - -
 
   This version was compiled by GCC version 7.2.0 using the options: 
     -cpp -iprefix C:/Program Files/mingw-w64/x86_64-7.2.0-posix-seh-rt_v5-rev1/
     mingw64/bin/../lib/gcc/x86_64-w64-mingw32/7.2.0/ -D_MT -D_REENTRANT
     -U_REENTRANT -D IEEE -D DBLEPRECISION -m64 -mtune=core2 -march=nocona -mthreads
     -O2 -fimplicit-none -fbounds-check -funroll-loops -ftree-vectorize
     -ffpe-summary=invalid,zero,overflow,underflow -fno-unsafe-math-optimizations
     -frounding-math -fsignaling-nans -fopenmp.

   This problem will use 7 of 8 possible threads.


  INPUT --- proc title ;

   CPU Time for the last procedure was 0.02 seconds.     


  INPUT --- proc chmatrix occasions= 3 groups= 1 etype= Occupancy 
  INPUT --- Nodes= 101 icovar = 5 ICMeans  NoHist hist= 138 ;

  INPUT ---    time interval 1 1 1 ;

  INPUT ---     icovariates pctex21 pctpool BRT_100m LWD pctBrBnk ;

  INPUT ---    glabel(1)=freq1;

      Number of unique encounter histories read was 138.

      Number of individual covariates read was 5.
      Time interval lengths are all equal to 1.

      Data type number is 27
      Data type is Occupancy Estimation with Detection < 1                                                             

   CPU Time for the last procedure was 0.01 seconds.     

  Program  MARK  - Survival Rate Estimation with Capture-Recapture Data
   gfortran(dble) Vers. 9.0 Mar 2018     6-Dec-2019 14:35:18    Page  002
 - - - - - - - - - - - - - - - - - - - - - - - - - - - - - - - - - - - - - -
 


  INPUT --- proc estimate link=Logit NOLOOP varest=2ndPart    ;


  INPUT --- model={ p(~1)Psi(~pctex21 + pctpool + BRT_100m + LWD + 
  INPUT --- pctBrBnk) };

  INPUT ---    group=1 p    rows=1 cols=3 Square ;
  INPUT ---        1 1 1 ;

  INPUT ---    group=1 Psi    rows=1 cols=1 Square ;
  INPUT ---        2 ;

  INPUT ---    design matrix constraints=2 covariates=7;
  INPUT ---        1 0 0 0 0 0 0;
  INPUT ---        0 1 pctex21 pctpool BRT_100m LWD pctBrBnk;
  INPUT ---       blabel(1)=p:(Intercept);
  INPUT ---       blabel(2)=Psi:(Intercept);
  INPUT ---       blabel(3)=Psi:pctex21;
  INPUT ---       blabel(4)=Psi:pctpool;
  INPUT ---       blabel(5)=Psi:BRT_100m;
  INPUT ---       blabel(6)=Psi:LWD;
  INPUT ---       blabel(7)=Psi:pctBrBnk;
  INPUT ---       rlabel(1)=p g1 a0 t1;
  INPUT ---       rlabel(2)=Psi g1 a0 t1;

 Link Function Used is LOGIT        

 Variance Estimation Procedure Used is 2ndPart 
 -2logL(saturated) = 0.0000000     
 Effective Sample Size = 138

 Number of function evaluations was 21 for 7 parameters.
 Time for numerical optimization was 0.08 seconds.     
 -2logL { p(~1)Psi(~pctex21 + pctpool + BRT_100m + LWD + pctBrBnk) } = 147.63980     
 Penalty { p(~1)Psi(~pctex21 + pctpool + BRT_100m + LWD + pctBrBnk) } = 0.0000000     
 Gradient { p(~1)Psi(~pctex21 + pctpool + BRT_100m + LWD + pctBrBnk) }:
  0.9787428E-06  0.9884084E-06 -0.1020076E-06  0.8125354E-06   0.000000    
  0.1264647E-05  0.5559797E-06
 Maximum ABS(G) { p(~1)Psi(~pctex21 + pctpool + BRT_100m + LWD + pctBrBnk) } = 0.1264647E-05 
 S Vector { p(~1)Psi(~pctex21 + pctpool + BRT_100m + LWD + pctBrBnk) }:
   16.09262      9.617666     0.6958442     0.5594167     0.4194464    
  0.2456666     0.1791029E-01
 Time to compute number of parameters was 0.14 seconds.     
 Ratio Threshold = 50.000000       Max Gap (2/3) = 13.821579       Next Max Gap (6/7) = 13.716500     
 Gap Method for Num. of Estimated Parameters { p(~1)Psi(~pctex21 + pctpool + BRT_100m + LWD + pctBrBnk) } = 7          
 Threshold { p(~1)Psi(~pctex21 + pctpool + BRT_100m + LWD + pctBrBnk) } = 0.2529295E-05                 
 Numerical Threshold Method for Num. of Estimated Parameters { p(~1)Psi(~pctex21 + pctpool + BRT_100m + LWD + pctBrBnk) } = 7          
 Number of Estimated Parameters { p(~1)Psi(~pctex21 + pctpool + BRT_100m + LWD + pctBrBnk) } = 7          
 DEVIANCE { p(~1)Psi(~pctex21 + pctpool + BRT_100m + LWD + pctBrBnk) } = 147.63980                     
 DEVIANCE Degrees of Freedom { p(~1)Psi(~pctex21 + pctpool + BRT_100m + LWD + pctBrBnk) } = 131            
 c-hat { p(~1)Psi(~pctex21 + pctpool + BRT_100m + LWD + pctBrBnk) } = 1.1270214                     
 AIC { p(~1)Psi(~pctex21 + pctpool + BRT_100m + LWD + pctBrBnk) } = 161.63980                  
 AICc { p(~1)Psi(~pctex21 + pctpool + BRT_100m + LWD + pctBrBnk) } = 162.50134                    
 BIC { p(~1)Psi(~pctex21 + pctpool + BRT_100m + LWD + pctBrBnk) } = 182.13057                    
 Pearson Chisquare { p(~1)Psi(~pctex21 + pctpool + BRT_100m + LWD + pctBrBnk) } = 1197.9660                  

  Program  MARK  - Survival Rate Estimation with Capture-Recapture Data
   gfortran(dble) Vers. 9.0 Mar 2018     6-Dec-2019 14:35:18    Page  003
 - - - - - - - - - - - - - - - - - - - - - - - - - - - - - - - - - - - - - -
 


 LOGIT Link Function Parameters of { p(~1)Psi(~pctex21 + pctpool + BRT_100m + LWD + pctBrBnk) }
                                                              95% Confidence Interval
 Parameter                    Beta         Standard Error      Lower           Upper
 -------------------------  --------------  --------------  --------------  --------------
    1:p:(Intercept)          0.9487741       0.3209167       0.3197774       1.5777708    
    2:Psi:(Intercept)       -0.9297172       0.6667723      -2.2365909       0.3771565    
    3:Psi:pctex21           -0.5714877       0.2410588      -1.0439629      -0.0990125    
    4:Psi:pctpool            0.0170198       0.0146882      -0.0117690       0.0458087    
    5:Psi:BRT_100m           0.0225655       0.0160681      -0.0089280       0.0540590    
    6:Psi:LWD               -0.5082059       1.3212158      -3.0977890       2.0813772    
    7:Psi:pctBrBnk          -0.7675606       0.6250612      -1.9926805       0.4575594    


 Real Function Parameters of { p(~1)Psi(~pctex21 + pctpool + BRT_100m + LWD + pctBrBnk) }

      Following estimates based on unstandardized individual covariate values:
          Variable   Value         
          ---------  ------------- 
          PCTEX21     4.8306834    
          PCTPOOL     25.664251    
          BRT_100M    6.7817616    
          LWD         0.2273503    
          PCTBRBNK    0.8740586    
                                                               95% Confidence Interval
  Parameter                  Estimate       Standard Error      Lower           Upper
 --------------------------  --------------  --------------  --------------  --------------
     1:p g1 a0 t1             0.7208686       0.0645739       0.5792700       0.8288886                          
     2:Psi g1 a0 t1           0.0200949       0.0204867       0.0026615       0.1361317                          


                      Estimates of Derived Parameters
 Occupancy Estimates of { p(~1)Psi(~pctex21 + pctpool + BRT_100m + LWD + pctBrBnk) }
                                            95% Confidence Interval
 Group   Psi-hat         Standard Error      Lower           Upper
 -----   --------------  --------------  --------------  --------------
   1      0.0200949       0.0204867       0.0026615       0.1361317    

   CPU Time for the last procedure was 0.22 seconds.     

  Program  MARK  - Survival Rate Estimation with Capture-Recapture Data
   gfortran(dble) Vers. 9.0 Mar 2018     6-Dec-2019 14:35:18    Page  004
 - - - - - - - - - - - - - - - - - - - - - - - - - - - - - - - - - - - - - -
 


  INPUT --- proc stop;

     CPU Time in minutes for this job was 0.00

     Time Start = 14:35:18.109   Time End = 14:35:18.506

     Wall Clock Time in minutes for this job was 0.01


          E X E C U T I O N   S U C C E S S F U L 
