
   Program  MARK  - Survival Rate Estimation with Capture-Recapture Data
   gfortran(dble) Vers. 9.0 Mar 2018     6-Dec-2019 14:35:04    Page  001
 - - - - - - - - - - - - - - - - - - - - - - - - - - - - - - - - - - - - - -
 
   This version was compiled by GCC version 7.2.0 using the options: 
     -cpp -iprefix C:/Program Files/mingw-w64/x86_64-7.2.0-posix-seh-rt_v5-rev1/
     mingw64/bin/../lib/gcc/x86_64-w64-mingw32/7.2.0/ -D_MT -D_REENTRANT
     -U_REENTRANT -D IEEE -D DBLEPRECISION -m64 -mtune=core2 -march=nocona -mthreads
     -O2 -fimplicit-none -fbounds-check -funroll-loops -ftree-vectorize
     -ffpe-summary=invalid,zero,overflow,underflow -fno-unsafe-math-optimizations
     -frounding-math -fsignaling-nans -fopenmp.

   This problem will use 7 of 8 possible threads.


  INPUT --- proc title ;

   CPU Time for the last procedure was 0.01 seconds.     


  INPUT --- proc chmatrix occasions= 3 groups= 1 etype= Occupancy 
  INPUT --- Nodes= 101 icovar = 3 ICMeans  NoHist hist= 138 ;

  INPUT ---    time interval 1 1 1 ;

  INPUT ---     icovariates pctex21 LWD pctBrBnk ;

  INPUT ---    glabel(1)=freq1;

      Number of unique encounter histories read was 138.

      Number of individual covariates read was 3.
      Time interval lengths are all equal to 1.

      Data type number is 27
      Data type is Occupancy Estimation with Detection < 1                                                             

   CPU Time for the last procedure was 0.01 seconds.     

  Program  MARK  - Survival Rate Estimation with Capture-Recapture Data
   gfortran(dble) Vers. 9.0 Mar 2018     6-Dec-2019 14:35:04    Page  002
 - - - - - - - - - - - - - - - - - - - - - - - - - - - - - - - - - - - - - -
 


  INPUT --- proc estimate link=Logit NOLOOP varest=2ndPart    ;


  INPUT --- model={ p(~1)Psi(~pctex21 + LWD + pctBrBnk) };

  INPUT ---    group=1 p    rows=1 cols=3 Square ;
  INPUT ---        1 1 1 ;

  INPUT ---    group=1 Psi    rows=1 cols=1 Square ;
  INPUT ---        2 ;

  INPUT ---    design matrix constraints=2 covariates=5;
  INPUT ---        1 0 0 0 0;
  INPUT ---        0 1 pctex21 LWD pctBrBnk;
  INPUT ---       blabel(1)=p:(Intercept);
  INPUT ---       blabel(2)=Psi:(Intercept);
  INPUT ---       blabel(3)=Psi:pctex21;
  INPUT ---       blabel(4)=Psi:LWD;
  INPUT ---       blabel(5)=Psi:pctBrBnk;
  INPUT ---       rlabel(1)=p g1 a0 t1;
  INPUT ---       rlabel(2)=Psi g1 a0 t1;

 Link Function Used is LOGIT        

 Variance Estimation Procedure Used is 2ndPart 
 -2logL(saturated) = 0.0000000     
 Effective Sample Size = 138

 Number of function evaluations was 21 for 5 parameters.
 Time for numerical optimization was 0.02 seconds.     
 -2logL { p(~1)Psi(~pctex21 + LWD + pctBrBnk) } = 151.28485     
 Penalty { p(~1)Psi(~pctex21 + LWD + pctBrBnk) } = 0.0000000     
 Gradient { p(~1)Psi(~pctex21 + LWD + pctBrBnk) }:
   0.000000      0.3088833E-05  0.1032796E-06  0.2687787E-05  0.1097227E-05
 Maximum ABS(G) { p(~1)Psi(~pctex21 + LWD + pctBrBnk) } = 0.3088833E-05 
 S Vector { p(~1)Psi(~pctex21 + LWD + pctBrBnk) }:
   14.85179      9.612276     0.6219032     0.2793317     0.2017719E-01
 Time to compute number of parameters was 0.05 seconds.     
 Ratio Threshold = 50.000000       Max Gap (2/3) = 15.456227       Next Max Gap (4/5) = 13.843932     
 Gap Method for Num. of Estimated Parameters { p(~1)Psi(~pctex21 + LWD + pctBrBnk) } = 5          
 Threshold { p(~1)Psi(~pctex21 + LWD + pctBrBnk) } = 0.6177667E-05                 
 Numerical Threshold Method for Num. of Estimated Parameters { p(~1)Psi(~pctex21 + LWD + pctBrBnk) } = 5          
 Number of Estimated Parameters { p(~1)Psi(~pctex21 + LWD + pctBrBnk) } = 5          
 DEVIANCE { p(~1)Psi(~pctex21 + LWD + pctBrBnk) } = 151.28485                     
 DEVIANCE Degrees of Freedom { p(~1)Psi(~pctex21 + LWD + pctBrBnk) } = 133            
 c-hat { p(~1)Psi(~pctex21 + LWD + pctBrBnk) } = 1.1374801                     
 AIC { p(~1)Psi(~pctex21 + LWD + pctBrBnk) } = 161.28485                  
 AICc { p(~1)Psi(~pctex21 + LWD + pctBrBnk) } = 161.73940                    
 BIC { p(~1)Psi(~pctex21 + LWD + pctBrBnk) } = 175.92112                    
 Pearson Chisquare { p(~1)Psi(~pctex21 + LWD + pctBrBnk) } = 1253.4750                  


           LOGIT Link Function Parameters of { p(~1)Psi(~pctex21 + LWD + pctBrBnk) }
                                                              95% Confidence Interval
 Parameter                    Beta         Standard Error      Lower           Upper
 -------------------------  --------------  --------------  --------------  --------------

  Program  MARK  - Survival Rate Estimation with Capture-Recapture Data
   gfortran(dble) Vers. 9.0 Mar 2018     6-Dec-2019 14:35:04    Page  003
 - - - - - - - - - - - - - - - - - - - - - - - - - - - - - - - - - - - - - -
 
    1:p:(Intercept)          0.9493895       0.3207230       0.3207724       1.5780067    
    2:Psi:(Intercept)       -0.2349962       0.5119250      -1.2383692       0.7683768    
    3:Psi:pctex21           -0.5640517       0.2271358      -1.0092378      -0.1188655    
    4:Psi:LWD               -0.4192705       1.2486003      -2.8665271       2.0279862    
    5:Psi:pctBrBnk          -0.7821070       0.5923438      -1.9431009       0.3788869    


           Real Function Parameters of { p(~1)Psi(~pctex21 + LWD + pctBrBnk) }

      Following estimates based on unstandardized individual covariate values:
          Variable   Value         
          ---------  ------------- 
          PCTEX21     4.8306834    
          LWD         0.2273503    
          PCTBRBNK    0.8740586    
                                                               95% Confidence Interval
  Parameter                  Estimate       Standard Error      Lower           Upper
 --------------------------  --------------  --------------  --------------  --------------
     1:p g1 a0 t1             0.7209924       0.0645174       0.5795125       0.8289220                          
     2:Psi g1 a0 t1           0.0232329       0.0221872       0.0034878       0.1391492                          


                      Estimates of Derived Parameters
      Occupancy Estimates of { p(~1)Psi(~pctex21 + LWD + pctBrBnk) }
                                            95% Confidence Interval
 Group   Psi-hat         Standard Error      Lower           Upper
 -----   --------------  --------------  --------------  --------------
   1      0.0232329       0.0221872       0.0034878       0.1391492    

   CPU Time for the last procedure was 0.06 seconds.     

  Program  MARK  - Survival Rate Estimation with Capture-Recapture Data
   gfortran(dble) Vers. 9.0 Mar 2018     6-Dec-2019 14:35:04    Page  004
 - - - - - - - - - - - - - - - - - - - - - - - - - - - - - - - - - - - - - -
 


  INPUT --- proc stop;

     CPU Time in minutes for this job was 0.00

     Time Start = 14:35:04.648   Time End = 14:35:04.801

     Wall Clock Time in minutes for this job was 0.00


          E X E C U T I O N   S U C C E S S F U L 
