
   Program  MARK  - Survival Rate Estimation with Capture-Recapture Data
   gfortran(dble) Vers. 9.0 Mar 2018    10-Dec-2019 12:35:03    Page  001
 - - - - - - - - - - - - - - - - - - - - - - - - - - - - - - - - - - - - - -
 
   This version was compiled by GCC version 7.2.0 using the options: 
     -cpp -iprefix C:/Program Files/mingw-w64/x86_64-7.2.0-posix-seh-rt_v5-rev1/
     mingw64/bin/../lib/gcc/x86_64-w64-mingw32/7.2.0/ -D_MT -D_REENTRANT
     -U_REENTRANT -D IEEE -D DBLEPRECISION -m64 -mtune=core2 -march=nocona -mthreads
     -O2 -fimplicit-none -fbounds-check -funroll-loops -ftree-vectorize
     -ffpe-summary=invalid,zero,overflow,underflow -fno-unsafe-math-optimizations
     -frounding-math -fsignaling-nans -fopenmp.

   This problem will use 7 of 8 possible threads.


  INPUT --- proc title ;

   CPU Time for the last procedure was 0.02 seconds.     


  INPUT --- proc chmatrix occasions= 3 groups= 1 etype= Occupancy 
  INPUT --- Nodes= 101 icovar = 6 ICMeans  NoHist hist= 138 ;

  INPUT ---    time interval 1 1 1 ;

  INPUT ---     icovariates effort1 effort2 effort3 pctex21 pctrock  
  INPUT ---    HAiFLS_for ;

  INPUT ---    glabel(1)=freq1;

      Number of unique encounter histories read was 138.

      Number of individual covariates read was 6.
      Time interval lengths are all equal to 1.

      Data type number is 27
      Data type is Occupancy Estimation with Detection < 1                                                             

   CPU Time for the last procedure was 0.01 seconds.     

  Program  MARK  - Survival Rate Estimation with Capture-Recapture Data
   gfortran(dble) Vers. 9.0 Mar 2018    10-Dec-2019 12:35:03    Page  002
 - - - - - - - - - - - - - - - - - - - - - - - - - - - - - - - - - - - - - -
 


  INPUT --- proc estimate link=Logit NOLOOP varest=2ndPart    ;


  INPUT --- model={ p(~effort)Psi(~pctex21 + pctrock + HAiFLS_for) };

  INPUT ---    group=1 p    rows=1 cols=3 Square ;
  INPUT ---        1 2 3 ;

  INPUT ---    group=1 Psi    rows=1 cols=1 Square ;
  INPUT ---        4 ;

  INPUT ---    design matrix constraints=4 covariates=6;
  INPUT ---        1 effort1 0 0 0 0;
  INPUT ---        1 effort2 0 0 0 0;
  INPUT ---        1 effort3 0 0 0 0;
  INPUT ---        0 0 1 pctex21 pctrock HAiFLS_for;
  INPUT ---       blabel(1)=p:(Intercept);
  INPUT ---       blabel(2)=p:effort;
  INPUT ---       blabel(3)=Psi:(Intercept);
  INPUT ---       blabel(4)=Psi:pctex21;
  INPUT ---       blabel(5)=Psi:pctrock;
  INPUT ---       blabel(6)=Psi:HAiFLS_for;
  INPUT ---       rlabel(1)=p g1 a0 t1;
  INPUT ---       rlabel(2)=p g1 a1 t2;
  INPUT ---       rlabel(3)=p g1 a2 t3;
  INPUT ---       rlabel(4)=Psi g1 a0 t1;

 Link Function Used is LOGIT        

 Variance Estimation Procedure Used is 2ndPart 
 -2logL(saturated) = 0.0000000     
 Effective Sample Size = 138

 Number of function evaluations was 21 for 6 parameters.
 Time for numerical optimization was 0.02 seconds.     
 -2logL { p(~effort)Psi(~pctex21 + pctrock + HAiFLS_for) } = 140.71158     
 Penalty { p(~effort)Psi(~pctex21 + pctrock + HAiFLS_for) } = 0.0000000     
 Gradient { p(~effort)Psi(~pctex21 + pctrock + HAiFLS_for) }:
  0.9729168E-06   0.000000     -0.6101915E-06  0.7881279E-07   0.000000    
  0.6174721E-06
 Maximum ABS(G) { p(~effort)Psi(~pctex21 + pctrock + HAiFLS_for) } = 0.9729168E-06 
 S Vector { p(~effort)Psi(~pctex21 + pctrock + HAiFLS_for) }:
   21.39711      7.683844     0.9890131     0.4360294     0.1634104    
  0.1576786E-01
 Time to compute number of parameters was 0.01 seconds.     
 Ratio Threshold = 50.000000       Max Gap (5/6) = 10.363514       Next Max Gap (2/3) = 7.7692032     
 Gap Method for Num. of Estimated Parameters { p(~effort)Psi(~pctex21 + pctrock + HAiFLS_for) } = 6          
 Threshold { p(~effort)Psi(~pctex21 + pctrock + HAiFLS_for) } = 0.1945834E-05                 
 Numerical Threshold Method for Num. of Estimated Parameters { p(~effort)Psi(~pctex21 + pctrock + HAiFLS_for) } = 6          
 Number of Estimated Parameters { p(~effort)Psi(~pctex21 + pctrock + HAiFLS_for) } = 6          
 DEVIANCE { p(~effort)Psi(~pctex21 + pctrock + HAiFLS_for) } = 140.71158                     
 DEVIANCE Degrees of Freedom { p(~effort)Psi(~pctex21 + pctrock + HAiFLS_for) } = 132            
 c-hat { p(~effort)Psi(~pctex21 + pctrock + HAiFLS_for) } = 1.0659968                     
 AIC { p(~effort)Psi(~pctex21 + pctrock + HAiFLS_for) } = 152.71158                  
 AICc { p(~effort)Psi(~pctex21 + pctrock + HAiFLS_for) } = 153.35280                    
 BIC { p(~effort)Psi(~pctex21 + pctrock + HAiFLS_for) } = 170.27511                    
 Pearson Chisquare { p(~effort)Psi(~pctex21 + pctrock + HAiFLS_for) } = 570.45416                  

  Program  MARK  - Survival Rate Estimation with Capture-Recapture Data
   gfortran(dble) Vers. 9.0 Mar 2018    10-Dec-2019 12:35:03    Page  003
 - - - - - - - - - - - - - - - - - - - - - - - - - - - - - - - - - - - - - -
 


      LOGIT Link Function Parameters of { p(~effort)Psi(~pctex21 + pctrock + HAiFLS_for) }
                                                              95% Confidence Interval
 Parameter                    Beta         Standard Error      Lower           Upper
 -------------------------  --------------  --------------  --------------  --------------
    1:p:(Intercept)          0.9604437       0.3685634       0.2380594       1.6828280    
    2:p:effort               1.1148578       0.5359904       0.0643166       2.1653990    
    3:Psi:(Intercept)       -2.1258198       0.9625135      -4.0123462      -0.2392934    
    4:Psi:pctex21           -0.7491815       0.2569351      -1.2527743      -0.2455887    
    5:Psi:pctrock            0.0110080       0.0122898      -0.0130799       0.0350960    
    6:Psi:HAiFLS_for         0.0209145       0.0101044       0.0011099       0.0407190    


      Real Function Parameters of { p(~effort)Psi(~pctex21 + pctrock + HAiFLS_for) }

      Following estimates based on unstandardized individual covariate values:
          Variable   Value         
          ---------  ------------- 
          EFFORT1    -0.7246373E-10
          EFFORT2    -0.1449268E-10
          EFFORT3     0.4347865E-11
          PCTEX21     4.8306834    
          PCTROCK     68.678238    
          HAIFLS_FOR  26.272482    
                                                               95% Confidence Interval
  Parameter                  Estimate       Standard Error      Lower           Upper
 --------------------------  --------------  --------------  --------------  --------------
     1:p g1 a0 t1             0.7232106       0.0737779       0.5592354       0.8432786                          
     2:p g1 a1 t2             0.7232106       0.0737779       0.5592354       0.8432786                          
     3:p g1 a2 t3             0.7232106       0.0737779       0.5592354       0.8432786                          
     4:Psi g1 a0 t1           0.0116654       0.0131452       0.0012616       0.0993293                          


                      Estimates of Derived Parameters
 Occupancy Estimates of { p(~effort)Psi(~pctex21 + pctrock + HAiFLS_for) }
                                            95% Confidence Interval
 Group   Psi-hat         Standard Error      Lower           Upper
 -----   --------------  --------------  --------------  --------------
   1      0.0116654       0.0131452       0.0012616       0.0993293    

   CPU Time for the last procedure was 0.02 seconds.     

  Program  MARK  - Survival Rate Estimation with Capture-Recapture Data
   gfortran(dble) Vers. 9.0 Mar 2018    10-Dec-2019 12:35:03    Page  004
 - - - - - - - - - - - - - - - - - - - - - - - - - - - - - - - - - - - - - -
 


  INPUT --- proc stop;

     CPU Time in minutes for this job was 0.00

     Time Start = 12:35:03.738   Time End = 12:35:03.915

     Wall Clock Time in minutes for this job was 0.00


          E X E C U T I O N   S U C C E S S F U L 
