
   Program  MARK  - Survival Rate Estimation with Capture-Recapture Data
   gfortran(dble) Vers. 9.0 Mar 2018     6-Dec-2019 14:35:28    Page  001
 - - - - - - - - - - - - - - - - - - - - - - - - - - - - - - - - - - - - - -
 
   This version was compiled by GCC version 7.2.0 using the options: 
     -cpp -iprefix C:/Program Files/mingw-w64/x86_64-7.2.0-posix-seh-rt_v5-rev1/
     mingw64/bin/../lib/gcc/x86_64-w64-mingw32/7.2.0/ -D_MT -D_REENTRANT
     -U_REENTRANT -D IEEE -D DBLEPRECISION -m64 -mtune=core2 -march=nocona -mthreads
     -O2 -fimplicit-none -fbounds-check -funroll-loops -ftree-vectorize
     -ffpe-summary=invalid,zero,overflow,underflow -fno-unsafe-math-optimizations
     -frounding-math -fsignaling-nans -fopenmp.

   This problem will use 7 of 8 possible threads.


  INPUT --- proc title ;

   CPU Time for the last procedure was 0.01 seconds.     


  INPUT --- proc chmatrix occasions= 3 groups= 1 etype= Occupancy 
  INPUT --- Nodes= 101 icovar = 5 ICMeans  NoHist hist= 138 ;

  INPUT ---    time interval 1 1 1 ;

  INPUT ---     icovariates effort1 effort2 effort3 pctex21 pctBrBnk ;

  INPUT ---    glabel(1)=freq1;

      Number of unique encounter histories read was 138.

      Number of individual covariates read was 5.
      Time interval lengths are all equal to 1.

      Data type number is 27
      Data type is Occupancy Estimation with Detection < 1                                                             

   CPU Time for the last procedure was 0.01 seconds.     

  Program  MARK  - Survival Rate Estimation with Capture-Recapture Data
   gfortran(dble) Vers. 9.0 Mar 2018     6-Dec-2019 14:35:28    Page  002
 - - - - - - - - - - - - - - - - - - - - - - - - - - - - - - - - - - - - - -
 


  INPUT --- proc estimate link=Logit NOLOOP varest=2ndPart    ;


  INPUT --- model={ p(~effort)Psi(~pctex21 + pctBrBnk) };

  INPUT ---    group=1 p    rows=1 cols=3 Square ;
  INPUT ---        1 2 3 ;

  INPUT ---    group=1 Psi    rows=1 cols=1 Square ;
  INPUT ---        4 ;

  INPUT ---    design matrix constraints=4 covariates=5;
  INPUT ---        1 effort1 0 0 0;
  INPUT ---        1 effort2 0 0 0;
  INPUT ---        1 effort3 0 0 0;
  INPUT ---        0 0 1 pctex21 pctBrBnk;
  INPUT ---       blabel(1)=p:(Intercept);
  INPUT ---       blabel(2)=p:effort;
  INPUT ---       blabel(3)=Psi:(Intercept);
  INPUT ---       blabel(4)=Psi:pctex21;
  INPUT ---       blabel(5)=Psi:pctBrBnk;
  INPUT ---       rlabel(1)=p g1 a0 t1;
  INPUT ---       rlabel(2)=p g1 a1 t2;
  INPUT ---       rlabel(3)=p g1 a2 t3;
  INPUT ---       rlabel(4)=Psi g1 a0 t1;

 Link Function Used is LOGIT        

 Variance Estimation Procedure Used is 2ndPart 
 -2logL(saturated) = 0.0000000     
 Effective Sample Size = 138

 Number of function evaluations was 24 for 5 parameters.
 Time for numerical optimization was 0.05 seconds.     
 -2logL { p(~effort)Psi(~pctex21 + pctBrBnk) } = 144.51060     
 Penalty { p(~effort)Psi(~pctex21 + pctBrBnk) } = 0.0000000     
 Gradient { p(~effort)Psi(~pctex21 + pctBrBnk) }:
   0.000000       0.000000      0.1614779E-05  0.2011782E-06   0.000000    
 Maximum ABS(G) { p(~effort)Psi(~pctex21 + pctBrBnk) } = 0.1614779E-05 
 S Vector { p(~effort)Psi(~pctex21 + pctBrBnk) }:
   14.40246      6.973551     0.2656773     0.1492001     0.1973716E-01
 Time to compute number of parameters was 0.01 seconds.     
 Ratio Threshold = 50.000000       Max Gap (2/3) = 26.248200       Next Max Gap (4/5) = 7.5593503     
 Gap Method for Num. of Estimated Parameters { p(~effort)Psi(~pctex21 + pctBrBnk) } = 5          
 Threshold { p(~effort)Psi(~pctex21 + pctBrBnk) } = 0.3229557E-05                 
 Numerical Threshold Method for Num. of Estimated Parameters { p(~effort)Psi(~pctex21 + pctBrBnk) } = 5          
 Number of Estimated Parameters { p(~effort)Psi(~pctex21 + pctBrBnk) } = 5          
 DEVIANCE { p(~effort)Psi(~pctex21 + pctBrBnk) } = 144.51060                     
 DEVIANCE Degrees of Freedom { p(~effort)Psi(~pctex21 + pctBrBnk) } = 133            
 c-hat { p(~effort)Psi(~pctex21 + pctBrBnk) } = 1.0865458                     
 AIC { p(~effort)Psi(~pctex21 + pctBrBnk) } = 154.51060                  
 AICc { p(~effort)Psi(~pctex21 + pctBrBnk) } = 154.96514                    
 BIC { p(~effort)Psi(~pctex21 + pctBrBnk) } = 169.14686                    
 Pearson Chisquare { p(~effort)Psi(~pctex21 + pctBrBnk) } = 766.85162                  

  Program  MARK  - Survival Rate Estimation with Capture-Recapture Data
   gfortran(dble) Vers. 9.0 Mar 2018     6-Dec-2019 14:35:28    Page  003
 - - - - - - - - - - - - - - - - - - - - - - - - - - - - - - - - - - - - - -
 


            LOGIT Link Function Parameters of { p(~effort)Psi(~pctex21 + pctBrBnk) }
                                                              95% Confidence Interval
 Parameter                    Beta         Standard Error      Lower           Upper
 -------------------------  --------------  --------------  --------------  --------------
    1:p:(Intercept)          0.9330049       0.3756762       0.1966796       1.6693303    
    2:p:effort               1.1815521       0.5593545       0.0852173       2.2778869    
    3:Psi:(Intercept)       -0.1811827       0.5004532      -1.1620709       0.7997055    
    4:Psi:pctex21           -0.5800024       0.2296369      -1.0300908      -0.1299140    
    5:Psi:pctBrBnk          -0.8515412       0.6088360      -2.0448597       0.3417773    


            Real Function Parameters of { p(~effort)Psi(~pctex21 + pctBrBnk) }

      Following estimates based on unstandardized individual covariate values:
          Variable   Value         
          ---------  ------------- 
          EFFORT1    -0.7246373E-10
          EFFORT2    -0.1449268E-10
          EFFORT3     0.4347865E-11
          PCTEX21     4.8306834    
          PCTBRBNK    0.8740586    
                                                               95% Confidence Interval
  Parameter                  Estimate       Standard Error      Lower           Upper
 --------------------------  --------------  --------------  --------------  --------------
     1:p g1 a0 t1             0.7176845       0.0761170       0.5490120       0.8414865                          
     2:p g1 a1 t2             0.7176845       0.0761170       0.5490120       0.8414865                          
     3:p g1 a2 t3             0.7176845       0.0761170       0.5490120       0.8414865                          
     4:Psi g1 a0 t1           0.0234928       0.0225826       0.0034819       0.1421070                          


                      Estimates of Derived Parameters
      Occupancy Estimates of { p(~effort)Psi(~pctex21 + pctBrBnk) }
                                            95% Confidence Interval
 Group   Psi-hat         Standard Error      Lower           Upper
 -----   --------------  --------------  --------------  --------------
   1      0.0234928       0.0225826       0.0034819       0.1421070    

   CPU Time for the last procedure was 0.05 seconds.     

  Program  MARK  - Survival Rate Estimation with Capture-Recapture Data
   gfortran(dble) Vers. 9.0 Mar 2018     6-Dec-2019 14:35:28    Page  004
 - - - - - - - - - - - - - - - - - - - - - - - - - - - - - - - - - - - - - -
 


  INPUT --- proc stop;

     CPU Time in minutes for this job was 0.00

     Time Start = 14:35:28.007   Time End = 14:35:28.163

     Wall Clock Time in minutes for this job was 0.00


          E X E C U T I O N   S U C C E S S F U L 
