
   Program  MARK  - Survival Rate Estimation with Capture-Recapture Data
   gfortran(dble) Vers. 9.0 Mar 2018     6-Dec-2019 14:35:10    Page  001
 - - - - - - - - - - - - - - - - - - - - - - - - - - - - - - - - - - - - - -
 
   This version was compiled by GCC version 7.2.0 using the options: 
     -cpp -iprefix C:/Program Files/mingw-w64/x86_64-7.2.0-posix-seh-rt_v5-rev1/
     mingw64/bin/../lib/gcc/x86_64-w64-mingw32/7.2.0/ -D_MT -D_REENTRANT
     -U_REENTRANT -D IEEE -D DBLEPRECISION -m64 -mtune=core2 -march=nocona -mthreads
     -O2 -fimplicit-none -fbounds-check -funroll-loops -ftree-vectorize
     -ffpe-summary=invalid,zero,overflow,underflow -fno-unsafe-math-optimizations
     -frounding-math -fsignaling-nans -fopenmp.

   This problem will use 7 of 8 possible threads.


  INPUT --- proc title ;

   CPU Time for the last procedure was 0.01 seconds.     


  INPUT --- proc chmatrix occasions= 3 groups= 1 etype= Occupancy 
  INPUT --- Nodes= 101 icovar = 8 ICMeans  NoHist hist= 138 ;

  INPUT ---    time interval 1 1 1 ;

  INPUT ---     icovariates effort1 effort2 effort3 pctex21 pctpool  
  INPUT ---    pctrock BRT_100m pctShade ;

  INPUT ---    glabel(1)=freq1;

      Number of unique encounter histories read was 138.

      Number of individual covariates read was 8.
      Time interval lengths are all equal to 1.

      Data type number is 27
      Data type is Occupancy Estimation with Detection < 1                                                             

   CPU Time for the last procedure was 0.02 seconds.     

  Program  MARK  - Survival Rate Estimation with Capture-Recapture Data
   gfortran(dble) Vers. 9.0 Mar 2018     6-Dec-2019 14:35:10    Page  002
 - - - - - - - - - - - - - - - - - - - - - - - - - - - - - - - - - - - - - -
 


  INPUT --- proc estimate link=Logit NOLOOP varest=2ndPart    ;


  INPUT --- model={ p(~effort)Psi(~pctex21 + pctpool + pctrock + 
  INPUT --- BRT_100m + pctShade) };

  INPUT ---    group=1 p    rows=1 cols=3 Square ;
  INPUT ---        1 2 3 ;

  INPUT ---    group=1 Psi    rows=1 cols=1 Square ;
  INPUT ---        4 ;

  INPUT ---    design matrix constraints=4 covariates=8;
  INPUT ---        1 effort1 0 0 0 0 0 0;
  INPUT ---        1 effort2 0 0 0 0 0 0;
  INPUT ---        1 effort3 0 0 0 0 0 0;
  INPUT ---        0 0 1 pctex21 pctpool pctrock BRT_100m pctShade;
  INPUT ---       blabel(1)=p:(Intercept);
  INPUT ---       blabel(2)=p:effort;
  INPUT ---       blabel(3)=Psi:(Intercept);
  INPUT ---       blabel(4)=Psi:pctex21;
  INPUT ---       blabel(5)=Psi:pctpool;
  INPUT ---       blabel(6)=Psi:pctrock;
  INPUT ---       blabel(7)=Psi:BRT_100m;
  INPUT ---       blabel(8)=Psi:pctShade;
  INPUT ---       rlabel(1)=p g1 a0 t1;
  INPUT ---       rlabel(2)=p g1 a1 t2;
  INPUT ---       rlabel(3)=p g1 a2 t3;
  INPUT ---       rlabel(4)=Psi g1 a0 t1;

 Link Function Used is LOGIT        

 Variance Estimation Procedure Used is 2ndPart 
 -2logL(saturated) = 0.0000000     
 Effective Sample Size = 138

 Number of function evaluations was 26 for 8 parameters.
 Time for numerical optimization was 0.11 seconds.     
 -2logL { p(~effort)Psi(~pctex21 + pctpool + pctrock + BRT_100m + pctShade) } = 141.92440     
 Penalty { p(~effort)Psi(~pctex21 + pctpool + pctrock + BRT_100m + pctShade) } = 0.0000000     
 Gradient { p(~effort)Psi(~pctex21 + pctpool + pctrock + BRT_100m + pctShade) }:
 -0.1920186E-05 -0.3239012E-06  0.1069027E-05 -0.8923272E-07 -0.7456501E-06
  0.2322907E-05  0.6954923E-06   0.000000    
 Maximum ABS(G) { p(~effort)Psi(~pctex21 + pctpool + pctrock + BRT_100m + pctShade) } = 0.2322907E-05 

  Program  MARK  - Survival Rate Estimation with Capture-Recapture Data
   gfortran(dble) Vers. 9.0 Mar 2018     6-Dec-2019 14:35:10    Page  003
 - - - - - - - - - - - - - - - - - - - - - - - - - - - - - - - - - - - - - -
 
 S Vector { p(~effort)Psi(~pctex21 + pctpool + pctrock + BRT_100m + pctShade) }:
   25.25092      8.155522      1.016832     0.8797089     0.4493149    
  0.2119802     0.1726809     0.1759085E-01
 Time to compute number of parameters was 0.01 seconds.     
 Ratio Threshold = 50.000000       Max Gap (7/8) = 9.8165193       Next Max Gap (2/3) = 8.0205190     
 Gap Method for Num. of Estimated Parameters { p(~effort)Psi(~pctex21 + pctpool + pctrock + BRT_100m + pctShade) } = 8          
 Threshold { p(~effort)Psi(~pctex21 + pctpool + pctrock + BRT_100m + pctShade) } = 0.4645814E-05                 
 Numerical Threshold Method for Num. of Estimated Parameters { p(~effort)Psi(~pctex21 + pctpool + pctrock + BRT_100m + pctShade) } = 8          
 Number of Estimated Parameters { p(~effort)Psi(~pctex21 + pctpool + pctrock + BRT_100m + pctShade) } = 8          
 DEVIANCE { p(~effort)Psi(~pctex21 + pctpool + pctrock + BRT_100m + pctShade) } = 141.92440                     
 DEVIANCE Degrees of Freedom { p(~effort)Psi(~pctex21 + pctpool + pctrock + BRT_100m + pctShade) } = 130            
 c-hat { p(~effort)Psi(~pctex21 + pctpool + pctrock + BRT_100m + pctShade) } = 1.0917262                     
 AIC { p(~effort)Psi(~pctex21 + pctpool + pctrock + BRT_100m + pctShade) } = 157.92440                  
 AICc { p(~effort)Psi(~pctex21 + pctpool + pctrock + BRT_100m + pctShade) } = 159.04068                    
 BIC { p(~effort)Psi(~pctex21 + pctpool + pctrock + BRT_100m + pctShade) } = 181.34243                    
 Pearson Chisquare { p(~effort)Psi(~pctex21 + pctpool + pctrock + BRT_100m + pctShade) } = 673.92499                  


 LOGIT Link Function Parameters of { p(~effort)Psi(~pctex21 + pctpool + pctrock + BRT_100m + pctShade) }
                                                              95% Confidence Interval
 Parameter                    Beta         Standard Error      Lower           Upper
 -------------------------  --------------  --------------  --------------  --------------
    1:p:(Intercept)          0.9866293       0.3631643       0.2748273       1.6984313    
    2:p:effort               1.0593705       0.5203246       0.0395342       2.0792068    
    3:Psi:(Intercept)       -2.5683842       1.2281113      -4.9754823      -0.1612861    
    4:Psi:pctex21           -0.6579270       0.2433862      -1.1349639      -0.1808900    
    5:Psi:pctpool            0.0196796       0.0165026      -0.0126655       0.0520247    
    6:Psi:pctrock            0.0146331       0.0151758      -0.0151114       0.0443776    
    7:Psi:BRT_100m           0.0181234       0.0166929      -0.0145947       0.0508415    
    8:Psi:pctShade           0.0014062       0.0103682      -0.0189156       0.0217280    


 Real Function Parameters of { p(~effort)Psi(~pctex21 + pctpool + pctrock + BRT_100m + pctShade) }

      Following estimates based on unstandardized individual covariate values:
          Variable   Value         
          ---------  ------------- 
          EFFORT1    -0.7246373E-10
          EFFORT2    -0.1449268E-10
          EFFORT3     0.4347865E-11
          PCTEX21     4.8306834    
          PCTPOOL     25.664251    
          PCTROCK     68.678238    
          BRT_100M    6.7817616    
          PCTSHADE    48.614931    
                                                               95% Confidence Interval
  Parameter                  Estimate       Standard Error      Lower           Upper
 --------------------------  --------------  --------------  --------------  --------------
     1:p g1 a0 t1             0.7284216       0.0718424       0.5682776       0.8453297                          
     2:p g1 a1 t2             0.7284216       0.0718424       0.5682776       0.8453297                          
     3:p g1 a2 t3             0.7284216       0.0718424       0.5682776       0.8453297                          
     4:Psi g1 a0 t1           0.0172031       0.0179253       0.0021863       0.1226804                          


                      Estimates of Derived Parameters
 Occupancy Estimates of { p(~effort)Psi(~pctex21 + pctpool + pctrock + BRT_100m + pctShade) }
                                            95% Confidence Interval
 Group   Psi-hat         Standard Error      Lower           Upper
 -----   --------------  --------------  --------------  --------------

  Program  MARK  - Survival Rate Estimation with Capture-Recapture Data
   gfortran(dble) Vers. 9.0 Mar 2018     6-Dec-2019 14:35:10    Page  004
 - - - - - - - - - - - - - - - - - - - - - - - - - - - - - - - - - - - - - -
 
   1      0.0172031       0.0179253       0.0021863       0.1226804    

   CPU Time for the last procedure was 0.11 seconds.     


  INPUT --- proc stop;

     CPU Time in minutes for this job was 0.00

     Time Start = 14:35:10.433   Time End = 14:35:10.614

     Wall Clock Time in minutes for this job was 0.00


          E X E C U T I O N   S U C C E S S F U L 
