
   Program  MARK  - Survival Rate Estimation with Capture-Recapture Data
   gfortran(dble) Vers. 9.0 Mar 2018     4-Dec-2019 15:22:16    Page  001
 - - - - - - - - - - - - - - - - - - - - - - - - - - - - - - - - - - - - - -
 
   This version was compiled by GCC version 7.2.0 using the options: 
     -cpp -iprefix C:/Program Files/mingw-w64/x86_64-7.2.0-posix-seh-rt_v5-rev1/
     mingw64/bin/../lib/gcc/x86_64-w64-mingw32/7.2.0/ -D_MT -D_REENTRANT
     -U_REENTRANT -D IEEE -D DBLEPRECISION -m64 -mtune=core2 -march=nocona -mthreads
     -O2 -fimplicit-none -fbounds-check -funroll-loops -ftree-vectorize
     -ffpe-summary=invalid,zero,overflow,underflow -fno-unsafe-math-optimizations
     -frounding-math -fsignaling-nans -fopenmp.

   This problem will use 7 of 8 possible threads.


  INPUT --- proc title ;

   CPU Time for the last procedure was 0.01 seconds.     


  INPUT --- proc chmatrix occasions= 3 groups= 1 etype= Occupancy 
  INPUT --- Nodes= 101 icovar = 4 ICMeans  NoHist hist= 138 ;

  INPUT ---    time interval 1 1 1 ;

  INPUT ---     icovariates effort1 effort2 effort3 LWD ;

  INPUT ---    glabel(1)=freq1;

      Number of unique encounter histories read was 138.

      Number of individual covariates read was 4.
      Time interval lengths are all equal to 1.

      Data type number is 27
      Data type is Occupancy Estimation with Detection < 1                                                             

   CPU Time for the last procedure was 0.01 seconds.     

  Program  MARK  - Survival Rate Estimation with Capture-Recapture Data
   gfortran(dble) Vers. 9.0 Mar 2018     4-Dec-2019 15:22:16    Page  002
 - - - - - - - - - - - - - - - - - - - - - - - - - - - - - - - - - - - - - -
 


  INPUT --- proc estimate link=Logit NOLOOP varest=2ndPart    ;


  INPUT --- model={ p(~effort)Psi(~LWD) };

  INPUT ---    group=1 p    rows=1 cols=3 Square ;
  INPUT ---        1 2 3 ;

  INPUT ---    group=1 Psi    rows=1 cols=1 Square ;
  INPUT ---        4 ;

  INPUT ---    design matrix constraints=4 covariates=4;
  INPUT ---        1 effort1 0 0;
  INPUT ---        1 effort2 0 0;
  INPUT ---        1 effort3 0 0;
  INPUT ---        0 0 1 LWD;
  INPUT ---       blabel(1)=p:(Intercept);
  INPUT ---       blabel(2)=p:effort;
  INPUT ---       blabel(3)=Psi:(Intercept);
  INPUT ---       blabel(4)=Psi:LWD;
  INPUT ---       rlabel(1)=p g1 a0 t1;
  INPUT ---       rlabel(2)=p g1 a1 t2;
  INPUT ---       rlabel(3)=p g1 a2 t3;
  INPUT ---       rlabel(4)=Psi g1 a0 t1;

 Link Function Used is LOGIT        

 Variance Estimation Procedure Used is 2ndPart 
 -2logL(saturated) = 0.0000000     
 Effective Sample Size = 138

 Number of function evaluations was 15 for 4 parameters.
 Time for numerical optimization was 0.08 seconds.     
 -2logL { p(~effort)Psi(~LWD) } = 168.76618     
 Penalty { p(~effort)Psi(~LWD) } = 0.0000000     
 Gradient { p(~effort)Psi(~LWD) }:
  0.4813459E-05   0.000000      0.4101355E-05  0.1117544E-05
 Maximum ABS(G) { p(~effort)Psi(~LWD) } = 0.4813459E-05 
 S Vector { p(~effort)Psi(~LWD) }:
   16.42253      7.976248      1.165866     0.1726184    
 Time to compute number of parameters was 0.01 seconds.     
 Ratio Threshold = 50.000000       Max Gap (2/3) = 6.8414775       Next Max Gap (3/4) = 6.7540105     
 Gap Method for Num. of Estimated Parameters { p(~effort)Psi(~LWD) } = 4          
 Threshold { p(~effort)Psi(~LWD) } = 0.9626918E-05                 
 Numerical Threshold Method for Num. of Estimated Parameters { p(~effort)Psi(~LWD) } = 4          
 Number of Estimated Parameters { p(~effort)Psi(~LWD) } = 4          
 DEVIANCE { p(~effort)Psi(~LWD) } = 168.76618                     
 DEVIANCE Degrees of Freedom { p(~effort)Psi(~LWD) } = 134            
 c-hat { p(~effort)Psi(~LWD) } = 1.2594491                     
 AIC { p(~effort)Psi(~LWD) } = 176.76618                  
 AICc { p(~effort)Psi(~LWD) } = 177.06693                    
 BIC { p(~effort)Psi(~LWD) } = 188.47520                    
 Pearson Chisquare { p(~effort)Psi(~LWD) } = 900.58637                  

  Program  MARK  - Survival Rate Estimation with Capture-Recapture Data
   gfortran(dble) Vers. 9.0 Mar 2018     4-Dec-2019 15:22:16    Page  003
 - - - - - - - - - - - - - - - - - - - - - - - - - - - - - - - - - - - - - -
 


                   LOGIT Link Function Parameters of { p(~effort)Psi(~LWD) }
                                                              95% Confidence Interval
 Parameter                    Beta         Standard Error      Lower           Upper
 -------------------------  --------------  --------------  --------------  --------------
    1:p:(Intercept)          0.9812660       0.3649125       0.2660375       1.6964945    
    2:p:effort               1.0618675       0.5210709       0.0405685       2.0831664    
    3:Psi:(Intercept)       -1.7903197       0.2557418      -2.2915736      -1.2890658    
    4:Psi:LWD               -0.2103101       0.2754077      -0.7501093       0.3294891    


                   Real Function Parameters of { p(~effort)Psi(~LWD) }

      Following estimates based on unstandardized individual covariate values:
          Variable   Value         
          ---------  ------------- 
          EFFORT1    -0.7246373E-10
          EFFORT2    -0.1449268E-10
          EFFORT3     0.4347865E-11
          LWD        -0.2173913E-09
                                                               95% Confidence Interval
  Parameter                  Estimate       Standard Error      Lower           Upper
 --------------------------  --------------  --------------  --------------  --------------
     1:p g1 a0 t1             0.7273594       0.0723650       0.5661199       0.8450763                          
     2:p g1 a1 t2             0.7273594       0.0723650       0.5661199       0.8450763                          
     3:p g1 a2 t3             0.7273594       0.0723650       0.5661199       0.8450763                          
     4:Psi g1 a0 t1           0.1430335       0.0313475       0.0918232       0.2160110                          


                      Estimates of Derived Parameters
              Occupancy Estimates of { p(~effort)Psi(~LWD) }
                                            95% Confidence Interval
 Group   Psi-hat         Standard Error      Lower           Upper
 -----   --------------  --------------  --------------  --------------
   1      0.1430335       0.0313475       0.0918232       0.2160110    

   CPU Time for the last procedure was 0.08 seconds.     

  Program  MARK  - Survival Rate Estimation with Capture-Recapture Data
   gfortran(dble) Vers. 9.0 Mar 2018     4-Dec-2019 15:22:16    Page  004
 - - - - - - - - - - - - - - - - - - - - - - - - - - - - - - - - - - - - - -
 


  INPUT --- proc stop;

     CPU Time in minutes for this job was 0.00

     Time Start = 15:22:16.710   Time End = 15:22:16.805

     Wall Clock Time in minutes for this job was 0.00


          E X E C U T I O N   S U C C E S S F U L 
